[2024-08-29T19:48:00.994+0000] {processor.py:157} INFO - Started process (PID=49036) to work on /home/airflow-vm/data-engineer-batch-processing-financial-services/.venv/lib/python3.10/site-packages/airflow/example_dags/example_latest_only.py
[2024-08-29T19:48:00.995+0000] {processor.py:826} INFO - Processing file /home/airflow-vm/data-engineer-batch-processing-financial-services/.venv/lib/python3.10/site-packages/airflow/example_dags/example_latest_only.py for tasks to queue
[2024-08-29T19:48:00.995+0000] {logging_mixin.py:149} INFO - [2024-08-29T19:48:00.995+0000] {dagbag.py:541} INFO - Filling up the DagBag from /home/airflow-vm/data-engineer-batch-processing-financial-services/.venv/lib/python3.10/site-packages/airflow/example_dags/example_latest_only.py
[2024-08-29T19:48:01.003+0000] {processor.py:836} INFO - DAG(s) dict_keys(['latest_only']) retrieved from /home/airflow-vm/data-engineer-batch-processing-financial-services/.venv/lib/python3.10/site-packages/airflow/example_dags/example_latest_only.py
[2024-08-29T19:48:01.117+0000] {logging_mixin.py:149} INFO - [2024-08-29T19:48:01.116+0000] {manager.py:504} INFO - Created Permission View: can delete on DAG:latest_only
[2024-08-29T19:48:01.135+0000] {logging_mixin.py:149} INFO - [2024-08-29T19:48:01.135+0000] {manager.py:504} INFO - Created Permission View: can edit on DAG:latest_only
[2024-08-29T19:48:01.152+0000] {logging_mixin.py:149} INFO - [2024-08-29T19:48:01.152+0000] {manager.py:504} INFO - Created Permission View: can read on DAG:latest_only
[2024-08-29T19:48:01.153+0000] {logging_mixin.py:149} INFO - [2024-08-29T19:48:01.153+0000] {dag.py:2726} INFO - Sync 1 DAGs
[2024-08-29T19:48:01.163+0000] {logging_mixin.py:149} INFO - [2024-08-29T19:48:01.163+0000] {dag.py:2747} INFO - Creating ORM DAG for latest_only
[2024-08-29T19:48:01.171+0000] {logging_mixin.py:149} INFO - [2024-08-29T19:48:01.171+0000] {dag.py:3486} INFO - Setting next_dagrun for latest_only to 2024-08-29T15:48:01.171602+00:00, run_after=2024-08-29T19:48:01.171602+00:00
[2024-08-29T19:48:01.203+0000] {processor.py:179} INFO - Processing /home/airflow-vm/data-engineer-batch-processing-financial-services/.venv/lib/python3.10/site-packages/airflow/example_dags/example_latest_only.py took 0.211 seconds
[2024-08-29T19:48:50.457+0000] {processor.py:157} INFO - Started process (PID=49449) to work on /home/airflow-vm/data-engineer-batch-processing-financial-services/.venv/lib/python3.10/site-packages/airflow/example_dags/example_latest_only.py
[2024-08-29T19:48:50.458+0000] {processor.py:826} INFO - Processing file /home/airflow-vm/data-engineer-batch-processing-financial-services/.venv/lib/python3.10/site-packages/airflow/example_dags/example_latest_only.py for tasks to queue
[2024-08-29T19:48:50.459+0000] {logging_mixin.py:149} INFO - [2024-08-29T19:48:50.459+0000] {dagbag.py:541} INFO - Filling up the DagBag from /home/airflow-vm/data-engineer-batch-processing-financial-services/.venv/lib/python3.10/site-packages/airflow/example_dags/example_latest_only.py
[2024-08-29T19:48:50.464+0000] {processor.py:836} INFO - DAG(s) dict_keys(['latest_only']) retrieved from /home/airflow-vm/data-engineer-batch-processing-financial-services/.venv/lib/python3.10/site-packages/airflow/example_dags/example_latest_only.py
[2024-08-29T19:48:50.482+0000] {logging_mixin.py:149} INFO - [2024-08-29T19:48:50.482+0000] {dag.py:2726} INFO - Sync 1 DAGs
[2024-08-29T19:48:50.501+0000] {logging_mixin.py:149} INFO - [2024-08-29T19:48:50.501+0000] {dag.py:3486} INFO - Setting next_dagrun for latest_only to 2024-08-29T15:48:50.501200+00:00, run_after=2024-08-29T19:48:50.501200+00:00
[2024-08-29T19:48:50.532+0000] {processor.py:179} INFO - Processing /home/airflow-vm/data-engineer-batch-processing-financial-services/.venv/lib/python3.10/site-packages/airflow/example_dags/example_latest_only.py took 0.077 seconds
[2024-08-29T19:49:35.877+0000] {processor.py:157} INFO - Started process (PID=49656) to work on /home/airflow-vm/data-engineer-batch-processing-financial-services/.venv/lib/python3.10/site-packages/airflow/example_dags/example_latest_only.py
[2024-08-29T19:49:35.878+0000] {processor.py:826} INFO - Processing file /home/airflow-vm/data-engineer-batch-processing-financial-services/.venv/lib/python3.10/site-packages/airflow/example_dags/example_latest_only.py for tasks to queue
[2024-08-29T19:49:35.878+0000] {logging_mixin.py:149} INFO - [2024-08-29T19:49:35.878+0000] {dagbag.py:541} INFO - Filling up the DagBag from /home/airflow-vm/data-engineer-batch-processing-financial-services/.venv/lib/python3.10/site-packages/airflow/example_dags/example_latest_only.py
[2024-08-29T19:49:35.883+0000] {processor.py:836} INFO - DAG(s) dict_keys(['latest_only']) retrieved from /home/airflow-vm/data-engineer-batch-processing-financial-services/.venv/lib/python3.10/site-packages/airflow/example_dags/example_latest_only.py
[2024-08-29T19:49:35.900+0000] {logging_mixin.py:149} INFO - [2024-08-29T19:49:35.900+0000] {dag.py:2726} INFO - Sync 1 DAGs
[2024-08-29T19:49:35.920+0000] {logging_mixin.py:149} INFO - [2024-08-29T19:49:35.920+0000] {dag.py:3486} INFO - Setting next_dagrun for latest_only to 2024-08-29T15:49:35.920345+00:00, run_after=2024-08-29T19:49:35.920345+00:00
[2024-08-29T19:49:35.949+0000] {processor.py:179} INFO - Processing /home/airflow-vm/data-engineer-batch-processing-financial-services/.venv/lib/python3.10/site-packages/airflow/example_dags/example_latest_only.py took 0.074 seconds
[2024-08-29T19:50:26.061+0000] {processor.py:157} INFO - Started process (PID=49905) to work on /home/airflow-vm/data-engineer-batch-processing-financial-services/.venv/lib/python3.10/site-packages/airflow/example_dags/example_latest_only.py
[2024-08-29T19:50:26.062+0000] {processor.py:826} INFO - Processing file /home/airflow-vm/data-engineer-batch-processing-financial-services/.venv/lib/python3.10/site-packages/airflow/example_dags/example_latest_only.py for tasks to queue
[2024-08-29T19:50:26.062+0000] {logging_mixin.py:149} INFO - [2024-08-29T19:50:26.062+0000] {dagbag.py:541} INFO - Filling up the DagBag from /home/airflow-vm/data-engineer-batch-processing-financial-services/.venv/lib/python3.10/site-packages/airflow/example_dags/example_latest_only.py
[2024-08-29T19:50:26.068+0000] {processor.py:836} INFO - DAG(s) dict_keys(['latest_only']) retrieved from /home/airflow-vm/data-engineer-batch-processing-financial-services/.venv/lib/python3.10/site-packages/airflow/example_dags/example_latest_only.py
[2024-08-29T19:50:26.085+0000] {logging_mixin.py:149} INFO - [2024-08-29T19:50:26.085+0000] {dag.py:2726} INFO - Sync 1 DAGs
[2024-08-29T19:50:26.104+0000] {logging_mixin.py:149} INFO - [2024-08-29T19:50:26.104+0000] {dag.py:3486} INFO - Setting next_dagrun for latest_only to 2024-08-29T15:50:26.104130+00:00, run_after=2024-08-29T19:50:26.104130+00:00
[2024-08-29T19:50:26.133+0000] {processor.py:179} INFO - Processing /home/airflow-vm/data-engineer-batch-processing-financial-services/.venv/lib/python3.10/site-packages/airflow/example_dags/example_latest_only.py took 0.074 seconds
[2024-08-29T19:51:11.359+0000] {processor.py:157} INFO - Started process (PID=50580) to work on /home/airflow-vm/data-engineer-batch-processing-financial-services/.venv/lib/python3.10/site-packages/airflow/example_dags/example_latest_only.py
[2024-08-29T19:51:11.360+0000] {processor.py:826} INFO - Processing file /home/airflow-vm/data-engineer-batch-processing-financial-services/.venv/lib/python3.10/site-packages/airflow/example_dags/example_latest_only.py for tasks to queue
[2024-08-29T19:51:11.360+0000] {logging_mixin.py:149} INFO - [2024-08-29T19:51:11.360+0000] {dagbag.py:541} INFO - Filling up the DagBag from /home/airflow-vm/data-engineer-batch-processing-financial-services/.venv/lib/python3.10/site-packages/airflow/example_dags/example_latest_only.py
[2024-08-29T19:51:11.366+0000] {processor.py:836} INFO - DAG(s) dict_keys(['latest_only']) retrieved from /home/airflow-vm/data-engineer-batch-processing-financial-services/.venv/lib/python3.10/site-packages/airflow/example_dags/example_latest_only.py
[2024-08-29T19:51:11.384+0000] {logging_mixin.py:149} INFO - [2024-08-29T19:51:11.384+0000] {dag.py:2726} INFO - Sync 1 DAGs
[2024-08-29T19:51:11.405+0000] {logging_mixin.py:149} INFO - [2024-08-29T19:51:11.404+0000] {dag.py:3486} INFO - Setting next_dagrun for latest_only to 2024-08-29T15:51:11.404749+00:00, run_after=2024-08-29T19:51:11.404749+00:00
[2024-08-29T19:51:11.438+0000] {processor.py:179} INFO - Processing /home/airflow-vm/data-engineer-batch-processing-financial-services/.venv/lib/python3.10/site-packages/airflow/example_dags/example_latest_only.py took 0.081 seconds
[2024-08-29T19:52:00.206+0000] {processor.py:157} INFO - Started process (PID=50881) to work on /home/airflow-vm/data-engineer-batch-processing-financial-services/.venv/lib/python3.10/site-packages/airflow/example_dags/example_latest_only.py
[2024-08-29T19:52:00.207+0000] {processor.py:826} INFO - Processing file /home/airflow-vm/data-engineer-batch-processing-financial-services/.venv/lib/python3.10/site-packages/airflow/example_dags/example_latest_only.py for tasks to queue
[2024-08-29T19:52:00.208+0000] {logging_mixin.py:149} INFO - [2024-08-29T19:52:00.208+0000] {dagbag.py:541} INFO - Filling up the DagBag from /home/airflow-vm/data-engineer-batch-processing-financial-services/.venv/lib/python3.10/site-packages/airflow/example_dags/example_latest_only.py
[2024-08-29T19:52:00.213+0000] {processor.py:836} INFO - DAG(s) dict_keys(['latest_only']) retrieved from /home/airflow-vm/data-engineer-batch-processing-financial-services/.venv/lib/python3.10/site-packages/airflow/example_dags/example_latest_only.py
[2024-08-29T19:52:00.230+0000] {logging_mixin.py:149} INFO - [2024-08-29T19:52:00.229+0000] {dag.py:2726} INFO - Sync 1 DAGs
[2024-08-29T19:52:00.249+0000] {logging_mixin.py:149} INFO - [2024-08-29T19:52:00.248+0000] {dag.py:3486} INFO - Setting next_dagrun for latest_only to 2024-08-29T15:52:00.248734+00:00, run_after=2024-08-29T19:52:00.248734+00:00
[2024-08-29T19:52:00.279+0000] {processor.py:179} INFO - Processing /home/airflow-vm/data-engineer-batch-processing-financial-services/.venv/lib/python3.10/site-packages/airflow/example_dags/example_latest_only.py took 0.076 seconds
[2024-08-29T19:52:46.590+0000] {processor.py:157} INFO - Started process (PID=50971) to work on /home/airflow-vm/data-engineer-batch-processing-financial-services/.venv/lib/python3.10/site-packages/airflow/example_dags/example_latest_only.py
[2024-08-29T19:52:46.591+0000] {processor.py:826} INFO - Processing file /home/airflow-vm/data-engineer-batch-processing-financial-services/.venv/lib/python3.10/site-packages/airflow/example_dags/example_latest_only.py for tasks to queue
[2024-08-29T19:52:46.592+0000] {logging_mixin.py:149} INFO - [2024-08-29T19:52:46.592+0000] {dagbag.py:541} INFO - Filling up the DagBag from /home/airflow-vm/data-engineer-batch-processing-financial-services/.venv/lib/python3.10/site-packages/airflow/example_dags/example_latest_only.py
[2024-08-29T19:52:46.597+0000] {processor.py:836} INFO - DAG(s) dict_keys(['latest_only']) retrieved from /home/airflow-vm/data-engineer-batch-processing-financial-services/.venv/lib/python3.10/site-packages/airflow/example_dags/example_latest_only.py
[2024-08-29T19:52:46.615+0000] {logging_mixin.py:149} INFO - [2024-08-29T19:52:46.615+0000] {dag.py:2726} INFO - Sync 1 DAGs
[2024-08-29T19:52:46.634+0000] {logging_mixin.py:149} INFO - [2024-08-29T19:52:46.634+0000] {dag.py:3486} INFO - Setting next_dagrun for latest_only to 2024-08-29T15:52:46.633985+00:00, run_after=2024-08-29T19:52:46.633985+00:00
[2024-08-29T19:52:46.664+0000] {processor.py:179} INFO - Processing /home/airflow-vm/data-engineer-batch-processing-financial-services/.venv/lib/python3.10/site-packages/airflow/example_dags/example_latest_only.py took 0.077 seconds
[2024-08-29T19:53:33.642+0000] {processor.py:157} INFO - Started process (PID=51087) to work on /home/airflow-vm/data-engineer-batch-processing-financial-services/.venv/lib/python3.10/site-packages/airflow/example_dags/example_latest_only.py
[2024-08-29T19:53:33.642+0000] {processor.py:826} INFO - Processing file /home/airflow-vm/data-engineer-batch-processing-financial-services/.venv/lib/python3.10/site-packages/airflow/example_dags/example_latest_only.py for tasks to queue
[2024-08-29T19:53:33.643+0000] {logging_mixin.py:149} INFO - [2024-08-29T19:53:33.643+0000] {dagbag.py:541} INFO - Filling up the DagBag from /home/airflow-vm/data-engineer-batch-processing-financial-services/.venv/lib/python3.10/site-packages/airflow/example_dags/example_latest_only.py
[2024-08-29T19:53:33.648+0000] {processor.py:836} INFO - DAG(s) dict_keys(['latest_only']) retrieved from /home/airflow-vm/data-engineer-batch-processing-financial-services/.venv/lib/python3.10/site-packages/airflow/example_dags/example_latest_only.py
[2024-08-29T19:53:33.665+0000] {logging_mixin.py:149} INFO - [2024-08-29T19:53:33.664+0000] {dag.py:2726} INFO - Sync 1 DAGs
[2024-08-29T19:53:33.684+0000] {logging_mixin.py:149} INFO - [2024-08-29T19:53:33.684+0000] {dag.py:3486} INFO - Setting next_dagrun for latest_only to 2024-08-29T15:53:33.683996+00:00, run_after=2024-08-29T19:53:33.683996+00:00
[2024-08-29T19:53:33.712+0000] {processor.py:179} INFO - Processing /home/airflow-vm/data-engineer-batch-processing-financial-services/.venv/lib/python3.10/site-packages/airflow/example_dags/example_latest_only.py took 0.073 seconds
[2024-08-29T19:54:20.257+0000] {processor.py:157} INFO - Started process (PID=51244) to work on /home/airflow-vm/data-engineer-batch-processing-financial-services/.venv/lib/python3.10/site-packages/airflow/example_dags/example_latest_only.py
[2024-08-29T19:54:20.258+0000] {processor.py:826} INFO - Processing file /home/airflow-vm/data-engineer-batch-processing-financial-services/.venv/lib/python3.10/site-packages/airflow/example_dags/example_latest_only.py for tasks to queue
[2024-08-29T19:54:20.258+0000] {logging_mixin.py:149} INFO - [2024-08-29T19:54:20.258+0000] {dagbag.py:541} INFO - Filling up the DagBag from /home/airflow-vm/data-engineer-batch-processing-financial-services/.venv/lib/python3.10/site-packages/airflow/example_dags/example_latest_only.py
[2024-08-29T19:54:20.264+0000] {processor.py:836} INFO - DAG(s) dict_keys(['latest_only']) retrieved from /home/airflow-vm/data-engineer-batch-processing-financial-services/.venv/lib/python3.10/site-packages/airflow/example_dags/example_latest_only.py
[2024-08-29T19:54:20.281+0000] {logging_mixin.py:149} INFO - [2024-08-29T19:54:20.280+0000] {dag.py:2726} INFO - Sync 1 DAGs
[2024-08-29T19:54:20.300+0000] {logging_mixin.py:149} INFO - [2024-08-29T19:54:20.300+0000] {dag.py:3486} INFO - Setting next_dagrun for latest_only to 2024-08-29T15:54:20.299879+00:00, run_after=2024-08-29T19:54:20.299879+00:00
[2024-08-29T19:54:20.327+0000] {processor.py:179} INFO - Processing /home/airflow-vm/data-engineer-batch-processing-financial-services/.venv/lib/python3.10/site-packages/airflow/example_dags/example_latest_only.py took 0.073 seconds
[2024-08-29T19:55:07.917+0000] {processor.py:157} INFO - Started process (PID=51557) to work on /home/airflow-vm/data-engineer-batch-processing-financial-services/.venv/lib/python3.10/site-packages/airflow/example_dags/example_latest_only.py
[2024-08-29T19:55:07.918+0000] {processor.py:826} INFO - Processing file /home/airflow-vm/data-engineer-batch-processing-financial-services/.venv/lib/python3.10/site-packages/airflow/example_dags/example_latest_only.py for tasks to queue
[2024-08-29T19:55:07.919+0000] {logging_mixin.py:149} INFO - [2024-08-29T19:55:07.918+0000] {dagbag.py:541} INFO - Filling up the DagBag from /home/airflow-vm/data-engineer-batch-processing-financial-services/.venv/lib/python3.10/site-packages/airflow/example_dags/example_latest_only.py
[2024-08-29T19:55:07.924+0000] {processor.py:836} INFO - DAG(s) dict_keys(['latest_only']) retrieved from /home/airflow-vm/data-engineer-batch-processing-financial-services/.venv/lib/python3.10/site-packages/airflow/example_dags/example_latest_only.py
[2024-08-29T19:55:07.942+0000] {logging_mixin.py:149} INFO - [2024-08-29T19:55:07.942+0000] {dag.py:2726} INFO - Sync 1 DAGs
[2024-08-29T19:55:07.964+0000] {logging_mixin.py:149} INFO - [2024-08-29T19:55:07.964+0000] {dag.py:3486} INFO - Setting next_dagrun for latest_only to 2024-08-29T15:55:07.963806+00:00, run_after=2024-08-29T19:55:07.963806+00:00
[2024-08-29T19:55:07.994+0000] {processor.py:179} INFO - Processing /home/airflow-vm/data-engineer-batch-processing-financial-services/.venv/lib/python3.10/site-packages/airflow/example_dags/example_latest_only.py took 0.080 seconds
[2024-08-29T19:55:53.382+0000] {processor.py:157} INFO - Started process (PID=51886) to work on /home/airflow-vm/data-engineer-batch-processing-financial-services/.venv/lib/python3.10/site-packages/airflow/example_dags/example_latest_only.py
[2024-08-29T19:55:53.382+0000] {processor.py:826} INFO - Processing file /home/airflow-vm/data-engineer-batch-processing-financial-services/.venv/lib/python3.10/site-packages/airflow/example_dags/example_latest_only.py for tasks to queue
[2024-08-29T19:55:53.383+0000] {logging_mixin.py:149} INFO - [2024-08-29T19:55:53.383+0000] {dagbag.py:541} INFO - Filling up the DagBag from /home/airflow-vm/data-engineer-batch-processing-financial-services/.venv/lib/python3.10/site-packages/airflow/example_dags/example_latest_only.py
[2024-08-29T19:55:53.388+0000] {processor.py:836} INFO - DAG(s) dict_keys(['latest_only']) retrieved from /home/airflow-vm/data-engineer-batch-processing-financial-services/.venv/lib/python3.10/site-packages/airflow/example_dags/example_latest_only.py
[2024-08-29T19:55:53.406+0000] {logging_mixin.py:149} INFO - [2024-08-29T19:55:53.406+0000] {dag.py:2726} INFO - Sync 1 DAGs
[2024-08-29T19:55:53.427+0000] {logging_mixin.py:149} INFO - [2024-08-29T19:55:53.427+0000] {dag.py:3486} INFO - Setting next_dagrun for latest_only to 2024-08-29T15:55:53.426896+00:00, run_after=2024-08-29T19:55:53.426896+00:00
[2024-08-29T19:55:53.459+0000] {processor.py:179} INFO - Processing /home/airflow-vm/data-engineer-batch-processing-financial-services/.venv/lib/python3.10/site-packages/airflow/example_dags/example_latest_only.py took 0.081 seconds
[2024-08-29T20:11:53.488+0000] {processor.py:157} INFO - Started process (PID=56391) to work on /home/airflow-vm/data-engineer-batch-processing-financial-services/.venv/lib/python3.10/site-packages/airflow/example_dags/example_latest_only.py
[2024-08-29T20:11:53.489+0000] {processor.py:826} INFO - Processing file /home/airflow-vm/data-engineer-batch-processing-financial-services/.venv/lib/python3.10/site-packages/airflow/example_dags/example_latest_only.py for tasks to queue
[2024-08-29T20:11:53.490+0000] {logging_mixin.py:149} INFO - [2024-08-29T20:11:53.490+0000] {dagbag.py:541} INFO - Filling up the DagBag from /home/airflow-vm/data-engineer-batch-processing-financial-services/.venv/lib/python3.10/site-packages/airflow/example_dags/example_latest_only.py
[2024-08-29T20:11:53.496+0000] {processor.py:836} INFO - DAG(s) dict_keys(['latest_only']) retrieved from /home/airflow-vm/data-engineer-batch-processing-financial-services/.venv/lib/python3.10/site-packages/airflow/example_dags/example_latest_only.py
[2024-08-29T20:11:53.513+0000] {logging_mixin.py:149} INFO - [2024-08-29T20:11:53.512+0000] {dag.py:2726} INFO - Sync 1 DAGs
[2024-08-29T20:11:53.531+0000] {logging_mixin.py:149} INFO - [2024-08-29T20:11:53.531+0000] {dag.py:3486} INFO - Setting next_dagrun for latest_only to 2024-08-29T16:11:53.531162+00:00, run_after=2024-08-29T20:11:53.531162+00:00
[2024-08-29T20:11:53.558+0000] {processor.py:179} INFO - Processing /home/airflow-vm/data-engineer-batch-processing-financial-services/.venv/lib/python3.10/site-packages/airflow/example_dags/example_latest_only.py took 0.072 seconds
[2024-08-29T20:12:39.207+0000] {processor.py:157} INFO - Started process (PID=56749) to work on /home/airflow-vm/data-engineer-batch-processing-financial-services/.venv/lib/python3.10/site-packages/airflow/example_dags/example_latest_only.py
[2024-08-29T20:12:39.208+0000] {processor.py:826} INFO - Processing file /home/airflow-vm/data-engineer-batch-processing-financial-services/.venv/lib/python3.10/site-packages/airflow/example_dags/example_latest_only.py for tasks to queue
[2024-08-29T20:12:39.208+0000] {logging_mixin.py:149} INFO - [2024-08-29T20:12:39.208+0000] {dagbag.py:541} INFO - Filling up the DagBag from /home/airflow-vm/data-engineer-batch-processing-financial-services/.venv/lib/python3.10/site-packages/airflow/example_dags/example_latest_only.py
[2024-08-29T20:12:39.213+0000] {processor.py:836} INFO - DAG(s) dict_keys(['latest_only']) retrieved from /home/airflow-vm/data-engineer-batch-processing-financial-services/.venv/lib/python3.10/site-packages/airflow/example_dags/example_latest_only.py
[2024-08-29T20:12:39.230+0000] {logging_mixin.py:149} INFO - [2024-08-29T20:12:39.229+0000] {dag.py:2726} INFO - Sync 1 DAGs
[2024-08-29T20:12:39.248+0000] {logging_mixin.py:149} INFO - [2024-08-29T20:12:39.248+0000] {dag.py:3486} INFO - Setting next_dagrun for latest_only to 2024-08-29T16:12:39.248046+00:00, run_after=2024-08-29T20:12:39.248046+00:00
[2024-08-29T20:12:39.276+0000] {processor.py:179} INFO - Processing /home/airflow-vm/data-engineer-batch-processing-financial-services/.venv/lib/python3.10/site-packages/airflow/example_dags/example_latest_only.py took 0.071 seconds
[2024-08-29T20:13:23.978+0000] {processor.py:157} INFO - Started process (PID=56893) to work on /home/airflow-vm/data-engineer-batch-processing-financial-services/.venv/lib/python3.10/site-packages/airflow/example_dags/example_latest_only.py
[2024-08-29T20:13:23.979+0000] {processor.py:826} INFO - Processing file /home/airflow-vm/data-engineer-batch-processing-financial-services/.venv/lib/python3.10/site-packages/airflow/example_dags/example_latest_only.py for tasks to queue
[2024-08-29T20:13:23.979+0000] {logging_mixin.py:149} INFO - [2024-08-29T20:13:23.979+0000] {dagbag.py:541} INFO - Filling up the DagBag from /home/airflow-vm/data-engineer-batch-processing-financial-services/.venv/lib/python3.10/site-packages/airflow/example_dags/example_latest_only.py
[2024-08-29T20:13:23.984+0000] {processor.py:836} INFO - DAG(s) dict_keys(['latest_only']) retrieved from /home/airflow-vm/data-engineer-batch-processing-financial-services/.venv/lib/python3.10/site-packages/airflow/example_dags/example_latest_only.py
[2024-08-29T20:13:24.001+0000] {logging_mixin.py:149} INFO - [2024-08-29T20:13:24.001+0000] {dag.py:2726} INFO - Sync 1 DAGs
[2024-08-29T20:13:24.021+0000] {logging_mixin.py:149} INFO - [2024-08-29T20:13:24.021+0000] {dag.py:3486} INFO - Setting next_dagrun for latest_only to 2024-08-29T16:13:24.021137+00:00, run_after=2024-08-29T20:13:24.021137+00:00
[2024-08-29T20:13:24.048+0000] {processor.py:179} INFO - Processing /home/airflow-vm/data-engineer-batch-processing-financial-services/.venv/lib/python3.10/site-packages/airflow/example_dags/example_latest_only.py took 0.072 seconds
[2024-08-29T20:15:19.878+0000] {processor.py:157} INFO - Started process (PID=57489) to work on /home/airflow-vm/data-engineer-batch-processing-financial-services/.venv/lib/python3.10/site-packages/airflow/example_dags/example_latest_only.py
[2024-08-29T20:15:19.878+0000] {processor.py:826} INFO - Processing file /home/airflow-vm/data-engineer-batch-processing-financial-services/.venv/lib/python3.10/site-packages/airflow/example_dags/example_latest_only.py for tasks to queue
[2024-08-29T20:15:19.879+0000] {logging_mixin.py:149} INFO - [2024-08-29T20:15:19.879+0000] {dagbag.py:541} INFO - Filling up the DagBag from /home/airflow-vm/data-engineer-batch-processing-financial-services/.venv/lib/python3.10/site-packages/airflow/example_dags/example_latest_only.py
[2024-08-29T20:15:19.886+0000] {processor.py:836} INFO - DAG(s) dict_keys(['latest_only']) retrieved from /home/airflow-vm/data-engineer-batch-processing-financial-services/.venv/lib/python3.10/site-packages/airflow/example_dags/example_latest_only.py
[2024-08-29T20:15:19.902+0000] {logging_mixin.py:149} INFO - [2024-08-29T20:15:19.902+0000] {dag.py:2726} INFO - Sync 1 DAGs
[2024-08-29T20:15:19.920+0000] {logging_mixin.py:149} INFO - [2024-08-29T20:15:19.920+0000] {dag.py:3486} INFO - Setting next_dagrun for latest_only to 2024-08-29T16:15:19.920300+00:00, run_after=2024-08-29T20:15:19.920300+00:00
[2024-08-29T20:15:19.949+0000] {processor.py:179} INFO - Processing /home/airflow-vm/data-engineer-batch-processing-financial-services/.venv/lib/python3.10/site-packages/airflow/example_dags/example_latest_only.py took 0.074 seconds
[2024-08-29T20:16:06.385+0000] {processor.py:157} INFO - Started process (PID=58000) to work on /home/airflow-vm/data-engineer-batch-processing-financial-services/.venv/lib/python3.10/site-packages/airflow/example_dags/example_latest_only.py
[2024-08-29T20:16:06.386+0000] {processor.py:826} INFO - Processing file /home/airflow-vm/data-engineer-batch-processing-financial-services/.venv/lib/python3.10/site-packages/airflow/example_dags/example_latest_only.py for tasks to queue
[2024-08-29T20:16:06.387+0000] {logging_mixin.py:149} INFO - [2024-08-29T20:16:06.386+0000] {dagbag.py:541} INFO - Filling up the DagBag from /home/airflow-vm/data-engineer-batch-processing-financial-services/.venv/lib/python3.10/site-packages/airflow/example_dags/example_latest_only.py
[2024-08-29T20:16:06.392+0000] {processor.py:836} INFO - DAG(s) dict_keys(['latest_only']) retrieved from /home/airflow-vm/data-engineer-batch-processing-financial-services/.venv/lib/python3.10/site-packages/airflow/example_dags/example_latest_only.py
[2024-08-29T20:16:06.408+0000] {logging_mixin.py:149} INFO - [2024-08-29T20:16:06.408+0000] {dag.py:2726} INFO - Sync 1 DAGs
[2024-08-29T20:16:06.427+0000] {logging_mixin.py:149} INFO - [2024-08-29T20:16:06.426+0000] {dag.py:3486} INFO - Setting next_dagrun for latest_only to 2024-08-29T16:16:06.426649+00:00, run_after=2024-08-29T20:16:06.426649+00:00
[2024-08-29T20:16:06.455+0000] {processor.py:179} INFO - Processing /home/airflow-vm/data-engineer-batch-processing-financial-services/.venv/lib/python3.10/site-packages/airflow/example_dags/example_latest_only.py took 0.072 seconds
[2024-08-29T20:24:26.769+0000] {processor.py:157} INFO - Started process (PID=61264) to work on /home/airflow-vm/data-engineer-batch-processing-financial-services/.venv/lib/python3.10/site-packages/airflow/example_dags/example_latest_only.py
[2024-08-29T20:24:26.770+0000] {processor.py:826} INFO - Processing file /home/airflow-vm/data-engineer-batch-processing-financial-services/.venv/lib/python3.10/site-packages/airflow/example_dags/example_latest_only.py for tasks to queue
[2024-08-29T20:24:26.771+0000] {logging_mixin.py:149} INFO - [2024-08-29T20:24:26.770+0000] {dagbag.py:541} INFO - Filling up the DagBag from /home/airflow-vm/data-engineer-batch-processing-financial-services/.venv/lib/python3.10/site-packages/airflow/example_dags/example_latest_only.py
[2024-08-29T20:24:26.777+0000] {processor.py:836} INFO - DAG(s) dict_keys(['latest_only']) retrieved from /home/airflow-vm/data-engineer-batch-processing-financial-services/.venv/lib/python3.10/site-packages/airflow/example_dags/example_latest_only.py
[2024-08-29T20:24:26.794+0000] {logging_mixin.py:149} INFO - [2024-08-29T20:24:26.794+0000] {dag.py:2726} INFO - Sync 1 DAGs
[2024-08-29T20:24:26.813+0000] {logging_mixin.py:149} INFO - [2024-08-29T20:24:26.813+0000] {dag.py:3486} INFO - Setting next_dagrun for latest_only to 2024-08-29T16:24:26.813000+00:00, run_after=2024-08-29T20:24:26.813000+00:00
[2024-08-29T20:24:26.840+0000] {processor.py:179} INFO - Processing /home/airflow-vm/data-engineer-batch-processing-financial-services/.venv/lib/python3.10/site-packages/airflow/example_dags/example_latest_only.py took 0.073 seconds
[2024-08-29T20:26:21.907+0000] {processor.py:157} INFO - Started process (PID=62738) to work on /home/airflow-vm/data-engineer-batch-processing-financial-services/.venv/lib/python3.10/site-packages/airflow/example_dags/example_latest_only.py
[2024-08-29T20:26:21.908+0000] {processor.py:826} INFO - Processing file /home/airflow-vm/data-engineer-batch-processing-financial-services/.venv/lib/python3.10/site-packages/airflow/example_dags/example_latest_only.py for tasks to queue
[2024-08-29T20:26:21.908+0000] {logging_mixin.py:149} INFO - [2024-08-29T20:26:21.908+0000] {dagbag.py:541} INFO - Filling up the DagBag from /home/airflow-vm/data-engineer-batch-processing-financial-services/.venv/lib/python3.10/site-packages/airflow/example_dags/example_latest_only.py
[2024-08-29T20:26:21.913+0000] {processor.py:836} INFO - DAG(s) dict_keys(['latest_only']) retrieved from /home/airflow-vm/data-engineer-batch-processing-financial-services/.venv/lib/python3.10/site-packages/airflow/example_dags/example_latest_only.py
[2024-08-29T20:26:21.930+0000] {logging_mixin.py:149} INFO - [2024-08-29T20:26:21.930+0000] {dag.py:2726} INFO - Sync 1 DAGs
[2024-08-29T20:26:21.950+0000] {logging_mixin.py:149} INFO - [2024-08-29T20:26:21.950+0000] {dag.py:3486} INFO - Setting next_dagrun for latest_only to 2024-08-29T16:26:21.950361+00:00, run_after=2024-08-29T20:26:21.950361+00:00
[2024-08-29T20:26:21.982+0000] {processor.py:179} INFO - Processing /home/airflow-vm/data-engineer-batch-processing-financial-services/.venv/lib/python3.10/site-packages/airflow/example_dags/example_latest_only.py took 0.078 seconds
[2024-08-29T20:27:14.429+0000] {processor.py:157} INFO - Started process (PID=63369) to work on /home/airflow-vm/data-engineer-batch-processing-financial-services/.venv/lib/python3.10/site-packages/airflow/example_dags/example_latest_only.py
[2024-08-29T20:27:14.430+0000] {processor.py:826} INFO - Processing file /home/airflow-vm/data-engineer-batch-processing-financial-services/.venv/lib/python3.10/site-packages/airflow/example_dags/example_latest_only.py for tasks to queue
[2024-08-29T20:27:14.431+0000] {logging_mixin.py:149} INFO - [2024-08-29T20:27:14.430+0000] {dagbag.py:541} INFO - Filling up the DagBag from /home/airflow-vm/data-engineer-batch-processing-financial-services/.venv/lib/python3.10/site-packages/airflow/example_dags/example_latest_only.py
[2024-08-29T20:27:14.435+0000] {processor.py:836} INFO - DAG(s) dict_keys(['latest_only']) retrieved from /home/airflow-vm/data-engineer-batch-processing-financial-services/.venv/lib/python3.10/site-packages/airflow/example_dags/example_latest_only.py
[2024-08-29T20:27:14.451+0000] {logging_mixin.py:149} INFO - [2024-08-29T20:27:14.451+0000] {dag.py:2726} INFO - Sync 1 DAGs
[2024-08-29T20:27:14.470+0000] {logging_mixin.py:149} INFO - [2024-08-29T20:27:14.470+0000] {dag.py:3486} INFO - Setting next_dagrun for latest_only to 2024-08-29T16:27:14.470254+00:00, run_after=2024-08-29T20:27:14.470254+00:00
[2024-08-29T20:27:14.497+0000] {processor.py:179} INFO - Processing /home/airflow-vm/data-engineer-batch-processing-financial-services/.venv/lib/python3.10/site-packages/airflow/example_dags/example_latest_only.py took 0.070 seconds
[2024-08-29T20:27:56.855+0000] {processor.py:157} INFO - Started process (PID=63557) to work on /home/airflow-vm/data-engineer-batch-processing-financial-services/.venv/lib/python3.10/site-packages/airflow/example_dags/example_latest_only.py
[2024-08-29T20:27:56.856+0000] {processor.py:826} INFO - Processing file /home/airflow-vm/data-engineer-batch-processing-financial-services/.venv/lib/python3.10/site-packages/airflow/example_dags/example_latest_only.py for tasks to queue
[2024-08-29T20:27:56.856+0000] {logging_mixin.py:149} INFO - [2024-08-29T20:27:56.856+0000] {dagbag.py:541} INFO - Filling up the DagBag from /home/airflow-vm/data-engineer-batch-processing-financial-services/.venv/lib/python3.10/site-packages/airflow/example_dags/example_latest_only.py
[2024-08-29T20:27:56.861+0000] {processor.py:836} INFO - DAG(s) dict_keys(['latest_only']) retrieved from /home/airflow-vm/data-engineer-batch-processing-financial-services/.venv/lib/python3.10/site-packages/airflow/example_dags/example_latest_only.py
[2024-08-29T20:27:56.877+0000] {logging_mixin.py:149} INFO - [2024-08-29T20:27:56.877+0000] {dag.py:2726} INFO - Sync 1 DAGs
[2024-08-29T20:27:56.896+0000] {logging_mixin.py:149} INFO - [2024-08-29T20:27:56.895+0000] {dag.py:3486} INFO - Setting next_dagrun for latest_only to 2024-08-29T16:27:56.895684+00:00, run_after=2024-08-29T20:27:56.895684+00:00
[2024-08-29T20:27:56.924+0000] {processor.py:179} INFO - Processing /home/airflow-vm/data-engineer-batch-processing-financial-services/.venv/lib/python3.10/site-packages/airflow/example_dags/example_latest_only.py took 0.071 seconds
[2024-08-29T20:28:50.045+0000] {processor.py:157} INFO - Started process (PID=63975) to work on /home/airflow-vm/data-engineer-batch-processing-financial-services/.venv/lib/python3.10/site-packages/airflow/example_dags/example_latest_only.py
[2024-08-29T20:28:50.046+0000] {processor.py:826} INFO - Processing file /home/airflow-vm/data-engineer-batch-processing-financial-services/.venv/lib/python3.10/site-packages/airflow/example_dags/example_latest_only.py for tasks to queue
[2024-08-29T20:28:50.046+0000] {logging_mixin.py:149} INFO - [2024-08-29T20:28:50.046+0000] {dagbag.py:541} INFO - Filling up the DagBag from /home/airflow-vm/data-engineer-batch-processing-financial-services/.venv/lib/python3.10/site-packages/airflow/example_dags/example_latest_only.py
[2024-08-29T20:28:50.051+0000] {processor.py:836} INFO - DAG(s) dict_keys(['latest_only']) retrieved from /home/airflow-vm/data-engineer-batch-processing-financial-services/.venv/lib/python3.10/site-packages/airflow/example_dags/example_latest_only.py
[2024-08-29T20:28:50.067+0000] {logging_mixin.py:149} INFO - [2024-08-29T20:28:50.067+0000] {dag.py:2726} INFO - Sync 1 DAGs
[2024-08-29T20:28:50.086+0000] {logging_mixin.py:149} INFO - [2024-08-29T20:28:50.086+0000] {dag.py:3486} INFO - Setting next_dagrun for latest_only to 2024-08-29T16:28:50.086346+00:00, run_after=2024-08-29T20:28:50.086346+00:00
[2024-08-29T20:28:50.115+0000] {processor.py:179} INFO - Processing /home/airflow-vm/data-engineer-batch-processing-financial-services/.venv/lib/python3.10/site-packages/airflow/example_dags/example_latest_only.py took 0.073 seconds
[2024-08-29T20:31:27.105+0000] {processor.py:157} INFO - Started process (PID=65743) to work on /home/airflow-vm/data-engineer-batch-processing-financial-services/.venv/lib/python3.10/site-packages/airflow/example_dags/example_latest_only.py
[2024-08-29T20:31:27.106+0000] {processor.py:826} INFO - Processing file /home/airflow-vm/data-engineer-batch-processing-financial-services/.venv/lib/python3.10/site-packages/airflow/example_dags/example_latest_only.py for tasks to queue
[2024-08-29T20:31:27.106+0000] {logging_mixin.py:149} INFO - [2024-08-29T20:31:27.106+0000] {dagbag.py:541} INFO - Filling up the DagBag from /home/airflow-vm/data-engineer-batch-processing-financial-services/.venv/lib/python3.10/site-packages/airflow/example_dags/example_latest_only.py
[2024-08-29T20:31:27.113+0000] {processor.py:836} INFO - DAG(s) dict_keys(['latest_only']) retrieved from /home/airflow-vm/data-engineer-batch-processing-financial-services/.venv/lib/python3.10/site-packages/airflow/example_dags/example_latest_only.py
[2024-08-29T20:31:27.130+0000] {logging_mixin.py:149} INFO - [2024-08-29T20:31:27.130+0000] {dag.py:2726} INFO - Sync 1 DAGs
[2024-08-29T20:31:27.149+0000] {logging_mixin.py:149} INFO - [2024-08-29T20:31:27.148+0000] {dag.py:3486} INFO - Setting next_dagrun for latest_only to 2024-08-29T16:31:27.148628+00:00, run_after=2024-08-29T20:31:27.148628+00:00
[2024-08-29T20:31:27.178+0000] {processor.py:179} INFO - Processing /home/airflow-vm/data-engineer-batch-processing-financial-services/.venv/lib/python3.10/site-packages/airflow/example_dags/example_latest_only.py took 0.076 seconds
[2024-08-29T20:33:19.757+0000] {processor.py:157} INFO - Started process (PID=67149) to work on /home/airflow-vm/data-engineer-batch-processing-financial-services/.venv/lib/python3.10/site-packages/airflow/example_dags/example_latest_only.py
[2024-08-29T20:33:19.758+0000] {processor.py:826} INFO - Processing file /home/airflow-vm/data-engineer-batch-processing-financial-services/.venv/lib/python3.10/site-packages/airflow/example_dags/example_latest_only.py for tasks to queue
[2024-08-29T20:33:19.759+0000] {logging_mixin.py:149} INFO - [2024-08-29T20:33:19.758+0000] {dagbag.py:541} INFO - Filling up the DagBag from /home/airflow-vm/data-engineer-batch-processing-financial-services/.venv/lib/python3.10/site-packages/airflow/example_dags/example_latest_only.py
[2024-08-29T20:33:19.763+0000] {processor.py:836} INFO - DAG(s) dict_keys(['latest_only']) retrieved from /home/airflow-vm/data-engineer-batch-processing-financial-services/.venv/lib/python3.10/site-packages/airflow/example_dags/example_latest_only.py
[2024-08-29T20:33:19.780+0000] {logging_mixin.py:149} INFO - [2024-08-29T20:33:19.779+0000] {dag.py:2726} INFO - Sync 1 DAGs
[2024-08-29T20:33:19.798+0000] {logging_mixin.py:149} INFO - [2024-08-29T20:33:19.798+0000] {dag.py:3486} INFO - Setting next_dagrun for latest_only to 2024-08-29T16:33:19.798513+00:00, run_after=2024-08-29T20:33:19.798513+00:00
[2024-08-29T20:33:19.825+0000] {processor.py:179} INFO - Processing /home/airflow-vm/data-engineer-batch-processing-financial-services/.venv/lib/python3.10/site-packages/airflow/example_dags/example_latest_only.py took 0.071 seconds
[2024-08-29T20:35:57.007+0000] {processor.py:157} INFO - Started process (PID=69159) to work on /home/airflow-vm/data-engineer-batch-processing-financial-services/.venv/lib/python3.10/site-packages/airflow/example_dags/example_latest_only.py
[2024-08-29T20:35:57.008+0000] {processor.py:826} INFO - Processing file /home/airflow-vm/data-engineer-batch-processing-financial-services/.venv/lib/python3.10/site-packages/airflow/example_dags/example_latest_only.py for tasks to queue
[2024-08-29T20:35:57.009+0000] {logging_mixin.py:149} INFO - [2024-08-29T20:35:57.009+0000] {dagbag.py:541} INFO - Filling up the DagBag from /home/airflow-vm/data-engineer-batch-processing-financial-services/.venv/lib/python3.10/site-packages/airflow/example_dags/example_latest_only.py
[2024-08-29T20:35:57.016+0000] {processor.py:836} INFO - DAG(s) dict_keys(['latest_only']) retrieved from /home/airflow-vm/data-engineer-batch-processing-financial-services/.venv/lib/python3.10/site-packages/airflow/example_dags/example_latest_only.py
[2024-08-29T20:35:57.032+0000] {logging_mixin.py:149} INFO - [2024-08-29T20:35:57.032+0000] {dag.py:2726} INFO - Sync 1 DAGs
[2024-08-29T20:35:57.051+0000] {logging_mixin.py:149} INFO - [2024-08-29T20:35:57.051+0000] {dag.py:3486} INFO - Setting next_dagrun for latest_only to 2024-08-29T16:35:57.051059+00:00, run_after=2024-08-29T20:35:57.051059+00:00
[2024-08-29T20:35:57.079+0000] {processor.py:179} INFO - Processing /home/airflow-vm/data-engineer-batch-processing-financial-services/.venv/lib/python3.10/site-packages/airflow/example_dags/example_latest_only.py took 0.074 seconds
[2024-08-29T20:37:49.510+0000] {processor.py:157} INFO - Started process (PID=70547) to work on /home/airflow-vm/data-engineer-batch-processing-financial-services/.venv/lib/python3.10/site-packages/airflow/example_dags/example_latest_only.py
[2024-08-29T20:37:49.511+0000] {processor.py:826} INFO - Processing file /home/airflow-vm/data-engineer-batch-processing-financial-services/.venv/lib/python3.10/site-packages/airflow/example_dags/example_latest_only.py for tasks to queue
[2024-08-29T20:37:49.512+0000] {logging_mixin.py:149} INFO - [2024-08-29T20:37:49.512+0000] {dagbag.py:541} INFO - Filling up the DagBag from /home/airflow-vm/data-engineer-batch-processing-financial-services/.venv/lib/python3.10/site-packages/airflow/example_dags/example_latest_only.py
[2024-08-29T20:37:49.518+0000] {processor.py:836} INFO - DAG(s) dict_keys(['latest_only']) retrieved from /home/airflow-vm/data-engineer-batch-processing-financial-services/.venv/lib/python3.10/site-packages/airflow/example_dags/example_latest_only.py
[2024-08-29T20:37:49.538+0000] {logging_mixin.py:149} INFO - [2024-08-29T20:37:49.538+0000] {dag.py:2726} INFO - Sync 1 DAGs
[2024-08-29T20:37:49.560+0000] {logging_mixin.py:149} INFO - [2024-08-29T20:37:49.560+0000] {dag.py:3486} INFO - Setting next_dagrun for latest_only to 2024-08-29T16:37:49.560317+00:00, run_after=2024-08-29T20:37:49.560317+00:00
[2024-08-29T20:37:49.594+0000] {processor.py:179} INFO - Processing /home/airflow-vm/data-engineer-batch-processing-financial-services/.venv/lib/python3.10/site-packages/airflow/example_dags/example_latest_only.py took 0.087 seconds
