[2024-08-29T19:47:39.760+0000] {processor.py:157} INFO - Started process (PID=48855) to work on /home/airflow-vm/data-engineer-batch-processing-financial-services/.venv/lib/python3.10/site-packages/airflow/example_dags/example_xcom.py
[2024-08-29T19:47:39.761+0000] {processor.py:826} INFO - Processing file /home/airflow-vm/data-engineer-batch-processing-financial-services/.venv/lib/python3.10/site-packages/airflow/example_dags/example_xcom.py for tasks to queue
[2024-08-29T19:47:39.761+0000] {logging_mixin.py:149} INFO - [2024-08-29T19:47:39.761+0000] {dagbag.py:541} INFO - Filling up the DagBag from /home/airflow-vm/data-engineer-batch-processing-financial-services/.venv/lib/python3.10/site-packages/airflow/example_dags/example_xcom.py
[2024-08-29T19:47:39.771+0000] {processor.py:836} INFO - DAG(s) dict_keys(['example_xcom']) retrieved from /home/airflow-vm/data-engineer-batch-processing-financial-services/.venv/lib/python3.10/site-packages/airflow/example_dags/example_xcom.py
[2024-08-29T19:47:39.901+0000] {logging_mixin.py:149} INFO - [2024-08-29T19:47:39.901+0000] {manager.py:504} INFO - Created Permission View: can delete on DAG:example_xcom
[2024-08-29T19:47:39.920+0000] {logging_mixin.py:149} INFO - [2024-08-29T19:47:39.920+0000] {manager.py:504} INFO - Created Permission View: can edit on DAG:example_xcom
[2024-08-29T19:47:39.938+0000] {logging_mixin.py:149} INFO - [2024-08-29T19:47:39.938+0000] {manager.py:504} INFO - Created Permission View: can read on DAG:example_xcom
[2024-08-29T19:47:39.938+0000] {logging_mixin.py:149} INFO - [2024-08-29T19:47:39.938+0000] {dag.py:2726} INFO - Sync 1 DAGs
[2024-08-29T19:47:39.949+0000] {logging_mixin.py:149} INFO - [2024-08-29T19:47:39.949+0000] {dag.py:2747} INFO - Creating ORM DAG for example_xcom
[2024-08-29T19:47:39.958+0000] {logging_mixin.py:149} INFO - [2024-08-29T19:47:39.958+0000] {dag.py:3486} INFO - Setting next_dagrun for example_xcom to 2021-01-01T00:00:00+00:00, run_after=2021-01-01T00:00:00+00:00
[2024-08-29T19:47:39.988+0000] {processor.py:179} INFO - Processing /home/airflow-vm/data-engineer-batch-processing-financial-services/.venv/lib/python3.10/site-packages/airflow/example_dags/example_xcom.py took 0.230 seconds
[2024-08-29T19:48:31.454+0000] {processor.py:157} INFO - Started process (PID=49326) to work on /home/airflow-vm/data-engineer-batch-processing-financial-services/.venv/lib/python3.10/site-packages/airflow/example_dags/example_xcom.py
[2024-08-29T19:48:31.455+0000] {processor.py:826} INFO - Processing file /home/airflow-vm/data-engineer-batch-processing-financial-services/.venv/lib/python3.10/site-packages/airflow/example_dags/example_xcom.py for tasks to queue
[2024-08-29T19:48:31.456+0000] {logging_mixin.py:149} INFO - [2024-08-29T19:48:31.456+0000] {dagbag.py:541} INFO - Filling up the DagBag from /home/airflow-vm/data-engineer-batch-processing-financial-services/.venv/lib/python3.10/site-packages/airflow/example_dags/example_xcom.py
[2024-08-29T19:48:31.462+0000] {processor.py:836} INFO - DAG(s) dict_keys(['example_xcom']) retrieved from /home/airflow-vm/data-engineer-batch-processing-financial-services/.venv/lib/python3.10/site-packages/airflow/example_dags/example_xcom.py
[2024-08-29T19:48:31.481+0000] {logging_mixin.py:149} INFO - [2024-08-29T19:48:31.481+0000] {dag.py:2726} INFO - Sync 1 DAGs
[2024-08-29T19:48:31.501+0000] {logging_mixin.py:149} INFO - [2024-08-29T19:48:31.500+0000] {dag.py:3486} INFO - Setting next_dagrun for example_xcom to 2021-01-01T00:00:00+00:00, run_after=2021-01-01T00:00:00+00:00
[2024-08-29T19:48:31.530+0000] {processor.py:179} INFO - Processing /home/airflow-vm/data-engineer-batch-processing-financial-services/.venv/lib/python3.10/site-packages/airflow/example_dags/example_xcom.py took 0.078 seconds
[2024-08-29T19:49:08.718+0000] {processor.py:157} INFO - Started process (PID=49579) to work on /home/airflow-vm/data-engineer-batch-processing-financial-services/.venv/lib/python3.10/site-packages/airflow/example_dags/example_xcom.py
[2024-08-29T19:49:08.718+0000] {processor.py:826} INFO - Processing file /home/airflow-vm/data-engineer-batch-processing-financial-services/.venv/lib/python3.10/site-packages/airflow/example_dags/example_xcom.py for tasks to queue
[2024-08-29T19:49:08.719+0000] {logging_mixin.py:149} INFO - [2024-08-29T19:49:08.719+0000] {dagbag.py:541} INFO - Filling up the DagBag from /home/airflow-vm/data-engineer-batch-processing-financial-services/.venv/lib/python3.10/site-packages/airflow/example_dags/example_xcom.py
[2024-08-29T19:49:08.725+0000] {processor.py:836} INFO - DAG(s) dict_keys(['example_xcom']) retrieved from /home/airflow-vm/data-engineer-batch-processing-financial-services/.venv/lib/python3.10/site-packages/airflow/example_dags/example_xcom.py
[2024-08-29T19:49:08.743+0000] {logging_mixin.py:149} INFO - [2024-08-29T19:49:08.743+0000] {dag.py:2726} INFO - Sync 1 DAGs
[2024-08-29T19:49:08.762+0000] {logging_mixin.py:149} INFO - [2024-08-29T19:49:08.762+0000] {dag.py:3486} INFO - Setting next_dagrun for example_xcom to 2021-01-01T00:00:00+00:00, run_after=2021-01-01T00:00:00+00:00
[2024-08-29T19:49:08.790+0000] {processor.py:179} INFO - Processing /home/airflow-vm/data-engineer-batch-processing-financial-services/.venv/lib/python3.10/site-packages/airflow/example_dags/example_xcom.py took 0.075 seconds
[2024-08-29T19:49:53.961+0000] {processor.py:157} INFO - Started process (PID=49734) to work on /home/airflow-vm/data-engineer-batch-processing-financial-services/.venv/lib/python3.10/site-packages/airflow/example_dags/example_xcom.py
[2024-08-29T19:49:53.962+0000] {processor.py:826} INFO - Processing file /home/airflow-vm/data-engineer-batch-processing-financial-services/.venv/lib/python3.10/site-packages/airflow/example_dags/example_xcom.py for tasks to queue
[2024-08-29T19:49:53.963+0000] {logging_mixin.py:149} INFO - [2024-08-29T19:49:53.963+0000] {dagbag.py:541} INFO - Filling up the DagBag from /home/airflow-vm/data-engineer-batch-processing-financial-services/.venv/lib/python3.10/site-packages/airflow/example_dags/example_xcom.py
[2024-08-29T19:49:53.969+0000] {processor.py:836} INFO - DAG(s) dict_keys(['example_xcom']) retrieved from /home/airflow-vm/data-engineer-batch-processing-financial-services/.venv/lib/python3.10/site-packages/airflow/example_dags/example_xcom.py
[2024-08-29T19:49:53.987+0000] {logging_mixin.py:149} INFO - [2024-08-29T19:49:53.987+0000] {dag.py:2726} INFO - Sync 1 DAGs
[2024-08-29T19:49:54.006+0000] {logging_mixin.py:149} INFO - [2024-08-29T19:49:54.006+0000] {dag.py:3486} INFO - Setting next_dagrun for example_xcom to 2021-01-01T00:00:00+00:00, run_after=2021-01-01T00:00:00+00:00
[2024-08-29T19:49:54.034+0000] {processor.py:179} INFO - Processing /home/airflow-vm/data-engineer-batch-processing-financial-services/.venv/lib/python3.10/site-packages/airflow/example_dags/example_xcom.py took 0.075 seconds
[2024-08-29T19:50:28.857+0000] {processor.py:157} INFO - Started process (PID=49935) to work on /home/airflow-vm/data-engineer-batch-processing-financial-services/.venv/lib/python3.10/site-packages/airflow/example_dags/example_xcom.py
[2024-08-29T19:50:28.858+0000] {processor.py:826} INFO - Processing file /home/airflow-vm/data-engineer-batch-processing-financial-services/.venv/lib/python3.10/site-packages/airflow/example_dags/example_xcom.py for tasks to queue
[2024-08-29T19:50:28.859+0000] {logging_mixin.py:149} INFO - [2024-08-29T19:50:28.858+0000] {dagbag.py:541} INFO - Filling up the DagBag from /home/airflow-vm/data-engineer-batch-processing-financial-services/.venv/lib/python3.10/site-packages/airflow/example_dags/example_xcom.py
[2024-08-29T19:50:28.865+0000] {processor.py:836} INFO - DAG(s) dict_keys(['example_xcom']) retrieved from /home/airflow-vm/data-engineer-batch-processing-financial-services/.venv/lib/python3.10/site-packages/airflow/example_dags/example_xcom.py
[2024-08-29T19:50:28.883+0000] {logging_mixin.py:149} INFO - [2024-08-29T19:50:28.883+0000] {dag.py:2726} INFO - Sync 1 DAGs
[2024-08-29T19:50:28.901+0000] {logging_mixin.py:149} INFO - [2024-08-29T19:50:28.901+0000] {dag.py:3486} INFO - Setting next_dagrun for example_xcom to 2021-01-01T00:00:00+00:00, run_after=2021-01-01T00:00:00+00:00
[2024-08-29T19:50:28.929+0000] {processor.py:179} INFO - Processing /home/airflow-vm/data-engineer-batch-processing-financial-services/.venv/lib/python3.10/site-packages/airflow/example_dags/example_xcom.py took 0.074 seconds
[2024-08-29T19:51:13.660+0000] {processor.py:157} INFO - Started process (PID=50606) to work on /home/airflow-vm/data-engineer-batch-processing-financial-services/.venv/lib/python3.10/site-packages/airflow/example_dags/example_xcom.py
[2024-08-29T19:51:13.661+0000] {processor.py:826} INFO - Processing file /home/airflow-vm/data-engineer-batch-processing-financial-services/.venv/lib/python3.10/site-packages/airflow/example_dags/example_xcom.py for tasks to queue
[2024-08-29T19:51:13.661+0000] {logging_mixin.py:149} INFO - [2024-08-29T19:51:13.661+0000] {dagbag.py:541} INFO - Filling up the DagBag from /home/airflow-vm/data-engineer-batch-processing-financial-services/.venv/lib/python3.10/site-packages/airflow/example_dags/example_xcom.py
[2024-08-29T19:51:13.668+0000] {processor.py:836} INFO - DAG(s) dict_keys(['example_xcom']) retrieved from /home/airflow-vm/data-engineer-batch-processing-financial-services/.venv/lib/python3.10/site-packages/airflow/example_dags/example_xcom.py
[2024-08-29T19:51:13.705+0000] {logging_mixin.py:149} INFO - [2024-08-29T19:51:13.704+0000] {dag.py:2726} INFO - Sync 1 DAGs
[2024-08-29T19:51:13.739+0000] {logging_mixin.py:149} INFO - [2024-08-29T19:51:13.739+0000] {dag.py:3486} INFO - Setting next_dagrun for example_xcom to 2021-01-01T00:00:00+00:00, run_after=2021-01-01T00:00:00+00:00
[2024-08-29T19:51:13.768+0000] {processor.py:179} INFO - Processing /home/airflow-vm/data-engineer-batch-processing-financial-services/.venv/lib/python3.10/site-packages/airflow/example_dags/example_xcom.py took 0.110 seconds
[2024-08-29T19:51:46.912+0000] {processor.py:157} INFO - Started process (PID=50816) to work on /home/airflow-vm/data-engineer-batch-processing-financial-services/.venv/lib/python3.10/site-packages/airflow/example_dags/example_xcom.py
[2024-08-29T19:51:46.912+0000] {processor.py:826} INFO - Processing file /home/airflow-vm/data-engineer-batch-processing-financial-services/.venv/lib/python3.10/site-packages/airflow/example_dags/example_xcom.py for tasks to queue
[2024-08-29T19:51:46.913+0000] {logging_mixin.py:149} INFO - [2024-08-29T19:51:46.913+0000] {dagbag.py:541} INFO - Filling up the DagBag from /home/airflow-vm/data-engineer-batch-processing-financial-services/.venv/lib/python3.10/site-packages/airflow/example_dags/example_xcom.py
[2024-08-29T19:51:46.920+0000] {processor.py:836} INFO - DAG(s) dict_keys(['example_xcom']) retrieved from /home/airflow-vm/data-engineer-batch-processing-financial-services/.venv/lib/python3.10/site-packages/airflow/example_dags/example_xcom.py
[2024-08-29T19:51:46.939+0000] {logging_mixin.py:149} INFO - [2024-08-29T19:51:46.939+0000] {dag.py:2726} INFO - Sync 1 DAGs
[2024-08-29T19:51:46.960+0000] {logging_mixin.py:149} INFO - [2024-08-29T19:51:46.960+0000] {dag.py:3486} INFO - Setting next_dagrun for example_xcom to 2021-01-01T00:00:00+00:00, run_after=2021-01-01T00:00:00+00:00
[2024-08-29T19:51:46.990+0000] {processor.py:179} INFO - Processing /home/airflow-vm/data-engineer-batch-processing-financial-services/.venv/lib/python3.10/site-packages/airflow/example_dags/example_xcom.py took 0.081 seconds
[2024-08-29T19:52:18.384+0000] {processor.py:157} INFO - Started process (PID=50914) to work on /home/airflow-vm/data-engineer-batch-processing-financial-services/.venv/lib/python3.10/site-packages/airflow/example_dags/example_xcom.py
[2024-08-29T19:52:18.384+0000] {processor.py:826} INFO - Processing file /home/airflow-vm/data-engineer-batch-processing-financial-services/.venv/lib/python3.10/site-packages/airflow/example_dags/example_xcom.py for tasks to queue
[2024-08-29T19:52:18.385+0000] {logging_mixin.py:149} INFO - [2024-08-29T19:52:18.385+0000] {dagbag.py:541} INFO - Filling up the DagBag from /home/airflow-vm/data-engineer-batch-processing-financial-services/.venv/lib/python3.10/site-packages/airflow/example_dags/example_xcom.py
[2024-08-29T19:52:18.391+0000] {processor.py:836} INFO - DAG(s) dict_keys(['example_xcom']) retrieved from /home/airflow-vm/data-engineer-batch-processing-financial-services/.venv/lib/python3.10/site-packages/airflow/example_dags/example_xcom.py
[2024-08-29T19:52:18.410+0000] {logging_mixin.py:149} INFO - [2024-08-29T19:52:18.410+0000] {dag.py:2726} INFO - Sync 1 DAGs
[2024-08-29T19:52:18.430+0000] {logging_mixin.py:149} INFO - [2024-08-29T19:52:18.430+0000] {dag.py:3486} INFO - Setting next_dagrun for example_xcom to 2021-01-01T00:00:00+00:00, run_after=2021-01-01T00:00:00+00:00
[2024-08-29T19:52:18.458+0000] {processor.py:179} INFO - Processing /home/airflow-vm/data-engineer-batch-processing-financial-services/.venv/lib/python3.10/site-packages/airflow/example_dags/example_xcom.py took 0.077 seconds
[2024-08-29T19:53:03.205+0000] {processor.py:157} INFO - Started process (PID=51011) to work on /home/airflow-vm/data-engineer-batch-processing-financial-services/.venv/lib/python3.10/site-packages/airflow/example_dags/example_xcom.py
[2024-08-29T19:53:03.206+0000] {processor.py:826} INFO - Processing file /home/airflow-vm/data-engineer-batch-processing-financial-services/.venv/lib/python3.10/site-packages/airflow/example_dags/example_xcom.py for tasks to queue
[2024-08-29T19:53:03.207+0000] {logging_mixin.py:149} INFO - [2024-08-29T19:53:03.207+0000] {dagbag.py:541} INFO - Filling up the DagBag from /home/airflow-vm/data-engineer-batch-processing-financial-services/.venv/lib/python3.10/site-packages/airflow/example_dags/example_xcom.py
[2024-08-29T19:53:03.214+0000] {processor.py:836} INFO - DAG(s) dict_keys(['example_xcom']) retrieved from /home/airflow-vm/data-engineer-batch-processing-financial-services/.venv/lib/python3.10/site-packages/airflow/example_dags/example_xcom.py
[2024-08-29T19:53:03.232+0000] {logging_mixin.py:149} INFO - [2024-08-29T19:53:03.232+0000] {dag.py:2726} INFO - Sync 1 DAGs
[2024-08-29T19:53:03.251+0000] {logging_mixin.py:149} INFO - [2024-08-29T19:53:03.251+0000] {dag.py:3486} INFO - Setting next_dagrun for example_xcom to 2021-01-01T00:00:00+00:00, run_after=2021-01-01T00:00:00+00:00
[2024-08-29T19:53:03.280+0000] {processor.py:179} INFO - Processing /home/airflow-vm/data-engineer-batch-processing-financial-services/.venv/lib/python3.10/site-packages/airflow/example_dags/example_xcom.py took 0.077 seconds
[2024-08-29T19:53:47.522+0000] {processor.py:157} INFO - Started process (PID=51167) to work on /home/airflow-vm/data-engineer-batch-processing-financial-services/.venv/lib/python3.10/site-packages/airflow/example_dags/example_xcom.py
[2024-08-29T19:53:47.523+0000] {processor.py:826} INFO - Processing file /home/airflow-vm/data-engineer-batch-processing-financial-services/.venv/lib/python3.10/site-packages/airflow/example_dags/example_xcom.py for tasks to queue
[2024-08-29T19:53:47.523+0000] {logging_mixin.py:149} INFO - [2024-08-29T19:53:47.523+0000] {dagbag.py:541} INFO - Filling up the DagBag from /home/airflow-vm/data-engineer-batch-processing-financial-services/.venv/lib/python3.10/site-packages/airflow/example_dags/example_xcom.py
[2024-08-29T19:53:47.530+0000] {processor.py:836} INFO - DAG(s) dict_keys(['example_xcom']) retrieved from /home/airflow-vm/data-engineer-batch-processing-financial-services/.venv/lib/python3.10/site-packages/airflow/example_dags/example_xcom.py
[2024-08-29T19:53:47.547+0000] {logging_mixin.py:149} INFO - [2024-08-29T19:53:47.547+0000] {dag.py:2726} INFO - Sync 1 DAGs
[2024-08-29T19:53:47.566+0000] {logging_mixin.py:149} INFO - [2024-08-29T19:53:47.565+0000] {dag.py:3486} INFO - Setting next_dagrun for example_xcom to 2021-01-01T00:00:00+00:00, run_after=2021-01-01T00:00:00+00:00
[2024-08-29T19:53:47.594+0000] {processor.py:179} INFO - Processing /home/airflow-vm/data-engineer-batch-processing-financial-services/.venv/lib/python3.10/site-packages/airflow/example_dags/example_xcom.py took 0.074 seconds
[2024-08-29T19:54:36.647+0000] {processor.py:157} INFO - Started process (PID=51296) to work on /home/airflow-vm/data-engineer-batch-processing-financial-services/.venv/lib/python3.10/site-packages/airflow/example_dags/example_xcom.py
[2024-08-29T19:54:36.648+0000] {processor.py:826} INFO - Processing file /home/airflow-vm/data-engineer-batch-processing-financial-services/.venv/lib/python3.10/site-packages/airflow/example_dags/example_xcom.py for tasks to queue
[2024-08-29T19:54:36.649+0000] {logging_mixin.py:149} INFO - [2024-08-29T19:54:36.649+0000] {dagbag.py:541} INFO - Filling up the DagBag from /home/airflow-vm/data-engineer-batch-processing-financial-services/.venv/lib/python3.10/site-packages/airflow/example_dags/example_xcom.py
[2024-08-29T19:54:36.655+0000] {processor.py:836} INFO - DAG(s) dict_keys(['example_xcom']) retrieved from /home/airflow-vm/data-engineer-batch-processing-financial-services/.venv/lib/python3.10/site-packages/airflow/example_dags/example_xcom.py
[2024-08-29T19:54:36.674+0000] {logging_mixin.py:149} INFO - [2024-08-29T19:54:36.674+0000] {dag.py:2726} INFO - Sync 1 DAGs
[2024-08-29T19:54:36.693+0000] {logging_mixin.py:149} INFO - [2024-08-29T19:54:36.692+0000] {dag.py:3486} INFO - Setting next_dagrun for example_xcom to 2021-01-01T00:00:00+00:00, run_after=2021-01-01T00:00:00+00:00
[2024-08-29T19:54:36.721+0000] {processor.py:179} INFO - Processing /home/airflow-vm/data-engineer-batch-processing-financial-services/.venv/lib/python3.10/site-packages/airflow/example_dags/example_xcom.py took 0.076 seconds
[2024-08-29T19:55:24.215+0000] {processor.py:157} INFO - Started process (PID=51671) to work on /home/airflow-vm/data-engineer-batch-processing-financial-services/.venv/lib/python3.10/site-packages/airflow/example_dags/example_xcom.py
[2024-08-29T19:55:24.216+0000] {processor.py:826} INFO - Processing file /home/airflow-vm/data-engineer-batch-processing-financial-services/.venv/lib/python3.10/site-packages/airflow/example_dags/example_xcom.py for tasks to queue
[2024-08-29T19:55:24.217+0000] {logging_mixin.py:149} INFO - [2024-08-29T19:55:24.217+0000] {dagbag.py:541} INFO - Filling up the DagBag from /home/airflow-vm/data-engineer-batch-processing-financial-services/.venv/lib/python3.10/site-packages/airflow/example_dags/example_xcom.py
[2024-08-29T19:55:24.224+0000] {processor.py:836} INFO - DAG(s) dict_keys(['example_xcom']) retrieved from /home/airflow-vm/data-engineer-batch-processing-financial-services/.venv/lib/python3.10/site-packages/airflow/example_dags/example_xcom.py
[2024-08-29T19:55:24.244+0000] {logging_mixin.py:149} INFO - [2024-08-29T19:55:24.244+0000] {dag.py:2726} INFO - Sync 1 DAGs
[2024-08-29T19:55:24.264+0000] {logging_mixin.py:149} INFO - [2024-08-29T19:55:24.264+0000] {dag.py:3486} INFO - Setting next_dagrun for example_xcom to 2021-01-01T00:00:00+00:00, run_after=2021-01-01T00:00:00+00:00
[2024-08-29T19:55:24.317+0000] {processor.py:179} INFO - Processing /home/airflow-vm/data-engineer-batch-processing-financial-services/.venv/lib/python3.10/site-packages/airflow/example_dags/example_xcom.py took 0.104 seconds
[2024-08-29T20:11:35.569+0000] {processor.py:157} INFO - Started process (PID=56312) to work on /home/airflow-vm/data-engineer-batch-processing-financial-services/.venv/lib/python3.10/site-packages/airflow/example_dags/example_xcom.py
[2024-08-29T20:11:35.570+0000] {processor.py:826} INFO - Processing file /home/airflow-vm/data-engineer-batch-processing-financial-services/.venv/lib/python3.10/site-packages/airflow/example_dags/example_xcom.py for tasks to queue
[2024-08-29T20:11:35.570+0000] {logging_mixin.py:149} INFO - [2024-08-29T20:11:35.570+0000] {dagbag.py:541} INFO - Filling up the DagBag from /home/airflow-vm/data-engineer-batch-processing-financial-services/.venv/lib/python3.10/site-packages/airflow/example_dags/example_xcom.py
[2024-08-29T20:11:35.578+0000] {processor.py:836} INFO - DAG(s) dict_keys(['example_xcom']) retrieved from /home/airflow-vm/data-engineer-batch-processing-financial-services/.venv/lib/python3.10/site-packages/airflow/example_dags/example_xcom.py
[2024-08-29T20:11:35.599+0000] {logging_mixin.py:149} INFO - [2024-08-29T20:11:35.598+0000] {dag.py:2726} INFO - Sync 1 DAGs
[2024-08-29T20:11:35.616+0000] {logging_mixin.py:149} INFO - [2024-08-29T20:11:35.616+0000] {dag.py:3486} INFO - Setting next_dagrun for example_xcom to 2021-01-01T00:00:00+00:00, run_after=2021-01-01T00:00:00+00:00
[2024-08-29T20:11:35.645+0000] {processor.py:179} INFO - Processing /home/airflow-vm/data-engineer-batch-processing-financial-services/.venv/lib/python3.10/site-packages/airflow/example_dags/example_xcom.py took 0.078 seconds
[2024-08-29T20:12:20.921+0000] {processor.py:157} INFO - Started process (PID=56590) to work on /home/airflow-vm/data-engineer-batch-processing-financial-services/.venv/lib/python3.10/site-packages/airflow/example_dags/example_xcom.py
[2024-08-29T20:12:20.921+0000] {processor.py:826} INFO - Processing file /home/airflow-vm/data-engineer-batch-processing-financial-services/.venv/lib/python3.10/site-packages/airflow/example_dags/example_xcom.py for tasks to queue
[2024-08-29T20:12:20.922+0000] {logging_mixin.py:149} INFO - [2024-08-29T20:12:20.922+0000] {dagbag.py:541} INFO - Filling up the DagBag from /home/airflow-vm/data-engineer-batch-processing-financial-services/.venv/lib/python3.10/site-packages/airflow/example_dags/example_xcom.py
[2024-08-29T20:12:20.928+0000] {processor.py:836} INFO - DAG(s) dict_keys(['example_xcom']) retrieved from /home/airflow-vm/data-engineer-batch-processing-financial-services/.venv/lib/python3.10/site-packages/airflow/example_dags/example_xcom.py
[2024-08-29T20:12:20.946+0000] {logging_mixin.py:149} INFO - [2024-08-29T20:12:20.946+0000] {dag.py:2726} INFO - Sync 1 DAGs
[2024-08-29T20:12:20.965+0000] {logging_mixin.py:149} INFO - [2024-08-29T20:12:20.965+0000] {dag.py:3486} INFO - Setting next_dagrun for example_xcom to 2021-01-01T00:00:00+00:00, run_after=2021-01-01T00:00:00+00:00
[2024-08-29T20:12:20.994+0000] {processor.py:179} INFO - Processing /home/airflow-vm/data-engineer-batch-processing-financial-services/.venv/lib/python3.10/site-packages/airflow/example_dags/example_xcom.py took 0.076 seconds
[2024-08-29T20:13:04.397+0000] {processor.py:157} INFO - Started process (PID=56874) to work on /home/airflow-vm/data-engineer-batch-processing-financial-services/.venv/lib/python3.10/site-packages/airflow/example_dags/example_xcom.py
[2024-08-29T20:13:04.398+0000] {processor.py:826} INFO - Processing file /home/airflow-vm/data-engineer-batch-processing-financial-services/.venv/lib/python3.10/site-packages/airflow/example_dags/example_xcom.py for tasks to queue
[2024-08-29T20:13:04.398+0000] {logging_mixin.py:149} INFO - [2024-08-29T20:13:04.398+0000] {dagbag.py:541} INFO - Filling up the DagBag from /home/airflow-vm/data-engineer-batch-processing-financial-services/.venv/lib/python3.10/site-packages/airflow/example_dags/example_xcom.py
[2024-08-29T20:13:04.405+0000] {processor.py:836} INFO - DAG(s) dict_keys(['example_xcom']) retrieved from /home/airflow-vm/data-engineer-batch-processing-financial-services/.venv/lib/python3.10/site-packages/airflow/example_dags/example_xcom.py
[2024-08-29T20:13:04.422+0000] {logging_mixin.py:149} INFO - [2024-08-29T20:13:04.422+0000] {dag.py:2726} INFO - Sync 1 DAGs
[2024-08-29T20:13:04.440+0000] {logging_mixin.py:149} INFO - [2024-08-29T20:13:04.440+0000] {dag.py:3486} INFO - Setting next_dagrun for example_xcom to 2021-01-01T00:00:00+00:00, run_after=2021-01-01T00:00:00+00:00
[2024-08-29T20:13:04.468+0000] {processor.py:179} INFO - Processing /home/airflow-vm/data-engineer-batch-processing-financial-services/.venv/lib/python3.10/site-packages/airflow/example_dags/example_xcom.py took 0.073 seconds
[2024-08-29T20:15:03.169+0000] {processor.py:157} INFO - Started process (PID=57363) to work on /home/airflow-vm/data-engineer-batch-processing-financial-services/.venv/lib/python3.10/site-packages/airflow/example_dags/example_xcom.py
[2024-08-29T20:15:03.170+0000] {processor.py:826} INFO - Processing file /home/airflow-vm/data-engineer-batch-processing-financial-services/.venv/lib/python3.10/site-packages/airflow/example_dags/example_xcom.py for tasks to queue
[2024-08-29T20:15:03.171+0000] {logging_mixin.py:149} INFO - [2024-08-29T20:15:03.170+0000] {dagbag.py:541} INFO - Filling up the DagBag from /home/airflow-vm/data-engineer-batch-processing-financial-services/.venv/lib/python3.10/site-packages/airflow/example_dags/example_xcom.py
[2024-08-29T20:15:03.179+0000] {processor.py:836} INFO - DAG(s) dict_keys(['example_xcom']) retrieved from /home/airflow-vm/data-engineer-batch-processing-financial-services/.venv/lib/python3.10/site-packages/airflow/example_dags/example_xcom.py
[2024-08-29T20:15:03.199+0000] {logging_mixin.py:149} INFO - [2024-08-29T20:15:03.199+0000] {dag.py:2726} INFO - Sync 1 DAGs
[2024-08-29T20:15:03.217+0000] {logging_mixin.py:149} INFO - [2024-08-29T20:15:03.217+0000] {dag.py:3486} INFO - Setting next_dagrun for example_xcom to 2021-01-01T00:00:00+00:00, run_after=2021-01-01T00:00:00+00:00
[2024-08-29T20:15:03.245+0000] {processor.py:179} INFO - Processing /home/airflow-vm/data-engineer-batch-processing-financial-services/.venv/lib/python3.10/site-packages/airflow/example_dags/example_xcom.py took 0.078 seconds
[2024-08-29T20:15:47.454+0000] {processor.py:157} INFO - Started process (PID=57876) to work on /home/airflow-vm/data-engineer-batch-processing-financial-services/.venv/lib/python3.10/site-packages/airflow/example_dags/example_xcom.py
[2024-08-29T20:15:47.455+0000] {processor.py:826} INFO - Processing file /home/airflow-vm/data-engineer-batch-processing-financial-services/.venv/lib/python3.10/site-packages/airflow/example_dags/example_xcom.py for tasks to queue
[2024-08-29T20:15:47.455+0000] {logging_mixin.py:149} INFO - [2024-08-29T20:15:47.455+0000] {dagbag.py:541} INFO - Filling up the DagBag from /home/airflow-vm/data-engineer-batch-processing-financial-services/.venv/lib/python3.10/site-packages/airflow/example_dags/example_xcom.py
[2024-08-29T20:15:47.461+0000] {processor.py:836} INFO - DAG(s) dict_keys(['example_xcom']) retrieved from /home/airflow-vm/data-engineer-batch-processing-financial-services/.venv/lib/python3.10/site-packages/airflow/example_dags/example_xcom.py
[2024-08-29T20:15:47.479+0000] {logging_mixin.py:149} INFO - [2024-08-29T20:15:47.479+0000] {dag.py:2726} INFO - Sync 1 DAGs
[2024-08-29T20:15:47.498+0000] {logging_mixin.py:149} INFO - [2024-08-29T20:15:47.498+0000] {dag.py:3486} INFO - Setting next_dagrun for example_xcom to 2021-01-01T00:00:00+00:00, run_after=2021-01-01T00:00:00+00:00
[2024-08-29T20:15:47.525+0000] {processor.py:179} INFO - Processing /home/airflow-vm/data-engineer-batch-processing-financial-services/.venv/lib/python3.10/site-packages/airflow/example_dags/example_xcom.py took 0.073 seconds
[2024-08-29T20:16:34.543+0000] {processor.py:157} INFO - Started process (PID=58240) to work on /home/airflow-vm/data-engineer-batch-processing-financial-services/.venv/lib/python3.10/site-packages/airflow/example_dags/example_xcom.py
[2024-08-29T20:16:34.544+0000] {processor.py:826} INFO - Processing file /home/airflow-vm/data-engineer-batch-processing-financial-services/.venv/lib/python3.10/site-packages/airflow/example_dags/example_xcom.py for tasks to queue
[2024-08-29T20:16:34.545+0000] {logging_mixin.py:149} INFO - [2024-08-29T20:16:34.545+0000] {dagbag.py:541} INFO - Filling up the DagBag from /home/airflow-vm/data-engineer-batch-processing-financial-services/.venv/lib/python3.10/site-packages/airflow/example_dags/example_xcom.py
[2024-08-29T20:16:34.552+0000] {processor.py:836} INFO - DAG(s) dict_keys(['example_xcom']) retrieved from /home/airflow-vm/data-engineer-batch-processing-financial-services/.venv/lib/python3.10/site-packages/airflow/example_dags/example_xcom.py
[2024-08-29T20:16:34.572+0000] {logging_mixin.py:149} INFO - [2024-08-29T20:16:34.571+0000] {dag.py:2726} INFO - Sync 1 DAGs
[2024-08-29T20:16:34.591+0000] {logging_mixin.py:149} INFO - [2024-08-29T20:16:34.591+0000] {dag.py:3486} INFO - Setting next_dagrun for example_xcom to 2021-01-01T00:00:00+00:00, run_after=2021-01-01T00:00:00+00:00
[2024-08-29T20:16:34.620+0000] {processor.py:179} INFO - Processing /home/airflow-vm/data-engineer-batch-processing-financial-services/.venv/lib/python3.10/site-packages/airflow/example_dags/example_xcom.py took 0.079 seconds
[2024-08-29T20:23:39.135+0000] {processor.py:157} INFO - Started process (PID=60694) to work on /home/airflow-vm/data-engineer-batch-processing-financial-services/.venv/lib/python3.10/site-packages/airflow/example_dags/example_xcom.py
[2024-08-29T20:23:39.136+0000] {processor.py:826} INFO - Processing file /home/airflow-vm/data-engineer-batch-processing-financial-services/.venv/lib/python3.10/site-packages/airflow/example_dags/example_xcom.py for tasks to queue
[2024-08-29T20:23:39.137+0000] {logging_mixin.py:149} INFO - [2024-08-29T20:23:39.136+0000] {dagbag.py:541} INFO - Filling up the DagBag from /home/airflow-vm/data-engineer-batch-processing-financial-services/.venv/lib/python3.10/site-packages/airflow/example_dags/example_xcom.py
[2024-08-29T20:23:39.144+0000] {processor.py:836} INFO - DAG(s) dict_keys(['example_xcom']) retrieved from /home/airflow-vm/data-engineer-batch-processing-financial-services/.venv/lib/python3.10/site-packages/airflow/example_dags/example_xcom.py
[2024-08-29T20:23:39.151+0000] {logging_mixin.py:149} INFO - [2024-08-29T20:23:39.151+0000] {dag.py:2726} INFO - Sync 1 DAGs
[2024-08-29T20:23:39.171+0000] {logging_mixin.py:149} INFO - [2024-08-29T20:23:39.171+0000] {dag.py:3486} INFO - Setting next_dagrun for example_xcom to 2021-01-01T00:00:00+00:00, run_after=2021-01-01T00:00:00+00:00
[2024-08-29T20:23:39.199+0000] {processor.py:179} INFO - Processing /home/airflow-vm/data-engineer-batch-processing-financial-services/.venv/lib/python3.10/site-packages/airflow/example_dags/example_xcom.py took 0.066 seconds
[2024-08-29T20:25:36.704+0000] {processor.py:157} INFO - Started process (PID=62139) to work on /home/airflow-vm/data-engineer-batch-processing-financial-services/.venv/lib/python3.10/site-packages/airflow/example_dags/example_xcom.py
[2024-08-29T20:25:36.705+0000] {processor.py:826} INFO - Processing file /home/airflow-vm/data-engineer-batch-processing-financial-services/.venv/lib/python3.10/site-packages/airflow/example_dags/example_xcom.py for tasks to queue
[2024-08-29T20:25:36.705+0000] {logging_mixin.py:149} INFO - [2024-08-29T20:25:36.705+0000] {dagbag.py:541} INFO - Filling up the DagBag from /home/airflow-vm/data-engineer-batch-processing-financial-services/.venv/lib/python3.10/site-packages/airflow/example_dags/example_xcom.py
[2024-08-29T20:25:36.712+0000] {processor.py:836} INFO - DAG(s) dict_keys(['example_xcom']) retrieved from /home/airflow-vm/data-engineer-batch-processing-financial-services/.venv/lib/python3.10/site-packages/airflow/example_dags/example_xcom.py
[2024-08-29T20:25:36.730+0000] {logging_mixin.py:149} INFO - [2024-08-29T20:25:36.730+0000] {dag.py:2726} INFO - Sync 1 DAGs
[2024-08-29T20:25:36.749+0000] {logging_mixin.py:149} INFO - [2024-08-29T20:25:36.748+0000] {dag.py:3486} INFO - Setting next_dagrun for example_xcom to 2021-01-01T00:00:00+00:00, run_after=2021-01-01T00:00:00+00:00
[2024-08-29T20:25:36.776+0000] {processor.py:179} INFO - Processing /home/airflow-vm/data-engineer-batch-processing-financial-services/.venv/lib/python3.10/site-packages/airflow/example_dags/example_xcom.py took 0.074 seconds
[2024-08-29T20:26:46.666+0000] {processor.py:157} INFO - Started process (PID=63046) to work on /home/airflow-vm/data-engineer-batch-processing-financial-services/.venv/lib/python3.10/site-packages/airflow/example_dags/example_xcom.py
[2024-08-29T20:26:46.667+0000] {processor.py:826} INFO - Processing file /home/airflow-vm/data-engineer-batch-processing-financial-services/.venv/lib/python3.10/site-packages/airflow/example_dags/example_xcom.py for tasks to queue
[2024-08-29T20:26:46.668+0000] {logging_mixin.py:149} INFO - [2024-08-29T20:26:46.668+0000] {dagbag.py:541} INFO - Filling up the DagBag from /home/airflow-vm/data-engineer-batch-processing-financial-services/.venv/lib/python3.10/site-packages/airflow/example_dags/example_xcom.py
[2024-08-29T20:26:46.674+0000] {processor.py:836} INFO - DAG(s) dict_keys(['example_xcom']) retrieved from /home/airflow-vm/data-engineer-batch-processing-financial-services/.venv/lib/python3.10/site-packages/airflow/example_dags/example_xcom.py
[2024-08-29T20:26:46.692+0000] {logging_mixin.py:149} INFO - [2024-08-29T20:26:46.692+0000] {dag.py:2726} INFO - Sync 1 DAGs
[2024-08-29T20:26:46.710+0000] {logging_mixin.py:149} INFO - [2024-08-29T20:26:46.710+0000] {dag.py:3486} INFO - Setting next_dagrun for example_xcom to 2021-01-01T00:00:00+00:00, run_after=2021-01-01T00:00:00+00:00
[2024-08-29T20:26:46.740+0000] {processor.py:179} INFO - Processing /home/airflow-vm/data-engineer-batch-processing-financial-services/.venv/lib/python3.10/site-packages/airflow/example_dags/example_xcom.py took 0.076 seconds
[2024-08-29T20:27:29.845+0000] {processor.py:157} INFO - Started process (PID=63507) to work on /home/airflow-vm/data-engineer-batch-processing-financial-services/.venv/lib/python3.10/site-packages/airflow/example_dags/example_xcom.py
[2024-08-29T20:27:29.845+0000] {processor.py:826} INFO - Processing file /home/airflow-vm/data-engineer-batch-processing-financial-services/.venv/lib/python3.10/site-packages/airflow/example_dags/example_xcom.py for tasks to queue
[2024-08-29T20:27:29.846+0000] {logging_mixin.py:149} INFO - [2024-08-29T20:27:29.846+0000] {dagbag.py:541} INFO - Filling up the DagBag from /home/airflow-vm/data-engineer-batch-processing-financial-services/.venv/lib/python3.10/site-packages/airflow/example_dags/example_xcom.py
[2024-08-29T20:27:29.852+0000] {processor.py:836} INFO - DAG(s) dict_keys(['example_xcom']) retrieved from /home/airflow-vm/data-engineer-batch-processing-financial-services/.venv/lib/python3.10/site-packages/airflow/example_dags/example_xcom.py
[2024-08-29T20:27:29.869+0000] {logging_mixin.py:149} INFO - [2024-08-29T20:27:29.869+0000] {dag.py:2726} INFO - Sync 1 DAGs
[2024-08-29T20:27:29.888+0000] {logging_mixin.py:149} INFO - [2024-08-29T20:27:29.888+0000] {dag.py:3486} INFO - Setting next_dagrun for example_xcom to 2021-01-01T00:00:00+00:00, run_after=2021-01-01T00:00:00+00:00
[2024-08-29T20:27:29.918+0000] {processor.py:179} INFO - Processing /home/airflow-vm/data-engineer-batch-processing-financial-services/.venv/lib/python3.10/site-packages/airflow/example_dags/example_xcom.py took 0.075 seconds
[2024-08-29T20:28:12.337+0000] {processor.py:157} INFO - Started process (PID=63573) to work on /home/airflow-vm/data-engineer-batch-processing-financial-services/.venv/lib/python3.10/site-packages/airflow/example_dags/example_xcom.py
[2024-08-29T20:28:12.338+0000] {processor.py:826} INFO - Processing file /home/airflow-vm/data-engineer-batch-processing-financial-services/.venv/lib/python3.10/site-packages/airflow/example_dags/example_xcom.py for tasks to queue
[2024-08-29T20:28:12.338+0000] {logging_mixin.py:149} INFO - [2024-08-29T20:28:12.338+0000] {dagbag.py:541} INFO - Filling up the DagBag from /home/airflow-vm/data-engineer-batch-processing-financial-services/.venv/lib/python3.10/site-packages/airflow/example_dags/example_xcom.py
[2024-08-29T20:28:12.345+0000] {processor.py:836} INFO - DAG(s) dict_keys(['example_xcom']) retrieved from /home/airflow-vm/data-engineer-batch-processing-financial-services/.venv/lib/python3.10/site-packages/airflow/example_dags/example_xcom.py
[2024-08-29T20:28:12.363+0000] {logging_mixin.py:149} INFO - [2024-08-29T20:28:12.363+0000] {dag.py:2726} INFO - Sync 1 DAGs
[2024-08-29T20:28:12.382+0000] {logging_mixin.py:149} INFO - [2024-08-29T20:28:12.382+0000] {dag.py:3486} INFO - Setting next_dagrun for example_xcom to 2021-01-01T00:00:00+00:00, run_after=2021-01-01T00:00:00+00:00
[2024-08-29T20:28:12.411+0000] {processor.py:179} INFO - Processing /home/airflow-vm/data-engineer-batch-processing-financial-services/.venv/lib/python3.10/site-packages/airflow/example_dags/example_xcom.py took 0.076 seconds
[2024-08-29T20:29:31.664+0000] {processor.py:157} INFO - Started process (PID=64483) to work on /home/airflow-vm/data-engineer-batch-processing-financial-services/.venv/lib/python3.10/site-packages/airflow/example_dags/example_xcom.py
[2024-08-29T20:29:31.665+0000] {processor.py:826} INFO - Processing file /home/airflow-vm/data-engineer-batch-processing-financial-services/.venv/lib/python3.10/site-packages/airflow/example_dags/example_xcom.py for tasks to queue
[2024-08-29T20:29:31.665+0000] {logging_mixin.py:149} INFO - [2024-08-29T20:29:31.665+0000] {dagbag.py:541} INFO - Filling up the DagBag from /home/airflow-vm/data-engineer-batch-processing-financial-services/.venv/lib/python3.10/site-packages/airflow/example_dags/example_xcom.py
[2024-08-29T20:29:31.672+0000] {processor.py:836} INFO - DAG(s) dict_keys(['example_xcom']) retrieved from /home/airflow-vm/data-engineer-batch-processing-financial-services/.venv/lib/python3.10/site-packages/airflow/example_dags/example_xcom.py
[2024-08-29T20:29:31.689+0000] {logging_mixin.py:149} INFO - [2024-08-29T20:29:31.689+0000] {dag.py:2726} INFO - Sync 1 DAGs
[2024-08-29T20:29:31.708+0000] {logging_mixin.py:149} INFO - [2024-08-29T20:29:31.707+0000] {dag.py:3486} INFO - Setting next_dagrun for example_xcom to 2021-01-01T00:00:00+00:00, run_after=2021-01-01T00:00:00+00:00
[2024-08-29T20:29:31.735+0000] {processor.py:179} INFO - Processing /home/airflow-vm/data-engineer-batch-processing-financial-services/.venv/lib/python3.10/site-packages/airflow/example_dags/example_xcom.py took 0.074 seconds
[2024-08-29T20:30:40.792+0000] {processor.py:157} INFO - Started process (PID=65163) to work on /home/airflow-vm/data-engineer-batch-processing-financial-services/.venv/lib/python3.10/site-packages/airflow/example_dags/example_xcom.py
[2024-08-29T20:30:40.793+0000] {processor.py:826} INFO - Processing file /home/airflow-vm/data-engineer-batch-processing-financial-services/.venv/lib/python3.10/site-packages/airflow/example_dags/example_xcom.py for tasks to queue
[2024-08-29T20:30:40.794+0000] {logging_mixin.py:149} INFO - [2024-08-29T20:30:40.793+0000] {dagbag.py:541} INFO - Filling up the DagBag from /home/airflow-vm/data-engineer-batch-processing-financial-services/.venv/lib/python3.10/site-packages/airflow/example_dags/example_xcom.py
[2024-08-29T20:30:40.802+0000] {processor.py:836} INFO - DAG(s) dict_keys(['example_xcom']) retrieved from /home/airflow-vm/data-engineer-batch-processing-financial-services/.venv/lib/python3.10/site-packages/airflow/example_dags/example_xcom.py
[2024-08-29T20:30:40.809+0000] {logging_mixin.py:149} INFO - [2024-08-29T20:30:40.809+0000] {dag.py:2726} INFO - Sync 1 DAGs
[2024-08-29T20:30:40.829+0000] {logging_mixin.py:149} INFO - [2024-08-29T20:30:40.829+0000] {dag.py:3486} INFO - Setting next_dagrun for example_xcom to 2021-01-01T00:00:00+00:00, run_after=2021-01-01T00:00:00+00:00
[2024-08-29T20:30:40.856+0000] {processor.py:179} INFO - Processing /home/airflow-vm/data-engineer-batch-processing-financial-services/.venv/lib/python3.10/site-packages/airflow/example_dags/example_xcom.py took 0.066 seconds
[2024-08-29T20:32:31.587+0000] {processor.py:157} INFO - Started process (PID=66539) to work on /home/airflow-vm/data-engineer-batch-processing-financial-services/.venv/lib/python3.10/site-packages/airflow/example_dags/example_xcom.py
[2024-08-29T20:32:31.588+0000] {processor.py:826} INFO - Processing file /home/airflow-vm/data-engineer-batch-processing-financial-services/.venv/lib/python3.10/site-packages/airflow/example_dags/example_xcom.py for tasks to queue
[2024-08-29T20:32:31.589+0000] {logging_mixin.py:149} INFO - [2024-08-29T20:32:31.589+0000] {dagbag.py:541} INFO - Filling up the DagBag from /home/airflow-vm/data-engineer-batch-processing-financial-services/.venv/lib/python3.10/site-packages/airflow/example_dags/example_xcom.py
[2024-08-29T20:32:31.595+0000] {processor.py:836} INFO - DAG(s) dict_keys(['example_xcom']) retrieved from /home/airflow-vm/data-engineer-batch-processing-financial-services/.venv/lib/python3.10/site-packages/airflow/example_dags/example_xcom.py
[2024-08-29T20:32:31.613+0000] {logging_mixin.py:149} INFO - [2024-08-29T20:32:31.612+0000] {dag.py:2726} INFO - Sync 1 DAGs
[2024-08-29T20:32:31.631+0000] {logging_mixin.py:149} INFO - [2024-08-29T20:32:31.631+0000] {dag.py:3486} INFO - Setting next_dagrun for example_xcom to 2021-01-01T00:00:00+00:00, run_after=2021-01-01T00:00:00+00:00
[2024-08-29T20:32:31.659+0000] {processor.py:179} INFO - Processing /home/airflow-vm/data-engineer-batch-processing-financial-services/.venv/lib/python3.10/site-packages/airflow/example_dags/example_xcom.py took 0.073 seconds
[2024-08-29T20:33:54.529+0000] {processor.py:157} INFO - Started process (PID=67600) to work on /home/airflow-vm/data-engineer-batch-processing-financial-services/.venv/lib/python3.10/site-packages/airflow/example_dags/example_xcom.py
[2024-08-29T20:33:54.530+0000] {processor.py:826} INFO - Processing file /home/airflow-vm/data-engineer-batch-processing-financial-services/.venv/lib/python3.10/site-packages/airflow/example_dags/example_xcom.py for tasks to queue
[2024-08-29T20:33:54.530+0000] {logging_mixin.py:149} INFO - [2024-08-29T20:33:54.530+0000] {dagbag.py:541} INFO - Filling up the DagBag from /home/airflow-vm/data-engineer-batch-processing-financial-services/.venv/lib/python3.10/site-packages/airflow/example_dags/example_xcom.py
[2024-08-29T20:33:54.537+0000] {processor.py:836} INFO - DAG(s) dict_keys(['example_xcom']) retrieved from /home/airflow-vm/data-engineer-batch-processing-financial-services/.venv/lib/python3.10/site-packages/airflow/example_dags/example_xcom.py
[2024-08-29T20:33:54.555+0000] {logging_mixin.py:149} INFO - [2024-08-29T20:33:54.555+0000] {dag.py:2726} INFO - Sync 1 DAGs
[2024-08-29T20:33:54.574+0000] {logging_mixin.py:149} INFO - [2024-08-29T20:33:54.574+0000] {dag.py:3486} INFO - Setting next_dagrun for example_xcom to 2021-01-01T00:00:00+00:00, run_after=2021-01-01T00:00:00+00:00
[2024-08-29T20:33:54.601+0000] {processor.py:179} INFO - Processing /home/airflow-vm/data-engineer-batch-processing-financial-services/.venv/lib/python3.10/site-packages/airflow/example_dags/example_xcom.py took 0.074 seconds
[2024-08-29T20:35:06.891+0000] {processor.py:157} INFO - Started process (PID=68530) to work on /home/airflow-vm/data-engineer-batch-processing-financial-services/.venv/lib/python3.10/site-packages/airflow/example_dags/example_xcom.py
[2024-08-29T20:35:06.892+0000] {processor.py:826} INFO - Processing file /home/airflow-vm/data-engineer-batch-processing-financial-services/.venv/lib/python3.10/site-packages/airflow/example_dags/example_xcom.py for tasks to queue
[2024-08-29T20:35:06.892+0000] {logging_mixin.py:149} INFO - [2024-08-29T20:35:06.892+0000] {dagbag.py:541} INFO - Filling up the DagBag from /home/airflow-vm/data-engineer-batch-processing-financial-services/.venv/lib/python3.10/site-packages/airflow/example_dags/example_xcom.py
[2024-08-29T20:35:06.901+0000] {processor.py:836} INFO - DAG(s) dict_keys(['example_xcom']) retrieved from /home/airflow-vm/data-engineer-batch-processing-financial-services/.venv/lib/python3.10/site-packages/airflow/example_dags/example_xcom.py
[2024-08-29T20:35:06.909+0000] {logging_mixin.py:149} INFO - [2024-08-29T20:35:06.909+0000] {dag.py:2726} INFO - Sync 1 DAGs
[2024-08-29T20:35:06.931+0000] {logging_mixin.py:149} INFO - [2024-08-29T20:35:06.931+0000] {dag.py:3486} INFO - Setting next_dagrun for example_xcom to 2021-01-01T00:00:00+00:00, run_after=2021-01-01T00:00:00+00:00
[2024-08-29T20:35:06.966+0000] {processor.py:179} INFO - Processing /home/airflow-vm/data-engineer-batch-processing-financial-services/.venv/lib/python3.10/site-packages/airflow/example_dags/example_xcom.py took 0.078 seconds
[2024-08-29T20:37:03.030+0000] {processor.py:157} INFO - Started process (PID=69986) to work on /home/airflow-vm/data-engineer-batch-processing-financial-services/.venv/lib/python3.10/site-packages/airflow/example_dags/example_xcom.py
[2024-08-29T20:37:03.031+0000] {processor.py:826} INFO - Processing file /home/airflow-vm/data-engineer-batch-processing-financial-services/.venv/lib/python3.10/site-packages/airflow/example_dags/example_xcom.py for tasks to queue
[2024-08-29T20:37:03.031+0000] {logging_mixin.py:149} INFO - [2024-08-29T20:37:03.031+0000] {dagbag.py:541} INFO - Filling up the DagBag from /home/airflow-vm/data-engineer-batch-processing-financial-services/.venv/lib/python3.10/site-packages/airflow/example_dags/example_xcom.py
[2024-08-29T20:37:03.037+0000] {processor.py:836} INFO - DAG(s) dict_keys(['example_xcom']) retrieved from /home/airflow-vm/data-engineer-batch-processing-financial-services/.venv/lib/python3.10/site-packages/airflow/example_dags/example_xcom.py
[2024-08-29T20:37:03.055+0000] {logging_mixin.py:149} INFO - [2024-08-29T20:37:03.055+0000] {dag.py:2726} INFO - Sync 1 DAGs
[2024-08-29T20:37:03.083+0000] {logging_mixin.py:149} INFO - [2024-08-29T20:37:03.083+0000] {dag.py:3486} INFO - Setting next_dagrun for example_xcom to 2021-01-01T00:00:00+00:00, run_after=2021-01-01T00:00:00+00:00
[2024-08-29T20:37:03.110+0000] {processor.py:179} INFO - Processing /home/airflow-vm/data-engineer-batch-processing-financial-services/.venv/lib/python3.10/site-packages/airflow/example_dags/example_xcom.py took 0.082 seconds
[2024-08-29T20:38:27.427+0000] {processor.py:157} INFO - Started process (PID=71132) to work on /home/airflow-vm/data-engineer-batch-processing-financial-services/.venv/lib/python3.10/site-packages/airflow/example_dags/example_xcom.py
[2024-08-29T20:38:27.428+0000] {processor.py:826} INFO - Processing file /home/airflow-vm/data-engineer-batch-processing-financial-services/.venv/lib/python3.10/site-packages/airflow/example_dags/example_xcom.py for tasks to queue
[2024-08-29T20:38:27.428+0000] {logging_mixin.py:149} INFO - [2024-08-29T20:38:27.428+0000] {dagbag.py:541} INFO - Filling up the DagBag from /home/airflow-vm/data-engineer-batch-processing-financial-services/.venv/lib/python3.10/site-packages/airflow/example_dags/example_xcom.py
[2024-08-29T20:38:27.435+0000] {processor.py:836} INFO - DAG(s) dict_keys(['example_xcom']) retrieved from /home/airflow-vm/data-engineer-batch-processing-financial-services/.venv/lib/python3.10/site-packages/airflow/example_dags/example_xcom.py
[2024-08-29T20:38:27.453+0000] {logging_mixin.py:149} INFO - [2024-08-29T20:38:27.453+0000] {dag.py:2726} INFO - Sync 1 DAGs
[2024-08-29T20:38:27.471+0000] {logging_mixin.py:149} INFO - [2024-08-29T20:38:27.471+0000] {dag.py:3486} INFO - Setting next_dagrun for example_xcom to 2021-01-01T00:00:00+00:00, run_after=2021-01-01T00:00:00+00:00
[2024-08-29T20:38:27.497+0000] {processor.py:179} INFO - Processing /home/airflow-vm/data-engineer-batch-processing-financial-services/.venv/lib/python3.10/site-packages/airflow/example_dags/example_xcom.py took 0.073 seconds
