[2024-08-29T19:47:33.451+0000] {processor.py:157} INFO - Started process (PID=48816) to work on /home/airflow-vm/data-engineer-batch-processing-financial-services/.venv/lib/python3.10/site-packages/airflow/example_dags/example_time_delta_sensor_async.py
[2024-08-29T19:47:33.452+0000] {processor.py:826} INFO - Processing file /home/airflow-vm/data-engineer-batch-processing-financial-services/.venv/lib/python3.10/site-packages/airflow/example_dags/example_time_delta_sensor_async.py for tasks to queue
[2024-08-29T19:47:33.452+0000] {logging_mixin.py:149} INFO - [2024-08-29T19:47:33.452+0000] {dagbag.py:541} INFO - Filling up the DagBag from /home/airflow-vm/data-engineer-batch-processing-financial-services/.venv/lib/python3.10/site-packages/airflow/example_dags/example_time_delta_sensor_async.py
[2024-08-29T19:47:33.460+0000] {processor.py:836} INFO - DAG(s) dict_keys(['example_time_delta_sensor_async']) retrieved from /home/airflow-vm/data-engineer-batch-processing-financial-services/.venv/lib/python3.10/site-packages/airflow/example_dags/example_time_delta_sensor_async.py
[2024-08-29T19:47:33.582+0000] {logging_mixin.py:149} INFO - [2024-08-29T19:47:33.581+0000] {manager.py:504} INFO - Created Permission View: can delete on DAG:example_time_delta_sensor_async
[2024-08-29T19:47:33.600+0000] {logging_mixin.py:149} INFO - [2024-08-29T19:47:33.600+0000] {manager.py:504} INFO - Created Permission View: can edit on DAG:example_time_delta_sensor_async
[2024-08-29T19:47:33.618+0000] {logging_mixin.py:149} INFO - [2024-08-29T19:47:33.617+0000] {manager.py:504} INFO - Created Permission View: can read on DAG:example_time_delta_sensor_async
[2024-08-29T19:47:33.618+0000] {logging_mixin.py:149} INFO - [2024-08-29T19:47:33.618+0000] {dag.py:2726} INFO - Sync 1 DAGs
[2024-08-29T19:47:33.630+0000] {logging_mixin.py:149} INFO - [2024-08-29T19:47:33.630+0000] {dag.py:2747} INFO - Creating ORM DAG for example_time_delta_sensor_async
[2024-08-29T19:47:33.639+0000] {logging_mixin.py:149} INFO - [2024-08-29T19:47:33.639+0000] {dag.py:3486} INFO - Setting next_dagrun for example_time_delta_sensor_async to None, run_after=None
[2024-08-29T19:47:33.668+0000] {processor.py:179} INFO - Processing /home/airflow-vm/data-engineer-batch-processing-financial-services/.venv/lib/python3.10/site-packages/airflow/example_dags/example_time_delta_sensor_async.py took 0.220 seconds
[2024-08-29T19:48:26.297+0000] {processor.py:157} INFO - Started process (PID=49269) to work on /home/airflow-vm/data-engineer-batch-processing-financial-services/.venv/lib/python3.10/site-packages/airflow/example_dags/example_time_delta_sensor_async.py
[2024-08-29T19:48:26.298+0000] {processor.py:826} INFO - Processing file /home/airflow-vm/data-engineer-batch-processing-financial-services/.venv/lib/python3.10/site-packages/airflow/example_dags/example_time_delta_sensor_async.py for tasks to queue
[2024-08-29T19:48:26.299+0000] {logging_mixin.py:149} INFO - [2024-08-29T19:48:26.298+0000] {dagbag.py:541} INFO - Filling up the DagBag from /home/airflow-vm/data-engineer-batch-processing-financial-services/.venv/lib/python3.10/site-packages/airflow/example_dags/example_time_delta_sensor_async.py
[2024-08-29T19:48:26.302+0000] {processor.py:836} INFO - DAG(s) dict_keys(['example_time_delta_sensor_async']) retrieved from /home/airflow-vm/data-engineer-batch-processing-financial-services/.venv/lib/python3.10/site-packages/airflow/example_dags/example_time_delta_sensor_async.py
[2024-08-29T19:48:26.320+0000] {logging_mixin.py:149} INFO - [2024-08-29T19:48:26.320+0000] {dag.py:2726} INFO - Sync 1 DAGs
[2024-08-29T19:48:26.340+0000] {logging_mixin.py:149} INFO - [2024-08-29T19:48:26.340+0000] {dag.py:3486} INFO - Setting next_dagrun for example_time_delta_sensor_async to None, run_after=None
[2024-08-29T19:48:26.368+0000] {processor.py:179} INFO - Processing /home/airflow-vm/data-engineer-batch-processing-financial-services/.venv/lib/python3.10/site-packages/airflow/example_dags/example_time_delta_sensor_async.py took 0.073 seconds
[2024-08-29T19:49:03.562+0000] {processor.py:157} INFO - Started process (PID=49544) to work on /home/airflow-vm/data-engineer-batch-processing-financial-services/.venv/lib/python3.10/site-packages/airflow/example_dags/example_time_delta_sensor_async.py
[2024-08-29T19:49:03.563+0000] {processor.py:826} INFO - Processing file /home/airflow-vm/data-engineer-batch-processing-financial-services/.venv/lib/python3.10/site-packages/airflow/example_dags/example_time_delta_sensor_async.py for tasks to queue
[2024-08-29T19:49:03.564+0000] {logging_mixin.py:149} INFO - [2024-08-29T19:49:03.563+0000] {dagbag.py:541} INFO - Filling up the DagBag from /home/airflow-vm/data-engineer-batch-processing-financial-services/.venv/lib/python3.10/site-packages/airflow/example_dags/example_time_delta_sensor_async.py
[2024-08-29T19:49:03.567+0000] {processor.py:836} INFO - DAG(s) dict_keys(['example_time_delta_sensor_async']) retrieved from /home/airflow-vm/data-engineer-batch-processing-financial-services/.venv/lib/python3.10/site-packages/airflow/example_dags/example_time_delta_sensor_async.py
[2024-08-29T19:49:03.585+0000] {logging_mixin.py:149} INFO - [2024-08-29T19:49:03.584+0000] {dag.py:2726} INFO - Sync 1 DAGs
[2024-08-29T19:49:03.603+0000] {logging_mixin.py:149} INFO - [2024-08-29T19:49:03.603+0000] {dag.py:3486} INFO - Setting next_dagrun for example_time_delta_sensor_async to None, run_after=None
[2024-08-29T19:49:03.633+0000] {processor.py:179} INFO - Processing /home/airflow-vm/data-engineer-batch-processing-financial-services/.venv/lib/python3.10/site-packages/airflow/example_dags/example_time_delta_sensor_async.py took 0.074 seconds
[2024-08-29T19:49:37.018+0000] {processor.py:157} INFO - Started process (PID=49657) to work on /home/airflow-vm/data-engineer-batch-processing-financial-services/.venv/lib/python3.10/site-packages/airflow/example_dags/example_time_delta_sensor_async.py
[2024-08-29T19:49:37.019+0000] {processor.py:826} INFO - Processing file /home/airflow-vm/data-engineer-batch-processing-financial-services/.venv/lib/python3.10/site-packages/airflow/example_dags/example_time_delta_sensor_async.py for tasks to queue
[2024-08-29T19:49:37.019+0000] {logging_mixin.py:149} INFO - [2024-08-29T19:49:37.019+0000] {dagbag.py:541} INFO - Filling up the DagBag from /home/airflow-vm/data-engineer-batch-processing-financial-services/.venv/lib/python3.10/site-packages/airflow/example_dags/example_time_delta_sensor_async.py
[2024-08-29T19:49:37.023+0000] {processor.py:836} INFO - DAG(s) dict_keys(['example_time_delta_sensor_async']) retrieved from /home/airflow-vm/data-engineer-batch-processing-financial-services/.venv/lib/python3.10/site-packages/airflow/example_dags/example_time_delta_sensor_async.py
[2024-08-29T19:49:37.040+0000] {logging_mixin.py:149} INFO - [2024-08-29T19:49:37.040+0000] {dag.py:2726} INFO - Sync 1 DAGs
[2024-08-29T19:49:37.059+0000] {logging_mixin.py:149} INFO - [2024-08-29T19:49:37.059+0000] {dag.py:3486} INFO - Setting next_dagrun for example_time_delta_sensor_async to None, run_after=None
[2024-08-29T19:49:37.086+0000] {processor.py:179} INFO - Processing /home/airflow-vm/data-engineer-batch-processing-financial-services/.venv/lib/python3.10/site-packages/airflow/example_dags/example_time_delta_sensor_async.py took 0.071 seconds
[2024-08-29T19:50:09.432+0000] {processor.py:157} INFO - Started process (PID=49756) to work on /home/airflow-vm/data-engineer-batch-processing-financial-services/.venv/lib/python3.10/site-packages/airflow/example_dags/example_time_delta_sensor_async.py
[2024-08-29T19:50:09.433+0000] {processor.py:826} INFO - Processing file /home/airflow-vm/data-engineer-batch-processing-financial-services/.venv/lib/python3.10/site-packages/airflow/example_dags/example_time_delta_sensor_async.py for tasks to queue
[2024-08-29T19:50:09.434+0000] {logging_mixin.py:149} INFO - [2024-08-29T19:50:09.433+0000] {dagbag.py:541} INFO - Filling up the DagBag from /home/airflow-vm/data-engineer-batch-processing-financial-services/.venv/lib/python3.10/site-packages/airflow/example_dags/example_time_delta_sensor_async.py
[2024-08-29T19:50:09.437+0000] {processor.py:836} INFO - DAG(s) dict_keys(['example_time_delta_sensor_async']) retrieved from /home/airflow-vm/data-engineer-batch-processing-financial-services/.venv/lib/python3.10/site-packages/airflow/example_dags/example_time_delta_sensor_async.py
[2024-08-29T19:50:09.456+0000] {logging_mixin.py:149} INFO - [2024-08-29T19:50:09.455+0000] {dag.py:2726} INFO - Sync 1 DAGs
[2024-08-29T19:50:09.475+0000] {logging_mixin.py:149} INFO - [2024-08-29T19:50:09.475+0000] {dag.py:3486} INFO - Setting next_dagrun for example_time_delta_sensor_async to None, run_after=None
[2024-08-29T19:50:09.505+0000] {processor.py:179} INFO - Processing /home/airflow-vm/data-engineer-batch-processing-financial-services/.venv/lib/python3.10/site-packages/airflow/example_dags/example_time_delta_sensor_async.py took 0.075 seconds
[2024-08-29T19:50:42.710+0000] {processor.py:157} INFO - Started process (PID=50040) to work on /home/airflow-vm/data-engineer-batch-processing-financial-services/.venv/lib/python3.10/site-packages/airflow/example_dags/example_time_delta_sensor_async.py
[2024-08-29T19:50:42.710+0000] {processor.py:826} INFO - Processing file /home/airflow-vm/data-engineer-batch-processing-financial-services/.venv/lib/python3.10/site-packages/airflow/example_dags/example_time_delta_sensor_async.py for tasks to queue
[2024-08-29T19:50:42.711+0000] {logging_mixin.py:149} INFO - [2024-08-29T19:50:42.711+0000] {dagbag.py:541} INFO - Filling up the DagBag from /home/airflow-vm/data-engineer-batch-processing-financial-services/.venv/lib/python3.10/site-packages/airflow/example_dags/example_time_delta_sensor_async.py
[2024-08-29T19:50:42.714+0000] {processor.py:836} INFO - DAG(s) dict_keys(['example_time_delta_sensor_async']) retrieved from /home/airflow-vm/data-engineer-batch-processing-financial-services/.venv/lib/python3.10/site-packages/airflow/example_dags/example_time_delta_sensor_async.py
[2024-08-29T19:50:42.731+0000] {logging_mixin.py:149} INFO - [2024-08-29T19:50:42.731+0000] {dag.py:2726} INFO - Sync 1 DAGs
[2024-08-29T19:50:42.749+0000] {logging_mixin.py:149} INFO - [2024-08-29T19:50:42.749+0000] {dag.py:3486} INFO - Setting next_dagrun for example_time_delta_sensor_async to None, run_after=None
[2024-08-29T19:50:42.777+0000] {processor.py:179} INFO - Processing /home/airflow-vm/data-engineer-batch-processing-financial-services/.venv/lib/python3.10/site-packages/airflow/example_dags/example_time_delta_sensor_async.py took 0.069 seconds
[2024-08-29T19:51:28.547+0000] {processor.py:157} INFO - Started process (PID=50688) to work on /home/airflow-vm/data-engineer-batch-processing-financial-services/.venv/lib/python3.10/site-packages/airflow/example_dags/example_time_delta_sensor_async.py
[2024-08-29T19:51:28.547+0000] {processor.py:826} INFO - Processing file /home/airflow-vm/data-engineer-batch-processing-financial-services/.venv/lib/python3.10/site-packages/airflow/example_dags/example_time_delta_sensor_async.py for tasks to queue
[2024-08-29T19:51:28.548+0000] {logging_mixin.py:149} INFO - [2024-08-29T19:51:28.548+0000] {dagbag.py:541} INFO - Filling up the DagBag from /home/airflow-vm/data-engineer-batch-processing-financial-services/.venv/lib/python3.10/site-packages/airflow/example_dags/example_time_delta_sensor_async.py
[2024-08-29T19:51:28.552+0000] {processor.py:836} INFO - DAG(s) dict_keys(['example_time_delta_sensor_async']) retrieved from /home/airflow-vm/data-engineer-batch-processing-financial-services/.venv/lib/python3.10/site-packages/airflow/example_dags/example_time_delta_sensor_async.py
[2024-08-29T19:51:28.571+0000] {logging_mixin.py:149} INFO - [2024-08-29T19:51:28.571+0000] {dag.py:2726} INFO - Sync 1 DAGs
[2024-08-29T19:51:28.595+0000] {logging_mixin.py:149} INFO - [2024-08-29T19:51:28.595+0000] {dag.py:3486} INFO - Setting next_dagrun for example_time_delta_sensor_async to None, run_after=None
[2024-08-29T19:51:28.627+0000] {processor.py:179} INFO - Processing /home/airflow-vm/data-engineer-batch-processing-financial-services/.venv/lib/python3.10/site-packages/airflow/example_dags/example_time_delta_sensor_async.py took 0.083 seconds
[2024-08-29T19:52:01.345+0000] {processor.py:157} INFO - Started process (PID=50882) to work on /home/airflow-vm/data-engineer-batch-processing-financial-services/.venv/lib/python3.10/site-packages/airflow/example_dags/example_time_delta_sensor_async.py
[2024-08-29T19:52:01.346+0000] {processor.py:826} INFO - Processing file /home/airflow-vm/data-engineer-batch-processing-financial-services/.venv/lib/python3.10/site-packages/airflow/example_dags/example_time_delta_sensor_async.py for tasks to queue
[2024-08-29T19:52:01.346+0000] {logging_mixin.py:149} INFO - [2024-08-29T19:52:01.346+0000] {dagbag.py:541} INFO - Filling up the DagBag from /home/airflow-vm/data-engineer-batch-processing-financial-services/.venv/lib/python3.10/site-packages/airflow/example_dags/example_time_delta_sensor_async.py
[2024-08-29T19:52:01.350+0000] {processor.py:836} INFO - DAG(s) dict_keys(['example_time_delta_sensor_async']) retrieved from /home/airflow-vm/data-engineer-batch-processing-financial-services/.venv/lib/python3.10/site-packages/airflow/example_dags/example_time_delta_sensor_async.py
[2024-08-29T19:52:01.367+0000] {logging_mixin.py:149} INFO - [2024-08-29T19:52:01.367+0000] {dag.py:2726} INFO - Sync 1 DAGs
[2024-08-29T19:52:01.387+0000] {logging_mixin.py:149} INFO - [2024-08-29T19:52:01.386+0000] {dag.py:3486} INFO - Setting next_dagrun for example_time_delta_sensor_async to None, run_after=None
[2024-08-29T19:52:01.414+0000] {processor.py:179} INFO - Processing /home/airflow-vm/data-engineer-batch-processing-financial-services/.venv/lib/python3.10/site-packages/airflow/example_dags/example_time_delta_sensor_async.py took 0.071 seconds
[2024-08-29T19:52:33.374+0000] {processor.py:157} INFO - Started process (PID=50929) to work on /home/airflow-vm/data-engineer-batch-processing-financial-services/.venv/lib/python3.10/site-packages/airflow/example_dags/example_time_delta_sensor_async.py
[2024-08-29T19:52:33.375+0000] {processor.py:826} INFO - Processing file /home/airflow-vm/data-engineer-batch-processing-financial-services/.venv/lib/python3.10/site-packages/airflow/example_dags/example_time_delta_sensor_async.py for tasks to queue
[2024-08-29T19:52:33.376+0000] {logging_mixin.py:149} INFO - [2024-08-29T19:52:33.376+0000] {dagbag.py:541} INFO - Filling up the DagBag from /home/airflow-vm/data-engineer-batch-processing-financial-services/.venv/lib/python3.10/site-packages/airflow/example_dags/example_time_delta_sensor_async.py
[2024-08-29T19:52:33.379+0000] {processor.py:836} INFO - DAG(s) dict_keys(['example_time_delta_sensor_async']) retrieved from /home/airflow-vm/data-engineer-batch-processing-financial-services/.venv/lib/python3.10/site-packages/airflow/example_dags/example_time_delta_sensor_async.py
[2024-08-29T19:52:33.396+0000] {logging_mixin.py:149} INFO - [2024-08-29T19:52:33.396+0000] {dag.py:2726} INFO - Sync 1 DAGs
[2024-08-29T19:52:33.415+0000] {logging_mixin.py:149} INFO - [2024-08-29T19:52:33.415+0000] {dag.py:3486} INFO - Setting next_dagrun for example_time_delta_sensor_async to None, run_after=None
[2024-08-29T19:52:33.443+0000] {processor.py:179} INFO - Processing /home/airflow-vm/data-engineer-batch-processing-financial-services/.venv/lib/python3.10/site-packages/airflow/example_dags/example_time_delta_sensor_async.py took 0.071 seconds
[2024-08-29T19:53:16.490+0000] {processor.py:157} INFO - Started process (PID=51045) to work on /home/airflow-vm/data-engineer-batch-processing-financial-services/.venv/lib/python3.10/site-packages/airflow/example_dags/example_time_delta_sensor_async.py
[2024-08-29T19:53:16.491+0000] {processor.py:826} INFO - Processing file /home/airflow-vm/data-engineer-batch-processing-financial-services/.venv/lib/python3.10/site-packages/airflow/example_dags/example_time_delta_sensor_async.py for tasks to queue
[2024-08-29T19:53:16.492+0000] {logging_mixin.py:149} INFO - [2024-08-29T19:53:16.491+0000] {dagbag.py:541} INFO - Filling up the DagBag from /home/airflow-vm/data-engineer-batch-processing-financial-services/.venv/lib/python3.10/site-packages/airflow/example_dags/example_time_delta_sensor_async.py
[2024-08-29T19:53:16.495+0000] {processor.py:836} INFO - DAG(s) dict_keys(['example_time_delta_sensor_async']) retrieved from /home/airflow-vm/data-engineer-batch-processing-financial-services/.venv/lib/python3.10/site-packages/airflow/example_dags/example_time_delta_sensor_async.py
[2024-08-29T19:53:16.513+0000] {logging_mixin.py:149} INFO - [2024-08-29T19:53:16.513+0000] {dag.py:2726} INFO - Sync 1 DAGs
[2024-08-29T19:53:16.531+0000] {logging_mixin.py:149} INFO - [2024-08-29T19:53:16.531+0000] {dag.py:3486} INFO - Setting next_dagrun for example_time_delta_sensor_async to None, run_after=None
[2024-08-29T19:53:16.561+0000] {processor.py:179} INFO - Processing /home/airflow-vm/data-engineer-batch-processing-financial-services/.venv/lib/python3.10/site-packages/airflow/example_dags/example_time_delta_sensor_async.py took 0.074 seconds
[2024-08-29T19:54:01.116+0000] {processor.py:157} INFO - Started process (PID=51181) to work on /home/airflow-vm/data-engineer-batch-processing-financial-services/.venv/lib/python3.10/site-packages/airflow/example_dags/example_time_delta_sensor_async.py
[2024-08-29T19:54:01.117+0000] {processor.py:826} INFO - Processing file /home/airflow-vm/data-engineer-batch-processing-financial-services/.venv/lib/python3.10/site-packages/airflow/example_dags/example_time_delta_sensor_async.py for tasks to queue
[2024-08-29T19:54:01.118+0000] {logging_mixin.py:149} INFO - [2024-08-29T19:54:01.118+0000] {dagbag.py:541} INFO - Filling up the DagBag from /home/airflow-vm/data-engineer-batch-processing-financial-services/.venv/lib/python3.10/site-packages/airflow/example_dags/example_time_delta_sensor_async.py
[2024-08-29T19:54:01.121+0000] {processor.py:836} INFO - DAG(s) dict_keys(['example_time_delta_sensor_async']) retrieved from /home/airflow-vm/data-engineer-batch-processing-financial-services/.venv/lib/python3.10/site-packages/airflow/example_dags/example_time_delta_sensor_async.py
[2024-08-29T19:54:01.138+0000] {logging_mixin.py:149} INFO - [2024-08-29T19:54:01.138+0000] {dag.py:2726} INFO - Sync 1 DAGs
[2024-08-29T19:54:01.157+0000] {logging_mixin.py:149} INFO - [2024-08-29T19:54:01.157+0000] {dag.py:3486} INFO - Setting next_dagrun for example_time_delta_sensor_async to None, run_after=None
[2024-08-29T19:54:01.186+0000] {processor.py:179} INFO - Processing /home/airflow-vm/data-engineer-batch-processing-financial-services/.venv/lib/python3.10/site-packages/airflow/example_dags/example_time_delta_sensor_async.py took 0.072 seconds
[2024-08-29T19:54:33.840+0000] {processor.py:157} INFO - Started process (PID=51293) to work on /home/airflow-vm/data-engineer-batch-processing-financial-services/.venv/lib/python3.10/site-packages/airflow/example_dags/example_time_delta_sensor_async.py
[2024-08-29T19:54:33.841+0000] {processor.py:826} INFO - Processing file /home/airflow-vm/data-engineer-batch-processing-financial-services/.venv/lib/python3.10/site-packages/airflow/example_dags/example_time_delta_sensor_async.py for tasks to queue
[2024-08-29T19:54:33.841+0000] {logging_mixin.py:149} INFO - [2024-08-29T19:54:33.841+0000] {dagbag.py:541} INFO - Filling up the DagBag from /home/airflow-vm/data-engineer-batch-processing-financial-services/.venv/lib/python3.10/site-packages/airflow/example_dags/example_time_delta_sensor_async.py
[2024-08-29T19:54:33.845+0000] {processor.py:836} INFO - DAG(s) dict_keys(['example_time_delta_sensor_async']) retrieved from /home/airflow-vm/data-engineer-batch-processing-financial-services/.venv/lib/python3.10/site-packages/airflow/example_dags/example_time_delta_sensor_async.py
[2024-08-29T19:54:33.863+0000] {logging_mixin.py:149} INFO - [2024-08-29T19:54:33.862+0000] {dag.py:2726} INFO - Sync 1 DAGs
[2024-08-29T19:54:33.882+0000] {logging_mixin.py:149} INFO - [2024-08-29T19:54:33.881+0000] {dag.py:3486} INFO - Setting next_dagrun for example_time_delta_sensor_async to None, run_after=None
[2024-08-29T19:54:33.909+0000] {processor.py:179} INFO - Processing /home/airflow-vm/data-engineer-batch-processing-financial-services/.venv/lib/python3.10/site-packages/airflow/example_dags/example_time_delta_sensor_async.py took 0.071 seconds
[2024-08-29T19:55:04.911+0000] {processor.py:157} INFO - Started process (PID=51524) to work on /home/airflow-vm/data-engineer-batch-processing-financial-services/.venv/lib/python3.10/site-packages/airflow/example_dags/example_time_delta_sensor_async.py
[2024-08-29T19:55:04.912+0000] {processor.py:826} INFO - Processing file /home/airflow-vm/data-engineer-batch-processing-financial-services/.venv/lib/python3.10/site-packages/airflow/example_dags/example_time_delta_sensor_async.py for tasks to queue
[2024-08-29T19:55:04.913+0000] {logging_mixin.py:149} INFO - [2024-08-29T19:55:04.912+0000] {dagbag.py:541} INFO - Filling up the DagBag from /home/airflow-vm/data-engineer-batch-processing-financial-services/.venv/lib/python3.10/site-packages/airflow/example_dags/example_time_delta_sensor_async.py
[2024-08-29T19:55:04.916+0000] {processor.py:836} INFO - DAG(s) dict_keys(['example_time_delta_sensor_async']) retrieved from /home/airflow-vm/data-engineer-batch-processing-financial-services/.venv/lib/python3.10/site-packages/airflow/example_dags/example_time_delta_sensor_async.py
[2024-08-29T19:55:04.933+0000] {logging_mixin.py:149} INFO - [2024-08-29T19:55:04.933+0000] {dag.py:2726} INFO - Sync 1 DAGs
[2024-08-29T19:55:04.951+0000] {logging_mixin.py:149} INFO - [2024-08-29T19:55:04.951+0000] {dag.py:3486} INFO - Setting next_dagrun for example_time_delta_sensor_async to None, run_after=None
[2024-08-29T19:55:04.979+0000] {processor.py:179} INFO - Processing /home/airflow-vm/data-engineer-batch-processing-financial-services/.venv/lib/python3.10/site-packages/airflow/example_dags/example_time_delta_sensor_async.py took 0.070 seconds
[2024-08-29T19:55:37.228+0000] {processor.py:157} INFO - Started process (PID=51783) to work on /home/airflow-vm/data-engineer-batch-processing-financial-services/.venv/lib/python3.10/site-packages/airflow/example_dags/example_time_delta_sensor_async.py
[2024-08-29T19:55:37.229+0000] {processor.py:826} INFO - Processing file /home/airflow-vm/data-engineer-batch-processing-financial-services/.venv/lib/python3.10/site-packages/airflow/example_dags/example_time_delta_sensor_async.py for tasks to queue
[2024-08-29T19:55:37.229+0000] {logging_mixin.py:149} INFO - [2024-08-29T19:55:37.229+0000] {dagbag.py:541} INFO - Filling up the DagBag from /home/airflow-vm/data-engineer-batch-processing-financial-services/.venv/lib/python3.10/site-packages/airflow/example_dags/example_time_delta_sensor_async.py
[2024-08-29T19:55:37.233+0000] {processor.py:836} INFO - DAG(s) dict_keys(['example_time_delta_sensor_async']) retrieved from /home/airflow-vm/data-engineer-batch-processing-financial-services/.venv/lib/python3.10/site-packages/airflow/example_dags/example_time_delta_sensor_async.py
[2024-08-29T19:55:37.252+0000] {logging_mixin.py:149} INFO - [2024-08-29T19:55:37.252+0000] {dag.py:2726} INFO - Sync 1 DAGs
[2024-08-29T19:55:37.272+0000] {logging_mixin.py:149} INFO - [2024-08-29T19:55:37.272+0000] {dag.py:3486} INFO - Setting next_dagrun for example_time_delta_sensor_async to None, run_after=None
[2024-08-29T19:55:37.302+0000] {processor.py:179} INFO - Processing /home/airflow-vm/data-engineer-batch-processing-financial-services/.venv/lib/python3.10/site-packages/airflow/example_dags/example_time_delta_sensor_async.py took 0.077 seconds
[2024-08-29T20:11:29.852+0000] {processor.py:157} INFO - Started process (PID=56249) to work on /home/airflow-vm/data-engineer-batch-processing-financial-services/.venv/lib/python3.10/site-packages/airflow/example_dags/example_time_delta_sensor_async.py
[2024-08-29T20:11:29.853+0000] {processor.py:826} INFO - Processing file /home/airflow-vm/data-engineer-batch-processing-financial-services/.venv/lib/python3.10/site-packages/airflow/example_dags/example_time_delta_sensor_async.py for tasks to queue
[2024-08-29T20:11:29.853+0000] {logging_mixin.py:149} INFO - [2024-08-29T20:11:29.853+0000] {dagbag.py:541} INFO - Filling up the DagBag from /home/airflow-vm/data-engineer-batch-processing-financial-services/.venv/lib/python3.10/site-packages/airflow/example_dags/example_time_delta_sensor_async.py
[2024-08-29T20:11:29.859+0000] {processor.py:836} INFO - DAG(s) dict_keys(['example_time_delta_sensor_async']) retrieved from /home/airflow-vm/data-engineer-batch-processing-financial-services/.venv/lib/python3.10/site-packages/airflow/example_dags/example_time_delta_sensor_async.py
[2024-08-29T20:11:29.880+0000] {logging_mixin.py:149} INFO - [2024-08-29T20:11:29.880+0000] {dag.py:2726} INFO - Sync 1 DAGs
[2024-08-29T20:11:29.899+0000] {logging_mixin.py:149} INFO - [2024-08-29T20:11:29.899+0000] {dag.py:3486} INFO - Setting next_dagrun for example_time_delta_sensor_async to None, run_after=None
[2024-08-29T20:11:29.926+0000] {processor.py:179} INFO - Processing /home/airflow-vm/data-engineer-batch-processing-financial-services/.venv/lib/python3.10/site-packages/airflow/example_dags/example_time_delta_sensor_async.py took 0.077 seconds
[2024-08-29T20:12:15.763+0000] {processor.py:157} INFO - Started process (PID=56548) to work on /home/airflow-vm/data-engineer-batch-processing-financial-services/.venv/lib/python3.10/site-packages/airflow/example_dags/example_time_delta_sensor_async.py
[2024-08-29T20:12:15.764+0000] {processor.py:826} INFO - Processing file /home/airflow-vm/data-engineer-batch-processing-financial-services/.venv/lib/python3.10/site-packages/airflow/example_dags/example_time_delta_sensor_async.py for tasks to queue
[2024-08-29T20:12:15.764+0000] {logging_mixin.py:149} INFO - [2024-08-29T20:12:15.764+0000] {dagbag.py:541} INFO - Filling up the DagBag from /home/airflow-vm/data-engineer-batch-processing-financial-services/.venv/lib/python3.10/site-packages/airflow/example_dags/example_time_delta_sensor_async.py
[2024-08-29T20:12:15.768+0000] {processor.py:836} INFO - DAG(s) dict_keys(['example_time_delta_sensor_async']) retrieved from /home/airflow-vm/data-engineer-batch-processing-financial-services/.venv/lib/python3.10/site-packages/airflow/example_dags/example_time_delta_sensor_async.py
[2024-08-29T20:12:15.785+0000] {logging_mixin.py:149} INFO - [2024-08-29T20:12:15.785+0000] {dag.py:2726} INFO - Sync 1 DAGs
[2024-08-29T20:12:15.804+0000] {logging_mixin.py:149} INFO - [2024-08-29T20:12:15.804+0000] {dag.py:3486} INFO - Setting next_dagrun for example_time_delta_sensor_async to None, run_after=None
[2024-08-29T20:12:15.831+0000] {processor.py:179} INFO - Processing /home/airflow-vm/data-engineer-batch-processing-financial-services/.venv/lib/python3.10/site-packages/airflow/example_dags/example_time_delta_sensor_async.py took 0.071 seconds
[2024-08-29T20:12:59.489+0000] {processor.py:157} INFO - Started process (PID=56869) to work on /home/airflow-vm/data-engineer-batch-processing-financial-services/.venv/lib/python3.10/site-packages/airflow/example_dags/example_time_delta_sensor_async.py
[2024-08-29T20:12:59.489+0000] {processor.py:826} INFO - Processing file /home/airflow-vm/data-engineer-batch-processing-financial-services/.venv/lib/python3.10/site-packages/airflow/example_dags/example_time_delta_sensor_async.py for tasks to queue
[2024-08-29T20:12:59.490+0000] {logging_mixin.py:149} INFO - [2024-08-29T20:12:59.490+0000] {dagbag.py:541} INFO - Filling up the DagBag from /home/airflow-vm/data-engineer-batch-processing-financial-services/.venv/lib/python3.10/site-packages/airflow/example_dags/example_time_delta_sensor_async.py
[2024-08-29T20:12:59.493+0000] {processor.py:836} INFO - DAG(s) dict_keys(['example_time_delta_sensor_async']) retrieved from /home/airflow-vm/data-engineer-batch-processing-financial-services/.venv/lib/python3.10/site-packages/airflow/example_dags/example_time_delta_sensor_async.py
[2024-08-29T20:12:59.510+0000] {logging_mixin.py:149} INFO - [2024-08-29T20:12:59.510+0000] {dag.py:2726} INFO - Sync 1 DAGs
[2024-08-29T20:12:59.528+0000] {logging_mixin.py:149} INFO - [2024-08-29T20:12:59.528+0000] {dag.py:3486} INFO - Setting next_dagrun for example_time_delta_sensor_async to None, run_after=None
[2024-08-29T20:12:59.555+0000] {processor.py:179} INFO - Processing /home/airflow-vm/data-engineer-batch-processing-financial-services/.venv/lib/python3.10/site-packages/airflow/example_dags/example_time_delta_sensor_async.py took 0.069 seconds
[2024-08-29T20:14:58.229+0000] {processor.py:157} INFO - Started process (PID=57324) to work on /home/airflow-vm/data-engineer-batch-processing-financial-services/.venv/lib/python3.10/site-packages/airflow/example_dags/example_time_delta_sensor_async.py
[2024-08-29T20:14:58.229+0000] {processor.py:826} INFO - Processing file /home/airflow-vm/data-engineer-batch-processing-financial-services/.venv/lib/python3.10/site-packages/airflow/example_dags/example_time_delta_sensor_async.py for tasks to queue
[2024-08-29T20:14:58.230+0000] {logging_mixin.py:149} INFO - [2024-08-29T20:14:58.230+0000] {dagbag.py:541} INFO - Filling up the DagBag from /home/airflow-vm/data-engineer-batch-processing-financial-services/.venv/lib/python3.10/site-packages/airflow/example_dags/example_time_delta_sensor_async.py
[2024-08-29T20:14:58.236+0000] {processor.py:836} INFO - DAG(s) dict_keys(['example_time_delta_sensor_async']) retrieved from /home/airflow-vm/data-engineer-batch-processing-financial-services/.venv/lib/python3.10/site-packages/airflow/example_dags/example_time_delta_sensor_async.py
[2024-08-29T20:14:58.257+0000] {logging_mixin.py:149} INFO - [2024-08-29T20:14:58.257+0000] {dag.py:2726} INFO - Sync 1 DAGs
[2024-08-29T20:14:58.277+0000] {logging_mixin.py:149} INFO - [2024-08-29T20:14:58.277+0000] {dag.py:3486} INFO - Setting next_dagrun for example_time_delta_sensor_async to None, run_after=None
[2024-08-29T20:14:58.304+0000] {processor.py:179} INFO - Processing /home/airflow-vm/data-engineer-batch-processing-financial-services/.venv/lib/python3.10/site-packages/airflow/example_dags/example_time_delta_sensor_async.py took 0.077 seconds
[2024-08-29T20:15:42.310+0000] {processor.py:157} INFO - Started process (PID=57824) to work on /home/airflow-vm/data-engineer-batch-processing-financial-services/.venv/lib/python3.10/site-packages/airflow/example_dags/example_time_delta_sensor_async.py
[2024-08-29T20:15:42.311+0000] {processor.py:826} INFO - Processing file /home/airflow-vm/data-engineer-batch-processing-financial-services/.venv/lib/python3.10/site-packages/airflow/example_dags/example_time_delta_sensor_async.py for tasks to queue
[2024-08-29T20:15:42.312+0000] {logging_mixin.py:149} INFO - [2024-08-29T20:15:42.311+0000] {dagbag.py:541} INFO - Filling up the DagBag from /home/airflow-vm/data-engineer-batch-processing-financial-services/.venv/lib/python3.10/site-packages/airflow/example_dags/example_time_delta_sensor_async.py
[2024-08-29T20:15:42.315+0000] {processor.py:836} INFO - DAG(s) dict_keys(['example_time_delta_sensor_async']) retrieved from /home/airflow-vm/data-engineer-batch-processing-financial-services/.venv/lib/python3.10/site-packages/airflow/example_dags/example_time_delta_sensor_async.py
[2024-08-29T20:15:42.336+0000] {logging_mixin.py:149} INFO - [2024-08-29T20:15:42.336+0000] {dag.py:2726} INFO - Sync 1 DAGs
[2024-08-29T20:15:42.365+0000] {logging_mixin.py:149} INFO - [2024-08-29T20:15:42.365+0000] {dag.py:3486} INFO - Setting next_dagrun for example_time_delta_sensor_async to None, run_after=None
[2024-08-29T20:15:42.401+0000] {processor.py:179} INFO - Processing /home/airflow-vm/data-engineer-batch-processing-financial-services/.venv/lib/python3.10/site-packages/airflow/example_dags/example_time_delta_sensor_async.py took 0.093 seconds
[2024-08-29T20:16:14.400+0000] {processor.py:157} INFO - Started process (PID=58008) to work on /home/airflow-vm/data-engineer-batch-processing-financial-services/.venv/lib/python3.10/site-packages/airflow/example_dags/example_time_delta_sensor_async.py
[2024-08-29T20:16:14.401+0000] {processor.py:826} INFO - Processing file /home/airflow-vm/data-engineer-batch-processing-financial-services/.venv/lib/python3.10/site-packages/airflow/example_dags/example_time_delta_sensor_async.py for tasks to queue
[2024-08-29T20:16:14.401+0000] {logging_mixin.py:149} INFO - [2024-08-29T20:16:14.401+0000] {dagbag.py:541} INFO - Filling up the DagBag from /home/airflow-vm/data-engineer-batch-processing-financial-services/.venv/lib/python3.10/site-packages/airflow/example_dags/example_time_delta_sensor_async.py
[2024-08-29T20:16:14.405+0000] {processor.py:836} INFO - DAG(s) dict_keys(['example_time_delta_sensor_async']) retrieved from /home/airflow-vm/data-engineer-batch-processing-financial-services/.venv/lib/python3.10/site-packages/airflow/example_dags/example_time_delta_sensor_async.py
[2024-08-29T20:16:14.422+0000] {logging_mixin.py:149} INFO - [2024-08-29T20:16:14.422+0000] {dag.py:2726} INFO - Sync 1 DAGs
[2024-08-29T20:16:14.440+0000] {logging_mixin.py:149} INFO - [2024-08-29T20:16:14.440+0000] {dag.py:3486} INFO - Setting next_dagrun for example_time_delta_sensor_async to None, run_after=None
[2024-08-29T20:16:14.468+0000] {processor.py:179} INFO - Processing /home/airflow-vm/data-engineer-batch-processing-financial-services/.venv/lib/python3.10/site-packages/airflow/example_dags/example_time_delta_sensor_async.py took 0.070 seconds
[2024-08-29T20:23:28.432+0000] {processor.py:157} INFO - Started process (PID=60573) to work on /home/airflow-vm/data-engineer-batch-processing-financial-services/.venv/lib/python3.10/site-packages/airflow/example_dags/example_time_delta_sensor_async.py
[2024-08-29T20:23:28.433+0000] {processor.py:826} INFO - Processing file /home/airflow-vm/data-engineer-batch-processing-financial-services/.venv/lib/python3.10/site-packages/airflow/example_dags/example_time_delta_sensor_async.py for tasks to queue
[2024-08-29T20:23:28.433+0000] {logging_mixin.py:149} INFO - [2024-08-29T20:23:28.433+0000] {dagbag.py:541} INFO - Filling up the DagBag from /home/airflow-vm/data-engineer-batch-processing-financial-services/.venv/lib/python3.10/site-packages/airflow/example_dags/example_time_delta_sensor_async.py
[2024-08-29T20:23:28.439+0000] {processor.py:836} INFO - DAG(s) dict_keys(['example_time_delta_sensor_async']) retrieved from /home/airflow-vm/data-engineer-batch-processing-financial-services/.venv/lib/python3.10/site-packages/airflow/example_dags/example_time_delta_sensor_async.py
[2024-08-29T20:23:28.446+0000] {logging_mixin.py:149} INFO - [2024-08-29T20:23:28.446+0000] {dag.py:2726} INFO - Sync 1 DAGs
[2024-08-29T20:23:28.465+0000] {logging_mixin.py:149} INFO - [2024-08-29T20:23:28.465+0000] {dag.py:3486} INFO - Setting next_dagrun for example_time_delta_sensor_async to None, run_after=None
[2024-08-29T20:23:28.494+0000] {processor.py:179} INFO - Processing /home/airflow-vm/data-engineer-batch-processing-financial-services/.venv/lib/python3.10/site-packages/airflow/example_dags/example_time_delta_sensor_async.py took 0.065 seconds
[2024-08-29T20:25:23.754+0000] {processor.py:157} INFO - Started process (PID=62013) to work on /home/airflow-vm/data-engineer-batch-processing-financial-services/.venv/lib/python3.10/site-packages/airflow/example_dags/example_time_delta_sensor_async.py
[2024-08-29T20:25:23.755+0000] {processor.py:826} INFO - Processing file /home/airflow-vm/data-engineer-batch-processing-financial-services/.venv/lib/python3.10/site-packages/airflow/example_dags/example_time_delta_sensor_async.py for tasks to queue
[2024-08-29T20:25:23.756+0000] {logging_mixin.py:149} INFO - [2024-08-29T20:25:23.756+0000] {dagbag.py:541} INFO - Filling up the DagBag from /home/airflow-vm/data-engineer-batch-processing-financial-services/.venv/lib/python3.10/site-packages/airflow/example_dags/example_time_delta_sensor_async.py
[2024-08-29T20:25:23.759+0000] {processor.py:836} INFO - DAG(s) dict_keys(['example_time_delta_sensor_async']) retrieved from /home/airflow-vm/data-engineer-batch-processing-financial-services/.venv/lib/python3.10/site-packages/airflow/example_dags/example_time_delta_sensor_async.py
[2024-08-29T20:25:23.776+0000] {logging_mixin.py:149} INFO - [2024-08-29T20:25:23.776+0000] {dag.py:2726} INFO - Sync 1 DAGs
[2024-08-29T20:25:23.795+0000] {logging_mixin.py:149} INFO - [2024-08-29T20:25:23.795+0000] {dag.py:3486} INFO - Setting next_dagrun for example_time_delta_sensor_async to None, run_after=None
[2024-08-29T20:25:23.822+0000] {processor.py:179} INFO - Processing /home/airflow-vm/data-engineer-batch-processing-financial-services/.venv/lib/python3.10/site-packages/airflow/example_dags/example_time_delta_sensor_async.py took 0.070 seconds
[2024-08-29T20:26:41.877+0000] {processor.py:157} INFO - Started process (PID=62985) to work on /home/airflow-vm/data-engineer-batch-processing-financial-services/.venv/lib/python3.10/site-packages/airflow/example_dags/example_time_delta_sensor_async.py
[2024-08-29T20:26:41.877+0000] {processor.py:826} INFO - Processing file /home/airflow-vm/data-engineer-batch-processing-financial-services/.venv/lib/python3.10/site-packages/airflow/example_dags/example_time_delta_sensor_async.py for tasks to queue
[2024-08-29T20:26:41.878+0000] {logging_mixin.py:149} INFO - [2024-08-29T20:26:41.878+0000] {dagbag.py:541} INFO - Filling up the DagBag from /home/airflow-vm/data-engineer-batch-processing-financial-services/.venv/lib/python3.10/site-packages/airflow/example_dags/example_time_delta_sensor_async.py
[2024-08-29T20:26:41.882+0000] {processor.py:836} INFO - DAG(s) dict_keys(['example_time_delta_sensor_async']) retrieved from /home/airflow-vm/data-engineer-batch-processing-financial-services/.venv/lib/python3.10/site-packages/airflow/example_dags/example_time_delta_sensor_async.py
[2024-08-29T20:26:41.900+0000] {logging_mixin.py:149} INFO - [2024-08-29T20:26:41.899+0000] {dag.py:2726} INFO - Sync 1 DAGs
[2024-08-29T20:26:41.919+0000] {logging_mixin.py:149} INFO - [2024-08-29T20:26:41.918+0000] {dag.py:3486} INFO - Setting next_dagrun for example_time_delta_sensor_async to None, run_after=None
[2024-08-29T20:26:41.951+0000] {processor.py:179} INFO - Processing /home/airflow-vm/data-engineer-batch-processing-financial-services/.venv/lib/python3.10/site-packages/airflow/example_dags/example_time_delta_sensor_async.py took 0.076 seconds
[2024-08-29T20:27:24.637+0000] {processor.py:157} INFO - Started process (PID=63441) to work on /home/airflow-vm/data-engineer-batch-processing-financial-services/.venv/lib/python3.10/site-packages/airflow/example_dags/example_time_delta_sensor_async.py
[2024-08-29T20:27:24.638+0000] {processor.py:826} INFO - Processing file /home/airflow-vm/data-engineer-batch-processing-financial-services/.venv/lib/python3.10/site-packages/airflow/example_dags/example_time_delta_sensor_async.py for tasks to queue
[2024-08-29T20:27:24.639+0000] {logging_mixin.py:149} INFO - [2024-08-29T20:27:24.639+0000] {dagbag.py:541} INFO - Filling up the DagBag from /home/airflow-vm/data-engineer-batch-processing-financial-services/.venv/lib/python3.10/site-packages/airflow/example_dags/example_time_delta_sensor_async.py
[2024-08-29T20:27:24.642+0000] {processor.py:836} INFO - DAG(s) dict_keys(['example_time_delta_sensor_async']) retrieved from /home/airflow-vm/data-engineer-batch-processing-financial-services/.venv/lib/python3.10/site-packages/airflow/example_dags/example_time_delta_sensor_async.py
[2024-08-29T20:27:24.659+0000] {logging_mixin.py:149} INFO - [2024-08-29T20:27:24.659+0000] {dag.py:2726} INFO - Sync 1 DAGs
[2024-08-29T20:27:24.677+0000] {logging_mixin.py:149} INFO - [2024-08-29T20:27:24.677+0000] {dag.py:3486} INFO - Setting next_dagrun for example_time_delta_sensor_async to None, run_after=None
[2024-08-29T20:27:24.704+0000] {processor.py:179} INFO - Processing /home/airflow-vm/data-engineer-batch-processing-financial-services/.venv/lib/python3.10/site-packages/airflow/example_dags/example_time_delta_sensor_async.py took 0.069 seconds
[2024-08-29T20:28:07.920+0000] {processor.py:157} INFO - Started process (PID=63568) to work on /home/airflow-vm/data-engineer-batch-processing-financial-services/.venv/lib/python3.10/site-packages/airflow/example_dags/example_time_delta_sensor_async.py
[2024-08-29T20:28:07.921+0000] {processor.py:826} INFO - Processing file /home/airflow-vm/data-engineer-batch-processing-financial-services/.venv/lib/python3.10/site-packages/airflow/example_dags/example_time_delta_sensor_async.py for tasks to queue
[2024-08-29T20:28:07.921+0000] {logging_mixin.py:149} INFO - [2024-08-29T20:28:07.921+0000] {dagbag.py:541} INFO - Filling up the DagBag from /home/airflow-vm/data-engineer-batch-processing-financial-services/.venv/lib/python3.10/site-packages/airflow/example_dags/example_time_delta_sensor_async.py
[2024-08-29T20:28:07.925+0000] {processor.py:836} INFO - DAG(s) dict_keys(['example_time_delta_sensor_async']) retrieved from /home/airflow-vm/data-engineer-batch-processing-financial-services/.venv/lib/python3.10/site-packages/airflow/example_dags/example_time_delta_sensor_async.py
[2024-08-29T20:28:07.941+0000] {logging_mixin.py:149} INFO - [2024-08-29T20:28:07.941+0000] {dag.py:2726} INFO - Sync 1 DAGs
[2024-08-29T20:28:07.961+0000] {logging_mixin.py:149} INFO - [2024-08-29T20:28:07.960+0000] {dag.py:3486} INFO - Setting next_dagrun for example_time_delta_sensor_async to None, run_after=None
[2024-08-29T20:28:07.988+0000] {processor.py:179} INFO - Processing /home/airflow-vm/data-engineer-batch-processing-financial-services/.venv/lib/python3.10/site-packages/airflow/example_dags/example_time_delta_sensor_async.py took 0.070 seconds
[2024-08-29T20:29:19.870+0000] {processor.py:157} INFO - Started process (PID=64353) to work on /home/airflow-vm/data-engineer-batch-processing-financial-services/.venv/lib/python3.10/site-packages/airflow/example_dags/example_time_delta_sensor_async.py
[2024-08-29T20:29:19.871+0000] {processor.py:826} INFO - Processing file /home/airflow-vm/data-engineer-batch-processing-financial-services/.venv/lib/python3.10/site-packages/airflow/example_dags/example_time_delta_sensor_async.py for tasks to queue
[2024-08-29T20:29:19.872+0000] {logging_mixin.py:149} INFO - [2024-08-29T20:29:19.872+0000] {dagbag.py:541} INFO - Filling up the DagBag from /home/airflow-vm/data-engineer-batch-processing-financial-services/.venv/lib/python3.10/site-packages/airflow/example_dags/example_time_delta_sensor_async.py
[2024-08-29T20:29:19.875+0000] {processor.py:836} INFO - DAG(s) dict_keys(['example_time_delta_sensor_async']) retrieved from /home/airflow-vm/data-engineer-batch-processing-financial-services/.venv/lib/python3.10/site-packages/airflow/example_dags/example_time_delta_sensor_async.py
[2024-08-29T20:29:19.892+0000] {logging_mixin.py:149} INFO - [2024-08-29T20:29:19.892+0000] {dag.py:2726} INFO - Sync 1 DAGs
[2024-08-29T20:29:19.911+0000] {logging_mixin.py:149} INFO - [2024-08-29T20:29:19.911+0000] {dag.py:3486} INFO - Setting next_dagrun for example_time_delta_sensor_async to None, run_after=None
[2024-08-29T20:29:19.938+0000] {processor.py:179} INFO - Processing /home/airflow-vm/data-engineer-batch-processing-financial-services/.venv/lib/python3.10/site-packages/airflow/example_dags/example_time_delta_sensor_async.py took 0.070 seconds
[2024-08-29T20:30:29.202+0000] {processor.py:157} INFO - Started process (PID=65027) to work on /home/airflow-vm/data-engineer-batch-processing-financial-services/.venv/lib/python3.10/site-packages/airflow/example_dags/example_time_delta_sensor_async.py
[2024-08-29T20:30:29.202+0000] {processor.py:826} INFO - Processing file /home/airflow-vm/data-engineer-batch-processing-financial-services/.venv/lib/python3.10/site-packages/airflow/example_dags/example_time_delta_sensor_async.py for tasks to queue
[2024-08-29T20:30:29.203+0000] {logging_mixin.py:149} INFO - [2024-08-29T20:30:29.203+0000] {dagbag.py:541} INFO - Filling up the DagBag from /home/airflow-vm/data-engineer-batch-processing-financial-services/.venv/lib/python3.10/site-packages/airflow/example_dags/example_time_delta_sensor_async.py
[2024-08-29T20:30:29.209+0000] {processor.py:836} INFO - DAG(s) dict_keys(['example_time_delta_sensor_async']) retrieved from /home/airflow-vm/data-engineer-batch-processing-financial-services/.venv/lib/python3.10/site-packages/airflow/example_dags/example_time_delta_sensor_async.py
[2024-08-29T20:30:29.216+0000] {logging_mixin.py:149} INFO - [2024-08-29T20:30:29.216+0000] {dag.py:2726} INFO - Sync 1 DAGs
[2024-08-29T20:30:29.236+0000] {logging_mixin.py:149} INFO - [2024-08-29T20:30:29.235+0000] {dag.py:3486} INFO - Setting next_dagrun for example_time_delta_sensor_async to None, run_after=None
[2024-08-29T20:30:29.265+0000] {processor.py:179} INFO - Processing /home/airflow-vm/data-engineer-batch-processing-financial-services/.venv/lib/python3.10/site-packages/airflow/example_dags/example_time_delta_sensor_async.py took 0.066 seconds
[2024-08-29T20:32:20.264+0000] {processor.py:157} INFO - Started process (PID=66413) to work on /home/airflow-vm/data-engineer-batch-processing-financial-services/.venv/lib/python3.10/site-packages/airflow/example_dags/example_time_delta_sensor_async.py
[2024-08-29T20:32:20.264+0000] {processor.py:826} INFO - Processing file /home/airflow-vm/data-engineer-batch-processing-financial-services/.venv/lib/python3.10/site-packages/airflow/example_dags/example_time_delta_sensor_async.py for tasks to queue
[2024-08-29T20:32:20.265+0000] {logging_mixin.py:149} INFO - [2024-08-29T20:32:20.265+0000] {dagbag.py:541} INFO - Filling up the DagBag from /home/airflow-vm/data-engineer-batch-processing-financial-services/.venv/lib/python3.10/site-packages/airflow/example_dags/example_time_delta_sensor_async.py
[2024-08-29T20:32:20.268+0000] {processor.py:836} INFO - DAG(s) dict_keys(['example_time_delta_sensor_async']) retrieved from /home/airflow-vm/data-engineer-batch-processing-financial-services/.venv/lib/python3.10/site-packages/airflow/example_dags/example_time_delta_sensor_async.py
[2024-08-29T20:32:20.286+0000] {logging_mixin.py:149} INFO - [2024-08-29T20:32:20.286+0000] {dag.py:2726} INFO - Sync 1 DAGs
[2024-08-29T20:32:20.305+0000] {logging_mixin.py:149} INFO - [2024-08-29T20:32:20.305+0000] {dag.py:3486} INFO - Setting next_dagrun for example_time_delta_sensor_async to None, run_after=None
[2024-08-29T20:32:20.331+0000] {processor.py:179} INFO - Processing /home/airflow-vm/data-engineer-batch-processing-financial-services/.venv/lib/python3.10/site-packages/airflow/example_dags/example_time_delta_sensor_async.py took 0.070 seconds
[2024-08-29T20:33:42.699+0000] {processor.py:157} INFO - Started process (PID=67433) to work on /home/airflow-vm/data-engineer-batch-processing-financial-services/.venv/lib/python3.10/site-packages/airflow/example_dags/example_time_delta_sensor_async.py
[2024-08-29T20:33:42.700+0000] {processor.py:826} INFO - Processing file /home/airflow-vm/data-engineer-batch-processing-financial-services/.venv/lib/python3.10/site-packages/airflow/example_dags/example_time_delta_sensor_async.py for tasks to queue
[2024-08-29T20:33:42.701+0000] {logging_mixin.py:149} INFO - [2024-08-29T20:33:42.700+0000] {dagbag.py:541} INFO - Filling up the DagBag from /home/airflow-vm/data-engineer-batch-processing-financial-services/.venv/lib/python3.10/site-packages/airflow/example_dags/example_time_delta_sensor_async.py
[2024-08-29T20:33:42.704+0000] {processor.py:836} INFO - DAG(s) dict_keys(['example_time_delta_sensor_async']) retrieved from /home/airflow-vm/data-engineer-batch-processing-financial-services/.venv/lib/python3.10/site-packages/airflow/example_dags/example_time_delta_sensor_async.py
[2024-08-29T20:33:42.721+0000] {logging_mixin.py:149} INFO - [2024-08-29T20:33:42.721+0000] {dag.py:2726} INFO - Sync 1 DAGs
[2024-08-29T20:33:42.739+0000] {logging_mixin.py:149} INFO - [2024-08-29T20:33:42.739+0000] {dag.py:3486} INFO - Setting next_dagrun for example_time_delta_sensor_async to None, run_after=None
[2024-08-29T20:33:42.766+0000] {processor.py:179} INFO - Processing /home/airflow-vm/data-engineer-batch-processing-financial-services/.venv/lib/python3.10/site-packages/airflow/example_dags/example_time_delta_sensor_async.py took 0.069 seconds
[2024-08-29T20:34:54.529+0000] {processor.py:157} INFO - Started process (PID=68380) to work on /home/airflow-vm/data-engineer-batch-processing-financial-services/.venv/lib/python3.10/site-packages/airflow/example_dags/example_time_delta_sensor_async.py
[2024-08-29T20:34:54.530+0000] {processor.py:826} INFO - Processing file /home/airflow-vm/data-engineer-batch-processing-financial-services/.venv/lib/python3.10/site-packages/airflow/example_dags/example_time_delta_sensor_async.py for tasks to queue
[2024-08-29T20:34:54.531+0000] {logging_mixin.py:149} INFO - [2024-08-29T20:34:54.530+0000] {dagbag.py:541} INFO - Filling up the DagBag from /home/airflow-vm/data-engineer-batch-processing-financial-services/.venv/lib/python3.10/site-packages/airflow/example_dags/example_time_delta_sensor_async.py
[2024-08-29T20:34:54.537+0000] {processor.py:836} INFO - DAG(s) dict_keys(['example_time_delta_sensor_async']) retrieved from /home/airflow-vm/data-engineer-batch-processing-financial-services/.venv/lib/python3.10/site-packages/airflow/example_dags/example_time_delta_sensor_async.py
[2024-08-29T20:34:54.545+0000] {logging_mixin.py:149} INFO - [2024-08-29T20:34:54.544+0000] {dag.py:2726} INFO - Sync 1 DAGs
[2024-08-29T20:34:54.564+0000] {logging_mixin.py:149} INFO - [2024-08-29T20:34:54.564+0000] {dag.py:3486} INFO - Setting next_dagrun for example_time_delta_sensor_async to None, run_after=None
[2024-08-29T20:34:54.594+0000] {processor.py:179} INFO - Processing /home/airflow-vm/data-engineer-batch-processing-financial-services/.venv/lib/python3.10/site-packages/airflow/example_dags/example_time_delta_sensor_async.py took 0.067 seconds
[2024-08-29T20:36:51.782+0000] {processor.py:157} INFO - Started process (PID=69808) to work on /home/airflow-vm/data-engineer-batch-processing-financial-services/.venv/lib/python3.10/site-packages/airflow/example_dags/example_time_delta_sensor_async.py
[2024-08-29T20:36:51.782+0000] {processor.py:826} INFO - Processing file /home/airflow-vm/data-engineer-batch-processing-financial-services/.venv/lib/python3.10/site-packages/airflow/example_dags/example_time_delta_sensor_async.py for tasks to queue
[2024-08-29T20:36:51.783+0000] {logging_mixin.py:149} INFO - [2024-08-29T20:36:51.783+0000] {dagbag.py:541} INFO - Filling up the DagBag from /home/airflow-vm/data-engineer-batch-processing-financial-services/.venv/lib/python3.10/site-packages/airflow/example_dags/example_time_delta_sensor_async.py
[2024-08-29T20:36:51.786+0000] {processor.py:836} INFO - DAG(s) dict_keys(['example_time_delta_sensor_async']) retrieved from /home/airflow-vm/data-engineer-batch-processing-financial-services/.venv/lib/python3.10/site-packages/airflow/example_dags/example_time_delta_sensor_async.py
[2024-08-29T20:36:51.803+0000] {logging_mixin.py:149} INFO - [2024-08-29T20:36:51.803+0000] {dag.py:2726} INFO - Sync 1 DAGs
[2024-08-29T20:36:51.823+0000] {logging_mixin.py:149} INFO - [2024-08-29T20:36:51.822+0000] {dag.py:3486} INFO - Setting next_dagrun for example_time_delta_sensor_async to None, run_after=None
[2024-08-29T20:36:51.852+0000] {processor.py:179} INFO - Processing /home/airflow-vm/data-engineer-batch-processing-financial-services/.venv/lib/python3.10/site-packages/airflow/example_dags/example_time_delta_sensor_async.py took 0.073 seconds
[2024-08-29T20:38:16.159+0000] {processor.py:157} INFO - Started process (PID=70861) to work on /home/airflow-vm/data-engineer-batch-processing-financial-services/.venv/lib/python3.10/site-packages/airflow/example_dags/example_time_delta_sensor_async.py
[2024-08-29T20:38:16.160+0000] {processor.py:826} INFO - Processing file /home/airflow-vm/data-engineer-batch-processing-financial-services/.venv/lib/python3.10/site-packages/airflow/example_dags/example_time_delta_sensor_async.py for tasks to queue
[2024-08-29T20:38:16.160+0000] {logging_mixin.py:149} INFO - [2024-08-29T20:38:16.160+0000] {dagbag.py:541} INFO - Filling up the DagBag from /home/airflow-vm/data-engineer-batch-processing-financial-services/.venv/lib/python3.10/site-packages/airflow/example_dags/example_time_delta_sensor_async.py
[2024-08-29T20:38:16.164+0000] {processor.py:836} INFO - DAG(s) dict_keys(['example_time_delta_sensor_async']) retrieved from /home/airflow-vm/data-engineer-batch-processing-financial-services/.venv/lib/python3.10/site-packages/airflow/example_dags/example_time_delta_sensor_async.py
[2024-08-29T20:38:16.181+0000] {logging_mixin.py:149} INFO - [2024-08-29T20:38:16.181+0000] {dag.py:2726} INFO - Sync 1 DAGs
[2024-08-29T20:38:16.199+0000] {logging_mixin.py:149} INFO - [2024-08-29T20:38:16.199+0000] {dag.py:3486} INFO - Setting next_dagrun for example_time_delta_sensor_async to None, run_after=None
[2024-08-29T20:38:16.226+0000] {processor.py:179} INFO - Processing /home/airflow-vm/data-engineer-batch-processing-financial-services/.venv/lib/python3.10/site-packages/airflow/example_dags/example_time_delta_sensor_async.py took 0.069 seconds
