[2024-08-29T19:48:03.897+0000] {processor.py:157} INFO - Started process (PID=49039) to work on /home/airflow-vm/data-engineer-batch-processing-financial-services/.venv/lib/python3.10/site-packages/airflow/example_dags/example_dynamic_task_mapping.py
[2024-08-29T19:48:03.898+0000] {processor.py:826} INFO - Processing file /home/airflow-vm/data-engineer-batch-processing-financial-services/.venv/lib/python3.10/site-packages/airflow/example_dags/example_dynamic_task_mapping.py for tasks to queue
[2024-08-29T19:48:03.898+0000] {logging_mixin.py:149} INFO - [2024-08-29T19:48:03.898+0000] {dagbag.py:541} INFO - Filling up the DagBag from /home/airflow-vm/data-engineer-batch-processing-financial-services/.venv/lib/python3.10/site-packages/airflow/example_dags/example_dynamic_task_mapping.py
[2024-08-29T19:48:03.907+0000] {processor.py:836} INFO - DAG(s) dict_keys(['example_dynamic_task_mapping']) retrieved from /home/airflow-vm/data-engineer-batch-processing-financial-services/.venv/lib/python3.10/site-packages/airflow/example_dags/example_dynamic_task_mapping.py
[2024-08-29T19:48:04.021+0000] {logging_mixin.py:149} INFO - [2024-08-29T19:48:04.021+0000] {manager.py:504} INFO - Created Permission View: can delete on DAG:example_dynamic_task_mapping
[2024-08-29T19:48:04.040+0000] {logging_mixin.py:149} INFO - [2024-08-29T19:48:04.040+0000] {manager.py:504} INFO - Created Permission View: can edit on DAG:example_dynamic_task_mapping
[2024-08-29T19:48:04.057+0000] {logging_mixin.py:149} INFO - [2024-08-29T19:48:04.057+0000] {manager.py:504} INFO - Created Permission View: can read on DAG:example_dynamic_task_mapping
[2024-08-29T19:48:04.057+0000] {logging_mixin.py:149} INFO - [2024-08-29T19:48:04.057+0000] {dag.py:2726} INFO - Sync 1 DAGs
[2024-08-29T19:48:04.068+0000] {logging_mixin.py:149} INFO - [2024-08-29T19:48:04.068+0000] {dag.py:2747} INFO - Creating ORM DAG for example_dynamic_task_mapping
[2024-08-29T19:48:04.076+0000] {logging_mixin.py:149} INFO - [2024-08-29T19:48:04.076+0000] {dag.py:3486} INFO - Setting next_dagrun for example_dynamic_task_mapping to 2022-03-04T00:00:00+00:00, run_after=2022-03-05T00:00:00+00:00
[2024-08-29T19:48:04.107+0000] {processor.py:179} INFO - Processing /home/airflow-vm/data-engineer-batch-processing-financial-services/.venv/lib/python3.10/site-packages/airflow/example_dags/example_dynamic_task_mapping.py took 0.212 seconds
[2024-08-29T19:48:53.243+0000] {processor.py:157} INFO - Started process (PID=49479) to work on /home/airflow-vm/data-engineer-batch-processing-financial-services/.venv/lib/python3.10/site-packages/airflow/example_dags/example_dynamic_task_mapping.py
[2024-08-29T19:48:53.245+0000] {processor.py:826} INFO - Processing file /home/airflow-vm/data-engineer-batch-processing-financial-services/.venv/lib/python3.10/site-packages/airflow/example_dags/example_dynamic_task_mapping.py for tasks to queue
[2024-08-29T19:48:53.246+0000] {logging_mixin.py:149} INFO - [2024-08-29T19:48:53.246+0000] {dagbag.py:541} INFO - Filling up the DagBag from /home/airflow-vm/data-engineer-batch-processing-financial-services/.venv/lib/python3.10/site-packages/airflow/example_dags/example_dynamic_task_mapping.py
[2024-08-29T19:48:53.252+0000] {processor.py:836} INFO - DAG(s) dict_keys(['example_dynamic_task_mapping']) retrieved from /home/airflow-vm/data-engineer-batch-processing-financial-services/.venv/lib/python3.10/site-packages/airflow/example_dags/example_dynamic_task_mapping.py
[2024-08-29T19:48:53.270+0000] {logging_mixin.py:149} INFO - [2024-08-29T19:48:53.270+0000] {dag.py:2726} INFO - Sync 1 DAGs
[2024-08-29T19:48:53.291+0000] {logging_mixin.py:149} INFO - [2024-08-29T19:48:53.290+0000] {dag.py:3486} INFO - Setting next_dagrun for example_dynamic_task_mapping to 2022-03-04T00:00:00+00:00, run_after=2022-03-05T00:00:00+00:00
[2024-08-29T19:48:53.331+0000] {processor.py:179} INFO - Processing /home/airflow-vm/data-engineer-batch-processing-financial-services/.venv/lib/python3.10/site-packages/airflow/example_dags/example_dynamic_task_mapping.py took 0.090 seconds
[2024-08-29T19:49:43.069+0000] {processor.py:157} INFO - Started process (PID=49708) to work on /home/airflow-vm/data-engineer-batch-processing-financial-services/.venv/lib/python3.10/site-packages/airflow/example_dags/example_dynamic_task_mapping.py
[2024-08-29T19:49:43.070+0000] {processor.py:826} INFO - Processing file /home/airflow-vm/data-engineer-batch-processing-financial-services/.venv/lib/python3.10/site-packages/airflow/example_dags/example_dynamic_task_mapping.py for tasks to queue
[2024-08-29T19:49:43.071+0000] {logging_mixin.py:149} INFO - [2024-08-29T19:49:43.070+0000] {dagbag.py:541} INFO - Filling up the DagBag from /home/airflow-vm/data-engineer-batch-processing-financial-services/.venv/lib/python3.10/site-packages/airflow/example_dags/example_dynamic_task_mapping.py
[2024-08-29T19:49:43.077+0000] {processor.py:836} INFO - DAG(s) dict_keys(['example_dynamic_task_mapping']) retrieved from /home/airflow-vm/data-engineer-batch-processing-financial-services/.venv/lib/python3.10/site-packages/airflow/example_dags/example_dynamic_task_mapping.py
[2024-08-29T19:49:43.094+0000] {logging_mixin.py:149} INFO - [2024-08-29T19:49:43.093+0000] {dag.py:2726} INFO - Sync 1 DAGs
[2024-08-29T19:49:43.114+0000] {logging_mixin.py:149} INFO - [2024-08-29T19:49:43.113+0000] {dag.py:3486} INFO - Setting next_dagrun for example_dynamic_task_mapping to 2022-03-04T00:00:00+00:00, run_after=2022-03-05T00:00:00+00:00
[2024-08-29T19:49:43.143+0000] {processor.py:179} INFO - Processing /home/airflow-vm/data-engineer-batch-processing-financial-services/.venv/lib/python3.10/site-packages/airflow/example_dags/example_dynamic_task_mapping.py took 0.076 seconds
[2024-08-29T19:50:33.793+0000] {processor.py:157} INFO - Started process (PID=49974) to work on /home/airflow-vm/data-engineer-batch-processing-financial-services/.venv/lib/python3.10/site-packages/airflow/example_dags/example_dynamic_task_mapping.py
[2024-08-29T19:50:33.794+0000] {processor.py:826} INFO - Processing file /home/airflow-vm/data-engineer-batch-processing-financial-services/.venv/lib/python3.10/site-packages/airflow/example_dags/example_dynamic_task_mapping.py for tasks to queue
[2024-08-29T19:50:33.795+0000] {logging_mixin.py:149} INFO - [2024-08-29T19:50:33.794+0000] {dagbag.py:541} INFO - Filling up the DagBag from /home/airflow-vm/data-engineer-batch-processing-financial-services/.venv/lib/python3.10/site-packages/airflow/example_dags/example_dynamic_task_mapping.py
[2024-08-29T19:50:33.801+0000] {processor.py:836} INFO - DAG(s) dict_keys(['example_dynamic_task_mapping']) retrieved from /home/airflow-vm/data-engineer-batch-processing-financial-services/.venv/lib/python3.10/site-packages/airflow/example_dags/example_dynamic_task_mapping.py
[2024-08-29T19:50:33.817+0000] {logging_mixin.py:149} INFO - [2024-08-29T19:50:33.817+0000] {dag.py:2726} INFO - Sync 1 DAGs
[2024-08-29T19:50:33.836+0000] {logging_mixin.py:149} INFO - [2024-08-29T19:50:33.836+0000] {dag.py:3486} INFO - Setting next_dagrun for example_dynamic_task_mapping to 2022-03-04T00:00:00+00:00, run_after=2022-03-05T00:00:00+00:00
[2024-08-29T19:50:33.868+0000] {processor.py:179} INFO - Processing /home/airflow-vm/data-engineer-batch-processing-financial-services/.venv/lib/python3.10/site-packages/airflow/example_dags/example_dynamic_task_mapping.py took 0.077 seconds
[2024-08-29T19:51:18.402+0000] {processor.py:157} INFO - Started process (PID=50630) to work on /home/airflow-vm/data-engineer-batch-processing-financial-services/.venv/lib/python3.10/site-packages/airflow/example_dags/example_dynamic_task_mapping.py
[2024-08-29T19:51:18.403+0000] {processor.py:826} INFO - Processing file /home/airflow-vm/data-engineer-batch-processing-financial-services/.venv/lib/python3.10/site-packages/airflow/example_dags/example_dynamic_task_mapping.py for tasks to queue
[2024-08-29T19:51:18.403+0000] {logging_mixin.py:149} INFO - [2024-08-29T19:51:18.403+0000] {dagbag.py:541} INFO - Filling up the DagBag from /home/airflow-vm/data-engineer-batch-processing-financial-services/.venv/lib/python3.10/site-packages/airflow/example_dags/example_dynamic_task_mapping.py
[2024-08-29T19:51:18.410+0000] {processor.py:836} INFO - DAG(s) dict_keys(['example_dynamic_task_mapping']) retrieved from /home/airflow-vm/data-engineer-batch-processing-financial-services/.venv/lib/python3.10/site-packages/airflow/example_dags/example_dynamic_task_mapping.py
[2024-08-29T19:51:18.427+0000] {logging_mixin.py:149} INFO - [2024-08-29T19:51:18.427+0000] {dag.py:2726} INFO - Sync 1 DAGs
[2024-08-29T19:51:18.448+0000] {logging_mixin.py:149} INFO - [2024-08-29T19:51:18.448+0000] {dag.py:3486} INFO - Setting next_dagrun for example_dynamic_task_mapping to 2022-03-04T00:00:00+00:00, run_after=2022-03-05T00:00:00+00:00
[2024-08-29T19:51:18.480+0000] {processor.py:179} INFO - Processing /home/airflow-vm/data-engineer-batch-processing-financial-services/.venv/lib/python3.10/site-packages/airflow/example_dags/example_dynamic_task_mapping.py took 0.080 seconds
[2024-08-29T19:52:07.407+0000] {processor.py:157} INFO - Started process (PID=50895) to work on /home/airflow-vm/data-engineer-batch-processing-financial-services/.venv/lib/python3.10/site-packages/airflow/example_dags/example_dynamic_task_mapping.py
[2024-08-29T19:52:07.408+0000] {processor.py:826} INFO - Processing file /home/airflow-vm/data-engineer-batch-processing-financial-services/.venv/lib/python3.10/site-packages/airflow/example_dags/example_dynamic_task_mapping.py for tasks to queue
[2024-08-29T19:52:07.408+0000] {logging_mixin.py:149} INFO - [2024-08-29T19:52:07.408+0000] {dagbag.py:541} INFO - Filling up the DagBag from /home/airflow-vm/data-engineer-batch-processing-financial-services/.venv/lib/python3.10/site-packages/airflow/example_dags/example_dynamic_task_mapping.py
[2024-08-29T19:52:07.414+0000] {processor.py:836} INFO - DAG(s) dict_keys(['example_dynamic_task_mapping']) retrieved from /home/airflow-vm/data-engineer-batch-processing-financial-services/.venv/lib/python3.10/site-packages/airflow/example_dags/example_dynamic_task_mapping.py
[2024-08-29T19:52:07.430+0000] {logging_mixin.py:149} INFO - [2024-08-29T19:52:07.430+0000] {dag.py:2726} INFO - Sync 1 DAGs
[2024-08-29T19:52:07.449+0000] {logging_mixin.py:149} INFO - [2024-08-29T19:52:07.448+0000] {dag.py:3486} INFO - Setting next_dagrun for example_dynamic_task_mapping to 2022-03-04T00:00:00+00:00, run_after=2022-03-05T00:00:00+00:00
[2024-08-29T19:52:07.477+0000] {processor.py:179} INFO - Processing /home/airflow-vm/data-engineer-batch-processing-financial-services/.venv/lib/python3.10/site-packages/airflow/example_dags/example_dynamic_task_mapping.py took 0.073 seconds
[2024-08-29T19:52:50.609+0000] {processor.py:157} INFO - Started process (PID=50982) to work on /home/airflow-vm/data-engineer-batch-processing-financial-services/.venv/lib/python3.10/site-packages/airflow/example_dags/example_dynamic_task_mapping.py
[2024-08-29T19:52:50.609+0000] {processor.py:826} INFO - Processing file /home/airflow-vm/data-engineer-batch-processing-financial-services/.venv/lib/python3.10/site-packages/airflow/example_dags/example_dynamic_task_mapping.py for tasks to queue
[2024-08-29T19:52:50.610+0000] {logging_mixin.py:149} INFO - [2024-08-29T19:52:50.610+0000] {dagbag.py:541} INFO - Filling up the DagBag from /home/airflow-vm/data-engineer-batch-processing-financial-services/.venv/lib/python3.10/site-packages/airflow/example_dags/example_dynamic_task_mapping.py
[2024-08-29T19:52:50.616+0000] {processor.py:836} INFO - DAG(s) dict_keys(['example_dynamic_task_mapping']) retrieved from /home/airflow-vm/data-engineer-batch-processing-financial-services/.venv/lib/python3.10/site-packages/airflow/example_dags/example_dynamic_task_mapping.py
[2024-08-29T19:52:50.633+0000] {logging_mixin.py:149} INFO - [2024-08-29T19:52:50.633+0000] {dag.py:2726} INFO - Sync 1 DAGs
[2024-08-29T19:52:50.652+0000] {logging_mixin.py:149} INFO - [2024-08-29T19:52:50.652+0000] {dag.py:3486} INFO - Setting next_dagrun for example_dynamic_task_mapping to 2022-03-04T00:00:00+00:00, run_after=2022-03-05T00:00:00+00:00
[2024-08-29T19:52:50.681+0000] {processor.py:179} INFO - Processing /home/airflow-vm/data-engineer-batch-processing-financial-services/.venv/lib/python3.10/site-packages/airflow/example_dags/example_dynamic_task_mapping.py took 0.074 seconds
[2024-08-29T19:53:36.055+0000] {processor.py:157} INFO - Started process (PID=51097) to work on /home/airflow-vm/data-engineer-batch-processing-financial-services/.venv/lib/python3.10/site-packages/airflow/example_dags/example_dynamic_task_mapping.py
[2024-08-29T19:53:36.056+0000] {processor.py:826} INFO - Processing file /home/airflow-vm/data-engineer-batch-processing-financial-services/.venv/lib/python3.10/site-packages/airflow/example_dags/example_dynamic_task_mapping.py for tasks to queue
[2024-08-29T19:53:36.056+0000] {logging_mixin.py:149} INFO - [2024-08-29T19:53:36.056+0000] {dagbag.py:541} INFO - Filling up the DagBag from /home/airflow-vm/data-engineer-batch-processing-financial-services/.venv/lib/python3.10/site-packages/airflow/example_dags/example_dynamic_task_mapping.py
[2024-08-29T19:53:36.062+0000] {processor.py:836} INFO - DAG(s) dict_keys(['example_dynamic_task_mapping']) retrieved from /home/airflow-vm/data-engineer-batch-processing-financial-services/.venv/lib/python3.10/site-packages/airflow/example_dags/example_dynamic_task_mapping.py
[2024-08-29T19:53:36.078+0000] {logging_mixin.py:149} INFO - [2024-08-29T19:53:36.078+0000] {dag.py:2726} INFO - Sync 1 DAGs
[2024-08-29T19:53:36.097+0000] {logging_mixin.py:149} INFO - [2024-08-29T19:53:36.097+0000] {dag.py:3486} INFO - Setting next_dagrun for example_dynamic_task_mapping to 2022-03-04T00:00:00+00:00, run_after=2022-03-05T00:00:00+00:00
[2024-08-29T19:53:36.125+0000] {processor.py:179} INFO - Processing /home/airflow-vm/data-engineer-batch-processing-financial-services/.venv/lib/python3.10/site-packages/airflow/example_dags/example_dynamic_task_mapping.py took 0.072 seconds
[2024-08-29T19:54:23.624+0000] {processor.py:157} INFO - Started process (PID=51257) to work on /home/airflow-vm/data-engineer-batch-processing-financial-services/.venv/lib/python3.10/site-packages/airflow/example_dags/example_dynamic_task_mapping.py
[2024-08-29T19:54:23.625+0000] {processor.py:826} INFO - Processing file /home/airflow-vm/data-engineer-batch-processing-financial-services/.venv/lib/python3.10/site-packages/airflow/example_dags/example_dynamic_task_mapping.py for tasks to queue
[2024-08-29T19:54:23.626+0000] {logging_mixin.py:149} INFO - [2024-08-29T19:54:23.625+0000] {dagbag.py:541} INFO - Filling up the DagBag from /home/airflow-vm/data-engineer-batch-processing-financial-services/.venv/lib/python3.10/site-packages/airflow/example_dags/example_dynamic_task_mapping.py
[2024-08-29T19:54:23.632+0000] {processor.py:836} INFO - DAG(s) dict_keys(['example_dynamic_task_mapping']) retrieved from /home/airflow-vm/data-engineer-batch-processing-financial-services/.venv/lib/python3.10/site-packages/airflow/example_dags/example_dynamic_task_mapping.py
[2024-08-29T19:54:23.647+0000] {logging_mixin.py:149} INFO - [2024-08-29T19:54:23.647+0000] {dag.py:2726} INFO - Sync 1 DAGs
[2024-08-29T19:54:23.666+0000] {logging_mixin.py:149} INFO - [2024-08-29T19:54:23.665+0000] {dag.py:3486} INFO - Setting next_dagrun for example_dynamic_task_mapping to 2022-03-04T00:00:00+00:00, run_after=2022-03-05T00:00:00+00:00
[2024-08-29T19:54:23.697+0000] {processor.py:179} INFO - Processing /home/airflow-vm/data-engineer-batch-processing-financial-services/.venv/lib/python3.10/site-packages/airflow/example_dags/example_dynamic_task_mapping.py took 0.076 seconds
[2024-08-29T19:55:11.070+0000] {processor.py:157} INFO - Started process (PID=51570) to work on /home/airflow-vm/data-engineer-batch-processing-financial-services/.venv/lib/python3.10/site-packages/airflow/example_dags/example_dynamic_task_mapping.py
[2024-08-29T19:55:11.071+0000] {processor.py:826} INFO - Processing file /home/airflow-vm/data-engineer-batch-processing-financial-services/.venv/lib/python3.10/site-packages/airflow/example_dags/example_dynamic_task_mapping.py for tasks to queue
[2024-08-29T19:55:11.071+0000] {logging_mixin.py:149} INFO - [2024-08-29T19:55:11.071+0000] {dagbag.py:541} INFO - Filling up the DagBag from /home/airflow-vm/data-engineer-batch-processing-financial-services/.venv/lib/python3.10/site-packages/airflow/example_dags/example_dynamic_task_mapping.py
[2024-08-29T19:55:11.078+0000] {processor.py:836} INFO - DAG(s) dict_keys(['example_dynamic_task_mapping']) retrieved from /home/airflow-vm/data-engineer-batch-processing-financial-services/.venv/lib/python3.10/site-packages/airflow/example_dags/example_dynamic_task_mapping.py
[2024-08-29T19:55:11.097+0000] {logging_mixin.py:149} INFO - [2024-08-29T19:55:11.096+0000] {dag.py:2726} INFO - Sync 1 DAGs
[2024-08-29T19:55:11.117+0000] {logging_mixin.py:149} INFO - [2024-08-29T19:55:11.117+0000] {dag.py:3486} INFO - Setting next_dagrun for example_dynamic_task_mapping to 2022-03-04T00:00:00+00:00, run_after=2022-03-05T00:00:00+00:00
[2024-08-29T19:55:11.149+0000] {processor.py:179} INFO - Processing /home/airflow-vm/data-engineer-batch-processing-financial-services/.venv/lib/python3.10/site-packages/airflow/example_dags/example_dynamic_task_mapping.py took 0.083 seconds
[2024-08-29T19:55:56.613+0000] {processor.py:157} INFO - Started process (PID=51898) to work on /home/airflow-vm/data-engineer-batch-processing-financial-services/.venv/lib/python3.10/site-packages/airflow/example_dags/example_dynamic_task_mapping.py
[2024-08-29T19:55:56.614+0000] {processor.py:826} INFO - Processing file /home/airflow-vm/data-engineer-batch-processing-financial-services/.venv/lib/python3.10/site-packages/airflow/example_dags/example_dynamic_task_mapping.py for tasks to queue
[2024-08-29T19:55:56.615+0000] {logging_mixin.py:149} INFO - [2024-08-29T19:55:56.615+0000] {dagbag.py:541} INFO - Filling up the DagBag from /home/airflow-vm/data-engineer-batch-processing-financial-services/.venv/lib/python3.10/site-packages/airflow/example_dags/example_dynamic_task_mapping.py
[2024-08-29T19:55:56.621+0000] {processor.py:836} INFO - DAG(s) dict_keys(['example_dynamic_task_mapping']) retrieved from /home/airflow-vm/data-engineer-batch-processing-financial-services/.venv/lib/python3.10/site-packages/airflow/example_dags/example_dynamic_task_mapping.py
[2024-08-29T19:55:56.638+0000] {logging_mixin.py:149} INFO - [2024-08-29T19:55:56.638+0000] {dag.py:2726} INFO - Sync 1 DAGs
[2024-08-29T19:55:56.658+0000] {logging_mixin.py:149} INFO - [2024-08-29T19:55:56.658+0000] {dag.py:3486} INFO - Setting next_dagrun for example_dynamic_task_mapping to 2022-03-04T00:00:00+00:00, run_after=2022-03-05T00:00:00+00:00
[2024-08-29T19:55:56.687+0000] {processor.py:179} INFO - Processing /home/airflow-vm/data-engineer-batch-processing-financial-services/.venv/lib/python3.10/site-packages/airflow/example_dags/example_dynamic_task_mapping.py took 0.076 seconds
[2024-08-29T20:11:56.263+0000] {processor.py:157} INFO - Started process (PID=56431) to work on /home/airflow-vm/data-engineer-batch-processing-financial-services/.venv/lib/python3.10/site-packages/airflow/example_dags/example_dynamic_task_mapping.py
[2024-08-29T20:11:56.264+0000] {processor.py:826} INFO - Processing file /home/airflow-vm/data-engineer-batch-processing-financial-services/.venv/lib/python3.10/site-packages/airflow/example_dags/example_dynamic_task_mapping.py for tasks to queue
[2024-08-29T20:11:56.264+0000] {logging_mixin.py:149} INFO - [2024-08-29T20:11:56.264+0000] {dagbag.py:541} INFO - Filling up the DagBag from /home/airflow-vm/data-engineer-batch-processing-financial-services/.venv/lib/python3.10/site-packages/airflow/example_dags/example_dynamic_task_mapping.py
[2024-08-29T20:11:56.272+0000] {processor.py:836} INFO - DAG(s) dict_keys(['example_dynamic_task_mapping']) retrieved from /home/airflow-vm/data-engineer-batch-processing-financial-services/.venv/lib/python3.10/site-packages/airflow/example_dags/example_dynamic_task_mapping.py
[2024-08-29T20:11:56.288+0000] {logging_mixin.py:149} INFO - [2024-08-29T20:11:56.288+0000] {dag.py:2726} INFO - Sync 1 DAGs
[2024-08-29T20:11:56.306+0000] {logging_mixin.py:149} INFO - [2024-08-29T20:11:56.306+0000] {dag.py:3486} INFO - Setting next_dagrun for example_dynamic_task_mapping to 2022-03-04T00:00:00+00:00, run_after=2022-03-05T00:00:00+00:00
[2024-08-29T20:11:56.335+0000] {processor.py:179} INFO - Processing /home/airflow-vm/data-engineer-batch-processing-financial-services/.venv/lib/python3.10/site-packages/airflow/example_dags/example_dynamic_task_mapping.py took 0.075 seconds
[2024-08-29T20:12:42.642+0000] {processor.py:157} INFO - Started process (PID=56752) to work on /home/airflow-vm/data-engineer-batch-processing-financial-services/.venv/lib/python3.10/site-packages/airflow/example_dags/example_dynamic_task_mapping.py
[2024-08-29T20:12:42.643+0000] {processor.py:826} INFO - Processing file /home/airflow-vm/data-engineer-batch-processing-financial-services/.venv/lib/python3.10/site-packages/airflow/example_dags/example_dynamic_task_mapping.py for tasks to queue
[2024-08-29T20:12:42.644+0000] {logging_mixin.py:149} INFO - [2024-08-29T20:12:42.644+0000] {dagbag.py:541} INFO - Filling up the DagBag from /home/airflow-vm/data-engineer-batch-processing-financial-services/.venv/lib/python3.10/site-packages/airflow/example_dags/example_dynamic_task_mapping.py
[2024-08-29T20:12:42.650+0000] {processor.py:836} INFO - DAG(s) dict_keys(['example_dynamic_task_mapping']) retrieved from /home/airflow-vm/data-engineer-batch-processing-financial-services/.venv/lib/python3.10/site-packages/airflow/example_dags/example_dynamic_task_mapping.py
[2024-08-29T20:12:42.666+0000] {logging_mixin.py:149} INFO - [2024-08-29T20:12:42.666+0000] {dag.py:2726} INFO - Sync 1 DAGs
[2024-08-29T20:12:42.684+0000] {logging_mixin.py:149} INFO - [2024-08-29T20:12:42.684+0000] {dag.py:3486} INFO - Setting next_dagrun for example_dynamic_task_mapping to 2022-03-04T00:00:00+00:00, run_after=2022-03-05T00:00:00+00:00
[2024-08-29T20:12:42.710+0000] {processor.py:179} INFO - Processing /home/airflow-vm/data-engineer-batch-processing-financial-services/.venv/lib/python3.10/site-packages/airflow/example_dags/example_dynamic_task_mapping.py took 0.070 seconds
[2024-08-29T20:13:26.869+0000] {processor.py:157} INFO - Started process (PID=56903) to work on /home/airflow-vm/data-engineer-batch-processing-financial-services/.venv/lib/python3.10/site-packages/airflow/example_dags/example_dynamic_task_mapping.py
[2024-08-29T20:13:26.871+0000] {processor.py:826} INFO - Processing file /home/airflow-vm/data-engineer-batch-processing-financial-services/.venv/lib/python3.10/site-packages/airflow/example_dags/example_dynamic_task_mapping.py for tasks to queue
[2024-08-29T20:13:26.872+0000] {logging_mixin.py:149} INFO - [2024-08-29T20:13:26.872+0000] {dagbag.py:541} INFO - Filling up the DagBag from /home/airflow-vm/data-engineer-batch-processing-financial-services/.venv/lib/python3.10/site-packages/airflow/example_dags/example_dynamic_task_mapping.py
[2024-08-29T20:13:26.886+0000] {processor.py:836} INFO - DAG(s) dict_keys(['example_dynamic_task_mapping']) retrieved from /home/airflow-vm/data-engineer-batch-processing-financial-services/.venv/lib/python3.10/site-packages/airflow/example_dags/example_dynamic_task_mapping.py
[2024-08-29T20:13:26.940+0000] {logging_mixin.py:149} INFO - [2024-08-29T20:13:26.940+0000] {dag.py:2726} INFO - Sync 1 DAGs
[2024-08-29T20:13:27.012+0000] {logging_mixin.py:149} INFO - [2024-08-29T20:13:27.012+0000] {dag.py:3486} INFO - Setting next_dagrun for example_dynamic_task_mapping to 2022-03-04T00:00:00+00:00, run_after=2022-03-05T00:00:00+00:00
[2024-08-29T20:13:27.061+0000] {processor.py:179} INFO - Processing /home/airflow-vm/data-engineer-batch-processing-financial-services/.venv/lib/python3.10/site-packages/airflow/example_dags/example_dynamic_task_mapping.py took 0.203 seconds
[2024-08-29T20:15:22.737+0000] {processor.py:157} INFO - Started process (PID=57499) to work on /home/airflow-vm/data-engineer-batch-processing-financial-services/.venv/lib/python3.10/site-packages/airflow/example_dags/example_dynamic_task_mapping.py
[2024-08-29T20:15:22.737+0000] {processor.py:826} INFO - Processing file /home/airflow-vm/data-engineer-batch-processing-financial-services/.venv/lib/python3.10/site-packages/airflow/example_dags/example_dynamic_task_mapping.py for tasks to queue
[2024-08-29T20:15:22.738+0000] {logging_mixin.py:149} INFO - [2024-08-29T20:15:22.738+0000] {dagbag.py:541} INFO - Filling up the DagBag from /home/airflow-vm/data-engineer-batch-processing-financial-services/.venv/lib/python3.10/site-packages/airflow/example_dags/example_dynamic_task_mapping.py
[2024-08-29T20:15:22.747+0000] {processor.py:836} INFO - DAG(s) dict_keys(['example_dynamic_task_mapping']) retrieved from /home/airflow-vm/data-engineer-batch-processing-financial-services/.venv/lib/python3.10/site-packages/airflow/example_dags/example_dynamic_task_mapping.py
[2024-08-29T20:15:22.762+0000] {logging_mixin.py:149} INFO - [2024-08-29T20:15:22.762+0000] {dag.py:2726} INFO - Sync 1 DAGs
[2024-08-29T20:15:22.781+0000] {logging_mixin.py:149} INFO - [2024-08-29T20:15:22.781+0000] {dag.py:3486} INFO - Setting next_dagrun for example_dynamic_task_mapping to 2022-03-04T00:00:00+00:00, run_after=2022-03-05T00:00:00+00:00
[2024-08-29T20:15:22.813+0000] {processor.py:179} INFO - Processing /home/airflow-vm/data-engineer-batch-processing-financial-services/.venv/lib/python3.10/site-packages/airflow/example_dags/example_dynamic_task_mapping.py took 0.079 seconds
[2024-08-29T20:16:09.246+0000] {processor.py:157} INFO - Started process (PID=58003) to work on /home/airflow-vm/data-engineer-batch-processing-financial-services/.venv/lib/python3.10/site-packages/airflow/example_dags/example_dynamic_task_mapping.py
[2024-08-29T20:16:09.247+0000] {processor.py:826} INFO - Processing file /home/airflow-vm/data-engineer-batch-processing-financial-services/.venv/lib/python3.10/site-packages/airflow/example_dags/example_dynamic_task_mapping.py for tasks to queue
[2024-08-29T20:16:09.247+0000] {logging_mixin.py:149} INFO - [2024-08-29T20:16:09.247+0000] {dagbag.py:541} INFO - Filling up the DagBag from /home/airflow-vm/data-engineer-batch-processing-financial-services/.venv/lib/python3.10/site-packages/airflow/example_dags/example_dynamic_task_mapping.py
[2024-08-29T20:16:09.253+0000] {processor.py:836} INFO - DAG(s) dict_keys(['example_dynamic_task_mapping']) retrieved from /home/airflow-vm/data-engineer-batch-processing-financial-services/.venv/lib/python3.10/site-packages/airflow/example_dags/example_dynamic_task_mapping.py
[2024-08-29T20:16:09.269+0000] {logging_mixin.py:149} INFO - [2024-08-29T20:16:09.269+0000] {dag.py:2726} INFO - Sync 1 DAGs
[2024-08-29T20:16:09.288+0000] {logging_mixin.py:149} INFO - [2024-08-29T20:16:09.288+0000] {dag.py:3486} INFO - Setting next_dagrun for example_dynamic_task_mapping to 2022-03-04T00:00:00+00:00, run_after=2022-03-05T00:00:00+00:00
[2024-08-29T20:16:09.316+0000] {processor.py:179} INFO - Processing /home/airflow-vm/data-engineer-batch-processing-financial-services/.venv/lib/python3.10/site-packages/airflow/example_dags/example_dynamic_task_mapping.py took 0.073 seconds
[2024-08-29T20:24:33.793+0000] {processor.py:157} INFO - Started process (PID=61382) to work on /home/airflow-vm/data-engineer-batch-processing-financial-services/.venv/lib/python3.10/site-packages/airflow/example_dags/example_dynamic_task_mapping.py
[2024-08-29T20:24:33.794+0000] {processor.py:826} INFO - Processing file /home/airflow-vm/data-engineer-batch-processing-financial-services/.venv/lib/python3.10/site-packages/airflow/example_dags/example_dynamic_task_mapping.py for tasks to queue
[2024-08-29T20:24:33.794+0000] {logging_mixin.py:149} INFO - [2024-08-29T20:24:33.794+0000] {dagbag.py:541} INFO - Filling up the DagBag from /home/airflow-vm/data-engineer-batch-processing-financial-services/.venv/lib/python3.10/site-packages/airflow/example_dags/example_dynamic_task_mapping.py
[2024-08-29T20:24:33.802+0000] {processor.py:836} INFO - DAG(s) dict_keys(['example_dynamic_task_mapping']) retrieved from /home/airflow-vm/data-engineer-batch-processing-financial-services/.venv/lib/python3.10/site-packages/airflow/example_dags/example_dynamic_task_mapping.py
[2024-08-29T20:24:33.818+0000] {logging_mixin.py:149} INFO - [2024-08-29T20:24:33.818+0000] {dag.py:2726} INFO - Sync 1 DAGs
[2024-08-29T20:24:33.836+0000] {logging_mixin.py:149} INFO - [2024-08-29T20:24:33.836+0000] {dag.py:3486} INFO - Setting next_dagrun for example_dynamic_task_mapping to 2022-03-04T00:00:00+00:00, run_after=2022-03-05T00:00:00+00:00
[2024-08-29T20:24:33.865+0000] {processor.py:179} INFO - Processing /home/airflow-vm/data-engineer-batch-processing-financial-services/.venv/lib/python3.10/site-packages/airflow/example_dags/example_dynamic_task_mapping.py took 0.074 seconds
[2024-08-29T20:26:27.265+0000] {processor.py:157} INFO - Started process (PID=62823) to work on /home/airflow-vm/data-engineer-batch-processing-financial-services/.venv/lib/python3.10/site-packages/airflow/example_dags/example_dynamic_task_mapping.py
[2024-08-29T20:26:27.266+0000] {processor.py:826} INFO - Processing file /home/airflow-vm/data-engineer-batch-processing-financial-services/.venv/lib/python3.10/site-packages/airflow/example_dags/example_dynamic_task_mapping.py for tasks to queue
[2024-08-29T20:26:27.266+0000] {logging_mixin.py:149} INFO - [2024-08-29T20:26:27.266+0000] {dagbag.py:541} INFO - Filling up the DagBag from /home/airflow-vm/data-engineer-batch-processing-financial-services/.venv/lib/python3.10/site-packages/airflow/example_dags/example_dynamic_task_mapping.py
[2024-08-29T20:26:27.286+0000] {processor.py:836} INFO - DAG(s) dict_keys(['example_dynamic_task_mapping']) retrieved from /home/airflow-vm/data-engineer-batch-processing-financial-services/.venv/lib/python3.10/site-packages/airflow/example_dags/example_dynamic_task_mapping.py
[2024-08-29T20:26:27.347+0000] {logging_mixin.py:149} INFO - [2024-08-29T20:26:27.347+0000] {dag.py:2726} INFO - Sync 1 DAGs
[2024-08-29T20:26:27.367+0000] {logging_mixin.py:149} INFO - [2024-08-29T20:26:27.367+0000] {dag.py:3486} INFO - Setting next_dagrun for example_dynamic_task_mapping to 2022-03-04T00:00:00+00:00, run_after=2022-03-05T00:00:00+00:00
[2024-08-29T20:26:27.397+0000] {processor.py:179} INFO - Processing /home/airflow-vm/data-engineer-batch-processing-financial-services/.venv/lib/python3.10/site-packages/airflow/example_dags/example_dynamic_task_mapping.py took 0.134 seconds
[2024-08-29T20:27:17.401+0000] {processor.py:157} INFO - Started process (PID=63379) to work on /home/airflow-vm/data-engineer-batch-processing-financial-services/.venv/lib/python3.10/site-packages/airflow/example_dags/example_dynamic_task_mapping.py
[2024-08-29T20:27:17.401+0000] {processor.py:826} INFO - Processing file /home/airflow-vm/data-engineer-batch-processing-financial-services/.venv/lib/python3.10/site-packages/airflow/example_dags/example_dynamic_task_mapping.py for tasks to queue
[2024-08-29T20:27:17.402+0000] {logging_mixin.py:149} INFO - [2024-08-29T20:27:17.402+0000] {dagbag.py:541} INFO - Filling up the DagBag from /home/airflow-vm/data-engineer-batch-processing-financial-services/.venv/lib/python3.10/site-packages/airflow/example_dags/example_dynamic_task_mapping.py
[2024-08-29T20:27:17.408+0000] {processor.py:836} INFO - DAG(s) dict_keys(['example_dynamic_task_mapping']) retrieved from /home/airflow-vm/data-engineer-batch-processing-financial-services/.venv/lib/python3.10/site-packages/airflow/example_dags/example_dynamic_task_mapping.py
[2024-08-29T20:27:17.424+0000] {logging_mixin.py:149} INFO - [2024-08-29T20:27:17.424+0000] {dag.py:2726} INFO - Sync 1 DAGs
[2024-08-29T20:27:17.443+0000] {logging_mixin.py:149} INFO - [2024-08-29T20:27:17.443+0000] {dag.py:3486} INFO - Setting next_dagrun for example_dynamic_task_mapping to 2022-03-04T00:00:00+00:00, run_after=2022-03-05T00:00:00+00:00
[2024-08-29T20:27:17.474+0000] {processor.py:179} INFO - Processing /home/airflow-vm/data-engineer-batch-processing-financial-services/.venv/lib/python3.10/site-packages/airflow/example_dags/example_dynamic_task_mapping.py took 0.075 seconds
[2024-08-29T20:27:59.716+0000] {processor.py:157} INFO - Started process (PID=63560) to work on /home/airflow-vm/data-engineer-batch-processing-financial-services/.venv/lib/python3.10/site-packages/airflow/example_dags/example_dynamic_task_mapping.py
[2024-08-29T20:27:59.716+0000] {processor.py:826} INFO - Processing file /home/airflow-vm/data-engineer-batch-processing-financial-services/.venv/lib/python3.10/site-packages/airflow/example_dags/example_dynamic_task_mapping.py for tasks to queue
[2024-08-29T20:27:59.717+0000] {logging_mixin.py:149} INFO - [2024-08-29T20:27:59.717+0000] {dagbag.py:541} INFO - Filling up the DagBag from /home/airflow-vm/data-engineer-batch-processing-financial-services/.venv/lib/python3.10/site-packages/airflow/example_dags/example_dynamic_task_mapping.py
[2024-08-29T20:27:59.723+0000] {processor.py:836} INFO - DAG(s) dict_keys(['example_dynamic_task_mapping']) retrieved from /home/airflow-vm/data-engineer-batch-processing-financial-services/.venv/lib/python3.10/site-packages/airflow/example_dags/example_dynamic_task_mapping.py
[2024-08-29T20:27:59.739+0000] {logging_mixin.py:149} INFO - [2024-08-29T20:27:59.739+0000] {dag.py:2726} INFO - Sync 1 DAGs
[2024-08-29T20:27:59.757+0000] {logging_mixin.py:149} INFO - [2024-08-29T20:27:59.757+0000] {dag.py:3486} INFO - Setting next_dagrun for example_dynamic_task_mapping to 2022-03-04T00:00:00+00:00, run_after=2022-03-05T00:00:00+00:00
[2024-08-29T20:27:59.785+0000] {processor.py:179} INFO - Processing /home/airflow-vm/data-engineer-batch-processing-financial-services/.venv/lib/python3.10/site-packages/airflow/example_dags/example_dynamic_task_mapping.py took 0.072 seconds
[2024-08-29T20:28:57.305+0000] {processor.py:157} INFO - Started process (PID=64047) to work on /home/airflow-vm/data-engineer-batch-processing-financial-services/.venv/lib/python3.10/site-packages/airflow/example_dags/example_dynamic_task_mapping.py
[2024-08-29T20:28:57.306+0000] {processor.py:826} INFO - Processing file /home/airflow-vm/data-engineer-batch-processing-financial-services/.venv/lib/python3.10/site-packages/airflow/example_dags/example_dynamic_task_mapping.py for tasks to queue
[2024-08-29T20:28:57.306+0000] {logging_mixin.py:149} INFO - [2024-08-29T20:28:57.306+0000] {dagbag.py:541} INFO - Filling up the DagBag from /home/airflow-vm/data-engineer-batch-processing-financial-services/.venv/lib/python3.10/site-packages/airflow/example_dags/example_dynamic_task_mapping.py
[2024-08-29T20:28:57.313+0000] {processor.py:836} INFO - DAG(s) dict_keys(['example_dynamic_task_mapping']) retrieved from /home/airflow-vm/data-engineer-batch-processing-financial-services/.venv/lib/python3.10/site-packages/airflow/example_dags/example_dynamic_task_mapping.py
[2024-08-29T20:28:57.330+0000] {logging_mixin.py:149} INFO - [2024-08-29T20:28:57.330+0000] {dag.py:2726} INFO - Sync 1 DAGs
[2024-08-29T20:28:57.351+0000] {logging_mixin.py:149} INFO - [2024-08-29T20:28:57.351+0000] {dag.py:3486} INFO - Setting next_dagrun for example_dynamic_task_mapping to 2022-03-04T00:00:00+00:00, run_after=2022-03-05T00:00:00+00:00
[2024-08-29T20:28:57.388+0000] {processor.py:179} INFO - Processing /home/airflow-vm/data-engineer-batch-processing-financial-services/.venv/lib/python3.10/site-packages/airflow/example_dags/example_dynamic_task_mapping.py took 0.085 seconds
[2024-08-29T20:31:34.778+0000] {processor.py:157} INFO - Started process (PID=65838) to work on /home/airflow-vm/data-engineer-batch-processing-financial-services/.venv/lib/python3.10/site-packages/airflow/example_dags/example_dynamic_task_mapping.py
[2024-08-29T20:31:34.779+0000] {processor.py:826} INFO - Processing file /home/airflow-vm/data-engineer-batch-processing-financial-services/.venv/lib/python3.10/site-packages/airflow/example_dags/example_dynamic_task_mapping.py for tasks to queue
[2024-08-29T20:31:34.780+0000] {logging_mixin.py:149} INFO - [2024-08-29T20:31:34.780+0000] {dagbag.py:541} INFO - Filling up the DagBag from /home/airflow-vm/data-engineer-batch-processing-financial-services/.venv/lib/python3.10/site-packages/airflow/example_dags/example_dynamic_task_mapping.py
[2024-08-29T20:31:34.788+0000] {processor.py:836} INFO - DAG(s) dict_keys(['example_dynamic_task_mapping']) retrieved from /home/airflow-vm/data-engineer-batch-processing-financial-services/.venv/lib/python3.10/site-packages/airflow/example_dags/example_dynamic_task_mapping.py
[2024-08-29T20:31:34.803+0000] {logging_mixin.py:149} INFO - [2024-08-29T20:31:34.803+0000] {dag.py:2726} INFO - Sync 1 DAGs
[2024-08-29T20:31:34.821+0000] {logging_mixin.py:149} INFO - [2024-08-29T20:31:34.821+0000] {dag.py:3486} INFO - Setting next_dagrun for example_dynamic_task_mapping to 2022-03-04T00:00:00+00:00, run_after=2022-03-05T00:00:00+00:00
[2024-08-29T20:31:34.848+0000] {processor.py:179} INFO - Processing /home/airflow-vm/data-engineer-batch-processing-financial-services/.venv/lib/python3.10/site-packages/airflow/example_dags/example_dynamic_task_mapping.py took 0.073 seconds
[2024-08-29T20:33:26.899+0000] {processor.py:157} INFO - Started process (PID=67245) to work on /home/airflow-vm/data-engineer-batch-processing-financial-services/.venv/lib/python3.10/site-packages/airflow/example_dags/example_dynamic_task_mapping.py
[2024-08-29T20:33:26.900+0000] {processor.py:826} INFO - Processing file /home/airflow-vm/data-engineer-batch-processing-financial-services/.venv/lib/python3.10/site-packages/airflow/example_dags/example_dynamic_task_mapping.py for tasks to queue
[2024-08-29T20:33:26.901+0000] {logging_mixin.py:149} INFO - [2024-08-29T20:33:26.900+0000] {dagbag.py:541} INFO - Filling up the DagBag from /home/airflow-vm/data-engineer-batch-processing-financial-services/.venv/lib/python3.10/site-packages/airflow/example_dags/example_dynamic_task_mapping.py
[2024-08-29T20:33:26.907+0000] {processor.py:836} INFO - DAG(s) dict_keys(['example_dynamic_task_mapping']) retrieved from /home/airflow-vm/data-engineer-batch-processing-financial-services/.venv/lib/python3.10/site-packages/airflow/example_dags/example_dynamic_task_mapping.py
[2024-08-29T20:33:26.923+0000] {logging_mixin.py:149} INFO - [2024-08-29T20:33:26.923+0000] {dag.py:2726} INFO - Sync 1 DAGs
[2024-08-29T20:33:26.942+0000] {logging_mixin.py:149} INFO - [2024-08-29T20:33:26.942+0000] {dag.py:3486} INFO - Setting next_dagrun for example_dynamic_task_mapping to 2022-03-04T00:00:00+00:00, run_after=2022-03-05T00:00:00+00:00
[2024-08-29T20:33:26.969+0000] {processor.py:179} INFO - Processing /home/airflow-vm/data-engineer-batch-processing-financial-services/.venv/lib/python3.10/site-packages/airflow/example_dags/example_dynamic_task_mapping.py took 0.072 seconds
[2024-08-29T20:36:04.167+0000] {processor.py:157} INFO - Started process (PID=69255) to work on /home/airflow-vm/data-engineer-batch-processing-financial-services/.venv/lib/python3.10/site-packages/airflow/example_dags/example_dynamic_task_mapping.py
[2024-08-29T20:36:04.167+0000] {processor.py:826} INFO - Processing file /home/airflow-vm/data-engineer-batch-processing-financial-services/.venv/lib/python3.10/site-packages/airflow/example_dags/example_dynamic_task_mapping.py for tasks to queue
[2024-08-29T20:36:04.168+0000] {logging_mixin.py:149} INFO - [2024-08-29T20:36:04.168+0000] {dagbag.py:541} INFO - Filling up the DagBag from /home/airflow-vm/data-engineer-batch-processing-financial-services/.venv/lib/python3.10/site-packages/airflow/example_dags/example_dynamic_task_mapping.py
[2024-08-29T20:36:04.176+0000] {processor.py:836} INFO - DAG(s) dict_keys(['example_dynamic_task_mapping']) retrieved from /home/airflow-vm/data-engineer-batch-processing-financial-services/.venv/lib/python3.10/site-packages/airflow/example_dags/example_dynamic_task_mapping.py
[2024-08-29T20:36:04.192+0000] {logging_mixin.py:149} INFO - [2024-08-29T20:36:04.192+0000] {dag.py:2726} INFO - Sync 1 DAGs
[2024-08-29T20:36:04.211+0000] {logging_mixin.py:149} INFO - [2024-08-29T20:36:04.211+0000] {dag.py:3486} INFO - Setting next_dagrun for example_dynamic_task_mapping to 2022-03-04T00:00:00+00:00, run_after=2022-03-05T00:00:00+00:00
[2024-08-29T20:36:04.240+0000] {processor.py:179} INFO - Processing /home/airflow-vm/data-engineer-batch-processing-financial-services/.venv/lib/python3.10/site-packages/airflow/example_dags/example_dynamic_task_mapping.py took 0.076 seconds
[2024-08-29T20:37:58.036+0000] {processor.py:157} INFO - Started process (PID=70670) to work on /home/airflow-vm/data-engineer-batch-processing-financial-services/.venv/lib/python3.10/site-packages/airflow/example_dags/example_dynamic_task_mapping.py
[2024-08-29T20:37:58.037+0000] {processor.py:826} INFO - Processing file /home/airflow-vm/data-engineer-batch-processing-financial-services/.venv/lib/python3.10/site-packages/airflow/example_dags/example_dynamic_task_mapping.py for tasks to queue
[2024-08-29T20:37:58.038+0000] {logging_mixin.py:149} INFO - [2024-08-29T20:37:58.038+0000] {dagbag.py:541} INFO - Filling up the DagBag from /home/airflow-vm/data-engineer-batch-processing-financial-services/.venv/lib/python3.10/site-packages/airflow/example_dags/example_dynamic_task_mapping.py
[2024-08-29T20:37:58.045+0000] {processor.py:836} INFO - DAG(s) dict_keys(['example_dynamic_task_mapping']) retrieved from /home/airflow-vm/data-engineer-batch-processing-financial-services/.venv/lib/python3.10/site-packages/airflow/example_dags/example_dynamic_task_mapping.py
[2024-08-29T20:37:58.061+0000] {logging_mixin.py:149} INFO - [2024-08-29T20:37:58.061+0000] {dag.py:2726} INFO - Sync 1 DAGs
[2024-08-29T20:37:58.079+0000] {logging_mixin.py:149} INFO - [2024-08-29T20:37:58.079+0000] {dag.py:3486} INFO - Setting next_dagrun for example_dynamic_task_mapping to 2022-03-04T00:00:00+00:00, run_after=2022-03-05T00:00:00+00:00
[2024-08-29T20:37:58.105+0000] {processor.py:179} INFO - Processing /home/airflow-vm/data-engineer-batch-processing-financial-services/.venv/lib/python3.10/site-packages/airflow/example_dags/example_dynamic_task_mapping.py took 0.071 seconds
