[2024-08-29T19:48:15.586+0000] {processor.py:157} INFO - Started process (PID=49218) to work on /home/airflow-vm/data-engineer-batch-processing-financial-services/.venv/lib/python3.10/site-packages/airflow/example_dags/example_branch_day_of_week_operator.py
[2024-08-29T19:48:15.586+0000] {processor.py:826} INFO - Processing file /home/airflow-vm/data-engineer-batch-processing-financial-services/.venv/lib/python3.10/site-packages/airflow/example_dags/example_branch_day_of_week_operator.py for tasks to queue
[2024-08-29T19:48:15.587+0000] {logging_mixin.py:149} INFO - [2024-08-29T19:48:15.587+0000] {dagbag.py:541} INFO - Filling up the DagBag from /home/airflow-vm/data-engineer-batch-processing-financial-services/.venv/lib/python3.10/site-packages/airflow/example_dags/example_branch_day_of_week_operator.py
[2024-08-29T19:48:15.594+0000] {processor.py:836} INFO - DAG(s) dict_keys(['example_weekday_branch_operator']) retrieved from /home/airflow-vm/data-engineer-batch-processing-financial-services/.venv/lib/python3.10/site-packages/airflow/example_dags/example_branch_day_of_week_operator.py
[2024-08-29T19:48:15.711+0000] {logging_mixin.py:149} INFO - [2024-08-29T19:48:15.711+0000] {manager.py:504} INFO - Created Permission View: can delete on DAG:example_weekday_branch_operator
[2024-08-29T19:48:15.733+0000] {logging_mixin.py:149} INFO - [2024-08-29T19:48:15.732+0000] {manager.py:504} INFO - Created Permission View: can edit on DAG:example_weekday_branch_operator
[2024-08-29T19:48:15.749+0000] {logging_mixin.py:149} INFO - [2024-08-29T19:48:15.749+0000] {manager.py:504} INFO - Created Permission View: can read on DAG:example_weekday_branch_operator
[2024-08-29T19:48:15.749+0000] {logging_mixin.py:149} INFO - [2024-08-29T19:48:15.749+0000] {dag.py:2726} INFO - Sync 1 DAGs
[2024-08-29T19:48:15.760+0000] {logging_mixin.py:149} INFO - [2024-08-29T19:48:15.760+0000] {dag.py:2747} INFO - Creating ORM DAG for example_weekday_branch_operator
[2024-08-29T19:48:15.772+0000] {logging_mixin.py:149} INFO - [2024-08-29T19:48:15.772+0000] {dag.py:3486} INFO - Setting next_dagrun for example_weekday_branch_operator to 2024-08-28T00:00:00+00:00, run_after=2024-08-29T00:00:00+00:00
[2024-08-29T19:48:15.802+0000] {processor.py:179} INFO - Processing /home/airflow-vm/data-engineer-batch-processing-financial-services/.venv/lib/python3.10/site-packages/airflow/example_dags/example_branch_day_of_week_operator.py took 0.218 seconds
[2024-08-29T19:49:02.405+0000] {processor.py:157} INFO - Started process (PID=49542) to work on /home/airflow-vm/data-engineer-batch-processing-financial-services/.venv/lib/python3.10/site-packages/airflow/example_dags/example_branch_day_of_week_operator.py
[2024-08-29T19:49:02.406+0000] {processor.py:826} INFO - Processing file /home/airflow-vm/data-engineer-batch-processing-financial-services/.venv/lib/python3.10/site-packages/airflow/example_dags/example_branch_day_of_week_operator.py for tasks to queue
[2024-08-29T19:49:02.406+0000] {logging_mixin.py:149} INFO - [2024-08-29T19:49:02.406+0000] {dagbag.py:541} INFO - Filling up the DagBag from /home/airflow-vm/data-engineer-batch-processing-financial-services/.venv/lib/python3.10/site-packages/airflow/example_dags/example_branch_day_of_week_operator.py
[2024-08-29T19:49:02.413+0000] {processor.py:836} INFO - DAG(s) dict_keys(['example_weekday_branch_operator']) retrieved from /home/airflow-vm/data-engineer-batch-processing-financial-services/.venv/lib/python3.10/site-packages/airflow/example_dags/example_branch_day_of_week_operator.py
[2024-08-29T19:49:02.432+0000] {logging_mixin.py:149} INFO - [2024-08-29T19:49:02.432+0000] {dag.py:2726} INFO - Sync 1 DAGs
[2024-08-29T19:49:02.453+0000] {logging_mixin.py:149} INFO - [2024-08-29T19:49:02.453+0000] {dag.py:3486} INFO - Setting next_dagrun for example_weekday_branch_operator to 2024-08-28T00:00:00+00:00, run_after=2024-08-29T00:00:00+00:00
[2024-08-29T19:49:02.481+0000] {processor.py:179} INFO - Processing /home/airflow-vm/data-engineer-batch-processing-financial-services/.venv/lib/python3.10/site-packages/airflow/example_dags/example_branch_day_of_week_operator.py took 0.078 seconds
[2024-08-29T19:49:52.181+0000] {processor.py:157} INFO - Started process (PID=49732) to work on /home/airflow-vm/data-engineer-batch-processing-financial-services/.venv/lib/python3.10/site-packages/airflow/example_dags/example_branch_day_of_week_operator.py
[2024-08-29T19:49:52.182+0000] {processor.py:826} INFO - Processing file /home/airflow-vm/data-engineer-batch-processing-financial-services/.venv/lib/python3.10/site-packages/airflow/example_dags/example_branch_day_of_week_operator.py for tasks to queue
[2024-08-29T19:49:52.183+0000] {logging_mixin.py:149} INFO - [2024-08-29T19:49:52.183+0000] {dagbag.py:541} INFO - Filling up the DagBag from /home/airflow-vm/data-engineer-batch-processing-financial-services/.venv/lib/python3.10/site-packages/airflow/example_dags/example_branch_day_of_week_operator.py
[2024-08-29T19:49:52.190+0000] {processor.py:836} INFO - DAG(s) dict_keys(['example_weekday_branch_operator']) retrieved from /home/airflow-vm/data-engineer-batch-processing-financial-services/.venv/lib/python3.10/site-packages/airflow/example_dags/example_branch_day_of_week_operator.py
[2024-08-29T19:49:52.208+0000] {logging_mixin.py:149} INFO - [2024-08-29T19:49:52.208+0000] {dag.py:2726} INFO - Sync 1 DAGs
[2024-08-29T19:49:52.229+0000] {logging_mixin.py:149} INFO - [2024-08-29T19:49:52.229+0000] {dag.py:3486} INFO - Setting next_dagrun for example_weekday_branch_operator to 2024-08-28T00:00:00+00:00, run_after=2024-08-29T00:00:00+00:00
[2024-08-29T19:49:52.260+0000] {processor.py:179} INFO - Processing /home/airflow-vm/data-engineer-batch-processing-financial-services/.venv/lib/python3.10/site-packages/airflow/example_dags/example_branch_day_of_week_operator.py took 0.081 seconds
[2024-08-29T19:50:41.571+0000] {processor.py:157} INFO - Started process (PID=50025) to work on /home/airflow-vm/data-engineer-batch-processing-financial-services/.venv/lib/python3.10/site-packages/airflow/example_dags/example_branch_day_of_week_operator.py
[2024-08-29T19:50:41.571+0000] {processor.py:826} INFO - Processing file /home/airflow-vm/data-engineer-batch-processing-financial-services/.venv/lib/python3.10/site-packages/airflow/example_dags/example_branch_day_of_week_operator.py for tasks to queue
[2024-08-29T19:50:41.572+0000] {logging_mixin.py:149} INFO - [2024-08-29T19:50:41.572+0000] {dagbag.py:541} INFO - Filling up the DagBag from /home/airflow-vm/data-engineer-batch-processing-financial-services/.venv/lib/python3.10/site-packages/airflow/example_dags/example_branch_day_of_week_operator.py
[2024-08-29T19:50:41.579+0000] {processor.py:836} INFO - DAG(s) dict_keys(['example_weekday_branch_operator']) retrieved from /home/airflow-vm/data-engineer-batch-processing-financial-services/.venv/lib/python3.10/site-packages/airflow/example_dags/example_branch_day_of_week_operator.py
[2024-08-29T19:50:41.596+0000] {logging_mixin.py:149} INFO - [2024-08-29T19:50:41.596+0000] {dag.py:2726} INFO - Sync 1 DAGs
[2024-08-29T19:50:41.616+0000] {logging_mixin.py:149} INFO - [2024-08-29T19:50:41.616+0000] {dag.py:3486} INFO - Setting next_dagrun for example_weekday_branch_operator to 2024-08-28T00:00:00+00:00, run_after=2024-08-29T00:00:00+00:00
[2024-08-29T19:50:41.643+0000] {processor.py:179} INFO - Processing /home/airflow-vm/data-engineer-batch-processing-financial-services/.venv/lib/python3.10/site-packages/airflow/example_dags/example_branch_day_of_week_operator.py took 0.075 seconds
[2024-08-29T19:51:27.402+0000] {processor.py:157} INFO - Started process (PID=50687) to work on /home/airflow-vm/data-engineer-batch-processing-financial-services/.venv/lib/python3.10/site-packages/airflow/example_dags/example_branch_day_of_week_operator.py
[2024-08-29T19:51:27.403+0000] {processor.py:826} INFO - Processing file /home/airflow-vm/data-engineer-batch-processing-financial-services/.venv/lib/python3.10/site-packages/airflow/example_dags/example_branch_day_of_week_operator.py for tasks to queue
[2024-08-29T19:51:27.404+0000] {logging_mixin.py:149} INFO - [2024-08-29T19:51:27.403+0000] {dagbag.py:541} INFO - Filling up the DagBag from /home/airflow-vm/data-engineer-batch-processing-financial-services/.venv/lib/python3.10/site-packages/airflow/example_dags/example_branch_day_of_week_operator.py
[2024-08-29T19:51:27.411+0000] {processor.py:836} INFO - DAG(s) dict_keys(['example_weekday_branch_operator']) retrieved from /home/airflow-vm/data-engineer-batch-processing-financial-services/.venv/lib/python3.10/site-packages/airflow/example_dags/example_branch_day_of_week_operator.py
[2024-08-29T19:51:27.430+0000] {logging_mixin.py:149} INFO - [2024-08-29T19:51:27.430+0000] {dag.py:2726} INFO - Sync 1 DAGs
[2024-08-29T19:51:27.455+0000] {logging_mixin.py:149} INFO - [2024-08-29T19:51:27.455+0000] {dag.py:3486} INFO - Setting next_dagrun for example_weekday_branch_operator to 2024-08-28T00:00:00+00:00, run_after=2024-08-29T00:00:00+00:00
[2024-08-29T19:51:27.486+0000] {processor.py:179} INFO - Processing /home/airflow-vm/data-engineer-batch-processing-financial-services/.venv/lib/python3.10/site-packages/airflow/example_dags/example_branch_day_of_week_operator.py took 0.087 seconds
[2024-08-29T19:52:16.665+0000] {processor.py:157} INFO - Started process (PID=50911) to work on /home/airflow-vm/data-engineer-batch-processing-financial-services/.venv/lib/python3.10/site-packages/airflow/example_dags/example_branch_day_of_week_operator.py
[2024-08-29T19:52:16.666+0000] {processor.py:826} INFO - Processing file /home/airflow-vm/data-engineer-batch-processing-financial-services/.venv/lib/python3.10/site-packages/airflow/example_dags/example_branch_day_of_week_operator.py for tasks to queue
[2024-08-29T19:52:16.667+0000] {logging_mixin.py:149} INFO - [2024-08-29T19:52:16.667+0000] {dagbag.py:541} INFO - Filling up the DagBag from /home/airflow-vm/data-engineer-batch-processing-financial-services/.venv/lib/python3.10/site-packages/airflow/example_dags/example_branch_day_of_week_operator.py
[2024-08-29T19:52:16.674+0000] {processor.py:836} INFO - DAG(s) dict_keys(['example_weekday_branch_operator']) retrieved from /home/airflow-vm/data-engineer-batch-processing-financial-services/.venv/lib/python3.10/site-packages/airflow/example_dags/example_branch_day_of_week_operator.py
[2024-08-29T19:52:16.692+0000] {logging_mixin.py:149} INFO - [2024-08-29T19:52:16.692+0000] {dag.py:2726} INFO - Sync 1 DAGs
[2024-08-29T19:52:16.712+0000] {logging_mixin.py:149} INFO - [2024-08-29T19:52:16.712+0000] {dag.py:3486} INFO - Setting next_dagrun for example_weekday_branch_operator to 2024-08-28T00:00:00+00:00, run_after=2024-08-29T00:00:00+00:00
[2024-08-29T19:52:16.744+0000] {processor.py:179} INFO - Processing /home/airflow-vm/data-engineer-batch-processing-financial-services/.venv/lib/python3.10/site-packages/airflow/example_dags/example_branch_day_of_week_operator.py took 0.082 seconds
[2024-08-29T19:52:59.765+0000] {processor.py:157} INFO - Started process (PID=51001) to work on /home/airflow-vm/data-engineer-batch-processing-financial-services/.venv/lib/python3.10/site-packages/airflow/example_dags/example_branch_day_of_week_operator.py
[2024-08-29T19:52:59.766+0000] {processor.py:826} INFO - Processing file /home/airflow-vm/data-engineer-batch-processing-financial-services/.venv/lib/python3.10/site-packages/airflow/example_dags/example_branch_day_of_week_operator.py for tasks to queue
[2024-08-29T19:52:59.766+0000] {logging_mixin.py:149} INFO - [2024-08-29T19:52:59.766+0000] {dagbag.py:541} INFO - Filling up the DagBag from /home/airflow-vm/data-engineer-batch-processing-financial-services/.venv/lib/python3.10/site-packages/airflow/example_dags/example_branch_day_of_week_operator.py
[2024-08-29T19:52:59.773+0000] {processor.py:836} INFO - DAG(s) dict_keys(['example_weekday_branch_operator']) retrieved from /home/airflow-vm/data-engineer-batch-processing-financial-services/.venv/lib/python3.10/site-packages/airflow/example_dags/example_branch_day_of_week_operator.py
[2024-08-29T19:52:59.792+0000] {logging_mixin.py:149} INFO - [2024-08-29T19:52:59.792+0000] {dag.py:2726} INFO - Sync 1 DAGs
[2024-08-29T19:52:59.812+0000] {logging_mixin.py:149} INFO - [2024-08-29T19:52:59.812+0000] {dag.py:3486} INFO - Setting next_dagrun for example_weekday_branch_operator to 2024-08-28T00:00:00+00:00, run_after=2024-08-29T00:00:00+00:00
[2024-08-29T19:52:59.840+0000] {processor.py:179} INFO - Processing /home/airflow-vm/data-engineer-batch-processing-financial-services/.venv/lib/python3.10/site-packages/airflow/example_dags/example_branch_day_of_week_operator.py took 0.077 seconds
[2024-08-29T19:53:45.785+0000] {processor.py:157} INFO - Started process (PID=51165) to work on /home/airflow-vm/data-engineer-batch-processing-financial-services/.venv/lib/python3.10/site-packages/airflow/example_dags/example_branch_day_of_week_operator.py
[2024-08-29T19:53:45.786+0000] {processor.py:826} INFO - Processing file /home/airflow-vm/data-engineer-batch-processing-financial-services/.venv/lib/python3.10/site-packages/airflow/example_dags/example_branch_day_of_week_operator.py for tasks to queue
[2024-08-29T19:53:45.787+0000] {logging_mixin.py:149} INFO - [2024-08-29T19:53:45.786+0000] {dagbag.py:541} INFO - Filling up the DagBag from /home/airflow-vm/data-engineer-batch-processing-financial-services/.venv/lib/python3.10/site-packages/airflow/example_dags/example_branch_day_of_week_operator.py
[2024-08-29T19:53:45.793+0000] {processor.py:836} INFO - DAG(s) dict_keys(['example_weekday_branch_operator']) retrieved from /home/airflow-vm/data-engineer-batch-processing-financial-services/.venv/lib/python3.10/site-packages/airflow/example_dags/example_branch_day_of_week_operator.py
[2024-08-29T19:53:45.811+0000] {logging_mixin.py:149} INFO - [2024-08-29T19:53:45.811+0000] {dag.py:2726} INFO - Sync 1 DAGs
[2024-08-29T19:53:45.833+0000] {logging_mixin.py:149} INFO - [2024-08-29T19:53:45.832+0000] {dag.py:3486} INFO - Setting next_dagrun for example_weekday_branch_operator to 2024-08-28T00:00:00+00:00, run_after=2024-08-29T00:00:00+00:00
[2024-08-29T19:53:45.861+0000] {processor.py:179} INFO - Processing /home/airflow-vm/data-engineer-batch-processing-financial-services/.venv/lib/python3.10/site-packages/airflow/example_dags/example_branch_day_of_week_operator.py took 0.079 seconds
[2024-08-29T19:54:32.683+0000] {processor.py:157} INFO - Started process (PID=51285) to work on /home/airflow-vm/data-engineer-batch-processing-financial-services/.venv/lib/python3.10/site-packages/airflow/example_dags/example_branch_day_of_week_operator.py
[2024-08-29T19:54:32.684+0000] {processor.py:826} INFO - Processing file /home/airflow-vm/data-engineer-batch-processing-financial-services/.venv/lib/python3.10/site-packages/airflow/example_dags/example_branch_day_of_week_operator.py for tasks to queue
[2024-08-29T19:54:32.684+0000] {logging_mixin.py:149} INFO - [2024-08-29T19:54:32.684+0000] {dagbag.py:541} INFO - Filling up the DagBag from /home/airflow-vm/data-engineer-batch-processing-financial-services/.venv/lib/python3.10/site-packages/airflow/example_dags/example_branch_day_of_week_operator.py
[2024-08-29T19:54:32.692+0000] {processor.py:836} INFO - DAG(s) dict_keys(['example_weekday_branch_operator']) retrieved from /home/airflow-vm/data-engineer-batch-processing-financial-services/.venv/lib/python3.10/site-packages/airflow/example_dags/example_branch_day_of_week_operator.py
[2024-08-29T19:54:32.710+0000] {logging_mixin.py:149} INFO - [2024-08-29T19:54:32.710+0000] {dag.py:2726} INFO - Sync 1 DAGs
[2024-08-29T19:54:32.730+0000] {logging_mixin.py:149} INFO - [2024-08-29T19:54:32.730+0000] {dag.py:3486} INFO - Setting next_dagrun for example_weekday_branch_operator to 2024-08-28T00:00:00+00:00, run_after=2024-08-29T00:00:00+00:00
[2024-08-29T19:54:32.759+0000] {processor.py:179} INFO - Processing /home/airflow-vm/data-engineer-batch-processing-financial-services/.venv/lib/python3.10/site-packages/airflow/example_dags/example_branch_day_of_week_operator.py took 0.078 seconds
[2024-08-29T19:55:20.508+0000] {processor.py:157} INFO - Started process (PID=51637) to work on /home/airflow-vm/data-engineer-batch-processing-financial-services/.venv/lib/python3.10/site-packages/airflow/example_dags/example_branch_day_of_week_operator.py
[2024-08-29T19:55:20.509+0000] {processor.py:826} INFO - Processing file /home/airflow-vm/data-engineer-batch-processing-financial-services/.venv/lib/python3.10/site-packages/airflow/example_dags/example_branch_day_of_week_operator.py for tasks to queue
[2024-08-29T19:55:20.510+0000] {logging_mixin.py:149} INFO - [2024-08-29T19:55:20.509+0000] {dagbag.py:541} INFO - Filling up the DagBag from /home/airflow-vm/data-engineer-batch-processing-financial-services/.venv/lib/python3.10/site-packages/airflow/example_dags/example_branch_day_of_week_operator.py
[2024-08-29T19:55:20.517+0000] {processor.py:836} INFO - DAG(s) dict_keys(['example_weekday_branch_operator']) retrieved from /home/airflow-vm/data-engineer-batch-processing-financial-services/.venv/lib/python3.10/site-packages/airflow/example_dags/example_branch_day_of_week_operator.py
[2024-08-29T19:55:20.537+0000] {logging_mixin.py:149} INFO - [2024-08-29T19:55:20.537+0000] {dag.py:2726} INFO - Sync 1 DAGs
[2024-08-29T19:55:20.560+0000] {logging_mixin.py:149} INFO - [2024-08-29T19:55:20.559+0000] {dag.py:3486} INFO - Setting next_dagrun for example_weekday_branch_operator to 2024-08-28T00:00:00+00:00, run_after=2024-08-29T00:00:00+00:00
[2024-08-29T19:55:20.590+0000] {processor.py:179} INFO - Processing /home/airflow-vm/data-engineer-batch-processing-financial-services/.venv/lib/python3.10/site-packages/airflow/example_dags/example_branch_day_of_week_operator.py took 0.084 seconds
[2024-08-29T20:12:05.452+0000] {processor.py:157} INFO - Started process (PID=56478) to work on /home/airflow-vm/data-engineer-batch-processing-financial-services/.venv/lib/python3.10/site-packages/airflow/example_dags/example_branch_day_of_week_operator.py
[2024-08-29T20:12:05.453+0000] {processor.py:826} INFO - Processing file /home/airflow-vm/data-engineer-batch-processing-financial-services/.venv/lib/python3.10/site-packages/airflow/example_dags/example_branch_day_of_week_operator.py for tasks to queue
[2024-08-29T20:12:05.453+0000] {logging_mixin.py:149} INFO - [2024-08-29T20:12:05.453+0000] {dagbag.py:541} INFO - Filling up the DagBag from /home/airflow-vm/data-engineer-batch-processing-financial-services/.venv/lib/python3.10/site-packages/airflow/example_dags/example_branch_day_of_week_operator.py
[2024-08-29T20:12:05.460+0000] {processor.py:836} INFO - DAG(s) dict_keys(['example_weekday_branch_operator']) retrieved from /home/airflow-vm/data-engineer-batch-processing-financial-services/.venv/lib/python3.10/site-packages/airflow/example_dags/example_branch_day_of_week_operator.py
[2024-08-29T20:12:05.477+0000] {logging_mixin.py:149} INFO - [2024-08-29T20:12:05.477+0000] {dag.py:2726} INFO - Sync 1 DAGs
[2024-08-29T20:12:05.498+0000] {logging_mixin.py:149} INFO - [2024-08-29T20:12:05.498+0000] {dag.py:3486} INFO - Setting next_dagrun for example_weekday_branch_operator to 2024-08-28T00:00:00+00:00, run_after=2024-08-29T00:00:00+00:00
[2024-08-29T20:12:05.527+0000] {processor.py:179} INFO - Processing /home/airflow-vm/data-engineer-batch-processing-financial-services/.venv/lib/python3.10/site-packages/airflow/example_dags/example_branch_day_of_week_operator.py took 0.078 seconds
[2024-08-29T20:12:50.656+0000] {processor.py:157} INFO - Started process (PID=56799) to work on /home/airflow-vm/data-engineer-batch-processing-financial-services/.venv/lib/python3.10/site-packages/airflow/example_dags/example_branch_day_of_week_operator.py
[2024-08-29T20:12:50.657+0000] {processor.py:826} INFO - Processing file /home/airflow-vm/data-engineer-batch-processing-financial-services/.venv/lib/python3.10/site-packages/airflow/example_dags/example_branch_day_of_week_operator.py for tasks to queue
[2024-08-29T20:12:50.657+0000] {logging_mixin.py:149} INFO - [2024-08-29T20:12:50.657+0000] {dagbag.py:541} INFO - Filling up the DagBag from /home/airflow-vm/data-engineer-batch-processing-financial-services/.venv/lib/python3.10/site-packages/airflow/example_dags/example_branch_day_of_week_operator.py
[2024-08-29T20:12:50.665+0000] {processor.py:836} INFO - DAG(s) dict_keys(['example_weekday_branch_operator']) retrieved from /home/airflow-vm/data-engineer-batch-processing-financial-services/.venv/lib/python3.10/site-packages/airflow/example_dags/example_branch_day_of_week_operator.py
[2024-08-29T20:12:50.683+0000] {logging_mixin.py:149} INFO - [2024-08-29T20:12:50.683+0000] {dag.py:2726} INFO - Sync 1 DAGs
[2024-08-29T20:12:50.704+0000] {logging_mixin.py:149} INFO - [2024-08-29T20:12:50.704+0000] {dag.py:3486} INFO - Setting next_dagrun for example_weekday_branch_operator to 2024-08-28T00:00:00+00:00, run_after=2024-08-29T00:00:00+00:00
[2024-08-29T20:12:50.730+0000] {processor.py:179} INFO - Processing /home/airflow-vm/data-engineer-batch-processing-financial-services/.venv/lib/python3.10/site-packages/airflow/example_dags/example_branch_day_of_week_operator.py took 0.076 seconds
[2024-08-29T20:15:32.472+0000] {processor.py:157} INFO - Started process (PID=57686) to work on /home/airflow-vm/data-engineer-batch-processing-financial-services/.venv/lib/python3.10/site-packages/airflow/example_dags/example_branch_day_of_week_operator.py
[2024-08-29T20:15:32.473+0000] {processor.py:826} INFO - Processing file /home/airflow-vm/data-engineer-batch-processing-financial-services/.venv/lib/python3.10/site-packages/airflow/example_dags/example_branch_day_of_week_operator.py for tasks to queue
[2024-08-29T20:15:32.473+0000] {logging_mixin.py:149} INFO - [2024-08-29T20:15:32.473+0000] {dagbag.py:541} INFO - Filling up the DagBag from /home/airflow-vm/data-engineer-batch-processing-financial-services/.venv/lib/python3.10/site-packages/airflow/example_dags/example_branch_day_of_week_operator.py
[2024-08-29T20:15:32.480+0000] {processor.py:836} INFO - DAG(s) dict_keys(['example_weekday_branch_operator']) retrieved from /home/airflow-vm/data-engineer-batch-processing-financial-services/.venv/lib/python3.10/site-packages/airflow/example_dags/example_branch_day_of_week_operator.py
[2024-08-29T20:15:32.498+0000] {logging_mixin.py:149} INFO - [2024-08-29T20:15:32.498+0000] {dag.py:2726} INFO - Sync 1 DAGs
[2024-08-29T20:15:32.520+0000] {logging_mixin.py:149} INFO - [2024-08-29T20:15:32.519+0000] {dag.py:3486} INFO - Setting next_dagrun for example_weekday_branch_operator to 2024-08-28T00:00:00+00:00, run_after=2024-08-29T00:00:00+00:00
[2024-08-29T20:15:32.547+0000] {processor.py:179} INFO - Processing /home/airflow-vm/data-engineer-batch-processing-financial-services/.venv/lib/python3.10/site-packages/airflow/example_dags/example_branch_day_of_week_operator.py took 0.077 seconds
[2024-08-29T20:16:21.849+0000] {processor.py:157} INFO - Started process (PID=58119) to work on /home/airflow-vm/data-engineer-batch-processing-financial-services/.venv/lib/python3.10/site-packages/airflow/example_dags/example_branch_day_of_week_operator.py
[2024-08-29T20:16:21.850+0000] {processor.py:826} INFO - Processing file /home/airflow-vm/data-engineer-batch-processing-financial-services/.venv/lib/python3.10/site-packages/airflow/example_dags/example_branch_day_of_week_operator.py for tasks to queue
[2024-08-29T20:16:21.851+0000] {logging_mixin.py:149} INFO - [2024-08-29T20:16:21.850+0000] {dagbag.py:541} INFO - Filling up the DagBag from /home/airflow-vm/data-engineer-batch-processing-financial-services/.venv/lib/python3.10/site-packages/airflow/example_dags/example_branch_day_of_week_operator.py
[2024-08-29T20:16:21.858+0000] {processor.py:836} INFO - DAG(s) dict_keys(['example_weekday_branch_operator']) retrieved from /home/airflow-vm/data-engineer-batch-processing-financial-services/.venv/lib/python3.10/site-packages/airflow/example_dags/example_branch_day_of_week_operator.py
[2024-08-29T20:16:21.876+0000] {logging_mixin.py:149} INFO - [2024-08-29T20:16:21.876+0000] {dag.py:2726} INFO - Sync 1 DAGs
[2024-08-29T20:16:21.896+0000] {logging_mixin.py:149} INFO - [2024-08-29T20:16:21.896+0000] {dag.py:3486} INFO - Setting next_dagrun for example_weekday_branch_operator to 2024-08-28T00:00:00+00:00, run_after=2024-08-29T00:00:00+00:00
[2024-08-29T20:16:21.925+0000] {processor.py:179} INFO - Processing /home/airflow-vm/data-engineer-batch-processing-financial-services/.venv/lib/python3.10/site-packages/airflow/example_dags/example_branch_day_of_week_operator.py took 0.079 seconds
[2024-08-29T20:24:56.814+0000] {processor.py:157} INFO - Started process (PID=61626) to work on /home/airflow-vm/data-engineer-batch-processing-financial-services/.venv/lib/python3.10/site-packages/airflow/example_dags/example_branch_day_of_week_operator.py
[2024-08-29T20:24:56.815+0000] {processor.py:826} INFO - Processing file /home/airflow-vm/data-engineer-batch-processing-financial-services/.venv/lib/python3.10/site-packages/airflow/example_dags/example_branch_day_of_week_operator.py for tasks to queue
[2024-08-29T20:24:56.816+0000] {logging_mixin.py:149} INFO - [2024-08-29T20:24:56.816+0000] {dagbag.py:541} INFO - Filling up the DagBag from /home/airflow-vm/data-engineer-batch-processing-financial-services/.venv/lib/python3.10/site-packages/airflow/example_dags/example_branch_day_of_week_operator.py
[2024-08-29T20:24:56.823+0000] {processor.py:836} INFO - DAG(s) dict_keys(['example_weekday_branch_operator']) retrieved from /home/airflow-vm/data-engineer-batch-processing-financial-services/.venv/lib/python3.10/site-packages/airflow/example_dags/example_branch_day_of_week_operator.py
[2024-08-29T20:24:56.840+0000] {logging_mixin.py:149} INFO - [2024-08-29T20:24:56.840+0000] {dag.py:2726} INFO - Sync 1 DAGs
[2024-08-29T20:24:56.861+0000] {logging_mixin.py:149} INFO - [2024-08-29T20:24:56.860+0000] {dag.py:3486} INFO - Setting next_dagrun for example_weekday_branch_operator to 2024-08-28T00:00:00+00:00, run_after=2024-08-29T00:00:00+00:00
[2024-08-29T20:24:56.888+0000] {processor.py:179} INFO - Processing /home/airflow-vm/data-engineer-batch-processing-financial-services/.venv/lib/python3.10/site-packages/airflow/example_dags/example_branch_day_of_week_operator.py took 0.076 seconds
[2024-08-29T20:27:01.239+0000] {processor.py:157} INFO - Started process (PID=63227) to work on /home/airflow-vm/data-engineer-batch-processing-financial-services/.venv/lib/python3.10/site-packages/airflow/example_dags/example_branch_day_of_week_operator.py
[2024-08-29T20:27:01.240+0000] {processor.py:826} INFO - Processing file /home/airflow-vm/data-engineer-batch-processing-financial-services/.venv/lib/python3.10/site-packages/airflow/example_dags/example_branch_day_of_week_operator.py for tasks to queue
[2024-08-29T20:27:01.241+0000] {logging_mixin.py:149} INFO - [2024-08-29T20:27:01.241+0000] {dagbag.py:541} INFO - Filling up the DagBag from /home/airflow-vm/data-engineer-batch-processing-financial-services/.venv/lib/python3.10/site-packages/airflow/example_dags/example_branch_day_of_week_operator.py
[2024-08-29T20:27:01.247+0000] {processor.py:836} INFO - DAG(s) dict_keys(['example_weekday_branch_operator']) retrieved from /home/airflow-vm/data-engineer-batch-processing-financial-services/.venv/lib/python3.10/site-packages/airflow/example_dags/example_branch_day_of_week_operator.py
[2024-08-29T20:27:01.266+0000] {logging_mixin.py:149} INFO - [2024-08-29T20:27:01.265+0000] {dag.py:2726} INFO - Sync 1 DAGs
[2024-08-29T20:27:01.285+0000] {logging_mixin.py:149} INFO - [2024-08-29T20:27:01.285+0000] {dag.py:3486} INFO - Setting next_dagrun for example_weekday_branch_operator to 2024-08-28T00:00:00+00:00, run_after=2024-08-29T00:00:00+00:00
[2024-08-29T20:27:01.315+0000] {processor.py:179} INFO - Processing /home/airflow-vm/data-engineer-batch-processing-financial-services/.venv/lib/python3.10/site-packages/airflow/example_dags/example_branch_day_of_week_operator.py took 0.079 seconds
[2024-08-29T20:27:45.307+0000] {processor.py:157} INFO - Started process (PID=63538) to work on /home/airflow-vm/data-engineer-batch-processing-financial-services/.venv/lib/python3.10/site-packages/airflow/example_dags/example_branch_day_of_week_operator.py
[2024-08-29T20:27:45.308+0000] {processor.py:826} INFO - Processing file /home/airflow-vm/data-engineer-batch-processing-financial-services/.venv/lib/python3.10/site-packages/airflow/example_dags/example_branch_day_of_week_operator.py for tasks to queue
[2024-08-29T20:27:45.309+0000] {logging_mixin.py:149} INFO - [2024-08-29T20:27:45.308+0000] {dagbag.py:541} INFO - Filling up the DagBag from /home/airflow-vm/data-engineer-batch-processing-financial-services/.venv/lib/python3.10/site-packages/airflow/example_dags/example_branch_day_of_week_operator.py
[2024-08-29T20:27:45.315+0000] {processor.py:836} INFO - DAG(s) dict_keys(['example_weekday_branch_operator']) retrieved from /home/airflow-vm/data-engineer-batch-processing-financial-services/.venv/lib/python3.10/site-packages/airflow/example_dags/example_branch_day_of_week_operator.py
[2024-08-29T20:27:45.333+0000] {logging_mixin.py:149} INFO - [2024-08-29T20:27:45.333+0000] {dag.py:2726} INFO - Sync 1 DAGs
[2024-08-29T20:27:45.353+0000] {logging_mixin.py:149} INFO - [2024-08-29T20:27:45.353+0000] {dag.py:3486} INFO - Setting next_dagrun for example_weekday_branch_operator to 2024-08-28T00:00:00+00:00, run_after=2024-08-29T00:00:00+00:00
[2024-08-29T20:27:45.381+0000] {processor.py:179} INFO - Processing /home/airflow-vm/data-engineer-batch-processing-financial-services/.venv/lib/python3.10/site-packages/airflow/example_dags/example_branch_day_of_week_operator.py took 0.076 seconds
[2024-08-29T20:28:29.526+0000] {processor.py:157} INFO - Started process (PID=63713) to work on /home/airflow-vm/data-engineer-batch-processing-financial-services/.venv/lib/python3.10/site-packages/airflow/example_dags/example_branch_day_of_week_operator.py
[2024-08-29T20:28:29.527+0000] {processor.py:826} INFO - Processing file /home/airflow-vm/data-engineer-batch-processing-financial-services/.venv/lib/python3.10/site-packages/airflow/example_dags/example_branch_day_of_week_operator.py for tasks to queue
[2024-08-29T20:28:29.528+0000] {logging_mixin.py:149} INFO - [2024-08-29T20:28:29.528+0000] {dagbag.py:541} INFO - Filling up the DagBag from /home/airflow-vm/data-engineer-batch-processing-financial-services/.venv/lib/python3.10/site-packages/airflow/example_dags/example_branch_day_of_week_operator.py
[2024-08-29T20:28:29.534+0000] {processor.py:836} INFO - DAG(s) dict_keys(['example_weekday_branch_operator']) retrieved from /home/airflow-vm/data-engineer-batch-processing-financial-services/.venv/lib/python3.10/site-packages/airflow/example_dags/example_branch_day_of_week_operator.py
[2024-08-29T20:28:29.552+0000] {logging_mixin.py:149} INFO - [2024-08-29T20:28:29.552+0000] {dag.py:2726} INFO - Sync 1 DAGs
[2024-08-29T20:28:29.572+0000] {logging_mixin.py:149} INFO - [2024-08-29T20:28:29.572+0000] {dag.py:3486} INFO - Setting next_dagrun for example_weekday_branch_operator to 2024-08-28T00:00:00+00:00, run_after=2024-08-29T00:00:00+00:00
[2024-08-29T20:28:29.599+0000] {processor.py:179} INFO - Processing /home/airflow-vm/data-engineer-batch-processing-financial-services/.venv/lib/python3.10/site-packages/airflow/example_dags/example_branch_day_of_week_operator.py took 0.075 seconds
[2024-08-29T20:31:57.381+0000] {processor.py:157} INFO - Started process (PID=66126) to work on /home/airflow-vm/data-engineer-batch-processing-financial-services/.venv/lib/python3.10/site-packages/airflow/example_dags/example_branch_day_of_week_operator.py
[2024-08-29T20:31:57.382+0000] {processor.py:826} INFO - Processing file /home/airflow-vm/data-engineer-batch-processing-financial-services/.venv/lib/python3.10/site-packages/airflow/example_dags/example_branch_day_of_week_operator.py for tasks to queue
[2024-08-29T20:31:57.383+0000] {logging_mixin.py:149} INFO - [2024-08-29T20:31:57.382+0000] {dagbag.py:541} INFO - Filling up the DagBag from /home/airflow-vm/data-engineer-batch-processing-financial-services/.venv/lib/python3.10/site-packages/airflow/example_dags/example_branch_day_of_week_operator.py
[2024-08-29T20:31:57.389+0000] {processor.py:836} INFO - DAG(s) dict_keys(['example_weekday_branch_operator']) retrieved from /home/airflow-vm/data-engineer-batch-processing-financial-services/.venv/lib/python3.10/site-packages/airflow/example_dags/example_branch_day_of_week_operator.py
[2024-08-29T20:31:57.408+0000] {logging_mixin.py:149} INFO - [2024-08-29T20:31:57.407+0000] {dag.py:2726} INFO - Sync 1 DAGs
[2024-08-29T20:31:57.429+0000] {logging_mixin.py:149} INFO - [2024-08-29T20:31:57.429+0000] {dag.py:3486} INFO - Setting next_dagrun for example_weekday_branch_operator to 2024-08-28T00:00:00+00:00, run_after=2024-08-29T00:00:00+00:00
[2024-08-29T20:31:57.458+0000] {processor.py:179} INFO - Processing /home/airflow-vm/data-engineer-batch-processing-financial-services/.venv/lib/python3.10/site-packages/airflow/example_dags/example_branch_day_of_week_operator.py took 0.079 seconds
[2024-08-29T20:36:25.742+0000] {processor.py:157} INFO - Started process (PID=69495) to work on /home/airflow-vm/data-engineer-batch-processing-financial-services/.venv/lib/python3.10/site-packages/airflow/example_dags/example_branch_day_of_week_operator.py
[2024-08-29T20:36:25.743+0000] {processor.py:826} INFO - Processing file /home/airflow-vm/data-engineer-batch-processing-financial-services/.venv/lib/python3.10/site-packages/airflow/example_dags/example_branch_day_of_week_operator.py for tasks to queue
[2024-08-29T20:36:25.744+0000] {logging_mixin.py:149} INFO - [2024-08-29T20:36:25.743+0000] {dagbag.py:541} INFO - Filling up the DagBag from /home/airflow-vm/data-engineer-batch-processing-financial-services/.venv/lib/python3.10/site-packages/airflow/example_dags/example_branch_day_of_week_operator.py
[2024-08-29T20:36:25.751+0000] {processor.py:836} INFO - DAG(s) dict_keys(['example_weekday_branch_operator']) retrieved from /home/airflow-vm/data-engineer-batch-processing-financial-services/.venv/lib/python3.10/site-packages/airflow/example_dags/example_branch_day_of_week_operator.py
[2024-08-29T20:36:25.769+0000] {logging_mixin.py:149} INFO - [2024-08-29T20:36:25.769+0000] {dag.py:2726} INFO - Sync 1 DAGs
[2024-08-29T20:36:25.790+0000] {logging_mixin.py:149} INFO - [2024-08-29T20:36:25.790+0000] {dag.py:3486} INFO - Setting next_dagrun for example_weekday_branch_operator to 2024-08-28T00:00:00+00:00, run_after=2024-08-29T00:00:00+00:00
[2024-08-29T20:36:25.819+0000] {processor.py:179} INFO - Processing /home/airflow-vm/data-engineer-batch-processing-financial-services/.venv/lib/python3.10/site-packages/airflow/example_dags/example_branch_day_of_week_operator.py took 0.079 seconds
