[2024-08-29T19:48:18.283+0000] {processor.py:157} INFO - Started process (PID=49223) to work on /home/airflow-vm/data-engineer-batch-processing-financial-services/.venv/lib/python3.10/site-packages/airflow/example_dags/example_branch_datetime_operator.py
[2024-08-29T19:48:18.283+0000] {processor.py:826} INFO - Processing file /home/airflow-vm/data-engineer-batch-processing-financial-services/.venv/lib/python3.10/site-packages/airflow/example_dags/example_branch_datetime_operator.py for tasks to queue
[2024-08-29T19:48:18.284+0000] {logging_mixin.py:149} INFO - [2024-08-29T19:48:18.284+0000] {dagbag.py:541} INFO - Filling up the DagBag from /home/airflow-vm/data-engineer-batch-processing-financial-services/.venv/lib/python3.10/site-packages/airflow/example_dags/example_branch_datetime_operator.py
[2024-08-29T19:48:18.293+0000] {processor.py:836} INFO - DAG(s) dict_keys(['example_branch_datetime_operator', 'example_branch_datetime_operator_2', 'example_branch_datetime_operator_3']) retrieved from /home/airflow-vm/data-engineer-batch-processing-financial-services/.venv/lib/python3.10/site-packages/airflow/example_dags/example_branch_datetime_operator.py
[2024-08-29T19:48:18.410+0000] {logging_mixin.py:149} INFO - [2024-08-29T19:48:18.410+0000] {manager.py:504} INFO - Created Permission View: can delete on DAG:example_branch_datetime_operator
[2024-08-29T19:48:18.428+0000] {logging_mixin.py:149} INFO - [2024-08-29T19:48:18.428+0000] {manager.py:504} INFO - Created Permission View: can edit on DAG:example_branch_datetime_operator
[2024-08-29T19:48:18.444+0000] {logging_mixin.py:149} INFO - [2024-08-29T19:48:18.444+0000] {manager.py:504} INFO - Created Permission View: can read on DAG:example_branch_datetime_operator
[2024-08-29T19:48:18.480+0000] {logging_mixin.py:149} INFO - [2024-08-29T19:48:18.479+0000] {manager.py:504} INFO - Created Permission View: can delete on DAG:example_branch_datetime_operator_2
[2024-08-29T19:48:18.496+0000] {logging_mixin.py:149} INFO - [2024-08-29T19:48:18.496+0000] {manager.py:504} INFO - Created Permission View: can edit on DAG:example_branch_datetime_operator_2
[2024-08-29T19:48:18.513+0000] {logging_mixin.py:149} INFO - [2024-08-29T19:48:18.513+0000] {manager.py:504} INFO - Created Permission View: can read on DAG:example_branch_datetime_operator_2
[2024-08-29T19:48:18.548+0000] {logging_mixin.py:149} INFO - [2024-08-29T19:48:18.548+0000] {manager.py:504} INFO - Created Permission View: can delete on DAG:example_branch_datetime_operator_3
[2024-08-29T19:48:18.565+0000] {logging_mixin.py:149} INFO - [2024-08-29T19:48:18.564+0000] {manager.py:504} INFO - Created Permission View: can edit on DAG:example_branch_datetime_operator_3
[2024-08-29T19:48:18.582+0000] {logging_mixin.py:149} INFO - [2024-08-29T19:48:18.582+0000] {manager.py:504} INFO - Created Permission View: can read on DAG:example_branch_datetime_operator_3
[2024-08-29T19:48:18.582+0000] {logging_mixin.py:149} INFO - [2024-08-29T19:48:18.582+0000] {dag.py:2726} INFO - Sync 3 DAGs
[2024-08-29T19:48:18.594+0000] {logging_mixin.py:149} INFO - [2024-08-29T19:48:18.594+0000] {dag.py:2747} INFO - Creating ORM DAG for example_branch_datetime_operator
[2024-08-29T19:48:18.595+0000] {logging_mixin.py:149} INFO - [2024-08-29T19:48:18.595+0000] {dag.py:2747} INFO - Creating ORM DAG for example_branch_datetime_operator_3
[2024-08-29T19:48:18.595+0000] {logging_mixin.py:149} INFO - [2024-08-29T19:48:18.595+0000] {dag.py:2747} INFO - Creating ORM DAG for example_branch_datetime_operator_2
[2024-08-29T19:48:18.606+0000] {logging_mixin.py:149} INFO - [2024-08-29T19:48:18.606+0000] {dag.py:3486} INFO - Setting next_dagrun for example_branch_datetime_operator to 2024-08-28T00:00:00+00:00, run_after=2024-08-29T00:00:00+00:00
[2024-08-29T19:48:18.608+0000] {logging_mixin.py:149} INFO - [2024-08-29T19:48:18.608+0000] {dag.py:3486} INFO - Setting next_dagrun for example_branch_datetime_operator_2 to 2024-08-28T00:00:00+00:00, run_after=2024-08-29T00:00:00+00:00
[2024-08-29T19:48:18.610+0000] {logging_mixin.py:149} INFO - [2024-08-29T19:48:18.610+0000] {dag.py:3486} INFO - Setting next_dagrun for example_branch_datetime_operator_3 to 2024-08-28T00:00:00+00:00, run_after=2024-08-29T00:00:00+00:00
[2024-08-29T19:48:18.641+0000] {processor.py:179} INFO - Processing /home/airflow-vm/data-engineer-batch-processing-financial-services/.venv/lib/python3.10/site-packages/airflow/example_dags/example_branch_datetime_operator.py took 0.361 seconds
[2024-08-29T19:49:12.717+0000] {processor.py:157} INFO - Started process (PID=49613) to work on /home/airflow-vm/data-engineer-batch-processing-financial-services/.venv/lib/python3.10/site-packages/airflow/example_dags/example_branch_datetime_operator.py
[2024-08-29T19:49:12.717+0000] {processor.py:826} INFO - Processing file /home/airflow-vm/data-engineer-batch-processing-financial-services/.venv/lib/python3.10/site-packages/airflow/example_dags/example_branch_datetime_operator.py for tasks to queue
[2024-08-29T19:49:12.718+0000] {logging_mixin.py:149} INFO - [2024-08-29T19:49:12.718+0000] {dagbag.py:541} INFO - Filling up the DagBag from /home/airflow-vm/data-engineer-batch-processing-financial-services/.venv/lib/python3.10/site-packages/airflow/example_dags/example_branch_datetime_operator.py
[2024-08-29T19:49:12.727+0000] {processor.py:836} INFO - DAG(s) dict_keys(['example_branch_datetime_operator_3', 'example_branch_datetime_operator_2', 'example_branch_datetime_operator']) retrieved from /home/airflow-vm/data-engineer-batch-processing-financial-services/.venv/lib/python3.10/site-packages/airflow/example_dags/example_branch_datetime_operator.py
[2024-08-29T19:49:12.750+0000] {logging_mixin.py:149} INFO - [2024-08-29T19:49:12.750+0000] {dag.py:2726} INFO - Sync 3 DAGs
[2024-08-29T19:49:12.770+0000] {logging_mixin.py:149} INFO - [2024-08-29T19:49:12.770+0000] {dag.py:3486} INFO - Setting next_dagrun for example_branch_datetime_operator to 2024-08-28T00:00:00+00:00, run_after=2024-08-29T00:00:00+00:00
[2024-08-29T19:49:12.774+0000] {logging_mixin.py:149} INFO - [2024-08-29T19:49:12.774+0000] {dag.py:3486} INFO - Setting next_dagrun for example_branch_datetime_operator_2 to 2024-08-28T00:00:00+00:00, run_after=2024-08-29T00:00:00+00:00
[2024-08-29T19:49:12.777+0000] {logging_mixin.py:149} INFO - [2024-08-29T19:49:12.777+0000] {dag.py:3486} INFO - Setting next_dagrun for example_branch_datetime_operator_3 to 2024-08-28T00:00:00+00:00, run_after=2024-08-29T00:00:00+00:00
[2024-08-29T19:49:12.802+0000] {processor.py:179} INFO - Processing /home/airflow-vm/data-engineer-batch-processing-financial-services/.venv/lib/python3.10/site-packages/airflow/example_dags/example_branch_datetime_operator.py took 0.088 seconds
[2024-08-29T19:50:01.416+0000] {processor.py:157} INFO - Started process (PID=49741) to work on /home/airflow-vm/data-engineer-batch-processing-financial-services/.venv/lib/python3.10/site-packages/airflow/example_dags/example_branch_datetime_operator.py
[2024-08-29T19:50:01.417+0000] {processor.py:826} INFO - Processing file /home/airflow-vm/data-engineer-batch-processing-financial-services/.venv/lib/python3.10/site-packages/airflow/example_dags/example_branch_datetime_operator.py for tasks to queue
[2024-08-29T19:50:01.418+0000] {logging_mixin.py:149} INFO - [2024-08-29T19:50:01.418+0000] {dagbag.py:541} INFO - Filling up the DagBag from /home/airflow-vm/data-engineer-batch-processing-financial-services/.venv/lib/python3.10/site-packages/airflow/example_dags/example_branch_datetime_operator.py
[2024-08-29T19:50:01.427+0000] {processor.py:836} INFO - DAG(s) dict_keys(['example_branch_datetime_operator_3', 'example_branch_datetime_operator_2', 'example_branch_datetime_operator']) retrieved from /home/airflow-vm/data-engineer-batch-processing-financial-services/.venv/lib/python3.10/site-packages/airflow/example_dags/example_branch_datetime_operator.py
[2024-08-29T19:50:01.452+0000] {logging_mixin.py:149} INFO - [2024-08-29T19:50:01.452+0000] {dag.py:2726} INFO - Sync 3 DAGs
[2024-08-29T19:50:01.473+0000] {logging_mixin.py:149} INFO - [2024-08-29T19:50:01.473+0000] {dag.py:3486} INFO - Setting next_dagrun for example_branch_datetime_operator to 2024-08-28T00:00:00+00:00, run_after=2024-08-29T00:00:00+00:00
[2024-08-29T19:50:01.478+0000] {logging_mixin.py:149} INFO - [2024-08-29T19:50:01.478+0000] {dag.py:3486} INFO - Setting next_dagrun for example_branch_datetime_operator_2 to 2024-08-28T00:00:00+00:00, run_after=2024-08-29T00:00:00+00:00
[2024-08-29T19:50:01.480+0000] {logging_mixin.py:149} INFO - [2024-08-29T19:50:01.480+0000] {dag.py:3486} INFO - Setting next_dagrun for example_branch_datetime_operator_3 to 2024-08-28T00:00:00+00:00, run_after=2024-08-29T00:00:00+00:00
[2024-08-29T19:50:01.508+0000] {processor.py:179} INFO - Processing /home/airflow-vm/data-engineer-batch-processing-financial-services/.venv/lib/python3.10/site-packages/airflow/example_dags/example_branch_datetime_operator.py took 0.094 seconds
[2024-08-29T19:50:50.148+0000] {processor.py:157} INFO - Started process (PID=50315) to work on /home/airflow-vm/data-engineer-batch-processing-financial-services/.venv/lib/python3.10/site-packages/airflow/example_dags/example_branch_datetime_operator.py
[2024-08-29T19:50:50.148+0000] {processor.py:826} INFO - Processing file /home/airflow-vm/data-engineer-batch-processing-financial-services/.venv/lib/python3.10/site-packages/airflow/example_dags/example_branch_datetime_operator.py for tasks to queue
[2024-08-29T19:50:50.149+0000] {logging_mixin.py:149} INFO - [2024-08-29T19:50:50.149+0000] {dagbag.py:541} INFO - Filling up the DagBag from /home/airflow-vm/data-engineer-batch-processing-financial-services/.venv/lib/python3.10/site-packages/airflow/example_dags/example_branch_datetime_operator.py
[2024-08-29T19:50:50.158+0000] {processor.py:836} INFO - DAG(s) dict_keys(['example_branch_datetime_operator_3', 'example_branch_datetime_operator', 'example_branch_datetime_operator_2']) retrieved from /home/airflow-vm/data-engineer-batch-processing-financial-services/.venv/lib/python3.10/site-packages/airflow/example_dags/example_branch_datetime_operator.py
[2024-08-29T19:50:50.180+0000] {logging_mixin.py:149} INFO - [2024-08-29T19:50:50.180+0000] {dag.py:2726} INFO - Sync 3 DAGs
[2024-08-29T19:50:50.200+0000] {logging_mixin.py:149} INFO - [2024-08-29T19:50:50.200+0000] {dag.py:3486} INFO - Setting next_dagrun for example_branch_datetime_operator to 2024-08-28T00:00:00+00:00, run_after=2024-08-29T00:00:00+00:00
[2024-08-29T19:50:50.204+0000] {logging_mixin.py:149} INFO - [2024-08-29T19:50:50.204+0000] {dag.py:3486} INFO - Setting next_dagrun for example_branch_datetime_operator_2 to 2024-08-28T00:00:00+00:00, run_after=2024-08-29T00:00:00+00:00
[2024-08-29T19:50:50.207+0000] {logging_mixin.py:149} INFO - [2024-08-29T19:50:50.206+0000] {dag.py:3486} INFO - Setting next_dagrun for example_branch_datetime_operator_3 to 2024-08-28T00:00:00+00:00, run_after=2024-08-29T00:00:00+00:00
[2024-08-29T19:50:50.234+0000] {processor.py:179} INFO - Processing /home/airflow-vm/data-engineer-batch-processing-financial-services/.venv/lib/python3.10/site-packages/airflow/example_dags/example_branch_datetime_operator.py took 0.089 seconds
[2024-08-29T19:51:37.112+0000] {processor.py:157} INFO - Started process (PID=50763) to work on /home/airflow-vm/data-engineer-batch-processing-financial-services/.venv/lib/python3.10/site-packages/airflow/example_dags/example_branch_datetime_operator.py
[2024-08-29T19:51:37.113+0000] {processor.py:826} INFO - Processing file /home/airflow-vm/data-engineer-batch-processing-financial-services/.venv/lib/python3.10/site-packages/airflow/example_dags/example_branch_datetime_operator.py for tasks to queue
[2024-08-29T19:51:37.114+0000] {logging_mixin.py:149} INFO - [2024-08-29T19:51:37.113+0000] {dagbag.py:541} INFO - Filling up the DagBag from /home/airflow-vm/data-engineer-batch-processing-financial-services/.venv/lib/python3.10/site-packages/airflow/example_dags/example_branch_datetime_operator.py
[2024-08-29T19:51:37.123+0000] {processor.py:836} INFO - DAG(s) dict_keys(['example_branch_datetime_operator_2', 'example_branch_datetime_operator_3', 'example_branch_datetime_operator']) retrieved from /home/airflow-vm/data-engineer-batch-processing-financial-services/.venv/lib/python3.10/site-packages/airflow/example_dags/example_branch_datetime_operator.py
[2024-08-29T19:51:37.148+0000] {logging_mixin.py:149} INFO - [2024-08-29T19:51:37.148+0000] {dag.py:2726} INFO - Sync 3 DAGs
[2024-08-29T19:51:37.169+0000] {logging_mixin.py:149} INFO - [2024-08-29T19:51:37.169+0000] {dag.py:3486} INFO - Setting next_dagrun for example_branch_datetime_operator to 2024-08-28T00:00:00+00:00, run_after=2024-08-29T00:00:00+00:00
[2024-08-29T19:51:37.174+0000] {logging_mixin.py:149} INFO - [2024-08-29T19:51:37.174+0000] {dag.py:3486} INFO - Setting next_dagrun for example_branch_datetime_operator_2 to 2024-08-28T00:00:00+00:00, run_after=2024-08-29T00:00:00+00:00
[2024-08-29T19:51:37.176+0000] {logging_mixin.py:149} INFO - [2024-08-29T19:51:37.176+0000] {dag.py:3486} INFO - Setting next_dagrun for example_branch_datetime_operator_3 to 2024-08-28T00:00:00+00:00, run_after=2024-08-29T00:00:00+00:00
[2024-08-29T19:51:37.205+0000] {processor.py:179} INFO - Processing /home/airflow-vm/data-engineer-batch-processing-financial-services/.venv/lib/python3.10/site-packages/airflow/example_dags/example_branch_datetime_operator.py took 0.095 seconds
[2024-08-29T19:52:25.839+0000] {processor.py:157} INFO - Started process (PID=50921) to work on /home/airflow-vm/data-engineer-batch-processing-financial-services/.venv/lib/python3.10/site-packages/airflow/example_dags/example_branch_datetime_operator.py
[2024-08-29T19:52:25.840+0000] {processor.py:826} INFO - Processing file /home/airflow-vm/data-engineer-batch-processing-financial-services/.venv/lib/python3.10/site-packages/airflow/example_dags/example_branch_datetime_operator.py for tasks to queue
[2024-08-29T19:52:25.840+0000] {logging_mixin.py:149} INFO - [2024-08-29T19:52:25.840+0000] {dagbag.py:541} INFO - Filling up the DagBag from /home/airflow-vm/data-engineer-batch-processing-financial-services/.venv/lib/python3.10/site-packages/airflow/example_dags/example_branch_datetime_operator.py
[2024-08-29T19:52:25.849+0000] {processor.py:836} INFO - DAG(s) dict_keys(['example_branch_datetime_operator', 'example_branch_datetime_operator_2', 'example_branch_datetime_operator_3']) retrieved from /home/airflow-vm/data-engineer-batch-processing-financial-services/.venv/lib/python3.10/site-packages/airflow/example_dags/example_branch_datetime_operator.py
[2024-08-29T19:52:25.873+0000] {logging_mixin.py:149} INFO - [2024-08-29T19:52:25.872+0000] {dag.py:2726} INFO - Sync 3 DAGs
[2024-08-29T19:52:25.894+0000] {logging_mixin.py:149} INFO - [2024-08-29T19:52:25.894+0000] {dag.py:3486} INFO - Setting next_dagrun for example_branch_datetime_operator to 2024-08-28T00:00:00+00:00, run_after=2024-08-29T00:00:00+00:00
[2024-08-29T19:52:25.898+0000] {logging_mixin.py:149} INFO - [2024-08-29T19:52:25.898+0000] {dag.py:3486} INFO - Setting next_dagrun for example_branch_datetime_operator_2 to 2024-08-28T00:00:00+00:00, run_after=2024-08-29T00:00:00+00:00
[2024-08-29T19:52:25.901+0000] {logging_mixin.py:149} INFO - [2024-08-29T19:52:25.901+0000] {dag.py:3486} INFO - Setting next_dagrun for example_branch_datetime_operator_3 to 2024-08-28T00:00:00+00:00, run_after=2024-08-29T00:00:00+00:00
[2024-08-29T19:52:25.926+0000] {processor.py:179} INFO - Processing /home/airflow-vm/data-engineer-batch-processing-financial-services/.venv/lib/python3.10/site-packages/airflow/example_dags/example_branch_datetime_operator.py took 0.090 seconds
[2024-08-29T19:53:10.074+0000] {processor.py:157} INFO - Started process (PID=51025) to work on /home/airflow-vm/data-engineer-batch-processing-financial-services/.venv/lib/python3.10/site-packages/airflow/example_dags/example_branch_datetime_operator.py
[2024-08-29T19:53:10.075+0000] {processor.py:826} INFO - Processing file /home/airflow-vm/data-engineer-batch-processing-financial-services/.venv/lib/python3.10/site-packages/airflow/example_dags/example_branch_datetime_operator.py for tasks to queue
[2024-08-29T19:53:10.075+0000] {logging_mixin.py:149} INFO - [2024-08-29T19:53:10.075+0000] {dagbag.py:541} INFO - Filling up the DagBag from /home/airflow-vm/data-engineer-batch-processing-financial-services/.venv/lib/python3.10/site-packages/airflow/example_dags/example_branch_datetime_operator.py
[2024-08-29T19:53:10.084+0000] {processor.py:836} INFO - DAG(s) dict_keys(['example_branch_datetime_operator_3', 'example_branch_datetime_operator', 'example_branch_datetime_operator_2']) retrieved from /home/airflow-vm/data-engineer-batch-processing-financial-services/.venv/lib/python3.10/site-packages/airflow/example_dags/example_branch_datetime_operator.py
[2024-08-29T19:53:10.109+0000] {logging_mixin.py:149} INFO - [2024-08-29T19:53:10.109+0000] {dag.py:2726} INFO - Sync 3 DAGs
[2024-08-29T19:53:10.130+0000] {logging_mixin.py:149} INFO - [2024-08-29T19:53:10.130+0000] {dag.py:3486} INFO - Setting next_dagrun for example_branch_datetime_operator to 2024-08-28T00:00:00+00:00, run_after=2024-08-29T00:00:00+00:00
[2024-08-29T19:53:10.134+0000] {logging_mixin.py:149} INFO - [2024-08-29T19:53:10.134+0000] {dag.py:3486} INFO - Setting next_dagrun for example_branch_datetime_operator_2 to 2024-08-28T00:00:00+00:00, run_after=2024-08-29T00:00:00+00:00
[2024-08-29T19:53:10.137+0000] {logging_mixin.py:149} INFO - [2024-08-29T19:53:10.136+0000] {dag.py:3486} INFO - Setting next_dagrun for example_branch_datetime_operator_3 to 2024-08-28T00:00:00+00:00, run_after=2024-08-29T00:00:00+00:00
[2024-08-29T19:53:10.163+0000] {processor.py:179} INFO - Processing /home/airflow-vm/data-engineer-batch-processing-financial-services/.venv/lib/python3.10/site-packages/airflow/example_dags/example_branch_datetime_operator.py took 0.092 seconds
[2024-08-29T19:53:54.553+0000] {processor.py:157} INFO - Started process (PID=51174) to work on /home/airflow-vm/data-engineer-batch-processing-financial-services/.venv/lib/python3.10/site-packages/airflow/example_dags/example_branch_datetime_operator.py
[2024-08-29T19:53:54.554+0000] {processor.py:826} INFO - Processing file /home/airflow-vm/data-engineer-batch-processing-financial-services/.venv/lib/python3.10/site-packages/airflow/example_dags/example_branch_datetime_operator.py for tasks to queue
[2024-08-29T19:53:54.554+0000] {logging_mixin.py:149} INFO - [2024-08-29T19:53:54.554+0000] {dagbag.py:541} INFO - Filling up the DagBag from /home/airflow-vm/data-engineer-batch-processing-financial-services/.venv/lib/python3.10/site-packages/airflow/example_dags/example_branch_datetime_operator.py
[2024-08-29T19:53:54.564+0000] {processor.py:836} INFO - DAG(s) dict_keys(['example_branch_datetime_operator_2', 'example_branch_datetime_operator_3', 'example_branch_datetime_operator']) retrieved from /home/airflow-vm/data-engineer-batch-processing-financial-services/.venv/lib/python3.10/site-packages/airflow/example_dags/example_branch_datetime_operator.py
[2024-08-29T19:53:54.587+0000] {logging_mixin.py:149} INFO - [2024-08-29T19:53:54.587+0000] {dag.py:2726} INFO - Sync 3 DAGs
[2024-08-29T19:53:54.608+0000] {logging_mixin.py:149} INFO - [2024-08-29T19:53:54.608+0000] {dag.py:3486} INFO - Setting next_dagrun for example_branch_datetime_operator to 2024-08-28T00:00:00+00:00, run_after=2024-08-29T00:00:00+00:00
[2024-08-29T19:53:54.612+0000] {logging_mixin.py:149} INFO - [2024-08-29T19:53:54.612+0000] {dag.py:3486} INFO - Setting next_dagrun for example_branch_datetime_operator_2 to 2024-08-28T00:00:00+00:00, run_after=2024-08-29T00:00:00+00:00
[2024-08-29T19:53:54.614+0000] {logging_mixin.py:149} INFO - [2024-08-29T19:53:54.614+0000] {dag.py:3486} INFO - Setting next_dagrun for example_branch_datetime_operator_3 to 2024-08-28T00:00:00+00:00, run_after=2024-08-29T00:00:00+00:00
[2024-08-29T19:53:54.650+0000] {processor.py:179} INFO - Processing /home/airflow-vm/data-engineer-batch-processing-financial-services/.venv/lib/python3.10/site-packages/airflow/example_dags/example_branch_datetime_operator.py took 0.100 seconds
[2024-08-29T19:54:42.820+0000] {processor.py:157} INFO - Started process (PID=51373) to work on /home/airflow-vm/data-engineer-batch-processing-financial-services/.venv/lib/python3.10/site-packages/airflow/example_dags/example_branch_datetime_operator.py
[2024-08-29T19:54:42.821+0000] {processor.py:826} INFO - Processing file /home/airflow-vm/data-engineer-batch-processing-financial-services/.venv/lib/python3.10/site-packages/airflow/example_dags/example_branch_datetime_operator.py for tasks to queue
[2024-08-29T19:54:42.821+0000] {logging_mixin.py:149} INFO - [2024-08-29T19:54:42.821+0000] {dagbag.py:541} INFO - Filling up the DagBag from /home/airflow-vm/data-engineer-batch-processing-financial-services/.venv/lib/python3.10/site-packages/airflow/example_dags/example_branch_datetime_operator.py
[2024-08-29T19:54:42.830+0000] {processor.py:836} INFO - DAG(s) dict_keys(['example_branch_datetime_operator', 'example_branch_datetime_operator_2', 'example_branch_datetime_operator_3']) retrieved from /home/airflow-vm/data-engineer-batch-processing-financial-services/.venv/lib/python3.10/site-packages/airflow/example_dags/example_branch_datetime_operator.py
[2024-08-29T19:54:42.860+0000] {logging_mixin.py:149} INFO - [2024-08-29T19:54:42.860+0000] {dag.py:2726} INFO - Sync 3 DAGs
[2024-08-29T19:54:42.880+0000] {logging_mixin.py:149} INFO - [2024-08-29T19:54:42.880+0000] {dag.py:3486} INFO - Setting next_dagrun for example_branch_datetime_operator to 2024-08-28T00:00:00+00:00, run_after=2024-08-29T00:00:00+00:00
[2024-08-29T19:54:42.886+0000] {logging_mixin.py:149} INFO - [2024-08-29T19:54:42.886+0000] {dag.py:3486} INFO - Setting next_dagrun for example_branch_datetime_operator_2 to 2024-08-28T00:00:00+00:00, run_after=2024-08-29T00:00:00+00:00
[2024-08-29T19:54:42.888+0000] {logging_mixin.py:149} INFO - [2024-08-29T19:54:42.888+0000] {dag.py:3486} INFO - Setting next_dagrun for example_branch_datetime_operator_3 to 2024-08-28T00:00:00+00:00, run_after=2024-08-29T00:00:00+00:00
[2024-08-29T19:54:42.916+0000] {processor.py:179} INFO - Processing /home/airflow-vm/data-engineer-batch-processing-financial-services/.venv/lib/python3.10/site-packages/airflow/example_dags/example_branch_datetime_operator.py took 0.099 seconds
[2024-08-29T19:55:31.357+0000] {processor.py:157} INFO - Started process (PID=51725) to work on /home/airflow-vm/data-engineer-batch-processing-financial-services/.venv/lib/python3.10/site-packages/airflow/example_dags/example_branch_datetime_operator.py
[2024-08-29T19:55:31.358+0000] {processor.py:826} INFO - Processing file /home/airflow-vm/data-engineer-batch-processing-financial-services/.venv/lib/python3.10/site-packages/airflow/example_dags/example_branch_datetime_operator.py for tasks to queue
[2024-08-29T19:55:31.359+0000] {logging_mixin.py:149} INFO - [2024-08-29T19:55:31.359+0000] {dagbag.py:541} INFO - Filling up the DagBag from /home/airflow-vm/data-engineer-batch-processing-financial-services/.venv/lib/python3.10/site-packages/airflow/example_dags/example_branch_datetime_operator.py
[2024-08-29T19:55:31.369+0000] {processor.py:836} INFO - DAG(s) dict_keys(['example_branch_datetime_operator', 'example_branch_datetime_operator_2', 'example_branch_datetime_operator_3']) retrieved from /home/airflow-vm/data-engineer-batch-processing-financial-services/.venv/lib/python3.10/site-packages/airflow/example_dags/example_branch_datetime_operator.py
[2024-08-29T19:55:31.395+0000] {logging_mixin.py:149} INFO - [2024-08-29T19:55:31.394+0000] {dag.py:2726} INFO - Sync 3 DAGs
[2024-08-29T19:55:31.417+0000] {logging_mixin.py:149} INFO - [2024-08-29T19:55:31.417+0000] {dag.py:3486} INFO - Setting next_dagrun for example_branch_datetime_operator to 2024-08-28T00:00:00+00:00, run_after=2024-08-29T00:00:00+00:00
[2024-08-29T19:55:31.422+0000] {logging_mixin.py:149} INFO - [2024-08-29T19:55:31.422+0000] {dag.py:3486} INFO - Setting next_dagrun for example_branch_datetime_operator_2 to 2024-08-28T00:00:00+00:00, run_after=2024-08-29T00:00:00+00:00
[2024-08-29T19:55:31.425+0000] {logging_mixin.py:149} INFO - [2024-08-29T19:55:31.425+0000] {dag.py:3486} INFO - Setting next_dagrun for example_branch_datetime_operator_3 to 2024-08-28T00:00:00+00:00, run_after=2024-08-29T00:00:00+00:00
[2024-08-29T19:55:31.454+0000] {processor.py:179} INFO - Processing /home/airflow-vm/data-engineer-batch-processing-financial-services/.venv/lib/python3.10/site-packages/airflow/example_dags/example_branch_datetime_operator.py took 0.100 seconds
[2024-08-29T20:12:07.731+0000] {processor.py:157} INFO - Started process (PID=56510) to work on /home/airflow-vm/data-engineer-batch-processing-financial-services/.venv/lib/python3.10/site-packages/airflow/example_dags/example_branch_datetime_operator.py
[2024-08-29T20:12:07.732+0000] {processor.py:826} INFO - Processing file /home/airflow-vm/data-engineer-batch-processing-financial-services/.venv/lib/python3.10/site-packages/airflow/example_dags/example_branch_datetime_operator.py for tasks to queue
[2024-08-29T20:12:07.732+0000] {logging_mixin.py:149} INFO - [2024-08-29T20:12:07.732+0000] {dagbag.py:541} INFO - Filling up the DagBag from /home/airflow-vm/data-engineer-batch-processing-financial-services/.venv/lib/python3.10/site-packages/airflow/example_dags/example_branch_datetime_operator.py
[2024-08-29T20:12:07.741+0000] {processor.py:836} INFO - DAG(s) dict_keys(['example_branch_datetime_operator_2', 'example_branch_datetime_operator_3', 'example_branch_datetime_operator']) retrieved from /home/airflow-vm/data-engineer-batch-processing-financial-services/.venv/lib/python3.10/site-packages/airflow/example_dags/example_branch_datetime_operator.py
[2024-08-29T20:12:07.765+0000] {logging_mixin.py:149} INFO - [2024-08-29T20:12:07.765+0000] {dag.py:2726} INFO - Sync 3 DAGs
[2024-08-29T20:12:07.787+0000] {logging_mixin.py:149} INFO - [2024-08-29T20:12:07.786+0000] {dag.py:3486} INFO - Setting next_dagrun for example_branch_datetime_operator to 2024-08-28T00:00:00+00:00, run_after=2024-08-29T00:00:00+00:00
[2024-08-29T20:12:07.791+0000] {logging_mixin.py:149} INFO - [2024-08-29T20:12:07.791+0000] {dag.py:3486} INFO - Setting next_dagrun for example_branch_datetime_operator_2 to 2024-08-28T00:00:00+00:00, run_after=2024-08-29T00:00:00+00:00
[2024-08-29T20:12:07.793+0000] {logging_mixin.py:149} INFO - [2024-08-29T20:12:07.793+0000] {dag.py:3486} INFO - Setting next_dagrun for example_branch_datetime_operator_3 to 2024-08-28T00:00:00+00:00, run_after=2024-08-29T00:00:00+00:00
[2024-08-29T20:12:07.819+0000] {processor.py:179} INFO - Processing /home/airflow-vm/data-engineer-batch-processing-financial-services/.venv/lib/python3.10/site-packages/airflow/example_dags/example_branch_datetime_operator.py took 0.090 seconds
[2024-08-29T20:12:52.950+0000] {processor.py:157} INFO - Started process (PID=56831) to work on /home/airflow-vm/data-engineer-batch-processing-financial-services/.venv/lib/python3.10/site-packages/airflow/example_dags/example_branch_datetime_operator.py
[2024-08-29T20:12:52.951+0000] {processor.py:826} INFO - Processing file /home/airflow-vm/data-engineer-batch-processing-financial-services/.venv/lib/python3.10/site-packages/airflow/example_dags/example_branch_datetime_operator.py for tasks to queue
[2024-08-29T20:12:52.951+0000] {logging_mixin.py:149} INFO - [2024-08-29T20:12:52.951+0000] {dagbag.py:541} INFO - Filling up the DagBag from /home/airflow-vm/data-engineer-batch-processing-financial-services/.venv/lib/python3.10/site-packages/airflow/example_dags/example_branch_datetime_operator.py
[2024-08-29T20:12:52.961+0000] {processor.py:836} INFO - DAG(s) dict_keys(['example_branch_datetime_operator', 'example_branch_datetime_operator_3', 'example_branch_datetime_operator_2']) retrieved from /home/airflow-vm/data-engineer-batch-processing-financial-services/.venv/lib/python3.10/site-packages/airflow/example_dags/example_branch_datetime_operator.py
[2024-08-29T20:12:52.984+0000] {logging_mixin.py:149} INFO - [2024-08-29T20:12:52.984+0000] {dag.py:2726} INFO - Sync 3 DAGs
[2024-08-29T20:12:53.005+0000] {logging_mixin.py:149} INFO - [2024-08-29T20:12:53.004+0000] {dag.py:3486} INFO - Setting next_dagrun for example_branch_datetime_operator to 2024-08-28T00:00:00+00:00, run_after=2024-08-29T00:00:00+00:00
[2024-08-29T20:12:53.009+0000] {logging_mixin.py:149} INFO - [2024-08-29T20:12:53.009+0000] {dag.py:3486} INFO - Setting next_dagrun for example_branch_datetime_operator_2 to 2024-08-28T00:00:00+00:00, run_after=2024-08-29T00:00:00+00:00
[2024-08-29T20:12:53.011+0000] {logging_mixin.py:149} INFO - [2024-08-29T20:12:53.011+0000] {dag.py:3486} INFO - Setting next_dagrun for example_branch_datetime_operator_3 to 2024-08-28T00:00:00+00:00, run_after=2024-08-29T00:00:00+00:00
[2024-08-29T20:12:53.037+0000] {processor.py:179} INFO - Processing /home/airflow-vm/data-engineer-batch-processing-financial-services/.venv/lib/python3.10/site-packages/airflow/example_dags/example_branch_datetime_operator.py took 0.090 seconds
[2024-08-29T20:15:34.204+0000] {processor.py:157} INFO - Started process (PID=57712) to work on /home/airflow-vm/data-engineer-batch-processing-financial-services/.venv/lib/python3.10/site-packages/airflow/example_dags/example_branch_datetime_operator.py
[2024-08-29T20:15:34.205+0000] {processor.py:826} INFO - Processing file /home/airflow-vm/data-engineer-batch-processing-financial-services/.venv/lib/python3.10/site-packages/airflow/example_dags/example_branch_datetime_operator.py for tasks to queue
[2024-08-29T20:15:34.206+0000] {logging_mixin.py:149} INFO - [2024-08-29T20:15:34.205+0000] {dagbag.py:541} INFO - Filling up the DagBag from /home/airflow-vm/data-engineer-batch-processing-financial-services/.venv/lib/python3.10/site-packages/airflow/example_dags/example_branch_datetime_operator.py
[2024-08-29T20:15:34.214+0000] {processor.py:836} INFO - DAG(s) dict_keys(['example_branch_datetime_operator_2', 'example_branch_datetime_operator', 'example_branch_datetime_operator_3']) retrieved from /home/airflow-vm/data-engineer-batch-processing-financial-services/.venv/lib/python3.10/site-packages/airflow/example_dags/example_branch_datetime_operator.py
[2024-08-29T20:15:34.238+0000] {logging_mixin.py:149} INFO - [2024-08-29T20:15:34.237+0000] {dag.py:2726} INFO - Sync 3 DAGs
[2024-08-29T20:15:34.258+0000] {logging_mixin.py:149} INFO - [2024-08-29T20:15:34.258+0000] {dag.py:3486} INFO - Setting next_dagrun for example_branch_datetime_operator to 2024-08-28T00:00:00+00:00, run_after=2024-08-29T00:00:00+00:00
[2024-08-29T20:15:34.263+0000] {logging_mixin.py:149} INFO - [2024-08-29T20:15:34.262+0000] {dag.py:3486} INFO - Setting next_dagrun for example_branch_datetime_operator_2 to 2024-08-28T00:00:00+00:00, run_after=2024-08-29T00:00:00+00:00
[2024-08-29T20:15:34.265+0000] {logging_mixin.py:149} INFO - [2024-08-29T20:15:34.265+0000] {dag.py:3486} INFO - Setting next_dagrun for example_branch_datetime_operator_3 to 2024-08-28T00:00:00+00:00, run_after=2024-08-29T00:00:00+00:00
[2024-08-29T20:15:34.292+0000] {processor.py:179} INFO - Processing /home/airflow-vm/data-engineer-batch-processing-financial-services/.venv/lib/python3.10/site-packages/airflow/example_dags/example_branch_datetime_operator.py took 0.090 seconds
[2024-08-29T20:16:24.129+0000] {processor.py:157} INFO - Started process (PID=58124) to work on /home/airflow-vm/data-engineer-batch-processing-financial-services/.venv/lib/python3.10/site-packages/airflow/example_dags/example_branch_datetime_operator.py
[2024-08-29T20:16:24.130+0000] {processor.py:826} INFO - Processing file /home/airflow-vm/data-engineer-batch-processing-financial-services/.venv/lib/python3.10/site-packages/airflow/example_dags/example_branch_datetime_operator.py for tasks to queue
[2024-08-29T20:16:24.131+0000] {logging_mixin.py:149} INFO - [2024-08-29T20:16:24.131+0000] {dagbag.py:541} INFO - Filling up the DagBag from /home/airflow-vm/data-engineer-batch-processing-financial-services/.venv/lib/python3.10/site-packages/airflow/example_dags/example_branch_datetime_operator.py
[2024-08-29T20:16:24.140+0000] {processor.py:836} INFO - DAG(s) dict_keys(['example_branch_datetime_operator_2', 'example_branch_datetime_operator', 'example_branch_datetime_operator_3']) retrieved from /home/airflow-vm/data-engineer-batch-processing-financial-services/.venv/lib/python3.10/site-packages/airflow/example_dags/example_branch_datetime_operator.py
[2024-08-29T20:16:24.165+0000] {logging_mixin.py:149} INFO - [2024-08-29T20:16:24.165+0000] {dag.py:2726} INFO - Sync 3 DAGs
[2024-08-29T20:16:24.185+0000] {logging_mixin.py:149} INFO - [2024-08-29T20:16:24.185+0000] {dag.py:3486} INFO - Setting next_dagrun for example_branch_datetime_operator to 2024-08-28T00:00:00+00:00, run_after=2024-08-29T00:00:00+00:00
[2024-08-29T20:16:24.190+0000] {logging_mixin.py:149} INFO - [2024-08-29T20:16:24.190+0000] {dag.py:3486} INFO - Setting next_dagrun for example_branch_datetime_operator_2 to 2024-08-28T00:00:00+00:00, run_after=2024-08-29T00:00:00+00:00
[2024-08-29T20:16:24.192+0000] {logging_mixin.py:149} INFO - [2024-08-29T20:16:24.192+0000] {dag.py:3486} INFO - Setting next_dagrun for example_branch_datetime_operator_3 to 2024-08-28T00:00:00+00:00, run_after=2024-08-29T00:00:00+00:00
[2024-08-29T20:16:24.221+0000] {processor.py:179} INFO - Processing /home/airflow-vm/data-engineer-batch-processing-financial-services/.venv/lib/python3.10/site-packages/airflow/example_dags/example_branch_datetime_operator.py took 0.094 seconds
[2024-08-29T20:25:00.902+0000] {processor.py:157} INFO - Started process (PID=61692) to work on /home/airflow-vm/data-engineer-batch-processing-financial-services/.venv/lib/python3.10/site-packages/airflow/example_dags/example_branch_datetime_operator.py
[2024-08-29T20:25:00.903+0000] {processor.py:826} INFO - Processing file /home/airflow-vm/data-engineer-batch-processing-financial-services/.venv/lib/python3.10/site-packages/airflow/example_dags/example_branch_datetime_operator.py for tasks to queue
[2024-08-29T20:25:00.903+0000] {logging_mixin.py:149} INFO - [2024-08-29T20:25:00.903+0000] {dagbag.py:541} INFO - Filling up the DagBag from /home/airflow-vm/data-engineer-batch-processing-financial-services/.venv/lib/python3.10/site-packages/airflow/example_dags/example_branch_datetime_operator.py
[2024-08-29T20:25:00.912+0000] {processor.py:836} INFO - DAG(s) dict_keys(['example_branch_datetime_operator', 'example_branch_datetime_operator_2', 'example_branch_datetime_operator_3']) retrieved from /home/airflow-vm/data-engineer-batch-processing-financial-services/.venv/lib/python3.10/site-packages/airflow/example_dags/example_branch_datetime_operator.py
[2024-08-29T20:25:00.935+0000] {logging_mixin.py:149} INFO - [2024-08-29T20:25:00.935+0000] {dag.py:2726} INFO - Sync 3 DAGs
[2024-08-29T20:25:00.956+0000] {logging_mixin.py:149} INFO - [2024-08-29T20:25:00.956+0000] {dag.py:3486} INFO - Setting next_dagrun for example_branch_datetime_operator to 2024-08-28T00:00:00+00:00, run_after=2024-08-29T00:00:00+00:00
[2024-08-29T20:25:00.960+0000] {logging_mixin.py:149} INFO - [2024-08-29T20:25:00.960+0000] {dag.py:3486} INFO - Setting next_dagrun for example_branch_datetime_operator_2 to 2024-08-28T00:00:00+00:00, run_after=2024-08-29T00:00:00+00:00
[2024-08-29T20:25:00.962+0000] {logging_mixin.py:149} INFO - [2024-08-29T20:25:00.962+0000] {dag.py:3486} INFO - Setting next_dagrun for example_branch_datetime_operator_3 to 2024-08-28T00:00:00+00:00, run_after=2024-08-29T00:00:00+00:00
[2024-08-29T20:25:00.988+0000] {processor.py:179} INFO - Processing /home/airflow-vm/data-engineer-batch-processing-financial-services/.venv/lib/python3.10/site-packages/airflow/example_dags/example_branch_datetime_operator.py took 0.088 seconds
[2024-08-29T20:27:02.739+0000] {processor.py:157} INFO - Started process (PID=63259) to work on /home/airflow-vm/data-engineer-batch-processing-financial-services/.venv/lib/python3.10/site-packages/airflow/example_dags/example_branch_datetime_operator.py
[2024-08-29T20:27:02.740+0000] {processor.py:826} INFO - Processing file /home/airflow-vm/data-engineer-batch-processing-financial-services/.venv/lib/python3.10/site-packages/airflow/example_dags/example_branch_datetime_operator.py for tasks to queue
[2024-08-29T20:27:02.741+0000] {logging_mixin.py:149} INFO - [2024-08-29T20:27:02.741+0000] {dagbag.py:541} INFO - Filling up the DagBag from /home/airflow-vm/data-engineer-batch-processing-financial-services/.venv/lib/python3.10/site-packages/airflow/example_dags/example_branch_datetime_operator.py
[2024-08-29T20:27:02.750+0000] {processor.py:836} INFO - DAG(s) dict_keys(['example_branch_datetime_operator_2', 'example_branch_datetime_operator_3', 'example_branch_datetime_operator']) retrieved from /home/airflow-vm/data-engineer-batch-processing-financial-services/.venv/lib/python3.10/site-packages/airflow/example_dags/example_branch_datetime_operator.py
[2024-08-29T20:27:02.793+0000] {logging_mixin.py:149} INFO - [2024-08-29T20:27:02.793+0000] {dag.py:2726} INFO - Sync 3 DAGs
[2024-08-29T20:27:02.814+0000] {logging_mixin.py:149} INFO - [2024-08-29T20:27:02.813+0000] {dag.py:3486} INFO - Setting next_dagrun for example_branch_datetime_operator to 2024-08-28T00:00:00+00:00, run_after=2024-08-29T00:00:00+00:00
[2024-08-29T20:27:02.818+0000] {logging_mixin.py:149} INFO - [2024-08-29T20:27:02.818+0000] {dag.py:3486} INFO - Setting next_dagrun for example_branch_datetime_operator_2 to 2024-08-28T00:00:00+00:00, run_after=2024-08-29T00:00:00+00:00
[2024-08-29T20:27:02.820+0000] {logging_mixin.py:149} INFO - [2024-08-29T20:27:02.820+0000] {dag.py:3486} INFO - Setting next_dagrun for example_branch_datetime_operator_3 to 2024-08-28T00:00:00+00:00, run_after=2024-08-29T00:00:00+00:00
[2024-08-29T20:27:02.867+0000] {processor.py:179} INFO - Processing /home/airflow-vm/data-engineer-batch-processing-financial-services/.venv/lib/python3.10/site-packages/airflow/example_dags/example_branch_datetime_operator.py took 0.130 seconds
[2024-08-29T20:27:47.584+0000] {processor.py:157} INFO - Started process (PID=63540) to work on /home/airflow-vm/data-engineer-batch-processing-financial-services/.venv/lib/python3.10/site-packages/airflow/example_dags/example_branch_datetime_operator.py
[2024-08-29T20:27:47.585+0000] {processor.py:826} INFO - Processing file /home/airflow-vm/data-engineer-batch-processing-financial-services/.venv/lib/python3.10/site-packages/airflow/example_dags/example_branch_datetime_operator.py for tasks to queue
[2024-08-29T20:27:47.586+0000] {logging_mixin.py:149} INFO - [2024-08-29T20:27:47.585+0000] {dagbag.py:541} INFO - Filling up the DagBag from /home/airflow-vm/data-engineer-batch-processing-financial-services/.venv/lib/python3.10/site-packages/airflow/example_dags/example_branch_datetime_operator.py
[2024-08-29T20:27:47.595+0000] {processor.py:836} INFO - DAG(s) dict_keys(['example_branch_datetime_operator_3', 'example_branch_datetime_operator', 'example_branch_datetime_operator_2']) retrieved from /home/airflow-vm/data-engineer-batch-processing-financial-services/.venv/lib/python3.10/site-packages/airflow/example_dags/example_branch_datetime_operator.py
[2024-08-29T20:27:47.618+0000] {logging_mixin.py:149} INFO - [2024-08-29T20:27:47.617+0000] {dag.py:2726} INFO - Sync 3 DAGs
[2024-08-29T20:27:47.638+0000] {logging_mixin.py:149} INFO - [2024-08-29T20:27:47.637+0000] {dag.py:3486} INFO - Setting next_dagrun for example_branch_datetime_operator to 2024-08-28T00:00:00+00:00, run_after=2024-08-29T00:00:00+00:00
[2024-08-29T20:27:47.642+0000] {logging_mixin.py:149} INFO - [2024-08-29T20:27:47.642+0000] {dag.py:3486} INFO - Setting next_dagrun for example_branch_datetime_operator_2 to 2024-08-28T00:00:00+00:00, run_after=2024-08-29T00:00:00+00:00
[2024-08-29T20:27:47.644+0000] {logging_mixin.py:149} INFO - [2024-08-29T20:27:47.644+0000] {dag.py:3486} INFO - Setting next_dagrun for example_branch_datetime_operator_3 to 2024-08-28T00:00:00+00:00, run_after=2024-08-29T00:00:00+00:00
[2024-08-29T20:27:47.671+0000] {processor.py:179} INFO - Processing /home/airflow-vm/data-engineer-batch-processing-financial-services/.venv/lib/python3.10/site-packages/airflow/example_dags/example_branch_datetime_operator.py took 0.089 seconds
[2024-08-29T20:28:31.804+0000] {processor.py:157} INFO - Started process (PID=63716) to work on /home/airflow-vm/data-engineer-batch-processing-financial-services/.venv/lib/python3.10/site-packages/airflow/example_dags/example_branch_datetime_operator.py
[2024-08-29T20:28:31.805+0000] {processor.py:826} INFO - Processing file /home/airflow-vm/data-engineer-batch-processing-financial-services/.venv/lib/python3.10/site-packages/airflow/example_dags/example_branch_datetime_operator.py for tasks to queue
[2024-08-29T20:28:31.806+0000] {logging_mixin.py:149} INFO - [2024-08-29T20:28:31.805+0000] {dagbag.py:541} INFO - Filling up the DagBag from /home/airflow-vm/data-engineer-batch-processing-financial-services/.venv/lib/python3.10/site-packages/airflow/example_dags/example_branch_datetime_operator.py
[2024-08-29T20:28:31.815+0000] {processor.py:836} INFO - DAG(s) dict_keys(['example_branch_datetime_operator_2', 'example_branch_datetime_operator_3', 'example_branch_datetime_operator']) retrieved from /home/airflow-vm/data-engineer-batch-processing-financial-services/.venv/lib/python3.10/site-packages/airflow/example_dags/example_branch_datetime_operator.py
[2024-08-29T20:28:31.838+0000] {logging_mixin.py:149} INFO - [2024-08-29T20:28:31.837+0000] {dag.py:2726} INFO - Sync 3 DAGs
[2024-08-29T20:28:31.858+0000] {logging_mixin.py:149} INFO - [2024-08-29T20:28:31.858+0000] {dag.py:3486} INFO - Setting next_dagrun for example_branch_datetime_operator to 2024-08-28T00:00:00+00:00, run_after=2024-08-29T00:00:00+00:00
[2024-08-29T20:28:31.862+0000] {logging_mixin.py:149} INFO - [2024-08-29T20:28:31.862+0000] {dag.py:3486} INFO - Setting next_dagrun for example_branch_datetime_operator_2 to 2024-08-28T00:00:00+00:00, run_after=2024-08-29T00:00:00+00:00
[2024-08-29T20:28:31.865+0000] {logging_mixin.py:149} INFO - [2024-08-29T20:28:31.864+0000] {dag.py:3486} INFO - Setting next_dagrun for example_branch_datetime_operator_3 to 2024-08-28T00:00:00+00:00, run_after=2024-08-29T00:00:00+00:00
[2024-08-29T20:28:31.894+0000] {processor.py:179} INFO - Processing /home/airflow-vm/data-engineer-batch-processing-financial-services/.venv/lib/python3.10/site-packages/airflow/example_dags/example_branch_datetime_operator.py took 0.092 seconds
[2024-08-29T20:32:01.540+0000] {processor.py:157} INFO - Started process (PID=66163) to work on /home/airflow-vm/data-engineer-batch-processing-financial-services/.venv/lib/python3.10/site-packages/airflow/example_dags/example_branch_datetime_operator.py
[2024-08-29T20:32:01.541+0000] {processor.py:826} INFO - Processing file /home/airflow-vm/data-engineer-batch-processing-financial-services/.venv/lib/python3.10/site-packages/airflow/example_dags/example_branch_datetime_operator.py for tasks to queue
[2024-08-29T20:32:01.541+0000] {logging_mixin.py:149} INFO - [2024-08-29T20:32:01.541+0000] {dagbag.py:541} INFO - Filling up the DagBag from /home/airflow-vm/data-engineer-batch-processing-financial-services/.venv/lib/python3.10/site-packages/airflow/example_dags/example_branch_datetime_operator.py
[2024-08-29T20:32:01.550+0000] {processor.py:836} INFO - DAG(s) dict_keys(['example_branch_datetime_operator_2', 'example_branch_datetime_operator', 'example_branch_datetime_operator_3']) retrieved from /home/airflow-vm/data-engineer-batch-processing-financial-services/.venv/lib/python3.10/site-packages/airflow/example_dags/example_branch_datetime_operator.py
[2024-08-29T20:32:01.573+0000] {logging_mixin.py:149} INFO - [2024-08-29T20:32:01.572+0000] {dag.py:2726} INFO - Sync 3 DAGs
[2024-08-29T20:32:01.593+0000] {logging_mixin.py:149} INFO - [2024-08-29T20:32:01.593+0000] {dag.py:3486} INFO - Setting next_dagrun for example_branch_datetime_operator to 2024-08-28T00:00:00+00:00, run_after=2024-08-29T00:00:00+00:00
[2024-08-29T20:32:01.597+0000] {logging_mixin.py:149} INFO - [2024-08-29T20:32:01.597+0000] {dag.py:3486} INFO - Setting next_dagrun for example_branch_datetime_operator_2 to 2024-08-28T00:00:00+00:00, run_after=2024-08-29T00:00:00+00:00
[2024-08-29T20:32:01.600+0000] {logging_mixin.py:149} INFO - [2024-08-29T20:32:01.599+0000] {dag.py:3486} INFO - Setting next_dagrun for example_branch_datetime_operator_3 to 2024-08-28T00:00:00+00:00, run_after=2024-08-29T00:00:00+00:00
[2024-08-29T20:32:01.624+0000] {processor.py:179} INFO - Processing /home/airflow-vm/data-engineer-batch-processing-financial-services/.venv/lib/python3.10/site-packages/airflow/example_dags/example_branch_datetime_operator.py took 0.087 seconds
[2024-08-29T20:36:29.485+0000] {processor.py:157} INFO - Started process (PID=69563) to work on /home/airflow-vm/data-engineer-batch-processing-financial-services/.venv/lib/python3.10/site-packages/airflow/example_dags/example_branch_datetime_operator.py
[2024-08-29T20:36:29.486+0000] {processor.py:826} INFO - Processing file /home/airflow-vm/data-engineer-batch-processing-financial-services/.venv/lib/python3.10/site-packages/airflow/example_dags/example_branch_datetime_operator.py for tasks to queue
[2024-08-29T20:36:29.487+0000] {logging_mixin.py:149} INFO - [2024-08-29T20:36:29.487+0000] {dagbag.py:541} INFO - Filling up the DagBag from /home/airflow-vm/data-engineer-batch-processing-financial-services/.venv/lib/python3.10/site-packages/airflow/example_dags/example_branch_datetime_operator.py
[2024-08-29T20:36:29.496+0000] {processor.py:836} INFO - DAG(s) dict_keys(['example_branch_datetime_operator_2', 'example_branch_datetime_operator_3', 'example_branch_datetime_operator']) retrieved from /home/airflow-vm/data-engineer-batch-processing-financial-services/.venv/lib/python3.10/site-packages/airflow/example_dags/example_branch_datetime_operator.py
[2024-08-29T20:36:29.520+0000] {logging_mixin.py:149} INFO - [2024-08-29T20:36:29.520+0000] {dag.py:2726} INFO - Sync 3 DAGs
[2024-08-29T20:36:29.541+0000] {logging_mixin.py:149} INFO - [2024-08-29T20:36:29.541+0000] {dag.py:3486} INFO - Setting next_dagrun for example_branch_datetime_operator to 2024-08-28T00:00:00+00:00, run_after=2024-08-29T00:00:00+00:00
[2024-08-29T20:36:29.545+0000] {logging_mixin.py:149} INFO - [2024-08-29T20:36:29.545+0000] {dag.py:3486} INFO - Setting next_dagrun for example_branch_datetime_operator_2 to 2024-08-28T00:00:00+00:00, run_after=2024-08-29T00:00:00+00:00
[2024-08-29T20:36:29.548+0000] {logging_mixin.py:149} INFO - [2024-08-29T20:36:29.548+0000] {dag.py:3486} INFO - Setting next_dagrun for example_branch_datetime_operator_3 to 2024-08-28T00:00:00+00:00, run_after=2024-08-29T00:00:00+00:00
[2024-08-29T20:36:29.573+0000] {processor.py:179} INFO - Processing /home/airflow-vm/data-engineer-batch-processing-financial-services/.venv/lib/python3.10/site-packages/airflow/example_dags/example_branch_datetime_operator.py took 0.090 seconds
