[2024-08-29T19:48:03.475+0000] {processor.py:157} INFO - Started process (PID=49038) to work on /home/airflow-vm/data-engineer-batch-processing-financial-services/.venv/lib/python3.10/site-packages/airflow/example_dags/example_python_operator.py
[2024-08-29T19:48:03.476+0000] {processor.py:826} INFO - Processing file /home/airflow-vm/data-engineer-batch-processing-financial-services/.venv/lib/python3.10/site-packages/airflow/example_dags/example_python_operator.py for tasks to queue
[2024-08-29T19:48:03.477+0000] {logging_mixin.py:149} INFO - [2024-08-29T19:48:03.476+0000] {dagbag.py:541} INFO - Filling up the DagBag from /home/airflow-vm/data-engineer-batch-processing-financial-services/.venv/lib/python3.10/site-packages/airflow/example_dags/example_python_operator.py
[2024-08-29T19:48:03.483+0000] {logging_mixin.py:149} INFO - [2024-08-29T19:48:03.483+0000] {taskmixin.py:211} WARNING - Dependency <Task(_PythonDecoratedOperator): print_the_context>, log_sql_query already registered for DAG: example_python_operator
[2024-08-29T19:48:03.483+0000] {logging_mixin.py:149} INFO - [2024-08-29T19:48:03.483+0000] {taskmixin.py:211} WARNING - Dependency <Task(_PythonDecoratedOperator): log_sql_query>, print_the_context already registered for DAG: example_python_operator
[2024-08-29T19:48:03.484+0000] {logging_mixin.py:149} INFO - [2024-08-29T19:48:03.484+0000] {taskmixin.py:211} WARNING - Dependency <Task(_PythonDecoratedOperator): print_the_context>, log_sql_query already registered for DAG: example_python_operator
[2024-08-29T19:48:03.484+0000] {logging_mixin.py:149} INFO - [2024-08-29T19:48:03.484+0000] {taskmixin.py:211} WARNING - Dependency <Task(_PythonDecoratedOperator): log_sql_query>, print_the_context already registered for DAG: example_python_operator
[2024-08-29T19:48:03.484+0000] {logging_mixin.py:149} INFO - [2024-08-29T19:48:03.484+0000] {taskmixin.py:211} WARNING - Dependency <Task(_PythonDecoratedOperator): print_the_context>, log_sql_query already registered for DAG: example_python_operator
[2024-08-29T19:48:03.485+0000] {logging_mixin.py:149} INFO - [2024-08-29T19:48:03.485+0000] {taskmixin.py:211} WARNING - Dependency <Task(_PythonDecoratedOperator): log_sql_query>, print_the_context already registered for DAG: example_python_operator
[2024-08-29T19:48:03.485+0000] {logging_mixin.py:149} INFO - [2024-08-29T19:48:03.485+0000] {taskmixin.py:211} WARNING - Dependency <Task(_PythonDecoratedOperator): print_the_context>, log_sql_query already registered for DAG: example_python_operator
[2024-08-29T19:48:03.485+0000] {logging_mixin.py:149} INFO - [2024-08-29T19:48:03.485+0000] {taskmixin.py:211} WARNING - Dependency <Task(_PythonDecoratedOperator): log_sql_query>, print_the_context already registered for DAG: example_python_operator
[2024-08-29T19:48:03.486+0000] {logging_mixin.py:149} INFO - [2024-08-29T19:48:03.486+0000] {example_python_operator.py:90} WARNING - The virtalenv_python example task requires virtualenv, please install it.
[2024-08-29T19:48:03.488+0000] {processor.py:836} INFO - DAG(s) dict_keys(['example_python_operator']) retrieved from /home/airflow-vm/data-engineer-batch-processing-financial-services/.venv/lib/python3.10/site-packages/airflow/example_dags/example_python_operator.py
[2024-08-29T19:48:03.607+0000] {logging_mixin.py:149} INFO - [2024-08-29T19:48:03.607+0000] {manager.py:504} INFO - Created Permission View: can delete on DAG:example_python_operator
[2024-08-29T19:48:03.625+0000] {logging_mixin.py:149} INFO - [2024-08-29T19:48:03.625+0000] {manager.py:504} INFO - Created Permission View: can edit on DAG:example_python_operator
[2024-08-29T19:48:03.641+0000] {logging_mixin.py:149} INFO - [2024-08-29T19:48:03.641+0000] {manager.py:504} INFO - Created Permission View: can read on DAG:example_python_operator
[2024-08-29T19:48:03.641+0000] {logging_mixin.py:149} INFO - [2024-08-29T19:48:03.641+0000] {dag.py:2726} INFO - Sync 1 DAGs
[2024-08-29T19:48:03.651+0000] {logging_mixin.py:149} INFO - [2024-08-29T19:48:03.651+0000] {dag.py:2747} INFO - Creating ORM DAG for example_python_operator
[2024-08-29T19:48:03.659+0000] {logging_mixin.py:149} INFO - [2024-08-29T19:48:03.659+0000] {dag.py:3486} INFO - Setting next_dagrun for example_python_operator to None, run_after=None
[2024-08-29T19:48:03.693+0000] {processor.py:179} INFO - Processing /home/airflow-vm/data-engineer-batch-processing-financial-services/.venv/lib/python3.10/site-packages/airflow/example_dags/example_python_operator.py took 0.220 seconds
[2024-08-29T19:48:52.078+0000] {processor.py:157} INFO - Started process (PID=49471) to work on /home/airflow-vm/data-engineer-batch-processing-financial-services/.venv/lib/python3.10/site-packages/airflow/example_dags/example_python_operator.py
[2024-08-29T19:48:52.079+0000] {processor.py:826} INFO - Processing file /home/airflow-vm/data-engineer-batch-processing-financial-services/.venv/lib/python3.10/site-packages/airflow/example_dags/example_python_operator.py for tasks to queue
[2024-08-29T19:48:52.080+0000] {logging_mixin.py:149} INFO - [2024-08-29T19:48:52.079+0000] {dagbag.py:541} INFO - Filling up the DagBag from /home/airflow-vm/data-engineer-batch-processing-financial-services/.venv/lib/python3.10/site-packages/airflow/example_dags/example_python_operator.py
[2024-08-29T19:48:52.085+0000] {logging_mixin.py:149} INFO - [2024-08-29T19:48:52.085+0000] {taskmixin.py:211} WARNING - Dependency <Task(_PythonDecoratedOperator): print_the_context>, log_sql_query already registered for DAG: example_python_operator
[2024-08-29T19:48:52.086+0000] {logging_mixin.py:149} INFO - [2024-08-29T19:48:52.086+0000] {taskmixin.py:211} WARNING - Dependency <Task(_PythonDecoratedOperator): log_sql_query>, print_the_context already registered for DAG: example_python_operator
[2024-08-29T19:48:52.086+0000] {logging_mixin.py:149} INFO - [2024-08-29T19:48:52.086+0000] {taskmixin.py:211} WARNING - Dependency <Task(_PythonDecoratedOperator): print_the_context>, log_sql_query already registered for DAG: example_python_operator
[2024-08-29T19:48:52.086+0000] {logging_mixin.py:149} INFO - [2024-08-29T19:48:52.086+0000] {taskmixin.py:211} WARNING - Dependency <Task(_PythonDecoratedOperator): log_sql_query>, print_the_context already registered for DAG: example_python_operator
[2024-08-29T19:48:52.087+0000] {logging_mixin.py:149} INFO - [2024-08-29T19:48:52.087+0000] {taskmixin.py:211} WARNING - Dependency <Task(_PythonDecoratedOperator): print_the_context>, log_sql_query already registered for DAG: example_python_operator
[2024-08-29T19:48:52.087+0000] {logging_mixin.py:149} INFO - [2024-08-29T19:48:52.087+0000] {taskmixin.py:211} WARNING - Dependency <Task(_PythonDecoratedOperator): log_sql_query>, print_the_context already registered for DAG: example_python_operator
[2024-08-29T19:48:52.088+0000] {logging_mixin.py:149} INFO - [2024-08-29T19:48:52.088+0000] {taskmixin.py:211} WARNING - Dependency <Task(_PythonDecoratedOperator): print_the_context>, log_sql_query already registered for DAG: example_python_operator
[2024-08-29T19:48:52.088+0000] {logging_mixin.py:149} INFO - [2024-08-29T19:48:52.088+0000] {taskmixin.py:211} WARNING - Dependency <Task(_PythonDecoratedOperator): log_sql_query>, print_the_context already registered for DAG: example_python_operator
[2024-08-29T19:48:52.089+0000] {logging_mixin.py:149} INFO - [2024-08-29T19:48:52.088+0000] {example_python_operator.py:90} WARNING - The virtalenv_python example task requires virtualenv, please install it.
[2024-08-29T19:48:52.089+0000] {processor.py:836} INFO - DAG(s) dict_keys(['example_python_operator']) retrieved from /home/airflow-vm/data-engineer-batch-processing-financial-services/.venv/lib/python3.10/site-packages/airflow/example_dags/example_python_operator.py
[2024-08-29T19:48:52.109+0000] {logging_mixin.py:149} INFO - [2024-08-29T19:48:52.109+0000] {dag.py:2726} INFO - Sync 1 DAGs
[2024-08-29T19:48:52.129+0000] {logging_mixin.py:149} INFO - [2024-08-29T19:48:52.129+0000] {dag.py:3486} INFO - Setting next_dagrun for example_python_operator to None, run_after=None
[2024-08-29T19:48:52.162+0000] {processor.py:179} INFO - Processing /home/airflow-vm/data-engineer-batch-processing-financial-services/.venv/lib/python3.10/site-packages/airflow/example_dags/example_python_operator.py took 0.087 seconds
[2024-08-29T19:49:41.930+0000] {processor.py:157} INFO - Started process (PID=49692) to work on /home/airflow-vm/data-engineer-batch-processing-financial-services/.venv/lib/python3.10/site-packages/airflow/example_dags/example_python_operator.py
[2024-08-29T19:49:41.931+0000] {processor.py:826} INFO - Processing file /home/airflow-vm/data-engineer-batch-processing-financial-services/.venv/lib/python3.10/site-packages/airflow/example_dags/example_python_operator.py for tasks to queue
[2024-08-29T19:49:41.931+0000] {logging_mixin.py:149} INFO - [2024-08-29T19:49:41.931+0000] {dagbag.py:541} INFO - Filling up the DagBag from /home/airflow-vm/data-engineer-batch-processing-financial-services/.venv/lib/python3.10/site-packages/airflow/example_dags/example_python_operator.py
[2024-08-29T19:49:41.937+0000] {logging_mixin.py:149} INFO - [2024-08-29T19:49:41.937+0000] {taskmixin.py:211} WARNING - Dependency <Task(_PythonDecoratedOperator): print_the_context>, log_sql_query already registered for DAG: example_python_operator
[2024-08-29T19:49:41.937+0000] {logging_mixin.py:149} INFO - [2024-08-29T19:49:41.937+0000] {taskmixin.py:211} WARNING - Dependency <Task(_PythonDecoratedOperator): log_sql_query>, print_the_context already registered for DAG: example_python_operator
[2024-08-29T19:49:41.938+0000] {logging_mixin.py:149} INFO - [2024-08-29T19:49:41.938+0000] {taskmixin.py:211} WARNING - Dependency <Task(_PythonDecoratedOperator): print_the_context>, log_sql_query already registered for DAG: example_python_operator
[2024-08-29T19:49:41.938+0000] {logging_mixin.py:149} INFO - [2024-08-29T19:49:41.938+0000] {taskmixin.py:211} WARNING - Dependency <Task(_PythonDecoratedOperator): log_sql_query>, print_the_context already registered for DAG: example_python_operator
[2024-08-29T19:49:41.939+0000] {logging_mixin.py:149} INFO - [2024-08-29T19:49:41.939+0000] {taskmixin.py:211} WARNING - Dependency <Task(_PythonDecoratedOperator): print_the_context>, log_sql_query already registered for DAG: example_python_operator
[2024-08-29T19:49:41.939+0000] {logging_mixin.py:149} INFO - [2024-08-29T19:49:41.939+0000] {taskmixin.py:211} WARNING - Dependency <Task(_PythonDecoratedOperator): log_sql_query>, print_the_context already registered for DAG: example_python_operator
[2024-08-29T19:49:41.940+0000] {logging_mixin.py:149} INFO - [2024-08-29T19:49:41.940+0000] {taskmixin.py:211} WARNING - Dependency <Task(_PythonDecoratedOperator): print_the_context>, log_sql_query already registered for DAG: example_python_operator
[2024-08-29T19:49:41.940+0000] {logging_mixin.py:149} INFO - [2024-08-29T19:49:41.940+0000] {taskmixin.py:211} WARNING - Dependency <Task(_PythonDecoratedOperator): log_sql_query>, print_the_context already registered for DAG: example_python_operator
[2024-08-29T19:49:41.940+0000] {logging_mixin.py:149} INFO - [2024-08-29T19:49:41.940+0000] {example_python_operator.py:90} WARNING - The virtalenv_python example task requires virtualenv, please install it.
[2024-08-29T19:49:41.941+0000] {processor.py:836} INFO - DAG(s) dict_keys(['example_python_operator']) retrieved from /home/airflow-vm/data-engineer-batch-processing-financial-services/.venv/lib/python3.10/site-packages/airflow/example_dags/example_python_operator.py
[2024-08-29T19:49:41.959+0000] {logging_mixin.py:149} INFO - [2024-08-29T19:49:41.959+0000] {dag.py:2726} INFO - Sync 1 DAGs
[2024-08-29T19:49:41.979+0000] {logging_mixin.py:149} INFO - [2024-08-29T19:49:41.978+0000] {dag.py:3486} INFO - Setting next_dagrun for example_python_operator to None, run_after=None
[2024-08-29T19:49:42.007+0000] {processor.py:179} INFO - Processing /home/airflow-vm/data-engineer-batch-processing-financial-services/.venv/lib/python3.10/site-packages/airflow/example_dags/example_python_operator.py took 0.080 seconds
[2024-08-29T19:50:33.432+0000] {processor.py:157} INFO - Started process (PID=49973) to work on /home/airflow-vm/data-engineer-batch-processing-financial-services/.venv/lib/python3.10/site-packages/airflow/example_dags/example_python_operator.py
[2024-08-29T19:50:33.433+0000] {processor.py:826} INFO - Processing file /home/airflow-vm/data-engineer-batch-processing-financial-services/.venv/lib/python3.10/site-packages/airflow/example_dags/example_python_operator.py for tasks to queue
[2024-08-29T19:50:33.434+0000] {logging_mixin.py:149} INFO - [2024-08-29T19:50:33.434+0000] {dagbag.py:541} INFO - Filling up the DagBag from /home/airflow-vm/data-engineer-batch-processing-financial-services/.venv/lib/python3.10/site-packages/airflow/example_dags/example_python_operator.py
[2024-08-29T19:50:33.440+0000] {logging_mixin.py:149} INFO - [2024-08-29T19:50:33.440+0000] {taskmixin.py:211} WARNING - Dependency <Task(_PythonDecoratedOperator): print_the_context>, log_sql_query already registered for DAG: example_python_operator
[2024-08-29T19:50:33.440+0000] {logging_mixin.py:149} INFO - [2024-08-29T19:50:33.440+0000] {taskmixin.py:211} WARNING - Dependency <Task(_PythonDecoratedOperator): log_sql_query>, print_the_context already registered for DAG: example_python_operator
[2024-08-29T19:50:33.441+0000] {logging_mixin.py:149} INFO - [2024-08-29T19:50:33.441+0000] {taskmixin.py:211} WARNING - Dependency <Task(_PythonDecoratedOperator): print_the_context>, log_sql_query already registered for DAG: example_python_operator
[2024-08-29T19:50:33.441+0000] {logging_mixin.py:149} INFO - [2024-08-29T19:50:33.441+0000] {taskmixin.py:211} WARNING - Dependency <Task(_PythonDecoratedOperator): log_sql_query>, print_the_context already registered for DAG: example_python_operator
[2024-08-29T19:50:33.442+0000] {logging_mixin.py:149} INFO - [2024-08-29T19:50:33.441+0000] {taskmixin.py:211} WARNING - Dependency <Task(_PythonDecoratedOperator): print_the_context>, log_sql_query already registered for DAG: example_python_operator
[2024-08-29T19:50:33.442+0000] {logging_mixin.py:149} INFO - [2024-08-29T19:50:33.442+0000] {taskmixin.py:211} WARNING - Dependency <Task(_PythonDecoratedOperator): log_sql_query>, print_the_context already registered for DAG: example_python_operator
[2024-08-29T19:50:33.442+0000] {logging_mixin.py:149} INFO - [2024-08-29T19:50:33.442+0000] {taskmixin.py:211} WARNING - Dependency <Task(_PythonDecoratedOperator): print_the_context>, log_sql_query already registered for DAG: example_python_operator
[2024-08-29T19:50:33.443+0000] {logging_mixin.py:149} INFO - [2024-08-29T19:50:33.443+0000] {taskmixin.py:211} WARNING - Dependency <Task(_PythonDecoratedOperator): log_sql_query>, print_the_context already registered for DAG: example_python_operator
[2024-08-29T19:50:33.443+0000] {logging_mixin.py:149} INFO - [2024-08-29T19:50:33.443+0000] {example_python_operator.py:90} WARNING - The virtalenv_python example task requires virtualenv, please install it.
[2024-08-29T19:50:33.443+0000] {processor.py:836} INFO - DAG(s) dict_keys(['example_python_operator']) retrieved from /home/airflow-vm/data-engineer-batch-processing-financial-services/.venv/lib/python3.10/site-packages/airflow/example_dags/example_python_operator.py
[2024-08-29T19:50:33.462+0000] {logging_mixin.py:149} INFO - [2024-08-29T19:50:33.462+0000] {dag.py:2726} INFO - Sync 1 DAGs
[2024-08-29T19:50:33.482+0000] {logging_mixin.py:149} INFO - [2024-08-29T19:50:33.481+0000] {dag.py:3486} INFO - Setting next_dagrun for example_python_operator to None, run_after=None
[2024-08-29T19:50:33.515+0000] {processor.py:179} INFO - Processing /home/airflow-vm/data-engineer-batch-processing-financial-services/.venv/lib/python3.10/site-packages/airflow/example_dags/example_python_operator.py took 0.085 seconds
[2024-08-29T19:51:17.255+0000] {processor.py:157} INFO - Started process (PID=50626) to work on /home/airflow-vm/data-engineer-batch-processing-financial-services/.venv/lib/python3.10/site-packages/airflow/example_dags/example_python_operator.py
[2024-08-29T19:51:17.256+0000] {processor.py:826} INFO - Processing file /home/airflow-vm/data-engineer-batch-processing-financial-services/.venv/lib/python3.10/site-packages/airflow/example_dags/example_python_operator.py for tasks to queue
[2024-08-29T19:51:17.256+0000] {logging_mixin.py:149} INFO - [2024-08-29T19:51:17.256+0000] {dagbag.py:541} INFO - Filling up the DagBag from /home/airflow-vm/data-engineer-batch-processing-financial-services/.venv/lib/python3.10/site-packages/airflow/example_dags/example_python_operator.py
[2024-08-29T19:51:17.262+0000] {logging_mixin.py:149} INFO - [2024-08-29T19:51:17.262+0000] {taskmixin.py:211} WARNING - Dependency <Task(_PythonDecoratedOperator): print_the_context>, log_sql_query already registered for DAG: example_python_operator
[2024-08-29T19:51:17.263+0000] {logging_mixin.py:149} INFO - [2024-08-29T19:51:17.263+0000] {taskmixin.py:211} WARNING - Dependency <Task(_PythonDecoratedOperator): log_sql_query>, print_the_context already registered for DAG: example_python_operator
[2024-08-29T19:51:17.263+0000] {logging_mixin.py:149} INFO - [2024-08-29T19:51:17.263+0000] {taskmixin.py:211} WARNING - Dependency <Task(_PythonDecoratedOperator): print_the_context>, log_sql_query already registered for DAG: example_python_operator
[2024-08-29T19:51:17.264+0000] {logging_mixin.py:149} INFO - [2024-08-29T19:51:17.264+0000] {taskmixin.py:211} WARNING - Dependency <Task(_PythonDecoratedOperator): log_sql_query>, print_the_context already registered for DAG: example_python_operator
[2024-08-29T19:51:17.264+0000] {logging_mixin.py:149} INFO - [2024-08-29T19:51:17.264+0000] {taskmixin.py:211} WARNING - Dependency <Task(_PythonDecoratedOperator): print_the_context>, log_sql_query already registered for DAG: example_python_operator
[2024-08-29T19:51:17.264+0000] {logging_mixin.py:149} INFO - [2024-08-29T19:51:17.264+0000] {taskmixin.py:211} WARNING - Dependency <Task(_PythonDecoratedOperator): log_sql_query>, print_the_context already registered for DAG: example_python_operator
[2024-08-29T19:51:17.265+0000] {logging_mixin.py:149} INFO - [2024-08-29T19:51:17.265+0000] {taskmixin.py:211} WARNING - Dependency <Task(_PythonDecoratedOperator): print_the_context>, log_sql_query already registered for DAG: example_python_operator
[2024-08-29T19:51:17.265+0000] {logging_mixin.py:149} INFO - [2024-08-29T19:51:17.265+0000] {taskmixin.py:211} WARNING - Dependency <Task(_PythonDecoratedOperator): log_sql_query>, print_the_context already registered for DAG: example_python_operator
[2024-08-29T19:51:17.266+0000] {logging_mixin.py:149} INFO - [2024-08-29T19:51:17.266+0000] {example_python_operator.py:90} WARNING - The virtalenv_python example task requires virtualenv, please install it.
[2024-08-29T19:51:17.266+0000] {processor.py:836} INFO - DAG(s) dict_keys(['example_python_operator']) retrieved from /home/airflow-vm/data-engineer-batch-processing-financial-services/.venv/lib/python3.10/site-packages/airflow/example_dags/example_python_operator.py
[2024-08-29T19:51:17.286+0000] {logging_mixin.py:149} INFO - [2024-08-29T19:51:17.286+0000] {dag.py:2726} INFO - Sync 1 DAGs
[2024-08-29T19:51:17.311+0000] {logging_mixin.py:149} INFO - [2024-08-29T19:51:17.310+0000] {dag.py:3486} INFO - Setting next_dagrun for example_python_operator to None, run_after=None
[2024-08-29T19:51:17.348+0000] {processor.py:179} INFO - Processing /home/airflow-vm/data-engineer-batch-processing-financial-services/.venv/lib/python3.10/site-packages/airflow/example_dags/example_python_operator.py took 0.095 seconds
[2024-08-29T19:52:06.257+0000] {processor.py:157} INFO - Started process (PID=50894) to work on /home/airflow-vm/data-engineer-batch-processing-financial-services/.venv/lib/python3.10/site-packages/airflow/example_dags/example_python_operator.py
[2024-08-29T19:52:06.258+0000] {processor.py:826} INFO - Processing file /home/airflow-vm/data-engineer-batch-processing-financial-services/.venv/lib/python3.10/site-packages/airflow/example_dags/example_python_operator.py for tasks to queue
[2024-08-29T19:52:06.258+0000] {logging_mixin.py:149} INFO - [2024-08-29T19:52:06.258+0000] {dagbag.py:541} INFO - Filling up the DagBag from /home/airflow-vm/data-engineer-batch-processing-financial-services/.venv/lib/python3.10/site-packages/airflow/example_dags/example_python_operator.py
[2024-08-29T19:52:06.264+0000] {logging_mixin.py:149} INFO - [2024-08-29T19:52:06.264+0000] {taskmixin.py:211} WARNING - Dependency <Task(_PythonDecoratedOperator): print_the_context>, log_sql_query already registered for DAG: example_python_operator
[2024-08-29T19:52:06.265+0000] {logging_mixin.py:149} INFO - [2024-08-29T19:52:06.265+0000] {taskmixin.py:211} WARNING - Dependency <Task(_PythonDecoratedOperator): log_sql_query>, print_the_context already registered for DAG: example_python_operator
[2024-08-29T19:52:06.265+0000] {logging_mixin.py:149} INFO - [2024-08-29T19:52:06.265+0000] {taskmixin.py:211} WARNING - Dependency <Task(_PythonDecoratedOperator): print_the_context>, log_sql_query already registered for DAG: example_python_operator
[2024-08-29T19:52:06.266+0000] {logging_mixin.py:149} INFO - [2024-08-29T19:52:06.265+0000] {taskmixin.py:211} WARNING - Dependency <Task(_PythonDecoratedOperator): log_sql_query>, print_the_context already registered for DAG: example_python_operator
[2024-08-29T19:52:06.266+0000] {logging_mixin.py:149} INFO - [2024-08-29T19:52:06.266+0000] {taskmixin.py:211} WARNING - Dependency <Task(_PythonDecoratedOperator): print_the_context>, log_sql_query already registered for DAG: example_python_operator
[2024-08-29T19:52:06.266+0000] {logging_mixin.py:149} INFO - [2024-08-29T19:52:06.266+0000] {taskmixin.py:211} WARNING - Dependency <Task(_PythonDecoratedOperator): log_sql_query>, print_the_context already registered for DAG: example_python_operator
[2024-08-29T19:52:06.267+0000] {logging_mixin.py:149} INFO - [2024-08-29T19:52:06.267+0000] {taskmixin.py:211} WARNING - Dependency <Task(_PythonDecoratedOperator): print_the_context>, log_sql_query already registered for DAG: example_python_operator
[2024-08-29T19:52:06.267+0000] {logging_mixin.py:149} INFO - [2024-08-29T19:52:06.267+0000] {taskmixin.py:211} WARNING - Dependency <Task(_PythonDecoratedOperator): log_sql_query>, print_the_context already registered for DAG: example_python_operator
[2024-08-29T19:52:06.267+0000] {logging_mixin.py:149} INFO - [2024-08-29T19:52:06.267+0000] {example_python_operator.py:90} WARNING - The virtalenv_python example task requires virtualenv, please install it.
[2024-08-29T19:52:06.268+0000] {processor.py:836} INFO - DAG(s) dict_keys(['example_python_operator']) retrieved from /home/airflow-vm/data-engineer-batch-processing-financial-services/.venv/lib/python3.10/site-packages/airflow/example_dags/example_python_operator.py
[2024-08-29T19:52:06.287+0000] {logging_mixin.py:149} INFO - [2024-08-29T19:52:06.287+0000] {dag.py:2726} INFO - Sync 1 DAGs
[2024-08-29T19:52:06.306+0000] {logging_mixin.py:149} INFO - [2024-08-29T19:52:06.306+0000] {dag.py:3486} INFO - Setting next_dagrun for example_python_operator to None, run_after=None
[2024-08-29T19:52:06.336+0000] {processor.py:179} INFO - Processing /home/airflow-vm/data-engineer-batch-processing-financial-services/.venv/lib/python3.10/site-packages/airflow/example_dags/example_python_operator.py took 0.082 seconds
[2024-08-29T19:52:49.452+0000] {processor.py:157} INFO - Started process (PID=50974) to work on /home/airflow-vm/data-engineer-batch-processing-financial-services/.venv/lib/python3.10/site-packages/airflow/example_dags/example_python_operator.py
[2024-08-29T19:52:49.453+0000] {processor.py:826} INFO - Processing file /home/airflow-vm/data-engineer-batch-processing-financial-services/.venv/lib/python3.10/site-packages/airflow/example_dags/example_python_operator.py for tasks to queue
[2024-08-29T19:52:49.453+0000] {logging_mixin.py:149} INFO - [2024-08-29T19:52:49.453+0000] {dagbag.py:541} INFO - Filling up the DagBag from /home/airflow-vm/data-engineer-batch-processing-financial-services/.venv/lib/python3.10/site-packages/airflow/example_dags/example_python_operator.py
[2024-08-29T19:52:49.460+0000] {logging_mixin.py:149} INFO - [2024-08-29T19:52:49.459+0000] {taskmixin.py:211} WARNING - Dependency <Task(_PythonDecoratedOperator): print_the_context>, log_sql_query already registered for DAG: example_python_operator
[2024-08-29T19:52:49.460+0000] {logging_mixin.py:149} INFO - [2024-08-29T19:52:49.460+0000] {taskmixin.py:211} WARNING - Dependency <Task(_PythonDecoratedOperator): log_sql_query>, print_the_context already registered for DAG: example_python_operator
[2024-08-29T19:52:49.460+0000] {logging_mixin.py:149} INFO - [2024-08-29T19:52:49.460+0000] {taskmixin.py:211} WARNING - Dependency <Task(_PythonDecoratedOperator): print_the_context>, log_sql_query already registered for DAG: example_python_operator
[2024-08-29T19:52:49.461+0000] {logging_mixin.py:149} INFO - [2024-08-29T19:52:49.460+0000] {taskmixin.py:211} WARNING - Dependency <Task(_PythonDecoratedOperator): log_sql_query>, print_the_context already registered for DAG: example_python_operator
[2024-08-29T19:52:49.461+0000] {logging_mixin.py:149} INFO - [2024-08-29T19:52:49.461+0000] {taskmixin.py:211} WARNING - Dependency <Task(_PythonDecoratedOperator): print_the_context>, log_sql_query already registered for DAG: example_python_operator
[2024-08-29T19:52:49.461+0000] {logging_mixin.py:149} INFO - [2024-08-29T19:52:49.461+0000] {taskmixin.py:211} WARNING - Dependency <Task(_PythonDecoratedOperator): log_sql_query>, print_the_context already registered for DAG: example_python_operator
[2024-08-29T19:52:49.462+0000] {logging_mixin.py:149} INFO - [2024-08-29T19:52:49.462+0000] {taskmixin.py:211} WARNING - Dependency <Task(_PythonDecoratedOperator): print_the_context>, log_sql_query already registered for DAG: example_python_operator
[2024-08-29T19:52:49.462+0000] {logging_mixin.py:149} INFO - [2024-08-29T19:52:49.462+0000] {taskmixin.py:211} WARNING - Dependency <Task(_PythonDecoratedOperator): log_sql_query>, print_the_context already registered for DAG: example_python_operator
[2024-08-29T19:52:49.462+0000] {logging_mixin.py:149} INFO - [2024-08-29T19:52:49.462+0000] {example_python_operator.py:90} WARNING - The virtalenv_python example task requires virtualenv, please install it.
[2024-08-29T19:52:49.463+0000] {processor.py:836} INFO - DAG(s) dict_keys(['example_python_operator']) retrieved from /home/airflow-vm/data-engineer-batch-processing-financial-services/.venv/lib/python3.10/site-packages/airflow/example_dags/example_python_operator.py
[2024-08-29T19:52:49.482+0000] {logging_mixin.py:149} INFO - [2024-08-29T19:52:49.482+0000] {dag.py:2726} INFO - Sync 1 DAGs
[2024-08-29T19:52:49.500+0000] {logging_mixin.py:149} INFO - [2024-08-29T19:52:49.500+0000] {dag.py:3486} INFO - Setting next_dagrun for example_python_operator to None, run_after=None
[2024-08-29T19:52:49.528+0000] {processor.py:179} INFO - Processing /home/airflow-vm/data-engineer-batch-processing-financial-services/.venv/lib/python3.10/site-packages/airflow/example_dags/example_python_operator.py took 0.079 seconds
[2024-08-29T19:53:35.366+0000] {processor.py:157} INFO - Started process (PID=51089) to work on /home/airflow-vm/data-engineer-batch-processing-financial-services/.venv/lib/python3.10/site-packages/airflow/example_dags/example_python_operator.py
[2024-08-29T19:53:35.366+0000] {processor.py:826} INFO - Processing file /home/airflow-vm/data-engineer-batch-processing-financial-services/.venv/lib/python3.10/site-packages/airflow/example_dags/example_python_operator.py for tasks to queue
[2024-08-29T19:53:35.367+0000] {logging_mixin.py:149} INFO - [2024-08-29T19:53:35.367+0000] {dagbag.py:541} INFO - Filling up the DagBag from /home/airflow-vm/data-engineer-batch-processing-financial-services/.venv/lib/python3.10/site-packages/airflow/example_dags/example_python_operator.py
[2024-08-29T19:53:35.373+0000] {logging_mixin.py:149} INFO - [2024-08-29T19:53:35.373+0000] {taskmixin.py:211} WARNING - Dependency <Task(_PythonDecoratedOperator): print_the_context>, log_sql_query already registered for DAG: example_python_operator
[2024-08-29T19:53:35.373+0000] {logging_mixin.py:149} INFO - [2024-08-29T19:53:35.373+0000] {taskmixin.py:211} WARNING - Dependency <Task(_PythonDecoratedOperator): log_sql_query>, print_the_context already registered for DAG: example_python_operator
[2024-08-29T19:53:35.374+0000] {logging_mixin.py:149} INFO - [2024-08-29T19:53:35.374+0000] {taskmixin.py:211} WARNING - Dependency <Task(_PythonDecoratedOperator): print_the_context>, log_sql_query already registered for DAG: example_python_operator
[2024-08-29T19:53:35.374+0000] {logging_mixin.py:149} INFO - [2024-08-29T19:53:35.374+0000] {taskmixin.py:211} WARNING - Dependency <Task(_PythonDecoratedOperator): log_sql_query>, print_the_context already registered for DAG: example_python_operator
[2024-08-29T19:53:35.375+0000] {logging_mixin.py:149} INFO - [2024-08-29T19:53:35.375+0000] {taskmixin.py:211} WARNING - Dependency <Task(_PythonDecoratedOperator): print_the_context>, log_sql_query already registered for DAG: example_python_operator
[2024-08-29T19:53:35.375+0000] {logging_mixin.py:149} INFO - [2024-08-29T19:53:35.375+0000] {taskmixin.py:211} WARNING - Dependency <Task(_PythonDecoratedOperator): log_sql_query>, print_the_context already registered for DAG: example_python_operator
[2024-08-29T19:53:35.376+0000] {logging_mixin.py:149} INFO - [2024-08-29T19:53:35.375+0000] {taskmixin.py:211} WARNING - Dependency <Task(_PythonDecoratedOperator): print_the_context>, log_sql_query already registered for DAG: example_python_operator
[2024-08-29T19:53:35.376+0000] {logging_mixin.py:149} INFO - [2024-08-29T19:53:35.376+0000] {taskmixin.py:211} WARNING - Dependency <Task(_PythonDecoratedOperator): log_sql_query>, print_the_context already registered for DAG: example_python_operator
[2024-08-29T19:53:35.376+0000] {logging_mixin.py:149} INFO - [2024-08-29T19:53:35.376+0000] {example_python_operator.py:90} WARNING - The virtalenv_python example task requires virtualenv, please install it.
[2024-08-29T19:53:35.377+0000] {processor.py:836} INFO - DAG(s) dict_keys(['example_python_operator']) retrieved from /home/airflow-vm/data-engineer-batch-processing-financial-services/.venv/lib/python3.10/site-packages/airflow/example_dags/example_python_operator.py
[2024-08-29T19:53:35.395+0000] {logging_mixin.py:149} INFO - [2024-08-29T19:53:35.395+0000] {dag.py:2726} INFO - Sync 1 DAGs
[2024-08-29T19:53:35.414+0000] {logging_mixin.py:149} INFO - [2024-08-29T19:53:35.413+0000] {dag.py:3486} INFO - Setting next_dagrun for example_python_operator to None, run_after=None
[2024-08-29T19:53:35.448+0000] {processor.py:179} INFO - Processing /home/airflow-vm/data-engineer-batch-processing-financial-services/.venv/lib/python3.10/site-packages/airflow/example_dags/example_python_operator.py took 0.084 seconds
[2024-08-29T19:54:22.463+0000] {processor.py:157} INFO - Started process (PID=51249) to work on /home/airflow-vm/data-engineer-batch-processing-financial-services/.venv/lib/python3.10/site-packages/airflow/example_dags/example_python_operator.py
[2024-08-29T19:54:22.464+0000] {processor.py:826} INFO - Processing file /home/airflow-vm/data-engineer-batch-processing-financial-services/.venv/lib/python3.10/site-packages/airflow/example_dags/example_python_operator.py for tasks to queue
[2024-08-29T19:54:22.464+0000] {logging_mixin.py:149} INFO - [2024-08-29T19:54:22.464+0000] {dagbag.py:541} INFO - Filling up the DagBag from /home/airflow-vm/data-engineer-batch-processing-financial-services/.venv/lib/python3.10/site-packages/airflow/example_dags/example_python_operator.py
[2024-08-29T19:54:22.470+0000] {logging_mixin.py:149} INFO - [2024-08-29T19:54:22.470+0000] {taskmixin.py:211} WARNING - Dependency <Task(_PythonDecoratedOperator): print_the_context>, log_sql_query already registered for DAG: example_python_operator
[2024-08-29T19:54:22.470+0000] {logging_mixin.py:149} INFO - [2024-08-29T19:54:22.470+0000] {taskmixin.py:211} WARNING - Dependency <Task(_PythonDecoratedOperator): log_sql_query>, print_the_context already registered for DAG: example_python_operator
[2024-08-29T19:54:22.471+0000] {logging_mixin.py:149} INFO - [2024-08-29T19:54:22.471+0000] {taskmixin.py:211} WARNING - Dependency <Task(_PythonDecoratedOperator): print_the_context>, log_sql_query already registered for DAG: example_python_operator
[2024-08-29T19:54:22.471+0000] {logging_mixin.py:149} INFO - [2024-08-29T19:54:22.471+0000] {taskmixin.py:211} WARNING - Dependency <Task(_PythonDecoratedOperator): log_sql_query>, print_the_context already registered for DAG: example_python_operator
[2024-08-29T19:54:22.472+0000] {logging_mixin.py:149} INFO - [2024-08-29T19:54:22.472+0000] {taskmixin.py:211} WARNING - Dependency <Task(_PythonDecoratedOperator): print_the_context>, log_sql_query already registered for DAG: example_python_operator
[2024-08-29T19:54:22.472+0000] {logging_mixin.py:149} INFO - [2024-08-29T19:54:22.472+0000] {taskmixin.py:211} WARNING - Dependency <Task(_PythonDecoratedOperator): log_sql_query>, print_the_context already registered for DAG: example_python_operator
[2024-08-29T19:54:22.473+0000] {logging_mixin.py:149} INFO - [2024-08-29T19:54:22.472+0000] {taskmixin.py:211} WARNING - Dependency <Task(_PythonDecoratedOperator): print_the_context>, log_sql_query already registered for DAG: example_python_operator
[2024-08-29T19:54:22.473+0000] {logging_mixin.py:149} INFO - [2024-08-29T19:54:22.473+0000] {taskmixin.py:211} WARNING - Dependency <Task(_PythonDecoratedOperator): log_sql_query>, print_the_context already registered for DAG: example_python_operator
[2024-08-29T19:54:22.473+0000] {logging_mixin.py:149} INFO - [2024-08-29T19:54:22.473+0000] {example_python_operator.py:90} WARNING - The virtalenv_python example task requires virtualenv, please install it.
[2024-08-29T19:54:22.473+0000] {processor.py:836} INFO - DAG(s) dict_keys(['example_python_operator']) retrieved from /home/airflow-vm/data-engineer-batch-processing-financial-services/.venv/lib/python3.10/site-packages/airflow/example_dags/example_python_operator.py
[2024-08-29T19:54:22.492+0000] {logging_mixin.py:149} INFO - [2024-08-29T19:54:22.492+0000] {dag.py:2726} INFO - Sync 1 DAGs
[2024-08-29T19:54:22.510+0000] {logging_mixin.py:149} INFO - [2024-08-29T19:54:22.510+0000] {dag.py:3486} INFO - Setting next_dagrun for example_python_operator to None, run_after=None
[2024-08-29T19:54:22.540+0000] {processor.py:179} INFO - Processing /home/airflow-vm/data-engineer-batch-processing-financial-services/.venv/lib/python3.10/site-packages/airflow/example_dags/example_python_operator.py took 0.080 seconds
[2024-08-29T19:55:10.085+0000] {processor.py:157} INFO - Started process (PID=51559) to work on /home/airflow-vm/data-engineer-batch-processing-financial-services/.venv/lib/python3.10/site-packages/airflow/example_dags/example_python_operator.py
[2024-08-29T19:55:10.085+0000] {processor.py:826} INFO - Processing file /home/airflow-vm/data-engineer-batch-processing-financial-services/.venv/lib/python3.10/site-packages/airflow/example_dags/example_python_operator.py for tasks to queue
[2024-08-29T19:55:10.086+0000] {logging_mixin.py:149} INFO - [2024-08-29T19:55:10.086+0000] {dagbag.py:541} INFO - Filling up the DagBag from /home/airflow-vm/data-engineer-batch-processing-financial-services/.venv/lib/python3.10/site-packages/airflow/example_dags/example_python_operator.py
[2024-08-29T19:55:10.092+0000] {logging_mixin.py:149} INFO - [2024-08-29T19:55:10.092+0000] {taskmixin.py:211} WARNING - Dependency <Task(_PythonDecoratedOperator): print_the_context>, log_sql_query already registered for DAG: example_python_operator
[2024-08-29T19:55:10.092+0000] {logging_mixin.py:149} INFO - [2024-08-29T19:55:10.092+0000] {taskmixin.py:211} WARNING - Dependency <Task(_PythonDecoratedOperator): log_sql_query>, print_the_context already registered for DAG: example_python_operator
[2024-08-29T19:55:10.093+0000] {logging_mixin.py:149} INFO - [2024-08-29T19:55:10.093+0000] {taskmixin.py:211} WARNING - Dependency <Task(_PythonDecoratedOperator): print_the_context>, log_sql_query already registered for DAG: example_python_operator
[2024-08-29T19:55:10.094+0000] {logging_mixin.py:149} INFO - [2024-08-29T19:55:10.094+0000] {taskmixin.py:211} WARNING - Dependency <Task(_PythonDecoratedOperator): log_sql_query>, print_the_context already registered for DAG: example_python_operator
[2024-08-29T19:55:10.095+0000] {logging_mixin.py:149} INFO - [2024-08-29T19:55:10.095+0000] {taskmixin.py:211} WARNING - Dependency <Task(_PythonDecoratedOperator): print_the_context>, log_sql_query already registered for DAG: example_python_operator
[2024-08-29T19:55:10.095+0000] {logging_mixin.py:149} INFO - [2024-08-29T19:55:10.095+0000] {taskmixin.py:211} WARNING - Dependency <Task(_PythonDecoratedOperator): log_sql_query>, print_the_context already registered for DAG: example_python_operator
[2024-08-29T19:55:10.096+0000] {logging_mixin.py:149} INFO - [2024-08-29T19:55:10.096+0000] {taskmixin.py:211} WARNING - Dependency <Task(_PythonDecoratedOperator): print_the_context>, log_sql_query already registered for DAG: example_python_operator
[2024-08-29T19:55:10.096+0000] {logging_mixin.py:149} INFO - [2024-08-29T19:55:10.096+0000] {taskmixin.py:211} WARNING - Dependency <Task(_PythonDecoratedOperator): log_sql_query>, print_the_context already registered for DAG: example_python_operator
[2024-08-29T19:55:10.096+0000] {logging_mixin.py:149} INFO - [2024-08-29T19:55:10.096+0000] {example_python_operator.py:90} WARNING - The virtalenv_python example task requires virtualenv, please install it.
[2024-08-29T19:55:10.097+0000] {processor.py:836} INFO - DAG(s) dict_keys(['example_python_operator']) retrieved from /home/airflow-vm/data-engineer-batch-processing-financial-services/.venv/lib/python3.10/site-packages/airflow/example_dags/example_python_operator.py
[2024-08-29T19:55:10.117+0000] {logging_mixin.py:149} INFO - [2024-08-29T19:55:10.117+0000] {dag.py:2726} INFO - Sync 1 DAGs
[2024-08-29T19:55:10.137+0000] {logging_mixin.py:149} INFO - [2024-08-29T19:55:10.136+0000] {dag.py:3486} INFO - Setting next_dagrun for example_python_operator to None, run_after=None
[2024-08-29T19:55:10.165+0000] {processor.py:179} INFO - Processing /home/airflow-vm/data-engineer-batch-processing-financial-services/.venv/lib/python3.10/site-packages/airflow/example_dags/example_python_operator.py took 0.084 seconds
[2024-08-29T19:55:55.455+0000] {processor.py:157} INFO - Started process (PID=51888) to work on /home/airflow-vm/data-engineer-batch-processing-financial-services/.venv/lib/python3.10/site-packages/airflow/example_dags/example_python_operator.py
[2024-08-29T19:55:55.456+0000] {processor.py:826} INFO - Processing file /home/airflow-vm/data-engineer-batch-processing-financial-services/.venv/lib/python3.10/site-packages/airflow/example_dags/example_python_operator.py for tasks to queue
[2024-08-29T19:55:55.457+0000] {logging_mixin.py:149} INFO - [2024-08-29T19:55:55.457+0000] {dagbag.py:541} INFO - Filling up the DagBag from /home/airflow-vm/data-engineer-batch-processing-financial-services/.venv/lib/python3.10/site-packages/airflow/example_dags/example_python_operator.py
[2024-08-29T19:55:55.462+0000] {logging_mixin.py:149} INFO - [2024-08-29T19:55:55.462+0000] {taskmixin.py:211} WARNING - Dependency <Task(_PythonDecoratedOperator): print_the_context>, log_sql_query already registered for DAG: example_python_operator
[2024-08-29T19:55:55.463+0000] {logging_mixin.py:149} INFO - [2024-08-29T19:55:55.463+0000] {taskmixin.py:211} WARNING - Dependency <Task(_PythonDecoratedOperator): log_sql_query>, print_the_context already registered for DAG: example_python_operator
[2024-08-29T19:55:55.463+0000] {logging_mixin.py:149} INFO - [2024-08-29T19:55:55.463+0000] {taskmixin.py:211} WARNING - Dependency <Task(_PythonDecoratedOperator): print_the_context>, log_sql_query already registered for DAG: example_python_operator
[2024-08-29T19:55:55.464+0000] {logging_mixin.py:149} INFO - [2024-08-29T19:55:55.463+0000] {taskmixin.py:211} WARNING - Dependency <Task(_PythonDecoratedOperator): log_sql_query>, print_the_context already registered for DAG: example_python_operator
[2024-08-29T19:55:55.464+0000] {logging_mixin.py:149} INFO - [2024-08-29T19:55:55.464+0000] {taskmixin.py:211} WARNING - Dependency <Task(_PythonDecoratedOperator): print_the_context>, log_sql_query already registered for DAG: example_python_operator
[2024-08-29T19:55:55.464+0000] {logging_mixin.py:149} INFO - [2024-08-29T19:55:55.464+0000] {taskmixin.py:211} WARNING - Dependency <Task(_PythonDecoratedOperator): log_sql_query>, print_the_context already registered for DAG: example_python_operator
[2024-08-29T19:55:55.465+0000] {logging_mixin.py:149} INFO - [2024-08-29T19:55:55.465+0000] {taskmixin.py:211} WARNING - Dependency <Task(_PythonDecoratedOperator): print_the_context>, log_sql_query already registered for DAG: example_python_operator
[2024-08-29T19:55:55.465+0000] {logging_mixin.py:149} INFO - [2024-08-29T19:55:55.465+0000] {taskmixin.py:211} WARNING - Dependency <Task(_PythonDecoratedOperator): log_sql_query>, print_the_context already registered for DAG: example_python_operator
[2024-08-29T19:55:55.465+0000] {logging_mixin.py:149} INFO - [2024-08-29T19:55:55.465+0000] {example_python_operator.py:90} WARNING - The virtalenv_python example task requires virtualenv, please install it.
[2024-08-29T19:55:55.466+0000] {processor.py:836} INFO - DAG(s) dict_keys(['example_python_operator']) retrieved from /home/airflow-vm/data-engineer-batch-processing-financial-services/.venv/lib/python3.10/site-packages/airflow/example_dags/example_python_operator.py
[2024-08-29T19:55:55.485+0000] {logging_mixin.py:149} INFO - [2024-08-29T19:55:55.485+0000] {dag.py:2726} INFO - Sync 1 DAGs
[2024-08-29T19:55:55.504+0000] {logging_mixin.py:149} INFO - [2024-08-29T19:55:55.504+0000] {dag.py:3486} INFO - Setting next_dagrun for example_python_operator to None, run_after=None
[2024-08-29T19:55:55.534+0000] {processor.py:179} INFO - Processing /home/airflow-vm/data-engineer-batch-processing-financial-services/.venv/lib/python3.10/site-packages/airflow/example_dags/example_python_operator.py took 0.082 seconds
[2024-08-29T20:11:55.125+0000] {processor.py:157} INFO - Started process (PID=56430) to work on /home/airflow-vm/data-engineer-batch-processing-financial-services/.venv/lib/python3.10/site-packages/airflow/example_dags/example_python_operator.py
[2024-08-29T20:11:55.126+0000] {processor.py:826} INFO - Processing file /home/airflow-vm/data-engineer-batch-processing-financial-services/.venv/lib/python3.10/site-packages/airflow/example_dags/example_python_operator.py for tasks to queue
[2024-08-29T20:11:55.126+0000] {logging_mixin.py:149} INFO - [2024-08-29T20:11:55.126+0000] {dagbag.py:541} INFO - Filling up the DagBag from /home/airflow-vm/data-engineer-batch-processing-financial-services/.venv/lib/python3.10/site-packages/airflow/example_dags/example_python_operator.py
[2024-08-29T20:11:55.132+0000] {logging_mixin.py:149} INFO - [2024-08-29T20:11:55.132+0000] {taskmixin.py:211} WARNING - Dependency <Task(_PythonDecoratedOperator): print_the_context>, log_sql_query already registered for DAG: example_python_operator
[2024-08-29T20:11:55.132+0000] {logging_mixin.py:149} INFO - [2024-08-29T20:11:55.132+0000] {taskmixin.py:211} WARNING - Dependency <Task(_PythonDecoratedOperator): log_sql_query>, print_the_context already registered for DAG: example_python_operator
[2024-08-29T20:11:55.133+0000] {logging_mixin.py:149} INFO - [2024-08-29T20:11:55.133+0000] {taskmixin.py:211} WARNING - Dependency <Task(_PythonDecoratedOperator): print_the_context>, log_sql_query already registered for DAG: example_python_operator
[2024-08-29T20:11:55.133+0000] {logging_mixin.py:149} INFO - [2024-08-29T20:11:55.133+0000] {taskmixin.py:211} WARNING - Dependency <Task(_PythonDecoratedOperator): log_sql_query>, print_the_context already registered for DAG: example_python_operator
[2024-08-29T20:11:55.133+0000] {logging_mixin.py:149} INFO - [2024-08-29T20:11:55.133+0000] {taskmixin.py:211} WARNING - Dependency <Task(_PythonDecoratedOperator): print_the_context>, log_sql_query already registered for DAG: example_python_operator
[2024-08-29T20:11:55.134+0000] {logging_mixin.py:149} INFO - [2024-08-29T20:11:55.134+0000] {taskmixin.py:211} WARNING - Dependency <Task(_PythonDecoratedOperator): log_sql_query>, print_the_context already registered for DAG: example_python_operator
[2024-08-29T20:11:55.134+0000] {logging_mixin.py:149} INFO - [2024-08-29T20:11:55.134+0000] {taskmixin.py:211} WARNING - Dependency <Task(_PythonDecoratedOperator): print_the_context>, log_sql_query already registered for DAG: example_python_operator
[2024-08-29T20:11:55.134+0000] {logging_mixin.py:149} INFO - [2024-08-29T20:11:55.134+0000] {taskmixin.py:211} WARNING - Dependency <Task(_PythonDecoratedOperator): log_sql_query>, print_the_context already registered for DAG: example_python_operator
[2024-08-29T20:11:55.135+0000] {logging_mixin.py:149} INFO - [2024-08-29T20:11:55.135+0000] {example_python_operator.py:90} WARNING - The virtalenv_python example task requires virtualenv, please install it.
[2024-08-29T20:11:55.137+0000] {processor.py:836} INFO - DAG(s) dict_keys(['example_python_operator']) retrieved from /home/airflow-vm/data-engineer-batch-processing-financial-services/.venv/lib/python3.10/site-packages/airflow/example_dags/example_python_operator.py
[2024-08-29T20:11:55.155+0000] {logging_mixin.py:149} INFO - [2024-08-29T20:11:55.155+0000] {dag.py:2726} INFO - Sync 1 DAGs
[2024-08-29T20:11:55.173+0000] {logging_mixin.py:149} INFO - [2024-08-29T20:11:55.173+0000] {dag.py:3486} INFO - Setting next_dagrun for example_python_operator to None, run_after=None
[2024-08-29T20:11:55.200+0000] {processor.py:179} INFO - Processing /home/airflow-vm/data-engineer-batch-processing-financial-services/.venv/lib/python3.10/site-packages/airflow/example_dags/example_python_operator.py took 0.078 seconds
[2024-08-29T20:12:41.504+0000] {processor.py:157} INFO - Started process (PID=56751) to work on /home/airflow-vm/data-engineer-batch-processing-financial-services/.venv/lib/python3.10/site-packages/airflow/example_dags/example_python_operator.py
[2024-08-29T20:12:41.504+0000] {processor.py:826} INFO - Processing file /home/airflow-vm/data-engineer-batch-processing-financial-services/.venv/lib/python3.10/site-packages/airflow/example_dags/example_python_operator.py for tasks to queue
[2024-08-29T20:12:41.505+0000] {logging_mixin.py:149} INFO - [2024-08-29T20:12:41.505+0000] {dagbag.py:541} INFO - Filling up the DagBag from /home/airflow-vm/data-engineer-batch-processing-financial-services/.venv/lib/python3.10/site-packages/airflow/example_dags/example_python_operator.py
[2024-08-29T20:12:41.511+0000] {logging_mixin.py:149} INFO - [2024-08-29T20:12:41.511+0000] {taskmixin.py:211} WARNING - Dependency <Task(_PythonDecoratedOperator): print_the_context>, log_sql_query already registered for DAG: example_python_operator
[2024-08-29T20:12:41.511+0000] {logging_mixin.py:149} INFO - [2024-08-29T20:12:41.511+0000] {taskmixin.py:211} WARNING - Dependency <Task(_PythonDecoratedOperator): log_sql_query>, print_the_context already registered for DAG: example_python_operator
[2024-08-29T20:12:41.512+0000] {logging_mixin.py:149} INFO - [2024-08-29T20:12:41.512+0000] {taskmixin.py:211} WARNING - Dependency <Task(_PythonDecoratedOperator): print_the_context>, log_sql_query already registered for DAG: example_python_operator
[2024-08-29T20:12:41.512+0000] {logging_mixin.py:149} INFO - [2024-08-29T20:12:41.512+0000] {taskmixin.py:211} WARNING - Dependency <Task(_PythonDecoratedOperator): log_sql_query>, print_the_context already registered for DAG: example_python_operator
[2024-08-29T20:12:41.513+0000] {logging_mixin.py:149} INFO - [2024-08-29T20:12:41.512+0000] {taskmixin.py:211} WARNING - Dependency <Task(_PythonDecoratedOperator): print_the_context>, log_sql_query already registered for DAG: example_python_operator
[2024-08-29T20:12:41.513+0000] {logging_mixin.py:149} INFO - [2024-08-29T20:12:41.513+0000] {taskmixin.py:211} WARNING - Dependency <Task(_PythonDecoratedOperator): log_sql_query>, print_the_context already registered for DAG: example_python_operator
[2024-08-29T20:12:41.513+0000] {logging_mixin.py:149} INFO - [2024-08-29T20:12:41.513+0000] {taskmixin.py:211} WARNING - Dependency <Task(_PythonDecoratedOperator): print_the_context>, log_sql_query already registered for DAG: example_python_operator
[2024-08-29T20:12:41.513+0000] {logging_mixin.py:149} INFO - [2024-08-29T20:12:41.513+0000] {taskmixin.py:211} WARNING - Dependency <Task(_PythonDecoratedOperator): log_sql_query>, print_the_context already registered for DAG: example_python_operator
[2024-08-29T20:12:41.514+0000] {logging_mixin.py:149} INFO - [2024-08-29T20:12:41.514+0000] {example_python_operator.py:90} WARNING - The virtalenv_python example task requires virtualenv, please install it.
[2024-08-29T20:12:41.514+0000] {processor.py:836} INFO - DAG(s) dict_keys(['example_python_operator']) retrieved from /home/airflow-vm/data-engineer-batch-processing-financial-services/.venv/lib/python3.10/site-packages/airflow/example_dags/example_python_operator.py
[2024-08-29T20:12:41.533+0000] {logging_mixin.py:149} INFO - [2024-08-29T20:12:41.533+0000] {dag.py:2726} INFO - Sync 1 DAGs
[2024-08-29T20:12:41.551+0000] {logging_mixin.py:149} INFO - [2024-08-29T20:12:41.551+0000] {dag.py:3486} INFO - Setting next_dagrun for example_python_operator to None, run_after=None
[2024-08-29T20:12:41.578+0000] {processor.py:179} INFO - Processing /home/airflow-vm/data-engineer-batch-processing-financial-services/.venv/lib/python3.10/site-packages/airflow/example_dags/example_python_operator.py took 0.076 seconds
[2024-08-29T20:13:26.277+0000] {processor.py:157} INFO - Started process (PID=56902) to work on /home/airflow-vm/data-engineer-batch-processing-financial-services/.venv/lib/python3.10/site-packages/airflow/example_dags/example_python_operator.py
[2024-08-29T20:13:26.291+0000] {processor.py:826} INFO - Processing file /home/airflow-vm/data-engineer-batch-processing-financial-services/.venv/lib/python3.10/site-packages/airflow/example_dags/example_python_operator.py for tasks to queue
[2024-08-29T20:13:26.292+0000] {logging_mixin.py:149} INFO - [2024-08-29T20:13:26.292+0000] {dagbag.py:541} INFO - Filling up the DagBag from /home/airflow-vm/data-engineer-batch-processing-financial-services/.venv/lib/python3.10/site-packages/airflow/example_dags/example_python_operator.py
[2024-08-29T20:13:26.307+0000] {logging_mixin.py:149} INFO - [2024-08-29T20:13:26.306+0000] {taskmixin.py:211} WARNING - Dependency <Task(_PythonDecoratedOperator): print_the_context>, log_sql_query already registered for DAG: example_python_operator
[2024-08-29T20:13:26.307+0000] {logging_mixin.py:149} INFO - [2024-08-29T20:13:26.307+0000] {taskmixin.py:211} WARNING - Dependency <Task(_PythonDecoratedOperator): log_sql_query>, print_the_context already registered for DAG: example_python_operator
[2024-08-29T20:13:26.308+0000] {logging_mixin.py:149} INFO - [2024-08-29T20:13:26.307+0000] {taskmixin.py:211} WARNING - Dependency <Task(_PythonDecoratedOperator): print_the_context>, log_sql_query already registered for DAG: example_python_operator
[2024-08-29T20:13:26.308+0000] {logging_mixin.py:149} INFO - [2024-08-29T20:13:26.308+0000] {taskmixin.py:211} WARNING - Dependency <Task(_PythonDecoratedOperator): log_sql_query>, print_the_context already registered for DAG: example_python_operator
[2024-08-29T20:13:26.308+0000] {logging_mixin.py:149} INFO - [2024-08-29T20:13:26.308+0000] {taskmixin.py:211} WARNING - Dependency <Task(_PythonDecoratedOperator): print_the_context>, log_sql_query already registered for DAG: example_python_operator
[2024-08-29T20:13:26.309+0000] {logging_mixin.py:149} INFO - [2024-08-29T20:13:26.309+0000] {taskmixin.py:211} WARNING - Dependency <Task(_PythonDecoratedOperator): log_sql_query>, print_the_context already registered for DAG: example_python_operator
[2024-08-29T20:13:26.309+0000] {logging_mixin.py:149} INFO - [2024-08-29T20:13:26.309+0000] {taskmixin.py:211} WARNING - Dependency <Task(_PythonDecoratedOperator): print_the_context>, log_sql_query already registered for DAG: example_python_operator
[2024-08-29T20:13:26.309+0000] {logging_mixin.py:149} INFO - [2024-08-29T20:13:26.309+0000] {taskmixin.py:211} WARNING - Dependency <Task(_PythonDecoratedOperator): log_sql_query>, print_the_context already registered for DAG: example_python_operator
[2024-08-29T20:13:26.310+0000] {logging_mixin.py:149} INFO - [2024-08-29T20:13:26.310+0000] {example_python_operator.py:90} WARNING - The virtalenv_python example task requires virtualenv, please install it.
[2024-08-29T20:13:26.310+0000] {processor.py:836} INFO - DAG(s) dict_keys(['example_python_operator']) retrieved from /home/airflow-vm/data-engineer-batch-processing-financial-services/.venv/lib/python3.10/site-packages/airflow/example_dags/example_python_operator.py
[2024-08-29T20:13:26.370+0000] {logging_mixin.py:149} INFO - [2024-08-29T20:13:26.370+0000] {dag.py:2726} INFO - Sync 1 DAGs
[2024-08-29T20:13:26.433+0000] {logging_mixin.py:149} INFO - [2024-08-29T20:13:26.433+0000] {dag.py:3486} INFO - Setting next_dagrun for example_python_operator to None, run_after=None
[2024-08-29T20:13:26.491+0000] {processor.py:179} INFO - Processing /home/airflow-vm/data-engineer-batch-processing-financial-services/.venv/lib/python3.10/site-packages/airflow/example_dags/example_python_operator.py took 0.217 seconds
[2024-08-29T20:15:22.155+0000] {processor.py:157} INFO - Started process (PID=57498) to work on /home/airflow-vm/data-engineer-batch-processing-financial-services/.venv/lib/python3.10/site-packages/airflow/example_dags/example_python_operator.py
[2024-08-29T20:15:22.156+0000] {processor.py:826} INFO - Processing file /home/airflow-vm/data-engineer-batch-processing-financial-services/.venv/lib/python3.10/site-packages/airflow/example_dags/example_python_operator.py for tasks to queue
[2024-08-29T20:15:22.156+0000] {logging_mixin.py:149} INFO - [2024-08-29T20:15:22.156+0000] {dagbag.py:541} INFO - Filling up the DagBag from /home/airflow-vm/data-engineer-batch-processing-financial-services/.venv/lib/python3.10/site-packages/airflow/example_dags/example_python_operator.py
[2024-08-29T20:15:22.162+0000] {logging_mixin.py:149} INFO - [2024-08-29T20:15:22.162+0000] {taskmixin.py:211} WARNING - Dependency <Task(_PythonDecoratedOperator): print_the_context>, log_sql_query already registered for DAG: example_python_operator
[2024-08-29T20:15:22.162+0000] {logging_mixin.py:149} INFO - [2024-08-29T20:15:22.162+0000] {taskmixin.py:211} WARNING - Dependency <Task(_PythonDecoratedOperator): log_sql_query>, print_the_context already registered for DAG: example_python_operator
[2024-08-29T20:15:22.163+0000] {logging_mixin.py:149} INFO - [2024-08-29T20:15:22.163+0000] {taskmixin.py:211} WARNING - Dependency <Task(_PythonDecoratedOperator): print_the_context>, log_sql_query already registered for DAG: example_python_operator
[2024-08-29T20:15:22.163+0000] {logging_mixin.py:149} INFO - [2024-08-29T20:15:22.163+0000] {taskmixin.py:211} WARNING - Dependency <Task(_PythonDecoratedOperator): log_sql_query>, print_the_context already registered for DAG: example_python_operator
[2024-08-29T20:15:22.164+0000] {logging_mixin.py:149} INFO - [2024-08-29T20:15:22.164+0000] {taskmixin.py:211} WARNING - Dependency <Task(_PythonDecoratedOperator): print_the_context>, log_sql_query already registered for DAG: example_python_operator
[2024-08-29T20:15:22.164+0000] {logging_mixin.py:149} INFO - [2024-08-29T20:15:22.164+0000] {taskmixin.py:211} WARNING - Dependency <Task(_PythonDecoratedOperator): log_sql_query>, print_the_context already registered for DAG: example_python_operator
[2024-08-29T20:15:22.165+0000] {logging_mixin.py:149} INFO - [2024-08-29T20:15:22.165+0000] {taskmixin.py:211} WARNING - Dependency <Task(_PythonDecoratedOperator): print_the_context>, log_sql_query already registered for DAG: example_python_operator
[2024-08-29T20:15:22.165+0000] {logging_mixin.py:149} INFO - [2024-08-29T20:15:22.165+0000] {taskmixin.py:211} WARNING - Dependency <Task(_PythonDecoratedOperator): log_sql_query>, print_the_context already registered for DAG: example_python_operator
[2024-08-29T20:15:22.165+0000] {logging_mixin.py:149} INFO - [2024-08-29T20:15:22.165+0000] {example_python_operator.py:90} WARNING - The virtalenv_python example task requires virtualenv, please install it.
[2024-08-29T20:15:22.167+0000] {processor.py:836} INFO - DAG(s) dict_keys(['example_python_operator']) retrieved from /home/airflow-vm/data-engineer-batch-processing-financial-services/.venv/lib/python3.10/site-packages/airflow/example_dags/example_python_operator.py
[2024-08-29T20:15:22.186+0000] {logging_mixin.py:149} INFO - [2024-08-29T20:15:22.186+0000] {dag.py:2726} INFO - Sync 1 DAGs
[2024-08-29T20:15:22.204+0000] {logging_mixin.py:149} INFO - [2024-08-29T20:15:22.204+0000] {dag.py:3486} INFO - Setting next_dagrun for example_python_operator to None, run_after=None
[2024-08-29T20:15:22.233+0000] {processor.py:179} INFO - Processing /home/airflow-vm/data-engineer-batch-processing-financial-services/.venv/lib/python3.10/site-packages/airflow/example_dags/example_python_operator.py took 0.081 seconds
[2024-08-29T20:16:08.666+0000] {processor.py:157} INFO - Started process (PID=58002) to work on /home/airflow-vm/data-engineer-batch-processing-financial-services/.venv/lib/python3.10/site-packages/airflow/example_dags/example_python_operator.py
[2024-08-29T20:16:08.667+0000] {processor.py:826} INFO - Processing file /home/airflow-vm/data-engineer-batch-processing-financial-services/.venv/lib/python3.10/site-packages/airflow/example_dags/example_python_operator.py for tasks to queue
[2024-08-29T20:16:08.667+0000] {logging_mixin.py:149} INFO - [2024-08-29T20:16:08.667+0000] {dagbag.py:541} INFO - Filling up the DagBag from /home/airflow-vm/data-engineer-batch-processing-financial-services/.venv/lib/python3.10/site-packages/airflow/example_dags/example_python_operator.py
[2024-08-29T20:16:08.673+0000] {logging_mixin.py:149} INFO - [2024-08-29T20:16:08.673+0000] {taskmixin.py:211} WARNING - Dependency <Task(_PythonDecoratedOperator): print_the_context>, log_sql_query already registered for DAG: example_python_operator
[2024-08-29T20:16:08.674+0000] {logging_mixin.py:149} INFO - [2024-08-29T20:16:08.673+0000] {taskmixin.py:211} WARNING - Dependency <Task(_PythonDecoratedOperator): log_sql_query>, print_the_context already registered for DAG: example_python_operator
[2024-08-29T20:16:08.674+0000] {logging_mixin.py:149} INFO - [2024-08-29T20:16:08.674+0000] {taskmixin.py:211} WARNING - Dependency <Task(_PythonDecoratedOperator): print_the_context>, log_sql_query already registered for DAG: example_python_operator
[2024-08-29T20:16:08.674+0000] {logging_mixin.py:149} INFO - [2024-08-29T20:16:08.674+0000] {taskmixin.py:211} WARNING - Dependency <Task(_PythonDecoratedOperator): log_sql_query>, print_the_context already registered for DAG: example_python_operator
[2024-08-29T20:16:08.675+0000] {logging_mixin.py:149} INFO - [2024-08-29T20:16:08.675+0000] {taskmixin.py:211} WARNING - Dependency <Task(_PythonDecoratedOperator): print_the_context>, log_sql_query already registered for DAG: example_python_operator
[2024-08-29T20:16:08.675+0000] {logging_mixin.py:149} INFO - [2024-08-29T20:16:08.675+0000] {taskmixin.py:211} WARNING - Dependency <Task(_PythonDecoratedOperator): log_sql_query>, print_the_context already registered for DAG: example_python_operator
[2024-08-29T20:16:08.676+0000] {logging_mixin.py:149} INFO - [2024-08-29T20:16:08.676+0000] {taskmixin.py:211} WARNING - Dependency <Task(_PythonDecoratedOperator): print_the_context>, log_sql_query already registered for DAG: example_python_operator
[2024-08-29T20:16:08.676+0000] {logging_mixin.py:149} INFO - [2024-08-29T20:16:08.676+0000] {taskmixin.py:211} WARNING - Dependency <Task(_PythonDecoratedOperator): log_sql_query>, print_the_context already registered for DAG: example_python_operator
[2024-08-29T20:16:08.676+0000] {logging_mixin.py:149} INFO - [2024-08-29T20:16:08.676+0000] {example_python_operator.py:90} WARNING - The virtalenv_python example task requires virtualenv, please install it.
[2024-08-29T20:16:08.677+0000] {processor.py:836} INFO - DAG(s) dict_keys(['example_python_operator']) retrieved from /home/airflow-vm/data-engineer-batch-processing-financial-services/.venv/lib/python3.10/site-packages/airflow/example_dags/example_python_operator.py
[2024-08-29T20:16:08.695+0000] {logging_mixin.py:149} INFO - [2024-08-29T20:16:08.695+0000] {dag.py:2726} INFO - Sync 1 DAGs
[2024-08-29T20:16:08.713+0000] {logging_mixin.py:149} INFO - [2024-08-29T20:16:08.713+0000] {dag.py:3486} INFO - Setting next_dagrun for example_python_operator to None, run_after=None
[2024-08-29T20:16:08.740+0000] {processor.py:179} INFO - Processing /home/airflow-vm/data-engineer-batch-processing-financial-services/.venv/lib/python3.10/site-packages/airflow/example_dags/example_python_operator.py took 0.077 seconds
[2024-08-29T20:24:30.865+0000] {processor.py:157} INFO - Started process (PID=61322) to work on /home/airflow-vm/data-engineer-batch-processing-financial-services/.venv/lib/python3.10/site-packages/airflow/example_dags/example_python_operator.py
[2024-08-29T20:24:30.865+0000] {processor.py:826} INFO - Processing file /home/airflow-vm/data-engineer-batch-processing-financial-services/.venv/lib/python3.10/site-packages/airflow/example_dags/example_python_operator.py for tasks to queue
[2024-08-29T20:24:30.866+0000] {logging_mixin.py:149} INFO - [2024-08-29T20:24:30.866+0000] {dagbag.py:541} INFO - Filling up the DagBag from /home/airflow-vm/data-engineer-batch-processing-financial-services/.venv/lib/python3.10/site-packages/airflow/example_dags/example_python_operator.py
[2024-08-29T20:24:30.872+0000] {logging_mixin.py:149} INFO - [2024-08-29T20:24:30.872+0000] {taskmixin.py:211} WARNING - Dependency <Task(_PythonDecoratedOperator): print_the_context>, log_sql_query already registered for DAG: example_python_operator
[2024-08-29T20:24:30.872+0000] {logging_mixin.py:149} INFO - [2024-08-29T20:24:30.872+0000] {taskmixin.py:211} WARNING - Dependency <Task(_PythonDecoratedOperator): log_sql_query>, print_the_context already registered for DAG: example_python_operator
[2024-08-29T20:24:30.872+0000] {logging_mixin.py:149} INFO - [2024-08-29T20:24:30.872+0000] {taskmixin.py:211} WARNING - Dependency <Task(_PythonDecoratedOperator): print_the_context>, log_sql_query already registered for DAG: example_python_operator
[2024-08-29T20:24:30.873+0000] {logging_mixin.py:149} INFO - [2024-08-29T20:24:30.873+0000] {taskmixin.py:211} WARNING - Dependency <Task(_PythonDecoratedOperator): log_sql_query>, print_the_context already registered for DAG: example_python_operator
[2024-08-29T20:24:30.873+0000] {logging_mixin.py:149} INFO - [2024-08-29T20:24:30.873+0000] {taskmixin.py:211} WARNING - Dependency <Task(_PythonDecoratedOperator): print_the_context>, log_sql_query already registered for DAG: example_python_operator
[2024-08-29T20:24:30.873+0000] {logging_mixin.py:149} INFO - [2024-08-29T20:24:30.873+0000] {taskmixin.py:211} WARNING - Dependency <Task(_PythonDecoratedOperator): log_sql_query>, print_the_context already registered for DAG: example_python_operator
[2024-08-29T20:24:30.874+0000] {logging_mixin.py:149} INFO - [2024-08-29T20:24:30.874+0000] {taskmixin.py:211} WARNING - Dependency <Task(_PythonDecoratedOperator): print_the_context>, log_sql_query already registered for DAG: example_python_operator
[2024-08-29T20:24:30.874+0000] {logging_mixin.py:149} INFO - [2024-08-29T20:24:30.874+0000] {taskmixin.py:211} WARNING - Dependency <Task(_PythonDecoratedOperator): log_sql_query>, print_the_context already registered for DAG: example_python_operator
[2024-08-29T20:24:30.875+0000] {logging_mixin.py:149} INFO - [2024-08-29T20:24:30.874+0000] {example_python_operator.py:90} WARNING - The virtalenv_python example task requires virtualenv, please install it.
[2024-08-29T20:24:30.877+0000] {processor.py:836} INFO - DAG(s) dict_keys(['example_python_operator']) retrieved from /home/airflow-vm/data-engineer-batch-processing-financial-services/.venv/lib/python3.10/site-packages/airflow/example_dags/example_python_operator.py
[2024-08-29T20:24:30.894+0000] {logging_mixin.py:149} INFO - [2024-08-29T20:24:30.894+0000] {dag.py:2726} INFO - Sync 1 DAGs
[2024-08-29T20:24:30.912+0000] {logging_mixin.py:149} INFO - [2024-08-29T20:24:30.912+0000] {dag.py:3486} INFO - Setting next_dagrun for example_python_operator to None, run_after=None
[2024-08-29T20:24:30.940+0000] {processor.py:179} INFO - Processing /home/airflow-vm/data-engineer-batch-processing-financial-services/.venv/lib/python3.10/site-packages/airflow/example_dags/example_python_operator.py took 0.078 seconds
[2024-08-29T20:26:24.644+0000] {processor.py:157} INFO - Started process (PID=62797) to work on /home/airflow-vm/data-engineer-batch-processing-financial-services/.venv/lib/python3.10/site-packages/airflow/example_dags/example_python_operator.py
[2024-08-29T20:26:24.645+0000] {processor.py:826} INFO - Processing file /home/airflow-vm/data-engineer-batch-processing-financial-services/.venv/lib/python3.10/site-packages/airflow/example_dags/example_python_operator.py for tasks to queue
[2024-08-29T20:26:24.645+0000] {logging_mixin.py:149} INFO - [2024-08-29T20:26:24.645+0000] {dagbag.py:541} INFO - Filling up the DagBag from /home/airflow-vm/data-engineer-batch-processing-financial-services/.venv/lib/python3.10/site-packages/airflow/example_dags/example_python_operator.py
[2024-08-29T20:26:24.651+0000] {logging_mixin.py:149} INFO - [2024-08-29T20:26:24.651+0000] {taskmixin.py:211} WARNING - Dependency <Task(_PythonDecoratedOperator): print_the_context>, log_sql_query already registered for DAG: example_python_operator
[2024-08-29T20:26:24.651+0000] {logging_mixin.py:149} INFO - [2024-08-29T20:26:24.651+0000] {taskmixin.py:211} WARNING - Dependency <Task(_PythonDecoratedOperator): log_sql_query>, print_the_context already registered for DAG: example_python_operator
[2024-08-29T20:26:24.652+0000] {logging_mixin.py:149} INFO - [2024-08-29T20:26:24.652+0000] {taskmixin.py:211} WARNING - Dependency <Task(_PythonDecoratedOperator): print_the_context>, log_sql_query already registered for DAG: example_python_operator
[2024-08-29T20:26:24.652+0000] {logging_mixin.py:149} INFO - [2024-08-29T20:26:24.652+0000] {taskmixin.py:211} WARNING - Dependency <Task(_PythonDecoratedOperator): log_sql_query>, print_the_context already registered for DAG: example_python_operator
[2024-08-29T20:26:24.653+0000] {logging_mixin.py:149} INFO - [2024-08-29T20:26:24.653+0000] {taskmixin.py:211} WARNING - Dependency <Task(_PythonDecoratedOperator): print_the_context>, log_sql_query already registered for DAG: example_python_operator
[2024-08-29T20:26:24.653+0000] {logging_mixin.py:149} INFO - [2024-08-29T20:26:24.653+0000] {taskmixin.py:211} WARNING - Dependency <Task(_PythonDecoratedOperator): log_sql_query>, print_the_context already registered for DAG: example_python_operator
[2024-08-29T20:26:24.653+0000] {logging_mixin.py:149} INFO - [2024-08-29T20:26:24.653+0000] {taskmixin.py:211} WARNING - Dependency <Task(_PythonDecoratedOperator): print_the_context>, log_sql_query already registered for DAG: example_python_operator
[2024-08-29T20:26:24.654+0000] {logging_mixin.py:149} INFO - [2024-08-29T20:26:24.654+0000] {taskmixin.py:211} WARNING - Dependency <Task(_PythonDecoratedOperator): log_sql_query>, print_the_context already registered for DAG: example_python_operator
[2024-08-29T20:26:24.654+0000] {logging_mixin.py:149} INFO - [2024-08-29T20:26:24.654+0000] {example_python_operator.py:90} WARNING - The virtalenv_python example task requires virtualenv, please install it.
[2024-08-29T20:26:24.655+0000] {processor.py:836} INFO - DAG(s) dict_keys(['example_python_operator']) retrieved from /home/airflow-vm/data-engineer-batch-processing-financial-services/.venv/lib/python3.10/site-packages/airflow/example_dags/example_python_operator.py
[2024-08-29T20:26:24.673+0000] {logging_mixin.py:149} INFO - [2024-08-29T20:26:24.673+0000] {dag.py:2726} INFO - Sync 1 DAGs
[2024-08-29T20:26:24.701+0000] {logging_mixin.py:149} INFO - [2024-08-29T20:26:24.700+0000] {dag.py:3486} INFO - Setting next_dagrun for example_python_operator to None, run_after=None
[2024-08-29T20:26:24.792+0000] {processor.py:179} INFO - Processing /home/airflow-vm/data-engineer-batch-processing-financial-services/.venv/lib/python3.10/site-packages/airflow/example_dags/example_python_operator.py took 0.151 seconds
[2024-08-29T20:27:16.707+0000] {processor.py:157} INFO - Started process (PID=63371) to work on /home/airflow-vm/data-engineer-batch-processing-financial-services/.venv/lib/python3.10/site-packages/airflow/example_dags/example_python_operator.py
[2024-08-29T20:27:16.708+0000] {processor.py:826} INFO - Processing file /home/airflow-vm/data-engineer-batch-processing-financial-services/.venv/lib/python3.10/site-packages/airflow/example_dags/example_python_operator.py for tasks to queue
[2024-08-29T20:27:16.709+0000] {logging_mixin.py:149} INFO - [2024-08-29T20:27:16.708+0000] {dagbag.py:541} INFO - Filling up the DagBag from /home/airflow-vm/data-engineer-batch-processing-financial-services/.venv/lib/python3.10/site-packages/airflow/example_dags/example_python_operator.py
[2024-08-29T20:27:16.714+0000] {logging_mixin.py:149} INFO - [2024-08-29T20:27:16.714+0000] {taskmixin.py:211} WARNING - Dependency <Task(_PythonDecoratedOperator): print_the_context>, log_sql_query already registered for DAG: example_python_operator
[2024-08-29T20:27:16.714+0000] {logging_mixin.py:149} INFO - [2024-08-29T20:27:16.714+0000] {taskmixin.py:211} WARNING - Dependency <Task(_PythonDecoratedOperator): log_sql_query>, print_the_context already registered for DAG: example_python_operator
[2024-08-29T20:27:16.715+0000] {logging_mixin.py:149} INFO - [2024-08-29T20:27:16.715+0000] {taskmixin.py:211} WARNING - Dependency <Task(_PythonDecoratedOperator): print_the_context>, log_sql_query already registered for DAG: example_python_operator
[2024-08-29T20:27:16.715+0000] {logging_mixin.py:149} INFO - [2024-08-29T20:27:16.715+0000] {taskmixin.py:211} WARNING - Dependency <Task(_PythonDecoratedOperator): log_sql_query>, print_the_context already registered for DAG: example_python_operator
[2024-08-29T20:27:16.716+0000] {logging_mixin.py:149} INFO - [2024-08-29T20:27:16.716+0000] {taskmixin.py:211} WARNING - Dependency <Task(_PythonDecoratedOperator): print_the_context>, log_sql_query already registered for DAG: example_python_operator
[2024-08-29T20:27:16.716+0000] {logging_mixin.py:149} INFO - [2024-08-29T20:27:16.716+0000] {taskmixin.py:211} WARNING - Dependency <Task(_PythonDecoratedOperator): log_sql_query>, print_the_context already registered for DAG: example_python_operator
[2024-08-29T20:27:16.717+0000] {logging_mixin.py:149} INFO - [2024-08-29T20:27:16.717+0000] {taskmixin.py:211} WARNING - Dependency <Task(_PythonDecoratedOperator): print_the_context>, log_sql_query already registered for DAG: example_python_operator
[2024-08-29T20:27:16.717+0000] {logging_mixin.py:149} INFO - [2024-08-29T20:27:16.717+0000] {taskmixin.py:211} WARNING - Dependency <Task(_PythonDecoratedOperator): log_sql_query>, print_the_context already registered for DAG: example_python_operator
[2024-08-29T20:27:16.717+0000] {logging_mixin.py:149} INFO - [2024-08-29T20:27:16.717+0000] {example_python_operator.py:90} WARNING - The virtalenv_python example task requires virtualenv, please install it.
[2024-08-29T20:27:16.718+0000] {processor.py:836} INFO - DAG(s) dict_keys(['example_python_operator']) retrieved from /home/airflow-vm/data-engineer-batch-processing-financial-services/.venv/lib/python3.10/site-packages/airflow/example_dags/example_python_operator.py
[2024-08-29T20:27:16.736+0000] {logging_mixin.py:149} INFO - [2024-08-29T20:27:16.736+0000] {dag.py:2726} INFO - Sync 1 DAGs
[2024-08-29T20:27:16.755+0000] {logging_mixin.py:149} INFO - [2024-08-29T20:27:16.755+0000] {dag.py:3486} INFO - Setting next_dagrun for example_python_operator to None, run_after=None
[2024-08-29T20:27:16.783+0000] {processor.py:179} INFO - Processing /home/airflow-vm/data-engineer-batch-processing-financial-services/.venv/lib/python3.10/site-packages/airflow/example_dags/example_python_operator.py took 0.078 seconds
[2024-08-29T20:27:59.106+0000] {processor.py:157} INFO - Started process (PID=63559) to work on /home/airflow-vm/data-engineer-batch-processing-financial-services/.venv/lib/python3.10/site-packages/airflow/example_dags/example_python_operator.py
[2024-08-29T20:27:59.107+0000] {processor.py:826} INFO - Processing file /home/airflow-vm/data-engineer-batch-processing-financial-services/.venv/lib/python3.10/site-packages/airflow/example_dags/example_python_operator.py for tasks to queue
[2024-08-29T20:27:59.108+0000] {logging_mixin.py:149} INFO - [2024-08-29T20:27:59.108+0000] {dagbag.py:541} INFO - Filling up the DagBag from /home/airflow-vm/data-engineer-batch-processing-financial-services/.venv/lib/python3.10/site-packages/airflow/example_dags/example_python_operator.py
[2024-08-29T20:27:59.114+0000] {logging_mixin.py:149} INFO - [2024-08-29T20:27:59.114+0000] {taskmixin.py:211} WARNING - Dependency <Task(_PythonDecoratedOperator): print_the_context>, log_sql_query already registered for DAG: example_python_operator
[2024-08-29T20:27:59.114+0000] {logging_mixin.py:149} INFO - [2024-08-29T20:27:59.114+0000] {taskmixin.py:211} WARNING - Dependency <Task(_PythonDecoratedOperator): log_sql_query>, print_the_context already registered for DAG: example_python_operator
[2024-08-29T20:27:59.115+0000] {logging_mixin.py:149} INFO - [2024-08-29T20:27:59.114+0000] {taskmixin.py:211} WARNING - Dependency <Task(_PythonDecoratedOperator): print_the_context>, log_sql_query already registered for DAG: example_python_operator
[2024-08-29T20:27:59.115+0000] {logging_mixin.py:149} INFO - [2024-08-29T20:27:59.115+0000] {taskmixin.py:211} WARNING - Dependency <Task(_PythonDecoratedOperator): log_sql_query>, print_the_context already registered for DAG: example_python_operator
[2024-08-29T20:27:59.115+0000] {logging_mixin.py:149} INFO - [2024-08-29T20:27:59.115+0000] {taskmixin.py:211} WARNING - Dependency <Task(_PythonDecoratedOperator): print_the_context>, log_sql_query already registered for DAG: example_python_operator
[2024-08-29T20:27:59.116+0000] {logging_mixin.py:149} INFO - [2024-08-29T20:27:59.116+0000] {taskmixin.py:211} WARNING - Dependency <Task(_PythonDecoratedOperator): log_sql_query>, print_the_context already registered for DAG: example_python_operator
[2024-08-29T20:27:59.116+0000] {logging_mixin.py:149} INFO - [2024-08-29T20:27:59.116+0000] {taskmixin.py:211} WARNING - Dependency <Task(_PythonDecoratedOperator): print_the_context>, log_sql_query already registered for DAG: example_python_operator
[2024-08-29T20:27:59.116+0000] {logging_mixin.py:149} INFO - [2024-08-29T20:27:59.116+0000] {taskmixin.py:211} WARNING - Dependency <Task(_PythonDecoratedOperator): log_sql_query>, print_the_context already registered for DAG: example_python_operator
[2024-08-29T20:27:59.117+0000] {logging_mixin.py:149} INFO - [2024-08-29T20:27:59.117+0000] {example_python_operator.py:90} WARNING - The virtalenv_python example task requires virtualenv, please install it.
[2024-08-29T20:27:59.117+0000] {processor.py:836} INFO - DAG(s) dict_keys(['example_python_operator']) retrieved from /home/airflow-vm/data-engineer-batch-processing-financial-services/.venv/lib/python3.10/site-packages/airflow/example_dags/example_python_operator.py
[2024-08-29T20:27:59.135+0000] {logging_mixin.py:149} INFO - [2024-08-29T20:27:59.135+0000] {dag.py:2726} INFO - Sync 1 DAGs
[2024-08-29T20:27:59.153+0000] {logging_mixin.py:149} INFO - [2024-08-29T20:27:59.153+0000] {dag.py:3486} INFO - Setting next_dagrun for example_python_operator to None, run_after=None
[2024-08-29T20:27:59.181+0000] {processor.py:179} INFO - Processing /home/airflow-vm/data-engineer-batch-processing-financial-services/.venv/lib/python3.10/site-packages/airflow/example_dags/example_python_operator.py took 0.077 seconds
[2024-08-29T20:28:54.349+0000] {processor.py:157} INFO - Started process (PID=64044) to work on /home/airflow-vm/data-engineer-batch-processing-financial-services/.venv/lib/python3.10/site-packages/airflow/example_dags/example_python_operator.py
[2024-08-29T20:28:54.350+0000] {processor.py:826} INFO - Processing file /home/airflow-vm/data-engineer-batch-processing-financial-services/.venv/lib/python3.10/site-packages/airflow/example_dags/example_python_operator.py for tasks to queue
[2024-08-29T20:28:54.350+0000] {logging_mixin.py:149} INFO - [2024-08-29T20:28:54.350+0000] {dagbag.py:541} INFO - Filling up the DagBag from /home/airflow-vm/data-engineer-batch-processing-financial-services/.venv/lib/python3.10/site-packages/airflow/example_dags/example_python_operator.py
[2024-08-29T20:28:54.356+0000] {logging_mixin.py:149} INFO - [2024-08-29T20:28:54.356+0000] {taskmixin.py:211} WARNING - Dependency <Task(_PythonDecoratedOperator): print_the_context>, log_sql_query already registered for DAG: example_python_operator
[2024-08-29T20:28:54.356+0000] {logging_mixin.py:149} INFO - [2024-08-29T20:28:54.356+0000] {taskmixin.py:211} WARNING - Dependency <Task(_PythonDecoratedOperator): log_sql_query>, print_the_context already registered for DAG: example_python_operator
[2024-08-29T20:28:54.357+0000] {logging_mixin.py:149} INFO - [2024-08-29T20:28:54.357+0000] {taskmixin.py:211} WARNING - Dependency <Task(_PythonDecoratedOperator): print_the_context>, log_sql_query already registered for DAG: example_python_operator
[2024-08-29T20:28:54.357+0000] {logging_mixin.py:149} INFO - [2024-08-29T20:28:54.357+0000] {taskmixin.py:211} WARNING - Dependency <Task(_PythonDecoratedOperator): log_sql_query>, print_the_context already registered for DAG: example_python_operator
[2024-08-29T20:28:54.358+0000] {logging_mixin.py:149} INFO - [2024-08-29T20:28:54.358+0000] {taskmixin.py:211} WARNING - Dependency <Task(_PythonDecoratedOperator): print_the_context>, log_sql_query already registered for DAG: example_python_operator
[2024-08-29T20:28:54.358+0000] {logging_mixin.py:149} INFO - [2024-08-29T20:28:54.358+0000] {taskmixin.py:211} WARNING - Dependency <Task(_PythonDecoratedOperator): log_sql_query>, print_the_context already registered for DAG: example_python_operator
[2024-08-29T20:28:54.359+0000] {logging_mixin.py:149} INFO - [2024-08-29T20:28:54.358+0000] {taskmixin.py:211} WARNING - Dependency <Task(_PythonDecoratedOperator): print_the_context>, log_sql_query already registered for DAG: example_python_operator
[2024-08-29T20:28:54.359+0000] {logging_mixin.py:149} INFO - [2024-08-29T20:28:54.359+0000] {taskmixin.py:211} WARNING - Dependency <Task(_PythonDecoratedOperator): log_sql_query>, print_the_context already registered for DAG: example_python_operator
[2024-08-29T20:28:54.359+0000] {logging_mixin.py:149} INFO - [2024-08-29T20:28:54.359+0000] {example_python_operator.py:90} WARNING - The virtalenv_python example task requires virtualenv, please install it.
[2024-08-29T20:28:54.360+0000] {processor.py:836} INFO - DAG(s) dict_keys(['example_python_operator']) retrieved from /home/airflow-vm/data-engineer-batch-processing-financial-services/.venv/lib/python3.10/site-packages/airflow/example_dags/example_python_operator.py
[2024-08-29T20:28:54.378+0000] {logging_mixin.py:149} INFO - [2024-08-29T20:28:54.377+0000] {dag.py:2726} INFO - Sync 1 DAGs
[2024-08-29T20:28:54.396+0000] {logging_mixin.py:149} INFO - [2024-08-29T20:28:54.395+0000] {dag.py:3486} INFO - Setting next_dagrun for example_python_operator to None, run_after=None
[2024-08-29T20:28:54.423+0000] {processor.py:179} INFO - Processing /home/airflow-vm/data-engineer-batch-processing-financial-services/.venv/lib/python3.10/site-packages/airflow/example_dags/example_python_operator.py took 0.077 seconds
[2024-08-29T20:31:31.773+0000] {processor.py:157} INFO - Started process (PID=65779) to work on /home/airflow-vm/data-engineer-batch-processing-financial-services/.venv/lib/python3.10/site-packages/airflow/example_dags/example_python_operator.py
[2024-08-29T20:31:31.773+0000] {processor.py:826} INFO - Processing file /home/airflow-vm/data-engineer-batch-processing-financial-services/.venv/lib/python3.10/site-packages/airflow/example_dags/example_python_operator.py for tasks to queue
[2024-08-29T20:31:31.774+0000] {logging_mixin.py:149} INFO - [2024-08-29T20:31:31.774+0000] {dagbag.py:541} INFO - Filling up the DagBag from /home/airflow-vm/data-engineer-batch-processing-financial-services/.venv/lib/python3.10/site-packages/airflow/example_dags/example_python_operator.py
[2024-08-29T20:31:31.780+0000] {logging_mixin.py:149} INFO - [2024-08-29T20:31:31.779+0000] {taskmixin.py:211} WARNING - Dependency <Task(_PythonDecoratedOperator): print_the_context>, log_sql_query already registered for DAG: example_python_operator
[2024-08-29T20:31:31.780+0000] {logging_mixin.py:149} INFO - [2024-08-29T20:31:31.780+0000] {taskmixin.py:211} WARNING - Dependency <Task(_PythonDecoratedOperator): log_sql_query>, print_the_context already registered for DAG: example_python_operator
[2024-08-29T20:31:31.780+0000] {logging_mixin.py:149} INFO - [2024-08-29T20:31:31.780+0000] {taskmixin.py:211} WARNING - Dependency <Task(_PythonDecoratedOperator): print_the_context>, log_sql_query already registered for DAG: example_python_operator
[2024-08-29T20:31:31.781+0000] {logging_mixin.py:149} INFO - [2024-08-29T20:31:31.781+0000] {taskmixin.py:211} WARNING - Dependency <Task(_PythonDecoratedOperator): log_sql_query>, print_the_context already registered for DAG: example_python_operator
[2024-08-29T20:31:31.781+0000] {logging_mixin.py:149} INFO - [2024-08-29T20:31:31.781+0000] {taskmixin.py:211} WARNING - Dependency <Task(_PythonDecoratedOperator): print_the_context>, log_sql_query already registered for DAG: example_python_operator
[2024-08-29T20:31:31.781+0000] {logging_mixin.py:149} INFO - [2024-08-29T20:31:31.781+0000] {taskmixin.py:211} WARNING - Dependency <Task(_PythonDecoratedOperator): log_sql_query>, print_the_context already registered for DAG: example_python_operator
[2024-08-29T20:31:31.782+0000] {logging_mixin.py:149} INFO - [2024-08-29T20:31:31.782+0000] {taskmixin.py:211} WARNING - Dependency <Task(_PythonDecoratedOperator): print_the_context>, log_sql_query already registered for DAG: example_python_operator
[2024-08-29T20:31:31.782+0000] {logging_mixin.py:149} INFO - [2024-08-29T20:31:31.782+0000] {taskmixin.py:211} WARNING - Dependency <Task(_PythonDecoratedOperator): log_sql_query>, print_the_context already registered for DAG: example_python_operator
[2024-08-29T20:31:31.783+0000] {logging_mixin.py:149} INFO - [2024-08-29T20:31:31.782+0000] {example_python_operator.py:90} WARNING - The virtalenv_python example task requires virtualenv, please install it.
[2024-08-29T20:31:31.785+0000] {processor.py:836} INFO - DAG(s) dict_keys(['example_python_operator']) retrieved from /home/airflow-vm/data-engineer-batch-processing-financial-services/.venv/lib/python3.10/site-packages/airflow/example_dags/example_python_operator.py
[2024-08-29T20:31:31.803+0000] {logging_mixin.py:149} INFO - [2024-08-29T20:31:31.803+0000] {dag.py:2726} INFO - Sync 1 DAGs
[2024-08-29T20:31:31.821+0000] {logging_mixin.py:149} INFO - [2024-08-29T20:31:31.821+0000] {dag.py:3486} INFO - Setting next_dagrun for example_python_operator to None, run_after=None
[2024-08-29T20:31:31.849+0000] {processor.py:179} INFO - Processing /home/airflow-vm/data-engineer-batch-processing-financial-services/.venv/lib/python3.10/site-packages/airflow/example_dags/example_python_operator.py took 0.079 seconds
[2024-08-29T20:33:23.884+0000] {processor.py:157} INFO - Started process (PID=67219) to work on /home/airflow-vm/data-engineer-batch-processing-financial-services/.venv/lib/python3.10/site-packages/airflow/example_dags/example_python_operator.py
[2024-08-29T20:33:23.885+0000] {processor.py:826} INFO - Processing file /home/airflow-vm/data-engineer-batch-processing-financial-services/.venv/lib/python3.10/site-packages/airflow/example_dags/example_python_operator.py for tasks to queue
[2024-08-29T20:33:23.885+0000] {logging_mixin.py:149} INFO - [2024-08-29T20:33:23.885+0000] {dagbag.py:541} INFO - Filling up the DagBag from /home/airflow-vm/data-engineer-batch-processing-financial-services/.venv/lib/python3.10/site-packages/airflow/example_dags/example_python_operator.py
[2024-08-29T20:33:23.891+0000] {logging_mixin.py:149} INFO - [2024-08-29T20:33:23.891+0000] {taskmixin.py:211} WARNING - Dependency <Task(_PythonDecoratedOperator): print_the_context>, log_sql_query already registered for DAG: example_python_operator
[2024-08-29T20:33:23.891+0000] {logging_mixin.py:149} INFO - [2024-08-29T20:33:23.891+0000] {taskmixin.py:211} WARNING - Dependency <Task(_PythonDecoratedOperator): log_sql_query>, print_the_context already registered for DAG: example_python_operator
[2024-08-29T20:33:23.892+0000] {logging_mixin.py:149} INFO - [2024-08-29T20:33:23.892+0000] {taskmixin.py:211} WARNING - Dependency <Task(_PythonDecoratedOperator): print_the_context>, log_sql_query already registered for DAG: example_python_operator
[2024-08-29T20:33:23.892+0000] {logging_mixin.py:149} INFO - [2024-08-29T20:33:23.892+0000] {taskmixin.py:211} WARNING - Dependency <Task(_PythonDecoratedOperator): log_sql_query>, print_the_context already registered for DAG: example_python_operator
[2024-08-29T20:33:23.893+0000] {logging_mixin.py:149} INFO - [2024-08-29T20:33:23.893+0000] {taskmixin.py:211} WARNING - Dependency <Task(_PythonDecoratedOperator): print_the_context>, log_sql_query already registered for DAG: example_python_operator
[2024-08-29T20:33:23.893+0000] {logging_mixin.py:149} INFO - [2024-08-29T20:33:23.893+0000] {taskmixin.py:211} WARNING - Dependency <Task(_PythonDecoratedOperator): log_sql_query>, print_the_context already registered for DAG: example_python_operator
[2024-08-29T20:33:23.893+0000] {logging_mixin.py:149} INFO - [2024-08-29T20:33:23.893+0000] {taskmixin.py:211} WARNING - Dependency <Task(_PythonDecoratedOperator): print_the_context>, log_sql_query already registered for DAG: example_python_operator
[2024-08-29T20:33:23.894+0000] {logging_mixin.py:149} INFO - [2024-08-29T20:33:23.894+0000] {taskmixin.py:211} WARNING - Dependency <Task(_PythonDecoratedOperator): log_sql_query>, print_the_context already registered for DAG: example_python_operator
[2024-08-29T20:33:23.894+0000] {logging_mixin.py:149} INFO - [2024-08-29T20:33:23.894+0000] {example_python_operator.py:90} WARNING - The virtalenv_python example task requires virtualenv, please install it.
[2024-08-29T20:33:23.894+0000] {processor.py:836} INFO - DAG(s) dict_keys(['example_python_operator']) retrieved from /home/airflow-vm/data-engineer-batch-processing-financial-services/.venv/lib/python3.10/site-packages/airflow/example_dags/example_python_operator.py
[2024-08-29T20:33:23.913+0000] {logging_mixin.py:149} INFO - [2024-08-29T20:33:23.913+0000] {dag.py:2726} INFO - Sync 1 DAGs
[2024-08-29T20:33:23.931+0000] {logging_mixin.py:149} INFO - [2024-08-29T20:33:23.931+0000] {dag.py:3486} INFO - Setting next_dagrun for example_python_operator to None, run_after=None
[2024-08-29T20:33:23.958+0000] {processor.py:179} INFO - Processing /home/airflow-vm/data-engineer-batch-processing-financial-services/.venv/lib/python3.10/site-packages/airflow/example_dags/example_python_operator.py took 0.077 seconds
[2024-08-29T20:36:01.184+0000] {processor.py:157} INFO - Started process (PID=69195) to work on /home/airflow-vm/data-engineer-batch-processing-financial-services/.venv/lib/python3.10/site-packages/airflow/example_dags/example_python_operator.py
[2024-08-29T20:36:01.185+0000] {processor.py:826} INFO - Processing file /home/airflow-vm/data-engineer-batch-processing-financial-services/.venv/lib/python3.10/site-packages/airflow/example_dags/example_python_operator.py for tasks to queue
[2024-08-29T20:36:01.186+0000] {logging_mixin.py:149} INFO - [2024-08-29T20:36:01.186+0000] {dagbag.py:541} INFO - Filling up the DagBag from /home/airflow-vm/data-engineer-batch-processing-financial-services/.venv/lib/python3.10/site-packages/airflow/example_dags/example_python_operator.py
[2024-08-29T20:36:01.192+0000] {logging_mixin.py:149} INFO - [2024-08-29T20:36:01.192+0000] {taskmixin.py:211} WARNING - Dependency <Task(_PythonDecoratedOperator): print_the_context>, log_sql_query already registered for DAG: example_python_operator
[2024-08-29T20:36:01.192+0000] {logging_mixin.py:149} INFO - [2024-08-29T20:36:01.192+0000] {taskmixin.py:211} WARNING - Dependency <Task(_PythonDecoratedOperator): log_sql_query>, print_the_context already registered for DAG: example_python_operator
[2024-08-29T20:36:01.193+0000] {logging_mixin.py:149} INFO - [2024-08-29T20:36:01.193+0000] {taskmixin.py:211} WARNING - Dependency <Task(_PythonDecoratedOperator): print_the_context>, log_sql_query already registered for DAG: example_python_operator
[2024-08-29T20:36:01.193+0000] {logging_mixin.py:149} INFO - [2024-08-29T20:36:01.193+0000] {taskmixin.py:211} WARNING - Dependency <Task(_PythonDecoratedOperator): log_sql_query>, print_the_context already registered for DAG: example_python_operator
[2024-08-29T20:36:01.194+0000] {logging_mixin.py:149} INFO - [2024-08-29T20:36:01.193+0000] {taskmixin.py:211} WARNING - Dependency <Task(_PythonDecoratedOperator): print_the_context>, log_sql_query already registered for DAG: example_python_operator
[2024-08-29T20:36:01.194+0000] {logging_mixin.py:149} INFO - [2024-08-29T20:36:01.194+0000] {taskmixin.py:211} WARNING - Dependency <Task(_PythonDecoratedOperator): log_sql_query>, print_the_context already registered for DAG: example_python_operator
[2024-08-29T20:36:01.194+0000] {logging_mixin.py:149} INFO - [2024-08-29T20:36:01.194+0000] {taskmixin.py:211} WARNING - Dependency <Task(_PythonDecoratedOperator): print_the_context>, log_sql_query already registered for DAG: example_python_operator
[2024-08-29T20:36:01.195+0000] {logging_mixin.py:149} INFO - [2024-08-29T20:36:01.194+0000] {taskmixin.py:211} WARNING - Dependency <Task(_PythonDecoratedOperator): log_sql_query>, print_the_context already registered for DAG: example_python_operator
[2024-08-29T20:36:01.195+0000] {logging_mixin.py:149} INFO - [2024-08-29T20:36:01.195+0000] {example_python_operator.py:90} WARNING - The virtalenv_python example task requires virtualenv, please install it.
[2024-08-29T20:36:01.197+0000] {processor.py:836} INFO - DAG(s) dict_keys(['example_python_operator']) retrieved from /home/airflow-vm/data-engineer-batch-processing-financial-services/.venv/lib/python3.10/site-packages/airflow/example_dags/example_python_operator.py
[2024-08-29T20:36:01.216+0000] {logging_mixin.py:149} INFO - [2024-08-29T20:36:01.215+0000] {dag.py:2726} INFO - Sync 1 DAGs
[2024-08-29T20:36:01.234+0000] {logging_mixin.py:149} INFO - [2024-08-29T20:36:01.234+0000] {dag.py:3486} INFO - Setting next_dagrun for example_python_operator to None, run_after=None
[2024-08-29T20:36:01.262+0000] {processor.py:179} INFO - Processing /home/airflow-vm/data-engineer-batch-processing-financial-services/.venv/lib/python3.10/site-packages/airflow/example_dags/example_python_operator.py took 0.080 seconds
[2024-08-29T20:37:54.378+0000] {processor.py:157} INFO - Started process (PID=70608) to work on /home/airflow-vm/data-engineer-batch-processing-financial-services/.venv/lib/python3.10/site-packages/airflow/example_dags/example_python_operator.py
[2024-08-29T20:37:54.379+0000] {processor.py:826} INFO - Processing file /home/airflow-vm/data-engineer-batch-processing-financial-services/.venv/lib/python3.10/site-packages/airflow/example_dags/example_python_operator.py for tasks to queue
[2024-08-29T20:37:54.379+0000] {logging_mixin.py:149} INFO - [2024-08-29T20:37:54.379+0000] {dagbag.py:541} INFO - Filling up the DagBag from /home/airflow-vm/data-engineer-batch-processing-financial-services/.venv/lib/python3.10/site-packages/airflow/example_dags/example_python_operator.py
[2024-08-29T20:37:54.385+0000] {logging_mixin.py:149} INFO - [2024-08-29T20:37:54.385+0000] {taskmixin.py:211} WARNING - Dependency <Task(_PythonDecoratedOperator): print_the_context>, log_sql_query already registered for DAG: example_python_operator
[2024-08-29T20:37:54.385+0000] {logging_mixin.py:149} INFO - [2024-08-29T20:37:54.385+0000] {taskmixin.py:211} WARNING - Dependency <Task(_PythonDecoratedOperator): log_sql_query>, print_the_context already registered for DAG: example_python_operator
[2024-08-29T20:37:54.386+0000] {logging_mixin.py:149} INFO - [2024-08-29T20:37:54.386+0000] {taskmixin.py:211} WARNING - Dependency <Task(_PythonDecoratedOperator): print_the_context>, log_sql_query already registered for DAG: example_python_operator
[2024-08-29T20:37:54.386+0000] {logging_mixin.py:149} INFO - [2024-08-29T20:37:54.386+0000] {taskmixin.py:211} WARNING - Dependency <Task(_PythonDecoratedOperator): log_sql_query>, print_the_context already registered for DAG: example_python_operator
[2024-08-29T20:37:54.387+0000] {logging_mixin.py:149} INFO - [2024-08-29T20:37:54.387+0000] {taskmixin.py:211} WARNING - Dependency <Task(_PythonDecoratedOperator): print_the_context>, log_sql_query already registered for DAG: example_python_operator
[2024-08-29T20:37:54.387+0000] {logging_mixin.py:149} INFO - [2024-08-29T20:37:54.387+0000] {taskmixin.py:211} WARNING - Dependency <Task(_PythonDecoratedOperator): log_sql_query>, print_the_context already registered for DAG: example_python_operator
[2024-08-29T20:37:54.387+0000] {logging_mixin.py:149} INFO - [2024-08-29T20:37:54.387+0000] {taskmixin.py:211} WARNING - Dependency <Task(_PythonDecoratedOperator): print_the_context>, log_sql_query already registered for DAG: example_python_operator
[2024-08-29T20:37:54.388+0000] {logging_mixin.py:149} INFO - [2024-08-29T20:37:54.388+0000] {taskmixin.py:211} WARNING - Dependency <Task(_PythonDecoratedOperator): log_sql_query>, print_the_context already registered for DAG: example_python_operator
[2024-08-29T20:37:54.388+0000] {logging_mixin.py:149} INFO - [2024-08-29T20:37:54.388+0000] {example_python_operator.py:90} WARNING - The virtalenv_python example task requires virtualenv, please install it.
[2024-08-29T20:37:54.388+0000] {processor.py:836} INFO - DAG(s) dict_keys(['example_python_operator']) retrieved from /home/airflow-vm/data-engineer-batch-processing-financial-services/.venv/lib/python3.10/site-packages/airflow/example_dags/example_python_operator.py
[2024-08-29T20:37:54.409+0000] {logging_mixin.py:149} INFO - [2024-08-29T20:37:54.408+0000] {dag.py:2726} INFO - Sync 1 DAGs
[2024-08-29T20:37:54.437+0000] {logging_mixin.py:149} INFO - [2024-08-29T20:37:54.437+0000] {dag.py:3486} INFO - Setting next_dagrun for example_python_operator to None, run_after=None
[2024-08-29T20:37:54.474+0000] {processor.py:179} INFO - Processing /home/airflow-vm/data-engineer-batch-processing-financial-services/.venv/lib/python3.10/site-packages/airflow/example_dags/example_python_operator.py took 0.098 seconds
