[2024-08-29T19:47:51.624+0000] {processor.py:157} INFO - Started process (PID=48873) to work on /home/airflow-vm/data-engineer-batch-processing-financial-services/.venv/lib/python3.10/site-packages/airflow/example_dags/example_external_task_marker_dag.py
[2024-08-29T19:47:51.624+0000] {processor.py:826} INFO - Processing file /home/airflow-vm/data-engineer-batch-processing-financial-services/.venv/lib/python3.10/site-packages/airflow/example_dags/example_external_task_marker_dag.py for tasks to queue
[2024-08-29T19:47:51.625+0000] {logging_mixin.py:149} INFO - [2024-08-29T19:47:51.625+0000] {dagbag.py:541} INFO - Filling up the DagBag from /home/airflow-vm/data-engineer-batch-processing-financial-services/.venv/lib/python3.10/site-packages/airflow/example_dags/example_external_task_marker_dag.py
[2024-08-29T19:47:51.632+0000] {processor.py:836} INFO - DAG(s) dict_keys(['example_external_task_marker_parent', 'example_external_task_marker_child']) retrieved from /home/airflow-vm/data-engineer-batch-processing-financial-services/.venv/lib/python3.10/site-packages/airflow/example_dags/example_external_task_marker_dag.py
[2024-08-29T19:47:51.755+0000] {logging_mixin.py:149} INFO - [2024-08-29T19:47:51.754+0000] {manager.py:504} INFO - Created Permission View: can delete on DAG:example_external_task_marker_parent
[2024-08-29T19:47:51.773+0000] {logging_mixin.py:149} INFO - [2024-08-29T19:47:51.773+0000] {manager.py:504} INFO - Created Permission View: can edit on DAG:example_external_task_marker_parent
[2024-08-29T19:47:51.790+0000] {logging_mixin.py:149} INFO - [2024-08-29T19:47:51.789+0000] {manager.py:504} INFO - Created Permission View: can read on DAG:example_external_task_marker_parent
[2024-08-29T19:47:51.828+0000] {logging_mixin.py:149} INFO - [2024-08-29T19:47:51.828+0000] {manager.py:504} INFO - Created Permission View: can delete on DAG:example_external_task_marker_child
[2024-08-29T19:47:51.845+0000] {logging_mixin.py:149} INFO - [2024-08-29T19:47:51.845+0000] {manager.py:504} INFO - Created Permission View: can edit on DAG:example_external_task_marker_child
[2024-08-29T19:47:51.861+0000] {logging_mixin.py:149} INFO - [2024-08-29T19:47:51.861+0000] {manager.py:504} INFO - Created Permission View: can read on DAG:example_external_task_marker_child
[2024-08-29T19:47:51.861+0000] {logging_mixin.py:149} INFO - [2024-08-29T19:47:51.861+0000] {dag.py:2726} INFO - Sync 2 DAGs
[2024-08-29T19:47:51.872+0000] {logging_mixin.py:149} INFO - [2024-08-29T19:47:51.872+0000] {dag.py:2747} INFO - Creating ORM DAG for example_external_task_marker_parent
[2024-08-29T19:47:51.872+0000] {logging_mixin.py:149} INFO - [2024-08-29T19:47:51.872+0000] {dag.py:2747} INFO - Creating ORM DAG for example_external_task_marker_child
[2024-08-29T19:47:51.881+0000] {logging_mixin.py:149} INFO - [2024-08-29T19:47:51.881+0000] {dag.py:3486} INFO - Setting next_dagrun for example_external_task_marker_child to None, run_after=None
[2024-08-29T19:47:51.881+0000] {logging_mixin.py:149} INFO - [2024-08-29T19:47:51.881+0000] {dag.py:3486} INFO - Setting next_dagrun for example_external_task_marker_parent to None, run_after=None
[2024-08-29T19:47:51.912+0000] {processor.py:179} INFO - Processing /home/airflow-vm/data-engineer-batch-processing-financial-services/.venv/lib/python3.10/site-packages/airflow/example_dags/example_external_task_marker_dag.py took 0.291 seconds
[2024-08-29T19:48:41.765+0000] {processor.py:157} INFO - Started process (PID=49378) to work on /home/airflow-vm/data-engineer-batch-processing-financial-services/.venv/lib/python3.10/site-packages/airflow/example_dags/example_external_task_marker_dag.py
[2024-08-29T19:48:41.766+0000] {processor.py:826} INFO - Processing file /home/airflow-vm/data-engineer-batch-processing-financial-services/.venv/lib/python3.10/site-packages/airflow/example_dags/example_external_task_marker_dag.py for tasks to queue
[2024-08-29T19:48:41.766+0000] {logging_mixin.py:149} INFO - [2024-08-29T19:48:41.766+0000] {dagbag.py:541} INFO - Filling up the DagBag from /home/airflow-vm/data-engineer-batch-processing-financial-services/.venv/lib/python3.10/site-packages/airflow/example_dags/example_external_task_marker_dag.py
[2024-08-29T19:48:41.772+0000] {processor.py:836} INFO - DAG(s) dict_keys(['example_external_task_marker_child', 'example_external_task_marker_parent']) retrieved from /home/airflow-vm/data-engineer-batch-processing-financial-services/.venv/lib/python3.10/site-packages/airflow/example_dags/example_external_task_marker_dag.py
[2024-08-29T19:48:41.792+0000] {logging_mixin.py:149} INFO - [2024-08-29T19:48:41.792+0000] {dag.py:2726} INFO - Sync 2 DAGs
[2024-08-29T19:48:41.811+0000] {logging_mixin.py:149} INFO - [2024-08-29T19:48:41.811+0000] {dag.py:3486} INFO - Setting next_dagrun for example_external_task_marker_child to None, run_after=None
[2024-08-29T19:48:41.814+0000] {logging_mixin.py:149} INFO - [2024-08-29T19:48:41.814+0000] {dag.py:3486} INFO - Setting next_dagrun for example_external_task_marker_parent to None, run_after=None
[2024-08-29T19:48:41.841+0000] {processor.py:179} INFO - Processing /home/airflow-vm/data-engineer-batch-processing-financial-services/.venv/lib/python3.10/site-packages/airflow/example_dags/example_external_task_marker_dag.py took 0.078 seconds
[2024-08-29T19:49:28.182+0000] {processor.py:157} INFO - Started process (PID=49641) to work on /home/airflow-vm/data-engineer-batch-processing-financial-services/.venv/lib/python3.10/site-packages/airflow/example_dags/example_external_task_marker_dag.py
[2024-08-29T19:49:28.183+0000] {processor.py:826} INFO - Processing file /home/airflow-vm/data-engineer-batch-processing-financial-services/.venv/lib/python3.10/site-packages/airflow/example_dags/example_external_task_marker_dag.py for tasks to queue
[2024-08-29T19:49:28.183+0000] {logging_mixin.py:149} INFO - [2024-08-29T19:49:28.183+0000] {dagbag.py:541} INFO - Filling up the DagBag from /home/airflow-vm/data-engineer-batch-processing-financial-services/.venv/lib/python3.10/site-packages/airflow/example_dags/example_external_task_marker_dag.py
[2024-08-29T19:49:28.188+0000] {processor.py:836} INFO - DAG(s) dict_keys(['example_external_task_marker_parent', 'example_external_task_marker_child']) retrieved from /home/airflow-vm/data-engineer-batch-processing-financial-services/.venv/lib/python3.10/site-packages/airflow/example_dags/example_external_task_marker_dag.py
[2024-08-29T19:49:28.209+0000] {logging_mixin.py:149} INFO - [2024-08-29T19:49:28.209+0000] {dag.py:2726} INFO - Sync 2 DAGs
[2024-08-29T19:49:28.227+0000] {logging_mixin.py:149} INFO - [2024-08-29T19:49:28.227+0000] {dag.py:3486} INFO - Setting next_dagrun for example_external_task_marker_child to None, run_after=None
[2024-08-29T19:49:28.230+0000] {logging_mixin.py:149} INFO - [2024-08-29T19:49:28.230+0000] {dag.py:3486} INFO - Setting next_dagrun for example_external_task_marker_parent to None, run_after=None
[2024-08-29T19:49:28.259+0000] {processor.py:179} INFO - Processing /home/airflow-vm/data-engineer-batch-processing-financial-services/.venv/lib/python3.10/site-packages/airflow/example_dags/example_external_task_marker_dag.py took 0.080 seconds
[2024-08-29T19:50:17.581+0000] {processor.py:157} INFO - Started process (PID=49801) to work on /home/airflow-vm/data-engineer-batch-processing-financial-services/.venv/lib/python3.10/site-packages/airflow/example_dags/example_external_task_marker_dag.py
[2024-08-29T19:50:17.591+0000] {processor.py:826} INFO - Processing file /home/airflow-vm/data-engineer-batch-processing-financial-services/.venv/lib/python3.10/site-packages/airflow/example_dags/example_external_task_marker_dag.py for tasks to queue
[2024-08-29T19:50:17.592+0000] {logging_mixin.py:149} INFO - [2024-08-29T19:50:17.592+0000] {dagbag.py:541} INFO - Filling up the DagBag from /home/airflow-vm/data-engineer-batch-processing-financial-services/.venv/lib/python3.10/site-packages/airflow/example_dags/example_external_task_marker_dag.py
[2024-08-29T19:50:17.597+0000] {processor.py:836} INFO - DAG(s) dict_keys(['example_external_task_marker_parent', 'example_external_task_marker_child']) retrieved from /home/airflow-vm/data-engineer-batch-processing-financial-services/.venv/lib/python3.10/site-packages/airflow/example_dags/example_external_task_marker_dag.py
[2024-08-29T19:50:17.689+0000] {logging_mixin.py:149} INFO - [2024-08-29T19:50:17.688+0000] {dag.py:2726} INFO - Sync 2 DAGs
[2024-08-29T19:50:17.740+0000] {logging_mixin.py:149} INFO - [2024-08-29T19:50:17.740+0000] {dag.py:3486} INFO - Setting next_dagrun for example_external_task_marker_child to None, run_after=None
[2024-08-29T19:50:17.744+0000] {logging_mixin.py:149} INFO - [2024-08-29T19:50:17.743+0000] {dag.py:3486} INFO - Setting next_dagrun for example_external_task_marker_parent to None, run_after=None
[2024-08-29T19:50:17.778+0000] {processor.py:179} INFO - Processing /home/airflow-vm/data-engineer-batch-processing-financial-services/.venv/lib/python3.10/site-packages/airflow/example_dags/example_external_task_marker_dag.py took 0.200 seconds
[2024-08-29T19:51:03.334+0000] {processor.py:157} INFO - Started process (PID=50491) to work on /home/airflow-vm/data-engineer-batch-processing-financial-services/.venv/lib/python3.10/site-packages/airflow/example_dags/example_external_task_marker_dag.py
[2024-08-29T19:51:03.335+0000] {processor.py:826} INFO - Processing file /home/airflow-vm/data-engineer-batch-processing-financial-services/.venv/lib/python3.10/site-packages/airflow/example_dags/example_external_task_marker_dag.py for tasks to queue
[2024-08-29T19:51:03.336+0000] {logging_mixin.py:149} INFO - [2024-08-29T19:51:03.336+0000] {dagbag.py:541} INFO - Filling up the DagBag from /home/airflow-vm/data-engineer-batch-processing-financial-services/.venv/lib/python3.10/site-packages/airflow/example_dags/example_external_task_marker_dag.py
[2024-08-29T19:51:03.342+0000] {processor.py:836} INFO - DAG(s) dict_keys(['example_external_task_marker_child', 'example_external_task_marker_parent']) retrieved from /home/airflow-vm/data-engineer-batch-processing-financial-services/.venv/lib/python3.10/site-packages/airflow/example_dags/example_external_task_marker_dag.py
[2024-08-29T19:51:03.366+0000] {logging_mixin.py:149} INFO - [2024-08-29T19:51:03.365+0000] {dag.py:2726} INFO - Sync 2 DAGs
[2024-08-29T19:51:03.387+0000] {logging_mixin.py:149} INFO - [2024-08-29T19:51:03.387+0000] {dag.py:3486} INFO - Setting next_dagrun for example_external_task_marker_child to None, run_after=None
[2024-08-29T19:51:03.390+0000] {logging_mixin.py:149} INFO - [2024-08-29T19:51:03.390+0000] {dag.py:3486} INFO - Setting next_dagrun for example_external_task_marker_parent to None, run_after=None
[2024-08-29T19:51:03.419+0000] {processor.py:179} INFO - Processing /home/airflow-vm/data-engineer-batch-processing-financial-services/.venv/lib/python3.10/site-packages/airflow/example_dags/example_external_task_marker_dag.py took 0.088 seconds
[2024-08-29T19:51:52.257+0000] {processor.py:157} INFO - Started process (PID=50859) to work on /home/airflow-vm/data-engineer-batch-processing-financial-services/.venv/lib/python3.10/site-packages/airflow/example_dags/example_external_task_marker_dag.py
[2024-08-29T19:51:52.258+0000] {processor.py:826} INFO - Processing file /home/airflow-vm/data-engineer-batch-processing-financial-services/.venv/lib/python3.10/site-packages/airflow/example_dags/example_external_task_marker_dag.py for tasks to queue
[2024-08-29T19:51:52.258+0000] {logging_mixin.py:149} INFO - [2024-08-29T19:51:52.258+0000] {dagbag.py:541} INFO - Filling up the DagBag from /home/airflow-vm/data-engineer-batch-processing-financial-services/.venv/lib/python3.10/site-packages/airflow/example_dags/example_external_task_marker_dag.py
[2024-08-29T19:51:52.264+0000] {processor.py:836} INFO - DAG(s) dict_keys(['example_external_task_marker_child', 'example_external_task_marker_parent']) retrieved from /home/airflow-vm/data-engineer-batch-processing-financial-services/.venv/lib/python3.10/site-packages/airflow/example_dags/example_external_task_marker_dag.py
[2024-08-29T19:51:52.285+0000] {logging_mixin.py:149} INFO - [2024-08-29T19:51:52.285+0000] {dag.py:2726} INFO - Sync 2 DAGs
[2024-08-29T19:51:52.306+0000] {logging_mixin.py:149} INFO - [2024-08-29T19:51:52.305+0000] {dag.py:3486} INFO - Setting next_dagrun for example_external_task_marker_child to None, run_after=None
[2024-08-29T19:51:52.309+0000] {logging_mixin.py:149} INFO - [2024-08-29T19:51:52.309+0000] {dag.py:3486} INFO - Setting next_dagrun for example_external_task_marker_parent to None, run_after=None
[2024-08-29T19:51:52.343+0000] {processor.py:179} INFO - Processing /home/airflow-vm/data-engineer-batch-processing-financial-services/.venv/lib/python3.10/site-packages/airflow/example_dags/example_external_task_marker_dag.py took 0.089 seconds
[2024-08-29T19:52:38.507+0000] {processor.py:157} INFO - Started process (PID=50963) to work on /home/airflow-vm/data-engineer-batch-processing-financial-services/.venv/lib/python3.10/site-packages/airflow/example_dags/example_external_task_marker_dag.py
[2024-08-29T19:52:38.508+0000] {processor.py:826} INFO - Processing file /home/airflow-vm/data-engineer-batch-processing-financial-services/.venv/lib/python3.10/site-packages/airflow/example_dags/example_external_task_marker_dag.py for tasks to queue
[2024-08-29T19:52:38.509+0000] {logging_mixin.py:149} INFO - [2024-08-29T19:52:38.509+0000] {dagbag.py:541} INFO - Filling up the DagBag from /home/airflow-vm/data-engineer-batch-processing-financial-services/.venv/lib/python3.10/site-packages/airflow/example_dags/example_external_task_marker_dag.py
[2024-08-29T19:52:38.514+0000] {processor.py:836} INFO - DAG(s) dict_keys(['example_external_task_marker_parent', 'example_external_task_marker_child']) retrieved from /home/airflow-vm/data-engineer-batch-processing-financial-services/.venv/lib/python3.10/site-packages/airflow/example_dags/example_external_task_marker_dag.py
[2024-08-29T19:52:38.533+0000] {logging_mixin.py:149} INFO - [2024-08-29T19:52:38.533+0000] {dag.py:2726} INFO - Sync 2 DAGs
[2024-08-29T19:52:38.551+0000] {logging_mixin.py:149} INFO - [2024-08-29T19:52:38.551+0000] {dag.py:3486} INFO - Setting next_dagrun for example_external_task_marker_child to None, run_after=None
[2024-08-29T19:52:38.554+0000] {logging_mixin.py:149} INFO - [2024-08-29T19:52:38.554+0000] {dag.py:3486} INFO - Setting next_dagrun for example_external_task_marker_parent to None, run_after=None
[2024-08-29T19:52:38.581+0000] {processor.py:179} INFO - Processing /home/airflow-vm/data-engineer-batch-processing-financial-services/.venv/lib/python3.10/site-packages/airflow/example_dags/example_external_task_marker_dag.py took 0.075 seconds
[2024-08-29T19:53:21.980+0000] {processor.py:157} INFO - Started process (PID=51061) to work on /home/airflow-vm/data-engineer-batch-processing-financial-services/.venv/lib/python3.10/site-packages/airflow/example_dags/example_external_task_marker_dag.py
[2024-08-29T19:53:21.981+0000] {processor.py:826} INFO - Processing file /home/airflow-vm/data-engineer-batch-processing-financial-services/.venv/lib/python3.10/site-packages/airflow/example_dags/example_external_task_marker_dag.py for tasks to queue
[2024-08-29T19:53:21.982+0000] {logging_mixin.py:149} INFO - [2024-08-29T19:53:21.981+0000] {dagbag.py:541} INFO - Filling up the DagBag from /home/airflow-vm/data-engineer-batch-processing-financial-services/.venv/lib/python3.10/site-packages/airflow/example_dags/example_external_task_marker_dag.py
[2024-08-29T19:53:21.987+0000] {processor.py:836} INFO - DAG(s) dict_keys(['example_external_task_marker_parent', 'example_external_task_marker_child']) retrieved from /home/airflow-vm/data-engineer-batch-processing-financial-services/.venv/lib/python3.10/site-packages/airflow/example_dags/example_external_task_marker_dag.py
[2024-08-29T19:53:22.006+0000] {logging_mixin.py:149} INFO - [2024-08-29T19:53:22.006+0000] {dag.py:2726} INFO - Sync 2 DAGs
[2024-08-29T19:53:22.024+0000] {logging_mixin.py:149} INFO - [2024-08-29T19:53:22.024+0000] {dag.py:3486} INFO - Setting next_dagrun for example_external_task_marker_child to None, run_after=None
[2024-08-29T19:53:22.027+0000] {logging_mixin.py:149} INFO - [2024-08-29T19:53:22.027+0000] {dag.py:3486} INFO - Setting next_dagrun for example_external_task_marker_parent to None, run_after=None
[2024-08-29T19:53:22.053+0000] {processor.py:179} INFO - Processing /home/airflow-vm/data-engineer-batch-processing-financial-services/.venv/lib/python3.10/site-packages/airflow/example_dags/example_external_task_marker_dag.py took 0.075 seconds
[2024-08-29T19:54:07.413+0000] {processor.py:157} INFO - Started process (PID=51188) to work on /home/airflow-vm/data-engineer-batch-processing-financial-services/.venv/lib/python3.10/site-packages/airflow/example_dags/example_external_task_marker_dag.py
[2024-08-29T19:54:07.414+0000] {processor.py:826} INFO - Processing file /home/airflow-vm/data-engineer-batch-processing-financial-services/.venv/lib/python3.10/site-packages/airflow/example_dags/example_external_task_marker_dag.py for tasks to queue
[2024-08-29T19:54:07.415+0000] {logging_mixin.py:149} INFO - [2024-08-29T19:54:07.414+0000] {dagbag.py:541} INFO - Filling up the DagBag from /home/airflow-vm/data-engineer-batch-processing-financial-services/.venv/lib/python3.10/site-packages/airflow/example_dags/example_external_task_marker_dag.py
[2024-08-29T19:54:07.420+0000] {processor.py:836} INFO - DAG(s) dict_keys(['example_external_task_marker_parent', 'example_external_task_marker_child']) retrieved from /home/airflow-vm/data-engineer-batch-processing-financial-services/.venv/lib/python3.10/site-packages/airflow/example_dags/example_external_task_marker_dag.py
[2024-08-29T19:54:07.441+0000] {logging_mixin.py:149} INFO - [2024-08-29T19:54:07.440+0000] {dag.py:2726} INFO - Sync 2 DAGs
[2024-08-29T19:54:07.459+0000] {logging_mixin.py:149} INFO - [2024-08-29T19:54:07.459+0000] {dag.py:3486} INFO - Setting next_dagrun for example_external_task_marker_child to None, run_after=None
[2024-08-29T19:54:07.462+0000] {logging_mixin.py:149} INFO - [2024-08-29T19:54:07.462+0000] {dag.py:3486} INFO - Setting next_dagrun for example_external_task_marker_parent to None, run_after=None
[2024-08-29T19:54:07.487+0000] {processor.py:179} INFO - Processing /home/airflow-vm/data-engineer-batch-processing-financial-services/.venv/lib/python3.10/site-packages/airflow/example_dags/example_external_task_marker_dag.py took 0.077 seconds
[2024-08-29T19:54:54.500+0000] {processor.py:157} INFO - Started process (PID=51446) to work on /home/airflow-vm/data-engineer-batch-processing-financial-services/.venv/lib/python3.10/site-packages/airflow/example_dags/example_external_task_marker_dag.py
[2024-08-29T19:54:54.501+0000] {processor.py:826} INFO - Processing file /home/airflow-vm/data-engineer-batch-processing-financial-services/.venv/lib/python3.10/site-packages/airflow/example_dags/example_external_task_marker_dag.py for tasks to queue
[2024-08-29T19:54:54.501+0000] {logging_mixin.py:149} INFO - [2024-08-29T19:54:54.501+0000] {dagbag.py:541} INFO - Filling up the DagBag from /home/airflow-vm/data-engineer-batch-processing-financial-services/.venv/lib/python3.10/site-packages/airflow/example_dags/example_external_task_marker_dag.py
[2024-08-29T19:54:54.506+0000] {processor.py:836} INFO - DAG(s) dict_keys(['example_external_task_marker_child', 'example_external_task_marker_parent']) retrieved from /home/airflow-vm/data-engineer-batch-processing-financial-services/.venv/lib/python3.10/site-packages/airflow/example_dags/example_external_task_marker_dag.py
[2024-08-29T19:54:54.526+0000] {logging_mixin.py:149} INFO - [2024-08-29T19:54:54.526+0000] {dag.py:2726} INFO - Sync 2 DAGs
[2024-08-29T19:54:54.545+0000] {logging_mixin.py:149} INFO - [2024-08-29T19:54:54.545+0000] {dag.py:3486} INFO - Setting next_dagrun for example_external_task_marker_child to None, run_after=None
[2024-08-29T19:54:54.548+0000] {logging_mixin.py:149} INFO - [2024-08-29T19:54:54.548+0000] {dag.py:3486} INFO - Setting next_dagrun for example_external_task_marker_parent to None, run_after=None
[2024-08-29T19:54:54.575+0000] {processor.py:179} INFO - Processing /home/airflow-vm/data-engineer-batch-processing-financial-services/.venv/lib/python3.10/site-packages/airflow/example_dags/example_external_task_marker_dag.py took 0.077 seconds
[2024-08-29T19:55:41.600+0000] {processor.py:157} INFO - Started process (PID=51795) to work on /home/airflow-vm/data-engineer-batch-processing-financial-services/.venv/lib/python3.10/site-packages/airflow/example_dags/example_external_task_marker_dag.py
[2024-08-29T19:55:41.601+0000] {processor.py:826} INFO - Processing file /home/airflow-vm/data-engineer-batch-processing-financial-services/.venv/lib/python3.10/site-packages/airflow/example_dags/example_external_task_marker_dag.py for tasks to queue
[2024-08-29T19:55:41.602+0000] {logging_mixin.py:149} INFO - [2024-08-29T19:55:41.601+0000] {dagbag.py:541} INFO - Filling up the DagBag from /home/airflow-vm/data-engineer-batch-processing-financial-services/.venv/lib/python3.10/site-packages/airflow/example_dags/example_external_task_marker_dag.py
[2024-08-29T19:55:41.607+0000] {processor.py:836} INFO - DAG(s) dict_keys(['example_external_task_marker_child', 'example_external_task_marker_parent']) retrieved from /home/airflow-vm/data-engineer-batch-processing-financial-services/.venv/lib/python3.10/site-packages/airflow/example_dags/example_external_task_marker_dag.py
[2024-08-29T19:55:41.629+0000] {logging_mixin.py:149} INFO - [2024-08-29T19:55:41.629+0000] {dag.py:2726} INFO - Sync 2 DAGs
[2024-08-29T19:55:41.649+0000] {logging_mixin.py:149} INFO - [2024-08-29T19:55:41.648+0000] {dag.py:3486} INFO - Setting next_dagrun for example_external_task_marker_child to None, run_after=None
[2024-08-29T19:55:41.652+0000] {logging_mixin.py:149} INFO - [2024-08-29T19:55:41.652+0000] {dag.py:3486} INFO - Setting next_dagrun for example_external_task_marker_parent to None, run_after=None
[2024-08-29T19:55:41.681+0000] {processor.py:179} INFO - Processing /home/airflow-vm/data-engineer-batch-processing-financial-services/.venv/lib/python3.10/site-packages/airflow/example_dags/example_external_task_marker_dag.py took 0.084 seconds
[2024-08-29T20:11:45.857+0000] {processor.py:157} INFO - Started process (PID=56383) to work on /home/airflow-vm/data-engineer-batch-processing-financial-services/.venv/lib/python3.10/site-packages/airflow/example_dags/example_external_task_marker_dag.py
[2024-08-29T20:11:45.857+0000] {processor.py:826} INFO - Processing file /home/airflow-vm/data-engineer-batch-processing-financial-services/.venv/lib/python3.10/site-packages/airflow/example_dags/example_external_task_marker_dag.py for tasks to queue
[2024-08-29T20:11:45.858+0000] {logging_mixin.py:149} INFO - [2024-08-29T20:11:45.858+0000] {dagbag.py:541} INFO - Filling up the DagBag from /home/airflow-vm/data-engineer-batch-processing-financial-services/.venv/lib/python3.10/site-packages/airflow/example_dags/example_external_task_marker_dag.py
[2024-08-29T20:11:45.865+0000] {processor.py:836} INFO - DAG(s) dict_keys(['example_external_task_marker_child', 'example_external_task_marker_parent']) retrieved from /home/airflow-vm/data-engineer-batch-processing-financial-services/.venv/lib/python3.10/site-packages/airflow/example_dags/example_external_task_marker_dag.py
[2024-08-29T20:11:45.886+0000] {logging_mixin.py:149} INFO - [2024-08-29T20:11:45.886+0000] {dag.py:2726} INFO - Sync 2 DAGs
[2024-08-29T20:11:45.905+0000] {logging_mixin.py:149} INFO - [2024-08-29T20:11:45.905+0000] {dag.py:3486} INFO - Setting next_dagrun for example_external_task_marker_child to None, run_after=None
[2024-08-29T20:11:45.908+0000] {logging_mixin.py:149} INFO - [2024-08-29T20:11:45.908+0000] {dag.py:3486} INFO - Setting next_dagrun for example_external_task_marker_parent to None, run_after=None
[2024-08-29T20:11:45.934+0000] {processor.py:179} INFO - Processing /home/airflow-vm/data-engineer-batch-processing-financial-services/.venv/lib/python3.10/site-packages/airflow/example_dags/example_external_task_marker_dag.py took 0.080 seconds
[2024-08-29T20:12:31.240+0000] {processor.py:157} INFO - Started process (PID=56675) to work on /home/airflow-vm/data-engineer-batch-processing-financial-services/.venv/lib/python3.10/site-packages/airflow/example_dags/example_external_task_marker_dag.py
[2024-08-29T20:12:31.241+0000] {processor.py:826} INFO - Processing file /home/airflow-vm/data-engineer-batch-processing-financial-services/.venv/lib/python3.10/site-packages/airflow/example_dags/example_external_task_marker_dag.py for tasks to queue
[2024-08-29T20:12:31.241+0000] {logging_mixin.py:149} INFO - [2024-08-29T20:12:31.241+0000] {dagbag.py:541} INFO - Filling up the DagBag from /home/airflow-vm/data-engineer-batch-processing-financial-services/.venv/lib/python3.10/site-packages/airflow/example_dags/example_external_task_marker_dag.py
[2024-08-29T20:12:31.247+0000] {processor.py:836} INFO - DAG(s) dict_keys(['example_external_task_marker_child', 'example_external_task_marker_parent']) retrieved from /home/airflow-vm/data-engineer-batch-processing-financial-services/.venv/lib/python3.10/site-packages/airflow/example_dags/example_external_task_marker_dag.py
[2024-08-29T20:12:31.267+0000] {logging_mixin.py:149} INFO - [2024-08-29T20:12:31.267+0000] {dag.py:2726} INFO - Sync 2 DAGs
[2024-08-29T20:12:31.286+0000] {logging_mixin.py:149} INFO - [2024-08-29T20:12:31.286+0000] {dag.py:3486} INFO - Setting next_dagrun for example_external_task_marker_child to None, run_after=None
[2024-08-29T20:12:31.289+0000] {logging_mixin.py:149} INFO - [2024-08-29T20:12:31.289+0000] {dag.py:3486} INFO - Setting next_dagrun for example_external_task_marker_parent to None, run_after=None
[2024-08-29T20:12:31.318+0000] {processor.py:179} INFO - Processing /home/airflow-vm/data-engineer-batch-processing-financial-services/.venv/lib/python3.10/site-packages/airflow/example_dags/example_external_task_marker_dag.py took 0.080 seconds
[2024-08-29T20:13:15.590+0000] {processor.py:157} INFO - Started process (PID=56885) to work on /home/airflow-vm/data-engineer-batch-processing-financial-services/.venv/lib/python3.10/site-packages/airflow/example_dags/example_external_task_marker_dag.py
[2024-08-29T20:13:15.591+0000] {processor.py:826} INFO - Processing file /home/airflow-vm/data-engineer-batch-processing-financial-services/.venv/lib/python3.10/site-packages/airflow/example_dags/example_external_task_marker_dag.py for tasks to queue
[2024-08-29T20:13:15.592+0000] {logging_mixin.py:149} INFO - [2024-08-29T20:13:15.591+0000] {dagbag.py:541} INFO - Filling up the DagBag from /home/airflow-vm/data-engineer-batch-processing-financial-services/.venv/lib/python3.10/site-packages/airflow/example_dags/example_external_task_marker_dag.py
[2024-08-29T20:13:15.597+0000] {processor.py:836} INFO - DAG(s) dict_keys(['example_external_task_marker_parent', 'example_external_task_marker_child']) retrieved from /home/airflow-vm/data-engineer-batch-processing-financial-services/.venv/lib/python3.10/site-packages/airflow/example_dags/example_external_task_marker_dag.py
[2024-08-29T20:13:15.616+0000] {logging_mixin.py:149} INFO - [2024-08-29T20:13:15.616+0000] {dag.py:2726} INFO - Sync 2 DAGs
[2024-08-29T20:13:15.635+0000] {logging_mixin.py:149} INFO - [2024-08-29T20:13:15.635+0000] {dag.py:3486} INFO - Setting next_dagrun for example_external_task_marker_child to None, run_after=None
[2024-08-29T20:13:15.638+0000] {logging_mixin.py:149} INFO - [2024-08-29T20:13:15.637+0000] {dag.py:3486} INFO - Setting next_dagrun for example_external_task_marker_parent to None, run_after=None
[2024-08-29T20:13:15.665+0000] {processor.py:179} INFO - Processing /home/airflow-vm/data-engineer-batch-processing-financial-services/.venv/lib/python3.10/site-packages/airflow/example_dags/example_external_task_marker_dag.py took 0.077 seconds
[2024-08-29T20:15:12.326+0000] {processor.py:157} INFO - Started process (PID=57447) to work on /home/airflow-vm/data-engineer-batch-processing-financial-services/.venv/lib/python3.10/site-packages/airflow/example_dags/example_external_task_marker_dag.py
[2024-08-29T20:15:12.326+0000] {processor.py:826} INFO - Processing file /home/airflow-vm/data-engineer-batch-processing-financial-services/.venv/lib/python3.10/site-packages/airflow/example_dags/example_external_task_marker_dag.py for tasks to queue
[2024-08-29T20:15:12.327+0000] {logging_mixin.py:149} INFO - [2024-08-29T20:15:12.327+0000] {dagbag.py:541} INFO - Filling up the DagBag from /home/airflow-vm/data-engineer-batch-processing-financial-services/.venv/lib/python3.10/site-packages/airflow/example_dags/example_external_task_marker_dag.py
[2024-08-29T20:15:12.334+0000] {processor.py:836} INFO - DAG(s) dict_keys(['example_external_task_marker_child', 'example_external_task_marker_parent']) retrieved from /home/airflow-vm/data-engineer-batch-processing-financial-services/.venv/lib/python3.10/site-packages/airflow/example_dags/example_external_task_marker_dag.py
[2024-08-29T20:15:12.355+0000] {logging_mixin.py:149} INFO - [2024-08-29T20:15:12.354+0000] {dag.py:2726} INFO - Sync 2 DAGs
[2024-08-29T20:15:12.373+0000] {logging_mixin.py:149} INFO - [2024-08-29T20:15:12.372+0000] {dag.py:3486} INFO - Setting next_dagrun for example_external_task_marker_child to None, run_after=None
[2024-08-29T20:15:12.375+0000] {logging_mixin.py:149} INFO - [2024-08-29T20:15:12.375+0000] {dag.py:3486} INFO - Setting next_dagrun for example_external_task_marker_parent to None, run_after=None
[2024-08-29T20:15:12.400+0000] {processor.py:179} INFO - Processing /home/airflow-vm/data-engineer-batch-processing-financial-services/.venv/lib/python3.10/site-packages/airflow/example_dags/example_external_task_marker_dag.py took 0.077 seconds
[2024-08-29T20:15:58.606+0000] {processor.py:157} INFO - Started process (PID=57962) to work on /home/airflow-vm/data-engineer-batch-processing-financial-services/.venv/lib/python3.10/site-packages/airflow/example_dags/example_external_task_marker_dag.py
[2024-08-29T20:15:58.606+0000] {processor.py:826} INFO - Processing file /home/airflow-vm/data-engineer-batch-processing-financial-services/.venv/lib/python3.10/site-packages/airflow/example_dags/example_external_task_marker_dag.py for tasks to queue
[2024-08-29T20:15:58.607+0000] {logging_mixin.py:149} INFO - [2024-08-29T20:15:58.607+0000] {dagbag.py:541} INFO - Filling up the DagBag from /home/airflow-vm/data-engineer-batch-processing-financial-services/.venv/lib/python3.10/site-packages/airflow/example_dags/example_external_task_marker_dag.py
[2024-08-29T20:15:58.612+0000] {processor.py:836} INFO - DAG(s) dict_keys(['example_external_task_marker_parent', 'example_external_task_marker_child']) retrieved from /home/airflow-vm/data-engineer-batch-processing-financial-services/.venv/lib/python3.10/site-packages/airflow/example_dags/example_external_task_marker_dag.py
[2024-08-29T20:15:58.632+0000] {logging_mixin.py:149} INFO - [2024-08-29T20:15:58.632+0000] {dag.py:2726} INFO - Sync 2 DAGs
[2024-08-29T20:15:58.651+0000] {logging_mixin.py:149} INFO - [2024-08-29T20:15:58.651+0000] {dag.py:3486} INFO - Setting next_dagrun for example_external_task_marker_child to None, run_after=None
[2024-08-29T20:15:58.653+0000] {logging_mixin.py:149} INFO - [2024-08-29T20:15:58.653+0000] {dag.py:3486} INFO - Setting next_dagrun for example_external_task_marker_parent to None, run_after=None
[2024-08-29T20:15:58.678+0000] {processor.py:179} INFO - Processing /home/airflow-vm/data-engineer-batch-processing-financial-services/.venv/lib/python3.10/site-packages/airflow/example_dags/example_external_task_marker_dag.py took 0.075 seconds
[2024-08-29T20:24:08.009+0000] {processor.py:157} INFO - Started process (PID=61071) to work on /home/airflow-vm/data-engineer-batch-processing-financial-services/.venv/lib/python3.10/site-packages/airflow/example_dags/example_external_task_marker_dag.py
[2024-08-29T20:24:08.010+0000] {processor.py:826} INFO - Processing file /home/airflow-vm/data-engineer-batch-processing-financial-services/.venv/lib/python3.10/site-packages/airflow/example_dags/example_external_task_marker_dag.py for tasks to queue
[2024-08-29T20:24:08.010+0000] {logging_mixin.py:149} INFO - [2024-08-29T20:24:08.010+0000] {dagbag.py:541} INFO - Filling up the DagBag from /home/airflow-vm/data-engineer-batch-processing-financial-services/.venv/lib/python3.10/site-packages/airflow/example_dags/example_external_task_marker_dag.py
[2024-08-29T20:24:08.017+0000] {processor.py:836} INFO - DAG(s) dict_keys(['example_external_task_marker_parent', 'example_external_task_marker_child']) retrieved from /home/airflow-vm/data-engineer-batch-processing-financial-services/.venv/lib/python3.10/site-packages/airflow/example_dags/example_external_task_marker_dag.py
[2024-08-29T20:24:08.039+0000] {logging_mixin.py:149} INFO - [2024-08-29T20:24:08.039+0000] {dag.py:2726} INFO - Sync 2 DAGs
[2024-08-29T20:24:08.057+0000] {logging_mixin.py:149} INFO - [2024-08-29T20:24:08.057+0000] {dag.py:3486} INFO - Setting next_dagrun for example_external_task_marker_child to None, run_after=None
[2024-08-29T20:24:08.061+0000] {logging_mixin.py:149} INFO - [2024-08-29T20:24:08.061+0000] {dag.py:3486} INFO - Setting next_dagrun for example_external_task_marker_parent to None, run_after=None
[2024-08-29T20:24:08.119+0000] {processor.py:179} INFO - Processing /home/airflow-vm/data-engineer-batch-processing-financial-services/.venv/lib/python3.10/site-packages/airflow/example_dags/example_external_task_marker_dag.py took 0.113 seconds
[2024-08-29T20:26:01.560+0000] {processor.py:157} INFO - Started process (PID=62471) to work on /home/airflow-vm/data-engineer-batch-processing-financial-services/.venv/lib/python3.10/site-packages/airflow/example_dags/example_external_task_marker_dag.py
[2024-08-29T20:26:01.561+0000] {processor.py:826} INFO - Processing file /home/airflow-vm/data-engineer-batch-processing-financial-services/.venv/lib/python3.10/site-packages/airflow/example_dags/example_external_task_marker_dag.py for tasks to queue
[2024-08-29T20:26:01.561+0000] {logging_mixin.py:149} INFO - [2024-08-29T20:26:01.561+0000] {dagbag.py:541} INFO - Filling up the DagBag from /home/airflow-vm/data-engineer-batch-processing-financial-services/.venv/lib/python3.10/site-packages/airflow/example_dags/example_external_task_marker_dag.py
[2024-08-29T20:26:01.566+0000] {processor.py:836} INFO - DAG(s) dict_keys(['example_external_task_marker_parent', 'example_external_task_marker_child']) retrieved from /home/airflow-vm/data-engineer-batch-processing-financial-services/.venv/lib/python3.10/site-packages/airflow/example_dags/example_external_task_marker_dag.py
[2024-08-29T20:26:01.586+0000] {logging_mixin.py:149} INFO - [2024-08-29T20:26:01.586+0000] {dag.py:2726} INFO - Sync 2 DAGs
[2024-08-29T20:26:01.605+0000] {logging_mixin.py:149} INFO - [2024-08-29T20:26:01.605+0000] {dag.py:3486} INFO - Setting next_dagrun for example_external_task_marker_child to None, run_after=None
[2024-08-29T20:26:01.608+0000] {logging_mixin.py:149} INFO - [2024-08-29T20:26:01.608+0000] {dag.py:3486} INFO - Setting next_dagrun for example_external_task_marker_parent to None, run_after=None
[2024-08-29T20:26:01.633+0000] {processor.py:179} INFO - Processing /home/airflow-vm/data-engineer-batch-processing-financial-services/.venv/lib/python3.10/site-packages/airflow/example_dags/example_external_task_marker_dag.py took 0.075 seconds
[2024-08-29T20:26:55.838+0000] {processor.py:157} INFO - Started process (PID=63166) to work on /home/airflow-vm/data-engineer-batch-processing-financial-services/.venv/lib/python3.10/site-packages/airflow/example_dags/example_external_task_marker_dag.py
[2024-08-29T20:26:55.838+0000] {processor.py:826} INFO - Processing file /home/airflow-vm/data-engineer-batch-processing-financial-services/.venv/lib/python3.10/site-packages/airflow/example_dags/example_external_task_marker_dag.py for tasks to queue
[2024-08-29T20:26:55.839+0000] {logging_mixin.py:149} INFO - [2024-08-29T20:26:55.839+0000] {dagbag.py:541} INFO - Filling up the DagBag from /home/airflow-vm/data-engineer-batch-processing-financial-services/.venv/lib/python3.10/site-packages/airflow/example_dags/example_external_task_marker_dag.py
[2024-08-29T20:26:55.844+0000] {processor.py:836} INFO - DAG(s) dict_keys(['example_external_task_marker_parent', 'example_external_task_marker_child']) retrieved from /home/airflow-vm/data-engineer-batch-processing-financial-services/.venv/lib/python3.10/site-packages/airflow/example_dags/example_external_task_marker_dag.py
[2024-08-29T20:26:55.863+0000] {logging_mixin.py:149} INFO - [2024-08-29T20:26:55.863+0000] {dag.py:2726} INFO - Sync 2 DAGs
[2024-08-29T20:26:55.881+0000] {logging_mixin.py:149} INFO - [2024-08-29T20:26:55.881+0000] {dag.py:3486} INFO - Setting next_dagrun for example_external_task_marker_child to None, run_after=None
[2024-08-29T20:26:55.884+0000] {logging_mixin.py:149} INFO - [2024-08-29T20:26:55.884+0000] {dag.py:3486} INFO - Setting next_dagrun for example_external_task_marker_parent to None, run_after=None
[2024-08-29T20:26:55.910+0000] {processor.py:179} INFO - Processing /home/airflow-vm/data-engineer-batch-processing-financial-services/.venv/lib/python3.10/site-packages/airflow/example_dags/example_external_task_marker_dag.py took 0.074 seconds
[2024-08-29T20:27:38.997+0000] {processor.py:157} INFO - Started process (PID=63525) to work on /home/airflow-vm/data-engineer-batch-processing-financial-services/.venv/lib/python3.10/site-packages/airflow/example_dags/example_external_task_marker_dag.py
[2024-08-29T20:27:38.997+0000] {processor.py:826} INFO - Processing file /home/airflow-vm/data-engineer-batch-processing-financial-services/.venv/lib/python3.10/site-packages/airflow/example_dags/example_external_task_marker_dag.py for tasks to queue
[2024-08-29T20:27:38.998+0000] {logging_mixin.py:149} INFO - [2024-08-29T20:27:38.998+0000] {dagbag.py:541} INFO - Filling up the DagBag from /home/airflow-vm/data-engineer-batch-processing-financial-services/.venv/lib/python3.10/site-packages/airflow/example_dags/example_external_task_marker_dag.py
[2024-08-29T20:27:39.003+0000] {processor.py:836} INFO - DAG(s) dict_keys(['example_external_task_marker_child', 'example_external_task_marker_parent']) retrieved from /home/airflow-vm/data-engineer-batch-processing-financial-services/.venv/lib/python3.10/site-packages/airflow/example_dags/example_external_task_marker_dag.py
[2024-08-29T20:27:39.023+0000] {logging_mixin.py:149} INFO - [2024-08-29T20:27:39.023+0000] {dag.py:2726} INFO - Sync 2 DAGs
[2024-08-29T20:27:39.041+0000] {logging_mixin.py:149} INFO - [2024-08-29T20:27:39.040+0000] {dag.py:3486} INFO - Setting next_dagrun for example_external_task_marker_child to None, run_after=None
[2024-08-29T20:27:39.043+0000] {logging_mixin.py:149} INFO - [2024-08-29T20:27:39.043+0000] {dag.py:3486} INFO - Setting next_dagrun for example_external_task_marker_parent to None, run_after=None
[2024-08-29T20:27:39.068+0000] {processor.py:179} INFO - Processing /home/airflow-vm/data-engineer-batch-processing-financial-services/.venv/lib/python3.10/site-packages/airflow/example_dags/example_external_task_marker_dag.py took 0.074 seconds
[2024-08-29T20:28:24.203+0000] {processor.py:157} INFO - Started process (PID=63622) to work on /home/airflow-vm/data-engineer-batch-processing-financial-services/.venv/lib/python3.10/site-packages/airflow/example_dags/example_external_task_marker_dag.py
[2024-08-29T20:28:24.204+0000] {processor.py:826} INFO - Processing file /home/airflow-vm/data-engineer-batch-processing-financial-services/.venv/lib/python3.10/site-packages/airflow/example_dags/example_external_task_marker_dag.py for tasks to queue
[2024-08-29T20:28:24.205+0000] {logging_mixin.py:149} INFO - [2024-08-29T20:28:24.205+0000] {dagbag.py:541} INFO - Filling up the DagBag from /home/airflow-vm/data-engineer-batch-processing-financial-services/.venv/lib/python3.10/site-packages/airflow/example_dags/example_external_task_marker_dag.py
[2024-08-29T20:28:24.210+0000] {processor.py:836} INFO - DAG(s) dict_keys(['example_external_task_marker_child', 'example_external_task_marker_parent']) retrieved from /home/airflow-vm/data-engineer-batch-processing-financial-services/.venv/lib/python3.10/site-packages/airflow/example_dags/example_external_task_marker_dag.py
[2024-08-29T20:28:24.229+0000] {logging_mixin.py:149} INFO - [2024-08-29T20:28:24.229+0000] {dag.py:2726} INFO - Sync 2 DAGs
[2024-08-29T20:28:24.248+0000] {logging_mixin.py:149} INFO - [2024-08-29T20:28:24.248+0000] {dag.py:3486} INFO - Setting next_dagrun for example_external_task_marker_child to None, run_after=None
[2024-08-29T20:28:24.251+0000] {logging_mixin.py:149} INFO - [2024-08-29T20:28:24.250+0000] {dag.py:3486} INFO - Setting next_dagrun for example_external_task_marker_parent to None, run_after=None
[2024-08-29T20:28:24.280+0000] {processor.py:179} INFO - Processing /home/airflow-vm/data-engineer-batch-processing-financial-services/.venv/lib/python3.10/site-packages/airflow/example_dags/example_external_task_marker_dag.py took 0.079 seconds
[2024-08-29T20:31:08.860+0000] {processor.py:157} INFO - Started process (PID=65537) to work on /home/airflow-vm/data-engineer-batch-processing-financial-services/.venv/lib/python3.10/site-packages/airflow/example_dags/example_external_task_marker_dag.py
[2024-08-29T20:31:08.861+0000] {processor.py:826} INFO - Processing file /home/airflow-vm/data-engineer-batch-processing-financial-services/.venv/lib/python3.10/site-packages/airflow/example_dags/example_external_task_marker_dag.py for tasks to queue
[2024-08-29T20:31:08.862+0000] {logging_mixin.py:149} INFO - [2024-08-29T20:31:08.861+0000] {dagbag.py:541} INFO - Filling up the DagBag from /home/airflow-vm/data-engineer-batch-processing-financial-services/.venv/lib/python3.10/site-packages/airflow/example_dags/example_external_task_marker_dag.py
[2024-08-29T20:31:08.868+0000] {processor.py:836} INFO - DAG(s) dict_keys(['example_external_task_marker_parent', 'example_external_task_marker_child']) retrieved from /home/airflow-vm/data-engineer-batch-processing-financial-services/.venv/lib/python3.10/site-packages/airflow/example_dags/example_external_task_marker_dag.py
[2024-08-29T20:31:08.889+0000] {logging_mixin.py:149} INFO - [2024-08-29T20:31:08.889+0000] {dag.py:2726} INFO - Sync 2 DAGs
[2024-08-29T20:31:08.908+0000] {logging_mixin.py:149} INFO - [2024-08-29T20:31:08.907+0000] {dag.py:3486} INFO - Setting next_dagrun for example_external_task_marker_child to None, run_after=None
[2024-08-29T20:31:08.910+0000] {logging_mixin.py:149} INFO - [2024-08-29T20:31:08.910+0000] {dag.py:3486} INFO - Setting next_dagrun for example_external_task_marker_parent to None, run_after=None
[2024-08-29T20:31:08.936+0000] {processor.py:179} INFO - Processing /home/airflow-vm/data-engineer-batch-processing-financial-services/.venv/lib/python3.10/site-packages/airflow/example_dags/example_external_task_marker_dag.py took 0.078 seconds
[2024-08-29T20:32:57.465+0000] {processor.py:157} INFO - Started process (PID=66870) to work on /home/airflow-vm/data-engineer-batch-processing-financial-services/.venv/lib/python3.10/site-packages/airflow/example_dags/example_external_task_marker_dag.py
[2024-08-29T20:32:57.465+0000] {processor.py:826} INFO - Processing file /home/airflow-vm/data-engineer-batch-processing-financial-services/.venv/lib/python3.10/site-packages/airflow/example_dags/example_external_task_marker_dag.py for tasks to queue
[2024-08-29T20:32:57.466+0000] {logging_mixin.py:149} INFO - [2024-08-29T20:32:57.466+0000] {dagbag.py:541} INFO - Filling up the DagBag from /home/airflow-vm/data-engineer-batch-processing-financial-services/.venv/lib/python3.10/site-packages/airflow/example_dags/example_external_task_marker_dag.py
[2024-08-29T20:32:57.471+0000] {processor.py:836} INFO - DAG(s) dict_keys(['example_external_task_marker_parent', 'example_external_task_marker_child']) retrieved from /home/airflow-vm/data-engineer-batch-processing-financial-services/.venv/lib/python3.10/site-packages/airflow/example_dags/example_external_task_marker_dag.py
[2024-08-29T20:32:57.490+0000] {logging_mixin.py:149} INFO - [2024-08-29T20:32:57.490+0000] {dag.py:2726} INFO - Sync 2 DAGs
[2024-08-29T20:32:57.509+0000] {logging_mixin.py:149} INFO - [2024-08-29T20:32:57.509+0000] {dag.py:3486} INFO - Setting next_dagrun for example_external_task_marker_child to None, run_after=None
[2024-08-29T20:32:57.511+0000] {logging_mixin.py:149} INFO - [2024-08-29T20:32:57.511+0000] {dag.py:3486} INFO - Setting next_dagrun for example_external_task_marker_parent to None, run_after=None
[2024-08-29T20:32:57.537+0000] {processor.py:179} INFO - Processing /home/airflow-vm/data-engineer-batch-processing-financial-services/.venv/lib/python3.10/site-packages/airflow/example_dags/example_external_task_marker_dag.py took 0.075 seconds
[2024-08-29T20:34:21.623+0000] {processor.py:157} INFO - Started process (PID=67939) to work on /home/airflow-vm/data-engineer-batch-processing-financial-services/.venv/lib/python3.10/site-packages/airflow/example_dags/example_external_task_marker_dag.py
[2024-08-29T20:34:21.623+0000] {processor.py:826} INFO - Processing file /home/airflow-vm/data-engineer-batch-processing-financial-services/.venv/lib/python3.10/site-packages/airflow/example_dags/example_external_task_marker_dag.py for tasks to queue
[2024-08-29T20:34:21.624+0000] {logging_mixin.py:149} INFO - [2024-08-29T20:34:21.624+0000] {dagbag.py:541} INFO - Filling up the DagBag from /home/airflow-vm/data-engineer-batch-processing-financial-services/.venv/lib/python3.10/site-packages/airflow/example_dags/example_external_task_marker_dag.py
[2024-08-29T20:34:21.629+0000] {processor.py:836} INFO - DAG(s) dict_keys(['example_external_task_marker_child', 'example_external_task_marker_parent']) retrieved from /home/airflow-vm/data-engineer-batch-processing-financial-services/.venv/lib/python3.10/site-packages/airflow/example_dags/example_external_task_marker_dag.py
[2024-08-29T20:34:21.648+0000] {logging_mixin.py:149} INFO - [2024-08-29T20:34:21.648+0000] {dag.py:2726} INFO - Sync 2 DAGs
[2024-08-29T20:34:21.666+0000] {logging_mixin.py:149} INFO - [2024-08-29T20:34:21.666+0000] {dag.py:3486} INFO - Setting next_dagrun for example_external_task_marker_child to None, run_after=None
[2024-08-29T20:34:21.669+0000] {logging_mixin.py:149} INFO - [2024-08-29T20:34:21.669+0000] {dag.py:3486} INFO - Setting next_dagrun for example_external_task_marker_parent to None, run_after=None
[2024-08-29T20:34:21.693+0000] {processor.py:179} INFO - Processing /home/airflow-vm/data-engineer-batch-processing-financial-services/.venv/lib/python3.10/site-packages/airflow/example_dags/example_external_task_marker_dag.py took 0.073 seconds
[2024-08-29T20:35:34.857+0000] {processor.py:157} INFO - Started process (PID=68885) to work on /home/airflow-vm/data-engineer-batch-processing-financial-services/.venv/lib/python3.10/site-packages/airflow/example_dags/example_external_task_marker_dag.py
[2024-08-29T20:35:34.858+0000] {processor.py:826} INFO - Processing file /home/airflow-vm/data-engineer-batch-processing-financial-services/.venv/lib/python3.10/site-packages/airflow/example_dags/example_external_task_marker_dag.py for tasks to queue
[2024-08-29T20:35:34.859+0000] {logging_mixin.py:149} INFO - [2024-08-29T20:35:34.859+0000] {dagbag.py:541} INFO - Filling up the DagBag from /home/airflow-vm/data-engineer-batch-processing-financial-services/.venv/lib/python3.10/site-packages/airflow/example_dags/example_external_task_marker_dag.py
[2024-08-29T20:35:34.866+0000] {processor.py:836} INFO - DAG(s) dict_keys(['example_external_task_marker_parent', 'example_external_task_marker_child']) retrieved from /home/airflow-vm/data-engineer-batch-processing-financial-services/.venv/lib/python3.10/site-packages/airflow/example_dags/example_external_task_marker_dag.py
[2024-08-29T20:35:34.913+0000] {logging_mixin.py:149} INFO - [2024-08-29T20:35:34.913+0000] {dag.py:2726} INFO - Sync 2 DAGs
[2024-08-29T20:35:34.930+0000] {logging_mixin.py:149} INFO - [2024-08-29T20:35:34.930+0000] {dag.py:3486} INFO - Setting next_dagrun for example_external_task_marker_child to None, run_after=None
[2024-08-29T20:35:34.934+0000] {logging_mixin.py:149} INFO - [2024-08-29T20:35:34.934+0000] {dag.py:3486} INFO - Setting next_dagrun for example_external_task_marker_parent to None, run_after=None
[2024-08-29T20:35:34.960+0000] {processor.py:179} INFO - Processing /home/airflow-vm/data-engineer-batch-processing-financial-services/.venv/lib/python3.10/site-packages/airflow/example_dags/example_external_task_marker_dag.py took 0.105 seconds
[2024-08-29T20:37:28.252+0000] {processor.py:157} INFO - Started process (PID=70307) to work on /home/airflow-vm/data-engineer-batch-processing-financial-services/.venv/lib/python3.10/site-packages/airflow/example_dags/example_external_task_marker_dag.py
[2024-08-29T20:37:28.253+0000] {processor.py:826} INFO - Processing file /home/airflow-vm/data-engineer-batch-processing-financial-services/.venv/lib/python3.10/site-packages/airflow/example_dags/example_external_task_marker_dag.py for tasks to queue
[2024-08-29T20:37:28.254+0000] {logging_mixin.py:149} INFO - [2024-08-29T20:37:28.254+0000] {dagbag.py:541} INFO - Filling up the DagBag from /home/airflow-vm/data-engineer-batch-processing-financial-services/.venv/lib/python3.10/site-packages/airflow/example_dags/example_external_task_marker_dag.py
[2024-08-29T20:37:28.259+0000] {processor.py:836} INFO - DAG(s) dict_keys(['example_external_task_marker_child', 'example_external_task_marker_parent']) retrieved from /home/airflow-vm/data-engineer-batch-processing-financial-services/.venv/lib/python3.10/site-packages/airflow/example_dags/example_external_task_marker_dag.py
[2024-08-29T20:37:28.278+0000] {logging_mixin.py:149} INFO - [2024-08-29T20:37:28.278+0000] {dag.py:2726} INFO - Sync 2 DAGs
[2024-08-29T20:37:28.298+0000] {logging_mixin.py:149} INFO - [2024-08-29T20:37:28.297+0000] {dag.py:3486} INFO - Setting next_dagrun for example_external_task_marker_child to None, run_after=None
[2024-08-29T20:37:28.300+0000] {logging_mixin.py:149} INFO - [2024-08-29T20:37:28.300+0000] {dag.py:3486} INFO - Setting next_dagrun for example_external_task_marker_parent to None, run_after=None
[2024-08-29T20:37:28.325+0000] {processor.py:179} INFO - Processing /home/airflow-vm/data-engineer-batch-processing-financial-services/.venv/lib/python3.10/site-packages/airflow/example_dags/example_external_task_marker_dag.py took 0.076 seconds
[2024-08-29T20:38:53.802+0000] {processor.py:157} INFO - Started process (PID=71486) to work on /home/airflow-vm/data-engineer-batch-processing-financial-services/.venv/lib/python3.10/site-packages/airflow/example_dags/example_external_task_marker_dag.py
[2024-08-29T20:38:53.803+0000] {processor.py:826} INFO - Processing file /home/airflow-vm/data-engineer-batch-processing-financial-services/.venv/lib/python3.10/site-packages/airflow/example_dags/example_external_task_marker_dag.py for tasks to queue
[2024-08-29T20:38:53.804+0000] {logging_mixin.py:149} INFO - [2024-08-29T20:38:53.804+0000] {dagbag.py:541} INFO - Filling up the DagBag from /home/airflow-vm/data-engineer-batch-processing-financial-services/.venv/lib/python3.10/site-packages/airflow/example_dags/example_external_task_marker_dag.py
[2024-08-29T20:38:53.809+0000] {processor.py:836} INFO - DAG(s) dict_keys(['example_external_task_marker_parent', 'example_external_task_marker_child']) retrieved from /home/airflow-vm/data-engineer-batch-processing-financial-services/.venv/lib/python3.10/site-packages/airflow/example_dags/example_external_task_marker_dag.py
[2024-08-29T20:38:53.829+0000] {logging_mixin.py:149} INFO - [2024-08-29T20:38:53.829+0000] {dag.py:2726} INFO - Sync 2 DAGs
[2024-08-29T20:38:53.847+0000] {logging_mixin.py:149} INFO - [2024-08-29T20:38:53.846+0000] {dag.py:3486} INFO - Setting next_dagrun for example_external_task_marker_child to None, run_after=None
[2024-08-29T20:38:53.849+0000] {logging_mixin.py:149} INFO - [2024-08-29T20:38:53.849+0000] {dag.py:3486} INFO - Setting next_dagrun for example_external_task_marker_parent to None, run_after=None
[2024-08-29T20:38:53.875+0000] {processor.py:179} INFO - Processing /home/airflow-vm/data-engineer-batch-processing-financial-services/.venv/lib/python3.10/site-packages/airflow/example_dags/example_external_task_marker_dag.py took 0.075 seconds
