[2024-08-29T19:48:20.166+0000] {processor.py:157} INFO - Started process (PID=49234) to work on /home/airflow-vm/data-engineer-batch-processing-financial-services/.venv/lib/python3.10/site-packages/airflow/example_dags/example_complex.py
[2024-08-29T19:48:20.167+0000] {processor.py:826} INFO - Processing file /home/airflow-vm/data-engineer-batch-processing-financial-services/.venv/lib/python3.10/site-packages/airflow/example_dags/example_complex.py for tasks to queue
[2024-08-29T19:48:20.168+0000] {logging_mixin.py:149} INFO - [2024-08-29T19:48:20.168+0000] {dagbag.py:541} INFO - Filling up the DagBag from /home/airflow-vm/data-engineer-batch-processing-financial-services/.venv/lib/python3.10/site-packages/airflow/example_dags/example_complex.py
[2024-08-29T19:48:20.177+0000] {logging_mixin.py:149} INFO - [2024-08-29T19:48:20.177+0000] {taskmixin.py:211} WARNING - Dependency <Task(BashOperator): create_entry_group>, delete_entry_group already registered for DAG: example_complex
[2024-08-29T19:48:20.177+0000] {logging_mixin.py:149} INFO - [2024-08-29T19:48:20.177+0000] {taskmixin.py:211} WARNING - Dependency <Task(BashOperator): delete_entry_group>, create_entry_group already registered for DAG: example_complex
[2024-08-29T19:48:20.177+0000] {logging_mixin.py:149} INFO - [2024-08-29T19:48:20.177+0000] {taskmixin.py:211} WARNING - Dependency <Task(BashOperator): create_entry_gcs>, delete_entry already registered for DAG: example_complex
[2024-08-29T19:48:20.177+0000] {logging_mixin.py:149} INFO - [2024-08-29T19:48:20.177+0000] {taskmixin.py:211} WARNING - Dependency <Task(BashOperator): delete_entry>, create_entry_gcs already registered for DAG: example_complex
[2024-08-29T19:48:20.178+0000] {logging_mixin.py:149} INFO - [2024-08-29T19:48:20.178+0000] {taskmixin.py:211} WARNING - Dependency <Task(BashOperator): create_tag>, delete_tag already registered for DAG: example_complex
[2024-08-29T19:48:20.178+0000] {logging_mixin.py:149} INFO - [2024-08-29T19:48:20.178+0000] {taskmixin.py:211} WARNING - Dependency <Task(BashOperator): delete_tag>, create_tag already registered for DAG: example_complex
[2024-08-29T19:48:20.180+0000] {processor.py:836} INFO - DAG(s) dict_keys(['example_complex']) retrieved from /home/airflow-vm/data-engineer-batch-processing-financial-services/.venv/lib/python3.10/site-packages/airflow/example_dags/example_complex.py
[2024-08-29T19:48:20.308+0000] {logging_mixin.py:149} INFO - [2024-08-29T19:48:20.308+0000] {manager.py:504} INFO - Created Permission View: can delete on DAG:example_complex
[2024-08-29T19:48:20.326+0000] {logging_mixin.py:149} INFO - [2024-08-29T19:48:20.326+0000] {manager.py:504} INFO - Created Permission View: can edit on DAG:example_complex
[2024-08-29T19:48:20.345+0000] {logging_mixin.py:149} INFO - [2024-08-29T19:48:20.345+0000] {manager.py:504} INFO - Created Permission View: can read on DAG:example_complex
[2024-08-29T19:48:20.345+0000] {logging_mixin.py:149} INFO - [2024-08-29T19:48:20.345+0000] {dag.py:2726} INFO - Sync 1 DAGs
[2024-08-29T19:48:20.357+0000] {logging_mixin.py:149} INFO - [2024-08-29T19:48:20.357+0000] {dag.py:2747} INFO - Creating ORM DAG for example_complex
[2024-08-29T19:48:20.365+0000] {logging_mixin.py:149} INFO - [2024-08-29T19:48:20.365+0000] {dag.py:3486} INFO - Setting next_dagrun for example_complex to None, run_after=None
[2024-08-29T19:48:20.398+0000] {processor.py:179} INFO - Processing /home/airflow-vm/data-engineer-batch-processing-financial-services/.venv/lib/python3.10/site-packages/airflow/example_dags/example_complex.py took 0.234 seconds
[2024-08-29T19:49:15.017+0000] {processor.py:157} INFO - Started process (PID=49615) to work on /home/airflow-vm/data-engineer-batch-processing-financial-services/.venv/lib/python3.10/site-packages/airflow/example_dags/example_complex.py
[2024-08-29T19:49:15.018+0000] {processor.py:826} INFO - Processing file /home/airflow-vm/data-engineer-batch-processing-financial-services/.venv/lib/python3.10/site-packages/airflow/example_dags/example_complex.py for tasks to queue
[2024-08-29T19:49:15.019+0000] {logging_mixin.py:149} INFO - [2024-08-29T19:49:15.018+0000] {dagbag.py:541} INFO - Filling up the DagBag from /home/airflow-vm/data-engineer-batch-processing-financial-services/.venv/lib/python3.10/site-packages/airflow/example_dags/example_complex.py
[2024-08-29T19:49:15.027+0000] {logging_mixin.py:149} INFO - [2024-08-29T19:49:15.027+0000] {taskmixin.py:211} WARNING - Dependency <Task(BashOperator): create_entry_group>, delete_entry_group already registered for DAG: example_complex
[2024-08-29T19:49:15.028+0000] {logging_mixin.py:149} INFO - [2024-08-29T19:49:15.027+0000] {taskmixin.py:211} WARNING - Dependency <Task(BashOperator): delete_entry_group>, create_entry_group already registered for DAG: example_complex
[2024-08-29T19:49:15.028+0000] {logging_mixin.py:149} INFO - [2024-08-29T19:49:15.028+0000] {taskmixin.py:211} WARNING - Dependency <Task(BashOperator): create_entry_gcs>, delete_entry already registered for DAG: example_complex
[2024-08-29T19:49:15.028+0000] {logging_mixin.py:149} INFO - [2024-08-29T19:49:15.028+0000] {taskmixin.py:211} WARNING - Dependency <Task(BashOperator): delete_entry>, create_entry_gcs already registered for DAG: example_complex
[2024-08-29T19:49:15.028+0000] {logging_mixin.py:149} INFO - [2024-08-29T19:49:15.028+0000] {taskmixin.py:211} WARNING - Dependency <Task(BashOperator): create_tag>, delete_tag already registered for DAG: example_complex
[2024-08-29T19:49:15.028+0000] {logging_mixin.py:149} INFO - [2024-08-29T19:49:15.028+0000] {taskmixin.py:211} WARNING - Dependency <Task(BashOperator): delete_tag>, create_tag already registered for DAG: example_complex
[2024-08-29T19:49:15.030+0000] {processor.py:836} INFO - DAG(s) dict_keys(['example_complex']) retrieved from /home/airflow-vm/data-engineer-batch-processing-financial-services/.venv/lib/python3.10/site-packages/airflow/example_dags/example_complex.py
[2024-08-29T19:49:15.058+0000] {logging_mixin.py:149} INFO - [2024-08-29T19:49:15.057+0000] {dag.py:2726} INFO - Sync 1 DAGs
[2024-08-29T19:49:15.076+0000] {logging_mixin.py:149} INFO - [2024-08-29T19:49:15.076+0000] {dag.py:3486} INFO - Setting next_dagrun for example_complex to None, run_after=None
[2024-08-29T19:49:15.111+0000] {processor.py:179} INFO - Processing /home/airflow-vm/data-engineer-batch-processing-financial-services/.venv/lib/python3.10/site-packages/airflow/example_dags/example_complex.py took 0.096 seconds
[2024-08-29T19:50:03.701+0000] {processor.py:157} INFO - Started process (PID=49743) to work on /home/airflow-vm/data-engineer-batch-processing-financial-services/.venv/lib/python3.10/site-packages/airflow/example_dags/example_complex.py
[2024-08-29T19:50:03.702+0000] {processor.py:826} INFO - Processing file /home/airflow-vm/data-engineer-batch-processing-financial-services/.venv/lib/python3.10/site-packages/airflow/example_dags/example_complex.py for tasks to queue
[2024-08-29T19:50:03.702+0000] {logging_mixin.py:149} INFO - [2024-08-29T19:50:03.702+0000] {dagbag.py:541} INFO - Filling up the DagBag from /home/airflow-vm/data-engineer-batch-processing-financial-services/.venv/lib/python3.10/site-packages/airflow/example_dags/example_complex.py
[2024-08-29T19:50:03.711+0000] {logging_mixin.py:149} INFO - [2024-08-29T19:50:03.711+0000] {taskmixin.py:211} WARNING - Dependency <Task(BashOperator): create_entry_group>, delete_entry_group already registered for DAG: example_complex
[2024-08-29T19:50:03.711+0000] {logging_mixin.py:149} INFO - [2024-08-29T19:50:03.711+0000] {taskmixin.py:211} WARNING - Dependency <Task(BashOperator): delete_entry_group>, create_entry_group already registered for DAG: example_complex
[2024-08-29T19:50:03.712+0000] {logging_mixin.py:149} INFO - [2024-08-29T19:50:03.712+0000] {taskmixin.py:211} WARNING - Dependency <Task(BashOperator): create_entry_gcs>, delete_entry already registered for DAG: example_complex
[2024-08-29T19:50:03.712+0000] {logging_mixin.py:149} INFO - [2024-08-29T19:50:03.712+0000] {taskmixin.py:211} WARNING - Dependency <Task(BashOperator): delete_entry>, create_entry_gcs already registered for DAG: example_complex
[2024-08-29T19:50:03.712+0000] {logging_mixin.py:149} INFO - [2024-08-29T19:50:03.712+0000] {taskmixin.py:211} WARNING - Dependency <Task(BashOperator): create_tag>, delete_tag already registered for DAG: example_complex
[2024-08-29T19:50:03.712+0000] {logging_mixin.py:149} INFO - [2024-08-29T19:50:03.712+0000] {taskmixin.py:211} WARNING - Dependency <Task(BashOperator): delete_tag>, create_tag already registered for DAG: example_complex
[2024-08-29T19:50:03.714+0000] {processor.py:836} INFO - DAG(s) dict_keys(['example_complex']) retrieved from /home/airflow-vm/data-engineer-batch-processing-financial-services/.venv/lib/python3.10/site-packages/airflow/example_dags/example_complex.py
[2024-08-29T19:50:03.743+0000] {logging_mixin.py:149} INFO - [2024-08-29T19:50:03.743+0000] {dag.py:2726} INFO - Sync 1 DAGs
[2024-08-29T19:50:03.762+0000] {logging_mixin.py:149} INFO - [2024-08-29T19:50:03.762+0000] {dag.py:3486} INFO - Setting next_dagrun for example_complex to None, run_after=None
[2024-08-29T19:50:03.796+0000] {processor.py:179} INFO - Processing /home/airflow-vm/data-engineer-batch-processing-financial-services/.venv/lib/python3.10/site-packages/airflow/example_dags/example_complex.py took 0.097 seconds
[2024-08-29T19:50:50.728+0000] {processor.py:157} INFO - Started process (PID=50326) to work on /home/airflow-vm/data-engineer-batch-processing-financial-services/.venv/lib/python3.10/site-packages/airflow/example_dags/example_complex.py
[2024-08-29T19:50:50.729+0000] {processor.py:826} INFO - Processing file /home/airflow-vm/data-engineer-batch-processing-financial-services/.venv/lib/python3.10/site-packages/airflow/example_dags/example_complex.py for tasks to queue
[2024-08-29T19:50:50.729+0000] {logging_mixin.py:149} INFO - [2024-08-29T19:50:50.729+0000] {dagbag.py:541} INFO - Filling up the DagBag from /home/airflow-vm/data-engineer-batch-processing-financial-services/.venv/lib/python3.10/site-packages/airflow/example_dags/example_complex.py
[2024-08-29T19:50:50.738+0000] {logging_mixin.py:149} INFO - [2024-08-29T19:50:50.738+0000] {taskmixin.py:211} WARNING - Dependency <Task(BashOperator): create_entry_group>, delete_entry_group already registered for DAG: example_complex
[2024-08-29T19:50:50.738+0000] {logging_mixin.py:149} INFO - [2024-08-29T19:50:50.738+0000] {taskmixin.py:211} WARNING - Dependency <Task(BashOperator): delete_entry_group>, create_entry_group already registered for DAG: example_complex
[2024-08-29T19:50:50.738+0000] {logging_mixin.py:149} INFO - [2024-08-29T19:50:50.738+0000] {taskmixin.py:211} WARNING - Dependency <Task(BashOperator): create_entry_gcs>, delete_entry already registered for DAG: example_complex
[2024-08-29T19:50:50.738+0000] {logging_mixin.py:149} INFO - [2024-08-29T19:50:50.738+0000] {taskmixin.py:211} WARNING - Dependency <Task(BashOperator): delete_entry>, create_entry_gcs already registered for DAG: example_complex
[2024-08-29T19:50:50.739+0000] {logging_mixin.py:149} INFO - [2024-08-29T19:50:50.739+0000] {taskmixin.py:211} WARNING - Dependency <Task(BashOperator): create_tag>, delete_tag already registered for DAG: example_complex
[2024-08-29T19:50:50.739+0000] {logging_mixin.py:149} INFO - [2024-08-29T19:50:50.739+0000] {taskmixin.py:211} WARNING - Dependency <Task(BashOperator): delete_tag>, create_tag already registered for DAG: example_complex
[2024-08-29T19:50:50.740+0000] {processor.py:836} INFO - DAG(s) dict_keys(['example_complex']) retrieved from /home/airflow-vm/data-engineer-batch-processing-financial-services/.venv/lib/python3.10/site-packages/airflow/example_dags/example_complex.py
[2024-08-29T19:50:50.768+0000] {logging_mixin.py:149} INFO - [2024-08-29T19:50:50.768+0000] {dag.py:2726} INFO - Sync 1 DAGs
[2024-08-29T19:50:50.787+0000] {logging_mixin.py:149} INFO - [2024-08-29T19:50:50.787+0000] {dag.py:3486} INFO - Setting next_dagrun for example_complex to None, run_after=None
[2024-08-29T19:50:50.815+0000] {processor.py:179} INFO - Processing /home/airflow-vm/data-engineer-batch-processing-financial-services/.venv/lib/python3.10/site-packages/airflow/example_dags/example_complex.py took 0.089 seconds
[2024-08-29T19:51:38.790+0000] {processor.py:157} INFO - Started process (PID=50765) to work on /home/airflow-vm/data-engineer-batch-processing-financial-services/.venv/lib/python3.10/site-packages/airflow/example_dags/example_complex.py
[2024-08-29T19:51:38.791+0000] {processor.py:826} INFO - Processing file /home/airflow-vm/data-engineer-batch-processing-financial-services/.venv/lib/python3.10/site-packages/airflow/example_dags/example_complex.py for tasks to queue
[2024-08-29T19:51:38.792+0000] {logging_mixin.py:149} INFO - [2024-08-29T19:51:38.792+0000] {dagbag.py:541} INFO - Filling up the DagBag from /home/airflow-vm/data-engineer-batch-processing-financial-services/.venv/lib/python3.10/site-packages/airflow/example_dags/example_complex.py
[2024-08-29T19:51:38.801+0000] {logging_mixin.py:149} INFO - [2024-08-29T19:51:38.801+0000] {taskmixin.py:211} WARNING - Dependency <Task(BashOperator): create_entry_group>, delete_entry_group already registered for DAG: example_complex
[2024-08-29T19:51:38.801+0000] {logging_mixin.py:149} INFO - [2024-08-29T19:51:38.801+0000] {taskmixin.py:211} WARNING - Dependency <Task(BashOperator): delete_entry_group>, create_entry_group already registered for DAG: example_complex
[2024-08-29T19:51:38.801+0000] {logging_mixin.py:149} INFO - [2024-08-29T19:51:38.801+0000] {taskmixin.py:211} WARNING - Dependency <Task(BashOperator): create_entry_gcs>, delete_entry already registered for DAG: example_complex
[2024-08-29T19:51:38.802+0000] {logging_mixin.py:149} INFO - [2024-08-29T19:51:38.802+0000] {taskmixin.py:211} WARNING - Dependency <Task(BashOperator): delete_entry>, create_entry_gcs already registered for DAG: example_complex
[2024-08-29T19:51:38.802+0000] {logging_mixin.py:149} INFO - [2024-08-29T19:51:38.802+0000] {taskmixin.py:211} WARNING - Dependency <Task(BashOperator): create_tag>, delete_tag already registered for DAG: example_complex
[2024-08-29T19:51:38.802+0000] {logging_mixin.py:149} INFO - [2024-08-29T19:51:38.802+0000] {taskmixin.py:211} WARNING - Dependency <Task(BashOperator): delete_tag>, create_tag already registered for DAG: example_complex
[2024-08-29T19:51:38.804+0000] {processor.py:836} INFO - DAG(s) dict_keys(['example_complex']) retrieved from /home/airflow-vm/data-engineer-batch-processing-financial-services/.venv/lib/python3.10/site-packages/airflow/example_dags/example_complex.py
[2024-08-29T19:51:38.833+0000] {logging_mixin.py:149} INFO - [2024-08-29T19:51:38.833+0000] {dag.py:2726} INFO - Sync 1 DAGs
[2024-08-29T19:51:38.853+0000] {logging_mixin.py:149} INFO - [2024-08-29T19:51:38.853+0000] {dag.py:3486} INFO - Setting next_dagrun for example_complex to None, run_after=None
[2024-08-29T19:51:38.883+0000] {processor.py:179} INFO - Processing /home/airflow-vm/data-engineer-batch-processing-financial-services/.venv/lib/python3.10/site-packages/airflow/example_dags/example_complex.py took 0.096 seconds
[2024-08-29T19:52:28.122+0000] {processor.py:157} INFO - Started process (PID=50923) to work on /home/airflow-vm/data-engineer-batch-processing-financial-services/.venv/lib/python3.10/site-packages/airflow/example_dags/example_complex.py
[2024-08-29T19:52:28.123+0000] {processor.py:826} INFO - Processing file /home/airflow-vm/data-engineer-batch-processing-financial-services/.venv/lib/python3.10/site-packages/airflow/example_dags/example_complex.py for tasks to queue
[2024-08-29T19:52:28.124+0000] {logging_mixin.py:149} INFO - [2024-08-29T19:52:28.123+0000] {dagbag.py:541} INFO - Filling up the DagBag from /home/airflow-vm/data-engineer-batch-processing-financial-services/.venv/lib/python3.10/site-packages/airflow/example_dags/example_complex.py
[2024-08-29T19:52:28.132+0000] {logging_mixin.py:149} INFO - [2024-08-29T19:52:28.132+0000] {taskmixin.py:211} WARNING - Dependency <Task(BashOperator): create_entry_group>, delete_entry_group already registered for DAG: example_complex
[2024-08-29T19:52:28.133+0000] {logging_mixin.py:149} INFO - [2024-08-29T19:52:28.133+0000] {taskmixin.py:211} WARNING - Dependency <Task(BashOperator): delete_entry_group>, create_entry_group already registered for DAG: example_complex
[2024-08-29T19:52:28.133+0000] {logging_mixin.py:149} INFO - [2024-08-29T19:52:28.133+0000] {taskmixin.py:211} WARNING - Dependency <Task(BashOperator): create_entry_gcs>, delete_entry already registered for DAG: example_complex
[2024-08-29T19:52:28.133+0000] {logging_mixin.py:149} INFO - [2024-08-29T19:52:28.133+0000] {taskmixin.py:211} WARNING - Dependency <Task(BashOperator): delete_entry>, create_entry_gcs already registered for DAG: example_complex
[2024-08-29T19:52:28.133+0000] {logging_mixin.py:149} INFO - [2024-08-29T19:52:28.133+0000] {taskmixin.py:211} WARNING - Dependency <Task(BashOperator): create_tag>, delete_tag already registered for DAG: example_complex
[2024-08-29T19:52:28.133+0000] {logging_mixin.py:149} INFO - [2024-08-29T19:52:28.133+0000] {taskmixin.py:211} WARNING - Dependency <Task(BashOperator): delete_tag>, create_tag already registered for DAG: example_complex
[2024-08-29T19:52:28.135+0000] {processor.py:836} INFO - DAG(s) dict_keys(['example_complex']) retrieved from /home/airflow-vm/data-engineer-batch-processing-financial-services/.venv/lib/python3.10/site-packages/airflow/example_dags/example_complex.py
[2024-08-29T19:52:28.163+0000] {logging_mixin.py:149} INFO - [2024-08-29T19:52:28.163+0000] {dag.py:2726} INFO - Sync 1 DAGs
[2024-08-29T19:52:28.183+0000] {logging_mixin.py:149} INFO - [2024-08-29T19:52:28.183+0000] {dag.py:3486} INFO - Setting next_dagrun for example_complex to None, run_after=None
[2024-08-29T19:52:28.213+0000] {processor.py:179} INFO - Processing /home/airflow-vm/data-engineer-batch-processing-financial-services/.venv/lib/python3.10/site-packages/airflow/example_dags/example_complex.py took 0.093 seconds
[2024-08-29T19:53:12.377+0000] {processor.py:157} INFO - Started process (PID=51034) to work on /home/airflow-vm/data-engineer-batch-processing-financial-services/.venv/lib/python3.10/site-packages/airflow/example_dags/example_complex.py
[2024-08-29T19:53:12.378+0000] {processor.py:826} INFO - Processing file /home/airflow-vm/data-engineer-batch-processing-financial-services/.venv/lib/python3.10/site-packages/airflow/example_dags/example_complex.py for tasks to queue
[2024-08-29T19:53:12.378+0000] {logging_mixin.py:149} INFO - [2024-08-29T19:53:12.378+0000] {dagbag.py:541} INFO - Filling up the DagBag from /home/airflow-vm/data-engineer-batch-processing-financial-services/.venv/lib/python3.10/site-packages/airflow/example_dags/example_complex.py
[2024-08-29T19:53:12.387+0000] {logging_mixin.py:149} INFO - [2024-08-29T19:53:12.387+0000] {taskmixin.py:211} WARNING - Dependency <Task(BashOperator): create_entry_group>, delete_entry_group already registered for DAG: example_complex
[2024-08-29T19:53:12.387+0000] {logging_mixin.py:149} INFO - [2024-08-29T19:53:12.387+0000] {taskmixin.py:211} WARNING - Dependency <Task(BashOperator): delete_entry_group>, create_entry_group already registered for DAG: example_complex
[2024-08-29T19:53:12.387+0000] {logging_mixin.py:149} INFO - [2024-08-29T19:53:12.387+0000] {taskmixin.py:211} WARNING - Dependency <Task(BashOperator): create_entry_gcs>, delete_entry already registered for DAG: example_complex
[2024-08-29T19:53:12.388+0000] {logging_mixin.py:149} INFO - [2024-08-29T19:53:12.388+0000] {taskmixin.py:211} WARNING - Dependency <Task(BashOperator): delete_entry>, create_entry_gcs already registered for DAG: example_complex
[2024-08-29T19:53:12.388+0000] {logging_mixin.py:149} INFO - [2024-08-29T19:53:12.388+0000] {taskmixin.py:211} WARNING - Dependency <Task(BashOperator): create_tag>, delete_tag already registered for DAG: example_complex
[2024-08-29T19:53:12.388+0000] {logging_mixin.py:149} INFO - [2024-08-29T19:53:12.388+0000] {taskmixin.py:211} WARNING - Dependency <Task(BashOperator): delete_tag>, create_tag already registered for DAG: example_complex
[2024-08-29T19:53:12.390+0000] {processor.py:836} INFO - DAG(s) dict_keys(['example_complex']) retrieved from /home/airflow-vm/data-engineer-batch-processing-financial-services/.venv/lib/python3.10/site-packages/airflow/example_dags/example_complex.py
[2024-08-29T19:53:12.418+0000] {logging_mixin.py:149} INFO - [2024-08-29T19:53:12.418+0000] {dag.py:2726} INFO - Sync 1 DAGs
[2024-08-29T19:53:12.436+0000] {logging_mixin.py:149} INFO - [2024-08-29T19:53:12.436+0000] {dag.py:3486} INFO - Setting next_dagrun for example_complex to None, run_after=None
[2024-08-29T19:53:12.470+0000] {processor.py:179} INFO - Processing /home/airflow-vm/data-engineer-batch-processing-financial-services/.venv/lib/python3.10/site-packages/airflow/example_dags/example_complex.py took 0.096 seconds
[2024-08-29T19:53:56.678+0000] {processor.py:157} INFO - Started process (PID=51177) to work on /home/airflow-vm/data-engineer-batch-processing-financial-services/.venv/lib/python3.10/site-packages/airflow/example_dags/example_complex.py
[2024-08-29T19:53:56.679+0000] {processor.py:826} INFO - Processing file /home/airflow-vm/data-engineer-batch-processing-financial-services/.venv/lib/python3.10/site-packages/airflow/example_dags/example_complex.py for tasks to queue
[2024-08-29T19:53:56.680+0000] {logging_mixin.py:149} INFO - [2024-08-29T19:53:56.680+0000] {dagbag.py:541} INFO - Filling up the DagBag from /home/airflow-vm/data-engineer-batch-processing-financial-services/.venv/lib/python3.10/site-packages/airflow/example_dags/example_complex.py
[2024-08-29T19:53:56.689+0000] {logging_mixin.py:149} INFO - [2024-08-29T19:53:56.689+0000] {taskmixin.py:211} WARNING - Dependency <Task(BashOperator): create_entry_group>, delete_entry_group already registered for DAG: example_complex
[2024-08-29T19:53:56.689+0000] {logging_mixin.py:149} INFO - [2024-08-29T19:53:56.689+0000] {taskmixin.py:211} WARNING - Dependency <Task(BashOperator): delete_entry_group>, create_entry_group already registered for DAG: example_complex
[2024-08-29T19:53:56.689+0000] {logging_mixin.py:149} INFO - [2024-08-29T19:53:56.689+0000] {taskmixin.py:211} WARNING - Dependency <Task(BashOperator): create_entry_gcs>, delete_entry already registered for DAG: example_complex
[2024-08-29T19:53:56.689+0000] {logging_mixin.py:149} INFO - [2024-08-29T19:53:56.689+0000] {taskmixin.py:211} WARNING - Dependency <Task(BashOperator): delete_entry>, create_entry_gcs already registered for DAG: example_complex
[2024-08-29T19:53:56.690+0000] {logging_mixin.py:149} INFO - [2024-08-29T19:53:56.690+0000] {taskmixin.py:211} WARNING - Dependency <Task(BashOperator): create_tag>, delete_tag already registered for DAG: example_complex
[2024-08-29T19:53:56.690+0000] {logging_mixin.py:149} INFO - [2024-08-29T19:53:56.690+0000] {taskmixin.py:211} WARNING - Dependency <Task(BashOperator): delete_tag>, create_tag already registered for DAG: example_complex
[2024-08-29T19:53:56.691+0000] {processor.py:836} INFO - DAG(s) dict_keys(['example_complex']) retrieved from /home/airflow-vm/data-engineer-batch-processing-financial-services/.venv/lib/python3.10/site-packages/airflow/example_dags/example_complex.py
[2024-08-29T19:53:56.720+0000] {logging_mixin.py:149} INFO - [2024-08-29T19:53:56.720+0000] {dag.py:2726} INFO - Sync 1 DAGs
[2024-08-29T19:53:56.738+0000] {logging_mixin.py:149} INFO - [2024-08-29T19:53:56.738+0000] {dag.py:3486} INFO - Setting next_dagrun for example_complex to None, run_after=None
[2024-08-29T19:53:56.765+0000] {processor.py:179} INFO - Processing /home/airflow-vm/data-engineer-batch-processing-financial-services/.venv/lib/python3.10/site-packages/airflow/example_dags/example_complex.py took 0.089 seconds
[2024-08-29T19:54:45.217+0000] {processor.py:157} INFO - Started process (PID=51382) to work on /home/airflow-vm/data-engineer-batch-processing-financial-services/.venv/lib/python3.10/site-packages/airflow/example_dags/example_complex.py
[2024-08-29T19:54:45.218+0000] {processor.py:826} INFO - Processing file /home/airflow-vm/data-engineer-batch-processing-financial-services/.venv/lib/python3.10/site-packages/airflow/example_dags/example_complex.py for tasks to queue
[2024-08-29T19:54:45.219+0000] {logging_mixin.py:149} INFO - [2024-08-29T19:54:45.218+0000] {dagbag.py:541} INFO - Filling up the DagBag from /home/airflow-vm/data-engineer-batch-processing-financial-services/.venv/lib/python3.10/site-packages/airflow/example_dags/example_complex.py
[2024-08-29T19:54:45.228+0000] {logging_mixin.py:149} INFO - [2024-08-29T19:54:45.227+0000] {taskmixin.py:211} WARNING - Dependency <Task(BashOperator): create_entry_group>, delete_entry_group already registered for DAG: example_complex
[2024-08-29T19:54:45.228+0000] {logging_mixin.py:149} INFO - [2024-08-29T19:54:45.228+0000] {taskmixin.py:211} WARNING - Dependency <Task(BashOperator): delete_entry_group>, create_entry_group already registered for DAG: example_complex
[2024-08-29T19:54:45.228+0000] {logging_mixin.py:149} INFO - [2024-08-29T19:54:45.228+0000] {taskmixin.py:211} WARNING - Dependency <Task(BashOperator): create_entry_gcs>, delete_entry already registered for DAG: example_complex
[2024-08-29T19:54:45.228+0000] {logging_mixin.py:149} INFO - [2024-08-29T19:54:45.228+0000] {taskmixin.py:211} WARNING - Dependency <Task(BashOperator): delete_entry>, create_entry_gcs already registered for DAG: example_complex
[2024-08-29T19:54:45.228+0000] {logging_mixin.py:149} INFO - [2024-08-29T19:54:45.228+0000] {taskmixin.py:211} WARNING - Dependency <Task(BashOperator): create_tag>, delete_tag already registered for DAG: example_complex
[2024-08-29T19:54:45.229+0000] {logging_mixin.py:149} INFO - [2024-08-29T19:54:45.229+0000] {taskmixin.py:211} WARNING - Dependency <Task(BashOperator): delete_tag>, create_tag already registered for DAG: example_complex
[2024-08-29T19:54:45.230+0000] {processor.py:836} INFO - DAG(s) dict_keys(['example_complex']) retrieved from /home/airflow-vm/data-engineer-batch-processing-financial-services/.venv/lib/python3.10/site-packages/airflow/example_dags/example_complex.py
[2024-08-29T19:54:45.258+0000] {logging_mixin.py:149} INFO - [2024-08-29T19:54:45.258+0000] {dag.py:2726} INFO - Sync 1 DAGs
[2024-08-29T19:54:45.277+0000] {logging_mixin.py:149} INFO - [2024-08-29T19:54:45.277+0000] {dag.py:3486} INFO - Setting next_dagrun for example_complex to None, run_after=None
[2024-08-29T19:54:45.303+0000] {processor.py:179} INFO - Processing /home/airflow-vm/data-engineer-batch-processing-financial-services/.venv/lib/python3.10/site-packages/airflow/example_dags/example_complex.py took 0.088 seconds
[2024-08-29T19:55:33.786+0000] {processor.py:157} INFO - Started process (PID=51749) to work on /home/airflow-vm/data-engineer-batch-processing-financial-services/.venv/lib/python3.10/site-packages/airflow/example_dags/example_complex.py
[2024-08-29T19:55:33.787+0000] {processor.py:826} INFO - Processing file /home/airflow-vm/data-engineer-batch-processing-financial-services/.venv/lib/python3.10/site-packages/airflow/example_dags/example_complex.py for tasks to queue
[2024-08-29T19:55:33.788+0000] {logging_mixin.py:149} INFO - [2024-08-29T19:55:33.788+0000] {dagbag.py:541} INFO - Filling up the DagBag from /home/airflow-vm/data-engineer-batch-processing-financial-services/.venv/lib/python3.10/site-packages/airflow/example_dags/example_complex.py
[2024-08-29T19:55:33.797+0000] {logging_mixin.py:149} INFO - [2024-08-29T19:55:33.797+0000] {taskmixin.py:211} WARNING - Dependency <Task(BashOperator): create_entry_group>, delete_entry_group already registered for DAG: example_complex
[2024-08-29T19:55:33.797+0000] {logging_mixin.py:149} INFO - [2024-08-29T19:55:33.797+0000] {taskmixin.py:211} WARNING - Dependency <Task(BashOperator): delete_entry_group>, create_entry_group already registered for DAG: example_complex
[2024-08-29T19:55:33.798+0000] {logging_mixin.py:149} INFO - [2024-08-29T19:55:33.798+0000] {taskmixin.py:211} WARNING - Dependency <Task(BashOperator): create_entry_gcs>, delete_entry already registered for DAG: example_complex
[2024-08-29T19:55:33.798+0000] {logging_mixin.py:149} INFO - [2024-08-29T19:55:33.798+0000] {taskmixin.py:211} WARNING - Dependency <Task(BashOperator): delete_entry>, create_entry_gcs already registered for DAG: example_complex
[2024-08-29T19:55:33.798+0000] {logging_mixin.py:149} INFO - [2024-08-29T19:55:33.798+0000] {taskmixin.py:211} WARNING - Dependency <Task(BashOperator): create_tag>, delete_tag already registered for DAG: example_complex
[2024-08-29T19:55:33.798+0000] {logging_mixin.py:149} INFO - [2024-08-29T19:55:33.798+0000] {taskmixin.py:211} WARNING - Dependency <Task(BashOperator): delete_tag>, create_tag already registered for DAG: example_complex
[2024-08-29T19:55:33.800+0000] {processor.py:836} INFO - DAG(s) dict_keys(['example_complex']) retrieved from /home/airflow-vm/data-engineer-batch-processing-financial-services/.venv/lib/python3.10/site-packages/airflow/example_dags/example_complex.py
[2024-08-29T19:55:33.829+0000] {logging_mixin.py:149} INFO - [2024-08-29T19:55:33.829+0000] {dag.py:2726} INFO - Sync 1 DAGs
[2024-08-29T19:55:33.850+0000] {logging_mixin.py:149} INFO - [2024-08-29T19:55:33.850+0000] {dag.py:3486} INFO - Setting next_dagrun for example_complex to None, run_after=None
[2024-08-29T19:55:33.880+0000] {processor.py:179} INFO - Processing /home/airflow-vm/data-engineer-batch-processing-financial-services/.venv/lib/python3.10/site-packages/airflow/example_dags/example_complex.py took 0.096 seconds
[2024-08-29T20:12:09.452+0000] {processor.py:157} INFO - Started process (PID=56512) to work on /home/airflow-vm/data-engineer-batch-processing-financial-services/.venv/lib/python3.10/site-packages/airflow/example_dags/example_complex.py
[2024-08-29T20:12:09.453+0000] {processor.py:826} INFO - Processing file /home/airflow-vm/data-engineer-batch-processing-financial-services/.venv/lib/python3.10/site-packages/airflow/example_dags/example_complex.py for tasks to queue
[2024-08-29T20:12:09.454+0000] {logging_mixin.py:149} INFO - [2024-08-29T20:12:09.454+0000] {dagbag.py:541} INFO - Filling up the DagBag from /home/airflow-vm/data-engineer-batch-processing-financial-services/.venv/lib/python3.10/site-packages/airflow/example_dags/example_complex.py
[2024-08-29T20:12:09.463+0000] {logging_mixin.py:149} INFO - [2024-08-29T20:12:09.463+0000] {taskmixin.py:211} WARNING - Dependency <Task(BashOperator): create_entry_group>, delete_entry_group already registered for DAG: example_complex
[2024-08-29T20:12:09.463+0000] {logging_mixin.py:149} INFO - [2024-08-29T20:12:09.463+0000] {taskmixin.py:211} WARNING - Dependency <Task(BashOperator): delete_entry_group>, create_entry_group already registered for DAG: example_complex
[2024-08-29T20:12:09.463+0000] {logging_mixin.py:149} INFO - [2024-08-29T20:12:09.463+0000] {taskmixin.py:211} WARNING - Dependency <Task(BashOperator): create_entry_gcs>, delete_entry already registered for DAG: example_complex
[2024-08-29T20:12:09.464+0000] {logging_mixin.py:149} INFO - [2024-08-29T20:12:09.463+0000] {taskmixin.py:211} WARNING - Dependency <Task(BashOperator): delete_entry>, create_entry_gcs already registered for DAG: example_complex
[2024-08-29T20:12:09.464+0000] {logging_mixin.py:149} INFO - [2024-08-29T20:12:09.464+0000] {taskmixin.py:211} WARNING - Dependency <Task(BashOperator): create_tag>, delete_tag already registered for DAG: example_complex
[2024-08-29T20:12:09.464+0000] {logging_mixin.py:149} INFO - [2024-08-29T20:12:09.464+0000] {taskmixin.py:211} WARNING - Dependency <Task(BashOperator): delete_tag>, create_tag already registered for DAG: example_complex
[2024-08-29T20:12:09.466+0000] {processor.py:836} INFO - DAG(s) dict_keys(['example_complex']) retrieved from /home/airflow-vm/data-engineer-batch-processing-financial-services/.venv/lib/python3.10/site-packages/airflow/example_dags/example_complex.py
[2024-08-29T20:12:09.494+0000] {logging_mixin.py:149} INFO - [2024-08-29T20:12:09.494+0000] {dag.py:2726} INFO - Sync 1 DAGs
[2024-08-29T20:12:09.515+0000] {logging_mixin.py:149} INFO - [2024-08-29T20:12:09.514+0000] {dag.py:3486} INFO - Setting next_dagrun for example_complex to None, run_after=None
[2024-08-29T20:12:09.542+0000] {processor.py:179} INFO - Processing /home/airflow-vm/data-engineer-batch-processing-financial-services/.venv/lib/python3.10/site-packages/airflow/example_dags/example_complex.py took 0.092 seconds
[2024-08-29T20:12:55.229+0000] {processor.py:157} INFO - Started process (PID=56834) to work on /home/airflow-vm/data-engineer-batch-processing-financial-services/.venv/lib/python3.10/site-packages/airflow/example_dags/example_complex.py
[2024-08-29T20:12:55.230+0000] {processor.py:826} INFO - Processing file /home/airflow-vm/data-engineer-batch-processing-financial-services/.venv/lib/python3.10/site-packages/airflow/example_dags/example_complex.py for tasks to queue
[2024-08-29T20:12:55.230+0000] {logging_mixin.py:149} INFO - [2024-08-29T20:12:55.230+0000] {dagbag.py:541} INFO - Filling up the DagBag from /home/airflow-vm/data-engineer-batch-processing-financial-services/.venv/lib/python3.10/site-packages/airflow/example_dags/example_complex.py
[2024-08-29T20:12:55.239+0000] {logging_mixin.py:149} INFO - [2024-08-29T20:12:55.239+0000] {taskmixin.py:211} WARNING - Dependency <Task(BashOperator): create_entry_group>, delete_entry_group already registered for DAG: example_complex
[2024-08-29T20:12:55.240+0000] {logging_mixin.py:149} INFO - [2024-08-29T20:12:55.240+0000] {taskmixin.py:211} WARNING - Dependency <Task(BashOperator): delete_entry_group>, create_entry_group already registered for DAG: example_complex
[2024-08-29T20:12:55.240+0000] {logging_mixin.py:149} INFO - [2024-08-29T20:12:55.240+0000] {taskmixin.py:211} WARNING - Dependency <Task(BashOperator): create_entry_gcs>, delete_entry already registered for DAG: example_complex
[2024-08-29T20:12:55.240+0000] {logging_mixin.py:149} INFO - [2024-08-29T20:12:55.240+0000] {taskmixin.py:211} WARNING - Dependency <Task(BashOperator): delete_entry>, create_entry_gcs already registered for DAG: example_complex
[2024-08-29T20:12:55.240+0000] {logging_mixin.py:149} INFO - [2024-08-29T20:12:55.240+0000] {taskmixin.py:211} WARNING - Dependency <Task(BashOperator): create_tag>, delete_tag already registered for DAG: example_complex
[2024-08-29T20:12:55.241+0000] {logging_mixin.py:149} INFO - [2024-08-29T20:12:55.240+0000] {taskmixin.py:211} WARNING - Dependency <Task(BashOperator): delete_tag>, create_tag already registered for DAG: example_complex
[2024-08-29T20:12:55.242+0000] {processor.py:836} INFO - DAG(s) dict_keys(['example_complex']) retrieved from /home/airflow-vm/data-engineer-batch-processing-financial-services/.venv/lib/python3.10/site-packages/airflow/example_dags/example_complex.py
[2024-08-29T20:12:55.270+0000] {logging_mixin.py:149} INFO - [2024-08-29T20:12:55.270+0000] {dag.py:2726} INFO - Sync 1 DAGs
[2024-08-29T20:12:55.288+0000] {logging_mixin.py:149} INFO - [2024-08-29T20:12:55.288+0000] {dag.py:3486} INFO - Setting next_dagrun for example_complex to None, run_after=None
[2024-08-29T20:12:55.316+0000] {processor.py:179} INFO - Processing /home/airflow-vm/data-engineer-batch-processing-financial-services/.venv/lib/python3.10/site-packages/airflow/example_dags/example_complex.py took 0.090 seconds
[2024-08-29T20:15:36.486+0000] {processor.py:157} INFO - Started process (PID=57730) to work on /home/airflow-vm/data-engineer-batch-processing-financial-services/.venv/lib/python3.10/site-packages/airflow/example_dags/example_complex.py
[2024-08-29T20:15:36.487+0000] {processor.py:826} INFO - Processing file /home/airflow-vm/data-engineer-batch-processing-financial-services/.venv/lib/python3.10/site-packages/airflow/example_dags/example_complex.py for tasks to queue
[2024-08-29T20:15:36.488+0000] {logging_mixin.py:149} INFO - [2024-08-29T20:15:36.488+0000] {dagbag.py:541} INFO - Filling up the DagBag from /home/airflow-vm/data-engineer-batch-processing-financial-services/.venv/lib/python3.10/site-packages/airflow/example_dags/example_complex.py
[2024-08-29T20:15:36.497+0000] {logging_mixin.py:149} INFO - [2024-08-29T20:15:36.497+0000] {taskmixin.py:211} WARNING - Dependency <Task(BashOperator): create_entry_group>, delete_entry_group already registered for DAG: example_complex
[2024-08-29T20:15:36.497+0000] {logging_mixin.py:149} INFO - [2024-08-29T20:15:36.497+0000] {taskmixin.py:211} WARNING - Dependency <Task(BashOperator): delete_entry_group>, create_entry_group already registered for DAG: example_complex
[2024-08-29T20:15:36.497+0000] {logging_mixin.py:149} INFO - [2024-08-29T20:15:36.497+0000] {taskmixin.py:211} WARNING - Dependency <Task(BashOperator): create_entry_gcs>, delete_entry already registered for DAG: example_complex
[2024-08-29T20:15:36.498+0000] {logging_mixin.py:149} INFO - [2024-08-29T20:15:36.497+0000] {taskmixin.py:211} WARNING - Dependency <Task(BashOperator): delete_entry>, create_entry_gcs already registered for DAG: example_complex
[2024-08-29T20:15:36.498+0000] {logging_mixin.py:149} INFO - [2024-08-29T20:15:36.498+0000] {taskmixin.py:211} WARNING - Dependency <Task(BashOperator): create_tag>, delete_tag already registered for DAG: example_complex
[2024-08-29T20:15:36.498+0000] {logging_mixin.py:149} INFO - [2024-08-29T20:15:36.498+0000] {taskmixin.py:211} WARNING - Dependency <Task(BashOperator): delete_tag>, create_tag already registered for DAG: example_complex
[2024-08-29T20:15:36.500+0000] {processor.py:836} INFO - DAG(s) dict_keys(['example_complex']) retrieved from /home/airflow-vm/data-engineer-batch-processing-financial-services/.venv/lib/python3.10/site-packages/airflow/example_dags/example_complex.py
[2024-08-29T20:15:36.529+0000] {logging_mixin.py:149} INFO - [2024-08-29T20:15:36.529+0000] {dag.py:2726} INFO - Sync 1 DAGs
[2024-08-29T20:15:36.549+0000] {logging_mixin.py:149} INFO - [2024-08-29T20:15:36.549+0000] {dag.py:3486} INFO - Setting next_dagrun for example_complex to None, run_after=None
[2024-08-29T20:15:36.578+0000] {processor.py:179} INFO - Processing /home/airflow-vm/data-engineer-batch-processing-financial-services/.venv/lib/python3.10/site-packages/airflow/example_dags/example_complex.py took 0.094 seconds
[2024-08-29T20:16:25.971+0000] {processor.py:157} INFO - Started process (PID=58136) to work on /home/airflow-vm/data-engineer-batch-processing-financial-services/.venv/lib/python3.10/site-packages/airflow/example_dags/example_complex.py
[2024-08-29T20:16:25.972+0000] {processor.py:826} INFO - Processing file /home/airflow-vm/data-engineer-batch-processing-financial-services/.venv/lib/python3.10/site-packages/airflow/example_dags/example_complex.py for tasks to queue
[2024-08-29T20:16:25.973+0000] {logging_mixin.py:149} INFO - [2024-08-29T20:16:25.972+0000] {dagbag.py:541} INFO - Filling up the DagBag from /home/airflow-vm/data-engineer-batch-processing-financial-services/.venv/lib/python3.10/site-packages/airflow/example_dags/example_complex.py
[2024-08-29T20:16:25.982+0000] {logging_mixin.py:149} INFO - [2024-08-29T20:16:25.981+0000] {taskmixin.py:211} WARNING - Dependency <Task(BashOperator): create_entry_group>, delete_entry_group already registered for DAG: example_complex
[2024-08-29T20:16:25.982+0000] {logging_mixin.py:149} INFO - [2024-08-29T20:16:25.982+0000] {taskmixin.py:211} WARNING - Dependency <Task(BashOperator): delete_entry_group>, create_entry_group already registered for DAG: example_complex
[2024-08-29T20:16:25.982+0000] {logging_mixin.py:149} INFO - [2024-08-29T20:16:25.982+0000] {taskmixin.py:211} WARNING - Dependency <Task(BashOperator): create_entry_gcs>, delete_entry already registered for DAG: example_complex
[2024-08-29T20:16:25.982+0000] {logging_mixin.py:149} INFO - [2024-08-29T20:16:25.982+0000] {taskmixin.py:211} WARNING - Dependency <Task(BashOperator): delete_entry>, create_entry_gcs already registered for DAG: example_complex
[2024-08-29T20:16:25.983+0000] {logging_mixin.py:149} INFO - [2024-08-29T20:16:25.983+0000] {taskmixin.py:211} WARNING - Dependency <Task(BashOperator): create_tag>, delete_tag already registered for DAG: example_complex
[2024-08-29T20:16:25.983+0000] {logging_mixin.py:149} INFO - [2024-08-29T20:16:25.983+0000] {taskmixin.py:211} WARNING - Dependency <Task(BashOperator): delete_tag>, create_tag already registered for DAG: example_complex
[2024-08-29T20:16:25.984+0000] {processor.py:836} INFO - DAG(s) dict_keys(['example_complex']) retrieved from /home/airflow-vm/data-engineer-batch-processing-financial-services/.venv/lib/python3.10/site-packages/airflow/example_dags/example_complex.py
[2024-08-29T20:16:26.014+0000] {logging_mixin.py:149} INFO - [2024-08-29T20:16:26.014+0000] {dag.py:2726} INFO - Sync 1 DAGs
[2024-08-29T20:16:26.033+0000] {logging_mixin.py:149} INFO - [2024-08-29T20:16:26.033+0000] {dag.py:3486} INFO - Setting next_dagrun for example_complex to None, run_after=None
[2024-08-29T20:16:26.065+0000] {processor.py:179} INFO - Processing /home/airflow-vm/data-engineer-batch-processing-financial-services/.venv/lib/python3.10/site-packages/airflow/example_dags/example_complex.py took 0.097 seconds
[2024-08-29T20:25:08.518+0000] {processor.py:157} INFO - Started process (PID=61818) to work on /home/airflow-vm/data-engineer-batch-processing-financial-services/.venv/lib/python3.10/site-packages/airflow/example_dags/example_complex.py
[2024-08-29T20:25:08.518+0000] {processor.py:826} INFO - Processing file /home/airflow-vm/data-engineer-batch-processing-financial-services/.venv/lib/python3.10/site-packages/airflow/example_dags/example_complex.py for tasks to queue
[2024-08-29T20:25:08.519+0000] {logging_mixin.py:149} INFO - [2024-08-29T20:25:08.519+0000] {dagbag.py:541} INFO - Filling up the DagBag from /home/airflow-vm/data-engineer-batch-processing-financial-services/.venv/lib/python3.10/site-packages/airflow/example_dags/example_complex.py
[2024-08-29T20:25:08.528+0000] {logging_mixin.py:149} INFO - [2024-08-29T20:25:08.528+0000] {taskmixin.py:211} WARNING - Dependency <Task(BashOperator): create_entry_group>, delete_entry_group already registered for DAG: example_complex
[2024-08-29T20:25:08.528+0000] {logging_mixin.py:149} INFO - [2024-08-29T20:25:08.528+0000] {taskmixin.py:211} WARNING - Dependency <Task(BashOperator): delete_entry_group>, create_entry_group already registered for DAG: example_complex
[2024-08-29T20:25:08.528+0000] {logging_mixin.py:149} INFO - [2024-08-29T20:25:08.528+0000] {taskmixin.py:211} WARNING - Dependency <Task(BashOperator): create_entry_gcs>, delete_entry already registered for DAG: example_complex
[2024-08-29T20:25:08.529+0000] {logging_mixin.py:149} INFO - [2024-08-29T20:25:08.529+0000] {taskmixin.py:211} WARNING - Dependency <Task(BashOperator): delete_entry>, create_entry_gcs already registered for DAG: example_complex
[2024-08-29T20:25:08.529+0000] {logging_mixin.py:149} INFO - [2024-08-29T20:25:08.529+0000] {taskmixin.py:211} WARNING - Dependency <Task(BashOperator): create_tag>, delete_tag already registered for DAG: example_complex
[2024-08-29T20:25:08.529+0000] {logging_mixin.py:149} INFO - [2024-08-29T20:25:08.529+0000] {taskmixin.py:211} WARNING - Dependency <Task(BashOperator): delete_tag>, create_tag already registered for DAG: example_complex
[2024-08-29T20:25:08.531+0000] {processor.py:836} INFO - DAG(s) dict_keys(['example_complex']) retrieved from /home/airflow-vm/data-engineer-batch-processing-financial-services/.venv/lib/python3.10/site-packages/airflow/example_dags/example_complex.py
[2024-08-29T20:25:08.558+0000] {logging_mixin.py:149} INFO - [2024-08-29T20:25:08.558+0000] {dag.py:2726} INFO - Sync 1 DAGs
[2024-08-29T20:25:08.577+0000] {logging_mixin.py:149} INFO - [2024-08-29T20:25:08.577+0000] {dag.py:3486} INFO - Setting next_dagrun for example_complex to None, run_after=None
[2024-08-29T20:25:08.605+0000] {processor.py:179} INFO - Processing /home/airflow-vm/data-engineer-batch-processing-financial-services/.venv/lib/python3.10/site-packages/airflow/example_dags/example_complex.py took 0.089 seconds
[2024-08-29T20:27:05.163+0000] {processor.py:157} INFO - Started process (PID=63292) to work on /home/airflow-vm/data-engineer-batch-processing-financial-services/.venv/lib/python3.10/site-packages/airflow/example_dags/example_complex.py
[2024-08-29T20:27:05.163+0000] {processor.py:826} INFO - Processing file /home/airflow-vm/data-engineer-batch-processing-financial-services/.venv/lib/python3.10/site-packages/airflow/example_dags/example_complex.py for tasks to queue
[2024-08-29T20:27:05.164+0000] {logging_mixin.py:149} INFO - [2024-08-29T20:27:05.164+0000] {dagbag.py:541} INFO - Filling up the DagBag from /home/airflow-vm/data-engineer-batch-processing-financial-services/.venv/lib/python3.10/site-packages/airflow/example_dags/example_complex.py
[2024-08-29T20:27:05.173+0000] {logging_mixin.py:149} INFO - [2024-08-29T20:27:05.173+0000] {taskmixin.py:211} WARNING - Dependency <Task(BashOperator): create_entry_group>, delete_entry_group already registered for DAG: example_complex
[2024-08-29T20:27:05.173+0000] {logging_mixin.py:149} INFO - [2024-08-29T20:27:05.173+0000] {taskmixin.py:211} WARNING - Dependency <Task(BashOperator): delete_entry_group>, create_entry_group already registered for DAG: example_complex
[2024-08-29T20:27:05.173+0000] {logging_mixin.py:149} INFO - [2024-08-29T20:27:05.173+0000] {taskmixin.py:211} WARNING - Dependency <Task(BashOperator): create_entry_gcs>, delete_entry already registered for DAG: example_complex
[2024-08-29T20:27:05.173+0000] {logging_mixin.py:149} INFO - [2024-08-29T20:27:05.173+0000] {taskmixin.py:211} WARNING - Dependency <Task(BashOperator): delete_entry>, create_entry_gcs already registered for DAG: example_complex
[2024-08-29T20:27:05.174+0000] {logging_mixin.py:149} INFO - [2024-08-29T20:27:05.174+0000] {taskmixin.py:211} WARNING - Dependency <Task(BashOperator): create_tag>, delete_tag already registered for DAG: example_complex
[2024-08-29T20:27:05.174+0000] {logging_mixin.py:149} INFO - [2024-08-29T20:27:05.174+0000] {taskmixin.py:211} WARNING - Dependency <Task(BashOperator): delete_tag>, create_tag already registered for DAG: example_complex
[2024-08-29T20:27:05.175+0000] {processor.py:836} INFO - DAG(s) dict_keys(['example_complex']) retrieved from /home/airflow-vm/data-engineer-batch-processing-financial-services/.venv/lib/python3.10/site-packages/airflow/example_dags/example_complex.py
[2024-08-29T20:27:05.203+0000] {logging_mixin.py:149} INFO - [2024-08-29T20:27:05.203+0000] {dag.py:2726} INFO - Sync 1 DAGs
[2024-08-29T20:27:05.231+0000] {logging_mixin.py:149} INFO - [2024-08-29T20:27:05.231+0000] {dag.py:3486} INFO - Setting next_dagrun for example_complex to None, run_after=None
[2024-08-29T20:27:05.258+0000] {processor.py:179} INFO - Processing /home/airflow-vm/data-engineer-batch-processing-financial-services/.venv/lib/python3.10/site-packages/airflow/example_dags/example_complex.py took 0.098 seconds
[2024-08-29T20:27:48.964+0000] {processor.py:157} INFO - Started process (PID=63542) to work on /home/airflow-vm/data-engineer-batch-processing-financial-services/.venv/lib/python3.10/site-packages/airflow/example_dags/example_complex.py
[2024-08-29T20:27:48.965+0000] {processor.py:826} INFO - Processing file /home/airflow-vm/data-engineer-batch-processing-financial-services/.venv/lib/python3.10/site-packages/airflow/example_dags/example_complex.py for tasks to queue
[2024-08-29T20:27:48.966+0000] {logging_mixin.py:149} INFO - [2024-08-29T20:27:48.965+0000] {dagbag.py:541} INFO - Filling up the DagBag from /home/airflow-vm/data-engineer-batch-processing-financial-services/.venv/lib/python3.10/site-packages/airflow/example_dags/example_complex.py
[2024-08-29T20:27:48.974+0000] {logging_mixin.py:149} INFO - [2024-08-29T20:27:48.974+0000] {taskmixin.py:211} WARNING - Dependency <Task(BashOperator): create_entry_group>, delete_entry_group already registered for DAG: example_complex
[2024-08-29T20:27:48.975+0000] {logging_mixin.py:149} INFO - [2024-08-29T20:27:48.974+0000] {taskmixin.py:211} WARNING - Dependency <Task(BashOperator): delete_entry_group>, create_entry_group already registered for DAG: example_complex
[2024-08-29T20:27:48.975+0000] {logging_mixin.py:149} INFO - [2024-08-29T20:27:48.975+0000] {taskmixin.py:211} WARNING - Dependency <Task(BashOperator): create_entry_gcs>, delete_entry already registered for DAG: example_complex
[2024-08-29T20:27:48.975+0000] {logging_mixin.py:149} INFO - [2024-08-29T20:27:48.975+0000] {taskmixin.py:211} WARNING - Dependency <Task(BashOperator): delete_entry>, create_entry_gcs already registered for DAG: example_complex
[2024-08-29T20:27:48.975+0000] {logging_mixin.py:149} INFO - [2024-08-29T20:27:48.975+0000] {taskmixin.py:211} WARNING - Dependency <Task(BashOperator): create_tag>, delete_tag already registered for DAG: example_complex
[2024-08-29T20:27:48.976+0000] {logging_mixin.py:149} INFO - [2024-08-29T20:27:48.975+0000] {taskmixin.py:211} WARNING - Dependency <Task(BashOperator): delete_tag>, create_tag already registered for DAG: example_complex
[2024-08-29T20:27:48.977+0000] {processor.py:836} INFO - DAG(s) dict_keys(['example_complex']) retrieved from /home/airflow-vm/data-engineer-batch-processing-financial-services/.venv/lib/python3.10/site-packages/airflow/example_dags/example_complex.py
[2024-08-29T20:27:49.004+0000] {logging_mixin.py:149} INFO - [2024-08-29T20:27:49.004+0000] {dag.py:2726} INFO - Sync 1 DAGs
[2024-08-29T20:27:49.022+0000] {logging_mixin.py:149} INFO - [2024-08-29T20:27:49.022+0000] {dag.py:3486} INFO - Setting next_dagrun for example_complex to None, run_after=None
[2024-08-29T20:27:49.050+0000] {processor.py:179} INFO - Processing /home/airflow-vm/data-engineer-batch-processing-financial-services/.venv/lib/python3.10/site-packages/airflow/example_dags/example_complex.py took 0.088 seconds
[2024-08-29T20:28:34.082+0000] {processor.py:157} INFO - Started process (PID=63741) to work on /home/airflow-vm/data-engineer-batch-processing-financial-services/.venv/lib/python3.10/site-packages/airflow/example_dags/example_complex.py
[2024-08-29T20:28:34.083+0000] {processor.py:826} INFO - Processing file /home/airflow-vm/data-engineer-batch-processing-financial-services/.venv/lib/python3.10/site-packages/airflow/example_dags/example_complex.py for tasks to queue
[2024-08-29T20:28:34.083+0000] {logging_mixin.py:149} INFO - [2024-08-29T20:28:34.083+0000] {dagbag.py:541} INFO - Filling up the DagBag from /home/airflow-vm/data-engineer-batch-processing-financial-services/.venv/lib/python3.10/site-packages/airflow/example_dags/example_complex.py
[2024-08-29T20:28:34.092+0000] {logging_mixin.py:149} INFO - [2024-08-29T20:28:34.092+0000] {taskmixin.py:211} WARNING - Dependency <Task(BashOperator): create_entry_group>, delete_entry_group already registered for DAG: example_complex
[2024-08-29T20:28:34.092+0000] {logging_mixin.py:149} INFO - [2024-08-29T20:28:34.092+0000] {taskmixin.py:211} WARNING - Dependency <Task(BashOperator): delete_entry_group>, create_entry_group already registered for DAG: example_complex
[2024-08-29T20:28:34.092+0000] {logging_mixin.py:149} INFO - [2024-08-29T20:28:34.092+0000] {taskmixin.py:211} WARNING - Dependency <Task(BashOperator): create_entry_gcs>, delete_entry already registered for DAG: example_complex
[2024-08-29T20:28:34.093+0000] {logging_mixin.py:149} INFO - [2024-08-29T20:28:34.093+0000] {taskmixin.py:211} WARNING - Dependency <Task(BashOperator): delete_entry>, create_entry_gcs already registered for DAG: example_complex
[2024-08-29T20:28:34.093+0000] {logging_mixin.py:149} INFO - [2024-08-29T20:28:34.093+0000] {taskmixin.py:211} WARNING - Dependency <Task(BashOperator): create_tag>, delete_tag already registered for DAG: example_complex
[2024-08-29T20:28:34.093+0000] {logging_mixin.py:149} INFO - [2024-08-29T20:28:34.093+0000] {taskmixin.py:211} WARNING - Dependency <Task(BashOperator): delete_tag>, create_tag already registered for DAG: example_complex
[2024-08-29T20:28:34.095+0000] {processor.py:836} INFO - DAG(s) dict_keys(['example_complex']) retrieved from /home/airflow-vm/data-engineer-batch-processing-financial-services/.venv/lib/python3.10/site-packages/airflow/example_dags/example_complex.py
[2024-08-29T20:28:34.122+0000] {logging_mixin.py:149} INFO - [2024-08-29T20:28:34.122+0000] {dag.py:2726} INFO - Sync 1 DAGs
[2024-08-29T20:28:34.140+0000] {logging_mixin.py:149} INFO - [2024-08-29T20:28:34.140+0000] {dag.py:3486} INFO - Setting next_dagrun for example_complex to None, run_after=None
[2024-08-29T20:28:34.168+0000] {processor.py:179} INFO - Processing /home/airflow-vm/data-engineer-batch-processing-financial-services/.venv/lib/python3.10/site-packages/airflow/example_dags/example_complex.py took 0.088 seconds
[2024-08-29T20:32:07.355+0000] {processor.py:157} INFO - Started process (PID=66251) to work on /home/airflow-vm/data-engineer-batch-processing-financial-services/.venv/lib/python3.10/site-packages/airflow/example_dags/example_complex.py
[2024-08-29T20:32:07.356+0000] {processor.py:826} INFO - Processing file /home/airflow-vm/data-engineer-batch-processing-financial-services/.venv/lib/python3.10/site-packages/airflow/example_dags/example_complex.py for tasks to queue
[2024-08-29T20:32:07.357+0000] {logging_mixin.py:149} INFO - [2024-08-29T20:32:07.357+0000] {dagbag.py:541} INFO - Filling up the DagBag from /home/airflow-vm/data-engineer-batch-processing-financial-services/.venv/lib/python3.10/site-packages/airflow/example_dags/example_complex.py
[2024-08-29T20:32:07.365+0000] {logging_mixin.py:149} INFO - [2024-08-29T20:32:07.365+0000] {taskmixin.py:211} WARNING - Dependency <Task(BashOperator): create_entry_group>, delete_entry_group already registered for DAG: example_complex
[2024-08-29T20:32:07.366+0000] {logging_mixin.py:149} INFO - [2024-08-29T20:32:07.366+0000] {taskmixin.py:211} WARNING - Dependency <Task(BashOperator): delete_entry_group>, create_entry_group already registered for DAG: example_complex
[2024-08-29T20:32:07.366+0000] {logging_mixin.py:149} INFO - [2024-08-29T20:32:07.366+0000] {taskmixin.py:211} WARNING - Dependency <Task(BashOperator): create_entry_gcs>, delete_entry already registered for DAG: example_complex
[2024-08-29T20:32:07.366+0000] {logging_mixin.py:149} INFO - [2024-08-29T20:32:07.366+0000] {taskmixin.py:211} WARNING - Dependency <Task(BashOperator): delete_entry>, create_entry_gcs already registered for DAG: example_complex
[2024-08-29T20:32:07.366+0000] {logging_mixin.py:149} INFO - [2024-08-29T20:32:07.366+0000] {taskmixin.py:211} WARNING - Dependency <Task(BashOperator): create_tag>, delete_tag already registered for DAG: example_complex
[2024-08-29T20:32:07.367+0000] {logging_mixin.py:149} INFO - [2024-08-29T20:32:07.366+0000] {taskmixin.py:211} WARNING - Dependency <Task(BashOperator): delete_tag>, create_tag already registered for DAG: example_complex
[2024-08-29T20:32:07.368+0000] {processor.py:836} INFO - DAG(s) dict_keys(['example_complex']) retrieved from /home/airflow-vm/data-engineer-batch-processing-financial-services/.venv/lib/python3.10/site-packages/airflow/example_dags/example_complex.py
[2024-08-29T20:32:07.395+0000] {logging_mixin.py:149} INFO - [2024-08-29T20:32:07.395+0000] {dag.py:2726} INFO - Sync 1 DAGs
[2024-08-29T20:32:07.414+0000] {logging_mixin.py:149} INFO - [2024-08-29T20:32:07.414+0000] {dag.py:3486} INFO - Setting next_dagrun for example_complex to None, run_after=None
[2024-08-29T20:32:07.441+0000] {processor.py:179} INFO - Processing /home/airflow-vm/data-engineer-batch-processing-financial-services/.venv/lib/python3.10/site-packages/airflow/example_dags/example_complex.py took 0.088 seconds
[2024-08-29T20:36:33.759+0000] {processor.py:157} INFO - Started process (PID=69625) to work on /home/airflow-vm/data-engineer-batch-processing-financial-services/.venv/lib/python3.10/site-packages/airflow/example_dags/example_complex.py
[2024-08-29T20:36:33.760+0000] {processor.py:826} INFO - Processing file /home/airflow-vm/data-engineer-batch-processing-financial-services/.venv/lib/python3.10/site-packages/airflow/example_dags/example_complex.py for tasks to queue
[2024-08-29T20:36:33.761+0000] {logging_mixin.py:149} INFO - [2024-08-29T20:36:33.761+0000] {dagbag.py:541} INFO - Filling up the DagBag from /home/airflow-vm/data-engineer-batch-processing-financial-services/.venv/lib/python3.10/site-packages/airflow/example_dags/example_complex.py
[2024-08-29T20:36:33.770+0000] {logging_mixin.py:149} INFO - [2024-08-29T20:36:33.770+0000] {taskmixin.py:211} WARNING - Dependency <Task(BashOperator): create_entry_group>, delete_entry_group already registered for DAG: example_complex
[2024-08-29T20:36:33.770+0000] {logging_mixin.py:149} INFO - [2024-08-29T20:36:33.770+0000] {taskmixin.py:211} WARNING - Dependency <Task(BashOperator): delete_entry_group>, create_entry_group already registered for DAG: example_complex
[2024-08-29T20:36:33.770+0000] {logging_mixin.py:149} INFO - [2024-08-29T20:36:33.770+0000] {taskmixin.py:211} WARNING - Dependency <Task(BashOperator): create_entry_gcs>, delete_entry already registered for DAG: example_complex
[2024-08-29T20:36:33.770+0000] {logging_mixin.py:149} INFO - [2024-08-29T20:36:33.770+0000] {taskmixin.py:211} WARNING - Dependency <Task(BashOperator): delete_entry>, create_entry_gcs already registered for DAG: example_complex
[2024-08-29T20:36:33.771+0000] {logging_mixin.py:149} INFO - [2024-08-29T20:36:33.771+0000] {taskmixin.py:211} WARNING - Dependency <Task(BashOperator): create_tag>, delete_tag already registered for DAG: example_complex
[2024-08-29T20:36:33.771+0000] {logging_mixin.py:149} INFO - [2024-08-29T20:36:33.771+0000] {taskmixin.py:211} WARNING - Dependency <Task(BashOperator): delete_tag>, create_tag already registered for DAG: example_complex
[2024-08-29T20:36:33.772+0000] {processor.py:836} INFO - DAG(s) dict_keys(['example_complex']) retrieved from /home/airflow-vm/data-engineer-batch-processing-financial-services/.venv/lib/python3.10/site-packages/airflow/example_dags/example_complex.py
[2024-08-29T20:36:33.802+0000] {logging_mixin.py:149} INFO - [2024-08-29T20:36:33.801+0000] {dag.py:2726} INFO - Sync 1 DAGs
[2024-08-29T20:36:33.822+0000] {logging_mixin.py:149} INFO - [2024-08-29T20:36:33.821+0000] {dag.py:3486} INFO - Setting next_dagrun for example_complex to None, run_after=None
[2024-08-29T20:36:33.850+0000] {processor.py:179} INFO - Processing /home/airflow-vm/data-engineer-batch-processing-financial-services/.venv/lib/python3.10/site-packages/airflow/example_dags/example_complex.py took 0.093 seconds
