[2024-08-29T19:47:36.186+0000] {processor.py:157} INFO - Started process (PID=48818) to work on /home/airflow-vm/data-engineer-batch-processing-financial-services/.venv/lib/python3.10/site-packages/airflow/example_dags/example_xcomargs.py
[2024-08-29T19:47:36.186+0000] {processor.py:826} INFO - Processing file /home/airflow-vm/data-engineer-batch-processing-financial-services/.venv/lib/python3.10/site-packages/airflow/example_dags/example_xcomargs.py for tasks to queue
[2024-08-29T19:47:36.187+0000] {logging_mixin.py:149} INFO - [2024-08-29T19:47:36.187+0000] {dagbag.py:541} INFO - Filling up the DagBag from /home/airflow-vm/data-engineer-batch-processing-financial-services/.venv/lib/python3.10/site-packages/airflow/example_dags/example_xcomargs.py
[2024-08-29T19:47:36.196+0000] {processor.py:836} INFO - DAG(s) dict_keys(['example_xcom_args', 'example_xcom_args_with_operators']) retrieved from /home/airflow-vm/data-engineer-batch-processing-financial-services/.venv/lib/python3.10/site-packages/airflow/example_dags/example_xcomargs.py
[2024-08-29T19:47:36.317+0000] {logging_mixin.py:149} INFO - [2024-08-29T19:47:36.317+0000] {manager.py:504} INFO - Created Permission View: can delete on DAG:example_xcom_args
[2024-08-29T19:47:36.336+0000] {logging_mixin.py:149} INFO - [2024-08-29T19:47:36.335+0000] {manager.py:504} INFO - Created Permission View: can edit on DAG:example_xcom_args
[2024-08-29T19:47:36.353+0000] {logging_mixin.py:149} INFO - [2024-08-29T19:47:36.353+0000] {manager.py:504} INFO - Created Permission View: can read on DAG:example_xcom_args
[2024-08-29T19:47:36.392+0000] {logging_mixin.py:149} INFO - [2024-08-29T19:47:36.391+0000] {manager.py:504} INFO - Created Permission View: can delete on DAG:example_xcom_args_with_operators
[2024-08-29T19:47:36.411+0000] {logging_mixin.py:149} INFO - [2024-08-29T19:47:36.411+0000] {manager.py:504} INFO - Created Permission View: can edit on DAG:example_xcom_args_with_operators
[2024-08-29T19:47:36.432+0000] {logging_mixin.py:149} INFO - [2024-08-29T19:47:36.431+0000] {manager.py:504} INFO - Created Permission View: can read on DAG:example_xcom_args_with_operators
[2024-08-29T19:47:36.432+0000] {logging_mixin.py:149} INFO - [2024-08-29T19:47:36.432+0000] {dag.py:2726} INFO - Sync 2 DAGs
[2024-08-29T19:47:36.443+0000] {logging_mixin.py:149} INFO - [2024-08-29T19:47:36.442+0000] {dag.py:2747} INFO - Creating ORM DAG for example_xcom_args
[2024-08-29T19:47:36.443+0000] {logging_mixin.py:149} INFO - [2024-08-29T19:47:36.443+0000] {dag.py:2747} INFO - Creating ORM DAG for example_xcom_args_with_operators
[2024-08-29T19:47:36.452+0000] {logging_mixin.py:149} INFO - [2024-08-29T19:47:36.451+0000] {dag.py:3486} INFO - Setting next_dagrun for example_xcom_args to None, run_after=None
[2024-08-29T19:47:36.452+0000] {logging_mixin.py:149} INFO - [2024-08-29T19:47:36.452+0000] {dag.py:3486} INFO - Setting next_dagrun for example_xcom_args_with_operators to None, run_after=None
[2024-08-29T19:47:36.483+0000] {processor.py:179} INFO - Processing /home/airflow-vm/data-engineer-batch-processing-financial-services/.venv/lib/python3.10/site-packages/airflow/example_dags/example_xcomargs.py took 0.299 seconds
[2024-08-29T19:48:28.593+0000] {processor.py:157} INFO - Started process (PID=49271) to work on /home/airflow-vm/data-engineer-batch-processing-financial-services/.venv/lib/python3.10/site-packages/airflow/example_dags/example_xcomargs.py
[2024-08-29T19:48:28.594+0000] {processor.py:826} INFO - Processing file /home/airflow-vm/data-engineer-batch-processing-financial-services/.venv/lib/python3.10/site-packages/airflow/example_dags/example_xcomargs.py for tasks to queue
[2024-08-29T19:48:28.595+0000] {logging_mixin.py:149} INFO - [2024-08-29T19:48:28.595+0000] {dagbag.py:541} INFO - Filling up the DagBag from /home/airflow-vm/data-engineer-batch-processing-financial-services/.venv/lib/python3.10/site-packages/airflow/example_dags/example_xcomargs.py
[2024-08-29T19:48:28.602+0000] {processor.py:836} INFO - DAG(s) dict_keys(['example_xcom_args', 'example_xcom_args_with_operators']) retrieved from /home/airflow-vm/data-engineer-batch-processing-financial-services/.venv/lib/python3.10/site-packages/airflow/example_dags/example_xcomargs.py
[2024-08-29T19:48:28.623+0000] {logging_mixin.py:149} INFO - [2024-08-29T19:48:28.623+0000] {dag.py:2726} INFO - Sync 2 DAGs
[2024-08-29T19:48:28.643+0000] {logging_mixin.py:149} INFO - [2024-08-29T19:48:28.642+0000] {dag.py:3486} INFO - Setting next_dagrun for example_xcom_args to None, run_after=None
[2024-08-29T19:48:28.646+0000] {logging_mixin.py:149} INFO - [2024-08-29T19:48:28.645+0000] {dag.py:3486} INFO - Setting next_dagrun for example_xcom_args_with_operators to None, run_after=None
[2024-08-29T19:48:28.671+0000] {processor.py:179} INFO - Processing /home/airflow-vm/data-engineer-batch-processing-financial-services/.venv/lib/python3.10/site-packages/airflow/example_dags/example_xcomargs.py took 0.081 seconds
[2024-08-29T19:49:05.453+0000] {processor.py:157} INFO - Started process (PID=49576) to work on /home/airflow-vm/data-engineer-batch-processing-financial-services/.venv/lib/python3.10/site-packages/airflow/example_dags/example_xcomargs.py
[2024-08-29T19:49:05.454+0000] {processor.py:826} INFO - Processing file /home/airflow-vm/data-engineer-batch-processing-financial-services/.venv/lib/python3.10/site-packages/airflow/example_dags/example_xcomargs.py for tasks to queue
[2024-08-29T19:49:05.454+0000] {logging_mixin.py:149} INFO - [2024-08-29T19:49:05.454+0000] {dagbag.py:541} INFO - Filling up the DagBag from /home/airflow-vm/data-engineer-batch-processing-financial-services/.venv/lib/python3.10/site-packages/airflow/example_dags/example_xcomargs.py
[2024-08-29T19:49:05.462+0000] {processor.py:836} INFO - DAG(s) dict_keys(['example_xcom_args', 'example_xcom_args_with_operators']) retrieved from /home/airflow-vm/data-engineer-batch-processing-financial-services/.venv/lib/python3.10/site-packages/airflow/example_dags/example_xcomargs.py
[2024-08-29T19:49:05.482+0000] {logging_mixin.py:149} INFO - [2024-08-29T19:49:05.482+0000] {dag.py:2726} INFO - Sync 2 DAGs
[2024-08-29T19:49:05.500+0000] {logging_mixin.py:149} INFO - [2024-08-29T19:49:05.500+0000] {dag.py:3486} INFO - Setting next_dagrun for example_xcom_args to None, run_after=None
[2024-08-29T19:49:05.503+0000] {logging_mixin.py:149} INFO - [2024-08-29T19:49:05.503+0000] {dag.py:3486} INFO - Setting next_dagrun for example_xcom_args_with_operators to None, run_after=None
[2024-08-29T19:49:05.530+0000] {processor.py:179} INFO - Processing /home/airflow-vm/data-engineer-batch-processing-financial-services/.venv/lib/python3.10/site-packages/airflow/example_dags/example_xcomargs.py took 0.079 seconds
[2024-08-29T19:49:38.493+0000] {processor.py:157} INFO - Started process (PID=49689) to work on /home/airflow-vm/data-engineer-batch-processing-financial-services/.venv/lib/python3.10/site-packages/airflow/example_dags/example_xcomargs.py
[2024-08-29T19:49:38.494+0000] {processor.py:826} INFO - Processing file /home/airflow-vm/data-engineer-batch-processing-financial-services/.venv/lib/python3.10/site-packages/airflow/example_dags/example_xcomargs.py for tasks to queue
[2024-08-29T19:49:38.494+0000] {logging_mixin.py:149} INFO - [2024-08-29T19:49:38.494+0000] {dagbag.py:541} INFO - Filling up the DagBag from /home/airflow-vm/data-engineer-batch-processing-financial-services/.venv/lib/python3.10/site-packages/airflow/example_dags/example_xcomargs.py
[2024-08-29T19:49:38.502+0000] {processor.py:836} INFO - DAG(s) dict_keys(['example_xcom_args', 'example_xcom_args_with_operators']) retrieved from /home/airflow-vm/data-engineer-batch-processing-financial-services/.venv/lib/python3.10/site-packages/airflow/example_dags/example_xcomargs.py
[2024-08-29T19:49:38.522+0000] {logging_mixin.py:149} INFO - [2024-08-29T19:49:38.522+0000] {dag.py:2726} INFO - Sync 2 DAGs
[2024-08-29T19:49:38.541+0000] {logging_mixin.py:149} INFO - [2024-08-29T19:49:38.541+0000] {dag.py:3486} INFO - Setting next_dagrun for example_xcom_args to None, run_after=None
[2024-08-29T19:49:38.544+0000] {logging_mixin.py:149} INFO - [2024-08-29T19:49:38.544+0000] {dag.py:3486} INFO - Setting next_dagrun for example_xcom_args_with_operators to None, run_after=None
[2024-08-29T19:49:38.571+0000] {processor.py:179} INFO - Processing /home/airflow-vm/data-engineer-batch-processing-financial-services/.venv/lib/python3.10/site-packages/airflow/example_dags/example_xcomargs.py took 0.080 seconds
[2024-08-29T19:50:11.728+0000] {processor.py:157} INFO - Started process (PID=49758) to work on /home/airflow-vm/data-engineer-batch-processing-financial-services/.venv/lib/python3.10/site-packages/airflow/example_dags/example_xcomargs.py
[2024-08-29T19:50:11.729+0000] {processor.py:826} INFO - Processing file /home/airflow-vm/data-engineer-batch-processing-financial-services/.venv/lib/python3.10/site-packages/airflow/example_dags/example_xcomargs.py for tasks to queue
[2024-08-29T19:50:11.729+0000] {logging_mixin.py:149} INFO - [2024-08-29T19:50:11.729+0000] {dagbag.py:541} INFO - Filling up the DagBag from /home/airflow-vm/data-engineer-batch-processing-financial-services/.venv/lib/python3.10/site-packages/airflow/example_dags/example_xcomargs.py
[2024-08-29T19:50:11.737+0000] {processor.py:836} INFO - DAG(s) dict_keys(['example_xcom_args', 'example_xcom_args_with_operators']) retrieved from /home/airflow-vm/data-engineer-batch-processing-financial-services/.venv/lib/python3.10/site-packages/airflow/example_dags/example_xcomargs.py
[2024-08-29T19:50:11.757+0000] {logging_mixin.py:149} INFO - [2024-08-29T19:50:11.757+0000] {dag.py:2726} INFO - Sync 2 DAGs
[2024-08-29T19:50:11.776+0000] {logging_mixin.py:149} INFO - [2024-08-29T19:50:11.776+0000] {dag.py:3486} INFO - Setting next_dagrun for example_xcom_args to None, run_after=None
[2024-08-29T19:50:11.779+0000] {logging_mixin.py:149} INFO - [2024-08-29T19:50:11.779+0000] {dag.py:3486} INFO - Setting next_dagrun for example_xcom_args_with_operators to None, run_after=None
[2024-08-29T19:50:11.807+0000] {processor.py:179} INFO - Processing /home/airflow-vm/data-engineer-batch-processing-financial-services/.venv/lib/python3.10/site-packages/airflow/example_dags/example_xcomargs.py took 0.082 seconds
[2024-08-29T19:50:44.987+0000] {processor.py:157} INFO - Started process (PID=50062) to work on /home/airflow-vm/data-engineer-batch-processing-financial-services/.venv/lib/python3.10/site-packages/airflow/example_dags/example_xcomargs.py
[2024-08-29T19:50:44.988+0000] {processor.py:826} INFO - Processing file /home/airflow-vm/data-engineer-batch-processing-financial-services/.venv/lib/python3.10/site-packages/airflow/example_dags/example_xcomargs.py for tasks to queue
[2024-08-29T19:50:44.989+0000] {logging_mixin.py:149} INFO - [2024-08-29T19:50:44.989+0000] {dagbag.py:541} INFO - Filling up the DagBag from /home/airflow-vm/data-engineer-batch-processing-financial-services/.venv/lib/python3.10/site-packages/airflow/example_dags/example_xcomargs.py
[2024-08-29T19:50:44.996+0000] {processor.py:836} INFO - DAG(s) dict_keys(['example_xcom_args', 'example_xcom_args_with_operators']) retrieved from /home/airflow-vm/data-engineer-batch-processing-financial-services/.venv/lib/python3.10/site-packages/airflow/example_dags/example_xcomargs.py
[2024-08-29T19:50:45.015+0000] {logging_mixin.py:149} INFO - [2024-08-29T19:50:45.015+0000] {dag.py:2726} INFO - Sync 2 DAGs
[2024-08-29T19:50:45.033+0000] {logging_mixin.py:149} INFO - [2024-08-29T19:50:45.033+0000] {dag.py:3486} INFO - Setting next_dagrun for example_xcom_args to None, run_after=None
[2024-08-29T19:50:45.036+0000] {logging_mixin.py:149} INFO - [2024-08-29T19:50:45.036+0000] {dag.py:3486} INFO - Setting next_dagrun for example_xcom_args_with_operators to None, run_after=None
[2024-08-29T19:50:45.065+0000] {processor.py:179} INFO - Processing /home/airflow-vm/data-engineer-batch-processing-financial-services/.venv/lib/python3.10/site-packages/airflow/example_dags/example_xcomargs.py took 0.079 seconds
[2024-08-29T19:51:30.832+0000] {processor.py:157} INFO - Started process (PID=50719) to work on /home/airflow-vm/data-engineer-batch-processing-financial-services/.venv/lib/python3.10/site-packages/airflow/example_dags/example_xcomargs.py
[2024-08-29T19:51:30.832+0000] {processor.py:826} INFO - Processing file /home/airflow-vm/data-engineer-batch-processing-financial-services/.venv/lib/python3.10/site-packages/airflow/example_dags/example_xcomargs.py for tasks to queue
[2024-08-29T19:51:30.833+0000] {logging_mixin.py:149} INFO - [2024-08-29T19:51:30.833+0000] {dagbag.py:541} INFO - Filling up the DagBag from /home/airflow-vm/data-engineer-batch-processing-financial-services/.venv/lib/python3.10/site-packages/airflow/example_dags/example_xcomargs.py
[2024-08-29T19:51:30.840+0000] {processor.py:836} INFO - DAG(s) dict_keys(['example_xcom_args_with_operators', 'example_xcom_args']) retrieved from /home/airflow-vm/data-engineer-batch-processing-financial-services/.venv/lib/python3.10/site-packages/airflow/example_dags/example_xcomargs.py
[2024-08-29T19:51:30.862+0000] {logging_mixin.py:149} INFO - [2024-08-29T19:51:30.862+0000] {dag.py:2726} INFO - Sync 2 DAGs
[2024-08-29T19:51:30.881+0000] {logging_mixin.py:149} INFO - [2024-08-29T19:51:30.881+0000] {dag.py:3486} INFO - Setting next_dagrun for example_xcom_args to None, run_after=None
[2024-08-29T19:51:30.884+0000] {logging_mixin.py:149} INFO - [2024-08-29T19:51:30.884+0000] {dag.py:3486} INFO - Setting next_dagrun for example_xcom_args_with_operators to None, run_after=None
[2024-08-29T19:51:30.910+0000] {processor.py:179} INFO - Processing /home/airflow-vm/data-engineer-batch-processing-financial-services/.venv/lib/python3.10/site-packages/airflow/example_dags/example_xcomargs.py took 0.081 seconds
[2024-08-29T19:52:03.064+0000] {processor.py:157} INFO - Started process (PID=50884) to work on /home/airflow-vm/data-engineer-batch-processing-financial-services/.venv/lib/python3.10/site-packages/airflow/example_dags/example_xcomargs.py
[2024-08-29T19:52:03.064+0000] {processor.py:826} INFO - Processing file /home/airflow-vm/data-engineer-batch-processing-financial-services/.venv/lib/python3.10/site-packages/airflow/example_dags/example_xcomargs.py for tasks to queue
[2024-08-29T19:52:03.065+0000] {logging_mixin.py:149} INFO - [2024-08-29T19:52:03.065+0000] {dagbag.py:541} INFO - Filling up the DagBag from /home/airflow-vm/data-engineer-batch-processing-financial-services/.venv/lib/python3.10/site-packages/airflow/example_dags/example_xcomargs.py
[2024-08-29T19:52:03.072+0000] {processor.py:836} INFO - DAG(s) dict_keys(['example_xcom_args_with_operators', 'example_xcom_args']) retrieved from /home/airflow-vm/data-engineer-batch-processing-financial-services/.venv/lib/python3.10/site-packages/airflow/example_dags/example_xcomargs.py
[2024-08-29T19:52:03.093+0000] {logging_mixin.py:149} INFO - [2024-08-29T19:52:03.093+0000] {dag.py:2726} INFO - Sync 2 DAGs
[2024-08-29T19:52:03.112+0000] {logging_mixin.py:149} INFO - [2024-08-29T19:52:03.111+0000] {dag.py:3486} INFO - Setting next_dagrun for example_xcom_args to None, run_after=None
[2024-08-29T19:52:03.114+0000] {logging_mixin.py:149} INFO - [2024-08-29T19:52:03.114+0000] {dag.py:3486} INFO - Setting next_dagrun for example_xcom_args_with_operators to None, run_after=None
[2024-08-29T19:52:03.140+0000] {processor.py:179} INFO - Processing /home/airflow-vm/data-engineer-batch-processing-financial-services/.venv/lib/python3.10/site-packages/airflow/example_dags/example_xcomargs.py took 0.079 seconds
[2024-08-29T19:52:34.077+0000] {processor.py:157} INFO - Started process (PID=50931) to work on /home/airflow-vm/data-engineer-batch-processing-financial-services/.venv/lib/python3.10/site-packages/airflow/example_dags/example_xcomargs.py
[2024-08-29T19:52:34.078+0000] {processor.py:826} INFO - Processing file /home/airflow-vm/data-engineer-batch-processing-financial-services/.venv/lib/python3.10/site-packages/airflow/example_dags/example_xcomargs.py for tasks to queue
[2024-08-29T19:52:34.079+0000] {logging_mixin.py:149} INFO - [2024-08-29T19:52:34.079+0000] {dagbag.py:541} INFO - Filling up the DagBag from /home/airflow-vm/data-engineer-batch-processing-financial-services/.venv/lib/python3.10/site-packages/airflow/example_dags/example_xcomargs.py
[2024-08-29T19:52:34.086+0000] {processor.py:836} INFO - DAG(s) dict_keys(['example_xcom_args_with_operators', 'example_xcom_args']) retrieved from /home/airflow-vm/data-engineer-batch-processing-financial-services/.venv/lib/python3.10/site-packages/airflow/example_dags/example_xcomargs.py
[2024-08-29T19:52:34.106+0000] {logging_mixin.py:149} INFO - [2024-08-29T19:52:34.106+0000] {dag.py:2726} INFO - Sync 2 DAGs
[2024-08-29T19:52:34.126+0000] {logging_mixin.py:149} INFO - [2024-08-29T19:52:34.126+0000] {dag.py:3486} INFO - Setting next_dagrun for example_xcom_args to None, run_after=None
[2024-08-29T19:52:34.129+0000] {logging_mixin.py:149} INFO - [2024-08-29T19:52:34.129+0000] {dag.py:3486} INFO - Setting next_dagrun for example_xcom_args_with_operators to None, run_after=None
[2024-08-29T19:52:34.155+0000] {processor.py:179} INFO - Processing /home/airflow-vm/data-engineer-batch-processing-financial-services/.venv/lib/python3.10/site-packages/airflow/example_dags/example_xcomargs.py took 0.080 seconds
[2024-08-29T19:53:18.770+0000] {processor.py:157} INFO - Started process (PID=51049) to work on /home/airflow-vm/data-engineer-batch-processing-financial-services/.venv/lib/python3.10/site-packages/airflow/example_dags/example_xcomargs.py
[2024-08-29T19:53:18.770+0000] {processor.py:826} INFO - Processing file /home/airflow-vm/data-engineer-batch-processing-financial-services/.venv/lib/python3.10/site-packages/airflow/example_dags/example_xcomargs.py for tasks to queue
[2024-08-29T19:53:18.771+0000] {logging_mixin.py:149} INFO - [2024-08-29T19:53:18.771+0000] {dagbag.py:541} INFO - Filling up the DagBag from /home/airflow-vm/data-engineer-batch-processing-financial-services/.venv/lib/python3.10/site-packages/airflow/example_dags/example_xcomargs.py
[2024-08-29T19:53:18.778+0000] {processor.py:836} INFO - DAG(s) dict_keys(['example_xcom_args_with_operators', 'example_xcom_args']) retrieved from /home/airflow-vm/data-engineer-batch-processing-financial-services/.venv/lib/python3.10/site-packages/airflow/example_dags/example_xcomargs.py
[2024-08-29T19:53:18.799+0000] {logging_mixin.py:149} INFO - [2024-08-29T19:53:18.799+0000] {dag.py:2726} INFO - Sync 2 DAGs
[2024-08-29T19:53:18.818+0000] {logging_mixin.py:149} INFO - [2024-08-29T19:53:18.818+0000] {dag.py:3486} INFO - Setting next_dagrun for example_xcom_args to None, run_after=None
[2024-08-29T19:53:18.821+0000] {logging_mixin.py:149} INFO - [2024-08-29T19:53:18.821+0000] {dag.py:3486} INFO - Setting next_dagrun for example_xcom_args_with_operators to None, run_after=None
[2024-08-29T19:53:18.847+0000] {processor.py:179} INFO - Processing /home/airflow-vm/data-engineer-batch-processing-financial-services/.venv/lib/python3.10/site-packages/airflow/example_dags/example_xcomargs.py took 0.080 seconds
[2024-08-29T19:54:02.992+0000] {processor.py:157} INFO - Started process (PID=51183) to work on /home/airflow-vm/data-engineer-batch-processing-financial-services/.venv/lib/python3.10/site-packages/airflow/example_dags/example_xcomargs.py
[2024-08-29T19:54:02.994+0000] {processor.py:826} INFO - Processing file /home/airflow-vm/data-engineer-batch-processing-financial-services/.venv/lib/python3.10/site-packages/airflow/example_dags/example_xcomargs.py for tasks to queue
[2024-08-29T19:54:02.994+0000] {logging_mixin.py:149} INFO - [2024-08-29T19:54:02.994+0000] {dagbag.py:541} INFO - Filling up the DagBag from /home/airflow-vm/data-engineer-batch-processing-financial-services/.venv/lib/python3.10/site-packages/airflow/example_dags/example_xcomargs.py
[2024-08-29T19:54:03.001+0000] {processor.py:836} INFO - DAG(s) dict_keys(['example_xcom_args', 'example_xcom_args_with_operators']) retrieved from /home/airflow-vm/data-engineer-batch-processing-financial-services/.venv/lib/python3.10/site-packages/airflow/example_dags/example_xcomargs.py
[2024-08-29T19:54:03.021+0000] {logging_mixin.py:149} INFO - [2024-08-29T19:54:03.021+0000] {dag.py:2726} INFO - Sync 2 DAGs
[2024-08-29T19:54:03.040+0000] {logging_mixin.py:149} INFO - [2024-08-29T19:54:03.039+0000] {dag.py:3486} INFO - Setting next_dagrun for example_xcom_args to None, run_after=None
[2024-08-29T19:54:03.042+0000] {logging_mixin.py:149} INFO - [2024-08-29T19:54:03.042+0000] {dag.py:3486} INFO - Setting next_dagrun for example_xcom_args_with_operators to None, run_after=None
[2024-08-29T19:54:03.068+0000] {processor.py:179} INFO - Processing /home/airflow-vm/data-engineer-batch-processing-financial-services/.venv/lib/python3.10/site-packages/airflow/example_dags/example_xcomargs.py took 0.079 seconds
[2024-08-29T19:54:35.507+0000] {processor.py:157} INFO - Started process (PID=51295) to work on /home/airflow-vm/data-engineer-batch-processing-financial-services/.venv/lib/python3.10/site-packages/airflow/example_dags/example_xcomargs.py
[2024-08-29T19:54:35.508+0000] {processor.py:826} INFO - Processing file /home/airflow-vm/data-engineer-batch-processing-financial-services/.venv/lib/python3.10/site-packages/airflow/example_dags/example_xcomargs.py for tasks to queue
[2024-08-29T19:54:35.508+0000] {logging_mixin.py:149} INFO - [2024-08-29T19:54:35.508+0000] {dagbag.py:541} INFO - Filling up the DagBag from /home/airflow-vm/data-engineer-batch-processing-financial-services/.venv/lib/python3.10/site-packages/airflow/example_dags/example_xcomargs.py
[2024-08-29T19:54:35.515+0000] {processor.py:836} INFO - DAG(s) dict_keys(['example_xcom_args', 'example_xcom_args_with_operators']) retrieved from /home/airflow-vm/data-engineer-batch-processing-financial-services/.venv/lib/python3.10/site-packages/airflow/example_dags/example_xcomargs.py
[2024-08-29T19:54:35.535+0000] {logging_mixin.py:149} INFO - [2024-08-29T19:54:35.535+0000] {dag.py:2726} INFO - Sync 2 DAGs
[2024-08-29T19:54:35.554+0000] {logging_mixin.py:149} INFO - [2024-08-29T19:54:35.554+0000] {dag.py:3486} INFO - Setting next_dagrun for example_xcom_args to None, run_after=None
[2024-08-29T19:54:35.557+0000] {logging_mixin.py:149} INFO - [2024-08-29T19:54:35.556+0000] {dag.py:3486} INFO - Setting next_dagrun for example_xcom_args_with_operators to None, run_after=None
[2024-08-29T19:54:35.584+0000] {processor.py:179} INFO - Processing /home/airflow-vm/data-engineer-batch-processing-financial-services/.venv/lib/python3.10/site-packages/airflow/example_dags/example_xcomargs.py took 0.079 seconds
[2024-08-29T19:55:21.213+0000] {processor.py:157} INFO - Started process (PID=51653) to work on /home/airflow-vm/data-engineer-batch-processing-financial-services/.venv/lib/python3.10/site-packages/airflow/example_dags/example_xcomargs.py
[2024-08-29T19:55:21.213+0000] {processor.py:826} INFO - Processing file /home/airflow-vm/data-engineer-batch-processing-financial-services/.venv/lib/python3.10/site-packages/airflow/example_dags/example_xcomargs.py for tasks to queue
[2024-08-29T19:55:21.214+0000] {logging_mixin.py:149} INFO - [2024-08-29T19:55:21.214+0000] {dagbag.py:541} INFO - Filling up the DagBag from /home/airflow-vm/data-engineer-batch-processing-financial-services/.venv/lib/python3.10/site-packages/airflow/example_dags/example_xcomargs.py
[2024-08-29T19:55:21.221+0000] {processor.py:836} INFO - DAG(s) dict_keys(['example_xcom_args_with_operators', 'example_xcom_args']) retrieved from /home/airflow-vm/data-engineer-batch-processing-financial-services/.venv/lib/python3.10/site-packages/airflow/example_dags/example_xcomargs.py
[2024-08-29T19:55:21.243+0000] {logging_mixin.py:149} INFO - [2024-08-29T19:55:21.243+0000] {dag.py:2726} INFO - Sync 2 DAGs
[2024-08-29T19:55:21.263+0000] {logging_mixin.py:149} INFO - [2024-08-29T19:55:21.263+0000] {dag.py:3486} INFO - Setting next_dagrun for example_xcom_args to None, run_after=None
[2024-08-29T19:55:21.266+0000] {logging_mixin.py:149} INFO - [2024-08-29T19:55:21.266+0000] {dag.py:3486} INFO - Setting next_dagrun for example_xcom_args_with_operators to None, run_after=None
[2024-08-29T19:55:21.295+0000] {processor.py:179} INFO - Processing /home/airflow-vm/data-engineer-batch-processing-financial-services/.venv/lib/python3.10/site-packages/airflow/example_dags/example_xcomargs.py took 0.085 seconds
[2024-08-29T19:55:51.743+0000] {processor.py:157} INFO - Started process (PID=51877) to work on /home/airflow-vm/data-engineer-batch-processing-financial-services/.venv/lib/python3.10/site-packages/airflow/example_dags/example_xcomargs.py
[2024-08-29T19:55:51.744+0000] {processor.py:826} INFO - Processing file /home/airflow-vm/data-engineer-batch-processing-financial-services/.venv/lib/python3.10/site-packages/airflow/example_dags/example_xcomargs.py for tasks to queue
[2024-08-29T19:55:51.744+0000] {logging_mixin.py:149} INFO - [2024-08-29T19:55:51.744+0000] {dagbag.py:541} INFO - Filling up the DagBag from /home/airflow-vm/data-engineer-batch-processing-financial-services/.venv/lib/python3.10/site-packages/airflow/example_dags/example_xcomargs.py
[2024-08-29T19:55:51.752+0000] {processor.py:836} INFO - DAG(s) dict_keys(['example_xcom_args_with_operators', 'example_xcom_args']) retrieved from /home/airflow-vm/data-engineer-batch-processing-financial-services/.venv/lib/python3.10/site-packages/airflow/example_dags/example_xcomargs.py
[2024-08-29T19:55:51.773+0000] {logging_mixin.py:149} INFO - [2024-08-29T19:55:51.773+0000] {dag.py:2726} INFO - Sync 2 DAGs
[2024-08-29T19:55:51.793+0000] {logging_mixin.py:149} INFO - [2024-08-29T19:55:51.793+0000] {dag.py:3486} INFO - Setting next_dagrun for example_xcom_args to None, run_after=None
[2024-08-29T19:55:51.796+0000] {logging_mixin.py:149} INFO - [2024-08-29T19:55:51.796+0000] {dag.py:3486} INFO - Setting next_dagrun for example_xcom_args_with_operators to None, run_after=None
[2024-08-29T19:55:51.824+0000] {processor.py:179} INFO - Processing /home/airflow-vm/data-engineer-batch-processing-financial-services/.venv/lib/python3.10/site-packages/airflow/example_dags/example_xcomargs.py took 0.084 seconds
[2024-08-29T20:11:32.140+0000] {processor.py:157} INFO - Started process (PID=56294) to work on /home/airflow-vm/data-engineer-batch-processing-financial-services/.venv/lib/python3.10/site-packages/airflow/example_dags/example_xcomargs.py
[2024-08-29T20:11:32.141+0000] {processor.py:826} INFO - Processing file /home/airflow-vm/data-engineer-batch-processing-financial-services/.venv/lib/python3.10/site-packages/airflow/example_dags/example_xcomargs.py for tasks to queue
[2024-08-29T20:11:32.142+0000] {logging_mixin.py:149} INFO - [2024-08-29T20:11:32.142+0000] {dagbag.py:541} INFO - Filling up the DagBag from /home/airflow-vm/data-engineer-batch-processing-financial-services/.venv/lib/python3.10/site-packages/airflow/example_dags/example_xcomargs.py
[2024-08-29T20:11:32.151+0000] {processor.py:836} INFO - DAG(s) dict_keys(['example_xcom_args', 'example_xcom_args_with_operators']) retrieved from /home/airflow-vm/data-engineer-batch-processing-financial-services/.venv/lib/python3.10/site-packages/airflow/example_dags/example_xcomargs.py
[2024-08-29T20:11:32.179+0000] {logging_mixin.py:149} INFO - [2024-08-29T20:11:32.178+0000] {dag.py:2726} INFO - Sync 2 DAGs
[2024-08-29T20:11:32.197+0000] {logging_mixin.py:149} INFO - [2024-08-29T20:11:32.196+0000] {dag.py:3486} INFO - Setting next_dagrun for example_xcom_args to None, run_after=None
[2024-08-29T20:11:32.199+0000] {logging_mixin.py:149} INFO - [2024-08-29T20:11:32.199+0000] {dag.py:3486} INFO - Setting next_dagrun for example_xcom_args_with_operators to None, run_after=None
[2024-08-29T20:11:32.224+0000] {processor.py:179} INFO - Processing /home/airflow-vm/data-engineer-batch-processing-financial-services/.venv/lib/python3.10/site-packages/airflow/example_dags/example_xcomargs.py took 0.086 seconds
[2024-08-29T20:12:18.040+0000] {processor.py:157} INFO - Started process (PID=56587) to work on /home/airflow-vm/data-engineer-batch-processing-financial-services/.venv/lib/python3.10/site-packages/airflow/example_dags/example_xcomargs.py
[2024-08-29T20:12:18.041+0000] {processor.py:826} INFO - Processing file /home/airflow-vm/data-engineer-batch-processing-financial-services/.venv/lib/python3.10/site-packages/airflow/example_dags/example_xcomargs.py for tasks to queue
[2024-08-29T20:12:18.042+0000] {logging_mixin.py:149} INFO - [2024-08-29T20:12:18.042+0000] {dagbag.py:541} INFO - Filling up the DagBag from /home/airflow-vm/data-engineer-batch-processing-financial-services/.venv/lib/python3.10/site-packages/airflow/example_dags/example_xcomargs.py
[2024-08-29T20:12:18.049+0000] {processor.py:836} INFO - DAG(s) dict_keys(['example_xcom_args_with_operators', 'example_xcom_args']) retrieved from /home/airflow-vm/data-engineer-batch-processing-financial-services/.venv/lib/python3.10/site-packages/airflow/example_dags/example_xcomargs.py
[2024-08-29T20:12:18.069+0000] {logging_mixin.py:149} INFO - [2024-08-29T20:12:18.069+0000] {dag.py:2726} INFO - Sync 2 DAGs
[2024-08-29T20:12:18.088+0000] {logging_mixin.py:149} INFO - [2024-08-29T20:12:18.088+0000] {dag.py:3486} INFO - Setting next_dagrun for example_xcom_args to None, run_after=None
[2024-08-29T20:12:18.091+0000] {logging_mixin.py:149} INFO - [2024-08-29T20:12:18.091+0000] {dag.py:3486} INFO - Setting next_dagrun for example_xcom_args_with_operators to None, run_after=None
[2024-08-29T20:12:18.120+0000] {processor.py:179} INFO - Processing /home/airflow-vm/data-engineer-batch-processing-financial-services/.venv/lib/python3.10/site-packages/airflow/example_dags/example_xcomargs.py took 0.082 seconds
[2024-08-29T20:13:00.964+0000] {processor.py:157} INFO - Started process (PID=56871) to work on /home/airflow-vm/data-engineer-batch-processing-financial-services/.venv/lib/python3.10/site-packages/airflow/example_dags/example_xcomargs.py
[2024-08-29T20:13:00.965+0000] {processor.py:826} INFO - Processing file /home/airflow-vm/data-engineer-batch-processing-financial-services/.venv/lib/python3.10/site-packages/airflow/example_dags/example_xcomargs.py for tasks to queue
[2024-08-29T20:13:00.966+0000] {logging_mixin.py:149} INFO - [2024-08-29T20:13:00.966+0000] {dagbag.py:541} INFO - Filling up the DagBag from /home/airflow-vm/data-engineer-batch-processing-financial-services/.venv/lib/python3.10/site-packages/airflow/example_dags/example_xcomargs.py
[2024-08-29T20:13:00.973+0000] {processor.py:836} INFO - DAG(s) dict_keys(['example_xcom_args_with_operators', 'example_xcom_args']) retrieved from /home/airflow-vm/data-engineer-batch-processing-financial-services/.venv/lib/python3.10/site-packages/airflow/example_dags/example_xcomargs.py
[2024-08-29T20:13:00.992+0000] {logging_mixin.py:149} INFO - [2024-08-29T20:13:00.992+0000] {dag.py:2726} INFO - Sync 2 DAGs
[2024-08-29T20:13:01.011+0000] {logging_mixin.py:149} INFO - [2024-08-29T20:13:01.011+0000] {dag.py:3486} INFO - Setting next_dagrun for example_xcom_args to None, run_after=None
[2024-08-29T20:13:01.013+0000] {logging_mixin.py:149} INFO - [2024-08-29T20:13:01.013+0000] {dag.py:3486} INFO - Setting next_dagrun for example_xcom_args_with_operators to None, run_after=None
[2024-08-29T20:13:01.040+0000] {processor.py:179} INFO - Processing /home/airflow-vm/data-engineer-batch-processing-financial-services/.venv/lib/python3.10/site-packages/airflow/example_dags/example_xcomargs.py took 0.078 seconds
[2024-08-29T20:15:00.518+0000] {processor.py:157} INFO - Started process (PID=57360) to work on /home/airflow-vm/data-engineer-batch-processing-financial-services/.venv/lib/python3.10/site-packages/airflow/example_dags/example_xcomargs.py
[2024-08-29T20:15:00.518+0000] {processor.py:826} INFO - Processing file /home/airflow-vm/data-engineer-batch-processing-financial-services/.venv/lib/python3.10/site-packages/airflow/example_dags/example_xcomargs.py for tasks to queue
[2024-08-29T20:15:00.519+0000] {logging_mixin.py:149} INFO - [2024-08-29T20:15:00.519+0000] {dagbag.py:541} INFO - Filling up the DagBag from /home/airflow-vm/data-engineer-batch-processing-financial-services/.venv/lib/python3.10/site-packages/airflow/example_dags/example_xcomargs.py
[2024-08-29T20:15:00.528+0000] {processor.py:836} INFO - DAG(s) dict_keys(['example_xcom_args', 'example_xcom_args_with_operators']) retrieved from /home/airflow-vm/data-engineer-batch-processing-financial-services/.venv/lib/python3.10/site-packages/airflow/example_dags/example_xcomargs.py
[2024-08-29T20:15:00.553+0000] {logging_mixin.py:149} INFO - [2024-08-29T20:15:00.553+0000] {dag.py:2726} INFO - Sync 2 DAGs
[2024-08-29T20:15:00.571+0000] {logging_mixin.py:149} INFO - [2024-08-29T20:15:00.571+0000] {dag.py:3486} INFO - Setting next_dagrun for example_xcom_args to None, run_after=None
[2024-08-29T20:15:00.574+0000] {logging_mixin.py:149} INFO - [2024-08-29T20:15:00.574+0000] {dag.py:3486} INFO - Setting next_dagrun for example_xcom_args_with_operators to None, run_after=None
[2024-08-29T20:15:00.598+0000] {processor.py:179} INFO - Processing /home/airflow-vm/data-engineer-batch-processing-financial-services/.venv/lib/python3.10/site-packages/airflow/example_dags/example_xcomargs.py took 0.083 seconds
[2024-08-29T20:15:44.530+0000] {processor.py:157} INFO - Started process (PID=57854) to work on /home/airflow-vm/data-engineer-batch-processing-financial-services/.venv/lib/python3.10/site-packages/airflow/example_dags/example_xcomargs.py
[2024-08-29T20:15:44.531+0000] {processor.py:826} INFO - Processing file /home/airflow-vm/data-engineer-batch-processing-financial-services/.venv/lib/python3.10/site-packages/airflow/example_dags/example_xcomargs.py for tasks to queue
[2024-08-29T20:15:44.531+0000] {logging_mixin.py:149} INFO - [2024-08-29T20:15:44.531+0000] {dagbag.py:541} INFO - Filling up the DagBag from /home/airflow-vm/data-engineer-batch-processing-financial-services/.venv/lib/python3.10/site-packages/airflow/example_dags/example_xcomargs.py
[2024-08-29T20:15:44.539+0000] {processor.py:836} INFO - DAG(s) dict_keys(['example_xcom_args_with_operators', 'example_xcom_args']) retrieved from /home/airflow-vm/data-engineer-batch-processing-financial-services/.venv/lib/python3.10/site-packages/airflow/example_dags/example_xcomargs.py
[2024-08-29T20:15:44.558+0000] {logging_mixin.py:149} INFO - [2024-08-29T20:15:44.558+0000] {dag.py:2726} INFO - Sync 2 DAGs
[2024-08-29T20:15:44.578+0000] {logging_mixin.py:149} INFO - [2024-08-29T20:15:44.578+0000] {dag.py:3486} INFO - Setting next_dagrun for example_xcom_args to None, run_after=None
[2024-08-29T20:15:44.581+0000] {logging_mixin.py:149} INFO - [2024-08-29T20:15:44.580+0000] {dag.py:3486} INFO - Setting next_dagrun for example_xcom_args_with_operators to None, run_after=None
[2024-08-29T20:15:44.607+0000] {processor.py:179} INFO - Processing /home/airflow-vm/data-engineer-batch-processing-financial-services/.venv/lib/python3.10/site-packages/airflow/example_dags/example_xcomargs.py took 0.079 seconds
[2024-08-29T20:16:31.125+0000] {processor.py:157} INFO - Started process (PID=58230) to work on /home/airflow-vm/data-engineer-batch-processing-financial-services/.venv/lib/python3.10/site-packages/airflow/example_dags/example_xcomargs.py
[2024-08-29T20:16:31.125+0000] {processor.py:826} INFO - Processing file /home/airflow-vm/data-engineer-batch-processing-financial-services/.venv/lib/python3.10/site-packages/airflow/example_dags/example_xcomargs.py for tasks to queue
[2024-08-29T20:16:31.126+0000] {logging_mixin.py:149} INFO - [2024-08-29T20:16:31.126+0000] {dagbag.py:541} INFO - Filling up the DagBag from /home/airflow-vm/data-engineer-batch-processing-financial-services/.venv/lib/python3.10/site-packages/airflow/example_dags/example_xcomargs.py
[2024-08-29T20:16:31.134+0000] {processor.py:836} INFO - DAG(s) dict_keys(['example_xcom_args', 'example_xcom_args_with_operators']) retrieved from /home/airflow-vm/data-engineer-batch-processing-financial-services/.venv/lib/python3.10/site-packages/airflow/example_dags/example_xcomargs.py
[2024-08-29T20:16:31.155+0000] {logging_mixin.py:149} INFO - [2024-08-29T20:16:31.155+0000] {dag.py:2726} INFO - Sync 2 DAGs
[2024-08-29T20:16:31.174+0000] {logging_mixin.py:149} INFO - [2024-08-29T20:16:31.174+0000] {dag.py:3486} INFO - Setting next_dagrun for example_xcom_args to None, run_after=None
[2024-08-29T20:16:31.177+0000] {logging_mixin.py:149} INFO - [2024-08-29T20:16:31.177+0000] {dag.py:3486} INFO - Setting next_dagrun for example_xcom_args_with_operators to None, run_after=None
[2024-08-29T20:16:31.204+0000] {processor.py:179} INFO - Processing /home/airflow-vm/data-engineer-batch-processing-financial-services/.venv/lib/python3.10/site-packages/airflow/example_dags/example_xcomargs.py took 0.082 seconds
[2024-08-29T20:23:32.064+0000] {processor.py:157} INFO - Started process (PID=60600) to work on /home/airflow-vm/data-engineer-batch-processing-financial-services/.venv/lib/python3.10/site-packages/airflow/example_dags/example_xcomargs.py
[2024-08-29T20:23:32.065+0000] {processor.py:826} INFO - Processing file /home/airflow-vm/data-engineer-batch-processing-financial-services/.venv/lib/python3.10/site-packages/airflow/example_dags/example_xcomargs.py for tasks to queue
[2024-08-29T20:23:32.065+0000] {logging_mixin.py:149} INFO - [2024-08-29T20:23:32.065+0000] {dagbag.py:541} INFO - Filling up the DagBag from /home/airflow-vm/data-engineer-batch-processing-financial-services/.venv/lib/python3.10/site-packages/airflow/example_dags/example_xcomargs.py
[2024-08-29T20:23:32.074+0000] {processor.py:836} INFO - DAG(s) dict_keys(['example_xcom_args_with_operators', 'example_xcom_args']) retrieved from /home/airflow-vm/data-engineer-batch-processing-financial-services/.venv/lib/python3.10/site-packages/airflow/example_dags/example_xcomargs.py
[2024-08-29T20:23:32.082+0000] {logging_mixin.py:149} INFO - [2024-08-29T20:23:32.082+0000] {dag.py:2726} INFO - Sync 2 DAGs
[2024-08-29T20:23:32.102+0000] {logging_mixin.py:149} INFO - [2024-08-29T20:23:32.102+0000] {dag.py:3486} INFO - Setting next_dagrun for example_xcom_args to None, run_after=None
[2024-08-29T20:23:32.105+0000] {logging_mixin.py:149} INFO - [2024-08-29T20:23:32.105+0000] {dag.py:3486} INFO - Setting next_dagrun for example_xcom_args_with_operators to None, run_after=None
[2024-08-29T20:23:32.132+0000] {processor.py:179} INFO - Processing /home/airflow-vm/data-engineer-batch-processing-financial-services/.venv/lib/python3.10/site-packages/airflow/example_dags/example_xcomargs.py took 0.070 seconds
[2024-08-29T20:25:27.903+0000] {processor.py:157} INFO - Started process (PID=62040) to work on /home/airflow-vm/data-engineer-batch-processing-financial-services/.venv/lib/python3.10/site-packages/airflow/example_dags/example_xcomargs.py
[2024-08-29T20:25:27.904+0000] {processor.py:826} INFO - Processing file /home/airflow-vm/data-engineer-batch-processing-financial-services/.venv/lib/python3.10/site-packages/airflow/example_dags/example_xcomargs.py for tasks to queue
[2024-08-29T20:25:27.904+0000] {logging_mixin.py:149} INFO - [2024-08-29T20:25:27.904+0000] {dagbag.py:541} INFO - Filling up the DagBag from /home/airflow-vm/data-engineer-batch-processing-financial-services/.venv/lib/python3.10/site-packages/airflow/example_dags/example_xcomargs.py
[2024-08-29T20:25:27.911+0000] {processor.py:836} INFO - DAG(s) dict_keys(['example_xcom_args_with_operators', 'example_xcom_args']) retrieved from /home/airflow-vm/data-engineer-batch-processing-financial-services/.venv/lib/python3.10/site-packages/airflow/example_dags/example_xcomargs.py
[2024-08-29T20:25:27.932+0000] {logging_mixin.py:149} INFO - [2024-08-29T20:25:27.932+0000] {dag.py:2726} INFO - Sync 2 DAGs
[2024-08-29T20:25:27.952+0000] {logging_mixin.py:149} INFO - [2024-08-29T20:25:27.952+0000] {dag.py:3486} INFO - Setting next_dagrun for example_xcom_args to None, run_after=None
[2024-08-29T20:25:27.955+0000] {logging_mixin.py:149} INFO - [2024-08-29T20:25:27.955+0000] {dag.py:3486} INFO - Setting next_dagrun for example_xcom_args_with_operators to None, run_after=None
[2024-08-29T20:25:27.981+0000] {processor.py:179} INFO - Processing /home/airflow-vm/data-engineer-batch-processing-financial-services/.venv/lib/python3.10/site-packages/airflow/example_dags/example_xcomargs.py took 0.081 seconds
[2024-08-29T20:26:43.250+0000] {processor.py:157} INFO - Started process (PID=63043) to work on /home/airflow-vm/data-engineer-batch-processing-financial-services/.venv/lib/python3.10/site-packages/airflow/example_dags/example_xcomargs.py
[2024-08-29T20:26:43.250+0000] {processor.py:826} INFO - Processing file /home/airflow-vm/data-engineer-batch-processing-financial-services/.venv/lib/python3.10/site-packages/airflow/example_dags/example_xcomargs.py for tasks to queue
[2024-08-29T20:26:43.251+0000] {logging_mixin.py:149} INFO - [2024-08-29T20:26:43.251+0000] {dagbag.py:541} INFO - Filling up the DagBag from /home/airflow-vm/data-engineer-batch-processing-financial-services/.venv/lib/python3.10/site-packages/airflow/example_dags/example_xcomargs.py
[2024-08-29T20:26:43.258+0000] {processor.py:836} INFO - DAG(s) dict_keys(['example_xcom_args_with_operators', 'example_xcom_args']) retrieved from /home/airflow-vm/data-engineer-batch-processing-financial-services/.venv/lib/python3.10/site-packages/airflow/example_dags/example_xcomargs.py
[2024-08-29T20:26:43.278+0000] {logging_mixin.py:149} INFO - [2024-08-29T20:26:43.278+0000] {dag.py:2726} INFO - Sync 2 DAGs
[2024-08-29T20:26:43.296+0000] {logging_mixin.py:149} INFO - [2024-08-29T20:26:43.296+0000] {dag.py:3486} INFO - Setting next_dagrun for example_xcom_args to None, run_after=None
[2024-08-29T20:26:43.299+0000] {logging_mixin.py:149} INFO - [2024-08-29T20:26:43.299+0000] {dag.py:3486} INFO - Setting next_dagrun for example_xcom_args_with_operators to None, run_after=None
[2024-08-29T20:26:43.324+0000] {processor.py:179} INFO - Processing /home/airflow-vm/data-engineer-batch-processing-financial-services/.venv/lib/python3.10/site-packages/airflow/example_dags/example_xcomargs.py took 0.077 seconds
[2024-08-29T20:27:26.939+0000] {processor.py:157} INFO - Started process (PID=63443) to work on /home/airflow-vm/data-engineer-batch-processing-financial-services/.venv/lib/python3.10/site-packages/airflow/example_dags/example_xcomargs.py
[2024-08-29T20:27:26.939+0000] {processor.py:826} INFO - Processing file /home/airflow-vm/data-engineer-batch-processing-financial-services/.venv/lib/python3.10/site-packages/airflow/example_dags/example_xcomargs.py for tasks to queue
[2024-08-29T20:27:26.940+0000] {logging_mixin.py:149} INFO - [2024-08-29T20:27:26.940+0000] {dagbag.py:541} INFO - Filling up the DagBag from /home/airflow-vm/data-engineer-batch-processing-financial-services/.venv/lib/python3.10/site-packages/airflow/example_dags/example_xcomargs.py
[2024-08-29T20:27:26.947+0000] {processor.py:836} INFO - DAG(s) dict_keys(['example_xcom_args', 'example_xcom_args_with_operators']) retrieved from /home/airflow-vm/data-engineer-batch-processing-financial-services/.venv/lib/python3.10/site-packages/airflow/example_dags/example_xcomargs.py
[2024-08-29T20:27:26.966+0000] {logging_mixin.py:149} INFO - [2024-08-29T20:27:26.966+0000] {dag.py:2726} INFO - Sync 2 DAGs
[2024-08-29T20:27:26.985+0000] {logging_mixin.py:149} INFO - [2024-08-29T20:27:26.985+0000] {dag.py:3486} INFO - Setting next_dagrun for example_xcom_args to None, run_after=None
[2024-08-29T20:27:26.988+0000] {logging_mixin.py:149} INFO - [2024-08-29T20:27:26.987+0000] {dag.py:3486} INFO - Setting next_dagrun for example_xcom_args_with_operators to None, run_after=None
[2024-08-29T20:27:27.012+0000] {processor.py:179} INFO - Processing /home/airflow-vm/data-engineer-batch-processing-financial-services/.venv/lib/python3.10/site-packages/airflow/example_dags/example_xcomargs.py took 0.076 seconds
[2024-08-29T20:28:09.245+0000] {processor.py:157} INFO - Started process (PID=63570) to work on /home/airflow-vm/data-engineer-batch-processing-financial-services/.venv/lib/python3.10/site-packages/airflow/example_dags/example_xcomargs.py
[2024-08-29T20:28:09.246+0000] {processor.py:826} INFO - Processing file /home/airflow-vm/data-engineer-batch-processing-financial-services/.venv/lib/python3.10/site-packages/airflow/example_dags/example_xcomargs.py for tasks to queue
[2024-08-29T20:28:09.246+0000] {logging_mixin.py:149} INFO - [2024-08-29T20:28:09.246+0000] {dagbag.py:541} INFO - Filling up the DagBag from /home/airflow-vm/data-engineer-batch-processing-financial-services/.venv/lib/python3.10/site-packages/airflow/example_dags/example_xcomargs.py
[2024-08-29T20:28:09.253+0000] {processor.py:836} INFO - DAG(s) dict_keys(['example_xcom_args', 'example_xcom_args_with_operators']) retrieved from /home/airflow-vm/data-engineer-batch-processing-financial-services/.venv/lib/python3.10/site-packages/airflow/example_dags/example_xcomargs.py
[2024-08-29T20:28:09.273+0000] {logging_mixin.py:149} INFO - [2024-08-29T20:28:09.273+0000] {dag.py:2726} INFO - Sync 2 DAGs
[2024-08-29T20:28:09.292+0000] {logging_mixin.py:149} INFO - [2024-08-29T20:28:09.292+0000] {dag.py:3486} INFO - Setting next_dagrun for example_xcom_args to None, run_after=None
[2024-08-29T20:28:09.295+0000] {logging_mixin.py:149} INFO - [2024-08-29T20:28:09.294+0000] {dag.py:3486} INFO - Setting next_dagrun for example_xcom_args_with_operators to None, run_after=None
[2024-08-29T20:28:09.322+0000] {processor.py:179} INFO - Processing /home/airflow-vm/data-engineer-batch-processing-financial-services/.venv/lib/python3.10/site-packages/airflow/example_dags/example_xcomargs.py took 0.079 seconds
[2024-08-29T20:29:24.057+0000] {processor.py:157} INFO - Started process (PID=64389) to work on /home/airflow-vm/data-engineer-batch-processing-financial-services/.venv/lib/python3.10/site-packages/airflow/example_dags/example_xcomargs.py
[2024-08-29T20:29:24.058+0000] {processor.py:826} INFO - Processing file /home/airflow-vm/data-engineer-batch-processing-financial-services/.venv/lib/python3.10/site-packages/airflow/example_dags/example_xcomargs.py for tasks to queue
[2024-08-29T20:29:24.058+0000] {logging_mixin.py:149} INFO - [2024-08-29T20:29:24.058+0000] {dagbag.py:541} INFO - Filling up the DagBag from /home/airflow-vm/data-engineer-batch-processing-financial-services/.venv/lib/python3.10/site-packages/airflow/example_dags/example_xcomargs.py
[2024-08-29T20:29:24.066+0000] {processor.py:836} INFO - DAG(s) dict_keys(['example_xcom_args_with_operators', 'example_xcom_args']) retrieved from /home/airflow-vm/data-engineer-batch-processing-financial-services/.venv/lib/python3.10/site-packages/airflow/example_dags/example_xcomargs.py
[2024-08-29T20:29:24.085+0000] {logging_mixin.py:149} INFO - [2024-08-29T20:29:24.085+0000] {dag.py:2726} INFO - Sync 2 DAGs
[2024-08-29T20:29:24.103+0000] {logging_mixin.py:149} INFO - [2024-08-29T20:29:24.103+0000] {dag.py:3486} INFO - Setting next_dagrun for example_xcom_args to None, run_after=None
[2024-08-29T20:29:24.106+0000] {logging_mixin.py:149} INFO - [2024-08-29T20:29:24.106+0000] {dag.py:3486} INFO - Setting next_dagrun for example_xcom_args_with_operators to None, run_after=None
[2024-08-29T20:29:24.131+0000] {processor.py:179} INFO - Processing /home/airflow-vm/data-engineer-batch-processing-financial-services/.venv/lib/python3.10/site-packages/airflow/example_dags/example_xcomargs.py took 0.076 seconds
[2024-08-29T20:30:33.803+0000] {processor.py:157} INFO - Started process (PID=65093) to work on /home/airflow-vm/data-engineer-batch-processing-financial-services/.venv/lib/python3.10/site-packages/airflow/example_dags/example_xcomargs.py
[2024-08-29T20:30:33.804+0000] {processor.py:826} INFO - Processing file /home/airflow-vm/data-engineer-batch-processing-financial-services/.venv/lib/python3.10/site-packages/airflow/example_dags/example_xcomargs.py for tasks to queue
[2024-08-29T20:30:33.804+0000] {logging_mixin.py:149} INFO - [2024-08-29T20:30:33.804+0000] {dagbag.py:541} INFO - Filling up the DagBag from /home/airflow-vm/data-engineer-batch-processing-financial-services/.venv/lib/python3.10/site-packages/airflow/example_dags/example_xcomargs.py
[2024-08-29T20:30:33.813+0000] {processor.py:836} INFO - DAG(s) dict_keys(['example_xcom_args', 'example_xcom_args_with_operators']) retrieved from /home/airflow-vm/data-engineer-batch-processing-financial-services/.venv/lib/python3.10/site-packages/airflow/example_dags/example_xcomargs.py
[2024-08-29T20:30:33.820+0000] {logging_mixin.py:149} INFO - [2024-08-29T20:30:33.820+0000] {dag.py:2726} INFO - Sync 2 DAGs
[2024-08-29T20:30:33.840+0000] {logging_mixin.py:149} INFO - [2024-08-29T20:30:33.840+0000] {dag.py:3486} INFO - Setting next_dagrun for example_xcom_args to None, run_after=None
[2024-08-29T20:30:33.843+0000] {logging_mixin.py:149} INFO - [2024-08-29T20:30:33.843+0000] {dag.py:3486} INFO - Setting next_dagrun for example_xcom_args_with_operators to None, run_after=None
[2024-08-29T20:30:33.868+0000] {processor.py:179} INFO - Processing /home/airflow-vm/data-engineer-batch-processing-financial-services/.venv/lib/python3.10/site-packages/airflow/example_dags/example_xcomargs.py took 0.068 seconds
[2024-08-29T20:32:24.493+0000] {processor.py:157} INFO - Started process (PID=66474) to work on /home/airflow-vm/data-engineer-batch-processing-financial-services/.venv/lib/python3.10/site-packages/airflow/example_dags/example_xcomargs.py
[2024-08-29T20:32:24.494+0000] {processor.py:826} INFO - Processing file /home/airflow-vm/data-engineer-batch-processing-financial-services/.venv/lib/python3.10/site-packages/airflow/example_dags/example_xcomargs.py for tasks to queue
[2024-08-29T20:32:24.495+0000] {logging_mixin.py:149} INFO - [2024-08-29T20:32:24.495+0000] {dagbag.py:541} INFO - Filling up the DagBag from /home/airflow-vm/data-engineer-batch-processing-financial-services/.venv/lib/python3.10/site-packages/airflow/example_dags/example_xcomargs.py
[2024-08-29T20:32:24.503+0000] {processor.py:836} INFO - DAG(s) dict_keys(['example_xcom_args_with_operators', 'example_xcom_args']) retrieved from /home/airflow-vm/data-engineer-batch-processing-financial-services/.venv/lib/python3.10/site-packages/airflow/example_dags/example_xcomargs.py
[2024-08-29T20:32:24.522+0000] {logging_mixin.py:149} INFO - [2024-08-29T20:32:24.522+0000] {dag.py:2726} INFO - Sync 2 DAGs
[2024-08-29T20:32:24.542+0000] {logging_mixin.py:149} INFO - [2024-08-29T20:32:24.542+0000] {dag.py:3486} INFO - Setting next_dagrun for example_xcom_args to None, run_after=None
[2024-08-29T20:32:24.545+0000] {logging_mixin.py:149} INFO - [2024-08-29T20:32:24.544+0000] {dag.py:3486} INFO - Setting next_dagrun for example_xcom_args_with_operators to None, run_after=None
[2024-08-29T20:32:24.570+0000] {processor.py:179} INFO - Processing /home/airflow-vm/data-engineer-batch-processing-financial-services/.venv/lib/python3.10/site-packages/airflow/example_dags/example_xcomargs.py took 0.079 seconds
[2024-08-29T20:33:46.910+0000] {processor.py:157} INFO - Started process (PID=67491) to work on /home/airflow-vm/data-engineer-batch-processing-financial-services/.venv/lib/python3.10/site-packages/airflow/example_dags/example_xcomargs.py
[2024-08-29T20:33:46.911+0000] {processor.py:826} INFO - Processing file /home/airflow-vm/data-engineer-batch-processing-financial-services/.venv/lib/python3.10/site-packages/airflow/example_dags/example_xcomargs.py for tasks to queue
[2024-08-29T20:33:46.911+0000] {logging_mixin.py:149} INFO - [2024-08-29T20:33:46.911+0000] {dagbag.py:541} INFO - Filling up the DagBag from /home/airflow-vm/data-engineer-batch-processing-financial-services/.venv/lib/python3.10/site-packages/airflow/example_dags/example_xcomargs.py
[2024-08-29T20:33:46.919+0000] {processor.py:836} INFO - DAG(s) dict_keys(['example_xcom_args_with_operators', 'example_xcom_args']) retrieved from /home/airflow-vm/data-engineer-batch-processing-financial-services/.venv/lib/python3.10/site-packages/airflow/example_dags/example_xcomargs.py
[2024-08-29T20:33:46.939+0000] {logging_mixin.py:149} INFO - [2024-08-29T20:33:46.938+0000] {dag.py:2726} INFO - Sync 2 DAGs
[2024-08-29T20:33:46.957+0000] {logging_mixin.py:149} INFO - [2024-08-29T20:33:46.957+0000] {dag.py:3486} INFO - Setting next_dagrun for example_xcom_args to None, run_after=None
[2024-08-29T20:33:46.960+0000] {logging_mixin.py:149} INFO - [2024-08-29T20:33:46.960+0000] {dag.py:3486} INFO - Setting next_dagrun for example_xcom_args_with_operators to None, run_after=None
[2024-08-29T20:33:46.985+0000] {processor.py:179} INFO - Processing /home/airflow-vm/data-engineer-batch-processing-financial-services/.venv/lib/python3.10/site-packages/airflow/example_dags/example_xcomargs.py took 0.078 seconds
[2024-08-29T20:34:58.717+0000] {processor.py:157} INFO - Started process (PID=68441) to work on /home/airflow-vm/data-engineer-batch-processing-financial-services/.venv/lib/python3.10/site-packages/airflow/example_dags/example_xcomargs.py
[2024-08-29T20:34:58.717+0000] {processor.py:826} INFO - Processing file /home/airflow-vm/data-engineer-batch-processing-financial-services/.venv/lib/python3.10/site-packages/airflow/example_dags/example_xcomargs.py for tasks to queue
[2024-08-29T20:34:58.718+0000] {logging_mixin.py:149} INFO - [2024-08-29T20:34:58.718+0000] {dagbag.py:541} INFO - Filling up the DagBag from /home/airflow-vm/data-engineer-batch-processing-financial-services/.venv/lib/python3.10/site-packages/airflow/example_dags/example_xcomargs.py
[2024-08-29T20:34:58.727+0000] {processor.py:836} INFO - DAG(s) dict_keys(['example_xcom_args', 'example_xcom_args_with_operators']) retrieved from /home/airflow-vm/data-engineer-batch-processing-financial-services/.venv/lib/python3.10/site-packages/airflow/example_dags/example_xcomargs.py
[2024-08-29T20:34:58.735+0000] {logging_mixin.py:149} INFO - [2024-08-29T20:34:58.735+0000] {dag.py:2726} INFO - Sync 2 DAGs
[2024-08-29T20:34:58.757+0000] {logging_mixin.py:149} INFO - [2024-08-29T20:34:58.757+0000] {dag.py:3486} INFO - Setting next_dagrun for example_xcom_args to None, run_after=None
[2024-08-29T20:34:58.760+0000] {logging_mixin.py:149} INFO - [2024-08-29T20:34:58.760+0000] {dag.py:3486} INFO - Setting next_dagrun for example_xcom_args_with_operators to None, run_after=None
[2024-08-29T20:34:58.786+0000] {processor.py:179} INFO - Processing /home/airflow-vm/data-engineer-batch-processing-financial-services/.venv/lib/python3.10/site-packages/airflow/example_dags/example_xcomargs.py took 0.072 seconds
[2024-08-29T20:36:56.370+0000] {processor.py:157} INFO - Started process (PID=69868) to work on /home/airflow-vm/data-engineer-batch-processing-financial-services/.venv/lib/python3.10/site-packages/airflow/example_dags/example_xcomargs.py
[2024-08-29T20:36:56.371+0000] {processor.py:826} INFO - Processing file /home/airflow-vm/data-engineer-batch-processing-financial-services/.venv/lib/python3.10/site-packages/airflow/example_dags/example_xcomargs.py for tasks to queue
[2024-08-29T20:36:56.371+0000] {logging_mixin.py:149} INFO - [2024-08-29T20:36:56.371+0000] {dagbag.py:541} INFO - Filling up the DagBag from /home/airflow-vm/data-engineer-batch-processing-financial-services/.venv/lib/python3.10/site-packages/airflow/example_dags/example_xcomargs.py
[2024-08-29T20:36:56.378+0000] {processor.py:836} INFO - DAG(s) dict_keys(['example_xcom_args_with_operators', 'example_xcom_args']) retrieved from /home/airflow-vm/data-engineer-batch-processing-financial-services/.venv/lib/python3.10/site-packages/airflow/example_dags/example_xcomargs.py
[2024-08-29T20:36:56.398+0000] {logging_mixin.py:149} INFO - [2024-08-29T20:36:56.398+0000] {dag.py:2726} INFO - Sync 2 DAGs
[2024-08-29T20:36:56.417+0000] {logging_mixin.py:149} INFO - [2024-08-29T20:36:56.417+0000] {dag.py:3486} INFO - Setting next_dagrun for example_xcom_args to None, run_after=None
[2024-08-29T20:36:56.420+0000] {logging_mixin.py:149} INFO - [2024-08-29T20:36:56.420+0000] {dag.py:3486} INFO - Setting next_dagrun for example_xcom_args_with_operators to None, run_after=None
[2024-08-29T20:36:56.446+0000] {processor.py:179} INFO - Processing /home/airflow-vm/data-engineer-batch-processing-financial-services/.venv/lib/python3.10/site-packages/airflow/example_dags/example_xcomargs.py took 0.078 seconds
[2024-08-29T20:38:20.224+0000] {processor.py:157} INFO - Started process (PID=70919) to work on /home/airflow-vm/data-engineer-batch-processing-financial-services/.venv/lib/python3.10/site-packages/airflow/example_dags/example_xcomargs.py
[2024-08-29T20:38:20.224+0000] {processor.py:826} INFO - Processing file /home/airflow-vm/data-engineer-batch-processing-financial-services/.venv/lib/python3.10/site-packages/airflow/example_dags/example_xcomargs.py for tasks to queue
[2024-08-29T20:38:20.225+0000] {logging_mixin.py:149} INFO - [2024-08-29T20:38:20.225+0000] {dagbag.py:541} INFO - Filling up the DagBag from /home/airflow-vm/data-engineer-batch-processing-financial-services/.venv/lib/python3.10/site-packages/airflow/example_dags/example_xcomargs.py
[2024-08-29T20:38:20.232+0000] {processor.py:836} INFO - DAG(s) dict_keys(['example_xcom_args', 'example_xcom_args_with_operators']) retrieved from /home/airflow-vm/data-engineer-batch-processing-financial-services/.venv/lib/python3.10/site-packages/airflow/example_dags/example_xcomargs.py
[2024-08-29T20:38:20.252+0000] {logging_mixin.py:149} INFO - [2024-08-29T20:38:20.252+0000] {dag.py:2726} INFO - Sync 2 DAGs
[2024-08-29T20:38:20.270+0000] {logging_mixin.py:149} INFO - [2024-08-29T20:38:20.270+0000] {dag.py:3486} INFO - Setting next_dagrun for example_xcom_args to None, run_after=None
[2024-08-29T20:38:20.273+0000] {logging_mixin.py:149} INFO - [2024-08-29T20:38:20.273+0000] {dag.py:3486} INFO - Setting next_dagrun for example_xcom_args_with_operators to None, run_after=None
[2024-08-29T20:38:20.299+0000] {processor.py:179} INFO - Processing /home/airflow-vm/data-engineer-batch-processing-financial-services/.venv/lib/python3.10/site-packages/airflow/example_dags/example_xcomargs.py took 0.078 seconds
