[2024-08-29T19:47:58.821+0000] {processor.py:157} INFO - Started process (PID=49027) to work on /home/airflow-vm/data-engineer-batch-processing-financial-services/.venv/lib/python3.10/site-packages/airflow/example_dags/example_params_ui_tutorial.py
[2024-08-29T19:47:58.821+0000] {processor.py:826} INFO - Processing file /home/airflow-vm/data-engineer-batch-processing-financial-services/.venv/lib/python3.10/site-packages/airflow/example_dags/example_params_ui_tutorial.py for tasks to queue
[2024-08-29T19:47:58.822+0000] {logging_mixin.py:149} INFO - [2024-08-29T19:47:58.822+0000] {dagbag.py:541} INFO - Filling up the DagBag from /home/airflow-vm/data-engineer-batch-processing-financial-services/.venv/lib/python3.10/site-packages/airflow/example_dags/example_params_ui_tutorial.py
[2024-08-29T19:47:58.856+0000] {processor.py:836} INFO - DAG(s) dict_keys(['example_params_ui_tutorial']) retrieved from /home/airflow-vm/data-engineer-batch-processing-financial-services/.venv/lib/python3.10/site-packages/airflow/example_dags/example_params_ui_tutorial.py
[2024-08-29T19:47:59.004+0000] {logging_mixin.py:149} INFO - [2024-08-29T19:47:59.004+0000] {manager.py:504} INFO - Created Permission View: can delete on DAG:example_params_ui_tutorial
[2024-08-29T19:47:59.022+0000] {logging_mixin.py:149} INFO - [2024-08-29T19:47:59.022+0000] {manager.py:504} INFO - Created Permission View: can edit on DAG:example_params_ui_tutorial
[2024-08-29T19:47:59.043+0000] {logging_mixin.py:149} INFO - [2024-08-29T19:47:59.042+0000] {manager.py:504} INFO - Created Permission View: can read on DAG:example_params_ui_tutorial
[2024-08-29T19:47:59.043+0000] {logging_mixin.py:149} INFO - [2024-08-29T19:47:59.043+0000] {dag.py:2726} INFO - Sync 1 DAGs
[2024-08-29T19:47:59.055+0000] {logging_mixin.py:149} INFO - [2024-08-29T19:47:59.055+0000] {dag.py:2747} INFO - Creating ORM DAG for example_params_ui_tutorial
[2024-08-29T19:47:59.063+0000] {logging_mixin.py:149} INFO - [2024-08-29T19:47:59.063+0000] {dag.py:3486} INFO - Setting next_dagrun for example_params_ui_tutorial to None, run_after=None
[2024-08-29T19:47:59.094+0000] {processor.py:179} INFO - Processing /home/airflow-vm/data-engineer-batch-processing-financial-services/.venv/lib/python3.10/site-packages/airflow/example_dags/example_params_ui_tutorial.py took 0.275 seconds
[2024-08-29T19:48:48.077+0000] {processor.py:157} INFO - Started process (PID=49432) to work on /home/airflow-vm/data-engineer-batch-processing-financial-services/.venv/lib/python3.10/site-packages/airflow/example_dags/example_params_ui_tutorial.py
[2024-08-29T19:48:48.078+0000] {processor.py:826} INFO - Processing file /home/airflow-vm/data-engineer-batch-processing-financial-services/.venv/lib/python3.10/site-packages/airflow/example_dags/example_params_ui_tutorial.py for tasks to queue
[2024-08-29T19:48:48.078+0000] {logging_mixin.py:149} INFO - [2024-08-29T19:48:48.078+0000] {dagbag.py:541} INFO - Filling up the DagBag from /home/airflow-vm/data-engineer-batch-processing-financial-services/.venv/lib/python3.10/site-packages/airflow/example_dags/example_params_ui_tutorial.py
[2024-08-29T19:48:48.112+0000] {processor.py:836} INFO - DAG(s) dict_keys(['example_params_ui_tutorial']) retrieved from /home/airflow-vm/data-engineer-batch-processing-financial-services/.venv/lib/python3.10/site-packages/airflow/example_dags/example_params_ui_tutorial.py
[2024-08-29T19:48:48.164+0000] {logging_mixin.py:149} INFO - [2024-08-29T19:48:48.164+0000] {dag.py:2726} INFO - Sync 1 DAGs
[2024-08-29T19:48:48.182+0000] {logging_mixin.py:149} INFO - [2024-08-29T19:48:48.182+0000] {dag.py:3486} INFO - Setting next_dagrun for example_params_ui_tutorial to None, run_after=None
[2024-08-29T19:48:48.212+0000] {processor.py:179} INFO - Processing /home/airflow-vm/data-engineer-batch-processing-financial-services/.venv/lib/python3.10/site-packages/airflow/example_dags/example_params_ui_tutorial.py took 0.137 seconds
[2024-08-29T19:49:33.552+0000] {processor.py:157} INFO - Started process (PID=49654) to work on /home/airflow-vm/data-engineer-batch-processing-financial-services/.venv/lib/python3.10/site-packages/airflow/example_dags/example_params_ui_tutorial.py
[2024-08-29T19:49:33.553+0000] {processor.py:826} INFO - Processing file /home/airflow-vm/data-engineer-batch-processing-financial-services/.venv/lib/python3.10/site-packages/airflow/example_dags/example_params_ui_tutorial.py for tasks to queue
[2024-08-29T19:49:33.553+0000] {logging_mixin.py:149} INFO - [2024-08-29T19:49:33.553+0000] {dagbag.py:541} INFO - Filling up the DagBag from /home/airflow-vm/data-engineer-batch-processing-financial-services/.venv/lib/python3.10/site-packages/airflow/example_dags/example_params_ui_tutorial.py
[2024-08-29T19:49:33.587+0000] {processor.py:836} INFO - DAG(s) dict_keys(['example_params_ui_tutorial']) retrieved from /home/airflow-vm/data-engineer-batch-processing-financial-services/.venv/lib/python3.10/site-packages/airflow/example_dags/example_params_ui_tutorial.py
[2024-08-29T19:49:33.640+0000] {logging_mixin.py:149} INFO - [2024-08-29T19:49:33.640+0000] {dag.py:2726} INFO - Sync 1 DAGs
[2024-08-29T19:49:33.659+0000] {logging_mixin.py:149} INFO - [2024-08-29T19:49:33.659+0000] {dag.py:3486} INFO - Setting next_dagrun for example_params_ui_tutorial to None, run_after=None
[2024-08-29T19:49:33.687+0000] {processor.py:179} INFO - Processing /home/airflow-vm/data-engineer-batch-processing-financial-services/.venv/lib/python3.10/site-packages/airflow/example_dags/example_params_ui_tutorial.py took 0.138 seconds
[2024-08-29T19:50:23.714+0000] {processor.py:157} INFO - Started process (PID=49880) to work on /home/airflow-vm/data-engineer-batch-processing-financial-services/.venv/lib/python3.10/site-packages/airflow/example_dags/example_params_ui_tutorial.py
[2024-08-29T19:50:23.715+0000] {processor.py:826} INFO - Processing file /home/airflow-vm/data-engineer-batch-processing-financial-services/.venv/lib/python3.10/site-packages/airflow/example_dags/example_params_ui_tutorial.py for tasks to queue
[2024-08-29T19:50:23.715+0000] {logging_mixin.py:149} INFO - [2024-08-29T19:50:23.715+0000] {dagbag.py:541} INFO - Filling up the DagBag from /home/airflow-vm/data-engineer-batch-processing-financial-services/.venv/lib/python3.10/site-packages/airflow/example_dags/example_params_ui_tutorial.py
[2024-08-29T19:50:23.749+0000] {processor.py:836} INFO - DAG(s) dict_keys(['example_params_ui_tutorial']) retrieved from /home/airflow-vm/data-engineer-batch-processing-financial-services/.venv/lib/python3.10/site-packages/airflow/example_dags/example_params_ui_tutorial.py
[2024-08-29T19:50:23.801+0000] {logging_mixin.py:149} INFO - [2024-08-29T19:50:23.801+0000] {dag.py:2726} INFO - Sync 1 DAGs
[2024-08-29T19:50:23.821+0000] {logging_mixin.py:149} INFO - [2024-08-29T19:50:23.821+0000] {dag.py:3486} INFO - Setting next_dagrun for example_params_ui_tutorial to None, run_after=None
[2024-08-29T19:50:23.849+0000] {processor.py:179} INFO - Processing /home/airflow-vm/data-engineer-batch-processing-financial-services/.venv/lib/python3.10/site-packages/airflow/example_dags/example_params_ui_tutorial.py took 0.137 seconds
[2024-08-29T19:51:09.397+0000] {processor.py:157} INFO - Started process (PID=50578) to work on /home/airflow-vm/data-engineer-batch-processing-financial-services/.venv/lib/python3.10/site-packages/airflow/example_dags/example_params_ui_tutorial.py
[2024-08-29T19:51:09.398+0000] {processor.py:826} INFO - Processing file /home/airflow-vm/data-engineer-batch-processing-financial-services/.venv/lib/python3.10/site-packages/airflow/example_dags/example_params_ui_tutorial.py for tasks to queue
[2024-08-29T19:51:09.398+0000] {logging_mixin.py:149} INFO - [2024-08-29T19:51:09.398+0000] {dagbag.py:541} INFO - Filling up the DagBag from /home/airflow-vm/data-engineer-batch-processing-financial-services/.venv/lib/python3.10/site-packages/airflow/example_dags/example_params_ui_tutorial.py
[2024-08-29T19:51:09.433+0000] {processor.py:836} INFO - DAG(s) dict_keys(['example_params_ui_tutorial']) retrieved from /home/airflow-vm/data-engineer-batch-processing-financial-services/.venv/lib/python3.10/site-packages/airflow/example_dags/example_params_ui_tutorial.py
[2024-08-29T19:51:09.487+0000] {logging_mixin.py:149} INFO - [2024-08-29T19:51:09.487+0000] {dag.py:2726} INFO - Sync 1 DAGs
[2024-08-29T19:51:09.508+0000] {logging_mixin.py:149} INFO - [2024-08-29T19:51:09.508+0000] {dag.py:3486} INFO - Setting next_dagrun for example_params_ui_tutorial to None, run_after=None
[2024-08-29T19:51:09.537+0000] {processor.py:179} INFO - Processing /home/airflow-vm/data-engineer-batch-processing-financial-services/.venv/lib/python3.10/site-packages/airflow/example_dags/example_params_ui_tutorial.py took 0.143 seconds
[2024-08-29T19:51:57.805+0000] {processor.py:157} INFO - Started process (PID=50872) to work on /home/airflow-vm/data-engineer-batch-processing-financial-services/.venv/lib/python3.10/site-packages/airflow/example_dags/example_params_ui_tutorial.py
[2024-08-29T19:51:57.806+0000] {processor.py:826} INFO - Processing file /home/airflow-vm/data-engineer-batch-processing-financial-services/.venv/lib/python3.10/site-packages/airflow/example_dags/example_params_ui_tutorial.py for tasks to queue
[2024-08-29T19:51:57.806+0000] {logging_mixin.py:149} INFO - [2024-08-29T19:51:57.806+0000] {dagbag.py:541} INFO - Filling up the DagBag from /home/airflow-vm/data-engineer-batch-processing-financial-services/.venv/lib/python3.10/site-packages/airflow/example_dags/example_params_ui_tutorial.py
[2024-08-29T19:51:57.840+0000] {processor.py:836} INFO - DAG(s) dict_keys(['example_params_ui_tutorial']) retrieved from /home/airflow-vm/data-engineer-batch-processing-financial-services/.venv/lib/python3.10/site-packages/airflow/example_dags/example_params_ui_tutorial.py
[2024-08-29T19:51:57.892+0000] {logging_mixin.py:149} INFO - [2024-08-29T19:51:57.892+0000] {dag.py:2726} INFO - Sync 1 DAGs
[2024-08-29T19:51:57.912+0000] {logging_mixin.py:149} INFO - [2024-08-29T19:51:57.912+0000] {dag.py:3486} INFO - Setting next_dagrun for example_params_ui_tutorial to None, run_after=None
[2024-08-29T19:51:57.943+0000] {processor.py:179} INFO - Processing /home/airflow-vm/data-engineer-batch-processing-financial-services/.venv/lib/python3.10/site-packages/airflow/example_dags/example_params_ui_tutorial.py took 0.140 seconds
[2024-08-29T19:52:44.194+0000] {processor.py:157} INFO - Started process (PID=50969) to work on /home/airflow-vm/data-engineer-batch-processing-financial-services/.venv/lib/python3.10/site-packages/airflow/example_dags/example_params_ui_tutorial.py
[2024-08-29T19:52:44.195+0000] {processor.py:826} INFO - Processing file /home/airflow-vm/data-engineer-batch-processing-financial-services/.venv/lib/python3.10/site-packages/airflow/example_dags/example_params_ui_tutorial.py for tasks to queue
[2024-08-29T19:52:44.196+0000] {logging_mixin.py:149} INFO - [2024-08-29T19:52:44.196+0000] {dagbag.py:541} INFO - Filling up the DagBag from /home/airflow-vm/data-engineer-batch-processing-financial-services/.venv/lib/python3.10/site-packages/airflow/example_dags/example_params_ui_tutorial.py
[2024-08-29T19:52:44.229+0000] {processor.py:836} INFO - DAG(s) dict_keys(['example_params_ui_tutorial']) retrieved from /home/airflow-vm/data-engineer-batch-processing-financial-services/.venv/lib/python3.10/site-packages/airflow/example_dags/example_params_ui_tutorial.py
[2024-08-29T19:52:44.281+0000] {logging_mixin.py:149} INFO - [2024-08-29T19:52:44.281+0000] {dag.py:2726} INFO - Sync 1 DAGs
[2024-08-29T19:52:44.300+0000] {logging_mixin.py:149} INFO - [2024-08-29T19:52:44.300+0000] {dag.py:3486} INFO - Setting next_dagrun for example_params_ui_tutorial to None, run_after=None
[2024-08-29T19:52:44.329+0000] {processor.py:179} INFO - Processing /home/airflow-vm/data-engineer-batch-processing-financial-services/.venv/lib/python3.10/site-packages/airflow/example_dags/example_params_ui_tutorial.py took 0.137 seconds
[2024-08-29T19:53:28.041+0000] {processor.py:157} INFO - Started process (PID=51074) to work on /home/airflow-vm/data-engineer-batch-processing-financial-services/.venv/lib/python3.10/site-packages/airflow/example_dags/example_params_ui_tutorial.py
[2024-08-29T19:53:28.042+0000] {processor.py:826} INFO - Processing file /home/airflow-vm/data-engineer-batch-processing-financial-services/.venv/lib/python3.10/site-packages/airflow/example_dags/example_params_ui_tutorial.py for tasks to queue
[2024-08-29T19:53:28.043+0000] {logging_mixin.py:149} INFO - [2024-08-29T19:53:28.043+0000] {dagbag.py:541} INFO - Filling up the DagBag from /home/airflow-vm/data-engineer-batch-processing-financial-services/.venv/lib/python3.10/site-packages/airflow/example_dags/example_params_ui_tutorial.py
[2024-08-29T19:53:28.077+0000] {processor.py:836} INFO - DAG(s) dict_keys(['example_params_ui_tutorial']) retrieved from /home/airflow-vm/data-engineer-batch-processing-financial-services/.venv/lib/python3.10/site-packages/airflow/example_dags/example_params_ui_tutorial.py
[2024-08-29T19:53:28.130+0000] {logging_mixin.py:149} INFO - [2024-08-29T19:53:28.130+0000] {dag.py:2726} INFO - Sync 1 DAGs
[2024-08-29T19:53:28.149+0000] {logging_mixin.py:149} INFO - [2024-08-29T19:53:28.149+0000] {dag.py:3486} INFO - Setting next_dagrun for example_params_ui_tutorial to None, run_after=None
[2024-08-29T19:53:28.179+0000] {processor.py:179} INFO - Processing /home/airflow-vm/data-engineer-batch-processing-financial-services/.venv/lib/python3.10/site-packages/airflow/example_dags/example_params_ui_tutorial.py took 0.140 seconds
[2024-08-29T19:54:13.307+0000] {processor.py:157} INFO - Started process (PID=51194) to work on /home/airflow-vm/data-engineer-batch-processing-financial-services/.venv/lib/python3.10/site-packages/airflow/example_dags/example_params_ui_tutorial.py
[2024-08-29T19:54:13.308+0000] {processor.py:826} INFO - Processing file /home/airflow-vm/data-engineer-batch-processing-financial-services/.venv/lib/python3.10/site-packages/airflow/example_dags/example_params_ui_tutorial.py for tasks to queue
[2024-08-29T19:54:13.309+0000] {logging_mixin.py:149} INFO - [2024-08-29T19:54:13.309+0000] {dagbag.py:541} INFO - Filling up the DagBag from /home/airflow-vm/data-engineer-batch-processing-financial-services/.venv/lib/python3.10/site-packages/airflow/example_dags/example_params_ui_tutorial.py
[2024-08-29T19:54:13.342+0000] {processor.py:836} INFO - DAG(s) dict_keys(['example_params_ui_tutorial']) retrieved from /home/airflow-vm/data-engineer-batch-processing-financial-services/.venv/lib/python3.10/site-packages/airflow/example_dags/example_params_ui_tutorial.py
[2024-08-29T19:54:13.394+0000] {logging_mixin.py:149} INFO - [2024-08-29T19:54:13.394+0000] {dag.py:2726} INFO - Sync 1 DAGs
[2024-08-29T19:54:13.415+0000] {logging_mixin.py:149} INFO - [2024-08-29T19:54:13.414+0000] {dag.py:3486} INFO - Setting next_dagrun for example_params_ui_tutorial to None, run_after=None
[2024-08-29T19:54:13.443+0000] {processor.py:179} INFO - Processing /home/airflow-vm/data-engineer-batch-processing-financial-services/.venv/lib/python3.10/site-packages/airflow/example_dags/example_params_ui_tutorial.py took 0.138 seconds
[2024-08-29T19:55:00.826+0000] {processor.py:157} INFO - Started process (PID=51489) to work on /home/airflow-vm/data-engineer-batch-processing-financial-services/.venv/lib/python3.10/site-packages/airflow/example_dags/example_params_ui_tutorial.py
[2024-08-29T19:55:00.826+0000] {processor.py:826} INFO - Processing file /home/airflow-vm/data-engineer-batch-processing-financial-services/.venv/lib/python3.10/site-packages/airflow/example_dags/example_params_ui_tutorial.py for tasks to queue
[2024-08-29T19:55:00.827+0000] {logging_mixin.py:149} INFO - [2024-08-29T19:55:00.827+0000] {dagbag.py:541} INFO - Filling up the DagBag from /home/airflow-vm/data-engineer-batch-processing-financial-services/.venv/lib/python3.10/site-packages/airflow/example_dags/example_params_ui_tutorial.py
[2024-08-29T19:55:00.860+0000] {processor.py:836} INFO - DAG(s) dict_keys(['example_params_ui_tutorial']) retrieved from /home/airflow-vm/data-engineer-batch-processing-financial-services/.venv/lib/python3.10/site-packages/airflow/example_dags/example_params_ui_tutorial.py
[2024-08-29T19:55:00.913+0000] {logging_mixin.py:149} INFO - [2024-08-29T19:55:00.912+0000] {dag.py:2726} INFO - Sync 1 DAGs
[2024-08-29T19:55:00.931+0000] {logging_mixin.py:149} INFO - [2024-08-29T19:55:00.931+0000] {dag.py:3486} INFO - Setting next_dagrun for example_params_ui_tutorial to None, run_after=None
[2024-08-29T19:55:00.959+0000] {processor.py:179} INFO - Processing /home/airflow-vm/data-engineer-batch-processing-financial-services/.venv/lib/python3.10/site-packages/airflow/example_dags/example_params_ui_tutorial.py took 0.135 seconds
[2024-08-29T19:55:48.781+0000] {processor.py:157} INFO - Started process (PID=51873) to work on /home/airflow-vm/data-engineer-batch-processing-financial-services/.venv/lib/python3.10/site-packages/airflow/example_dags/example_params_ui_tutorial.py
[2024-08-29T19:55:48.782+0000] {processor.py:826} INFO - Processing file /home/airflow-vm/data-engineer-batch-processing-financial-services/.venv/lib/python3.10/site-packages/airflow/example_dags/example_params_ui_tutorial.py for tasks to queue
[2024-08-29T19:55:48.782+0000] {logging_mixin.py:149} INFO - [2024-08-29T19:55:48.782+0000] {dagbag.py:541} INFO - Filling up the DagBag from /home/airflow-vm/data-engineer-batch-processing-financial-services/.venv/lib/python3.10/site-packages/airflow/example_dags/example_params_ui_tutorial.py
[2024-08-29T19:55:48.816+0000] {processor.py:836} INFO - DAG(s) dict_keys(['example_params_ui_tutorial']) retrieved from /home/airflow-vm/data-engineer-batch-processing-financial-services/.venv/lib/python3.10/site-packages/airflow/example_dags/example_params_ui_tutorial.py
[2024-08-29T19:55:48.869+0000] {logging_mixin.py:149} INFO - [2024-08-29T19:55:48.869+0000] {dag.py:2726} INFO - Sync 1 DAGs
[2024-08-29T19:55:48.891+0000] {logging_mixin.py:149} INFO - [2024-08-29T19:55:48.890+0000] {dag.py:3486} INFO - Setting next_dagrun for example_params_ui_tutorial to None, run_after=None
[2024-08-29T19:55:48.920+0000] {processor.py:179} INFO - Processing /home/airflow-vm/data-engineer-batch-processing-financial-services/.venv/lib/python3.10/site-packages/airflow/example_dags/example_params_ui_tutorial.py took 0.141 seconds
[2024-08-29T20:11:51.110+0000] {processor.py:157} INFO - Started process (PID=56389) to work on /home/airflow-vm/data-engineer-batch-processing-financial-services/.venv/lib/python3.10/site-packages/airflow/example_dags/example_params_ui_tutorial.py
[2024-08-29T20:11:51.111+0000] {processor.py:826} INFO - Processing file /home/airflow-vm/data-engineer-batch-processing-financial-services/.venv/lib/python3.10/site-packages/airflow/example_dags/example_params_ui_tutorial.py for tasks to queue
[2024-08-29T20:11:51.111+0000] {logging_mixin.py:149} INFO - [2024-08-29T20:11:51.111+0000] {dagbag.py:541} INFO - Filling up the DagBag from /home/airflow-vm/data-engineer-batch-processing-financial-services/.venv/lib/python3.10/site-packages/airflow/example_dags/example_params_ui_tutorial.py
[2024-08-29T20:11:51.146+0000] {processor.py:836} INFO - DAG(s) dict_keys(['example_params_ui_tutorial']) retrieved from /home/airflow-vm/data-engineer-batch-processing-financial-services/.venv/lib/python3.10/site-packages/airflow/example_dags/example_params_ui_tutorial.py
[2024-08-29T20:11:51.197+0000] {logging_mixin.py:149} INFO - [2024-08-29T20:11:51.197+0000] {dag.py:2726} INFO - Sync 1 DAGs
[2024-08-29T20:11:51.216+0000] {logging_mixin.py:149} INFO - [2024-08-29T20:11:51.216+0000] {dag.py:3486} INFO - Setting next_dagrun for example_params_ui_tutorial to None, run_after=None
[2024-08-29T20:11:51.245+0000] {processor.py:179} INFO - Processing /home/airflow-vm/data-engineer-batch-processing-financial-services/.venv/lib/python3.10/site-packages/airflow/example_dags/example_params_ui_tutorial.py took 0.137 seconds
[2024-08-29T20:12:37.637+0000] {processor.py:157} INFO - Started process (PID=56725) to work on /home/airflow-vm/data-engineer-batch-processing-financial-services/.venv/lib/python3.10/site-packages/airflow/example_dags/example_params_ui_tutorial.py
[2024-08-29T20:12:37.638+0000] {processor.py:826} INFO - Processing file /home/airflow-vm/data-engineer-batch-processing-financial-services/.venv/lib/python3.10/site-packages/airflow/example_dags/example_params_ui_tutorial.py for tasks to queue
[2024-08-29T20:12:37.639+0000] {logging_mixin.py:149} INFO - [2024-08-29T20:12:37.639+0000] {dagbag.py:541} INFO - Filling up the DagBag from /home/airflow-vm/data-engineer-batch-processing-financial-services/.venv/lib/python3.10/site-packages/airflow/example_dags/example_params_ui_tutorial.py
[2024-08-29T20:12:37.673+0000] {processor.py:836} INFO - DAG(s) dict_keys(['example_params_ui_tutorial']) retrieved from /home/airflow-vm/data-engineer-batch-processing-financial-services/.venv/lib/python3.10/site-packages/airflow/example_dags/example_params_ui_tutorial.py
[2024-08-29T20:12:37.730+0000] {logging_mixin.py:149} INFO - [2024-08-29T20:12:37.730+0000] {dag.py:2726} INFO - Sync 1 DAGs
[2024-08-29T20:12:37.751+0000] {logging_mixin.py:149} INFO - [2024-08-29T20:12:37.751+0000] {dag.py:3486} INFO - Setting next_dagrun for example_params_ui_tutorial to None, run_after=None
[2024-08-29T20:12:37.780+0000] {processor.py:179} INFO - Processing /home/airflow-vm/data-engineer-batch-processing-financial-services/.venv/lib/python3.10/site-packages/airflow/example_dags/example_params_ui_tutorial.py took 0.145 seconds
[2024-08-29T20:13:21.584+0000] {processor.py:157} INFO - Started process (PID=56891) to work on /home/airflow-vm/data-engineer-batch-processing-financial-services/.venv/lib/python3.10/site-packages/airflow/example_dags/example_params_ui_tutorial.py
[2024-08-29T20:13:21.585+0000] {processor.py:826} INFO - Processing file /home/airflow-vm/data-engineer-batch-processing-financial-services/.venv/lib/python3.10/site-packages/airflow/example_dags/example_params_ui_tutorial.py for tasks to queue
[2024-08-29T20:13:21.585+0000] {logging_mixin.py:149} INFO - [2024-08-29T20:13:21.585+0000] {dagbag.py:541} INFO - Filling up the DagBag from /home/airflow-vm/data-engineer-batch-processing-financial-services/.venv/lib/python3.10/site-packages/airflow/example_dags/example_params_ui_tutorial.py
[2024-08-29T20:13:21.619+0000] {processor.py:836} INFO - DAG(s) dict_keys(['example_params_ui_tutorial']) retrieved from /home/airflow-vm/data-engineer-batch-processing-financial-services/.venv/lib/python3.10/site-packages/airflow/example_dags/example_params_ui_tutorial.py
[2024-08-29T20:13:21.673+0000] {logging_mixin.py:149} INFO - [2024-08-29T20:13:21.673+0000] {dag.py:2726} INFO - Sync 1 DAGs
[2024-08-29T20:13:21.691+0000] {logging_mixin.py:149} INFO - [2024-08-29T20:13:21.691+0000] {dag.py:3486} INFO - Setting next_dagrun for example_params_ui_tutorial to None, run_after=None
[2024-08-29T20:13:21.718+0000] {processor.py:179} INFO - Processing /home/airflow-vm/data-engineer-batch-processing-financial-services/.venv/lib/python3.10/site-packages/airflow/example_dags/example_params_ui_tutorial.py took 0.137 seconds
[2024-08-29T20:15:17.481+0000] {processor.py:157} INFO - Started process (PID=57460) to work on /home/airflow-vm/data-engineer-batch-processing-financial-services/.venv/lib/python3.10/site-packages/airflow/example_dags/example_params_ui_tutorial.py
[2024-08-29T20:15:17.482+0000] {processor.py:826} INFO - Processing file /home/airflow-vm/data-engineer-batch-processing-financial-services/.venv/lib/python3.10/site-packages/airflow/example_dags/example_params_ui_tutorial.py for tasks to queue
[2024-08-29T20:15:17.483+0000] {logging_mixin.py:149} INFO - [2024-08-29T20:15:17.483+0000] {dagbag.py:541} INFO - Filling up the DagBag from /home/airflow-vm/data-engineer-batch-processing-financial-services/.venv/lib/python3.10/site-packages/airflow/example_dags/example_params_ui_tutorial.py
[2024-08-29T20:15:17.518+0000] {processor.py:836} INFO - DAG(s) dict_keys(['example_params_ui_tutorial']) retrieved from /home/airflow-vm/data-engineer-batch-processing-financial-services/.venv/lib/python3.10/site-packages/airflow/example_dags/example_params_ui_tutorial.py
[2024-08-29T20:15:17.569+0000] {logging_mixin.py:149} INFO - [2024-08-29T20:15:17.569+0000] {dag.py:2726} INFO - Sync 1 DAGs
[2024-08-29T20:15:17.588+0000] {logging_mixin.py:149} INFO - [2024-08-29T20:15:17.588+0000] {dag.py:3486} INFO - Setting next_dagrun for example_params_ui_tutorial to None, run_after=None
[2024-08-29T20:15:17.616+0000] {processor.py:179} INFO - Processing /home/airflow-vm/data-engineer-batch-processing-financial-services/.venv/lib/python3.10/site-packages/airflow/example_dags/example_params_ui_tutorial.py took 0.137 seconds
[2024-08-29T20:16:03.991+0000] {processor.py:157} INFO - Started process (PID=57998) to work on /home/airflow-vm/data-engineer-batch-processing-financial-services/.venv/lib/python3.10/site-packages/airflow/example_dags/example_params_ui_tutorial.py
[2024-08-29T20:16:03.992+0000] {processor.py:826} INFO - Processing file /home/airflow-vm/data-engineer-batch-processing-financial-services/.venv/lib/python3.10/site-packages/airflow/example_dags/example_params_ui_tutorial.py for tasks to queue
[2024-08-29T20:16:03.992+0000] {logging_mixin.py:149} INFO - [2024-08-29T20:16:03.992+0000] {dagbag.py:541} INFO - Filling up the DagBag from /home/airflow-vm/data-engineer-batch-processing-financial-services/.venv/lib/python3.10/site-packages/airflow/example_dags/example_params_ui_tutorial.py
[2024-08-29T20:16:04.026+0000] {processor.py:836} INFO - DAG(s) dict_keys(['example_params_ui_tutorial']) retrieved from /home/airflow-vm/data-engineer-batch-processing-financial-services/.venv/lib/python3.10/site-packages/airflow/example_dags/example_params_ui_tutorial.py
[2024-08-29T20:16:04.077+0000] {logging_mixin.py:149} INFO - [2024-08-29T20:16:04.077+0000] {dag.py:2726} INFO - Sync 1 DAGs
[2024-08-29T20:16:04.095+0000] {logging_mixin.py:149} INFO - [2024-08-29T20:16:04.095+0000] {dag.py:3486} INFO - Setting next_dagrun for example_params_ui_tutorial to None, run_after=None
[2024-08-29T20:16:04.123+0000] {processor.py:179} INFO - Processing /home/airflow-vm/data-engineer-batch-processing-financial-services/.venv/lib/python3.10/site-packages/airflow/example_dags/example_params_ui_tutorial.py took 0.134 seconds
[2024-08-29T20:24:22.479+0000] {processor.py:157} INFO - Started process (PID=61227) to work on /home/airflow-vm/data-engineer-batch-processing-financial-services/.venv/lib/python3.10/site-packages/airflow/example_dags/example_params_ui_tutorial.py
[2024-08-29T20:24:22.484+0000] {processor.py:826} INFO - Processing file /home/airflow-vm/data-engineer-batch-processing-financial-services/.venv/lib/python3.10/site-packages/airflow/example_dags/example_params_ui_tutorial.py for tasks to queue
[2024-08-29T20:24:22.485+0000] {logging_mixin.py:149} INFO - [2024-08-29T20:24:22.485+0000] {dagbag.py:541} INFO - Filling up the DagBag from /home/airflow-vm/data-engineer-batch-processing-financial-services/.venv/lib/python3.10/site-packages/airflow/example_dags/example_params_ui_tutorial.py
[2024-08-29T20:24:22.520+0000] {processor.py:836} INFO - DAG(s) dict_keys(['example_params_ui_tutorial']) retrieved from /home/airflow-vm/data-engineer-batch-processing-financial-services/.venv/lib/python3.10/site-packages/airflow/example_dags/example_params_ui_tutorial.py
[2024-08-29T20:24:22.571+0000] {logging_mixin.py:149} INFO - [2024-08-29T20:24:22.571+0000] {dag.py:2726} INFO - Sync 1 DAGs
[2024-08-29T20:24:22.591+0000] {logging_mixin.py:149} INFO - [2024-08-29T20:24:22.590+0000] {dag.py:3486} INFO - Setting next_dagrun for example_params_ui_tutorial to None, run_after=None
[2024-08-29T20:24:22.618+0000] {processor.py:179} INFO - Processing /home/airflow-vm/data-engineer-batch-processing-financial-services/.venv/lib/python3.10/site-packages/airflow/example_dags/example_params_ui_tutorial.py took 0.141 seconds
[2024-08-29T20:26:16.855+0000] {processor.py:157} INFO - Started process (PID=62671) to work on /home/airflow-vm/data-engineer-batch-processing-financial-services/.venv/lib/python3.10/site-packages/airflow/example_dags/example_params_ui_tutorial.py
[2024-08-29T20:26:16.856+0000] {processor.py:826} INFO - Processing file /home/airflow-vm/data-engineer-batch-processing-financial-services/.venv/lib/python3.10/site-packages/airflow/example_dags/example_params_ui_tutorial.py for tasks to queue
[2024-08-29T20:26:16.857+0000] {logging_mixin.py:149} INFO - [2024-08-29T20:26:16.857+0000] {dagbag.py:541} INFO - Filling up the DagBag from /home/airflow-vm/data-engineer-batch-processing-financial-services/.venv/lib/python3.10/site-packages/airflow/example_dags/example_params_ui_tutorial.py
[2024-08-29T20:26:16.890+0000] {processor.py:836} INFO - DAG(s) dict_keys(['example_params_ui_tutorial']) retrieved from /home/airflow-vm/data-engineer-batch-processing-financial-services/.venv/lib/python3.10/site-packages/airflow/example_dags/example_params_ui_tutorial.py
[2024-08-29T20:26:16.943+0000] {logging_mixin.py:149} INFO - [2024-08-29T20:26:16.943+0000] {dag.py:2726} INFO - Sync 1 DAGs
[2024-08-29T20:26:16.962+0000] {logging_mixin.py:149} INFO - [2024-08-29T20:26:16.962+0000] {dag.py:3486} INFO - Setting next_dagrun for example_params_ui_tutorial to None, run_after=None
[2024-08-29T20:26:17.001+0000] {processor.py:179} INFO - Processing /home/airflow-vm/data-engineer-batch-processing-financial-services/.venv/lib/python3.10/site-packages/airflow/example_dags/example_params_ui_tutorial.py took 0.148 seconds
[2024-08-29T20:27:12.794+0000] {processor.py:157} INFO - Started process (PID=63367) to work on /home/airflow-vm/data-engineer-batch-processing-financial-services/.venv/lib/python3.10/site-packages/airflow/example_dags/example_params_ui_tutorial.py
[2024-08-29T20:27:12.795+0000] {processor.py:826} INFO - Processing file /home/airflow-vm/data-engineer-batch-processing-financial-services/.venv/lib/python3.10/site-packages/airflow/example_dags/example_params_ui_tutorial.py for tasks to queue
[2024-08-29T20:27:12.796+0000] {logging_mixin.py:149} INFO - [2024-08-29T20:27:12.795+0000] {dagbag.py:541} INFO - Filling up the DagBag from /home/airflow-vm/data-engineer-batch-processing-financial-services/.venv/lib/python3.10/site-packages/airflow/example_dags/example_params_ui_tutorial.py
[2024-08-29T20:27:12.829+0000] {processor.py:836} INFO - DAG(s) dict_keys(['example_params_ui_tutorial']) retrieved from /home/airflow-vm/data-engineer-batch-processing-financial-services/.venv/lib/python3.10/site-packages/airflow/example_dags/example_params_ui_tutorial.py
[2024-08-29T20:27:12.881+0000] {logging_mixin.py:149} INFO - [2024-08-29T20:27:12.881+0000] {dag.py:2726} INFO - Sync 1 DAGs
[2024-08-29T20:27:12.899+0000] {logging_mixin.py:149} INFO - [2024-08-29T20:27:12.899+0000] {dag.py:3486} INFO - Setting next_dagrun for example_params_ui_tutorial to None, run_after=None
[2024-08-29T20:27:12.932+0000] {processor.py:179} INFO - Processing /home/airflow-vm/data-engineer-batch-processing-financial-services/.venv/lib/python3.10/site-packages/airflow/example_dags/example_params_ui_tutorial.py took 0.140 seconds
[2024-08-29T20:27:54.461+0000] {processor.py:157} INFO - Started process (PID=63555) to work on /home/airflow-vm/data-engineer-batch-processing-financial-services/.venv/lib/python3.10/site-packages/airflow/example_dags/example_params_ui_tutorial.py
[2024-08-29T20:27:54.462+0000] {processor.py:826} INFO - Processing file /home/airflow-vm/data-engineer-batch-processing-financial-services/.venv/lib/python3.10/site-packages/airflow/example_dags/example_params_ui_tutorial.py for tasks to queue
[2024-08-29T20:27:54.463+0000] {logging_mixin.py:149} INFO - [2024-08-29T20:27:54.463+0000] {dagbag.py:541} INFO - Filling up the DagBag from /home/airflow-vm/data-engineer-batch-processing-financial-services/.venv/lib/python3.10/site-packages/airflow/example_dags/example_params_ui_tutorial.py
[2024-08-29T20:27:54.496+0000] {processor.py:836} INFO - DAG(s) dict_keys(['example_params_ui_tutorial']) retrieved from /home/airflow-vm/data-engineer-batch-processing-financial-services/.venv/lib/python3.10/site-packages/airflow/example_dags/example_params_ui_tutorial.py
[2024-08-29T20:27:54.546+0000] {logging_mixin.py:149} INFO - [2024-08-29T20:27:54.546+0000] {dag.py:2726} INFO - Sync 1 DAGs
[2024-08-29T20:27:54.565+0000] {logging_mixin.py:149} INFO - [2024-08-29T20:27:54.565+0000] {dag.py:3486} INFO - Setting next_dagrun for example_params_ui_tutorial to None, run_after=None
[2024-08-29T20:27:54.592+0000] {processor.py:179} INFO - Processing /home/airflow-vm/data-engineer-batch-processing-financial-services/.venv/lib/python3.10/site-packages/airflow/example_dags/example_params_ui_tutorial.py took 0.133 seconds
[2024-08-29T20:28:43.555+0000] {processor.py:157} INFO - Started process (PID=63878) to work on /home/airflow-vm/data-engineer-batch-processing-financial-services/.venv/lib/python3.10/site-packages/airflow/example_dags/example_params_ui_tutorial.py
[2024-08-29T20:28:43.556+0000] {processor.py:826} INFO - Processing file /home/airflow-vm/data-engineer-batch-processing-financial-services/.venv/lib/python3.10/site-packages/airflow/example_dags/example_params_ui_tutorial.py for tasks to queue
[2024-08-29T20:28:43.556+0000] {logging_mixin.py:149} INFO - [2024-08-29T20:28:43.556+0000] {dagbag.py:541} INFO - Filling up the DagBag from /home/airflow-vm/data-engineer-batch-processing-financial-services/.venv/lib/python3.10/site-packages/airflow/example_dags/example_params_ui_tutorial.py
[2024-08-29T20:28:43.590+0000] {processor.py:836} INFO - DAG(s) dict_keys(['example_params_ui_tutorial']) retrieved from /home/airflow-vm/data-engineer-batch-processing-financial-services/.venv/lib/python3.10/site-packages/airflow/example_dags/example_params_ui_tutorial.py
[2024-08-29T20:28:43.643+0000] {logging_mixin.py:149} INFO - [2024-08-29T20:28:43.642+0000] {dag.py:2726} INFO - Sync 1 DAGs
[2024-08-29T20:28:43.662+0000] {logging_mixin.py:149} INFO - [2024-08-29T20:28:43.661+0000] {dag.py:3486} INFO - Setting next_dagrun for example_params_ui_tutorial to None, run_after=None
[2024-08-29T20:28:43.690+0000] {processor.py:179} INFO - Processing /home/airflow-vm/data-engineer-batch-processing-financial-services/.venv/lib/python3.10/site-packages/airflow/example_dags/example_params_ui_tutorial.py took 0.138 seconds
[2024-08-29T20:31:22.874+0000] {processor.py:157} INFO - Started process (PID=65715) to work on /home/airflow-vm/data-engineer-batch-processing-financial-services/.venv/lib/python3.10/site-packages/airflow/example_dags/example_params_ui_tutorial.py
[2024-08-29T20:31:22.875+0000] {processor.py:826} INFO - Processing file /home/airflow-vm/data-engineer-batch-processing-financial-services/.venv/lib/python3.10/site-packages/airflow/example_dags/example_params_ui_tutorial.py for tasks to queue
[2024-08-29T20:31:22.875+0000] {logging_mixin.py:149} INFO - [2024-08-29T20:31:22.875+0000] {dagbag.py:541} INFO - Filling up the DagBag from /home/airflow-vm/data-engineer-batch-processing-financial-services/.venv/lib/python3.10/site-packages/airflow/example_dags/example_params_ui_tutorial.py
[2024-08-29T20:31:22.910+0000] {processor.py:836} INFO - DAG(s) dict_keys(['example_params_ui_tutorial']) retrieved from /home/airflow-vm/data-engineer-batch-processing-financial-services/.venv/lib/python3.10/site-packages/airflow/example_dags/example_params_ui_tutorial.py
[2024-08-29T20:31:22.961+0000] {logging_mixin.py:149} INFO - [2024-08-29T20:31:22.961+0000] {dag.py:2726} INFO - Sync 1 DAGs
[2024-08-29T20:31:22.981+0000] {logging_mixin.py:149} INFO - [2024-08-29T20:31:22.980+0000] {dag.py:3486} INFO - Setting next_dagrun for example_params_ui_tutorial to None, run_after=None
[2024-08-29T20:31:23.007+0000] {processor.py:179} INFO - Processing /home/airflow-vm/data-engineer-batch-processing-financial-services/.venv/lib/python3.10/site-packages/airflow/example_dags/example_params_ui_tutorial.py took 0.136 seconds
[2024-08-29T20:33:13.299+0000] {processor.py:157} INFO - Started process (PID=67079) to work on /home/airflow-vm/data-engineer-batch-processing-financial-services/.venv/lib/python3.10/site-packages/airflow/example_dags/example_params_ui_tutorial.py
[2024-08-29T20:33:13.299+0000] {processor.py:826} INFO - Processing file /home/airflow-vm/data-engineer-batch-processing-financial-services/.venv/lib/python3.10/site-packages/airflow/example_dags/example_params_ui_tutorial.py for tasks to queue
[2024-08-29T20:33:13.300+0000] {logging_mixin.py:149} INFO - [2024-08-29T20:33:13.300+0000] {dagbag.py:541} INFO - Filling up the DagBag from /home/airflow-vm/data-engineer-batch-processing-financial-services/.venv/lib/python3.10/site-packages/airflow/example_dags/example_params_ui_tutorial.py
[2024-08-29T20:33:13.334+0000] {processor.py:836} INFO - DAG(s) dict_keys(['example_params_ui_tutorial']) retrieved from /home/airflow-vm/data-engineer-batch-processing-financial-services/.venv/lib/python3.10/site-packages/airflow/example_dags/example_params_ui_tutorial.py
[2024-08-29T20:33:13.385+0000] {logging_mixin.py:149} INFO - [2024-08-29T20:33:13.385+0000] {dag.py:2726} INFO - Sync 1 DAGs
[2024-08-29T20:33:13.403+0000] {logging_mixin.py:149} INFO - [2024-08-29T20:33:13.403+0000] {dag.py:3486} INFO - Setting next_dagrun for example_params_ui_tutorial to None, run_after=None
[2024-08-29T20:33:13.433+0000] {processor.py:179} INFO - Processing /home/airflow-vm/data-engineer-batch-processing-financial-services/.venv/lib/python3.10/site-packages/airflow/example_dags/example_params_ui_tutorial.py took 0.137 seconds
[2024-08-29T20:35:50.377+0000] {processor.py:157} INFO - Started process (PID=69073) to work on /home/airflow-vm/data-engineer-batch-processing-financial-services/.venv/lib/python3.10/site-packages/airflow/example_dags/example_params_ui_tutorial.py
[2024-08-29T20:35:50.377+0000] {processor.py:826} INFO - Processing file /home/airflow-vm/data-engineer-batch-processing-financial-services/.venv/lib/python3.10/site-packages/airflow/example_dags/example_params_ui_tutorial.py for tasks to queue
[2024-08-29T20:35:50.378+0000] {logging_mixin.py:149} INFO - [2024-08-29T20:35:50.378+0000] {dagbag.py:541} INFO - Filling up the DagBag from /home/airflow-vm/data-engineer-batch-processing-financial-services/.venv/lib/python3.10/site-packages/airflow/example_dags/example_params_ui_tutorial.py
[2024-08-29T20:35:50.413+0000] {processor.py:836} INFO - DAG(s) dict_keys(['example_params_ui_tutorial']) retrieved from /home/airflow-vm/data-engineer-batch-processing-financial-services/.venv/lib/python3.10/site-packages/airflow/example_dags/example_params_ui_tutorial.py
[2024-08-29T20:35:50.464+0000] {logging_mixin.py:149} INFO - [2024-08-29T20:35:50.464+0000] {dag.py:2726} INFO - Sync 1 DAGs
[2024-08-29T20:35:50.483+0000] {logging_mixin.py:149} INFO - [2024-08-29T20:35:50.483+0000] {dag.py:3486} INFO - Setting next_dagrun for example_params_ui_tutorial to None, run_after=None
[2024-08-29T20:35:50.510+0000] {processor.py:179} INFO - Processing /home/airflow-vm/data-engineer-batch-processing-financial-services/.venv/lib/python3.10/site-packages/airflow/example_dags/example_params_ui_tutorial.py took 0.136 seconds
[2024-08-29T20:37:43.103+0000] {processor.py:157} INFO - Started process (PID=70484) to work on /home/airflow-vm/data-engineer-batch-processing-financial-services/.venv/lib/python3.10/site-packages/airflow/example_dags/example_params_ui_tutorial.py
[2024-08-29T20:37:43.104+0000] {processor.py:826} INFO - Processing file /home/airflow-vm/data-engineer-batch-processing-financial-services/.venv/lib/python3.10/site-packages/airflow/example_dags/example_params_ui_tutorial.py for tasks to queue
[2024-08-29T20:37:43.104+0000] {logging_mixin.py:149} INFO - [2024-08-29T20:37:43.104+0000] {dagbag.py:541} INFO - Filling up the DagBag from /home/airflow-vm/data-engineer-batch-processing-financial-services/.venv/lib/python3.10/site-packages/airflow/example_dags/example_params_ui_tutorial.py
[2024-08-29T20:37:43.138+0000] {processor.py:836} INFO - DAG(s) dict_keys(['example_params_ui_tutorial']) retrieved from /home/airflow-vm/data-engineer-batch-processing-financial-services/.venv/lib/python3.10/site-packages/airflow/example_dags/example_params_ui_tutorial.py
[2024-08-29T20:37:43.190+0000] {logging_mixin.py:149} INFO - [2024-08-29T20:37:43.190+0000] {dag.py:2726} INFO - Sync 1 DAGs
[2024-08-29T20:37:43.210+0000] {logging_mixin.py:149} INFO - [2024-08-29T20:37:43.209+0000] {dag.py:3486} INFO - Setting next_dagrun for example_params_ui_tutorial to None, run_after=None
[2024-08-29T20:37:43.240+0000] {processor.py:179} INFO - Processing /home/airflow-vm/data-engineer-batch-processing-financial-services/.venv/lib/python3.10/site-packages/airflow/example_dags/example_params_ui_tutorial.py took 0.140 seconds
