[2024-08-29T19:48:06.352+0000] {processor.py:157} INFO - Started process (PID=49188) to work on /home/airflow-vm/data-engineer-batch-processing-financial-services/.venv/lib/python3.10/site-packages/airflow/example_dags/example_params_trigger_ui.py
[2024-08-29T19:48:06.353+0000] {processor.py:826} INFO - Processing file /home/airflow-vm/data-engineer-batch-processing-financial-services/.venv/lib/python3.10/site-packages/airflow/example_dags/example_params_trigger_ui.py for tasks to queue
[2024-08-29T19:48:06.353+0000] {logging_mixin.py:149} INFO - [2024-08-29T19:48:06.353+0000] {dagbag.py:541} INFO - Filling up the DagBag from /home/airflow-vm/data-engineer-batch-processing-financial-services/.venv/lib/python3.10/site-packages/airflow/example_dags/example_params_trigger_ui.py
[2024-08-29T19:48:06.374+0000] {processor.py:836} INFO - DAG(s) dict_keys(['example_params_trigger_ui']) retrieved from /home/airflow-vm/data-engineer-batch-processing-financial-services/.venv/lib/python3.10/site-packages/airflow/example_dags/example_params_trigger_ui.py
[2024-08-29T19:48:06.543+0000] {logging_mixin.py:149} INFO - [2024-08-29T19:48:06.543+0000] {manager.py:504} INFO - Created Permission View: can delete on DAG:example_params_trigger_ui
[2024-08-29T19:48:06.561+0000] {logging_mixin.py:149} INFO - [2024-08-29T19:48:06.561+0000] {manager.py:504} INFO - Created Permission View: can edit on DAG:example_params_trigger_ui
[2024-08-29T19:48:06.579+0000] {logging_mixin.py:149} INFO - [2024-08-29T19:48:06.578+0000] {manager.py:504} INFO - Created Permission View: can read on DAG:example_params_trigger_ui
[2024-08-29T19:48:06.579+0000] {logging_mixin.py:149} INFO - [2024-08-29T19:48:06.579+0000] {dag.py:2726} INFO - Sync 1 DAGs
[2024-08-29T19:48:06.589+0000] {logging_mixin.py:149} INFO - [2024-08-29T19:48:06.589+0000] {dag.py:2747} INFO - Creating ORM DAG for example_params_trigger_ui
[2024-08-29T19:48:06.597+0000] {logging_mixin.py:149} INFO - [2024-08-29T19:48:06.597+0000] {dag.py:3486} INFO - Setting next_dagrun for example_params_trigger_ui to None, run_after=None
[2024-08-29T19:48:06.627+0000] {processor.py:179} INFO - Processing /home/airflow-vm/data-engineer-batch-processing-financial-services/.venv/lib/python3.10/site-packages/airflow/example_dags/example_params_trigger_ui.py took 0.278 seconds
[2024-08-29T19:48:55.212+0000] {processor.py:157} INFO - Started process (PID=49499) to work on /home/airflow-vm/data-engineer-batch-processing-financial-services/.venv/lib/python3.10/site-packages/airflow/example_dags/example_params_trigger_ui.py
[2024-08-29T19:48:55.212+0000] {processor.py:826} INFO - Processing file /home/airflow-vm/data-engineer-batch-processing-financial-services/.venv/lib/python3.10/site-packages/airflow/example_dags/example_params_trigger_ui.py for tasks to queue
[2024-08-29T19:48:55.213+0000] {logging_mixin.py:149} INFO - [2024-08-29T19:48:55.213+0000] {dagbag.py:541} INFO - Filling up the DagBag from /home/airflow-vm/data-engineer-batch-processing-financial-services/.venv/lib/python3.10/site-packages/airflow/example_dags/example_params_trigger_ui.py
[2024-08-29T19:48:55.233+0000] {processor.py:836} INFO - DAG(s) dict_keys(['example_params_trigger_ui']) retrieved from /home/airflow-vm/data-engineer-batch-processing-financial-services/.venv/lib/python3.10/site-packages/airflow/example_dags/example_params_trigger_ui.py
[2024-08-29T19:48:55.309+0000] {logging_mixin.py:149} INFO - [2024-08-29T19:48:55.308+0000] {dag.py:2726} INFO - Sync 1 DAGs
[2024-08-29T19:48:55.329+0000] {logging_mixin.py:149} INFO - [2024-08-29T19:48:55.329+0000] {dag.py:3486} INFO - Setting next_dagrun for example_params_trigger_ui to None, run_after=None
[2024-08-29T19:48:55.365+0000] {processor.py:179} INFO - Processing /home/airflow-vm/data-engineer-batch-processing-financial-services/.venv/lib/python3.10/site-packages/airflow/example_dags/example_params_trigger_ui.py took 0.156 seconds
[2024-08-29T19:49:44.806+0000] {processor.py:157} INFO - Started process (PID=49725) to work on /home/airflow-vm/data-engineer-batch-processing-financial-services/.venv/lib/python3.10/site-packages/airflow/example_dags/example_params_trigger_ui.py
[2024-08-29T19:49:44.807+0000] {processor.py:826} INFO - Processing file /home/airflow-vm/data-engineer-batch-processing-financial-services/.venv/lib/python3.10/site-packages/airflow/example_dags/example_params_trigger_ui.py for tasks to queue
[2024-08-29T19:49:44.808+0000] {logging_mixin.py:149} INFO - [2024-08-29T19:49:44.808+0000] {dagbag.py:541} INFO - Filling up the DagBag from /home/airflow-vm/data-engineer-batch-processing-financial-services/.venv/lib/python3.10/site-packages/airflow/example_dags/example_params_trigger_ui.py
[2024-08-29T19:49:44.827+0000] {processor.py:836} INFO - DAG(s) dict_keys(['example_params_trigger_ui']) retrieved from /home/airflow-vm/data-engineer-batch-processing-financial-services/.venv/lib/python3.10/site-packages/airflow/example_dags/example_params_trigger_ui.py
[2024-08-29T19:49:44.897+0000] {logging_mixin.py:149} INFO - [2024-08-29T19:49:44.897+0000] {dag.py:2726} INFO - Sync 1 DAGs
[2024-08-29T19:49:44.916+0000] {logging_mixin.py:149} INFO - [2024-08-29T19:49:44.916+0000] {dag.py:3486} INFO - Setting next_dagrun for example_params_trigger_ui to None, run_after=None
[2024-08-29T19:49:44.945+0000] {processor.py:179} INFO - Processing /home/airflow-vm/data-engineer-batch-processing-financial-services/.venv/lib/python3.10/site-packages/airflow/example_dags/example_params_trigger_ui.py took 0.141 seconds
[2024-08-29T19:50:35.152+0000] {processor.py:157} INFO - Started process (PID=49984) to work on /home/airflow-vm/data-engineer-batch-processing-financial-services/.venv/lib/python3.10/site-packages/airflow/example_dags/example_params_trigger_ui.py
[2024-08-29T19:50:35.153+0000] {processor.py:826} INFO - Processing file /home/airflow-vm/data-engineer-batch-processing-financial-services/.venv/lib/python3.10/site-packages/airflow/example_dags/example_params_trigger_ui.py for tasks to queue
[2024-08-29T19:50:35.154+0000] {logging_mixin.py:149} INFO - [2024-08-29T19:50:35.153+0000] {dagbag.py:541} INFO - Filling up the DagBag from /home/airflow-vm/data-engineer-batch-processing-financial-services/.venv/lib/python3.10/site-packages/airflow/example_dags/example_params_trigger_ui.py
[2024-08-29T19:50:35.173+0000] {processor.py:836} INFO - DAG(s) dict_keys(['example_params_trigger_ui']) retrieved from /home/airflow-vm/data-engineer-batch-processing-financial-services/.venv/lib/python3.10/site-packages/airflow/example_dags/example_params_trigger_ui.py
[2024-08-29T19:50:35.245+0000] {logging_mixin.py:149} INFO - [2024-08-29T19:50:35.244+0000] {dag.py:2726} INFO - Sync 1 DAGs
[2024-08-29T19:50:35.264+0000] {logging_mixin.py:149} INFO - [2024-08-29T19:50:35.264+0000] {dag.py:3486} INFO - Setting next_dagrun for example_params_trigger_ui to None, run_after=None
[2024-08-29T19:50:35.295+0000] {processor.py:179} INFO - Processing /home/airflow-vm/data-engineer-batch-processing-financial-services/.venv/lib/python3.10/site-packages/airflow/example_dags/example_params_trigger_ui.py took 0.145 seconds
[2024-08-29T19:51:20.716+0000] {processor.py:157} INFO - Started process (PID=50651) to work on /home/airflow-vm/data-engineer-batch-processing-financial-services/.venv/lib/python3.10/site-packages/airflow/example_dags/example_params_trigger_ui.py
[2024-08-29T19:51:20.717+0000] {processor.py:826} INFO - Processing file /home/airflow-vm/data-engineer-batch-processing-financial-services/.venv/lib/python3.10/site-packages/airflow/example_dags/example_params_trigger_ui.py for tasks to queue
[2024-08-29T19:51:20.718+0000] {logging_mixin.py:149} INFO - [2024-08-29T19:51:20.717+0000] {dagbag.py:541} INFO - Filling up the DagBag from /home/airflow-vm/data-engineer-batch-processing-financial-services/.venv/lib/python3.10/site-packages/airflow/example_dags/example_params_trigger_ui.py
[2024-08-29T19:51:20.738+0000] {processor.py:836} INFO - DAG(s) dict_keys(['example_params_trigger_ui']) retrieved from /home/airflow-vm/data-engineer-batch-processing-financial-services/.venv/lib/python3.10/site-packages/airflow/example_dags/example_params_trigger_ui.py
[2024-08-29T19:51:20.809+0000] {logging_mixin.py:149} INFO - [2024-08-29T19:51:20.809+0000] {dag.py:2726} INFO - Sync 1 DAGs
[2024-08-29T19:51:20.829+0000] {logging_mixin.py:149} INFO - [2024-08-29T19:51:20.829+0000] {dag.py:3486} INFO - Setting next_dagrun for example_params_trigger_ui to None, run_after=None
[2024-08-29T19:51:20.861+0000] {processor.py:179} INFO - Processing /home/airflow-vm/data-engineer-batch-processing-financial-services/.venv/lib/python3.10/site-packages/airflow/example_dags/example_params_trigger_ui.py took 0.147 seconds
[2024-08-29T19:52:09.228+0000] {processor.py:157} INFO - Started process (PID=50897) to work on /home/airflow-vm/data-engineer-batch-processing-financial-services/.venv/lib/python3.10/site-packages/airflow/example_dags/example_params_trigger_ui.py
[2024-08-29T19:52:09.229+0000] {processor.py:826} INFO - Processing file /home/airflow-vm/data-engineer-batch-processing-financial-services/.venv/lib/python3.10/site-packages/airflow/example_dags/example_params_trigger_ui.py for tasks to queue
[2024-08-29T19:52:09.230+0000] {logging_mixin.py:149} INFO - [2024-08-29T19:52:09.230+0000] {dagbag.py:541} INFO - Filling up the DagBag from /home/airflow-vm/data-engineer-batch-processing-financial-services/.venv/lib/python3.10/site-packages/airflow/example_dags/example_params_trigger_ui.py
[2024-08-29T19:52:09.249+0000] {processor.py:836} INFO - DAG(s) dict_keys(['example_params_trigger_ui']) retrieved from /home/airflow-vm/data-engineer-batch-processing-financial-services/.venv/lib/python3.10/site-packages/airflow/example_dags/example_params_trigger_ui.py
[2024-08-29T19:52:09.319+0000] {logging_mixin.py:149} INFO - [2024-08-29T19:52:09.319+0000] {dag.py:2726} INFO - Sync 1 DAGs
[2024-08-29T19:52:09.338+0000] {logging_mixin.py:149} INFO - [2024-08-29T19:52:09.338+0000] {dag.py:3486} INFO - Setting next_dagrun for example_params_trigger_ui to None, run_after=None
[2024-08-29T19:52:09.368+0000] {processor.py:179} INFO - Processing /home/airflow-vm/data-engineer-batch-processing-financial-services/.venv/lib/python3.10/site-packages/airflow/example_dags/example_params_trigger_ui.py took 0.142 seconds
[2024-08-29T19:52:52.833+0000] {processor.py:157} INFO - Started process (PID=50985) to work on /home/airflow-vm/data-engineer-batch-processing-financial-services/.venv/lib/python3.10/site-packages/airflow/example_dags/example_params_trigger_ui.py
[2024-08-29T19:52:52.834+0000] {processor.py:826} INFO - Processing file /home/airflow-vm/data-engineer-batch-processing-financial-services/.venv/lib/python3.10/site-packages/airflow/example_dags/example_params_trigger_ui.py for tasks to queue
[2024-08-29T19:52:52.834+0000] {logging_mixin.py:149} INFO - [2024-08-29T19:52:52.834+0000] {dagbag.py:541} INFO - Filling up the DagBag from /home/airflow-vm/data-engineer-batch-processing-financial-services/.venv/lib/python3.10/site-packages/airflow/example_dags/example_params_trigger_ui.py
[2024-08-29T19:52:52.854+0000] {processor.py:836} INFO - DAG(s) dict_keys(['example_params_trigger_ui']) retrieved from /home/airflow-vm/data-engineer-batch-processing-financial-services/.venv/lib/python3.10/site-packages/airflow/example_dags/example_params_trigger_ui.py
[2024-08-29T19:52:52.924+0000] {logging_mixin.py:149} INFO - [2024-08-29T19:52:52.924+0000] {dag.py:2726} INFO - Sync 1 DAGs
[2024-08-29T19:52:52.944+0000] {logging_mixin.py:149} INFO - [2024-08-29T19:52:52.944+0000] {dag.py:3486} INFO - Setting next_dagrun for example_params_trigger_ui to None, run_after=None
[2024-08-29T19:52:52.975+0000] {processor.py:179} INFO - Processing /home/airflow-vm/data-engineer-batch-processing-financial-services/.venv/lib/python3.10/site-packages/airflow/example_dags/example_params_trigger_ui.py took 0.144 seconds
[2024-08-29T19:53:38.311+0000] {processor.py:157} INFO - Started process (PID=51099) to work on /home/airflow-vm/data-engineer-batch-processing-financial-services/.venv/lib/python3.10/site-packages/airflow/example_dags/example_params_trigger_ui.py
[2024-08-29T19:53:38.314+0000] {processor.py:826} INFO - Processing file /home/airflow-vm/data-engineer-batch-processing-financial-services/.venv/lib/python3.10/site-packages/airflow/example_dags/example_params_trigger_ui.py for tasks to queue
[2024-08-29T19:53:38.315+0000] {logging_mixin.py:149} INFO - [2024-08-29T19:53:38.315+0000] {dagbag.py:541} INFO - Filling up the DagBag from /home/airflow-vm/data-engineer-batch-processing-financial-services/.venv/lib/python3.10/site-packages/airflow/example_dags/example_params_trigger_ui.py
[2024-08-29T19:53:38.380+0000] {processor.py:836} INFO - DAG(s) dict_keys(['example_params_trigger_ui']) retrieved from /home/airflow-vm/data-engineer-batch-processing-financial-services/.venv/lib/python3.10/site-packages/airflow/example_dags/example_params_trigger_ui.py
[2024-08-29T19:53:38.576+0000] {logging_mixin.py:149} INFO - [2024-08-29T19:53:38.576+0000] {dag.py:2726} INFO - Sync 1 DAGs
[2024-08-29T19:53:38.632+0000] {logging_mixin.py:149} INFO - [2024-08-29T19:53:38.631+0000] {dag.py:3486} INFO - Setting next_dagrun for example_params_trigger_ui to None, run_after=None
[2024-08-29T19:53:38.680+0000] {processor.py:179} INFO - Processing /home/airflow-vm/data-engineer-batch-processing-financial-services/.venv/lib/python3.10/site-packages/airflow/example_dags/example_params_trigger_ui.py took 0.382 seconds
[2024-08-29T19:54:25.904+0000] {processor.py:157} INFO - Started process (PID=51271) to work on /home/airflow-vm/data-engineer-batch-processing-financial-services/.venv/lib/python3.10/site-packages/airflow/example_dags/example_params_trigger_ui.py
[2024-08-29T19:54:25.905+0000] {processor.py:826} INFO - Processing file /home/airflow-vm/data-engineer-batch-processing-financial-services/.venv/lib/python3.10/site-packages/airflow/example_dags/example_params_trigger_ui.py for tasks to queue
[2024-08-29T19:54:25.906+0000] {logging_mixin.py:149} INFO - [2024-08-29T19:54:25.905+0000] {dagbag.py:541} INFO - Filling up the DagBag from /home/airflow-vm/data-engineer-batch-processing-financial-services/.venv/lib/python3.10/site-packages/airflow/example_dags/example_params_trigger_ui.py
[2024-08-29T19:54:25.925+0000] {processor.py:836} INFO - DAG(s) dict_keys(['example_params_trigger_ui']) retrieved from /home/airflow-vm/data-engineer-batch-processing-financial-services/.venv/lib/python3.10/site-packages/airflow/example_dags/example_params_trigger_ui.py
[2024-08-29T19:54:25.996+0000] {logging_mixin.py:149} INFO - [2024-08-29T19:54:25.995+0000] {dag.py:2726} INFO - Sync 1 DAGs
[2024-08-29T19:54:26.015+0000] {logging_mixin.py:149} INFO - [2024-08-29T19:54:26.015+0000] {dag.py:3486} INFO - Setting next_dagrun for example_params_trigger_ui to None, run_after=None
[2024-08-29T19:54:26.047+0000] {processor.py:179} INFO - Processing /home/airflow-vm/data-engineer-batch-processing-financial-services/.venv/lib/python3.10/site-packages/airflow/example_dags/example_params_trigger_ui.py took 0.145 seconds
[2024-08-29T19:55:13.354+0000] {processor.py:157} INFO - Started process (PID=51599) to work on /home/airflow-vm/data-engineer-batch-processing-financial-services/.venv/lib/python3.10/site-packages/airflow/example_dags/example_params_trigger_ui.py
[2024-08-29T19:55:13.355+0000] {processor.py:826} INFO - Processing file /home/airflow-vm/data-engineer-batch-processing-financial-services/.venv/lib/python3.10/site-packages/airflow/example_dags/example_params_trigger_ui.py for tasks to queue
[2024-08-29T19:55:13.356+0000] {logging_mixin.py:149} INFO - [2024-08-29T19:55:13.356+0000] {dagbag.py:541} INFO - Filling up the DagBag from /home/airflow-vm/data-engineer-batch-processing-financial-services/.venv/lib/python3.10/site-packages/airflow/example_dags/example_params_trigger_ui.py
[2024-08-29T19:55:13.376+0000] {processor.py:836} INFO - DAG(s) dict_keys(['example_params_trigger_ui']) retrieved from /home/airflow-vm/data-engineer-batch-processing-financial-services/.venv/lib/python3.10/site-packages/airflow/example_dags/example_params_trigger_ui.py
[2024-08-29T19:55:13.449+0000] {logging_mixin.py:149} INFO - [2024-08-29T19:55:13.449+0000] {dag.py:2726} INFO - Sync 1 DAGs
[2024-08-29T19:55:13.470+0000] {logging_mixin.py:149} INFO - [2024-08-29T19:55:13.470+0000] {dag.py:3486} INFO - Setting next_dagrun for example_params_trigger_ui to None, run_after=None
[2024-08-29T19:55:13.501+0000] {processor.py:179} INFO - Processing /home/airflow-vm/data-engineer-batch-processing-financial-services/.venv/lib/python3.10/site-packages/airflow/example_dags/example_params_trigger_ui.py took 0.150 seconds
[2024-08-29T19:55:58.893+0000] {processor.py:157} INFO - Started process (PID=51919) to work on /home/airflow-vm/data-engineer-batch-processing-financial-services/.venv/lib/python3.10/site-packages/airflow/example_dags/example_params_trigger_ui.py
[2024-08-29T19:55:58.894+0000] {processor.py:826} INFO - Processing file /home/airflow-vm/data-engineer-batch-processing-financial-services/.venv/lib/python3.10/site-packages/airflow/example_dags/example_params_trigger_ui.py for tasks to queue
[2024-08-29T19:55:58.895+0000] {logging_mixin.py:149} INFO - [2024-08-29T19:55:58.895+0000] {dagbag.py:541} INFO - Filling up the DagBag from /home/airflow-vm/data-engineer-batch-processing-financial-services/.venv/lib/python3.10/site-packages/airflow/example_dags/example_params_trigger_ui.py
[2024-08-29T19:55:58.914+0000] {processor.py:836} INFO - DAG(s) dict_keys(['example_params_trigger_ui']) retrieved from /home/airflow-vm/data-engineer-batch-processing-financial-services/.venv/lib/python3.10/site-packages/airflow/example_dags/example_params_trigger_ui.py
[2024-08-29T19:55:58.986+0000] {logging_mixin.py:149} INFO - [2024-08-29T19:55:58.986+0000] {dag.py:2726} INFO - Sync 1 DAGs
[2024-08-29T19:55:59.005+0000] {logging_mixin.py:149} INFO - [2024-08-29T19:55:59.005+0000] {dag.py:3486} INFO - Setting next_dagrun for example_params_trigger_ui to None, run_after=None
[2024-08-29T19:55:59.036+0000] {processor.py:179} INFO - Processing /home/airflow-vm/data-engineer-batch-processing-financial-services/.venv/lib/python3.10/site-packages/airflow/example_dags/example_params_trigger_ui.py took 0.145 seconds
[2024-08-29T20:11:58.541+0000] {processor.py:157} INFO - Started process (PID=56434) to work on /home/airflow-vm/data-engineer-batch-processing-financial-services/.venv/lib/python3.10/site-packages/airflow/example_dags/example_params_trigger_ui.py
[2024-08-29T20:11:58.542+0000] {processor.py:826} INFO - Processing file /home/airflow-vm/data-engineer-batch-processing-financial-services/.venv/lib/python3.10/site-packages/airflow/example_dags/example_params_trigger_ui.py for tasks to queue
[2024-08-29T20:11:58.543+0000] {logging_mixin.py:149} INFO - [2024-08-29T20:11:58.542+0000] {dagbag.py:541} INFO - Filling up the DagBag from /home/airflow-vm/data-engineer-batch-processing-financial-services/.venv/lib/python3.10/site-packages/airflow/example_dags/example_params_trigger_ui.py
[2024-08-29T20:11:58.563+0000] {processor.py:836} INFO - DAG(s) dict_keys(['example_params_trigger_ui']) retrieved from /home/airflow-vm/data-engineer-batch-processing-financial-services/.venv/lib/python3.10/site-packages/airflow/example_dags/example_params_trigger_ui.py
[2024-08-29T20:11:58.633+0000] {logging_mixin.py:149} INFO - [2024-08-29T20:11:58.633+0000] {dag.py:2726} INFO - Sync 1 DAGs
[2024-08-29T20:11:58.657+0000] {logging_mixin.py:149} INFO - [2024-08-29T20:11:58.656+0000] {dag.py:3486} INFO - Setting next_dagrun for example_params_trigger_ui to None, run_after=None
[2024-08-29T20:11:58.683+0000] {processor.py:179} INFO - Processing /home/airflow-vm/data-engineer-batch-processing-financial-services/.venv/lib/python3.10/site-packages/airflow/example_dags/example_params_trigger_ui.py took 0.144 seconds
[2024-08-29T20:12:44.066+0000] {processor.py:157} INFO - Started process (PID=56761) to work on /home/airflow-vm/data-engineer-batch-processing-financial-services/.venv/lib/python3.10/site-packages/airflow/example_dags/example_params_trigger_ui.py
[2024-08-29T20:12:44.067+0000] {processor.py:826} INFO - Processing file /home/airflow-vm/data-engineer-batch-processing-financial-services/.venv/lib/python3.10/site-packages/airflow/example_dags/example_params_trigger_ui.py for tasks to queue
[2024-08-29T20:12:44.068+0000] {logging_mixin.py:149} INFO - [2024-08-29T20:12:44.067+0000] {dagbag.py:541} INFO - Filling up the DagBag from /home/airflow-vm/data-engineer-batch-processing-financial-services/.venv/lib/python3.10/site-packages/airflow/example_dags/example_params_trigger_ui.py
[2024-08-29T20:12:44.087+0000] {processor.py:836} INFO - DAG(s) dict_keys(['example_params_trigger_ui']) retrieved from /home/airflow-vm/data-engineer-batch-processing-financial-services/.venv/lib/python3.10/site-packages/airflow/example_dags/example_params_trigger_ui.py
[2024-08-29T20:12:44.158+0000] {logging_mixin.py:149} INFO - [2024-08-29T20:12:44.158+0000] {dag.py:2726} INFO - Sync 1 DAGs
[2024-08-29T20:12:44.178+0000] {logging_mixin.py:149} INFO - [2024-08-29T20:12:44.178+0000] {dag.py:3486} INFO - Setting next_dagrun for example_params_trigger_ui to None, run_after=None
[2024-08-29T20:12:44.205+0000] {processor.py:179} INFO - Processing /home/airflow-vm/data-engineer-batch-processing-financial-services/.venv/lib/python3.10/site-packages/airflow/example_dags/example_params_trigger_ui.py took 0.141 seconds
[2024-08-29T20:13:28.402+0000] {processor.py:157} INFO - Started process (PID=56946) to work on /home/airflow-vm/data-engineer-batch-processing-financial-services/.venv/lib/python3.10/site-packages/airflow/example_dags/example_params_trigger_ui.py
[2024-08-29T20:13:28.403+0000] {processor.py:826} INFO - Processing file /home/airflow-vm/data-engineer-batch-processing-financial-services/.venv/lib/python3.10/site-packages/airflow/example_dags/example_params_trigger_ui.py for tasks to queue
[2024-08-29T20:13:28.404+0000] {logging_mixin.py:149} INFO - [2024-08-29T20:13:28.404+0000] {dagbag.py:541} INFO - Filling up the DagBag from /home/airflow-vm/data-engineer-batch-processing-financial-services/.venv/lib/python3.10/site-packages/airflow/example_dags/example_params_trigger_ui.py
[2024-08-29T20:13:28.424+0000] {processor.py:836} INFO - DAG(s) dict_keys(['example_params_trigger_ui']) retrieved from /home/airflow-vm/data-engineer-batch-processing-financial-services/.venv/lib/python3.10/site-packages/airflow/example_dags/example_params_trigger_ui.py
[2024-08-29T20:13:28.494+0000] {logging_mixin.py:149} INFO - [2024-08-29T20:13:28.494+0000] {dag.py:2726} INFO - Sync 1 DAGs
[2024-08-29T20:13:28.513+0000] {logging_mixin.py:149} INFO - [2024-08-29T20:13:28.513+0000] {dag.py:3486} INFO - Setting next_dagrun for example_params_trigger_ui to None, run_after=None
[2024-08-29T20:13:28.539+0000] {processor.py:179} INFO - Processing /home/airflow-vm/data-engineer-batch-processing-financial-services/.venv/lib/python3.10/site-packages/airflow/example_dags/example_params_trigger_ui.py took 0.140 seconds
[2024-08-29T20:15:25.031+0000] {processor.py:157} INFO - Started process (PID=57522) to work on /home/airflow-vm/data-engineer-batch-processing-financial-services/.venv/lib/python3.10/site-packages/airflow/example_dags/example_params_trigger_ui.py
[2024-08-29T20:15:25.032+0000] {processor.py:826} INFO - Processing file /home/airflow-vm/data-engineer-batch-processing-financial-services/.venv/lib/python3.10/site-packages/airflow/example_dags/example_params_trigger_ui.py for tasks to queue
[2024-08-29T20:15:25.032+0000] {logging_mixin.py:149} INFO - [2024-08-29T20:15:25.032+0000] {dagbag.py:541} INFO - Filling up the DagBag from /home/airflow-vm/data-engineer-batch-processing-financial-services/.venv/lib/python3.10/site-packages/airflow/example_dags/example_params_trigger_ui.py
[2024-08-29T20:15:25.053+0000] {processor.py:836} INFO - DAG(s) dict_keys(['example_params_trigger_ui']) retrieved from /home/airflow-vm/data-engineer-batch-processing-financial-services/.venv/lib/python3.10/site-packages/airflow/example_dags/example_params_trigger_ui.py
[2024-08-29T20:15:25.123+0000] {logging_mixin.py:149} INFO - [2024-08-29T20:15:25.123+0000] {dag.py:2726} INFO - Sync 1 DAGs
[2024-08-29T20:15:25.141+0000] {logging_mixin.py:149} INFO - [2024-08-29T20:15:25.141+0000] {dag.py:3486} INFO - Setting next_dagrun for example_params_trigger_ui to None, run_after=None
[2024-08-29T20:15:25.169+0000] {processor.py:179} INFO - Processing /home/airflow-vm/data-engineer-batch-processing-financial-services/.venv/lib/python3.10/site-packages/airflow/example_dags/example_params_trigger_ui.py took 0.141 seconds
[2024-08-29T20:16:11.541+0000] {processor.py:157} INFO - Started process (PID=58005) to work on /home/airflow-vm/data-engineer-batch-processing-financial-services/.venv/lib/python3.10/site-packages/airflow/example_dags/example_params_trigger_ui.py
[2024-08-29T20:16:11.542+0000] {processor.py:826} INFO - Processing file /home/airflow-vm/data-engineer-batch-processing-financial-services/.venv/lib/python3.10/site-packages/airflow/example_dags/example_params_trigger_ui.py for tasks to queue
[2024-08-29T20:16:11.542+0000] {logging_mixin.py:149} INFO - [2024-08-29T20:16:11.542+0000] {dagbag.py:541} INFO - Filling up the DagBag from /home/airflow-vm/data-engineer-batch-processing-financial-services/.venv/lib/python3.10/site-packages/airflow/example_dags/example_params_trigger_ui.py
[2024-08-29T20:16:11.562+0000] {processor.py:836} INFO - DAG(s) dict_keys(['example_params_trigger_ui']) retrieved from /home/airflow-vm/data-engineer-batch-processing-financial-services/.venv/lib/python3.10/site-packages/airflow/example_dags/example_params_trigger_ui.py
[2024-08-29T20:16:11.631+0000] {logging_mixin.py:149} INFO - [2024-08-29T20:16:11.631+0000] {dag.py:2726} INFO - Sync 1 DAGs
[2024-08-29T20:16:11.650+0000] {logging_mixin.py:149} INFO - [2024-08-29T20:16:11.650+0000] {dag.py:3486} INFO - Setting next_dagrun for example_params_trigger_ui to None, run_after=None
[2024-08-29T20:16:11.677+0000] {processor.py:179} INFO - Processing /home/airflow-vm/data-engineer-batch-processing-financial-services/.venv/lib/python3.10/site-packages/airflow/example_dags/example_params_trigger_ui.py took 0.138 seconds
[2024-08-29T20:24:38.489+0000] {processor.py:157} INFO - Started process (PID=61442) to work on /home/airflow-vm/data-engineer-batch-processing-financial-services/.venv/lib/python3.10/site-packages/airflow/example_dags/example_params_trigger_ui.py
[2024-08-29T20:24:38.489+0000] {processor.py:826} INFO - Processing file /home/airflow-vm/data-engineer-batch-processing-financial-services/.venv/lib/python3.10/site-packages/airflow/example_dags/example_params_trigger_ui.py for tasks to queue
[2024-08-29T20:24:38.490+0000] {logging_mixin.py:149} INFO - [2024-08-29T20:24:38.490+0000] {dagbag.py:541} INFO - Filling up the DagBag from /home/airflow-vm/data-engineer-batch-processing-financial-services/.venv/lib/python3.10/site-packages/airflow/example_dags/example_params_trigger_ui.py
[2024-08-29T20:24:38.511+0000] {processor.py:836} INFO - DAG(s) dict_keys(['example_params_trigger_ui']) retrieved from /home/airflow-vm/data-engineer-batch-processing-financial-services/.venv/lib/python3.10/site-packages/airflow/example_dags/example_params_trigger_ui.py
[2024-08-29T20:24:38.590+0000] {logging_mixin.py:149} INFO - [2024-08-29T20:24:38.590+0000] {dag.py:2726} INFO - Sync 1 DAGs
[2024-08-29T20:24:38.618+0000] {logging_mixin.py:149} INFO - [2024-08-29T20:24:38.618+0000] {dag.py:3486} INFO - Setting next_dagrun for example_params_trigger_ui to None, run_after=None
[2024-08-29T20:24:38.680+0000] {processor.py:179} INFO - Processing /home/airflow-vm/data-engineer-batch-processing-financial-services/.venv/lib/python3.10/site-packages/airflow/example_dags/example_params_trigger_ui.py took 0.194 seconds
[2024-08-29T20:26:31.079+0000] {processor.py:157} INFO - Started process (PID=62858) to work on /home/airflow-vm/data-engineer-batch-processing-financial-services/.venv/lib/python3.10/site-packages/airflow/example_dags/example_params_trigger_ui.py
[2024-08-29T20:26:31.080+0000] {processor.py:826} INFO - Processing file /home/airflow-vm/data-engineer-batch-processing-financial-services/.venv/lib/python3.10/site-packages/airflow/example_dags/example_params_trigger_ui.py for tasks to queue
[2024-08-29T20:26:31.081+0000] {logging_mixin.py:149} INFO - [2024-08-29T20:26:31.080+0000] {dagbag.py:541} INFO - Filling up the DagBag from /home/airflow-vm/data-engineer-batch-processing-financial-services/.venv/lib/python3.10/site-packages/airflow/example_dags/example_params_trigger_ui.py
[2024-08-29T20:26:31.100+0000] {processor.py:836} INFO - DAG(s) dict_keys(['example_params_trigger_ui']) retrieved from /home/airflow-vm/data-engineer-batch-processing-financial-services/.venv/lib/python3.10/site-packages/airflow/example_dags/example_params_trigger_ui.py
[2024-08-29T20:26:31.170+0000] {logging_mixin.py:149} INFO - [2024-08-29T20:26:31.170+0000] {dag.py:2726} INFO - Sync 1 DAGs
[2024-08-29T20:26:31.190+0000] {logging_mixin.py:149} INFO - [2024-08-29T20:26:31.190+0000] {dag.py:3486} INFO - Setting next_dagrun for example_params_trigger_ui to None, run_after=None
[2024-08-29T20:26:31.216+0000] {processor.py:179} INFO - Processing /home/airflow-vm/data-engineer-batch-processing-financial-services/.venv/lib/python3.10/site-packages/airflow/example_dags/example_params_trigger_ui.py took 0.140 seconds
[2024-08-29T20:27:19.584+0000] {processor.py:157} INFO - Started process (PID=63381) to work on /home/airflow-vm/data-engineer-batch-processing-financial-services/.venv/lib/python3.10/site-packages/airflow/example_dags/example_params_trigger_ui.py
[2024-08-29T20:27:19.585+0000] {processor.py:826} INFO - Processing file /home/airflow-vm/data-engineer-batch-processing-financial-services/.venv/lib/python3.10/site-packages/airflow/example_dags/example_params_trigger_ui.py for tasks to queue
[2024-08-29T20:27:19.585+0000] {logging_mixin.py:149} INFO - [2024-08-29T20:27:19.585+0000] {dagbag.py:541} INFO - Filling up the DagBag from /home/airflow-vm/data-engineer-batch-processing-financial-services/.venv/lib/python3.10/site-packages/airflow/example_dags/example_params_trigger_ui.py
[2024-08-29T20:27:19.604+0000] {processor.py:836} INFO - DAG(s) dict_keys(['example_params_trigger_ui']) retrieved from /home/airflow-vm/data-engineer-batch-processing-financial-services/.venv/lib/python3.10/site-packages/airflow/example_dags/example_params_trigger_ui.py
[2024-08-29T20:27:19.673+0000] {logging_mixin.py:149} INFO - [2024-08-29T20:27:19.673+0000] {dag.py:2726} INFO - Sync 1 DAGs
[2024-08-29T20:27:19.691+0000] {logging_mixin.py:149} INFO - [2024-08-29T20:27:19.691+0000] {dag.py:3486} INFO - Setting next_dagrun for example_params_trigger_ui to None, run_after=None
[2024-08-29T20:27:19.719+0000] {processor.py:179} INFO - Processing /home/airflow-vm/data-engineer-batch-processing-financial-services/.venv/lib/python3.10/site-packages/airflow/example_dags/example_params_trigger_ui.py took 0.137 seconds
[2024-08-29T20:28:02.009+0000] {processor.py:157} INFO - Started process (PID=63562) to work on /home/airflow-vm/data-engineer-batch-processing-financial-services/.venv/lib/python3.10/site-packages/airflow/example_dags/example_params_trigger_ui.py
[2024-08-29T20:28:02.010+0000] {processor.py:826} INFO - Processing file /home/airflow-vm/data-engineer-batch-processing-financial-services/.venv/lib/python3.10/site-packages/airflow/example_dags/example_params_trigger_ui.py for tasks to queue
[2024-08-29T20:28:02.010+0000] {logging_mixin.py:149} INFO - [2024-08-29T20:28:02.010+0000] {dagbag.py:541} INFO - Filling up the DagBag from /home/airflow-vm/data-engineer-batch-processing-financial-services/.venv/lib/python3.10/site-packages/airflow/example_dags/example_params_trigger_ui.py
[2024-08-29T20:28:02.030+0000] {processor.py:836} INFO - DAG(s) dict_keys(['example_params_trigger_ui']) retrieved from /home/airflow-vm/data-engineer-batch-processing-financial-services/.venv/lib/python3.10/site-packages/airflow/example_dags/example_params_trigger_ui.py
[2024-08-29T20:28:02.100+0000] {logging_mixin.py:149} INFO - [2024-08-29T20:28:02.100+0000] {dag.py:2726} INFO - Sync 1 DAGs
[2024-08-29T20:28:02.119+0000] {logging_mixin.py:149} INFO - [2024-08-29T20:28:02.119+0000] {dag.py:3486} INFO - Setting next_dagrun for example_params_trigger_ui to None, run_after=None
[2024-08-29T20:28:02.147+0000] {processor.py:179} INFO - Processing /home/airflow-vm/data-engineer-batch-processing-financial-services/.venv/lib/python3.10/site-packages/airflow/example_dags/example_params_trigger_ui.py took 0.140 seconds
[2024-08-29T20:29:01.429+0000] {processor.py:157} INFO - Started process (PID=64106) to work on /home/airflow-vm/data-engineer-batch-processing-financial-services/.venv/lib/python3.10/site-packages/airflow/example_dags/example_params_trigger_ui.py
[2024-08-29T20:29:01.430+0000] {processor.py:826} INFO - Processing file /home/airflow-vm/data-engineer-batch-processing-financial-services/.venv/lib/python3.10/site-packages/airflow/example_dags/example_params_trigger_ui.py for tasks to queue
[2024-08-29T20:29:01.430+0000] {logging_mixin.py:149} INFO - [2024-08-29T20:29:01.430+0000] {dagbag.py:541} INFO - Filling up the DagBag from /home/airflow-vm/data-engineer-batch-processing-financial-services/.venv/lib/python3.10/site-packages/airflow/example_dags/example_params_trigger_ui.py
[2024-08-29T20:29:01.450+0000] {processor.py:836} INFO - DAG(s) dict_keys(['example_params_trigger_ui']) retrieved from /home/airflow-vm/data-engineer-batch-processing-financial-services/.venv/lib/python3.10/site-packages/airflow/example_dags/example_params_trigger_ui.py
[2024-08-29T20:29:01.520+0000] {logging_mixin.py:149} INFO - [2024-08-29T20:29:01.520+0000] {dag.py:2726} INFO - Sync 1 DAGs
[2024-08-29T20:29:01.539+0000] {logging_mixin.py:149} INFO - [2024-08-29T20:29:01.538+0000] {dag.py:3486} INFO - Setting next_dagrun for example_params_trigger_ui to None, run_after=None
[2024-08-29T20:29:01.567+0000] {processor.py:179} INFO - Processing /home/airflow-vm/data-engineer-batch-processing-financial-services/.venv/lib/python3.10/site-packages/airflow/example_dags/example_params_trigger_ui.py took 0.140 seconds
[2024-08-29T20:31:39.088+0000] {processor.py:157} INFO - Started process (PID=65896) to work on /home/airflow-vm/data-engineer-batch-processing-financial-services/.venv/lib/python3.10/site-packages/airflow/example_dags/example_params_trigger_ui.py
[2024-08-29T20:31:39.089+0000] {processor.py:826} INFO - Processing file /home/airflow-vm/data-engineer-batch-processing-financial-services/.venv/lib/python3.10/site-packages/airflow/example_dags/example_params_trigger_ui.py for tasks to queue
[2024-08-29T20:31:39.090+0000] {logging_mixin.py:149} INFO - [2024-08-29T20:31:39.090+0000] {dagbag.py:541} INFO - Filling up the DagBag from /home/airflow-vm/data-engineer-batch-processing-financial-services/.venv/lib/python3.10/site-packages/airflow/example_dags/example_params_trigger_ui.py
[2024-08-29T20:31:39.110+0000] {processor.py:836} INFO - DAG(s) dict_keys(['example_params_trigger_ui']) retrieved from /home/airflow-vm/data-engineer-batch-processing-financial-services/.venv/lib/python3.10/site-packages/airflow/example_dags/example_params_trigger_ui.py
[2024-08-29T20:31:39.200+0000] {logging_mixin.py:149} INFO - [2024-08-29T20:31:39.200+0000] {dag.py:2726} INFO - Sync 1 DAGs
[2024-08-29T20:31:39.218+0000] {logging_mixin.py:149} INFO - [2024-08-29T20:31:39.218+0000] {dag.py:3486} INFO - Setting next_dagrun for example_params_trigger_ui to None, run_after=None
[2024-08-29T20:31:39.245+0000] {processor.py:179} INFO - Processing /home/airflow-vm/data-engineer-batch-processing-financial-services/.venv/lib/python3.10/site-packages/airflow/example_dags/example_params_trigger_ui.py took 0.159 seconds
[2024-08-29T20:33:30.878+0000] {processor.py:157} INFO - Started process (PID=67287) to work on /home/airflow-vm/data-engineer-batch-processing-financial-services/.venv/lib/python3.10/site-packages/airflow/example_dags/example_params_trigger_ui.py
[2024-08-29T20:33:30.879+0000] {processor.py:826} INFO - Processing file /home/airflow-vm/data-engineer-batch-processing-financial-services/.venv/lib/python3.10/site-packages/airflow/example_dags/example_params_trigger_ui.py for tasks to queue
[2024-08-29T20:33:30.879+0000] {logging_mixin.py:149} INFO - [2024-08-29T20:33:30.879+0000] {dagbag.py:541} INFO - Filling up the DagBag from /home/airflow-vm/data-engineer-batch-processing-financial-services/.venv/lib/python3.10/site-packages/airflow/example_dags/example_params_trigger_ui.py
[2024-08-29T20:33:30.898+0000] {processor.py:836} INFO - DAG(s) dict_keys(['example_params_trigger_ui']) retrieved from /home/airflow-vm/data-engineer-batch-processing-financial-services/.venv/lib/python3.10/site-packages/airflow/example_dags/example_params_trigger_ui.py
[2024-08-29T20:33:30.968+0000] {logging_mixin.py:149} INFO - [2024-08-29T20:33:30.967+0000] {dag.py:2726} INFO - Sync 1 DAGs
[2024-08-29T20:33:30.987+0000] {logging_mixin.py:149} INFO - [2024-08-29T20:33:30.987+0000] {dag.py:3486} INFO - Setting next_dagrun for example_params_trigger_ui to None, run_after=None
[2024-08-29T20:33:31.018+0000] {processor.py:179} INFO - Processing /home/airflow-vm/data-engineer-batch-processing-financial-services/.venv/lib/python3.10/site-packages/airflow/example_dags/example_params_trigger_ui.py took 0.143 seconds
[2024-08-29T20:36:08.353+0000] {processor.py:157} INFO - Started process (PID=69313) to work on /home/airflow-vm/data-engineer-batch-processing-financial-services/.venv/lib/python3.10/site-packages/airflow/example_dags/example_params_trigger_ui.py
[2024-08-29T20:36:08.354+0000] {processor.py:826} INFO - Processing file /home/airflow-vm/data-engineer-batch-processing-financial-services/.venv/lib/python3.10/site-packages/airflow/example_dags/example_params_trigger_ui.py for tasks to queue
[2024-08-29T20:36:08.354+0000] {logging_mixin.py:149} INFO - [2024-08-29T20:36:08.354+0000] {dagbag.py:541} INFO - Filling up the DagBag from /home/airflow-vm/data-engineer-batch-processing-financial-services/.venv/lib/python3.10/site-packages/airflow/example_dags/example_params_trigger_ui.py
[2024-08-29T20:36:08.376+0000] {processor.py:836} INFO - DAG(s) dict_keys(['example_params_trigger_ui']) retrieved from /home/airflow-vm/data-engineer-batch-processing-financial-services/.venv/lib/python3.10/site-packages/airflow/example_dags/example_params_trigger_ui.py
[2024-08-29T20:36:08.446+0000] {logging_mixin.py:149} INFO - [2024-08-29T20:36:08.446+0000] {dag.py:2726} INFO - Sync 1 DAGs
[2024-08-29T20:36:08.465+0000] {logging_mixin.py:149} INFO - [2024-08-29T20:36:08.464+0000] {dag.py:3486} INFO - Setting next_dagrun for example_params_trigger_ui to None, run_after=None
[2024-08-29T20:36:08.492+0000] {processor.py:179} INFO - Processing /home/airflow-vm/data-engineer-batch-processing-financial-services/.venv/lib/python3.10/site-packages/airflow/example_dags/example_params_trigger_ui.py took 0.141 seconds
[2024-08-29T20:38:02.140+0000] {processor.py:157} INFO - Started process (PID=70698) to work on /home/airflow-vm/data-engineer-batch-processing-financial-services/.venv/lib/python3.10/site-packages/airflow/example_dags/example_params_trigger_ui.py
[2024-08-29T20:38:02.141+0000] {processor.py:826} INFO - Processing file /home/airflow-vm/data-engineer-batch-processing-financial-services/.venv/lib/python3.10/site-packages/airflow/example_dags/example_params_trigger_ui.py for tasks to queue
[2024-08-29T20:38:02.142+0000] {logging_mixin.py:149} INFO - [2024-08-29T20:38:02.142+0000] {dagbag.py:541} INFO - Filling up the DagBag from /home/airflow-vm/data-engineer-batch-processing-financial-services/.venv/lib/python3.10/site-packages/airflow/example_dags/example_params_trigger_ui.py
[2024-08-29T20:38:02.161+0000] {processor.py:836} INFO - DAG(s) dict_keys(['example_params_trigger_ui']) retrieved from /home/airflow-vm/data-engineer-batch-processing-financial-services/.venv/lib/python3.10/site-packages/airflow/example_dags/example_params_trigger_ui.py
[2024-08-29T20:38:02.230+0000] {logging_mixin.py:149} INFO - [2024-08-29T20:38:02.230+0000] {dag.py:2726} INFO - Sync 1 DAGs
[2024-08-29T20:38:02.249+0000] {logging_mixin.py:149} INFO - [2024-08-29T20:38:02.249+0000] {dag.py:3486} INFO - Setting next_dagrun for example_params_trigger_ui to None, run_after=None
[2024-08-29T20:38:02.278+0000] {processor.py:179} INFO - Processing /home/airflow-vm/data-engineer-batch-processing-financial-services/.venv/lib/python3.10/site-packages/airflow/example_dags/example_params_trigger_ui.py took 0.140 seconds
