[2024-08-29T19:48:10.351+0000] {processor.py:157} INFO - Started process (PID=49191) to work on /home/airflow-vm/data-engineer-batch-processing-financial-services/.venv/lib/python3.10/site-packages/airflow/example_dags/example_sensor_decorator.py
[2024-08-29T19:48:10.352+0000] {processor.py:826} INFO - Processing file /home/airflow-vm/data-engineer-batch-processing-financial-services/.venv/lib/python3.10/site-packages/airflow/example_dags/example_sensor_decorator.py for tasks to queue
[2024-08-29T19:48:10.352+0000] {logging_mixin.py:149} INFO - [2024-08-29T19:48:10.352+0000] {dagbag.py:541} INFO - Filling up the DagBag from /home/airflow-vm/data-engineer-batch-processing-financial-services/.venv/lib/python3.10/site-packages/airflow/example_dags/example_sensor_decorator.py
[2024-08-29T19:48:10.359+0000] {processor.py:836} INFO - DAG(s) dict_keys(['example_sensor_decorator']) retrieved from /home/airflow-vm/data-engineer-batch-processing-financial-services/.venv/lib/python3.10/site-packages/airflow/example_dags/example_sensor_decorator.py
[2024-08-29T19:48:10.479+0000] {logging_mixin.py:149} INFO - [2024-08-29T19:48:10.479+0000] {manager.py:504} INFO - Created Permission View: can delete on DAG:example_sensor_decorator
[2024-08-29T19:48:10.498+0000] {logging_mixin.py:149} INFO - [2024-08-29T19:48:10.498+0000] {manager.py:504} INFO - Created Permission View: can edit on DAG:example_sensor_decorator
[2024-08-29T19:48:10.514+0000] {logging_mixin.py:149} INFO - [2024-08-29T19:48:10.514+0000] {manager.py:504} INFO - Created Permission View: can read on DAG:example_sensor_decorator
[2024-08-29T19:48:10.515+0000] {logging_mixin.py:149} INFO - [2024-08-29T19:48:10.515+0000] {dag.py:2726} INFO - Sync 1 DAGs
[2024-08-29T19:48:10.525+0000] {logging_mixin.py:149} INFO - [2024-08-29T19:48:10.525+0000] {dag.py:2747} INFO - Creating ORM DAG for example_sensor_decorator
[2024-08-29T19:48:10.535+0000] {logging_mixin.py:149} INFO - [2024-08-29T19:48:10.535+0000] {dag.py:3486} INFO - Setting next_dagrun for example_sensor_decorator to None, run_after=None
[2024-08-29T19:48:10.564+0000] {processor.py:179} INFO - Processing /home/airflow-vm/data-engineer-batch-processing-financial-services/.venv/lib/python3.10/site-packages/airflow/example_dags/example_sensor_decorator.py took 0.215 seconds
[2024-08-29T19:48:58.406+0000] {processor.py:157} INFO - Started process (PID=49509) to work on /home/airflow-vm/data-engineer-batch-processing-financial-services/.venv/lib/python3.10/site-packages/airflow/example_dags/example_sensor_decorator.py
[2024-08-29T19:48:58.406+0000] {processor.py:826} INFO - Processing file /home/airflow-vm/data-engineer-batch-processing-financial-services/.venv/lib/python3.10/site-packages/airflow/example_dags/example_sensor_decorator.py for tasks to queue
[2024-08-29T19:48:58.407+0000] {logging_mixin.py:149} INFO - [2024-08-29T19:48:58.407+0000] {dagbag.py:541} INFO - Filling up the DagBag from /home/airflow-vm/data-engineer-batch-processing-financial-services/.venv/lib/python3.10/site-packages/airflow/example_dags/example_sensor_decorator.py
[2024-08-29T19:48:58.412+0000] {processor.py:836} INFO - DAG(s) dict_keys(['example_sensor_decorator']) retrieved from /home/airflow-vm/data-engineer-batch-processing-financial-services/.venv/lib/python3.10/site-packages/airflow/example_dags/example_sensor_decorator.py
[2024-08-29T19:48:58.433+0000] {logging_mixin.py:149} INFO - [2024-08-29T19:48:58.433+0000] {dag.py:2726} INFO - Sync 1 DAGs
[2024-08-29T19:48:58.452+0000] {logging_mixin.py:149} INFO - [2024-08-29T19:48:58.452+0000] {dag.py:3486} INFO - Setting next_dagrun for example_sensor_decorator to None, run_after=None
[2024-08-29T19:48:58.487+0000] {processor.py:179} INFO - Processing /home/airflow-vm/data-engineer-batch-processing-financial-services/.venv/lib/python3.10/site-packages/airflow/example_dags/example_sensor_decorator.py took 0.084 seconds
[2024-08-29T19:49:48.300+0000] {processor.py:157} INFO - Started process (PID=49728) to work on /home/airflow-vm/data-engineer-batch-processing-financial-services/.venv/lib/python3.10/site-packages/airflow/example_dags/example_sensor_decorator.py
[2024-08-29T19:49:48.301+0000] {processor.py:826} INFO - Processing file /home/airflow-vm/data-engineer-batch-processing-financial-services/.venv/lib/python3.10/site-packages/airflow/example_dags/example_sensor_decorator.py for tasks to queue
[2024-08-29T19:49:48.301+0000] {logging_mixin.py:149} INFO - [2024-08-29T19:49:48.301+0000] {dagbag.py:541} INFO - Filling up the DagBag from /home/airflow-vm/data-engineer-batch-processing-financial-services/.venv/lib/python3.10/site-packages/airflow/example_dags/example_sensor_decorator.py
[2024-08-29T19:49:48.306+0000] {processor.py:836} INFO - DAG(s) dict_keys(['example_sensor_decorator']) retrieved from /home/airflow-vm/data-engineer-batch-processing-financial-services/.venv/lib/python3.10/site-packages/airflow/example_dags/example_sensor_decorator.py
[2024-08-29T19:49:48.324+0000] {logging_mixin.py:149} INFO - [2024-08-29T19:49:48.323+0000] {dag.py:2726} INFO - Sync 1 DAGs
[2024-08-29T19:49:48.343+0000] {logging_mixin.py:149} INFO - [2024-08-29T19:49:48.342+0000] {dag.py:3486} INFO - Setting next_dagrun for example_sensor_decorator to None, run_after=None
[2024-08-29T19:49:48.370+0000] {processor.py:179} INFO - Processing /home/airflow-vm/data-engineer-batch-processing-financial-services/.venv/lib/python3.10/site-packages/airflow/example_dags/example_sensor_decorator.py took 0.073 seconds
[2024-08-29T19:50:37.857+0000] {processor.py:157} INFO - Started process (PID=50001) to work on /home/airflow-vm/data-engineer-batch-processing-financial-services/.venv/lib/python3.10/site-packages/airflow/example_dags/example_sensor_decorator.py
[2024-08-29T19:50:37.858+0000] {processor.py:826} INFO - Processing file /home/airflow-vm/data-engineer-batch-processing-financial-services/.venv/lib/python3.10/site-packages/airflow/example_dags/example_sensor_decorator.py for tasks to queue
[2024-08-29T19:50:37.859+0000] {logging_mixin.py:149} INFO - [2024-08-29T19:50:37.858+0000] {dagbag.py:541} INFO - Filling up the DagBag from /home/airflow-vm/data-engineer-batch-processing-financial-services/.venv/lib/python3.10/site-packages/airflow/example_dags/example_sensor_decorator.py
[2024-08-29T19:50:37.864+0000] {processor.py:836} INFO - DAG(s) dict_keys(['example_sensor_decorator']) retrieved from /home/airflow-vm/data-engineer-batch-processing-financial-services/.venv/lib/python3.10/site-packages/airflow/example_dags/example_sensor_decorator.py
[2024-08-29T19:50:37.881+0000] {logging_mixin.py:149} INFO - [2024-08-29T19:50:37.881+0000] {dag.py:2726} INFO - Sync 1 DAGs
[2024-08-29T19:50:37.899+0000] {logging_mixin.py:149} INFO - [2024-08-29T19:50:37.899+0000] {dag.py:3486} INFO - Setting next_dagrun for example_sensor_decorator to None, run_after=None
[2024-08-29T19:50:37.928+0000] {processor.py:179} INFO - Processing /home/airflow-vm/data-engineer-batch-processing-financial-services/.venv/lib/python3.10/site-packages/airflow/example_dags/example_sensor_decorator.py took 0.073 seconds
[2024-08-29T19:51:23.973+0000] {processor.py:157} INFO - Started process (PID=50669) to work on /home/airflow-vm/data-engineer-batch-processing-financial-services/.venv/lib/python3.10/site-packages/airflow/example_dags/example_sensor_decorator.py
[2024-08-29T19:51:23.974+0000] {processor.py:826} INFO - Processing file /home/airflow-vm/data-engineer-batch-processing-financial-services/.venv/lib/python3.10/site-packages/airflow/example_dags/example_sensor_decorator.py for tasks to queue
[2024-08-29T19:51:23.975+0000] {logging_mixin.py:149} INFO - [2024-08-29T19:51:23.975+0000] {dagbag.py:541} INFO - Filling up the DagBag from /home/airflow-vm/data-engineer-batch-processing-financial-services/.venv/lib/python3.10/site-packages/airflow/example_dags/example_sensor_decorator.py
[2024-08-29T19:51:23.980+0000] {processor.py:836} INFO - DAG(s) dict_keys(['example_sensor_decorator']) retrieved from /home/airflow-vm/data-engineer-batch-processing-financial-services/.venv/lib/python3.10/site-packages/airflow/example_dags/example_sensor_decorator.py
[2024-08-29T19:51:23.998+0000] {logging_mixin.py:149} INFO - [2024-08-29T19:51:23.998+0000] {dag.py:2726} INFO - Sync 1 DAGs
[2024-08-29T19:51:24.018+0000] {logging_mixin.py:149} INFO - [2024-08-29T19:51:24.018+0000] {dag.py:3486} INFO - Setting next_dagrun for example_sensor_decorator to None, run_after=None
[2024-08-29T19:51:24.047+0000] {processor.py:179} INFO - Processing /home/airflow-vm/data-engineer-batch-processing-financial-services/.venv/lib/python3.10/site-packages/airflow/example_dags/example_sensor_decorator.py took 0.076 seconds
[2024-08-29T19:52:12.746+0000] {processor.py:157} INFO - Started process (PID=50907) to work on /home/airflow-vm/data-engineer-batch-processing-financial-services/.venv/lib/python3.10/site-packages/airflow/example_dags/example_sensor_decorator.py
[2024-08-29T19:52:12.747+0000] {processor.py:826} INFO - Processing file /home/airflow-vm/data-engineer-batch-processing-financial-services/.venv/lib/python3.10/site-packages/airflow/example_dags/example_sensor_decorator.py for tasks to queue
[2024-08-29T19:52:12.748+0000] {logging_mixin.py:149} INFO - [2024-08-29T19:52:12.748+0000] {dagbag.py:541} INFO - Filling up the DagBag from /home/airflow-vm/data-engineer-batch-processing-financial-services/.venv/lib/python3.10/site-packages/airflow/example_dags/example_sensor_decorator.py
[2024-08-29T19:52:12.753+0000] {processor.py:836} INFO - DAG(s) dict_keys(['example_sensor_decorator']) retrieved from /home/airflow-vm/data-engineer-batch-processing-financial-services/.venv/lib/python3.10/site-packages/airflow/example_dags/example_sensor_decorator.py
[2024-08-29T19:52:12.770+0000] {logging_mixin.py:149} INFO - [2024-08-29T19:52:12.769+0000] {dag.py:2726} INFO - Sync 1 DAGs
[2024-08-29T19:52:12.788+0000] {logging_mixin.py:149} INFO - [2024-08-29T19:52:12.788+0000] {dag.py:3486} INFO - Setting next_dagrun for example_sensor_decorator to None, run_after=None
[2024-08-29T19:52:12.816+0000] {processor.py:179} INFO - Processing /home/airflow-vm/data-engineer-batch-processing-financial-services/.venv/lib/python3.10/site-packages/airflow/example_dags/example_sensor_decorator.py took 0.072 seconds
[2024-08-29T19:52:55.766+0000] {processor.py:157} INFO - Started process (PID=50997) to work on /home/airflow-vm/data-engineer-batch-processing-financial-services/.venv/lib/python3.10/site-packages/airflow/example_dags/example_sensor_decorator.py
[2024-08-29T19:52:55.766+0000] {processor.py:826} INFO - Processing file /home/airflow-vm/data-engineer-batch-processing-financial-services/.venv/lib/python3.10/site-packages/airflow/example_dags/example_sensor_decorator.py for tasks to queue
[2024-08-29T19:52:55.767+0000] {logging_mixin.py:149} INFO - [2024-08-29T19:52:55.767+0000] {dagbag.py:541} INFO - Filling up the DagBag from /home/airflow-vm/data-engineer-batch-processing-financial-services/.venv/lib/python3.10/site-packages/airflow/example_dags/example_sensor_decorator.py
[2024-08-29T19:52:55.772+0000] {processor.py:836} INFO - DAG(s) dict_keys(['example_sensor_decorator']) retrieved from /home/airflow-vm/data-engineer-batch-processing-financial-services/.venv/lib/python3.10/site-packages/airflow/example_dags/example_sensor_decorator.py
[2024-08-29T19:52:55.790+0000] {logging_mixin.py:149} INFO - [2024-08-29T19:52:55.789+0000] {dag.py:2726} INFO - Sync 1 DAGs
[2024-08-29T19:52:55.809+0000] {logging_mixin.py:149} INFO - [2024-08-29T19:52:55.808+0000] {dag.py:3486} INFO - Setting next_dagrun for example_sensor_decorator to None, run_after=None
[2024-08-29T19:52:55.838+0000] {processor.py:179} INFO - Processing /home/airflow-vm/data-engineer-batch-processing-financial-services/.venv/lib/python3.10/site-packages/airflow/example_dags/example_sensor_decorator.py took 0.075 seconds
[2024-08-29T19:53:41.209+0000] {processor.py:157} INFO - Started process (PID=51149) to work on /home/airflow-vm/data-engineer-batch-processing-financial-services/.venv/lib/python3.10/site-packages/airflow/example_dags/example_sensor_decorator.py
[2024-08-29T19:53:41.210+0000] {processor.py:826} INFO - Processing file /home/airflow-vm/data-engineer-batch-processing-financial-services/.venv/lib/python3.10/site-packages/airflow/example_dags/example_sensor_decorator.py for tasks to queue
[2024-08-29T19:53:41.211+0000] {logging_mixin.py:149} INFO - [2024-08-29T19:53:41.211+0000] {dagbag.py:541} INFO - Filling up the DagBag from /home/airflow-vm/data-engineer-batch-processing-financial-services/.venv/lib/python3.10/site-packages/airflow/example_dags/example_sensor_decorator.py
[2024-08-29T19:53:41.216+0000] {processor.py:836} INFO - DAG(s) dict_keys(['example_sensor_decorator']) retrieved from /home/airflow-vm/data-engineer-batch-processing-financial-services/.venv/lib/python3.10/site-packages/airflow/example_dags/example_sensor_decorator.py
[2024-08-29T19:53:41.233+0000] {logging_mixin.py:149} INFO - [2024-08-29T19:53:41.233+0000] {dag.py:2726} INFO - Sync 1 DAGs
[2024-08-29T19:53:41.253+0000] {logging_mixin.py:149} INFO - [2024-08-29T19:53:41.253+0000] {dag.py:3486} INFO - Setting next_dagrun for example_sensor_decorator to None, run_after=None
[2024-08-29T19:53:41.282+0000] {processor.py:179} INFO - Processing /home/airflow-vm/data-engineer-batch-processing-financial-services/.venv/lib/python3.10/site-packages/airflow/example_dags/example_sensor_decorator.py took 0.075 seconds
[2024-08-29T19:54:28.778+0000] {processor.py:157} INFO - Started process (PID=51281) to work on /home/airflow-vm/data-engineer-batch-processing-financial-services/.venv/lib/python3.10/site-packages/airflow/example_dags/example_sensor_decorator.py
[2024-08-29T19:54:28.779+0000] {processor.py:826} INFO - Processing file /home/airflow-vm/data-engineer-batch-processing-financial-services/.venv/lib/python3.10/site-packages/airflow/example_dags/example_sensor_decorator.py for tasks to queue
[2024-08-29T19:54:28.780+0000] {logging_mixin.py:149} INFO - [2024-08-29T19:54:28.780+0000] {dagbag.py:541} INFO - Filling up the DagBag from /home/airflow-vm/data-engineer-batch-processing-financial-services/.venv/lib/python3.10/site-packages/airflow/example_dags/example_sensor_decorator.py
[2024-08-29T19:54:28.785+0000] {processor.py:836} INFO - DAG(s) dict_keys(['example_sensor_decorator']) retrieved from /home/airflow-vm/data-engineer-batch-processing-financial-services/.venv/lib/python3.10/site-packages/airflow/example_dags/example_sensor_decorator.py
[2024-08-29T19:54:28.803+0000] {logging_mixin.py:149} INFO - [2024-08-29T19:54:28.803+0000] {dag.py:2726} INFO - Sync 1 DAGs
[2024-08-29T19:54:28.822+0000] {logging_mixin.py:149} INFO - [2024-08-29T19:54:28.822+0000] {dag.py:3486} INFO - Setting next_dagrun for example_sensor_decorator to None, run_after=None
[2024-08-29T19:54:28.852+0000] {processor.py:179} INFO - Processing /home/airflow-vm/data-engineer-batch-processing-financial-services/.venv/lib/python3.10/site-packages/airflow/example_dags/example_sensor_decorator.py took 0.077 seconds
[2024-08-29T19:55:16.386+0000] {processor.py:157} INFO - Started process (PID=51617) to work on /home/airflow-vm/data-engineer-batch-processing-financial-services/.venv/lib/python3.10/site-packages/airflow/example_dags/example_sensor_decorator.py
[2024-08-29T19:55:16.387+0000] {processor.py:826} INFO - Processing file /home/airflow-vm/data-engineer-batch-processing-financial-services/.venv/lib/python3.10/site-packages/airflow/example_dags/example_sensor_decorator.py for tasks to queue
[2024-08-29T19:55:16.387+0000] {logging_mixin.py:149} INFO - [2024-08-29T19:55:16.387+0000] {dagbag.py:541} INFO - Filling up the DagBag from /home/airflow-vm/data-engineer-batch-processing-financial-services/.venv/lib/python3.10/site-packages/airflow/example_dags/example_sensor_decorator.py
[2024-08-29T19:55:16.393+0000] {processor.py:836} INFO - DAG(s) dict_keys(['example_sensor_decorator']) retrieved from /home/airflow-vm/data-engineer-batch-processing-financial-services/.venv/lib/python3.10/site-packages/airflow/example_dags/example_sensor_decorator.py
[2024-08-29T19:55:16.411+0000] {logging_mixin.py:149} INFO - [2024-08-29T19:55:16.411+0000] {dag.py:2726} INFO - Sync 1 DAGs
[2024-08-29T19:55:16.431+0000] {logging_mixin.py:149} INFO - [2024-08-29T19:55:16.430+0000] {dag.py:3486} INFO - Setting next_dagrun for example_sensor_decorator to None, run_after=None
[2024-08-29T19:55:16.464+0000] {processor.py:179} INFO - Processing /home/airflow-vm/data-engineer-batch-processing-financial-services/.venv/lib/python3.10/site-packages/airflow/example_dags/example_sensor_decorator.py took 0.081 seconds
[2024-08-29T20:12:01.432+0000] {processor.py:157} INFO - Started process (PID=56474) to work on /home/airflow-vm/data-engineer-batch-processing-financial-services/.venv/lib/python3.10/site-packages/airflow/example_dags/example_sensor_decorator.py
[2024-08-29T20:12:01.433+0000] {processor.py:826} INFO - Processing file /home/airflow-vm/data-engineer-batch-processing-financial-services/.venv/lib/python3.10/site-packages/airflow/example_dags/example_sensor_decorator.py for tasks to queue
[2024-08-29T20:12:01.433+0000] {logging_mixin.py:149} INFO - [2024-08-29T20:12:01.433+0000] {dagbag.py:541} INFO - Filling up the DagBag from /home/airflow-vm/data-engineer-batch-processing-financial-services/.venv/lib/python3.10/site-packages/airflow/example_dags/example_sensor_decorator.py
[2024-08-29T20:12:01.440+0000] {processor.py:836} INFO - DAG(s) dict_keys(['example_sensor_decorator']) retrieved from /home/airflow-vm/data-engineer-batch-processing-financial-services/.venv/lib/python3.10/site-packages/airflow/example_dags/example_sensor_decorator.py
[2024-08-29T20:12:01.456+0000] {logging_mixin.py:149} INFO - [2024-08-29T20:12:01.456+0000] {dag.py:2726} INFO - Sync 1 DAGs
[2024-08-29T20:12:01.475+0000] {logging_mixin.py:149} INFO - [2024-08-29T20:12:01.475+0000] {dag.py:3486} INFO - Setting next_dagrun for example_sensor_decorator to None, run_after=None
[2024-08-29T20:12:01.507+0000] {processor.py:179} INFO - Processing /home/airflow-vm/data-engineer-batch-processing-financial-services/.venv/lib/python3.10/site-packages/airflow/example_dags/example_sensor_decorator.py took 0.078 seconds
[2024-08-29T20:12:47.796+0000] {processor.py:157} INFO - Started process (PID=56795) to work on /home/airflow-vm/data-engineer-batch-processing-financial-services/.venv/lib/python3.10/site-packages/airflow/example_dags/example_sensor_decorator.py
[2024-08-29T20:12:47.797+0000] {processor.py:826} INFO - Processing file /home/airflow-vm/data-engineer-batch-processing-financial-services/.venv/lib/python3.10/site-packages/airflow/example_dags/example_sensor_decorator.py for tasks to queue
[2024-08-29T20:12:47.798+0000] {logging_mixin.py:149} INFO - [2024-08-29T20:12:47.798+0000] {dagbag.py:541} INFO - Filling up the DagBag from /home/airflow-vm/data-engineer-batch-processing-financial-services/.venv/lib/python3.10/site-packages/airflow/example_dags/example_sensor_decorator.py
[2024-08-29T20:12:47.803+0000] {processor.py:836} INFO - DAG(s) dict_keys(['example_sensor_decorator']) retrieved from /home/airflow-vm/data-engineer-batch-processing-financial-services/.venv/lib/python3.10/site-packages/airflow/example_dags/example_sensor_decorator.py
[2024-08-29T20:12:47.820+0000] {logging_mixin.py:149} INFO - [2024-08-29T20:12:47.819+0000] {dag.py:2726} INFO - Sync 1 DAGs
[2024-08-29T20:12:47.838+0000] {logging_mixin.py:149} INFO - [2024-08-29T20:12:47.838+0000] {dag.py:3486} INFO - Setting next_dagrun for example_sensor_decorator to None, run_after=None
[2024-08-29T20:12:47.864+0000] {processor.py:179} INFO - Processing /home/airflow-vm/data-engineer-batch-processing-financial-services/.venv/lib/python3.10/site-packages/airflow/example_dags/example_sensor_decorator.py took 0.071 seconds
[2024-08-29T20:15:27.890+0000] {processor.py:157} INFO - Started process (PID=57538) to work on /home/airflow-vm/data-engineer-batch-processing-financial-services/.venv/lib/python3.10/site-packages/airflow/example_dags/example_sensor_decorator.py
[2024-08-29T20:15:27.891+0000] {processor.py:826} INFO - Processing file /home/airflow-vm/data-engineer-batch-processing-financial-services/.venv/lib/python3.10/site-packages/airflow/example_dags/example_sensor_decorator.py for tasks to queue
[2024-08-29T20:15:27.892+0000] {logging_mixin.py:149} INFO - [2024-08-29T20:15:27.892+0000] {dagbag.py:541} INFO - Filling up the DagBag from /home/airflow-vm/data-engineer-batch-processing-financial-services/.venv/lib/python3.10/site-packages/airflow/example_dags/example_sensor_decorator.py
[2024-08-29T20:15:27.899+0000] {processor.py:836} INFO - DAG(s) dict_keys(['example_sensor_decorator']) retrieved from /home/airflow-vm/data-engineer-batch-processing-financial-services/.venv/lib/python3.10/site-packages/airflow/example_dags/example_sensor_decorator.py
[2024-08-29T20:15:27.915+0000] {logging_mixin.py:149} INFO - [2024-08-29T20:15:27.915+0000] {dag.py:2726} INFO - Sync 1 DAGs
[2024-08-29T20:15:27.934+0000] {logging_mixin.py:149} INFO - [2024-08-29T20:15:27.934+0000] {dag.py:3486} INFO - Setting next_dagrun for example_sensor_decorator to None, run_after=None
[2024-08-29T20:15:27.960+0000] {processor.py:179} INFO - Processing /home/airflow-vm/data-engineer-batch-processing-financial-services/.venv/lib/python3.10/site-packages/airflow/example_dags/example_sensor_decorator.py took 0.072 seconds
[2024-08-29T20:16:17.665+0000] {processor.py:157} INFO - Started process (PID=58018) to work on /home/airflow-vm/data-engineer-batch-processing-financial-services/.venv/lib/python3.10/site-packages/airflow/example_dags/example_sensor_decorator.py
[2024-08-29T20:16:17.666+0000] {processor.py:826} INFO - Processing file /home/airflow-vm/data-engineer-batch-processing-financial-services/.venv/lib/python3.10/site-packages/airflow/example_dags/example_sensor_decorator.py for tasks to queue
[2024-08-29T20:16:17.666+0000] {logging_mixin.py:149} INFO - [2024-08-29T20:16:17.666+0000] {dagbag.py:541} INFO - Filling up the DagBag from /home/airflow-vm/data-engineer-batch-processing-financial-services/.venv/lib/python3.10/site-packages/airflow/example_dags/example_sensor_decorator.py
[2024-08-29T20:16:17.672+0000] {processor.py:836} INFO - DAG(s) dict_keys(['example_sensor_decorator']) retrieved from /home/airflow-vm/data-engineer-batch-processing-financial-services/.venv/lib/python3.10/site-packages/airflow/example_dags/example_sensor_decorator.py
[2024-08-29T20:16:17.688+0000] {logging_mixin.py:149} INFO - [2024-08-29T20:16:17.688+0000] {dag.py:2726} INFO - Sync 1 DAGs
[2024-08-29T20:16:17.707+0000] {logging_mixin.py:149} INFO - [2024-08-29T20:16:17.706+0000] {dag.py:3486} INFO - Setting next_dagrun for example_sensor_decorator to None, run_after=None
[2024-08-29T20:16:17.733+0000] {processor.py:179} INFO - Processing /home/airflow-vm/data-engineer-batch-processing-financial-services/.venv/lib/python3.10/site-packages/airflow/example_dags/example_sensor_decorator.py took 0.071 seconds
[2024-08-29T20:24:45.658+0000] {processor.py:157} INFO - Started process (PID=61506) to work on /home/airflow-vm/data-engineer-batch-processing-financial-services/.venv/lib/python3.10/site-packages/airflow/example_dags/example_sensor_decorator.py
[2024-08-29T20:24:45.659+0000] {processor.py:826} INFO - Processing file /home/airflow-vm/data-engineer-batch-processing-financial-services/.venv/lib/python3.10/site-packages/airflow/example_dags/example_sensor_decorator.py for tasks to queue
[2024-08-29T20:24:45.660+0000] {logging_mixin.py:149} INFO - [2024-08-29T20:24:45.659+0000] {dagbag.py:541} INFO - Filling up the DagBag from /home/airflow-vm/data-engineer-batch-processing-financial-services/.venv/lib/python3.10/site-packages/airflow/example_dags/example_sensor_decorator.py
[2024-08-29T20:24:45.666+0000] {processor.py:836} INFO - DAG(s) dict_keys(['example_sensor_decorator']) retrieved from /home/airflow-vm/data-engineer-batch-processing-financial-services/.venv/lib/python3.10/site-packages/airflow/example_dags/example_sensor_decorator.py
[2024-08-29T20:24:45.682+0000] {logging_mixin.py:149} INFO - [2024-08-29T20:24:45.682+0000] {dag.py:2726} INFO - Sync 1 DAGs
[2024-08-29T20:24:45.701+0000] {logging_mixin.py:149} INFO - [2024-08-29T20:24:45.701+0000] {dag.py:3486} INFO - Setting next_dagrun for example_sensor_decorator to None, run_after=None
[2024-08-29T20:24:45.730+0000] {processor.py:179} INFO - Processing /home/airflow-vm/data-engineer-batch-processing-financial-services/.venv/lib/python3.10/site-packages/airflow/example_dags/example_sensor_decorator.py took 0.074 seconds
[2024-08-29T20:26:37.098+0000] {processor.py:157} INFO - Started process (PID=62943) to work on /home/airflow-vm/data-engineer-batch-processing-financial-services/.venv/lib/python3.10/site-packages/airflow/example_dags/example_sensor_decorator.py
[2024-08-29T20:26:37.099+0000] {processor.py:826} INFO - Processing file /home/airflow-vm/data-engineer-batch-processing-financial-services/.venv/lib/python3.10/site-packages/airflow/example_dags/example_sensor_decorator.py for tasks to queue
[2024-08-29T20:26:37.099+0000] {logging_mixin.py:149} INFO - [2024-08-29T20:26:37.099+0000] {dagbag.py:541} INFO - Filling up the DagBag from /home/airflow-vm/data-engineer-batch-processing-financial-services/.venv/lib/python3.10/site-packages/airflow/example_dags/example_sensor_decorator.py
[2024-08-29T20:26:37.104+0000] {processor.py:836} INFO - DAG(s) dict_keys(['example_sensor_decorator']) retrieved from /home/airflow-vm/data-engineer-batch-processing-financial-services/.venv/lib/python3.10/site-packages/airflow/example_dags/example_sensor_decorator.py
[2024-08-29T20:26:37.121+0000] {logging_mixin.py:149} INFO - [2024-08-29T20:26:37.121+0000] {dag.py:2726} INFO - Sync 1 DAGs
[2024-08-29T20:26:37.139+0000] {logging_mixin.py:149} INFO - [2024-08-29T20:26:37.139+0000] {dag.py:3486} INFO - Setting next_dagrun for example_sensor_decorator to None, run_after=None
[2024-08-29T20:26:37.166+0000] {processor.py:179} INFO - Processing /home/airflow-vm/data-engineer-batch-processing-financial-services/.venv/lib/python3.10/site-packages/airflow/example_dags/example_sensor_decorator.py took 0.071 seconds
[2024-08-29T20:27:22.399+0000] {processor.py:157} INFO - Started process (PID=63384) to work on /home/airflow-vm/data-engineer-batch-processing-financial-services/.venv/lib/python3.10/site-packages/airflow/example_dags/example_sensor_decorator.py
[2024-08-29T20:27:22.399+0000] {processor.py:826} INFO - Processing file /home/airflow-vm/data-engineer-batch-processing-financial-services/.venv/lib/python3.10/site-packages/airflow/example_dags/example_sensor_decorator.py for tasks to queue
[2024-08-29T20:27:22.400+0000] {logging_mixin.py:149} INFO - [2024-08-29T20:27:22.400+0000] {dagbag.py:541} INFO - Filling up the DagBag from /home/airflow-vm/data-engineer-batch-processing-financial-services/.venv/lib/python3.10/site-packages/airflow/example_dags/example_sensor_decorator.py
[2024-08-29T20:27:22.405+0000] {processor.py:836} INFO - DAG(s) dict_keys(['example_sensor_decorator']) retrieved from /home/airflow-vm/data-engineer-batch-processing-financial-services/.venv/lib/python3.10/site-packages/airflow/example_dags/example_sensor_decorator.py
[2024-08-29T20:27:22.421+0000] {logging_mixin.py:149} INFO - [2024-08-29T20:27:22.421+0000] {dag.py:2726} INFO - Sync 1 DAGs
[2024-08-29T20:27:22.439+0000] {logging_mixin.py:149} INFO - [2024-08-29T20:27:22.439+0000] {dag.py:3486} INFO - Setting next_dagrun for example_sensor_decorator to None, run_after=None
[2024-08-29T20:27:22.467+0000] {processor.py:179} INFO - Processing /home/airflow-vm/data-engineer-batch-processing-financial-services/.venv/lib/python3.10/site-packages/airflow/example_dags/example_sensor_decorator.py took 0.071 seconds
[2024-08-29T20:28:04.869+0000] {processor.py:157} INFO - Started process (PID=63565) to work on /home/airflow-vm/data-engineer-batch-processing-financial-services/.venv/lib/python3.10/site-packages/airflow/example_dags/example_sensor_decorator.py
[2024-08-29T20:28:04.870+0000] {processor.py:826} INFO - Processing file /home/airflow-vm/data-engineer-batch-processing-financial-services/.venv/lib/python3.10/site-packages/airflow/example_dags/example_sensor_decorator.py for tasks to queue
[2024-08-29T20:28:04.870+0000] {logging_mixin.py:149} INFO - [2024-08-29T20:28:04.870+0000] {dagbag.py:541} INFO - Filling up the DagBag from /home/airflow-vm/data-engineer-batch-processing-financial-services/.venv/lib/python3.10/site-packages/airflow/example_dags/example_sensor_decorator.py
[2024-08-29T20:28:04.875+0000] {processor.py:836} INFO - DAG(s) dict_keys(['example_sensor_decorator']) retrieved from /home/airflow-vm/data-engineer-batch-processing-financial-services/.venv/lib/python3.10/site-packages/airflow/example_dags/example_sensor_decorator.py
[2024-08-29T20:28:04.892+0000] {logging_mixin.py:149} INFO - [2024-08-29T20:28:04.892+0000] {dag.py:2726} INFO - Sync 1 DAGs
[2024-08-29T20:28:04.911+0000] {logging_mixin.py:149} INFO - [2024-08-29T20:28:04.910+0000] {dag.py:3486} INFO - Setting next_dagrun for example_sensor_decorator to None, run_after=None
[2024-08-29T20:28:04.939+0000] {processor.py:179} INFO - Processing /home/airflow-vm/data-engineer-batch-processing-financial-services/.venv/lib/python3.10/site-packages/airflow/example_dags/example_sensor_decorator.py took 0.073 seconds
[2024-08-29T20:29:08.719+0000] {processor.py:157} INFO - Started process (PID=64195) to work on /home/airflow-vm/data-engineer-batch-processing-financial-services/.venv/lib/python3.10/site-packages/airflow/example_dags/example_sensor_decorator.py
[2024-08-29T20:29:08.720+0000] {processor.py:826} INFO - Processing file /home/airflow-vm/data-engineer-batch-processing-financial-services/.venv/lib/python3.10/site-packages/airflow/example_dags/example_sensor_decorator.py for tasks to queue
[2024-08-29T20:29:08.721+0000] {logging_mixin.py:149} INFO - [2024-08-29T20:29:08.721+0000] {dagbag.py:541} INFO - Filling up the DagBag from /home/airflow-vm/data-engineer-batch-processing-financial-services/.venv/lib/python3.10/site-packages/airflow/example_dags/example_sensor_decorator.py
[2024-08-29T20:29:08.726+0000] {processor.py:836} INFO - DAG(s) dict_keys(['example_sensor_decorator']) retrieved from /home/airflow-vm/data-engineer-batch-processing-financial-services/.venv/lib/python3.10/site-packages/airflow/example_dags/example_sensor_decorator.py
[2024-08-29T20:29:08.742+0000] {logging_mixin.py:149} INFO - [2024-08-29T20:29:08.742+0000] {dag.py:2726} INFO - Sync 1 DAGs
[2024-08-29T20:29:08.760+0000] {logging_mixin.py:149} INFO - [2024-08-29T20:29:08.760+0000] {dag.py:3486} INFO - Setting next_dagrun for example_sensor_decorator to None, run_after=None
[2024-08-29T20:29:08.786+0000] {processor.py:179} INFO - Processing /home/airflow-vm/data-engineer-batch-processing-financial-services/.venv/lib/python3.10/site-packages/airflow/example_dags/example_sensor_decorator.py took 0.070 seconds
[2024-08-29T20:31:46.724+0000] {processor.py:157} INFO - Started process (PID=65962) to work on /home/airflow-vm/data-engineer-batch-processing-financial-services/.venv/lib/python3.10/site-packages/airflow/example_dags/example_sensor_decorator.py
[2024-08-29T20:31:46.725+0000] {processor.py:826} INFO - Processing file /home/airflow-vm/data-engineer-batch-processing-financial-services/.venv/lib/python3.10/site-packages/airflow/example_dags/example_sensor_decorator.py for tasks to queue
[2024-08-29T20:31:46.726+0000] {logging_mixin.py:149} INFO - [2024-08-29T20:31:46.726+0000] {dagbag.py:541} INFO - Filling up the DagBag from /home/airflow-vm/data-engineer-batch-processing-financial-services/.venv/lib/python3.10/site-packages/airflow/example_dags/example_sensor_decorator.py
[2024-08-29T20:31:46.732+0000] {processor.py:836} INFO - DAG(s) dict_keys(['example_sensor_decorator']) retrieved from /home/airflow-vm/data-engineer-batch-processing-financial-services/.venv/lib/python3.10/site-packages/airflow/example_dags/example_sensor_decorator.py
[2024-08-29T20:31:46.749+0000] {logging_mixin.py:149} INFO - [2024-08-29T20:31:46.749+0000] {dag.py:2726} INFO - Sync 1 DAGs
[2024-08-29T20:31:46.768+0000] {logging_mixin.py:149} INFO - [2024-08-29T20:31:46.768+0000] {dag.py:3486} INFO - Setting next_dagrun for example_sensor_decorator to None, run_after=None
[2024-08-29T20:31:46.795+0000] {processor.py:179} INFO - Processing /home/airflow-vm/data-engineer-batch-processing-financial-services/.venv/lib/python3.10/site-packages/airflow/example_dags/example_sensor_decorator.py took 0.073 seconds
[2024-08-29T20:33:38.229+0000] {processor.py:157} INFO - Started process (PID=67405) to work on /home/airflow-vm/data-engineer-batch-processing-financial-services/.venv/lib/python3.10/site-packages/airflow/example_dags/example_sensor_decorator.py
[2024-08-29T20:33:38.230+0000] {processor.py:826} INFO - Processing file /home/airflow-vm/data-engineer-batch-processing-financial-services/.venv/lib/python3.10/site-packages/airflow/example_dags/example_sensor_decorator.py for tasks to queue
[2024-08-29T20:33:38.231+0000] {logging_mixin.py:149} INFO - [2024-08-29T20:33:38.231+0000] {dagbag.py:541} INFO - Filling up the DagBag from /home/airflow-vm/data-engineer-batch-processing-financial-services/.venv/lib/python3.10/site-packages/airflow/example_dags/example_sensor_decorator.py
[2024-08-29T20:33:38.236+0000] {processor.py:836} INFO - DAG(s) dict_keys(['example_sensor_decorator']) retrieved from /home/airflow-vm/data-engineer-batch-processing-financial-services/.venv/lib/python3.10/site-packages/airflow/example_dags/example_sensor_decorator.py
[2024-08-29T20:33:38.253+0000] {logging_mixin.py:149} INFO - [2024-08-29T20:33:38.252+0000] {dag.py:2726} INFO - Sync 1 DAGs
[2024-08-29T20:33:38.271+0000] {logging_mixin.py:149} INFO - [2024-08-29T20:33:38.270+0000] {dag.py:3486} INFO - Setting next_dagrun for example_sensor_decorator to None, run_after=None
[2024-08-29T20:33:38.300+0000] {processor.py:179} INFO - Processing /home/airflow-vm/data-engineer-batch-processing-financial-services/.venv/lib/python3.10/site-packages/airflow/example_dags/example_sensor_decorator.py took 0.073 seconds
[2024-08-29T20:36:15.605+0000] {processor.py:157} INFO - Started process (PID=69374) to work on /home/airflow-vm/data-engineer-batch-processing-financial-services/.venv/lib/python3.10/site-packages/airflow/example_dags/example_sensor_decorator.py
[2024-08-29T20:36:15.605+0000] {processor.py:826} INFO - Processing file /home/airflow-vm/data-engineer-batch-processing-financial-services/.venv/lib/python3.10/site-packages/airflow/example_dags/example_sensor_decorator.py for tasks to queue
[2024-08-29T20:36:15.606+0000] {logging_mixin.py:149} INFO - [2024-08-29T20:36:15.606+0000] {dagbag.py:541} INFO - Filling up the DagBag from /home/airflow-vm/data-engineer-batch-processing-financial-services/.venv/lib/python3.10/site-packages/airflow/example_dags/example_sensor_decorator.py
[2024-08-29T20:36:15.613+0000] {processor.py:836} INFO - DAG(s) dict_keys(['example_sensor_decorator']) retrieved from /home/airflow-vm/data-engineer-batch-processing-financial-services/.venv/lib/python3.10/site-packages/airflow/example_dags/example_sensor_decorator.py
[2024-08-29T20:36:15.629+0000] {logging_mixin.py:149} INFO - [2024-08-29T20:36:15.629+0000] {dag.py:2726} INFO - Sync 1 DAGs
[2024-08-29T20:36:15.649+0000] {logging_mixin.py:149} INFO - [2024-08-29T20:36:15.649+0000] {dag.py:3486} INFO - Setting next_dagrun for example_sensor_decorator to None, run_after=None
[2024-08-29T20:36:15.675+0000] {processor.py:179} INFO - Processing /home/airflow-vm/data-engineer-batch-processing-financial-services/.venv/lib/python3.10/site-packages/airflow/example_dags/example_sensor_decorator.py took 0.073 seconds
[2024-08-29T20:38:09.765+0000] {processor.py:157} INFO - Started process (PID=70794) to work on /home/airflow-vm/data-engineer-batch-processing-financial-services/.venv/lib/python3.10/site-packages/airflow/example_dags/example_sensor_decorator.py
[2024-08-29T20:38:09.766+0000] {processor.py:826} INFO - Processing file /home/airflow-vm/data-engineer-batch-processing-financial-services/.venv/lib/python3.10/site-packages/airflow/example_dags/example_sensor_decorator.py for tasks to queue
[2024-08-29T20:38:09.767+0000] {logging_mixin.py:149} INFO - [2024-08-29T20:38:09.766+0000] {dagbag.py:541} INFO - Filling up the DagBag from /home/airflow-vm/data-engineer-batch-processing-financial-services/.venv/lib/python3.10/site-packages/airflow/example_dags/example_sensor_decorator.py
[2024-08-29T20:38:09.772+0000] {processor.py:836} INFO - DAG(s) dict_keys(['example_sensor_decorator']) retrieved from /home/airflow-vm/data-engineer-batch-processing-financial-services/.venv/lib/python3.10/site-packages/airflow/example_dags/example_sensor_decorator.py
[2024-08-29T20:38:09.788+0000] {logging_mixin.py:149} INFO - [2024-08-29T20:38:09.788+0000] {dag.py:2726} INFO - Sync 1 DAGs
[2024-08-29T20:38:09.806+0000] {logging_mixin.py:149} INFO - [2024-08-29T20:38:09.806+0000] {dag.py:3486} INFO - Setting next_dagrun for example_sensor_decorator to None, run_after=None
[2024-08-29T20:38:09.833+0000] {processor.py:179} INFO - Processing /home/airflow-vm/data-engineer-batch-processing-financial-services/.venv/lib/python3.10/site-packages/airflow/example_dags/example_sensor_decorator.py took 0.070 seconds
