[2024-08-29T19:48:22.297+0000] {processor.py:157} INFO - Started process (PID=49246) to work on /home/airflow-vm/data-engineer-batch-processing-financial-services/.venv/lib/python3.10/site-packages/airflow/example_dags/example_branch_labels.py
[2024-08-29T19:48:22.298+0000] {processor.py:826} INFO - Processing file /home/airflow-vm/data-engineer-batch-processing-financial-services/.venv/lib/python3.10/site-packages/airflow/example_dags/example_branch_labels.py for tasks to queue
[2024-08-29T19:48:22.299+0000] {logging_mixin.py:149} INFO - [2024-08-29T19:48:22.298+0000] {dagbag.py:541} INFO - Filling up the DagBag from /home/airflow-vm/data-engineer-batch-processing-financial-services/.venv/lib/python3.10/site-packages/airflow/example_dags/example_branch_labels.py
[2024-08-29T19:48:22.305+0000] {processor.py:836} INFO - DAG(s) dict_keys(['example_branch_labels']) retrieved from /home/airflow-vm/data-engineer-batch-processing-financial-services/.venv/lib/python3.10/site-packages/airflow/example_dags/example_branch_labels.py
[2024-08-29T19:48:22.423+0000] {logging_mixin.py:149} INFO - [2024-08-29T19:48:22.422+0000] {manager.py:504} INFO - Created Permission View: can delete on DAG:example_branch_labels
[2024-08-29T19:48:22.441+0000] {logging_mixin.py:149} INFO - [2024-08-29T19:48:22.441+0000] {manager.py:504} INFO - Created Permission View: can edit on DAG:example_branch_labels
[2024-08-29T19:48:22.458+0000] {logging_mixin.py:149} INFO - [2024-08-29T19:48:22.458+0000] {manager.py:504} INFO - Created Permission View: can read on DAG:example_branch_labels
[2024-08-29T19:48:22.458+0000] {logging_mixin.py:149} INFO - [2024-08-29T19:48:22.458+0000] {dag.py:2726} INFO - Sync 1 DAGs
[2024-08-29T19:48:22.470+0000] {logging_mixin.py:149} INFO - [2024-08-29T19:48:22.470+0000] {dag.py:2747} INFO - Creating ORM DAG for example_branch_labels
[2024-08-29T19:48:22.480+0000] {logging_mixin.py:149} INFO - [2024-08-29T19:48:22.480+0000] {dag.py:3486} INFO - Setting next_dagrun for example_branch_labels to 2024-08-28T00:00:00+00:00, run_after=2024-08-29T00:00:00+00:00
[2024-08-29T19:48:22.509+0000] {processor.py:179} INFO - Processing /home/airflow-vm/data-engineer-batch-processing-financial-services/.venv/lib/python3.10/site-packages/airflow/example_dags/example_branch_labels.py took 0.214 seconds
[2024-08-29T19:49:16.736+0000] {processor.py:157} INFO - Started process (PID=49618) to work on /home/airflow-vm/data-engineer-batch-processing-financial-services/.venv/lib/python3.10/site-packages/airflow/example_dags/example_branch_labels.py
[2024-08-29T19:49:16.737+0000] {processor.py:826} INFO - Processing file /home/airflow-vm/data-engineer-batch-processing-financial-services/.venv/lib/python3.10/site-packages/airflow/example_dags/example_branch_labels.py for tasks to queue
[2024-08-29T19:49:16.737+0000] {logging_mixin.py:149} INFO - [2024-08-29T19:49:16.737+0000] {dagbag.py:541} INFO - Filling up the DagBag from /home/airflow-vm/data-engineer-batch-processing-financial-services/.venv/lib/python3.10/site-packages/airflow/example_dags/example_branch_labels.py
[2024-08-29T19:49:16.744+0000] {processor.py:836} INFO - DAG(s) dict_keys(['example_branch_labels']) retrieved from /home/airflow-vm/data-engineer-batch-processing-financial-services/.venv/lib/python3.10/site-packages/airflow/example_dags/example_branch_labels.py
[2024-08-29T19:49:16.762+0000] {logging_mixin.py:149} INFO - [2024-08-29T19:49:16.762+0000] {dag.py:2726} INFO - Sync 1 DAGs
[2024-08-29T19:49:16.782+0000] {logging_mixin.py:149} INFO - [2024-08-29T19:49:16.782+0000] {dag.py:3486} INFO - Setting next_dagrun for example_branch_labels to 2024-08-28T00:00:00+00:00, run_after=2024-08-29T00:00:00+00:00
[2024-08-29T19:49:16.811+0000] {processor.py:179} INFO - Processing /home/airflow-vm/data-engineer-batch-processing-financial-services/.venv/lib/python3.10/site-packages/airflow/example_dags/example_branch_labels.py took 0.077 seconds
[2024-08-29T19:50:05.042+0000] {processor.py:157} INFO - Started process (PID=49745) to work on /home/airflow-vm/data-engineer-batch-processing-financial-services/.venv/lib/python3.10/site-packages/airflow/example_dags/example_branch_labels.py
[2024-08-29T19:50:05.043+0000] {processor.py:826} INFO - Processing file /home/airflow-vm/data-engineer-batch-processing-financial-services/.venv/lib/python3.10/site-packages/airflow/example_dags/example_branch_labels.py for tasks to queue
[2024-08-29T19:50:05.044+0000] {logging_mixin.py:149} INFO - [2024-08-29T19:50:05.043+0000] {dagbag.py:541} INFO - Filling up the DagBag from /home/airflow-vm/data-engineer-batch-processing-financial-services/.venv/lib/python3.10/site-packages/airflow/example_dags/example_branch_labels.py
[2024-08-29T19:50:05.050+0000] {processor.py:836} INFO - DAG(s) dict_keys(['example_branch_labels']) retrieved from /home/airflow-vm/data-engineer-batch-processing-financial-services/.venv/lib/python3.10/site-packages/airflow/example_dags/example_branch_labels.py
[2024-08-29T19:50:05.069+0000] {logging_mixin.py:149} INFO - [2024-08-29T19:50:05.069+0000] {dag.py:2726} INFO - Sync 1 DAGs
[2024-08-29T19:50:05.089+0000] {logging_mixin.py:149} INFO - [2024-08-29T19:50:05.089+0000] {dag.py:3486} INFO - Setting next_dagrun for example_branch_labels to 2024-08-28T00:00:00+00:00, run_after=2024-08-29T00:00:00+00:00
[2024-08-29T19:50:05.116+0000] {processor.py:179} INFO - Processing /home/airflow-vm/data-engineer-batch-processing-financial-services/.venv/lib/python3.10/site-packages/airflow/example_dags/example_branch_labels.py took 0.076 seconds
[2024-08-29T19:50:53.022+0000] {processor.py:157} INFO - Started process (PID=50342) to work on /home/airflow-vm/data-engineer-batch-processing-financial-services/.venv/lib/python3.10/site-packages/airflow/example_dags/example_branch_labels.py
[2024-08-29T19:50:53.023+0000] {processor.py:826} INFO - Processing file /home/airflow-vm/data-engineer-batch-processing-financial-services/.venv/lib/python3.10/site-packages/airflow/example_dags/example_branch_labels.py for tasks to queue
[2024-08-29T19:50:53.023+0000] {logging_mixin.py:149} INFO - [2024-08-29T19:50:53.023+0000] {dagbag.py:541} INFO - Filling up the DagBag from /home/airflow-vm/data-engineer-batch-processing-financial-services/.venv/lib/python3.10/site-packages/airflow/example_dags/example_branch_labels.py
[2024-08-29T19:50:53.030+0000] {processor.py:836} INFO - DAG(s) dict_keys(['example_branch_labels']) retrieved from /home/airflow-vm/data-engineer-batch-processing-financial-services/.venv/lib/python3.10/site-packages/airflow/example_dags/example_branch_labels.py
[2024-08-29T19:50:53.049+0000] {logging_mixin.py:149} INFO - [2024-08-29T19:50:53.048+0000] {dag.py:2726} INFO - Sync 1 DAGs
[2024-08-29T19:50:53.069+0000] {logging_mixin.py:149} INFO - [2024-08-29T19:50:53.068+0000] {dag.py:3486} INFO - Setting next_dagrun for example_branch_labels to 2024-08-28T00:00:00+00:00, run_after=2024-08-29T00:00:00+00:00
[2024-08-29T19:50:53.097+0000] {processor.py:179} INFO - Processing /home/airflow-vm/data-engineer-batch-processing-financial-services/.venv/lib/python3.10/site-packages/airflow/example_dags/example_branch_labels.py took 0.077 seconds
[2024-08-29T19:51:41.074+0000] {processor.py:157} INFO - Started process (PID=50774) to work on /home/airflow-vm/data-engineer-batch-processing-financial-services/.venv/lib/python3.10/site-packages/airflow/example_dags/example_branch_labels.py
[2024-08-29T19:51:41.075+0000] {processor.py:826} INFO - Processing file /home/airflow-vm/data-engineer-batch-processing-financial-services/.venv/lib/python3.10/site-packages/airflow/example_dags/example_branch_labels.py for tasks to queue
[2024-08-29T19:51:41.076+0000] {logging_mixin.py:149} INFO - [2024-08-29T19:51:41.075+0000] {dagbag.py:541} INFO - Filling up the DagBag from /home/airflow-vm/data-engineer-batch-processing-financial-services/.venv/lib/python3.10/site-packages/airflow/example_dags/example_branch_labels.py
[2024-08-29T19:51:41.083+0000] {processor.py:836} INFO - DAG(s) dict_keys(['example_branch_labels']) retrieved from /home/airflow-vm/data-engineer-batch-processing-financial-services/.venv/lib/python3.10/site-packages/airflow/example_dags/example_branch_labels.py
[2024-08-29T19:51:41.103+0000] {logging_mixin.py:149} INFO - [2024-08-29T19:51:41.102+0000] {dag.py:2726} INFO - Sync 1 DAGs
[2024-08-29T19:51:41.124+0000] {logging_mixin.py:149} INFO - [2024-08-29T19:51:41.124+0000] {dag.py:3486} INFO - Setting next_dagrun for example_branch_labels to 2024-08-28T00:00:00+00:00, run_after=2024-08-29T00:00:00+00:00
[2024-08-29T19:51:41.154+0000] {processor.py:179} INFO - Processing /home/airflow-vm/data-engineer-batch-processing-financial-services/.venv/lib/python3.10/site-packages/airflow/example_dags/example_branch_labels.py took 0.083 seconds
[2024-08-29T19:52:28.698+0000] {processor.py:157} INFO - Started process (PID=50925) to work on /home/airflow-vm/data-engineer-batch-processing-financial-services/.venv/lib/python3.10/site-packages/airflow/example_dags/example_branch_labels.py
[2024-08-29T19:52:28.699+0000] {processor.py:826} INFO - Processing file /home/airflow-vm/data-engineer-batch-processing-financial-services/.venv/lib/python3.10/site-packages/airflow/example_dags/example_branch_labels.py for tasks to queue
[2024-08-29T19:52:28.699+0000] {logging_mixin.py:149} INFO - [2024-08-29T19:52:28.699+0000] {dagbag.py:541} INFO - Filling up the DagBag from /home/airflow-vm/data-engineer-batch-processing-financial-services/.venv/lib/python3.10/site-packages/airflow/example_dags/example_branch_labels.py
[2024-08-29T19:52:28.706+0000] {processor.py:836} INFO - DAG(s) dict_keys(['example_branch_labels']) retrieved from /home/airflow-vm/data-engineer-batch-processing-financial-services/.venv/lib/python3.10/site-packages/airflow/example_dags/example_branch_labels.py
[2024-08-29T19:52:28.725+0000] {logging_mixin.py:149} INFO - [2024-08-29T19:52:28.725+0000] {dag.py:2726} INFO - Sync 1 DAGs
[2024-08-29T19:52:28.746+0000] {logging_mixin.py:149} INFO - [2024-08-29T19:52:28.746+0000] {dag.py:3486} INFO - Setting next_dagrun for example_branch_labels to 2024-08-28T00:00:00+00:00, run_after=2024-08-29T00:00:00+00:00
[2024-08-29T19:52:28.774+0000] {processor.py:179} INFO - Processing /home/airflow-vm/data-engineer-batch-processing-financial-services/.venv/lib/python3.10/site-packages/airflow/example_dags/example_branch_labels.py took 0.079 seconds
[2024-08-29T19:53:14.657+0000] {processor.py:157} INFO - Started process (PID=51036) to work on /home/airflow-vm/data-engineer-batch-processing-financial-services/.venv/lib/python3.10/site-packages/airflow/example_dags/example_branch_labels.py
[2024-08-29T19:53:14.658+0000] {processor.py:826} INFO - Processing file /home/airflow-vm/data-engineer-batch-processing-financial-services/.venv/lib/python3.10/site-packages/airflow/example_dags/example_branch_labels.py for tasks to queue
[2024-08-29T19:53:14.659+0000] {logging_mixin.py:149} INFO - [2024-08-29T19:53:14.659+0000] {dagbag.py:541} INFO - Filling up the DagBag from /home/airflow-vm/data-engineer-batch-processing-financial-services/.venv/lib/python3.10/site-packages/airflow/example_dags/example_branch_labels.py
[2024-08-29T19:53:14.666+0000] {processor.py:836} INFO - DAG(s) dict_keys(['example_branch_labels']) retrieved from /home/airflow-vm/data-engineer-batch-processing-financial-services/.venv/lib/python3.10/site-packages/airflow/example_dags/example_branch_labels.py
[2024-08-29T19:53:14.684+0000] {logging_mixin.py:149} INFO - [2024-08-29T19:53:14.683+0000] {dag.py:2726} INFO - Sync 1 DAGs
[2024-08-29T19:53:14.704+0000] {logging_mixin.py:149} INFO - [2024-08-29T19:53:14.704+0000] {dag.py:3486} INFO - Setting next_dagrun for example_branch_labels to 2024-08-28T00:00:00+00:00, run_after=2024-08-29T00:00:00+00:00
[2024-08-29T19:53:14.732+0000] {processor.py:179} INFO - Processing /home/airflow-vm/data-engineer-batch-processing-financial-services/.venv/lib/python3.10/site-packages/airflow/example_dags/example_branch_labels.py took 0.077 seconds
[2024-08-29T19:53:58.973+0000] {processor.py:157} INFO - Started process (PID=51179) to work on /home/airflow-vm/data-engineer-batch-processing-financial-services/.venv/lib/python3.10/site-packages/airflow/example_dags/example_branch_labels.py
[2024-08-29T19:53:58.974+0000] {processor.py:826} INFO - Processing file /home/airflow-vm/data-engineer-batch-processing-financial-services/.venv/lib/python3.10/site-packages/airflow/example_dags/example_branch_labels.py for tasks to queue
[2024-08-29T19:53:58.974+0000] {logging_mixin.py:149} INFO - [2024-08-29T19:53:58.974+0000] {dagbag.py:541} INFO - Filling up the DagBag from /home/airflow-vm/data-engineer-batch-processing-financial-services/.venv/lib/python3.10/site-packages/airflow/example_dags/example_branch_labels.py
[2024-08-29T19:53:58.981+0000] {processor.py:836} INFO - DAG(s) dict_keys(['example_branch_labels']) retrieved from /home/airflow-vm/data-engineer-batch-processing-financial-services/.venv/lib/python3.10/site-packages/airflow/example_dags/example_branch_labels.py
[2024-08-29T19:53:59.000+0000] {logging_mixin.py:149} INFO - [2024-08-29T19:53:59.000+0000] {dag.py:2726} INFO - Sync 1 DAGs
[2024-08-29T19:53:59.020+0000] {logging_mixin.py:149} INFO - [2024-08-29T19:53:59.020+0000] {dag.py:3486} INFO - Setting next_dagrun for example_branch_labels to 2024-08-28T00:00:00+00:00, run_after=2024-08-29T00:00:00+00:00
[2024-08-29T19:53:59.049+0000] {processor.py:179} INFO - Processing /home/airflow-vm/data-engineer-batch-processing-financial-services/.venv/lib/python3.10/site-packages/airflow/example_dags/example_branch_labels.py took 0.079 seconds
[2024-08-29T19:54:47.498+0000] {processor.py:157} INFO - Started process (PID=51397) to work on /home/airflow-vm/data-engineer-batch-processing-financial-services/.venv/lib/python3.10/site-packages/airflow/example_dags/example_branch_labels.py
[2024-08-29T19:54:47.498+0000] {processor.py:826} INFO - Processing file /home/airflow-vm/data-engineer-batch-processing-financial-services/.venv/lib/python3.10/site-packages/airflow/example_dags/example_branch_labels.py for tasks to queue
[2024-08-29T19:54:47.499+0000] {logging_mixin.py:149} INFO - [2024-08-29T19:54:47.499+0000] {dagbag.py:541} INFO - Filling up the DagBag from /home/airflow-vm/data-engineer-batch-processing-financial-services/.venv/lib/python3.10/site-packages/airflow/example_dags/example_branch_labels.py
[2024-08-29T19:54:47.506+0000] {processor.py:836} INFO - DAG(s) dict_keys(['example_branch_labels']) retrieved from /home/airflow-vm/data-engineer-batch-processing-financial-services/.venv/lib/python3.10/site-packages/airflow/example_dags/example_branch_labels.py
[2024-08-29T19:54:47.524+0000] {logging_mixin.py:149} INFO - [2024-08-29T19:54:47.524+0000] {dag.py:2726} INFO - Sync 1 DAGs
[2024-08-29T19:54:47.548+0000] {logging_mixin.py:149} INFO - [2024-08-29T19:54:47.547+0000] {dag.py:3486} INFO - Setting next_dagrun for example_branch_labels to 2024-08-28T00:00:00+00:00, run_after=2024-08-29T00:00:00+00:00
[2024-08-29T19:54:47.577+0000] {processor.py:179} INFO - Processing /home/airflow-vm/data-engineer-batch-processing-financial-services/.venv/lib/python3.10/site-packages/airflow/example_dags/example_branch_labels.py took 0.082 seconds
[2024-08-29T19:55:34.825+0000] {processor.py:157} INFO - Started process (PID=51751) to work on /home/airflow-vm/data-engineer-batch-processing-financial-services/.venv/lib/python3.10/site-packages/airflow/example_dags/example_branch_labels.py
[2024-08-29T19:55:34.827+0000] {processor.py:826} INFO - Processing file /home/airflow-vm/data-engineer-batch-processing-financial-services/.venv/lib/python3.10/site-packages/airflow/example_dags/example_branch_labels.py for tasks to queue
[2024-08-29T19:55:34.827+0000] {logging_mixin.py:149} INFO - [2024-08-29T19:55:34.827+0000] {dagbag.py:541} INFO - Filling up the DagBag from /home/airflow-vm/data-engineer-batch-processing-financial-services/.venv/lib/python3.10/site-packages/airflow/example_dags/example_branch_labels.py
[2024-08-29T19:55:34.834+0000] {processor.py:836} INFO - DAG(s) dict_keys(['example_branch_labels']) retrieved from /home/airflow-vm/data-engineer-batch-processing-financial-services/.venv/lib/python3.10/site-packages/airflow/example_dags/example_branch_labels.py
[2024-08-29T19:55:34.854+0000] {logging_mixin.py:149} INFO - [2024-08-29T19:55:34.854+0000] {dag.py:2726} INFO - Sync 1 DAGs
[2024-08-29T19:55:34.876+0000] {logging_mixin.py:149} INFO - [2024-08-29T19:55:34.876+0000] {dag.py:3486} INFO - Setting next_dagrun for example_branch_labels to 2024-08-28T00:00:00+00:00, run_after=2024-08-29T00:00:00+00:00
[2024-08-29T19:55:34.908+0000] {processor.py:179} INFO - Processing /home/airflow-vm/data-engineer-batch-processing-financial-services/.venv/lib/python3.10/site-packages/airflow/example_dags/example_branch_labels.py took 0.085 seconds
[2024-08-29T20:12:11.747+0000] {processor.py:157} INFO - Started process (PID=56529) to work on /home/airflow-vm/data-engineer-batch-processing-financial-services/.venv/lib/python3.10/site-packages/airflow/example_dags/example_branch_labels.py
[2024-08-29T20:12:11.748+0000] {processor.py:826} INFO - Processing file /home/airflow-vm/data-engineer-batch-processing-financial-services/.venv/lib/python3.10/site-packages/airflow/example_dags/example_branch_labels.py for tasks to queue
[2024-08-29T20:12:11.749+0000] {logging_mixin.py:149} INFO - [2024-08-29T20:12:11.749+0000] {dagbag.py:541} INFO - Filling up the DagBag from /home/airflow-vm/data-engineer-batch-processing-financial-services/.venv/lib/python3.10/site-packages/airflow/example_dags/example_branch_labels.py
[2024-08-29T20:12:11.755+0000] {processor.py:836} INFO - DAG(s) dict_keys(['example_branch_labels']) retrieved from /home/airflow-vm/data-engineer-batch-processing-financial-services/.venv/lib/python3.10/site-packages/airflow/example_dags/example_branch_labels.py
[2024-08-29T20:12:11.774+0000] {logging_mixin.py:149} INFO - [2024-08-29T20:12:11.774+0000] {dag.py:2726} INFO - Sync 1 DAGs
[2024-08-29T20:12:11.795+0000] {logging_mixin.py:149} INFO - [2024-08-29T20:12:11.795+0000] {dag.py:3486} INFO - Setting next_dagrun for example_branch_labels to 2024-08-28T00:00:00+00:00, run_after=2024-08-29T00:00:00+00:00
[2024-08-29T20:12:11.822+0000] {processor.py:179} INFO - Processing /home/airflow-vm/data-engineer-batch-processing-financial-services/.venv/lib/python3.10/site-packages/airflow/example_dags/example_branch_labels.py took 0.077 seconds
[2024-08-29T20:12:56.965+0000] {processor.py:157} INFO - Started process (PID=56866) to work on /home/airflow-vm/data-engineer-batch-processing-financial-services/.venv/lib/python3.10/site-packages/airflow/example_dags/example_branch_labels.py
[2024-08-29T20:12:56.966+0000] {processor.py:826} INFO - Processing file /home/airflow-vm/data-engineer-batch-processing-financial-services/.venv/lib/python3.10/site-packages/airflow/example_dags/example_branch_labels.py for tasks to queue
[2024-08-29T20:12:56.967+0000] {logging_mixin.py:149} INFO - [2024-08-29T20:12:56.967+0000] {dagbag.py:541} INFO - Filling up the DagBag from /home/airflow-vm/data-engineer-batch-processing-financial-services/.venv/lib/python3.10/site-packages/airflow/example_dags/example_branch_labels.py
[2024-08-29T20:12:56.974+0000] {processor.py:836} INFO - DAG(s) dict_keys(['example_branch_labels']) retrieved from /home/airflow-vm/data-engineer-batch-processing-financial-services/.venv/lib/python3.10/site-packages/airflow/example_dags/example_branch_labels.py
[2024-08-29T20:12:56.992+0000] {logging_mixin.py:149} INFO - [2024-08-29T20:12:56.992+0000] {dag.py:2726} INFO - Sync 1 DAGs
[2024-08-29T20:12:57.012+0000] {logging_mixin.py:149} INFO - [2024-08-29T20:12:57.012+0000] {dag.py:3486} INFO - Setting next_dagrun for example_branch_labels to 2024-08-28T00:00:00+00:00, run_after=2024-08-29T00:00:00+00:00
[2024-08-29T20:12:57.040+0000] {processor.py:179} INFO - Processing /home/airflow-vm/data-engineer-batch-processing-financial-services/.venv/lib/python3.10/site-packages/airflow/example_dags/example_branch_labels.py took 0.078 seconds
[2024-08-29T20:15:38.203+0000] {processor.py:157} INFO - Started process (PID=57807) to work on /home/airflow-vm/data-engineer-batch-processing-financial-services/.venv/lib/python3.10/site-packages/airflow/example_dags/example_branch_labels.py
[2024-08-29T20:15:38.204+0000] {processor.py:826} INFO - Processing file /home/airflow-vm/data-engineer-batch-processing-financial-services/.venv/lib/python3.10/site-packages/airflow/example_dags/example_branch_labels.py for tasks to queue
[2024-08-29T20:15:38.204+0000] {logging_mixin.py:149} INFO - [2024-08-29T20:15:38.204+0000] {dagbag.py:541} INFO - Filling up the DagBag from /home/airflow-vm/data-engineer-batch-processing-financial-services/.venv/lib/python3.10/site-packages/airflow/example_dags/example_branch_labels.py
[2024-08-29T20:15:38.211+0000] {processor.py:836} INFO - DAG(s) dict_keys(['example_branch_labels']) retrieved from /home/airflow-vm/data-engineer-batch-processing-financial-services/.venv/lib/python3.10/site-packages/airflow/example_dags/example_branch_labels.py
[2024-08-29T20:15:38.230+0000] {logging_mixin.py:149} INFO - [2024-08-29T20:15:38.230+0000] {dag.py:2726} INFO - Sync 1 DAGs
[2024-08-29T20:15:38.251+0000] {logging_mixin.py:149} INFO - [2024-08-29T20:15:38.250+0000] {dag.py:3486} INFO - Setting next_dagrun for example_branch_labels to 2024-08-28T00:00:00+00:00, run_after=2024-08-29T00:00:00+00:00
[2024-08-29T20:15:38.278+0000] {processor.py:179} INFO - Processing /home/airflow-vm/data-engineer-batch-processing-financial-services/.venv/lib/python3.10/site-packages/airflow/example_dags/example_branch_labels.py took 0.077 seconds
[2024-08-29T20:16:27.745+0000] {processor.py:157} INFO - Started process (PID=58215) to work on /home/airflow-vm/data-engineer-batch-processing-financial-services/.venv/lib/python3.10/site-packages/airflow/example_dags/example_branch_labels.py
[2024-08-29T20:16:27.745+0000] {processor.py:826} INFO - Processing file /home/airflow-vm/data-engineer-batch-processing-financial-services/.venv/lib/python3.10/site-packages/airflow/example_dags/example_branch_labels.py for tasks to queue
[2024-08-29T20:16:27.746+0000] {logging_mixin.py:149} INFO - [2024-08-29T20:16:27.746+0000] {dagbag.py:541} INFO - Filling up the DagBag from /home/airflow-vm/data-engineer-batch-processing-financial-services/.venv/lib/python3.10/site-packages/airflow/example_dags/example_branch_labels.py
[2024-08-29T20:16:27.753+0000] {processor.py:836} INFO - DAG(s) dict_keys(['example_branch_labels']) retrieved from /home/airflow-vm/data-engineer-batch-processing-financial-services/.venv/lib/python3.10/site-packages/airflow/example_dags/example_branch_labels.py
[2024-08-29T20:16:27.772+0000] {logging_mixin.py:149} INFO - [2024-08-29T20:16:27.772+0000] {dag.py:2726} INFO - Sync 1 DAGs
[2024-08-29T20:16:27.792+0000] {logging_mixin.py:149} INFO - [2024-08-29T20:16:27.792+0000] {dag.py:3486} INFO - Setting next_dagrun for example_branch_labels to 2024-08-28T00:00:00+00:00, run_after=2024-08-29T00:00:00+00:00
[2024-08-29T20:16:27.818+0000] {processor.py:179} INFO - Processing /home/airflow-vm/data-engineer-batch-processing-financial-services/.venv/lib/python3.10/site-packages/airflow/example_dags/example_branch_labels.py took 0.076 seconds
[2024-08-29T20:25:13.115+0000] {processor.py:157} INFO - Started process (PID=61881) to work on /home/airflow-vm/data-engineer-batch-processing-financial-services/.venv/lib/python3.10/site-packages/airflow/example_dags/example_branch_labels.py
[2024-08-29T20:25:13.116+0000] {processor.py:826} INFO - Processing file /home/airflow-vm/data-engineer-batch-processing-financial-services/.venv/lib/python3.10/site-packages/airflow/example_dags/example_branch_labels.py for tasks to queue
[2024-08-29T20:25:13.116+0000] {logging_mixin.py:149} INFO - [2024-08-29T20:25:13.116+0000] {dagbag.py:541} INFO - Filling up the DagBag from /home/airflow-vm/data-engineer-batch-processing-financial-services/.venv/lib/python3.10/site-packages/airflow/example_dags/example_branch_labels.py
[2024-08-29T20:25:13.123+0000] {processor.py:836} INFO - DAG(s) dict_keys(['example_branch_labels']) retrieved from /home/airflow-vm/data-engineer-batch-processing-financial-services/.venv/lib/python3.10/site-packages/airflow/example_dags/example_branch_labels.py
[2024-08-29T20:25:13.140+0000] {logging_mixin.py:149} INFO - [2024-08-29T20:25:13.140+0000] {dag.py:2726} INFO - Sync 1 DAGs
[2024-08-29T20:25:13.161+0000] {logging_mixin.py:149} INFO - [2024-08-29T20:25:13.161+0000] {dag.py:3486} INFO - Setting next_dagrun for example_branch_labels to 2024-08-28T00:00:00+00:00, run_after=2024-08-29T00:00:00+00:00
[2024-08-29T20:25:13.187+0000] {processor.py:179} INFO - Processing /home/airflow-vm/data-engineer-batch-processing-financial-services/.venv/lib/python3.10/site-packages/airflow/example_dags/example_branch_labels.py took 0.074 seconds
[2024-08-29T20:27:07.259+0000] {processor.py:157} INFO - Started process (PID=63324) to work on /home/airflow-vm/data-engineer-batch-processing-financial-services/.venv/lib/python3.10/site-packages/airflow/example_dags/example_branch_labels.py
[2024-08-29T20:27:07.259+0000] {processor.py:826} INFO - Processing file /home/airflow-vm/data-engineer-batch-processing-financial-services/.venv/lib/python3.10/site-packages/airflow/example_dags/example_branch_labels.py for tasks to queue
[2024-08-29T20:27:07.260+0000] {logging_mixin.py:149} INFO - [2024-08-29T20:27:07.260+0000] {dagbag.py:541} INFO - Filling up the DagBag from /home/airflow-vm/data-engineer-batch-processing-financial-services/.venv/lib/python3.10/site-packages/airflow/example_dags/example_branch_labels.py
[2024-08-29T20:27:07.267+0000] {processor.py:836} INFO - DAG(s) dict_keys(['example_branch_labels']) retrieved from /home/airflow-vm/data-engineer-batch-processing-financial-services/.venv/lib/python3.10/site-packages/airflow/example_dags/example_branch_labels.py
[2024-08-29T20:27:07.285+0000] {logging_mixin.py:149} INFO - [2024-08-29T20:27:07.285+0000] {dag.py:2726} INFO - Sync 1 DAGs
[2024-08-29T20:27:07.304+0000] {logging_mixin.py:149} INFO - [2024-08-29T20:27:07.304+0000] {dag.py:3486} INFO - Setting next_dagrun for example_branch_labels to 2024-08-28T00:00:00+00:00, run_after=2024-08-29T00:00:00+00:00
[2024-08-29T20:27:07.334+0000] {processor.py:179} INFO - Processing /home/airflow-vm/data-engineer-batch-processing-financial-services/.venv/lib/python3.10/site-packages/airflow/example_dags/example_branch_labels.py took 0.078 seconds
[2024-08-29T20:27:50.461+0000] {processor.py:157} INFO - Started process (PID=63544) to work on /home/airflow-vm/data-engineer-batch-processing-financial-services/.venv/lib/python3.10/site-packages/airflow/example_dags/example_branch_labels.py
[2024-08-29T20:27:50.461+0000] {processor.py:826} INFO - Processing file /home/airflow-vm/data-engineer-batch-processing-financial-services/.venv/lib/python3.10/site-packages/airflow/example_dags/example_branch_labels.py for tasks to queue
[2024-08-29T20:27:50.462+0000] {logging_mixin.py:149} INFO - [2024-08-29T20:27:50.462+0000] {dagbag.py:541} INFO - Filling up the DagBag from /home/airflow-vm/data-engineer-batch-processing-financial-services/.venv/lib/python3.10/site-packages/airflow/example_dags/example_branch_labels.py
[2024-08-29T20:27:50.469+0000] {processor.py:836} INFO - DAG(s) dict_keys(['example_branch_labels']) retrieved from /home/airflow-vm/data-engineer-batch-processing-financial-services/.venv/lib/python3.10/site-packages/airflow/example_dags/example_branch_labels.py
[2024-08-29T20:27:50.486+0000] {logging_mixin.py:149} INFO - [2024-08-29T20:27:50.486+0000] {dag.py:2726} INFO - Sync 1 DAGs
[2024-08-29T20:27:50.506+0000] {logging_mixin.py:149} INFO - [2024-08-29T20:27:50.506+0000] {dag.py:3486} INFO - Setting next_dagrun for example_branch_labels to 2024-08-28T00:00:00+00:00, run_after=2024-08-29T00:00:00+00:00
[2024-08-29T20:27:50.532+0000] {processor.py:179} INFO - Processing /home/airflow-vm/data-engineer-batch-processing-financial-services/.venv/lib/python3.10/site-packages/airflow/example_dags/example_branch_labels.py took 0.074 seconds
[2024-08-29T20:29:12.146+0000] {processor.py:157} INFO - Started process (PID=64230) to work on /home/airflow-vm/data-engineer-batch-processing-financial-services/.venv/lib/python3.10/site-packages/airflow/example_dags/example_branch_labels.py
[2024-08-29T20:29:12.147+0000] {processor.py:826} INFO - Processing file /home/airflow-vm/data-engineer-batch-processing-financial-services/.venv/lib/python3.10/site-packages/airflow/example_dags/example_branch_labels.py for tasks to queue
[2024-08-29T20:29:12.147+0000] {logging_mixin.py:149} INFO - [2024-08-29T20:29:12.147+0000] {dagbag.py:541} INFO - Filling up the DagBag from /home/airflow-vm/data-engineer-batch-processing-financial-services/.venv/lib/python3.10/site-packages/airflow/example_dags/example_branch_labels.py
[2024-08-29T20:29:12.154+0000] {processor.py:836} INFO - DAG(s) dict_keys(['example_branch_labels']) retrieved from /home/airflow-vm/data-engineer-batch-processing-financial-services/.venv/lib/python3.10/site-packages/airflow/example_dags/example_branch_labels.py
[2024-08-29T20:29:12.172+0000] {logging_mixin.py:149} INFO - [2024-08-29T20:29:12.172+0000] {dag.py:2726} INFO - Sync 1 DAGs
[2024-08-29T20:29:12.191+0000] {logging_mixin.py:149} INFO - [2024-08-29T20:29:12.191+0000] {dag.py:3486} INFO - Setting next_dagrun for example_branch_labels to 2024-08-28T00:00:00+00:00, run_after=2024-08-29T00:00:00+00:00
[2024-08-29T20:29:12.220+0000] {processor.py:179} INFO - Processing /home/airflow-vm/data-engineer-batch-processing-financial-services/.venv/lib/python3.10/site-packages/airflow/example_dags/example_branch_labels.py took 0.076 seconds
[2024-08-29T20:32:11.152+0000] {processor.py:157} INFO - Started process (PID=66288) to work on /home/airflow-vm/data-engineer-batch-processing-financial-services/.venv/lib/python3.10/site-packages/airflow/example_dags/example_branch_labels.py
[2024-08-29T20:32:11.153+0000] {processor.py:826} INFO - Processing file /home/airflow-vm/data-engineer-batch-processing-financial-services/.venv/lib/python3.10/site-packages/airflow/example_dags/example_branch_labels.py for tasks to queue
[2024-08-29T20:32:11.153+0000] {logging_mixin.py:149} INFO - [2024-08-29T20:32:11.153+0000] {dagbag.py:541} INFO - Filling up the DagBag from /home/airflow-vm/data-engineer-batch-processing-financial-services/.venv/lib/python3.10/site-packages/airflow/example_dags/example_branch_labels.py
[2024-08-29T20:32:11.160+0000] {processor.py:836} INFO - DAG(s) dict_keys(['example_branch_labels']) retrieved from /home/airflow-vm/data-engineer-batch-processing-financial-services/.venv/lib/python3.10/site-packages/airflow/example_dags/example_branch_labels.py
[2024-08-29T20:32:11.178+0000] {logging_mixin.py:149} INFO - [2024-08-29T20:32:11.177+0000] {dag.py:2726} INFO - Sync 1 DAGs
[2024-08-29T20:32:11.198+0000] {logging_mixin.py:149} INFO - [2024-08-29T20:32:11.198+0000] {dag.py:3486} INFO - Setting next_dagrun for example_branch_labels to 2024-08-28T00:00:00+00:00, run_after=2024-08-29T00:00:00+00:00
[2024-08-29T20:32:11.225+0000] {processor.py:179} INFO - Processing /home/airflow-vm/data-engineer-batch-processing-financial-services/.venv/lib/python3.10/site-packages/airflow/example_dags/example_branch_labels.py took 0.075 seconds
[2024-08-29T20:36:39.978+0000] {processor.py:157} INFO - Started process (PID=69687) to work on /home/airflow-vm/data-engineer-batch-processing-financial-services/.venv/lib/python3.10/site-packages/airflow/example_dags/example_branch_labels.py
[2024-08-29T20:36:39.979+0000] {processor.py:826} INFO - Processing file /home/airflow-vm/data-engineer-batch-processing-financial-services/.venv/lib/python3.10/site-packages/airflow/example_dags/example_branch_labels.py for tasks to queue
[2024-08-29T20:36:39.979+0000] {logging_mixin.py:149} INFO - [2024-08-29T20:36:39.979+0000] {dagbag.py:541} INFO - Filling up the DagBag from /home/airflow-vm/data-engineer-batch-processing-financial-services/.venv/lib/python3.10/site-packages/airflow/example_dags/example_branch_labels.py
[2024-08-29T20:36:39.986+0000] {processor.py:836} INFO - DAG(s) dict_keys(['example_branch_labels']) retrieved from /home/airflow-vm/data-engineer-batch-processing-financial-services/.venv/lib/python3.10/site-packages/airflow/example_dags/example_branch_labels.py
[2024-08-29T20:36:40.005+0000] {logging_mixin.py:149} INFO - [2024-08-29T20:36:40.005+0000] {dag.py:2726} INFO - Sync 1 DAGs
[2024-08-29T20:36:40.026+0000] {logging_mixin.py:149} INFO - [2024-08-29T20:36:40.026+0000] {dag.py:3486} INFO - Setting next_dagrun for example_branch_labels to 2024-08-28T00:00:00+00:00, run_after=2024-08-29T00:00:00+00:00
[2024-08-29T20:36:40.052+0000] {processor.py:179} INFO - Processing /home/airflow-vm/data-engineer-batch-processing-financial-services/.venv/lib/python3.10/site-packages/airflow/example_dags/example_branch_labels.py took 0.077 seconds
