[2024-08-29T19:48:14.241+0000] {processor.py:157} INFO - Started process (PID=49201) to work on /home/airflow-vm/data-engineer-batch-processing-financial-services/.venv/lib/python3.10/site-packages/airflow/example_dags/example_subdag_operator.py
[2024-08-29T19:48:14.242+0000] {processor.py:826} INFO - Processing file /home/airflow-vm/data-engineer-batch-processing-financial-services/.venv/lib/python3.10/site-packages/airflow/example_dags/example_subdag_operator.py for tasks to queue
[2024-08-29T19:48:14.242+0000] {logging_mixin.py:149} INFO - [2024-08-29T19:48:14.242+0000] {dagbag.py:541} INFO - Filling up the DagBag from /home/airflow-vm/data-engineer-batch-processing-financial-services/.venv/lib/python3.10/site-packages/airflow/example_dags/example_subdag_operator.py
[2024-08-29T19:48:14.260+0000] {processor.py:836} INFO - DAG(s) dict_keys(['example_subdag_operator.section-1', 'example_subdag_operator.section-2', 'example_subdag_operator']) retrieved from /home/airflow-vm/data-engineer-batch-processing-financial-services/.venv/lib/python3.10/site-packages/airflow/example_dags/example_subdag_operator.py
[2024-08-29T19:48:14.375+0000] {logging_mixin.py:149} INFO - [2024-08-29T19:48:14.375+0000] {manager.py:504} INFO - Created Permission View: can delete on DAG:example_subdag_operator
[2024-08-29T19:48:14.393+0000] {logging_mixin.py:149} INFO - [2024-08-29T19:48:14.393+0000] {manager.py:504} INFO - Created Permission View: can edit on DAG:example_subdag_operator
[2024-08-29T19:48:14.410+0000] {logging_mixin.py:149} INFO - [2024-08-29T19:48:14.409+0000] {manager.py:504} INFO - Created Permission View: can read on DAG:example_subdag_operator
[2024-08-29T19:48:14.410+0000] {logging_mixin.py:149} INFO - [2024-08-29T19:48:14.410+0000] {dag.py:2726} INFO - Sync 3 DAGs
[2024-08-29T19:48:14.422+0000] {logging_mixin.py:149} INFO - [2024-08-29T19:48:14.422+0000] {dag.py:2747} INFO - Creating ORM DAG for example_subdag_operator.section-1
[2024-08-29T19:48:14.422+0000] {logging_mixin.py:149} INFO - [2024-08-29T19:48:14.422+0000] {dag.py:2747} INFO - Creating ORM DAG for example_subdag_operator
[2024-08-29T19:48:14.423+0000] {logging_mixin.py:149} INFO - [2024-08-29T19:48:14.423+0000] {dag.py:2747} INFO - Creating ORM DAG for example_subdag_operator.section-2
[2024-08-29T19:48:14.431+0000] {logging_mixin.py:149} INFO - [2024-08-29T19:48:14.431+0000] {dag.py:3486} INFO - Setting next_dagrun for example_subdag_operator to 2022-01-01T00:00:00+00:00, run_after=2022-01-01T00:00:00+00:00
[2024-08-29T19:48:14.432+0000] {logging_mixin.py:149} INFO - [2024-08-29T19:48:14.432+0000] {dag.py:3486} INFO - Setting next_dagrun for example_subdag_operator.section-1 to None, run_after=None
[2024-08-29T19:48:14.432+0000] {logging_mixin.py:149} INFO - [2024-08-29T19:48:14.432+0000] {dag.py:3486} INFO - Setting next_dagrun for example_subdag_operator.section-2 to None, run_after=None
[2024-08-29T19:48:14.438+0000] {logging_mixin.py:149} INFO - [2024-08-29T19:48:14.438+0000] {dag.py:2726} INFO - Sync 2 DAGs
[2024-08-29T19:48:14.443+0000] {logging_mixin.py:149} INFO - [2024-08-29T19:48:14.443+0000] {dag.py:3486} INFO - Setting next_dagrun for example_subdag_operator.section-1 to None, run_after=None
[2024-08-29T19:48:14.445+0000] {logging_mixin.py:149} INFO - [2024-08-29T19:48:14.445+0000] {dag.py:3486} INFO - Setting next_dagrun for example_subdag_operator.section-2 to None, run_after=None
[2024-08-29T19:48:14.471+0000] {processor.py:179} INFO - Processing /home/airflow-vm/data-engineer-batch-processing-financial-services/.venv/lib/python3.10/site-packages/airflow/example_dags/example_subdag_operator.py took 0.232 seconds
[2024-08-29T19:49:01.829+0000] {processor.py:157} INFO - Started process (PID=49541) to work on /home/airflow-vm/data-engineer-batch-processing-financial-services/.venv/lib/python3.10/site-packages/airflow/example_dags/example_subdag_operator.py
[2024-08-29T19:49:01.830+0000] {processor.py:826} INFO - Processing file /home/airflow-vm/data-engineer-batch-processing-financial-services/.venv/lib/python3.10/site-packages/airflow/example_dags/example_subdag_operator.py for tasks to queue
[2024-08-29T19:49:01.831+0000] {logging_mixin.py:149} INFO - [2024-08-29T19:49:01.831+0000] {dagbag.py:541} INFO - Filling up the DagBag from /home/airflow-vm/data-engineer-batch-processing-financial-services/.venv/lib/python3.10/site-packages/airflow/example_dags/example_subdag_operator.py
[2024-08-29T19:49:01.849+0000] {processor.py:836} INFO - DAG(s) dict_keys(['example_subdag_operator.section-1', 'example_subdag_operator.section-2', 'example_subdag_operator']) retrieved from /home/airflow-vm/data-engineer-batch-processing-financial-services/.venv/lib/python3.10/site-packages/airflow/example_dags/example_subdag_operator.py
[2024-08-29T19:49:01.866+0000] {logging_mixin.py:149} INFO - [2024-08-29T19:49:01.866+0000] {dag.py:2726} INFO - Sync 3 DAGs
[2024-08-29T19:49:01.884+0000] {logging_mixin.py:149} INFO - [2024-08-29T19:49:01.884+0000] {dag.py:3486} INFO - Setting next_dagrun for example_subdag_operator to 2022-01-01T00:00:00+00:00, run_after=2022-01-01T00:00:00+00:00
[2024-08-29T19:49:01.887+0000] {logging_mixin.py:149} INFO - [2024-08-29T19:49:01.887+0000] {dag.py:3486} INFO - Setting next_dagrun for example_subdag_operator.section-1 to None, run_after=None
[2024-08-29T19:49:01.888+0000] {logging_mixin.py:149} INFO - [2024-08-29T19:49:01.888+0000] {dag.py:3486} INFO - Setting next_dagrun for example_subdag_operator.section-2 to None, run_after=None
[2024-08-29T19:49:01.893+0000] {logging_mixin.py:149} INFO - [2024-08-29T19:49:01.893+0000] {dag.py:2726} INFO - Sync 2 DAGs
[2024-08-29T19:49:01.897+0000] {logging_mixin.py:149} INFO - [2024-08-29T19:49:01.897+0000] {dag.py:3486} INFO - Setting next_dagrun for example_subdag_operator.section-1 to None, run_after=None
[2024-08-29T19:49:01.897+0000] {logging_mixin.py:149} INFO - [2024-08-29T19:49:01.897+0000] {dag.py:3486} INFO - Setting next_dagrun for example_subdag_operator.section-2 to None, run_after=None
[2024-08-29T19:49:01.920+0000] {processor.py:179} INFO - Processing /home/airflow-vm/data-engineer-batch-processing-financial-services/.venv/lib/python3.10/site-packages/airflow/example_dags/example_subdag_operator.py took 0.093 seconds
[2024-08-29T19:49:51.042+0000] {processor.py:157} INFO - Started process (PID=49731) to work on /home/airflow-vm/data-engineer-batch-processing-financial-services/.venv/lib/python3.10/site-packages/airflow/example_dags/example_subdag_operator.py
[2024-08-29T19:49:51.043+0000] {processor.py:826} INFO - Processing file /home/airflow-vm/data-engineer-batch-processing-financial-services/.venv/lib/python3.10/site-packages/airflow/example_dags/example_subdag_operator.py for tasks to queue
[2024-08-29T19:49:51.044+0000] {logging_mixin.py:149} INFO - [2024-08-29T19:49:51.044+0000] {dagbag.py:541} INFO - Filling up the DagBag from /home/airflow-vm/data-engineer-batch-processing-financial-services/.venv/lib/python3.10/site-packages/airflow/example_dags/example_subdag_operator.py
[2024-08-29T19:49:51.061+0000] {processor.py:836} INFO - DAG(s) dict_keys(['example_subdag_operator.section-1', 'example_subdag_operator.section-2', 'example_subdag_operator']) retrieved from /home/airflow-vm/data-engineer-batch-processing-financial-services/.venv/lib/python3.10/site-packages/airflow/example_dags/example_subdag_operator.py
[2024-08-29T19:49:51.078+0000] {logging_mixin.py:149} INFO - [2024-08-29T19:49:51.078+0000] {dag.py:2726} INFO - Sync 3 DAGs
[2024-08-29T19:49:51.097+0000] {logging_mixin.py:149} INFO - [2024-08-29T19:49:51.097+0000] {dag.py:3486} INFO - Setting next_dagrun for example_subdag_operator to 2022-01-01T00:00:00+00:00, run_after=2022-01-01T00:00:00+00:00
[2024-08-29T19:49:51.100+0000] {logging_mixin.py:149} INFO - [2024-08-29T19:49:51.100+0000] {dag.py:3486} INFO - Setting next_dagrun for example_subdag_operator.section-1 to None, run_after=None
[2024-08-29T19:49:51.101+0000] {logging_mixin.py:149} INFO - [2024-08-29T19:49:51.101+0000] {dag.py:3486} INFO - Setting next_dagrun for example_subdag_operator.section-2 to None, run_after=None
[2024-08-29T19:49:51.106+0000] {logging_mixin.py:149} INFO - [2024-08-29T19:49:51.106+0000] {dag.py:2726} INFO - Sync 2 DAGs
[2024-08-29T19:49:51.110+0000] {logging_mixin.py:149} INFO - [2024-08-29T19:49:51.110+0000] {dag.py:3486} INFO - Setting next_dagrun for example_subdag_operator.section-1 to None, run_after=None
[2024-08-29T19:49:51.110+0000] {logging_mixin.py:149} INFO - [2024-08-29T19:49:51.110+0000] {dag.py:3486} INFO - Setting next_dagrun for example_subdag_operator.section-2 to None, run_after=None
[2024-08-29T19:49:51.132+0000] {processor.py:179} INFO - Processing /home/airflow-vm/data-engineer-batch-processing-financial-services/.venv/lib/python3.10/site-packages/airflow/example_dags/example_subdag_operator.py took 0.092 seconds
[2024-08-29T19:50:40.415+0000] {processor.py:157} INFO - Started process (PID=50024) to work on /home/airflow-vm/data-engineer-batch-processing-financial-services/.venv/lib/python3.10/site-packages/airflow/example_dags/example_subdag_operator.py
[2024-08-29T19:50:40.416+0000] {processor.py:826} INFO - Processing file /home/airflow-vm/data-engineer-batch-processing-financial-services/.venv/lib/python3.10/site-packages/airflow/example_dags/example_subdag_operator.py for tasks to queue
[2024-08-29T19:50:40.417+0000] {logging_mixin.py:149} INFO - [2024-08-29T19:50:40.417+0000] {dagbag.py:541} INFO - Filling up the DagBag from /home/airflow-vm/data-engineer-batch-processing-financial-services/.venv/lib/python3.10/site-packages/airflow/example_dags/example_subdag_operator.py
[2024-08-29T19:50:40.434+0000] {processor.py:836} INFO - DAG(s) dict_keys(['example_subdag_operator.section-1', 'example_subdag_operator.section-2', 'example_subdag_operator']) retrieved from /home/airflow-vm/data-engineer-batch-processing-financial-services/.venv/lib/python3.10/site-packages/airflow/example_dags/example_subdag_operator.py
[2024-08-29T19:50:40.451+0000] {logging_mixin.py:149} INFO - [2024-08-29T19:50:40.451+0000] {dag.py:2726} INFO - Sync 3 DAGs
[2024-08-29T19:50:40.469+0000] {logging_mixin.py:149} INFO - [2024-08-29T19:50:40.469+0000] {dag.py:3486} INFO - Setting next_dagrun for example_subdag_operator to 2022-01-01T00:00:00+00:00, run_after=2022-01-01T00:00:00+00:00
[2024-08-29T19:50:40.472+0000] {logging_mixin.py:149} INFO - [2024-08-29T19:50:40.472+0000] {dag.py:3486} INFO - Setting next_dagrun for example_subdag_operator.section-1 to None, run_after=None
[2024-08-29T19:50:40.473+0000] {logging_mixin.py:149} INFO - [2024-08-29T19:50:40.473+0000] {dag.py:3486} INFO - Setting next_dagrun for example_subdag_operator.section-2 to None, run_after=None
[2024-08-29T19:50:40.478+0000] {logging_mixin.py:149} INFO - [2024-08-29T19:50:40.478+0000] {dag.py:2726} INFO - Sync 2 DAGs
[2024-08-29T19:50:40.484+0000] {logging_mixin.py:149} INFO - [2024-08-29T19:50:40.484+0000] {dag.py:3486} INFO - Setting next_dagrun for example_subdag_operator.section-1 to None, run_after=None
[2024-08-29T19:50:40.484+0000] {logging_mixin.py:149} INFO - [2024-08-29T19:50:40.484+0000] {dag.py:3486} INFO - Setting next_dagrun for example_subdag_operator.section-2 to None, run_after=None
[2024-08-29T19:50:40.505+0000] {processor.py:179} INFO - Processing /home/airflow-vm/data-engineer-batch-processing-financial-services/.venv/lib/python3.10/site-packages/airflow/example_dags/example_subdag_operator.py took 0.092 seconds
[2024-08-29T19:51:26.836+0000] {processor.py:157} INFO - Started process (PID=50686) to work on /home/airflow-vm/data-engineer-batch-processing-financial-services/.venv/lib/python3.10/site-packages/airflow/example_dags/example_subdag_operator.py
[2024-08-29T19:51:26.837+0000] {processor.py:826} INFO - Processing file /home/airflow-vm/data-engineer-batch-processing-financial-services/.venv/lib/python3.10/site-packages/airflow/example_dags/example_subdag_operator.py for tasks to queue
[2024-08-29T19:51:26.838+0000] {logging_mixin.py:149} INFO - [2024-08-29T19:51:26.837+0000] {dagbag.py:541} INFO - Filling up the DagBag from /home/airflow-vm/data-engineer-batch-processing-financial-services/.venv/lib/python3.10/site-packages/airflow/example_dags/example_subdag_operator.py
[2024-08-29T19:51:26.857+0000] {processor.py:836} INFO - DAG(s) dict_keys(['example_subdag_operator.section-1', 'example_subdag_operator.section-2', 'example_subdag_operator']) retrieved from /home/airflow-vm/data-engineer-batch-processing-financial-services/.venv/lib/python3.10/site-packages/airflow/example_dags/example_subdag_operator.py
[2024-08-29T19:51:26.876+0000] {logging_mixin.py:149} INFO - [2024-08-29T19:51:26.876+0000] {dag.py:2726} INFO - Sync 3 DAGs
[2024-08-29T19:51:26.896+0000] {logging_mixin.py:149} INFO - [2024-08-29T19:51:26.895+0000] {dag.py:3486} INFO - Setting next_dagrun for example_subdag_operator to 2022-01-01T00:00:00+00:00, run_after=2022-01-01T00:00:00+00:00
[2024-08-29T19:51:26.898+0000] {logging_mixin.py:149} INFO - [2024-08-29T19:51:26.898+0000] {dag.py:3486} INFO - Setting next_dagrun for example_subdag_operator.section-1 to None, run_after=None
[2024-08-29T19:51:26.899+0000] {logging_mixin.py:149} INFO - [2024-08-29T19:51:26.899+0000] {dag.py:3486} INFO - Setting next_dagrun for example_subdag_operator.section-2 to None, run_after=None
[2024-08-29T19:51:26.906+0000] {logging_mixin.py:149} INFO - [2024-08-29T19:51:26.906+0000] {dag.py:2726} INFO - Sync 2 DAGs
[2024-08-29T19:51:26.911+0000] {logging_mixin.py:149} INFO - [2024-08-29T19:51:26.910+0000] {dag.py:3486} INFO - Setting next_dagrun for example_subdag_operator.section-1 to None, run_after=None
[2024-08-29T19:51:26.911+0000] {logging_mixin.py:149} INFO - [2024-08-29T19:51:26.911+0000] {dag.py:3486} INFO - Setting next_dagrun for example_subdag_operator.section-2 to None, run_after=None
[2024-08-29T19:51:26.934+0000] {processor.py:179} INFO - Processing /home/airflow-vm/data-engineer-batch-processing-financial-services/.venv/lib/python3.10/site-packages/airflow/example_dags/example_subdag_operator.py took 0.104 seconds
[2024-08-29T19:52:15.523+0000] {processor.py:157} INFO - Started process (PID=50910) to work on /home/airflow-vm/data-engineer-batch-processing-financial-services/.venv/lib/python3.10/site-packages/airflow/example_dags/example_subdag_operator.py
[2024-08-29T19:52:15.524+0000] {processor.py:826} INFO - Processing file /home/airflow-vm/data-engineer-batch-processing-financial-services/.venv/lib/python3.10/site-packages/airflow/example_dags/example_subdag_operator.py for tasks to queue
[2024-08-29T19:52:15.525+0000] {logging_mixin.py:149} INFO - [2024-08-29T19:52:15.525+0000] {dagbag.py:541} INFO - Filling up the DagBag from /home/airflow-vm/data-engineer-batch-processing-financial-services/.venv/lib/python3.10/site-packages/airflow/example_dags/example_subdag_operator.py
[2024-08-29T19:52:15.542+0000] {processor.py:836} INFO - DAG(s) dict_keys(['example_subdag_operator.section-1', 'example_subdag_operator.section-2', 'example_subdag_operator']) retrieved from /home/airflow-vm/data-engineer-batch-processing-financial-services/.venv/lib/python3.10/site-packages/airflow/example_dags/example_subdag_operator.py
[2024-08-29T19:52:15.560+0000] {logging_mixin.py:149} INFO - [2024-08-29T19:52:15.560+0000] {dag.py:2726} INFO - Sync 3 DAGs
[2024-08-29T19:52:15.579+0000] {logging_mixin.py:149} INFO - [2024-08-29T19:52:15.579+0000] {dag.py:3486} INFO - Setting next_dagrun for example_subdag_operator to 2022-01-01T00:00:00+00:00, run_after=2022-01-01T00:00:00+00:00
[2024-08-29T19:52:15.582+0000] {logging_mixin.py:149} INFO - [2024-08-29T19:52:15.582+0000] {dag.py:3486} INFO - Setting next_dagrun for example_subdag_operator.section-1 to None, run_after=None
[2024-08-29T19:52:15.583+0000] {logging_mixin.py:149} INFO - [2024-08-29T19:52:15.583+0000] {dag.py:3486} INFO - Setting next_dagrun for example_subdag_operator.section-2 to None, run_after=None
[2024-08-29T19:52:15.588+0000] {logging_mixin.py:149} INFO - [2024-08-29T19:52:15.588+0000] {dag.py:2726} INFO - Sync 2 DAGs
[2024-08-29T19:52:15.592+0000] {logging_mixin.py:149} INFO - [2024-08-29T19:52:15.592+0000] {dag.py:3486} INFO - Setting next_dagrun for example_subdag_operator.section-1 to None, run_after=None
[2024-08-29T19:52:15.593+0000] {logging_mixin.py:149} INFO - [2024-08-29T19:52:15.593+0000] {dag.py:3486} INFO - Setting next_dagrun for example_subdag_operator.section-2 to None, run_after=None
[2024-08-29T19:52:15.616+0000] {processor.py:179} INFO - Processing /home/airflow-vm/data-engineer-batch-processing-financial-services/.venv/lib/python3.10/site-packages/airflow/example_dags/example_subdag_operator.py took 0.095 seconds
[2024-08-29T19:52:58.791+0000] {processor.py:157} INFO - Started process (PID=51000) to work on /home/airflow-vm/data-engineer-batch-processing-financial-services/.venv/lib/python3.10/site-packages/airflow/example_dags/example_subdag_operator.py
[2024-08-29T19:52:58.792+0000] {processor.py:826} INFO - Processing file /home/airflow-vm/data-engineer-batch-processing-financial-services/.venv/lib/python3.10/site-packages/airflow/example_dags/example_subdag_operator.py for tasks to queue
[2024-08-29T19:52:58.792+0000] {logging_mixin.py:149} INFO - [2024-08-29T19:52:58.792+0000] {dagbag.py:541} INFO - Filling up the DagBag from /home/airflow-vm/data-engineer-batch-processing-financial-services/.venv/lib/python3.10/site-packages/airflow/example_dags/example_subdag_operator.py
[2024-08-29T19:52:58.810+0000] {processor.py:836} INFO - DAG(s) dict_keys(['example_subdag_operator.section-1', 'example_subdag_operator.section-2', 'example_subdag_operator']) retrieved from /home/airflow-vm/data-engineer-batch-processing-financial-services/.venv/lib/python3.10/site-packages/airflow/example_dags/example_subdag_operator.py
[2024-08-29T19:52:58.827+0000] {logging_mixin.py:149} INFO - [2024-08-29T19:52:58.827+0000] {dag.py:2726} INFO - Sync 3 DAGs
[2024-08-29T19:52:58.845+0000] {logging_mixin.py:149} INFO - [2024-08-29T19:52:58.844+0000] {dag.py:3486} INFO - Setting next_dagrun for example_subdag_operator to 2022-01-01T00:00:00+00:00, run_after=2022-01-01T00:00:00+00:00
[2024-08-29T19:52:58.847+0000] {logging_mixin.py:149} INFO - [2024-08-29T19:52:58.847+0000] {dag.py:3486} INFO - Setting next_dagrun for example_subdag_operator.section-1 to None, run_after=None
[2024-08-29T19:52:58.848+0000] {logging_mixin.py:149} INFO - [2024-08-29T19:52:58.848+0000] {dag.py:3486} INFO - Setting next_dagrun for example_subdag_operator.section-2 to None, run_after=None
[2024-08-29T19:52:58.853+0000] {logging_mixin.py:149} INFO - [2024-08-29T19:52:58.853+0000] {dag.py:2726} INFO - Sync 2 DAGs
[2024-08-29T19:52:58.857+0000] {logging_mixin.py:149} INFO - [2024-08-29T19:52:58.857+0000] {dag.py:3486} INFO - Setting next_dagrun for example_subdag_operator.section-1 to None, run_after=None
[2024-08-29T19:52:58.858+0000] {logging_mixin.py:149} INFO - [2024-08-29T19:52:58.857+0000] {dag.py:3486} INFO - Setting next_dagrun for example_subdag_operator.section-2 to None, run_after=None
[2024-08-29T19:52:58.881+0000] {processor.py:179} INFO - Processing /home/airflow-vm/data-engineer-batch-processing-financial-services/.venv/lib/python3.10/site-packages/airflow/example_dags/example_subdag_operator.py took 0.093 seconds
[2024-08-29T19:53:44.644+0000] {processor.py:157} INFO - Started process (PID=51161) to work on /home/airflow-vm/data-engineer-batch-processing-financial-services/.venv/lib/python3.10/site-packages/airflow/example_dags/example_subdag_operator.py
[2024-08-29T19:53:44.645+0000] {processor.py:826} INFO - Processing file /home/airflow-vm/data-engineer-batch-processing-financial-services/.venv/lib/python3.10/site-packages/airflow/example_dags/example_subdag_operator.py for tasks to queue
[2024-08-29T19:53:44.645+0000] {logging_mixin.py:149} INFO - [2024-08-29T19:53:44.645+0000] {dagbag.py:541} INFO - Filling up the DagBag from /home/airflow-vm/data-engineer-batch-processing-financial-services/.venv/lib/python3.10/site-packages/airflow/example_dags/example_subdag_operator.py
[2024-08-29T19:53:44.664+0000] {processor.py:836} INFO - DAG(s) dict_keys(['example_subdag_operator.section-1', 'example_subdag_operator.section-2', 'example_subdag_operator']) retrieved from /home/airflow-vm/data-engineer-batch-processing-financial-services/.venv/lib/python3.10/site-packages/airflow/example_dags/example_subdag_operator.py
[2024-08-29T19:53:44.681+0000] {logging_mixin.py:149} INFO - [2024-08-29T19:53:44.681+0000] {dag.py:2726} INFO - Sync 3 DAGs
[2024-08-29T19:53:44.700+0000] {logging_mixin.py:149} INFO - [2024-08-29T19:53:44.700+0000] {dag.py:3486} INFO - Setting next_dagrun for example_subdag_operator to 2022-01-01T00:00:00+00:00, run_after=2022-01-01T00:00:00+00:00
[2024-08-29T19:53:44.703+0000] {logging_mixin.py:149} INFO - [2024-08-29T19:53:44.703+0000] {dag.py:3486} INFO - Setting next_dagrun for example_subdag_operator.section-1 to None, run_after=None
[2024-08-29T19:53:44.704+0000] {logging_mixin.py:149} INFO - [2024-08-29T19:53:44.704+0000] {dag.py:3486} INFO - Setting next_dagrun for example_subdag_operator.section-2 to None, run_after=None
[2024-08-29T19:53:44.710+0000] {logging_mixin.py:149} INFO - [2024-08-29T19:53:44.710+0000] {dag.py:2726} INFO - Sync 2 DAGs
[2024-08-29T19:53:44.714+0000] {logging_mixin.py:149} INFO - [2024-08-29T19:53:44.714+0000] {dag.py:3486} INFO - Setting next_dagrun for example_subdag_operator.section-1 to None, run_after=None
[2024-08-29T19:53:44.714+0000] {logging_mixin.py:149} INFO - [2024-08-29T19:53:44.714+0000] {dag.py:3486} INFO - Setting next_dagrun for example_subdag_operator.section-2 to None, run_after=None
[2024-08-29T19:53:44.736+0000] {processor.py:179} INFO - Processing /home/airflow-vm/data-engineer-batch-processing-financial-services/.venv/lib/python3.10/site-packages/airflow/example_dags/example_subdag_operator.py took 0.094 seconds
[2024-08-29T19:54:31.540+0000] {processor.py:157} INFO - Started process (PID=51284) to work on /home/airflow-vm/data-engineer-batch-processing-financial-services/.venv/lib/python3.10/site-packages/airflow/example_dags/example_subdag_operator.py
[2024-08-29T19:54:31.541+0000] {processor.py:826} INFO - Processing file /home/airflow-vm/data-engineer-batch-processing-financial-services/.venv/lib/python3.10/site-packages/airflow/example_dags/example_subdag_operator.py for tasks to queue
[2024-08-29T19:54:31.541+0000] {logging_mixin.py:149} INFO - [2024-08-29T19:54:31.541+0000] {dagbag.py:541} INFO - Filling up the DagBag from /home/airflow-vm/data-engineer-batch-processing-financial-services/.venv/lib/python3.10/site-packages/airflow/example_dags/example_subdag_operator.py
[2024-08-29T19:54:31.559+0000] {processor.py:836} INFO - DAG(s) dict_keys(['example_subdag_operator.section-1', 'example_subdag_operator.section-2', 'example_subdag_operator']) retrieved from /home/airflow-vm/data-engineer-batch-processing-financial-services/.venv/lib/python3.10/site-packages/airflow/example_dags/example_subdag_operator.py
[2024-08-29T19:54:31.577+0000] {logging_mixin.py:149} INFO - [2024-08-29T19:54:31.577+0000] {dag.py:2726} INFO - Sync 3 DAGs
[2024-08-29T19:54:31.597+0000] {logging_mixin.py:149} INFO - [2024-08-29T19:54:31.597+0000] {dag.py:3486} INFO - Setting next_dagrun for example_subdag_operator to 2022-01-01T00:00:00+00:00, run_after=2022-01-01T00:00:00+00:00
[2024-08-29T19:54:31.600+0000] {logging_mixin.py:149} INFO - [2024-08-29T19:54:31.599+0000] {dag.py:3486} INFO - Setting next_dagrun for example_subdag_operator.section-1 to None, run_after=None
[2024-08-29T19:54:31.601+0000] {logging_mixin.py:149} INFO - [2024-08-29T19:54:31.600+0000] {dag.py:3486} INFO - Setting next_dagrun for example_subdag_operator.section-2 to None, run_after=None
[2024-08-29T19:54:31.606+0000] {logging_mixin.py:149} INFO - [2024-08-29T19:54:31.606+0000] {dag.py:2726} INFO - Sync 2 DAGs
[2024-08-29T19:54:31.610+0000] {logging_mixin.py:149} INFO - [2024-08-29T19:54:31.610+0000] {dag.py:3486} INFO - Setting next_dagrun for example_subdag_operator.section-1 to None, run_after=None
[2024-08-29T19:54:31.611+0000] {logging_mixin.py:149} INFO - [2024-08-29T19:54:31.610+0000] {dag.py:3486} INFO - Setting next_dagrun for example_subdag_operator.section-2 to None, run_after=None
[2024-08-29T19:54:31.634+0000] {processor.py:179} INFO - Processing /home/airflow-vm/data-engineer-batch-processing-financial-services/.venv/lib/python3.10/site-packages/airflow/example_dags/example_subdag_operator.py took 0.097 seconds
[2024-08-29T19:55:19.247+0000] {processor.py:157} INFO - Started process (PID=51636) to work on /home/airflow-vm/data-engineer-batch-processing-financial-services/.venv/lib/python3.10/site-packages/airflow/example_dags/example_subdag_operator.py
[2024-08-29T19:55:19.248+0000] {processor.py:826} INFO - Processing file /home/airflow-vm/data-engineer-batch-processing-financial-services/.venv/lib/python3.10/site-packages/airflow/example_dags/example_subdag_operator.py for tasks to queue
[2024-08-29T19:55:19.249+0000] {logging_mixin.py:149} INFO - [2024-08-29T19:55:19.249+0000] {dagbag.py:541} INFO - Filling up the DagBag from /home/airflow-vm/data-engineer-batch-processing-financial-services/.venv/lib/python3.10/site-packages/airflow/example_dags/example_subdag_operator.py
[2024-08-29T19:55:19.270+0000] {processor.py:836} INFO - DAG(s) dict_keys(['example_subdag_operator.section-1', 'example_subdag_operator.section-2', 'example_subdag_operator']) retrieved from /home/airflow-vm/data-engineer-batch-processing-financial-services/.venv/lib/python3.10/site-packages/airflow/example_dags/example_subdag_operator.py
[2024-08-29T19:55:19.290+0000] {logging_mixin.py:149} INFO - [2024-08-29T19:55:19.290+0000] {dag.py:2726} INFO - Sync 3 DAGs
[2024-08-29T19:55:19.316+0000] {logging_mixin.py:149} INFO - [2024-08-29T19:55:19.316+0000] {dag.py:3486} INFO - Setting next_dagrun for example_subdag_operator to 2022-01-01T00:00:00+00:00, run_after=2022-01-01T00:00:00+00:00
[2024-08-29T19:55:19.320+0000] {logging_mixin.py:149} INFO - [2024-08-29T19:55:19.320+0000] {dag.py:3486} INFO - Setting next_dagrun for example_subdag_operator.section-1 to None, run_after=None
[2024-08-29T19:55:19.322+0000] {logging_mixin.py:149} INFO - [2024-08-29T19:55:19.322+0000] {dag.py:3486} INFO - Setting next_dagrun for example_subdag_operator.section-2 to None, run_after=None
[2024-08-29T19:55:19.331+0000] {logging_mixin.py:149} INFO - [2024-08-29T19:55:19.330+0000] {dag.py:2726} INFO - Sync 2 DAGs
[2024-08-29T19:55:19.337+0000] {logging_mixin.py:149} INFO - [2024-08-29T19:55:19.337+0000] {dag.py:3486} INFO - Setting next_dagrun for example_subdag_operator.section-1 to None, run_after=None
[2024-08-29T19:55:19.337+0000] {logging_mixin.py:149} INFO - [2024-08-29T19:55:19.337+0000] {dag.py:3486} INFO - Setting next_dagrun for example_subdag_operator.section-2 to None, run_after=None
[2024-08-29T19:55:19.369+0000] {processor.py:179} INFO - Processing /home/airflow-vm/data-engineer-batch-processing-financial-services/.venv/lib/python3.10/site-packages/airflow/example_dags/example_subdag_operator.py took 0.125 seconds
[2024-08-29T20:12:04.295+0000] {processor.py:157} INFO - Started process (PID=56477) to work on /home/airflow-vm/data-engineer-batch-processing-financial-services/.venv/lib/python3.10/site-packages/airflow/example_dags/example_subdag_operator.py
[2024-08-29T20:12:04.295+0000] {processor.py:826} INFO - Processing file /home/airflow-vm/data-engineer-batch-processing-financial-services/.venv/lib/python3.10/site-packages/airflow/example_dags/example_subdag_operator.py for tasks to queue
[2024-08-29T20:12:04.296+0000] {logging_mixin.py:149} INFO - [2024-08-29T20:12:04.296+0000] {dagbag.py:541} INFO - Filling up the DagBag from /home/airflow-vm/data-engineer-batch-processing-financial-services/.venv/lib/python3.10/site-packages/airflow/example_dags/example_subdag_operator.py
[2024-08-29T20:12:04.313+0000] {processor.py:836} INFO - DAG(s) dict_keys(['example_subdag_operator.section-1', 'example_subdag_operator.section-2', 'example_subdag_operator']) retrieved from /home/airflow-vm/data-engineer-batch-processing-financial-services/.venv/lib/python3.10/site-packages/airflow/example_dags/example_subdag_operator.py
[2024-08-29T20:12:04.330+0000] {logging_mixin.py:149} INFO - [2024-08-29T20:12:04.330+0000] {dag.py:2726} INFO - Sync 3 DAGs
[2024-08-29T20:12:04.349+0000] {logging_mixin.py:149} INFO - [2024-08-29T20:12:04.349+0000] {dag.py:3486} INFO - Setting next_dagrun for example_subdag_operator to 2022-01-01T00:00:00+00:00, run_after=2022-01-01T00:00:00+00:00
[2024-08-29T20:12:04.352+0000] {logging_mixin.py:149} INFO - [2024-08-29T20:12:04.352+0000] {dag.py:3486} INFO - Setting next_dagrun for example_subdag_operator.section-1 to None, run_after=None
[2024-08-29T20:12:04.353+0000] {logging_mixin.py:149} INFO - [2024-08-29T20:12:04.353+0000] {dag.py:3486} INFO - Setting next_dagrun for example_subdag_operator.section-2 to None, run_after=None
[2024-08-29T20:12:04.358+0000] {logging_mixin.py:149} INFO - [2024-08-29T20:12:04.357+0000] {dag.py:2726} INFO - Sync 2 DAGs
[2024-08-29T20:12:04.362+0000] {logging_mixin.py:149} INFO - [2024-08-29T20:12:04.361+0000] {dag.py:3486} INFO - Setting next_dagrun for example_subdag_operator.section-1 to None, run_after=None
[2024-08-29T20:12:04.362+0000] {logging_mixin.py:149} INFO - [2024-08-29T20:12:04.362+0000] {dag.py:3486} INFO - Setting next_dagrun for example_subdag_operator.section-2 to None, run_after=None
[2024-08-29T20:12:04.387+0000] {processor.py:179} INFO - Processing /home/airflow-vm/data-engineer-batch-processing-financial-services/.venv/lib/python3.10/site-packages/airflow/example_dags/example_subdag_operator.py took 0.095 seconds
[2024-08-29T20:12:50.489+0000] {processor.py:157} INFO - Started process (PID=56798) to work on /home/airflow-vm/data-engineer-batch-processing-financial-services/.venv/lib/python3.10/site-packages/airflow/example_dags/example_subdag_operator.py
[2024-08-29T20:12:50.490+0000] {processor.py:826} INFO - Processing file /home/airflow-vm/data-engineer-batch-processing-financial-services/.venv/lib/python3.10/site-packages/airflow/example_dags/example_subdag_operator.py for tasks to queue
[2024-08-29T20:12:50.491+0000] {logging_mixin.py:149} INFO - [2024-08-29T20:12:50.491+0000] {dagbag.py:541} INFO - Filling up the DagBag from /home/airflow-vm/data-engineer-batch-processing-financial-services/.venv/lib/python3.10/site-packages/airflow/example_dags/example_subdag_operator.py
[2024-08-29T20:12:50.509+0000] {processor.py:836} INFO - DAG(s) dict_keys(['example_subdag_operator.section-1', 'example_subdag_operator.section-2', 'example_subdag_operator']) retrieved from /home/airflow-vm/data-engineer-batch-processing-financial-services/.venv/lib/python3.10/site-packages/airflow/example_dags/example_subdag_operator.py
[2024-08-29T20:12:50.526+0000] {logging_mixin.py:149} INFO - [2024-08-29T20:12:50.526+0000] {dag.py:2726} INFO - Sync 3 DAGs
[2024-08-29T20:12:50.545+0000] {logging_mixin.py:149} INFO - [2024-08-29T20:12:50.545+0000] {dag.py:3486} INFO - Setting next_dagrun for example_subdag_operator to 2022-01-01T00:00:00+00:00, run_after=2022-01-01T00:00:00+00:00
[2024-08-29T20:12:50.548+0000] {logging_mixin.py:149} INFO - [2024-08-29T20:12:50.547+0000] {dag.py:3486} INFO - Setting next_dagrun for example_subdag_operator.section-1 to None, run_after=None
[2024-08-29T20:12:50.548+0000] {logging_mixin.py:149} INFO - [2024-08-29T20:12:50.548+0000] {dag.py:3486} INFO - Setting next_dagrun for example_subdag_operator.section-2 to None, run_after=None
[2024-08-29T20:12:50.553+0000] {logging_mixin.py:149} INFO - [2024-08-29T20:12:50.553+0000] {dag.py:2726} INFO - Sync 2 DAGs
[2024-08-29T20:12:50.557+0000] {logging_mixin.py:149} INFO - [2024-08-29T20:12:50.557+0000] {dag.py:3486} INFO - Setting next_dagrun for example_subdag_operator.section-1 to None, run_after=None
[2024-08-29T20:12:50.557+0000] {logging_mixin.py:149} INFO - [2024-08-29T20:12:50.557+0000] {dag.py:3486} INFO - Setting next_dagrun for example_subdag_operator.section-2 to None, run_after=None
[2024-08-29T20:12:50.580+0000] {processor.py:179} INFO - Processing /home/airflow-vm/data-engineer-batch-processing-financial-services/.venv/lib/python3.10/site-packages/airflow/example_dags/example_subdag_operator.py took 0.094 seconds
[2024-08-29T20:15:31.330+0000] {processor.py:157} INFO - Started process (PID=57669) to work on /home/airflow-vm/data-engineer-batch-processing-financial-services/.venv/lib/python3.10/site-packages/airflow/example_dags/example_subdag_operator.py
[2024-08-29T20:15:31.331+0000] {processor.py:826} INFO - Processing file /home/airflow-vm/data-engineer-batch-processing-financial-services/.venv/lib/python3.10/site-packages/airflow/example_dags/example_subdag_operator.py for tasks to queue
[2024-08-29T20:15:31.331+0000] {logging_mixin.py:149} INFO - [2024-08-29T20:15:31.331+0000] {dagbag.py:541} INFO - Filling up the DagBag from /home/airflow-vm/data-engineer-batch-processing-financial-services/.venv/lib/python3.10/site-packages/airflow/example_dags/example_subdag_operator.py
[2024-08-29T20:15:31.351+0000] {processor.py:836} INFO - DAG(s) dict_keys(['example_subdag_operator.section-1', 'example_subdag_operator.section-2', 'example_subdag_operator']) retrieved from /home/airflow-vm/data-engineer-batch-processing-financial-services/.venv/lib/python3.10/site-packages/airflow/example_dags/example_subdag_operator.py
[2024-08-29T20:15:31.368+0000] {logging_mixin.py:149} INFO - [2024-08-29T20:15:31.368+0000] {dag.py:2726} INFO - Sync 3 DAGs
[2024-08-29T20:15:31.388+0000] {logging_mixin.py:149} INFO - [2024-08-29T20:15:31.388+0000] {dag.py:3486} INFO - Setting next_dagrun for example_subdag_operator to 2022-01-01T00:00:00+00:00, run_after=2022-01-01T00:00:00+00:00
[2024-08-29T20:15:31.391+0000] {logging_mixin.py:149} INFO - [2024-08-29T20:15:31.390+0000] {dag.py:3486} INFO - Setting next_dagrun for example_subdag_operator.section-1 to None, run_after=None
[2024-08-29T20:15:31.391+0000] {logging_mixin.py:149} INFO - [2024-08-29T20:15:31.391+0000] {dag.py:3486} INFO - Setting next_dagrun for example_subdag_operator.section-2 to None, run_after=None
[2024-08-29T20:15:31.397+0000] {logging_mixin.py:149} INFO - [2024-08-29T20:15:31.397+0000] {dag.py:2726} INFO - Sync 2 DAGs
[2024-08-29T20:15:31.401+0000] {logging_mixin.py:149} INFO - [2024-08-29T20:15:31.400+0000] {dag.py:3486} INFO - Setting next_dagrun for example_subdag_operator.section-1 to None, run_after=None
[2024-08-29T20:15:31.401+0000] {logging_mixin.py:149} INFO - [2024-08-29T20:15:31.401+0000] {dag.py:3486} INFO - Setting next_dagrun for example_subdag_operator.section-2 to None, run_after=None
[2024-08-29T20:15:31.422+0000] {processor.py:179} INFO - Processing /home/airflow-vm/data-engineer-batch-processing-financial-services/.venv/lib/python3.10/site-packages/airflow/example_dags/example_subdag_operator.py took 0.095 seconds
[2024-08-29T20:16:20.710+0000] {processor.py:157} INFO - Started process (PID=58111) to work on /home/airflow-vm/data-engineer-batch-processing-financial-services/.venv/lib/python3.10/site-packages/airflow/example_dags/example_subdag_operator.py
[2024-08-29T20:16:20.711+0000] {processor.py:826} INFO - Processing file /home/airflow-vm/data-engineer-batch-processing-financial-services/.venv/lib/python3.10/site-packages/airflow/example_dags/example_subdag_operator.py for tasks to queue
[2024-08-29T20:16:20.712+0000] {logging_mixin.py:149} INFO - [2024-08-29T20:16:20.712+0000] {dagbag.py:541} INFO - Filling up the DagBag from /home/airflow-vm/data-engineer-batch-processing-financial-services/.venv/lib/python3.10/site-packages/airflow/example_dags/example_subdag_operator.py
[2024-08-29T20:16:20.730+0000] {processor.py:836} INFO - DAG(s) dict_keys(['example_subdag_operator.section-1', 'example_subdag_operator.section-2', 'example_subdag_operator']) retrieved from /home/airflow-vm/data-engineer-batch-processing-financial-services/.venv/lib/python3.10/site-packages/airflow/example_dags/example_subdag_operator.py
[2024-08-29T20:16:20.747+0000] {logging_mixin.py:149} INFO - [2024-08-29T20:16:20.747+0000] {dag.py:2726} INFO - Sync 3 DAGs
[2024-08-29T20:16:20.765+0000] {logging_mixin.py:149} INFO - [2024-08-29T20:16:20.765+0000] {dag.py:3486} INFO - Setting next_dagrun for example_subdag_operator to 2022-01-01T00:00:00+00:00, run_after=2022-01-01T00:00:00+00:00
[2024-08-29T20:16:20.768+0000] {logging_mixin.py:149} INFO - [2024-08-29T20:16:20.768+0000] {dag.py:3486} INFO - Setting next_dagrun for example_subdag_operator.section-1 to None, run_after=None
[2024-08-29T20:16:20.769+0000] {logging_mixin.py:149} INFO - [2024-08-29T20:16:20.769+0000] {dag.py:3486} INFO - Setting next_dagrun for example_subdag_operator.section-2 to None, run_after=None
[2024-08-29T20:16:20.774+0000] {logging_mixin.py:149} INFO - [2024-08-29T20:16:20.774+0000] {dag.py:2726} INFO - Sync 2 DAGs
[2024-08-29T20:16:20.778+0000] {logging_mixin.py:149} INFO - [2024-08-29T20:16:20.778+0000] {dag.py:3486} INFO - Setting next_dagrun for example_subdag_operator.section-1 to None, run_after=None
[2024-08-29T20:16:20.778+0000] {logging_mixin.py:149} INFO - [2024-08-29T20:16:20.778+0000] {dag.py:3486} INFO - Setting next_dagrun for example_subdag_operator.section-2 to None, run_after=None
[2024-08-29T20:16:20.800+0000] {processor.py:179} INFO - Processing /home/airflow-vm/data-engineer-batch-processing-financial-services/.venv/lib/python3.10/site-packages/airflow/example_dags/example_subdag_operator.py took 0.092 seconds
[2024-08-29T20:24:53.341+0000] {processor.py:157} INFO - Started process (PID=61623) to work on /home/airflow-vm/data-engineer-batch-processing-financial-services/.venv/lib/python3.10/site-packages/airflow/example_dags/example_subdag_operator.py
[2024-08-29T20:24:53.342+0000] {processor.py:826} INFO - Processing file /home/airflow-vm/data-engineer-batch-processing-financial-services/.venv/lib/python3.10/site-packages/airflow/example_dags/example_subdag_operator.py for tasks to queue
[2024-08-29T20:24:53.343+0000] {logging_mixin.py:149} INFO - [2024-08-29T20:24:53.343+0000] {dagbag.py:541} INFO - Filling up the DagBag from /home/airflow-vm/data-engineer-batch-processing-financial-services/.venv/lib/python3.10/site-packages/airflow/example_dags/example_subdag_operator.py
[2024-08-29T20:24:53.361+0000] {processor.py:836} INFO - DAG(s) dict_keys(['example_subdag_operator.section-1', 'example_subdag_operator.section-2', 'example_subdag_operator']) retrieved from /home/airflow-vm/data-engineer-batch-processing-financial-services/.venv/lib/python3.10/site-packages/airflow/example_dags/example_subdag_operator.py
[2024-08-29T20:24:53.378+0000] {logging_mixin.py:149} INFO - [2024-08-29T20:24:53.377+0000] {dag.py:2726} INFO - Sync 3 DAGs
[2024-08-29T20:24:53.397+0000] {logging_mixin.py:149} INFO - [2024-08-29T20:24:53.396+0000] {dag.py:3486} INFO - Setting next_dagrun for example_subdag_operator to 2022-01-01T00:00:00+00:00, run_after=2022-01-01T00:00:00+00:00
[2024-08-29T20:24:53.399+0000] {logging_mixin.py:149} INFO - [2024-08-29T20:24:53.399+0000] {dag.py:3486} INFO - Setting next_dagrun for example_subdag_operator.section-1 to None, run_after=None
[2024-08-29T20:24:53.400+0000] {logging_mixin.py:149} INFO - [2024-08-29T20:24:53.400+0000] {dag.py:3486} INFO - Setting next_dagrun for example_subdag_operator.section-2 to None, run_after=None
[2024-08-29T20:24:53.405+0000] {logging_mixin.py:149} INFO - [2024-08-29T20:24:53.405+0000] {dag.py:2726} INFO - Sync 2 DAGs
[2024-08-29T20:24:53.409+0000] {logging_mixin.py:149} INFO - [2024-08-29T20:24:53.409+0000] {dag.py:3486} INFO - Setting next_dagrun for example_subdag_operator.section-1 to None, run_after=None
[2024-08-29T20:24:53.409+0000] {logging_mixin.py:149} INFO - [2024-08-29T20:24:53.409+0000] {dag.py:3486} INFO - Setting next_dagrun for example_subdag_operator.section-2 to None, run_after=None
[2024-08-29T20:24:53.432+0000] {processor.py:179} INFO - Processing /home/airflow-vm/data-engineer-batch-processing-financial-services/.venv/lib/python3.10/site-packages/airflow/example_dags/example_subdag_operator.py took 0.093 seconds
[2024-08-29T20:26:59.960+0000] {processor.py:157} INFO - Started process (PID=63226) to work on /home/airflow-vm/data-engineer-batch-processing-financial-services/.venv/lib/python3.10/site-packages/airflow/example_dags/example_subdag_operator.py
[2024-08-29T20:26:59.961+0000] {processor.py:826} INFO - Processing file /home/airflow-vm/data-engineer-batch-processing-financial-services/.venv/lib/python3.10/site-packages/airflow/example_dags/example_subdag_operator.py for tasks to queue
[2024-08-29T20:26:59.962+0000] {logging_mixin.py:149} INFO - [2024-08-29T20:26:59.961+0000] {dagbag.py:541} INFO - Filling up the DagBag from /home/airflow-vm/data-engineer-batch-processing-financial-services/.venv/lib/python3.10/site-packages/airflow/example_dags/example_subdag_operator.py
[2024-08-29T20:26:59.998+0000] {processor.py:836} INFO - DAG(s) dict_keys(['example_subdag_operator.section-1', 'example_subdag_operator.section-2', 'example_subdag_operator']) retrieved from /home/airflow-vm/data-engineer-batch-processing-financial-services/.venv/lib/python3.10/site-packages/airflow/example_dags/example_subdag_operator.py
[2024-08-29T20:27:00.017+0000] {logging_mixin.py:149} INFO - [2024-08-29T20:27:00.017+0000] {dag.py:2726} INFO - Sync 3 DAGs
[2024-08-29T20:27:00.036+0000] {logging_mixin.py:149} INFO - [2024-08-29T20:27:00.036+0000] {dag.py:3486} INFO - Setting next_dagrun for example_subdag_operator to 2022-01-01T00:00:00+00:00, run_after=2022-01-01T00:00:00+00:00
[2024-08-29T20:27:00.041+0000] {logging_mixin.py:149} INFO - [2024-08-29T20:27:00.041+0000] {dag.py:3486} INFO - Setting next_dagrun for example_subdag_operator.section-1 to None, run_after=None
[2024-08-29T20:27:00.042+0000] {logging_mixin.py:149} INFO - [2024-08-29T20:27:00.042+0000] {dag.py:3486} INFO - Setting next_dagrun for example_subdag_operator.section-2 to None, run_after=None
[2024-08-29T20:27:00.048+0000] {logging_mixin.py:149} INFO - [2024-08-29T20:27:00.048+0000] {dag.py:2726} INFO - Sync 2 DAGs
[2024-08-29T20:27:00.052+0000] {logging_mixin.py:149} INFO - [2024-08-29T20:27:00.052+0000] {dag.py:3486} INFO - Setting next_dagrun for example_subdag_operator.section-1 to None, run_after=None
[2024-08-29T20:27:00.052+0000] {logging_mixin.py:149} INFO - [2024-08-29T20:27:00.052+0000] {dag.py:3486} INFO - Setting next_dagrun for example_subdag_operator.section-2 to None, run_after=None
[2024-08-29T20:27:00.077+0000] {processor.py:179} INFO - Processing /home/airflow-vm/data-engineer-batch-processing-financial-services/.venv/lib/python3.10/site-packages/airflow/example_dags/example_subdag_operator.py took 0.119 seconds
[2024-08-29T20:27:44.153+0000] {processor.py:157} INFO - Started process (PID=63537) to work on /home/airflow-vm/data-engineer-batch-processing-financial-services/.venv/lib/python3.10/site-packages/airflow/example_dags/example_subdag_operator.py
[2024-08-29T20:27:44.154+0000] {processor.py:826} INFO - Processing file /home/airflow-vm/data-engineer-batch-processing-financial-services/.venv/lib/python3.10/site-packages/airflow/example_dags/example_subdag_operator.py for tasks to queue
[2024-08-29T20:27:44.155+0000] {logging_mixin.py:149} INFO - [2024-08-29T20:27:44.154+0000] {dagbag.py:541} INFO - Filling up the DagBag from /home/airflow-vm/data-engineer-batch-processing-financial-services/.venv/lib/python3.10/site-packages/airflow/example_dags/example_subdag_operator.py
[2024-08-29T20:27:44.172+0000] {processor.py:836} INFO - DAG(s) dict_keys(['example_subdag_operator.section-1', 'example_subdag_operator.section-2', 'example_subdag_operator']) retrieved from /home/airflow-vm/data-engineer-batch-processing-financial-services/.venv/lib/python3.10/site-packages/airflow/example_dags/example_subdag_operator.py
[2024-08-29T20:27:44.189+0000] {logging_mixin.py:149} INFO - [2024-08-29T20:27:44.188+0000] {dag.py:2726} INFO - Sync 3 DAGs
[2024-08-29T20:27:44.206+0000] {logging_mixin.py:149} INFO - [2024-08-29T20:27:44.206+0000] {dag.py:3486} INFO - Setting next_dagrun for example_subdag_operator to 2022-01-01T00:00:00+00:00, run_after=2022-01-01T00:00:00+00:00
[2024-08-29T20:27:44.209+0000] {logging_mixin.py:149} INFO - [2024-08-29T20:27:44.209+0000] {dag.py:3486} INFO - Setting next_dagrun for example_subdag_operator.section-1 to None, run_after=None
[2024-08-29T20:27:44.210+0000] {logging_mixin.py:149} INFO - [2024-08-29T20:27:44.209+0000] {dag.py:3486} INFO - Setting next_dagrun for example_subdag_operator.section-2 to None, run_after=None
[2024-08-29T20:27:44.215+0000] {logging_mixin.py:149} INFO - [2024-08-29T20:27:44.214+0000] {dag.py:2726} INFO - Sync 2 DAGs
[2024-08-29T20:27:44.218+0000] {logging_mixin.py:149} INFO - [2024-08-29T20:27:44.218+0000] {dag.py:3486} INFO - Setting next_dagrun for example_subdag_operator.section-1 to None, run_after=None
[2024-08-29T20:27:44.219+0000] {logging_mixin.py:149} INFO - [2024-08-29T20:27:44.219+0000] {dag.py:3486} INFO - Setting next_dagrun for example_subdag_operator.section-2 to None, run_after=None
[2024-08-29T20:27:44.240+0000] {processor.py:179} INFO - Processing /home/airflow-vm/data-engineer-batch-processing-financial-services/.venv/lib/python3.10/site-packages/airflow/example_dags/example_subdag_operator.py took 0.089 seconds
[2024-08-29T20:28:28.386+0000] {processor.py:157} INFO - Started process (PID=63681) to work on /home/airflow-vm/data-engineer-batch-processing-financial-services/.venv/lib/python3.10/site-packages/airflow/example_dags/example_subdag_operator.py
[2024-08-29T20:28:28.387+0000] {processor.py:826} INFO - Processing file /home/airflow-vm/data-engineer-batch-processing-financial-services/.venv/lib/python3.10/site-packages/airflow/example_dags/example_subdag_operator.py for tasks to queue
[2024-08-29T20:28:28.387+0000] {logging_mixin.py:149} INFO - [2024-08-29T20:28:28.387+0000] {dagbag.py:541} INFO - Filling up the DagBag from /home/airflow-vm/data-engineer-batch-processing-financial-services/.venv/lib/python3.10/site-packages/airflow/example_dags/example_subdag_operator.py
[2024-08-29T20:28:28.404+0000] {processor.py:836} INFO - DAG(s) dict_keys(['example_subdag_operator.section-1', 'example_subdag_operator.section-2', 'example_subdag_operator']) retrieved from /home/airflow-vm/data-engineer-batch-processing-financial-services/.venv/lib/python3.10/site-packages/airflow/example_dags/example_subdag_operator.py
[2024-08-29T20:28:28.421+0000] {logging_mixin.py:149} INFO - [2024-08-29T20:28:28.421+0000] {dag.py:2726} INFO - Sync 3 DAGs
[2024-08-29T20:28:28.440+0000] {logging_mixin.py:149} INFO - [2024-08-29T20:28:28.440+0000] {dag.py:3486} INFO - Setting next_dagrun for example_subdag_operator to 2022-01-01T00:00:00+00:00, run_after=2022-01-01T00:00:00+00:00
[2024-08-29T20:28:28.443+0000] {logging_mixin.py:149} INFO - [2024-08-29T20:28:28.442+0000] {dag.py:3486} INFO - Setting next_dagrun for example_subdag_operator.section-1 to None, run_after=None
[2024-08-29T20:28:28.443+0000] {logging_mixin.py:149} INFO - [2024-08-29T20:28:28.443+0000] {dag.py:3486} INFO - Setting next_dagrun for example_subdag_operator.section-2 to None, run_after=None
[2024-08-29T20:28:28.449+0000] {logging_mixin.py:149} INFO - [2024-08-29T20:28:28.448+0000] {dag.py:2726} INFO - Sync 2 DAGs
[2024-08-29T20:28:28.452+0000] {logging_mixin.py:149} INFO - [2024-08-29T20:28:28.452+0000] {dag.py:3486} INFO - Setting next_dagrun for example_subdag_operator.section-1 to None, run_after=None
[2024-08-29T20:28:28.453+0000] {logging_mixin.py:149} INFO - [2024-08-29T20:28:28.453+0000] {dag.py:3486} INFO - Setting next_dagrun for example_subdag_operator.section-2 to None, run_after=None
[2024-08-29T20:28:28.474+0000] {processor.py:179} INFO - Processing /home/airflow-vm/data-engineer-batch-processing-financial-services/.venv/lib/python3.10/site-packages/airflow/example_dags/example_subdag_operator.py took 0.091 seconds
[2024-08-29T20:31:54.428+0000] {processor.py:157} INFO - Started process (PID=66091) to work on /home/airflow-vm/data-engineer-batch-processing-financial-services/.venv/lib/python3.10/site-packages/airflow/example_dags/example_subdag_operator.py
[2024-08-29T20:31:54.429+0000] {processor.py:826} INFO - Processing file /home/airflow-vm/data-engineer-batch-processing-financial-services/.venv/lib/python3.10/site-packages/airflow/example_dags/example_subdag_operator.py for tasks to queue
[2024-08-29T20:31:54.430+0000] {logging_mixin.py:149} INFO - [2024-08-29T20:31:54.430+0000] {dagbag.py:541} INFO - Filling up the DagBag from /home/airflow-vm/data-engineer-batch-processing-financial-services/.venv/lib/python3.10/site-packages/airflow/example_dags/example_subdag_operator.py
[2024-08-29T20:31:54.447+0000] {processor.py:836} INFO - DAG(s) dict_keys(['example_subdag_operator.section-1', 'example_subdag_operator.section-2', 'example_subdag_operator']) retrieved from /home/airflow-vm/data-engineer-batch-processing-financial-services/.venv/lib/python3.10/site-packages/airflow/example_dags/example_subdag_operator.py
[2024-08-29T20:31:54.465+0000] {logging_mixin.py:149} INFO - [2024-08-29T20:31:54.465+0000] {dag.py:2726} INFO - Sync 3 DAGs
[2024-08-29T20:31:54.484+0000] {logging_mixin.py:149} INFO - [2024-08-29T20:31:54.484+0000] {dag.py:3486} INFO - Setting next_dagrun for example_subdag_operator to 2022-01-01T00:00:00+00:00, run_after=2022-01-01T00:00:00+00:00
[2024-08-29T20:31:54.487+0000] {logging_mixin.py:149} INFO - [2024-08-29T20:31:54.486+0000] {dag.py:3486} INFO - Setting next_dagrun for example_subdag_operator.section-1 to None, run_after=None
[2024-08-29T20:31:54.488+0000] {logging_mixin.py:149} INFO - [2024-08-29T20:31:54.487+0000] {dag.py:3486} INFO - Setting next_dagrun for example_subdag_operator.section-2 to None, run_after=None
[2024-08-29T20:31:54.493+0000] {logging_mixin.py:149} INFO - [2024-08-29T20:31:54.493+0000] {dag.py:2726} INFO - Sync 2 DAGs
[2024-08-29T20:31:54.496+0000] {logging_mixin.py:149} INFO - [2024-08-29T20:31:54.496+0000] {dag.py:3486} INFO - Setting next_dagrun for example_subdag_operator.section-1 to None, run_after=None
[2024-08-29T20:31:54.497+0000] {logging_mixin.py:149} INFO - [2024-08-29T20:31:54.497+0000] {dag.py:3486} INFO - Setting next_dagrun for example_subdag_operator.section-2 to None, run_after=None
[2024-08-29T20:31:54.521+0000] {processor.py:179} INFO - Processing /home/airflow-vm/data-engineer-batch-processing-financial-services/.venv/lib/python3.10/site-packages/airflow/example_dags/example_subdag_operator.py took 0.095 seconds
[2024-08-29T20:34:39.223+0000] {processor.py:157} INFO - Started process (PID=68189) to work on /home/airflow-vm/data-engineer-batch-processing-financial-services/.venv/lib/python3.10/site-packages/airflow/example_dags/example_subdag_operator.py
[2024-08-29T20:34:39.225+0000] {processor.py:826} INFO - Processing file /home/airflow-vm/data-engineer-batch-processing-financial-services/.venv/lib/python3.10/site-packages/airflow/example_dags/example_subdag_operator.py for tasks to queue
[2024-08-29T20:34:39.226+0000] {logging_mixin.py:149} INFO - [2024-08-29T20:34:39.226+0000] {dagbag.py:541} INFO - Filling up the DagBag from /home/airflow-vm/data-engineer-batch-processing-financial-services/.venv/lib/python3.10/site-packages/airflow/example_dags/example_subdag_operator.py
[2024-08-29T20:34:39.252+0000] {processor.py:836} INFO - DAG(s) dict_keys(['example_subdag_operator.section-1', 'example_subdag_operator.section-2', 'example_subdag_operator']) retrieved from /home/airflow-vm/data-engineer-batch-processing-financial-services/.venv/lib/python3.10/site-packages/airflow/example_dags/example_subdag_operator.py
[2024-08-29T20:34:39.269+0000] {logging_mixin.py:149} INFO - [2024-08-29T20:34:39.269+0000] {dag.py:2726} INFO - Sync 3 DAGs
[2024-08-29T20:34:39.287+0000] {logging_mixin.py:149} INFO - [2024-08-29T20:34:39.287+0000] {dag.py:3486} INFO - Setting next_dagrun for example_subdag_operator to 2022-01-01T00:00:00+00:00, run_after=2022-01-01T00:00:00+00:00
[2024-08-29T20:34:39.290+0000] {logging_mixin.py:149} INFO - [2024-08-29T20:34:39.289+0000] {dag.py:3486} INFO - Setting next_dagrun for example_subdag_operator.section-1 to None, run_after=None
[2024-08-29T20:34:39.290+0000] {logging_mixin.py:149} INFO - [2024-08-29T20:34:39.290+0000] {dag.py:3486} INFO - Setting next_dagrun for example_subdag_operator.section-2 to None, run_after=None
[2024-08-29T20:34:39.296+0000] {logging_mixin.py:149} INFO - [2024-08-29T20:34:39.295+0000] {dag.py:2726} INFO - Sync 2 DAGs
[2024-08-29T20:34:39.301+0000] {logging_mixin.py:149} INFO - [2024-08-29T20:34:39.300+0000] {dag.py:3486} INFO - Setting next_dagrun for example_subdag_operator.section-1 to None, run_after=None
[2024-08-29T20:34:39.301+0000] {logging_mixin.py:149} INFO - [2024-08-29T20:34:39.301+0000] {dag.py:3486} INFO - Setting next_dagrun for example_subdag_operator.section-2 to None, run_after=None
[2024-08-29T20:34:39.323+0000] {processor.py:179} INFO - Processing /home/airflow-vm/data-engineer-batch-processing-financial-services/.venv/lib/python3.10/site-packages/airflow/example_dags/example_subdag_operator.py took 0.102 seconds
[2024-08-29T20:36:22.742+0000] {processor.py:157} INFO - Started process (PID=69461) to work on /home/airflow-vm/data-engineer-batch-processing-financial-services/.venv/lib/python3.10/site-packages/airflow/example_dags/example_subdag_operator.py
[2024-08-29T20:36:22.743+0000] {processor.py:826} INFO - Processing file /home/airflow-vm/data-engineer-batch-processing-financial-services/.venv/lib/python3.10/site-packages/airflow/example_dags/example_subdag_operator.py for tasks to queue
[2024-08-29T20:36:22.744+0000] {logging_mixin.py:149} INFO - [2024-08-29T20:36:22.744+0000] {dagbag.py:541} INFO - Filling up the DagBag from /home/airflow-vm/data-engineer-batch-processing-financial-services/.venv/lib/python3.10/site-packages/airflow/example_dags/example_subdag_operator.py
[2024-08-29T20:36:22.763+0000] {processor.py:836} INFO - DAG(s) dict_keys(['example_subdag_operator.section-1', 'example_subdag_operator.section-2', 'example_subdag_operator']) retrieved from /home/airflow-vm/data-engineer-batch-processing-financial-services/.venv/lib/python3.10/site-packages/airflow/example_dags/example_subdag_operator.py
[2024-08-29T20:36:22.780+0000] {logging_mixin.py:149} INFO - [2024-08-29T20:36:22.780+0000] {dag.py:2726} INFO - Sync 3 DAGs
[2024-08-29T20:36:22.799+0000] {logging_mixin.py:149} INFO - [2024-08-29T20:36:22.799+0000] {dag.py:3486} INFO - Setting next_dagrun for example_subdag_operator to 2022-01-01T00:00:00+00:00, run_after=2022-01-01T00:00:00+00:00
[2024-08-29T20:36:22.802+0000] {logging_mixin.py:149} INFO - [2024-08-29T20:36:22.802+0000] {dag.py:3486} INFO - Setting next_dagrun for example_subdag_operator.section-1 to None, run_after=None
[2024-08-29T20:36:22.803+0000] {logging_mixin.py:149} INFO - [2024-08-29T20:36:22.803+0000] {dag.py:3486} INFO - Setting next_dagrun for example_subdag_operator.section-2 to None, run_after=None
[2024-08-29T20:36:22.808+0000] {logging_mixin.py:149} INFO - [2024-08-29T20:36:22.808+0000] {dag.py:2726} INFO - Sync 2 DAGs
[2024-08-29T20:36:22.812+0000] {logging_mixin.py:149} INFO - [2024-08-29T20:36:22.812+0000] {dag.py:3486} INFO - Setting next_dagrun for example_subdag_operator.section-1 to None, run_after=None
[2024-08-29T20:36:22.812+0000] {logging_mixin.py:149} INFO - [2024-08-29T20:36:22.812+0000] {dag.py:3486} INFO - Setting next_dagrun for example_subdag_operator.section-2 to None, run_after=None
[2024-08-29T20:36:22.834+0000] {processor.py:179} INFO - Processing /home/airflow-vm/data-engineer-batch-processing-financial-services/.venv/lib/python3.10/site-packages/airflow/example_dags/example_subdag_operator.py took 0.094 seconds
