[2024-08-29T19:47:43.758+0000] {processor.py:157} INFO - Started process (PID=48859) to work on /home/airflow-vm/data-engineer-batch-processing-financial-services/.venv/lib/python3.10/site-packages/airflow/example_dags/example_trigger_target_dag.py
[2024-08-29T19:47:43.759+0000] {processor.py:826} INFO - Processing file /home/airflow-vm/data-engineer-batch-processing-financial-services/.venv/lib/python3.10/site-packages/airflow/example_dags/example_trigger_target_dag.py for tasks to queue
[2024-08-29T19:47:43.760+0000] {logging_mixin.py:149} INFO - [2024-08-29T19:47:43.760+0000] {dagbag.py:541} INFO - Filling up the DagBag from /home/airflow-vm/data-engineer-batch-processing-financial-services/.venv/lib/python3.10/site-packages/airflow/example_dags/example_trigger_target_dag.py
[2024-08-29T19:47:43.767+0000] {processor.py:836} INFO - DAG(s) dict_keys(['example_trigger_target_dag']) retrieved from /home/airflow-vm/data-engineer-batch-processing-financial-services/.venv/lib/python3.10/site-packages/airflow/example_dags/example_trigger_target_dag.py
[2024-08-29T19:47:43.886+0000] {logging_mixin.py:149} INFO - [2024-08-29T19:47:43.886+0000] {manager.py:504} INFO - Created Permission View: can delete on DAG:example_trigger_target_dag
[2024-08-29T19:47:43.904+0000] {logging_mixin.py:149} INFO - [2024-08-29T19:47:43.904+0000] {manager.py:504} INFO - Created Permission View: can edit on DAG:example_trigger_target_dag
[2024-08-29T19:47:43.921+0000] {logging_mixin.py:149} INFO - [2024-08-29T19:47:43.920+0000] {manager.py:504} INFO - Created Permission View: can read on DAG:example_trigger_target_dag
[2024-08-29T19:47:43.921+0000] {logging_mixin.py:149} INFO - [2024-08-29T19:47:43.921+0000] {dag.py:2726} INFO - Sync 1 DAGs
[2024-08-29T19:47:43.932+0000] {logging_mixin.py:149} INFO - [2024-08-29T19:47:43.931+0000] {dag.py:2747} INFO - Creating ORM DAG for example_trigger_target_dag
[2024-08-29T19:47:43.940+0000] {logging_mixin.py:149} INFO - [2024-08-29T19:47:43.940+0000] {dag.py:3486} INFO - Setting next_dagrun for example_trigger_target_dag to None, run_after=None
[2024-08-29T19:47:43.969+0000] {processor.py:179} INFO - Processing /home/airflow-vm/data-engineer-batch-processing-financial-services/.venv/lib/python3.10/site-packages/airflow/example_dags/example_trigger_target_dag.py took 0.213 seconds
[2024-08-29T19:48:34.927+0000] {processor.py:157} INFO - Started process (PID=49342) to work on /home/airflow-vm/data-engineer-batch-processing-financial-services/.venv/lib/python3.10/site-packages/airflow/example_dags/example_trigger_target_dag.py
[2024-08-29T19:48:34.928+0000] {processor.py:826} INFO - Processing file /home/airflow-vm/data-engineer-batch-processing-financial-services/.venv/lib/python3.10/site-packages/airflow/example_dags/example_trigger_target_dag.py for tasks to queue
[2024-08-29T19:48:34.928+0000] {logging_mixin.py:149} INFO - [2024-08-29T19:48:34.928+0000] {dagbag.py:541} INFO - Filling up the DagBag from /home/airflow-vm/data-engineer-batch-processing-financial-services/.venv/lib/python3.10/site-packages/airflow/example_dags/example_trigger_target_dag.py
[2024-08-29T19:48:34.933+0000] {processor.py:836} INFO - DAG(s) dict_keys(['example_trigger_target_dag']) retrieved from /home/airflow-vm/data-engineer-batch-processing-financial-services/.venv/lib/python3.10/site-packages/airflow/example_dags/example_trigger_target_dag.py
[2024-08-29T19:48:34.950+0000] {logging_mixin.py:149} INFO - [2024-08-29T19:48:34.950+0000] {dag.py:2726} INFO - Sync 1 DAGs
[2024-08-29T19:48:34.970+0000] {logging_mixin.py:149} INFO - [2024-08-29T19:48:34.969+0000] {dag.py:3486} INFO - Setting next_dagrun for example_trigger_target_dag to None, run_after=None
[2024-08-29T19:48:34.998+0000] {processor.py:179} INFO - Processing /home/airflow-vm/data-engineer-batch-processing-financial-services/.venv/lib/python3.10/site-packages/airflow/example_dags/example_trigger_target_dag.py took 0.073 seconds
[2024-08-29T19:49:21.888+0000] {processor.py:157} INFO - Started process (PID=49634) to work on /home/airflow-vm/data-engineer-batch-processing-financial-services/.venv/lib/python3.10/site-packages/airflow/example_dags/example_trigger_target_dag.py
[2024-08-29T19:49:21.889+0000] {processor.py:826} INFO - Processing file /home/airflow-vm/data-engineer-batch-processing-financial-services/.venv/lib/python3.10/site-packages/airflow/example_dags/example_trigger_target_dag.py for tasks to queue
[2024-08-29T19:49:21.890+0000] {logging_mixin.py:149} INFO - [2024-08-29T19:49:21.889+0000] {dagbag.py:541} INFO - Filling up the DagBag from /home/airflow-vm/data-engineer-batch-processing-financial-services/.venv/lib/python3.10/site-packages/airflow/example_dags/example_trigger_target_dag.py
[2024-08-29T19:49:21.894+0000] {processor.py:836} INFO - DAG(s) dict_keys(['example_trigger_target_dag']) retrieved from /home/airflow-vm/data-engineer-batch-processing-financial-services/.venv/lib/python3.10/site-packages/airflow/example_dags/example_trigger_target_dag.py
[2024-08-29T19:49:21.911+0000] {logging_mixin.py:149} INFO - [2024-08-29T19:49:21.911+0000] {dag.py:2726} INFO - Sync 1 DAGs
[2024-08-29T19:49:21.929+0000] {logging_mixin.py:149} INFO - [2024-08-29T19:49:21.929+0000] {dag.py:3486} INFO - Setting next_dagrun for example_trigger_target_dag to None, run_after=None
[2024-08-29T19:49:21.960+0000] {processor.py:179} INFO - Processing /home/airflow-vm/data-engineer-batch-processing-financial-services/.venv/lib/python3.10/site-packages/airflow/example_dags/example_trigger_target_dag.py took 0.074 seconds
[2024-08-29T19:49:58.444+0000] {processor.py:157} INFO - Started process (PID=49738) to work on /home/airflow-vm/data-engineer-batch-processing-financial-services/.venv/lib/python3.10/site-packages/airflow/example_dags/example_trigger_target_dag.py
[2024-08-29T19:49:58.445+0000] {processor.py:826} INFO - Processing file /home/airflow-vm/data-engineer-batch-processing-financial-services/.venv/lib/python3.10/site-packages/airflow/example_dags/example_trigger_target_dag.py for tasks to queue
[2024-08-29T19:49:58.445+0000] {logging_mixin.py:149} INFO - [2024-08-29T19:49:58.445+0000] {dagbag.py:541} INFO - Filling up the DagBag from /home/airflow-vm/data-engineer-batch-processing-financial-services/.venv/lib/python3.10/site-packages/airflow/example_dags/example_trigger_target_dag.py
[2024-08-29T19:49:58.451+0000] {processor.py:836} INFO - DAG(s) dict_keys(['example_trigger_target_dag']) retrieved from /home/airflow-vm/data-engineer-batch-processing-financial-services/.venv/lib/python3.10/site-packages/airflow/example_dags/example_trigger_target_dag.py
[2024-08-29T19:49:58.468+0000] {logging_mixin.py:149} INFO - [2024-08-29T19:49:58.468+0000] {dag.py:2726} INFO - Sync 1 DAGs
[2024-08-29T19:49:58.488+0000] {logging_mixin.py:149} INFO - [2024-08-29T19:49:58.488+0000] {dag.py:3486} INFO - Setting next_dagrun for example_trigger_target_dag to None, run_after=None
[2024-08-29T19:49:58.520+0000] {processor.py:179} INFO - Processing /home/airflow-vm/data-engineer-batch-processing-financial-services/.venv/lib/python3.10/site-packages/airflow/example_dags/example_trigger_target_dag.py took 0.079 seconds
[2024-08-29T19:50:46.728+0000] {processor.py:157} INFO - Started process (PID=50165) to work on /home/airflow-vm/data-engineer-batch-processing-financial-services/.venv/lib/python3.10/site-packages/airflow/example_dags/example_trigger_target_dag.py
[2024-08-29T19:50:46.729+0000] {processor.py:826} INFO - Processing file /home/airflow-vm/data-engineer-batch-processing-financial-services/.venv/lib/python3.10/site-packages/airflow/example_dags/example_trigger_target_dag.py for tasks to queue
[2024-08-29T19:50:46.729+0000] {logging_mixin.py:149} INFO - [2024-08-29T19:50:46.729+0000] {dagbag.py:541} INFO - Filling up the DagBag from /home/airflow-vm/data-engineer-batch-processing-financial-services/.venv/lib/python3.10/site-packages/airflow/example_dags/example_trigger_target_dag.py
[2024-08-29T19:50:46.734+0000] {processor.py:836} INFO - DAG(s) dict_keys(['example_trigger_target_dag']) retrieved from /home/airflow-vm/data-engineer-batch-processing-financial-services/.venv/lib/python3.10/site-packages/airflow/example_dags/example_trigger_target_dag.py
[2024-08-29T19:50:46.750+0000] {logging_mixin.py:149} INFO - [2024-08-29T19:50:46.750+0000] {dag.py:2726} INFO - Sync 1 DAGs
[2024-08-29T19:50:46.768+0000] {logging_mixin.py:149} INFO - [2024-08-29T19:50:46.767+0000] {dag.py:3486} INFO - Setting next_dagrun for example_trigger_target_dag to None, run_after=None
[2024-08-29T19:50:46.797+0000] {processor.py:179} INFO - Processing /home/airflow-vm/data-engineer-batch-processing-financial-services/.venv/lib/python3.10/site-packages/airflow/example_dags/example_trigger_target_dag.py took 0.072 seconds
[2024-08-29T19:51:33.500+0000] {processor.py:157} INFO - Started process (PID=50722) to work on /home/airflow-vm/data-engineer-batch-processing-financial-services/.venv/lib/python3.10/site-packages/airflow/example_dags/example_trigger_target_dag.py
[2024-08-29T19:51:33.501+0000] {processor.py:826} INFO - Processing file /home/airflow-vm/data-engineer-batch-processing-financial-services/.venv/lib/python3.10/site-packages/airflow/example_dags/example_trigger_target_dag.py for tasks to queue
[2024-08-29T19:51:33.501+0000] {logging_mixin.py:149} INFO - [2024-08-29T19:51:33.501+0000] {dagbag.py:541} INFO - Filling up the DagBag from /home/airflow-vm/data-engineer-batch-processing-financial-services/.venv/lib/python3.10/site-packages/airflow/example_dags/example_trigger_target_dag.py
[2024-08-29T19:51:33.507+0000] {processor.py:836} INFO - DAG(s) dict_keys(['example_trigger_target_dag']) retrieved from /home/airflow-vm/data-engineer-batch-processing-financial-services/.venv/lib/python3.10/site-packages/airflow/example_dags/example_trigger_target_dag.py
[2024-08-29T19:51:33.525+0000] {logging_mixin.py:149} INFO - [2024-08-29T19:51:33.524+0000] {dag.py:2726} INFO - Sync 1 DAGs
[2024-08-29T19:51:33.544+0000] {logging_mixin.py:149} INFO - [2024-08-29T19:51:33.544+0000] {dag.py:3486} INFO - Setting next_dagrun for example_trigger_target_dag to None, run_after=None
[2024-08-29T19:51:33.574+0000] {processor.py:179} INFO - Processing /home/airflow-vm/data-engineer-batch-processing-financial-services/.venv/lib/python3.10/site-packages/airflow/example_dags/example_trigger_target_dag.py took 0.077 seconds
[2024-08-29T19:52:21.406+0000] {processor.py:157} INFO - Started process (PID=50917) to work on /home/airflow-vm/data-engineer-batch-processing-financial-services/.venv/lib/python3.10/site-packages/airflow/example_dags/example_trigger_target_dag.py
[2024-08-29T19:52:21.407+0000] {processor.py:826} INFO - Processing file /home/airflow-vm/data-engineer-batch-processing-financial-services/.venv/lib/python3.10/site-packages/airflow/example_dags/example_trigger_target_dag.py for tasks to queue
[2024-08-29T19:52:21.408+0000] {logging_mixin.py:149} INFO - [2024-08-29T19:52:21.407+0000] {dagbag.py:541} INFO - Filling up the DagBag from /home/airflow-vm/data-engineer-batch-processing-financial-services/.venv/lib/python3.10/site-packages/airflow/example_dags/example_trigger_target_dag.py
[2024-08-29T19:52:21.413+0000] {processor.py:836} INFO - DAG(s) dict_keys(['example_trigger_target_dag']) retrieved from /home/airflow-vm/data-engineer-batch-processing-financial-services/.venv/lib/python3.10/site-packages/airflow/example_dags/example_trigger_target_dag.py
[2024-08-29T19:52:21.429+0000] {logging_mixin.py:149} INFO - [2024-08-29T19:52:21.429+0000] {dag.py:2726} INFO - Sync 1 DAGs
[2024-08-29T19:52:21.448+0000] {logging_mixin.py:149} INFO - [2024-08-29T19:52:21.448+0000] {dag.py:3486} INFO - Setting next_dagrun for example_trigger_target_dag to None, run_after=None
[2024-08-29T19:52:21.477+0000] {processor.py:179} INFO - Processing /home/airflow-vm/data-engineer-batch-processing-financial-services/.venv/lib/python3.10/site-packages/airflow/example_dags/example_trigger_target_dag.py took 0.073 seconds
[2024-08-29T19:53:06.083+0000] {processor.py:157} INFO - Started process (PID=51021) to work on /home/airflow-vm/data-engineer-batch-processing-financial-services/.venv/lib/python3.10/site-packages/airflow/example_dags/example_trigger_target_dag.py
[2024-08-29T19:53:06.083+0000] {processor.py:826} INFO - Processing file /home/airflow-vm/data-engineer-batch-processing-financial-services/.venv/lib/python3.10/site-packages/airflow/example_dags/example_trigger_target_dag.py for tasks to queue
[2024-08-29T19:53:06.084+0000] {logging_mixin.py:149} INFO - [2024-08-29T19:53:06.084+0000] {dagbag.py:541} INFO - Filling up the DagBag from /home/airflow-vm/data-engineer-batch-processing-financial-services/.venv/lib/python3.10/site-packages/airflow/example_dags/example_trigger_target_dag.py
[2024-08-29T19:53:06.089+0000] {processor.py:836} INFO - DAG(s) dict_keys(['example_trigger_target_dag']) retrieved from /home/airflow-vm/data-engineer-batch-processing-financial-services/.venv/lib/python3.10/site-packages/airflow/example_dags/example_trigger_target_dag.py
[2024-08-29T19:53:06.106+0000] {logging_mixin.py:149} INFO - [2024-08-29T19:53:06.106+0000] {dag.py:2726} INFO - Sync 1 DAGs
[2024-08-29T19:53:06.125+0000] {logging_mixin.py:149} INFO - [2024-08-29T19:53:06.125+0000] {dag.py:3486} INFO - Setting next_dagrun for example_trigger_target_dag to None, run_after=None
[2024-08-29T19:53:06.156+0000] {processor.py:179} INFO - Processing /home/airflow-vm/data-engineer-batch-processing-financial-services/.venv/lib/python3.10/site-packages/airflow/example_dags/example_trigger_target_dag.py took 0.076 seconds
[2024-08-29T19:53:50.873+0000] {processor.py:157} INFO - Started process (PID=51170) to work on /home/airflow-vm/data-engineer-batch-processing-financial-services/.venv/lib/python3.10/site-packages/airflow/example_dags/example_trigger_target_dag.py
[2024-08-29T19:53:50.874+0000] {processor.py:826} INFO - Processing file /home/airflow-vm/data-engineer-batch-processing-financial-services/.venv/lib/python3.10/site-packages/airflow/example_dags/example_trigger_target_dag.py for tasks to queue
[2024-08-29T19:53:50.875+0000] {logging_mixin.py:149} INFO - [2024-08-29T19:53:50.874+0000] {dagbag.py:541} INFO - Filling up the DagBag from /home/airflow-vm/data-engineer-batch-processing-financial-services/.venv/lib/python3.10/site-packages/airflow/example_dags/example_trigger_target_dag.py
[2024-08-29T19:53:50.880+0000] {processor.py:836} INFO - DAG(s) dict_keys(['example_trigger_target_dag']) retrieved from /home/airflow-vm/data-engineer-batch-processing-financial-services/.venv/lib/python3.10/site-packages/airflow/example_dags/example_trigger_target_dag.py
[2024-08-29T19:53:50.896+0000] {logging_mixin.py:149} INFO - [2024-08-29T19:53:50.895+0000] {dag.py:2726} INFO - Sync 1 DAGs
[2024-08-29T19:53:50.914+0000] {logging_mixin.py:149} INFO - [2024-08-29T19:53:50.914+0000] {dag.py:3486} INFO - Setting next_dagrun for example_trigger_target_dag to None, run_after=None
[2024-08-29T19:53:50.942+0000] {processor.py:179} INFO - Processing /home/airflow-vm/data-engineer-batch-processing-financial-services/.venv/lib/python3.10/site-packages/airflow/example_dags/example_trigger_target_dag.py took 0.071 seconds
[2024-08-29T19:54:38.999+0000] {processor.py:157} INFO - Started process (PID=51330) to work on /home/airflow-vm/data-engineer-batch-processing-financial-services/.venv/lib/python3.10/site-packages/airflow/example_dags/example_trigger_target_dag.py
[2024-08-29T19:54:38.999+0000] {processor.py:826} INFO - Processing file /home/airflow-vm/data-engineer-batch-processing-financial-services/.venv/lib/python3.10/site-packages/airflow/example_dags/example_trigger_target_dag.py for tasks to queue
[2024-08-29T19:54:39.000+0000] {logging_mixin.py:149} INFO - [2024-08-29T19:54:39.000+0000] {dagbag.py:541} INFO - Filling up the DagBag from /home/airflow-vm/data-engineer-batch-processing-financial-services/.venv/lib/python3.10/site-packages/airflow/example_dags/example_trigger_target_dag.py
[2024-08-29T19:54:39.005+0000] {processor.py:836} INFO - DAG(s) dict_keys(['example_trigger_target_dag']) retrieved from /home/airflow-vm/data-engineer-batch-processing-financial-services/.venv/lib/python3.10/site-packages/airflow/example_dags/example_trigger_target_dag.py
[2024-08-29T19:54:39.022+0000] {logging_mixin.py:149} INFO - [2024-08-29T19:54:39.022+0000] {dag.py:2726} INFO - Sync 1 DAGs
[2024-08-29T19:54:39.040+0000] {logging_mixin.py:149} INFO - [2024-08-29T19:54:39.040+0000] {dag.py:3486} INFO - Setting next_dagrun for example_trigger_target_dag to None, run_after=None
[2024-08-29T19:54:39.076+0000] {processor.py:179} INFO - Processing /home/airflow-vm/data-engineer-batch-processing-financial-services/.venv/lib/python3.10/site-packages/airflow/example_dags/example_trigger_target_dag.py took 0.080 seconds
[2024-08-29T19:55:26.805+0000] {processor.py:157} INFO - Started process (PID=51689) to work on /home/airflow-vm/data-engineer-batch-processing-financial-services/.venv/lib/python3.10/site-packages/airflow/example_dags/example_trigger_target_dag.py
[2024-08-29T19:55:26.806+0000] {processor.py:826} INFO - Processing file /home/airflow-vm/data-engineer-batch-processing-financial-services/.venv/lib/python3.10/site-packages/airflow/example_dags/example_trigger_target_dag.py for tasks to queue
[2024-08-29T19:55:26.807+0000] {logging_mixin.py:149} INFO - [2024-08-29T19:55:26.807+0000] {dagbag.py:541} INFO - Filling up the DagBag from /home/airflow-vm/data-engineer-batch-processing-financial-services/.venv/lib/python3.10/site-packages/airflow/example_dags/example_trigger_target_dag.py
[2024-08-29T19:55:26.812+0000] {processor.py:836} INFO - DAG(s) dict_keys(['example_trigger_target_dag']) retrieved from /home/airflow-vm/data-engineer-batch-processing-financial-services/.venv/lib/python3.10/site-packages/airflow/example_dags/example_trigger_target_dag.py
[2024-08-29T19:55:26.830+0000] {logging_mixin.py:149} INFO - [2024-08-29T19:55:26.829+0000] {dag.py:2726} INFO - Sync 1 DAGs
[2024-08-29T19:55:26.849+0000] {logging_mixin.py:149} INFO - [2024-08-29T19:55:26.849+0000] {dag.py:3486} INFO - Setting next_dagrun for example_trigger_target_dag to None, run_after=None
[2024-08-29T19:55:26.877+0000] {processor.py:179} INFO - Processing /home/airflow-vm/data-engineer-batch-processing-financial-services/.venv/lib/python3.10/site-packages/airflow/example_dags/example_trigger_target_dag.py took 0.074 seconds
[2024-08-29T20:11:39.561+0000] {processor.py:157} INFO - Started process (PID=56346) to work on /home/airflow-vm/data-engineer-batch-processing-financial-services/.venv/lib/python3.10/site-packages/airflow/example_dags/example_trigger_target_dag.py
[2024-08-29T20:11:39.562+0000] {processor.py:826} INFO - Processing file /home/airflow-vm/data-engineer-batch-processing-financial-services/.venv/lib/python3.10/site-packages/airflow/example_dags/example_trigger_target_dag.py for tasks to queue
[2024-08-29T20:11:39.563+0000] {logging_mixin.py:149} INFO - [2024-08-29T20:11:39.563+0000] {dagbag.py:541} INFO - Filling up the DagBag from /home/airflow-vm/data-engineer-batch-processing-financial-services/.venv/lib/python3.10/site-packages/airflow/example_dags/example_trigger_target_dag.py
[2024-08-29T20:11:39.569+0000] {processor.py:836} INFO - DAG(s) dict_keys(['example_trigger_target_dag']) retrieved from /home/airflow-vm/data-engineer-batch-processing-financial-services/.venv/lib/python3.10/site-packages/airflow/example_dags/example_trigger_target_dag.py
[2024-08-29T20:11:39.588+0000] {logging_mixin.py:149} INFO - [2024-08-29T20:11:39.588+0000] {dag.py:2726} INFO - Sync 1 DAGs
[2024-08-29T20:11:39.606+0000] {logging_mixin.py:149} INFO - [2024-08-29T20:11:39.606+0000] {dag.py:3486} INFO - Setting next_dagrun for example_trigger_target_dag to None, run_after=None
[2024-08-29T20:11:39.632+0000] {processor.py:179} INFO - Processing /home/airflow-vm/data-engineer-batch-processing-financial-services/.venv/lib/python3.10/site-packages/airflow/example_dags/example_trigger_target_dag.py took 0.073 seconds
[2024-08-29T20:12:24.919+0000] {processor.py:157} INFO - Started process (PID=56601) to work on /home/airflow-vm/data-engineer-batch-processing-financial-services/.venv/lib/python3.10/site-packages/airflow/example_dags/example_trigger_target_dag.py
[2024-08-29T20:12:24.920+0000] {processor.py:826} INFO - Processing file /home/airflow-vm/data-engineer-batch-processing-financial-services/.venv/lib/python3.10/site-packages/airflow/example_dags/example_trigger_target_dag.py for tasks to queue
[2024-08-29T20:12:24.921+0000] {logging_mixin.py:149} INFO - [2024-08-29T20:12:24.921+0000] {dagbag.py:541} INFO - Filling up the DagBag from /home/airflow-vm/data-engineer-batch-processing-financial-services/.venv/lib/python3.10/site-packages/airflow/example_dags/example_trigger_target_dag.py
[2024-08-29T20:12:24.925+0000] {processor.py:836} INFO - DAG(s) dict_keys(['example_trigger_target_dag']) retrieved from /home/airflow-vm/data-engineer-batch-processing-financial-services/.venv/lib/python3.10/site-packages/airflow/example_dags/example_trigger_target_dag.py
[2024-08-29T20:12:24.942+0000] {logging_mixin.py:149} INFO - [2024-08-29T20:12:24.942+0000] {dag.py:2726} INFO - Sync 1 DAGs
[2024-08-29T20:12:24.960+0000] {logging_mixin.py:149} INFO - [2024-08-29T20:12:24.960+0000] {dag.py:3486} INFO - Setting next_dagrun for example_trigger_target_dag to None, run_after=None
[2024-08-29T20:12:24.987+0000] {processor.py:179} INFO - Processing /home/airflow-vm/data-engineer-batch-processing-financial-services/.venv/lib/python3.10/site-packages/airflow/example_dags/example_trigger_target_dag.py took 0.070 seconds
[2024-08-29T20:13:08.412+0000] {processor.py:157} INFO - Started process (PID=56878) to work on /home/airflow-vm/data-engineer-batch-processing-financial-services/.venv/lib/python3.10/site-packages/airflow/example_dags/example_trigger_target_dag.py
[2024-08-29T20:13:08.413+0000] {processor.py:826} INFO - Processing file /home/airflow-vm/data-engineer-batch-processing-financial-services/.venv/lib/python3.10/site-packages/airflow/example_dags/example_trigger_target_dag.py for tasks to queue
[2024-08-29T20:13:08.413+0000] {logging_mixin.py:149} INFO - [2024-08-29T20:13:08.413+0000] {dagbag.py:541} INFO - Filling up the DagBag from /home/airflow-vm/data-engineer-batch-processing-financial-services/.venv/lib/python3.10/site-packages/airflow/example_dags/example_trigger_target_dag.py
[2024-08-29T20:13:08.418+0000] {processor.py:836} INFO - DAG(s) dict_keys(['example_trigger_target_dag']) retrieved from /home/airflow-vm/data-engineer-batch-processing-financial-services/.venv/lib/python3.10/site-packages/airflow/example_dags/example_trigger_target_dag.py
[2024-08-29T20:13:08.435+0000] {logging_mixin.py:149} INFO - [2024-08-29T20:13:08.435+0000] {dag.py:2726} INFO - Sync 1 DAGs
[2024-08-29T20:13:08.453+0000] {logging_mixin.py:149} INFO - [2024-08-29T20:13:08.453+0000] {dag.py:3486} INFO - Setting next_dagrun for example_trigger_target_dag to None, run_after=None
[2024-08-29T20:13:08.482+0000] {processor.py:179} INFO - Processing /home/airflow-vm/data-engineer-batch-processing-financial-services/.venv/lib/python3.10/site-packages/airflow/example_dags/example_trigger_target_dag.py took 0.072 seconds
[2024-08-29T20:15:07.020+0000] {processor.py:157} INFO - Started process (PID=57397) to work on /home/airflow-vm/data-engineer-batch-processing-financial-services/.venv/lib/python3.10/site-packages/airflow/example_dags/example_trigger_target_dag.py
[2024-08-29T20:15:07.020+0000] {processor.py:826} INFO - Processing file /home/airflow-vm/data-engineer-batch-processing-financial-services/.venv/lib/python3.10/site-packages/airflow/example_dags/example_trigger_target_dag.py for tasks to queue
[2024-08-29T20:15:07.021+0000] {logging_mixin.py:149} INFO - [2024-08-29T20:15:07.021+0000] {dagbag.py:541} INFO - Filling up the DagBag from /home/airflow-vm/data-engineer-batch-processing-financial-services/.venv/lib/python3.10/site-packages/airflow/example_dags/example_trigger_target_dag.py
[2024-08-29T20:15:07.028+0000] {processor.py:836} INFO - DAG(s) dict_keys(['example_trigger_target_dag']) retrieved from /home/airflow-vm/data-engineer-batch-processing-financial-services/.venv/lib/python3.10/site-packages/airflow/example_dags/example_trigger_target_dag.py
[2024-08-29T20:15:07.047+0000] {logging_mixin.py:149} INFO - [2024-08-29T20:15:07.047+0000] {dag.py:2726} INFO - Sync 1 DAGs
[2024-08-29T20:15:07.066+0000] {logging_mixin.py:149} INFO - [2024-08-29T20:15:07.066+0000] {dag.py:3486} INFO - Setting next_dagrun for example_trigger_target_dag to None, run_after=None
[2024-08-29T20:15:07.095+0000] {processor.py:179} INFO - Processing /home/airflow-vm/data-engineer-batch-processing-financial-services/.venv/lib/python3.10/site-packages/airflow/example_dags/example_trigger_target_dag.py took 0.078 seconds
[2024-08-29T20:15:51.972+0000] {processor.py:157} INFO - Started process (PID=57895) to work on /home/airflow-vm/data-engineer-batch-processing-financial-services/.venv/lib/python3.10/site-packages/airflow/example_dags/example_trigger_target_dag.py
[2024-08-29T20:15:51.973+0000] {processor.py:826} INFO - Processing file /home/airflow-vm/data-engineer-batch-processing-financial-services/.venv/lib/python3.10/site-packages/airflow/example_dags/example_trigger_target_dag.py for tasks to queue
[2024-08-29T20:15:51.974+0000] {logging_mixin.py:149} INFO - [2024-08-29T20:15:51.974+0000] {dagbag.py:541} INFO - Filling up the DagBag from /home/airflow-vm/data-engineer-batch-processing-financial-services/.venv/lib/python3.10/site-packages/airflow/example_dags/example_trigger_target_dag.py
[2024-08-29T20:15:51.979+0000] {processor.py:836} INFO - DAG(s) dict_keys(['example_trigger_target_dag']) retrieved from /home/airflow-vm/data-engineer-batch-processing-financial-services/.venv/lib/python3.10/site-packages/airflow/example_dags/example_trigger_target_dag.py
[2024-08-29T20:15:51.995+0000] {logging_mixin.py:149} INFO - [2024-08-29T20:15:51.995+0000] {dag.py:2726} INFO - Sync 1 DAGs
[2024-08-29T20:15:52.014+0000] {logging_mixin.py:149} INFO - [2024-08-29T20:15:52.014+0000] {dag.py:3486} INFO - Setting next_dagrun for example_trigger_target_dag to None, run_after=None
[2024-08-29T20:15:52.046+0000] {processor.py:179} INFO - Processing /home/airflow-vm/data-engineer-batch-processing-financial-services/.venv/lib/python3.10/site-packages/airflow/example_dags/example_trigger_target_dag.py took 0.076 seconds
[2024-08-29T20:16:37.896+0000] {processor.py:157} INFO - Started process (PID=58251) to work on /home/airflow-vm/data-engineer-batch-processing-financial-services/.venv/lib/python3.10/site-packages/airflow/example_dags/example_trigger_target_dag.py
[2024-08-29T20:16:37.897+0000] {processor.py:826} INFO - Processing file /home/airflow-vm/data-engineer-batch-processing-financial-services/.venv/lib/python3.10/site-packages/airflow/example_dags/example_trigger_target_dag.py for tasks to queue
[2024-08-29T20:16:37.897+0000] {logging_mixin.py:149} INFO - [2024-08-29T20:16:37.897+0000] {dagbag.py:541} INFO - Filling up the DagBag from /home/airflow-vm/data-engineer-batch-processing-financial-services/.venv/lib/python3.10/site-packages/airflow/example_dags/example_trigger_target_dag.py
[2024-08-29T20:16:37.902+0000] {processor.py:836} INFO - DAG(s) dict_keys(['example_trigger_target_dag']) retrieved from /home/airflow-vm/data-engineer-batch-processing-financial-services/.venv/lib/python3.10/site-packages/airflow/example_dags/example_trigger_target_dag.py
[2024-08-29T20:16:37.918+0000] {logging_mixin.py:149} INFO - [2024-08-29T20:16:37.918+0000] {dag.py:2726} INFO - Sync 1 DAGs
[2024-08-29T20:16:37.936+0000] {logging_mixin.py:149} INFO - [2024-08-29T20:16:37.936+0000] {dag.py:3486} INFO - Setting next_dagrun for example_trigger_target_dag to None, run_after=None
[2024-08-29T20:16:37.966+0000] {processor.py:179} INFO - Processing /home/airflow-vm/data-engineer-batch-processing-financial-services/.venv/lib/python3.10/site-packages/airflow/example_dags/example_trigger_target_dag.py took 0.072 seconds
[2024-08-29T20:23:49.357+0000] {processor.py:157} INFO - Started process (PID=60829) to work on /home/airflow-vm/data-engineer-batch-processing-financial-services/.venv/lib/python3.10/site-packages/airflow/example_dags/example_trigger_target_dag.py
[2024-08-29T20:23:49.357+0000] {processor.py:826} INFO - Processing file /home/airflow-vm/data-engineer-batch-processing-financial-services/.venv/lib/python3.10/site-packages/airflow/example_dags/example_trigger_target_dag.py for tasks to queue
[2024-08-29T20:23:49.358+0000] {logging_mixin.py:149} INFO - [2024-08-29T20:23:49.358+0000] {dagbag.py:541} INFO - Filling up the DagBag from /home/airflow-vm/data-engineer-batch-processing-financial-services/.venv/lib/python3.10/site-packages/airflow/example_dags/example_trigger_target_dag.py
[2024-08-29T20:23:49.365+0000] {processor.py:836} INFO - DAG(s) dict_keys(['example_trigger_target_dag']) retrieved from /home/airflow-vm/data-engineer-batch-processing-financial-services/.venv/lib/python3.10/site-packages/airflow/example_dags/example_trigger_target_dag.py
[2024-08-29T20:23:49.384+0000] {logging_mixin.py:149} INFO - [2024-08-29T20:23:49.384+0000] {dag.py:2726} INFO - Sync 1 DAGs
[2024-08-29T20:23:49.402+0000] {logging_mixin.py:149} INFO - [2024-08-29T20:23:49.402+0000] {dag.py:3486} INFO - Setting next_dagrun for example_trigger_target_dag to None, run_after=None
[2024-08-29T20:23:49.428+0000] {processor.py:179} INFO - Processing /home/airflow-vm/data-engineer-batch-processing-financial-services/.venv/lib/python3.10/site-packages/airflow/example_dags/example_trigger_target_dag.py took 0.074 seconds
[2024-08-29T20:25:46.559+0000] {processor.py:157} INFO - Started process (PID=62270) to work on /home/airflow-vm/data-engineer-batch-processing-financial-services/.venv/lib/python3.10/site-packages/airflow/example_dags/example_trigger_target_dag.py
[2024-08-29T20:25:46.560+0000] {processor.py:826} INFO - Processing file /home/airflow-vm/data-engineer-batch-processing-financial-services/.venv/lib/python3.10/site-packages/airflow/example_dags/example_trigger_target_dag.py for tasks to queue
[2024-08-29T20:25:46.560+0000] {logging_mixin.py:149} INFO - [2024-08-29T20:25:46.560+0000] {dagbag.py:541} INFO - Filling up the DagBag from /home/airflow-vm/data-engineer-batch-processing-financial-services/.venv/lib/python3.10/site-packages/airflow/example_dags/example_trigger_target_dag.py
[2024-08-29T20:25:46.565+0000] {processor.py:836} INFO - DAG(s) dict_keys(['example_trigger_target_dag']) retrieved from /home/airflow-vm/data-engineer-batch-processing-financial-services/.venv/lib/python3.10/site-packages/airflow/example_dags/example_trigger_target_dag.py
[2024-08-29T20:25:46.582+0000] {logging_mixin.py:149} INFO - [2024-08-29T20:25:46.582+0000] {dag.py:2726} INFO - Sync 1 DAGs
[2024-08-29T20:25:46.602+0000] {logging_mixin.py:149} INFO - [2024-08-29T20:25:46.602+0000] {dag.py:3486} INFO - Setting next_dagrun for example_trigger_target_dag to None, run_after=None
[2024-08-29T20:25:46.631+0000] {processor.py:179} INFO - Processing /home/airflow-vm/data-engineer-batch-processing-financial-services/.venv/lib/python3.10/site-packages/airflow/example_dags/example_trigger_target_dag.py took 0.075 seconds
[2024-08-29T20:26:49.544+0000] {processor.py:157} INFO - Started process (PID=63104) to work on /home/airflow-vm/data-engineer-batch-processing-financial-services/.venv/lib/python3.10/site-packages/airflow/example_dags/example_trigger_target_dag.py
[2024-08-29T20:26:49.545+0000] {processor.py:826} INFO - Processing file /home/airflow-vm/data-engineer-batch-processing-financial-services/.venv/lib/python3.10/site-packages/airflow/example_dags/example_trigger_target_dag.py for tasks to queue
[2024-08-29T20:26:49.546+0000] {logging_mixin.py:149} INFO - [2024-08-29T20:26:49.546+0000] {dagbag.py:541} INFO - Filling up the DagBag from /home/airflow-vm/data-engineer-batch-processing-financial-services/.venv/lib/python3.10/site-packages/airflow/example_dags/example_trigger_target_dag.py
[2024-08-29T20:26:49.551+0000] {processor.py:836} INFO - DAG(s) dict_keys(['example_trigger_target_dag']) retrieved from /home/airflow-vm/data-engineer-batch-processing-financial-services/.venv/lib/python3.10/site-packages/airflow/example_dags/example_trigger_target_dag.py
[2024-08-29T20:26:49.586+0000] {logging_mixin.py:149} INFO - [2024-08-29T20:26:49.586+0000] {dag.py:2726} INFO - Sync 1 DAGs
[2024-08-29T20:26:49.604+0000] {logging_mixin.py:149} INFO - [2024-08-29T20:26:49.604+0000] {dag.py:3486} INFO - Setting next_dagrun for example_trigger_target_dag to None, run_after=None
[2024-08-29T20:26:49.631+0000] {processor.py:179} INFO - Processing /home/airflow-vm/data-engineer-batch-processing-financial-services/.venv/lib/python3.10/site-packages/airflow/example_dags/example_trigger_target_dag.py took 0.090 seconds
[2024-08-29T20:27:33.844+0000] {processor.py:157} INFO - Started process (PID=63511) to work on /home/airflow-vm/data-engineer-batch-processing-financial-services/.venv/lib/python3.10/site-packages/airflow/example_dags/example_trigger_target_dag.py
[2024-08-29T20:27:33.845+0000] {processor.py:826} INFO - Processing file /home/airflow-vm/data-engineer-batch-processing-financial-services/.venv/lib/python3.10/site-packages/airflow/example_dags/example_trigger_target_dag.py for tasks to queue
[2024-08-29T20:27:33.845+0000] {logging_mixin.py:149} INFO - [2024-08-29T20:27:33.845+0000] {dagbag.py:541} INFO - Filling up the DagBag from /home/airflow-vm/data-engineer-batch-processing-financial-services/.venv/lib/python3.10/site-packages/airflow/example_dags/example_trigger_target_dag.py
[2024-08-29T20:27:33.850+0000] {processor.py:836} INFO - DAG(s) dict_keys(['example_trigger_target_dag']) retrieved from /home/airflow-vm/data-engineer-batch-processing-financial-services/.venv/lib/python3.10/site-packages/airflow/example_dags/example_trigger_target_dag.py
[2024-08-29T20:27:33.866+0000] {logging_mixin.py:149} INFO - [2024-08-29T20:27:33.865+0000] {dag.py:2726} INFO - Sync 1 DAGs
[2024-08-29T20:27:33.884+0000] {logging_mixin.py:149} INFO - [2024-08-29T20:27:33.884+0000] {dag.py:3486} INFO - Setting next_dagrun for example_trigger_target_dag to None, run_after=None
[2024-08-29T20:27:33.910+0000] {processor.py:179} INFO - Processing /home/airflow-vm/data-engineer-batch-processing-financial-services/.venv/lib/python3.10/site-packages/airflow/example_dags/example_trigger_target_dag.py took 0.068 seconds
[2024-08-29T20:28:16.333+0000] {processor.py:157} INFO - Started process (PID=63584) to work on /home/airflow-vm/data-engineer-batch-processing-financial-services/.venv/lib/python3.10/site-packages/airflow/example_dags/example_trigger_target_dag.py
[2024-08-29T20:28:16.334+0000] {processor.py:826} INFO - Processing file /home/airflow-vm/data-engineer-batch-processing-financial-services/.venv/lib/python3.10/site-packages/airflow/example_dags/example_trigger_target_dag.py for tasks to queue
[2024-08-29T20:28:16.335+0000] {logging_mixin.py:149} INFO - [2024-08-29T20:28:16.335+0000] {dagbag.py:541} INFO - Filling up the DagBag from /home/airflow-vm/data-engineer-batch-processing-financial-services/.venv/lib/python3.10/site-packages/airflow/example_dags/example_trigger_target_dag.py
[2024-08-29T20:28:16.340+0000] {processor.py:836} INFO - DAG(s) dict_keys(['example_trigger_target_dag']) retrieved from /home/airflow-vm/data-engineer-batch-processing-financial-services/.venv/lib/python3.10/site-packages/airflow/example_dags/example_trigger_target_dag.py
[2024-08-29T20:28:16.357+0000] {logging_mixin.py:149} INFO - [2024-08-29T20:28:16.356+0000] {dag.py:2726} INFO - Sync 1 DAGs
[2024-08-29T20:28:16.375+0000] {logging_mixin.py:149} INFO - [2024-08-29T20:28:16.375+0000] {dag.py:3486} INFO - Setting next_dagrun for example_trigger_target_dag to None, run_after=None
[2024-08-29T20:28:16.403+0000] {processor.py:179} INFO - Processing /home/airflow-vm/data-engineer-batch-processing-financial-services/.venv/lib/python3.10/site-packages/airflow/example_dags/example_trigger_target_dag.py took 0.073 seconds
[2024-08-29T20:29:42.156+0000] {processor.py:157} INFO - Started process (PID=64615) to work on /home/airflow-vm/data-engineer-batch-processing-financial-services/.venv/lib/python3.10/site-packages/airflow/example_dags/example_trigger_target_dag.py
[2024-08-29T20:29:42.157+0000] {processor.py:826} INFO - Processing file /home/airflow-vm/data-engineer-batch-processing-financial-services/.venv/lib/python3.10/site-packages/airflow/example_dags/example_trigger_target_dag.py for tasks to queue
[2024-08-29T20:29:42.157+0000] {logging_mixin.py:149} INFO - [2024-08-29T20:29:42.157+0000] {dagbag.py:541} INFO - Filling up the DagBag from /home/airflow-vm/data-engineer-batch-processing-financial-services/.venv/lib/python3.10/site-packages/airflow/example_dags/example_trigger_target_dag.py
[2024-08-29T20:29:42.162+0000] {processor.py:836} INFO - DAG(s) dict_keys(['example_trigger_target_dag']) retrieved from /home/airflow-vm/data-engineer-batch-processing-financial-services/.venv/lib/python3.10/site-packages/airflow/example_dags/example_trigger_target_dag.py
[2024-08-29T20:29:42.178+0000] {logging_mixin.py:149} INFO - [2024-08-29T20:29:42.178+0000] {dag.py:2726} INFO - Sync 1 DAGs
[2024-08-29T20:29:42.195+0000] {logging_mixin.py:149} INFO - [2024-08-29T20:29:42.195+0000] {dag.py:3486} INFO - Setting next_dagrun for example_trigger_target_dag to None, run_after=None
[2024-08-29T20:29:42.226+0000] {processor.py:179} INFO - Processing /home/airflow-vm/data-engineer-batch-processing-financial-services/.venv/lib/python3.10/site-packages/airflow/example_dags/example_trigger_target_dag.py took 0.072 seconds
[2024-08-29T20:30:51.472+0000] {processor.py:157} INFO - Started process (PID=65295) to work on /home/airflow-vm/data-engineer-batch-processing-financial-services/.venv/lib/python3.10/site-packages/airflow/example_dags/example_trigger_target_dag.py
[2024-08-29T20:30:51.473+0000] {processor.py:826} INFO - Processing file /home/airflow-vm/data-engineer-batch-processing-financial-services/.venv/lib/python3.10/site-packages/airflow/example_dags/example_trigger_target_dag.py for tasks to queue
[2024-08-29T20:30:51.473+0000] {logging_mixin.py:149} INFO - [2024-08-29T20:30:51.473+0000] {dagbag.py:541} INFO - Filling up the DagBag from /home/airflow-vm/data-engineer-batch-processing-financial-services/.venv/lib/python3.10/site-packages/airflow/example_dags/example_trigger_target_dag.py
[2024-08-29T20:30:51.480+0000] {processor.py:836} INFO - DAG(s) dict_keys(['example_trigger_target_dag']) retrieved from /home/airflow-vm/data-engineer-batch-processing-financial-services/.venv/lib/python3.10/site-packages/airflow/example_dags/example_trigger_target_dag.py
[2024-08-29T20:30:51.487+0000] {logging_mixin.py:149} INFO - [2024-08-29T20:30:51.486+0000] {dag.py:2726} INFO - Sync 1 DAGs
[2024-08-29T20:30:51.507+0000] {logging_mixin.py:149} INFO - [2024-08-29T20:30:51.507+0000] {dag.py:3486} INFO - Setting next_dagrun for example_trigger_target_dag to None, run_after=None
[2024-08-29T20:30:51.536+0000] {processor.py:179} INFO - Processing /home/airflow-vm/data-engineer-batch-processing-financial-services/.venv/lib/python3.10/site-packages/airflow/example_dags/example_trigger_target_dag.py took 0.066 seconds
[2024-08-29T20:32:41.993+0000] {processor.py:157} INFO - Started process (PID=66688) to work on /home/airflow-vm/data-engineer-batch-processing-financial-services/.venv/lib/python3.10/site-packages/airflow/example_dags/example_trigger_target_dag.py
[2024-08-29T20:32:41.994+0000] {processor.py:826} INFO - Processing file /home/airflow-vm/data-engineer-batch-processing-financial-services/.venv/lib/python3.10/site-packages/airflow/example_dags/example_trigger_target_dag.py for tasks to queue
[2024-08-29T20:32:41.995+0000] {logging_mixin.py:149} INFO - [2024-08-29T20:32:41.995+0000] {dagbag.py:541} INFO - Filling up the DagBag from /home/airflow-vm/data-engineer-batch-processing-financial-services/.venv/lib/python3.10/site-packages/airflow/example_dags/example_trigger_target_dag.py
[2024-08-29T20:32:41.999+0000] {processor.py:836} INFO - DAG(s) dict_keys(['example_trigger_target_dag']) retrieved from /home/airflow-vm/data-engineer-batch-processing-financial-services/.venv/lib/python3.10/site-packages/airflow/example_dags/example_trigger_target_dag.py
[2024-08-29T20:32:42.015+0000] {logging_mixin.py:149} INFO - [2024-08-29T20:32:42.015+0000] {dag.py:2726} INFO - Sync 1 DAGs
[2024-08-29T20:32:42.034+0000] {logging_mixin.py:149} INFO - [2024-08-29T20:32:42.034+0000] {dag.py:3486} INFO - Setting next_dagrun for example_trigger_target_dag to None, run_after=None
[2024-08-29T20:32:42.061+0000] {processor.py:179} INFO - Processing /home/airflow-vm/data-engineer-batch-processing-financial-services/.venv/lib/python3.10/site-packages/airflow/example_dags/example_trigger_target_dag.py took 0.070 seconds
[2024-08-29T20:34:04.858+0000] {processor.py:157} INFO - Started process (PID=67730) to work on /home/airflow-vm/data-engineer-batch-processing-financial-services/.venv/lib/python3.10/site-packages/airflow/example_dags/example_trigger_target_dag.py
[2024-08-29T20:34:04.859+0000] {processor.py:826} INFO - Processing file /home/airflow-vm/data-engineer-batch-processing-financial-services/.venv/lib/python3.10/site-packages/airflow/example_dags/example_trigger_target_dag.py for tasks to queue
[2024-08-29T20:34:04.860+0000] {logging_mixin.py:149} INFO - [2024-08-29T20:34:04.860+0000] {dagbag.py:541} INFO - Filling up the DagBag from /home/airflow-vm/data-engineer-batch-processing-financial-services/.venv/lib/python3.10/site-packages/airflow/example_dags/example_trigger_target_dag.py
[2024-08-29T20:34:04.865+0000] {processor.py:836} INFO - DAG(s) dict_keys(['example_trigger_target_dag']) retrieved from /home/airflow-vm/data-engineer-batch-processing-financial-services/.venv/lib/python3.10/site-packages/airflow/example_dags/example_trigger_target_dag.py
[2024-08-29T20:34:04.881+0000] {logging_mixin.py:149} INFO - [2024-08-29T20:34:04.881+0000] {dag.py:2726} INFO - Sync 1 DAGs
[2024-08-29T20:34:04.900+0000] {logging_mixin.py:149} INFO - [2024-08-29T20:34:04.900+0000] {dag.py:3486} INFO - Setting next_dagrun for example_trigger_target_dag to None, run_after=None
[2024-08-29T20:34:04.928+0000] {processor.py:179} INFO - Processing /home/airflow-vm/data-engineer-batch-processing-financial-services/.venv/lib/python3.10/site-packages/airflow/example_dags/example_trigger_target_dag.py took 0.072 seconds
[2024-08-29T20:35:17.691+0000] {processor.py:157} INFO - Started process (PID=68661) to work on /home/airflow-vm/data-engineer-batch-processing-financial-services/.venv/lib/python3.10/site-packages/airflow/example_dags/example_trigger_target_dag.py
[2024-08-29T20:35:17.692+0000] {processor.py:826} INFO - Processing file /home/airflow-vm/data-engineer-batch-processing-financial-services/.venv/lib/python3.10/site-packages/airflow/example_dags/example_trigger_target_dag.py for tasks to queue
[2024-08-29T20:35:17.692+0000] {logging_mixin.py:149} INFO - [2024-08-29T20:35:17.692+0000] {dagbag.py:541} INFO - Filling up the DagBag from /home/airflow-vm/data-engineer-batch-processing-financial-services/.venv/lib/python3.10/site-packages/airflow/example_dags/example_trigger_target_dag.py
[2024-08-29T20:35:17.700+0000] {processor.py:836} INFO - DAG(s) dict_keys(['example_trigger_target_dag']) retrieved from /home/airflow-vm/data-engineer-batch-processing-financial-services/.venv/lib/python3.10/site-packages/airflow/example_dags/example_trigger_target_dag.py
[2024-08-29T20:35:17.721+0000] {logging_mixin.py:149} INFO - [2024-08-29T20:35:17.721+0000] {dag.py:2726} INFO - Sync 1 DAGs
[2024-08-29T20:35:17.742+0000] {logging_mixin.py:149} INFO - [2024-08-29T20:35:17.742+0000] {dag.py:3486} INFO - Setting next_dagrun for example_trigger_target_dag to None, run_after=None
[2024-08-29T20:35:17.772+0000] {processor.py:179} INFO - Processing /home/airflow-vm/data-engineer-batch-processing-financial-services/.venv/lib/python3.10/site-packages/airflow/example_dags/example_trigger_target_dag.py took 0.084 seconds
[2024-08-29T20:37:12.873+0000] {processor.py:157} INFO - Started process (PID=70111) to work on /home/airflow-vm/data-engineer-batch-processing-financial-services/.venv/lib/python3.10/site-packages/airflow/example_dags/example_trigger_target_dag.py
[2024-08-29T20:37:12.874+0000] {processor.py:826} INFO - Processing file /home/airflow-vm/data-engineer-batch-processing-financial-services/.venv/lib/python3.10/site-packages/airflow/example_dags/example_trigger_target_dag.py for tasks to queue
[2024-08-29T20:37:12.875+0000] {logging_mixin.py:149} INFO - [2024-08-29T20:37:12.875+0000] {dagbag.py:541} INFO - Filling up the DagBag from /home/airflow-vm/data-engineer-batch-processing-financial-services/.venv/lib/python3.10/site-packages/airflow/example_dags/example_trigger_target_dag.py
[2024-08-29T20:37:12.879+0000] {processor.py:836} INFO - DAG(s) dict_keys(['example_trigger_target_dag']) retrieved from /home/airflow-vm/data-engineer-batch-processing-financial-services/.venv/lib/python3.10/site-packages/airflow/example_dags/example_trigger_target_dag.py
[2024-08-29T20:37:12.895+0000] {logging_mixin.py:149} INFO - [2024-08-29T20:37:12.895+0000] {dag.py:2726} INFO - Sync 1 DAGs
[2024-08-29T20:37:12.914+0000] {logging_mixin.py:149} INFO - [2024-08-29T20:37:12.914+0000] {dag.py:3486} INFO - Setting next_dagrun for example_trigger_target_dag to None, run_after=None
[2024-08-29T20:37:12.942+0000] {processor.py:179} INFO - Processing /home/airflow-vm/data-engineer-batch-processing-financial-services/.venv/lib/python3.10/site-packages/airflow/example_dags/example_trigger_target_dag.py took 0.071 seconds
[2024-08-29T20:38:37.880+0000] {processor.py:157} INFO - Started process (PID=71286) to work on /home/airflow-vm/data-engineer-batch-processing-financial-services/.venv/lib/python3.10/site-packages/airflow/example_dags/example_trigger_target_dag.py
[2024-08-29T20:38:37.881+0000] {processor.py:826} INFO - Processing file /home/airflow-vm/data-engineer-batch-processing-financial-services/.venv/lib/python3.10/site-packages/airflow/example_dags/example_trigger_target_dag.py for tasks to queue
[2024-08-29T20:38:37.881+0000] {logging_mixin.py:149} INFO - [2024-08-29T20:38:37.881+0000] {dagbag.py:541} INFO - Filling up the DagBag from /home/airflow-vm/data-engineer-batch-processing-financial-services/.venv/lib/python3.10/site-packages/airflow/example_dags/example_trigger_target_dag.py
[2024-08-29T20:38:37.886+0000] {processor.py:836} INFO - DAG(s) dict_keys(['example_trigger_target_dag']) retrieved from /home/airflow-vm/data-engineer-batch-processing-financial-services/.venv/lib/python3.10/site-packages/airflow/example_dags/example_trigger_target_dag.py
[2024-08-29T20:38:37.904+0000] {logging_mixin.py:149} INFO - [2024-08-29T20:38:37.904+0000] {dag.py:2726} INFO - Sync 1 DAGs
[2024-08-29T20:38:37.923+0000] {logging_mixin.py:149} INFO - [2024-08-29T20:38:37.923+0000] {dag.py:3486} INFO - Setting next_dagrun for example_trigger_target_dag to None, run_after=None
[2024-08-29T20:38:37.951+0000] {processor.py:179} INFO - Processing /home/airflow-vm/data-engineer-batch-processing-financial-services/.venv/lib/python3.10/site-packages/airflow/example_dags/example_trigger_target_dag.py took 0.074 seconds
