[2024-08-29T19:48:13.047+0000] {processor.py:157} INFO - Started process (PID=49200) to work on /home/airflow-vm/data-engineer-batch-processing-financial-services/.venv/lib/python3.10/site-packages/airflow/example_dags/example_nested_branch_dag.py
[2024-08-29T19:48:13.048+0000] {processor.py:826} INFO - Processing file /home/airflow-vm/data-engineer-batch-processing-financial-services/.venv/lib/python3.10/site-packages/airflow/example_dags/example_nested_branch_dag.py for tasks to queue
[2024-08-29T19:48:13.049+0000] {logging_mixin.py:149} INFO - [2024-08-29T19:48:13.049+0000] {dagbag.py:541} INFO - Filling up the DagBag from /home/airflow-vm/data-engineer-batch-processing-financial-services/.venv/lib/python3.10/site-packages/airflow/example_dags/example_nested_branch_dag.py
[2024-08-29T19:48:13.060+0000] {processor.py:836} INFO - DAG(s) dict_keys(['example_nested_branch_dag']) retrieved from /home/airflow-vm/data-engineer-batch-processing-financial-services/.venv/lib/python3.10/site-packages/airflow/example_dags/example_nested_branch_dag.py
[2024-08-29T19:48:13.176+0000] {logging_mixin.py:149} INFO - [2024-08-29T19:48:13.175+0000] {manager.py:504} INFO - Created Permission View: can delete on DAG:example_nested_branch_dag
[2024-08-29T19:48:13.194+0000] {logging_mixin.py:149} INFO - [2024-08-29T19:48:13.193+0000] {manager.py:504} INFO - Created Permission View: can edit on DAG:example_nested_branch_dag
[2024-08-29T19:48:13.210+0000] {logging_mixin.py:149} INFO - [2024-08-29T19:48:13.210+0000] {manager.py:504} INFO - Created Permission View: can read on DAG:example_nested_branch_dag
[2024-08-29T19:48:13.210+0000] {logging_mixin.py:149} INFO - [2024-08-29T19:48:13.210+0000] {dag.py:2726} INFO - Sync 1 DAGs
[2024-08-29T19:48:13.220+0000] {logging_mixin.py:149} INFO - [2024-08-29T19:48:13.220+0000] {dag.py:2747} INFO - Creating ORM DAG for example_nested_branch_dag
[2024-08-29T19:48:13.231+0000] {logging_mixin.py:149} INFO - [2024-08-29T19:48:13.231+0000] {dag.py:3486} INFO - Setting next_dagrun for example_nested_branch_dag to 2024-08-28T00:00:00+00:00, run_after=2024-08-29T00:00:00+00:00
[2024-08-29T19:48:13.261+0000] {processor.py:179} INFO - Processing /home/airflow-vm/data-engineer-batch-processing-financial-services/.venv/lib/python3.10/site-packages/airflow/example_dags/example_nested_branch_dag.py took 0.216 seconds
[2024-08-29T19:49:00.686+0000] {processor.py:157} INFO - Started process (PID=49536) to work on /home/airflow-vm/data-engineer-batch-processing-financial-services/.venv/lib/python3.10/site-packages/airflow/example_dags/example_nested_branch_dag.py
[2024-08-29T19:49:00.687+0000] {processor.py:826} INFO - Processing file /home/airflow-vm/data-engineer-batch-processing-financial-services/.venv/lib/python3.10/site-packages/airflow/example_dags/example_nested_branch_dag.py for tasks to queue
[2024-08-29T19:49:00.688+0000] {logging_mixin.py:149} INFO - [2024-08-29T19:49:00.688+0000] {dagbag.py:541} INFO - Filling up the DagBag from /home/airflow-vm/data-engineer-batch-processing-financial-services/.venv/lib/python3.10/site-packages/airflow/example_dags/example_nested_branch_dag.py
[2024-08-29T19:49:00.698+0000] {processor.py:836} INFO - DAG(s) dict_keys(['example_nested_branch_dag']) retrieved from /home/airflow-vm/data-engineer-batch-processing-financial-services/.venv/lib/python3.10/site-packages/airflow/example_dags/example_nested_branch_dag.py
[2024-08-29T19:49:00.721+0000] {logging_mixin.py:149} INFO - [2024-08-29T19:49:00.721+0000] {dag.py:2726} INFO - Sync 1 DAGs
[2024-08-29T19:49:00.743+0000] {logging_mixin.py:149} INFO - [2024-08-29T19:49:00.743+0000] {dag.py:3486} INFO - Setting next_dagrun for example_nested_branch_dag to 2024-08-28T00:00:00+00:00, run_after=2024-08-29T00:00:00+00:00
[2024-08-29T19:49:00.779+0000] {processor.py:179} INFO - Processing /home/airflow-vm/data-engineer-batch-processing-financial-services/.venv/lib/python3.10/site-packages/airflow/example_dags/example_nested_branch_dag.py took 0.095 seconds
[2024-08-29T19:49:49.901+0000] {processor.py:157} INFO - Started process (PID=49730) to work on /home/airflow-vm/data-engineer-batch-processing-financial-services/.venv/lib/python3.10/site-packages/airflow/example_dags/example_nested_branch_dag.py
[2024-08-29T19:49:49.901+0000] {processor.py:826} INFO - Processing file /home/airflow-vm/data-engineer-batch-processing-financial-services/.venv/lib/python3.10/site-packages/airflow/example_dags/example_nested_branch_dag.py for tasks to queue
[2024-08-29T19:49:49.902+0000] {logging_mixin.py:149} INFO - [2024-08-29T19:49:49.902+0000] {dagbag.py:541} INFO - Filling up the DagBag from /home/airflow-vm/data-engineer-batch-processing-financial-services/.venv/lib/python3.10/site-packages/airflow/example_dags/example_nested_branch_dag.py
[2024-08-29T19:49:49.911+0000] {processor.py:836} INFO - DAG(s) dict_keys(['example_nested_branch_dag']) retrieved from /home/airflow-vm/data-engineer-batch-processing-financial-services/.venv/lib/python3.10/site-packages/airflow/example_dags/example_nested_branch_dag.py
[2024-08-29T19:49:49.930+0000] {logging_mixin.py:149} INFO - [2024-08-29T19:49:49.930+0000] {dag.py:2726} INFO - Sync 1 DAGs
[2024-08-29T19:49:49.951+0000] {logging_mixin.py:149} INFO - [2024-08-29T19:49:49.951+0000] {dag.py:3486} INFO - Setting next_dagrun for example_nested_branch_dag to 2024-08-28T00:00:00+00:00, run_after=2024-08-29T00:00:00+00:00
[2024-08-29T19:49:49.979+0000] {processor.py:179} INFO - Processing /home/airflow-vm/data-engineer-batch-processing-financial-services/.venv/lib/python3.10/site-packages/airflow/example_dags/example_nested_branch_dag.py took 0.080 seconds
[2024-08-29T19:50:40.136+0000] {processor.py:157} INFO - Started process (PID=50023) to work on /home/airflow-vm/data-engineer-batch-processing-financial-services/.venv/lib/python3.10/site-packages/airflow/example_dags/example_nested_branch_dag.py
[2024-08-29T19:50:40.136+0000] {processor.py:826} INFO - Processing file /home/airflow-vm/data-engineer-batch-processing-financial-services/.venv/lib/python3.10/site-packages/airflow/example_dags/example_nested_branch_dag.py for tasks to queue
[2024-08-29T19:50:40.137+0000] {logging_mixin.py:149} INFO - [2024-08-29T19:50:40.137+0000] {dagbag.py:541} INFO - Filling up the DagBag from /home/airflow-vm/data-engineer-batch-processing-financial-services/.venv/lib/python3.10/site-packages/airflow/example_dags/example_nested_branch_dag.py
[2024-08-29T19:50:40.146+0000] {processor.py:836} INFO - DAG(s) dict_keys(['example_nested_branch_dag']) retrieved from /home/airflow-vm/data-engineer-batch-processing-financial-services/.venv/lib/python3.10/site-packages/airflow/example_dags/example_nested_branch_dag.py
[2024-08-29T19:50:40.164+0000] {logging_mixin.py:149} INFO - [2024-08-29T19:50:40.164+0000] {dag.py:2726} INFO - Sync 1 DAGs
[2024-08-29T19:50:40.184+0000] {logging_mixin.py:149} INFO - [2024-08-29T19:50:40.184+0000] {dag.py:3486} INFO - Setting next_dagrun for example_nested_branch_dag to 2024-08-28T00:00:00+00:00, run_after=2024-08-29T00:00:00+00:00
[2024-08-29T19:50:40.215+0000] {processor.py:179} INFO - Processing /home/airflow-vm/data-engineer-batch-processing-financial-services/.venv/lib/python3.10/site-packages/airflow/example_dags/example_nested_branch_dag.py took 0.082 seconds
[2024-08-29T19:51:26.255+0000] {processor.py:157} INFO - Started process (PID=50684) to work on /home/airflow-vm/data-engineer-batch-processing-financial-services/.venv/lib/python3.10/site-packages/airflow/example_dags/example_nested_branch_dag.py
[2024-08-29T19:51:26.256+0000] {processor.py:826} INFO - Processing file /home/airflow-vm/data-engineer-batch-processing-financial-services/.venv/lib/python3.10/site-packages/airflow/example_dags/example_nested_branch_dag.py for tasks to queue
[2024-08-29T19:51:26.257+0000] {logging_mixin.py:149} INFO - [2024-08-29T19:51:26.257+0000] {dagbag.py:541} INFO - Filling up the DagBag from /home/airflow-vm/data-engineer-batch-processing-financial-services/.venv/lib/python3.10/site-packages/airflow/example_dags/example_nested_branch_dag.py
[2024-08-29T19:51:26.266+0000] {processor.py:836} INFO - DAG(s) dict_keys(['example_nested_branch_dag']) retrieved from /home/airflow-vm/data-engineer-batch-processing-financial-services/.venv/lib/python3.10/site-packages/airflow/example_dags/example_nested_branch_dag.py
[2024-08-29T19:51:26.288+0000] {logging_mixin.py:149} INFO - [2024-08-29T19:51:26.288+0000] {dag.py:2726} INFO - Sync 1 DAGs
[2024-08-29T19:51:26.311+0000] {logging_mixin.py:149} INFO - [2024-08-29T19:51:26.310+0000] {dag.py:3486} INFO - Setting next_dagrun for example_nested_branch_dag to 2024-08-28T00:00:00+00:00, run_after=2024-08-29T00:00:00+00:00
[2024-08-29T19:51:26.349+0000] {processor.py:179} INFO - Processing /home/airflow-vm/data-engineer-batch-processing-financial-services/.venv/lib/python3.10/site-packages/airflow/example_dags/example_nested_branch_dag.py took 0.097 seconds
[2024-08-29T19:52:14.384+0000] {processor.py:157} INFO - Started process (PID=50909) to work on /home/airflow-vm/data-engineer-batch-processing-financial-services/.venv/lib/python3.10/site-packages/airflow/example_dags/example_nested_branch_dag.py
[2024-08-29T19:52:14.385+0000] {processor.py:826} INFO - Processing file /home/airflow-vm/data-engineer-batch-processing-financial-services/.venv/lib/python3.10/site-packages/airflow/example_dags/example_nested_branch_dag.py for tasks to queue
[2024-08-29T19:52:14.386+0000] {logging_mixin.py:149} INFO - [2024-08-29T19:52:14.386+0000] {dagbag.py:541} INFO - Filling up the DagBag from /home/airflow-vm/data-engineer-batch-processing-financial-services/.venv/lib/python3.10/site-packages/airflow/example_dags/example_nested_branch_dag.py
[2024-08-29T19:52:14.395+0000] {processor.py:836} INFO - DAG(s) dict_keys(['example_nested_branch_dag']) retrieved from /home/airflow-vm/data-engineer-batch-processing-financial-services/.venv/lib/python3.10/site-packages/airflow/example_dags/example_nested_branch_dag.py
[2024-08-29T19:52:14.414+0000] {logging_mixin.py:149} INFO - [2024-08-29T19:52:14.414+0000] {dag.py:2726} INFO - Sync 1 DAGs
[2024-08-29T19:52:14.435+0000] {logging_mixin.py:149} INFO - [2024-08-29T19:52:14.435+0000] {dag.py:3486} INFO - Setting next_dagrun for example_nested_branch_dag to 2024-08-28T00:00:00+00:00, run_after=2024-08-29T00:00:00+00:00
[2024-08-29T19:52:14.464+0000] {processor.py:179} INFO - Processing /home/airflow-vm/data-engineer-batch-processing-financial-services/.venv/lib/python3.10/site-packages/airflow/example_dags/example_nested_branch_dag.py took 0.082 seconds
[2024-08-29T19:52:58.045+0000] {processor.py:157} INFO - Started process (PID=50999) to work on /home/airflow-vm/data-engineer-batch-processing-financial-services/.venv/lib/python3.10/site-packages/airflow/example_dags/example_nested_branch_dag.py
[2024-08-29T19:52:58.046+0000] {processor.py:826} INFO - Processing file /home/airflow-vm/data-engineer-batch-processing-financial-services/.venv/lib/python3.10/site-packages/airflow/example_dags/example_nested_branch_dag.py for tasks to queue
[2024-08-29T19:52:58.046+0000] {logging_mixin.py:149} INFO - [2024-08-29T19:52:58.046+0000] {dagbag.py:541} INFO - Filling up the DagBag from /home/airflow-vm/data-engineer-batch-processing-financial-services/.venv/lib/python3.10/site-packages/airflow/example_dags/example_nested_branch_dag.py
[2024-08-29T19:52:58.056+0000] {processor.py:836} INFO - DAG(s) dict_keys(['example_nested_branch_dag']) retrieved from /home/airflow-vm/data-engineer-batch-processing-financial-services/.venv/lib/python3.10/site-packages/airflow/example_dags/example_nested_branch_dag.py
[2024-08-29T19:52:58.075+0000] {logging_mixin.py:149} INFO - [2024-08-29T19:52:58.075+0000] {dag.py:2726} INFO - Sync 1 DAGs
[2024-08-29T19:52:58.096+0000] {logging_mixin.py:149} INFO - [2024-08-29T19:52:58.096+0000] {dag.py:3486} INFO - Setting next_dagrun for example_nested_branch_dag to 2024-08-28T00:00:00+00:00, run_after=2024-08-29T00:00:00+00:00
[2024-08-29T19:52:58.128+0000] {processor.py:179} INFO - Processing /home/airflow-vm/data-engineer-batch-processing-financial-services/.venv/lib/python3.10/site-packages/airflow/example_dags/example_nested_branch_dag.py took 0.086 seconds
[2024-08-29T19:53:43.505+0000] {processor.py:157} INFO - Started process (PID=51151) to work on /home/airflow-vm/data-engineer-batch-processing-financial-services/.venv/lib/python3.10/site-packages/airflow/example_dags/example_nested_branch_dag.py
[2024-08-29T19:53:43.506+0000] {processor.py:826} INFO - Processing file /home/airflow-vm/data-engineer-batch-processing-financial-services/.venv/lib/python3.10/site-packages/airflow/example_dags/example_nested_branch_dag.py for tasks to queue
[2024-08-29T19:53:43.506+0000] {logging_mixin.py:149} INFO - [2024-08-29T19:53:43.506+0000] {dagbag.py:541} INFO - Filling up the DagBag from /home/airflow-vm/data-engineer-batch-processing-financial-services/.venv/lib/python3.10/site-packages/airflow/example_dags/example_nested_branch_dag.py
[2024-08-29T19:53:43.515+0000] {processor.py:836} INFO - DAG(s) dict_keys(['example_nested_branch_dag']) retrieved from /home/airflow-vm/data-engineer-batch-processing-financial-services/.venv/lib/python3.10/site-packages/airflow/example_dags/example_nested_branch_dag.py
[2024-08-29T19:53:43.535+0000] {logging_mixin.py:149} INFO - [2024-08-29T19:53:43.534+0000] {dag.py:2726} INFO - Sync 1 DAGs
[2024-08-29T19:53:43.556+0000] {logging_mixin.py:149} INFO - [2024-08-29T19:53:43.556+0000] {dag.py:3486} INFO - Setting next_dagrun for example_nested_branch_dag to 2024-08-28T00:00:00+00:00, run_after=2024-08-29T00:00:00+00:00
[2024-08-29T19:53:43.585+0000] {processor.py:179} INFO - Processing /home/airflow-vm/data-engineer-batch-processing-financial-services/.venv/lib/python3.10/site-packages/airflow/example_dags/example_nested_branch_dag.py took 0.082 seconds
[2024-08-29T19:54:30.398+0000] {processor.py:157} INFO - Started process (PID=51283) to work on /home/airflow-vm/data-engineer-batch-processing-financial-services/.venv/lib/python3.10/site-packages/airflow/example_dags/example_nested_branch_dag.py
[2024-08-29T19:54:30.399+0000] {processor.py:826} INFO - Processing file /home/airflow-vm/data-engineer-batch-processing-financial-services/.venv/lib/python3.10/site-packages/airflow/example_dags/example_nested_branch_dag.py for tasks to queue
[2024-08-29T19:54:30.400+0000] {logging_mixin.py:149} INFO - [2024-08-29T19:54:30.399+0000] {dagbag.py:541} INFO - Filling up the DagBag from /home/airflow-vm/data-engineer-batch-processing-financial-services/.venv/lib/python3.10/site-packages/airflow/example_dags/example_nested_branch_dag.py
[2024-08-29T19:54:30.408+0000] {processor.py:836} INFO - DAG(s) dict_keys(['example_nested_branch_dag']) retrieved from /home/airflow-vm/data-engineer-batch-processing-financial-services/.venv/lib/python3.10/site-packages/airflow/example_dags/example_nested_branch_dag.py
[2024-08-29T19:54:30.427+0000] {logging_mixin.py:149} INFO - [2024-08-29T19:54:30.427+0000] {dag.py:2726} INFO - Sync 1 DAGs
[2024-08-29T19:54:30.447+0000] {logging_mixin.py:149} INFO - [2024-08-29T19:54:30.447+0000] {dag.py:3486} INFO - Setting next_dagrun for example_nested_branch_dag to 2024-08-28T00:00:00+00:00, run_after=2024-08-29T00:00:00+00:00
[2024-08-29T19:54:30.474+0000] {processor.py:179} INFO - Processing /home/airflow-vm/data-engineer-batch-processing-financial-services/.venv/lib/python3.10/site-packages/airflow/example_dags/example_nested_branch_dag.py took 0.079 seconds
[2024-08-29T19:55:18.668+0000] {processor.py:157} INFO - Started process (PID=51635) to work on /home/airflow-vm/data-engineer-batch-processing-financial-services/.venv/lib/python3.10/site-packages/airflow/example_dags/example_nested_branch_dag.py
[2024-08-29T19:55:18.669+0000] {processor.py:826} INFO - Processing file /home/airflow-vm/data-engineer-batch-processing-financial-services/.venv/lib/python3.10/site-packages/airflow/example_dags/example_nested_branch_dag.py for tasks to queue
[2024-08-29T19:55:18.669+0000] {logging_mixin.py:149} INFO - [2024-08-29T19:55:18.669+0000] {dagbag.py:541} INFO - Filling up the DagBag from /home/airflow-vm/data-engineer-batch-processing-financial-services/.venv/lib/python3.10/site-packages/airflow/example_dags/example_nested_branch_dag.py
[2024-08-29T19:55:18.679+0000] {processor.py:836} INFO - DAG(s) dict_keys(['example_nested_branch_dag']) retrieved from /home/airflow-vm/data-engineer-batch-processing-financial-services/.venv/lib/python3.10/site-packages/airflow/example_dags/example_nested_branch_dag.py
[2024-08-29T19:55:18.699+0000] {logging_mixin.py:149} INFO - [2024-08-29T19:55:18.699+0000] {dag.py:2726} INFO - Sync 1 DAGs
[2024-08-29T19:55:18.721+0000] {logging_mixin.py:149} INFO - [2024-08-29T19:55:18.721+0000] {dag.py:3486} INFO - Setting next_dagrun for example_nested_branch_dag to 2024-08-28T00:00:00+00:00, run_after=2024-08-29T00:00:00+00:00
[2024-08-29T19:55:18.752+0000] {processor.py:179} INFO - Processing /home/airflow-vm/data-engineer-batch-processing-financial-services/.venv/lib/python3.10/site-packages/airflow/example_dags/example_nested_branch_dag.py took 0.087 seconds
[2024-08-29T20:12:03.709+0000] {processor.py:157} INFO - Started process (PID=56476) to work on /home/airflow-vm/data-engineer-batch-processing-financial-services/.venv/lib/python3.10/site-packages/airflow/example_dags/example_nested_branch_dag.py
[2024-08-29T20:12:03.710+0000] {processor.py:826} INFO - Processing file /home/airflow-vm/data-engineer-batch-processing-financial-services/.venv/lib/python3.10/site-packages/airflow/example_dags/example_nested_branch_dag.py for tasks to queue
[2024-08-29T20:12:03.710+0000] {logging_mixin.py:149} INFO - [2024-08-29T20:12:03.710+0000] {dagbag.py:541} INFO - Filling up the DagBag from /home/airflow-vm/data-engineer-batch-processing-financial-services/.venv/lib/python3.10/site-packages/airflow/example_dags/example_nested_branch_dag.py
[2024-08-29T20:12:03.721+0000] {processor.py:836} INFO - DAG(s) dict_keys(['example_nested_branch_dag']) retrieved from /home/airflow-vm/data-engineer-batch-processing-financial-services/.venv/lib/python3.10/site-packages/airflow/example_dags/example_nested_branch_dag.py
[2024-08-29T20:12:03.739+0000] {logging_mixin.py:149} INFO - [2024-08-29T20:12:03.739+0000] {dag.py:2726} INFO - Sync 1 DAGs
[2024-08-29T20:12:03.760+0000] {logging_mixin.py:149} INFO - [2024-08-29T20:12:03.760+0000] {dag.py:3486} INFO - Setting next_dagrun for example_nested_branch_dag to 2024-08-28T00:00:00+00:00, run_after=2024-08-29T00:00:00+00:00
[2024-08-29T20:12:03.787+0000] {processor.py:179} INFO - Processing /home/airflow-vm/data-engineer-batch-processing-financial-services/.venv/lib/python3.10/site-packages/airflow/example_dags/example_nested_branch_dag.py took 0.080 seconds
[2024-08-29T20:12:49.348+0000] {processor.py:157} INFO - Started process (PID=56797) to work on /home/airflow-vm/data-engineer-batch-processing-financial-services/.venv/lib/python3.10/site-packages/airflow/example_dags/example_nested_branch_dag.py
[2024-08-29T20:12:49.349+0000] {processor.py:826} INFO - Processing file /home/airflow-vm/data-engineer-batch-processing-financial-services/.venv/lib/python3.10/site-packages/airflow/example_dags/example_nested_branch_dag.py for tasks to queue
[2024-08-29T20:12:49.349+0000] {logging_mixin.py:149} INFO - [2024-08-29T20:12:49.349+0000] {dagbag.py:541} INFO - Filling up the DagBag from /home/airflow-vm/data-engineer-batch-processing-financial-services/.venv/lib/python3.10/site-packages/airflow/example_dags/example_nested_branch_dag.py
[2024-08-29T20:12:49.358+0000] {processor.py:836} INFO - DAG(s) dict_keys(['example_nested_branch_dag']) retrieved from /home/airflow-vm/data-engineer-batch-processing-financial-services/.venv/lib/python3.10/site-packages/airflow/example_dags/example_nested_branch_dag.py
[2024-08-29T20:12:49.376+0000] {logging_mixin.py:149} INFO - [2024-08-29T20:12:49.376+0000] {dag.py:2726} INFO - Sync 1 DAGs
[2024-08-29T20:12:49.397+0000] {logging_mixin.py:149} INFO - [2024-08-29T20:12:49.396+0000] {dag.py:3486} INFO - Setting next_dagrun for example_nested_branch_dag to 2024-08-28T00:00:00+00:00, run_after=2024-08-29T00:00:00+00:00
[2024-08-29T20:12:49.424+0000] {processor.py:179} INFO - Processing /home/airflow-vm/data-engineer-batch-processing-financial-services/.venv/lib/python3.10/site-packages/airflow/example_dags/example_nested_branch_dag.py took 0.078 seconds
[2024-08-29T20:15:30.188+0000] {processor.py:157} INFO - Started process (PID=57574) to work on /home/airflow-vm/data-engineer-batch-processing-financial-services/.venv/lib/python3.10/site-packages/airflow/example_dags/example_nested_branch_dag.py
[2024-08-29T20:15:30.189+0000] {processor.py:826} INFO - Processing file /home/airflow-vm/data-engineer-batch-processing-financial-services/.venv/lib/python3.10/site-packages/airflow/example_dags/example_nested_branch_dag.py for tasks to queue
[2024-08-29T20:15:30.189+0000] {logging_mixin.py:149} INFO - [2024-08-29T20:15:30.189+0000] {dagbag.py:541} INFO - Filling up the DagBag from /home/airflow-vm/data-engineer-batch-processing-financial-services/.venv/lib/python3.10/site-packages/airflow/example_dags/example_nested_branch_dag.py
[2024-08-29T20:15:30.200+0000] {processor.py:836} INFO - DAG(s) dict_keys(['example_nested_branch_dag']) retrieved from /home/airflow-vm/data-engineer-batch-processing-financial-services/.venv/lib/python3.10/site-packages/airflow/example_dags/example_nested_branch_dag.py
[2024-08-29T20:15:30.218+0000] {logging_mixin.py:149} INFO - [2024-08-29T20:15:30.218+0000] {dag.py:2726} INFO - Sync 1 DAGs
[2024-08-29T20:15:30.238+0000] {logging_mixin.py:149} INFO - [2024-08-29T20:15:30.238+0000] {dag.py:3486} INFO - Setting next_dagrun for example_nested_branch_dag to 2024-08-28T00:00:00+00:00, run_after=2024-08-29T00:00:00+00:00
[2024-08-29T20:15:30.265+0000] {processor.py:179} INFO - Processing /home/airflow-vm/data-engineer-batch-processing-financial-services/.venv/lib/python3.10/site-packages/airflow/example_dags/example_nested_branch_dag.py took 0.080 seconds
[2024-08-29T20:16:19.555+0000] {processor.py:157} INFO - Started process (PID=58035) to work on /home/airflow-vm/data-engineer-batch-processing-financial-services/.venv/lib/python3.10/site-packages/airflow/example_dags/example_nested_branch_dag.py
[2024-08-29T20:16:19.556+0000] {processor.py:826} INFO - Processing file /home/airflow-vm/data-engineer-batch-processing-financial-services/.venv/lib/python3.10/site-packages/airflow/example_dags/example_nested_branch_dag.py for tasks to queue
[2024-08-29T20:16:19.557+0000] {logging_mixin.py:149} INFO - [2024-08-29T20:16:19.557+0000] {dagbag.py:541} INFO - Filling up the DagBag from /home/airflow-vm/data-engineer-batch-processing-financial-services/.venv/lib/python3.10/site-packages/airflow/example_dags/example_nested_branch_dag.py
[2024-08-29T20:16:19.566+0000] {processor.py:836} INFO - DAG(s) dict_keys(['example_nested_branch_dag']) retrieved from /home/airflow-vm/data-engineer-batch-processing-financial-services/.venv/lib/python3.10/site-packages/airflow/example_dags/example_nested_branch_dag.py
[2024-08-29T20:16:19.586+0000] {logging_mixin.py:149} INFO - [2024-08-29T20:16:19.586+0000] {dag.py:2726} INFO - Sync 1 DAGs
[2024-08-29T20:16:19.607+0000] {logging_mixin.py:149} INFO - [2024-08-29T20:16:19.606+0000] {dag.py:3486} INFO - Setting next_dagrun for example_nested_branch_dag to 2024-08-28T00:00:00+00:00, run_after=2024-08-29T00:00:00+00:00
[2024-08-29T20:16:19.638+0000] {processor.py:179} INFO - Processing /home/airflow-vm/data-engineer-batch-processing-financial-services/.venv/lib/python3.10/site-packages/airflow/example_dags/example_nested_branch_dag.py took 0.084 seconds
[2024-08-29T20:24:52.165+0000] {processor.py:157} INFO - Started process (PID=61590) to work on /home/airflow-vm/data-engineer-batch-processing-financial-services/.venv/lib/python3.10/site-packages/airflow/example_dags/example_nested_branch_dag.py
[2024-08-29T20:24:52.166+0000] {processor.py:826} INFO - Processing file /home/airflow-vm/data-engineer-batch-processing-financial-services/.venv/lib/python3.10/site-packages/airflow/example_dags/example_nested_branch_dag.py for tasks to queue
[2024-08-29T20:24:52.166+0000] {logging_mixin.py:149} INFO - [2024-08-29T20:24:52.166+0000] {dagbag.py:541} INFO - Filling up the DagBag from /home/airflow-vm/data-engineer-batch-processing-financial-services/.venv/lib/python3.10/site-packages/airflow/example_dags/example_nested_branch_dag.py
[2024-08-29T20:24:52.177+0000] {processor.py:836} INFO - DAG(s) dict_keys(['example_nested_branch_dag']) retrieved from /home/airflow-vm/data-engineer-batch-processing-financial-services/.venv/lib/python3.10/site-packages/airflow/example_dags/example_nested_branch_dag.py
[2024-08-29T20:24:52.196+0000] {logging_mixin.py:149} INFO - [2024-08-29T20:24:52.195+0000] {dag.py:2726} INFO - Sync 1 DAGs
[2024-08-29T20:24:52.217+0000] {logging_mixin.py:149} INFO - [2024-08-29T20:24:52.216+0000] {dag.py:3486} INFO - Setting next_dagrun for example_nested_branch_dag to 2024-08-28T00:00:00+00:00, run_after=2024-08-29T00:00:00+00:00
[2024-08-29T20:24:52.247+0000] {processor.py:179} INFO - Processing /home/airflow-vm/data-engineer-batch-processing-financial-services/.venv/lib/python3.10/site-packages/airflow/example_dags/example_nested_branch_dag.py took 0.085 seconds
[2024-08-29T20:26:58.721+0000] {processor.py:157} INFO - Started process (PID=63225) to work on /home/airflow-vm/data-engineer-batch-processing-financial-services/.venv/lib/python3.10/site-packages/airflow/example_dags/example_nested_branch_dag.py
[2024-08-29T20:26:58.722+0000] {processor.py:826} INFO - Processing file /home/airflow-vm/data-engineer-batch-processing-financial-services/.venv/lib/python3.10/site-packages/airflow/example_dags/example_nested_branch_dag.py for tasks to queue
[2024-08-29T20:26:58.722+0000] {logging_mixin.py:149} INFO - [2024-08-29T20:26:58.722+0000] {dagbag.py:541} INFO - Filling up the DagBag from /home/airflow-vm/data-engineer-batch-processing-financial-services/.venv/lib/python3.10/site-packages/airflow/example_dags/example_nested_branch_dag.py
[2024-08-29T20:26:58.731+0000] {processor.py:836} INFO - DAG(s) dict_keys(['example_nested_branch_dag']) retrieved from /home/airflow-vm/data-engineer-batch-processing-financial-services/.venv/lib/python3.10/site-packages/airflow/example_dags/example_nested_branch_dag.py
[2024-08-29T20:26:58.751+0000] {logging_mixin.py:149} INFO - [2024-08-29T20:26:58.750+0000] {dag.py:2726} INFO - Sync 1 DAGs
[2024-08-29T20:26:58.771+0000] {logging_mixin.py:149} INFO - [2024-08-29T20:26:58.771+0000] {dag.py:3486} INFO - Setting next_dagrun for example_nested_branch_dag to 2024-08-28T00:00:00+00:00, run_after=2024-08-29T00:00:00+00:00
[2024-08-29T20:26:58.821+0000] {processor.py:179} INFO - Processing /home/airflow-vm/data-engineer-batch-processing-financial-services/.venv/lib/python3.10/site-packages/airflow/example_dags/example_nested_branch_dag.py took 0.102 seconds
[2024-08-29T20:27:43.571+0000] {processor.py:157} INFO - Started process (PID=63536) to work on /home/airflow-vm/data-engineer-batch-processing-financial-services/.venv/lib/python3.10/site-packages/airflow/example_dags/example_nested_branch_dag.py
[2024-08-29T20:27:43.571+0000] {processor.py:826} INFO - Processing file /home/airflow-vm/data-engineer-batch-processing-financial-services/.venv/lib/python3.10/site-packages/airflow/example_dags/example_nested_branch_dag.py for tasks to queue
[2024-08-29T20:27:43.572+0000] {logging_mixin.py:149} INFO - [2024-08-29T20:27:43.572+0000] {dagbag.py:541} INFO - Filling up the DagBag from /home/airflow-vm/data-engineer-batch-processing-financial-services/.venv/lib/python3.10/site-packages/airflow/example_dags/example_nested_branch_dag.py
[2024-08-29T20:27:43.581+0000] {processor.py:836} INFO - DAG(s) dict_keys(['example_nested_branch_dag']) retrieved from /home/airflow-vm/data-engineer-batch-processing-financial-services/.venv/lib/python3.10/site-packages/airflow/example_dags/example_nested_branch_dag.py
[2024-08-29T20:27:43.600+0000] {logging_mixin.py:149} INFO - [2024-08-29T20:27:43.599+0000] {dag.py:2726} INFO - Sync 1 DAGs
[2024-08-29T20:27:43.619+0000] {logging_mixin.py:149} INFO - [2024-08-29T20:27:43.619+0000] {dag.py:3486} INFO - Setting next_dagrun for example_nested_branch_dag to 2024-08-28T00:00:00+00:00, run_after=2024-08-29T00:00:00+00:00
[2024-08-29T20:27:43.646+0000] {processor.py:179} INFO - Processing /home/airflow-vm/data-engineer-batch-processing-financial-services/.venv/lib/python3.10/site-packages/airflow/example_dags/example_nested_branch_dag.py took 0.078 seconds
[2024-08-29T20:28:27.787+0000] {processor.py:157} INFO - Started process (PID=63657) to work on /home/airflow-vm/data-engineer-batch-processing-financial-services/.venv/lib/python3.10/site-packages/airflow/example_dags/example_nested_branch_dag.py
[2024-08-29T20:28:27.788+0000] {processor.py:826} INFO - Processing file /home/airflow-vm/data-engineer-batch-processing-financial-services/.venv/lib/python3.10/site-packages/airflow/example_dags/example_nested_branch_dag.py for tasks to queue
[2024-08-29T20:28:27.789+0000] {logging_mixin.py:149} INFO - [2024-08-29T20:28:27.789+0000] {dagbag.py:541} INFO - Filling up the DagBag from /home/airflow-vm/data-engineer-batch-processing-financial-services/.venv/lib/python3.10/site-packages/airflow/example_dags/example_nested_branch_dag.py
[2024-08-29T20:28:27.797+0000] {processor.py:836} INFO - DAG(s) dict_keys(['example_nested_branch_dag']) retrieved from /home/airflow-vm/data-engineer-batch-processing-financial-services/.venv/lib/python3.10/site-packages/airflow/example_dags/example_nested_branch_dag.py
[2024-08-29T20:28:27.815+0000] {logging_mixin.py:149} INFO - [2024-08-29T20:28:27.815+0000] {dag.py:2726} INFO - Sync 1 DAGs
[2024-08-29T20:28:27.836+0000] {logging_mixin.py:149} INFO - [2024-08-29T20:28:27.835+0000] {dag.py:3486} INFO - Setting next_dagrun for example_nested_branch_dag to 2024-08-28T00:00:00+00:00, run_after=2024-08-29T00:00:00+00:00
[2024-08-29T20:28:27.863+0000] {processor.py:179} INFO - Processing /home/airflow-vm/data-engineer-batch-processing-financial-services/.venv/lib/python3.10/site-packages/airflow/example_dags/example_nested_branch_dag.py took 0.078 seconds
[2024-08-29T20:31:53.252+0000] {processor.py:157} INFO - Started process (PID=66090) to work on /home/airflow-vm/data-engineer-batch-processing-financial-services/.venv/lib/python3.10/site-packages/airflow/example_dags/example_nested_branch_dag.py
[2024-08-29T20:31:53.253+0000] {processor.py:826} INFO - Processing file /home/airflow-vm/data-engineer-batch-processing-financial-services/.venv/lib/python3.10/site-packages/airflow/example_dags/example_nested_branch_dag.py for tasks to queue
[2024-08-29T20:31:53.253+0000] {logging_mixin.py:149} INFO - [2024-08-29T20:31:53.253+0000] {dagbag.py:541} INFO - Filling up the DagBag from /home/airflow-vm/data-engineer-batch-processing-financial-services/.venv/lib/python3.10/site-packages/airflow/example_dags/example_nested_branch_dag.py
[2024-08-29T20:31:53.264+0000] {processor.py:836} INFO - DAG(s) dict_keys(['example_nested_branch_dag']) retrieved from /home/airflow-vm/data-engineer-batch-processing-financial-services/.venv/lib/python3.10/site-packages/airflow/example_dags/example_nested_branch_dag.py
[2024-08-29T20:31:53.284+0000] {logging_mixin.py:149} INFO - [2024-08-29T20:31:53.284+0000] {dag.py:2726} INFO - Sync 1 DAGs
[2024-08-29T20:31:53.305+0000] {logging_mixin.py:149} INFO - [2024-08-29T20:31:53.305+0000] {dag.py:3486} INFO - Setting next_dagrun for example_nested_branch_dag to 2024-08-28T00:00:00+00:00, run_after=2024-08-29T00:00:00+00:00
[2024-08-29T20:31:53.332+0000] {processor.py:179} INFO - Processing /home/airflow-vm/data-engineer-batch-processing-financial-services/.venv/lib/python3.10/site-packages/airflow/example_dags/example_nested_branch_dag.py took 0.083 seconds
[2024-08-29T20:34:36.245+0000] {processor.py:157} INFO - Started process (PID=68122) to work on /home/airflow-vm/data-engineer-batch-processing-financial-services/.venv/lib/python3.10/site-packages/airflow/example_dags/example_nested_branch_dag.py
[2024-08-29T20:34:36.245+0000] {processor.py:826} INFO - Processing file /home/airflow-vm/data-engineer-batch-processing-financial-services/.venv/lib/python3.10/site-packages/airflow/example_dags/example_nested_branch_dag.py for tasks to queue
[2024-08-29T20:34:36.246+0000] {logging_mixin.py:149} INFO - [2024-08-29T20:34:36.246+0000] {dagbag.py:541} INFO - Filling up the DagBag from /home/airflow-vm/data-engineer-batch-processing-financial-services/.venv/lib/python3.10/site-packages/airflow/example_dags/example_nested_branch_dag.py
[2024-08-29T20:34:36.254+0000] {processor.py:836} INFO - DAG(s) dict_keys(['example_nested_branch_dag']) retrieved from /home/airflow-vm/data-engineer-batch-processing-financial-services/.venv/lib/python3.10/site-packages/airflow/example_dags/example_nested_branch_dag.py
[2024-08-29T20:34:36.273+0000] {logging_mixin.py:149} INFO - [2024-08-29T20:34:36.272+0000] {dag.py:2726} INFO - Sync 1 DAGs
[2024-08-29T20:34:36.292+0000] {logging_mixin.py:149} INFO - [2024-08-29T20:34:36.292+0000] {dag.py:3486} INFO - Setting next_dagrun for example_nested_branch_dag to 2024-08-28T00:00:00+00:00, run_after=2024-08-29T00:00:00+00:00
[2024-08-29T20:34:36.321+0000] {processor.py:179} INFO - Processing /home/airflow-vm/data-engineer-batch-processing-financial-services/.venv/lib/python3.10/site-packages/airflow/example_dags/example_nested_branch_dag.py took 0.079 seconds
[2024-08-29T20:36:19.763+0000] {processor.py:157} INFO - Started process (PID=69435) to work on /home/airflow-vm/data-engineer-batch-processing-financial-services/.venv/lib/python3.10/site-packages/airflow/example_dags/example_nested_branch_dag.py
[2024-08-29T20:36:19.764+0000] {processor.py:826} INFO - Processing file /home/airflow-vm/data-engineer-batch-processing-financial-services/.venv/lib/python3.10/site-packages/airflow/example_dags/example_nested_branch_dag.py for tasks to queue
[2024-08-29T20:36:19.765+0000] {logging_mixin.py:149} INFO - [2024-08-29T20:36:19.764+0000] {dagbag.py:541} INFO - Filling up the DagBag from /home/airflow-vm/data-engineer-batch-processing-financial-services/.venv/lib/python3.10/site-packages/airflow/example_dags/example_nested_branch_dag.py
[2024-08-29T20:36:19.775+0000] {processor.py:836} INFO - DAG(s) dict_keys(['example_nested_branch_dag']) retrieved from /home/airflow-vm/data-engineer-batch-processing-financial-services/.venv/lib/python3.10/site-packages/airflow/example_dags/example_nested_branch_dag.py
[2024-08-29T20:36:19.794+0000] {logging_mixin.py:149} INFO - [2024-08-29T20:36:19.794+0000] {dag.py:2726} INFO - Sync 1 DAGs
[2024-08-29T20:36:19.815+0000] {logging_mixin.py:149} INFO - [2024-08-29T20:36:19.815+0000] {dag.py:3486} INFO - Setting next_dagrun for example_nested_branch_dag to 2024-08-28T00:00:00+00:00, run_after=2024-08-29T00:00:00+00:00
[2024-08-29T20:36:19.844+0000] {processor.py:179} INFO - Processing /home/airflow-vm/data-engineer-batch-processing-financial-services/.venv/lib/python3.10/site-packages/airflow/example_dags/example_nested_branch_dag.py took 0.083 seconds
