[2024-08-29T19:47:54.482+0000] {processor.py:157} INFO - Started process (PID=49013) to work on /home/airflow-vm/data-engineer-batch-processing-financial-services/.venv/lib/python3.10/site-packages/airflow/example_dags/example_skip_dag.py
[2024-08-29T19:47:54.482+0000] {processor.py:826} INFO - Processing file /home/airflow-vm/data-engineer-batch-processing-financial-services/.venv/lib/python3.10/site-packages/airflow/example_dags/example_skip_dag.py for tasks to queue
[2024-08-29T19:47:54.483+0000] {logging_mixin.py:149} INFO - [2024-08-29T19:47:54.483+0000] {dagbag.py:541} INFO - Filling up the DagBag from /home/airflow-vm/data-engineer-batch-processing-financial-services/.venv/lib/python3.10/site-packages/airflow/example_dags/example_skip_dag.py
[2024-08-29T19:47:54.492+0000] {processor.py:836} INFO - DAG(s) dict_keys(['example_skip_dag']) retrieved from /home/airflow-vm/data-engineer-batch-processing-financial-services/.venv/lib/python3.10/site-packages/airflow/example_dags/example_skip_dag.py
[2024-08-29T19:47:54.605+0000] {logging_mixin.py:149} INFO - [2024-08-29T19:47:54.605+0000] {manager.py:504} INFO - Created Permission View: can delete on DAG:example_skip_dag
[2024-08-29T19:47:54.623+0000] {logging_mixin.py:149} INFO - [2024-08-29T19:47:54.622+0000] {manager.py:504} INFO - Created Permission View: can edit on DAG:example_skip_dag
[2024-08-29T19:47:54.638+0000] {logging_mixin.py:149} INFO - [2024-08-29T19:47:54.638+0000] {manager.py:504} INFO - Created Permission View: can read on DAG:example_skip_dag
[2024-08-29T19:47:54.638+0000] {logging_mixin.py:149} INFO - [2024-08-29T19:47:54.638+0000] {dag.py:2726} INFO - Sync 1 DAGs
[2024-08-29T19:47:54.649+0000] {logging_mixin.py:149} INFO - [2024-08-29T19:47:54.648+0000] {dag.py:2747} INFO - Creating ORM DAG for example_skip_dag
[2024-08-29T19:47:54.657+0000] {logging_mixin.py:149} INFO - [2024-08-29T19:47:54.657+0000] {dag.py:3486} INFO - Setting next_dagrun for example_skip_dag to 2024-08-28T19:47:54.656903+00:00, run_after=2024-08-29T19:47:54.656903+00:00
[2024-08-29T19:47:54.686+0000] {processor.py:179} INFO - Processing /home/airflow-vm/data-engineer-batch-processing-financial-services/.venv/lib/python3.10/site-packages/airflow/example_dags/example_skip_dag.py took 0.206 seconds
[2024-08-29T19:48:45.069+0000] {processor.py:157} INFO - Started process (PID=49404) to work on /home/airflow-vm/data-engineer-batch-processing-financial-services/.venv/lib/python3.10/site-packages/airflow/example_dags/example_skip_dag.py
[2024-08-29T19:48:45.070+0000] {processor.py:826} INFO - Processing file /home/airflow-vm/data-engineer-batch-processing-financial-services/.venv/lib/python3.10/site-packages/airflow/example_dags/example_skip_dag.py for tasks to queue
[2024-08-29T19:48:45.071+0000] {logging_mixin.py:149} INFO - [2024-08-29T19:48:45.071+0000] {dagbag.py:541} INFO - Filling up the DagBag from /home/airflow-vm/data-engineer-batch-processing-financial-services/.venv/lib/python3.10/site-packages/airflow/example_dags/example_skip_dag.py
[2024-08-29T19:48:45.077+0000] {processor.py:836} INFO - DAG(s) dict_keys(['example_skip_dag']) retrieved from /home/airflow-vm/data-engineer-batch-processing-financial-services/.venv/lib/python3.10/site-packages/airflow/example_dags/example_skip_dag.py
[2024-08-29T19:48:45.095+0000] {logging_mixin.py:149} INFO - [2024-08-29T19:48:45.095+0000] {dag.py:2726} INFO - Sync 1 DAGs
[2024-08-29T19:48:45.114+0000] {logging_mixin.py:149} INFO - [2024-08-29T19:48:45.114+0000] {dag.py:3486} INFO - Setting next_dagrun for example_skip_dag to 2024-08-28T19:48:45.113795+00:00, run_after=2024-08-29T19:48:45.113795+00:00
[2024-08-29T19:48:45.146+0000] {processor.py:179} INFO - Processing /home/airflow-vm/data-engineer-batch-processing-financial-services/.venv/lib/python3.10/site-packages/airflow/example_dags/example_skip_dag.py took 0.079 seconds
[2024-08-29T19:49:31.619+0000] {processor.py:157} INFO - Started process (PID=49651) to work on /home/airflow-vm/data-engineer-batch-processing-financial-services/.venv/lib/python3.10/site-packages/airflow/example_dags/example_skip_dag.py
[2024-08-29T19:49:31.620+0000] {processor.py:826} INFO - Processing file /home/airflow-vm/data-engineer-batch-processing-financial-services/.venv/lib/python3.10/site-packages/airflow/example_dags/example_skip_dag.py for tasks to queue
[2024-08-29T19:49:31.620+0000] {logging_mixin.py:149} INFO - [2024-08-29T19:49:31.620+0000] {dagbag.py:541} INFO - Filling up the DagBag from /home/airflow-vm/data-engineer-batch-processing-financial-services/.venv/lib/python3.10/site-packages/airflow/example_dags/example_skip_dag.py
[2024-08-29T19:49:31.627+0000] {processor.py:836} INFO - DAG(s) dict_keys(['example_skip_dag']) retrieved from /home/airflow-vm/data-engineer-batch-processing-financial-services/.venv/lib/python3.10/site-packages/airflow/example_dags/example_skip_dag.py
[2024-08-29T19:49:31.645+0000] {logging_mixin.py:149} INFO - [2024-08-29T19:49:31.645+0000] {dag.py:2726} INFO - Sync 1 DAGs
[2024-08-29T19:49:31.664+0000] {logging_mixin.py:149} INFO - [2024-08-29T19:49:31.664+0000] {dag.py:3486} INFO - Setting next_dagrun for example_skip_dag to 2024-08-28T19:49:31.664152+00:00, run_after=2024-08-29T19:49:31.664152+00:00
[2024-08-29T19:49:31.693+0000] {processor.py:179} INFO - Processing /home/airflow-vm/data-engineer-batch-processing-financial-services/.venv/lib/python3.10/site-packages/airflow/example_dags/example_skip_dag.py took 0.077 seconds
[2024-08-29T19:50:20.192+0000] {processor.py:157} INFO - Started process (PID=49854) to work on /home/airflow-vm/data-engineer-batch-processing-financial-services/.venv/lib/python3.10/site-packages/airflow/example_dags/example_skip_dag.py
[2024-08-29T19:50:20.193+0000] {processor.py:826} INFO - Processing file /home/airflow-vm/data-engineer-batch-processing-financial-services/.venv/lib/python3.10/site-packages/airflow/example_dags/example_skip_dag.py for tasks to queue
[2024-08-29T19:50:20.193+0000] {logging_mixin.py:149} INFO - [2024-08-29T19:50:20.193+0000] {dagbag.py:541} INFO - Filling up the DagBag from /home/airflow-vm/data-engineer-batch-processing-financial-services/.venv/lib/python3.10/site-packages/airflow/example_dags/example_skip_dag.py
[2024-08-29T19:50:20.200+0000] {processor.py:836} INFO - DAG(s) dict_keys(['example_skip_dag']) retrieved from /home/airflow-vm/data-engineer-batch-processing-financial-services/.venv/lib/python3.10/site-packages/airflow/example_dags/example_skip_dag.py
[2024-08-29T19:50:20.219+0000] {logging_mixin.py:149} INFO - [2024-08-29T19:50:20.218+0000] {dag.py:2726} INFO - Sync 1 DAGs
[2024-08-29T19:50:20.238+0000] {logging_mixin.py:149} INFO - [2024-08-29T19:50:20.238+0000] {dag.py:3486} INFO - Setting next_dagrun for example_skip_dag to 2024-08-28T19:50:20.237976+00:00, run_after=2024-08-29T19:50:20.237976+00:00
[2024-08-29T19:50:20.268+0000] {processor.py:179} INFO - Processing /home/airflow-vm/data-engineer-batch-processing-financial-services/.venv/lib/python3.10/site-packages/airflow/example_dags/example_skip_dag.py took 0.079 seconds
[2024-08-29T19:51:06.194+0000] {processor.py:157} INFO - Started process (PID=50568) to work on /home/airflow-vm/data-engineer-batch-processing-financial-services/.venv/lib/python3.10/site-packages/airflow/example_dags/example_skip_dag.py
[2024-08-29T19:51:06.195+0000] {processor.py:826} INFO - Processing file /home/airflow-vm/data-engineer-batch-processing-financial-services/.venv/lib/python3.10/site-packages/airflow/example_dags/example_skip_dag.py for tasks to queue
[2024-08-29T19:51:06.195+0000] {logging_mixin.py:149} INFO - [2024-08-29T19:51:06.195+0000] {dagbag.py:541} INFO - Filling up the DagBag from /home/airflow-vm/data-engineer-batch-processing-financial-services/.venv/lib/python3.10/site-packages/airflow/example_dags/example_skip_dag.py
[2024-08-29T19:51:06.202+0000] {processor.py:836} INFO - DAG(s) dict_keys(['example_skip_dag']) retrieved from /home/airflow-vm/data-engineer-batch-processing-financial-services/.venv/lib/python3.10/site-packages/airflow/example_dags/example_skip_dag.py
[2024-08-29T19:51:06.220+0000] {logging_mixin.py:149} INFO - [2024-08-29T19:51:06.220+0000] {dag.py:2726} INFO - Sync 1 DAGs
[2024-08-29T19:51:06.241+0000] {logging_mixin.py:149} INFO - [2024-08-29T19:51:06.241+0000] {dag.py:3486} INFO - Setting next_dagrun for example_skip_dag to 2024-08-28T19:51:06.240913+00:00, run_after=2024-08-29T19:51:06.240913+00:00
[2024-08-29T19:51:06.270+0000] {processor.py:179} INFO - Processing /home/airflow-vm/data-engineer-batch-processing-financial-services/.venv/lib/python3.10/site-packages/airflow/example_dags/example_skip_dag.py took 0.080 seconds
[2024-08-29T19:51:54.947+0000] {processor.py:157} INFO - Started process (PID=50862) to work on /home/airflow-vm/data-engineer-batch-processing-financial-services/.venv/lib/python3.10/site-packages/airflow/example_dags/example_skip_dag.py
[2024-08-29T19:51:54.948+0000] {processor.py:826} INFO - Processing file /home/airflow-vm/data-engineer-batch-processing-financial-services/.venv/lib/python3.10/site-packages/airflow/example_dags/example_skip_dag.py for tasks to queue
[2024-08-29T19:51:54.948+0000] {logging_mixin.py:149} INFO - [2024-08-29T19:51:54.948+0000] {dagbag.py:541} INFO - Filling up the DagBag from /home/airflow-vm/data-engineer-batch-processing-financial-services/.venv/lib/python3.10/site-packages/airflow/example_dags/example_skip_dag.py
[2024-08-29T19:51:54.955+0000] {processor.py:836} INFO - DAG(s) dict_keys(['example_skip_dag']) retrieved from /home/airflow-vm/data-engineer-batch-processing-financial-services/.venv/lib/python3.10/site-packages/airflow/example_dags/example_skip_dag.py
[2024-08-29T19:51:54.974+0000] {logging_mixin.py:149} INFO - [2024-08-29T19:51:54.974+0000] {dag.py:2726} INFO - Sync 1 DAGs
[2024-08-29T19:51:54.995+0000] {logging_mixin.py:149} INFO - [2024-08-29T19:51:54.995+0000] {dag.py:3486} INFO - Setting next_dagrun for example_skip_dag to 2024-08-28T19:51:54.994814+00:00, run_after=2024-08-29T19:51:54.994814+00:00
[2024-08-29T19:51:55.033+0000] {processor.py:179} INFO - Processing /home/airflow-vm/data-engineer-batch-processing-financial-services/.venv/lib/python3.10/site-packages/airflow/example_dags/example_skip_dag.py took 0.089 seconds
[2024-08-29T19:52:41.335+0000] {processor.py:157} INFO - Started process (PID=50966) to work on /home/airflow-vm/data-engineer-batch-processing-financial-services/.venv/lib/python3.10/site-packages/airflow/example_dags/example_skip_dag.py
[2024-08-29T19:52:41.336+0000] {processor.py:826} INFO - Processing file /home/airflow-vm/data-engineer-batch-processing-financial-services/.venv/lib/python3.10/site-packages/airflow/example_dags/example_skip_dag.py for tasks to queue
[2024-08-29T19:52:41.337+0000] {logging_mixin.py:149} INFO - [2024-08-29T19:52:41.337+0000] {dagbag.py:541} INFO - Filling up the DagBag from /home/airflow-vm/data-engineer-batch-processing-financial-services/.venv/lib/python3.10/site-packages/airflow/example_dags/example_skip_dag.py
[2024-08-29T19:52:41.343+0000] {processor.py:836} INFO - DAG(s) dict_keys(['example_skip_dag']) retrieved from /home/airflow-vm/data-engineer-batch-processing-financial-services/.venv/lib/python3.10/site-packages/airflow/example_dags/example_skip_dag.py
[2024-08-29T19:52:41.362+0000] {logging_mixin.py:149} INFO - [2024-08-29T19:52:41.362+0000] {dag.py:2726} INFO - Sync 1 DAGs
[2024-08-29T19:52:41.381+0000] {logging_mixin.py:149} INFO - [2024-08-29T19:52:41.381+0000] {dag.py:3486} INFO - Setting next_dagrun for example_skip_dag to 2024-08-28T19:52:41.381302+00:00, run_after=2024-08-29T19:52:41.381302+00:00
[2024-08-29T19:52:41.412+0000] {processor.py:179} INFO - Processing /home/airflow-vm/data-engineer-batch-processing-financial-services/.venv/lib/python3.10/site-packages/airflow/example_dags/example_skip_dag.py took 0.079 seconds
[2024-08-29T19:53:25.402+0000] {processor.py:157} INFO - Started process (PID=51069) to work on /home/airflow-vm/data-engineer-batch-processing-financial-services/.venv/lib/python3.10/site-packages/airflow/example_dags/example_skip_dag.py
[2024-08-29T19:53:25.403+0000] {processor.py:826} INFO - Processing file /home/airflow-vm/data-engineer-batch-processing-financial-services/.venv/lib/python3.10/site-packages/airflow/example_dags/example_skip_dag.py for tasks to queue
[2024-08-29T19:53:25.404+0000] {logging_mixin.py:149} INFO - [2024-08-29T19:53:25.404+0000] {dagbag.py:541} INFO - Filling up the DagBag from /home/airflow-vm/data-engineer-batch-processing-financial-services/.venv/lib/python3.10/site-packages/airflow/example_dags/example_skip_dag.py
[2024-08-29T19:53:25.411+0000] {processor.py:836} INFO - DAG(s) dict_keys(['example_skip_dag']) retrieved from /home/airflow-vm/data-engineer-batch-processing-financial-services/.venv/lib/python3.10/site-packages/airflow/example_dags/example_skip_dag.py
[2024-08-29T19:53:25.428+0000] {logging_mixin.py:149} INFO - [2024-08-29T19:53:25.428+0000] {dag.py:2726} INFO - Sync 1 DAGs
[2024-08-29T19:53:25.446+0000] {logging_mixin.py:149} INFO - [2024-08-29T19:53:25.446+0000] {dag.py:3486} INFO - Setting next_dagrun for example_skip_dag to 2024-08-28T19:53:25.446587+00:00, run_after=2024-08-29T19:53:25.446587+00:00
[2024-08-29T19:53:25.475+0000] {processor.py:179} INFO - Processing /home/airflow-vm/data-engineer-batch-processing-financial-services/.venv/lib/python3.10/site-packages/airflow/example_dags/example_skip_dag.py took 0.075 seconds
[2024-08-29T19:54:10.115+0000] {processor.py:157} INFO - Started process (PID=51191) to work on /home/airflow-vm/data-engineer-batch-processing-financial-services/.venv/lib/python3.10/site-packages/airflow/example_dags/example_skip_dag.py
[2024-08-29T19:54:10.116+0000] {processor.py:826} INFO - Processing file /home/airflow-vm/data-engineer-batch-processing-financial-services/.venv/lib/python3.10/site-packages/airflow/example_dags/example_skip_dag.py for tasks to queue
[2024-08-29T19:54:10.117+0000] {logging_mixin.py:149} INFO - [2024-08-29T19:54:10.116+0000] {dagbag.py:541} INFO - Filling up the DagBag from /home/airflow-vm/data-engineer-batch-processing-financial-services/.venv/lib/python3.10/site-packages/airflow/example_dags/example_skip_dag.py
[2024-08-29T19:54:10.123+0000] {processor.py:836} INFO - DAG(s) dict_keys(['example_skip_dag']) retrieved from /home/airflow-vm/data-engineer-batch-processing-financial-services/.venv/lib/python3.10/site-packages/airflow/example_dags/example_skip_dag.py
[2024-08-29T19:54:10.141+0000] {logging_mixin.py:149} INFO - [2024-08-29T19:54:10.140+0000] {dag.py:2726} INFO - Sync 1 DAGs
[2024-08-29T19:54:10.159+0000] {logging_mixin.py:149} INFO - [2024-08-29T19:54:10.159+0000] {dag.py:3486} INFO - Setting next_dagrun for example_skip_dag to 2024-08-28T19:54:10.158962+00:00, run_after=2024-08-29T19:54:10.158962+00:00
[2024-08-29T19:54:10.189+0000] {processor.py:179} INFO - Processing /home/airflow-vm/data-engineer-batch-processing-financial-services/.venv/lib/python3.10/site-packages/airflow/example_dags/example_skip_dag.py took 0.077 seconds
[2024-08-29T19:54:57.921+0000] {processor.py:157} INFO - Started process (PID=51486) to work on /home/airflow-vm/data-engineer-batch-processing-financial-services/.venv/lib/python3.10/site-packages/airflow/example_dags/example_skip_dag.py
[2024-08-29T19:54:57.922+0000] {processor.py:826} INFO - Processing file /home/airflow-vm/data-engineer-batch-processing-financial-services/.venv/lib/python3.10/site-packages/airflow/example_dags/example_skip_dag.py for tasks to queue
[2024-08-29T19:54:57.923+0000] {logging_mixin.py:149} INFO - [2024-08-29T19:54:57.922+0000] {dagbag.py:541} INFO - Filling up the DagBag from /home/airflow-vm/data-engineer-batch-processing-financial-services/.venv/lib/python3.10/site-packages/airflow/example_dags/example_skip_dag.py
[2024-08-29T19:54:57.929+0000] {processor.py:836} INFO - DAG(s) dict_keys(['example_skip_dag']) retrieved from /home/airflow-vm/data-engineer-batch-processing-financial-services/.venv/lib/python3.10/site-packages/airflow/example_dags/example_skip_dag.py
[2024-08-29T19:54:57.946+0000] {logging_mixin.py:149} INFO - [2024-08-29T19:54:57.946+0000] {dag.py:2726} INFO - Sync 1 DAGs
[2024-08-29T19:54:57.965+0000] {logging_mixin.py:149} INFO - [2024-08-29T19:54:57.965+0000] {dag.py:3486} INFO - Setting next_dagrun for example_skip_dag to 2024-08-28T19:54:57.965121+00:00, run_after=2024-08-29T19:54:57.965121+00:00
[2024-08-29T19:54:58.004+0000] {processor.py:179} INFO - Processing /home/airflow-vm/data-engineer-batch-processing-financial-services/.venv/lib/python3.10/site-packages/airflow/example_dags/example_skip_dag.py took 0.085 seconds
[2024-08-29T19:55:45.140+0000] {processor.py:157} INFO - Started process (PID=51860) to work on /home/airflow-vm/data-engineer-batch-processing-financial-services/.venv/lib/python3.10/site-packages/airflow/example_dags/example_skip_dag.py
[2024-08-29T19:55:45.140+0000] {processor.py:826} INFO - Processing file /home/airflow-vm/data-engineer-batch-processing-financial-services/.venv/lib/python3.10/site-packages/airflow/example_dags/example_skip_dag.py for tasks to queue
[2024-08-29T19:55:45.141+0000] {logging_mixin.py:149} INFO - [2024-08-29T19:55:45.141+0000] {dagbag.py:541} INFO - Filling up the DagBag from /home/airflow-vm/data-engineer-batch-processing-financial-services/.venv/lib/python3.10/site-packages/airflow/example_dags/example_skip_dag.py
[2024-08-29T19:55:45.148+0000] {processor.py:836} INFO - DAG(s) dict_keys(['example_skip_dag']) retrieved from /home/airflow-vm/data-engineer-batch-processing-financial-services/.venv/lib/python3.10/site-packages/airflow/example_dags/example_skip_dag.py
[2024-08-29T19:55:45.167+0000] {logging_mixin.py:149} INFO - [2024-08-29T19:55:45.167+0000] {dag.py:2726} INFO - Sync 1 DAGs
[2024-08-29T19:55:45.187+0000] {logging_mixin.py:149} INFO - [2024-08-29T19:55:45.187+0000] {dag.py:3486} INFO - Setting next_dagrun for example_skip_dag to 2024-08-28T19:55:45.187057+00:00, run_after=2024-08-29T19:55:45.187057+00:00
[2024-08-29T19:55:45.218+0000] {processor.py:179} INFO - Processing /home/airflow-vm/data-engineer-batch-processing-financial-services/.venv/lib/python3.10/site-packages/airflow/example_dags/example_skip_dag.py took 0.081 seconds
[2024-08-29T20:11:48.559+0000] {processor.py:157} INFO - Started process (PID=56386) to work on /home/airflow-vm/data-engineer-batch-processing-financial-services/.venv/lib/python3.10/site-packages/airflow/example_dags/example_skip_dag.py
[2024-08-29T20:11:48.560+0000] {processor.py:826} INFO - Processing file /home/airflow-vm/data-engineer-batch-processing-financial-services/.venv/lib/python3.10/site-packages/airflow/example_dags/example_skip_dag.py for tasks to queue
[2024-08-29T20:11:48.560+0000] {logging_mixin.py:149} INFO - [2024-08-29T20:11:48.560+0000] {dagbag.py:541} INFO - Filling up the DagBag from /home/airflow-vm/data-engineer-batch-processing-financial-services/.venv/lib/python3.10/site-packages/airflow/example_dags/example_skip_dag.py
[2024-08-29T20:11:48.570+0000] {processor.py:836} INFO - DAG(s) dict_keys(['example_skip_dag']) retrieved from /home/airflow-vm/data-engineer-batch-processing-financial-services/.venv/lib/python3.10/site-packages/airflow/example_dags/example_skip_dag.py
[2024-08-29T20:11:48.587+0000] {logging_mixin.py:149} INFO - [2024-08-29T20:11:48.586+0000] {dag.py:2726} INFO - Sync 1 DAGs
[2024-08-29T20:11:48.605+0000] {logging_mixin.py:149} INFO - [2024-08-29T20:11:48.605+0000] {dag.py:3486} INFO - Setting next_dagrun for example_skip_dag to 2024-08-28T20:11:48.605075+00:00, run_after=2024-08-29T20:11:48.605075+00:00
[2024-08-29T20:11:48.632+0000] {processor.py:179} INFO - Processing /home/airflow-vm/data-engineer-batch-processing-financial-services/.venv/lib/python3.10/site-packages/airflow/example_dags/example_skip_dag.py took 0.075 seconds
[2024-08-29T20:12:34.669+0000] {processor.py:157} INFO - Started process (PID=56703) to work on /home/airflow-vm/data-engineer-batch-processing-financial-services/.venv/lib/python3.10/site-packages/airflow/example_dags/example_skip_dag.py
[2024-08-29T20:12:34.670+0000] {processor.py:826} INFO - Processing file /home/airflow-vm/data-engineer-batch-processing-financial-services/.venv/lib/python3.10/site-packages/airflow/example_dags/example_skip_dag.py for tasks to queue
[2024-08-29T20:12:34.670+0000] {logging_mixin.py:149} INFO - [2024-08-29T20:12:34.670+0000] {dagbag.py:541} INFO - Filling up the DagBag from /home/airflow-vm/data-engineer-batch-processing-financial-services/.venv/lib/python3.10/site-packages/airflow/example_dags/example_skip_dag.py
[2024-08-29T20:12:34.677+0000] {processor.py:836} INFO - DAG(s) dict_keys(['example_skip_dag']) retrieved from /home/airflow-vm/data-engineer-batch-processing-financial-services/.venv/lib/python3.10/site-packages/airflow/example_dags/example_skip_dag.py
[2024-08-29T20:12:34.697+0000] {logging_mixin.py:149} INFO - [2024-08-29T20:12:34.696+0000] {dag.py:2726} INFO - Sync 1 DAGs
[2024-08-29T20:12:34.717+0000] {logging_mixin.py:149} INFO - [2024-08-29T20:12:34.716+0000] {dag.py:3486} INFO - Setting next_dagrun for example_skip_dag to 2024-08-28T20:12:34.716725+00:00, run_after=2024-08-29T20:12:34.716725+00:00
[2024-08-29T20:12:34.750+0000] {processor.py:179} INFO - Processing /home/airflow-vm/data-engineer-batch-processing-financial-services/.venv/lib/python3.10/site-packages/airflow/example_dags/example_skip_dag.py took 0.084 seconds
[2024-08-29T20:13:18.724+0000] {processor.py:157} INFO - Started process (PID=56888) to work on /home/airflow-vm/data-engineer-batch-processing-financial-services/.venv/lib/python3.10/site-packages/airflow/example_dags/example_skip_dag.py
[2024-08-29T20:13:18.725+0000] {processor.py:826} INFO - Processing file /home/airflow-vm/data-engineer-batch-processing-financial-services/.venv/lib/python3.10/site-packages/airflow/example_dags/example_skip_dag.py for tasks to queue
[2024-08-29T20:13:18.725+0000] {logging_mixin.py:149} INFO - [2024-08-29T20:13:18.725+0000] {dagbag.py:541} INFO - Filling up the DagBag from /home/airflow-vm/data-engineer-batch-processing-financial-services/.venv/lib/python3.10/site-packages/airflow/example_dags/example_skip_dag.py
[2024-08-29T20:13:18.732+0000] {processor.py:836} INFO - DAG(s) dict_keys(['example_skip_dag']) retrieved from /home/airflow-vm/data-engineer-batch-processing-financial-services/.venv/lib/python3.10/site-packages/airflow/example_dags/example_skip_dag.py
[2024-08-29T20:13:18.750+0000] {logging_mixin.py:149} INFO - [2024-08-29T20:13:18.750+0000] {dag.py:2726} INFO - Sync 1 DAGs
[2024-08-29T20:13:18.769+0000] {logging_mixin.py:149} INFO - [2024-08-29T20:13:18.769+0000] {dag.py:3486} INFO - Setting next_dagrun for example_skip_dag to 2024-08-28T20:13:18.768942+00:00, run_after=2024-08-29T20:13:18.768942+00:00
[2024-08-29T20:13:18.796+0000] {processor.py:179} INFO - Processing /home/airflow-vm/data-engineer-batch-processing-financial-services/.venv/lib/python3.10/site-packages/airflow/example_dags/example_skip_dag.py took 0.075 seconds
[2024-08-29T20:15:15.760+0000] {processor.py:157} INFO - Started process (PID=57457) to work on /home/airflow-vm/data-engineer-batch-processing-financial-services/.venv/lib/python3.10/site-packages/airflow/example_dags/example_skip_dag.py
[2024-08-29T20:15:15.760+0000] {processor.py:826} INFO - Processing file /home/airflow-vm/data-engineer-batch-processing-financial-services/.venv/lib/python3.10/site-packages/airflow/example_dags/example_skip_dag.py for tasks to queue
[2024-08-29T20:15:15.761+0000] {logging_mixin.py:149} INFO - [2024-08-29T20:15:15.761+0000] {dagbag.py:541} INFO - Filling up the DagBag from /home/airflow-vm/data-engineer-batch-processing-financial-services/.venv/lib/python3.10/site-packages/airflow/example_dags/example_skip_dag.py
[2024-08-29T20:15:15.770+0000] {processor.py:836} INFO - DAG(s) dict_keys(['example_skip_dag']) retrieved from /home/airflow-vm/data-engineer-batch-processing-financial-services/.venv/lib/python3.10/site-packages/airflow/example_dags/example_skip_dag.py
[2024-08-29T20:15:15.787+0000] {logging_mixin.py:149} INFO - [2024-08-29T20:15:15.787+0000] {dag.py:2726} INFO - Sync 1 DAGs
[2024-08-29T20:15:15.805+0000] {logging_mixin.py:149} INFO - [2024-08-29T20:15:15.805+0000] {dag.py:3486} INFO - Setting next_dagrun for example_skip_dag to 2024-08-28T20:15:15.805511+00:00, run_after=2024-08-29T20:15:15.805511+00:00
[2024-08-29T20:15:15.835+0000] {processor.py:179} INFO - Processing /home/airflow-vm/data-engineer-batch-processing-financial-services/.venv/lib/python3.10/site-packages/airflow/example_dags/example_skip_dag.py took 0.077 seconds
[2024-08-29T20:16:01.135+0000] {processor.py:157} INFO - Started process (PID=57965) to work on /home/airflow-vm/data-engineer-batch-processing-financial-services/.venv/lib/python3.10/site-packages/airflow/example_dags/example_skip_dag.py
[2024-08-29T20:16:01.135+0000] {processor.py:826} INFO - Processing file /home/airflow-vm/data-engineer-batch-processing-financial-services/.venv/lib/python3.10/site-packages/airflow/example_dags/example_skip_dag.py for tasks to queue
[2024-08-29T20:16:01.136+0000] {logging_mixin.py:149} INFO - [2024-08-29T20:16:01.136+0000] {dagbag.py:541} INFO - Filling up the DagBag from /home/airflow-vm/data-engineer-batch-processing-financial-services/.venv/lib/python3.10/site-packages/airflow/example_dags/example_skip_dag.py
[2024-08-29T20:16:01.142+0000] {processor.py:836} INFO - DAG(s) dict_keys(['example_skip_dag']) retrieved from /home/airflow-vm/data-engineer-batch-processing-financial-services/.venv/lib/python3.10/site-packages/airflow/example_dags/example_skip_dag.py
[2024-08-29T20:16:01.160+0000] {logging_mixin.py:149} INFO - [2024-08-29T20:16:01.160+0000] {dag.py:2726} INFO - Sync 1 DAGs
[2024-08-29T20:16:01.179+0000] {logging_mixin.py:149} INFO - [2024-08-29T20:16:01.179+0000] {dag.py:3486} INFO - Setting next_dagrun for example_skip_dag to 2024-08-28T20:16:01.178933+00:00, run_after=2024-08-29T20:16:01.178933+00:00
[2024-08-29T20:16:01.206+0000] {processor.py:179} INFO - Processing /home/airflow-vm/data-engineer-batch-processing-financial-services/.venv/lib/python3.10/site-packages/airflow/example_dags/example_skip_dag.py took 0.074 seconds
[2024-08-29T20:24:15.218+0000] {processor.py:157} INFO - Started process (PID=61134) to work on /home/airflow-vm/data-engineer-batch-processing-financial-services/.venv/lib/python3.10/site-packages/airflow/example_dags/example_skip_dag.py
[2024-08-29T20:24:15.219+0000] {processor.py:826} INFO - Processing file /home/airflow-vm/data-engineer-batch-processing-financial-services/.venv/lib/python3.10/site-packages/airflow/example_dags/example_skip_dag.py for tasks to queue
[2024-08-29T20:24:15.220+0000] {logging_mixin.py:149} INFO - [2024-08-29T20:24:15.220+0000] {dagbag.py:541} INFO - Filling up the DagBag from /home/airflow-vm/data-engineer-batch-processing-financial-services/.venv/lib/python3.10/site-packages/airflow/example_dags/example_skip_dag.py
[2024-08-29T20:24:15.229+0000] {processor.py:836} INFO - DAG(s) dict_keys(['example_skip_dag']) retrieved from /home/airflow-vm/data-engineer-batch-processing-financial-services/.venv/lib/python3.10/site-packages/airflow/example_dags/example_skip_dag.py
[2024-08-29T20:24:15.246+0000] {logging_mixin.py:149} INFO - [2024-08-29T20:24:15.246+0000] {dag.py:2726} INFO - Sync 1 DAGs
[2024-08-29T20:24:15.264+0000] {logging_mixin.py:149} INFO - [2024-08-29T20:24:15.264+0000] {dag.py:3486} INFO - Setting next_dagrun for example_skip_dag to 2024-08-28T20:24:15.264550+00:00, run_after=2024-08-29T20:24:15.264550+00:00
[2024-08-29T20:24:15.292+0000] {processor.py:179} INFO - Processing /home/airflow-vm/data-engineer-batch-processing-financial-services/.venv/lib/python3.10/site-packages/airflow/example_dags/example_skip_dag.py took 0.076 seconds
[2024-08-29T20:26:08.692+0000] {processor.py:157} INFO - Started process (PID=62594) to work on /home/airflow-vm/data-engineer-batch-processing-financial-services/.venv/lib/python3.10/site-packages/airflow/example_dags/example_skip_dag.py
[2024-08-29T20:26:08.693+0000] {processor.py:826} INFO - Processing file /home/airflow-vm/data-engineer-batch-processing-financial-services/.venv/lib/python3.10/site-packages/airflow/example_dags/example_skip_dag.py for tasks to queue
[2024-08-29T20:26:08.693+0000] {logging_mixin.py:149} INFO - [2024-08-29T20:26:08.693+0000] {dagbag.py:541} INFO - Filling up the DagBag from /home/airflow-vm/data-engineer-batch-processing-financial-services/.venv/lib/python3.10/site-packages/airflow/example_dags/example_skip_dag.py
[2024-08-29T20:26:08.700+0000] {processor.py:836} INFO - DAG(s) dict_keys(['example_skip_dag']) retrieved from /home/airflow-vm/data-engineer-batch-processing-financial-services/.venv/lib/python3.10/site-packages/airflow/example_dags/example_skip_dag.py
[2024-08-29T20:26:08.718+0000] {logging_mixin.py:149} INFO - [2024-08-29T20:26:08.717+0000] {dag.py:2726} INFO - Sync 1 DAGs
[2024-08-29T20:26:08.736+0000] {logging_mixin.py:149} INFO - [2024-08-29T20:26:08.736+0000] {dag.py:3486} INFO - Setting next_dagrun for example_skip_dag to 2024-08-28T20:26:08.735972+00:00, run_after=2024-08-29T20:26:08.735972+00:00
[2024-08-29T20:26:08.765+0000] {processor.py:179} INFO - Processing /home/airflow-vm/data-engineer-batch-processing-financial-services/.venv/lib/python3.10/site-packages/airflow/example_dags/example_skip_dag.py took 0.075 seconds
[2024-08-29T20:26:57.558+0000] {processor.py:157} INFO - Started process (PID=63194) to work on /home/airflow-vm/data-engineer-batch-processing-financial-services/.venv/lib/python3.10/site-packages/airflow/example_dags/example_skip_dag.py
[2024-08-29T20:26:57.559+0000] {processor.py:826} INFO - Processing file /home/airflow-vm/data-engineer-batch-processing-financial-services/.venv/lib/python3.10/site-packages/airflow/example_dags/example_skip_dag.py for tasks to queue
[2024-08-29T20:26:57.560+0000] {logging_mixin.py:149} INFO - [2024-08-29T20:26:57.560+0000] {dagbag.py:541} INFO - Filling up the DagBag from /home/airflow-vm/data-engineer-batch-processing-financial-services/.venv/lib/python3.10/site-packages/airflow/example_dags/example_skip_dag.py
[2024-08-29T20:26:57.566+0000] {processor.py:836} INFO - DAG(s) dict_keys(['example_skip_dag']) retrieved from /home/airflow-vm/data-engineer-batch-processing-financial-services/.venv/lib/python3.10/site-packages/airflow/example_dags/example_skip_dag.py
[2024-08-29T20:26:57.584+0000] {logging_mixin.py:149} INFO - [2024-08-29T20:26:57.584+0000] {dag.py:2726} INFO - Sync 1 DAGs
[2024-08-29T20:26:57.603+0000] {logging_mixin.py:149} INFO - [2024-08-29T20:26:57.602+0000] {dag.py:3486} INFO - Setting next_dagrun for example_skip_dag to 2024-08-28T20:26:57.602716+00:00, run_after=2024-08-29T20:26:57.602716+00:00
[2024-08-29T20:26:57.631+0000] {processor.py:179} INFO - Processing /home/airflow-vm/data-engineer-batch-processing-financial-services/.venv/lib/python3.10/site-packages/airflow/example_dags/example_skip_dag.py took 0.075 seconds
[2024-08-29T20:27:42.432+0000] {processor.py:157} INFO - Started process (PID=63535) to work on /home/airflow-vm/data-engineer-batch-processing-financial-services/.venv/lib/python3.10/site-packages/airflow/example_dags/example_skip_dag.py
[2024-08-29T20:27:42.433+0000] {processor.py:826} INFO - Processing file /home/airflow-vm/data-engineer-batch-processing-financial-services/.venv/lib/python3.10/site-packages/airflow/example_dags/example_skip_dag.py for tasks to queue
[2024-08-29T20:27:42.433+0000] {logging_mixin.py:149} INFO - [2024-08-29T20:27:42.433+0000] {dagbag.py:541} INFO - Filling up the DagBag from /home/airflow-vm/data-engineer-batch-processing-financial-services/.venv/lib/python3.10/site-packages/airflow/example_dags/example_skip_dag.py
[2024-08-29T20:27:42.439+0000] {processor.py:836} INFO - DAG(s) dict_keys(['example_skip_dag']) retrieved from /home/airflow-vm/data-engineer-batch-processing-financial-services/.venv/lib/python3.10/site-packages/airflow/example_dags/example_skip_dag.py
[2024-08-29T20:27:42.457+0000] {logging_mixin.py:149} INFO - [2024-08-29T20:27:42.457+0000] {dag.py:2726} INFO - Sync 1 DAGs
[2024-08-29T20:27:42.475+0000] {logging_mixin.py:149} INFO - [2024-08-29T20:27:42.475+0000] {dag.py:3486} INFO - Setting next_dagrun for example_skip_dag to 2024-08-28T20:27:42.474923+00:00, run_after=2024-08-29T20:27:42.474923+00:00
[2024-08-29T20:27:42.502+0000] {processor.py:179} INFO - Processing /home/airflow-vm/data-engineer-batch-processing-financial-services/.venv/lib/python3.10/site-packages/airflow/example_dags/example_skip_dag.py took 0.072 seconds
[2024-08-29T20:28:26.649+0000] {processor.py:157} INFO - Started process (PID=63656) to work on /home/airflow-vm/data-engineer-batch-processing-financial-services/.venv/lib/python3.10/site-packages/airflow/example_dags/example_skip_dag.py
[2024-08-29T20:28:26.650+0000] {processor.py:826} INFO - Processing file /home/airflow-vm/data-engineer-batch-processing-financial-services/.venv/lib/python3.10/site-packages/airflow/example_dags/example_skip_dag.py for tasks to queue
[2024-08-29T20:28:26.650+0000] {logging_mixin.py:149} INFO - [2024-08-29T20:28:26.650+0000] {dagbag.py:541} INFO - Filling up the DagBag from /home/airflow-vm/data-engineer-batch-processing-financial-services/.venv/lib/python3.10/site-packages/airflow/example_dags/example_skip_dag.py
[2024-08-29T20:28:26.656+0000] {processor.py:836} INFO - DAG(s) dict_keys(['example_skip_dag']) retrieved from /home/airflow-vm/data-engineer-batch-processing-financial-services/.venv/lib/python3.10/site-packages/airflow/example_dags/example_skip_dag.py
[2024-08-29T20:28:26.674+0000] {logging_mixin.py:149} INFO - [2024-08-29T20:28:26.673+0000] {dag.py:2726} INFO - Sync 1 DAGs
[2024-08-29T20:28:26.693+0000] {logging_mixin.py:149} INFO - [2024-08-29T20:28:26.693+0000] {dag.py:3486} INFO - Setting next_dagrun for example_skip_dag to 2024-08-28T20:28:26.692865+00:00, run_after=2024-08-29T20:28:26.692865+00:00
[2024-08-29T20:28:26.725+0000] {processor.py:179} INFO - Processing /home/airflow-vm/data-engineer-batch-processing-financial-services/.venv/lib/python3.10/site-packages/airflow/example_dags/example_skip_dag.py took 0.079 seconds
[2024-08-29T20:31:16.364+0000] {processor.py:157} INFO - Started process (PID=65598) to work on /home/airflow-vm/data-engineer-batch-processing-financial-services/.venv/lib/python3.10/site-packages/airflow/example_dags/example_skip_dag.py
[2024-08-29T20:31:16.365+0000] {processor.py:826} INFO - Processing file /home/airflow-vm/data-engineer-batch-processing-financial-services/.venv/lib/python3.10/site-packages/airflow/example_dags/example_skip_dag.py for tasks to queue
[2024-08-29T20:31:16.366+0000] {logging_mixin.py:149} INFO - [2024-08-29T20:31:16.366+0000] {dagbag.py:541} INFO - Filling up the DagBag from /home/airflow-vm/data-engineer-batch-processing-financial-services/.venv/lib/python3.10/site-packages/airflow/example_dags/example_skip_dag.py
[2024-08-29T20:31:16.375+0000] {processor.py:836} INFO - DAG(s) dict_keys(['example_skip_dag']) retrieved from /home/airflow-vm/data-engineer-batch-processing-financial-services/.venv/lib/python3.10/site-packages/airflow/example_dags/example_skip_dag.py
[2024-08-29T20:31:16.392+0000] {logging_mixin.py:149} INFO - [2024-08-29T20:31:16.392+0000] {dag.py:2726} INFO - Sync 1 DAGs
[2024-08-29T20:31:16.411+0000] {logging_mixin.py:149} INFO - [2024-08-29T20:31:16.411+0000] {dag.py:3486} INFO - Setting next_dagrun for example_skip_dag to 2024-08-28T20:31:16.411288+00:00, run_after=2024-08-29T20:31:16.411288+00:00
[2024-08-29T20:31:16.438+0000] {processor.py:179} INFO - Processing /home/airflow-vm/data-engineer-batch-processing-financial-services/.venv/lib/python3.10/site-packages/airflow/example_dags/example_skip_dag.py took 0.076 seconds
[2024-08-29T20:33:05.029+0000] {processor.py:157} INFO - Started process (PID=66962) to work on /home/airflow-vm/data-engineer-batch-processing-financial-services/.venv/lib/python3.10/site-packages/airflow/example_dags/example_skip_dag.py
[2024-08-29T20:33:05.030+0000] {processor.py:826} INFO - Processing file /home/airflow-vm/data-engineer-batch-processing-financial-services/.venv/lib/python3.10/site-packages/airflow/example_dags/example_skip_dag.py for tasks to queue
[2024-08-29T20:33:05.031+0000] {logging_mixin.py:149} INFO - [2024-08-29T20:33:05.030+0000] {dagbag.py:541} INFO - Filling up the DagBag from /home/airflow-vm/data-engineer-batch-processing-financial-services/.venv/lib/python3.10/site-packages/airflow/example_dags/example_skip_dag.py
[2024-08-29T20:33:05.037+0000] {processor.py:836} INFO - DAG(s) dict_keys(['example_skip_dag']) retrieved from /home/airflow-vm/data-engineer-batch-processing-financial-services/.venv/lib/python3.10/site-packages/airflow/example_dags/example_skip_dag.py
[2024-08-29T20:33:05.055+0000] {logging_mixin.py:149} INFO - [2024-08-29T20:33:05.055+0000] {dag.py:2726} INFO - Sync 1 DAGs
[2024-08-29T20:33:05.073+0000] {logging_mixin.py:149} INFO - [2024-08-29T20:33:05.073+0000] {dag.py:3486} INFO - Setting next_dagrun for example_skip_dag to 2024-08-28T20:33:05.073615+00:00, run_after=2024-08-29T20:33:05.073615+00:00
[2024-08-29T20:33:05.122+0000] {processor.py:179} INFO - Processing /home/airflow-vm/data-engineer-batch-processing-financial-services/.venv/lib/python3.10/site-packages/airflow/example_dags/example_skip_dag.py took 0.095 seconds
[2024-08-29T20:34:29.171+0000] {processor.py:157} INFO - Started process (PID=68059) to work on /home/airflow-vm/data-engineer-batch-processing-financial-services/.venv/lib/python3.10/site-packages/airflow/example_dags/example_skip_dag.py
[2024-08-29T20:34:29.172+0000] {processor.py:826} INFO - Processing file /home/airflow-vm/data-engineer-batch-processing-financial-services/.venv/lib/python3.10/site-packages/airflow/example_dags/example_skip_dag.py for tasks to queue
[2024-08-29T20:34:29.172+0000] {logging_mixin.py:149} INFO - [2024-08-29T20:34:29.172+0000] {dagbag.py:541} INFO - Filling up the DagBag from /home/airflow-vm/data-engineer-batch-processing-financial-services/.venv/lib/python3.10/site-packages/airflow/example_dags/example_skip_dag.py
[2024-08-29T20:34:29.178+0000] {processor.py:836} INFO - DAG(s) dict_keys(['example_skip_dag']) retrieved from /home/airflow-vm/data-engineer-batch-processing-financial-services/.venv/lib/python3.10/site-packages/airflow/example_dags/example_skip_dag.py
[2024-08-29T20:34:29.196+0000] {logging_mixin.py:149} INFO - [2024-08-29T20:34:29.196+0000] {dag.py:2726} INFO - Sync 1 DAGs
[2024-08-29T20:34:29.214+0000] {logging_mixin.py:149} INFO - [2024-08-29T20:34:29.214+0000] {dag.py:3486} INFO - Setting next_dagrun for example_skip_dag to 2024-08-28T20:34:29.214145+00:00, run_after=2024-08-29T20:34:29.214145+00:00
[2024-08-29T20:34:29.242+0000] {processor.py:179} INFO - Processing /home/airflow-vm/data-engineer-batch-processing-financial-services/.venv/lib/python3.10/site-packages/airflow/example_dags/example_skip_dag.py took 0.073 seconds
[2024-08-29T20:35:43.108+0000] {processor.py:157} INFO - Started process (PID=69002) to work on /home/airflow-vm/data-engineer-batch-processing-financial-services/.venv/lib/python3.10/site-packages/airflow/example_dags/example_skip_dag.py
[2024-08-29T20:35:43.108+0000] {processor.py:826} INFO - Processing file /home/airflow-vm/data-engineer-batch-processing-financial-services/.venv/lib/python3.10/site-packages/airflow/example_dags/example_skip_dag.py for tasks to queue
[2024-08-29T20:35:43.109+0000] {logging_mixin.py:149} INFO - [2024-08-29T20:35:43.109+0000] {dagbag.py:541} INFO - Filling up the DagBag from /home/airflow-vm/data-engineer-batch-processing-financial-services/.venv/lib/python3.10/site-packages/airflow/example_dags/example_skip_dag.py
[2024-08-29T20:35:43.118+0000] {processor.py:836} INFO - DAG(s) dict_keys(['example_skip_dag']) retrieved from /home/airflow-vm/data-engineer-batch-processing-financial-services/.venv/lib/python3.10/site-packages/airflow/example_dags/example_skip_dag.py
[2024-08-29T20:35:43.136+0000] {logging_mixin.py:149} INFO - [2024-08-29T20:35:43.136+0000] {dag.py:2726} INFO - Sync 1 DAGs
[2024-08-29T20:35:43.155+0000] {logging_mixin.py:149} INFO - [2024-08-29T20:35:43.154+0000] {dag.py:3486} INFO - Setting next_dagrun for example_skip_dag to 2024-08-28T20:35:43.154691+00:00, run_after=2024-08-29T20:35:43.154691+00:00
[2024-08-29T20:35:43.181+0000] {processor.py:179} INFO - Processing /home/airflow-vm/data-engineer-batch-processing-financial-services/.venv/lib/python3.10/site-packages/airflow/example_dags/example_skip_dag.py took 0.076 seconds
[2024-08-29T20:37:35.002+0000] {processor.py:157} INFO - Started process (PID=70368) to work on /home/airflow-vm/data-engineer-batch-processing-financial-services/.venv/lib/python3.10/site-packages/airflow/example_dags/example_skip_dag.py
[2024-08-29T20:37:35.003+0000] {processor.py:826} INFO - Processing file /home/airflow-vm/data-engineer-batch-processing-financial-services/.venv/lib/python3.10/site-packages/airflow/example_dags/example_skip_dag.py for tasks to queue
[2024-08-29T20:37:35.004+0000] {logging_mixin.py:149} INFO - [2024-08-29T20:37:35.003+0000] {dagbag.py:541} INFO - Filling up the DagBag from /home/airflow-vm/data-engineer-batch-processing-financial-services/.venv/lib/python3.10/site-packages/airflow/example_dags/example_skip_dag.py
[2024-08-29T20:37:35.010+0000] {processor.py:836} INFO - DAG(s) dict_keys(['example_skip_dag']) retrieved from /home/airflow-vm/data-engineer-batch-processing-financial-services/.venv/lib/python3.10/site-packages/airflow/example_dags/example_skip_dag.py
[2024-08-29T20:37:35.028+0000] {logging_mixin.py:149} INFO - [2024-08-29T20:37:35.028+0000] {dag.py:2726} INFO - Sync 1 DAGs
[2024-08-29T20:37:35.065+0000] {logging_mixin.py:149} INFO - [2024-08-29T20:37:35.065+0000] {dag.py:3486} INFO - Setting next_dagrun for example_skip_dag to 2024-08-28T20:37:35.065287+00:00, run_after=2024-08-29T20:37:35.065287+00:00
[2024-08-29T20:37:35.132+0000] {processor.py:179} INFO - Processing /home/airflow-vm/data-engineer-batch-processing-financial-services/.venv/lib/python3.10/site-packages/airflow/example_dags/example_skip_dag.py took 0.132 seconds
