[2024-08-29T19:47:37.628+0000] {processor.py:157} INFO - Started process (PID=48833) to work on /home/airflow-vm/data-engineer-batch-processing-financial-services/.venv/lib/python3.10/site-packages/airflow/example_dags/example_task_group_decorator.py
[2024-08-29T19:47:37.629+0000] {processor.py:826} INFO - Processing file /home/airflow-vm/data-engineer-batch-processing-financial-services/.venv/lib/python3.10/site-packages/airflow/example_dags/example_task_group_decorator.py for tasks to queue
[2024-08-29T19:47:37.629+0000] {logging_mixin.py:149} INFO - [2024-08-29T19:47:37.629+0000] {dagbag.py:541} INFO - Filling up the DagBag from /home/airflow-vm/data-engineer-batch-processing-financial-services/.venv/lib/python3.10/site-packages/airflow/example_dags/example_task_group_decorator.py
[2024-08-29T19:47:37.645+0000] {processor.py:836} INFO - DAG(s) dict_keys(['example_task_group_decorator']) retrieved from /home/airflow-vm/data-engineer-batch-processing-financial-services/.venv/lib/python3.10/site-packages/airflow/example_dags/example_task_group_decorator.py
[2024-08-29T19:47:37.773+0000] {logging_mixin.py:149} INFO - [2024-08-29T19:47:37.772+0000] {manager.py:504} INFO - Created Permission View: can delete on DAG:example_task_group_decorator
[2024-08-29T19:47:37.791+0000] {logging_mixin.py:149} INFO - [2024-08-29T19:47:37.791+0000] {manager.py:504} INFO - Created Permission View: can edit on DAG:example_task_group_decorator
[2024-08-29T19:47:37.809+0000] {logging_mixin.py:149} INFO - [2024-08-29T19:47:37.809+0000] {manager.py:504} INFO - Created Permission View: can read on DAG:example_task_group_decorator
[2024-08-29T19:47:37.809+0000] {logging_mixin.py:149} INFO - [2024-08-29T19:47:37.809+0000] {dag.py:2726} INFO - Sync 1 DAGs
[2024-08-29T19:47:37.820+0000] {logging_mixin.py:149} INFO - [2024-08-29T19:47:37.820+0000] {dag.py:2747} INFO - Creating ORM DAG for example_task_group_decorator
[2024-08-29T19:47:37.830+0000] {logging_mixin.py:149} INFO - [2024-08-29T19:47:37.829+0000] {dag.py:3486} INFO - Setting next_dagrun for example_task_group_decorator to 2024-08-28T19:47:37.829760+00:00, run_after=2024-08-29T19:47:37.829760+00:00
[2024-08-29T19:47:37.861+0000] {processor.py:179} INFO - Processing /home/airflow-vm/data-engineer-batch-processing-financial-services/.venv/lib/python3.10/site-packages/airflow/example_dags/example_task_group_decorator.py took 0.236 seconds
[2024-08-29T19:48:29.733+0000] {processor.py:157} INFO - Started process (PID=49281) to work on /home/airflow-vm/data-engineer-batch-processing-financial-services/.venv/lib/python3.10/site-packages/airflow/example_dags/example_task_group_decorator.py
[2024-08-29T19:48:29.734+0000] {processor.py:826} INFO - Processing file /home/airflow-vm/data-engineer-batch-processing-financial-services/.venv/lib/python3.10/site-packages/airflow/example_dags/example_task_group_decorator.py for tasks to queue
[2024-08-29T19:48:29.734+0000] {logging_mixin.py:149} INFO - [2024-08-29T19:48:29.734+0000] {dagbag.py:541} INFO - Filling up the DagBag from /home/airflow-vm/data-engineer-batch-processing-financial-services/.venv/lib/python3.10/site-packages/airflow/example_dags/example_task_group_decorator.py
[2024-08-29T19:48:29.747+0000] {processor.py:836} INFO - DAG(s) dict_keys(['example_task_group_decorator']) retrieved from /home/airflow-vm/data-engineer-batch-processing-financial-services/.venv/lib/python3.10/site-packages/airflow/example_dags/example_task_group_decorator.py
[2024-08-29T19:48:29.769+0000] {logging_mixin.py:149} INFO - [2024-08-29T19:48:29.768+0000] {dag.py:2726} INFO - Sync 1 DAGs
[2024-08-29T19:48:29.789+0000] {logging_mixin.py:149} INFO - [2024-08-29T19:48:29.788+0000] {dag.py:3486} INFO - Setting next_dagrun for example_task_group_decorator to 2024-08-28T19:48:29.788612+00:00, run_after=2024-08-29T19:48:29.788612+00:00
[2024-08-29T19:48:29.817+0000] {processor.py:179} INFO - Processing /home/airflow-vm/data-engineer-batch-processing-financial-services/.venv/lib/python3.10/site-packages/airflow/example_dags/example_task_group_decorator.py took 0.086 seconds
[2024-08-29T19:49:06.594+0000] {processor.py:157} INFO - Started process (PID=49577) to work on /home/airflow-vm/data-engineer-batch-processing-financial-services/.venv/lib/python3.10/site-packages/airflow/example_dags/example_task_group_decorator.py
[2024-08-29T19:49:06.595+0000] {processor.py:826} INFO - Processing file /home/airflow-vm/data-engineer-batch-processing-financial-services/.venv/lib/python3.10/site-packages/airflow/example_dags/example_task_group_decorator.py for tasks to queue
[2024-08-29T19:49:06.596+0000] {logging_mixin.py:149} INFO - [2024-08-29T19:49:06.596+0000] {dagbag.py:541} INFO - Filling up the DagBag from /home/airflow-vm/data-engineer-batch-processing-financial-services/.venv/lib/python3.10/site-packages/airflow/example_dags/example_task_group_decorator.py
[2024-08-29T19:49:06.609+0000] {processor.py:836} INFO - DAG(s) dict_keys(['example_task_group_decorator']) retrieved from /home/airflow-vm/data-engineer-batch-processing-financial-services/.venv/lib/python3.10/site-packages/airflow/example_dags/example_task_group_decorator.py
[2024-08-29T19:49:06.631+0000] {logging_mixin.py:149} INFO - [2024-08-29T19:49:06.631+0000] {dag.py:2726} INFO - Sync 1 DAGs
[2024-08-29T19:49:06.649+0000] {logging_mixin.py:149} INFO - [2024-08-29T19:49:06.649+0000] {dag.py:3486} INFO - Setting next_dagrun for example_task_group_decorator to 2024-08-28T19:49:06.649451+00:00, run_after=2024-08-29T19:49:06.649451+00:00
[2024-08-29T19:49:06.678+0000] {processor.py:179} INFO - Processing /home/airflow-vm/data-engineer-batch-processing-financial-services/.venv/lib/python3.10/site-packages/airflow/example_dags/example_task_group_decorator.py took 0.086 seconds
[2024-08-29T19:49:39.651+0000] {processor.py:157} INFO - Started process (PID=49690) to work on /home/airflow-vm/data-engineer-batch-processing-financial-services/.venv/lib/python3.10/site-packages/airflow/example_dags/example_task_group_decorator.py
[2024-08-29T19:49:39.651+0000] {processor.py:826} INFO - Processing file /home/airflow-vm/data-engineer-batch-processing-financial-services/.venv/lib/python3.10/site-packages/airflow/example_dags/example_task_group_decorator.py for tasks to queue
[2024-08-29T19:49:39.652+0000] {logging_mixin.py:149} INFO - [2024-08-29T19:49:39.652+0000] {dagbag.py:541} INFO - Filling up the DagBag from /home/airflow-vm/data-engineer-batch-processing-financial-services/.venv/lib/python3.10/site-packages/airflow/example_dags/example_task_group_decorator.py
[2024-08-29T19:49:39.664+0000] {processor.py:836} INFO - DAG(s) dict_keys(['example_task_group_decorator']) retrieved from /home/airflow-vm/data-engineer-batch-processing-financial-services/.venv/lib/python3.10/site-packages/airflow/example_dags/example_task_group_decorator.py
[2024-08-29T19:49:39.685+0000] {logging_mixin.py:149} INFO - [2024-08-29T19:49:39.685+0000] {dag.py:2726} INFO - Sync 1 DAGs
[2024-08-29T19:49:39.704+0000] {logging_mixin.py:149} INFO - [2024-08-29T19:49:39.704+0000] {dag.py:3486} INFO - Setting next_dagrun for example_task_group_decorator to 2024-08-28T19:49:39.704381+00:00, run_after=2024-08-29T19:49:39.704381+00:00
[2024-08-29T19:49:39.736+0000] {processor.py:179} INFO - Processing /home/airflow-vm/data-engineer-batch-processing-financial-services/.venv/lib/python3.10/site-packages/airflow/example_dags/example_task_group_decorator.py took 0.088 seconds
[2024-08-29T19:50:26.576+0000] {processor.py:157} INFO - Started process (PID=49906) to work on /home/airflow-vm/data-engineer-batch-processing-financial-services/.venv/lib/python3.10/site-packages/airflow/example_dags/example_task_group_decorator.py
[2024-08-29T19:50:26.577+0000] {processor.py:826} INFO - Processing file /home/airflow-vm/data-engineer-batch-processing-financial-services/.venv/lib/python3.10/site-packages/airflow/example_dags/example_task_group_decorator.py for tasks to queue
[2024-08-29T19:50:26.577+0000] {logging_mixin.py:149} INFO - [2024-08-29T19:50:26.577+0000] {dagbag.py:541} INFO - Filling up the DagBag from /home/airflow-vm/data-engineer-batch-processing-financial-services/.venv/lib/python3.10/site-packages/airflow/example_dags/example_task_group_decorator.py
[2024-08-29T19:50:26.590+0000] {processor.py:836} INFO - DAG(s) dict_keys(['example_task_group_decorator']) retrieved from /home/airflow-vm/data-engineer-batch-processing-financial-services/.venv/lib/python3.10/site-packages/airflow/example_dags/example_task_group_decorator.py
[2024-08-29T19:50:26.612+0000] {logging_mixin.py:149} INFO - [2024-08-29T19:50:26.612+0000] {dag.py:2726} INFO - Sync 1 DAGs
[2024-08-29T19:50:26.632+0000] {logging_mixin.py:149} INFO - [2024-08-29T19:50:26.631+0000] {dag.py:3486} INFO - Setting next_dagrun for example_task_group_decorator to 2024-08-28T19:50:26.631713+00:00, run_after=2024-08-29T19:50:26.631713+00:00
[2024-08-29T19:50:26.660+0000] {processor.py:179} INFO - Processing /home/airflow-vm/data-engineer-batch-processing-financial-services/.venv/lib/python3.10/site-packages/airflow/example_dags/example_task_group_decorator.py took 0.086 seconds
[2024-08-29T19:50:56.869+0000] {processor.py:157} INFO - Started process (PID=50466) to work on /home/airflow-vm/data-engineer-batch-processing-financial-services/.venv/lib/python3.10/site-packages/airflow/example_dags/example_task_group_decorator.py
[2024-08-29T19:50:56.870+0000] {processor.py:826} INFO - Processing file /home/airflow-vm/data-engineer-batch-processing-financial-services/.venv/lib/python3.10/site-packages/airflow/example_dags/example_task_group_decorator.py for tasks to queue
[2024-08-29T19:50:56.870+0000] {logging_mixin.py:149} INFO - [2024-08-29T19:50:56.870+0000] {dagbag.py:541} INFO - Filling up the DagBag from /home/airflow-vm/data-engineer-batch-processing-financial-services/.venv/lib/python3.10/site-packages/airflow/example_dags/example_task_group_decorator.py
[2024-08-29T19:50:56.883+0000] {processor.py:836} INFO - DAG(s) dict_keys(['example_task_group_decorator']) retrieved from /home/airflow-vm/data-engineer-batch-processing-financial-services/.venv/lib/python3.10/site-packages/airflow/example_dags/example_task_group_decorator.py
[2024-08-29T19:50:56.904+0000] {logging_mixin.py:149} INFO - [2024-08-29T19:50:56.904+0000] {dag.py:2726} INFO - Sync 1 DAGs
[2024-08-29T19:50:56.923+0000] {logging_mixin.py:149} INFO - [2024-08-29T19:50:56.923+0000] {dag.py:3486} INFO - Setting next_dagrun for example_task_group_decorator to 2024-08-28T19:50:56.922841+00:00, run_after=2024-08-29T19:50:56.922841+00:00
[2024-08-29T19:50:56.950+0000] {processor.py:179} INFO - Processing /home/airflow-vm/data-engineer-batch-processing-financial-services/.venv/lib/python3.10/site-packages/airflow/example_dags/example_task_group_decorator.py took 0.083 seconds
[2024-08-29T19:51:31.972+0000] {processor.py:157} INFO - Started process (PID=50720) to work on /home/airflow-vm/data-engineer-batch-processing-financial-services/.venv/lib/python3.10/site-packages/airflow/example_dags/example_task_group_decorator.py
[2024-08-29T19:51:31.973+0000] {processor.py:826} INFO - Processing file /home/airflow-vm/data-engineer-batch-processing-financial-services/.venv/lib/python3.10/site-packages/airflow/example_dags/example_task_group_decorator.py for tasks to queue
[2024-08-29T19:51:31.973+0000] {logging_mixin.py:149} INFO - [2024-08-29T19:51:31.973+0000] {dagbag.py:541} INFO - Filling up the DagBag from /home/airflow-vm/data-engineer-batch-processing-financial-services/.venv/lib/python3.10/site-packages/airflow/example_dags/example_task_group_decorator.py
[2024-08-29T19:51:31.986+0000] {processor.py:836} INFO - DAG(s) dict_keys(['example_task_group_decorator']) retrieved from /home/airflow-vm/data-engineer-batch-processing-financial-services/.venv/lib/python3.10/site-packages/airflow/example_dags/example_task_group_decorator.py
[2024-08-29T19:51:32.009+0000] {logging_mixin.py:149} INFO - [2024-08-29T19:51:32.009+0000] {dag.py:2726} INFO - Sync 1 DAGs
[2024-08-29T19:51:32.029+0000] {logging_mixin.py:149} INFO - [2024-08-29T19:51:32.029+0000] {dag.py:3486} INFO - Setting next_dagrun for example_task_group_decorator to 2024-08-28T19:51:32.029546+00:00, run_after=2024-08-29T19:51:32.029546+00:00
[2024-08-29T19:51:32.059+0000] {processor.py:179} INFO - Processing /home/airflow-vm/data-engineer-batch-processing-financial-services/.venv/lib/python3.10/site-packages/airflow/example_dags/example_task_group_decorator.py took 0.089 seconds
[2024-08-29T19:52:17.805+0000] {processor.py:157} INFO - Started process (PID=50912) to work on /home/airflow-vm/data-engineer-batch-processing-financial-services/.venv/lib/python3.10/site-packages/airflow/example_dags/example_task_group_decorator.py
[2024-08-29T19:52:17.806+0000] {processor.py:826} INFO - Processing file /home/airflow-vm/data-engineer-batch-processing-financial-services/.venv/lib/python3.10/site-packages/airflow/example_dags/example_task_group_decorator.py for tasks to queue
[2024-08-29T19:52:17.806+0000] {logging_mixin.py:149} INFO - [2024-08-29T19:52:17.806+0000] {dagbag.py:541} INFO - Filling up the DagBag from /home/airflow-vm/data-engineer-batch-processing-financial-services/.venv/lib/python3.10/site-packages/airflow/example_dags/example_task_group_decorator.py
[2024-08-29T19:52:17.819+0000] {processor.py:836} INFO - DAG(s) dict_keys(['example_task_group_decorator']) retrieved from /home/airflow-vm/data-engineer-batch-processing-financial-services/.venv/lib/python3.10/site-packages/airflow/example_dags/example_task_group_decorator.py
[2024-08-29T19:52:17.840+0000] {logging_mixin.py:149} INFO - [2024-08-29T19:52:17.840+0000] {dag.py:2726} INFO - Sync 1 DAGs
[2024-08-29T19:52:17.859+0000] {logging_mixin.py:149} INFO - [2024-08-29T19:52:17.859+0000] {dag.py:3486} INFO - Setting next_dagrun for example_task_group_decorator to 2024-08-28T19:52:17.859450+00:00, run_after=2024-08-29T19:52:17.859450+00:00
[2024-08-29T19:52:17.888+0000] {processor.py:179} INFO - Processing /home/airflow-vm/data-engineer-batch-processing-financial-services/.venv/lib/python3.10/site-packages/airflow/example_dags/example_task_group_decorator.py took 0.085 seconds
[2024-08-29T19:53:00.927+0000] {processor.py:157} INFO - Started process (PID=51009) to work on /home/airflow-vm/data-engineer-batch-processing-financial-services/.venv/lib/python3.10/site-packages/airflow/example_dags/example_task_group_decorator.py
[2024-08-29T19:53:00.927+0000] {processor.py:826} INFO - Processing file /home/airflow-vm/data-engineer-batch-processing-financial-services/.venv/lib/python3.10/site-packages/airflow/example_dags/example_task_group_decorator.py for tasks to queue
[2024-08-29T19:53:00.928+0000] {logging_mixin.py:149} INFO - [2024-08-29T19:53:00.928+0000] {dagbag.py:541} INFO - Filling up the DagBag from /home/airflow-vm/data-engineer-batch-processing-financial-services/.venv/lib/python3.10/site-packages/airflow/example_dags/example_task_group_decorator.py
[2024-08-29T19:53:00.940+0000] {processor.py:836} INFO - DAG(s) dict_keys(['example_task_group_decorator']) retrieved from /home/airflow-vm/data-engineer-batch-processing-financial-services/.venv/lib/python3.10/site-packages/airflow/example_dags/example_task_group_decorator.py
[2024-08-29T19:53:00.962+0000] {logging_mixin.py:149} INFO - [2024-08-29T19:53:00.961+0000] {dag.py:2726} INFO - Sync 1 DAGs
[2024-08-29T19:53:00.980+0000] {logging_mixin.py:149} INFO - [2024-08-29T19:53:00.980+0000] {dag.py:3486} INFO - Setting next_dagrun for example_task_group_decorator to 2024-08-28T19:53:00.980333+00:00, run_after=2024-08-29T19:53:00.980333+00:00
[2024-08-29T19:53:01.008+0000] {processor.py:179} INFO - Processing /home/airflow-vm/data-engineer-batch-processing-financial-services/.venv/lib/python3.10/site-packages/airflow/example_dags/example_task_group_decorator.py took 0.084 seconds
[2024-08-29T19:53:32.056+0000] {processor.py:157} INFO - Started process (PID=51085) to work on /home/airflow-vm/data-engineer-batch-processing-financial-services/.venv/lib/python3.10/site-packages/airflow/example_dags/example_task_group_decorator.py
[2024-08-29T19:53:32.056+0000] {processor.py:826} INFO - Processing file /home/airflow-vm/data-engineer-batch-processing-financial-services/.venv/lib/python3.10/site-packages/airflow/example_dags/example_task_group_decorator.py for tasks to queue
[2024-08-29T19:53:32.057+0000] {logging_mixin.py:149} INFO - [2024-08-29T19:53:32.057+0000] {dagbag.py:541} INFO - Filling up the DagBag from /home/airflow-vm/data-engineer-batch-processing-financial-services/.venv/lib/python3.10/site-packages/airflow/example_dags/example_task_group_decorator.py
[2024-08-29T19:53:32.070+0000] {processor.py:836} INFO - DAG(s) dict_keys(['example_task_group_decorator']) retrieved from /home/airflow-vm/data-engineer-batch-processing-financial-services/.venv/lib/python3.10/site-packages/airflow/example_dags/example_task_group_decorator.py
[2024-08-29T19:53:32.091+0000] {logging_mixin.py:149} INFO - [2024-08-29T19:53:32.091+0000] {dag.py:2726} INFO - Sync 1 DAGs
[2024-08-29T19:53:32.110+0000] {logging_mixin.py:149} INFO - [2024-08-29T19:53:32.110+0000] {dag.py:3486} INFO - Setting next_dagrun for example_task_group_decorator to 2024-08-28T19:53:32.110493+00:00, run_after=2024-08-29T19:53:32.110493+00:00
[2024-08-29T19:53:32.138+0000] {processor.py:179} INFO - Processing /home/airflow-vm/data-engineer-batch-processing-financial-services/.venv/lib/python3.10/site-packages/airflow/example_dags/example_task_group_decorator.py took 0.085 seconds
[2024-08-29T19:54:17.306+0000] {processor.py:157} INFO - Started process (PID=51202) to work on /home/airflow-vm/data-engineer-batch-processing-financial-services/.venv/lib/python3.10/site-packages/airflow/example_dags/example_task_group_decorator.py
[2024-08-29T19:54:17.307+0000] {processor.py:826} INFO - Processing file /home/airflow-vm/data-engineer-batch-processing-financial-services/.venv/lib/python3.10/site-packages/airflow/example_dags/example_task_group_decorator.py for tasks to queue
[2024-08-29T19:54:17.308+0000] {logging_mixin.py:149} INFO - [2024-08-29T19:54:17.308+0000] {dagbag.py:541} INFO - Filling up the DagBag from /home/airflow-vm/data-engineer-batch-processing-financial-services/.venv/lib/python3.10/site-packages/airflow/example_dags/example_task_group_decorator.py
[2024-08-29T19:54:17.321+0000] {processor.py:836} INFO - DAG(s) dict_keys(['example_task_group_decorator']) retrieved from /home/airflow-vm/data-engineer-batch-processing-financial-services/.venv/lib/python3.10/site-packages/airflow/example_dags/example_task_group_decorator.py
[2024-08-29T19:54:17.343+0000] {logging_mixin.py:149} INFO - [2024-08-29T19:54:17.343+0000] {dag.py:2726} INFO - Sync 1 DAGs
[2024-08-29T19:54:17.363+0000] {logging_mixin.py:149} INFO - [2024-08-29T19:54:17.362+0000] {dag.py:3486} INFO - Setting next_dagrun for example_task_group_decorator to 2024-08-28T19:54:17.362678+00:00, run_after=2024-08-29T19:54:17.362678+00:00
[2024-08-29T19:54:17.391+0000] {processor.py:179} INFO - Processing /home/airflow-vm/data-engineer-batch-processing-financial-services/.venv/lib/python3.10/site-packages/airflow/example_dags/example_task_group_decorator.py took 0.088 seconds
[2024-08-29T19:54:49.344+0000] {processor.py:157} INFO - Started process (PID=51412) to work on /home/airflow-vm/data-engineer-batch-processing-financial-services/.venv/lib/python3.10/site-packages/airflow/example_dags/example_task_group_decorator.py
[2024-08-29T19:54:49.344+0000] {processor.py:826} INFO - Processing file /home/airflow-vm/data-engineer-batch-processing-financial-services/.venv/lib/python3.10/site-packages/airflow/example_dags/example_task_group_decorator.py for tasks to queue
[2024-08-29T19:54:49.345+0000] {logging_mixin.py:149} INFO - [2024-08-29T19:54:49.345+0000] {dagbag.py:541} INFO - Filling up the DagBag from /home/airflow-vm/data-engineer-batch-processing-financial-services/.venv/lib/python3.10/site-packages/airflow/example_dags/example_task_group_decorator.py
[2024-08-29T19:54:49.358+0000] {processor.py:836} INFO - DAG(s) dict_keys(['example_task_group_decorator']) retrieved from /home/airflow-vm/data-engineer-batch-processing-financial-services/.venv/lib/python3.10/site-packages/airflow/example_dags/example_task_group_decorator.py
[2024-08-29T19:54:49.379+0000] {logging_mixin.py:149} INFO - [2024-08-29T19:54:49.379+0000] {dag.py:2726} INFO - Sync 1 DAGs
[2024-08-29T19:54:49.401+0000] {logging_mixin.py:149} INFO - [2024-08-29T19:54:49.401+0000] {dag.py:3486} INFO - Setting next_dagrun for example_task_group_decorator to 2024-08-28T19:54:49.401486+00:00, run_after=2024-08-29T19:54:49.401486+00:00
[2024-08-29T19:54:49.433+0000] {processor.py:179} INFO - Processing /home/airflow-vm/data-engineer-batch-processing-financial-services/.venv/lib/python3.10/site-packages/airflow/example_dags/example_task_group_decorator.py took 0.091 seconds
[2024-08-29T19:55:22.356+0000] {processor.py:157} INFO - Started process (PID=51669) to work on /home/airflow-vm/data-engineer-batch-processing-financial-services/.venv/lib/python3.10/site-packages/airflow/example_dags/example_task_group_decorator.py
[2024-08-29T19:55:22.357+0000] {processor.py:826} INFO - Processing file /home/airflow-vm/data-engineer-batch-processing-financial-services/.venv/lib/python3.10/site-packages/airflow/example_dags/example_task_group_decorator.py for tasks to queue
[2024-08-29T19:55:22.358+0000] {logging_mixin.py:149} INFO - [2024-08-29T19:55:22.358+0000] {dagbag.py:541} INFO - Filling up the DagBag from /home/airflow-vm/data-engineer-batch-processing-financial-services/.venv/lib/python3.10/site-packages/airflow/example_dags/example_task_group_decorator.py
[2024-08-29T19:55:22.371+0000] {processor.py:836} INFO - DAG(s) dict_keys(['example_task_group_decorator']) retrieved from /home/airflow-vm/data-engineer-batch-processing-financial-services/.venv/lib/python3.10/site-packages/airflow/example_dags/example_task_group_decorator.py
[2024-08-29T19:55:22.394+0000] {logging_mixin.py:149} INFO - [2024-08-29T19:55:22.394+0000] {dag.py:2726} INFO - Sync 1 DAGs
[2024-08-29T19:55:22.414+0000] {logging_mixin.py:149} INFO - [2024-08-29T19:55:22.414+0000] {dag.py:3486} INFO - Setting next_dagrun for example_task_group_decorator to 2024-08-28T19:55:22.414546+00:00, run_after=2024-08-29T19:55:22.414546+00:00
[2024-08-29T19:55:22.446+0000] {processor.py:179} INFO - Processing /home/airflow-vm/data-engineer-batch-processing-financial-services/.venv/lib/python3.10/site-packages/airflow/example_dags/example_task_group_decorator.py took 0.092 seconds
[2024-08-29T20:11:33.280+0000] {processor.py:157} INFO - Started process (PID=56310) to work on /home/airflow-vm/data-engineer-batch-processing-financial-services/.venv/lib/python3.10/site-packages/airflow/example_dags/example_task_group_decorator.py
[2024-08-29T20:11:33.280+0000] {processor.py:826} INFO - Processing file /home/airflow-vm/data-engineer-batch-processing-financial-services/.venv/lib/python3.10/site-packages/airflow/example_dags/example_task_group_decorator.py for tasks to queue
[2024-08-29T20:11:33.281+0000] {logging_mixin.py:149} INFO - [2024-08-29T20:11:33.281+0000] {dagbag.py:541} INFO - Filling up the DagBag from /home/airflow-vm/data-engineer-batch-processing-financial-services/.venv/lib/python3.10/site-packages/airflow/example_dags/example_task_group_decorator.py
[2024-08-29T20:11:33.296+0000] {processor.py:836} INFO - DAG(s) dict_keys(['example_task_group_decorator']) retrieved from /home/airflow-vm/data-engineer-batch-processing-financial-services/.venv/lib/python3.10/site-packages/airflow/example_dags/example_task_group_decorator.py
[2024-08-29T20:11:33.323+0000] {logging_mixin.py:149} INFO - [2024-08-29T20:11:33.323+0000] {dag.py:2726} INFO - Sync 1 DAGs
[2024-08-29T20:11:33.341+0000] {logging_mixin.py:149} INFO - [2024-08-29T20:11:33.341+0000] {dag.py:3486} INFO - Setting next_dagrun for example_task_group_decorator to 2024-08-28T20:11:33.341541+00:00, run_after=2024-08-29T20:11:33.341541+00:00
[2024-08-29T20:11:33.368+0000] {processor.py:179} INFO - Processing /home/airflow-vm/data-engineer-batch-processing-financial-services/.venv/lib/python3.10/site-packages/airflow/example_dags/example_task_group_decorator.py took 0.091 seconds
[2024-08-29T20:12:18.926+0000] {processor.py:157} INFO - Started process (PID=56588) to work on /home/airflow-vm/data-engineer-batch-processing-financial-services/.venv/lib/python3.10/site-packages/airflow/example_dags/example_task_group_decorator.py
[2024-08-29T20:12:18.927+0000] {processor.py:826} INFO - Processing file /home/airflow-vm/data-engineer-batch-processing-financial-services/.venv/lib/python3.10/site-packages/airflow/example_dags/example_task_group_decorator.py for tasks to queue
[2024-08-29T20:12:18.928+0000] {logging_mixin.py:149} INFO - [2024-08-29T20:12:18.928+0000] {dagbag.py:541} INFO - Filling up the DagBag from /home/airflow-vm/data-engineer-batch-processing-financial-services/.venv/lib/python3.10/site-packages/airflow/example_dags/example_task_group_decorator.py
[2024-08-29T20:12:18.940+0000] {processor.py:836} INFO - DAG(s) dict_keys(['example_task_group_decorator']) retrieved from /home/airflow-vm/data-engineer-batch-processing-financial-services/.venv/lib/python3.10/site-packages/airflow/example_dags/example_task_group_decorator.py
[2024-08-29T20:12:18.962+0000] {logging_mixin.py:149} INFO - [2024-08-29T20:12:18.962+0000] {dag.py:2726} INFO - Sync 1 DAGs
[2024-08-29T20:12:18.981+0000] {logging_mixin.py:149} INFO - [2024-08-29T20:12:18.981+0000] {dag.py:3486} INFO - Setting next_dagrun for example_task_group_decorator to 2024-08-28T20:12:18.981132+00:00, run_after=2024-08-29T20:12:18.981132+00:00
[2024-08-29T20:12:19.008+0000] {processor.py:179} INFO - Processing /home/airflow-vm/data-engineer-batch-processing-financial-services/.venv/lib/python3.10/site-packages/airflow/example_dags/example_task_group_decorator.py took 0.084 seconds
[2024-08-29T20:13:02.119+0000] {processor.py:157} INFO - Started process (PID=56872) to work on /home/airflow-vm/data-engineer-batch-processing-financial-services/.venv/lib/python3.10/site-packages/airflow/example_dags/example_task_group_decorator.py
[2024-08-29T20:13:02.120+0000] {processor.py:826} INFO - Processing file /home/airflow-vm/data-engineer-batch-processing-financial-services/.venv/lib/python3.10/site-packages/airflow/example_dags/example_task_group_decorator.py for tasks to queue
[2024-08-29T20:13:02.121+0000] {logging_mixin.py:149} INFO - [2024-08-29T20:13:02.121+0000] {dagbag.py:541} INFO - Filling up the DagBag from /home/airflow-vm/data-engineer-batch-processing-financial-services/.venv/lib/python3.10/site-packages/airflow/example_dags/example_task_group_decorator.py
[2024-08-29T20:13:02.133+0000] {processor.py:836} INFO - DAG(s) dict_keys(['example_task_group_decorator']) retrieved from /home/airflow-vm/data-engineer-batch-processing-financial-services/.venv/lib/python3.10/site-packages/airflow/example_dags/example_task_group_decorator.py
[2024-08-29T20:13:02.155+0000] {logging_mixin.py:149} INFO - [2024-08-29T20:13:02.154+0000] {dag.py:2726} INFO - Sync 1 DAGs
[2024-08-29T20:13:02.173+0000] {logging_mixin.py:149} INFO - [2024-08-29T20:13:02.173+0000] {dag.py:3486} INFO - Setting next_dagrun for example_task_group_decorator to 2024-08-28T20:13:02.172979+00:00, run_after=2024-08-29T20:13:02.172979+00:00
[2024-08-29T20:13:02.204+0000] {processor.py:179} INFO - Processing /home/airflow-vm/data-engineer-batch-processing-financial-services/.venv/lib/python3.10/site-packages/airflow/example_dags/example_task_group_decorator.py took 0.087 seconds
[2024-08-29T20:15:01.656+0000] {processor.py:157} INFO - Started process (PID=57361) to work on /home/airflow-vm/data-engineer-batch-processing-financial-services/.venv/lib/python3.10/site-packages/airflow/example_dags/example_task_group_decorator.py
[2024-08-29T20:15:01.657+0000] {processor.py:826} INFO - Processing file /home/airflow-vm/data-engineer-batch-processing-financial-services/.venv/lib/python3.10/site-packages/airflow/example_dags/example_task_group_decorator.py for tasks to queue
[2024-08-29T20:15:01.658+0000] {logging_mixin.py:149} INFO - [2024-08-29T20:15:01.657+0000] {dagbag.py:541} INFO - Filling up the DagBag from /home/airflow-vm/data-engineer-batch-processing-financial-services/.venv/lib/python3.10/site-packages/airflow/example_dags/example_task_group_decorator.py
[2024-08-29T20:15:01.672+0000] {processor.py:836} INFO - DAG(s) dict_keys(['example_task_group_decorator']) retrieved from /home/airflow-vm/data-engineer-batch-processing-financial-services/.venv/lib/python3.10/site-packages/airflow/example_dags/example_task_group_decorator.py
[2024-08-29T20:15:01.699+0000] {logging_mixin.py:149} INFO - [2024-08-29T20:15:01.698+0000] {dag.py:2726} INFO - Sync 1 DAGs
[2024-08-29T20:15:01.717+0000] {logging_mixin.py:149} INFO - [2024-08-29T20:15:01.717+0000] {dag.py:3486} INFO - Setting next_dagrun for example_task_group_decorator to 2024-08-28T20:15:01.717065+00:00, run_after=2024-08-29T20:15:01.717065+00:00
[2024-08-29T20:15:01.744+0000] {processor.py:179} INFO - Processing /home/airflow-vm/data-engineer-batch-processing-financial-services/.venv/lib/python3.10/site-packages/airflow/example_dags/example_task_group_decorator.py took 0.090 seconds
[2024-08-29T20:15:45.669+0000] {processor.py:157} INFO - Started process (PID=57859) to work on /home/airflow-vm/data-engineer-batch-processing-financial-services/.venv/lib/python3.10/site-packages/airflow/example_dags/example_task_group_decorator.py
[2024-08-29T20:15:45.669+0000] {processor.py:826} INFO - Processing file /home/airflow-vm/data-engineer-batch-processing-financial-services/.venv/lib/python3.10/site-packages/airflow/example_dags/example_task_group_decorator.py for tasks to queue
[2024-08-29T20:15:45.670+0000] {logging_mixin.py:149} INFO - [2024-08-29T20:15:45.670+0000] {dagbag.py:541} INFO - Filling up the DagBag from /home/airflow-vm/data-engineer-batch-processing-financial-services/.venv/lib/python3.10/site-packages/airflow/example_dags/example_task_group_decorator.py
[2024-08-29T20:15:45.683+0000] {processor.py:836} INFO - DAG(s) dict_keys(['example_task_group_decorator']) retrieved from /home/airflow-vm/data-engineer-batch-processing-financial-services/.venv/lib/python3.10/site-packages/airflow/example_dags/example_task_group_decorator.py
[2024-08-29T20:15:45.704+0000] {logging_mixin.py:149} INFO - [2024-08-29T20:15:45.704+0000] {dag.py:2726} INFO - Sync 1 DAGs
[2024-08-29T20:15:45.723+0000] {logging_mixin.py:149} INFO - [2024-08-29T20:15:45.723+0000] {dag.py:3486} INFO - Setting next_dagrun for example_task_group_decorator to 2024-08-28T20:15:45.722835+00:00, run_after=2024-08-29T20:15:45.722835+00:00
[2024-08-29T20:15:45.753+0000] {processor.py:179} INFO - Processing /home/airflow-vm/data-engineer-batch-processing-financial-services/.venv/lib/python3.10/site-packages/airflow/example_dags/example_task_group_decorator.py took 0.087 seconds
[2024-08-29T20:16:32.264+0000] {processor.py:157} INFO - Started process (PID=58238) to work on /home/airflow-vm/data-engineer-batch-processing-financial-services/.venv/lib/python3.10/site-packages/airflow/example_dags/example_task_group_decorator.py
[2024-08-29T20:16:32.265+0000] {processor.py:826} INFO - Processing file /home/airflow-vm/data-engineer-batch-processing-financial-services/.venv/lib/python3.10/site-packages/airflow/example_dags/example_task_group_decorator.py for tasks to queue
[2024-08-29T20:16:32.266+0000] {logging_mixin.py:149} INFO - [2024-08-29T20:16:32.266+0000] {dagbag.py:541} INFO - Filling up the DagBag from /home/airflow-vm/data-engineer-batch-processing-financial-services/.venv/lib/python3.10/site-packages/airflow/example_dags/example_task_group_decorator.py
[2024-08-29T20:16:32.279+0000] {processor.py:836} INFO - DAG(s) dict_keys(['example_task_group_decorator']) retrieved from /home/airflow-vm/data-engineer-batch-processing-financial-services/.venv/lib/python3.10/site-packages/airflow/example_dags/example_task_group_decorator.py
[2024-08-29T20:16:32.302+0000] {logging_mixin.py:149} INFO - [2024-08-29T20:16:32.302+0000] {dag.py:2726} INFO - Sync 1 DAGs
[2024-08-29T20:16:32.321+0000] {logging_mixin.py:149} INFO - [2024-08-29T20:16:32.321+0000] {dag.py:3486} INFO - Setting next_dagrun for example_task_group_decorator to 2024-08-28T20:16:32.320938+00:00, run_after=2024-08-29T20:16:32.320938+00:00
[2024-08-29T20:16:32.350+0000] {processor.py:179} INFO - Processing /home/airflow-vm/data-engineer-batch-processing-financial-services/.venv/lib/python3.10/site-packages/airflow/example_dags/example_task_group_decorator.py took 0.089 seconds
[2024-08-29T20:23:35.083+0000] {processor.py:157} INFO - Started process (PID=60634) to work on /home/airflow-vm/data-engineer-batch-processing-financial-services/.venv/lib/python3.10/site-packages/airflow/example_dags/example_task_group_decorator.py
[2024-08-29T20:23:35.084+0000] {processor.py:826} INFO - Processing file /home/airflow-vm/data-engineer-batch-processing-financial-services/.venv/lib/python3.10/site-packages/airflow/example_dags/example_task_group_decorator.py for tasks to queue
[2024-08-29T20:23:35.085+0000] {logging_mixin.py:149} INFO - [2024-08-29T20:23:35.085+0000] {dagbag.py:541} INFO - Filling up the DagBag from /home/airflow-vm/data-engineer-batch-processing-financial-services/.venv/lib/python3.10/site-packages/airflow/example_dags/example_task_group_decorator.py
[2024-08-29T20:23:35.099+0000] {processor.py:836} INFO - DAG(s) dict_keys(['example_task_group_decorator']) retrieved from /home/airflow-vm/data-engineer-batch-processing-financial-services/.venv/lib/python3.10/site-packages/airflow/example_dags/example_task_group_decorator.py
[2024-08-29T20:23:35.106+0000] {logging_mixin.py:149} INFO - [2024-08-29T20:23:35.106+0000] {dag.py:2726} INFO - Sync 1 DAGs
[2024-08-29T20:23:35.126+0000] {logging_mixin.py:149} INFO - [2024-08-29T20:23:35.126+0000] {dag.py:3486} INFO - Setting next_dagrun for example_task_group_decorator to 2024-08-28T20:23:35.126156+00:00, run_after=2024-08-29T20:23:35.126156+00:00
[2024-08-29T20:23:35.153+0000] {processor.py:179} INFO - Processing /home/airflow-vm/data-engineer-batch-processing-financial-services/.venv/lib/python3.10/site-packages/airflow/example_dags/example_task_group_decorator.py took 0.072 seconds
[2024-08-29T20:25:31.302+0000] {processor.py:157} INFO - Started process (PID=62074) to work on /home/airflow-vm/data-engineer-batch-processing-financial-services/.venv/lib/python3.10/site-packages/airflow/example_dags/example_task_group_decorator.py
[2024-08-29T20:25:31.303+0000] {processor.py:826} INFO - Processing file /home/airflow-vm/data-engineer-batch-processing-financial-services/.venv/lib/python3.10/site-packages/airflow/example_dags/example_task_group_decorator.py for tasks to queue
[2024-08-29T20:25:31.304+0000] {logging_mixin.py:149} INFO - [2024-08-29T20:25:31.304+0000] {dagbag.py:541} INFO - Filling up the DagBag from /home/airflow-vm/data-engineer-batch-processing-financial-services/.venv/lib/python3.10/site-packages/airflow/example_dags/example_task_group_decorator.py
[2024-08-29T20:25:31.316+0000] {processor.py:836} INFO - DAG(s) dict_keys(['example_task_group_decorator']) retrieved from /home/airflow-vm/data-engineer-batch-processing-financial-services/.venv/lib/python3.10/site-packages/airflow/example_dags/example_task_group_decorator.py
[2024-08-29T20:25:31.338+0000] {logging_mixin.py:149} INFO - [2024-08-29T20:25:31.338+0000] {dag.py:2726} INFO - Sync 1 DAGs
[2024-08-29T20:25:31.358+0000] {logging_mixin.py:149} INFO - [2024-08-29T20:25:31.358+0000] {dag.py:3486} INFO - Setting next_dagrun for example_task_group_decorator to 2024-08-28T20:25:31.358439+00:00, run_after=2024-08-29T20:25:31.358439+00:00
[2024-08-29T20:25:31.386+0000] {processor.py:179} INFO - Processing /home/airflow-vm/data-engineer-batch-processing-financial-services/.venv/lib/python3.10/site-packages/airflow/example_dags/example_task_group_decorator.py took 0.086 seconds
[2024-08-29T20:26:44.388+0000] {processor.py:157} INFO - Started process (PID=63044) to work on /home/airflow-vm/data-engineer-batch-processing-financial-services/.venv/lib/python3.10/site-packages/airflow/example_dags/example_task_group_decorator.py
[2024-08-29T20:26:44.390+0000] {processor.py:826} INFO - Processing file /home/airflow-vm/data-engineer-batch-processing-financial-services/.venv/lib/python3.10/site-packages/airflow/example_dags/example_task_group_decorator.py for tasks to queue
[2024-08-29T20:26:44.390+0000] {logging_mixin.py:149} INFO - [2024-08-29T20:26:44.390+0000] {dagbag.py:541} INFO - Filling up the DagBag from /home/airflow-vm/data-engineer-batch-processing-financial-services/.venv/lib/python3.10/site-packages/airflow/example_dags/example_task_group_decorator.py
[2024-08-29T20:26:44.403+0000] {processor.py:836} INFO - DAG(s) dict_keys(['example_task_group_decorator']) retrieved from /home/airflow-vm/data-engineer-batch-processing-financial-services/.venv/lib/python3.10/site-packages/airflow/example_dags/example_task_group_decorator.py
[2024-08-29T20:26:44.424+0000] {logging_mixin.py:149} INFO - [2024-08-29T20:26:44.423+0000] {dag.py:2726} INFO - Sync 1 DAGs
[2024-08-29T20:26:44.442+0000] {logging_mixin.py:149} INFO - [2024-08-29T20:26:44.442+0000] {dag.py:3486} INFO - Setting next_dagrun for example_task_group_decorator to 2024-08-28T20:26:44.441797+00:00, run_after=2024-08-29T20:26:44.441797+00:00
[2024-08-29T20:26:44.468+0000] {processor.py:179} INFO - Processing /home/airflow-vm/data-engineer-batch-processing-financial-services/.venv/lib/python3.10/site-packages/airflow/example_dags/example_task_group_decorator.py took 0.082 seconds
[2024-08-29T20:27:27.541+0000] {processor.py:157} INFO - Started process (PID=63444) to work on /home/airflow-vm/data-engineer-batch-processing-financial-services/.venv/lib/python3.10/site-packages/airflow/example_dags/example_task_group_decorator.py
[2024-08-29T20:27:27.542+0000] {processor.py:826} INFO - Processing file /home/airflow-vm/data-engineer-batch-processing-financial-services/.venv/lib/python3.10/site-packages/airflow/example_dags/example_task_group_decorator.py for tasks to queue
[2024-08-29T20:27:27.542+0000] {logging_mixin.py:149} INFO - [2024-08-29T20:27:27.542+0000] {dagbag.py:541} INFO - Filling up the DagBag from /home/airflow-vm/data-engineer-batch-processing-financial-services/.venv/lib/python3.10/site-packages/airflow/example_dags/example_task_group_decorator.py
[2024-08-29T20:27:27.555+0000] {processor.py:836} INFO - DAG(s) dict_keys(['example_task_group_decorator']) retrieved from /home/airflow-vm/data-engineer-batch-processing-financial-services/.venv/lib/python3.10/site-packages/airflow/example_dags/example_task_group_decorator.py
[2024-08-29T20:27:27.576+0000] {logging_mixin.py:149} INFO - [2024-08-29T20:27:27.576+0000] {dag.py:2726} INFO - Sync 1 DAGs
[2024-08-29T20:27:27.594+0000] {logging_mixin.py:149} INFO - [2024-08-29T20:27:27.594+0000] {dag.py:3486} INFO - Setting next_dagrun for example_task_group_decorator to 2024-08-28T20:27:27.594384+00:00, run_after=2024-08-29T20:27:27.594384+00:00
[2024-08-29T20:27:27.622+0000] {processor.py:179} INFO - Processing /home/airflow-vm/data-engineer-batch-processing-financial-services/.venv/lib/python3.10/site-packages/airflow/example_dags/example_task_group_decorator.py took 0.083 seconds
[2024-08-29T20:28:10.023+0000] {processor.py:157} INFO - Started process (PID=63571) to work on /home/airflow-vm/data-engineer-batch-processing-financial-services/.venv/lib/python3.10/site-packages/airflow/example_dags/example_task_group_decorator.py
[2024-08-29T20:28:10.024+0000] {processor.py:826} INFO - Processing file /home/airflow-vm/data-engineer-batch-processing-financial-services/.venv/lib/python3.10/site-packages/airflow/example_dags/example_task_group_decorator.py for tasks to queue
[2024-08-29T20:28:10.025+0000] {logging_mixin.py:149} INFO - [2024-08-29T20:28:10.025+0000] {dagbag.py:541} INFO - Filling up the DagBag from /home/airflow-vm/data-engineer-batch-processing-financial-services/.venv/lib/python3.10/site-packages/airflow/example_dags/example_task_group_decorator.py
[2024-08-29T20:28:10.037+0000] {processor.py:836} INFO - DAG(s) dict_keys(['example_task_group_decorator']) retrieved from /home/airflow-vm/data-engineer-batch-processing-financial-services/.venv/lib/python3.10/site-packages/airflow/example_dags/example_task_group_decorator.py
[2024-08-29T20:28:10.058+0000] {logging_mixin.py:149} INFO - [2024-08-29T20:28:10.058+0000] {dag.py:2726} INFO - Sync 1 DAGs
[2024-08-29T20:28:10.077+0000] {logging_mixin.py:149} INFO - [2024-08-29T20:28:10.077+0000] {dag.py:3486} INFO - Setting next_dagrun for example_task_group_decorator to 2024-08-28T20:28:10.077147+00:00, run_after=2024-08-29T20:28:10.077147+00:00
[2024-08-29T20:28:10.106+0000] {processor.py:179} INFO - Processing /home/airflow-vm/data-engineer-batch-processing-financial-services/.venv/lib/python3.10/site-packages/airflow/example_dags/example_task_group_decorator.py took 0.085 seconds
[2024-08-29T20:29:27.518+0000] {processor.py:157} INFO - Started process (PID=64425) to work on /home/airflow-vm/data-engineer-batch-processing-financial-services/.venv/lib/python3.10/site-packages/airflow/example_dags/example_task_group_decorator.py
[2024-08-29T20:29:27.518+0000] {processor.py:826} INFO - Processing file /home/airflow-vm/data-engineer-batch-processing-financial-services/.venv/lib/python3.10/site-packages/airflow/example_dags/example_task_group_decorator.py for tasks to queue
[2024-08-29T20:29:27.519+0000] {logging_mixin.py:149} INFO - [2024-08-29T20:29:27.519+0000] {dagbag.py:541} INFO - Filling up the DagBag from /home/airflow-vm/data-engineer-batch-processing-financial-services/.venv/lib/python3.10/site-packages/airflow/example_dags/example_task_group_decorator.py
[2024-08-29T20:29:27.532+0000] {processor.py:836} INFO - DAG(s) dict_keys(['example_task_group_decorator']) retrieved from /home/airflow-vm/data-engineer-batch-processing-financial-services/.venv/lib/python3.10/site-packages/airflow/example_dags/example_task_group_decorator.py
[2024-08-29T20:29:27.554+0000] {logging_mixin.py:149} INFO - [2024-08-29T20:29:27.554+0000] {dag.py:2726} INFO - Sync 1 DAGs
[2024-08-29T20:29:27.573+0000] {logging_mixin.py:149} INFO - [2024-08-29T20:29:27.573+0000] {dag.py:3486} INFO - Setting next_dagrun for example_task_group_decorator to 2024-08-28T20:29:27.572908+00:00, run_after=2024-08-29T20:29:27.572908+00:00
[2024-08-29T20:29:27.600+0000] {processor.py:179} INFO - Processing /home/airflow-vm/data-engineer-batch-processing-financial-services/.venv/lib/python3.10/site-packages/airflow/example_dags/example_task_group_decorator.py took 0.085 seconds
[2024-08-29T20:30:36.771+0000] {processor.py:157} INFO - Started process (PID=65103) to work on /home/airflow-vm/data-engineer-batch-processing-financial-services/.venv/lib/python3.10/site-packages/airflow/example_dags/example_task_group_decorator.py
[2024-08-29T20:30:36.772+0000] {processor.py:826} INFO - Processing file /home/airflow-vm/data-engineer-batch-processing-financial-services/.venv/lib/python3.10/site-packages/airflow/example_dags/example_task_group_decorator.py for tasks to queue
[2024-08-29T20:30:36.772+0000] {logging_mixin.py:149} INFO - [2024-08-29T20:30:36.772+0000] {dagbag.py:541} INFO - Filling up the DagBag from /home/airflow-vm/data-engineer-batch-processing-financial-services/.venv/lib/python3.10/site-packages/airflow/example_dags/example_task_group_decorator.py
[2024-08-29T20:30:36.787+0000] {processor.py:836} INFO - DAG(s) dict_keys(['example_task_group_decorator']) retrieved from /home/airflow-vm/data-engineer-batch-processing-financial-services/.venv/lib/python3.10/site-packages/airflow/example_dags/example_task_group_decorator.py
[2024-08-29T20:30:36.794+0000] {logging_mixin.py:149} INFO - [2024-08-29T20:30:36.794+0000] {dag.py:2726} INFO - Sync 1 DAGs
[2024-08-29T20:30:36.816+0000] {logging_mixin.py:149} INFO - [2024-08-29T20:30:36.816+0000] {dag.py:3486} INFO - Setting next_dagrun for example_task_group_decorator to 2024-08-28T20:30:36.816445+00:00, run_after=2024-08-29T20:30:36.816445+00:00
[2024-08-29T20:30:36.844+0000] {processor.py:179} INFO - Processing /home/airflow-vm/data-engineer-batch-processing-financial-services/.venv/lib/python3.10/site-packages/airflow/example_dags/example_task_group_decorator.py took 0.075 seconds
[2024-08-29T20:32:27.446+0000] {processor.py:157} INFO - Started process (PID=66502) to work on /home/airflow-vm/data-engineer-batch-processing-financial-services/.venv/lib/python3.10/site-packages/airflow/example_dags/example_task_group_decorator.py
[2024-08-29T20:32:27.447+0000] {processor.py:826} INFO - Processing file /home/airflow-vm/data-engineer-batch-processing-financial-services/.venv/lib/python3.10/site-packages/airflow/example_dags/example_task_group_decorator.py for tasks to queue
[2024-08-29T20:32:27.447+0000] {logging_mixin.py:149} INFO - [2024-08-29T20:32:27.447+0000] {dagbag.py:541} INFO - Filling up the DagBag from /home/airflow-vm/data-engineer-batch-processing-financial-services/.venv/lib/python3.10/site-packages/airflow/example_dags/example_task_group_decorator.py
[2024-08-29T20:32:27.460+0000] {processor.py:836} INFO - DAG(s) dict_keys(['example_task_group_decorator']) retrieved from /home/airflow-vm/data-engineer-batch-processing-financial-services/.venv/lib/python3.10/site-packages/airflow/example_dags/example_task_group_decorator.py
[2024-08-29T20:32:27.480+0000] {logging_mixin.py:149} INFO - [2024-08-29T20:32:27.480+0000] {dag.py:2726} INFO - Sync 1 DAGs
[2024-08-29T20:32:27.499+0000] {logging_mixin.py:149} INFO - [2024-08-29T20:32:27.499+0000] {dag.py:3486} INFO - Setting next_dagrun for example_task_group_decorator to 2024-08-28T20:32:27.499243+00:00, run_after=2024-08-29T20:32:27.499243+00:00
[2024-08-29T20:32:27.527+0000] {processor.py:179} INFO - Processing /home/airflow-vm/data-engineer-batch-processing-financial-services/.venv/lib/python3.10/site-packages/airflow/example_dags/example_task_group_decorator.py took 0.084 seconds
[2024-08-29T20:33:50.360+0000] {processor.py:157} INFO - Started process (PID=67532) to work on /home/airflow-vm/data-engineer-batch-processing-financial-services/.venv/lib/python3.10/site-packages/airflow/example_dags/example_task_group_decorator.py
[2024-08-29T20:33:50.361+0000] {processor.py:826} INFO - Processing file /home/airflow-vm/data-engineer-batch-processing-financial-services/.venv/lib/python3.10/site-packages/airflow/example_dags/example_task_group_decorator.py for tasks to queue
[2024-08-29T20:33:50.361+0000] {logging_mixin.py:149} INFO - [2024-08-29T20:33:50.361+0000] {dagbag.py:541} INFO - Filling up the DagBag from /home/airflow-vm/data-engineer-batch-processing-financial-services/.venv/lib/python3.10/site-packages/airflow/example_dags/example_task_group_decorator.py
[2024-08-29T20:33:50.374+0000] {processor.py:836} INFO - DAG(s) dict_keys(['example_task_group_decorator']) retrieved from /home/airflow-vm/data-engineer-batch-processing-financial-services/.venv/lib/python3.10/site-packages/airflow/example_dags/example_task_group_decorator.py
[2024-08-29T20:33:50.395+0000] {logging_mixin.py:149} INFO - [2024-08-29T20:33:50.395+0000] {dag.py:2726} INFO - Sync 1 DAGs
[2024-08-29T20:33:50.414+0000] {logging_mixin.py:149} INFO - [2024-08-29T20:33:50.413+0000] {dag.py:3486} INFO - Setting next_dagrun for example_task_group_decorator to 2024-08-28T20:33:50.413640+00:00, run_after=2024-08-29T20:33:50.413640+00:00
[2024-08-29T20:33:50.441+0000] {processor.py:179} INFO - Processing /home/airflow-vm/data-engineer-batch-processing-financial-services/.venv/lib/python3.10/site-packages/airflow/example_dags/example_task_group_decorator.py took 0.084 seconds
[2024-08-29T20:35:02.681+0000] {processor.py:157} INFO - Started process (PID=68469) to work on /home/airflow-vm/data-engineer-batch-processing-financial-services/.venv/lib/python3.10/site-packages/airflow/example_dags/example_task_group_decorator.py
[2024-08-29T20:35:02.681+0000] {processor.py:826} INFO - Processing file /home/airflow-vm/data-engineer-batch-processing-financial-services/.venv/lib/python3.10/site-packages/airflow/example_dags/example_task_group_decorator.py for tasks to queue
[2024-08-29T20:35:02.682+0000] {logging_mixin.py:149} INFO - [2024-08-29T20:35:02.682+0000] {dagbag.py:541} INFO - Filling up the DagBag from /home/airflow-vm/data-engineer-batch-processing-financial-services/.venv/lib/python3.10/site-packages/airflow/example_dags/example_task_group_decorator.py
[2024-08-29T20:35:02.697+0000] {processor.py:836} INFO - DAG(s) dict_keys(['example_task_group_decorator']) retrieved from /home/airflow-vm/data-engineer-batch-processing-financial-services/.venv/lib/python3.10/site-packages/airflow/example_dags/example_task_group_decorator.py
[2024-08-29T20:35:02.705+0000] {logging_mixin.py:149} INFO - [2024-08-29T20:35:02.704+0000] {dag.py:2726} INFO - Sync 1 DAGs
[2024-08-29T20:35:02.726+0000] {logging_mixin.py:149} INFO - [2024-08-29T20:35:02.726+0000] {dag.py:3486} INFO - Setting next_dagrun for example_task_group_decorator to 2024-08-28T20:35:02.726277+00:00, run_after=2024-08-29T20:35:02.726277+00:00
[2024-08-29T20:35:02.755+0000] {processor.py:179} INFO - Processing /home/airflow-vm/data-engineer-batch-processing-financial-services/.venv/lib/python3.10/site-packages/airflow/example_dags/example_task_group_decorator.py took 0.077 seconds
[2024-08-29T20:36:59.342+0000] {processor.py:157} INFO - Started process (PID=69928) to work on /home/airflow-vm/data-engineer-batch-processing-financial-services/.venv/lib/python3.10/site-packages/airflow/example_dags/example_task_group_decorator.py
[2024-08-29T20:36:59.343+0000] {processor.py:826} INFO - Processing file /home/airflow-vm/data-engineer-batch-processing-financial-services/.venv/lib/python3.10/site-packages/airflow/example_dags/example_task_group_decorator.py for tasks to queue
[2024-08-29T20:36:59.343+0000] {logging_mixin.py:149} INFO - [2024-08-29T20:36:59.343+0000] {dagbag.py:541} INFO - Filling up the DagBag from /home/airflow-vm/data-engineer-batch-processing-financial-services/.venv/lib/python3.10/site-packages/airflow/example_dags/example_task_group_decorator.py
[2024-08-29T20:36:59.356+0000] {processor.py:836} INFO - DAG(s) dict_keys(['example_task_group_decorator']) retrieved from /home/airflow-vm/data-engineer-batch-processing-financial-services/.venv/lib/python3.10/site-packages/airflow/example_dags/example_task_group_decorator.py
[2024-08-29T20:36:59.377+0000] {logging_mixin.py:149} INFO - [2024-08-29T20:36:59.376+0000] {dag.py:2726} INFO - Sync 1 DAGs
[2024-08-29T20:36:59.396+0000] {logging_mixin.py:149} INFO - [2024-08-29T20:36:59.395+0000] {dag.py:3486} INFO - Setting next_dagrun for example_task_group_decorator to 2024-08-28T20:36:59.395657+00:00, run_after=2024-08-29T20:36:59.395657+00:00
[2024-08-29T20:36:59.422+0000] {processor.py:179} INFO - Processing /home/airflow-vm/data-engineer-batch-processing-financial-services/.venv/lib/python3.10/site-packages/airflow/example_dags/example_task_group_decorator.py took 0.083 seconds
[2024-08-29T20:38:23.266+0000] {processor.py:157} INFO - Started process (PID=70983) to work on /home/airflow-vm/data-engineer-batch-processing-financial-services/.venv/lib/python3.10/site-packages/airflow/example_dags/example_task_group_decorator.py
[2024-08-29T20:38:23.267+0000] {processor.py:826} INFO - Processing file /home/airflow-vm/data-engineer-batch-processing-financial-services/.venv/lib/python3.10/site-packages/airflow/example_dags/example_task_group_decorator.py for tasks to queue
[2024-08-29T20:38:23.268+0000] {logging_mixin.py:149} INFO - [2024-08-29T20:38:23.268+0000] {dagbag.py:541} INFO - Filling up the DagBag from /home/airflow-vm/data-engineer-batch-processing-financial-services/.venv/lib/python3.10/site-packages/airflow/example_dags/example_task_group_decorator.py
[2024-08-29T20:38:23.281+0000] {processor.py:836} INFO - DAG(s) dict_keys(['example_task_group_decorator']) retrieved from /home/airflow-vm/data-engineer-batch-processing-financial-services/.venv/lib/python3.10/site-packages/airflow/example_dags/example_task_group_decorator.py
[2024-08-29T20:38:23.302+0000] {logging_mixin.py:149} INFO - [2024-08-29T20:38:23.302+0000] {dag.py:2726} INFO - Sync 1 DAGs
[2024-08-29T20:38:23.321+0000] {logging_mixin.py:149} INFO - [2024-08-29T20:38:23.320+0000] {dag.py:3486} INFO - Setting next_dagrun for example_task_group_decorator to 2024-08-28T20:38:23.320695+00:00, run_after=2024-08-29T20:38:23.320695+00:00
[2024-08-29T20:38:23.348+0000] {processor.py:179} INFO - Processing /home/airflow-vm/data-engineer-batch-processing-financial-services/.venv/lib/python3.10/site-packages/airflow/example_dags/example_task_group_decorator.py took 0.084 seconds
