[2024-08-29T19:48:07.696+0000] {processor.py:157} INFO - Started process (PID=49189) to work on /home/airflow-vm/data-engineer-batch-processing-financial-services/.venv/lib/python3.10/site-packages/airflow/example_dags/example_sensors.py
[2024-08-29T19:48:07.696+0000] {processor.py:826} INFO - Processing file /home/airflow-vm/data-engineer-batch-processing-financial-services/.venv/lib/python3.10/site-packages/airflow/example_dags/example_sensors.py for tasks to queue
[2024-08-29T19:48:07.697+0000] {logging_mixin.py:149} INFO - [2024-08-29T19:48:07.697+0000] {dagbag.py:541} INFO - Filling up the DagBag from /home/airflow-vm/data-engineer-batch-processing-financial-services/.venv/lib/python3.10/site-packages/airflow/example_dags/example_sensors.py
[2024-08-29T19:48:07.708+0000] {processor.py:836} INFO - DAG(s) dict_keys(['example_sensors']) retrieved from /home/airflow-vm/data-engineer-batch-processing-financial-services/.venv/lib/python3.10/site-packages/airflow/example_dags/example_sensors.py
[2024-08-29T19:48:07.833+0000] {logging_mixin.py:149} INFO - [2024-08-29T19:48:07.833+0000] {manager.py:504} INFO - Created Permission View: can delete on DAG:example_sensors
[2024-08-29T19:48:07.854+0000] {logging_mixin.py:149} INFO - [2024-08-29T19:48:07.854+0000] {manager.py:504} INFO - Created Permission View: can edit on DAG:example_sensors
[2024-08-29T19:48:07.871+0000] {logging_mixin.py:149} INFO - [2024-08-29T19:48:07.871+0000] {manager.py:504} INFO - Created Permission View: can read on DAG:example_sensors
[2024-08-29T19:48:07.871+0000] {logging_mixin.py:149} INFO - [2024-08-29T19:48:07.871+0000] {dag.py:2726} INFO - Sync 1 DAGs
[2024-08-29T19:48:07.883+0000] {logging_mixin.py:149} INFO - [2024-08-29T19:48:07.883+0000] {dag.py:2747} INFO - Creating ORM DAG for example_sensors
[2024-08-29T19:48:07.892+0000] {logging_mixin.py:149} INFO - [2024-08-29T19:48:07.892+0000] {dag.py:3486} INFO - Setting next_dagrun for example_sensors to None, run_after=None
[2024-08-29T19:48:07.923+0000] {processor.py:179} INFO - Processing /home/airflow-vm/data-engineer-batch-processing-financial-services/.venv/lib/python3.10/site-packages/airflow/example_dags/example_sensors.py took 0.230 seconds
[2024-08-29T19:48:56.454+0000] {processor.py:157} INFO - Started process (PID=49507) to work on /home/airflow-vm/data-engineer-batch-processing-financial-services/.venv/lib/python3.10/site-packages/airflow/example_dags/example_sensors.py
[2024-08-29T19:48:56.455+0000] {processor.py:826} INFO - Processing file /home/airflow-vm/data-engineer-batch-processing-financial-services/.venv/lib/python3.10/site-packages/airflow/example_dags/example_sensors.py for tasks to queue
[2024-08-29T19:48:56.456+0000] {logging_mixin.py:149} INFO - [2024-08-29T19:48:56.456+0000] {dagbag.py:541} INFO - Filling up the DagBag from /home/airflow-vm/data-engineer-batch-processing-financial-services/.venv/lib/python3.10/site-packages/airflow/example_dags/example_sensors.py
[2024-08-29T19:48:56.465+0000] {processor.py:836} INFO - DAG(s) dict_keys(['example_sensors']) retrieved from /home/airflow-vm/data-engineer-batch-processing-financial-services/.venv/lib/python3.10/site-packages/airflow/example_dags/example_sensors.py
[2024-08-29T19:48:56.489+0000] {logging_mixin.py:149} INFO - [2024-08-29T19:48:56.488+0000] {dag.py:2726} INFO - Sync 1 DAGs
[2024-08-29T19:48:56.508+0000] {logging_mixin.py:149} INFO - [2024-08-29T19:48:56.508+0000] {dag.py:3486} INFO - Setting next_dagrun for example_sensors to None, run_after=None
[2024-08-29T19:48:56.546+0000] {processor.py:179} INFO - Processing /home/airflow-vm/data-engineer-batch-processing-financial-services/.venv/lib/python3.10/site-packages/airflow/example_dags/example_sensors.py took 0.094 seconds
[2024-08-29T19:49:46.018+0000] {processor.py:157} INFO - Started process (PID=49726) to work on /home/airflow-vm/data-engineer-batch-processing-financial-services/.venv/lib/python3.10/site-packages/airflow/example_dags/example_sensors.py
[2024-08-29T19:49:46.019+0000] {processor.py:826} INFO - Processing file /home/airflow-vm/data-engineer-batch-processing-financial-services/.venv/lib/python3.10/site-packages/airflow/example_dags/example_sensors.py for tasks to queue
[2024-08-29T19:49:46.020+0000] {logging_mixin.py:149} INFO - [2024-08-29T19:49:46.020+0000] {dagbag.py:541} INFO - Filling up the DagBag from /home/airflow-vm/data-engineer-batch-processing-financial-services/.venv/lib/python3.10/site-packages/airflow/example_dags/example_sensors.py
[2024-08-29T19:49:46.029+0000] {processor.py:836} INFO - DAG(s) dict_keys(['example_sensors']) retrieved from /home/airflow-vm/data-engineer-batch-processing-financial-services/.venv/lib/python3.10/site-packages/airflow/example_dags/example_sensors.py
[2024-08-29T19:49:46.051+0000] {logging_mixin.py:149} INFO - [2024-08-29T19:49:46.051+0000] {dag.py:2726} INFO - Sync 1 DAGs
[2024-08-29T19:49:46.071+0000] {logging_mixin.py:149} INFO - [2024-08-29T19:49:46.070+0000] {dag.py:3486} INFO - Setting next_dagrun for example_sensors to None, run_after=None
[2024-08-29T19:49:46.101+0000] {processor.py:179} INFO - Processing /home/airflow-vm/data-engineer-batch-processing-financial-services/.venv/lib/python3.10/site-packages/airflow/example_dags/example_sensors.py took 0.085 seconds
[2024-08-29T19:50:36.419+0000] {processor.py:157} INFO - Started process (PID=49985) to work on /home/airflow-vm/data-engineer-batch-processing-financial-services/.venv/lib/python3.10/site-packages/airflow/example_dags/example_sensors.py
[2024-08-29T19:50:36.420+0000] {processor.py:826} INFO - Processing file /home/airflow-vm/data-engineer-batch-processing-financial-services/.venv/lib/python3.10/site-packages/airflow/example_dags/example_sensors.py for tasks to queue
[2024-08-29T19:50:36.420+0000] {logging_mixin.py:149} INFO - [2024-08-29T19:50:36.420+0000] {dagbag.py:541} INFO - Filling up the DagBag from /home/airflow-vm/data-engineer-batch-processing-financial-services/.venv/lib/python3.10/site-packages/airflow/example_dags/example_sensors.py
[2024-08-29T19:50:36.429+0000] {processor.py:836} INFO - DAG(s) dict_keys(['example_sensors']) retrieved from /home/airflow-vm/data-engineer-batch-processing-financial-services/.venv/lib/python3.10/site-packages/airflow/example_dags/example_sensors.py
[2024-08-29T19:50:36.450+0000] {logging_mixin.py:149} INFO - [2024-08-29T19:50:36.450+0000] {dag.py:2726} INFO - Sync 1 DAGs
[2024-08-29T19:50:36.468+0000] {logging_mixin.py:149} INFO - [2024-08-29T19:50:36.468+0000] {dag.py:3486} INFO - Setting next_dagrun for example_sensors to None, run_after=None
[2024-08-29T19:50:36.497+0000] {processor.py:179} INFO - Processing /home/airflow-vm/data-engineer-batch-processing-financial-services/.venv/lib/python3.10/site-packages/airflow/example_dags/example_sensors.py took 0.080 seconds
[2024-08-29T19:51:21.676+0000] {processor.py:157} INFO - Started process (PID=50657) to work on /home/airflow-vm/data-engineer-batch-processing-financial-services/.venv/lib/python3.10/site-packages/airflow/example_dags/example_sensors.py
[2024-08-29T19:51:21.676+0000] {processor.py:826} INFO - Processing file /home/airflow-vm/data-engineer-batch-processing-financial-services/.venv/lib/python3.10/site-packages/airflow/example_dags/example_sensors.py for tasks to queue
[2024-08-29T19:51:21.677+0000] {logging_mixin.py:149} INFO - [2024-08-29T19:51:21.677+0000] {dagbag.py:541} INFO - Filling up the DagBag from /home/airflow-vm/data-engineer-batch-processing-financial-services/.venv/lib/python3.10/site-packages/airflow/example_dags/example_sensors.py
[2024-08-29T19:51:21.686+0000] {processor.py:836} INFO - DAG(s) dict_keys(['example_sensors']) retrieved from /home/airflow-vm/data-engineer-batch-processing-financial-services/.venv/lib/python3.10/site-packages/airflow/example_dags/example_sensors.py
[2024-08-29T19:51:21.709+0000] {logging_mixin.py:149} INFO - [2024-08-29T19:51:21.709+0000] {dag.py:2726} INFO - Sync 1 DAGs
[2024-08-29T19:51:21.729+0000] {logging_mixin.py:149} INFO - [2024-08-29T19:51:21.729+0000] {dag.py:3486} INFO - Setting next_dagrun for example_sensors to None, run_after=None
[2024-08-29T19:51:21.760+0000] {processor.py:179} INFO - Processing /home/airflow-vm/data-engineer-batch-processing-financial-services/.venv/lib/python3.10/site-packages/airflow/example_dags/example_sensors.py took 0.086 seconds
[2024-08-29T19:52:10.468+0000] {processor.py:157} INFO - Started process (PID=50905) to work on /home/airflow-vm/data-engineer-batch-processing-financial-services/.venv/lib/python3.10/site-packages/airflow/example_dags/example_sensors.py
[2024-08-29T19:52:10.469+0000] {processor.py:826} INFO - Processing file /home/airflow-vm/data-engineer-batch-processing-financial-services/.venv/lib/python3.10/site-packages/airflow/example_dags/example_sensors.py for tasks to queue
[2024-08-29T19:52:10.469+0000] {logging_mixin.py:149} INFO - [2024-08-29T19:52:10.469+0000] {dagbag.py:541} INFO - Filling up the DagBag from /home/airflow-vm/data-engineer-batch-processing-financial-services/.venv/lib/python3.10/site-packages/airflow/example_dags/example_sensors.py
[2024-08-29T19:52:10.478+0000] {processor.py:836} INFO - DAG(s) dict_keys(['example_sensors']) retrieved from /home/airflow-vm/data-engineer-batch-processing-financial-services/.venv/lib/python3.10/site-packages/airflow/example_dags/example_sensors.py
[2024-08-29T19:52:10.500+0000] {logging_mixin.py:149} INFO - [2024-08-29T19:52:10.500+0000] {dag.py:2726} INFO - Sync 1 DAGs
[2024-08-29T19:52:10.519+0000] {logging_mixin.py:149} INFO - [2024-08-29T19:52:10.519+0000] {dag.py:3486} INFO - Setting next_dagrun for example_sensors to None, run_after=None
[2024-08-29T19:52:10.550+0000] {processor.py:179} INFO - Processing /home/airflow-vm/data-engineer-batch-processing-financial-services/.venv/lib/python3.10/site-packages/airflow/example_dags/example_sensors.py took 0.084 seconds
[2024-08-29T19:52:54.073+0000] {processor.py:157} INFO - Started process (PID=50986) to work on /home/airflow-vm/data-engineer-batch-processing-financial-services/.venv/lib/python3.10/site-packages/airflow/example_dags/example_sensors.py
[2024-08-29T19:52:54.073+0000] {processor.py:826} INFO - Processing file /home/airflow-vm/data-engineer-batch-processing-financial-services/.venv/lib/python3.10/site-packages/airflow/example_dags/example_sensors.py for tasks to queue
[2024-08-29T19:52:54.074+0000] {logging_mixin.py:149} INFO - [2024-08-29T19:52:54.074+0000] {dagbag.py:541} INFO - Filling up the DagBag from /home/airflow-vm/data-engineer-batch-processing-financial-services/.venv/lib/python3.10/site-packages/airflow/example_dags/example_sensors.py
[2024-08-29T19:52:54.082+0000] {processor.py:836} INFO - DAG(s) dict_keys(['example_sensors']) retrieved from /home/airflow-vm/data-engineer-batch-processing-financial-services/.venv/lib/python3.10/site-packages/airflow/example_dags/example_sensors.py
[2024-08-29T19:52:54.103+0000] {logging_mixin.py:149} INFO - [2024-08-29T19:52:54.103+0000] {dag.py:2726} INFO - Sync 1 DAGs
[2024-08-29T19:52:54.121+0000] {logging_mixin.py:149} INFO - [2024-08-29T19:52:54.121+0000] {dag.py:3486} INFO - Setting next_dagrun for example_sensors to None, run_after=None
[2024-08-29T19:52:54.149+0000] {processor.py:179} INFO - Processing /home/airflow-vm/data-engineer-batch-processing-financial-services/.venv/lib/python3.10/site-packages/airflow/example_dags/example_sensors.py took 0.078 seconds
[2024-08-29T19:53:39.377+0000] {processor.py:157} INFO - Started process (PID=51115) to work on /home/airflow-vm/data-engineer-batch-processing-financial-services/.venv/lib/python3.10/site-packages/airflow/example_dags/example_sensors.py
[2024-08-29T19:53:39.379+0000] {processor.py:826} INFO - Processing file /home/airflow-vm/data-engineer-batch-processing-financial-services/.venv/lib/python3.10/site-packages/airflow/example_dags/example_sensors.py for tasks to queue
[2024-08-29T19:53:39.380+0000] {logging_mixin.py:149} INFO - [2024-08-29T19:53:39.380+0000] {dagbag.py:541} INFO - Filling up the DagBag from /home/airflow-vm/data-engineer-batch-processing-financial-services/.venv/lib/python3.10/site-packages/airflow/example_dags/example_sensors.py
[2024-08-29T19:53:39.397+0000] {processor.py:836} INFO - DAG(s) dict_keys(['example_sensors']) retrieved from /home/airflow-vm/data-engineer-batch-processing-financial-services/.venv/lib/python3.10/site-packages/airflow/example_dags/example_sensors.py
[2024-08-29T19:53:39.464+0000] {logging_mixin.py:149} INFO - [2024-08-29T19:53:39.464+0000] {dag.py:2726} INFO - Sync 1 DAGs
[2024-08-29T19:53:39.506+0000] {logging_mixin.py:149} INFO - [2024-08-29T19:53:39.506+0000] {dag.py:3486} INFO - Setting next_dagrun for example_sensors to None, run_after=None
[2024-08-29T19:53:39.565+0000] {processor.py:179} INFO - Processing /home/airflow-vm/data-engineer-batch-processing-financial-services/.venv/lib/python3.10/site-packages/airflow/example_dags/example_sensors.py took 0.199 seconds
[2024-08-29T19:54:27.144+0000] {processor.py:157} INFO - Started process (PID=51272) to work on /home/airflow-vm/data-engineer-batch-processing-financial-services/.venv/lib/python3.10/site-packages/airflow/example_dags/example_sensors.py
[2024-08-29T19:54:27.145+0000] {processor.py:826} INFO - Processing file /home/airflow-vm/data-engineer-batch-processing-financial-services/.venv/lib/python3.10/site-packages/airflow/example_dags/example_sensors.py for tasks to queue
[2024-08-29T19:54:27.146+0000] {logging_mixin.py:149} INFO - [2024-08-29T19:54:27.145+0000] {dagbag.py:541} INFO - Filling up the DagBag from /home/airflow-vm/data-engineer-batch-processing-financial-services/.venv/lib/python3.10/site-packages/airflow/example_dags/example_sensors.py
[2024-08-29T19:54:27.154+0000] {processor.py:836} INFO - DAG(s) dict_keys(['example_sensors']) retrieved from /home/airflow-vm/data-engineer-batch-processing-financial-services/.venv/lib/python3.10/site-packages/airflow/example_dags/example_sensors.py
[2024-08-29T19:54:27.176+0000] {logging_mixin.py:149} INFO - [2024-08-29T19:54:27.176+0000] {dag.py:2726} INFO - Sync 1 DAGs
[2024-08-29T19:54:27.194+0000] {logging_mixin.py:149} INFO - [2024-08-29T19:54:27.194+0000] {dag.py:3486} INFO - Setting next_dagrun for example_sensors to None, run_after=None
[2024-08-29T19:54:27.224+0000] {processor.py:179} INFO - Processing /home/airflow-vm/data-engineer-batch-processing-financial-services/.venv/lib/python3.10/site-packages/airflow/example_dags/example_sensors.py took 0.082 seconds
[2024-08-29T19:55:14.079+0000] {processor.py:157} INFO - Started process (PID=51600) to work on /home/airflow-vm/data-engineer-batch-processing-financial-services/.venv/lib/python3.10/site-packages/airflow/example_dags/example_sensors.py
[2024-08-29T19:55:14.079+0000] {processor.py:826} INFO - Processing file /home/airflow-vm/data-engineer-batch-processing-financial-services/.venv/lib/python3.10/site-packages/airflow/example_dags/example_sensors.py for tasks to queue
[2024-08-29T19:55:14.080+0000] {logging_mixin.py:149} INFO - [2024-08-29T19:55:14.080+0000] {dagbag.py:541} INFO - Filling up the DagBag from /home/airflow-vm/data-engineer-batch-processing-financial-services/.venv/lib/python3.10/site-packages/airflow/example_dags/example_sensors.py
[2024-08-29T19:55:14.089+0000] {processor.py:836} INFO - DAG(s) dict_keys(['example_sensors']) retrieved from /home/airflow-vm/data-engineer-batch-processing-financial-services/.venv/lib/python3.10/site-packages/airflow/example_dags/example_sensors.py
[2024-08-29T19:55:14.112+0000] {logging_mixin.py:149} INFO - [2024-08-29T19:55:14.112+0000] {dag.py:2726} INFO - Sync 1 DAGs
[2024-08-29T19:55:14.131+0000] {logging_mixin.py:149} INFO - [2024-08-29T19:55:14.131+0000] {dag.py:3486} INFO - Setting next_dagrun for example_sensors to None, run_after=None
[2024-08-29T19:55:14.171+0000] {processor.py:179} INFO - Processing /home/airflow-vm/data-engineer-batch-processing-financial-services/.venv/lib/python3.10/site-packages/airflow/example_dags/example_sensors.py took 0.095 seconds
[2024-08-29T20:11:59.126+0000] {processor.py:157} INFO - Started process (PID=56450) to work on /home/airflow-vm/data-engineer-batch-processing-financial-services/.venv/lib/python3.10/site-packages/airflow/example_dags/example_sensors.py
[2024-08-29T20:11:59.127+0000] {processor.py:826} INFO - Processing file /home/airflow-vm/data-engineer-batch-processing-financial-services/.venv/lib/python3.10/site-packages/airflow/example_dags/example_sensors.py for tasks to queue
[2024-08-29T20:11:59.128+0000] {logging_mixin.py:149} INFO - [2024-08-29T20:11:59.127+0000] {dagbag.py:541} INFO - Filling up the DagBag from /home/airflow-vm/data-engineer-batch-processing-financial-services/.venv/lib/python3.10/site-packages/airflow/example_dags/example_sensors.py
[2024-08-29T20:11:59.138+0000] {processor.py:836} INFO - DAG(s) dict_keys(['example_sensors']) retrieved from /home/airflow-vm/data-engineer-batch-processing-financial-services/.venv/lib/python3.10/site-packages/airflow/example_dags/example_sensors.py
[2024-08-29T20:11:59.159+0000] {logging_mixin.py:149} INFO - [2024-08-29T20:11:59.159+0000] {dag.py:2726} INFO - Sync 1 DAGs
[2024-08-29T20:11:59.178+0000] {logging_mixin.py:149} INFO - [2024-08-29T20:11:59.177+0000] {dag.py:3486} INFO - Setting next_dagrun for example_sensors to None, run_after=None
[2024-08-29T20:11:59.205+0000] {processor.py:179} INFO - Processing /home/airflow-vm/data-engineer-batch-processing-financial-services/.venv/lib/python3.10/site-packages/airflow/example_dags/example_sensors.py took 0.081 seconds
[2024-08-29T20:12:45.308+0000] {processor.py:157} INFO - Started process (PID=56762) to work on /home/airflow-vm/data-engineer-batch-processing-financial-services/.venv/lib/python3.10/site-packages/airflow/example_dags/example_sensors.py
[2024-08-29T20:12:45.309+0000] {processor.py:826} INFO - Processing file /home/airflow-vm/data-engineer-batch-processing-financial-services/.venv/lib/python3.10/site-packages/airflow/example_dags/example_sensors.py for tasks to queue
[2024-08-29T20:12:45.310+0000] {logging_mixin.py:149} INFO - [2024-08-29T20:12:45.310+0000] {dagbag.py:541} INFO - Filling up the DagBag from /home/airflow-vm/data-engineer-batch-processing-financial-services/.venv/lib/python3.10/site-packages/airflow/example_dags/example_sensors.py
[2024-08-29T20:12:45.319+0000] {processor.py:836} INFO - DAG(s) dict_keys(['example_sensors']) retrieved from /home/airflow-vm/data-engineer-batch-processing-financial-services/.venv/lib/python3.10/site-packages/airflow/example_dags/example_sensors.py
[2024-08-29T20:12:45.340+0000] {logging_mixin.py:149} INFO - [2024-08-29T20:12:45.340+0000] {dag.py:2726} INFO - Sync 1 DAGs
[2024-08-29T20:12:45.359+0000] {logging_mixin.py:149} INFO - [2024-08-29T20:12:45.359+0000] {dag.py:3486} INFO - Setting next_dagrun for example_sensors to None, run_after=None
[2024-08-29T20:12:45.385+0000] {processor.py:179} INFO - Processing /home/airflow-vm/data-engineer-batch-processing-financial-services/.venv/lib/python3.10/site-packages/airflow/example_dags/example_sensors.py took 0.079 seconds
[2024-08-29T20:13:29.933+0000] {processor.py:157} INFO - Started process (PID=56960) to work on /home/airflow-vm/data-engineer-batch-processing-financial-services/.venv/lib/python3.10/site-packages/airflow/example_dags/example_sensors.py
[2024-08-29T20:13:29.934+0000] {processor.py:826} INFO - Processing file /home/airflow-vm/data-engineer-batch-processing-financial-services/.venv/lib/python3.10/site-packages/airflow/example_dags/example_sensors.py for tasks to queue
[2024-08-29T20:13:29.935+0000] {logging_mixin.py:149} INFO - [2024-08-29T20:13:29.935+0000] {dagbag.py:541} INFO - Filling up the DagBag from /home/airflow-vm/data-engineer-batch-processing-financial-services/.venv/lib/python3.10/site-packages/airflow/example_dags/example_sensors.py
[2024-08-29T20:13:29.944+0000] {processor.py:836} INFO - DAG(s) dict_keys(['example_sensors']) retrieved from /home/airflow-vm/data-engineer-batch-processing-financial-services/.venv/lib/python3.10/site-packages/airflow/example_dags/example_sensors.py
[2024-08-29T20:13:29.965+0000] {logging_mixin.py:149} INFO - [2024-08-29T20:13:29.964+0000] {dag.py:2726} INFO - Sync 1 DAGs
[2024-08-29T20:13:29.983+0000] {logging_mixin.py:149} INFO - [2024-08-29T20:13:29.983+0000] {dag.py:3486} INFO - Setting next_dagrun for example_sensors to None, run_after=None
[2024-08-29T20:13:30.009+0000] {processor.py:179} INFO - Processing /home/airflow-vm/data-engineer-batch-processing-financial-services/.venv/lib/python3.10/site-packages/airflow/example_dags/example_sensors.py took 0.078 seconds
[2024-08-29T20:15:26.273+0000] {processor.py:157} INFO - Started process (PID=57536) to work on /home/airflow-vm/data-engineer-batch-processing-financial-services/.venv/lib/python3.10/site-packages/airflow/example_dags/example_sensors.py
[2024-08-29T20:15:26.274+0000] {processor.py:826} INFO - Processing file /home/airflow-vm/data-engineer-batch-processing-financial-services/.venv/lib/python3.10/site-packages/airflow/example_dags/example_sensors.py for tasks to queue
[2024-08-29T20:15:26.274+0000] {logging_mixin.py:149} INFO - [2024-08-29T20:15:26.274+0000] {dagbag.py:541} INFO - Filling up the DagBag from /home/airflow-vm/data-engineer-batch-processing-financial-services/.venv/lib/python3.10/site-packages/airflow/example_dags/example_sensors.py
[2024-08-29T20:15:26.285+0000] {processor.py:836} INFO - DAG(s) dict_keys(['example_sensors']) retrieved from /home/airflow-vm/data-engineer-batch-processing-financial-services/.venv/lib/python3.10/site-packages/airflow/example_dags/example_sensors.py
[2024-08-29T20:15:26.306+0000] {logging_mixin.py:149} INFO - [2024-08-29T20:15:26.306+0000] {dag.py:2726} INFO - Sync 1 DAGs
[2024-08-29T20:15:26.325+0000] {logging_mixin.py:149} INFO - [2024-08-29T20:15:26.325+0000] {dag.py:3486} INFO - Setting next_dagrun for example_sensors to None, run_after=None
[2024-08-29T20:15:26.354+0000] {processor.py:179} INFO - Processing /home/airflow-vm/data-engineer-batch-processing-financial-services/.venv/lib/python3.10/site-packages/airflow/example_dags/example_sensors.py took 0.084 seconds
[2024-08-29T20:16:12.604+0000] {processor.py:157} INFO - Started process (PID=58006) to work on /home/airflow-vm/data-engineer-batch-processing-financial-services/.venv/lib/python3.10/site-packages/airflow/example_dags/example_sensors.py
[2024-08-29T20:16:12.605+0000] {processor.py:826} INFO - Processing file /home/airflow-vm/data-engineer-batch-processing-financial-services/.venv/lib/python3.10/site-packages/airflow/example_dags/example_sensors.py for tasks to queue
[2024-08-29T20:16:12.605+0000] {logging_mixin.py:149} INFO - [2024-08-29T20:16:12.605+0000] {dagbag.py:541} INFO - Filling up the DagBag from /home/airflow-vm/data-engineer-batch-processing-financial-services/.venv/lib/python3.10/site-packages/airflow/example_dags/example_sensors.py
[2024-08-29T20:16:12.614+0000] {processor.py:836} INFO - DAG(s) dict_keys(['example_sensors']) retrieved from /home/airflow-vm/data-engineer-batch-processing-financial-services/.venv/lib/python3.10/site-packages/airflow/example_dags/example_sensors.py
[2024-08-29T20:16:12.635+0000] {logging_mixin.py:149} INFO - [2024-08-29T20:16:12.635+0000] {dag.py:2726} INFO - Sync 1 DAGs
[2024-08-29T20:16:12.653+0000] {logging_mixin.py:149} INFO - [2024-08-29T20:16:12.653+0000] {dag.py:3486} INFO - Setting next_dagrun for example_sensors to None, run_after=None
[2024-08-29T20:16:12.681+0000] {processor.py:179} INFO - Processing /home/airflow-vm/data-engineer-batch-processing-financial-services/.venv/lib/python3.10/site-packages/airflow/example_dags/example_sensors.py took 0.079 seconds
[2024-08-29T20:24:41.581+0000] {processor.py:157} INFO - Started process (PID=61445) to work on /home/airflow-vm/data-engineer-batch-processing-financial-services/.venv/lib/python3.10/site-packages/airflow/example_dags/example_sensors.py
[2024-08-29T20:24:41.582+0000] {processor.py:826} INFO - Processing file /home/airflow-vm/data-engineer-batch-processing-financial-services/.venv/lib/python3.10/site-packages/airflow/example_dags/example_sensors.py for tasks to queue
[2024-08-29T20:24:41.582+0000] {logging_mixin.py:149} INFO - [2024-08-29T20:24:41.582+0000] {dagbag.py:541} INFO - Filling up the DagBag from /home/airflow-vm/data-engineer-batch-processing-financial-services/.venv/lib/python3.10/site-packages/airflow/example_dags/example_sensors.py
[2024-08-29T20:24:41.593+0000] {processor.py:836} INFO - DAG(s) dict_keys(['example_sensors']) retrieved from /home/airflow-vm/data-engineer-batch-processing-financial-services/.venv/lib/python3.10/site-packages/airflow/example_dags/example_sensors.py
[2024-08-29T20:24:41.614+0000] {logging_mixin.py:149} INFO - [2024-08-29T20:24:41.614+0000] {dag.py:2726} INFO - Sync 1 DAGs
[2024-08-29T20:24:41.633+0000] {logging_mixin.py:149} INFO - [2024-08-29T20:24:41.633+0000] {dag.py:3486} INFO - Setting next_dagrun for example_sensors to None, run_after=None
[2024-08-29T20:24:41.661+0000] {processor.py:179} INFO - Processing /home/airflow-vm/data-engineer-batch-processing-financial-services/.venv/lib/python3.10/site-packages/airflow/example_dags/example_sensors.py took 0.083 seconds
[2024-08-29T20:26:33.629+0000] {processor.py:157} INFO - Started process (PID=62917) to work on /home/airflow-vm/data-engineer-batch-processing-financial-services/.venv/lib/python3.10/site-packages/airflow/example_dags/example_sensors.py
[2024-08-29T20:26:33.630+0000] {processor.py:826} INFO - Processing file /home/airflow-vm/data-engineer-batch-processing-financial-services/.venv/lib/python3.10/site-packages/airflow/example_dags/example_sensors.py for tasks to queue
[2024-08-29T20:26:33.631+0000] {logging_mixin.py:149} INFO - [2024-08-29T20:26:33.630+0000] {dagbag.py:541} INFO - Filling up the DagBag from /home/airflow-vm/data-engineer-batch-processing-financial-services/.venv/lib/python3.10/site-packages/airflow/example_dags/example_sensors.py
[2024-08-29T20:26:33.639+0000] {processor.py:836} INFO - DAG(s) dict_keys(['example_sensors']) retrieved from /home/airflow-vm/data-engineer-batch-processing-financial-services/.venv/lib/python3.10/site-packages/airflow/example_dags/example_sensors.py
[2024-08-29T20:26:33.660+0000] {logging_mixin.py:149} INFO - [2024-08-29T20:26:33.660+0000] {dag.py:2726} INFO - Sync 1 DAGs
[2024-08-29T20:26:33.678+0000] {logging_mixin.py:149} INFO - [2024-08-29T20:26:33.678+0000] {dag.py:3486} INFO - Setting next_dagrun for example_sensors to None, run_after=None
[2024-08-29T20:26:33.705+0000] {processor.py:179} INFO - Processing /home/airflow-vm/data-engineer-batch-processing-financial-services/.venv/lib/python3.10/site-packages/airflow/example_dags/example_sensors.py took 0.078 seconds
[2024-08-29T20:27:20.823+0000] {processor.py:157} INFO - Started process (PID=63382) to work on /home/airflow-vm/data-engineer-batch-processing-financial-services/.venv/lib/python3.10/site-packages/airflow/example_dags/example_sensors.py
[2024-08-29T20:27:20.824+0000] {processor.py:826} INFO - Processing file /home/airflow-vm/data-engineer-batch-processing-financial-services/.venv/lib/python3.10/site-packages/airflow/example_dags/example_sensors.py for tasks to queue
[2024-08-29T20:27:20.824+0000] {logging_mixin.py:149} INFO - [2024-08-29T20:27:20.824+0000] {dagbag.py:541} INFO - Filling up the DagBag from /home/airflow-vm/data-engineer-batch-processing-financial-services/.venv/lib/python3.10/site-packages/airflow/example_dags/example_sensors.py
[2024-08-29T20:27:20.833+0000] {processor.py:836} INFO - DAG(s) dict_keys(['example_sensors']) retrieved from /home/airflow-vm/data-engineer-batch-processing-financial-services/.venv/lib/python3.10/site-packages/airflow/example_dags/example_sensors.py
[2024-08-29T20:27:20.854+0000] {logging_mixin.py:149} INFO - [2024-08-29T20:27:20.854+0000] {dag.py:2726} INFO - Sync 1 DAGs
[2024-08-29T20:27:20.872+0000] {logging_mixin.py:149} INFO - [2024-08-29T20:27:20.872+0000] {dag.py:3486} INFO - Setting next_dagrun for example_sensors to None, run_after=None
[2024-08-29T20:27:20.896+0000] {processor.py:179} INFO - Processing /home/airflow-vm/data-engineer-batch-processing-financial-services/.venv/lib/python3.10/site-packages/airflow/example_dags/example_sensors.py took 0.075 seconds
[2024-08-29T20:28:03.249+0000] {processor.py:157} INFO - Started process (PID=63563) to work on /home/airflow-vm/data-engineer-batch-processing-financial-services/.venv/lib/python3.10/site-packages/airflow/example_dags/example_sensors.py
[2024-08-29T20:28:03.250+0000] {processor.py:826} INFO - Processing file /home/airflow-vm/data-engineer-batch-processing-financial-services/.venv/lib/python3.10/site-packages/airflow/example_dags/example_sensors.py for tasks to queue
[2024-08-29T20:28:03.250+0000] {logging_mixin.py:149} INFO - [2024-08-29T20:28:03.250+0000] {dagbag.py:541} INFO - Filling up the DagBag from /home/airflow-vm/data-engineer-batch-processing-financial-services/.venv/lib/python3.10/site-packages/airflow/example_dags/example_sensors.py
[2024-08-29T20:28:03.260+0000] {processor.py:836} INFO - DAG(s) dict_keys(['example_sensors']) retrieved from /home/airflow-vm/data-engineer-batch-processing-financial-services/.venv/lib/python3.10/site-packages/airflow/example_dags/example_sensors.py
[2024-08-29T20:28:03.282+0000] {logging_mixin.py:149} INFO - [2024-08-29T20:28:03.282+0000] {dag.py:2726} INFO - Sync 1 DAGs
[2024-08-29T20:28:03.300+0000] {logging_mixin.py:149} INFO - [2024-08-29T20:28:03.300+0000] {dag.py:3486} INFO - Setting next_dagrun for example_sensors to None, run_after=None
[2024-08-29T20:28:03.329+0000] {processor.py:179} INFO - Processing /home/airflow-vm/data-engineer-batch-processing-financial-services/.venv/lib/python3.10/site-packages/airflow/example_dags/example_sensors.py took 0.083 seconds
[2024-08-29T20:29:04.519+0000] {processor.py:157} INFO - Started process (PID=64166) to work on /home/airflow-vm/data-engineer-batch-processing-financial-services/.venv/lib/python3.10/site-packages/airflow/example_dags/example_sensors.py
[2024-08-29T20:29:04.520+0000] {processor.py:826} INFO - Processing file /home/airflow-vm/data-engineer-batch-processing-financial-services/.venv/lib/python3.10/site-packages/airflow/example_dags/example_sensors.py for tasks to queue
[2024-08-29T20:29:04.520+0000] {logging_mixin.py:149} INFO - [2024-08-29T20:29:04.520+0000] {dagbag.py:541} INFO - Filling up the DagBag from /home/airflow-vm/data-engineer-batch-processing-financial-services/.venv/lib/python3.10/site-packages/airflow/example_dags/example_sensors.py
[2024-08-29T20:29:04.529+0000] {processor.py:836} INFO - DAG(s) dict_keys(['example_sensors']) retrieved from /home/airflow-vm/data-engineer-batch-processing-financial-services/.venv/lib/python3.10/site-packages/airflow/example_dags/example_sensors.py
[2024-08-29T20:29:04.551+0000] {logging_mixin.py:149} INFO - [2024-08-29T20:29:04.551+0000] {dag.py:2726} INFO - Sync 1 DAGs
[2024-08-29T20:29:04.569+0000] {logging_mixin.py:149} INFO - [2024-08-29T20:29:04.569+0000] {dag.py:3486} INFO - Setting next_dagrun for example_sensors to None, run_after=None
[2024-08-29T20:29:04.597+0000] {processor.py:179} INFO - Processing /home/airflow-vm/data-engineer-batch-processing-financial-services/.venv/lib/python3.10/site-packages/airflow/example_dags/example_sensors.py took 0.081 seconds
[2024-08-29T20:31:42.640+0000] {processor.py:157} INFO - Started process (PID=65924) to work on /home/airflow-vm/data-engineer-batch-processing-financial-services/.venv/lib/python3.10/site-packages/airflow/example_dags/example_sensors.py
[2024-08-29T20:31:42.641+0000] {processor.py:826} INFO - Processing file /home/airflow-vm/data-engineer-batch-processing-financial-services/.venv/lib/python3.10/site-packages/airflow/example_dags/example_sensors.py for tasks to queue
[2024-08-29T20:31:42.641+0000] {logging_mixin.py:149} INFO - [2024-08-29T20:31:42.641+0000] {dagbag.py:541} INFO - Filling up the DagBag from /home/airflow-vm/data-engineer-batch-processing-financial-services/.venv/lib/python3.10/site-packages/airflow/example_dags/example_sensors.py
[2024-08-29T20:31:42.652+0000] {processor.py:836} INFO - DAG(s) dict_keys(['example_sensors']) retrieved from /home/airflow-vm/data-engineer-batch-processing-financial-services/.venv/lib/python3.10/site-packages/airflow/example_dags/example_sensors.py
[2024-08-29T20:31:42.673+0000] {logging_mixin.py:149} INFO - [2024-08-29T20:31:42.673+0000] {dag.py:2726} INFO - Sync 1 DAGs
[2024-08-29T20:31:42.693+0000] {logging_mixin.py:149} INFO - [2024-08-29T20:31:42.692+0000] {dag.py:3486} INFO - Setting next_dagrun for example_sensors to None, run_after=None
[2024-08-29T20:31:42.723+0000] {processor.py:179} INFO - Processing /home/airflow-vm/data-engineer-batch-processing-financial-services/.venv/lib/python3.10/site-packages/airflow/example_dags/example_sensors.py took 0.086 seconds
[2024-08-29T20:33:34.127+0000] {processor.py:157} INFO - Started process (PID=67347) to work on /home/airflow-vm/data-engineer-batch-processing-financial-services/.venv/lib/python3.10/site-packages/airflow/example_dags/example_sensors.py
[2024-08-29T20:33:34.128+0000] {processor.py:826} INFO - Processing file /home/airflow-vm/data-engineer-batch-processing-financial-services/.venv/lib/python3.10/site-packages/airflow/example_dags/example_sensors.py for tasks to queue
[2024-08-29T20:33:34.129+0000] {logging_mixin.py:149} INFO - [2024-08-29T20:33:34.129+0000] {dagbag.py:541} INFO - Filling up the DagBag from /home/airflow-vm/data-engineer-batch-processing-financial-services/.venv/lib/python3.10/site-packages/airflow/example_dags/example_sensors.py
[2024-08-29T20:33:34.137+0000] {processor.py:836} INFO - DAG(s) dict_keys(['example_sensors']) retrieved from /home/airflow-vm/data-engineer-batch-processing-financial-services/.venv/lib/python3.10/site-packages/airflow/example_dags/example_sensors.py
[2024-08-29T20:33:34.158+0000] {logging_mixin.py:149} INFO - [2024-08-29T20:33:34.158+0000] {dag.py:2726} INFO - Sync 1 DAGs
[2024-08-29T20:33:34.176+0000] {logging_mixin.py:149} INFO - [2024-08-29T20:33:34.176+0000] {dag.py:3486} INFO - Setting next_dagrun for example_sensors to None, run_after=None
[2024-08-29T20:33:34.203+0000] {processor.py:179} INFO - Processing /home/airflow-vm/data-engineer-batch-processing-financial-services/.venv/lib/python3.10/site-packages/airflow/example_dags/example_sensors.py took 0.078 seconds
[2024-08-29T20:36:11.437+0000] {processor.py:157} INFO - Started process (PID=69316) to work on /home/airflow-vm/data-engineer-batch-processing-financial-services/.venv/lib/python3.10/site-packages/airflow/example_dags/example_sensors.py
[2024-08-29T20:36:11.438+0000] {processor.py:826} INFO - Processing file /home/airflow-vm/data-engineer-batch-processing-financial-services/.venv/lib/python3.10/site-packages/airflow/example_dags/example_sensors.py for tasks to queue
[2024-08-29T20:36:11.439+0000] {logging_mixin.py:149} INFO - [2024-08-29T20:36:11.439+0000] {dagbag.py:541} INFO - Filling up the DagBag from /home/airflow-vm/data-engineer-batch-processing-financial-services/.venv/lib/python3.10/site-packages/airflow/example_dags/example_sensors.py
[2024-08-29T20:36:11.449+0000] {processor.py:836} INFO - DAG(s) dict_keys(['example_sensors']) retrieved from /home/airflow-vm/data-engineer-batch-processing-financial-services/.venv/lib/python3.10/site-packages/airflow/example_dags/example_sensors.py
[2024-08-29T20:36:11.471+0000] {logging_mixin.py:149} INFO - [2024-08-29T20:36:11.470+0000] {dag.py:2726} INFO - Sync 1 DAGs
[2024-08-29T20:36:11.489+0000] {logging_mixin.py:149} INFO - [2024-08-29T20:36:11.489+0000] {dag.py:3486} INFO - Setting next_dagrun for example_sensors to None, run_after=None
[2024-08-29T20:36:11.517+0000] {processor.py:179} INFO - Processing /home/airflow-vm/data-engineer-batch-processing-financial-services/.venv/lib/python3.10/site-packages/airflow/example_dags/example_sensors.py took 0.082 seconds
[2024-08-29T20:38:05.177+0000] {processor.py:157} INFO - Started process (PID=70733) to work on /home/airflow-vm/data-engineer-batch-processing-financial-services/.venv/lib/python3.10/site-packages/airflow/example_dags/example_sensors.py
[2024-08-29T20:38:05.178+0000] {processor.py:826} INFO - Processing file /home/airflow-vm/data-engineer-batch-processing-financial-services/.venv/lib/python3.10/site-packages/airflow/example_dags/example_sensors.py for tasks to queue
[2024-08-29T20:38:05.178+0000] {logging_mixin.py:149} INFO - [2024-08-29T20:38:05.178+0000] {dagbag.py:541} INFO - Filling up the DagBag from /home/airflow-vm/data-engineer-batch-processing-financial-services/.venv/lib/python3.10/site-packages/airflow/example_dags/example_sensors.py
[2024-08-29T20:38:05.187+0000] {processor.py:836} INFO - DAG(s) dict_keys(['example_sensors']) retrieved from /home/airflow-vm/data-engineer-batch-processing-financial-services/.venv/lib/python3.10/site-packages/airflow/example_dags/example_sensors.py
[2024-08-29T20:38:05.208+0000] {logging_mixin.py:149} INFO - [2024-08-29T20:38:05.208+0000] {dag.py:2726} INFO - Sync 1 DAGs
[2024-08-29T20:38:05.226+0000] {logging_mixin.py:149} INFO - [2024-08-29T20:38:05.226+0000] {dag.py:3486} INFO - Setting next_dagrun for example_sensors to None, run_after=None
[2024-08-29T20:38:05.254+0000] {processor.py:179} INFO - Processing /home/airflow-vm/data-engineer-batch-processing-financial-services/.venv/lib/python3.10/site-packages/airflow/example_dags/example_sensors.py took 0.080 seconds
