[2024-08-29T19:47:57.480+0000] {processor.py:157} INFO - Started process (PID=49026) to work on /home/airflow-vm/data-engineer-batch-processing-financial-services/.venv/lib/python3.10/site-packages/airflow/example_dags/example_short_circuit_decorator.py
[2024-08-29T19:47:57.481+0000] {processor.py:826} INFO - Processing file /home/airflow-vm/data-engineer-batch-processing-financial-services/.venv/lib/python3.10/site-packages/airflow/example_dags/example_short_circuit_decorator.py for tasks to queue
[2024-08-29T19:47:57.481+0000] {logging_mixin.py:149} INFO - [2024-08-29T19:47:57.481+0000] {dagbag.py:541} INFO - Filling up the DagBag from /home/airflow-vm/data-engineer-batch-processing-financial-services/.venv/lib/python3.10/site-packages/airflow/example_dags/example_short_circuit_decorator.py
[2024-08-29T19:47:57.493+0000] {processor.py:836} INFO - DAG(s) dict_keys(['example_short_circuit_decorator']) retrieved from /home/airflow-vm/data-engineer-batch-processing-financial-services/.venv/lib/python3.10/site-packages/airflow/example_dags/example_short_circuit_decorator.py
[2024-08-29T19:47:57.614+0000] {logging_mixin.py:149} INFO - [2024-08-29T19:47:57.614+0000] {manager.py:504} INFO - Created Permission View: can delete on DAG:example_short_circuit_decorator
[2024-08-29T19:47:57.633+0000] {logging_mixin.py:149} INFO - [2024-08-29T19:47:57.633+0000] {manager.py:504} INFO - Created Permission View: can edit on DAG:example_short_circuit_decorator
[2024-08-29T19:47:57.649+0000] {logging_mixin.py:149} INFO - [2024-08-29T19:47:57.649+0000] {manager.py:504} INFO - Created Permission View: can read on DAG:example_short_circuit_decorator
[2024-08-29T19:47:57.650+0000] {logging_mixin.py:149} INFO - [2024-08-29T19:47:57.650+0000] {dag.py:2726} INFO - Sync 1 DAGs
[2024-08-29T19:47:57.661+0000] {logging_mixin.py:149} INFO - [2024-08-29T19:47:57.661+0000] {dag.py:2747} INFO - Creating ORM DAG for example_short_circuit_decorator
[2024-08-29T19:47:57.670+0000] {logging_mixin.py:149} INFO - [2024-08-29T19:47:57.670+0000] {dag.py:3486} INFO - Setting next_dagrun for example_short_circuit_decorator to 2024-08-28T19:47:57.670254+00:00, run_after=2024-08-29T19:47:57.670254+00:00
[2024-08-29T19:47:57.700+0000] {processor.py:179} INFO - Processing /home/airflow-vm/data-engineer-batch-processing-financial-services/.venv/lib/python3.10/site-packages/airflow/example_dags/example_short_circuit_decorator.py took 0.222 seconds
[2024-08-29T19:48:46.921+0000] {processor.py:157} INFO - Started process (PID=49426) to work on /home/airflow-vm/data-engineer-batch-processing-financial-services/.venv/lib/python3.10/site-packages/airflow/example_dags/example_short_circuit_decorator.py
[2024-08-29T19:48:46.922+0000] {processor.py:826} INFO - Processing file /home/airflow-vm/data-engineer-batch-processing-financial-services/.venv/lib/python3.10/site-packages/airflow/example_dags/example_short_circuit_decorator.py for tasks to queue
[2024-08-29T19:48:46.923+0000] {logging_mixin.py:149} INFO - [2024-08-29T19:48:46.923+0000] {dagbag.py:541} INFO - Filling up the DagBag from /home/airflow-vm/data-engineer-batch-processing-financial-services/.venv/lib/python3.10/site-packages/airflow/example_dags/example_short_circuit_decorator.py
[2024-08-29T19:48:46.931+0000] {processor.py:836} INFO - DAG(s) dict_keys(['example_short_circuit_decorator']) retrieved from /home/airflow-vm/data-engineer-batch-processing-financial-services/.venv/lib/python3.10/site-packages/airflow/example_dags/example_short_circuit_decorator.py
[2024-08-29T19:48:46.951+0000] {logging_mixin.py:149} INFO - [2024-08-29T19:48:46.951+0000] {dag.py:2726} INFO - Sync 1 DAGs
[2024-08-29T19:48:46.970+0000] {logging_mixin.py:149} INFO - [2024-08-29T19:48:46.969+0000] {dag.py:3486} INFO - Setting next_dagrun for example_short_circuit_decorator to 2024-08-28T19:48:46.969748+00:00, run_after=2024-08-29T19:48:46.969748+00:00
[2024-08-29T19:48:46.997+0000] {processor.py:179} INFO - Processing /home/airflow-vm/data-engineer-batch-processing-financial-services/.venv/lib/python3.10/site-packages/airflow/example_dags/example_short_circuit_decorator.py took 0.078 seconds
[2024-08-29T19:49:33.337+0000] {processor.py:157} INFO - Started process (PID=49653) to work on /home/airflow-vm/data-engineer-batch-processing-financial-services/.venv/lib/python3.10/site-packages/airflow/example_dags/example_short_circuit_decorator.py
[2024-08-29T19:49:33.338+0000] {processor.py:826} INFO - Processing file /home/airflow-vm/data-engineer-batch-processing-financial-services/.venv/lib/python3.10/site-packages/airflow/example_dags/example_short_circuit_decorator.py for tasks to queue
[2024-08-29T19:49:33.338+0000] {logging_mixin.py:149} INFO - [2024-08-29T19:49:33.338+0000] {dagbag.py:541} INFO - Filling up the DagBag from /home/airflow-vm/data-engineer-batch-processing-financial-services/.venv/lib/python3.10/site-packages/airflow/example_dags/example_short_circuit_decorator.py
[2024-08-29T19:49:33.347+0000] {processor.py:836} INFO - DAG(s) dict_keys(['example_short_circuit_decorator']) retrieved from /home/airflow-vm/data-engineer-batch-processing-financial-services/.venv/lib/python3.10/site-packages/airflow/example_dags/example_short_circuit_decorator.py
[2024-08-29T19:49:33.368+0000] {logging_mixin.py:149} INFO - [2024-08-29T19:49:33.367+0000] {dag.py:2726} INFO - Sync 1 DAGs
[2024-08-29T19:49:33.388+0000] {logging_mixin.py:149} INFO - [2024-08-29T19:49:33.388+0000] {dag.py:3486} INFO - Setting next_dagrun for example_short_circuit_decorator to 2024-08-28T19:49:33.387883+00:00, run_after=2024-08-29T19:49:33.387883+00:00
[2024-08-29T19:49:33.419+0000] {processor.py:179} INFO - Processing /home/airflow-vm/data-engineer-batch-processing-financial-services/.venv/lib/python3.10/site-packages/airflow/example_dags/example_short_circuit_decorator.py took 0.084 seconds
[2024-08-29T19:50:22.574+0000] {processor.py:157} INFO - Started process (PID=49856) to work on /home/airflow-vm/data-engineer-batch-processing-financial-services/.venv/lib/python3.10/site-packages/airflow/example_dags/example_short_circuit_decorator.py
[2024-08-29T19:50:22.575+0000] {processor.py:826} INFO - Processing file /home/airflow-vm/data-engineer-batch-processing-financial-services/.venv/lib/python3.10/site-packages/airflow/example_dags/example_short_circuit_decorator.py for tasks to queue
[2024-08-29T19:50:22.576+0000] {logging_mixin.py:149} INFO - [2024-08-29T19:50:22.576+0000] {dagbag.py:541} INFO - Filling up the DagBag from /home/airflow-vm/data-engineer-batch-processing-financial-services/.venv/lib/python3.10/site-packages/airflow/example_dags/example_short_circuit_decorator.py
[2024-08-29T19:50:22.584+0000] {processor.py:836} INFO - DAG(s) dict_keys(['example_short_circuit_decorator']) retrieved from /home/airflow-vm/data-engineer-batch-processing-financial-services/.venv/lib/python3.10/site-packages/airflow/example_dags/example_short_circuit_decorator.py
[2024-08-29T19:50:22.604+0000] {logging_mixin.py:149} INFO - [2024-08-29T19:50:22.604+0000] {dag.py:2726} INFO - Sync 1 DAGs
[2024-08-29T19:50:22.623+0000] {logging_mixin.py:149} INFO - [2024-08-29T19:50:22.622+0000] {dag.py:3486} INFO - Setting next_dagrun for example_short_circuit_decorator to 2024-08-28T19:50:22.622625+00:00, run_after=2024-08-29T19:50:22.622625+00:00
[2024-08-29T19:50:22.653+0000] {processor.py:179} INFO - Processing /home/airflow-vm/data-engineer-batch-processing-financial-services/.venv/lib/python3.10/site-packages/airflow/example_dags/example_short_circuit_decorator.py took 0.081 seconds
[2024-08-29T19:51:08.255+0000] {processor.py:157} INFO - Started process (PID=50570) to work on /home/airflow-vm/data-engineer-batch-processing-financial-services/.venv/lib/python3.10/site-packages/airflow/example_dags/example_short_circuit_decorator.py
[2024-08-29T19:51:08.256+0000] {processor.py:826} INFO - Processing file /home/airflow-vm/data-engineer-batch-processing-financial-services/.venv/lib/python3.10/site-packages/airflow/example_dags/example_short_circuit_decorator.py for tasks to queue
[2024-08-29T19:51:08.257+0000] {logging_mixin.py:149} INFO - [2024-08-29T19:51:08.256+0000] {dagbag.py:541} INFO - Filling up the DagBag from /home/airflow-vm/data-engineer-batch-processing-financial-services/.venv/lib/python3.10/site-packages/airflow/example_dags/example_short_circuit_decorator.py
[2024-08-29T19:51:08.265+0000] {processor.py:836} INFO - DAG(s) dict_keys(['example_short_circuit_decorator']) retrieved from /home/airflow-vm/data-engineer-batch-processing-financial-services/.venv/lib/python3.10/site-packages/airflow/example_dags/example_short_circuit_decorator.py
[2024-08-29T19:51:08.287+0000] {logging_mixin.py:149} INFO - [2024-08-29T19:51:08.287+0000] {dag.py:2726} INFO - Sync 1 DAGs
[2024-08-29T19:51:08.311+0000] {logging_mixin.py:149} INFO - [2024-08-29T19:51:08.311+0000] {dag.py:3486} INFO - Setting next_dagrun for example_short_circuit_decorator to 2024-08-28T19:51:08.310848+00:00, run_after=2024-08-29T19:51:08.310848+00:00
[2024-08-29T19:51:08.344+0000] {processor.py:179} INFO - Processing /home/airflow-vm/data-engineer-batch-processing-financial-services/.venv/lib/python3.10/site-packages/airflow/example_dags/example_short_circuit_decorator.py took 0.092 seconds
[2024-08-29T19:51:57.329+0000] {processor.py:157} INFO - Started process (PID=50871) to work on /home/airflow-vm/data-engineer-batch-processing-financial-services/.venv/lib/python3.10/site-packages/airflow/example_dags/example_short_circuit_decorator.py
[2024-08-29T19:51:57.330+0000] {processor.py:826} INFO - Processing file /home/airflow-vm/data-engineer-batch-processing-financial-services/.venv/lib/python3.10/site-packages/airflow/example_dags/example_short_circuit_decorator.py for tasks to queue
[2024-08-29T19:51:57.330+0000] {logging_mixin.py:149} INFO - [2024-08-29T19:51:57.330+0000] {dagbag.py:541} INFO - Filling up the DagBag from /home/airflow-vm/data-engineer-batch-processing-financial-services/.venv/lib/python3.10/site-packages/airflow/example_dags/example_short_circuit_decorator.py
[2024-08-29T19:51:57.339+0000] {processor.py:836} INFO - DAG(s) dict_keys(['example_short_circuit_decorator']) retrieved from /home/airflow-vm/data-engineer-batch-processing-financial-services/.venv/lib/python3.10/site-packages/airflow/example_dags/example_short_circuit_decorator.py
[2024-08-29T19:51:57.360+0000] {logging_mixin.py:149} INFO - [2024-08-29T19:51:57.360+0000] {dag.py:2726} INFO - Sync 1 DAGs
[2024-08-29T19:51:57.380+0000] {logging_mixin.py:149} INFO - [2024-08-29T19:51:57.380+0000] {dag.py:3486} INFO - Setting next_dagrun for example_short_circuit_decorator to 2024-08-28T19:51:57.379976+00:00, run_after=2024-08-29T19:51:57.379976+00:00
[2024-08-29T19:51:57.408+0000] {processor.py:179} INFO - Processing /home/airflow-vm/data-engineer-batch-processing-financial-services/.venv/lib/python3.10/site-packages/airflow/example_dags/example_short_circuit_decorator.py took 0.082 seconds
[2024-08-29T19:52:43.715+0000] {processor.py:157} INFO - Started process (PID=50968) to work on /home/airflow-vm/data-engineer-batch-processing-financial-services/.venv/lib/python3.10/site-packages/airflow/example_dags/example_short_circuit_decorator.py
[2024-08-29T19:52:43.716+0000] {processor.py:826} INFO - Processing file /home/airflow-vm/data-engineer-batch-processing-financial-services/.venv/lib/python3.10/site-packages/airflow/example_dags/example_short_circuit_decorator.py for tasks to queue
[2024-08-29T19:52:43.716+0000] {logging_mixin.py:149} INFO - [2024-08-29T19:52:43.716+0000] {dagbag.py:541} INFO - Filling up the DagBag from /home/airflow-vm/data-engineer-batch-processing-financial-services/.venv/lib/python3.10/site-packages/airflow/example_dags/example_short_circuit_decorator.py
[2024-08-29T19:52:43.724+0000] {processor.py:836} INFO - DAG(s) dict_keys(['example_short_circuit_decorator']) retrieved from /home/airflow-vm/data-engineer-batch-processing-financial-services/.venv/lib/python3.10/site-packages/airflow/example_dags/example_short_circuit_decorator.py
[2024-08-29T19:52:43.745+0000] {logging_mixin.py:149} INFO - [2024-08-29T19:52:43.744+0000] {dag.py:2726} INFO - Sync 1 DAGs
[2024-08-29T19:52:43.763+0000] {logging_mixin.py:149} INFO - [2024-08-29T19:52:43.763+0000] {dag.py:3486} INFO - Setting next_dagrun for example_short_circuit_decorator to 2024-08-28T19:52:43.763046+00:00, run_after=2024-08-29T19:52:43.763046+00:00
[2024-08-29T19:52:43.794+0000] {processor.py:179} INFO - Processing /home/airflow-vm/data-engineer-batch-processing-financial-services/.venv/lib/python3.10/site-packages/airflow/example_dags/example_short_circuit_decorator.py took 0.082 seconds
[2024-08-29T19:53:26.901+0000] {processor.py:157} INFO - Started process (PID=51073) to work on /home/airflow-vm/data-engineer-batch-processing-financial-services/.venv/lib/python3.10/site-packages/airflow/example_dags/example_short_circuit_decorator.py
[2024-08-29T19:53:26.902+0000] {processor.py:826} INFO - Processing file /home/airflow-vm/data-engineer-batch-processing-financial-services/.venv/lib/python3.10/site-packages/airflow/example_dags/example_short_circuit_decorator.py for tasks to queue
[2024-08-29T19:53:26.902+0000] {logging_mixin.py:149} INFO - [2024-08-29T19:53:26.902+0000] {dagbag.py:541} INFO - Filling up the DagBag from /home/airflow-vm/data-engineer-batch-processing-financial-services/.venv/lib/python3.10/site-packages/airflow/example_dags/example_short_circuit_decorator.py
[2024-08-29T19:53:26.911+0000] {processor.py:836} INFO - DAG(s) dict_keys(['example_short_circuit_decorator']) retrieved from /home/airflow-vm/data-engineer-batch-processing-financial-services/.venv/lib/python3.10/site-packages/airflow/example_dags/example_short_circuit_decorator.py
[2024-08-29T19:53:26.931+0000] {logging_mixin.py:149} INFO - [2024-08-29T19:53:26.930+0000] {dag.py:2726} INFO - Sync 1 DAGs
[2024-08-29T19:53:26.949+0000] {logging_mixin.py:149} INFO - [2024-08-29T19:53:26.949+0000] {dag.py:3486} INFO - Setting next_dagrun for example_short_circuit_decorator to 2024-08-28T19:53:26.949458+00:00, run_after=2024-08-29T19:53:26.949458+00:00
[2024-08-29T19:53:26.978+0000] {processor.py:179} INFO - Processing /home/airflow-vm/data-engineer-batch-processing-financial-services/.venv/lib/python3.10/site-packages/airflow/example_dags/example_short_circuit_decorator.py took 0.080 seconds
[2024-08-29T19:54:12.149+0000] {processor.py:157} INFO - Started process (PID=51193) to work on /home/airflow-vm/data-engineer-batch-processing-financial-services/.venv/lib/python3.10/site-packages/airflow/example_dags/example_short_circuit_decorator.py
[2024-08-29T19:54:12.150+0000] {processor.py:826} INFO - Processing file /home/airflow-vm/data-engineer-batch-processing-financial-services/.venv/lib/python3.10/site-packages/airflow/example_dags/example_short_circuit_decorator.py for tasks to queue
[2024-08-29T19:54:12.151+0000] {logging_mixin.py:149} INFO - [2024-08-29T19:54:12.151+0000] {dagbag.py:541} INFO - Filling up the DagBag from /home/airflow-vm/data-engineer-batch-processing-financial-services/.venv/lib/python3.10/site-packages/airflow/example_dags/example_short_circuit_decorator.py
[2024-08-29T19:54:12.159+0000] {processor.py:836} INFO - DAG(s) dict_keys(['example_short_circuit_decorator']) retrieved from /home/airflow-vm/data-engineer-batch-processing-financial-services/.venv/lib/python3.10/site-packages/airflow/example_dags/example_short_circuit_decorator.py
[2024-08-29T19:54:12.179+0000] {logging_mixin.py:149} INFO - [2024-08-29T19:54:12.179+0000] {dag.py:2726} INFO - Sync 1 DAGs
[2024-08-29T19:54:12.197+0000] {logging_mixin.py:149} INFO - [2024-08-29T19:54:12.197+0000] {dag.py:3486} INFO - Setting next_dagrun for example_short_circuit_decorator to 2024-08-28T19:54:12.197443+00:00, run_after=2024-08-29T19:54:12.197443+00:00
[2024-08-29T19:54:12.228+0000] {processor.py:179} INFO - Processing /home/airflow-vm/data-engineer-batch-processing-financial-services/.venv/lib/python3.10/site-packages/airflow/example_dags/example_short_circuit_decorator.py took 0.081 seconds
[2024-08-29T19:54:59.757+0000] {processor.py:157} INFO - Started process (PID=51488) to work on /home/airflow-vm/data-engineer-batch-processing-financial-services/.venv/lib/python3.10/site-packages/airflow/example_dags/example_short_circuit_decorator.py
[2024-08-29T19:54:59.757+0000] {processor.py:826} INFO - Processing file /home/airflow-vm/data-engineer-batch-processing-financial-services/.venv/lib/python3.10/site-packages/airflow/example_dags/example_short_circuit_decorator.py for tasks to queue
[2024-08-29T19:54:59.758+0000] {logging_mixin.py:149} INFO - [2024-08-29T19:54:59.758+0000] {dagbag.py:541} INFO - Filling up the DagBag from /home/airflow-vm/data-engineer-batch-processing-financial-services/.venv/lib/python3.10/site-packages/airflow/example_dags/example_short_circuit_decorator.py
[2024-08-29T19:54:59.766+0000] {processor.py:836} INFO - DAG(s) dict_keys(['example_short_circuit_decorator']) retrieved from /home/airflow-vm/data-engineer-batch-processing-financial-services/.venv/lib/python3.10/site-packages/airflow/example_dags/example_short_circuit_decorator.py
[2024-08-29T19:54:59.785+0000] {logging_mixin.py:149} INFO - [2024-08-29T19:54:59.785+0000] {dag.py:2726} INFO - Sync 1 DAGs
[2024-08-29T19:54:59.804+0000] {logging_mixin.py:149} INFO - [2024-08-29T19:54:59.804+0000] {dag.py:3486} INFO - Setting next_dagrun for example_short_circuit_decorator to 2024-08-28T19:54:59.803934+00:00, run_after=2024-08-29T19:54:59.803934+00:00
[2024-08-29T19:54:59.832+0000] {processor.py:179} INFO - Processing /home/airflow-vm/data-engineer-batch-processing-financial-services/.venv/lib/python3.10/site-packages/airflow/example_dags/example_short_circuit_decorator.py took 0.077 seconds
[2024-08-29T19:55:47.541+0000] {processor.py:157} INFO - Started process (PID=51865) to work on /home/airflow-vm/data-engineer-batch-processing-financial-services/.venv/lib/python3.10/site-packages/airflow/example_dags/example_short_circuit_decorator.py
[2024-08-29T19:55:47.542+0000] {processor.py:826} INFO - Processing file /home/airflow-vm/data-engineer-batch-processing-financial-services/.venv/lib/python3.10/site-packages/airflow/example_dags/example_short_circuit_decorator.py for tasks to queue
[2024-08-29T19:55:47.543+0000] {logging_mixin.py:149} INFO - [2024-08-29T19:55:47.543+0000] {dagbag.py:541} INFO - Filling up the DagBag from /home/airflow-vm/data-engineer-batch-processing-financial-services/.venv/lib/python3.10/site-packages/airflow/example_dags/example_short_circuit_decorator.py
[2024-08-29T19:55:47.556+0000] {processor.py:836} INFO - DAG(s) dict_keys(['example_short_circuit_decorator']) retrieved from /home/airflow-vm/data-engineer-batch-processing-financial-services/.venv/lib/python3.10/site-packages/airflow/example_dags/example_short_circuit_decorator.py
[2024-08-29T19:55:47.587+0000] {logging_mixin.py:149} INFO - [2024-08-29T19:55:47.586+0000] {dag.py:2726} INFO - Sync 1 DAGs
[2024-08-29T19:55:47.607+0000] {logging_mixin.py:149} INFO - [2024-08-29T19:55:47.607+0000] {dag.py:3486} INFO - Setting next_dagrun for example_short_circuit_decorator to 2024-08-28T19:55:47.607370+00:00, run_after=2024-08-29T19:55:47.607370+00:00
[2024-08-29T19:55:47.641+0000] {processor.py:179} INFO - Processing /home/airflow-vm/data-engineer-batch-processing-financial-services/.venv/lib/python3.10/site-packages/airflow/example_dags/example_short_circuit_decorator.py took 0.105 seconds
[2024-08-29T20:11:49.969+0000] {processor.py:157} INFO - Started process (PID=56388) to work on /home/airflow-vm/data-engineer-batch-processing-financial-services/.venv/lib/python3.10/site-packages/airflow/example_dags/example_short_circuit_decorator.py
[2024-08-29T20:11:49.970+0000] {processor.py:826} INFO - Processing file /home/airflow-vm/data-engineer-batch-processing-financial-services/.venv/lib/python3.10/site-packages/airflow/example_dags/example_short_circuit_decorator.py for tasks to queue
[2024-08-29T20:11:49.971+0000] {logging_mixin.py:149} INFO - [2024-08-29T20:11:49.971+0000] {dagbag.py:541} INFO - Filling up the DagBag from /home/airflow-vm/data-engineer-batch-processing-financial-services/.venv/lib/python3.10/site-packages/airflow/example_dags/example_short_circuit_decorator.py
[2024-08-29T20:11:49.982+0000] {processor.py:836} INFO - DAG(s) dict_keys(['example_short_circuit_decorator']) retrieved from /home/airflow-vm/data-engineer-batch-processing-financial-services/.venv/lib/python3.10/site-packages/airflow/example_dags/example_short_circuit_decorator.py
[2024-08-29T20:11:50.001+0000] {logging_mixin.py:149} INFO - [2024-08-29T20:11:50.001+0000] {dag.py:2726} INFO - Sync 1 DAGs
[2024-08-29T20:11:50.019+0000] {logging_mixin.py:149} INFO - [2024-08-29T20:11:50.019+0000] {dag.py:3486} INFO - Setting next_dagrun for example_short_circuit_decorator to 2024-08-28T20:11:50.019083+00:00, run_after=2024-08-29T20:11:50.019083+00:00
[2024-08-29T20:11:50.045+0000] {processor.py:179} INFO - Processing /home/airflow-vm/data-engineer-batch-processing-financial-services/.venv/lib/python3.10/site-packages/airflow/example_dags/example_short_circuit_decorator.py took 0.078 seconds
[2024-08-29T20:12:36.497+0000] {processor.py:157} INFO - Started process (PID=56709) to work on /home/airflow-vm/data-engineer-batch-processing-financial-services/.venv/lib/python3.10/site-packages/airflow/example_dags/example_short_circuit_decorator.py
[2024-08-29T20:12:36.498+0000] {processor.py:826} INFO - Processing file /home/airflow-vm/data-engineer-batch-processing-financial-services/.venv/lib/python3.10/site-packages/airflow/example_dags/example_short_circuit_decorator.py for tasks to queue
[2024-08-29T20:12:36.499+0000] {logging_mixin.py:149} INFO - [2024-08-29T20:12:36.499+0000] {dagbag.py:541} INFO - Filling up the DagBag from /home/airflow-vm/data-engineer-batch-processing-financial-services/.venv/lib/python3.10/site-packages/airflow/example_dags/example_short_circuit_decorator.py
[2024-08-29T20:12:36.507+0000] {processor.py:836} INFO - DAG(s) dict_keys(['example_short_circuit_decorator']) retrieved from /home/airflow-vm/data-engineer-batch-processing-financial-services/.venv/lib/python3.10/site-packages/airflow/example_dags/example_short_circuit_decorator.py
[2024-08-29T20:12:36.527+0000] {logging_mixin.py:149} INFO - [2024-08-29T20:12:36.527+0000] {dag.py:2726} INFO - Sync 1 DAGs
[2024-08-29T20:12:36.546+0000] {logging_mixin.py:149} INFO - [2024-08-29T20:12:36.545+0000] {dag.py:3486} INFO - Setting next_dagrun for example_short_circuit_decorator to 2024-08-28T20:12:36.545651+00:00, run_after=2024-08-29T20:12:36.545651+00:00
[2024-08-29T20:12:36.574+0000] {processor.py:179} INFO - Processing /home/airflow-vm/data-engineer-batch-processing-financial-services/.venv/lib/python3.10/site-packages/airflow/example_dags/example_short_circuit_decorator.py took 0.079 seconds
[2024-08-29T20:13:20.934+0000] {processor.py:157} INFO - Started process (PID=56890) to work on /home/airflow-vm/data-engineer-batch-processing-financial-services/.venv/lib/python3.10/site-packages/airflow/example_dags/example_short_circuit_decorator.py
[2024-08-29T20:13:20.935+0000] {processor.py:826} INFO - Processing file /home/airflow-vm/data-engineer-batch-processing-financial-services/.venv/lib/python3.10/site-packages/airflow/example_dags/example_short_circuit_decorator.py for tasks to queue
[2024-08-29T20:13:20.936+0000] {logging_mixin.py:149} INFO - [2024-08-29T20:13:20.936+0000] {dagbag.py:541} INFO - Filling up the DagBag from /home/airflow-vm/data-engineer-batch-processing-financial-services/.venv/lib/python3.10/site-packages/airflow/example_dags/example_short_circuit_decorator.py
[2024-08-29T20:13:20.944+0000] {processor.py:836} INFO - DAG(s) dict_keys(['example_short_circuit_decorator']) retrieved from /home/airflow-vm/data-engineer-batch-processing-financial-services/.venv/lib/python3.10/site-packages/airflow/example_dags/example_short_circuit_decorator.py
[2024-08-29T20:13:20.964+0000] {logging_mixin.py:149} INFO - [2024-08-29T20:13:20.964+0000] {dag.py:2726} INFO - Sync 1 DAGs
[2024-08-29T20:13:20.983+0000] {logging_mixin.py:149} INFO - [2024-08-29T20:13:20.982+0000] {dag.py:3486} INFO - Setting next_dagrun for example_short_circuit_decorator to 2024-08-28T20:13:20.982724+00:00, run_after=2024-08-29T20:13:20.982724+00:00
[2024-08-29T20:13:21.012+0000] {processor.py:179} INFO - Processing /home/airflow-vm/data-engineer-batch-processing-financial-services/.venv/lib/python3.10/site-packages/airflow/example_dags/example_short_circuit_decorator.py took 0.080 seconds
[2024-08-29T20:15:17.163+0000] {processor.py:157} INFO - Started process (PID=57459) to work on /home/airflow-vm/data-engineer-batch-processing-financial-services/.venv/lib/python3.10/site-packages/airflow/example_dags/example_short_circuit_decorator.py
[2024-08-29T20:15:17.164+0000] {processor.py:826} INFO - Processing file /home/airflow-vm/data-engineer-batch-processing-financial-services/.venv/lib/python3.10/site-packages/airflow/example_dags/example_short_circuit_decorator.py for tasks to queue
[2024-08-29T20:15:17.164+0000] {logging_mixin.py:149} INFO - [2024-08-29T20:15:17.164+0000] {dagbag.py:541} INFO - Filling up the DagBag from /home/airflow-vm/data-engineer-batch-processing-financial-services/.venv/lib/python3.10/site-packages/airflow/example_dags/example_short_circuit_decorator.py
[2024-08-29T20:15:17.176+0000] {processor.py:836} INFO - DAG(s) dict_keys(['example_short_circuit_decorator']) retrieved from /home/airflow-vm/data-engineer-batch-processing-financial-services/.venv/lib/python3.10/site-packages/airflow/example_dags/example_short_circuit_decorator.py
[2024-08-29T20:15:17.195+0000] {logging_mixin.py:149} INFO - [2024-08-29T20:15:17.195+0000] {dag.py:2726} INFO - Sync 1 DAGs
[2024-08-29T20:15:17.213+0000] {logging_mixin.py:149} INFO - [2024-08-29T20:15:17.212+0000] {dag.py:3486} INFO - Setting next_dagrun for example_short_circuit_decorator to 2024-08-28T20:15:17.212701+00:00, run_after=2024-08-29T20:15:17.212701+00:00
[2024-08-29T20:15:17.239+0000] {processor.py:179} INFO - Processing /home/airflow-vm/data-engineer-batch-processing-financial-services/.venv/lib/python3.10/site-packages/airflow/example_dags/example_short_circuit_decorator.py took 0.079 seconds
[2024-08-29T20:16:03.514+0000] {processor.py:157} INFO - Started process (PID=57997) to work on /home/airflow-vm/data-engineer-batch-processing-financial-services/.venv/lib/python3.10/site-packages/airflow/example_dags/example_short_circuit_decorator.py
[2024-08-29T20:16:03.514+0000] {processor.py:826} INFO - Processing file /home/airflow-vm/data-engineer-batch-processing-financial-services/.venv/lib/python3.10/site-packages/airflow/example_dags/example_short_circuit_decorator.py for tasks to queue
[2024-08-29T20:16:03.515+0000] {logging_mixin.py:149} INFO - [2024-08-29T20:16:03.515+0000] {dagbag.py:541} INFO - Filling up the DagBag from /home/airflow-vm/data-engineer-batch-processing-financial-services/.venv/lib/python3.10/site-packages/airflow/example_dags/example_short_circuit_decorator.py
[2024-08-29T20:16:03.523+0000] {processor.py:836} INFO - DAG(s) dict_keys(['example_short_circuit_decorator']) retrieved from /home/airflow-vm/data-engineer-batch-processing-financial-services/.venv/lib/python3.10/site-packages/airflow/example_dags/example_short_circuit_decorator.py
[2024-08-29T20:16:03.543+0000] {logging_mixin.py:149} INFO - [2024-08-29T20:16:03.543+0000] {dag.py:2726} INFO - Sync 1 DAGs
[2024-08-29T20:16:03.561+0000] {logging_mixin.py:149} INFO - [2024-08-29T20:16:03.561+0000] {dag.py:3486} INFO - Setting next_dagrun for example_short_circuit_decorator to 2024-08-28T20:16:03.561429+00:00, run_after=2024-08-29T20:16:03.561429+00:00
[2024-08-29T20:16:03.592+0000] {processor.py:179} INFO - Processing /home/airflow-vm/data-engineer-batch-processing-financial-services/.venv/lib/python3.10/site-packages/airflow/example_dags/example_short_circuit_decorator.py took 0.081 seconds
[2024-08-29T20:24:19.462+0000] {processor.py:157} INFO - Started process (PID=61199) to work on /home/airflow-vm/data-engineer-batch-processing-financial-services/.venv/lib/python3.10/site-packages/airflow/example_dags/example_short_circuit_decorator.py
[2024-08-29T20:24:19.463+0000] {processor.py:826} INFO - Processing file /home/airflow-vm/data-engineer-batch-processing-financial-services/.venv/lib/python3.10/site-packages/airflow/example_dags/example_short_circuit_decorator.py for tasks to queue
[2024-08-29T20:24:19.464+0000] {logging_mixin.py:149} INFO - [2024-08-29T20:24:19.464+0000] {dagbag.py:541} INFO - Filling up the DagBag from /home/airflow-vm/data-engineer-batch-processing-financial-services/.venv/lib/python3.10/site-packages/airflow/example_dags/example_short_circuit_decorator.py
[2024-08-29T20:24:19.475+0000] {processor.py:836} INFO - DAG(s) dict_keys(['example_short_circuit_decorator']) retrieved from /home/airflow-vm/data-engineer-batch-processing-financial-services/.venv/lib/python3.10/site-packages/airflow/example_dags/example_short_circuit_decorator.py
[2024-08-29T20:24:19.494+0000] {logging_mixin.py:149} INFO - [2024-08-29T20:24:19.494+0000] {dag.py:2726} INFO - Sync 1 DAGs
[2024-08-29T20:24:19.512+0000] {logging_mixin.py:149} INFO - [2024-08-29T20:24:19.512+0000] {dag.py:3486} INFO - Setting next_dagrun for example_short_circuit_decorator to 2024-08-28T20:24:19.512452+00:00, run_after=2024-08-29T20:24:19.512452+00:00
[2024-08-29T20:24:19.539+0000] {processor.py:179} INFO - Processing /home/airflow-vm/data-engineer-batch-processing-financial-services/.venv/lib/python3.10/site-packages/airflow/example_dags/example_short_circuit_decorator.py took 0.080 seconds
[2024-08-29T20:26:15.680+0000] {processor.py:157} INFO - Started process (PID=62670) to work on /home/airflow-vm/data-engineer-batch-processing-financial-services/.venv/lib/python3.10/site-packages/airflow/example_dags/example_short_circuit_decorator.py
[2024-08-29T20:26:15.681+0000] {processor.py:826} INFO - Processing file /home/airflow-vm/data-engineer-batch-processing-financial-services/.venv/lib/python3.10/site-packages/airflow/example_dags/example_short_circuit_decorator.py for tasks to queue
[2024-08-29T20:26:15.681+0000] {logging_mixin.py:149} INFO - [2024-08-29T20:26:15.681+0000] {dagbag.py:541} INFO - Filling up the DagBag from /home/airflow-vm/data-engineer-batch-processing-financial-services/.venv/lib/python3.10/site-packages/airflow/example_dags/example_short_circuit_decorator.py
[2024-08-29T20:26:15.690+0000] {processor.py:836} INFO - DAG(s) dict_keys(['example_short_circuit_decorator']) retrieved from /home/airflow-vm/data-engineer-batch-processing-financial-services/.venv/lib/python3.10/site-packages/airflow/example_dags/example_short_circuit_decorator.py
[2024-08-29T20:26:15.710+0000] {logging_mixin.py:149} INFO - [2024-08-29T20:26:15.709+0000] {dag.py:2726} INFO - Sync 1 DAGs
[2024-08-29T20:26:15.729+0000] {logging_mixin.py:149} INFO - [2024-08-29T20:26:15.729+0000] {dag.py:3486} INFO - Setting next_dagrun for example_short_circuit_decorator to 2024-08-28T20:26:15.728924+00:00, run_after=2024-08-29T20:26:15.728924+00:00
[2024-08-29T20:26:15.755+0000] {processor.py:179} INFO - Processing /home/airflow-vm/data-engineer-batch-processing-financial-services/.venv/lib/python3.10/site-packages/airflow/example_dags/example_short_circuit_decorator.py took 0.078 seconds
[2024-08-29T20:27:11.654+0000] {processor.py:157} INFO - Started process (PID=63359) to work on /home/airflow-vm/data-engineer-batch-processing-financial-services/.venv/lib/python3.10/site-packages/airflow/example_dags/example_short_circuit_decorator.py
[2024-08-29T20:27:11.655+0000] {processor.py:826} INFO - Processing file /home/airflow-vm/data-engineer-batch-processing-financial-services/.venv/lib/python3.10/site-packages/airflow/example_dags/example_short_circuit_decorator.py for tasks to queue
[2024-08-29T20:27:11.656+0000] {logging_mixin.py:149} INFO - [2024-08-29T20:27:11.656+0000] {dagbag.py:541} INFO - Filling up the DagBag from /home/airflow-vm/data-engineer-batch-processing-financial-services/.venv/lib/python3.10/site-packages/airflow/example_dags/example_short_circuit_decorator.py
[2024-08-29T20:27:11.664+0000] {processor.py:836} INFO - DAG(s) dict_keys(['example_short_circuit_decorator']) retrieved from /home/airflow-vm/data-engineer-batch-processing-financial-services/.venv/lib/python3.10/site-packages/airflow/example_dags/example_short_circuit_decorator.py
[2024-08-29T20:27:11.683+0000] {logging_mixin.py:149} INFO - [2024-08-29T20:27:11.683+0000] {dag.py:2726} INFO - Sync 1 DAGs
[2024-08-29T20:27:11.703+0000] {logging_mixin.py:149} INFO - [2024-08-29T20:27:11.703+0000] {dag.py:3486} INFO - Setting next_dagrun for example_short_circuit_decorator to 2024-08-28T20:27:11.702840+00:00, run_after=2024-08-29T20:27:11.702840+00:00
[2024-08-29T20:27:11.737+0000] {processor.py:179} INFO - Processing /home/airflow-vm/data-engineer-batch-processing-financial-services/.venv/lib/python3.10/site-packages/airflow/example_dags/example_short_circuit_decorator.py took 0.085 seconds
[2024-08-29T20:27:53.926+0000] {processor.py:157} INFO - Started process (PID=63554) to work on /home/airflow-vm/data-engineer-batch-processing-financial-services/.venv/lib/python3.10/site-packages/airflow/example_dags/example_short_circuit_decorator.py
[2024-08-29T20:27:53.927+0000] {processor.py:826} INFO - Processing file /home/airflow-vm/data-engineer-batch-processing-financial-services/.venv/lib/python3.10/site-packages/airflow/example_dags/example_short_circuit_decorator.py for tasks to queue
[2024-08-29T20:27:53.927+0000] {logging_mixin.py:149} INFO - [2024-08-29T20:27:53.927+0000] {dagbag.py:541} INFO - Filling up the DagBag from /home/airflow-vm/data-engineer-batch-processing-financial-services/.venv/lib/python3.10/site-packages/airflow/example_dags/example_short_circuit_decorator.py
[2024-08-29T20:27:53.936+0000] {processor.py:836} INFO - DAG(s) dict_keys(['example_short_circuit_decorator']) retrieved from /home/airflow-vm/data-engineer-batch-processing-financial-services/.venv/lib/python3.10/site-packages/airflow/example_dags/example_short_circuit_decorator.py
[2024-08-29T20:27:53.955+0000] {logging_mixin.py:149} INFO - [2024-08-29T20:27:53.955+0000] {dag.py:2726} INFO - Sync 1 DAGs
[2024-08-29T20:27:53.973+0000] {logging_mixin.py:149} INFO - [2024-08-29T20:27:53.973+0000] {dag.py:3486} INFO - Setting next_dagrun for example_short_circuit_decorator to 2024-08-28T20:27:53.973403+00:00, run_after=2024-08-29T20:27:53.973403+00:00
[2024-08-29T20:27:54.003+0000] {processor.py:179} INFO - Processing /home/airflow-vm/data-engineer-batch-processing-financial-services/.venv/lib/python3.10/site-packages/airflow/example_dags/example_short_circuit_decorator.py took 0.079 seconds
[2024-08-29T20:28:42.381+0000] {processor.py:157} INFO - Started process (PID=63854) to work on /home/airflow-vm/data-engineer-batch-processing-financial-services/.venv/lib/python3.10/site-packages/airflow/example_dags/example_short_circuit_decorator.py
[2024-08-29T20:28:42.381+0000] {processor.py:826} INFO - Processing file /home/airflow-vm/data-engineer-batch-processing-financial-services/.venv/lib/python3.10/site-packages/airflow/example_dags/example_short_circuit_decorator.py for tasks to queue
[2024-08-29T20:28:42.382+0000] {logging_mixin.py:149} INFO - [2024-08-29T20:28:42.382+0000] {dagbag.py:541} INFO - Filling up the DagBag from /home/airflow-vm/data-engineer-batch-processing-financial-services/.venv/lib/python3.10/site-packages/airflow/example_dags/example_short_circuit_decorator.py
[2024-08-29T20:28:42.391+0000] {processor.py:836} INFO - DAG(s) dict_keys(['example_short_circuit_decorator']) retrieved from /home/airflow-vm/data-engineer-batch-processing-financial-services/.venv/lib/python3.10/site-packages/airflow/example_dags/example_short_circuit_decorator.py
[2024-08-29T20:28:42.410+0000] {logging_mixin.py:149} INFO - [2024-08-29T20:28:42.410+0000] {dag.py:2726} INFO - Sync 1 DAGs
[2024-08-29T20:28:42.429+0000] {logging_mixin.py:149} INFO - [2024-08-29T20:28:42.429+0000] {dag.py:3486} INFO - Setting next_dagrun for example_short_circuit_decorator to 2024-08-28T20:28:42.429592+00:00, run_after=2024-08-29T20:28:42.429592+00:00
[2024-08-29T20:28:42.458+0000] {processor.py:179} INFO - Processing /home/airflow-vm/data-engineer-batch-processing-financial-services/.venv/lib/python3.10/site-packages/airflow/example_dags/example_short_circuit_decorator.py took 0.080 seconds
[2024-08-29T20:31:19.805+0000] {processor.py:157} INFO - Started process (PID=65658) to work on /home/airflow-vm/data-engineer-batch-processing-financial-services/.venv/lib/python3.10/site-packages/airflow/example_dags/example_short_circuit_decorator.py
[2024-08-29T20:31:19.806+0000] {processor.py:826} INFO - Processing file /home/airflow-vm/data-engineer-batch-processing-financial-services/.venv/lib/python3.10/site-packages/airflow/example_dags/example_short_circuit_decorator.py for tasks to queue
[2024-08-29T20:31:19.807+0000] {logging_mixin.py:149} INFO - [2024-08-29T20:31:19.807+0000] {dagbag.py:541} INFO - Filling up the DagBag from /home/airflow-vm/data-engineer-batch-processing-financial-services/.venv/lib/python3.10/site-packages/airflow/example_dags/example_short_circuit_decorator.py
[2024-08-29T20:31:19.818+0000] {processor.py:836} INFO - DAG(s) dict_keys(['example_short_circuit_decorator']) retrieved from /home/airflow-vm/data-engineer-batch-processing-financial-services/.venv/lib/python3.10/site-packages/airflow/example_dags/example_short_circuit_decorator.py
[2024-08-29T20:31:19.838+0000] {logging_mixin.py:149} INFO - [2024-08-29T20:31:19.838+0000] {dag.py:2726} INFO - Sync 1 DAGs
[2024-08-29T20:31:19.856+0000] {logging_mixin.py:149} INFO - [2024-08-29T20:31:19.856+0000] {dag.py:3486} INFO - Setting next_dagrun for example_short_circuit_decorator to 2024-08-28T20:31:19.855968+00:00, run_after=2024-08-29T20:31:19.855968+00:00
[2024-08-29T20:31:19.883+0000] {processor.py:179} INFO - Processing /home/airflow-vm/data-engineer-batch-processing-financial-services/.venv/lib/python3.10/site-packages/airflow/example_dags/example_short_circuit_decorator.py took 0.080 seconds
[2024-08-29T20:33:12.116+0000] {processor.py:157} INFO - Started process (PID=67046) to work on /home/airflow-vm/data-engineer-batch-processing-financial-services/.venv/lib/python3.10/site-packages/airflow/example_dags/example_short_circuit_decorator.py
[2024-08-29T20:33:12.117+0000] {processor.py:826} INFO - Processing file /home/airflow-vm/data-engineer-batch-processing-financial-services/.venv/lib/python3.10/site-packages/airflow/example_dags/example_short_circuit_decorator.py for tasks to queue
[2024-08-29T20:33:12.117+0000] {logging_mixin.py:149} INFO - [2024-08-29T20:33:12.117+0000] {dagbag.py:541} INFO - Filling up the DagBag from /home/airflow-vm/data-engineer-batch-processing-financial-services/.venv/lib/python3.10/site-packages/airflow/example_dags/example_short_circuit_decorator.py
[2024-08-29T20:33:12.126+0000] {processor.py:836} INFO - DAG(s) dict_keys(['example_short_circuit_decorator']) retrieved from /home/airflow-vm/data-engineer-batch-processing-financial-services/.venv/lib/python3.10/site-packages/airflow/example_dags/example_short_circuit_decorator.py
[2024-08-29T20:33:12.145+0000] {logging_mixin.py:149} INFO - [2024-08-29T20:33:12.145+0000] {dag.py:2726} INFO - Sync 1 DAGs
[2024-08-29T20:33:12.163+0000] {logging_mixin.py:149} INFO - [2024-08-29T20:33:12.163+0000] {dag.py:3486} INFO - Setting next_dagrun for example_short_circuit_decorator to 2024-08-28T20:33:12.163522+00:00, run_after=2024-08-29T20:33:12.163522+00:00
[2024-08-29T20:33:12.190+0000] {processor.py:179} INFO - Processing /home/airflow-vm/data-engineer-batch-processing-financial-services/.venv/lib/python3.10/site-packages/airflow/example_dags/example_short_circuit_decorator.py took 0.076 seconds
[2024-08-29T20:35:49.189+0000] {processor.py:157} INFO - Started process (PID=69072) to work on /home/airflow-vm/data-engineer-batch-processing-financial-services/.venv/lib/python3.10/site-packages/airflow/example_dags/example_short_circuit_decorator.py
[2024-08-29T20:35:49.190+0000] {processor.py:826} INFO - Processing file /home/airflow-vm/data-engineer-batch-processing-financial-services/.venv/lib/python3.10/site-packages/airflow/example_dags/example_short_circuit_decorator.py for tasks to queue
[2024-08-29T20:35:49.191+0000] {logging_mixin.py:149} INFO - [2024-08-29T20:35:49.191+0000] {dagbag.py:541} INFO - Filling up the DagBag from /home/airflow-vm/data-engineer-batch-processing-financial-services/.venv/lib/python3.10/site-packages/airflow/example_dags/example_short_circuit_decorator.py
[2024-08-29T20:35:49.202+0000] {processor.py:836} INFO - DAG(s) dict_keys(['example_short_circuit_decorator']) retrieved from /home/airflow-vm/data-engineer-batch-processing-financial-services/.venv/lib/python3.10/site-packages/airflow/example_dags/example_short_circuit_decorator.py
[2024-08-29T20:35:49.221+0000] {logging_mixin.py:149} INFO - [2024-08-29T20:35:49.221+0000] {dag.py:2726} INFO - Sync 1 DAGs
[2024-08-29T20:35:49.240+0000] {logging_mixin.py:149} INFO - [2024-08-29T20:35:49.239+0000] {dag.py:3486} INFO - Setting next_dagrun for example_short_circuit_decorator to 2024-08-28T20:35:49.239619+00:00, run_after=2024-08-29T20:35:49.239619+00:00
[2024-08-29T20:35:49.267+0000] {processor.py:179} INFO - Processing /home/airflow-vm/data-engineer-batch-processing-financial-services/.venv/lib/python3.10/site-packages/airflow/example_dags/example_short_circuit_decorator.py took 0.080 seconds
[2024-08-29T20:37:41.921+0000] {processor.py:157} INFO - Started process (PID=70451) to work on /home/airflow-vm/data-engineer-batch-processing-financial-services/.venv/lib/python3.10/site-packages/airflow/example_dags/example_short_circuit_decorator.py
[2024-08-29T20:37:41.922+0000] {processor.py:826} INFO - Processing file /home/airflow-vm/data-engineer-batch-processing-financial-services/.venv/lib/python3.10/site-packages/airflow/example_dags/example_short_circuit_decorator.py for tasks to queue
[2024-08-29T20:37:41.922+0000] {logging_mixin.py:149} INFO - [2024-08-29T20:37:41.922+0000] {dagbag.py:541} INFO - Filling up the DagBag from /home/airflow-vm/data-engineer-batch-processing-financial-services/.venv/lib/python3.10/site-packages/airflow/example_dags/example_short_circuit_decorator.py
[2024-08-29T20:37:41.931+0000] {processor.py:836} INFO - DAG(s) dict_keys(['example_short_circuit_decorator']) retrieved from /home/airflow-vm/data-engineer-batch-processing-financial-services/.venv/lib/python3.10/site-packages/airflow/example_dags/example_short_circuit_decorator.py
[2024-08-29T20:37:41.952+0000] {logging_mixin.py:149} INFO - [2024-08-29T20:37:41.952+0000] {dag.py:2726} INFO - Sync 1 DAGs
[2024-08-29T20:37:41.972+0000] {logging_mixin.py:149} INFO - [2024-08-29T20:37:41.972+0000] {dag.py:3486} INFO - Setting next_dagrun for example_short_circuit_decorator to 2024-08-28T20:37:41.971913+00:00, run_after=2024-08-29T20:37:41.971913+00:00
[2024-08-29T20:37:42.000+0000] {processor.py:179} INFO - Processing /home/airflow-vm/data-engineer-batch-processing-financial-services/.venv/lib/python3.10/site-packages/airflow/example_dags/example_short_circuit_decorator.py took 0.082 seconds
