[2024-08-29T19:47:52.964+0000] {processor.py:157} INFO - Started process (PID=48989) to work on /home/airflow-vm/data-engineer-batch-processing-financial-services/.venv/lib/python3.10/site-packages/airflow/example_dags/example_sla_dag.py
[2024-08-29T19:47:52.964+0000] {processor.py:826} INFO - Processing file /home/airflow-vm/data-engineer-batch-processing-financial-services/.venv/lib/python3.10/site-packages/airflow/example_dags/example_sla_dag.py for tasks to queue
[2024-08-29T19:47:52.965+0000] {logging_mixin.py:149} INFO - [2024-08-29T19:47:52.965+0000] {dagbag.py:541} INFO - Filling up the DagBag from /home/airflow-vm/data-engineer-batch-processing-financial-services/.venv/lib/python3.10/site-packages/airflow/example_dags/example_sla_dag.py
[2024-08-29T19:47:52.974+0000] {processor.py:836} INFO - DAG(s) dict_keys(['example_sla_dag']) retrieved from /home/airflow-vm/data-engineer-batch-processing-financial-services/.venv/lib/python3.10/site-packages/airflow/example_dags/example_sla_dag.py
[2024-08-29T19:47:53.088+0000] {logging_mixin.py:149} INFO - [2024-08-29T19:47:53.088+0000] {manager.py:504} INFO - Created Permission View: can delete on DAG:example_sla_dag
[2024-08-29T19:47:53.107+0000] {logging_mixin.py:149} INFO - [2024-08-29T19:47:53.107+0000] {manager.py:504} INFO - Created Permission View: can edit on DAG:example_sla_dag
[2024-08-29T19:47:53.124+0000] {logging_mixin.py:149} INFO - [2024-08-29T19:47:53.124+0000] {manager.py:504} INFO - Created Permission View: can read on DAG:example_sla_dag
[2024-08-29T19:47:53.124+0000] {logging_mixin.py:149} INFO - [2024-08-29T19:47:53.124+0000] {dag.py:2726} INFO - Sync 1 DAGs
[2024-08-29T19:47:53.134+0000] {logging_mixin.py:149} INFO - [2024-08-29T19:47:53.134+0000] {dag.py:2747} INFO - Creating ORM DAG for example_sla_dag
[2024-08-29T19:47:53.146+0000] {logging_mixin.py:149} INFO - [2024-08-29T19:47:53.146+0000] {dag.py:3486} INFO - Setting next_dagrun for example_sla_dag to 2024-08-29T19:44:00+00:00, run_after=2024-08-29T19:46:00+00:00
[2024-08-29T19:47:53.175+0000] {processor.py:179} INFO - Processing /home/airflow-vm/data-engineer-batch-processing-financial-services/.venv/lib/python3.10/site-packages/airflow/example_dags/example_sla_dag.py took 0.214 seconds
[2024-08-29T19:48:42.922+0000] {processor.py:157} INFO - Started process (PID=49388) to work on /home/airflow-vm/data-engineer-batch-processing-financial-services/.venv/lib/python3.10/site-packages/airflow/example_dags/example_sla_dag.py
[2024-08-29T19:48:42.922+0000] {processor.py:826} INFO - Processing file /home/airflow-vm/data-engineer-batch-processing-financial-services/.venv/lib/python3.10/site-packages/airflow/example_dags/example_sla_dag.py for tasks to queue
[2024-08-29T19:48:42.923+0000] {logging_mixin.py:149} INFO - [2024-08-29T19:48:42.923+0000] {dagbag.py:541} INFO - Filling up the DagBag from /home/airflow-vm/data-engineer-batch-processing-financial-services/.venv/lib/python3.10/site-packages/airflow/example_dags/example_sla_dag.py
[2024-08-29T19:48:42.930+0000] {processor.py:836} INFO - DAG(s) dict_keys(['example_sla_dag']) retrieved from /home/airflow-vm/data-engineer-batch-processing-financial-services/.venv/lib/python3.10/site-packages/airflow/example_dags/example_sla_dag.py
[2024-08-29T19:48:42.947+0000] {logging_mixin.py:149} INFO - [2024-08-29T19:48:42.947+0000] {dag.py:2726} INFO - Sync 1 DAGs
[2024-08-29T19:48:42.970+0000] {logging_mixin.py:149} INFO - [2024-08-29T19:48:42.970+0000] {dag.py:3486} INFO - Setting next_dagrun for example_sla_dag to 2024-08-29T19:46:00+00:00, run_after=2024-08-29T19:48:00+00:00
[2024-08-29T19:48:42.997+0000] {processor.py:179} INFO - Processing /home/airflow-vm/data-engineer-batch-processing-financial-services/.venv/lib/python3.10/site-packages/airflow/example_dags/example_sla_dag.py took 0.078 seconds
[2024-08-29T19:49:29.338+0000] {processor.py:157} INFO - Started process (PID=49642) to work on /home/airflow-vm/data-engineer-batch-processing-financial-services/.venv/lib/python3.10/site-packages/airflow/example_dags/example_sla_dag.py
[2024-08-29T19:49:29.339+0000] {processor.py:826} INFO - Processing file /home/airflow-vm/data-engineer-batch-processing-financial-services/.venv/lib/python3.10/site-packages/airflow/example_dags/example_sla_dag.py for tasks to queue
[2024-08-29T19:49:29.339+0000] {logging_mixin.py:149} INFO - [2024-08-29T19:49:29.339+0000] {dagbag.py:541} INFO - Filling up the DagBag from /home/airflow-vm/data-engineer-batch-processing-financial-services/.venv/lib/python3.10/site-packages/airflow/example_dags/example_sla_dag.py
[2024-08-29T19:49:29.347+0000] {processor.py:836} INFO - DAG(s) dict_keys(['example_sla_dag']) retrieved from /home/airflow-vm/data-engineer-batch-processing-financial-services/.venv/lib/python3.10/site-packages/airflow/example_dags/example_sla_dag.py
[2024-08-29T19:49:29.363+0000] {logging_mixin.py:149} INFO - [2024-08-29T19:49:29.363+0000] {dag.py:2726} INFO - Sync 1 DAGs
[2024-08-29T19:49:29.385+0000] {logging_mixin.py:149} INFO - [2024-08-29T19:49:29.385+0000] {dag.py:3486} INFO - Setting next_dagrun for example_sla_dag to 2024-08-29T19:46:00+00:00, run_after=2024-08-29T19:48:00+00:00
[2024-08-29T19:49:29.414+0000] {processor.py:179} INFO - Processing /home/airflow-vm/data-engineer-batch-processing-financial-services/.venv/lib/python3.10/site-packages/airflow/example_dags/example_sla_dag.py took 0.078 seconds
[2024-08-29T19:50:18.944+0000] {processor.py:157} INFO - Started process (PID=49815) to work on /home/airflow-vm/data-engineer-batch-processing-financial-services/.venv/lib/python3.10/site-packages/airflow/example_dags/example_sla_dag.py
[2024-08-29T19:50:18.945+0000] {processor.py:826} INFO - Processing file /home/airflow-vm/data-engineer-batch-processing-financial-services/.venv/lib/python3.10/site-packages/airflow/example_dags/example_sla_dag.py for tasks to queue
[2024-08-29T19:50:18.946+0000] {logging_mixin.py:149} INFO - [2024-08-29T19:50:18.946+0000] {dagbag.py:541} INFO - Filling up the DagBag from /home/airflow-vm/data-engineer-batch-processing-financial-services/.venv/lib/python3.10/site-packages/airflow/example_dags/example_sla_dag.py
[2024-08-29T19:50:18.954+0000] {processor.py:836} INFO - DAG(s) dict_keys(['example_sla_dag']) retrieved from /home/airflow-vm/data-engineer-batch-processing-financial-services/.venv/lib/python3.10/site-packages/airflow/example_dags/example_sla_dag.py
[2024-08-29T19:50:18.972+0000] {logging_mixin.py:149} INFO - [2024-08-29T19:50:18.972+0000] {dag.py:2726} INFO - Sync 1 DAGs
[2024-08-29T19:50:18.995+0000] {logging_mixin.py:149} INFO - [2024-08-29T19:50:18.995+0000] {dag.py:3486} INFO - Setting next_dagrun for example_sla_dag to 2024-08-29T19:48:00+00:00, run_after=2024-08-29T19:50:00+00:00
[2024-08-29T19:50:19.049+0000] {processor.py:179} INFO - Processing /home/airflow-vm/data-engineer-batch-processing-financial-services/.venv/lib/python3.10/site-packages/airflow/example_dags/example_sla_dag.py took 0.107 seconds
[2024-08-29T19:51:04.475+0000] {processor.py:157} INFO - Started process (PID=50566) to work on /home/airflow-vm/data-engineer-batch-processing-financial-services/.venv/lib/python3.10/site-packages/airflow/example_dags/example_sla_dag.py
[2024-08-29T19:51:04.476+0000] {processor.py:826} INFO - Processing file /home/airflow-vm/data-engineer-batch-processing-financial-services/.venv/lib/python3.10/site-packages/airflow/example_dags/example_sla_dag.py for tasks to queue
[2024-08-29T19:51:04.476+0000] {logging_mixin.py:149} INFO - [2024-08-29T19:51:04.476+0000] {dagbag.py:541} INFO - Filling up the DagBag from /home/airflow-vm/data-engineer-batch-processing-financial-services/.venv/lib/python3.10/site-packages/airflow/example_dags/example_sla_dag.py
[2024-08-29T19:51:04.484+0000] {processor.py:836} INFO - DAG(s) dict_keys(['example_sla_dag']) retrieved from /home/airflow-vm/data-engineer-batch-processing-financial-services/.venv/lib/python3.10/site-packages/airflow/example_dags/example_sla_dag.py
[2024-08-29T19:51:04.502+0000] {logging_mixin.py:149} INFO - [2024-08-29T19:51:04.502+0000] {dag.py:2726} INFO - Sync 1 DAGs
[2024-08-29T19:51:04.526+0000] {logging_mixin.py:149} INFO - [2024-08-29T19:51:04.526+0000] {dag.py:3486} INFO - Setting next_dagrun for example_sla_dag to 2024-08-29T19:48:00+00:00, run_after=2024-08-29T19:50:00+00:00
[2024-08-29T19:51:04.557+0000] {processor.py:179} INFO - Processing /home/airflow-vm/data-engineer-batch-processing-financial-services/.venv/lib/python3.10/site-packages/airflow/example_dags/example_sla_dag.py took 0.084 seconds
[2024-08-29T19:51:52.646+0000] {processor.py:157} INFO - Started process (PID=50860) to work on /home/airflow-vm/data-engineer-batch-processing-financial-services/.venv/lib/python3.10/site-packages/airflow/example_dags/example_sla_dag.py
[2024-08-29T19:51:52.647+0000] {processor.py:826} INFO - Processing file /home/airflow-vm/data-engineer-batch-processing-financial-services/.venv/lib/python3.10/site-packages/airflow/example_dags/example_sla_dag.py for tasks to queue
[2024-08-29T19:51:52.648+0000] {logging_mixin.py:149} INFO - [2024-08-29T19:51:52.647+0000] {dagbag.py:541} INFO - Filling up the DagBag from /home/airflow-vm/data-engineer-batch-processing-financial-services/.venv/lib/python3.10/site-packages/airflow/example_dags/example_sla_dag.py
[2024-08-29T19:51:52.656+0000] {processor.py:836} INFO - DAG(s) dict_keys(['example_sla_dag']) retrieved from /home/airflow-vm/data-engineer-batch-processing-financial-services/.venv/lib/python3.10/site-packages/airflow/example_dags/example_sla_dag.py
[2024-08-29T19:51:52.674+0000] {logging_mixin.py:149} INFO - [2024-08-29T19:51:52.674+0000] {dag.py:2726} INFO - Sync 1 DAGs
[2024-08-29T19:51:52.698+0000] {logging_mixin.py:149} INFO - [2024-08-29T19:51:52.698+0000] {dag.py:3486} INFO - Setting next_dagrun for example_sla_dag to 2024-08-29T19:48:00+00:00, run_after=2024-08-29T19:50:00+00:00
[2024-08-29T19:51:52.727+0000] {processor.py:179} INFO - Processing /home/airflow-vm/data-engineer-batch-processing-financial-services/.venv/lib/python3.10/site-packages/airflow/example_dags/example_sla_dag.py took 0.084 seconds
[2024-08-29T19:52:39.038+0000] {processor.py:157} INFO - Started process (PID=50964) to work on /home/airflow-vm/data-engineer-batch-processing-financial-services/.venv/lib/python3.10/site-packages/airflow/example_dags/example_sla_dag.py
[2024-08-29T19:52:39.039+0000] {processor.py:826} INFO - Processing file /home/airflow-vm/data-engineer-batch-processing-financial-services/.venv/lib/python3.10/site-packages/airflow/example_dags/example_sla_dag.py for tasks to queue
[2024-08-29T19:52:39.039+0000] {logging_mixin.py:149} INFO - [2024-08-29T19:52:39.039+0000] {dagbag.py:541} INFO - Filling up the DagBag from /home/airflow-vm/data-engineer-batch-processing-financial-services/.venv/lib/python3.10/site-packages/airflow/example_dags/example_sla_dag.py
[2024-08-29T19:52:39.047+0000] {processor.py:836} INFO - DAG(s) dict_keys(['example_sla_dag']) retrieved from /home/airflow-vm/data-engineer-batch-processing-financial-services/.venv/lib/python3.10/site-packages/airflow/example_dags/example_sla_dag.py
[2024-08-29T19:52:39.063+0000] {logging_mixin.py:149} INFO - [2024-08-29T19:52:39.063+0000] {dag.py:2726} INFO - Sync 1 DAGs
[2024-08-29T19:52:39.086+0000] {logging_mixin.py:149} INFO - [2024-08-29T19:52:39.086+0000] {dag.py:3486} INFO - Setting next_dagrun for example_sla_dag to 2024-08-29T19:50:00+00:00, run_after=2024-08-29T19:52:00+00:00
[2024-08-29T19:52:39.118+0000] {processor.py:179} INFO - Processing /home/airflow-vm/data-engineer-batch-processing-financial-services/.venv/lib/python3.10/site-packages/airflow/example_dags/example_sla_dag.py took 0.083 seconds
[2024-08-29T19:53:23.122+0000] {processor.py:157} INFO - Started process (PID=51062) to work on /home/airflow-vm/data-engineer-batch-processing-financial-services/.venv/lib/python3.10/site-packages/airflow/example_dags/example_sla_dag.py
[2024-08-29T19:53:23.123+0000] {processor.py:826} INFO - Processing file /home/airflow-vm/data-engineer-batch-processing-financial-services/.venv/lib/python3.10/site-packages/airflow/example_dags/example_sla_dag.py for tasks to queue
[2024-08-29T19:53:23.124+0000] {logging_mixin.py:149} INFO - [2024-08-29T19:53:23.123+0000] {dagbag.py:541} INFO - Filling up the DagBag from /home/airflow-vm/data-engineer-batch-processing-financial-services/.venv/lib/python3.10/site-packages/airflow/example_dags/example_sla_dag.py
[2024-08-29T19:53:23.131+0000] {processor.py:836} INFO - DAG(s) dict_keys(['example_sla_dag']) retrieved from /home/airflow-vm/data-engineer-batch-processing-financial-services/.venv/lib/python3.10/site-packages/airflow/example_dags/example_sla_dag.py
[2024-08-29T19:53:23.149+0000] {logging_mixin.py:149} INFO - [2024-08-29T19:53:23.149+0000] {dag.py:2726} INFO - Sync 1 DAGs
[2024-08-29T19:53:23.172+0000] {logging_mixin.py:149} INFO - [2024-08-29T19:53:23.171+0000] {dag.py:3486} INFO - Setting next_dagrun for example_sla_dag to 2024-08-29T19:50:00+00:00, run_after=2024-08-29T19:52:00+00:00
[2024-08-29T19:53:23.204+0000] {processor.py:179} INFO - Processing /home/airflow-vm/data-engineer-batch-processing-financial-services/.venv/lib/python3.10/site-packages/airflow/example_dags/example_sla_dag.py took 0.085 seconds
[2024-08-29T19:54:08.562+0000] {processor.py:157} INFO - Started process (PID=51189) to work on /home/airflow-vm/data-engineer-batch-processing-financial-services/.venv/lib/python3.10/site-packages/airflow/example_dags/example_sla_dag.py
[2024-08-29T19:54:08.563+0000] {processor.py:826} INFO - Processing file /home/airflow-vm/data-engineer-batch-processing-financial-services/.venv/lib/python3.10/site-packages/airflow/example_dags/example_sla_dag.py for tasks to queue
[2024-08-29T19:54:08.564+0000] {logging_mixin.py:149} INFO - [2024-08-29T19:54:08.564+0000] {dagbag.py:541} INFO - Filling up the DagBag from /home/airflow-vm/data-engineer-batch-processing-financial-services/.venv/lib/python3.10/site-packages/airflow/example_dags/example_sla_dag.py
[2024-08-29T19:54:08.571+0000] {processor.py:836} INFO - DAG(s) dict_keys(['example_sla_dag']) retrieved from /home/airflow-vm/data-engineer-batch-processing-financial-services/.venv/lib/python3.10/site-packages/airflow/example_dags/example_sla_dag.py
[2024-08-29T19:54:08.589+0000] {logging_mixin.py:149} INFO - [2024-08-29T19:54:08.588+0000] {dag.py:2726} INFO - Sync 1 DAGs
[2024-08-29T19:54:08.611+0000] {logging_mixin.py:149} INFO - [2024-08-29T19:54:08.611+0000] {dag.py:3486} INFO - Setting next_dagrun for example_sla_dag to 2024-08-29T19:52:00+00:00, run_after=2024-08-29T19:54:00+00:00
[2024-08-29T19:54:08.638+0000] {processor.py:179} INFO - Processing /home/airflow-vm/data-engineer-batch-processing-financial-services/.venv/lib/python3.10/site-packages/airflow/example_dags/example_sla_dag.py took 0.079 seconds
[2024-08-29T19:54:55.641+0000] {processor.py:157} INFO - Started process (PID=51447) to work on /home/airflow-vm/data-engineer-batch-processing-financial-services/.venv/lib/python3.10/site-packages/airflow/example_dags/example_sla_dag.py
[2024-08-29T19:54:55.641+0000] {processor.py:826} INFO - Processing file /home/airflow-vm/data-engineer-batch-processing-financial-services/.venv/lib/python3.10/site-packages/airflow/example_dags/example_sla_dag.py for tasks to queue
[2024-08-29T19:54:55.642+0000] {logging_mixin.py:149} INFO - [2024-08-29T19:54:55.642+0000] {dagbag.py:541} INFO - Filling up the DagBag from /home/airflow-vm/data-engineer-batch-processing-financial-services/.venv/lib/python3.10/site-packages/airflow/example_dags/example_sla_dag.py
[2024-08-29T19:54:55.650+0000] {processor.py:836} INFO - DAG(s) dict_keys(['example_sla_dag']) retrieved from /home/airflow-vm/data-engineer-batch-processing-financial-services/.venv/lib/python3.10/site-packages/airflow/example_dags/example_sla_dag.py
[2024-08-29T19:54:55.666+0000] {logging_mixin.py:149} INFO - [2024-08-29T19:54:55.666+0000] {dag.py:2726} INFO - Sync 1 DAGs
[2024-08-29T19:54:55.689+0000] {logging_mixin.py:149} INFO - [2024-08-29T19:54:55.689+0000] {dag.py:3486} INFO - Setting next_dagrun for example_sla_dag to 2024-08-29T19:52:00+00:00, run_after=2024-08-29T19:54:00+00:00
[2024-08-29T19:54:55.716+0000] {processor.py:179} INFO - Processing /home/airflow-vm/data-engineer-batch-processing-financial-services/.venv/lib/python3.10/site-packages/airflow/example_dags/example_sla_dag.py took 0.078 seconds
[2024-08-29T19:55:42.769+0000] {processor.py:157} INFO - Started process (PID=51796) to work on /home/airflow-vm/data-engineer-batch-processing-financial-services/.venv/lib/python3.10/site-packages/airflow/example_dags/example_sla_dag.py
[2024-08-29T19:55:42.775+0000] {processor.py:826} INFO - Processing file /home/airflow-vm/data-engineer-batch-processing-financial-services/.venv/lib/python3.10/site-packages/airflow/example_dags/example_sla_dag.py for tasks to queue
[2024-08-29T19:55:42.776+0000] {logging_mixin.py:149} INFO - [2024-08-29T19:55:42.776+0000] {dagbag.py:541} INFO - Filling up the DagBag from /home/airflow-vm/data-engineer-batch-processing-financial-services/.venv/lib/python3.10/site-packages/airflow/example_dags/example_sla_dag.py
[2024-08-29T19:55:42.800+0000] {processor.py:836} INFO - DAG(s) dict_keys(['example_sla_dag']) retrieved from /home/airflow-vm/data-engineer-batch-processing-financial-services/.venv/lib/python3.10/site-packages/airflow/example_dags/example_sla_dag.py
[2024-08-29T19:55:42.851+0000] {logging_mixin.py:149} INFO - [2024-08-29T19:55:42.851+0000] {dag.py:2726} INFO - Sync 1 DAGs
[2024-08-29T19:55:42.910+0000] {logging_mixin.py:149} INFO - [2024-08-29T19:55:42.910+0000] {dag.py:3486} INFO - Setting next_dagrun for example_sla_dag to 2024-08-29T19:52:00+00:00, run_after=2024-08-29T19:54:00+00:00
[2024-08-29T19:55:42.962+0000] {processor.py:179} INFO - Processing /home/airflow-vm/data-engineer-batch-processing-financial-services/.venv/lib/python3.10/site-packages/airflow/example_dags/example_sla_dag.py took 0.196 seconds
[2024-08-29T20:11:46.995+0000] {processor.py:157} INFO - Started process (PID=56384) to work on /home/airflow-vm/data-engineer-batch-processing-financial-services/.venv/lib/python3.10/site-packages/airflow/example_dags/example_sla_dag.py
[2024-08-29T20:11:46.996+0000] {processor.py:826} INFO - Processing file /home/airflow-vm/data-engineer-batch-processing-financial-services/.venv/lib/python3.10/site-packages/airflow/example_dags/example_sla_dag.py for tasks to queue
[2024-08-29T20:11:46.997+0000] {logging_mixin.py:149} INFO - [2024-08-29T20:11:46.997+0000] {dagbag.py:541} INFO - Filling up the DagBag from /home/airflow-vm/data-engineer-batch-processing-financial-services/.venv/lib/python3.10/site-packages/airflow/example_dags/example_sla_dag.py
[2024-08-29T20:11:47.006+0000] {processor.py:836} INFO - DAG(s) dict_keys(['example_sla_dag']) retrieved from /home/airflow-vm/data-engineer-batch-processing-financial-services/.venv/lib/python3.10/site-packages/airflow/example_dags/example_sla_dag.py
[2024-08-29T20:11:47.023+0000] {logging_mixin.py:149} INFO - [2024-08-29T20:11:47.022+0000] {dag.py:2726} INFO - Sync 1 DAGs
[2024-08-29T20:11:47.045+0000] {logging_mixin.py:149} INFO - [2024-08-29T20:11:47.044+0000] {dag.py:3486} INFO - Setting next_dagrun for example_sla_dag to 2024-08-29T20:08:00+00:00, run_after=2024-08-29T20:10:00+00:00
[2024-08-29T20:11:47.073+0000] {processor.py:179} INFO - Processing /home/airflow-vm/data-engineer-batch-processing-financial-services/.venv/lib/python3.10/site-packages/airflow/example_dags/example_sla_dag.py took 0.080 seconds
[2024-08-29T20:12:32.380+0000] {processor.py:157} INFO - Started process (PID=56687) to work on /home/airflow-vm/data-engineer-batch-processing-financial-services/.venv/lib/python3.10/site-packages/airflow/example_dags/example_sla_dag.py
[2024-08-29T20:12:32.381+0000] {processor.py:826} INFO - Processing file /home/airflow-vm/data-engineer-batch-processing-financial-services/.venv/lib/python3.10/site-packages/airflow/example_dags/example_sla_dag.py for tasks to queue
[2024-08-29T20:12:32.381+0000] {logging_mixin.py:149} INFO - [2024-08-29T20:12:32.381+0000] {dagbag.py:541} INFO - Filling up the DagBag from /home/airflow-vm/data-engineer-batch-processing-financial-services/.venv/lib/python3.10/site-packages/airflow/example_dags/example_sla_dag.py
[2024-08-29T20:12:32.389+0000] {processor.py:836} INFO - DAG(s) dict_keys(['example_sla_dag']) retrieved from /home/airflow-vm/data-engineer-batch-processing-financial-services/.venv/lib/python3.10/site-packages/airflow/example_dags/example_sla_dag.py
[2024-08-29T20:12:32.409+0000] {logging_mixin.py:149} INFO - [2024-08-29T20:12:32.409+0000] {dag.py:2726} INFO - Sync 1 DAGs
[2024-08-29T20:12:32.433+0000] {logging_mixin.py:149} INFO - [2024-08-29T20:12:32.433+0000] {dag.py:3486} INFO - Setting next_dagrun for example_sla_dag to 2024-08-29T20:10:00+00:00, run_after=2024-08-29T20:12:00+00:00
[2024-08-29T20:12:32.470+0000] {processor.py:179} INFO - Processing /home/airflow-vm/data-engineer-batch-processing-financial-services/.venv/lib/python3.10/site-packages/airflow/example_dags/example_sla_dag.py took 0.093 seconds
[2024-08-29T20:13:16.428+0000] {processor.py:157} INFO - Started process (PID=56886) to work on /home/airflow-vm/data-engineer-batch-processing-financial-services/.venv/lib/python3.10/site-packages/airflow/example_dags/example_sla_dag.py
[2024-08-29T20:13:16.429+0000] {processor.py:826} INFO - Processing file /home/airflow-vm/data-engineer-batch-processing-financial-services/.venv/lib/python3.10/site-packages/airflow/example_dags/example_sla_dag.py for tasks to queue
[2024-08-29T20:13:16.429+0000] {logging_mixin.py:149} INFO - [2024-08-29T20:13:16.429+0000] {dagbag.py:541} INFO - Filling up the DagBag from /home/airflow-vm/data-engineer-batch-processing-financial-services/.venv/lib/python3.10/site-packages/airflow/example_dags/example_sla_dag.py
[2024-08-29T20:13:16.437+0000] {processor.py:836} INFO - DAG(s) dict_keys(['example_sla_dag']) retrieved from /home/airflow-vm/data-engineer-batch-processing-financial-services/.venv/lib/python3.10/site-packages/airflow/example_dags/example_sla_dag.py
[2024-08-29T20:13:16.453+0000] {logging_mixin.py:149} INFO - [2024-08-29T20:13:16.453+0000] {dag.py:2726} INFO - Sync 1 DAGs
[2024-08-29T20:13:16.475+0000] {logging_mixin.py:149} INFO - [2024-08-29T20:13:16.475+0000] {dag.py:3486} INFO - Setting next_dagrun for example_sla_dag to 2024-08-29T20:10:00+00:00, run_after=2024-08-29T20:12:00+00:00
[2024-08-29T20:13:16.503+0000] {processor.py:179} INFO - Processing /home/airflow-vm/data-engineer-batch-processing-financial-services/.venv/lib/python3.10/site-packages/airflow/example_dags/example_sla_dag.py took 0.078 seconds
[2024-08-29T20:15:13.481+0000] {processor.py:157} INFO - Started process (PID=57455) to work on /home/airflow-vm/data-engineer-batch-processing-financial-services/.venv/lib/python3.10/site-packages/airflow/example_dags/example_sla_dag.py
[2024-08-29T20:15:13.482+0000] {processor.py:826} INFO - Processing file /home/airflow-vm/data-engineer-batch-processing-financial-services/.venv/lib/python3.10/site-packages/airflow/example_dags/example_sla_dag.py for tasks to queue
[2024-08-29T20:15:13.483+0000] {logging_mixin.py:149} INFO - [2024-08-29T20:15:13.483+0000] {dagbag.py:541} INFO - Filling up the DagBag from /home/airflow-vm/data-engineer-batch-processing-financial-services/.venv/lib/python3.10/site-packages/airflow/example_dags/example_sla_dag.py
[2024-08-29T20:15:13.492+0000] {processor.py:836} INFO - DAG(s) dict_keys(['example_sla_dag']) retrieved from /home/airflow-vm/data-engineer-batch-processing-financial-services/.venv/lib/python3.10/site-packages/airflow/example_dags/example_sla_dag.py
[2024-08-29T20:15:13.510+0000] {logging_mixin.py:149} INFO - [2024-08-29T20:15:13.509+0000] {dag.py:2726} INFO - Sync 1 DAGs
[2024-08-29T20:15:13.531+0000] {logging_mixin.py:149} INFO - [2024-08-29T20:15:13.531+0000] {dag.py:3486} INFO - Setting next_dagrun for example_sla_dag to 2024-08-29T20:12:00+00:00, run_after=2024-08-29T20:14:00+00:00
[2024-08-29T20:15:13.557+0000] {processor.py:179} INFO - Processing /home/airflow-vm/data-engineer-batch-processing-financial-services/.venv/lib/python3.10/site-packages/airflow/example_dags/example_sla_dag.py took 0.078 seconds
[2024-08-29T20:15:58.836+0000] {processor.py:157} INFO - Started process (PID=57963) to work on /home/airflow-vm/data-engineer-batch-processing-financial-services/.venv/lib/python3.10/site-packages/airflow/example_dags/example_sla_dag.py
[2024-08-29T20:15:58.836+0000] {processor.py:826} INFO - Processing file /home/airflow-vm/data-engineer-batch-processing-financial-services/.venv/lib/python3.10/site-packages/airflow/example_dags/example_sla_dag.py for tasks to queue
[2024-08-29T20:15:58.837+0000] {logging_mixin.py:149} INFO - [2024-08-29T20:15:58.837+0000] {dagbag.py:541} INFO - Filling up the DagBag from /home/airflow-vm/data-engineer-batch-processing-financial-services/.venv/lib/python3.10/site-packages/airflow/example_dags/example_sla_dag.py
[2024-08-29T20:15:58.844+0000] {processor.py:836} INFO - DAG(s) dict_keys(['example_sla_dag']) retrieved from /home/airflow-vm/data-engineer-batch-processing-financial-services/.venv/lib/python3.10/site-packages/airflow/example_dags/example_sla_dag.py
[2024-08-29T20:15:58.861+0000] {logging_mixin.py:149} INFO - [2024-08-29T20:15:58.860+0000] {dag.py:2726} INFO - Sync 1 DAGs
[2024-08-29T20:15:58.883+0000] {logging_mixin.py:149} INFO - [2024-08-29T20:15:58.883+0000] {dag.py:3486} INFO - Setting next_dagrun for example_sla_dag to 2024-08-29T20:12:00+00:00, run_after=2024-08-29T20:14:00+00:00
[2024-08-29T20:15:58.909+0000] {processor.py:179} INFO - Processing /home/airflow-vm/data-engineer-batch-processing-financial-services/.venv/lib/python3.10/site-packages/airflow/example_dags/example_sla_dag.py took 0.076 seconds
[2024-08-29T20:24:09.287+0000] {processor.py:157} INFO - Started process (PID=61072) to work on /home/airflow-vm/data-engineer-batch-processing-financial-services/.venv/lib/python3.10/site-packages/airflow/example_dags/example_sla_dag.py
[2024-08-29T20:24:09.289+0000] {processor.py:826} INFO - Processing file /home/airflow-vm/data-engineer-batch-processing-financial-services/.venv/lib/python3.10/site-packages/airflow/example_dags/example_sla_dag.py for tasks to queue
[2024-08-29T20:24:09.289+0000] {logging_mixin.py:149} INFO - [2024-08-29T20:24:09.289+0000] {dagbag.py:541} INFO - Filling up the DagBag from /home/airflow-vm/data-engineer-batch-processing-financial-services/.venv/lib/python3.10/site-packages/airflow/example_dags/example_sla_dag.py
[2024-08-29T20:24:09.298+0000] {processor.py:836} INFO - DAG(s) dict_keys(['example_sla_dag']) retrieved from /home/airflow-vm/data-engineer-batch-processing-financial-services/.venv/lib/python3.10/site-packages/airflow/example_dags/example_sla_dag.py
[2024-08-29T20:24:09.316+0000] {logging_mixin.py:149} INFO - [2024-08-29T20:24:09.315+0000] {dag.py:2726} INFO - Sync 1 DAGs
[2024-08-29T20:24:09.338+0000] {logging_mixin.py:149} INFO - [2024-08-29T20:24:09.338+0000] {dag.py:3486} INFO - Setting next_dagrun for example_sla_dag to 2024-08-29T20:22:00+00:00, run_after=2024-08-29T20:24:00+00:00
[2024-08-29T20:24:09.367+0000] {processor.py:179} INFO - Processing /home/airflow-vm/data-engineer-batch-processing-financial-services/.venv/lib/python3.10/site-packages/airflow/example_dags/example_sla_dag.py took 0.082 seconds
[2024-08-29T20:26:04.533+0000] {processor.py:157} INFO - Started process (PID=62531) to work on /home/airflow-vm/data-engineer-batch-processing-financial-services/.venv/lib/python3.10/site-packages/airflow/example_dags/example_sla_dag.py
[2024-08-29T20:26:04.534+0000] {processor.py:826} INFO - Processing file /home/airflow-vm/data-engineer-batch-processing-financial-services/.venv/lib/python3.10/site-packages/airflow/example_dags/example_sla_dag.py for tasks to queue
[2024-08-29T20:26:04.534+0000] {logging_mixin.py:149} INFO - [2024-08-29T20:26:04.534+0000] {dagbag.py:541} INFO - Filling up the DagBag from /home/airflow-vm/data-engineer-batch-processing-financial-services/.venv/lib/python3.10/site-packages/airflow/example_dags/example_sla_dag.py
[2024-08-29T20:26:04.542+0000] {processor.py:836} INFO - DAG(s) dict_keys(['example_sla_dag']) retrieved from /home/airflow-vm/data-engineer-batch-processing-financial-services/.venv/lib/python3.10/site-packages/airflow/example_dags/example_sla_dag.py
[2024-08-29T20:26:04.558+0000] {logging_mixin.py:149} INFO - [2024-08-29T20:26:04.557+0000] {dag.py:2726} INFO - Sync 1 DAGs
[2024-08-29T20:26:04.580+0000] {logging_mixin.py:149} INFO - [2024-08-29T20:26:04.580+0000] {dag.py:3486} INFO - Setting next_dagrun for example_sla_dag to 2024-08-29T20:24:00+00:00, run_after=2024-08-29T20:26:00+00:00
[2024-08-29T20:26:04.611+0000] {processor.py:179} INFO - Processing /home/airflow-vm/data-engineer-batch-processing-financial-services/.venv/lib/python3.10/site-packages/airflow/example_dags/example_sla_dag.py took 0.081 seconds
[2024-08-29T20:26:56.977+0000] {processor.py:157} INFO - Started process (PID=63191) to work on /home/airflow-vm/data-engineer-batch-processing-financial-services/.venv/lib/python3.10/site-packages/airflow/example_dags/example_sla_dag.py
[2024-08-29T20:26:56.978+0000] {processor.py:826} INFO - Processing file /home/airflow-vm/data-engineer-batch-processing-financial-services/.venv/lib/python3.10/site-packages/airflow/example_dags/example_sla_dag.py for tasks to queue
[2024-08-29T20:26:56.979+0000] {logging_mixin.py:149} INFO - [2024-08-29T20:26:56.979+0000] {dagbag.py:541} INFO - Filling up the DagBag from /home/airflow-vm/data-engineer-batch-processing-financial-services/.venv/lib/python3.10/site-packages/airflow/example_dags/example_sla_dag.py
[2024-08-29T20:26:56.986+0000] {processor.py:836} INFO - DAG(s) dict_keys(['example_sla_dag']) retrieved from /home/airflow-vm/data-engineer-batch-processing-financial-services/.venv/lib/python3.10/site-packages/airflow/example_dags/example_sla_dag.py
[2024-08-29T20:26:57.003+0000] {logging_mixin.py:149} INFO - [2024-08-29T20:26:57.003+0000] {dag.py:2726} INFO - Sync 1 DAGs
[2024-08-29T20:26:57.026+0000] {logging_mixin.py:149} INFO - [2024-08-29T20:26:57.025+0000] {dag.py:3486} INFO - Setting next_dagrun for example_sla_dag to 2024-08-29T20:24:00+00:00, run_after=2024-08-29T20:26:00+00:00
[2024-08-29T20:26:57.054+0000] {processor.py:179} INFO - Processing /home/airflow-vm/data-engineer-batch-processing-financial-services/.venv/lib/python3.10/site-packages/airflow/example_dags/example_sla_dag.py took 0.080 seconds
[2024-08-29T20:27:40.154+0000] {processor.py:157} INFO - Started process (PID=63533) to work on /home/airflow-vm/data-engineer-batch-processing-financial-services/.venv/lib/python3.10/site-packages/airflow/example_dags/example_sla_dag.py
[2024-08-29T20:27:40.154+0000] {processor.py:826} INFO - Processing file /home/airflow-vm/data-engineer-batch-processing-financial-services/.venv/lib/python3.10/site-packages/airflow/example_dags/example_sla_dag.py for tasks to queue
[2024-08-29T20:27:40.155+0000] {logging_mixin.py:149} INFO - [2024-08-29T20:27:40.155+0000] {dagbag.py:541} INFO - Filling up the DagBag from /home/airflow-vm/data-engineer-batch-processing-financial-services/.venv/lib/python3.10/site-packages/airflow/example_dags/example_sla_dag.py
[2024-08-29T20:27:40.162+0000] {processor.py:836} INFO - DAG(s) dict_keys(['example_sla_dag']) retrieved from /home/airflow-vm/data-engineer-batch-processing-financial-services/.venv/lib/python3.10/site-packages/airflow/example_dags/example_sla_dag.py
[2024-08-29T20:27:40.179+0000] {logging_mixin.py:149} INFO - [2024-08-29T20:27:40.179+0000] {dag.py:2726} INFO - Sync 1 DAGs
[2024-08-29T20:27:40.200+0000] {logging_mixin.py:149} INFO - [2024-08-29T20:27:40.200+0000] {dag.py:3486} INFO - Setting next_dagrun for example_sla_dag to 2024-08-29T20:24:00+00:00, run_after=2024-08-29T20:26:00+00:00
[2024-08-29T20:27:40.226+0000] {processor.py:179} INFO - Processing /home/airflow-vm/data-engineer-batch-processing-financial-services/.venv/lib/python3.10/site-packages/airflow/example_dags/example_sla_dag.py took 0.075 seconds
[2024-08-29T20:28:24.778+0000] {processor.py:157} INFO - Started process (PID=63654) to work on /home/airflow-vm/data-engineer-batch-processing-financial-services/.venv/lib/python3.10/site-packages/airflow/example_dags/example_sla_dag.py
[2024-08-29T20:28:24.779+0000] {processor.py:826} INFO - Processing file /home/airflow-vm/data-engineer-batch-processing-financial-services/.venv/lib/python3.10/site-packages/airflow/example_dags/example_sla_dag.py for tasks to queue
[2024-08-29T20:28:24.779+0000] {logging_mixin.py:149} INFO - [2024-08-29T20:28:24.779+0000] {dagbag.py:541} INFO - Filling up the DagBag from /home/airflow-vm/data-engineer-batch-processing-financial-services/.venv/lib/python3.10/site-packages/airflow/example_dags/example_sla_dag.py
[2024-08-29T20:28:24.787+0000] {processor.py:836} INFO - DAG(s) dict_keys(['example_sla_dag']) retrieved from /home/airflow-vm/data-engineer-batch-processing-financial-services/.venv/lib/python3.10/site-packages/airflow/example_dags/example_sla_dag.py
[2024-08-29T20:28:24.803+0000] {logging_mixin.py:149} INFO - [2024-08-29T20:28:24.802+0000] {dag.py:2726} INFO - Sync 1 DAGs
[2024-08-29T20:28:24.825+0000] {logging_mixin.py:149} INFO - [2024-08-29T20:28:24.825+0000] {dag.py:3486} INFO - Setting next_dagrun for example_sla_dag to 2024-08-29T20:26:00+00:00, run_after=2024-08-29T20:28:00+00:00
[2024-08-29T20:28:24.851+0000] {processor.py:179} INFO - Processing /home/airflow-vm/data-engineer-batch-processing-financial-services/.venv/lib/python3.10/site-packages/airflow/example_dags/example_sla_dag.py took 0.076 seconds
[2024-08-29T20:31:10.037+0000] {processor.py:157} INFO - Started process (PID=65538) to work on /home/airflow-vm/data-engineer-batch-processing-financial-services/.venv/lib/python3.10/site-packages/airflow/example_dags/example_sla_dag.py
[2024-08-29T20:31:10.037+0000] {processor.py:826} INFO - Processing file /home/airflow-vm/data-engineer-batch-processing-financial-services/.venv/lib/python3.10/site-packages/airflow/example_dags/example_sla_dag.py for tasks to queue
[2024-08-29T20:31:10.038+0000] {logging_mixin.py:149} INFO - [2024-08-29T20:31:10.038+0000] {dagbag.py:541} INFO - Filling up the DagBag from /home/airflow-vm/data-engineer-batch-processing-financial-services/.venv/lib/python3.10/site-packages/airflow/example_dags/example_sla_dag.py
[2024-08-29T20:31:10.047+0000] {processor.py:836} INFO - DAG(s) dict_keys(['example_sla_dag']) retrieved from /home/airflow-vm/data-engineer-batch-processing-financial-services/.venv/lib/python3.10/site-packages/airflow/example_dags/example_sla_dag.py
[2024-08-29T20:31:10.065+0000] {logging_mixin.py:149} INFO - [2024-08-29T20:31:10.065+0000] {dag.py:2726} INFO - Sync 1 DAGs
[2024-08-29T20:31:10.087+0000] {logging_mixin.py:149} INFO - [2024-08-29T20:31:10.087+0000] {dag.py:3486} INFO - Setting next_dagrun for example_sla_dag to 2024-08-29T20:28:00+00:00, run_after=2024-08-29T20:30:00+00:00
[2024-08-29T20:31:10.113+0000] {processor.py:179} INFO - Processing /home/airflow-vm/data-engineer-batch-processing-financial-services/.venv/lib/python3.10/site-packages/airflow/example_dags/example_sla_dag.py took 0.079 seconds
[2024-08-29T20:33:00.387+0000] {processor.py:157} INFO - Started process (PID=66904) to work on /home/airflow-vm/data-engineer-batch-processing-financial-services/.venv/lib/python3.10/site-packages/airflow/example_dags/example_sla_dag.py
[2024-08-29T20:33:00.388+0000] {processor.py:826} INFO - Processing file /home/airflow-vm/data-engineer-batch-processing-financial-services/.venv/lib/python3.10/site-packages/airflow/example_dags/example_sla_dag.py for tasks to queue
[2024-08-29T20:33:00.389+0000] {logging_mixin.py:149} INFO - [2024-08-29T20:33:00.389+0000] {dagbag.py:541} INFO - Filling up the DagBag from /home/airflow-vm/data-engineer-batch-processing-financial-services/.venv/lib/python3.10/site-packages/airflow/example_dags/example_sla_dag.py
[2024-08-29T20:33:00.396+0000] {processor.py:836} INFO - DAG(s) dict_keys(['example_sla_dag']) retrieved from /home/airflow-vm/data-engineer-batch-processing-financial-services/.venv/lib/python3.10/site-packages/airflow/example_dags/example_sla_dag.py
[2024-08-29T20:33:00.412+0000] {logging_mixin.py:149} INFO - [2024-08-29T20:33:00.412+0000] {dag.py:2726} INFO - Sync 1 DAGs
[2024-08-29T20:33:00.434+0000] {logging_mixin.py:149} INFO - [2024-08-29T20:33:00.434+0000] {dag.py:3486} INFO - Setting next_dagrun for example_sla_dag to 2024-08-29T20:30:00+00:00, run_after=2024-08-29T20:32:00+00:00
[2024-08-29T20:33:00.462+0000] {processor.py:179} INFO - Processing /home/airflow-vm/data-engineer-batch-processing-financial-services/.venv/lib/python3.10/site-packages/airflow/example_dags/example_sla_dag.py took 0.077 seconds
[2024-08-29T20:34:24.525+0000] {processor.py:157} INFO - Started process (PID=67996) to work on /home/airflow-vm/data-engineer-batch-processing-financial-services/.venv/lib/python3.10/site-packages/airflow/example_dags/example_sla_dag.py
[2024-08-29T20:34:24.526+0000] {processor.py:826} INFO - Processing file /home/airflow-vm/data-engineer-batch-processing-financial-services/.venv/lib/python3.10/site-packages/airflow/example_dags/example_sla_dag.py for tasks to queue
[2024-08-29T20:34:24.526+0000] {logging_mixin.py:149} INFO - [2024-08-29T20:34:24.526+0000] {dagbag.py:541} INFO - Filling up the DagBag from /home/airflow-vm/data-engineer-batch-processing-financial-services/.venv/lib/python3.10/site-packages/airflow/example_dags/example_sla_dag.py
[2024-08-29T20:34:24.534+0000] {processor.py:836} INFO - DAG(s) dict_keys(['example_sla_dag']) retrieved from /home/airflow-vm/data-engineer-batch-processing-financial-services/.venv/lib/python3.10/site-packages/airflow/example_dags/example_sla_dag.py
[2024-08-29T20:34:24.550+0000] {logging_mixin.py:149} INFO - [2024-08-29T20:34:24.550+0000] {dag.py:2726} INFO - Sync 1 DAGs
[2024-08-29T20:34:24.572+0000] {logging_mixin.py:149} INFO - [2024-08-29T20:34:24.572+0000] {dag.py:3486} INFO - Setting next_dagrun for example_sla_dag to 2024-08-29T20:32:00+00:00, run_after=2024-08-29T20:34:00+00:00
[2024-08-29T20:34:24.598+0000] {processor.py:179} INFO - Processing /home/airflow-vm/data-engineer-batch-processing-financial-services/.venv/lib/python3.10/site-packages/airflow/example_dags/example_sla_dag.py took 0.075 seconds
[2024-08-29T20:35:38.462+0000] {processor.py:157} INFO - Started process (PID=68942) to work on /home/airflow-vm/data-engineer-batch-processing-financial-services/.venv/lib/python3.10/site-packages/airflow/example_dags/example_sla_dag.py
[2024-08-29T20:35:38.463+0000] {processor.py:826} INFO - Processing file /home/airflow-vm/data-engineer-batch-processing-financial-services/.venv/lib/python3.10/site-packages/airflow/example_dags/example_sla_dag.py for tasks to queue
[2024-08-29T20:35:38.464+0000] {logging_mixin.py:149} INFO - [2024-08-29T20:35:38.463+0000] {dagbag.py:541} INFO - Filling up the DagBag from /home/airflow-vm/data-engineer-batch-processing-financial-services/.venv/lib/python3.10/site-packages/airflow/example_dags/example_sla_dag.py
[2024-08-29T20:35:38.473+0000] {processor.py:836} INFO - DAG(s) dict_keys(['example_sla_dag']) retrieved from /home/airflow-vm/data-engineer-batch-processing-financial-services/.venv/lib/python3.10/site-packages/airflow/example_dags/example_sla_dag.py
[2024-08-29T20:35:38.491+0000] {logging_mixin.py:149} INFO - [2024-08-29T20:35:38.491+0000] {dag.py:2726} INFO - Sync 1 DAGs
[2024-08-29T20:35:38.513+0000] {logging_mixin.py:149} INFO - [2024-08-29T20:35:38.513+0000] {dag.py:3486} INFO - Setting next_dagrun for example_sla_dag to 2024-08-29T20:32:00+00:00, run_after=2024-08-29T20:34:00+00:00
[2024-08-29T20:35:38.540+0000] {processor.py:179} INFO - Processing /home/airflow-vm/data-engineer-batch-processing-financial-services/.venv/lib/python3.10/site-packages/airflow/example_dags/example_sla_dag.py took 0.080 seconds
[2024-08-29T20:37:31.699+0000] {processor.py:157} INFO - Started process (PID=70310) to work on /home/airflow-vm/data-engineer-batch-processing-financial-services/.venv/lib/python3.10/site-packages/airflow/example_dags/example_sla_dag.py
[2024-08-29T20:37:31.700+0000] {processor.py:826} INFO - Processing file /home/airflow-vm/data-engineer-batch-processing-financial-services/.venv/lib/python3.10/site-packages/airflow/example_dags/example_sla_dag.py for tasks to queue
[2024-08-29T20:37:31.701+0000] {logging_mixin.py:149} INFO - [2024-08-29T20:37:31.701+0000] {dagbag.py:541} INFO - Filling up the DagBag from /home/airflow-vm/data-engineer-batch-processing-financial-services/.venv/lib/python3.10/site-packages/airflow/example_dags/example_sla_dag.py
[2024-08-29T20:37:31.708+0000] {processor.py:836} INFO - DAG(s) dict_keys(['example_sla_dag']) retrieved from /home/airflow-vm/data-engineer-batch-processing-financial-services/.venv/lib/python3.10/site-packages/airflow/example_dags/example_sla_dag.py
[2024-08-29T20:37:31.724+0000] {logging_mixin.py:149} INFO - [2024-08-29T20:37:31.724+0000] {dag.py:2726} INFO - Sync 1 DAGs
[2024-08-29T20:37:31.746+0000] {logging_mixin.py:149} INFO - [2024-08-29T20:37:31.746+0000] {dag.py:3486} INFO - Setting next_dagrun for example_sla_dag to 2024-08-29T20:34:00+00:00, run_after=2024-08-29T20:36:00+00:00
[2024-08-29T20:37:31.775+0000] {processor.py:179} INFO - Processing /home/airflow-vm/data-engineer-batch-processing-financial-services/.venv/lib/python3.10/site-packages/airflow/example_dags/example_sla_dag.py took 0.078 seconds
[2024-08-29T20:38:56.786+0000] {processor.py:157} INFO - Started process (PID=71490) to work on /home/airflow-vm/data-engineer-batch-processing-financial-services/.venv/lib/python3.10/site-packages/airflow/example_dags/example_sla_dag.py
[2024-08-29T20:38:56.786+0000] {processor.py:826} INFO - Processing file /home/airflow-vm/data-engineer-batch-processing-financial-services/.venv/lib/python3.10/site-packages/airflow/example_dags/example_sla_dag.py for tasks to queue
[2024-08-29T20:38:56.787+0000] {logging_mixin.py:149} INFO - [2024-08-29T20:38:56.787+0000] {dagbag.py:541} INFO - Filling up the DagBag from /home/airflow-vm/data-engineer-batch-processing-financial-services/.venv/lib/python3.10/site-packages/airflow/example_dags/example_sla_dag.py
[2024-08-29T20:38:56.795+0000] {processor.py:836} INFO - DAG(s) dict_keys(['example_sla_dag']) retrieved from /home/airflow-vm/data-engineer-batch-processing-financial-services/.venv/lib/python3.10/site-packages/airflow/example_dags/example_sla_dag.py
[2024-08-29T20:38:56.811+0000] {logging_mixin.py:149} INFO - [2024-08-29T20:38:56.811+0000] {dag.py:2726} INFO - Sync 1 DAGs
[2024-08-29T20:38:56.833+0000] {logging_mixin.py:149} INFO - [2024-08-29T20:38:56.833+0000] {dag.py:3486} INFO - Setting next_dagrun for example_sla_dag to 2024-08-29T20:36:00+00:00, run_after=2024-08-29T20:38:00+00:00
[2024-08-29T20:38:56.861+0000] {processor.py:179} INFO - Processing /home/airflow-vm/data-engineer-batch-processing-financial-services/.venv/lib/python3.10/site-packages/airflow/example_dags/example_sla_dag.py took 0.078 seconds
