[2024-08-29T19:48:20.941+0000] {processor.py:157} INFO - Started process (PID=49245) to work on /home/airflow-vm/data-engineer-batch-processing-financial-services/.venv/lib/python3.10/site-packages/airflow/example_dags/example_branch_operator_decorator.py
[2024-08-29T19:48:20.941+0000] {processor.py:826} INFO - Processing file /home/airflow-vm/data-engineer-batch-processing-financial-services/.venv/lib/python3.10/site-packages/airflow/example_dags/example_branch_operator_decorator.py for tasks to queue
[2024-08-29T19:48:20.942+0000] {logging_mixin.py:149} INFO - [2024-08-29T19:48:20.942+0000] {dagbag.py:541} INFO - Filling up the DagBag from /home/airflow-vm/data-engineer-batch-processing-financial-services/.venv/lib/python3.10/site-packages/airflow/example_dags/example_branch_operator_decorator.py
[2024-08-29T19:48:20.951+0000] {processor.py:836} INFO - DAG(s) dict_keys(['example_branch_python_operator_decorator']) retrieved from /home/airflow-vm/data-engineer-batch-processing-financial-services/.venv/lib/python3.10/site-packages/airflow/example_dags/example_branch_operator_decorator.py
[2024-08-29T19:48:21.068+0000] {logging_mixin.py:149} INFO - [2024-08-29T19:48:21.068+0000] {manager.py:504} INFO - Created Permission View: can delete on DAG:example_branch_python_operator_decorator
[2024-08-29T19:48:21.093+0000] {logging_mixin.py:149} INFO - [2024-08-29T19:48:21.093+0000] {manager.py:504} INFO - Created Permission View: can edit on DAG:example_branch_python_operator_decorator
[2024-08-29T19:48:21.110+0000] {logging_mixin.py:149} INFO - [2024-08-29T19:48:21.110+0000] {manager.py:504} INFO - Created Permission View: can read on DAG:example_branch_python_operator_decorator
[2024-08-29T19:48:21.110+0000] {logging_mixin.py:149} INFO - [2024-08-29T19:48:21.110+0000] {dag.py:2726} INFO - Sync 1 DAGs
[2024-08-29T19:48:21.122+0000] {logging_mixin.py:149} INFO - [2024-08-29T19:48:21.122+0000] {dag.py:2747} INFO - Creating ORM DAG for example_branch_python_operator_decorator
[2024-08-29T19:48:21.132+0000] {logging_mixin.py:149} INFO - [2024-08-29T19:48:21.132+0000] {dag.py:3486} INFO - Setting next_dagrun for example_branch_python_operator_decorator to 2024-08-28T00:00:00+00:00, run_after=2024-08-29T00:00:00+00:00
[2024-08-29T19:48:21.162+0000] {processor.py:179} INFO - Processing /home/airflow-vm/data-engineer-batch-processing-financial-services/.venv/lib/python3.10/site-packages/airflow/example_dags/example_branch_operator_decorator.py took 0.224 seconds
[2024-08-29T19:49:15.594+0000] {processor.py:157} INFO - Started process (PID=49616) to work on /home/airflow-vm/data-engineer-batch-processing-financial-services/.venv/lib/python3.10/site-packages/airflow/example_dags/example_branch_operator_decorator.py
[2024-08-29T19:49:15.595+0000] {processor.py:826} INFO - Processing file /home/airflow-vm/data-engineer-batch-processing-financial-services/.venv/lib/python3.10/site-packages/airflow/example_dags/example_branch_operator_decorator.py for tasks to queue
[2024-08-29T19:49:15.596+0000] {logging_mixin.py:149} INFO - [2024-08-29T19:49:15.595+0000] {dagbag.py:541} INFO - Filling up the DagBag from /home/airflow-vm/data-engineer-batch-processing-financial-services/.venv/lib/python3.10/site-packages/airflow/example_dags/example_branch_operator_decorator.py
[2024-08-29T19:49:15.605+0000] {processor.py:836} INFO - DAG(s) dict_keys(['example_branch_python_operator_decorator']) retrieved from /home/airflow-vm/data-engineer-batch-processing-financial-services/.venv/lib/python3.10/site-packages/airflow/example_dags/example_branch_operator_decorator.py
[2024-08-29T19:49:15.624+0000] {logging_mixin.py:149} INFO - [2024-08-29T19:49:15.624+0000] {dag.py:2726} INFO - Sync 1 DAGs
[2024-08-29T19:49:15.644+0000] {logging_mixin.py:149} INFO - [2024-08-29T19:49:15.644+0000] {dag.py:3486} INFO - Setting next_dagrun for example_branch_python_operator_decorator to 2024-08-28T00:00:00+00:00, run_after=2024-08-29T00:00:00+00:00
[2024-08-29T19:49:15.679+0000] {processor.py:179} INFO - Processing /home/airflow-vm/data-engineer-batch-processing-financial-services/.venv/lib/python3.10/site-packages/airflow/example_dags/example_branch_operator_decorator.py took 0.088 seconds
[2024-08-29T19:50:04.276+0000] {processor.py:157} INFO - Started process (PID=49744) to work on /home/airflow-vm/data-engineer-batch-processing-financial-services/.venv/lib/python3.10/site-packages/airflow/example_dags/example_branch_operator_decorator.py
[2024-08-29T19:50:04.277+0000] {processor.py:826} INFO - Processing file /home/airflow-vm/data-engineer-batch-processing-financial-services/.venv/lib/python3.10/site-packages/airflow/example_dags/example_branch_operator_decorator.py for tasks to queue
[2024-08-29T19:50:04.277+0000] {logging_mixin.py:149} INFO - [2024-08-29T19:50:04.277+0000] {dagbag.py:541} INFO - Filling up the DagBag from /home/airflow-vm/data-engineer-batch-processing-financial-services/.venv/lib/python3.10/site-packages/airflow/example_dags/example_branch_operator_decorator.py
[2024-08-29T19:50:04.287+0000] {processor.py:836} INFO - DAG(s) dict_keys(['example_branch_python_operator_decorator']) retrieved from /home/airflow-vm/data-engineer-batch-processing-financial-services/.venv/lib/python3.10/site-packages/airflow/example_dags/example_branch_operator_decorator.py
[2024-08-29T19:50:04.308+0000] {logging_mixin.py:149} INFO - [2024-08-29T19:50:04.307+0000] {dag.py:2726} INFO - Sync 1 DAGs
[2024-08-29T19:50:04.328+0000] {logging_mixin.py:149} INFO - [2024-08-29T19:50:04.328+0000] {dag.py:3486} INFO - Setting next_dagrun for example_branch_python_operator_decorator to 2024-08-28T00:00:00+00:00, run_after=2024-08-29T00:00:00+00:00
[2024-08-29T19:50:04.357+0000] {processor.py:179} INFO - Processing /home/airflow-vm/data-engineer-batch-processing-financial-services/.venv/lib/python3.10/site-packages/airflow/example_dags/example_branch_operator_decorator.py took 0.084 seconds
[2024-08-29T19:50:51.883+0000] {processor.py:157} INFO - Started process (PID=50329) to work on /home/airflow-vm/data-engineer-batch-processing-financial-services/.venv/lib/python3.10/site-packages/airflow/example_dags/example_branch_operator_decorator.py
[2024-08-29T19:50:51.883+0000] {processor.py:826} INFO - Processing file /home/airflow-vm/data-engineer-batch-processing-financial-services/.venv/lib/python3.10/site-packages/airflow/example_dags/example_branch_operator_decorator.py for tasks to queue
[2024-08-29T19:50:51.884+0000] {logging_mixin.py:149} INFO - [2024-08-29T19:50:51.884+0000] {dagbag.py:541} INFO - Filling up the DagBag from /home/airflow-vm/data-engineer-batch-processing-financial-services/.venv/lib/python3.10/site-packages/airflow/example_dags/example_branch_operator_decorator.py
[2024-08-29T19:50:51.893+0000] {processor.py:836} INFO - DAG(s) dict_keys(['example_branch_python_operator_decorator']) retrieved from /home/airflow-vm/data-engineer-batch-processing-financial-services/.venv/lib/python3.10/site-packages/airflow/example_dags/example_branch_operator_decorator.py
[2024-08-29T19:50:51.912+0000] {logging_mixin.py:149} INFO - [2024-08-29T19:50:51.912+0000] {dag.py:2726} INFO - Sync 1 DAGs
[2024-08-29T19:50:51.933+0000] {logging_mixin.py:149} INFO - [2024-08-29T19:50:51.933+0000] {dag.py:3486} INFO - Setting next_dagrun for example_branch_python_operator_decorator to 2024-08-28T00:00:00+00:00, run_after=2024-08-29T00:00:00+00:00
[2024-08-29T19:50:51.962+0000] {processor.py:179} INFO - Processing /home/airflow-vm/data-engineer-batch-processing-financial-services/.venv/lib/python3.10/site-packages/airflow/example_dags/example_branch_operator_decorator.py took 0.081 seconds
[2024-08-29T19:51:39.933+0000] {processor.py:157} INFO - Started process (PID=50773) to work on /home/airflow-vm/data-engineer-batch-processing-financial-services/.venv/lib/python3.10/site-packages/airflow/example_dags/example_branch_operator_decorator.py
[2024-08-29T19:51:39.934+0000] {processor.py:826} INFO - Processing file /home/airflow-vm/data-engineer-batch-processing-financial-services/.venv/lib/python3.10/site-packages/airflow/example_dags/example_branch_operator_decorator.py for tasks to queue
[2024-08-29T19:51:39.935+0000] {logging_mixin.py:149} INFO - [2024-08-29T19:51:39.935+0000] {dagbag.py:541} INFO - Filling up the DagBag from /home/airflow-vm/data-engineer-batch-processing-financial-services/.venv/lib/python3.10/site-packages/airflow/example_dags/example_branch_operator_decorator.py
[2024-08-29T19:51:39.945+0000] {processor.py:836} INFO - DAG(s) dict_keys(['example_branch_python_operator_decorator']) retrieved from /home/airflow-vm/data-engineer-batch-processing-financial-services/.venv/lib/python3.10/site-packages/airflow/example_dags/example_branch_operator_decorator.py
[2024-08-29T19:51:39.966+0000] {logging_mixin.py:149} INFO - [2024-08-29T19:51:39.965+0000] {dag.py:2726} INFO - Sync 1 DAGs
[2024-08-29T19:51:39.988+0000] {logging_mixin.py:149} INFO - [2024-08-29T19:51:39.988+0000] {dag.py:3486} INFO - Setting next_dagrun for example_branch_python_operator_decorator to 2024-08-28T00:00:00+00:00, run_after=2024-08-29T00:00:00+00:00
[2024-08-29T19:51:40.019+0000] {processor.py:179} INFO - Processing /home/airflow-vm/data-engineer-batch-processing-financial-services/.venv/lib/python3.10/site-packages/airflow/example_dags/example_branch_operator_decorator.py took 0.088 seconds
[2024-08-29T19:52:28.366+0000] {processor.py:157} INFO - Started process (PID=50924) to work on /home/airflow-vm/data-engineer-batch-processing-financial-services/.venv/lib/python3.10/site-packages/airflow/example_dags/example_branch_operator_decorator.py
[2024-08-29T19:52:28.367+0000] {processor.py:826} INFO - Processing file /home/airflow-vm/data-engineer-batch-processing-financial-services/.venv/lib/python3.10/site-packages/airflow/example_dags/example_branch_operator_decorator.py for tasks to queue
[2024-08-29T19:52:28.367+0000] {logging_mixin.py:149} INFO - [2024-08-29T19:52:28.367+0000] {dagbag.py:541} INFO - Filling up the DagBag from /home/airflow-vm/data-engineer-batch-processing-financial-services/.venv/lib/python3.10/site-packages/airflow/example_dags/example_branch_operator_decorator.py
[2024-08-29T19:52:28.377+0000] {processor.py:836} INFO - DAG(s) dict_keys(['example_branch_python_operator_decorator']) retrieved from /home/airflow-vm/data-engineer-batch-processing-financial-services/.venv/lib/python3.10/site-packages/airflow/example_dags/example_branch_operator_decorator.py
[2024-08-29T19:52:28.398+0000] {logging_mixin.py:149} INFO - [2024-08-29T19:52:28.398+0000] {dag.py:2726} INFO - Sync 1 DAGs
[2024-08-29T19:52:28.420+0000] {logging_mixin.py:149} INFO - [2024-08-29T19:52:28.420+0000] {dag.py:3486} INFO - Setting next_dagrun for example_branch_python_operator_decorator to 2024-08-28T00:00:00+00:00, run_after=2024-08-29T00:00:00+00:00
[2024-08-29T19:52:28.449+0000] {processor.py:179} INFO - Processing /home/airflow-vm/data-engineer-batch-processing-financial-services/.venv/lib/python3.10/site-packages/airflow/example_dags/example_branch_operator_decorator.py took 0.085 seconds
[2024-08-29T19:53:13.518+0000] {processor.py:157} INFO - Started process (PID=51035) to work on /home/airflow-vm/data-engineer-batch-processing-financial-services/.venv/lib/python3.10/site-packages/airflow/example_dags/example_branch_operator_decorator.py
[2024-08-29T19:53:13.519+0000] {processor.py:826} INFO - Processing file /home/airflow-vm/data-engineer-batch-processing-financial-services/.venv/lib/python3.10/site-packages/airflow/example_dags/example_branch_operator_decorator.py for tasks to queue
[2024-08-29T19:53:13.520+0000] {logging_mixin.py:149} INFO - [2024-08-29T19:53:13.520+0000] {dagbag.py:541} INFO - Filling up the DagBag from /home/airflow-vm/data-engineer-batch-processing-financial-services/.venv/lib/python3.10/site-packages/airflow/example_dags/example_branch_operator_decorator.py
[2024-08-29T19:53:13.529+0000] {processor.py:836} INFO - DAG(s) dict_keys(['example_branch_python_operator_decorator']) retrieved from /home/airflow-vm/data-engineer-batch-processing-financial-services/.venv/lib/python3.10/site-packages/airflow/example_dags/example_branch_operator_decorator.py
[2024-08-29T19:53:13.548+0000] {logging_mixin.py:149} INFO - [2024-08-29T19:53:13.548+0000] {dag.py:2726} INFO - Sync 1 DAGs
[2024-08-29T19:53:13.568+0000] {logging_mixin.py:149} INFO - [2024-08-29T19:53:13.568+0000] {dag.py:3486} INFO - Setting next_dagrun for example_branch_python_operator_decorator to 2024-08-28T00:00:00+00:00, run_after=2024-08-29T00:00:00+00:00
[2024-08-29T19:53:13.595+0000] {processor.py:179} INFO - Processing /home/airflow-vm/data-engineer-batch-processing-financial-services/.venv/lib/python3.10/site-packages/airflow/example_dags/example_branch_operator_decorator.py took 0.079 seconds
[2024-08-29T19:53:57.833+0000] {processor.py:157} INFO - Started process (PID=51178) to work on /home/airflow-vm/data-engineer-batch-processing-financial-services/.venv/lib/python3.10/site-packages/airflow/example_dags/example_branch_operator_decorator.py
[2024-08-29T19:53:57.834+0000] {processor.py:826} INFO - Processing file /home/airflow-vm/data-engineer-batch-processing-financial-services/.venv/lib/python3.10/site-packages/airflow/example_dags/example_branch_operator_decorator.py for tasks to queue
[2024-08-29T19:53:57.835+0000] {logging_mixin.py:149} INFO - [2024-08-29T19:53:57.834+0000] {dagbag.py:541} INFO - Filling up the DagBag from /home/airflow-vm/data-engineer-batch-processing-financial-services/.venv/lib/python3.10/site-packages/airflow/example_dags/example_branch_operator_decorator.py
[2024-08-29T19:53:57.844+0000] {processor.py:836} INFO - DAG(s) dict_keys(['example_branch_python_operator_decorator']) retrieved from /home/airflow-vm/data-engineer-batch-processing-financial-services/.venv/lib/python3.10/site-packages/airflow/example_dags/example_branch_operator_decorator.py
[2024-08-29T19:53:57.863+0000] {logging_mixin.py:149} INFO - [2024-08-29T19:53:57.863+0000] {dag.py:2726} INFO - Sync 1 DAGs
[2024-08-29T19:53:57.883+0000] {logging_mixin.py:149} INFO - [2024-08-29T19:53:57.882+0000] {dag.py:3486} INFO - Setting next_dagrun for example_branch_python_operator_decorator to 2024-08-28T00:00:00+00:00, run_after=2024-08-29T00:00:00+00:00
[2024-08-29T19:53:57.912+0000] {processor.py:179} INFO - Processing /home/airflow-vm/data-engineer-batch-processing-financial-services/.venv/lib/python3.10/site-packages/airflow/example_dags/example_branch_operator_decorator.py took 0.081 seconds
[2024-08-29T19:54:46.357+0000] {processor.py:157} INFO - Started process (PID=51385) to work on /home/airflow-vm/data-engineer-batch-processing-financial-services/.venv/lib/python3.10/site-packages/airflow/example_dags/example_branch_operator_decorator.py
[2024-08-29T19:54:46.357+0000] {processor.py:826} INFO - Processing file /home/airflow-vm/data-engineer-batch-processing-financial-services/.venv/lib/python3.10/site-packages/airflow/example_dags/example_branch_operator_decorator.py for tasks to queue
[2024-08-29T19:54:46.358+0000] {logging_mixin.py:149} INFO - [2024-08-29T19:54:46.358+0000] {dagbag.py:541} INFO - Filling up the DagBag from /home/airflow-vm/data-engineer-batch-processing-financial-services/.venv/lib/python3.10/site-packages/airflow/example_dags/example_branch_operator_decorator.py
[2024-08-29T19:54:46.367+0000] {processor.py:836} INFO - DAG(s) dict_keys(['example_branch_python_operator_decorator']) retrieved from /home/airflow-vm/data-engineer-batch-processing-financial-services/.venv/lib/python3.10/site-packages/airflow/example_dags/example_branch_operator_decorator.py
[2024-08-29T19:54:46.386+0000] {logging_mixin.py:149} INFO - [2024-08-29T19:54:46.386+0000] {dag.py:2726} INFO - Sync 1 DAGs
[2024-08-29T19:54:46.406+0000] {logging_mixin.py:149} INFO - [2024-08-29T19:54:46.406+0000] {dag.py:3486} INFO - Setting next_dagrun for example_branch_python_operator_decorator to 2024-08-28T00:00:00+00:00, run_after=2024-08-29T00:00:00+00:00
[2024-08-29T19:54:46.436+0000] {processor.py:179} INFO - Processing /home/airflow-vm/data-engineer-batch-processing-financial-services/.venv/lib/python3.10/site-packages/airflow/example_dags/example_branch_operator_decorator.py took 0.082 seconds
[2024-08-29T19:55:34.503+0000] {processor.py:157} INFO - Started process (PID=51750) to work on /home/airflow-vm/data-engineer-batch-processing-financial-services/.venv/lib/python3.10/site-packages/airflow/example_dags/example_branch_operator_decorator.py
[2024-08-29T19:55:34.504+0000] {processor.py:826} INFO - Processing file /home/airflow-vm/data-engineer-batch-processing-financial-services/.venv/lib/python3.10/site-packages/airflow/example_dags/example_branch_operator_decorator.py for tasks to queue
[2024-08-29T19:55:34.505+0000] {logging_mixin.py:149} INFO - [2024-08-29T19:55:34.505+0000] {dagbag.py:541} INFO - Filling up the DagBag from /home/airflow-vm/data-engineer-batch-processing-financial-services/.venv/lib/python3.10/site-packages/airflow/example_dags/example_branch_operator_decorator.py
[2024-08-29T19:55:34.514+0000] {processor.py:836} INFO - DAG(s) dict_keys(['example_branch_python_operator_decorator']) retrieved from /home/airflow-vm/data-engineer-batch-processing-financial-services/.venv/lib/python3.10/site-packages/airflow/example_dags/example_branch_operator_decorator.py
[2024-08-29T19:55:34.535+0000] {logging_mixin.py:149} INFO - [2024-08-29T19:55:34.535+0000] {dag.py:2726} INFO - Sync 1 DAGs
[2024-08-29T19:55:34.557+0000] {logging_mixin.py:149} INFO - [2024-08-29T19:55:34.556+0000] {dag.py:3486} INFO - Setting next_dagrun for example_branch_python_operator_decorator to 2024-08-28T00:00:00+00:00, run_after=2024-08-29T00:00:00+00:00
[2024-08-29T19:55:34.586+0000] {processor.py:179} INFO - Processing /home/airflow-vm/data-engineer-batch-processing-financial-services/.venv/lib/python3.10/site-packages/airflow/example_dags/example_branch_operator_decorator.py took 0.085 seconds
[2024-08-29T20:12:10.609+0000] {processor.py:157} INFO - Started process (PID=56513) to work on /home/airflow-vm/data-engineer-batch-processing-financial-services/.venv/lib/python3.10/site-packages/airflow/example_dags/example_branch_operator_decorator.py
[2024-08-29T20:12:10.611+0000] {processor.py:826} INFO - Processing file /home/airflow-vm/data-engineer-batch-processing-financial-services/.venv/lib/python3.10/site-packages/airflow/example_dags/example_branch_operator_decorator.py for tasks to queue
[2024-08-29T20:12:10.612+0000] {logging_mixin.py:149} INFO - [2024-08-29T20:12:10.611+0000] {dagbag.py:541} INFO - Filling up the DagBag from /home/airflow-vm/data-engineer-batch-processing-financial-services/.venv/lib/python3.10/site-packages/airflow/example_dags/example_branch_operator_decorator.py
[2024-08-29T20:12:10.621+0000] {processor.py:836} INFO - DAG(s) dict_keys(['example_branch_python_operator_decorator']) retrieved from /home/airflow-vm/data-engineer-batch-processing-financial-services/.venv/lib/python3.10/site-packages/airflow/example_dags/example_branch_operator_decorator.py
[2024-08-29T20:12:10.640+0000] {logging_mixin.py:149} INFO - [2024-08-29T20:12:10.640+0000] {dag.py:2726} INFO - Sync 1 DAGs
[2024-08-29T20:12:10.661+0000] {logging_mixin.py:149} INFO - [2024-08-29T20:12:10.661+0000] {dag.py:3486} INFO - Setting next_dagrun for example_branch_python_operator_decorator to 2024-08-28T00:00:00+00:00, run_after=2024-08-29T00:00:00+00:00
[2024-08-29T20:12:10.691+0000] {processor.py:179} INFO - Processing /home/airflow-vm/data-engineer-batch-processing-financial-services/.venv/lib/python3.10/site-packages/airflow/example_dags/example_branch_operator_decorator.py took 0.085 seconds
[2024-08-29T20:12:55.810+0000] {processor.py:157} INFO - Started process (PID=56835) to work on /home/airflow-vm/data-engineer-batch-processing-financial-services/.venv/lib/python3.10/site-packages/airflow/example_dags/example_branch_operator_decorator.py
[2024-08-29T20:12:55.812+0000] {processor.py:826} INFO - Processing file /home/airflow-vm/data-engineer-batch-processing-financial-services/.venv/lib/python3.10/site-packages/airflow/example_dags/example_branch_operator_decorator.py for tasks to queue
[2024-08-29T20:12:55.812+0000] {logging_mixin.py:149} INFO - [2024-08-29T20:12:55.812+0000] {dagbag.py:541} INFO - Filling up the DagBag from /home/airflow-vm/data-engineer-batch-processing-financial-services/.venv/lib/python3.10/site-packages/airflow/example_dags/example_branch_operator_decorator.py
[2024-08-29T20:12:55.822+0000] {processor.py:836} INFO - DAG(s) dict_keys(['example_branch_python_operator_decorator']) retrieved from /home/airflow-vm/data-engineer-batch-processing-financial-services/.venv/lib/python3.10/site-packages/airflow/example_dags/example_branch_operator_decorator.py
[2024-08-29T20:12:55.842+0000] {logging_mixin.py:149} INFO - [2024-08-29T20:12:55.842+0000] {dag.py:2726} INFO - Sync 1 DAGs
[2024-08-29T20:12:55.862+0000] {logging_mixin.py:149} INFO - [2024-08-29T20:12:55.862+0000] {dag.py:3486} INFO - Setting next_dagrun for example_branch_python_operator_decorator to 2024-08-28T00:00:00+00:00, run_after=2024-08-29T00:00:00+00:00
[2024-08-29T20:12:55.894+0000] {processor.py:179} INFO - Processing /home/airflow-vm/data-engineer-batch-processing-financial-services/.venv/lib/python3.10/site-packages/airflow/example_dags/example_branch_operator_decorator.py took 0.086 seconds
[2024-08-29T20:15:37.313+0000] {processor.py:157} INFO - Started process (PID=57797) to work on /home/airflow-vm/data-engineer-batch-processing-financial-services/.venv/lib/python3.10/site-packages/airflow/example_dags/example_branch_operator_decorator.py
[2024-08-29T20:15:37.313+0000] {processor.py:826} INFO - Processing file /home/airflow-vm/data-engineer-batch-processing-financial-services/.venv/lib/python3.10/site-packages/airflow/example_dags/example_branch_operator_decorator.py for tasks to queue
[2024-08-29T20:15:37.314+0000] {logging_mixin.py:149} INFO - [2024-08-29T20:15:37.314+0000] {dagbag.py:541} INFO - Filling up the DagBag from /home/airflow-vm/data-engineer-batch-processing-financial-services/.venv/lib/python3.10/site-packages/airflow/example_dags/example_branch_operator_decorator.py
[2024-08-29T20:15:37.323+0000] {processor.py:836} INFO - DAG(s) dict_keys(['example_branch_python_operator_decorator']) retrieved from /home/airflow-vm/data-engineer-batch-processing-financial-services/.venv/lib/python3.10/site-packages/airflow/example_dags/example_branch_operator_decorator.py
[2024-08-29T20:15:37.344+0000] {logging_mixin.py:149} INFO - [2024-08-29T20:15:37.343+0000] {dag.py:2726} INFO - Sync 1 DAGs
[2024-08-29T20:15:37.364+0000] {logging_mixin.py:149} INFO - [2024-08-29T20:15:37.364+0000] {dag.py:3486} INFO - Setting next_dagrun for example_branch_python_operator_decorator to 2024-08-28T00:00:00+00:00, run_after=2024-08-29T00:00:00+00:00
[2024-08-29T20:15:37.393+0000] {processor.py:179} INFO - Processing /home/airflow-vm/data-engineer-batch-processing-financial-services/.venv/lib/python3.10/site-packages/airflow/example_dags/example_branch_operator_decorator.py took 0.083 seconds
[2024-08-29T20:16:27.116+0000] {processor.py:157} INFO - Started process (PID=58214) to work on /home/airflow-vm/data-engineer-batch-processing-financial-services/.venv/lib/python3.10/site-packages/airflow/example_dags/example_branch_operator_decorator.py
[2024-08-29T20:16:27.116+0000] {processor.py:826} INFO - Processing file /home/airflow-vm/data-engineer-batch-processing-financial-services/.venv/lib/python3.10/site-packages/airflow/example_dags/example_branch_operator_decorator.py for tasks to queue
[2024-08-29T20:16:27.117+0000] {logging_mixin.py:149} INFO - [2024-08-29T20:16:27.117+0000] {dagbag.py:541} INFO - Filling up the DagBag from /home/airflow-vm/data-engineer-batch-processing-financial-services/.venv/lib/python3.10/site-packages/airflow/example_dags/example_branch_operator_decorator.py
[2024-08-29T20:16:27.126+0000] {processor.py:836} INFO - DAG(s) dict_keys(['example_branch_python_operator_decorator']) retrieved from /home/airflow-vm/data-engineer-batch-processing-financial-services/.venv/lib/python3.10/site-packages/airflow/example_dags/example_branch_operator_decorator.py
[2024-08-29T20:16:27.145+0000] {logging_mixin.py:149} INFO - [2024-08-29T20:16:27.145+0000] {dag.py:2726} INFO - Sync 1 DAGs
[2024-08-29T20:16:27.165+0000] {logging_mixin.py:149} INFO - [2024-08-29T20:16:27.165+0000] {dag.py:3486} INFO - Setting next_dagrun for example_branch_python_operator_decorator to 2024-08-28T00:00:00+00:00, run_after=2024-08-29T00:00:00+00:00
[2024-08-29T20:16:27.198+0000] {processor.py:179} INFO - Processing /home/airflow-vm/data-engineer-batch-processing-financial-services/.venv/lib/python3.10/site-packages/airflow/example_dags/example_branch_operator_decorator.py took 0.085 seconds
[2024-08-29T20:25:09.692+0000] {processor.py:157} INFO - Started process (PID=61819) to work on /home/airflow-vm/data-engineer-batch-processing-financial-services/.venv/lib/python3.10/site-packages/airflow/example_dags/example_branch_operator_decorator.py
[2024-08-29T20:25:09.693+0000] {processor.py:826} INFO - Processing file /home/airflow-vm/data-engineer-batch-processing-financial-services/.venv/lib/python3.10/site-packages/airflow/example_dags/example_branch_operator_decorator.py for tasks to queue
[2024-08-29T20:25:09.693+0000] {logging_mixin.py:149} INFO - [2024-08-29T20:25:09.693+0000] {dagbag.py:541} INFO - Filling up the DagBag from /home/airflow-vm/data-engineer-batch-processing-financial-services/.venv/lib/python3.10/site-packages/airflow/example_dags/example_branch_operator_decorator.py
[2024-08-29T20:25:09.703+0000] {processor.py:836} INFO - DAG(s) dict_keys(['example_branch_python_operator_decorator']) retrieved from /home/airflow-vm/data-engineer-batch-processing-financial-services/.venv/lib/python3.10/site-packages/airflow/example_dags/example_branch_operator_decorator.py
[2024-08-29T20:25:09.723+0000] {logging_mixin.py:149} INFO - [2024-08-29T20:25:09.723+0000] {dag.py:2726} INFO - Sync 1 DAGs
[2024-08-29T20:25:09.743+0000] {logging_mixin.py:149} INFO - [2024-08-29T20:25:09.743+0000] {dag.py:3486} INFO - Setting next_dagrun for example_branch_python_operator_decorator to 2024-08-28T00:00:00+00:00, run_after=2024-08-29T00:00:00+00:00
[2024-08-29T20:25:09.773+0000] {processor.py:179} INFO - Processing /home/airflow-vm/data-engineer-batch-processing-financial-services/.venv/lib/python3.10/site-packages/airflow/example_dags/example_branch_operator_decorator.py took 0.083 seconds
[2024-08-29T20:27:06.307+0000] {processor.py:157} INFO - Started process (PID=63293) to work on /home/airflow-vm/data-engineer-batch-processing-financial-services/.venv/lib/python3.10/site-packages/airflow/example_dags/example_branch_operator_decorator.py
[2024-08-29T20:27:06.308+0000] {processor.py:826} INFO - Processing file /home/airflow-vm/data-engineer-batch-processing-financial-services/.venv/lib/python3.10/site-packages/airflow/example_dags/example_branch_operator_decorator.py for tasks to queue
[2024-08-29T20:27:06.309+0000] {logging_mixin.py:149} INFO - [2024-08-29T20:27:06.309+0000] {dagbag.py:541} INFO - Filling up the DagBag from /home/airflow-vm/data-engineer-batch-processing-financial-services/.venv/lib/python3.10/site-packages/airflow/example_dags/example_branch_operator_decorator.py
[2024-08-29T20:27:06.318+0000] {processor.py:836} INFO - DAG(s) dict_keys(['example_branch_python_operator_decorator']) retrieved from /home/airflow-vm/data-engineer-batch-processing-financial-services/.venv/lib/python3.10/site-packages/airflow/example_dags/example_branch_operator_decorator.py
[2024-08-29T20:27:06.339+0000] {logging_mixin.py:149} INFO - [2024-08-29T20:27:06.339+0000] {dag.py:2726} INFO - Sync 1 DAGs
[2024-08-29T20:27:06.360+0000] {logging_mixin.py:149} INFO - [2024-08-29T20:27:06.359+0000] {dag.py:3486} INFO - Setting next_dagrun for example_branch_python_operator_decorator to 2024-08-28T00:00:00+00:00, run_after=2024-08-29T00:00:00+00:00
[2024-08-29T20:27:06.387+0000] {processor.py:179} INFO - Processing /home/airflow-vm/data-engineer-batch-processing-financial-services/.venv/lib/python3.10/site-packages/airflow/example_dags/example_branch_operator_decorator.py took 0.082 seconds
[2024-08-29T20:27:49.306+0000] {processor.py:157} INFO - Started process (PID=63543) to work on /home/airflow-vm/data-engineer-batch-processing-financial-services/.venv/lib/python3.10/site-packages/airflow/example_dags/example_branch_operator_decorator.py
[2024-08-29T20:27:49.307+0000] {processor.py:826} INFO - Processing file /home/airflow-vm/data-engineer-batch-processing-financial-services/.venv/lib/python3.10/site-packages/airflow/example_dags/example_branch_operator_decorator.py for tasks to queue
[2024-08-29T20:27:49.308+0000] {logging_mixin.py:149} INFO - [2024-08-29T20:27:49.308+0000] {dagbag.py:541} INFO - Filling up the DagBag from /home/airflow-vm/data-engineer-batch-processing-financial-services/.venv/lib/python3.10/site-packages/airflow/example_dags/example_branch_operator_decorator.py
[2024-08-29T20:27:49.317+0000] {processor.py:836} INFO - DAG(s) dict_keys(['example_branch_python_operator_decorator']) retrieved from /home/airflow-vm/data-engineer-batch-processing-financial-services/.venv/lib/python3.10/site-packages/airflow/example_dags/example_branch_operator_decorator.py
[2024-08-29T20:27:49.336+0000] {logging_mixin.py:149} INFO - [2024-08-29T20:27:49.336+0000] {dag.py:2726} INFO - Sync 1 DAGs
[2024-08-29T20:27:49.356+0000] {logging_mixin.py:149} INFO - [2024-08-29T20:27:49.356+0000] {dag.py:3486} INFO - Setting next_dagrun for example_branch_python_operator_decorator to 2024-08-28T00:00:00+00:00, run_after=2024-08-29T00:00:00+00:00
[2024-08-29T20:27:49.382+0000] {processor.py:179} INFO - Processing /home/airflow-vm/data-engineer-batch-processing-financial-services/.venv/lib/python3.10/site-packages/airflow/example_dags/example_branch_operator_decorator.py took 0.078 seconds
[2024-08-29T20:28:35.222+0000] {processor.py:157} INFO - Started process (PID=63780) to work on /home/airflow-vm/data-engineer-batch-processing-financial-services/.venv/lib/python3.10/site-packages/airflow/example_dags/example_branch_operator_decorator.py
[2024-08-29T20:28:35.223+0000] {processor.py:826} INFO - Processing file /home/airflow-vm/data-engineer-batch-processing-financial-services/.venv/lib/python3.10/site-packages/airflow/example_dags/example_branch_operator_decorator.py for tasks to queue
[2024-08-29T20:28:35.224+0000] {logging_mixin.py:149} INFO - [2024-08-29T20:28:35.224+0000] {dagbag.py:541} INFO - Filling up the DagBag from /home/airflow-vm/data-engineer-batch-processing-financial-services/.venv/lib/python3.10/site-packages/airflow/example_dags/example_branch_operator_decorator.py
[2024-08-29T20:28:35.233+0000] {processor.py:836} INFO - DAG(s) dict_keys(['example_branch_python_operator_decorator']) retrieved from /home/airflow-vm/data-engineer-batch-processing-financial-services/.venv/lib/python3.10/site-packages/airflow/example_dags/example_branch_operator_decorator.py
[2024-08-29T20:28:35.252+0000] {logging_mixin.py:149} INFO - [2024-08-29T20:28:35.252+0000] {dag.py:2726} INFO - Sync 1 DAGs
[2024-08-29T20:28:35.273+0000] {logging_mixin.py:149} INFO - [2024-08-29T20:28:35.273+0000] {dag.py:3486} INFO - Setting next_dagrun for example_branch_python_operator_decorator to 2024-08-28T00:00:00+00:00, run_after=2024-08-29T00:00:00+00:00
[2024-08-29T20:28:35.300+0000] {processor.py:179} INFO - Processing /home/airflow-vm/data-engineer-batch-processing-financial-services/.venv/lib/python3.10/site-packages/airflow/example_dags/example_branch_operator_decorator.py took 0.080 seconds
[2024-08-29T20:32:08.252+0000] {processor.py:157} INFO - Started process (PID=66285) to work on /home/airflow-vm/data-engineer-batch-processing-financial-services/.venv/lib/python3.10/site-packages/airflow/example_dags/example_branch_operator_decorator.py
[2024-08-29T20:32:08.253+0000] {processor.py:826} INFO - Processing file /home/airflow-vm/data-engineer-batch-processing-financial-services/.venv/lib/python3.10/site-packages/airflow/example_dags/example_branch_operator_decorator.py for tasks to queue
[2024-08-29T20:32:08.253+0000] {logging_mixin.py:149} INFO - [2024-08-29T20:32:08.253+0000] {dagbag.py:541} INFO - Filling up the DagBag from /home/airflow-vm/data-engineer-batch-processing-financial-services/.venv/lib/python3.10/site-packages/airflow/example_dags/example_branch_operator_decorator.py
[2024-08-29T20:32:08.262+0000] {processor.py:836} INFO - DAG(s) dict_keys(['example_branch_python_operator_decorator']) retrieved from /home/airflow-vm/data-engineer-batch-processing-financial-services/.venv/lib/python3.10/site-packages/airflow/example_dags/example_branch_operator_decorator.py
[2024-08-29T20:32:08.282+0000] {logging_mixin.py:149} INFO - [2024-08-29T20:32:08.282+0000] {dag.py:2726} INFO - Sync 1 DAGs
[2024-08-29T20:32:08.306+0000] {logging_mixin.py:149} INFO - [2024-08-29T20:32:08.305+0000] {dag.py:3486} INFO - Setting next_dagrun for example_branch_python_operator_decorator to 2024-08-28T00:00:00+00:00, run_after=2024-08-29T00:00:00+00:00
[2024-08-29T20:32:08.337+0000] {processor.py:179} INFO - Processing /home/airflow-vm/data-engineer-batch-processing-financial-services/.venv/lib/python3.10/site-packages/airflow/example_dags/example_branch_operator_decorator.py took 0.087 seconds
[2024-08-29T20:36:36.775+0000] {processor.py:157} INFO - Started process (PID=69628) to work on /home/airflow-vm/data-engineer-batch-processing-financial-services/.venv/lib/python3.10/site-packages/airflow/example_dags/example_branch_operator_decorator.py
[2024-08-29T20:36:36.776+0000] {processor.py:826} INFO - Processing file /home/airflow-vm/data-engineer-batch-processing-financial-services/.venv/lib/python3.10/site-packages/airflow/example_dags/example_branch_operator_decorator.py for tasks to queue
[2024-08-29T20:36:36.776+0000] {logging_mixin.py:149} INFO - [2024-08-29T20:36:36.776+0000] {dagbag.py:541} INFO - Filling up the DagBag from /home/airflow-vm/data-engineer-batch-processing-financial-services/.venv/lib/python3.10/site-packages/airflow/example_dags/example_branch_operator_decorator.py
[2024-08-29T20:36:36.786+0000] {processor.py:836} INFO - DAG(s) dict_keys(['example_branch_python_operator_decorator']) retrieved from /home/airflow-vm/data-engineer-batch-processing-financial-services/.venv/lib/python3.10/site-packages/airflow/example_dags/example_branch_operator_decorator.py
[2024-08-29T20:36:36.806+0000] {logging_mixin.py:149} INFO - [2024-08-29T20:36:36.806+0000] {dag.py:2726} INFO - Sync 1 DAGs
[2024-08-29T20:36:36.827+0000] {logging_mixin.py:149} INFO - [2024-08-29T20:36:36.827+0000] {dag.py:3486} INFO - Setting next_dagrun for example_branch_python_operator_decorator to 2024-08-28T00:00:00+00:00, run_after=2024-08-29T00:00:00+00:00
[2024-08-29T20:36:36.855+0000] {processor.py:179} INFO - Processing /home/airflow-vm/data-engineer-batch-processing-financial-services/.venv/lib/python3.10/site-packages/airflow/example_dags/example_branch_operator_decorator.py took 0.082 seconds
