[2024-08-29T19:48:11.707+0000] {processor.py:157} INFO - Started process (PID=49199) to work on /home/airflow-vm/data-engineer-batch-processing-financial-services/.venv/lib/python3.10/site-packages/airflow/example_dags/example_task_group.py
[2024-08-29T19:48:11.708+0000] {processor.py:826} INFO - Processing file /home/airflow-vm/data-engineer-batch-processing-financial-services/.venv/lib/python3.10/site-packages/airflow/example_dags/example_task_group.py for tasks to queue
[2024-08-29T19:48:11.708+0000] {logging_mixin.py:149} INFO - [2024-08-29T19:48:11.708+0000] {dagbag.py:541} INFO - Filling up the DagBag from /home/airflow-vm/data-engineer-batch-processing-financial-services/.venv/lib/python3.10/site-packages/airflow/example_dags/example_task_group.py
[2024-08-29T19:48:11.717+0000] {processor.py:836} INFO - DAG(s) dict_keys(['example_task_group']) retrieved from /home/airflow-vm/data-engineer-batch-processing-financial-services/.venv/lib/python3.10/site-packages/airflow/example_dags/example_task_group.py
[2024-08-29T19:48:11.829+0000] {logging_mixin.py:149} INFO - [2024-08-29T19:48:11.829+0000] {manager.py:504} INFO - Created Permission View: can delete on DAG:example_task_group
[2024-08-29T19:48:11.846+0000] {logging_mixin.py:149} INFO - [2024-08-29T19:48:11.846+0000] {manager.py:504} INFO - Created Permission View: can edit on DAG:example_task_group
[2024-08-29T19:48:11.867+0000] {logging_mixin.py:149} INFO - [2024-08-29T19:48:11.867+0000] {manager.py:504} INFO - Created Permission View: can read on DAG:example_task_group
[2024-08-29T19:48:11.867+0000] {logging_mixin.py:149} INFO - [2024-08-29T19:48:11.867+0000] {dag.py:2726} INFO - Sync 1 DAGs
[2024-08-29T19:48:11.878+0000] {logging_mixin.py:149} INFO - [2024-08-29T19:48:11.878+0000] {dag.py:2747} INFO - Creating ORM DAG for example_task_group
[2024-08-29T19:48:11.886+0000] {logging_mixin.py:149} INFO - [2024-08-29T19:48:11.886+0000] {dag.py:3486} INFO - Setting next_dagrun for example_task_group to 2024-08-28T19:48:11.886526+00:00, run_after=2024-08-29T19:48:11.886526+00:00
[2024-08-29T19:48:11.919+0000] {processor.py:179} INFO - Processing /home/airflow-vm/data-engineer-batch-processing-financial-services/.venv/lib/python3.10/site-packages/airflow/example_dags/example_task_group.py took 0.214 seconds
[2024-08-29T19:48:59.546+0000] {processor.py:157} INFO - Started process (PID=49521) to work on /home/airflow-vm/data-engineer-batch-processing-financial-services/.venv/lib/python3.10/site-packages/airflow/example_dags/example_task_group.py
[2024-08-29T19:48:59.547+0000] {processor.py:826} INFO - Processing file /home/airflow-vm/data-engineer-batch-processing-financial-services/.venv/lib/python3.10/site-packages/airflow/example_dags/example_task_group.py for tasks to queue
[2024-08-29T19:48:59.548+0000] {logging_mixin.py:149} INFO - [2024-08-29T19:48:59.548+0000] {dagbag.py:541} INFO - Filling up the DagBag from /home/airflow-vm/data-engineer-batch-processing-financial-services/.venv/lib/python3.10/site-packages/airflow/example_dags/example_task_group.py
[2024-08-29T19:48:59.556+0000] {processor.py:836} INFO - DAG(s) dict_keys(['example_task_group']) retrieved from /home/airflow-vm/data-engineer-batch-processing-financial-services/.venv/lib/python3.10/site-packages/airflow/example_dags/example_task_group.py
[2024-08-29T19:48:59.576+0000] {logging_mixin.py:149} INFO - [2024-08-29T19:48:59.575+0000] {dag.py:2726} INFO - Sync 1 DAGs
[2024-08-29T19:48:59.596+0000] {logging_mixin.py:149} INFO - [2024-08-29T19:48:59.595+0000] {dag.py:3486} INFO - Setting next_dagrun for example_task_group to 2024-08-28T19:48:59.595630+00:00, run_after=2024-08-29T19:48:59.595630+00:00
[2024-08-29T19:48:59.635+0000] {processor.py:179} INFO - Processing /home/airflow-vm/data-engineer-batch-processing-financial-services/.venv/lib/python3.10/site-packages/airflow/example_dags/example_task_group.py took 0.093 seconds
[2024-08-29T19:49:48.805+0000] {processor.py:157} INFO - Started process (PID=49729) to work on /home/airflow-vm/data-engineer-batch-processing-financial-services/.venv/lib/python3.10/site-packages/airflow/example_dags/example_task_group.py
[2024-08-29T19:49:48.806+0000] {processor.py:826} INFO - Processing file /home/airflow-vm/data-engineer-batch-processing-financial-services/.venv/lib/python3.10/site-packages/airflow/example_dags/example_task_group.py for tasks to queue
[2024-08-29T19:49:48.807+0000] {logging_mixin.py:149} INFO - [2024-08-29T19:49:48.806+0000] {dagbag.py:541} INFO - Filling up the DagBag from /home/airflow-vm/data-engineer-batch-processing-financial-services/.venv/lib/python3.10/site-packages/airflow/example_dags/example_task_group.py
[2024-08-29T19:49:48.814+0000] {processor.py:836} INFO - DAG(s) dict_keys(['example_task_group']) retrieved from /home/airflow-vm/data-engineer-batch-processing-financial-services/.venv/lib/python3.10/site-packages/airflow/example_dags/example_task_group.py
[2024-08-29T19:49:48.832+0000] {logging_mixin.py:149} INFO - [2024-08-29T19:49:48.832+0000] {dag.py:2726} INFO - Sync 1 DAGs
[2024-08-29T19:49:48.852+0000] {logging_mixin.py:149} INFO - [2024-08-29T19:49:48.851+0000] {dag.py:3486} INFO - Setting next_dagrun for example_task_group to 2024-08-28T19:49:48.851599+00:00, run_after=2024-08-29T19:49:48.851599+00:00
[2024-08-29T19:49:48.882+0000] {processor.py:179} INFO - Processing /home/airflow-vm/data-engineer-batch-processing-financial-services/.venv/lib/python3.10/site-packages/airflow/example_dags/example_task_group.py took 0.079 seconds
[2024-08-29T19:50:38.996+0000] {processor.py:157} INFO - Started process (PID=50015) to work on /home/airflow-vm/data-engineer-batch-processing-financial-services/.venv/lib/python3.10/site-packages/airflow/example_dags/example_task_group.py
[2024-08-29T19:50:38.996+0000] {processor.py:826} INFO - Processing file /home/airflow-vm/data-engineer-batch-processing-financial-services/.venv/lib/python3.10/site-packages/airflow/example_dags/example_task_group.py for tasks to queue
[2024-08-29T19:50:38.997+0000] {logging_mixin.py:149} INFO - [2024-08-29T19:50:38.997+0000] {dagbag.py:541} INFO - Filling up the DagBag from /home/airflow-vm/data-engineer-batch-processing-financial-services/.venv/lib/python3.10/site-packages/airflow/example_dags/example_task_group.py
[2024-08-29T19:50:39.004+0000] {processor.py:836} INFO - DAG(s) dict_keys(['example_task_group']) retrieved from /home/airflow-vm/data-engineer-batch-processing-financial-services/.venv/lib/python3.10/site-packages/airflow/example_dags/example_task_group.py
[2024-08-29T19:50:39.022+0000] {logging_mixin.py:149} INFO - [2024-08-29T19:50:39.022+0000] {dag.py:2726} INFO - Sync 1 DAGs
[2024-08-29T19:50:39.040+0000] {logging_mixin.py:149} INFO - [2024-08-29T19:50:39.040+0000] {dag.py:3486} INFO - Setting next_dagrun for example_task_group to 2024-08-28T19:50:39.039810+00:00, run_after=2024-08-29T19:50:39.039810+00:00
[2024-08-29T19:50:39.070+0000] {processor.py:179} INFO - Processing /home/airflow-vm/data-engineer-batch-processing-financial-services/.venv/lib/python3.10/site-packages/airflow/example_dags/example_task_group.py took 0.076 seconds
[2024-08-29T19:51:25.114+0000] {processor.py:157} INFO - Started process (PID=50683) to work on /home/airflow-vm/data-engineer-batch-processing-financial-services/.venv/lib/python3.10/site-packages/airflow/example_dags/example_task_group.py
[2024-08-29T19:51:25.115+0000] {processor.py:826} INFO - Processing file /home/airflow-vm/data-engineer-batch-processing-financial-services/.venv/lib/python3.10/site-packages/airflow/example_dags/example_task_group.py for tasks to queue
[2024-08-29T19:51:25.116+0000] {logging_mixin.py:149} INFO - [2024-08-29T19:51:25.116+0000] {dagbag.py:541} INFO - Filling up the DagBag from /home/airflow-vm/data-engineer-batch-processing-financial-services/.venv/lib/python3.10/site-packages/airflow/example_dags/example_task_group.py
[2024-08-29T19:51:25.123+0000] {processor.py:836} INFO - DAG(s) dict_keys(['example_task_group']) retrieved from /home/airflow-vm/data-engineer-batch-processing-financial-services/.venv/lib/python3.10/site-packages/airflow/example_dags/example_task_group.py
[2024-08-29T19:51:25.143+0000] {logging_mixin.py:149} INFO - [2024-08-29T19:51:25.143+0000] {dag.py:2726} INFO - Sync 1 DAGs
[2024-08-29T19:51:25.163+0000] {logging_mixin.py:149} INFO - [2024-08-29T19:51:25.162+0000] {dag.py:3486} INFO - Setting next_dagrun for example_task_group to 2024-08-28T19:51:25.162619+00:00, run_after=2024-08-29T19:51:25.162619+00:00
[2024-08-29T19:51:25.195+0000] {processor.py:179} INFO - Processing /home/airflow-vm/data-engineer-batch-processing-financial-services/.venv/lib/python3.10/site-packages/airflow/example_dags/example_task_group.py took 0.083 seconds
[2024-08-29T19:52:13.227+0000] {processor.py:157} INFO - Started process (PID=50908) to work on /home/airflow-vm/data-engineer-batch-processing-financial-services/.venv/lib/python3.10/site-packages/airflow/example_dags/example_task_group.py
[2024-08-29T19:52:13.228+0000] {processor.py:826} INFO - Processing file /home/airflow-vm/data-engineer-batch-processing-financial-services/.venv/lib/python3.10/site-packages/airflow/example_dags/example_task_group.py for tasks to queue
[2024-08-29T19:52:13.229+0000] {logging_mixin.py:149} INFO - [2024-08-29T19:52:13.228+0000] {dagbag.py:541} INFO - Filling up the DagBag from /home/airflow-vm/data-engineer-batch-processing-financial-services/.venv/lib/python3.10/site-packages/airflow/example_dags/example_task_group.py
[2024-08-29T19:52:13.236+0000] {processor.py:836} INFO - DAG(s) dict_keys(['example_task_group']) retrieved from /home/airflow-vm/data-engineer-batch-processing-financial-services/.venv/lib/python3.10/site-packages/airflow/example_dags/example_task_group.py
[2024-08-29T19:52:13.255+0000] {logging_mixin.py:149} INFO - [2024-08-29T19:52:13.255+0000] {dag.py:2726} INFO - Sync 1 DAGs
[2024-08-29T19:52:13.276+0000] {logging_mixin.py:149} INFO - [2024-08-29T19:52:13.276+0000] {dag.py:3486} INFO - Setting next_dagrun for example_task_group to 2024-08-28T19:52:13.275816+00:00, run_after=2024-08-29T19:52:13.275816+00:00
[2024-08-29T19:52:13.304+0000] {processor.py:179} INFO - Processing /home/airflow-vm/data-engineer-batch-processing-financial-services/.venv/lib/python3.10/site-packages/airflow/example_dags/example_task_group.py took 0.079 seconds
[2024-08-29T19:52:56.905+0000] {processor.py:157} INFO - Started process (PID=50998) to work on /home/airflow-vm/data-engineer-batch-processing-financial-services/.venv/lib/python3.10/site-packages/airflow/example_dags/example_task_group.py
[2024-08-29T19:52:56.905+0000] {processor.py:826} INFO - Processing file /home/airflow-vm/data-engineer-batch-processing-financial-services/.venv/lib/python3.10/site-packages/airflow/example_dags/example_task_group.py for tasks to queue
[2024-08-29T19:52:56.906+0000] {logging_mixin.py:149} INFO - [2024-08-29T19:52:56.906+0000] {dagbag.py:541} INFO - Filling up the DagBag from /home/airflow-vm/data-engineer-batch-processing-financial-services/.venv/lib/python3.10/site-packages/airflow/example_dags/example_task_group.py
[2024-08-29T19:52:56.913+0000] {processor.py:836} INFO - DAG(s) dict_keys(['example_task_group']) retrieved from /home/airflow-vm/data-engineer-batch-processing-financial-services/.venv/lib/python3.10/site-packages/airflow/example_dags/example_task_group.py
[2024-08-29T19:52:56.931+0000] {logging_mixin.py:149} INFO - [2024-08-29T19:52:56.931+0000] {dag.py:2726} INFO - Sync 1 DAGs
[2024-08-29T19:52:56.949+0000] {logging_mixin.py:149} INFO - [2024-08-29T19:52:56.949+0000] {dag.py:3486} INFO - Setting next_dagrun for example_task_group to 2024-08-28T19:52:56.949488+00:00, run_after=2024-08-29T19:52:56.949488+00:00
[2024-08-29T19:52:56.976+0000] {processor.py:179} INFO - Processing /home/airflow-vm/data-engineer-batch-processing-financial-services/.venv/lib/python3.10/site-packages/airflow/example_dags/example_task_group.py took 0.074 seconds
[2024-08-29T19:53:42.367+0000] {processor.py:157} INFO - Started process (PID=51150) to work on /home/airflow-vm/data-engineer-batch-processing-financial-services/.venv/lib/python3.10/site-packages/airflow/example_dags/example_task_group.py
[2024-08-29T19:53:42.367+0000] {processor.py:826} INFO - Processing file /home/airflow-vm/data-engineer-batch-processing-financial-services/.venv/lib/python3.10/site-packages/airflow/example_dags/example_task_group.py for tasks to queue
[2024-08-29T19:53:42.368+0000] {logging_mixin.py:149} INFO - [2024-08-29T19:53:42.368+0000] {dagbag.py:541} INFO - Filling up the DagBag from /home/airflow-vm/data-engineer-batch-processing-financial-services/.venv/lib/python3.10/site-packages/airflow/example_dags/example_task_group.py
[2024-08-29T19:53:42.375+0000] {processor.py:836} INFO - DAG(s) dict_keys(['example_task_group']) retrieved from /home/airflow-vm/data-engineer-batch-processing-financial-services/.venv/lib/python3.10/site-packages/airflow/example_dags/example_task_group.py
[2024-08-29T19:53:42.393+0000] {logging_mixin.py:149} INFO - [2024-08-29T19:53:42.393+0000] {dag.py:2726} INFO - Sync 1 DAGs
[2024-08-29T19:53:42.412+0000] {logging_mixin.py:149} INFO - [2024-08-29T19:53:42.411+0000] {dag.py:3486} INFO - Setting next_dagrun for example_task_group to 2024-08-28T19:53:42.411700+00:00, run_after=2024-08-29T19:53:42.411700+00:00
[2024-08-29T19:53:42.439+0000] {processor.py:179} INFO - Processing /home/airflow-vm/data-engineer-batch-processing-financial-services/.venv/lib/python3.10/site-packages/airflow/example_dags/example_task_group.py took 0.074 seconds
[2024-08-29T19:54:29.917+0000] {processor.py:157} INFO - Started process (PID=51282) to work on /home/airflow-vm/data-engineer-batch-processing-financial-services/.venv/lib/python3.10/site-packages/airflow/example_dags/example_task_group.py
[2024-08-29T19:54:29.918+0000] {processor.py:826} INFO - Processing file /home/airflow-vm/data-engineer-batch-processing-financial-services/.venv/lib/python3.10/site-packages/airflow/example_dags/example_task_group.py for tasks to queue
[2024-08-29T19:54:29.919+0000] {logging_mixin.py:149} INFO - [2024-08-29T19:54:29.918+0000] {dagbag.py:541} INFO - Filling up the DagBag from /home/airflow-vm/data-engineer-batch-processing-financial-services/.venv/lib/python3.10/site-packages/airflow/example_dags/example_task_group.py
[2024-08-29T19:54:29.926+0000] {processor.py:836} INFO - DAG(s) dict_keys(['example_task_group']) retrieved from /home/airflow-vm/data-engineer-batch-processing-financial-services/.venv/lib/python3.10/site-packages/airflow/example_dags/example_task_group.py
[2024-08-29T19:54:29.944+0000] {logging_mixin.py:149} INFO - [2024-08-29T19:54:29.944+0000] {dag.py:2726} INFO - Sync 1 DAGs
[2024-08-29T19:54:29.964+0000] {logging_mixin.py:149} INFO - [2024-08-29T19:54:29.963+0000] {dag.py:3486} INFO - Setting next_dagrun for example_task_group to 2024-08-28T19:54:29.963614+00:00, run_after=2024-08-29T19:54:29.963614+00:00
[2024-08-29T19:54:29.991+0000] {processor.py:179} INFO - Processing /home/airflow-vm/data-engineer-batch-processing-financial-services/.venv/lib/python3.10/site-packages/airflow/example_dags/example_task_group.py took 0.077 seconds
[2024-08-29T19:55:17.527+0000] {processor.py:157} INFO - Started process (PID=51633) to work on /home/airflow-vm/data-engineer-batch-processing-financial-services/.venv/lib/python3.10/site-packages/airflow/example_dags/example_task_group.py
[2024-08-29T19:55:17.528+0000] {processor.py:826} INFO - Processing file /home/airflow-vm/data-engineer-batch-processing-financial-services/.venv/lib/python3.10/site-packages/airflow/example_dags/example_task_group.py for tasks to queue
[2024-08-29T19:55:17.528+0000] {logging_mixin.py:149} INFO - [2024-08-29T19:55:17.528+0000] {dagbag.py:541} INFO - Filling up the DagBag from /home/airflow-vm/data-engineer-batch-processing-financial-services/.venv/lib/python3.10/site-packages/airflow/example_dags/example_task_group.py
[2024-08-29T19:55:17.536+0000] {processor.py:836} INFO - DAG(s) dict_keys(['example_task_group']) retrieved from /home/airflow-vm/data-engineer-batch-processing-financial-services/.venv/lib/python3.10/site-packages/airflow/example_dags/example_task_group.py
[2024-08-29T19:55:17.556+0000] {logging_mixin.py:149} INFO - [2024-08-29T19:55:17.556+0000] {dag.py:2726} INFO - Sync 1 DAGs
[2024-08-29T19:55:17.575+0000] {logging_mixin.py:149} INFO - [2024-08-29T19:55:17.575+0000] {dag.py:3486} INFO - Setting next_dagrun for example_task_group to 2024-08-28T19:55:17.575434+00:00, run_after=2024-08-29T19:55:17.575434+00:00
[2024-08-29T19:55:17.606+0000] {processor.py:179} INFO - Processing /home/airflow-vm/data-engineer-batch-processing-financial-services/.venv/lib/python3.10/site-packages/airflow/example_dags/example_task_group.py took 0.082 seconds
[2024-08-29T20:12:02.570+0000] {processor.py:157} INFO - Started process (PID=56475) to work on /home/airflow-vm/data-engineer-batch-processing-financial-services/.venv/lib/python3.10/site-packages/airflow/example_dags/example_task_group.py
[2024-08-29T20:12:02.571+0000] {processor.py:826} INFO - Processing file /home/airflow-vm/data-engineer-batch-processing-financial-services/.venv/lib/python3.10/site-packages/airflow/example_dags/example_task_group.py for tasks to queue
[2024-08-29T20:12:02.572+0000] {logging_mixin.py:149} INFO - [2024-08-29T20:12:02.572+0000] {dagbag.py:541} INFO - Filling up the DagBag from /home/airflow-vm/data-engineer-batch-processing-financial-services/.venv/lib/python3.10/site-packages/airflow/example_dags/example_task_group.py
[2024-08-29T20:12:02.580+0000] {processor.py:836} INFO - DAG(s) dict_keys(['example_task_group']) retrieved from /home/airflow-vm/data-engineer-batch-processing-financial-services/.venv/lib/python3.10/site-packages/airflow/example_dags/example_task_group.py
[2024-08-29T20:12:02.599+0000] {logging_mixin.py:149} INFO - [2024-08-29T20:12:02.599+0000] {dag.py:2726} INFO - Sync 1 DAGs
[2024-08-29T20:12:02.619+0000] {logging_mixin.py:149} INFO - [2024-08-29T20:12:02.619+0000] {dag.py:3486} INFO - Setting next_dagrun for example_task_group to 2024-08-28T20:12:02.618986+00:00, run_after=2024-08-29T20:12:02.618986+00:00
[2024-08-29T20:12:02.649+0000] {processor.py:179} INFO - Processing /home/airflow-vm/data-engineer-batch-processing-financial-services/.venv/lib/python3.10/site-packages/airflow/example_dags/example_task_group.py took 0.081 seconds
[2024-08-29T20:12:48.935+0000] {processor.py:157} INFO - Started process (PID=56796) to work on /home/airflow-vm/data-engineer-batch-processing-financial-services/.venv/lib/python3.10/site-packages/airflow/example_dags/example_task_group.py
[2024-08-29T20:12:48.943+0000] {processor.py:826} INFO - Processing file /home/airflow-vm/data-engineer-batch-processing-financial-services/.venv/lib/python3.10/site-packages/airflow/example_dags/example_task_group.py for tasks to queue
[2024-08-29T20:12:48.944+0000] {logging_mixin.py:149} INFO - [2024-08-29T20:12:48.944+0000] {dagbag.py:541} INFO - Filling up the DagBag from /home/airflow-vm/data-engineer-batch-processing-financial-services/.venv/lib/python3.10/site-packages/airflow/example_dags/example_task_group.py
[2024-08-29T20:12:48.953+0000] {processor.py:836} INFO - DAG(s) dict_keys(['example_task_group']) retrieved from /home/airflow-vm/data-engineer-batch-processing-financial-services/.venv/lib/python3.10/site-packages/airflow/example_dags/example_task_group.py
[2024-08-29T20:12:48.981+0000] {logging_mixin.py:149} INFO - [2024-08-29T20:12:48.981+0000] {dag.py:2726} INFO - Sync 1 DAGs
[2024-08-29T20:12:49.018+0000] {logging_mixin.py:149} INFO - [2024-08-29T20:12:49.018+0000] {dag.py:3486} INFO - Setting next_dagrun for example_task_group to 2024-08-28T20:12:49.017980+00:00, run_after=2024-08-29T20:12:49.017980+00:00
[2024-08-29T20:12:49.066+0000] {processor.py:179} INFO - Processing /home/airflow-vm/data-engineer-batch-processing-financial-services/.venv/lib/python3.10/site-packages/airflow/example_dags/example_task_group.py took 0.133 seconds
[2024-08-29T20:15:29.049+0000] {processor.py:157} INFO - Started process (PID=57560) to work on /home/airflow-vm/data-engineer-batch-processing-financial-services/.venv/lib/python3.10/site-packages/airflow/example_dags/example_task_group.py
[2024-08-29T20:15:29.049+0000] {processor.py:826} INFO - Processing file /home/airflow-vm/data-engineer-batch-processing-financial-services/.venv/lib/python3.10/site-packages/airflow/example_dags/example_task_group.py for tasks to queue
[2024-08-29T20:15:29.050+0000] {logging_mixin.py:149} INFO - [2024-08-29T20:15:29.050+0000] {dagbag.py:541} INFO - Filling up the DagBag from /home/airflow-vm/data-engineer-batch-processing-financial-services/.venv/lib/python3.10/site-packages/airflow/example_dags/example_task_group.py
[2024-08-29T20:15:29.059+0000] {processor.py:836} INFO - DAG(s) dict_keys(['example_task_group']) retrieved from /home/airflow-vm/data-engineer-batch-processing-financial-services/.venv/lib/python3.10/site-packages/airflow/example_dags/example_task_group.py
[2024-08-29T20:15:29.078+0000] {logging_mixin.py:149} INFO - [2024-08-29T20:15:29.078+0000] {dag.py:2726} INFO - Sync 1 DAGs
[2024-08-29T20:15:29.097+0000] {logging_mixin.py:149} INFO - [2024-08-29T20:15:29.097+0000] {dag.py:3486} INFO - Setting next_dagrun for example_task_group to 2024-08-28T20:15:29.097009+00:00, run_after=2024-08-29T20:15:29.097009+00:00
[2024-08-29T20:15:29.124+0000] {processor.py:179} INFO - Processing /home/airflow-vm/data-engineer-batch-processing-financial-services/.venv/lib/python3.10/site-packages/airflow/example_dags/example_task_group.py took 0.077 seconds
[2024-08-29T20:16:18.832+0000] {processor.py:157} INFO - Started process (PID=58019) to work on /home/airflow-vm/data-engineer-batch-processing-financial-services/.venv/lib/python3.10/site-packages/airflow/example_dags/example_task_group.py
[2024-08-29T20:16:18.839+0000] {processor.py:826} INFO - Processing file /home/airflow-vm/data-engineer-batch-processing-financial-services/.venv/lib/python3.10/site-packages/airflow/example_dags/example_task_group.py for tasks to queue
[2024-08-29T20:16:18.840+0000] {logging_mixin.py:149} INFO - [2024-08-29T20:16:18.840+0000] {dagbag.py:541} INFO - Filling up the DagBag from /home/airflow-vm/data-engineer-batch-processing-financial-services/.venv/lib/python3.10/site-packages/airflow/example_dags/example_task_group.py
[2024-08-29T20:16:18.861+0000] {processor.py:836} INFO - DAG(s) dict_keys(['example_task_group']) retrieved from /home/airflow-vm/data-engineer-batch-processing-financial-services/.venv/lib/python3.10/site-packages/airflow/example_dags/example_task_group.py
[2024-08-29T20:16:18.902+0000] {logging_mixin.py:149} INFO - [2024-08-29T20:16:18.902+0000] {dag.py:2726} INFO - Sync 1 DAGs
[2024-08-29T20:16:18.974+0000] {logging_mixin.py:149} INFO - [2024-08-29T20:16:18.973+0000] {dag.py:3486} INFO - Setting next_dagrun for example_task_group to 2024-08-28T20:16:18.973686+00:00, run_after=2024-08-29T20:16:18.973686+00:00
[2024-08-29T20:16:19.041+0000] {processor.py:179} INFO - Processing /home/airflow-vm/data-engineer-batch-processing-financial-services/.venv/lib/python3.10/site-packages/airflow/example_dags/example_task_group.py took 0.219 seconds
[2024-08-29T20:24:49.222+0000] {processor.py:157} INFO - Started process (PID=61563) to work on /home/airflow-vm/data-engineer-batch-processing-financial-services/.venv/lib/python3.10/site-packages/airflow/example_dags/example_task_group.py
[2024-08-29T20:24:49.222+0000] {processor.py:826} INFO - Processing file /home/airflow-vm/data-engineer-batch-processing-financial-services/.venv/lib/python3.10/site-packages/airflow/example_dags/example_task_group.py for tasks to queue
[2024-08-29T20:24:49.223+0000] {logging_mixin.py:149} INFO - [2024-08-29T20:24:49.223+0000] {dagbag.py:541} INFO - Filling up the DagBag from /home/airflow-vm/data-engineer-batch-processing-financial-services/.venv/lib/python3.10/site-packages/airflow/example_dags/example_task_group.py
[2024-08-29T20:24:49.232+0000] {processor.py:836} INFO - DAG(s) dict_keys(['example_task_group']) retrieved from /home/airflow-vm/data-engineer-batch-processing-financial-services/.venv/lib/python3.10/site-packages/airflow/example_dags/example_task_group.py
[2024-08-29T20:24:49.250+0000] {logging_mixin.py:149} INFO - [2024-08-29T20:24:49.250+0000] {dag.py:2726} INFO - Sync 1 DAGs
[2024-08-29T20:24:49.269+0000] {logging_mixin.py:149} INFO - [2024-08-29T20:24:49.269+0000] {dag.py:3486} INFO - Setting next_dagrun for example_task_group to 2024-08-28T20:24:49.268937+00:00, run_after=2024-08-29T20:24:49.268937+00:00
[2024-08-29T20:24:49.296+0000] {processor.py:179} INFO - Processing /home/airflow-vm/data-engineer-batch-processing-financial-services/.venv/lib/python3.10/site-packages/airflow/example_dags/example_task_group.py took 0.077 seconds
[2024-08-29T20:26:39.564+0000] {processor.py:157} INFO - Started process (PID=62983) to work on /home/airflow-vm/data-engineer-batch-processing-financial-services/.venv/lib/python3.10/site-packages/airflow/example_dags/example_task_group.py
[2024-08-29T20:26:39.565+0000] {processor.py:826} INFO - Processing file /home/airflow-vm/data-engineer-batch-processing-financial-services/.venv/lib/python3.10/site-packages/airflow/example_dags/example_task_group.py for tasks to queue
[2024-08-29T20:26:39.566+0000] {logging_mixin.py:149} INFO - [2024-08-29T20:26:39.566+0000] {dagbag.py:541} INFO - Filling up the DagBag from /home/airflow-vm/data-engineer-batch-processing-financial-services/.venv/lib/python3.10/site-packages/airflow/example_dags/example_task_group.py
[2024-08-29T20:26:39.573+0000] {processor.py:836} INFO - DAG(s) dict_keys(['example_task_group']) retrieved from /home/airflow-vm/data-engineer-batch-processing-financial-services/.venv/lib/python3.10/site-packages/airflow/example_dags/example_task_group.py
[2024-08-29T20:26:39.591+0000] {logging_mixin.py:149} INFO - [2024-08-29T20:26:39.590+0000] {dag.py:2726} INFO - Sync 1 DAGs
[2024-08-29T20:26:39.609+0000] {logging_mixin.py:149} INFO - [2024-08-29T20:26:39.609+0000] {dag.py:3486} INFO - Setting next_dagrun for example_task_group to 2024-08-28T20:26:39.608834+00:00, run_after=2024-08-29T20:26:39.608834+00:00
[2024-08-29T20:26:39.635+0000] {processor.py:179} INFO - Processing /home/airflow-vm/data-engineer-batch-processing-financial-services/.venv/lib/python3.10/site-packages/airflow/example_dags/example_task_group.py took 0.073 seconds
[2024-08-29T20:27:23.540+0000] {processor.py:157} INFO - Started process (PID=63408) to work on /home/airflow-vm/data-engineer-batch-processing-financial-services/.venv/lib/python3.10/site-packages/airflow/example_dags/example_task_group.py
[2024-08-29T20:27:23.540+0000] {processor.py:826} INFO - Processing file /home/airflow-vm/data-engineer-batch-processing-financial-services/.venv/lib/python3.10/site-packages/airflow/example_dags/example_task_group.py for tasks to queue
[2024-08-29T20:27:23.541+0000] {logging_mixin.py:149} INFO - [2024-08-29T20:27:23.541+0000] {dagbag.py:541} INFO - Filling up the DagBag from /home/airflow-vm/data-engineer-batch-processing-financial-services/.venv/lib/python3.10/site-packages/airflow/example_dags/example_task_group.py
[2024-08-29T20:27:23.548+0000] {processor.py:836} INFO - DAG(s) dict_keys(['example_task_group']) retrieved from /home/airflow-vm/data-engineer-batch-processing-financial-services/.venv/lib/python3.10/site-packages/airflow/example_dags/example_task_group.py
[2024-08-29T20:27:23.566+0000] {logging_mixin.py:149} INFO - [2024-08-29T20:27:23.566+0000] {dag.py:2726} INFO - Sync 1 DAGs
[2024-08-29T20:27:23.585+0000] {logging_mixin.py:149} INFO - [2024-08-29T20:27:23.585+0000] {dag.py:3486} INFO - Setting next_dagrun for example_task_group to 2024-08-28T20:27:23.584801+00:00, run_after=2024-08-29T20:27:23.584801+00:00
[2024-08-29T20:27:23.614+0000] {processor.py:179} INFO - Processing /home/airflow-vm/data-engineer-batch-processing-financial-services/.venv/lib/python3.10/site-packages/airflow/example_dags/example_task_group.py took 0.077 seconds
[2024-08-29T20:28:19.387+0000] {processor.py:157} INFO - Started process (PID=63594) to work on /home/airflow-vm/data-engineer-batch-processing-financial-services/.venv/lib/python3.10/site-packages/airflow/example_dags/example_task_group.py
[2024-08-29T20:28:19.387+0000] {processor.py:826} INFO - Processing file /home/airflow-vm/data-engineer-batch-processing-financial-services/.venv/lib/python3.10/site-packages/airflow/example_dags/example_task_group.py for tasks to queue
[2024-08-29T20:28:19.388+0000] {logging_mixin.py:149} INFO - [2024-08-29T20:28:19.388+0000] {dagbag.py:541} INFO - Filling up the DagBag from /home/airflow-vm/data-engineer-batch-processing-financial-services/.venv/lib/python3.10/site-packages/airflow/example_dags/example_task_group.py
[2024-08-29T20:28:19.395+0000] {processor.py:836} INFO - DAG(s) dict_keys(['example_task_group']) retrieved from /home/airflow-vm/data-engineer-batch-processing-financial-services/.venv/lib/python3.10/site-packages/airflow/example_dags/example_task_group.py
[2024-08-29T20:28:19.413+0000] {logging_mixin.py:149} INFO - [2024-08-29T20:28:19.412+0000] {dag.py:2726} INFO - Sync 1 DAGs
[2024-08-29T20:28:19.432+0000] {logging_mixin.py:149} INFO - [2024-08-29T20:28:19.432+0000] {dag.py:3486} INFO - Setting next_dagrun for example_task_group to 2024-08-28T20:28:19.431788+00:00, run_after=2024-08-29T20:28:19.431788+00:00
[2024-08-29T20:28:19.460+0000] {processor.py:179} INFO - Processing /home/airflow-vm/data-engineer-batch-processing-financial-services/.venv/lib/python3.10/site-packages/airflow/example_dags/example_task_group.py took 0.076 seconds
[2024-08-29T20:31:49.664+0000] {processor.py:157} INFO - Started process (PID=66021) to work on /home/airflow-vm/data-engineer-batch-processing-financial-services/.venv/lib/python3.10/site-packages/airflow/example_dags/example_task_group.py
[2024-08-29T20:31:49.665+0000] {processor.py:826} INFO - Processing file /home/airflow-vm/data-engineer-batch-processing-financial-services/.venv/lib/python3.10/site-packages/airflow/example_dags/example_task_group.py for tasks to queue
[2024-08-29T20:31:49.666+0000] {logging_mixin.py:149} INFO - [2024-08-29T20:31:49.666+0000] {dagbag.py:541} INFO - Filling up the DagBag from /home/airflow-vm/data-engineer-batch-processing-financial-services/.venv/lib/python3.10/site-packages/airflow/example_dags/example_task_group.py
[2024-08-29T20:31:49.675+0000] {processor.py:836} INFO - DAG(s) dict_keys(['example_task_group']) retrieved from /home/airflow-vm/data-engineer-batch-processing-financial-services/.venv/lib/python3.10/site-packages/airflow/example_dags/example_task_group.py
[2024-08-29T20:31:49.693+0000] {logging_mixin.py:149} INFO - [2024-08-29T20:31:49.693+0000] {dag.py:2726} INFO - Sync 1 DAGs
[2024-08-29T20:31:49.714+0000] {logging_mixin.py:149} INFO - [2024-08-29T20:31:49.713+0000] {dag.py:3486} INFO - Setting next_dagrun for example_task_group to 2024-08-28T20:31:49.713737+00:00, run_after=2024-08-29T20:31:49.713737+00:00
[2024-08-29T20:31:49.742+0000] {processor.py:179} INFO - Processing /home/airflow-vm/data-engineer-batch-processing-financial-services/.venv/lib/python3.10/site-packages/airflow/example_dags/example_task_group.py took 0.080 seconds
[2024-08-29T20:34:35.061+0000] {processor.py:157} INFO - Started process (PID=68121) to work on /home/airflow-vm/data-engineer-batch-processing-financial-services/.venv/lib/python3.10/site-packages/airflow/example_dags/example_task_group.py
[2024-08-29T20:34:35.062+0000] {processor.py:826} INFO - Processing file /home/airflow-vm/data-engineer-batch-processing-financial-services/.venv/lib/python3.10/site-packages/airflow/example_dags/example_task_group.py for tasks to queue
[2024-08-29T20:34:35.062+0000] {logging_mixin.py:149} INFO - [2024-08-29T20:34:35.062+0000] {dagbag.py:541} INFO - Filling up the DagBag from /home/airflow-vm/data-engineer-batch-processing-financial-services/.venv/lib/python3.10/site-packages/airflow/example_dags/example_task_group.py
[2024-08-29T20:34:35.070+0000] {processor.py:836} INFO - DAG(s) dict_keys(['example_task_group']) retrieved from /home/airflow-vm/data-engineer-batch-processing-financial-services/.venv/lib/python3.10/site-packages/airflow/example_dags/example_task_group.py
[2024-08-29T20:34:35.088+0000] {logging_mixin.py:149} INFO - [2024-08-29T20:34:35.087+0000] {dag.py:2726} INFO - Sync 1 DAGs
[2024-08-29T20:34:35.106+0000] {logging_mixin.py:149} INFO - [2024-08-29T20:34:35.105+0000] {dag.py:3486} INFO - Setting next_dagrun for example_task_group to 2024-08-28T20:34:35.105764+00:00, run_after=2024-08-29T20:34:35.105764+00:00
[2024-08-29T20:34:35.134+0000] {processor.py:179} INFO - Processing /home/airflow-vm/data-engineer-batch-processing-financial-services/.venv/lib/python3.10/site-packages/airflow/example_dags/example_task_group.py took 0.075 seconds
[2024-08-29T20:36:18.586+0000] {processor.py:157} INFO - Started process (PID=69434) to work on /home/airflow-vm/data-engineer-batch-processing-financial-services/.venv/lib/python3.10/site-packages/airflow/example_dags/example_task_group.py
[2024-08-29T20:36:18.587+0000] {processor.py:826} INFO - Processing file /home/airflow-vm/data-engineer-batch-processing-financial-services/.venv/lib/python3.10/site-packages/airflow/example_dags/example_task_group.py for tasks to queue
[2024-08-29T20:36:18.588+0000] {logging_mixin.py:149} INFO - [2024-08-29T20:36:18.588+0000] {dagbag.py:541} INFO - Filling up the DagBag from /home/airflow-vm/data-engineer-batch-processing-financial-services/.venv/lib/python3.10/site-packages/airflow/example_dags/example_task_group.py
[2024-08-29T20:36:18.596+0000] {processor.py:836} INFO - DAG(s) dict_keys(['example_task_group']) retrieved from /home/airflow-vm/data-engineer-batch-processing-financial-services/.venv/lib/python3.10/site-packages/airflow/example_dags/example_task_group.py
[2024-08-29T20:36:18.615+0000] {logging_mixin.py:149} INFO - [2024-08-29T20:36:18.615+0000] {dag.py:2726} INFO - Sync 1 DAGs
[2024-08-29T20:36:18.634+0000] {logging_mixin.py:149} INFO - [2024-08-29T20:36:18.634+0000] {dag.py:3486} INFO - Setting next_dagrun for example_task_group to 2024-08-28T20:36:18.634558+00:00, run_after=2024-08-29T20:36:18.634558+00:00
[2024-08-29T20:36:18.662+0000] {processor.py:179} INFO - Processing /home/airflow-vm/data-engineer-batch-processing-financial-services/.venv/lib/python3.10/site-packages/airflow/example_dags/example_task_group.py took 0.078 seconds
