[2024-08-29T19:47:55.839+0000] {processor.py:157} INFO - Started process (PID=49024) to work on /home/airflow-vm/data-engineer-batch-processing-financial-services/.venv/lib/python3.10/site-packages/airflow/example_dags/example_datasets.py
[2024-08-29T19:47:55.839+0000] {processor.py:826} INFO - Processing file /home/airflow-vm/data-engineer-batch-processing-financial-services/.venv/lib/python3.10/site-packages/airflow/example_dags/example_datasets.py for tasks to queue
[2024-08-29T19:47:55.840+0000] {logging_mixin.py:149} INFO - [2024-08-29T19:47:55.840+0000] {dagbag.py:541} INFO - Filling up the DagBag from /home/airflow-vm/data-engineer-batch-processing-financial-services/.venv/lib/python3.10/site-packages/airflow/example_dags/example_datasets.py
[2024-08-29T19:47:55.851+0000] {processor.py:836} INFO - DAG(s) dict_keys(['dataset_produces_1', 'dataset_consumes_1', 'dataset_consumes_1_never_scheduled', 'dataset_produces_2', 'dataset_consumes_unknown_never_scheduled', 'dataset_consumes_1_and_2']) retrieved from /home/airflow-vm/data-engineer-batch-processing-financial-services/.venv/lib/python3.10/site-packages/airflow/example_dags/example_datasets.py
[2024-08-29T19:47:55.967+0000] {logging_mixin.py:149} INFO - [2024-08-29T19:47:55.967+0000] {manager.py:504} INFO - Created Permission View: can delete on DAG:dataset_produces_1
[2024-08-29T19:47:55.985+0000] {logging_mixin.py:149} INFO - [2024-08-29T19:47:55.985+0000] {manager.py:504} INFO - Created Permission View: can edit on DAG:dataset_produces_1
[2024-08-29T19:47:56.000+0000] {logging_mixin.py:149} INFO - [2024-08-29T19:47:56.000+0000] {manager.py:504} INFO - Created Permission View: can read on DAG:dataset_produces_1
[2024-08-29T19:47:56.033+0000] {logging_mixin.py:149} INFO - [2024-08-29T19:47:56.032+0000] {manager.py:504} INFO - Created Permission View: can delete on DAG:dataset_consumes_1
[2024-08-29T19:47:56.048+0000] {logging_mixin.py:149} INFO - [2024-08-29T19:47:56.048+0000] {manager.py:504} INFO - Created Permission View: can edit on DAG:dataset_consumes_1
[2024-08-29T19:47:56.064+0000] {logging_mixin.py:149} INFO - [2024-08-29T19:47:56.063+0000] {manager.py:504} INFO - Created Permission View: can read on DAG:dataset_consumes_1
[2024-08-29T19:47:56.098+0000] {logging_mixin.py:149} INFO - [2024-08-29T19:47:56.098+0000] {manager.py:504} INFO - Created Permission View: can delete on DAG:dataset_consumes_1_never_scheduled
[2024-08-29T19:47:56.113+0000] {logging_mixin.py:149} INFO - [2024-08-29T19:47:56.113+0000] {manager.py:504} INFO - Created Permission View: can edit on DAG:dataset_consumes_1_never_scheduled
[2024-08-29T19:47:56.129+0000] {logging_mixin.py:149} INFO - [2024-08-29T19:47:56.129+0000] {manager.py:504} INFO - Created Permission View: can read on DAG:dataset_consumes_1_never_scheduled
[2024-08-29T19:47:56.165+0000] {logging_mixin.py:149} INFO - [2024-08-29T19:47:56.165+0000] {manager.py:504} INFO - Created Permission View: can delete on DAG:dataset_produces_2
[2024-08-29T19:47:56.181+0000] {logging_mixin.py:149} INFO - [2024-08-29T19:47:56.181+0000] {manager.py:504} INFO - Created Permission View: can edit on DAG:dataset_produces_2
[2024-08-29T19:47:56.198+0000] {logging_mixin.py:149} INFO - [2024-08-29T19:47:56.198+0000] {manager.py:504} INFO - Created Permission View: can read on DAG:dataset_produces_2
[2024-08-29T19:47:56.233+0000] {logging_mixin.py:149} INFO - [2024-08-29T19:47:56.233+0000] {manager.py:504} INFO - Created Permission View: can delete on DAG:dataset_consumes_unknown_never_scheduled
[2024-08-29T19:47:56.249+0000] {logging_mixin.py:149} INFO - [2024-08-29T19:47:56.249+0000] {manager.py:504} INFO - Created Permission View: can edit on DAG:dataset_consumes_unknown_never_scheduled
[2024-08-29T19:47:56.266+0000] {logging_mixin.py:149} INFO - [2024-08-29T19:47:56.266+0000] {manager.py:504} INFO - Created Permission View: can read on DAG:dataset_consumes_unknown_never_scheduled
[2024-08-29T19:47:56.302+0000] {logging_mixin.py:149} INFO - [2024-08-29T19:47:56.302+0000] {manager.py:504} INFO - Created Permission View: can delete on DAG:dataset_consumes_1_and_2
[2024-08-29T19:47:56.318+0000] {logging_mixin.py:149} INFO - [2024-08-29T19:47:56.318+0000] {manager.py:504} INFO - Created Permission View: can edit on DAG:dataset_consumes_1_and_2
[2024-08-29T19:47:56.335+0000] {logging_mixin.py:149} INFO - [2024-08-29T19:47:56.334+0000] {manager.py:504} INFO - Created Permission View: can read on DAG:dataset_consumes_1_and_2
[2024-08-29T19:47:56.335+0000] {logging_mixin.py:149} INFO - [2024-08-29T19:47:56.335+0000] {dag.py:2726} INFO - Sync 6 DAGs
[2024-08-29T19:47:56.346+0000] {logging_mixin.py:149} INFO - [2024-08-29T19:47:56.345+0000] {dag.py:2747} INFO - Creating ORM DAG for dataset_produces_2
[2024-08-29T19:47:56.346+0000] {logging_mixin.py:149} INFO - [2024-08-29T19:47:56.346+0000] {dag.py:2747} INFO - Creating ORM DAG for dataset_consumes_1
[2024-08-29T19:47:56.347+0000] {logging_mixin.py:149} INFO - [2024-08-29T19:47:56.346+0000] {dag.py:2747} INFO - Creating ORM DAG for dataset_consumes_1_never_scheduled
[2024-08-29T19:47:56.347+0000] {logging_mixin.py:149} INFO - [2024-08-29T19:47:56.347+0000] {dag.py:2747} INFO - Creating ORM DAG for dataset_consumes_1_and_2
[2024-08-29T19:47:56.347+0000] {logging_mixin.py:149} INFO - [2024-08-29T19:47:56.347+0000] {dag.py:2747} INFO - Creating ORM DAG for dataset_consumes_unknown_never_scheduled
[2024-08-29T19:47:56.348+0000] {logging_mixin.py:149} INFO - [2024-08-29T19:47:56.348+0000] {dag.py:2747} INFO - Creating ORM DAG for dataset_produces_1
[2024-08-29T19:47:56.356+0000] {logging_mixin.py:149} INFO - [2024-08-29T19:47:56.356+0000] {dag.py:3486} INFO - Setting next_dagrun for dataset_consumes_1 to None, run_after=None
[2024-08-29T19:47:56.357+0000] {logging_mixin.py:149} INFO - [2024-08-29T19:47:56.357+0000] {dag.py:3486} INFO - Setting next_dagrun for dataset_consumes_1_and_2 to None, run_after=None
[2024-08-29T19:47:56.357+0000] {logging_mixin.py:149} INFO - [2024-08-29T19:47:56.357+0000] {dag.py:3486} INFO - Setting next_dagrun for dataset_consumes_1_never_scheduled to None, run_after=None
[2024-08-29T19:47:56.358+0000] {logging_mixin.py:149} INFO - [2024-08-29T19:47:56.358+0000] {dag.py:3486} INFO - Setting next_dagrun for dataset_consumes_unknown_never_scheduled to None, run_after=None
[2024-08-29T19:47:56.360+0000] {logging_mixin.py:149} INFO - [2024-08-29T19:47:56.360+0000] {dag.py:3486} INFO - Setting next_dagrun for dataset_produces_1 to 2024-08-28T00:00:00+00:00, run_after=2024-08-29T00:00:00+00:00
[2024-08-29T19:47:56.360+0000] {logging_mixin.py:149} INFO - [2024-08-29T19:47:56.360+0000] {dag.py:3486} INFO - Setting next_dagrun for dataset_produces_2 to None, run_after=None
[2024-08-29T19:47:56.404+0000] {processor.py:179} INFO - Processing /home/airflow-vm/data-engineer-batch-processing-financial-services/.venv/lib/python3.10/site-packages/airflow/example_dags/example_datasets.py took 0.568 seconds
[2024-08-29T19:48:46.212+0000] {processor.py:157} INFO - Started process (PID=49425) to work on /home/airflow-vm/data-engineer-batch-processing-financial-services/.venv/lib/python3.10/site-packages/airflow/example_dags/example_datasets.py
[2024-08-29T19:48:46.213+0000] {processor.py:826} INFO - Processing file /home/airflow-vm/data-engineer-batch-processing-financial-services/.venv/lib/python3.10/site-packages/airflow/example_dags/example_datasets.py for tasks to queue
[2024-08-29T19:48:46.214+0000] {logging_mixin.py:149} INFO - [2024-08-29T19:48:46.214+0000] {dagbag.py:541} INFO - Filling up the DagBag from /home/airflow-vm/data-engineer-batch-processing-financial-services/.venv/lib/python3.10/site-packages/airflow/example_dags/example_datasets.py
[2024-08-29T19:48:46.222+0000] {processor.py:836} INFO - DAG(s) dict_keys(['dataset_consumes_unknown_never_scheduled', 'dataset_consumes_1_and_2', 'dataset_produces_2', 'dataset_consumes_1_never_scheduled', 'dataset_produces_1', 'dataset_consumes_1']) retrieved from /home/airflow-vm/data-engineer-batch-processing-financial-services/.venv/lib/python3.10/site-packages/airflow/example_dags/example_datasets.py
[2024-08-29T19:48:46.253+0000] {logging_mixin.py:149} INFO - [2024-08-29T19:48:46.252+0000] {dag.py:2726} INFO - Sync 6 DAGs
[2024-08-29T19:48:46.273+0000] {logging_mixin.py:149} INFO - [2024-08-29T19:48:46.273+0000] {dag.py:3486} INFO - Setting next_dagrun for dataset_consumes_1 to None, run_after=None
[2024-08-29T19:48:46.276+0000] {logging_mixin.py:149} INFO - [2024-08-29T19:48:46.276+0000] {dag.py:3486} INFO - Setting next_dagrun for dataset_consumes_1_and_2 to None, run_after=None
[2024-08-29T19:48:46.277+0000] {logging_mixin.py:149} INFO - [2024-08-29T19:48:46.277+0000] {dag.py:3486} INFO - Setting next_dagrun for dataset_consumes_1_never_scheduled to None, run_after=None
[2024-08-29T19:48:46.278+0000] {logging_mixin.py:149} INFO - [2024-08-29T19:48:46.278+0000] {dag.py:3486} INFO - Setting next_dagrun for dataset_consumes_unknown_never_scheduled to None, run_after=None
[2024-08-29T19:48:46.280+0000] {logging_mixin.py:149} INFO - [2024-08-29T19:48:46.280+0000] {dag.py:3486} INFO - Setting next_dagrun for dataset_produces_1 to 2024-08-28T00:00:00+00:00, run_after=2024-08-29T00:00:00+00:00
[2024-08-29T19:48:46.281+0000] {logging_mixin.py:149} INFO - [2024-08-29T19:48:46.281+0000] {dag.py:3486} INFO - Setting next_dagrun for dataset_produces_2 to None, run_after=None
[2024-08-29T19:48:46.322+0000] {processor.py:179} INFO - Processing /home/airflow-vm/data-engineer-batch-processing-financial-services/.venv/lib/python3.10/site-packages/airflow/example_dags/example_datasets.py took 0.112 seconds
[2024-08-29T19:49:32.759+0000] {processor.py:157} INFO - Started process (PID=49652) to work on /home/airflow-vm/data-engineer-batch-processing-financial-services/.venv/lib/python3.10/site-packages/airflow/example_dags/example_datasets.py
[2024-08-29T19:49:32.759+0000] {processor.py:826} INFO - Processing file /home/airflow-vm/data-engineer-batch-processing-financial-services/.venv/lib/python3.10/site-packages/airflow/example_dags/example_datasets.py for tasks to queue
[2024-08-29T19:49:32.760+0000] {logging_mixin.py:149} INFO - [2024-08-29T19:49:32.760+0000] {dagbag.py:541} INFO - Filling up the DagBag from /home/airflow-vm/data-engineer-batch-processing-financial-services/.venv/lib/python3.10/site-packages/airflow/example_dags/example_datasets.py
[2024-08-29T19:49:32.769+0000] {processor.py:836} INFO - DAG(s) dict_keys(['dataset_consumes_1', 'dataset_consumes_1_and_2', 'dataset_produces_2', 'dataset_consumes_1_never_scheduled', 'dataset_consumes_unknown_never_scheduled', 'dataset_produces_1']) retrieved from /home/airflow-vm/data-engineer-batch-processing-financial-services/.venv/lib/python3.10/site-packages/airflow/example_dags/example_datasets.py
[2024-08-29T19:49:32.798+0000] {logging_mixin.py:149} INFO - [2024-08-29T19:49:32.798+0000] {dag.py:2726} INFO - Sync 6 DAGs
[2024-08-29T19:49:32.820+0000] {logging_mixin.py:149} INFO - [2024-08-29T19:49:32.820+0000] {dag.py:3486} INFO - Setting next_dagrun for dataset_consumes_1 to None, run_after=None
[2024-08-29T19:49:32.823+0000] {logging_mixin.py:149} INFO - [2024-08-29T19:49:32.823+0000] {dag.py:3486} INFO - Setting next_dagrun for dataset_consumes_1_and_2 to None, run_after=None
[2024-08-29T19:49:32.824+0000] {logging_mixin.py:149} INFO - [2024-08-29T19:49:32.824+0000] {dag.py:3486} INFO - Setting next_dagrun for dataset_consumes_1_never_scheduled to None, run_after=None
[2024-08-29T19:49:32.825+0000] {logging_mixin.py:149} INFO - [2024-08-29T19:49:32.825+0000] {dag.py:3486} INFO - Setting next_dagrun for dataset_consumes_unknown_never_scheduled to None, run_after=None
[2024-08-29T19:49:32.828+0000] {logging_mixin.py:149} INFO - [2024-08-29T19:49:32.828+0000] {dag.py:3486} INFO - Setting next_dagrun for dataset_produces_1 to 2024-08-28T00:00:00+00:00, run_after=2024-08-29T00:00:00+00:00
[2024-08-29T19:49:32.829+0000] {logging_mixin.py:149} INFO - [2024-08-29T19:49:32.828+0000] {dag.py:3486} INFO - Setting next_dagrun for dataset_produces_2 to None, run_after=None
[2024-08-29T19:49:32.865+0000] {processor.py:179} INFO - Processing /home/airflow-vm/data-engineer-batch-processing-financial-services/.venv/lib/python3.10/site-packages/airflow/example_dags/example_datasets.py took 0.109 seconds
[2024-08-29T19:50:21.334+0000] {processor.py:157} INFO - Started process (PID=49855) to work on /home/airflow-vm/data-engineer-batch-processing-financial-services/.venv/lib/python3.10/site-packages/airflow/example_dags/example_datasets.py
[2024-08-29T19:50:21.334+0000] {processor.py:826} INFO - Processing file /home/airflow-vm/data-engineer-batch-processing-financial-services/.venv/lib/python3.10/site-packages/airflow/example_dags/example_datasets.py for tasks to queue
[2024-08-29T19:50:21.335+0000] {logging_mixin.py:149} INFO - [2024-08-29T19:50:21.335+0000] {dagbag.py:541} INFO - Filling up the DagBag from /home/airflow-vm/data-engineer-batch-processing-financial-services/.venv/lib/python3.10/site-packages/airflow/example_dags/example_datasets.py
[2024-08-29T19:50:21.344+0000] {processor.py:836} INFO - DAG(s) dict_keys(['dataset_consumes_1_and_2', 'dataset_produces_2', 'dataset_produces_1', 'dataset_consumes_unknown_never_scheduled', 'dataset_consumes_1', 'dataset_consumes_1_never_scheduled']) retrieved from /home/airflow-vm/data-engineer-batch-processing-financial-services/.venv/lib/python3.10/site-packages/airflow/example_dags/example_datasets.py
[2024-08-29T19:50:21.378+0000] {logging_mixin.py:149} INFO - [2024-08-29T19:50:21.378+0000] {dag.py:2726} INFO - Sync 6 DAGs
[2024-08-29T19:50:21.401+0000] {logging_mixin.py:149} INFO - [2024-08-29T19:50:21.401+0000] {dag.py:3486} INFO - Setting next_dagrun for dataset_consumes_1 to None, run_after=None
[2024-08-29T19:50:21.404+0000] {logging_mixin.py:149} INFO - [2024-08-29T19:50:21.404+0000] {dag.py:3486} INFO - Setting next_dagrun for dataset_consumes_1_and_2 to None, run_after=None
[2024-08-29T19:50:21.405+0000] {logging_mixin.py:149} INFO - [2024-08-29T19:50:21.405+0000] {dag.py:3486} INFO - Setting next_dagrun for dataset_consumes_1_never_scheduled to None, run_after=None
[2024-08-29T19:50:21.406+0000] {logging_mixin.py:149} INFO - [2024-08-29T19:50:21.406+0000] {dag.py:3486} INFO - Setting next_dagrun for dataset_consumes_unknown_never_scheduled to None, run_after=None
[2024-08-29T19:50:21.408+0000] {logging_mixin.py:149} INFO - [2024-08-29T19:50:21.408+0000] {dag.py:3486} INFO - Setting next_dagrun for dataset_produces_1 to 2024-08-28T00:00:00+00:00, run_after=2024-08-29T00:00:00+00:00
[2024-08-29T19:50:21.409+0000] {logging_mixin.py:149} INFO - [2024-08-29T19:50:21.409+0000] {dag.py:3486} INFO - Setting next_dagrun for dataset_produces_2 to None, run_after=None
[2024-08-29T19:50:21.446+0000] {processor.py:179} INFO - Processing /home/airflow-vm/data-engineer-batch-processing-financial-services/.venv/lib/python3.10/site-packages/airflow/example_dags/example_datasets.py took 0.115 seconds
[2024-08-29T19:51:07.011+0000] {processor.py:157} INFO - Started process (PID=50569) to work on /home/airflow-vm/data-engineer-batch-processing-financial-services/.venv/lib/python3.10/site-packages/airflow/example_dags/example_datasets.py
[2024-08-29T19:51:07.011+0000] {processor.py:826} INFO - Processing file /home/airflow-vm/data-engineer-batch-processing-financial-services/.venv/lib/python3.10/site-packages/airflow/example_dags/example_datasets.py for tasks to queue
[2024-08-29T19:51:07.012+0000] {logging_mixin.py:149} INFO - [2024-08-29T19:51:07.012+0000] {dagbag.py:541} INFO - Filling up the DagBag from /home/airflow-vm/data-engineer-batch-processing-financial-services/.venv/lib/python3.10/site-packages/airflow/example_dags/example_datasets.py
[2024-08-29T19:51:07.021+0000] {processor.py:836} INFO - DAG(s) dict_keys(['dataset_consumes_1', 'dataset_consumes_1_never_scheduled', 'dataset_consumes_1_and_2', 'dataset_consumes_unknown_never_scheduled', 'dataset_produces_1', 'dataset_produces_2']) retrieved from /home/airflow-vm/data-engineer-batch-processing-financial-services/.venv/lib/python3.10/site-packages/airflow/example_dags/example_datasets.py
[2024-08-29T19:51:07.051+0000] {logging_mixin.py:149} INFO - [2024-08-29T19:51:07.051+0000] {dag.py:2726} INFO - Sync 6 DAGs
[2024-08-29T19:51:07.073+0000] {logging_mixin.py:149} INFO - [2024-08-29T19:51:07.073+0000] {dag.py:3486} INFO - Setting next_dagrun for dataset_consumes_1 to None, run_after=None
[2024-08-29T19:51:07.076+0000] {logging_mixin.py:149} INFO - [2024-08-29T19:51:07.076+0000] {dag.py:3486} INFO - Setting next_dagrun for dataset_consumes_1_and_2 to None, run_after=None
[2024-08-29T19:51:07.077+0000] {logging_mixin.py:149} INFO - [2024-08-29T19:51:07.077+0000] {dag.py:3486} INFO - Setting next_dagrun for dataset_consumes_1_never_scheduled to None, run_after=None
[2024-08-29T19:51:07.078+0000] {logging_mixin.py:149} INFO - [2024-08-29T19:51:07.078+0000] {dag.py:3486} INFO - Setting next_dagrun for dataset_consumes_unknown_never_scheduled to None, run_after=None
[2024-08-29T19:51:07.080+0000] {logging_mixin.py:149} INFO - [2024-08-29T19:51:07.080+0000] {dag.py:3486} INFO - Setting next_dagrun for dataset_produces_1 to 2024-08-28T00:00:00+00:00, run_after=2024-08-29T00:00:00+00:00
[2024-08-29T19:51:07.081+0000] {logging_mixin.py:149} INFO - [2024-08-29T19:51:07.081+0000] {dag.py:3486} INFO - Setting next_dagrun for dataset_produces_2 to None, run_after=None
[2024-08-29T19:51:07.120+0000] {processor.py:179} INFO - Processing /home/airflow-vm/data-engineer-batch-processing-financial-services/.venv/lib/python3.10/site-packages/airflow/example_dags/example_datasets.py took 0.112 seconds
[2024-08-29T19:51:56.088+0000] {processor.py:157} INFO - Started process (PID=50870) to work on /home/airflow-vm/data-engineer-batch-processing-financial-services/.venv/lib/python3.10/site-packages/airflow/example_dags/example_datasets.py
[2024-08-29T19:51:56.089+0000] {processor.py:826} INFO - Processing file /home/airflow-vm/data-engineer-batch-processing-financial-services/.venv/lib/python3.10/site-packages/airflow/example_dags/example_datasets.py for tasks to queue
[2024-08-29T19:51:56.089+0000] {logging_mixin.py:149} INFO - [2024-08-29T19:51:56.089+0000] {dagbag.py:541} INFO - Filling up the DagBag from /home/airflow-vm/data-engineer-batch-processing-financial-services/.venv/lib/python3.10/site-packages/airflow/example_dags/example_datasets.py
[2024-08-29T19:51:56.098+0000] {processor.py:836} INFO - DAG(s) dict_keys(['dataset_consumes_unknown_never_scheduled', 'dataset_produces_2', 'dataset_consumes_1', 'dataset_consumes_1_and_2', 'dataset_produces_1', 'dataset_consumes_1_never_scheduled']) retrieved from /home/airflow-vm/data-engineer-batch-processing-financial-services/.venv/lib/python3.10/site-packages/airflow/example_dags/example_datasets.py
[2024-08-29T19:51:56.128+0000] {logging_mixin.py:149} INFO - [2024-08-29T19:51:56.128+0000] {dag.py:2726} INFO - Sync 6 DAGs
[2024-08-29T19:51:56.149+0000] {logging_mixin.py:149} INFO - [2024-08-29T19:51:56.148+0000] {dag.py:3486} INFO - Setting next_dagrun for dataset_consumes_1 to None, run_after=None
[2024-08-29T19:51:56.152+0000] {logging_mixin.py:149} INFO - [2024-08-29T19:51:56.151+0000] {dag.py:3486} INFO - Setting next_dagrun for dataset_consumes_1_and_2 to None, run_after=None
[2024-08-29T19:51:56.153+0000] {logging_mixin.py:149} INFO - [2024-08-29T19:51:56.152+0000] {dag.py:3486} INFO - Setting next_dagrun for dataset_consumes_1_never_scheduled to None, run_after=None
[2024-08-29T19:51:56.153+0000] {logging_mixin.py:149} INFO - [2024-08-29T19:51:56.153+0000] {dag.py:3486} INFO - Setting next_dagrun for dataset_consumes_unknown_never_scheduled to None, run_after=None
[2024-08-29T19:51:56.156+0000] {logging_mixin.py:149} INFO - [2024-08-29T19:51:56.156+0000] {dag.py:3486} INFO - Setting next_dagrun for dataset_produces_1 to 2024-08-28T00:00:00+00:00, run_after=2024-08-29T00:00:00+00:00
[2024-08-29T19:51:56.157+0000] {logging_mixin.py:149} INFO - [2024-08-29T19:51:56.157+0000] {dag.py:3486} INFO - Setting next_dagrun for dataset_produces_2 to None, run_after=None
[2024-08-29T19:51:56.197+0000] {processor.py:179} INFO - Processing /home/airflow-vm/data-engineer-batch-processing-financial-services/.venv/lib/python3.10/site-packages/airflow/example_dags/example_datasets.py took 0.112 seconds
[2024-08-29T19:52:42.475+0000] {processor.py:157} INFO - Started process (PID=50967) to work on /home/airflow-vm/data-engineer-batch-processing-financial-services/.venv/lib/python3.10/site-packages/airflow/example_dags/example_datasets.py
[2024-08-29T19:52:42.476+0000] {processor.py:826} INFO - Processing file /home/airflow-vm/data-engineer-batch-processing-financial-services/.venv/lib/python3.10/site-packages/airflow/example_dags/example_datasets.py for tasks to queue
[2024-08-29T19:52:42.477+0000] {logging_mixin.py:149} INFO - [2024-08-29T19:52:42.477+0000] {dagbag.py:541} INFO - Filling up the DagBag from /home/airflow-vm/data-engineer-batch-processing-financial-services/.venv/lib/python3.10/site-packages/airflow/example_dags/example_datasets.py
[2024-08-29T19:52:42.485+0000] {processor.py:836} INFO - DAG(s) dict_keys(['dataset_consumes_1', 'dataset_consumes_1_never_scheduled', 'dataset_produces_1', 'dataset_consumes_1_and_2', 'dataset_produces_2', 'dataset_consumes_unknown_never_scheduled']) retrieved from /home/airflow-vm/data-engineer-batch-processing-financial-services/.venv/lib/python3.10/site-packages/airflow/example_dags/example_datasets.py
[2024-08-29T19:52:42.515+0000] {logging_mixin.py:149} INFO - [2024-08-29T19:52:42.515+0000] {dag.py:2726} INFO - Sync 6 DAGs
[2024-08-29T19:52:42.535+0000] {logging_mixin.py:149} INFO - [2024-08-29T19:52:42.535+0000] {dag.py:3486} INFO - Setting next_dagrun for dataset_consumes_1 to None, run_after=None
[2024-08-29T19:52:42.538+0000] {logging_mixin.py:149} INFO - [2024-08-29T19:52:42.538+0000] {dag.py:3486} INFO - Setting next_dagrun for dataset_consumes_1_and_2 to None, run_after=None
[2024-08-29T19:52:42.539+0000] {logging_mixin.py:149} INFO - [2024-08-29T19:52:42.539+0000] {dag.py:3486} INFO - Setting next_dagrun for dataset_consumes_1_never_scheduled to None, run_after=None
[2024-08-29T19:52:42.540+0000] {logging_mixin.py:149} INFO - [2024-08-29T19:52:42.540+0000] {dag.py:3486} INFO - Setting next_dagrun for dataset_consumes_unknown_never_scheduled to None, run_after=None
[2024-08-29T19:52:42.542+0000] {logging_mixin.py:149} INFO - [2024-08-29T19:52:42.542+0000] {dag.py:3486} INFO - Setting next_dagrun for dataset_produces_1 to 2024-08-28T00:00:00+00:00, run_after=2024-08-29T00:00:00+00:00
[2024-08-29T19:52:42.543+0000] {logging_mixin.py:149} INFO - [2024-08-29T19:52:42.543+0000] {dag.py:3486} INFO - Setting next_dagrun for dataset_produces_2 to None, run_after=None
[2024-08-29T19:52:42.579+0000] {processor.py:179} INFO - Processing /home/airflow-vm/data-engineer-batch-processing-financial-services/.venv/lib/python3.10/site-packages/airflow/example_dags/example_datasets.py took 0.107 seconds
[2024-08-29T19:53:25.644+0000] {processor.py:157} INFO - Started process (PID=51072) to work on /home/airflow-vm/data-engineer-batch-processing-financial-services/.venv/lib/python3.10/site-packages/airflow/example_dags/example_datasets.py
[2024-08-29T19:53:25.645+0000] {processor.py:826} INFO - Processing file /home/airflow-vm/data-engineer-batch-processing-financial-services/.venv/lib/python3.10/site-packages/airflow/example_dags/example_datasets.py for tasks to queue
[2024-08-29T19:53:25.645+0000] {logging_mixin.py:149} INFO - [2024-08-29T19:53:25.645+0000] {dagbag.py:541} INFO - Filling up the DagBag from /home/airflow-vm/data-engineer-batch-processing-financial-services/.venv/lib/python3.10/site-packages/airflow/example_dags/example_datasets.py
[2024-08-29T19:53:25.653+0000] {processor.py:836} INFO - DAG(s) dict_keys(['dataset_produces_1', 'dataset_consumes_1', 'dataset_consumes_1_and_2', 'dataset_produces_2', 'dataset_consumes_1_never_scheduled', 'dataset_consumes_unknown_never_scheduled']) retrieved from /home/airflow-vm/data-engineer-batch-processing-financial-services/.venv/lib/python3.10/site-packages/airflow/example_dags/example_datasets.py
[2024-08-29T19:53:25.682+0000] {logging_mixin.py:149} INFO - [2024-08-29T19:53:25.681+0000] {dag.py:2726} INFO - Sync 6 DAGs
[2024-08-29T19:53:25.703+0000] {logging_mixin.py:149} INFO - [2024-08-29T19:53:25.702+0000] {dag.py:3486} INFO - Setting next_dagrun for dataset_consumes_1 to None, run_after=None
[2024-08-29T19:53:25.705+0000] {logging_mixin.py:149} INFO - [2024-08-29T19:53:25.705+0000] {dag.py:3486} INFO - Setting next_dagrun for dataset_consumes_1_and_2 to None, run_after=None
[2024-08-29T19:53:25.706+0000] {logging_mixin.py:149} INFO - [2024-08-29T19:53:25.706+0000] {dag.py:3486} INFO - Setting next_dagrun for dataset_consumes_1_never_scheduled to None, run_after=None
[2024-08-29T19:53:25.707+0000] {logging_mixin.py:149} INFO - [2024-08-29T19:53:25.707+0000] {dag.py:3486} INFO - Setting next_dagrun for dataset_consumes_unknown_never_scheduled to None, run_after=None
[2024-08-29T19:53:25.710+0000] {logging_mixin.py:149} INFO - [2024-08-29T19:53:25.710+0000] {dag.py:3486} INFO - Setting next_dagrun for dataset_produces_1 to 2024-08-28T00:00:00+00:00, run_after=2024-08-29T00:00:00+00:00
[2024-08-29T19:53:25.711+0000] {logging_mixin.py:149} INFO - [2024-08-29T19:53:25.711+0000] {dag.py:3486} INFO - Setting next_dagrun for dataset_produces_2 to None, run_after=None
[2024-08-29T19:53:25.748+0000] {processor.py:179} INFO - Processing /home/airflow-vm/data-engineer-batch-processing-financial-services/.venv/lib/python3.10/site-packages/airflow/example_dags/example_datasets.py took 0.106 seconds
[2024-08-29T19:54:11.257+0000] {processor.py:157} INFO - Started process (PID=51192) to work on /home/airflow-vm/data-engineer-batch-processing-financial-services/.venv/lib/python3.10/site-packages/airflow/example_dags/example_datasets.py
[2024-08-29T19:54:11.258+0000] {processor.py:826} INFO - Processing file /home/airflow-vm/data-engineer-batch-processing-financial-services/.venv/lib/python3.10/site-packages/airflow/example_dags/example_datasets.py for tasks to queue
[2024-08-29T19:54:11.259+0000] {logging_mixin.py:149} INFO - [2024-08-29T19:54:11.259+0000] {dagbag.py:541} INFO - Filling up the DagBag from /home/airflow-vm/data-engineer-batch-processing-financial-services/.venv/lib/python3.10/site-packages/airflow/example_dags/example_datasets.py
[2024-08-29T19:54:11.267+0000] {processor.py:836} INFO - DAG(s) dict_keys(['dataset_consumes_1', 'dataset_consumes_1_and_2', 'dataset_consumes_unknown_never_scheduled', 'dataset_produces_1', 'dataset_consumes_1_never_scheduled', 'dataset_produces_2']) retrieved from /home/airflow-vm/data-engineer-batch-processing-financial-services/.venv/lib/python3.10/site-packages/airflow/example_dags/example_datasets.py
[2024-08-29T19:54:11.295+0000] {logging_mixin.py:149} INFO - [2024-08-29T19:54:11.295+0000] {dag.py:2726} INFO - Sync 6 DAGs
[2024-08-29T19:54:11.315+0000] {logging_mixin.py:149} INFO - [2024-08-29T19:54:11.314+0000] {dag.py:3486} INFO - Setting next_dagrun for dataset_consumes_1 to None, run_after=None
[2024-08-29T19:54:11.317+0000] {logging_mixin.py:149} INFO - [2024-08-29T19:54:11.317+0000] {dag.py:3486} INFO - Setting next_dagrun for dataset_consumes_1_and_2 to None, run_after=None
[2024-08-29T19:54:11.318+0000] {logging_mixin.py:149} INFO - [2024-08-29T19:54:11.318+0000] {dag.py:3486} INFO - Setting next_dagrun for dataset_consumes_1_never_scheduled to None, run_after=None
[2024-08-29T19:54:11.319+0000] {logging_mixin.py:149} INFO - [2024-08-29T19:54:11.319+0000] {dag.py:3486} INFO - Setting next_dagrun for dataset_consumes_unknown_never_scheduled to None, run_after=None
[2024-08-29T19:54:11.322+0000] {logging_mixin.py:149} INFO - [2024-08-29T19:54:11.322+0000] {dag.py:3486} INFO - Setting next_dagrun for dataset_produces_1 to 2024-08-28T00:00:00+00:00, run_after=2024-08-29T00:00:00+00:00
[2024-08-29T19:54:11.323+0000] {logging_mixin.py:149} INFO - [2024-08-29T19:54:11.323+0000] {dag.py:3486} INFO - Setting next_dagrun for dataset_produces_2 to None, run_after=None
[2024-08-29T19:54:11.361+0000] {processor.py:179} INFO - Processing /home/airflow-vm/data-engineer-batch-processing-financial-services/.venv/lib/python3.10/site-packages/airflow/example_dags/example_datasets.py took 0.106 seconds
[2024-08-29T19:54:58.500+0000] {processor.py:157} INFO - Started process (PID=51487) to work on /home/airflow-vm/data-engineer-batch-processing-financial-services/.venv/lib/python3.10/site-packages/airflow/example_dags/example_datasets.py
[2024-08-29T19:54:58.501+0000] {processor.py:826} INFO - Processing file /home/airflow-vm/data-engineer-batch-processing-financial-services/.venv/lib/python3.10/site-packages/airflow/example_dags/example_datasets.py for tasks to queue
[2024-08-29T19:54:58.501+0000] {logging_mixin.py:149} INFO - [2024-08-29T19:54:58.501+0000] {dagbag.py:541} INFO - Filling up the DagBag from /home/airflow-vm/data-engineer-batch-processing-financial-services/.venv/lib/python3.10/site-packages/airflow/example_dags/example_datasets.py
[2024-08-29T19:54:58.510+0000] {processor.py:836} INFO - DAG(s) dict_keys(['dataset_consumes_1_never_scheduled', 'dataset_produces_1', 'dataset_produces_2', 'dataset_consumes_1_and_2', 'dataset_consumes_1', 'dataset_consumes_unknown_never_scheduled']) retrieved from /home/airflow-vm/data-engineer-batch-processing-financial-services/.venv/lib/python3.10/site-packages/airflow/example_dags/example_datasets.py
[2024-08-29T19:54:58.539+0000] {logging_mixin.py:149} INFO - [2024-08-29T19:54:58.539+0000] {dag.py:2726} INFO - Sync 6 DAGs
[2024-08-29T19:54:58.558+0000] {logging_mixin.py:149} INFO - [2024-08-29T19:54:58.558+0000] {dag.py:3486} INFO - Setting next_dagrun for dataset_consumes_1 to None, run_after=None
[2024-08-29T19:54:58.564+0000] {logging_mixin.py:149} INFO - [2024-08-29T19:54:58.564+0000] {dag.py:3486} INFO - Setting next_dagrun for dataset_consumes_1_and_2 to None, run_after=None
[2024-08-29T19:54:58.565+0000] {logging_mixin.py:149} INFO - [2024-08-29T19:54:58.565+0000] {dag.py:3486} INFO - Setting next_dagrun for dataset_consumes_1_never_scheduled to None, run_after=None
[2024-08-29T19:54:58.566+0000] {logging_mixin.py:149} INFO - [2024-08-29T19:54:58.566+0000] {dag.py:3486} INFO - Setting next_dagrun for dataset_consumes_unknown_never_scheduled to None, run_after=None
[2024-08-29T19:54:58.569+0000] {logging_mixin.py:149} INFO - [2024-08-29T19:54:58.568+0000] {dag.py:3486} INFO - Setting next_dagrun for dataset_produces_1 to 2024-08-28T00:00:00+00:00, run_after=2024-08-29T00:00:00+00:00
[2024-08-29T19:54:58.569+0000] {logging_mixin.py:149} INFO - [2024-08-29T19:54:58.569+0000] {dag.py:3486} INFO - Setting next_dagrun for dataset_produces_2 to None, run_after=None
[2024-08-29T19:54:58.607+0000] {processor.py:179} INFO - Processing /home/airflow-vm/data-engineer-batch-processing-financial-services/.venv/lib/python3.10/site-packages/airflow/example_dags/example_datasets.py took 0.109 seconds
[2024-08-29T19:55:46.298+0000] {processor.py:157} INFO - Started process (PID=51864) to work on /home/airflow-vm/data-engineer-batch-processing-financial-services/.venv/lib/python3.10/site-packages/airflow/example_dags/example_datasets.py
[2024-08-29T19:55:46.299+0000] {processor.py:826} INFO - Processing file /home/airflow-vm/data-engineer-batch-processing-financial-services/.venv/lib/python3.10/site-packages/airflow/example_dags/example_datasets.py for tasks to queue
[2024-08-29T19:55:46.300+0000] {logging_mixin.py:149} INFO - [2024-08-29T19:55:46.300+0000] {dagbag.py:541} INFO - Filling up the DagBag from /home/airflow-vm/data-engineer-batch-processing-financial-services/.venv/lib/python3.10/site-packages/airflow/example_dags/example_datasets.py
[2024-08-29T19:55:46.309+0000] {processor.py:836} INFO - DAG(s) dict_keys(['dataset_consumes_1', 'dataset_consumes_1_and_2', 'dataset_produces_1', 'dataset_consumes_unknown_never_scheduled', 'dataset_consumes_1_never_scheduled', 'dataset_produces_2']) retrieved from /home/airflow-vm/data-engineer-batch-processing-financial-services/.venv/lib/python3.10/site-packages/airflow/example_dags/example_datasets.py
[2024-08-29T19:55:46.339+0000] {logging_mixin.py:149} INFO - [2024-08-29T19:55:46.339+0000] {dag.py:2726} INFO - Sync 6 DAGs
[2024-08-29T19:55:46.360+0000] {logging_mixin.py:149} INFO - [2024-08-29T19:55:46.360+0000] {dag.py:3486} INFO - Setting next_dagrun for dataset_consumes_1 to None, run_after=None
[2024-08-29T19:55:46.363+0000] {logging_mixin.py:149} INFO - [2024-08-29T19:55:46.363+0000] {dag.py:3486} INFO - Setting next_dagrun for dataset_consumes_1_and_2 to None, run_after=None
[2024-08-29T19:55:46.364+0000] {logging_mixin.py:149} INFO - [2024-08-29T19:55:46.364+0000] {dag.py:3486} INFO - Setting next_dagrun for dataset_consumes_1_never_scheduled to None, run_after=None
[2024-08-29T19:55:46.365+0000] {logging_mixin.py:149} INFO - [2024-08-29T19:55:46.365+0000] {dag.py:3486} INFO - Setting next_dagrun for dataset_consumes_unknown_never_scheduled to None, run_after=None
[2024-08-29T19:55:46.368+0000] {logging_mixin.py:149} INFO - [2024-08-29T19:55:46.368+0000] {dag.py:3486} INFO - Setting next_dagrun for dataset_produces_1 to 2024-08-28T00:00:00+00:00, run_after=2024-08-29T00:00:00+00:00
[2024-08-29T19:55:46.369+0000] {logging_mixin.py:149} INFO - [2024-08-29T19:55:46.369+0000] {dag.py:3486} INFO - Setting next_dagrun for dataset_produces_2 to None, run_after=None
[2024-08-29T19:55:46.408+0000] {processor.py:179} INFO - Processing /home/airflow-vm/data-engineer-batch-processing-financial-services/.venv/lib/python3.10/site-packages/airflow/example_dags/example_datasets.py took 0.112 seconds
[2024-08-29T20:11:48.715+0000] {processor.py:157} INFO - Started process (PID=56387) to work on /home/airflow-vm/data-engineer-batch-processing-financial-services/.venv/lib/python3.10/site-packages/airflow/example_dags/example_datasets.py
[2024-08-29T20:11:48.716+0000] {processor.py:826} INFO - Processing file /home/airflow-vm/data-engineer-batch-processing-financial-services/.venv/lib/python3.10/site-packages/airflow/example_dags/example_datasets.py for tasks to queue
[2024-08-29T20:11:48.716+0000] {logging_mixin.py:149} INFO - [2024-08-29T20:11:48.716+0000] {dagbag.py:541} INFO - Filling up the DagBag from /home/airflow-vm/data-engineer-batch-processing-financial-services/.venv/lib/python3.10/site-packages/airflow/example_dags/example_datasets.py
[2024-08-29T20:11:48.727+0000] {processor.py:836} INFO - DAG(s) dict_keys(['dataset_produces_1', 'dataset_consumes_unknown_never_scheduled', 'dataset_consumes_1', 'dataset_consumes_1_never_scheduled', 'dataset_consumes_1_and_2', 'dataset_produces_2']) retrieved from /home/airflow-vm/data-engineer-batch-processing-financial-services/.venv/lib/python3.10/site-packages/airflow/example_dags/example_datasets.py
[2024-08-29T20:11:48.791+0000] {logging_mixin.py:149} INFO - [2024-08-29T20:11:48.790+0000] {dag.py:2726} INFO - Sync 6 DAGs
[2024-08-29T20:11:48.810+0000] {logging_mixin.py:149} INFO - [2024-08-29T20:11:48.810+0000] {dag.py:3486} INFO - Setting next_dagrun for dataset_consumes_1 to None, run_after=None
[2024-08-29T20:11:48.812+0000] {logging_mixin.py:149} INFO - [2024-08-29T20:11:48.812+0000] {dag.py:3486} INFO - Setting next_dagrun for dataset_consumes_1_and_2 to None, run_after=None
[2024-08-29T20:11:48.813+0000] {logging_mixin.py:149} INFO - [2024-08-29T20:11:48.813+0000] {dag.py:3486} INFO - Setting next_dagrun for dataset_consumes_1_never_scheduled to None, run_after=None
[2024-08-29T20:11:48.814+0000] {logging_mixin.py:149} INFO - [2024-08-29T20:11:48.814+0000] {dag.py:3486} INFO - Setting next_dagrun for dataset_consumes_unknown_never_scheduled to None, run_after=None
[2024-08-29T20:11:48.817+0000] {logging_mixin.py:149} INFO - [2024-08-29T20:11:48.817+0000] {dag.py:3486} INFO - Setting next_dagrun for dataset_produces_1 to 2024-08-28T00:00:00+00:00, run_after=2024-08-29T00:00:00+00:00
[2024-08-29T20:11:48.818+0000] {logging_mixin.py:149} INFO - [2024-08-29T20:11:48.818+0000] {dag.py:3486} INFO - Setting next_dagrun for dataset_produces_2 to None, run_after=None
[2024-08-29T20:11:48.855+0000] {processor.py:179} INFO - Processing /home/airflow-vm/data-engineer-batch-processing-financial-services/.venv/lib/python3.10/site-packages/airflow/example_dags/example_datasets.py took 0.142 seconds
[2024-08-29T20:12:35.241+0000] {processor.py:157} INFO - Started process (PID=56704) to work on /home/airflow-vm/data-engineer-batch-processing-financial-services/.venv/lib/python3.10/site-packages/airflow/example_dags/example_datasets.py
[2024-08-29T20:12:35.241+0000] {processor.py:826} INFO - Processing file /home/airflow-vm/data-engineer-batch-processing-financial-services/.venv/lib/python3.10/site-packages/airflow/example_dags/example_datasets.py for tasks to queue
[2024-08-29T20:12:35.242+0000] {logging_mixin.py:149} INFO - [2024-08-29T20:12:35.242+0000] {dagbag.py:541} INFO - Filling up the DagBag from /home/airflow-vm/data-engineer-batch-processing-financial-services/.venv/lib/python3.10/site-packages/airflow/example_dags/example_datasets.py
[2024-08-29T20:12:35.250+0000] {processor.py:836} INFO - DAG(s) dict_keys(['dataset_produces_1', 'dataset_consumes_1_never_scheduled', 'dataset_consumes_unknown_never_scheduled', 'dataset_consumes_1_and_2', 'dataset_produces_2', 'dataset_consumes_1']) retrieved from /home/airflow-vm/data-engineer-batch-processing-financial-services/.venv/lib/python3.10/site-packages/airflow/example_dags/example_datasets.py
[2024-08-29T20:12:35.283+0000] {logging_mixin.py:149} INFO - [2024-08-29T20:12:35.283+0000] {dag.py:2726} INFO - Sync 6 DAGs
[2024-08-29T20:12:35.303+0000] {logging_mixin.py:149} INFO - [2024-08-29T20:12:35.303+0000] {dag.py:3486} INFO - Setting next_dagrun for dataset_consumes_1 to None, run_after=None
[2024-08-29T20:12:35.306+0000] {logging_mixin.py:149} INFO - [2024-08-29T20:12:35.306+0000] {dag.py:3486} INFO - Setting next_dagrun for dataset_consumes_1_and_2 to None, run_after=None
[2024-08-29T20:12:35.307+0000] {logging_mixin.py:149} INFO - [2024-08-29T20:12:35.307+0000] {dag.py:3486} INFO - Setting next_dagrun for dataset_consumes_1_never_scheduled to None, run_after=None
[2024-08-29T20:12:35.308+0000] {logging_mixin.py:149} INFO - [2024-08-29T20:12:35.308+0000] {dag.py:3486} INFO - Setting next_dagrun for dataset_consumes_unknown_never_scheduled to None, run_after=None
[2024-08-29T20:12:35.310+0000] {logging_mixin.py:149} INFO - [2024-08-29T20:12:35.310+0000] {dag.py:3486} INFO - Setting next_dagrun for dataset_produces_1 to 2024-08-28T00:00:00+00:00, run_after=2024-08-29T00:00:00+00:00
[2024-08-29T20:12:35.311+0000] {logging_mixin.py:149} INFO - [2024-08-29T20:12:35.311+0000] {dag.py:3486} INFO - Setting next_dagrun for dataset_produces_2 to None, run_after=None
[2024-08-29T20:12:35.350+0000] {processor.py:179} INFO - Processing /home/airflow-vm/data-engineer-batch-processing-financial-services/.venv/lib/python3.10/site-packages/airflow/example_dags/example_datasets.py took 0.112 seconds
[2024-08-29T20:13:19.693+0000] {processor.py:157} INFO - Started process (PID=56889) to work on /home/airflow-vm/data-engineer-batch-processing-financial-services/.venv/lib/python3.10/site-packages/airflow/example_dags/example_datasets.py
[2024-08-29T20:13:19.694+0000] {processor.py:826} INFO - Processing file /home/airflow-vm/data-engineer-batch-processing-financial-services/.venv/lib/python3.10/site-packages/airflow/example_dags/example_datasets.py for tasks to queue
[2024-08-29T20:13:19.694+0000] {logging_mixin.py:149} INFO - [2024-08-29T20:13:19.694+0000] {dagbag.py:541} INFO - Filling up the DagBag from /home/airflow-vm/data-engineer-batch-processing-financial-services/.venv/lib/python3.10/site-packages/airflow/example_dags/example_datasets.py
[2024-08-29T20:13:19.704+0000] {processor.py:836} INFO - DAG(s) dict_keys(['dataset_consumes_1_never_scheduled', 'dataset_produces_1', 'dataset_consumes_1', 'dataset_produces_2', 'dataset_consumes_unknown_never_scheduled', 'dataset_consumes_1_and_2']) retrieved from /home/airflow-vm/data-engineer-batch-processing-financial-services/.venv/lib/python3.10/site-packages/airflow/example_dags/example_datasets.py
[2024-08-29T20:13:19.733+0000] {logging_mixin.py:149} INFO - [2024-08-29T20:13:19.733+0000] {dag.py:2726} INFO - Sync 6 DAGs
[2024-08-29T20:13:19.754+0000] {logging_mixin.py:149} INFO - [2024-08-29T20:13:19.753+0000] {dag.py:3486} INFO - Setting next_dagrun for dataset_consumes_1 to None, run_after=None
[2024-08-29T20:13:19.757+0000] {logging_mixin.py:149} INFO - [2024-08-29T20:13:19.756+0000] {dag.py:3486} INFO - Setting next_dagrun for dataset_consumes_1_and_2 to None, run_after=None
[2024-08-29T20:13:19.757+0000] {logging_mixin.py:149} INFO - [2024-08-29T20:13:19.757+0000] {dag.py:3486} INFO - Setting next_dagrun for dataset_consumes_1_never_scheduled to None, run_after=None
[2024-08-29T20:13:19.758+0000] {logging_mixin.py:149} INFO - [2024-08-29T20:13:19.758+0000] {dag.py:3486} INFO - Setting next_dagrun for dataset_consumes_unknown_never_scheduled to None, run_after=None
[2024-08-29T20:13:19.761+0000] {logging_mixin.py:149} INFO - [2024-08-29T20:13:19.761+0000] {dag.py:3486} INFO - Setting next_dagrun for dataset_produces_1 to 2024-08-28T00:00:00+00:00, run_after=2024-08-29T00:00:00+00:00
[2024-08-29T20:13:19.762+0000] {logging_mixin.py:149} INFO - [2024-08-29T20:13:19.762+0000] {dag.py:3486} INFO - Setting next_dagrun for dataset_produces_2 to None, run_after=None
[2024-08-29T20:13:19.797+0000] {processor.py:179} INFO - Processing /home/airflow-vm/data-engineer-batch-processing-financial-services/.venv/lib/python3.10/site-packages/airflow/example_dags/example_datasets.py took 0.107 seconds
[2024-08-29T20:15:16.899+0000] {processor.py:157} INFO - Started process (PID=57458) to work on /home/airflow-vm/data-engineer-batch-processing-financial-services/.venv/lib/python3.10/site-packages/airflow/example_dags/example_datasets.py
[2024-08-29T20:15:16.899+0000] {processor.py:826} INFO - Processing file /home/airflow-vm/data-engineer-batch-processing-financial-services/.venv/lib/python3.10/site-packages/airflow/example_dags/example_datasets.py for tasks to queue
[2024-08-29T20:15:16.900+0000] {logging_mixin.py:149} INFO - [2024-08-29T20:15:16.900+0000] {dagbag.py:541} INFO - Filling up the DagBag from /home/airflow-vm/data-engineer-batch-processing-financial-services/.venv/lib/python3.10/site-packages/airflow/example_dags/example_datasets.py
[2024-08-29T20:15:16.912+0000] {processor.py:836} INFO - DAG(s) dict_keys(['dataset_consumes_1_never_scheduled', 'dataset_consumes_1', 'dataset_consumes_unknown_never_scheduled', 'dataset_produces_2', 'dataset_produces_1', 'dataset_consumes_1_and_2']) retrieved from /home/airflow-vm/data-engineer-batch-processing-financial-services/.venv/lib/python3.10/site-packages/airflow/example_dags/example_datasets.py
[2024-08-29T20:15:16.967+0000] {logging_mixin.py:149} INFO - [2024-08-29T20:15:16.967+0000] {dag.py:2726} INFO - Sync 6 DAGs
[2024-08-29T20:15:16.986+0000] {logging_mixin.py:149} INFO - [2024-08-29T20:15:16.986+0000] {dag.py:3486} INFO - Setting next_dagrun for dataset_consumes_1 to None, run_after=None
[2024-08-29T20:15:16.988+0000] {logging_mixin.py:149} INFO - [2024-08-29T20:15:16.988+0000] {dag.py:3486} INFO - Setting next_dagrun for dataset_consumes_1_and_2 to None, run_after=None
[2024-08-29T20:15:16.989+0000] {logging_mixin.py:149} INFO - [2024-08-29T20:15:16.989+0000] {dag.py:3486} INFO - Setting next_dagrun for dataset_consumes_1_never_scheduled to None, run_after=None
[2024-08-29T20:15:16.990+0000] {logging_mixin.py:149} INFO - [2024-08-29T20:15:16.990+0000] {dag.py:3486} INFO - Setting next_dagrun for dataset_consumes_unknown_never_scheduled to None, run_after=None
[2024-08-29T20:15:16.992+0000] {logging_mixin.py:149} INFO - [2024-08-29T20:15:16.992+0000] {dag.py:3486} INFO - Setting next_dagrun for dataset_produces_1 to 2024-08-28T00:00:00+00:00, run_after=2024-08-29T00:00:00+00:00
[2024-08-29T20:15:16.993+0000] {logging_mixin.py:149} INFO - [2024-08-29T20:15:16.993+0000] {dag.py:3486} INFO - Setting next_dagrun for dataset_produces_2 to None, run_after=None
[2024-08-29T20:15:17.030+0000] {processor.py:179} INFO - Processing /home/airflow-vm/data-engineer-batch-processing-financial-services/.venv/lib/python3.10/site-packages/airflow/example_dags/example_datasets.py took 0.133 seconds
[2024-08-29T20:16:02.274+0000] {processor.py:157} INFO - Started process (PID=57966) to work on /home/airflow-vm/data-engineer-batch-processing-financial-services/.venv/lib/python3.10/site-packages/airflow/example_dags/example_datasets.py
[2024-08-29T20:16:02.275+0000] {processor.py:826} INFO - Processing file /home/airflow-vm/data-engineer-batch-processing-financial-services/.venv/lib/python3.10/site-packages/airflow/example_dags/example_datasets.py for tasks to queue
[2024-08-29T20:16:02.276+0000] {logging_mixin.py:149} INFO - [2024-08-29T20:16:02.276+0000] {dagbag.py:541} INFO - Filling up the DagBag from /home/airflow-vm/data-engineer-batch-processing-financial-services/.venv/lib/python3.10/site-packages/airflow/example_dags/example_datasets.py
[2024-08-29T20:16:02.284+0000] {processor.py:836} INFO - DAG(s) dict_keys(['dataset_consumes_unknown_never_scheduled', 'dataset_produces_2', 'dataset_consumes_1_and_2', 'dataset_produces_1', 'dataset_consumes_1', 'dataset_consumes_1_never_scheduled']) retrieved from /home/airflow-vm/data-engineer-batch-processing-financial-services/.venv/lib/python3.10/site-packages/airflow/example_dags/example_datasets.py
[2024-08-29T20:16:02.314+0000] {logging_mixin.py:149} INFO - [2024-08-29T20:16:02.314+0000] {dag.py:2726} INFO - Sync 6 DAGs
[2024-08-29T20:16:02.334+0000] {logging_mixin.py:149} INFO - [2024-08-29T20:16:02.333+0000] {dag.py:3486} INFO - Setting next_dagrun for dataset_consumes_1 to None, run_after=None
[2024-08-29T20:16:02.336+0000] {logging_mixin.py:149} INFO - [2024-08-29T20:16:02.336+0000] {dag.py:3486} INFO - Setting next_dagrun for dataset_consumes_1_and_2 to None, run_after=None
[2024-08-29T20:16:02.337+0000] {logging_mixin.py:149} INFO - [2024-08-29T20:16:02.337+0000] {dag.py:3486} INFO - Setting next_dagrun for dataset_consumes_1_never_scheduled to None, run_after=None
[2024-08-29T20:16:02.338+0000] {logging_mixin.py:149} INFO - [2024-08-29T20:16:02.338+0000] {dag.py:3486} INFO - Setting next_dagrun for dataset_consumes_unknown_never_scheduled to None, run_after=None
[2024-08-29T20:16:02.341+0000] {logging_mixin.py:149} INFO - [2024-08-29T20:16:02.341+0000] {dag.py:3486} INFO - Setting next_dagrun for dataset_produces_1 to 2024-08-28T00:00:00+00:00, run_after=2024-08-29T00:00:00+00:00
[2024-08-29T20:16:02.342+0000] {logging_mixin.py:149} INFO - [2024-08-29T20:16:02.341+0000] {dag.py:3486} INFO - Setting next_dagrun for dataset_produces_2 to None, run_after=None
[2024-08-29T20:16:02.378+0000] {processor.py:179} INFO - Processing /home/airflow-vm/data-engineer-batch-processing-financial-services/.venv/lib/python3.10/site-packages/airflow/example_dags/example_datasets.py took 0.106 seconds
[2024-08-29T20:24:16.393+0000] {processor.py:157} INFO - Started process (PID=61135) to work on /home/airflow-vm/data-engineer-batch-processing-financial-services/.venv/lib/python3.10/site-packages/airflow/example_dags/example_datasets.py
[2024-08-29T20:24:16.394+0000] {processor.py:826} INFO - Processing file /home/airflow-vm/data-engineer-batch-processing-financial-services/.venv/lib/python3.10/site-packages/airflow/example_dags/example_datasets.py for tasks to queue
[2024-08-29T20:24:16.395+0000] {logging_mixin.py:149} INFO - [2024-08-29T20:24:16.395+0000] {dagbag.py:541} INFO - Filling up the DagBag from /home/airflow-vm/data-engineer-batch-processing-financial-services/.venv/lib/python3.10/site-packages/airflow/example_dags/example_datasets.py
[2024-08-29T20:24:16.406+0000] {processor.py:836} INFO - DAG(s) dict_keys(['dataset_consumes_1_never_scheduled', 'dataset_produces_2', 'dataset_consumes_1_and_2', 'dataset_produces_1', 'dataset_consumes_unknown_never_scheduled', 'dataset_consumes_1']) retrieved from /home/airflow-vm/data-engineer-batch-processing-financial-services/.venv/lib/python3.10/site-packages/airflow/example_dags/example_datasets.py
[2024-08-29T20:24:16.462+0000] {logging_mixin.py:149} INFO - [2024-08-29T20:24:16.462+0000] {dag.py:2726} INFO - Sync 6 DAGs
[2024-08-29T20:24:16.481+0000] {logging_mixin.py:149} INFO - [2024-08-29T20:24:16.481+0000] {dag.py:3486} INFO - Setting next_dagrun for dataset_consumes_1 to None, run_after=None
[2024-08-29T20:24:16.483+0000] {logging_mixin.py:149} INFO - [2024-08-29T20:24:16.483+0000] {dag.py:3486} INFO - Setting next_dagrun for dataset_consumes_1_and_2 to None, run_after=None
[2024-08-29T20:24:16.484+0000] {logging_mixin.py:149} INFO - [2024-08-29T20:24:16.484+0000] {dag.py:3486} INFO - Setting next_dagrun for dataset_consumes_1_never_scheduled to None, run_after=None
[2024-08-29T20:24:16.485+0000] {logging_mixin.py:149} INFO - [2024-08-29T20:24:16.485+0000] {dag.py:3486} INFO - Setting next_dagrun for dataset_consumes_unknown_never_scheduled to None, run_after=None
[2024-08-29T20:24:16.488+0000] {logging_mixin.py:149} INFO - [2024-08-29T20:24:16.488+0000] {dag.py:3486} INFO - Setting next_dagrun for dataset_produces_1 to 2024-08-28T00:00:00+00:00, run_after=2024-08-29T00:00:00+00:00
[2024-08-29T20:24:16.489+0000] {logging_mixin.py:149} INFO - [2024-08-29T20:24:16.488+0000] {dag.py:3486} INFO - Setting next_dagrun for dataset_produces_2 to None, run_after=None
[2024-08-29T20:24:16.526+0000] {processor.py:179} INFO - Processing /home/airflow-vm/data-engineer-batch-processing-financial-services/.venv/lib/python3.10/site-packages/airflow/example_dags/example_datasets.py took 0.135 seconds
[2024-08-29T20:26:12.147+0000] {processor.py:157} INFO - Started process (PID=62628) to work on /home/airflow-vm/data-engineer-batch-processing-financial-services/.venv/lib/python3.10/site-packages/airflow/example_dags/example_datasets.py
[2024-08-29T20:26:12.148+0000] {processor.py:826} INFO - Processing file /home/airflow-vm/data-engineer-batch-processing-financial-services/.venv/lib/python3.10/site-packages/airflow/example_dags/example_datasets.py for tasks to queue
[2024-08-29T20:26:12.148+0000] {logging_mixin.py:149} INFO - [2024-08-29T20:26:12.148+0000] {dagbag.py:541} INFO - Filling up the DagBag from /home/airflow-vm/data-engineer-batch-processing-financial-services/.venv/lib/python3.10/site-packages/airflow/example_dags/example_datasets.py
[2024-08-29T20:26:12.156+0000] {processor.py:836} INFO - DAG(s) dict_keys(['dataset_produces_1', 'dataset_produces_2', 'dataset_consumes_1_and_2', 'dataset_consumes_1_never_scheduled', 'dataset_consumes_1', 'dataset_consumes_unknown_never_scheduled']) retrieved from /home/airflow-vm/data-engineer-batch-processing-financial-services/.venv/lib/python3.10/site-packages/airflow/example_dags/example_datasets.py
[2024-08-29T20:26:12.185+0000] {logging_mixin.py:149} INFO - [2024-08-29T20:26:12.185+0000] {dag.py:2726} INFO - Sync 6 DAGs
[2024-08-29T20:26:12.205+0000] {logging_mixin.py:149} INFO - [2024-08-29T20:26:12.205+0000] {dag.py:3486} INFO - Setting next_dagrun for dataset_consumes_1 to None, run_after=None
[2024-08-29T20:26:12.207+0000] {logging_mixin.py:149} INFO - [2024-08-29T20:26:12.207+0000] {dag.py:3486} INFO - Setting next_dagrun for dataset_consumes_1_and_2 to None, run_after=None
[2024-08-29T20:26:12.208+0000] {logging_mixin.py:149} INFO - [2024-08-29T20:26:12.208+0000] {dag.py:3486} INFO - Setting next_dagrun for dataset_consumes_1_never_scheduled to None, run_after=None
[2024-08-29T20:26:12.209+0000] {logging_mixin.py:149} INFO - [2024-08-29T20:26:12.209+0000] {dag.py:3486} INFO - Setting next_dagrun for dataset_consumes_unknown_never_scheduled to None, run_after=None
[2024-08-29T20:26:12.212+0000] {logging_mixin.py:149} INFO - [2024-08-29T20:26:12.212+0000] {dag.py:3486} INFO - Setting next_dagrun for dataset_produces_1 to 2024-08-28T00:00:00+00:00, run_after=2024-08-29T00:00:00+00:00
[2024-08-29T20:26:12.213+0000] {logging_mixin.py:149} INFO - [2024-08-29T20:26:12.212+0000] {dag.py:3486} INFO - Setting next_dagrun for dataset_produces_2 to None, run_after=None
[2024-08-29T20:26:12.247+0000] {processor.py:179} INFO - Processing /home/airflow-vm/data-engineer-batch-processing-financial-services/.venv/lib/python3.10/site-packages/airflow/example_dags/example_datasets.py took 0.102 seconds
[2024-08-29T20:27:10.415+0000] {processor.py:157} INFO - Started process (PID=63358) to work on /home/airflow-vm/data-engineer-batch-processing-financial-services/.venv/lib/python3.10/site-packages/airflow/example_dags/example_datasets.py
[2024-08-29T20:27:10.415+0000] {processor.py:826} INFO - Processing file /home/airflow-vm/data-engineer-batch-processing-financial-services/.venv/lib/python3.10/site-packages/airflow/example_dags/example_datasets.py for tasks to queue
[2024-08-29T20:27:10.416+0000] {logging_mixin.py:149} INFO - [2024-08-29T20:27:10.416+0000] {dagbag.py:541} INFO - Filling up the DagBag from /home/airflow-vm/data-engineer-batch-processing-financial-services/.venv/lib/python3.10/site-packages/airflow/example_dags/example_datasets.py
[2024-08-29T20:27:10.424+0000] {processor.py:836} INFO - DAG(s) dict_keys(['dataset_consumes_unknown_never_scheduled', 'dataset_consumes_1', 'dataset_consumes_1_never_scheduled', 'dataset_consumes_1_and_2', 'dataset_produces_1', 'dataset_produces_2']) retrieved from /home/airflow-vm/data-engineer-batch-processing-financial-services/.venv/lib/python3.10/site-packages/airflow/example_dags/example_datasets.py
[2024-08-29T20:27:10.453+0000] {logging_mixin.py:149} INFO - [2024-08-29T20:27:10.453+0000] {dag.py:2726} INFO - Sync 6 DAGs
[2024-08-29T20:27:10.473+0000] {logging_mixin.py:149} INFO - [2024-08-29T20:27:10.473+0000] {dag.py:3486} INFO - Setting next_dagrun for dataset_consumes_1 to None, run_after=None
[2024-08-29T20:27:10.476+0000] {logging_mixin.py:149} INFO - [2024-08-29T20:27:10.476+0000] {dag.py:3486} INFO - Setting next_dagrun for dataset_consumes_1_and_2 to None, run_after=None
[2024-08-29T20:27:10.477+0000] {logging_mixin.py:149} INFO - [2024-08-29T20:27:10.476+0000] {dag.py:3486} INFO - Setting next_dagrun for dataset_consumes_1_never_scheduled to None, run_after=None
[2024-08-29T20:27:10.477+0000] {logging_mixin.py:149} INFO - [2024-08-29T20:27:10.477+0000] {dag.py:3486} INFO - Setting next_dagrun for dataset_consumes_unknown_never_scheduled to None, run_after=None
[2024-08-29T20:27:10.480+0000] {logging_mixin.py:149} INFO - [2024-08-29T20:27:10.480+0000] {dag.py:3486} INFO - Setting next_dagrun for dataset_produces_1 to 2024-08-28T00:00:00+00:00, run_after=2024-08-29T00:00:00+00:00
[2024-08-29T20:27:10.481+0000] {logging_mixin.py:149} INFO - [2024-08-29T20:27:10.481+0000] {dag.py:3486} INFO - Setting next_dagrun for dataset_produces_2 to None, run_after=None
[2024-08-29T20:27:10.516+0000] {processor.py:179} INFO - Processing /home/airflow-vm/data-engineer-batch-processing-financial-services/.venv/lib/python3.10/site-packages/airflow/example_dags/example_datasets.py took 0.103 seconds
[2024-08-29T20:27:52.680+0000] {processor.py:157} INFO - Started process (PID=63546) to work on /home/airflow-vm/data-engineer-batch-processing-financial-services/.venv/lib/python3.10/site-packages/airflow/example_dags/example_datasets.py
[2024-08-29T20:27:52.680+0000] {processor.py:826} INFO - Processing file /home/airflow-vm/data-engineer-batch-processing-financial-services/.venv/lib/python3.10/site-packages/airflow/example_dags/example_datasets.py for tasks to queue
[2024-08-29T20:27:52.681+0000] {logging_mixin.py:149} INFO - [2024-08-29T20:27:52.681+0000] {dagbag.py:541} INFO - Filling up the DagBag from /home/airflow-vm/data-engineer-batch-processing-financial-services/.venv/lib/python3.10/site-packages/airflow/example_dags/example_datasets.py
[2024-08-29T20:27:52.689+0000] {processor.py:836} INFO - DAG(s) dict_keys(['dataset_consumes_unknown_never_scheduled', 'dataset_consumes_1_never_scheduled', 'dataset_consumes_1_and_2', 'dataset_consumes_1', 'dataset_produces_1', 'dataset_produces_2']) retrieved from /home/airflow-vm/data-engineer-batch-processing-financial-services/.venv/lib/python3.10/site-packages/airflow/example_dags/example_datasets.py
[2024-08-29T20:27:52.717+0000] {logging_mixin.py:149} INFO - [2024-08-29T20:27:52.717+0000] {dag.py:2726} INFO - Sync 6 DAGs
[2024-08-29T20:27:52.736+0000] {logging_mixin.py:149} INFO - [2024-08-29T20:27:52.736+0000] {dag.py:3486} INFO - Setting next_dagrun for dataset_consumes_1 to None, run_after=None
[2024-08-29T20:27:52.739+0000] {logging_mixin.py:149} INFO - [2024-08-29T20:27:52.739+0000] {dag.py:3486} INFO - Setting next_dagrun for dataset_consumes_1_and_2 to None, run_after=None
[2024-08-29T20:27:52.740+0000] {logging_mixin.py:149} INFO - [2024-08-29T20:27:52.740+0000] {dag.py:3486} INFO - Setting next_dagrun for dataset_consumes_1_never_scheduled to None, run_after=None
[2024-08-29T20:27:52.741+0000] {logging_mixin.py:149} INFO - [2024-08-29T20:27:52.741+0000] {dag.py:3486} INFO - Setting next_dagrun for dataset_consumes_unknown_never_scheduled to None, run_after=None
[2024-08-29T20:27:52.743+0000] {logging_mixin.py:149} INFO - [2024-08-29T20:27:52.743+0000] {dag.py:3486} INFO - Setting next_dagrun for dataset_produces_1 to 2024-08-28T00:00:00+00:00, run_after=2024-08-29T00:00:00+00:00
[2024-08-29T20:27:52.744+0000] {logging_mixin.py:149} INFO - [2024-08-29T20:27:52.744+0000] {dag.py:3486} INFO - Setting next_dagrun for dataset_produces_2 to None, run_after=None
[2024-08-29T20:27:52.780+0000] {processor.py:179} INFO - Processing /home/airflow-vm/data-engineer-batch-processing-financial-services/.venv/lib/python3.10/site-packages/airflow/example_dags/example_datasets.py took 0.103 seconds
[2024-08-29T20:28:39.380+0000] {processor.py:157} INFO - Started process (PID=63850) to work on /home/airflow-vm/data-engineer-batch-processing-financial-services/.venv/lib/python3.10/site-packages/airflow/example_dags/example_datasets.py
[2024-08-29T20:28:39.381+0000] {processor.py:826} INFO - Processing file /home/airflow-vm/data-engineer-batch-processing-financial-services/.venv/lib/python3.10/site-packages/airflow/example_dags/example_datasets.py for tasks to queue
[2024-08-29T20:28:39.381+0000] {logging_mixin.py:149} INFO - [2024-08-29T20:28:39.381+0000] {dagbag.py:541} INFO - Filling up the DagBag from /home/airflow-vm/data-engineer-batch-processing-financial-services/.venv/lib/python3.10/site-packages/airflow/example_dags/example_datasets.py
[2024-08-29T20:28:39.389+0000] {processor.py:836} INFO - DAG(s) dict_keys(['dataset_consumes_1_never_scheduled', 'dataset_consumes_unknown_never_scheduled', 'dataset_produces_1', 'dataset_consumes_1', 'dataset_consumes_1_and_2', 'dataset_produces_2']) retrieved from /home/airflow-vm/data-engineer-batch-processing-financial-services/.venv/lib/python3.10/site-packages/airflow/example_dags/example_datasets.py
[2024-08-29T20:28:39.417+0000] {logging_mixin.py:149} INFO - [2024-08-29T20:28:39.417+0000] {dag.py:2726} INFO - Sync 6 DAGs
[2024-08-29T20:28:39.437+0000] {logging_mixin.py:149} INFO - [2024-08-29T20:28:39.437+0000] {dag.py:3486} INFO - Setting next_dagrun for dataset_consumes_1 to None, run_after=None
[2024-08-29T20:28:39.440+0000] {logging_mixin.py:149} INFO - [2024-08-29T20:28:39.440+0000] {dag.py:3486} INFO - Setting next_dagrun for dataset_consumes_1_and_2 to None, run_after=None
[2024-08-29T20:28:39.441+0000] {logging_mixin.py:149} INFO - [2024-08-29T20:28:39.441+0000] {dag.py:3486} INFO - Setting next_dagrun for dataset_consumes_1_never_scheduled to None, run_after=None
[2024-08-29T20:28:39.442+0000] {logging_mixin.py:149} INFO - [2024-08-29T20:28:39.442+0000] {dag.py:3486} INFO - Setting next_dagrun for dataset_consumes_unknown_never_scheduled to None, run_after=None
[2024-08-29T20:28:39.444+0000] {logging_mixin.py:149} INFO - [2024-08-29T20:28:39.444+0000] {dag.py:3486} INFO - Setting next_dagrun for dataset_produces_1 to 2024-08-28T00:00:00+00:00, run_after=2024-08-29T00:00:00+00:00
[2024-08-29T20:28:39.445+0000] {logging_mixin.py:149} INFO - [2024-08-29T20:28:39.445+0000] {dag.py:3486} INFO - Setting next_dagrun for dataset_produces_2 to None, run_after=None
[2024-08-29T20:28:39.481+0000] {processor.py:179} INFO - Processing /home/airflow-vm/data-engineer-batch-processing-financial-services/.venv/lib/python3.10/site-packages/airflow/example_dags/example_datasets.py took 0.103 seconds
[2024-08-29T20:31:16.640+0000] {processor.py:157} INFO - Started process (PID=65599) to work on /home/airflow-vm/data-engineer-batch-processing-financial-services/.venv/lib/python3.10/site-packages/airflow/example_dags/example_datasets.py
[2024-08-29T20:31:16.641+0000] {processor.py:826} INFO - Processing file /home/airflow-vm/data-engineer-batch-processing-financial-services/.venv/lib/python3.10/site-packages/airflow/example_dags/example_datasets.py for tasks to queue
[2024-08-29T20:31:16.642+0000] {logging_mixin.py:149} INFO - [2024-08-29T20:31:16.642+0000] {dagbag.py:541} INFO - Filling up the DagBag from /home/airflow-vm/data-engineer-batch-processing-financial-services/.venv/lib/python3.10/site-packages/airflow/example_dags/example_datasets.py
[2024-08-29T20:31:16.653+0000] {processor.py:836} INFO - DAG(s) dict_keys(['dataset_consumes_1_never_scheduled', 'dataset_consumes_1', 'dataset_consumes_unknown_never_scheduled', 'dataset_produces_1', 'dataset_consumes_1_and_2', 'dataset_produces_2']) retrieved from /home/airflow-vm/data-engineer-batch-processing-financial-services/.venv/lib/python3.10/site-packages/airflow/example_dags/example_datasets.py
[2024-08-29T20:31:16.716+0000] {logging_mixin.py:149} INFO - [2024-08-29T20:31:16.716+0000] {dag.py:2726} INFO - Sync 6 DAGs
[2024-08-29T20:31:16.735+0000] {logging_mixin.py:149} INFO - [2024-08-29T20:31:16.735+0000] {dag.py:3486} INFO - Setting next_dagrun for dataset_consumes_1 to None, run_after=None
[2024-08-29T20:31:16.738+0000] {logging_mixin.py:149} INFO - [2024-08-29T20:31:16.738+0000] {dag.py:3486} INFO - Setting next_dagrun for dataset_consumes_1_and_2 to None, run_after=None
[2024-08-29T20:31:16.739+0000] {logging_mixin.py:149} INFO - [2024-08-29T20:31:16.739+0000] {dag.py:3486} INFO - Setting next_dagrun for dataset_consumes_1_never_scheduled to None, run_after=None
[2024-08-29T20:31:16.740+0000] {logging_mixin.py:149} INFO - [2024-08-29T20:31:16.740+0000] {dag.py:3486} INFO - Setting next_dagrun for dataset_consumes_unknown_never_scheduled to None, run_after=None
[2024-08-29T20:31:16.743+0000] {logging_mixin.py:149} INFO - [2024-08-29T20:31:16.743+0000] {dag.py:3486} INFO - Setting next_dagrun for dataset_produces_1 to 2024-08-28T00:00:00+00:00, run_after=2024-08-29T00:00:00+00:00
[2024-08-29T20:31:16.744+0000] {logging_mixin.py:149} INFO - [2024-08-29T20:31:16.744+0000] {dag.py:3486} INFO - Setting next_dagrun for dataset_produces_2 to None, run_after=None
[2024-08-29T20:31:16.912+0000] {processor.py:179} INFO - Processing /home/airflow-vm/data-engineer-batch-processing-financial-services/.venv/lib/python3.10/site-packages/airflow/example_dags/example_datasets.py took 0.274 seconds
[2024-08-29T20:33:08.530+0000] {processor.py:157} INFO - Started process (PID=67019) to work on /home/airflow-vm/data-engineer-batch-processing-financial-services/.venv/lib/python3.10/site-packages/airflow/example_dags/example_datasets.py
[2024-08-29T20:33:08.531+0000] {processor.py:826} INFO - Processing file /home/airflow-vm/data-engineer-batch-processing-financial-services/.venv/lib/python3.10/site-packages/airflow/example_dags/example_datasets.py for tasks to queue
[2024-08-29T20:33:08.531+0000] {logging_mixin.py:149} INFO - [2024-08-29T20:33:08.531+0000] {dagbag.py:541} INFO - Filling up the DagBag from /home/airflow-vm/data-engineer-batch-processing-financial-services/.venv/lib/python3.10/site-packages/airflow/example_dags/example_datasets.py
[2024-08-29T20:33:08.539+0000] {processor.py:836} INFO - DAG(s) dict_keys(['dataset_produces_2', 'dataset_consumes_1_never_scheduled', 'dataset_consumes_1_and_2', 'dataset_consumes_1', 'dataset_consumes_unknown_never_scheduled', 'dataset_produces_1']) retrieved from /home/airflow-vm/data-engineer-batch-processing-financial-services/.venv/lib/python3.10/site-packages/airflow/example_dags/example_datasets.py
[2024-08-29T20:33:08.569+0000] {logging_mixin.py:149} INFO - [2024-08-29T20:33:08.569+0000] {dag.py:2726} INFO - Sync 6 DAGs
[2024-08-29T20:33:08.588+0000] {logging_mixin.py:149} INFO - [2024-08-29T20:33:08.588+0000] {dag.py:3486} INFO - Setting next_dagrun for dataset_consumes_1 to None, run_after=None
[2024-08-29T20:33:08.591+0000] {logging_mixin.py:149} INFO - [2024-08-29T20:33:08.591+0000] {dag.py:3486} INFO - Setting next_dagrun for dataset_consumes_1_and_2 to None, run_after=None
[2024-08-29T20:33:08.592+0000] {logging_mixin.py:149} INFO - [2024-08-29T20:33:08.592+0000] {dag.py:3486} INFO - Setting next_dagrun for dataset_consumes_1_never_scheduled to None, run_after=None
[2024-08-29T20:33:08.593+0000] {logging_mixin.py:149} INFO - [2024-08-29T20:33:08.593+0000] {dag.py:3486} INFO - Setting next_dagrun for dataset_consumes_unknown_never_scheduled to None, run_after=None
[2024-08-29T20:33:08.595+0000] {logging_mixin.py:149} INFO - [2024-08-29T20:33:08.595+0000] {dag.py:3486} INFO - Setting next_dagrun for dataset_produces_1 to 2024-08-28T00:00:00+00:00, run_after=2024-08-29T00:00:00+00:00
[2024-08-29T20:33:08.596+0000] {logging_mixin.py:149} INFO - [2024-08-29T20:33:08.596+0000] {dag.py:3486} INFO - Setting next_dagrun for dataset_produces_2 to None, run_after=None
[2024-08-29T20:33:08.631+0000] {processor.py:179} INFO - Processing /home/airflow-vm/data-engineer-batch-processing-financial-services/.venv/lib/python3.10/site-packages/airflow/example_dags/example_datasets.py took 0.103 seconds
[2024-08-29T20:34:32.070+0000] {processor.py:157} INFO - Started process (PID=68086) to work on /home/airflow-vm/data-engineer-batch-processing-financial-services/.venv/lib/python3.10/site-packages/airflow/example_dags/example_datasets.py
[2024-08-29T20:34:32.071+0000] {processor.py:826} INFO - Processing file /home/airflow-vm/data-engineer-batch-processing-financial-services/.venv/lib/python3.10/site-packages/airflow/example_dags/example_datasets.py for tasks to queue
[2024-08-29T20:34:32.071+0000] {logging_mixin.py:149} INFO - [2024-08-29T20:34:32.071+0000] {dagbag.py:541} INFO - Filling up the DagBag from /home/airflow-vm/data-engineer-batch-processing-financial-services/.venv/lib/python3.10/site-packages/airflow/example_dags/example_datasets.py
[2024-08-29T20:34:32.079+0000] {processor.py:836} INFO - DAG(s) dict_keys(['dataset_consumes_1', 'dataset_produces_1', 'dataset_consumes_unknown_never_scheduled', 'dataset_produces_2', 'dataset_consumes_1_and_2', 'dataset_consumes_1_never_scheduled']) retrieved from /home/airflow-vm/data-engineer-batch-processing-financial-services/.venv/lib/python3.10/site-packages/airflow/example_dags/example_datasets.py
[2024-08-29T20:34:32.107+0000] {logging_mixin.py:149} INFO - [2024-08-29T20:34:32.107+0000] {dag.py:2726} INFO - Sync 6 DAGs
[2024-08-29T20:34:32.126+0000] {logging_mixin.py:149} INFO - [2024-08-29T20:34:32.126+0000] {dag.py:3486} INFO - Setting next_dagrun for dataset_consumes_1 to None, run_after=None
[2024-08-29T20:34:32.129+0000] {logging_mixin.py:149} INFO - [2024-08-29T20:34:32.129+0000] {dag.py:3486} INFO - Setting next_dagrun for dataset_consumes_1_and_2 to None, run_after=None
[2024-08-29T20:34:32.130+0000] {logging_mixin.py:149} INFO - [2024-08-29T20:34:32.130+0000] {dag.py:3486} INFO - Setting next_dagrun for dataset_consumes_1_never_scheduled to None, run_after=None
[2024-08-29T20:34:32.131+0000] {logging_mixin.py:149} INFO - [2024-08-29T20:34:32.131+0000] {dag.py:3486} INFO - Setting next_dagrun for dataset_consumes_unknown_never_scheduled to None, run_after=None
[2024-08-29T20:34:32.133+0000] {logging_mixin.py:149} INFO - [2024-08-29T20:34:32.133+0000] {dag.py:3486} INFO - Setting next_dagrun for dataset_produces_1 to 2024-08-28T00:00:00+00:00, run_after=2024-08-29T00:00:00+00:00
[2024-08-29T20:34:32.134+0000] {logging_mixin.py:149} INFO - [2024-08-29T20:34:32.134+0000] {dag.py:3486} INFO - Setting next_dagrun for dataset_produces_2 to None, run_after=None
[2024-08-29T20:34:32.170+0000] {processor.py:179} INFO - Processing /home/airflow-vm/data-engineer-batch-processing-financial-services/.venv/lib/python3.10/site-packages/airflow/example_dags/example_datasets.py took 0.103 seconds
[2024-08-29T20:35:46.094+0000] {processor.py:157} INFO - Started process (PID=69012) to work on /home/airflow-vm/data-engineer-batch-processing-financial-services/.venv/lib/python3.10/site-packages/airflow/example_dags/example_datasets.py
[2024-08-29T20:35:46.095+0000] {processor.py:826} INFO - Processing file /home/airflow-vm/data-engineer-batch-processing-financial-services/.venv/lib/python3.10/site-packages/airflow/example_dags/example_datasets.py for tasks to queue
[2024-08-29T20:35:46.096+0000] {logging_mixin.py:149} INFO - [2024-08-29T20:35:46.096+0000] {dagbag.py:541} INFO - Filling up the DagBag from /home/airflow-vm/data-engineer-batch-processing-financial-services/.venv/lib/python3.10/site-packages/airflow/example_dags/example_datasets.py
[2024-08-29T20:35:46.108+0000] {processor.py:836} INFO - DAG(s) dict_keys(['dataset_consumes_1_never_scheduled', 'dataset_consumes_1_and_2', 'dataset_consumes_unknown_never_scheduled', 'dataset_produces_2', 'dataset_produces_1', 'dataset_consumes_1']) retrieved from /home/airflow-vm/data-engineer-batch-processing-financial-services/.venv/lib/python3.10/site-packages/airflow/example_dags/example_datasets.py
[2024-08-29T20:35:46.167+0000] {logging_mixin.py:149} INFO - [2024-08-29T20:35:46.167+0000] {dag.py:2726} INFO - Sync 6 DAGs
[2024-08-29T20:35:46.187+0000] {logging_mixin.py:149} INFO - [2024-08-29T20:35:46.186+0000] {dag.py:3486} INFO - Setting next_dagrun for dataset_consumes_1 to None, run_after=None
[2024-08-29T20:35:46.189+0000] {logging_mixin.py:149} INFO - [2024-08-29T20:35:46.189+0000] {dag.py:3486} INFO - Setting next_dagrun for dataset_consumes_1_and_2 to None, run_after=None
[2024-08-29T20:35:46.190+0000] {logging_mixin.py:149} INFO - [2024-08-29T20:35:46.190+0000] {dag.py:3486} INFO - Setting next_dagrun for dataset_consumes_1_never_scheduled to None, run_after=None
[2024-08-29T20:35:46.191+0000] {logging_mixin.py:149} INFO - [2024-08-29T20:35:46.191+0000] {dag.py:3486} INFO - Setting next_dagrun for dataset_consumes_unknown_never_scheduled to None, run_after=None
[2024-08-29T20:35:46.193+0000] {logging_mixin.py:149} INFO - [2024-08-29T20:35:46.193+0000] {dag.py:3486} INFO - Setting next_dagrun for dataset_produces_1 to 2024-08-28T00:00:00+00:00, run_after=2024-08-29T00:00:00+00:00
[2024-08-29T20:35:46.194+0000] {logging_mixin.py:149} INFO - [2024-08-29T20:35:46.194+0000] {dag.py:3486} INFO - Setting next_dagrun for dataset_produces_2 to None, run_after=None
[2024-08-29T20:35:46.231+0000] {processor.py:179} INFO - Processing /home/airflow-vm/data-engineer-batch-processing-financial-services/.venv/lib/python3.10/site-packages/airflow/example_dags/example_datasets.py took 0.139 seconds
[2024-08-29T20:37:38.664+0000] {processor.py:157} INFO - Started process (PID=70425) to work on /home/airflow-vm/data-engineer-batch-processing-financial-services/.venv/lib/python3.10/site-packages/airflow/example_dags/example_datasets.py
[2024-08-29T20:37:38.665+0000] {processor.py:826} INFO - Processing file /home/airflow-vm/data-engineer-batch-processing-financial-services/.venv/lib/python3.10/site-packages/airflow/example_dags/example_datasets.py for tasks to queue
[2024-08-29T20:37:38.665+0000] {logging_mixin.py:149} INFO - [2024-08-29T20:37:38.665+0000] {dagbag.py:541} INFO - Filling up the DagBag from /home/airflow-vm/data-engineer-batch-processing-financial-services/.venv/lib/python3.10/site-packages/airflow/example_dags/example_datasets.py
[2024-08-29T20:37:38.674+0000] {processor.py:836} INFO - DAG(s) dict_keys(['dataset_consumes_unknown_never_scheduled', 'dataset_produces_1', 'dataset_consumes_1_never_scheduled', 'dataset_consumes_1', 'dataset_consumes_1_and_2', 'dataset_produces_2']) retrieved from /home/airflow-vm/data-engineer-batch-processing-financial-services/.venv/lib/python3.10/site-packages/airflow/example_dags/example_datasets.py
[2024-08-29T20:37:38.725+0000] {logging_mixin.py:149} INFO - [2024-08-29T20:37:38.725+0000] {dag.py:2726} INFO - Sync 6 DAGs
[2024-08-29T20:37:38.745+0000] {logging_mixin.py:149} INFO - [2024-08-29T20:37:38.745+0000] {dag.py:3486} INFO - Setting next_dagrun for dataset_consumes_1 to None, run_after=None
[2024-08-29T20:37:38.748+0000] {logging_mixin.py:149} INFO - [2024-08-29T20:37:38.748+0000] {dag.py:3486} INFO - Setting next_dagrun for dataset_consumes_1_and_2 to None, run_after=None
[2024-08-29T20:37:38.749+0000] {logging_mixin.py:149} INFO - [2024-08-29T20:37:38.749+0000] {dag.py:3486} INFO - Setting next_dagrun for dataset_consumes_1_never_scheduled to None, run_after=None
[2024-08-29T20:37:38.769+0000] {logging_mixin.py:149} INFO - [2024-08-29T20:37:38.769+0000] {dag.py:3486} INFO - Setting next_dagrun for dataset_consumes_unknown_never_scheduled to None, run_after=None
[2024-08-29T20:37:38.772+0000] {logging_mixin.py:149} INFO - [2024-08-29T20:37:38.771+0000] {dag.py:3486} INFO - Setting next_dagrun for dataset_produces_1 to 2024-08-28T00:00:00+00:00, run_after=2024-08-29T00:00:00+00:00
[2024-08-29T20:37:38.773+0000] {logging_mixin.py:149} INFO - [2024-08-29T20:37:38.772+0000] {dag.py:3486} INFO - Setting next_dagrun for dataset_produces_2 to None, run_after=None
[2024-08-29T20:37:38.851+0000] {processor.py:179} INFO - Processing /home/airflow-vm/data-engineer-batch-processing-financial-services/.venv/lib/python3.10/site-packages/airflow/example_dags/example_datasets.py took 0.189 seconds
