[2024-08-29T19:48:24.584+0000] {processor.py:157} INFO - Started process (PID=49260) to work on /home/airflow-vm/data-engineer-batch-processing-financial-services/.venv/lib/python3.10/site-packages/airflow/example_dags/example_branch_operator.py
[2024-08-29T19:48:24.585+0000] {processor.py:826} INFO - Processing file /home/airflow-vm/data-engineer-batch-processing-financial-services/.venv/lib/python3.10/site-packages/airflow/example_dags/example_branch_operator.py for tasks to queue
[2024-08-29T19:48:24.585+0000] {logging_mixin.py:149} INFO - [2024-08-29T19:48:24.585+0000] {dagbag.py:541} INFO - Filling up the DagBag from /home/airflow-vm/data-engineer-batch-processing-financial-services/.venv/lib/python3.10/site-packages/airflow/example_dags/example_branch_operator.py
[2024-08-29T19:48:24.594+0000] {processor.py:836} INFO - DAG(s) dict_keys(['example_branch_operator']) retrieved from /home/airflow-vm/data-engineer-batch-processing-financial-services/.venv/lib/python3.10/site-packages/airflow/example_dags/example_branch_operator.py
[2024-08-29T19:48:24.712+0000] {logging_mixin.py:149} INFO - [2024-08-29T19:48:24.711+0000] {manager.py:504} INFO - Created Permission View: can delete on DAG:example_branch_operator
[2024-08-29T19:48:24.731+0000] {logging_mixin.py:149} INFO - [2024-08-29T19:48:24.731+0000] {manager.py:504} INFO - Created Permission View: can edit on DAG:example_branch_operator
[2024-08-29T19:48:24.751+0000] {logging_mixin.py:149} INFO - [2024-08-29T19:48:24.751+0000] {manager.py:504} INFO - Created Permission View: can read on DAG:example_branch_operator
[2024-08-29T19:48:24.751+0000] {logging_mixin.py:149} INFO - [2024-08-29T19:48:24.751+0000] {dag.py:2726} INFO - Sync 1 DAGs
[2024-08-29T19:48:24.763+0000] {logging_mixin.py:149} INFO - [2024-08-29T19:48:24.763+0000] {dag.py:2747} INFO - Creating ORM DAG for example_branch_operator
[2024-08-29T19:48:24.775+0000] {logging_mixin.py:149} INFO - [2024-08-29T19:48:24.775+0000] {dag.py:3486} INFO - Setting next_dagrun for example_branch_operator to 2024-08-28T00:00:00+00:00, run_after=2024-08-29T00:00:00+00:00
[2024-08-29T19:48:24.806+0000] {processor.py:179} INFO - Processing /home/airflow-vm/data-engineer-batch-processing-financial-services/.venv/lib/python3.10/site-packages/airflow/example_dags/example_branch_operator.py took 0.225 seconds
[2024-08-29T19:49:19.130+0000] {processor.py:157} INFO - Started process (PID=49624) to work on /home/airflow-vm/data-engineer-batch-processing-financial-services/.venv/lib/python3.10/site-packages/airflow/example_dags/example_branch_operator.py
[2024-08-29T19:49:19.130+0000] {processor.py:826} INFO - Processing file /home/airflow-vm/data-engineer-batch-processing-financial-services/.venv/lib/python3.10/site-packages/airflow/example_dags/example_branch_operator.py for tasks to queue
[2024-08-29T19:49:19.131+0000] {logging_mixin.py:149} INFO - [2024-08-29T19:49:19.131+0000] {dagbag.py:541} INFO - Filling up the DagBag from /home/airflow-vm/data-engineer-batch-processing-financial-services/.venv/lib/python3.10/site-packages/airflow/example_dags/example_branch_operator.py
[2024-08-29T19:49:19.139+0000] {processor.py:836} INFO - DAG(s) dict_keys(['example_branch_operator']) retrieved from /home/airflow-vm/data-engineer-batch-processing-financial-services/.venv/lib/python3.10/site-packages/airflow/example_dags/example_branch_operator.py
[2024-08-29T19:49:19.159+0000] {logging_mixin.py:149} INFO - [2024-08-29T19:49:19.159+0000] {dag.py:2726} INFO - Sync 1 DAGs
[2024-08-29T19:49:19.179+0000] {logging_mixin.py:149} INFO - [2024-08-29T19:49:19.179+0000] {dag.py:3486} INFO - Setting next_dagrun for example_branch_operator to 2024-08-28T00:00:00+00:00, run_after=2024-08-29T00:00:00+00:00
[2024-08-29T19:49:19.208+0000] {processor.py:179} INFO - Processing /home/airflow-vm/data-engineer-batch-processing-financial-services/.venv/lib/python3.10/site-packages/airflow/example_dags/example_branch_operator.py took 0.081 seconds
[2024-08-29T19:50:07.434+0000] {processor.py:157} INFO - Started process (PID=49747) to work on /home/airflow-vm/data-engineer-batch-processing-financial-services/.venv/lib/python3.10/site-packages/airflow/example_dags/example_branch_operator.py
[2024-08-29T19:50:07.435+0000] {processor.py:826} INFO - Processing file /home/airflow-vm/data-engineer-batch-processing-financial-services/.venv/lib/python3.10/site-packages/airflow/example_dags/example_branch_operator.py for tasks to queue
[2024-08-29T19:50:07.436+0000] {logging_mixin.py:149} INFO - [2024-08-29T19:50:07.436+0000] {dagbag.py:541} INFO - Filling up the DagBag from /home/airflow-vm/data-engineer-batch-processing-financial-services/.venv/lib/python3.10/site-packages/airflow/example_dags/example_branch_operator.py
[2024-08-29T19:50:07.444+0000] {processor.py:836} INFO - DAG(s) dict_keys(['example_branch_operator']) retrieved from /home/airflow-vm/data-engineer-batch-processing-financial-services/.venv/lib/python3.10/site-packages/airflow/example_dags/example_branch_operator.py
[2024-08-29T19:50:07.464+0000] {logging_mixin.py:149} INFO - [2024-08-29T19:50:07.464+0000] {dag.py:2726} INFO - Sync 1 DAGs
[2024-08-29T19:50:07.485+0000] {logging_mixin.py:149} INFO - [2024-08-29T19:50:07.484+0000] {dag.py:3486} INFO - Setting next_dagrun for example_branch_operator to 2024-08-28T00:00:00+00:00, run_after=2024-08-29T00:00:00+00:00
[2024-08-29T19:50:07.516+0000] {processor.py:179} INFO - Processing /home/airflow-vm/data-engineer-batch-processing-financial-services/.venv/lib/python3.10/site-packages/airflow/example_dags/example_branch_operator.py took 0.084 seconds
[2024-08-29T19:50:55.402+0000] {processor.py:157} INFO - Started process (PID=50463) to work on /home/airflow-vm/data-engineer-batch-processing-financial-services/.venv/lib/python3.10/site-packages/airflow/example_dags/example_branch_operator.py
[2024-08-29T19:50:55.403+0000] {processor.py:826} INFO - Processing file /home/airflow-vm/data-engineer-batch-processing-financial-services/.venv/lib/python3.10/site-packages/airflow/example_dags/example_branch_operator.py for tasks to queue
[2024-08-29T19:50:55.404+0000] {logging_mixin.py:149} INFO - [2024-08-29T19:50:55.403+0000] {dagbag.py:541} INFO - Filling up the DagBag from /home/airflow-vm/data-engineer-batch-processing-financial-services/.venv/lib/python3.10/site-packages/airflow/example_dags/example_branch_operator.py
[2024-08-29T19:50:55.412+0000] {processor.py:836} INFO - DAG(s) dict_keys(['example_branch_operator']) retrieved from /home/airflow-vm/data-engineer-batch-processing-financial-services/.venv/lib/python3.10/site-packages/airflow/example_dags/example_branch_operator.py
[2024-08-29T19:50:55.431+0000] {logging_mixin.py:149} INFO - [2024-08-29T19:50:55.431+0000] {dag.py:2726} INFO - Sync 1 DAGs
[2024-08-29T19:50:55.453+0000] {logging_mixin.py:149} INFO - [2024-08-29T19:50:55.452+0000] {dag.py:3486} INFO - Setting next_dagrun for example_branch_operator to 2024-08-28T00:00:00+00:00, run_after=2024-08-29T00:00:00+00:00
[2024-08-29T19:50:55.480+0000] {processor.py:179} INFO - Processing /home/airflow-vm/data-engineer-batch-processing-financial-services/.venv/lib/python3.10/site-packages/airflow/example_dags/example_branch_operator.py took 0.080 seconds
[2024-08-29T19:51:43.490+0000] {processor.py:157} INFO - Started process (PID=50776) to work on /home/airflow-vm/data-engineer-batch-processing-financial-services/.venv/lib/python3.10/site-packages/airflow/example_dags/example_branch_operator.py
[2024-08-29T19:51:43.491+0000] {processor.py:826} INFO - Processing file /home/airflow-vm/data-engineer-batch-processing-financial-services/.venv/lib/python3.10/site-packages/airflow/example_dags/example_branch_operator.py for tasks to queue
[2024-08-29T19:51:43.491+0000] {logging_mixin.py:149} INFO - [2024-08-29T19:51:43.491+0000] {dagbag.py:541} INFO - Filling up the DagBag from /home/airflow-vm/data-engineer-batch-processing-financial-services/.venv/lib/python3.10/site-packages/airflow/example_dags/example_branch_operator.py
[2024-08-29T19:51:43.501+0000] {processor.py:836} INFO - DAG(s) dict_keys(['example_branch_operator']) retrieved from /home/airflow-vm/data-engineer-batch-processing-financial-services/.venv/lib/python3.10/site-packages/airflow/example_dags/example_branch_operator.py
[2024-08-29T19:51:43.522+0000] {logging_mixin.py:149} INFO - [2024-08-29T19:51:43.522+0000] {dag.py:2726} INFO - Sync 1 DAGs
[2024-08-29T19:51:43.545+0000] {logging_mixin.py:149} INFO - [2024-08-29T19:51:43.545+0000] {dag.py:3486} INFO - Setting next_dagrun for example_branch_operator to 2024-08-28T00:00:00+00:00, run_after=2024-08-29T00:00:00+00:00
[2024-08-29T19:51:43.576+0000] {processor.py:179} INFO - Processing /home/airflow-vm/data-engineer-batch-processing-financial-services/.venv/lib/python3.10/site-packages/airflow/example_dags/example_branch_operator.py took 0.089 seconds
[2024-08-29T19:52:31.096+0000] {processor.py:157} INFO - Started process (PID=50927) to work on /home/airflow-vm/data-engineer-batch-processing-financial-services/.venv/lib/python3.10/site-packages/airflow/example_dags/example_branch_operator.py
[2024-08-29T19:52:31.097+0000] {processor.py:826} INFO - Processing file /home/airflow-vm/data-engineer-batch-processing-financial-services/.venv/lib/python3.10/site-packages/airflow/example_dags/example_branch_operator.py for tasks to queue
[2024-08-29T19:52:31.098+0000] {logging_mixin.py:149} INFO - [2024-08-29T19:52:31.098+0000] {dagbag.py:541} INFO - Filling up the DagBag from /home/airflow-vm/data-engineer-batch-processing-financial-services/.venv/lib/python3.10/site-packages/airflow/example_dags/example_branch_operator.py
[2024-08-29T19:52:31.106+0000] {processor.py:836} INFO - DAG(s) dict_keys(['example_branch_operator']) retrieved from /home/airflow-vm/data-engineer-batch-processing-financial-services/.venv/lib/python3.10/site-packages/airflow/example_dags/example_branch_operator.py
[2024-08-29T19:52:31.127+0000] {logging_mixin.py:149} INFO - [2024-08-29T19:52:31.126+0000] {dag.py:2726} INFO - Sync 1 DAGs
[2024-08-29T19:52:31.148+0000] {logging_mixin.py:149} INFO - [2024-08-29T19:52:31.148+0000] {dag.py:3486} INFO - Setting next_dagrun for example_branch_operator to 2024-08-28T00:00:00+00:00, run_after=2024-08-29T00:00:00+00:00
[2024-08-29T19:52:31.178+0000] {processor.py:179} INFO - Processing /home/airflow-vm/data-engineer-batch-processing-financial-services/.venv/lib/python3.10/site-packages/airflow/example_dags/example_branch_operator.py took 0.085 seconds
[2024-08-29T19:53:30.356+0000] {processor.py:157} INFO - Started process (PID=51076) to work on /home/airflow-vm/data-engineer-batch-processing-financial-services/.venv/lib/python3.10/site-packages/airflow/example_dags/example_branch_operator.py
[2024-08-29T19:53:30.357+0000] {processor.py:826} INFO - Processing file /home/airflow-vm/data-engineer-batch-processing-financial-services/.venv/lib/python3.10/site-packages/airflow/example_dags/example_branch_operator.py for tasks to queue
[2024-08-29T19:53:30.357+0000] {logging_mixin.py:149} INFO - [2024-08-29T19:53:30.357+0000] {dagbag.py:541} INFO - Filling up the DagBag from /home/airflow-vm/data-engineer-batch-processing-financial-services/.venv/lib/python3.10/site-packages/airflow/example_dags/example_branch_operator.py
[2024-08-29T19:53:30.366+0000] {processor.py:836} INFO - DAG(s) dict_keys(['example_branch_operator']) retrieved from /home/airflow-vm/data-engineer-batch-processing-financial-services/.venv/lib/python3.10/site-packages/airflow/example_dags/example_branch_operator.py
[2024-08-29T19:53:30.385+0000] {logging_mixin.py:149} INFO - [2024-08-29T19:53:30.385+0000] {dag.py:2726} INFO - Sync 1 DAGs
[2024-08-29T19:53:30.406+0000] {logging_mixin.py:149} INFO - [2024-08-29T19:53:30.406+0000] {dag.py:3486} INFO - Setting next_dagrun for example_branch_operator to 2024-08-28T00:00:00+00:00, run_after=2024-08-29T00:00:00+00:00
[2024-08-29T19:53:30.439+0000] {processor.py:179} INFO - Processing /home/airflow-vm/data-engineer-batch-processing-financial-services/.venv/lib/python3.10/site-packages/airflow/example_dags/example_branch_operator.py took 0.086 seconds
[2024-08-29T19:54:15.686+0000] {processor.py:157} INFO - Started process (PID=51196) to work on /home/airflow-vm/data-engineer-batch-processing-financial-services/.venv/lib/python3.10/site-packages/airflow/example_dags/example_branch_operator.py
[2024-08-29T19:54:15.687+0000] {processor.py:826} INFO - Processing file /home/airflow-vm/data-engineer-batch-processing-financial-services/.venv/lib/python3.10/site-packages/airflow/example_dags/example_branch_operator.py for tasks to queue
[2024-08-29T19:54:15.687+0000] {logging_mixin.py:149} INFO - [2024-08-29T19:54:15.687+0000] {dagbag.py:541} INFO - Filling up the DagBag from /home/airflow-vm/data-engineer-batch-processing-financial-services/.venv/lib/python3.10/site-packages/airflow/example_dags/example_branch_operator.py
[2024-08-29T19:54:15.696+0000] {processor.py:836} INFO - DAG(s) dict_keys(['example_branch_operator']) retrieved from /home/airflow-vm/data-engineer-batch-processing-financial-services/.venv/lib/python3.10/site-packages/airflow/example_dags/example_branch_operator.py
[2024-08-29T19:54:15.717+0000] {logging_mixin.py:149} INFO - [2024-08-29T19:54:15.716+0000] {dag.py:2726} INFO - Sync 1 DAGs
[2024-08-29T19:54:15.738+0000] {logging_mixin.py:149} INFO - [2024-08-29T19:54:15.737+0000] {dag.py:3486} INFO - Setting next_dagrun for example_branch_operator to 2024-08-28T00:00:00+00:00, run_after=2024-08-29T00:00:00+00:00
[2024-08-29T19:54:15.766+0000] {processor.py:179} INFO - Processing /home/airflow-vm/data-engineer-batch-processing-financial-services/.venv/lib/python3.10/site-packages/airflow/example_dags/example_branch_operator.py took 0.082 seconds
[2024-08-29T19:55:03.206+0000] {processor.py:157} INFO - Started process (PID=51521) to work on /home/airflow-vm/data-engineer-batch-processing-financial-services/.venv/lib/python3.10/site-packages/airflow/example_dags/example_branch_operator.py
[2024-08-29T19:55:03.207+0000] {processor.py:826} INFO - Processing file /home/airflow-vm/data-engineer-batch-processing-financial-services/.venv/lib/python3.10/site-packages/airflow/example_dags/example_branch_operator.py for tasks to queue
[2024-08-29T19:55:03.207+0000] {logging_mixin.py:149} INFO - [2024-08-29T19:55:03.207+0000] {dagbag.py:541} INFO - Filling up the DagBag from /home/airflow-vm/data-engineer-batch-processing-financial-services/.venv/lib/python3.10/site-packages/airflow/example_dags/example_branch_operator.py
[2024-08-29T19:55:03.215+0000] {processor.py:836} INFO - DAG(s) dict_keys(['example_branch_operator']) retrieved from /home/airflow-vm/data-engineer-batch-processing-financial-services/.venv/lib/python3.10/site-packages/airflow/example_dags/example_branch_operator.py
[2024-08-29T19:55:03.234+0000] {logging_mixin.py:149} INFO - [2024-08-29T19:55:03.234+0000] {dag.py:2726} INFO - Sync 1 DAGs
[2024-08-29T19:55:03.254+0000] {logging_mixin.py:149} INFO - [2024-08-29T19:55:03.254+0000] {dag.py:3486} INFO - Setting next_dagrun for example_branch_operator to 2024-08-28T00:00:00+00:00, run_after=2024-08-29T00:00:00+00:00
[2024-08-29T19:55:03.284+0000] {processor.py:179} INFO - Processing /home/airflow-vm/data-engineer-batch-processing-financial-services/.venv/lib/python3.10/site-packages/airflow/example_dags/example_branch_operator.py took 0.081 seconds
[2024-08-29T19:55:50.297+0000] {processor.py:157} INFO - Started process (PID=51875) to work on /home/airflow-vm/data-engineer-batch-processing-financial-services/.venv/lib/python3.10/site-packages/airflow/example_dags/example_branch_operator.py
[2024-08-29T19:55:50.298+0000] {processor.py:826} INFO - Processing file /home/airflow-vm/data-engineer-batch-processing-financial-services/.venv/lib/python3.10/site-packages/airflow/example_dags/example_branch_operator.py for tasks to queue
[2024-08-29T19:55:50.298+0000] {logging_mixin.py:149} INFO - [2024-08-29T19:55:50.298+0000] {dagbag.py:541} INFO - Filling up the DagBag from /home/airflow-vm/data-engineer-batch-processing-financial-services/.venv/lib/python3.10/site-packages/airflow/example_dags/example_branch_operator.py
[2024-08-29T19:55:50.307+0000] {processor.py:836} INFO - DAG(s) dict_keys(['example_branch_operator']) retrieved from /home/airflow-vm/data-engineer-batch-processing-financial-services/.venv/lib/python3.10/site-packages/airflow/example_dags/example_branch_operator.py
[2024-08-29T19:55:50.328+0000] {logging_mixin.py:149} INFO - [2024-08-29T19:55:50.328+0000] {dag.py:2726} INFO - Sync 1 DAGs
[2024-08-29T19:55:50.350+0000] {logging_mixin.py:149} INFO - [2024-08-29T19:55:50.350+0000] {dag.py:3486} INFO - Setting next_dagrun for example_branch_operator to 2024-08-28T00:00:00+00:00, run_after=2024-08-29T00:00:00+00:00
[2024-08-29T19:55:50.382+0000] {processor.py:179} INFO - Processing /home/airflow-vm/data-engineer-batch-processing-financial-services/.venv/lib/python3.10/site-packages/airflow/example_dags/example_branch_operator.py took 0.087 seconds
[2024-08-29T20:12:13.782+0000] {processor.py:157} INFO - Started process (PID=56546) to work on /home/airflow-vm/data-engineer-batch-processing-financial-services/.venv/lib/python3.10/site-packages/airflow/example_dags/example_branch_operator.py
[2024-08-29T20:12:13.783+0000] {processor.py:826} INFO - Processing file /home/airflow-vm/data-engineer-batch-processing-financial-services/.venv/lib/python3.10/site-packages/airflow/example_dags/example_branch_operator.py for tasks to queue
[2024-08-29T20:12:13.784+0000] {logging_mixin.py:149} INFO - [2024-08-29T20:12:13.784+0000] {dagbag.py:541} INFO - Filling up the DagBag from /home/airflow-vm/data-engineer-batch-processing-financial-services/.venv/lib/python3.10/site-packages/airflow/example_dags/example_branch_operator.py
[2024-08-29T20:12:13.793+0000] {processor.py:836} INFO - DAG(s) dict_keys(['example_branch_operator']) retrieved from /home/airflow-vm/data-engineer-batch-processing-financial-services/.venv/lib/python3.10/site-packages/airflow/example_dags/example_branch_operator.py
[2024-08-29T20:12:13.813+0000] {logging_mixin.py:149} INFO - [2024-08-29T20:12:13.812+0000] {dag.py:2726} INFO - Sync 1 DAGs
[2024-08-29T20:12:13.834+0000] {logging_mixin.py:149} INFO - [2024-08-29T20:12:13.833+0000] {dag.py:3486} INFO - Setting next_dagrun for example_branch_operator to 2024-08-28T00:00:00+00:00, run_after=2024-08-29T00:00:00+00:00
[2024-08-29T20:12:13.861+0000] {processor.py:179} INFO - Processing /home/airflow-vm/data-engineer-batch-processing-financial-services/.venv/lib/python3.10/site-packages/airflow/example_dags/example_branch_operator.py took 0.081 seconds
[2024-08-29T20:12:59.307+0000] {processor.py:157} INFO - Started process (PID=56868) to work on /home/airflow-vm/data-engineer-batch-processing-financial-services/.venv/lib/python3.10/site-packages/airflow/example_dags/example_branch_operator.py
[2024-08-29T20:12:59.308+0000] {processor.py:826} INFO - Processing file /home/airflow-vm/data-engineer-batch-processing-financial-services/.venv/lib/python3.10/site-packages/airflow/example_dags/example_branch_operator.py for tasks to queue
[2024-08-29T20:12:59.309+0000] {logging_mixin.py:149} INFO - [2024-08-29T20:12:59.309+0000] {dagbag.py:541} INFO - Filling up the DagBag from /home/airflow-vm/data-engineer-batch-processing-financial-services/.venv/lib/python3.10/site-packages/airflow/example_dags/example_branch_operator.py
[2024-08-29T20:12:59.317+0000] {processor.py:836} INFO - DAG(s) dict_keys(['example_branch_operator']) retrieved from /home/airflow-vm/data-engineer-batch-processing-financial-services/.venv/lib/python3.10/site-packages/airflow/example_dags/example_branch_operator.py
[2024-08-29T20:12:59.337+0000] {logging_mixin.py:149} INFO - [2024-08-29T20:12:59.336+0000] {dag.py:2726} INFO - Sync 1 DAGs
[2024-08-29T20:12:59.357+0000] {logging_mixin.py:149} INFO - [2024-08-29T20:12:59.357+0000] {dag.py:3486} INFO - Setting next_dagrun for example_branch_operator to 2024-08-28T00:00:00+00:00, run_after=2024-08-29T00:00:00+00:00
[2024-08-29T20:12:59.384+0000] {processor.py:179} INFO - Processing /home/airflow-vm/data-engineer-batch-processing-financial-services/.venv/lib/python3.10/site-packages/airflow/example_dags/example_branch_operator.py took 0.079 seconds
[2024-08-29T20:15:40.604+0000] {processor.py:157} INFO - Started process (PID=57819) to work on /home/airflow-vm/data-engineer-batch-processing-financial-services/.venv/lib/python3.10/site-packages/airflow/example_dags/example_branch_operator.py
[2024-08-29T20:15:40.605+0000] {processor.py:826} INFO - Processing file /home/airflow-vm/data-engineer-batch-processing-financial-services/.venv/lib/python3.10/site-packages/airflow/example_dags/example_branch_operator.py for tasks to queue
[2024-08-29T20:15:40.606+0000] {logging_mixin.py:149} INFO - [2024-08-29T20:15:40.606+0000] {dagbag.py:541} INFO - Filling up the DagBag from /home/airflow-vm/data-engineer-batch-processing-financial-services/.venv/lib/python3.10/site-packages/airflow/example_dags/example_branch_operator.py
[2024-08-29T20:15:40.614+0000] {processor.py:836} INFO - DAG(s) dict_keys(['example_branch_operator']) retrieved from /home/airflow-vm/data-engineer-batch-processing-financial-services/.venv/lib/python3.10/site-packages/airflow/example_dags/example_branch_operator.py
[2024-08-29T20:15:40.634+0000] {logging_mixin.py:149} INFO - [2024-08-29T20:15:40.634+0000] {dag.py:2726} INFO - Sync 1 DAGs
[2024-08-29T20:15:40.655+0000] {logging_mixin.py:149} INFO - [2024-08-29T20:15:40.655+0000] {dag.py:3486} INFO - Setting next_dagrun for example_branch_operator to 2024-08-28T00:00:00+00:00, run_after=2024-08-29T00:00:00+00:00
[2024-08-29T20:15:40.682+0000] {processor.py:179} INFO - Processing /home/airflow-vm/data-engineer-batch-processing-financial-services/.venv/lib/python3.10/site-packages/airflow/example_dags/example_branch_operator.py took 0.080 seconds
[2024-08-29T20:16:29.969+0000] {processor.py:157} INFO - Started process (PID=58229) to work on /home/airflow-vm/data-engineer-batch-processing-financial-services/.venv/lib/python3.10/site-packages/airflow/example_dags/example_branch_operator.py
[2024-08-29T20:16:29.969+0000] {processor.py:826} INFO - Processing file /home/airflow-vm/data-engineer-batch-processing-financial-services/.venv/lib/python3.10/site-packages/airflow/example_dags/example_branch_operator.py for tasks to queue
[2024-08-29T20:16:29.970+0000] {logging_mixin.py:149} INFO - [2024-08-29T20:16:29.970+0000] {dagbag.py:541} INFO - Filling up the DagBag from /home/airflow-vm/data-engineer-batch-processing-financial-services/.venv/lib/python3.10/site-packages/airflow/example_dags/example_branch_operator.py
[2024-08-29T20:16:29.978+0000] {processor.py:836} INFO - DAG(s) dict_keys(['example_branch_operator']) retrieved from /home/airflow-vm/data-engineer-batch-processing-financial-services/.venv/lib/python3.10/site-packages/airflow/example_dags/example_branch_operator.py
[2024-08-29T20:16:29.997+0000] {logging_mixin.py:149} INFO - [2024-08-29T20:16:29.997+0000] {dag.py:2726} INFO - Sync 1 DAGs
[2024-08-29T20:16:30.017+0000] {logging_mixin.py:149} INFO - [2024-08-29T20:16:30.017+0000] {dag.py:3486} INFO - Setting next_dagrun for example_branch_operator to 2024-08-28T00:00:00+00:00, run_after=2024-08-29T00:00:00+00:00
[2024-08-29T20:16:30.045+0000] {processor.py:179} INFO - Processing /home/airflow-vm/data-engineer-batch-processing-financial-services/.venv/lib/python3.10/site-packages/airflow/example_dags/example_branch_operator.py took 0.079 seconds
[2024-08-29T20:25:17.287+0000] {processor.py:157} INFO - Started process (PID=61908) to work on /home/airflow-vm/data-engineer-batch-processing-financial-services/.venv/lib/python3.10/site-packages/airflow/example_dags/example_branch_operator.py
[2024-08-29T20:25:17.288+0000] {processor.py:826} INFO - Processing file /home/airflow-vm/data-engineer-batch-processing-financial-services/.venv/lib/python3.10/site-packages/airflow/example_dags/example_branch_operator.py for tasks to queue
[2024-08-29T20:25:17.289+0000] {logging_mixin.py:149} INFO - [2024-08-29T20:25:17.288+0000] {dagbag.py:541} INFO - Filling up the DagBag from /home/airflow-vm/data-engineer-batch-processing-financial-services/.venv/lib/python3.10/site-packages/airflow/example_dags/example_branch_operator.py
[2024-08-29T20:25:17.297+0000] {processor.py:836} INFO - DAG(s) dict_keys(['example_branch_operator']) retrieved from /home/airflow-vm/data-engineer-batch-processing-financial-services/.venv/lib/python3.10/site-packages/airflow/example_dags/example_branch_operator.py
[2024-08-29T20:25:17.316+0000] {logging_mixin.py:149} INFO - [2024-08-29T20:25:17.315+0000] {dag.py:2726} INFO - Sync 1 DAGs
[2024-08-29T20:25:17.336+0000] {logging_mixin.py:149} INFO - [2024-08-29T20:25:17.336+0000] {dag.py:3486} INFO - Setting next_dagrun for example_branch_operator to 2024-08-28T00:00:00+00:00, run_after=2024-08-29T00:00:00+00:00
[2024-08-29T20:25:17.368+0000] {processor.py:179} INFO - Processing /home/airflow-vm/data-engineer-batch-processing-financial-services/.venv/lib/python3.10/site-packages/airflow/example_dags/example_branch_operator.py took 0.083 seconds
[2024-08-29T20:27:09.276+0000] {processor.py:157} INFO - Started process (PID=63357) to work on /home/airflow-vm/data-engineer-batch-processing-financial-services/.venv/lib/python3.10/site-packages/airflow/example_dags/example_branch_operator.py
[2024-08-29T20:27:09.276+0000] {processor.py:826} INFO - Processing file /home/airflow-vm/data-engineer-batch-processing-financial-services/.venv/lib/python3.10/site-packages/airflow/example_dags/example_branch_operator.py for tasks to queue
[2024-08-29T20:27:09.277+0000] {logging_mixin.py:149} INFO - [2024-08-29T20:27:09.277+0000] {dagbag.py:541} INFO - Filling up the DagBag from /home/airflow-vm/data-engineer-batch-processing-financial-services/.venv/lib/python3.10/site-packages/airflow/example_dags/example_branch_operator.py
[2024-08-29T20:27:09.285+0000] {processor.py:836} INFO - DAG(s) dict_keys(['example_branch_operator']) retrieved from /home/airflow-vm/data-engineer-batch-processing-financial-services/.venv/lib/python3.10/site-packages/airflow/example_dags/example_branch_operator.py
[2024-08-29T20:27:09.305+0000] {logging_mixin.py:149} INFO - [2024-08-29T20:27:09.304+0000] {dag.py:2726} INFO - Sync 1 DAGs
[2024-08-29T20:27:09.325+0000] {logging_mixin.py:149} INFO - [2024-08-29T20:27:09.325+0000] {dag.py:3486} INFO - Setting next_dagrun for example_branch_operator to 2024-08-28T00:00:00+00:00, run_after=2024-08-29T00:00:00+00:00
[2024-08-29T20:27:09.353+0000] {processor.py:179} INFO - Processing /home/airflow-vm/data-engineer-batch-processing-financial-services/.venv/lib/python3.10/site-packages/airflow/example_dags/example_branch_operator.py took 0.080 seconds
[2024-08-29T20:28:06.024+0000] {processor.py:157} INFO - Started process (PID=63566) to work on /home/airflow-vm/data-engineer-batch-processing-financial-services/.venv/lib/python3.10/site-packages/airflow/example_dags/example_branch_operator.py
[2024-08-29T20:28:06.025+0000] {processor.py:826} INFO - Processing file /home/airflow-vm/data-engineer-batch-processing-financial-services/.venv/lib/python3.10/site-packages/airflow/example_dags/example_branch_operator.py for tasks to queue
[2024-08-29T20:28:06.025+0000] {logging_mixin.py:149} INFO - [2024-08-29T20:28:06.025+0000] {dagbag.py:541} INFO - Filling up the DagBag from /home/airflow-vm/data-engineer-batch-processing-financial-services/.venv/lib/python3.10/site-packages/airflow/example_dags/example_branch_operator.py
[2024-08-29T20:28:06.033+0000] {processor.py:836} INFO - DAG(s) dict_keys(['example_branch_operator']) retrieved from /home/airflow-vm/data-engineer-batch-processing-financial-services/.venv/lib/python3.10/site-packages/airflow/example_dags/example_branch_operator.py
[2024-08-29T20:28:06.053+0000] {logging_mixin.py:149} INFO - [2024-08-29T20:28:06.052+0000] {dag.py:2726} INFO - Sync 1 DAGs
[2024-08-29T20:28:06.073+0000] {logging_mixin.py:149} INFO - [2024-08-29T20:28:06.073+0000] {dag.py:3486} INFO - Setting next_dagrun for example_branch_operator to 2024-08-28T00:00:00+00:00, run_after=2024-08-29T00:00:00+00:00
[2024-08-29T20:28:06.103+0000] {processor.py:179} INFO - Processing /home/airflow-vm/data-engineer-batch-processing-financial-services/.venv/lib/python3.10/site-packages/airflow/example_dags/example_branch_operator.py took 0.082 seconds
[2024-08-29T20:32:14.426+0000] {processor.py:157} INFO - Started process (PID=66349) to work on /home/airflow-vm/data-engineer-batch-processing-financial-services/.venv/lib/python3.10/site-packages/airflow/example_dags/example_branch_operator.py
[2024-08-29T20:32:14.427+0000] {processor.py:826} INFO - Processing file /home/airflow-vm/data-engineer-batch-processing-financial-services/.venv/lib/python3.10/site-packages/airflow/example_dags/example_branch_operator.py for tasks to queue
[2024-08-29T20:32:14.428+0000] {logging_mixin.py:149} INFO - [2024-08-29T20:32:14.428+0000] {dagbag.py:541} INFO - Filling up the DagBag from /home/airflow-vm/data-engineer-batch-processing-financial-services/.venv/lib/python3.10/site-packages/airflow/example_dags/example_branch_operator.py
[2024-08-29T20:32:14.436+0000] {processor.py:836} INFO - DAG(s) dict_keys(['example_branch_operator']) retrieved from /home/airflow-vm/data-engineer-batch-processing-financial-services/.venv/lib/python3.10/site-packages/airflow/example_dags/example_branch_operator.py
[2024-08-29T20:32:14.455+0000] {logging_mixin.py:149} INFO - [2024-08-29T20:32:14.455+0000] {dag.py:2726} INFO - Sync 1 DAGs
[2024-08-29T20:32:14.476+0000] {logging_mixin.py:149} INFO - [2024-08-29T20:32:14.475+0000] {dag.py:3486} INFO - Setting next_dagrun for example_branch_operator to 2024-08-28T00:00:00+00:00, run_after=2024-08-29T00:00:00+00:00
[2024-08-29T20:32:14.502+0000] {processor.py:179} INFO - Processing /home/airflow-vm/data-engineer-batch-processing-financial-services/.venv/lib/python3.10/site-packages/airflow/example_dags/example_branch_operator.py took 0.078 seconds
[2024-08-29T20:36:44.818+0000] {processor.py:157} INFO - Started process (PID=69748) to work on /home/airflow-vm/data-engineer-batch-processing-financial-services/.venv/lib/python3.10/site-packages/airflow/example_dags/example_branch_operator.py
[2024-08-29T20:36:44.819+0000] {processor.py:826} INFO - Processing file /home/airflow-vm/data-engineer-batch-processing-financial-services/.venv/lib/python3.10/site-packages/airflow/example_dags/example_branch_operator.py for tasks to queue
[2024-08-29T20:36:44.820+0000] {logging_mixin.py:149} INFO - [2024-08-29T20:36:44.820+0000] {dagbag.py:541} INFO - Filling up the DagBag from /home/airflow-vm/data-engineer-batch-processing-financial-services/.venv/lib/python3.10/site-packages/airflow/example_dags/example_branch_operator.py
[2024-08-29T20:36:44.828+0000] {processor.py:836} INFO - DAG(s) dict_keys(['example_branch_operator']) retrieved from /home/airflow-vm/data-engineer-batch-processing-financial-services/.venv/lib/python3.10/site-packages/airflow/example_dags/example_branch_operator.py
[2024-08-29T20:36:44.848+0000] {logging_mixin.py:149} INFO - [2024-08-29T20:36:44.848+0000] {dag.py:2726} INFO - Sync 1 DAGs
[2024-08-29T20:36:44.869+0000] {logging_mixin.py:149} INFO - [2024-08-29T20:36:44.869+0000] {dag.py:3486} INFO - Setting next_dagrun for example_branch_operator to 2024-08-28T00:00:00+00:00, run_after=2024-08-29T00:00:00+00:00
[2024-08-29T20:36:44.897+0000] {processor.py:179} INFO - Processing /home/airflow-vm/data-engineer-batch-processing-financial-services/.venv/lib/python3.10/site-packages/airflow/example_dags/example_branch_operator.py took 0.081 seconds
