[2024-08-29T19:47:38.415+0000] {processor.py:157} INFO - Started process (PID=48847) to work on /home/airflow-vm/data-engineer-batch-processing-financial-services/.venv/lib/python3.10/site-packages/airflow/example_dags/example_trigger_controller_dag.py
[2024-08-29T19:47:38.416+0000] {processor.py:826} INFO - Processing file /home/airflow-vm/data-engineer-batch-processing-financial-services/.venv/lib/python3.10/site-packages/airflow/example_dags/example_trigger_controller_dag.py for tasks to queue
[2024-08-29T19:47:38.417+0000] {logging_mixin.py:149} INFO - [2024-08-29T19:47:38.416+0000] {dagbag.py:541} INFO - Filling up the DagBag from /home/airflow-vm/data-engineer-batch-processing-financial-services/.venv/lib/python3.10/site-packages/airflow/example_dags/example_trigger_controller_dag.py
[2024-08-29T19:47:38.425+0000] {processor.py:836} INFO - DAG(s) dict_keys(['example_trigger_controller_dag']) retrieved from /home/airflow-vm/data-engineer-batch-processing-financial-services/.venv/lib/python3.10/site-packages/airflow/example_dags/example_trigger_controller_dag.py
[2024-08-29T19:47:38.573+0000] {logging_mixin.py:149} INFO - [2024-08-29T19:47:38.573+0000] {manager.py:504} INFO - Created Permission View: can delete on DAG:example_trigger_controller_dag
[2024-08-29T19:47:38.592+0000] {logging_mixin.py:149} INFO - [2024-08-29T19:47:38.592+0000] {manager.py:504} INFO - Created Permission View: can edit on DAG:example_trigger_controller_dag
[2024-08-29T19:47:38.609+0000] {logging_mixin.py:149} INFO - [2024-08-29T19:47:38.608+0000] {manager.py:504} INFO - Created Permission View: can read on DAG:example_trigger_controller_dag
[2024-08-29T19:47:38.609+0000] {logging_mixin.py:149} INFO - [2024-08-29T19:47:38.609+0000] {dag.py:2726} INFO - Sync 1 DAGs
[2024-08-29T19:47:38.620+0000] {logging_mixin.py:149} INFO - [2024-08-29T19:47:38.620+0000] {dag.py:2747} INFO - Creating ORM DAG for example_trigger_controller_dag
[2024-08-29T19:47:38.629+0000] {logging_mixin.py:149} INFO - [2024-08-29T19:47:38.629+0000] {dag.py:3486} INFO - Setting next_dagrun for example_trigger_controller_dag to 2021-01-01T00:00:00+00:00, run_after=2021-01-01T00:00:00+00:00
[2024-08-29T19:47:38.660+0000] {processor.py:179} INFO - Processing /home/airflow-vm/data-engineer-batch-processing-financial-services/.venv/lib/python3.10/site-packages/airflow/example_dags/example_trigger_controller_dag.py took 0.249 seconds
[2024-08-29T19:48:30.872+0000] {processor.py:157} INFO - Started process (PID=49316) to work on /home/airflow-vm/data-engineer-batch-processing-financial-services/.venv/lib/python3.10/site-packages/airflow/example_dags/example_trigger_controller_dag.py
[2024-08-29T19:48:30.873+0000] {processor.py:826} INFO - Processing file /home/airflow-vm/data-engineer-batch-processing-financial-services/.venv/lib/python3.10/site-packages/airflow/example_dags/example_trigger_controller_dag.py for tasks to queue
[2024-08-29T19:48:30.874+0000] {logging_mixin.py:149} INFO - [2024-08-29T19:48:30.873+0000] {dagbag.py:541} INFO - Filling up the DagBag from /home/airflow-vm/data-engineer-batch-processing-financial-services/.venv/lib/python3.10/site-packages/airflow/example_dags/example_trigger_controller_dag.py
[2024-08-29T19:48:30.877+0000] {processor.py:836} INFO - DAG(s) dict_keys(['example_trigger_controller_dag']) retrieved from /home/airflow-vm/data-engineer-batch-processing-financial-services/.venv/lib/python3.10/site-packages/airflow/example_dags/example_trigger_controller_dag.py
[2024-08-29T19:48:30.895+0000] {logging_mixin.py:149} INFO - [2024-08-29T19:48:30.895+0000] {dag.py:2726} INFO - Sync 1 DAGs
[2024-08-29T19:48:30.914+0000] {logging_mixin.py:149} INFO - [2024-08-29T19:48:30.914+0000] {dag.py:3486} INFO - Setting next_dagrun for example_trigger_controller_dag to 2021-01-01T00:00:00+00:00, run_after=2021-01-01T00:00:00+00:00
[2024-08-29T19:48:30.942+0000] {processor.py:179} INFO - Processing /home/airflow-vm/data-engineer-batch-processing-financial-services/.venv/lib/python3.10/site-packages/airflow/example_dags/example_trigger_controller_dag.py took 0.072 seconds
[2024-08-29T19:49:07.561+0000] {processor.py:157} INFO - Started process (PID=49578) to work on /home/airflow-vm/data-engineer-batch-processing-financial-services/.venv/lib/python3.10/site-packages/airflow/example_dags/example_trigger_controller_dag.py
[2024-08-29T19:49:07.562+0000] {processor.py:826} INFO - Processing file /home/airflow-vm/data-engineer-batch-processing-financial-services/.venv/lib/python3.10/site-packages/airflow/example_dags/example_trigger_controller_dag.py for tasks to queue
[2024-08-29T19:49:07.563+0000] {logging_mixin.py:149} INFO - [2024-08-29T19:49:07.562+0000] {dagbag.py:541} INFO - Filling up the DagBag from /home/airflow-vm/data-engineer-batch-processing-financial-services/.venv/lib/python3.10/site-packages/airflow/example_dags/example_trigger_controller_dag.py
[2024-08-29T19:49:07.567+0000] {processor.py:836} INFO - DAG(s) dict_keys(['example_trigger_controller_dag']) retrieved from /home/airflow-vm/data-engineer-batch-processing-financial-services/.venv/lib/python3.10/site-packages/airflow/example_dags/example_trigger_controller_dag.py
[2024-08-29T19:49:07.584+0000] {logging_mixin.py:149} INFO - [2024-08-29T19:49:07.584+0000] {dag.py:2726} INFO - Sync 1 DAGs
[2024-08-29T19:49:07.602+0000] {logging_mixin.py:149} INFO - [2024-08-29T19:49:07.602+0000] {dag.py:3486} INFO - Setting next_dagrun for example_trigger_controller_dag to 2021-01-01T00:00:00+00:00, run_after=2021-01-01T00:00:00+00:00
[2024-08-29T19:49:07.630+0000] {processor.py:179} INFO - Processing /home/airflow-vm/data-engineer-batch-processing-financial-services/.venv/lib/python3.10/site-packages/airflow/example_dags/example_trigger_controller_dag.py took 0.071 seconds
[2024-08-29T19:49:53.321+0000] {processor.py:157} INFO - Started process (PID=49733) to work on /home/airflow-vm/data-engineer-batch-processing-financial-services/.venv/lib/python3.10/site-packages/airflow/example_dags/example_trigger_controller_dag.py
[2024-08-29T19:49:53.322+0000] {processor.py:826} INFO - Processing file /home/airflow-vm/data-engineer-batch-processing-financial-services/.venv/lib/python3.10/site-packages/airflow/example_dags/example_trigger_controller_dag.py for tasks to queue
[2024-08-29T19:49:53.323+0000] {logging_mixin.py:149} INFO - [2024-08-29T19:49:53.323+0000] {dagbag.py:541} INFO - Filling up the DagBag from /home/airflow-vm/data-engineer-batch-processing-financial-services/.venv/lib/python3.10/site-packages/airflow/example_dags/example_trigger_controller_dag.py
[2024-08-29T19:49:53.327+0000] {processor.py:836} INFO - DAG(s) dict_keys(['example_trigger_controller_dag']) retrieved from /home/airflow-vm/data-engineer-batch-processing-financial-services/.venv/lib/python3.10/site-packages/airflow/example_dags/example_trigger_controller_dag.py
[2024-08-29T19:49:53.344+0000] {logging_mixin.py:149} INFO - [2024-08-29T19:49:53.344+0000] {dag.py:2726} INFO - Sync 1 DAGs
[2024-08-29T19:49:53.362+0000] {logging_mixin.py:149} INFO - [2024-08-29T19:49:53.362+0000] {dag.py:3486} INFO - Setting next_dagrun for example_trigger_controller_dag to 2021-01-01T00:00:00+00:00, run_after=2021-01-01T00:00:00+00:00
[2024-08-29T19:49:53.390+0000] {processor.py:179} INFO - Processing /home/airflow-vm/data-engineer-batch-processing-financial-services/.venv/lib/python3.10/site-packages/airflow/example_dags/example_trigger_controller_dag.py took 0.071 seconds
[2024-08-29T19:50:27.717+0000] {processor.py:157} INFO - Started process (PID=49921) to work on /home/airflow-vm/data-engineer-batch-processing-financial-services/.venv/lib/python3.10/site-packages/airflow/example_dags/example_trigger_controller_dag.py
[2024-08-29T19:50:27.718+0000] {processor.py:826} INFO - Processing file /home/airflow-vm/data-engineer-batch-processing-financial-services/.venv/lib/python3.10/site-packages/airflow/example_dags/example_trigger_controller_dag.py for tasks to queue
[2024-08-29T19:50:27.719+0000] {logging_mixin.py:149} INFO - [2024-08-29T19:50:27.719+0000] {dagbag.py:541} INFO - Filling up the DagBag from /home/airflow-vm/data-engineer-batch-processing-financial-services/.venv/lib/python3.10/site-packages/airflow/example_dags/example_trigger_controller_dag.py
[2024-08-29T19:50:27.722+0000] {processor.py:836} INFO - DAG(s) dict_keys(['example_trigger_controller_dag']) retrieved from /home/airflow-vm/data-engineer-batch-processing-financial-services/.venv/lib/python3.10/site-packages/airflow/example_dags/example_trigger_controller_dag.py
[2024-08-29T19:50:27.739+0000] {logging_mixin.py:149} INFO - [2024-08-29T19:50:27.739+0000] {dag.py:2726} INFO - Sync 1 DAGs
[2024-08-29T19:50:27.757+0000] {logging_mixin.py:149} INFO - [2024-08-29T19:50:27.757+0000] {dag.py:3486} INFO - Setting next_dagrun for example_trigger_controller_dag to 2021-01-01T00:00:00+00:00, run_after=2021-01-01T00:00:00+00:00
[2024-08-29T19:50:27.788+0000] {processor.py:179} INFO - Processing /home/airflow-vm/data-engineer-batch-processing-financial-services/.venv/lib/python3.10/site-packages/airflow/example_dags/example_trigger_controller_dag.py took 0.073 seconds
[2024-08-29T19:51:12.517+0000] {processor.py:157} INFO - Started process (PID=50605) to work on /home/airflow-vm/data-engineer-batch-processing-financial-services/.venv/lib/python3.10/site-packages/airflow/example_dags/example_trigger_controller_dag.py
[2024-08-29T19:51:12.518+0000] {processor.py:826} INFO - Processing file /home/airflow-vm/data-engineer-batch-processing-financial-services/.venv/lib/python3.10/site-packages/airflow/example_dags/example_trigger_controller_dag.py for tasks to queue
[2024-08-29T19:51:12.519+0000] {logging_mixin.py:149} INFO - [2024-08-29T19:51:12.518+0000] {dagbag.py:541} INFO - Filling up the DagBag from /home/airflow-vm/data-engineer-batch-processing-financial-services/.venv/lib/python3.10/site-packages/airflow/example_dags/example_trigger_controller_dag.py
[2024-08-29T19:51:12.522+0000] {processor.py:836} INFO - DAG(s) dict_keys(['example_trigger_controller_dag']) retrieved from /home/airflow-vm/data-engineer-batch-processing-financial-services/.venv/lib/python3.10/site-packages/airflow/example_dags/example_trigger_controller_dag.py
[2024-08-29T19:51:12.540+0000] {logging_mixin.py:149} INFO - [2024-08-29T19:51:12.540+0000] {dag.py:2726} INFO - Sync 1 DAGs
[2024-08-29T19:51:12.560+0000] {logging_mixin.py:149} INFO - [2024-08-29T19:51:12.560+0000] {dag.py:3486} INFO - Setting next_dagrun for example_trigger_controller_dag to 2021-01-01T00:00:00+00:00, run_after=2021-01-01T00:00:00+00:00
[2024-08-29T19:51:12.589+0000] {processor.py:179} INFO - Processing /home/airflow-vm/data-engineer-batch-processing-financial-services/.venv/lib/python3.10/site-packages/airflow/example_dags/example_trigger_controller_dag.py took 0.074 seconds
[2024-08-29T19:51:45.771+0000] {processor.py:157} INFO - Started process (PID=50815) to work on /home/airflow-vm/data-engineer-batch-processing-financial-services/.venv/lib/python3.10/site-packages/airflow/example_dags/example_trigger_controller_dag.py
[2024-08-29T19:51:45.771+0000] {processor.py:826} INFO - Processing file /home/airflow-vm/data-engineer-batch-processing-financial-services/.venv/lib/python3.10/site-packages/airflow/example_dags/example_trigger_controller_dag.py for tasks to queue
[2024-08-29T19:51:45.772+0000] {logging_mixin.py:149} INFO - [2024-08-29T19:51:45.772+0000] {dagbag.py:541} INFO - Filling up the DagBag from /home/airflow-vm/data-engineer-batch-processing-financial-services/.venv/lib/python3.10/site-packages/airflow/example_dags/example_trigger_controller_dag.py
[2024-08-29T19:51:45.776+0000] {processor.py:836} INFO - DAG(s) dict_keys(['example_trigger_controller_dag']) retrieved from /home/airflow-vm/data-engineer-batch-processing-financial-services/.venv/lib/python3.10/site-packages/airflow/example_dags/example_trigger_controller_dag.py
[2024-08-29T19:51:45.794+0000] {logging_mixin.py:149} INFO - [2024-08-29T19:51:45.794+0000] {dag.py:2726} INFO - Sync 1 DAGs
[2024-08-29T19:51:45.815+0000] {logging_mixin.py:149} INFO - [2024-08-29T19:51:45.814+0000] {dag.py:3486} INFO - Setting next_dagrun for example_trigger_controller_dag to 2021-01-01T00:00:00+00:00, run_after=2021-01-01T00:00:00+00:00
[2024-08-29T19:51:45.846+0000] {processor.py:179} INFO - Processing /home/airflow-vm/data-engineer-batch-processing-financial-services/.venv/lib/python3.10/site-packages/airflow/example_dags/example_trigger_controller_dag.py took 0.078 seconds
[2024-08-29T19:52:18.225+0000] {processor.py:157} INFO - Started process (PID=50913) to work on /home/airflow-vm/data-engineer-batch-processing-financial-services/.venv/lib/python3.10/site-packages/airflow/example_dags/example_trigger_controller_dag.py
[2024-08-29T19:52:18.226+0000] {processor.py:826} INFO - Processing file /home/airflow-vm/data-engineer-batch-processing-financial-services/.venv/lib/python3.10/site-packages/airflow/example_dags/example_trigger_controller_dag.py for tasks to queue
[2024-08-29T19:52:18.226+0000] {logging_mixin.py:149} INFO - [2024-08-29T19:52:18.226+0000] {dagbag.py:541} INFO - Filling up the DagBag from /home/airflow-vm/data-engineer-batch-processing-financial-services/.venv/lib/python3.10/site-packages/airflow/example_dags/example_trigger_controller_dag.py
[2024-08-29T19:52:18.230+0000] {processor.py:836} INFO - DAG(s) dict_keys(['example_trigger_controller_dag']) retrieved from /home/airflow-vm/data-engineer-batch-processing-financial-services/.venv/lib/python3.10/site-packages/airflow/example_dags/example_trigger_controller_dag.py
[2024-08-29T19:52:18.247+0000] {logging_mixin.py:149} INFO - [2024-08-29T19:52:18.247+0000] {dag.py:2726} INFO - Sync 1 DAGs
[2024-08-29T19:52:18.266+0000] {logging_mixin.py:149} INFO - [2024-08-29T19:52:18.266+0000] {dag.py:3486} INFO - Setting next_dagrun for example_trigger_controller_dag to 2021-01-01T00:00:00+00:00, run_after=2021-01-01T00:00:00+00:00
[2024-08-29T19:52:18.296+0000] {processor.py:179} INFO - Processing /home/airflow-vm/data-engineer-batch-processing-financial-services/.venv/lib/python3.10/site-packages/airflow/example_dags/example_trigger_controller_dag.py took 0.074 seconds
[2024-08-29T19:53:02.066+0000] {processor.py:157} INFO - Started process (PID=51010) to work on /home/airflow-vm/data-engineer-batch-processing-financial-services/.venv/lib/python3.10/site-packages/airflow/example_dags/example_trigger_controller_dag.py
[2024-08-29T19:53:02.066+0000] {processor.py:826} INFO - Processing file /home/airflow-vm/data-engineer-batch-processing-financial-services/.venv/lib/python3.10/site-packages/airflow/example_dags/example_trigger_controller_dag.py for tasks to queue
[2024-08-29T19:53:02.067+0000] {logging_mixin.py:149} INFO - [2024-08-29T19:53:02.067+0000] {dagbag.py:541} INFO - Filling up the DagBag from /home/airflow-vm/data-engineer-batch-processing-financial-services/.venv/lib/python3.10/site-packages/airflow/example_dags/example_trigger_controller_dag.py
[2024-08-29T19:53:02.071+0000] {processor.py:836} INFO - DAG(s) dict_keys(['example_trigger_controller_dag']) retrieved from /home/airflow-vm/data-engineer-batch-processing-financial-services/.venv/lib/python3.10/site-packages/airflow/example_dags/example_trigger_controller_dag.py
[2024-08-29T19:53:02.088+0000] {logging_mixin.py:149} INFO - [2024-08-29T19:53:02.088+0000] {dag.py:2726} INFO - Sync 1 DAGs
[2024-08-29T19:53:02.107+0000] {logging_mixin.py:149} INFO - [2024-08-29T19:53:02.107+0000] {dag.py:3486} INFO - Setting next_dagrun for example_trigger_controller_dag to 2021-01-01T00:00:00+00:00, run_after=2021-01-01T00:00:00+00:00
[2024-08-29T19:53:02.138+0000] {processor.py:179} INFO - Processing /home/airflow-vm/data-engineer-batch-processing-financial-services/.venv/lib/python3.10/site-packages/airflow/example_dags/example_trigger_controller_dag.py took 0.075 seconds
[2024-08-29T19:53:46.366+0000] {processor.py:157} INFO - Started process (PID=51166) to work on /home/airflow-vm/data-engineer-batch-processing-financial-services/.venv/lib/python3.10/site-packages/airflow/example_dags/example_trigger_controller_dag.py
[2024-08-29T19:53:46.367+0000] {processor.py:826} INFO - Processing file /home/airflow-vm/data-engineer-batch-processing-financial-services/.venv/lib/python3.10/site-packages/airflow/example_dags/example_trigger_controller_dag.py for tasks to queue
[2024-08-29T19:53:46.368+0000] {logging_mixin.py:149} INFO - [2024-08-29T19:53:46.368+0000] {dagbag.py:541} INFO - Filling up the DagBag from /home/airflow-vm/data-engineer-batch-processing-financial-services/.venv/lib/python3.10/site-packages/airflow/example_dags/example_trigger_controller_dag.py
[2024-08-29T19:53:46.371+0000] {processor.py:836} INFO - DAG(s) dict_keys(['example_trigger_controller_dag']) retrieved from /home/airflow-vm/data-engineer-batch-processing-financial-services/.venv/lib/python3.10/site-packages/airflow/example_dags/example_trigger_controller_dag.py
[2024-08-29T19:53:46.388+0000] {logging_mixin.py:149} INFO - [2024-08-29T19:53:46.388+0000] {dag.py:2726} INFO - Sync 1 DAGs
[2024-08-29T19:53:46.407+0000] {logging_mixin.py:149} INFO - [2024-08-29T19:53:46.407+0000] {dag.py:3486} INFO - Setting next_dagrun for example_trigger_controller_dag to 2021-01-01T00:00:00+00:00, run_after=2021-01-01T00:00:00+00:00
[2024-08-29T19:53:46.436+0000] {processor.py:179} INFO - Processing /home/airflow-vm/data-engineer-batch-processing-financial-services/.venv/lib/python3.10/site-packages/airflow/example_dags/example_trigger_controller_dag.py took 0.072 seconds
[2024-08-29T19:54:18.462+0000] {processor.py:157} INFO - Started process (PID=51210) to work on /home/airflow-vm/data-engineer-batch-processing-financial-services/.venv/lib/python3.10/site-packages/airflow/example_dags/example_trigger_controller_dag.py
[2024-08-29T19:54:18.463+0000] {processor.py:826} INFO - Processing file /home/airflow-vm/data-engineer-batch-processing-financial-services/.venv/lib/python3.10/site-packages/airflow/example_dags/example_trigger_controller_dag.py for tasks to queue
[2024-08-29T19:54:18.463+0000] {logging_mixin.py:149} INFO - [2024-08-29T19:54:18.463+0000] {dagbag.py:541} INFO - Filling up the DagBag from /home/airflow-vm/data-engineer-batch-processing-financial-services/.venv/lib/python3.10/site-packages/airflow/example_dags/example_trigger_controller_dag.py
[2024-08-29T19:54:18.467+0000] {processor.py:836} INFO - DAG(s) dict_keys(['example_trigger_controller_dag']) retrieved from /home/airflow-vm/data-engineer-batch-processing-financial-services/.venv/lib/python3.10/site-packages/airflow/example_dags/example_trigger_controller_dag.py
[2024-08-29T19:54:18.484+0000] {logging_mixin.py:149} INFO - [2024-08-29T19:54:18.484+0000] {dag.py:2726} INFO - Sync 1 DAGs
[2024-08-29T19:54:18.504+0000] {logging_mixin.py:149} INFO - [2024-08-29T19:54:18.503+0000] {dag.py:3486} INFO - Setting next_dagrun for example_trigger_controller_dag to 2021-01-01T00:00:00+00:00, run_after=2021-01-01T00:00:00+00:00
[2024-08-29T19:54:18.532+0000] {processor.py:179} INFO - Processing /home/airflow-vm/data-engineer-batch-processing-financial-services/.venv/lib/python3.10/site-packages/airflow/example_dags/example_trigger_controller_dag.py took 0.072 seconds
[2024-08-29T19:54:50.482+0000] {processor.py:157} INFO - Started process (PID=51413) to work on /home/airflow-vm/data-engineer-batch-processing-financial-services/.venv/lib/python3.10/site-packages/airflow/example_dags/example_trigger_controller_dag.py
[2024-08-29T19:54:50.483+0000] {processor.py:826} INFO - Processing file /home/airflow-vm/data-engineer-batch-processing-financial-services/.venv/lib/python3.10/site-packages/airflow/example_dags/example_trigger_controller_dag.py for tasks to queue
[2024-08-29T19:54:50.483+0000] {logging_mixin.py:149} INFO - [2024-08-29T19:54:50.483+0000] {dagbag.py:541} INFO - Filling up the DagBag from /home/airflow-vm/data-engineer-batch-processing-financial-services/.venv/lib/python3.10/site-packages/airflow/example_dags/example_trigger_controller_dag.py
[2024-08-29T19:54:50.486+0000] {processor.py:836} INFO - DAG(s) dict_keys(['example_trigger_controller_dag']) retrieved from /home/airflow-vm/data-engineer-batch-processing-financial-services/.venv/lib/python3.10/site-packages/airflow/example_dags/example_trigger_controller_dag.py
[2024-08-29T19:54:50.503+0000] {logging_mixin.py:149} INFO - [2024-08-29T19:54:50.503+0000] {dag.py:2726} INFO - Sync 1 DAGs
[2024-08-29T19:54:50.522+0000] {logging_mixin.py:149} INFO - [2024-08-29T19:54:50.522+0000] {dag.py:3486} INFO - Setting next_dagrun for example_trigger_controller_dag to 2021-01-01T00:00:00+00:00, run_after=2021-01-01T00:00:00+00:00
[2024-08-29T19:54:50.555+0000] {processor.py:179} INFO - Processing /home/airflow-vm/data-engineer-batch-processing-financial-services/.venv/lib/python3.10/site-packages/airflow/example_dags/example_trigger_controller_dag.py took 0.076 seconds
[2024-08-29T19:55:23.071+0000] {processor.py:157} INFO - Started process (PID=51670) to work on /home/airflow-vm/data-engineer-batch-processing-financial-services/.venv/lib/python3.10/site-packages/airflow/example_dags/example_trigger_controller_dag.py
[2024-08-29T19:55:23.072+0000] {processor.py:826} INFO - Processing file /home/airflow-vm/data-engineer-batch-processing-financial-services/.venv/lib/python3.10/site-packages/airflow/example_dags/example_trigger_controller_dag.py for tasks to queue
[2024-08-29T19:55:23.073+0000] {logging_mixin.py:149} INFO - [2024-08-29T19:55:23.073+0000] {dagbag.py:541} INFO - Filling up the DagBag from /home/airflow-vm/data-engineer-batch-processing-financial-services/.venv/lib/python3.10/site-packages/airflow/example_dags/example_trigger_controller_dag.py
[2024-08-29T19:55:23.077+0000] {processor.py:836} INFO - DAG(s) dict_keys(['example_trigger_controller_dag']) retrieved from /home/airflow-vm/data-engineer-batch-processing-financial-services/.venv/lib/python3.10/site-packages/airflow/example_dags/example_trigger_controller_dag.py
[2024-08-29T19:55:23.095+0000] {logging_mixin.py:149} INFO - [2024-08-29T19:55:23.095+0000] {dag.py:2726} INFO - Sync 1 DAGs
[2024-08-29T19:55:23.115+0000] {logging_mixin.py:149} INFO - [2024-08-29T19:55:23.114+0000] {dag.py:3486} INFO - Setting next_dagrun for example_trigger_controller_dag to 2021-01-01T00:00:00+00:00, run_after=2021-01-01T00:00:00+00:00
[2024-08-29T19:55:23.143+0000] {processor.py:179} INFO - Processing /home/airflow-vm/data-engineer-batch-processing-financial-services/.venv/lib/python3.10/site-packages/airflow/example_dags/example_trigger_controller_dag.py took 0.075 seconds
[2024-08-29T20:11:34.429+0000] {processor.py:157} INFO - Started process (PID=56311) to work on /home/airflow-vm/data-engineer-batch-processing-financial-services/.venv/lib/python3.10/site-packages/airflow/example_dags/example_trigger_controller_dag.py
[2024-08-29T20:11:34.430+0000] {processor.py:826} INFO - Processing file /home/airflow-vm/data-engineer-batch-processing-financial-services/.venv/lib/python3.10/site-packages/airflow/example_dags/example_trigger_controller_dag.py for tasks to queue
[2024-08-29T20:11:34.430+0000] {logging_mixin.py:149} INFO - [2024-08-29T20:11:34.430+0000] {dagbag.py:541} INFO - Filling up the DagBag from /home/airflow-vm/data-engineer-batch-processing-financial-services/.venv/lib/python3.10/site-packages/airflow/example_dags/example_trigger_controller_dag.py
[2024-08-29T20:11:34.435+0000] {processor.py:836} INFO - DAG(s) dict_keys(['example_trigger_controller_dag']) retrieved from /home/airflow-vm/data-engineer-batch-processing-financial-services/.venv/lib/python3.10/site-packages/airflow/example_dags/example_trigger_controller_dag.py
[2024-08-29T20:11:34.455+0000] {logging_mixin.py:149} INFO - [2024-08-29T20:11:34.454+0000] {dag.py:2726} INFO - Sync 1 DAGs
[2024-08-29T20:11:34.473+0000] {logging_mixin.py:149} INFO - [2024-08-29T20:11:34.472+0000] {dag.py:3486} INFO - Setting next_dagrun for example_trigger_controller_dag to 2021-01-01T00:00:00+00:00, run_after=2021-01-01T00:00:00+00:00
[2024-08-29T20:11:34.499+0000] {processor.py:179} INFO - Processing /home/airflow-vm/data-engineer-batch-processing-financial-services/.venv/lib/python3.10/site-packages/airflow/example_dags/example_trigger_controller_dag.py took 0.072 seconds
[2024-08-29T20:12:19.763+0000] {processor.py:157} INFO - Started process (PID=56589) to work on /home/airflow-vm/data-engineer-batch-processing-financial-services/.venv/lib/python3.10/site-packages/airflow/example_dags/example_trigger_controller_dag.py
[2024-08-29T20:12:19.764+0000] {processor.py:826} INFO - Processing file /home/airflow-vm/data-engineer-batch-processing-financial-services/.venv/lib/python3.10/site-packages/airflow/example_dags/example_trigger_controller_dag.py for tasks to queue
[2024-08-29T20:12:19.764+0000] {logging_mixin.py:149} INFO - [2024-08-29T20:12:19.764+0000] {dagbag.py:541} INFO - Filling up the DagBag from /home/airflow-vm/data-engineer-batch-processing-financial-services/.venv/lib/python3.10/site-packages/airflow/example_dags/example_trigger_controller_dag.py
[2024-08-29T20:12:19.768+0000] {processor.py:836} INFO - DAG(s) dict_keys(['example_trigger_controller_dag']) retrieved from /home/airflow-vm/data-engineer-batch-processing-financial-services/.venv/lib/python3.10/site-packages/airflow/example_dags/example_trigger_controller_dag.py
[2024-08-29T20:12:19.785+0000] {logging_mixin.py:149} INFO - [2024-08-29T20:12:19.785+0000] {dag.py:2726} INFO - Sync 1 DAGs
[2024-08-29T20:12:19.804+0000] {logging_mixin.py:149} INFO - [2024-08-29T20:12:19.803+0000] {dag.py:3486} INFO - Setting next_dagrun for example_trigger_controller_dag to 2021-01-01T00:00:00+00:00, run_after=2021-01-01T00:00:00+00:00
[2024-08-29T20:12:19.830+0000] {processor.py:179} INFO - Processing /home/airflow-vm/data-engineer-batch-processing-financial-services/.venv/lib/python3.10/site-packages/airflow/example_dags/example_trigger_controller_dag.py took 0.070 seconds
[2024-08-29T20:13:03.258+0000] {processor.py:157} INFO - Started process (PID=56873) to work on /home/airflow-vm/data-engineer-batch-processing-financial-services/.venv/lib/python3.10/site-packages/airflow/example_dags/example_trigger_controller_dag.py
[2024-08-29T20:13:03.258+0000] {processor.py:826} INFO - Processing file /home/airflow-vm/data-engineer-batch-processing-financial-services/.venv/lib/python3.10/site-packages/airflow/example_dags/example_trigger_controller_dag.py for tasks to queue
[2024-08-29T20:13:03.259+0000] {logging_mixin.py:149} INFO - [2024-08-29T20:13:03.259+0000] {dagbag.py:541} INFO - Filling up the DagBag from /home/airflow-vm/data-engineer-batch-processing-financial-services/.venv/lib/python3.10/site-packages/airflow/example_dags/example_trigger_controller_dag.py
[2024-08-29T20:13:03.263+0000] {processor.py:836} INFO - DAG(s) dict_keys(['example_trigger_controller_dag']) retrieved from /home/airflow-vm/data-engineer-batch-processing-financial-services/.venv/lib/python3.10/site-packages/airflow/example_dags/example_trigger_controller_dag.py
[2024-08-29T20:13:03.280+0000] {logging_mixin.py:149} INFO - [2024-08-29T20:13:03.280+0000] {dag.py:2726} INFO - Sync 1 DAGs
[2024-08-29T20:13:03.298+0000] {logging_mixin.py:149} INFO - [2024-08-29T20:13:03.298+0000] {dag.py:3486} INFO - Setting next_dagrun for example_trigger_controller_dag to 2021-01-01T00:00:00+00:00, run_after=2021-01-01T00:00:00+00:00
[2024-08-29T20:13:03.327+0000] {processor.py:179} INFO - Processing /home/airflow-vm/data-engineer-batch-processing-financial-services/.venv/lib/python3.10/site-packages/airflow/example_dags/example_trigger_controller_dag.py took 0.072 seconds
[2024-08-29T20:15:02.023+0000] {processor.py:157} INFO - Started process (PID=57362) to work on /home/airflow-vm/data-engineer-batch-processing-financial-services/.venv/lib/python3.10/site-packages/airflow/example_dags/example_trigger_controller_dag.py
[2024-08-29T20:15:02.023+0000] {processor.py:826} INFO - Processing file /home/airflow-vm/data-engineer-batch-processing-financial-services/.venv/lib/python3.10/site-packages/airflow/example_dags/example_trigger_controller_dag.py for tasks to queue
[2024-08-29T20:15:02.024+0000] {logging_mixin.py:149} INFO - [2024-08-29T20:15:02.024+0000] {dagbag.py:541} INFO - Filling up the DagBag from /home/airflow-vm/data-engineer-batch-processing-financial-services/.venv/lib/python3.10/site-packages/airflow/example_dags/example_trigger_controller_dag.py
[2024-08-29T20:15:02.029+0000] {processor.py:836} INFO - DAG(s) dict_keys(['example_trigger_controller_dag']) retrieved from /home/airflow-vm/data-engineer-batch-processing-financial-services/.venv/lib/python3.10/site-packages/airflow/example_dags/example_trigger_controller_dag.py
[2024-08-29T20:15:02.048+0000] {logging_mixin.py:149} INFO - [2024-08-29T20:15:02.048+0000] {dag.py:2726} INFO - Sync 1 DAGs
[2024-08-29T20:15:02.066+0000] {logging_mixin.py:149} INFO - [2024-08-29T20:15:02.066+0000] {dag.py:3486} INFO - Setting next_dagrun for example_trigger_controller_dag to 2021-01-01T00:00:00+00:00, run_after=2021-01-01T00:00:00+00:00
[2024-08-29T20:15:02.093+0000] {processor.py:179} INFO - Processing /home/airflow-vm/data-engineer-batch-processing-financial-services/.venv/lib/python3.10/site-packages/airflow/example_dags/example_trigger_controller_dag.py took 0.072 seconds
[2024-08-29T20:15:46.807+0000] {processor.py:157} INFO - Started process (PID=57860) to work on /home/airflow-vm/data-engineer-batch-processing-financial-services/.venv/lib/python3.10/site-packages/airflow/example_dags/example_trigger_controller_dag.py
[2024-08-29T20:15:46.808+0000] {processor.py:826} INFO - Processing file /home/airflow-vm/data-engineer-batch-processing-financial-services/.venv/lib/python3.10/site-packages/airflow/example_dags/example_trigger_controller_dag.py for tasks to queue
[2024-08-29T20:15:46.808+0000] {logging_mixin.py:149} INFO - [2024-08-29T20:15:46.808+0000] {dagbag.py:541} INFO - Filling up the DagBag from /home/airflow-vm/data-engineer-batch-processing-financial-services/.venv/lib/python3.10/site-packages/airflow/example_dags/example_trigger_controller_dag.py
[2024-08-29T20:15:46.812+0000] {processor.py:836} INFO - DAG(s) dict_keys(['example_trigger_controller_dag']) retrieved from /home/airflow-vm/data-engineer-batch-processing-financial-services/.venv/lib/python3.10/site-packages/airflow/example_dags/example_trigger_controller_dag.py
[2024-08-29T20:15:46.829+0000] {logging_mixin.py:149} INFO - [2024-08-29T20:15:46.829+0000] {dag.py:2726} INFO - Sync 1 DAGs
[2024-08-29T20:15:46.848+0000] {logging_mixin.py:149} INFO - [2024-08-29T20:15:46.848+0000] {dag.py:3486} INFO - Setting next_dagrun for example_trigger_controller_dag to 2021-01-01T00:00:00+00:00, run_after=2021-01-01T00:00:00+00:00
[2024-08-29T20:15:46.874+0000] {processor.py:179} INFO - Processing /home/airflow-vm/data-engineer-batch-processing-financial-services/.venv/lib/python3.10/site-packages/airflow/example_dags/example_trigger_controller_dag.py took 0.070 seconds
[2024-08-29T20:16:33.403+0000] {processor.py:157} INFO - Started process (PID=58239) to work on /home/airflow-vm/data-engineer-batch-processing-financial-services/.venv/lib/python3.10/site-packages/airflow/example_dags/example_trigger_controller_dag.py
[2024-08-29T20:16:33.404+0000] {processor.py:826} INFO - Processing file /home/airflow-vm/data-engineer-batch-processing-financial-services/.venv/lib/python3.10/site-packages/airflow/example_dags/example_trigger_controller_dag.py for tasks to queue
[2024-08-29T20:16:33.405+0000] {logging_mixin.py:149} INFO - [2024-08-29T20:16:33.405+0000] {dagbag.py:541} INFO - Filling up the DagBag from /home/airflow-vm/data-engineer-batch-processing-financial-services/.venv/lib/python3.10/site-packages/airflow/example_dags/example_trigger_controller_dag.py
[2024-08-29T20:16:33.409+0000] {processor.py:836} INFO - DAG(s) dict_keys(['example_trigger_controller_dag']) retrieved from /home/airflow-vm/data-engineer-batch-processing-financial-services/.venv/lib/python3.10/site-packages/airflow/example_dags/example_trigger_controller_dag.py
[2024-08-29T20:16:33.426+0000] {logging_mixin.py:149} INFO - [2024-08-29T20:16:33.426+0000] {dag.py:2726} INFO - Sync 1 DAGs
[2024-08-29T20:16:33.445+0000] {logging_mixin.py:149} INFO - [2024-08-29T20:16:33.445+0000] {dag.py:3486} INFO - Setting next_dagrun for example_trigger_controller_dag to 2021-01-01T00:00:00+00:00, run_after=2021-01-01T00:00:00+00:00
[2024-08-29T20:16:33.475+0000] {processor.py:179} INFO - Processing /home/airflow-vm/data-engineer-batch-processing-financial-services/.venv/lib/python3.10/site-packages/airflow/example_dags/example_trigger_controller_dag.py took 0.074 seconds
[2024-08-29T20:23:37.959+0000] {processor.py:157} INFO - Started process (PID=60693) to work on /home/airflow-vm/data-engineer-batch-processing-financial-services/.venv/lib/python3.10/site-packages/airflow/example_dags/example_trigger_controller_dag.py
[2024-08-29T20:23:37.960+0000] {processor.py:826} INFO - Processing file /home/airflow-vm/data-engineer-batch-processing-financial-services/.venv/lib/python3.10/site-packages/airflow/example_dags/example_trigger_controller_dag.py for tasks to queue
[2024-08-29T20:23:37.961+0000] {logging_mixin.py:149} INFO - [2024-08-29T20:23:37.960+0000] {dagbag.py:541} INFO - Filling up the DagBag from /home/airflow-vm/data-engineer-batch-processing-financial-services/.venv/lib/python3.10/site-packages/airflow/example_dags/example_trigger_controller_dag.py
[2024-08-29T20:23:37.966+0000] {processor.py:836} INFO - DAG(s) dict_keys(['example_trigger_controller_dag']) retrieved from /home/airflow-vm/data-engineer-batch-processing-financial-services/.venv/lib/python3.10/site-packages/airflow/example_dags/example_trigger_controller_dag.py
[2024-08-29T20:23:37.973+0000] {logging_mixin.py:149} INFO - [2024-08-29T20:23:37.973+0000] {dag.py:2726} INFO - Sync 1 DAGs
[2024-08-29T20:23:37.994+0000] {logging_mixin.py:149} INFO - [2024-08-29T20:23:37.993+0000] {dag.py:3486} INFO - Setting next_dagrun for example_trigger_controller_dag to 2021-01-01T00:00:00+00:00, run_after=2021-01-01T00:00:00+00:00
[2024-08-29T20:23:38.020+0000] {processor.py:179} INFO - Processing /home/airflow-vm/data-engineer-batch-processing-financial-services/.venv/lib/python3.10/site-packages/airflow/example_dags/example_trigger_controller_dag.py took 0.063 seconds
[2024-08-29T20:25:32.477+0000] {processor.py:157} INFO - Started process (PID=62098) to work on /home/airflow-vm/data-engineer-batch-processing-financial-services/.venv/lib/python3.10/site-packages/airflow/example_dags/example_trigger_controller_dag.py
[2024-08-29T20:25:32.478+0000] {processor.py:826} INFO - Processing file /home/airflow-vm/data-engineer-batch-processing-financial-services/.venv/lib/python3.10/site-packages/airflow/example_dags/example_trigger_controller_dag.py for tasks to queue
[2024-08-29T20:25:32.479+0000] {logging_mixin.py:149} INFO - [2024-08-29T20:25:32.479+0000] {dagbag.py:541} INFO - Filling up the DagBag from /home/airflow-vm/data-engineer-batch-processing-financial-services/.venv/lib/python3.10/site-packages/airflow/example_dags/example_trigger_controller_dag.py
[2024-08-29T20:25:32.482+0000] {processor.py:836} INFO - DAG(s) dict_keys(['example_trigger_controller_dag']) retrieved from /home/airflow-vm/data-engineer-batch-processing-financial-services/.venv/lib/python3.10/site-packages/airflow/example_dags/example_trigger_controller_dag.py
[2024-08-29T20:25:32.499+0000] {logging_mixin.py:149} INFO - [2024-08-29T20:25:32.499+0000] {dag.py:2726} INFO - Sync 1 DAGs
[2024-08-29T20:25:32.518+0000] {logging_mixin.py:149} INFO - [2024-08-29T20:25:32.518+0000] {dag.py:3486} INFO - Setting next_dagrun for example_trigger_controller_dag to 2021-01-01T00:00:00+00:00, run_after=2021-01-01T00:00:00+00:00
[2024-08-29T20:25:32.548+0000] {processor.py:179} INFO - Processing /home/airflow-vm/data-engineer-batch-processing-financial-services/.venv/lib/python3.10/site-packages/airflow/example_dags/example_trigger_controller_dag.py took 0.073 seconds
[2024-08-29T20:26:45.527+0000] {processor.py:157} INFO - Started process (PID=63045) to work on /home/airflow-vm/data-engineer-batch-processing-financial-services/.venv/lib/python3.10/site-packages/airflow/example_dags/example_trigger_controller_dag.py
[2024-08-29T20:26:45.528+0000] {processor.py:826} INFO - Processing file /home/airflow-vm/data-engineer-batch-processing-financial-services/.venv/lib/python3.10/site-packages/airflow/example_dags/example_trigger_controller_dag.py for tasks to queue
[2024-08-29T20:26:45.528+0000] {logging_mixin.py:149} INFO - [2024-08-29T20:26:45.528+0000] {dagbag.py:541} INFO - Filling up the DagBag from /home/airflow-vm/data-engineer-batch-processing-financial-services/.venv/lib/python3.10/site-packages/airflow/example_dags/example_trigger_controller_dag.py
[2024-08-29T20:26:45.532+0000] {processor.py:836} INFO - DAG(s) dict_keys(['example_trigger_controller_dag']) retrieved from /home/airflow-vm/data-engineer-batch-processing-financial-services/.venv/lib/python3.10/site-packages/airflow/example_dags/example_trigger_controller_dag.py
[2024-08-29T20:26:45.549+0000] {logging_mixin.py:149} INFO - [2024-08-29T20:26:45.549+0000] {dag.py:2726} INFO - Sync 1 DAGs
[2024-08-29T20:26:45.567+0000] {logging_mixin.py:149} INFO - [2024-08-29T20:26:45.567+0000] {dag.py:3486} INFO - Setting next_dagrun for example_trigger_controller_dag to 2021-01-01T00:00:00+00:00, run_after=2021-01-01T00:00:00+00:00
[2024-08-29T20:26:45.593+0000] {processor.py:179} INFO - Processing /home/airflow-vm/data-engineer-batch-processing-financial-services/.venv/lib/python3.10/site-packages/airflow/example_dags/example_trigger_controller_dag.py took 0.069 seconds
[2024-08-29T20:27:28.681+0000] {processor.py:157} INFO - Started process (PID=63468) to work on /home/airflow-vm/data-engineer-batch-processing-financial-services/.venv/lib/python3.10/site-packages/airflow/example_dags/example_trigger_controller_dag.py
[2024-08-29T20:27:28.682+0000] {processor.py:826} INFO - Processing file /home/airflow-vm/data-engineer-batch-processing-financial-services/.venv/lib/python3.10/site-packages/airflow/example_dags/example_trigger_controller_dag.py for tasks to queue
[2024-08-29T20:27:28.682+0000] {logging_mixin.py:149} INFO - [2024-08-29T20:27:28.682+0000] {dagbag.py:541} INFO - Filling up the DagBag from /home/airflow-vm/data-engineer-batch-processing-financial-services/.venv/lib/python3.10/site-packages/airflow/example_dags/example_trigger_controller_dag.py
[2024-08-29T20:27:28.685+0000] {processor.py:836} INFO - DAG(s) dict_keys(['example_trigger_controller_dag']) retrieved from /home/airflow-vm/data-engineer-batch-processing-financial-services/.venv/lib/python3.10/site-packages/airflow/example_dags/example_trigger_controller_dag.py
[2024-08-29T20:27:28.702+0000] {logging_mixin.py:149} INFO - [2024-08-29T20:27:28.702+0000] {dag.py:2726} INFO - Sync 1 DAGs
[2024-08-29T20:27:28.720+0000] {logging_mixin.py:149} INFO - [2024-08-29T20:27:28.720+0000] {dag.py:3486} INFO - Setting next_dagrun for example_trigger_controller_dag to 2021-01-01T00:00:00+00:00, run_after=2021-01-01T00:00:00+00:00
[2024-08-29T20:27:28.749+0000] {processor.py:179} INFO - Processing /home/airflow-vm/data-engineer-batch-processing-financial-services/.venv/lib/python3.10/site-packages/airflow/example_dags/example_trigger_controller_dag.py took 0.071 seconds
[2024-08-29T20:28:11.178+0000] {processor.py:157} INFO - Started process (PID=63572) to work on /home/airflow-vm/data-engineer-batch-processing-financial-services/.venv/lib/python3.10/site-packages/airflow/example_dags/example_trigger_controller_dag.py
[2024-08-29T20:28:11.179+0000] {processor.py:826} INFO - Processing file /home/airflow-vm/data-engineer-batch-processing-financial-services/.venv/lib/python3.10/site-packages/airflow/example_dags/example_trigger_controller_dag.py for tasks to queue
[2024-08-29T20:28:11.180+0000] {logging_mixin.py:149} INFO - [2024-08-29T20:28:11.179+0000] {dagbag.py:541} INFO - Filling up the DagBag from /home/airflow-vm/data-engineer-batch-processing-financial-services/.venv/lib/python3.10/site-packages/airflow/example_dags/example_trigger_controller_dag.py
[2024-08-29T20:28:11.183+0000] {processor.py:836} INFO - DAG(s) dict_keys(['example_trigger_controller_dag']) retrieved from /home/airflow-vm/data-engineer-batch-processing-financial-services/.venv/lib/python3.10/site-packages/airflow/example_dags/example_trigger_controller_dag.py
[2024-08-29T20:28:11.200+0000] {logging_mixin.py:149} INFO - [2024-08-29T20:28:11.200+0000] {dag.py:2726} INFO - Sync 1 DAGs
[2024-08-29T20:28:11.218+0000] {logging_mixin.py:149} INFO - [2024-08-29T20:28:11.218+0000] {dag.py:3486} INFO - Setting next_dagrun for example_trigger_controller_dag to 2021-01-01T00:00:00+00:00, run_after=2021-01-01T00:00:00+00:00
[2024-08-29T20:28:11.248+0000] {processor.py:179} INFO - Processing /home/airflow-vm/data-engineer-batch-processing-financial-services/.venv/lib/python3.10/site-packages/airflow/example_dags/example_trigger_controller_dag.py took 0.073 seconds
[2024-08-29T20:29:28.691+0000] {processor.py:157} INFO - Started process (PID=64449) to work on /home/airflow-vm/data-engineer-batch-processing-financial-services/.venv/lib/python3.10/site-packages/airflow/example_dags/example_trigger_controller_dag.py
[2024-08-29T20:29:28.692+0000] {processor.py:826} INFO - Processing file /home/airflow-vm/data-engineer-batch-processing-financial-services/.venv/lib/python3.10/site-packages/airflow/example_dags/example_trigger_controller_dag.py for tasks to queue
[2024-08-29T20:29:28.693+0000] {logging_mixin.py:149} INFO - [2024-08-29T20:29:28.693+0000] {dagbag.py:541} INFO - Filling up the DagBag from /home/airflow-vm/data-engineer-batch-processing-financial-services/.venv/lib/python3.10/site-packages/airflow/example_dags/example_trigger_controller_dag.py
[2024-08-29T20:29:28.697+0000] {processor.py:836} INFO - DAG(s) dict_keys(['example_trigger_controller_dag']) retrieved from /home/airflow-vm/data-engineer-batch-processing-financial-services/.venv/lib/python3.10/site-packages/airflow/example_dags/example_trigger_controller_dag.py
[2024-08-29T20:29:28.714+0000] {logging_mixin.py:149} INFO - [2024-08-29T20:29:28.713+0000] {dag.py:2726} INFO - Sync 1 DAGs
[2024-08-29T20:29:28.732+0000] {logging_mixin.py:149} INFO - [2024-08-29T20:29:28.731+0000] {dag.py:3486} INFO - Setting next_dagrun for example_trigger_controller_dag to 2021-01-01T00:00:00+00:00, run_after=2021-01-01T00:00:00+00:00
[2024-08-29T20:29:28.758+0000] {processor.py:179} INFO - Processing /home/airflow-vm/data-engineer-batch-processing-financial-services/.venv/lib/python3.10/site-packages/airflow/example_dags/example_trigger_controller_dag.py took 0.070 seconds
[2024-08-29T20:30:40.250+0000] {processor.py:157} INFO - Started process (PID=65162) to work on /home/airflow-vm/data-engineer-batch-processing-financial-services/.venv/lib/python3.10/site-packages/airflow/example_dags/example_trigger_controller_dag.py
[2024-08-29T20:30:40.251+0000] {processor.py:826} INFO - Processing file /home/airflow-vm/data-engineer-batch-processing-financial-services/.venv/lib/python3.10/site-packages/airflow/example_dags/example_trigger_controller_dag.py for tasks to queue
[2024-08-29T20:30:40.251+0000] {logging_mixin.py:149} INFO - [2024-08-29T20:30:40.251+0000] {dagbag.py:541} INFO - Filling up the DagBag from /home/airflow-vm/data-engineer-batch-processing-financial-services/.venv/lib/python3.10/site-packages/airflow/example_dags/example_trigger_controller_dag.py
[2024-08-29T20:30:40.256+0000] {processor.py:836} INFO - DAG(s) dict_keys(['example_trigger_controller_dag']) retrieved from /home/airflow-vm/data-engineer-batch-processing-financial-services/.venv/lib/python3.10/site-packages/airflow/example_dags/example_trigger_controller_dag.py
[2024-08-29T20:30:40.264+0000] {logging_mixin.py:149} INFO - [2024-08-29T20:30:40.263+0000] {dag.py:2726} INFO - Sync 1 DAGs
[2024-08-29T20:30:40.285+0000] {logging_mixin.py:149} INFO - [2024-08-29T20:30:40.284+0000] {dag.py:3486} INFO - Setting next_dagrun for example_trigger_controller_dag to 2021-01-01T00:00:00+00:00, run_after=2021-01-01T00:00:00+00:00
[2024-08-29T20:30:40.311+0000] {processor.py:179} INFO - Processing /home/airflow-vm/data-engineer-batch-processing-financial-services/.venv/lib/python3.10/site-packages/airflow/example_dags/example_trigger_controller_dag.py took 0.063 seconds
[2024-08-29T20:32:28.620+0000] {processor.py:157} INFO - Started process (PID=66536) to work on /home/airflow-vm/data-engineer-batch-processing-financial-services/.venv/lib/python3.10/site-packages/airflow/example_dags/example_trigger_controller_dag.py
[2024-08-29T20:32:28.621+0000] {processor.py:826} INFO - Processing file /home/airflow-vm/data-engineer-batch-processing-financial-services/.venv/lib/python3.10/site-packages/airflow/example_dags/example_trigger_controller_dag.py for tasks to queue
[2024-08-29T20:32:28.621+0000] {logging_mixin.py:149} INFO - [2024-08-29T20:32:28.621+0000] {dagbag.py:541} INFO - Filling up the DagBag from /home/airflow-vm/data-engineer-batch-processing-financial-services/.venv/lib/python3.10/site-packages/airflow/example_dags/example_trigger_controller_dag.py
[2024-08-29T20:32:28.625+0000] {processor.py:836} INFO - DAG(s) dict_keys(['example_trigger_controller_dag']) retrieved from /home/airflow-vm/data-engineer-batch-processing-financial-services/.venv/lib/python3.10/site-packages/airflow/example_dags/example_trigger_controller_dag.py
[2024-08-29T20:32:28.641+0000] {logging_mixin.py:149} INFO - [2024-08-29T20:32:28.641+0000] {dag.py:2726} INFO - Sync 1 DAGs
[2024-08-29T20:32:28.660+0000] {logging_mixin.py:149} INFO - [2024-08-29T20:32:28.660+0000] {dag.py:3486} INFO - Setting next_dagrun for example_trigger_controller_dag to 2021-01-01T00:00:00+00:00, run_after=2021-01-01T00:00:00+00:00
[2024-08-29T20:32:28.686+0000] {processor.py:179} INFO - Processing /home/airflow-vm/data-engineer-batch-processing-financial-services/.venv/lib/python3.10/site-packages/airflow/example_dags/example_trigger_controller_dag.py took 0.068 seconds
[2024-08-29T20:33:51.532+0000] {processor.py:157} INFO - Started process (PID=67533) to work on /home/airflow-vm/data-engineer-batch-processing-financial-services/.venv/lib/python3.10/site-packages/airflow/example_dags/example_trigger_controller_dag.py
[2024-08-29T20:33:51.532+0000] {processor.py:826} INFO - Processing file /home/airflow-vm/data-engineer-batch-processing-financial-services/.venv/lib/python3.10/site-packages/airflow/example_dags/example_trigger_controller_dag.py for tasks to queue
[2024-08-29T20:33:51.533+0000] {logging_mixin.py:149} INFO - [2024-08-29T20:33:51.533+0000] {dagbag.py:541} INFO - Filling up the DagBag from /home/airflow-vm/data-engineer-batch-processing-financial-services/.venv/lib/python3.10/site-packages/airflow/example_dags/example_trigger_controller_dag.py
[2024-08-29T20:33:51.537+0000] {processor.py:836} INFO - DAG(s) dict_keys(['example_trigger_controller_dag']) retrieved from /home/airflow-vm/data-engineer-batch-processing-financial-services/.venv/lib/python3.10/site-packages/airflow/example_dags/example_trigger_controller_dag.py
[2024-08-29T20:33:51.553+0000] {logging_mixin.py:149} INFO - [2024-08-29T20:33:51.553+0000] {dag.py:2726} INFO - Sync 1 DAGs
[2024-08-29T20:33:51.571+0000] {logging_mixin.py:149} INFO - [2024-08-29T20:33:51.571+0000] {dag.py:3486} INFO - Setting next_dagrun for example_trigger_controller_dag to 2021-01-01T00:00:00+00:00, run_after=2021-01-01T00:00:00+00:00
[2024-08-29T20:33:51.606+0000] {processor.py:179} INFO - Processing /home/airflow-vm/data-engineer-batch-processing-financial-services/.venv/lib/python3.10/site-packages/airflow/example_dags/example_trigger_controller_dag.py took 0.077 seconds
[2024-08-29T20:35:03.712+0000] {processor.py:157} INFO - Started process (PID=68503) to work on /home/airflow-vm/data-engineer-batch-processing-financial-services/.venv/lib/python3.10/site-packages/airflow/example_dags/example_trigger_controller_dag.py
[2024-08-29T20:35:03.713+0000] {processor.py:826} INFO - Processing file /home/airflow-vm/data-engineer-batch-processing-financial-services/.venv/lib/python3.10/site-packages/airflow/example_dags/example_trigger_controller_dag.py for tasks to queue
[2024-08-29T20:35:03.713+0000] {logging_mixin.py:149} INFO - [2024-08-29T20:35:03.713+0000] {dagbag.py:541} INFO - Filling up the DagBag from /home/airflow-vm/data-engineer-batch-processing-financial-services/.venv/lib/python3.10/site-packages/airflow/example_dags/example_trigger_controller_dag.py
[2024-08-29T20:35:03.719+0000] {processor.py:836} INFO - DAG(s) dict_keys(['example_trigger_controller_dag']) retrieved from /home/airflow-vm/data-engineer-batch-processing-financial-services/.venv/lib/python3.10/site-packages/airflow/example_dags/example_trigger_controller_dag.py
[2024-08-29T20:35:03.727+0000] {logging_mixin.py:149} INFO - [2024-08-29T20:35:03.727+0000] {dag.py:2726} INFO - Sync 1 DAGs
[2024-08-29T20:35:03.752+0000] {logging_mixin.py:149} INFO - [2024-08-29T20:35:03.751+0000] {dag.py:3486} INFO - Setting next_dagrun for example_trigger_controller_dag to 2021-01-01T00:00:00+00:00, run_after=2021-01-01T00:00:00+00:00
[2024-08-29T20:35:03.781+0000] {processor.py:179} INFO - Processing /home/airflow-vm/data-engineer-batch-processing-financial-services/.venv/lib/python3.10/site-packages/airflow/example_dags/example_trigger_controller_dag.py took 0.072 seconds
[2024-08-29T20:36:59.818+0000] {processor.py:157} INFO - Started process (PID=69929) to work on /home/airflow-vm/data-engineer-batch-processing-financial-services/.venv/lib/python3.10/site-packages/airflow/example_dags/example_trigger_controller_dag.py
[2024-08-29T20:36:59.819+0000] {processor.py:826} INFO - Processing file /home/airflow-vm/data-engineer-batch-processing-financial-services/.venv/lib/python3.10/site-packages/airflow/example_dags/example_trigger_controller_dag.py for tasks to queue
[2024-08-29T20:36:59.820+0000] {logging_mixin.py:149} INFO - [2024-08-29T20:36:59.819+0000] {dagbag.py:541} INFO - Filling up the DagBag from /home/airflow-vm/data-engineer-batch-processing-financial-services/.venv/lib/python3.10/site-packages/airflow/example_dags/example_trigger_controller_dag.py
[2024-08-29T20:36:59.823+0000] {processor.py:836} INFO - DAG(s) dict_keys(['example_trigger_controller_dag']) retrieved from /home/airflow-vm/data-engineer-batch-processing-financial-services/.venv/lib/python3.10/site-packages/airflow/example_dags/example_trigger_controller_dag.py
[2024-08-29T20:36:59.839+0000] {logging_mixin.py:149} INFO - [2024-08-29T20:36:59.839+0000] {dag.py:2726} INFO - Sync 1 DAGs
[2024-08-29T20:36:59.858+0000] {logging_mixin.py:149} INFO - [2024-08-29T20:36:59.858+0000] {dag.py:3486} INFO - Setting next_dagrun for example_trigger_controller_dag to 2021-01-01T00:00:00+00:00, run_after=2021-01-01T00:00:00+00:00
[2024-08-29T20:36:59.899+0000] {processor.py:179} INFO - Processing /home/airflow-vm/data-engineer-batch-processing-financial-services/.venv/lib/python3.10/site-packages/airflow/example_dags/example_trigger_controller_dag.py took 0.083 seconds
[2024-08-29T20:38:24.440+0000] {processor.py:157} INFO - Started process (PID=71085) to work on /home/airflow-vm/data-engineer-batch-processing-financial-services/.venv/lib/python3.10/site-packages/airflow/example_dags/example_trigger_controller_dag.py
[2024-08-29T20:38:24.441+0000] {processor.py:826} INFO - Processing file /home/airflow-vm/data-engineer-batch-processing-financial-services/.venv/lib/python3.10/site-packages/airflow/example_dags/example_trigger_controller_dag.py for tasks to queue
[2024-08-29T20:38:24.442+0000] {logging_mixin.py:149} INFO - [2024-08-29T20:38:24.441+0000] {dagbag.py:541} INFO - Filling up the DagBag from /home/airflow-vm/data-engineer-batch-processing-financial-services/.venv/lib/python3.10/site-packages/airflow/example_dags/example_trigger_controller_dag.py
[2024-08-29T20:38:24.445+0000] {processor.py:836} INFO - DAG(s) dict_keys(['example_trigger_controller_dag']) retrieved from /home/airflow-vm/data-engineer-batch-processing-financial-services/.venv/lib/python3.10/site-packages/airflow/example_dags/example_trigger_controller_dag.py
[2024-08-29T20:38:24.462+0000] {logging_mixin.py:149} INFO - [2024-08-29T20:38:24.462+0000] {dag.py:2726} INFO - Sync 1 DAGs
[2024-08-29T20:38:24.480+0000] {logging_mixin.py:149} INFO - [2024-08-29T20:38:24.479+0000] {dag.py:3486} INFO - Setting next_dagrun for example_trigger_controller_dag to 2021-01-01T00:00:00+00:00, run_after=2021-01-01T00:00:00+00:00
[2024-08-29T20:38:24.507+0000] {processor.py:179} INFO - Processing /home/airflow-vm/data-engineer-batch-processing-financial-services/.venv/lib/python3.10/site-packages/airflow/example_dags/example_trigger_controller_dag.py took 0.069 seconds
