[2024-08-29T19:48:18.824+0000] {processor.py:157} INFO - Started process (PID=49224) to work on /home/airflow-vm/data-engineer-batch-processing-financial-services/.venv/lib/python3.10/site-packages/airflow/example_dags/example_bash_operator.py
[2024-08-29T19:48:18.824+0000] {processor.py:826} INFO - Processing file /home/airflow-vm/data-engineer-batch-processing-financial-services/.venv/lib/python3.10/site-packages/airflow/example_dags/example_bash_operator.py for tasks to queue
[2024-08-29T19:48:18.825+0000] {logging_mixin.py:149} INFO - [2024-08-29T19:48:18.825+0000] {dagbag.py:541} INFO - Filling up the DagBag from /home/airflow-vm/data-engineer-batch-processing-financial-services/.venv/lib/python3.10/site-packages/airflow/example_dags/example_bash_operator.py
[2024-08-29T19:48:18.838+0000] {processor.py:836} INFO - DAG(s) dict_keys(['example_bash_operator']) retrieved from /home/airflow-vm/data-engineer-batch-processing-financial-services/.venv/lib/python3.10/site-packages/airflow/example_dags/example_bash_operator.py
[2024-08-29T19:48:18.964+0000] {logging_mixin.py:149} INFO - [2024-08-29T19:48:18.964+0000] {manager.py:504} INFO - Created Permission View: can delete on DAG:example_bash_operator
[2024-08-29T19:48:18.981+0000] {logging_mixin.py:149} INFO - [2024-08-29T19:48:18.981+0000] {manager.py:504} INFO - Created Permission View: can edit on DAG:example_bash_operator
[2024-08-29T19:48:18.997+0000] {logging_mixin.py:149} INFO - [2024-08-29T19:48:18.997+0000] {manager.py:504} INFO - Created Permission View: can read on DAG:example_bash_operator
[2024-08-29T19:48:18.997+0000] {logging_mixin.py:149} INFO - [2024-08-29T19:48:18.997+0000] {dag.py:2726} INFO - Sync 1 DAGs
[2024-08-29T19:48:19.009+0000] {logging_mixin.py:149} INFO - [2024-08-29T19:48:19.009+0000] {dag.py:2747} INFO - Creating ORM DAG for example_bash_operator
[2024-08-29T19:48:19.019+0000] {logging_mixin.py:149} INFO - [2024-08-29T19:48:19.018+0000] {dag.py:3486} INFO - Setting next_dagrun for example_bash_operator to 2024-08-28T00:00:00+00:00, run_after=2024-08-29T00:00:00+00:00
[2024-08-29T19:48:19.047+0000] {processor.py:179} INFO - Processing /home/airflow-vm/data-engineer-batch-processing-financial-services/.venv/lib/python3.10/site-packages/airflow/example_dags/example_bash_operator.py took 0.226 seconds
[2024-08-29T19:49:13.874+0000] {processor.py:157} INFO - Started process (PID=49614) to work on /home/airflow-vm/data-engineer-batch-processing-financial-services/.venv/lib/python3.10/site-packages/airflow/example_dags/example_bash_operator.py
[2024-08-29T19:49:13.875+0000] {processor.py:826} INFO - Processing file /home/airflow-vm/data-engineer-batch-processing-financial-services/.venv/lib/python3.10/site-packages/airflow/example_dags/example_bash_operator.py for tasks to queue
[2024-08-29T19:49:13.875+0000] {logging_mixin.py:149} INFO - [2024-08-29T19:49:13.875+0000] {dagbag.py:541} INFO - Filling up the DagBag from /home/airflow-vm/data-engineer-batch-processing-financial-services/.venv/lib/python3.10/site-packages/airflow/example_dags/example_bash_operator.py
[2024-08-29T19:49:13.888+0000] {processor.py:836} INFO - DAG(s) dict_keys(['example_bash_operator']) retrieved from /home/airflow-vm/data-engineer-batch-processing-financial-services/.venv/lib/python3.10/site-packages/airflow/example_dags/example_bash_operator.py
[2024-08-29T19:49:13.917+0000] {logging_mixin.py:149} INFO - [2024-08-29T19:49:13.917+0000] {dag.py:2726} INFO - Sync 1 DAGs
[2024-08-29T19:49:13.937+0000] {logging_mixin.py:149} INFO - [2024-08-29T19:49:13.937+0000] {dag.py:3486} INFO - Setting next_dagrun for example_bash_operator to 2024-08-28T00:00:00+00:00, run_after=2024-08-29T00:00:00+00:00
[2024-08-29T19:49:13.967+0000] {processor.py:179} INFO - Processing /home/airflow-vm/data-engineer-batch-processing-financial-services/.venv/lib/python3.10/site-packages/airflow/example_dags/example_bash_operator.py took 0.095 seconds
[2024-08-29T19:50:02.558+0000] {processor.py:157} INFO - Started process (PID=49742) to work on /home/airflow-vm/data-engineer-batch-processing-financial-services/.venv/lib/python3.10/site-packages/airflow/example_dags/example_bash_operator.py
[2024-08-29T19:50:02.559+0000] {processor.py:826} INFO - Processing file /home/airflow-vm/data-engineer-batch-processing-financial-services/.venv/lib/python3.10/site-packages/airflow/example_dags/example_bash_operator.py for tasks to queue
[2024-08-29T19:50:02.559+0000] {logging_mixin.py:149} INFO - [2024-08-29T19:50:02.559+0000] {dagbag.py:541} INFO - Filling up the DagBag from /home/airflow-vm/data-engineer-batch-processing-financial-services/.venv/lib/python3.10/site-packages/airflow/example_dags/example_bash_operator.py
[2024-08-29T19:50:02.572+0000] {processor.py:836} INFO - DAG(s) dict_keys(['example_bash_operator']) retrieved from /home/airflow-vm/data-engineer-batch-processing-financial-services/.venv/lib/python3.10/site-packages/airflow/example_dags/example_bash_operator.py
[2024-08-29T19:50:02.602+0000] {logging_mixin.py:149} INFO - [2024-08-29T19:50:02.602+0000] {dag.py:2726} INFO - Sync 1 DAGs
[2024-08-29T19:50:02.622+0000] {logging_mixin.py:149} INFO - [2024-08-29T19:50:02.622+0000] {dag.py:3486} INFO - Setting next_dagrun for example_bash_operator to 2024-08-28T00:00:00+00:00, run_after=2024-08-29T00:00:00+00:00
[2024-08-29T19:50:02.650+0000] {processor.py:179} INFO - Processing /home/airflow-vm/data-engineer-batch-processing-financial-services/.venv/lib/python3.10/site-packages/airflow/example_dags/example_bash_operator.py took 0.095 seconds
[2024-08-29T19:50:50.418+0000] {processor.py:157} INFO - Started process (PID=50320) to work on /home/airflow-vm/data-engineer-batch-processing-financial-services/.venv/lib/python3.10/site-packages/airflow/example_dags/example_bash_operator.py
[2024-08-29T19:50:50.419+0000] {processor.py:826} INFO - Processing file /home/airflow-vm/data-engineer-batch-processing-financial-services/.venv/lib/python3.10/site-packages/airflow/example_dags/example_bash_operator.py for tasks to queue
[2024-08-29T19:50:50.420+0000] {logging_mixin.py:149} INFO - [2024-08-29T19:50:50.420+0000] {dagbag.py:541} INFO - Filling up the DagBag from /home/airflow-vm/data-engineer-batch-processing-financial-services/.venv/lib/python3.10/site-packages/airflow/example_dags/example_bash_operator.py
[2024-08-29T19:50:50.432+0000] {processor.py:836} INFO - DAG(s) dict_keys(['example_bash_operator']) retrieved from /home/airflow-vm/data-engineer-batch-processing-financial-services/.venv/lib/python3.10/site-packages/airflow/example_dags/example_bash_operator.py
[2024-08-29T19:50:50.461+0000] {logging_mixin.py:149} INFO - [2024-08-29T19:50:50.460+0000] {dag.py:2726} INFO - Sync 1 DAGs
[2024-08-29T19:50:50.481+0000] {logging_mixin.py:149} INFO - [2024-08-29T19:50:50.481+0000] {dag.py:3486} INFO - Setting next_dagrun for example_bash_operator to 2024-08-28T00:00:00+00:00, run_after=2024-08-29T00:00:00+00:00
[2024-08-29T19:50:50.509+0000] {processor.py:179} INFO - Processing /home/airflow-vm/data-engineer-batch-processing-financial-services/.venv/lib/python3.10/site-packages/airflow/example_dags/example_bash_operator.py took 0.093 seconds
[2024-08-29T19:51:37.544+0000] {processor.py:157} INFO - Started process (PID=50764) to work on /home/airflow-vm/data-engineer-batch-processing-financial-services/.venv/lib/python3.10/site-packages/airflow/example_dags/example_bash_operator.py
[2024-08-29T19:51:37.545+0000] {processor.py:826} INFO - Processing file /home/airflow-vm/data-engineer-batch-processing-financial-services/.venv/lib/python3.10/site-packages/airflow/example_dags/example_bash_operator.py for tasks to queue
[2024-08-29T19:51:37.546+0000] {logging_mixin.py:149} INFO - [2024-08-29T19:51:37.546+0000] {dagbag.py:541} INFO - Filling up the DagBag from /home/airflow-vm/data-engineer-batch-processing-financial-services/.venv/lib/python3.10/site-packages/airflow/example_dags/example_bash_operator.py
[2024-08-29T19:51:37.559+0000] {processor.py:836} INFO - DAG(s) dict_keys(['example_bash_operator']) retrieved from /home/airflow-vm/data-engineer-batch-processing-financial-services/.venv/lib/python3.10/site-packages/airflow/example_dags/example_bash_operator.py
[2024-08-29T19:51:37.590+0000] {logging_mixin.py:149} INFO - [2024-08-29T19:51:37.590+0000] {dag.py:2726} INFO - Sync 1 DAGs
[2024-08-29T19:51:37.613+0000] {logging_mixin.py:149} INFO - [2024-08-29T19:51:37.613+0000] {dag.py:3486} INFO - Setting next_dagrun for example_bash_operator to 2024-08-28T00:00:00+00:00, run_after=2024-08-29T00:00:00+00:00
[2024-08-29T19:51:37.645+0000] {processor.py:179} INFO - Processing /home/airflow-vm/data-engineer-batch-processing-financial-services/.venv/lib/python3.10/site-packages/airflow/example_dags/example_bash_operator.py took 0.104 seconds
[2024-08-29T19:52:26.978+0000] {processor.py:157} INFO - Started process (PID=50922) to work on /home/airflow-vm/data-engineer-batch-processing-financial-services/.venv/lib/python3.10/site-packages/airflow/example_dags/example_bash_operator.py
[2024-08-29T19:52:26.979+0000] {processor.py:826} INFO - Processing file /home/airflow-vm/data-engineer-batch-processing-financial-services/.venv/lib/python3.10/site-packages/airflow/example_dags/example_bash_operator.py for tasks to queue
[2024-08-29T19:52:26.979+0000] {logging_mixin.py:149} INFO - [2024-08-29T19:52:26.979+0000] {dagbag.py:541} INFO - Filling up the DagBag from /home/airflow-vm/data-engineer-batch-processing-financial-services/.venv/lib/python3.10/site-packages/airflow/example_dags/example_bash_operator.py
[2024-08-29T19:52:26.992+0000] {processor.py:836} INFO - DAG(s) dict_keys(['example_bash_operator']) retrieved from /home/airflow-vm/data-engineer-batch-processing-financial-services/.venv/lib/python3.10/site-packages/airflow/example_dags/example_bash_operator.py
[2024-08-29T19:52:27.021+0000] {logging_mixin.py:149} INFO - [2024-08-29T19:52:27.021+0000] {dag.py:2726} INFO - Sync 1 DAGs
[2024-08-29T19:52:27.042+0000] {logging_mixin.py:149} INFO - [2024-08-29T19:52:27.042+0000] {dag.py:3486} INFO - Setting next_dagrun for example_bash_operator to 2024-08-28T00:00:00+00:00, run_after=2024-08-29T00:00:00+00:00
[2024-08-29T19:52:27.072+0000] {processor.py:179} INFO - Processing /home/airflow-vm/data-engineer-batch-processing-financial-services/.venv/lib/python3.10/site-packages/airflow/example_dags/example_bash_operator.py took 0.097 seconds
[2024-08-29T19:53:11.232+0000] {processor.py:157} INFO - Started process (PID=51033) to work on /home/airflow-vm/data-engineer-batch-processing-financial-services/.venv/lib/python3.10/site-packages/airflow/example_dags/example_bash_operator.py
[2024-08-29T19:53:11.233+0000] {processor.py:826} INFO - Processing file /home/airflow-vm/data-engineer-batch-processing-financial-services/.venv/lib/python3.10/site-packages/airflow/example_dags/example_bash_operator.py for tasks to queue
[2024-08-29T19:53:11.234+0000] {logging_mixin.py:149} INFO - [2024-08-29T19:53:11.234+0000] {dagbag.py:541} INFO - Filling up the DagBag from /home/airflow-vm/data-engineer-batch-processing-financial-services/.venv/lib/python3.10/site-packages/airflow/example_dags/example_bash_operator.py
[2024-08-29T19:53:11.246+0000] {processor.py:836} INFO - DAG(s) dict_keys(['example_bash_operator']) retrieved from /home/airflow-vm/data-engineer-batch-processing-financial-services/.venv/lib/python3.10/site-packages/airflow/example_dags/example_bash_operator.py
[2024-08-29T19:53:11.276+0000] {logging_mixin.py:149} INFO - [2024-08-29T19:53:11.276+0000] {dag.py:2726} INFO - Sync 1 DAGs
[2024-08-29T19:53:11.297+0000] {logging_mixin.py:149} INFO - [2024-08-29T19:53:11.297+0000] {dag.py:3486} INFO - Setting next_dagrun for example_bash_operator to 2024-08-28T00:00:00+00:00, run_after=2024-08-29T00:00:00+00:00
[2024-08-29T19:53:11.327+0000] {processor.py:179} INFO - Processing /home/airflow-vm/data-engineer-batch-processing-financial-services/.venv/lib/python3.10/site-packages/airflow/example_dags/example_bash_operator.py took 0.097 seconds
[2024-08-29T19:53:55.792+0000] {processor.py:157} INFO - Started process (PID=51175) to work on /home/airflow-vm/data-engineer-batch-processing-financial-services/.venv/lib/python3.10/site-packages/airflow/example_dags/example_bash_operator.py
[2024-08-29T19:53:55.793+0000] {processor.py:826} INFO - Processing file /home/airflow-vm/data-engineer-batch-processing-financial-services/.venv/lib/python3.10/site-packages/airflow/example_dags/example_bash_operator.py for tasks to queue
[2024-08-29T19:53:55.793+0000] {logging_mixin.py:149} INFO - [2024-08-29T19:53:55.793+0000] {dagbag.py:541} INFO - Filling up the DagBag from /home/airflow-vm/data-engineer-batch-processing-financial-services/.venv/lib/python3.10/site-packages/airflow/example_dags/example_bash_operator.py
[2024-08-29T19:53:55.806+0000] {processor.py:836} INFO - DAG(s) dict_keys(['example_bash_operator']) retrieved from /home/airflow-vm/data-engineer-batch-processing-financial-services/.venv/lib/python3.10/site-packages/airflow/example_dags/example_bash_operator.py
[2024-08-29T19:53:55.835+0000] {logging_mixin.py:149} INFO - [2024-08-29T19:53:55.835+0000] {dag.py:2726} INFO - Sync 1 DAGs
[2024-08-29T19:53:55.855+0000] {logging_mixin.py:149} INFO - [2024-08-29T19:53:55.854+0000] {dag.py:3486} INFO - Setting next_dagrun for example_bash_operator to 2024-08-28T00:00:00+00:00, run_after=2024-08-29T00:00:00+00:00
[2024-08-29T19:53:55.893+0000] {processor.py:179} INFO - Processing /home/airflow-vm/data-engineer-batch-processing-financial-services/.venv/lib/python3.10/site-packages/airflow/example_dags/example_bash_operator.py took 0.103 seconds
[2024-08-29T19:54:44.076+0000] {processor.py:157} INFO - Started process (PID=51381) to work on /home/airflow-vm/data-engineer-batch-processing-financial-services/.venv/lib/python3.10/site-packages/airflow/example_dags/example_bash_operator.py
[2024-08-29T19:54:44.077+0000] {processor.py:826} INFO - Processing file /home/airflow-vm/data-engineer-batch-processing-financial-services/.venv/lib/python3.10/site-packages/airflow/example_dags/example_bash_operator.py for tasks to queue
[2024-08-29T19:54:44.077+0000] {logging_mixin.py:149} INFO - [2024-08-29T19:54:44.077+0000] {dagbag.py:541} INFO - Filling up the DagBag from /home/airflow-vm/data-engineer-batch-processing-financial-services/.venv/lib/python3.10/site-packages/airflow/example_dags/example_bash_operator.py
[2024-08-29T19:54:44.090+0000] {processor.py:836} INFO - DAG(s) dict_keys(['example_bash_operator']) retrieved from /home/airflow-vm/data-engineer-batch-processing-financial-services/.venv/lib/python3.10/site-packages/airflow/example_dags/example_bash_operator.py
[2024-08-29T19:54:44.119+0000] {logging_mixin.py:149} INFO - [2024-08-29T19:54:44.119+0000] {dag.py:2726} INFO - Sync 1 DAGs
[2024-08-29T19:54:44.140+0000] {logging_mixin.py:149} INFO - [2024-08-29T19:54:44.140+0000] {dag.py:3486} INFO - Setting next_dagrun for example_bash_operator to 2024-08-28T00:00:00+00:00, run_after=2024-08-29T00:00:00+00:00
[2024-08-29T19:54:44.167+0000] {processor.py:179} INFO - Processing /home/airflow-vm/data-engineer-batch-processing-financial-services/.venv/lib/python3.10/site-packages/airflow/example_dags/example_bash_operator.py took 0.094 seconds
[2024-08-29T19:55:32.601+0000] {processor.py:157} INFO - Started process (PID=51741) to work on /home/airflow-vm/data-engineer-batch-processing-financial-services/.venv/lib/python3.10/site-packages/airflow/example_dags/example_bash_operator.py
[2024-08-29T19:55:32.602+0000] {processor.py:826} INFO - Processing file /home/airflow-vm/data-engineer-batch-processing-financial-services/.venv/lib/python3.10/site-packages/airflow/example_dags/example_bash_operator.py for tasks to queue
[2024-08-29T19:55:32.602+0000] {logging_mixin.py:149} INFO - [2024-08-29T19:55:32.602+0000] {dagbag.py:541} INFO - Filling up the DagBag from /home/airflow-vm/data-engineer-batch-processing-financial-services/.venv/lib/python3.10/site-packages/airflow/example_dags/example_bash_operator.py
[2024-08-29T19:55:32.617+0000] {processor.py:836} INFO - DAG(s) dict_keys(['example_bash_operator']) retrieved from /home/airflow-vm/data-engineer-batch-processing-financial-services/.venv/lib/python3.10/site-packages/airflow/example_dags/example_bash_operator.py
[2024-08-29T19:55:32.649+0000] {logging_mixin.py:149} INFO - [2024-08-29T19:55:32.648+0000] {dag.py:2726} INFO - Sync 1 DAGs
[2024-08-29T19:55:32.681+0000] {logging_mixin.py:149} INFO - [2024-08-29T19:55:32.681+0000] {dag.py:3486} INFO - Setting next_dagrun for example_bash_operator to 2024-08-28T00:00:00+00:00, run_after=2024-08-29T00:00:00+00:00
[2024-08-29T19:55:32.713+0000] {processor.py:179} INFO - Processing /home/airflow-vm/data-engineer-batch-processing-financial-services/.venv/lib/python3.10/site-packages/airflow/example_dags/example_bash_operator.py took 0.115 seconds
[2024-08-29T20:12:08.785+0000] {processor.py:157} INFO - Started process (PID=56511) to work on /home/airflow-vm/data-engineer-batch-processing-financial-services/.venv/lib/python3.10/site-packages/airflow/example_dags/example_bash_operator.py
[2024-08-29T20:12:08.786+0000] {processor.py:826} INFO - Processing file /home/airflow-vm/data-engineer-batch-processing-financial-services/.venv/lib/python3.10/site-packages/airflow/example_dags/example_bash_operator.py for tasks to queue
[2024-08-29T20:12:08.786+0000] {logging_mixin.py:149} INFO - [2024-08-29T20:12:08.786+0000] {dagbag.py:541} INFO - Filling up the DagBag from /home/airflow-vm/data-engineer-batch-processing-financial-services/.venv/lib/python3.10/site-packages/airflow/example_dags/example_bash_operator.py
[2024-08-29T20:12:08.799+0000] {processor.py:836} INFO - DAG(s) dict_keys(['example_bash_operator']) retrieved from /home/airflow-vm/data-engineer-batch-processing-financial-services/.venv/lib/python3.10/site-packages/airflow/example_dags/example_bash_operator.py
[2024-08-29T20:12:08.828+0000] {logging_mixin.py:149} INFO - [2024-08-29T20:12:08.828+0000] {dag.py:2726} INFO - Sync 1 DAGs
[2024-08-29T20:12:08.849+0000] {logging_mixin.py:149} INFO - [2024-08-29T20:12:08.848+0000] {dag.py:3486} INFO - Setting next_dagrun for example_bash_operator to 2024-08-28T00:00:00+00:00, run_after=2024-08-29T00:00:00+00:00
[2024-08-29T20:12:08.876+0000] {processor.py:179} INFO - Processing /home/airflow-vm/data-engineer-batch-processing-financial-services/.venv/lib/python3.10/site-packages/airflow/example_dags/example_bash_operator.py took 0.093 seconds
[2024-08-29T20:12:54.089+0000] {processor.py:157} INFO - Started process (PID=56833) to work on /home/airflow-vm/data-engineer-batch-processing-financial-services/.venv/lib/python3.10/site-packages/airflow/example_dags/example_bash_operator.py
[2024-08-29T20:12:54.090+0000] {processor.py:826} INFO - Processing file /home/airflow-vm/data-engineer-batch-processing-financial-services/.venv/lib/python3.10/site-packages/airflow/example_dags/example_bash_operator.py for tasks to queue
[2024-08-29T20:12:54.090+0000] {logging_mixin.py:149} INFO - [2024-08-29T20:12:54.090+0000] {dagbag.py:541} INFO - Filling up the DagBag from /home/airflow-vm/data-engineer-batch-processing-financial-services/.venv/lib/python3.10/site-packages/airflow/example_dags/example_bash_operator.py
[2024-08-29T20:12:54.103+0000] {processor.py:836} INFO - DAG(s) dict_keys(['example_bash_operator']) retrieved from /home/airflow-vm/data-engineer-batch-processing-financial-services/.venv/lib/python3.10/site-packages/airflow/example_dags/example_bash_operator.py
[2024-08-29T20:12:54.132+0000] {logging_mixin.py:149} INFO - [2024-08-29T20:12:54.132+0000] {dag.py:2726} INFO - Sync 1 DAGs
[2024-08-29T20:12:54.152+0000] {logging_mixin.py:149} INFO - [2024-08-29T20:12:54.152+0000] {dag.py:3486} INFO - Setting next_dagrun for example_bash_operator to 2024-08-28T00:00:00+00:00, run_after=2024-08-29T00:00:00+00:00
[2024-08-29T20:12:54.180+0000] {processor.py:179} INFO - Processing /home/airflow-vm/data-engineer-batch-processing-financial-services/.venv/lib/python3.10/site-packages/airflow/example_dags/example_bash_operator.py took 0.093 seconds
[2024-08-29T20:15:35.344+0000] {processor.py:157} INFO - Started process (PID=57726) to work on /home/airflow-vm/data-engineer-batch-processing-financial-services/.venv/lib/python3.10/site-packages/airflow/example_dags/example_bash_operator.py
[2024-08-29T20:15:35.344+0000] {processor.py:826} INFO - Processing file /home/airflow-vm/data-engineer-batch-processing-financial-services/.venv/lib/python3.10/site-packages/airflow/example_dags/example_bash_operator.py for tasks to queue
[2024-08-29T20:15:35.345+0000] {logging_mixin.py:149} INFO - [2024-08-29T20:15:35.345+0000] {dagbag.py:541} INFO - Filling up the DagBag from /home/airflow-vm/data-engineer-batch-processing-financial-services/.venv/lib/python3.10/site-packages/airflow/example_dags/example_bash_operator.py
[2024-08-29T20:15:35.358+0000] {processor.py:836} INFO - DAG(s) dict_keys(['example_bash_operator']) retrieved from /home/airflow-vm/data-engineer-batch-processing-financial-services/.venv/lib/python3.10/site-packages/airflow/example_dags/example_bash_operator.py
[2024-08-29T20:15:35.387+0000] {logging_mixin.py:149} INFO - [2024-08-29T20:15:35.387+0000] {dag.py:2726} INFO - Sync 1 DAGs
[2024-08-29T20:15:35.408+0000] {logging_mixin.py:149} INFO - [2024-08-29T20:15:35.408+0000] {dag.py:3486} INFO - Setting next_dagrun for example_bash_operator to 2024-08-28T00:00:00+00:00, run_after=2024-08-29T00:00:00+00:00
[2024-08-29T20:15:35.435+0000] {processor.py:179} INFO - Processing /home/airflow-vm/data-engineer-batch-processing-financial-services/.venv/lib/python3.10/site-packages/airflow/example_dags/example_bash_operator.py took 0.094 seconds
[2024-08-29T20:16:24.712+0000] {processor.py:157} INFO - Started process (PID=58125) to work on /home/airflow-vm/data-engineer-batch-processing-financial-services/.venv/lib/python3.10/site-packages/airflow/example_dags/example_bash_operator.py
[2024-08-29T20:16:24.713+0000] {processor.py:826} INFO - Processing file /home/airflow-vm/data-engineer-batch-processing-financial-services/.venv/lib/python3.10/site-packages/airflow/example_dags/example_bash_operator.py for tasks to queue
[2024-08-29T20:16:24.714+0000] {logging_mixin.py:149} INFO - [2024-08-29T20:16:24.714+0000] {dagbag.py:541} INFO - Filling up the DagBag from /home/airflow-vm/data-engineer-batch-processing-financial-services/.venv/lib/python3.10/site-packages/airflow/example_dags/example_bash_operator.py
[2024-08-29T20:16:24.727+0000] {processor.py:836} INFO - DAG(s) dict_keys(['example_bash_operator']) retrieved from /home/airflow-vm/data-engineer-batch-processing-financial-services/.venv/lib/python3.10/site-packages/airflow/example_dags/example_bash_operator.py
[2024-08-29T20:16:24.758+0000] {logging_mixin.py:149} INFO - [2024-08-29T20:16:24.758+0000] {dag.py:2726} INFO - Sync 1 DAGs
[2024-08-29T20:16:24.779+0000] {logging_mixin.py:149} INFO - [2024-08-29T20:16:24.779+0000] {dag.py:3486} INFO - Setting next_dagrun for example_bash_operator to 2024-08-28T00:00:00+00:00, run_after=2024-08-29T00:00:00+00:00
[2024-08-29T20:16:24.812+0000] {processor.py:179} INFO - Processing /home/airflow-vm/data-engineer-batch-processing-financial-services/.venv/lib/python3.10/site-packages/airflow/example_dags/example_bash_operator.py took 0.102 seconds
[2024-08-29T20:25:05.509+0000] {processor.py:157} INFO - Started process (PID=61759) to work on /home/airflow-vm/data-engineer-batch-processing-financial-services/.venv/lib/python3.10/site-packages/airflow/example_dags/example_bash_operator.py
[2024-08-29T20:25:05.510+0000] {processor.py:826} INFO - Processing file /home/airflow-vm/data-engineer-batch-processing-financial-services/.venv/lib/python3.10/site-packages/airflow/example_dags/example_bash_operator.py for tasks to queue
[2024-08-29T20:25:05.510+0000] {logging_mixin.py:149} INFO - [2024-08-29T20:25:05.510+0000] {dagbag.py:541} INFO - Filling up the DagBag from /home/airflow-vm/data-engineer-batch-processing-financial-services/.venv/lib/python3.10/site-packages/airflow/example_dags/example_bash_operator.py
[2024-08-29T20:25:05.523+0000] {processor.py:836} INFO - DAG(s) dict_keys(['example_bash_operator']) retrieved from /home/airflow-vm/data-engineer-batch-processing-financial-services/.venv/lib/python3.10/site-packages/airflow/example_dags/example_bash_operator.py
[2024-08-29T20:25:05.551+0000] {logging_mixin.py:149} INFO - [2024-08-29T20:25:05.551+0000] {dag.py:2726} INFO - Sync 1 DAGs
[2024-08-29T20:25:05.572+0000] {logging_mixin.py:149} INFO - [2024-08-29T20:25:05.571+0000] {dag.py:3486} INFO - Setting next_dagrun for example_bash_operator to 2024-08-28T00:00:00+00:00, run_after=2024-08-29T00:00:00+00:00
[2024-08-29T20:25:05.598+0000] {processor.py:179} INFO - Processing /home/airflow-vm/data-engineer-batch-processing-financial-services/.venv/lib/python3.10/site-packages/airflow/example_dags/example_bash_operator.py took 0.092 seconds
[2024-08-29T20:27:04.020+0000] {processor.py:157} INFO - Started process (PID=63291) to work on /home/airflow-vm/data-engineer-batch-processing-financial-services/.venv/lib/python3.10/site-packages/airflow/example_dags/example_bash_operator.py
[2024-08-29T20:27:04.020+0000] {processor.py:826} INFO - Processing file /home/airflow-vm/data-engineer-batch-processing-financial-services/.venv/lib/python3.10/site-packages/airflow/example_dags/example_bash_operator.py for tasks to queue
[2024-08-29T20:27:04.021+0000] {logging_mixin.py:149} INFO - [2024-08-29T20:27:04.021+0000] {dagbag.py:541} INFO - Filling up the DagBag from /home/airflow-vm/data-engineer-batch-processing-financial-services/.venv/lib/python3.10/site-packages/airflow/example_dags/example_bash_operator.py
[2024-08-29T20:27:04.034+0000] {processor.py:836} INFO - DAG(s) dict_keys(['example_bash_operator']) retrieved from /home/airflow-vm/data-engineer-batch-processing-financial-services/.venv/lib/python3.10/site-packages/airflow/example_dags/example_bash_operator.py
[2024-08-29T20:27:04.063+0000] {logging_mixin.py:149} INFO - [2024-08-29T20:27:04.063+0000] {dag.py:2726} INFO - Sync 1 DAGs
[2024-08-29T20:27:04.084+0000] {logging_mixin.py:149} INFO - [2024-08-29T20:27:04.084+0000] {dag.py:3486} INFO - Setting next_dagrun for example_bash_operator to 2024-08-28T00:00:00+00:00, run_after=2024-08-29T00:00:00+00:00
[2024-08-29T20:27:04.113+0000] {processor.py:179} INFO - Processing /home/airflow-vm/data-engineer-batch-processing-financial-services/.venv/lib/python3.10/site-packages/airflow/example_dags/example_bash_operator.py took 0.096 seconds
[2024-08-29T20:27:47.820+0000] {processor.py:157} INFO - Started process (PID=63541) to work on /home/airflow-vm/data-engineer-batch-processing-financial-services/.venv/lib/python3.10/site-packages/airflow/example_dags/example_bash_operator.py
[2024-08-29T20:27:47.821+0000] {processor.py:826} INFO - Processing file /home/airflow-vm/data-engineer-batch-processing-financial-services/.venv/lib/python3.10/site-packages/airflow/example_dags/example_bash_operator.py for tasks to queue
[2024-08-29T20:27:47.822+0000] {logging_mixin.py:149} INFO - [2024-08-29T20:27:47.822+0000] {dagbag.py:541} INFO - Filling up the DagBag from /home/airflow-vm/data-engineer-batch-processing-financial-services/.venv/lib/python3.10/site-packages/airflow/example_dags/example_bash_operator.py
[2024-08-29T20:27:47.834+0000] {processor.py:836} INFO - DAG(s) dict_keys(['example_bash_operator']) retrieved from /home/airflow-vm/data-engineer-batch-processing-financial-services/.venv/lib/python3.10/site-packages/airflow/example_dags/example_bash_operator.py
[2024-08-29T20:27:47.864+0000] {logging_mixin.py:149} INFO - [2024-08-29T20:27:47.864+0000] {dag.py:2726} INFO - Sync 1 DAGs
[2024-08-29T20:27:47.884+0000] {logging_mixin.py:149} INFO - [2024-08-29T20:27:47.884+0000] {dag.py:3486} INFO - Setting next_dagrun for example_bash_operator to 2024-08-28T00:00:00+00:00, run_after=2024-08-29T00:00:00+00:00
[2024-08-29T20:27:47.910+0000] {processor.py:179} INFO - Processing /home/airflow-vm/data-engineer-batch-processing-financial-services/.venv/lib/python3.10/site-packages/airflow/example_dags/example_bash_operator.py took 0.092 seconds
[2024-08-29T20:28:32.942+0000] {processor.py:157} INFO - Started process (PID=63717) to work on /home/airflow-vm/data-engineer-batch-processing-financial-services/.venv/lib/python3.10/site-packages/airflow/example_dags/example_bash_operator.py
[2024-08-29T20:28:32.943+0000] {processor.py:826} INFO - Processing file /home/airflow-vm/data-engineer-batch-processing-financial-services/.venv/lib/python3.10/site-packages/airflow/example_dags/example_bash_operator.py for tasks to queue
[2024-08-29T20:28:32.944+0000] {logging_mixin.py:149} INFO - [2024-08-29T20:28:32.944+0000] {dagbag.py:541} INFO - Filling up the DagBag from /home/airflow-vm/data-engineer-batch-processing-financial-services/.venv/lib/python3.10/site-packages/airflow/example_dags/example_bash_operator.py
[2024-08-29T20:28:32.956+0000] {processor.py:836} INFO - DAG(s) dict_keys(['example_bash_operator']) retrieved from /home/airflow-vm/data-engineer-batch-processing-financial-services/.venv/lib/python3.10/site-packages/airflow/example_dags/example_bash_operator.py
[2024-08-29T20:28:32.985+0000] {logging_mixin.py:149} INFO - [2024-08-29T20:28:32.985+0000] {dag.py:2726} INFO - Sync 1 DAGs
[2024-08-29T20:28:33.005+0000] {logging_mixin.py:149} INFO - [2024-08-29T20:28:33.005+0000] {dag.py:3486} INFO - Setting next_dagrun for example_bash_operator to 2024-08-28T00:00:00+00:00, run_after=2024-08-29T00:00:00+00:00
[2024-08-29T20:28:33.032+0000] {processor.py:179} INFO - Processing /home/airflow-vm/data-engineer-batch-processing-financial-services/.venv/lib/python3.10/site-packages/airflow/example_dags/example_bash_operator.py took 0.092 seconds
[2024-08-29T20:32:04.426+0000] {processor.py:157} INFO - Started process (PID=66223) to work on /home/airflow-vm/data-engineer-batch-processing-financial-services/.venv/lib/python3.10/site-packages/airflow/example_dags/example_bash_operator.py
[2024-08-29T20:32:04.426+0000] {processor.py:826} INFO - Processing file /home/airflow-vm/data-engineer-batch-processing-financial-services/.venv/lib/python3.10/site-packages/airflow/example_dags/example_bash_operator.py for tasks to queue
[2024-08-29T20:32:04.427+0000] {logging_mixin.py:149} INFO - [2024-08-29T20:32:04.427+0000] {dagbag.py:541} INFO - Filling up the DagBag from /home/airflow-vm/data-engineer-batch-processing-financial-services/.venv/lib/python3.10/site-packages/airflow/example_dags/example_bash_operator.py
[2024-08-29T20:32:04.439+0000] {processor.py:836} INFO - DAG(s) dict_keys(['example_bash_operator']) retrieved from /home/airflow-vm/data-engineer-batch-processing-financial-services/.venv/lib/python3.10/site-packages/airflow/example_dags/example_bash_operator.py
[2024-08-29T20:32:04.468+0000] {logging_mixin.py:149} INFO - [2024-08-29T20:32:04.467+0000] {dag.py:2726} INFO - Sync 1 DAGs
[2024-08-29T20:32:04.488+0000] {logging_mixin.py:149} INFO - [2024-08-29T20:32:04.488+0000] {dag.py:3486} INFO - Setting next_dagrun for example_bash_operator to 2024-08-28T00:00:00+00:00, run_after=2024-08-29T00:00:00+00:00
[2024-08-29T20:32:04.514+0000] {processor.py:179} INFO - Processing /home/airflow-vm/data-engineer-batch-processing-financial-services/.venv/lib/python3.10/site-packages/airflow/example_dags/example_bash_operator.py took 0.091 seconds
[2024-08-29T20:36:32.479+0000] {processor.py:157} INFO - Started process (PID=69591) to work on /home/airflow-vm/data-engineer-batch-processing-financial-services/.venv/lib/python3.10/site-packages/airflow/example_dags/example_bash_operator.py
[2024-08-29T20:36:32.480+0000] {processor.py:826} INFO - Processing file /home/airflow-vm/data-engineer-batch-processing-financial-services/.venv/lib/python3.10/site-packages/airflow/example_dags/example_bash_operator.py for tasks to queue
[2024-08-29T20:36:32.480+0000] {logging_mixin.py:149} INFO - [2024-08-29T20:36:32.480+0000] {dagbag.py:541} INFO - Filling up the DagBag from /home/airflow-vm/data-engineer-batch-processing-financial-services/.venv/lib/python3.10/site-packages/airflow/example_dags/example_bash_operator.py
[2024-08-29T20:36:32.495+0000] {processor.py:836} INFO - DAG(s) dict_keys(['example_bash_operator']) retrieved from /home/airflow-vm/data-engineer-batch-processing-financial-services/.venv/lib/python3.10/site-packages/airflow/example_dags/example_bash_operator.py
[2024-08-29T20:36:32.528+0000] {logging_mixin.py:149} INFO - [2024-08-29T20:36:32.528+0000] {dag.py:2726} INFO - Sync 1 DAGs
[2024-08-29T20:36:32.549+0000] {logging_mixin.py:149} INFO - [2024-08-29T20:36:32.549+0000] {dag.py:3486} INFO - Setting next_dagrun for example_bash_operator to 2024-08-28T00:00:00+00:00, run_after=2024-08-29T00:00:00+00:00
[2024-08-29T20:36:32.576+0000] {processor.py:179} INFO - Processing /home/airflow-vm/data-engineer-batch-processing-financial-services/.venv/lib/python3.10/site-packages/airflow/example_dags/example_bash_operator.py took 0.100 seconds
