[2024-08-29T19:48:23.637+0000] {processor.py:157} INFO - Started process (PID=49256) to work on /home/airflow-vm/data-engineer-batch-processing-financial-services/.venv/lib/python3.10/site-packages/airflow/example_dags/example_dag_decorator.py
[2024-08-29T19:48:23.638+0000] {processor.py:826} INFO - Processing file /home/airflow-vm/data-engineer-batch-processing-financial-services/.venv/lib/python3.10/site-packages/airflow/example_dags/example_dag_decorator.py for tasks to queue
[2024-08-29T19:48:23.639+0000] {logging_mixin.py:149} INFO - [2024-08-29T19:48:23.638+0000] {dagbag.py:541} INFO - Filling up the DagBag from /home/airflow-vm/data-engineer-batch-processing-financial-services/.venv/lib/python3.10/site-packages/airflow/example_dags/example_dag_decorator.py
[2024-08-29T19:48:23.644+0000] {logging_mixin.py:149} INFO - [2024-08-29T19:48:23.644+0000] {taskmixin.py:211} WARNING - Dependency <Task(_PythonDecoratedOperator): prepare_email>, send_email already registered for DAG: example_dag_decorator
[2024-08-29T19:48:23.644+0000] {logging_mixin.py:149} INFO - [2024-08-29T19:48:23.644+0000] {taskmixin.py:211} WARNING - Dependency <Task(EmailOperator): send_email>, prepare_email already registered for DAG: example_dag_decorator
[2024-08-29T19:48:23.651+0000] {processor.py:836} INFO - DAG(s) dict_keys(['example_dag_decorator']) retrieved from /home/airflow-vm/data-engineer-batch-processing-financial-services/.venv/lib/python3.10/site-packages/airflow/example_dags/example_dag_decorator.py
[2024-08-29T19:48:23.767+0000] {logging_mixin.py:149} INFO - [2024-08-29T19:48:23.767+0000] {manager.py:504} INFO - Created Permission View: can delete on DAG:example_dag_decorator
[2024-08-29T19:48:23.787+0000] {logging_mixin.py:149} INFO - [2024-08-29T19:48:23.787+0000] {manager.py:504} INFO - Created Permission View: can edit on DAG:example_dag_decorator
[2024-08-29T19:48:23.803+0000] {logging_mixin.py:149} INFO - [2024-08-29T19:48:23.803+0000] {manager.py:504} INFO - Created Permission View: can read on DAG:example_dag_decorator
[2024-08-29T19:48:23.804+0000] {logging_mixin.py:149} INFO - [2024-08-29T19:48:23.804+0000] {dag.py:2726} INFO - Sync 1 DAGs
[2024-08-29T19:48:23.814+0000] {logging_mixin.py:149} INFO - [2024-08-29T19:48:23.814+0000] {dag.py:2747} INFO - Creating ORM DAG for example_dag_decorator
[2024-08-29T19:48:23.822+0000] {logging_mixin.py:149} INFO - [2024-08-29T19:48:23.822+0000] {dag.py:3486} INFO - Setting next_dagrun for example_dag_decorator to None, run_after=None
[2024-08-29T19:48:23.852+0000] {processor.py:179} INFO - Processing /home/airflow-vm/data-engineer-batch-processing-financial-services/.venv/lib/python3.10/site-packages/airflow/example_dags/example_dag_decorator.py took 0.217 seconds
[2024-08-29T19:49:17.875+0000] {processor.py:157} INFO - Started process (PID=49623) to work on /home/airflow-vm/data-engineer-batch-processing-financial-services/.venv/lib/python3.10/site-packages/airflow/example_dags/example_dag_decorator.py
[2024-08-29T19:49:17.876+0000] {processor.py:826} INFO - Processing file /home/airflow-vm/data-engineer-batch-processing-financial-services/.venv/lib/python3.10/site-packages/airflow/example_dags/example_dag_decorator.py for tasks to queue
[2024-08-29T19:49:17.876+0000] {logging_mixin.py:149} INFO - [2024-08-29T19:49:17.876+0000] {dagbag.py:541} INFO - Filling up the DagBag from /home/airflow-vm/data-engineer-batch-processing-financial-services/.venv/lib/python3.10/site-packages/airflow/example_dags/example_dag_decorator.py
[2024-08-29T19:49:17.882+0000] {logging_mixin.py:149} INFO - [2024-08-29T19:49:17.882+0000] {taskmixin.py:211} WARNING - Dependency <Task(_PythonDecoratedOperator): prepare_email>, send_email already registered for DAG: example_dag_decorator
[2024-08-29T19:49:17.882+0000] {logging_mixin.py:149} INFO - [2024-08-29T19:49:17.882+0000] {taskmixin.py:211} WARNING - Dependency <Task(EmailOperator): send_email>, prepare_email already registered for DAG: example_dag_decorator
[2024-08-29T19:49:17.890+0000] {processor.py:836} INFO - DAG(s) dict_keys(['example_dag_decorator']) retrieved from /home/airflow-vm/data-engineer-batch-processing-financial-services/.venv/lib/python3.10/site-packages/airflow/example_dags/example_dag_decorator.py
[2024-08-29T19:49:17.937+0000] {logging_mixin.py:149} INFO - [2024-08-29T19:49:17.937+0000] {dag.py:2726} INFO - Sync 1 DAGs
[2024-08-29T19:49:17.955+0000] {logging_mixin.py:149} INFO - [2024-08-29T19:49:17.955+0000] {dag.py:3486} INFO - Setting next_dagrun for example_dag_decorator to None, run_after=None
[2024-08-29T19:49:17.988+0000] {processor.py:179} INFO - Processing /home/airflow-vm/data-engineer-batch-processing-financial-services/.venv/lib/python3.10/site-packages/airflow/example_dags/example_dag_decorator.py took 0.116 seconds
[2024-08-29T19:50:06.192+0000] {processor.py:157} INFO - Started process (PID=49746) to work on /home/airflow-vm/data-engineer-batch-processing-financial-services/.venv/lib/python3.10/site-packages/airflow/example_dags/example_dag_decorator.py
[2024-08-29T19:50:06.193+0000] {processor.py:826} INFO - Processing file /home/airflow-vm/data-engineer-batch-processing-financial-services/.venv/lib/python3.10/site-packages/airflow/example_dags/example_dag_decorator.py for tasks to queue
[2024-08-29T19:50:06.193+0000] {logging_mixin.py:149} INFO - [2024-08-29T19:50:06.193+0000] {dagbag.py:541} INFO - Filling up the DagBag from /home/airflow-vm/data-engineer-batch-processing-financial-services/.venv/lib/python3.10/site-packages/airflow/example_dags/example_dag_decorator.py
[2024-08-29T19:50:06.199+0000] {logging_mixin.py:149} INFO - [2024-08-29T19:50:06.199+0000] {taskmixin.py:211} WARNING - Dependency <Task(_PythonDecoratedOperator): prepare_email>, send_email already registered for DAG: example_dag_decorator
[2024-08-29T19:50:06.199+0000] {logging_mixin.py:149} INFO - [2024-08-29T19:50:06.199+0000] {taskmixin.py:211} WARNING - Dependency <Task(EmailOperator): send_email>, prepare_email already registered for DAG: example_dag_decorator
[2024-08-29T19:50:06.206+0000] {processor.py:836} INFO - DAG(s) dict_keys(['example_dag_decorator']) retrieved from /home/airflow-vm/data-engineer-batch-processing-financial-services/.venv/lib/python3.10/site-packages/airflow/example_dags/example_dag_decorator.py
[2024-08-29T19:50:06.253+0000] {logging_mixin.py:149} INFO - [2024-08-29T19:50:06.253+0000] {dag.py:2726} INFO - Sync 1 DAGs
[2024-08-29T19:50:06.270+0000] {logging_mixin.py:149} INFO - [2024-08-29T19:50:06.270+0000] {dag.py:3486} INFO - Setting next_dagrun for example_dag_decorator to None, run_after=None
[2024-08-29T19:50:06.305+0000] {processor.py:179} INFO - Processing /home/airflow-vm/data-engineer-batch-processing-financial-services/.venv/lib/python3.10/site-packages/airflow/example_dags/example_dag_decorator.py took 0.115 seconds
[2024-08-29T19:50:54.162+0000] {processor.py:157} INFO - Started process (PID=50451) to work on /home/airflow-vm/data-engineer-batch-processing-financial-services/.venv/lib/python3.10/site-packages/airflow/example_dags/example_dag_decorator.py
[2024-08-29T19:50:54.162+0000] {processor.py:826} INFO - Processing file /home/airflow-vm/data-engineer-batch-processing-financial-services/.venv/lib/python3.10/site-packages/airflow/example_dags/example_dag_decorator.py for tasks to queue
[2024-08-29T19:50:54.163+0000] {logging_mixin.py:149} INFO - [2024-08-29T19:50:54.163+0000] {dagbag.py:541} INFO - Filling up the DagBag from /home/airflow-vm/data-engineer-batch-processing-financial-services/.venv/lib/python3.10/site-packages/airflow/example_dags/example_dag_decorator.py
[2024-08-29T19:50:54.169+0000] {logging_mixin.py:149} INFO - [2024-08-29T19:50:54.168+0000] {taskmixin.py:211} WARNING - Dependency <Task(_PythonDecoratedOperator): prepare_email>, send_email already registered for DAG: example_dag_decorator
[2024-08-29T19:50:54.169+0000] {logging_mixin.py:149} INFO - [2024-08-29T19:50:54.169+0000] {taskmixin.py:211} WARNING - Dependency <Task(EmailOperator): send_email>, prepare_email already registered for DAG: example_dag_decorator
[2024-08-29T19:50:54.176+0000] {processor.py:836} INFO - DAG(s) dict_keys(['example_dag_decorator']) retrieved from /home/airflow-vm/data-engineer-batch-processing-financial-services/.venv/lib/python3.10/site-packages/airflow/example_dags/example_dag_decorator.py
[2024-08-29T19:50:54.222+0000] {logging_mixin.py:149} INFO - [2024-08-29T19:50:54.222+0000] {dag.py:2726} INFO - Sync 1 DAGs
[2024-08-29T19:50:54.239+0000] {logging_mixin.py:149} INFO - [2024-08-29T19:50:54.238+0000] {dag.py:3486} INFO - Setting next_dagrun for example_dag_decorator to None, run_after=None
[2024-08-29T19:50:54.267+0000] {processor.py:179} INFO - Processing /home/airflow-vm/data-engineer-batch-processing-financial-services/.venv/lib/python3.10/site-packages/airflow/example_dags/example_dag_decorator.py took 0.108 seconds
[2024-08-29T19:51:42.215+0000] {processor.py:157} INFO - Started process (PID=50775) to work on /home/airflow-vm/data-engineer-batch-processing-financial-services/.venv/lib/python3.10/site-packages/airflow/example_dags/example_dag_decorator.py
[2024-08-29T19:51:42.215+0000] {processor.py:826} INFO - Processing file /home/airflow-vm/data-engineer-batch-processing-financial-services/.venv/lib/python3.10/site-packages/airflow/example_dags/example_dag_decorator.py for tasks to queue
[2024-08-29T19:51:42.216+0000] {logging_mixin.py:149} INFO - [2024-08-29T19:51:42.216+0000] {dagbag.py:541} INFO - Filling up the DagBag from /home/airflow-vm/data-engineer-batch-processing-financial-services/.venv/lib/python3.10/site-packages/airflow/example_dags/example_dag_decorator.py
[2024-08-29T19:51:42.222+0000] {logging_mixin.py:149} INFO - [2024-08-29T19:51:42.222+0000] {taskmixin.py:211} WARNING - Dependency <Task(_PythonDecoratedOperator): prepare_email>, send_email already registered for DAG: example_dag_decorator
[2024-08-29T19:51:42.222+0000] {logging_mixin.py:149} INFO - [2024-08-29T19:51:42.222+0000] {taskmixin.py:211} WARNING - Dependency <Task(EmailOperator): send_email>, prepare_email already registered for DAG: example_dag_decorator
[2024-08-29T19:51:42.230+0000] {processor.py:836} INFO - DAG(s) dict_keys(['example_dag_decorator']) retrieved from /home/airflow-vm/data-engineer-batch-processing-financial-services/.venv/lib/python3.10/site-packages/airflow/example_dags/example_dag_decorator.py
[2024-08-29T19:51:42.278+0000] {logging_mixin.py:149} INFO - [2024-08-29T19:51:42.278+0000] {dag.py:2726} INFO - Sync 1 DAGs
[2024-08-29T19:51:42.298+0000] {logging_mixin.py:149} INFO - [2024-08-29T19:51:42.298+0000] {dag.py:3486} INFO - Setting next_dagrun for example_dag_decorator to None, run_after=None
[2024-08-29T19:51:42.329+0000] {processor.py:179} INFO - Processing /home/airflow-vm/data-engineer-batch-processing-financial-services/.venv/lib/python3.10/site-packages/airflow/example_dags/example_dag_decorator.py took 0.117 seconds
[2024-08-29T19:52:29.856+0000] {processor.py:157} INFO - Started process (PID=50926) to work on /home/airflow-vm/data-engineer-batch-processing-financial-services/.venv/lib/python3.10/site-packages/airflow/example_dags/example_dag_decorator.py
[2024-08-29T19:52:29.857+0000] {processor.py:826} INFO - Processing file /home/airflow-vm/data-engineer-batch-processing-financial-services/.venv/lib/python3.10/site-packages/airflow/example_dags/example_dag_decorator.py for tasks to queue
[2024-08-29T19:52:29.857+0000] {logging_mixin.py:149} INFO - [2024-08-29T19:52:29.857+0000] {dagbag.py:541} INFO - Filling up the DagBag from /home/airflow-vm/data-engineer-batch-processing-financial-services/.venv/lib/python3.10/site-packages/airflow/example_dags/example_dag_decorator.py
[2024-08-29T19:52:29.863+0000] {logging_mixin.py:149} INFO - [2024-08-29T19:52:29.863+0000] {taskmixin.py:211} WARNING - Dependency <Task(_PythonDecoratedOperator): prepare_email>, send_email already registered for DAG: example_dag_decorator
[2024-08-29T19:52:29.863+0000] {logging_mixin.py:149} INFO - [2024-08-29T19:52:29.863+0000] {taskmixin.py:211} WARNING - Dependency <Task(EmailOperator): send_email>, prepare_email already registered for DAG: example_dag_decorator
[2024-08-29T19:52:29.870+0000] {processor.py:836} INFO - DAG(s) dict_keys(['example_dag_decorator']) retrieved from /home/airflow-vm/data-engineer-batch-processing-financial-services/.venv/lib/python3.10/site-packages/airflow/example_dags/example_dag_decorator.py
[2024-08-29T19:52:29.918+0000] {logging_mixin.py:149} INFO - [2024-08-29T19:52:29.918+0000] {dag.py:2726} INFO - Sync 1 DAGs
[2024-08-29T19:52:29.935+0000] {logging_mixin.py:149} INFO - [2024-08-29T19:52:29.935+0000] {dag.py:3486} INFO - Setting next_dagrun for example_dag_decorator to None, run_after=None
[2024-08-29T19:52:29.965+0000] {processor.py:179} INFO - Processing /home/airflow-vm/data-engineer-batch-processing-financial-services/.venv/lib/python3.10/site-packages/airflow/example_dags/example_dag_decorator.py took 0.111 seconds
[2024-08-29T19:53:15.231+0000] {processor.py:157} INFO - Started process (PID=51037) to work on /home/airflow-vm/data-engineer-batch-processing-financial-services/.venv/lib/python3.10/site-packages/airflow/example_dags/example_dag_decorator.py
[2024-08-29T19:53:15.232+0000] {processor.py:826} INFO - Processing file /home/airflow-vm/data-engineer-batch-processing-financial-services/.venv/lib/python3.10/site-packages/airflow/example_dags/example_dag_decorator.py for tasks to queue
[2024-08-29T19:53:15.233+0000] {logging_mixin.py:149} INFO - [2024-08-29T19:53:15.233+0000] {dagbag.py:541} INFO - Filling up the DagBag from /home/airflow-vm/data-engineer-batch-processing-financial-services/.venv/lib/python3.10/site-packages/airflow/example_dags/example_dag_decorator.py
[2024-08-29T19:53:15.238+0000] {logging_mixin.py:149} INFO - [2024-08-29T19:53:15.238+0000] {taskmixin.py:211} WARNING - Dependency <Task(_PythonDecoratedOperator): prepare_email>, send_email already registered for DAG: example_dag_decorator
[2024-08-29T19:53:15.239+0000] {logging_mixin.py:149} INFO - [2024-08-29T19:53:15.238+0000] {taskmixin.py:211} WARNING - Dependency <Task(EmailOperator): send_email>, prepare_email already registered for DAG: example_dag_decorator
[2024-08-29T19:53:15.246+0000] {processor.py:836} INFO - DAG(s) dict_keys(['example_dag_decorator']) retrieved from /home/airflow-vm/data-engineer-batch-processing-financial-services/.venv/lib/python3.10/site-packages/airflow/example_dags/example_dag_decorator.py
[2024-08-29T19:53:15.292+0000] {logging_mixin.py:149} INFO - [2024-08-29T19:53:15.292+0000] {dag.py:2726} INFO - Sync 1 DAGs
[2024-08-29T19:53:15.310+0000] {logging_mixin.py:149} INFO - [2024-08-29T19:53:15.309+0000] {dag.py:3486} INFO - Setting next_dagrun for example_dag_decorator to None, run_after=None
[2024-08-29T19:53:15.340+0000] {processor.py:179} INFO - Processing /home/airflow-vm/data-engineer-batch-processing-financial-services/.venv/lib/python3.10/site-packages/airflow/example_dags/example_dag_decorator.py took 0.111 seconds
[2024-08-29T19:53:59.873+0000] {processor.py:157} INFO - Started process (PID=51180) to work on /home/airflow-vm/data-engineer-batch-processing-financial-services/.venv/lib/python3.10/site-packages/airflow/example_dags/example_dag_decorator.py
[2024-08-29T19:53:59.874+0000] {processor.py:826} INFO - Processing file /home/airflow-vm/data-engineer-batch-processing-financial-services/.venv/lib/python3.10/site-packages/airflow/example_dags/example_dag_decorator.py for tasks to queue
[2024-08-29T19:53:59.875+0000] {logging_mixin.py:149} INFO - [2024-08-29T19:53:59.875+0000] {dagbag.py:541} INFO - Filling up the DagBag from /home/airflow-vm/data-engineer-batch-processing-financial-services/.venv/lib/python3.10/site-packages/airflow/example_dags/example_dag_decorator.py
[2024-08-29T19:53:59.880+0000] {logging_mixin.py:149} INFO - [2024-08-29T19:53:59.880+0000] {taskmixin.py:211} WARNING - Dependency <Task(_PythonDecoratedOperator): prepare_email>, send_email already registered for DAG: example_dag_decorator
[2024-08-29T19:53:59.881+0000] {logging_mixin.py:149} INFO - [2024-08-29T19:53:59.881+0000] {taskmixin.py:211} WARNING - Dependency <Task(EmailOperator): send_email>, prepare_email already registered for DAG: example_dag_decorator
[2024-08-29T19:53:59.888+0000] {processor.py:836} INFO - DAG(s) dict_keys(['example_dag_decorator']) retrieved from /home/airflow-vm/data-engineer-batch-processing-financial-services/.venv/lib/python3.10/site-packages/airflow/example_dags/example_dag_decorator.py
[2024-08-29T19:53:59.936+0000] {logging_mixin.py:149} INFO - [2024-08-29T19:53:59.936+0000] {dag.py:2726} INFO - Sync 1 DAGs
[2024-08-29T19:53:59.953+0000] {logging_mixin.py:149} INFO - [2024-08-29T19:53:59.953+0000] {dag.py:3486} INFO - Setting next_dagrun for example_dag_decorator to None, run_after=None
[2024-08-29T19:53:59.986+0000] {processor.py:179} INFO - Processing /home/airflow-vm/data-engineer-batch-processing-financial-services/.venv/lib/python3.10/site-packages/airflow/example_dags/example_dag_decorator.py took 0.116 seconds
[2024-08-29T19:54:48.076+0000] {processor.py:157} INFO - Started process (PID=51403) to work on /home/airflow-vm/data-engineer-batch-processing-financial-services/.venv/lib/python3.10/site-packages/airflow/example_dags/example_dag_decorator.py
[2024-08-29T19:54:48.076+0000] {processor.py:826} INFO - Processing file /home/airflow-vm/data-engineer-batch-processing-financial-services/.venv/lib/python3.10/site-packages/airflow/example_dags/example_dag_decorator.py for tasks to queue
[2024-08-29T19:54:48.077+0000] {logging_mixin.py:149} INFO - [2024-08-29T19:54:48.077+0000] {dagbag.py:541} INFO - Filling up the DagBag from /home/airflow-vm/data-engineer-batch-processing-financial-services/.venv/lib/python3.10/site-packages/airflow/example_dags/example_dag_decorator.py
[2024-08-29T19:54:48.082+0000] {logging_mixin.py:149} INFO - [2024-08-29T19:54:48.082+0000] {taskmixin.py:211} WARNING - Dependency <Task(_PythonDecoratedOperator): prepare_email>, send_email already registered for DAG: example_dag_decorator
[2024-08-29T19:54:48.082+0000] {logging_mixin.py:149} INFO - [2024-08-29T19:54:48.082+0000] {taskmixin.py:211} WARNING - Dependency <Task(EmailOperator): send_email>, prepare_email already registered for DAG: example_dag_decorator
[2024-08-29T19:54:48.090+0000] {processor.py:836} INFO - DAG(s) dict_keys(['example_dag_decorator']) retrieved from /home/airflow-vm/data-engineer-batch-processing-financial-services/.venv/lib/python3.10/site-packages/airflow/example_dags/example_dag_decorator.py
[2024-08-29T19:54:48.136+0000] {logging_mixin.py:149} INFO - [2024-08-29T19:54:48.136+0000] {dag.py:2726} INFO - Sync 1 DAGs
[2024-08-29T19:54:48.153+0000] {logging_mixin.py:149} INFO - [2024-08-29T19:54:48.152+0000] {dag.py:3486} INFO - Setting next_dagrun for example_dag_decorator to None, run_after=None
[2024-08-29T19:54:48.185+0000] {processor.py:179} INFO - Processing /home/airflow-vm/data-engineer-batch-processing-financial-services/.venv/lib/python3.10/site-packages/airflow/example_dags/example_dag_decorator.py took 0.112 seconds
[2024-08-29T19:55:35.986+0000] {processor.py:157} INFO - Started process (PID=51752) to work on /home/airflow-vm/data-engineer-batch-processing-financial-services/.venv/lib/python3.10/site-packages/airflow/example_dags/example_dag_decorator.py
[2024-08-29T19:55:35.987+0000] {processor.py:826} INFO - Processing file /home/airflow-vm/data-engineer-batch-processing-financial-services/.venv/lib/python3.10/site-packages/airflow/example_dags/example_dag_decorator.py for tasks to queue
[2024-08-29T19:55:35.987+0000] {logging_mixin.py:149} INFO - [2024-08-29T19:55:35.987+0000] {dagbag.py:541} INFO - Filling up the DagBag from /home/airflow-vm/data-engineer-batch-processing-financial-services/.venv/lib/python3.10/site-packages/airflow/example_dags/example_dag_decorator.py
[2024-08-29T19:55:35.993+0000] {logging_mixin.py:149} INFO - [2024-08-29T19:55:35.993+0000] {taskmixin.py:211} WARNING - Dependency <Task(_PythonDecoratedOperator): prepare_email>, send_email already registered for DAG: example_dag_decorator
[2024-08-29T19:55:35.994+0000] {logging_mixin.py:149} INFO - [2024-08-29T19:55:35.993+0000] {taskmixin.py:211} WARNING - Dependency <Task(EmailOperator): send_email>, prepare_email already registered for DAG: example_dag_decorator
[2024-08-29T19:55:36.001+0000] {processor.py:836} INFO - DAG(s) dict_keys(['example_dag_decorator']) retrieved from /home/airflow-vm/data-engineer-batch-processing-financial-services/.venv/lib/python3.10/site-packages/airflow/example_dags/example_dag_decorator.py
[2024-08-29T19:55:36.050+0000] {logging_mixin.py:149} INFO - [2024-08-29T19:55:36.050+0000] {dag.py:2726} INFO - Sync 1 DAGs
[2024-08-29T19:55:36.070+0000] {logging_mixin.py:149} INFO - [2024-08-29T19:55:36.070+0000] {dag.py:3486} INFO - Setting next_dagrun for example_dag_decorator to None, run_after=None
[2024-08-29T19:55:36.103+0000] {processor.py:179} INFO - Processing /home/airflow-vm/data-engineer-batch-processing-financial-services/.venv/lib/python3.10/site-packages/airflow/example_dags/example_dag_decorator.py took 0.119 seconds
[2024-08-29T20:12:12.887+0000] {processor.py:157} INFO - Started process (PID=56545) to work on /home/airflow-vm/data-engineer-batch-processing-financial-services/.venv/lib/python3.10/site-packages/airflow/example_dags/example_dag_decorator.py
[2024-08-29T20:12:12.888+0000] {processor.py:826} INFO - Processing file /home/airflow-vm/data-engineer-batch-processing-financial-services/.venv/lib/python3.10/site-packages/airflow/example_dags/example_dag_decorator.py for tasks to queue
[2024-08-29T20:12:12.889+0000] {logging_mixin.py:149} INFO - [2024-08-29T20:12:12.889+0000] {dagbag.py:541} INFO - Filling up the DagBag from /home/airflow-vm/data-engineer-batch-processing-financial-services/.venv/lib/python3.10/site-packages/airflow/example_dags/example_dag_decorator.py
[2024-08-29T20:12:12.894+0000] {logging_mixin.py:149} INFO - [2024-08-29T20:12:12.894+0000] {taskmixin.py:211} WARNING - Dependency <Task(_PythonDecoratedOperator): prepare_email>, send_email already registered for DAG: example_dag_decorator
[2024-08-29T20:12:12.895+0000] {logging_mixin.py:149} INFO - [2024-08-29T20:12:12.894+0000] {taskmixin.py:211} WARNING - Dependency <Task(EmailOperator): send_email>, prepare_email already registered for DAG: example_dag_decorator
[2024-08-29T20:12:12.902+0000] {processor.py:836} INFO - DAG(s) dict_keys(['example_dag_decorator']) retrieved from /home/airflow-vm/data-engineer-batch-processing-financial-services/.venv/lib/python3.10/site-packages/airflow/example_dags/example_dag_decorator.py
[2024-08-29T20:12:12.951+0000] {logging_mixin.py:149} INFO - [2024-08-29T20:12:12.950+0000] {dag.py:2726} INFO - Sync 1 DAGs
[2024-08-29T20:12:12.967+0000] {logging_mixin.py:149} INFO - [2024-08-29T20:12:12.967+0000] {dag.py:3486} INFO - Setting next_dagrun for example_dag_decorator to None, run_after=None
[2024-08-29T20:12:12.996+0000] {processor.py:179} INFO - Processing /home/airflow-vm/data-engineer-batch-processing-financial-services/.venv/lib/python3.10/site-packages/airflow/example_dags/example_dag_decorator.py took 0.112 seconds
[2024-08-29T20:12:58.104+0000] {processor.py:157} INFO - Started process (PID=56867) to work on /home/airflow-vm/data-engineer-batch-processing-financial-services/.venv/lib/python3.10/site-packages/airflow/example_dags/example_dag_decorator.py
[2024-08-29T20:12:58.105+0000] {processor.py:826} INFO - Processing file /home/airflow-vm/data-engineer-batch-processing-financial-services/.venv/lib/python3.10/site-packages/airflow/example_dags/example_dag_decorator.py for tasks to queue
[2024-08-29T20:12:58.105+0000] {logging_mixin.py:149} INFO - [2024-08-29T20:12:58.105+0000] {dagbag.py:541} INFO - Filling up the DagBag from /home/airflow-vm/data-engineer-batch-processing-financial-services/.venv/lib/python3.10/site-packages/airflow/example_dags/example_dag_decorator.py
[2024-08-29T20:12:58.111+0000] {logging_mixin.py:149} INFO - [2024-08-29T20:12:58.111+0000] {taskmixin.py:211} WARNING - Dependency <Task(_PythonDecoratedOperator): prepare_email>, send_email already registered for DAG: example_dag_decorator
[2024-08-29T20:12:58.111+0000] {logging_mixin.py:149} INFO - [2024-08-29T20:12:58.111+0000] {taskmixin.py:211} WARNING - Dependency <Task(EmailOperator): send_email>, prepare_email already registered for DAG: example_dag_decorator
[2024-08-29T20:12:58.118+0000] {processor.py:836} INFO - DAG(s) dict_keys(['example_dag_decorator']) retrieved from /home/airflow-vm/data-engineer-batch-processing-financial-services/.venv/lib/python3.10/site-packages/airflow/example_dags/example_dag_decorator.py
[2024-08-29T20:12:58.166+0000] {logging_mixin.py:149} INFO - [2024-08-29T20:12:58.166+0000] {dag.py:2726} INFO - Sync 1 DAGs
[2024-08-29T20:12:58.182+0000] {logging_mixin.py:149} INFO - [2024-08-29T20:12:58.182+0000] {dag.py:3486} INFO - Setting next_dagrun for example_dag_decorator to None, run_after=None
[2024-08-29T20:12:58.210+0000] {processor.py:179} INFO - Processing /home/airflow-vm/data-engineer-batch-processing-financial-services/.venv/lib/python3.10/site-packages/airflow/example_dags/example_dag_decorator.py took 0.109 seconds
[2024-08-29T20:15:39.365+0000] {processor.py:157} INFO - Started process (PID=57818) to work on /home/airflow-vm/data-engineer-batch-processing-financial-services/.venv/lib/python3.10/site-packages/airflow/example_dags/example_dag_decorator.py
[2024-08-29T20:15:39.366+0000] {processor.py:826} INFO - Processing file /home/airflow-vm/data-engineer-batch-processing-financial-services/.venv/lib/python3.10/site-packages/airflow/example_dags/example_dag_decorator.py for tasks to queue
[2024-08-29T20:15:39.367+0000] {logging_mixin.py:149} INFO - [2024-08-29T20:15:39.367+0000] {dagbag.py:541} INFO - Filling up the DagBag from /home/airflow-vm/data-engineer-batch-processing-financial-services/.venv/lib/python3.10/site-packages/airflow/example_dags/example_dag_decorator.py
[2024-08-29T20:15:39.372+0000] {logging_mixin.py:149} INFO - [2024-08-29T20:15:39.372+0000] {taskmixin.py:211} WARNING - Dependency <Task(_PythonDecoratedOperator): prepare_email>, send_email already registered for DAG: example_dag_decorator
[2024-08-29T20:15:39.373+0000] {logging_mixin.py:149} INFO - [2024-08-29T20:15:39.373+0000] {taskmixin.py:211} WARNING - Dependency <Task(EmailOperator): send_email>, prepare_email already registered for DAG: example_dag_decorator
[2024-08-29T20:15:39.380+0000] {processor.py:836} INFO - DAG(s) dict_keys(['example_dag_decorator']) retrieved from /home/airflow-vm/data-engineer-batch-processing-financial-services/.venv/lib/python3.10/site-packages/airflow/example_dags/example_dag_decorator.py
[2024-08-29T20:15:39.428+0000] {logging_mixin.py:149} INFO - [2024-08-29T20:15:39.428+0000] {dag.py:2726} INFO - Sync 1 DAGs
[2024-08-29T20:15:39.445+0000] {logging_mixin.py:149} INFO - [2024-08-29T20:15:39.445+0000] {dag.py:3486} INFO - Setting next_dagrun for example_dag_decorator to None, run_after=None
[2024-08-29T20:15:39.477+0000] {processor.py:179} INFO - Processing /home/airflow-vm/data-engineer-batch-processing-financial-services/.venv/lib/python3.10/site-packages/airflow/example_dags/example_dag_decorator.py took 0.114 seconds
[2024-08-29T20:16:28.897+0000] {processor.py:157} INFO - Started process (PID=58225) to work on /home/airflow-vm/data-engineer-batch-processing-financial-services/.venv/lib/python3.10/site-packages/airflow/example_dags/example_dag_decorator.py
[2024-08-29T20:16:28.897+0000] {processor.py:826} INFO - Processing file /home/airflow-vm/data-engineer-batch-processing-financial-services/.venv/lib/python3.10/site-packages/airflow/example_dags/example_dag_decorator.py for tasks to queue
[2024-08-29T20:16:28.898+0000] {logging_mixin.py:149} INFO - [2024-08-29T20:16:28.898+0000] {dagbag.py:541} INFO - Filling up the DagBag from /home/airflow-vm/data-engineer-batch-processing-financial-services/.venv/lib/python3.10/site-packages/airflow/example_dags/example_dag_decorator.py
[2024-08-29T20:16:28.903+0000] {logging_mixin.py:149} INFO - [2024-08-29T20:16:28.903+0000] {taskmixin.py:211} WARNING - Dependency <Task(_PythonDecoratedOperator): prepare_email>, send_email already registered for DAG: example_dag_decorator
[2024-08-29T20:16:28.904+0000] {logging_mixin.py:149} INFO - [2024-08-29T20:16:28.904+0000] {taskmixin.py:211} WARNING - Dependency <Task(EmailOperator): send_email>, prepare_email already registered for DAG: example_dag_decorator
[2024-08-29T20:16:28.911+0000] {processor.py:836} INFO - DAG(s) dict_keys(['example_dag_decorator']) retrieved from /home/airflow-vm/data-engineer-batch-processing-financial-services/.venv/lib/python3.10/site-packages/airflow/example_dags/example_dag_decorator.py
[2024-08-29T20:16:28.958+0000] {logging_mixin.py:149} INFO - [2024-08-29T20:16:28.958+0000] {dag.py:2726} INFO - Sync 1 DAGs
[2024-08-29T20:16:28.975+0000] {logging_mixin.py:149} INFO - [2024-08-29T20:16:28.974+0000] {dag.py:3486} INFO - Setting next_dagrun for example_dag_decorator to None, run_after=None
[2024-08-29T20:16:29.002+0000] {processor.py:179} INFO - Processing /home/airflow-vm/data-engineer-batch-processing-financial-services/.venv/lib/python3.10/site-packages/airflow/example_dags/example_dag_decorator.py took 0.108 seconds
[2024-08-29T20:25:16.009+0000] {processor.py:157} INFO - Started process (PID=61884) to work on /home/airflow-vm/data-engineer-batch-processing-financial-services/.venv/lib/python3.10/site-packages/airflow/example_dags/example_dag_decorator.py
[2024-08-29T20:25:16.010+0000] {processor.py:826} INFO - Processing file /home/airflow-vm/data-engineer-batch-processing-financial-services/.venv/lib/python3.10/site-packages/airflow/example_dags/example_dag_decorator.py for tasks to queue
[2024-08-29T20:25:16.010+0000] {logging_mixin.py:149} INFO - [2024-08-29T20:25:16.010+0000] {dagbag.py:541} INFO - Filling up the DagBag from /home/airflow-vm/data-engineer-batch-processing-financial-services/.venv/lib/python3.10/site-packages/airflow/example_dags/example_dag_decorator.py
[2024-08-29T20:25:16.016+0000] {logging_mixin.py:149} INFO - [2024-08-29T20:25:16.015+0000] {taskmixin.py:211} WARNING - Dependency <Task(_PythonDecoratedOperator): prepare_email>, send_email already registered for DAG: example_dag_decorator
[2024-08-29T20:25:16.016+0000] {logging_mixin.py:149} INFO - [2024-08-29T20:25:16.016+0000] {taskmixin.py:211} WARNING - Dependency <Task(EmailOperator): send_email>, prepare_email already registered for DAG: example_dag_decorator
[2024-08-29T20:25:16.023+0000] {processor.py:836} INFO - DAG(s) dict_keys(['example_dag_decorator']) retrieved from /home/airflow-vm/data-engineer-batch-processing-financial-services/.venv/lib/python3.10/site-packages/airflow/example_dags/example_dag_decorator.py
[2024-08-29T20:25:16.070+0000] {logging_mixin.py:149} INFO - [2024-08-29T20:25:16.070+0000] {dag.py:2726} INFO - Sync 1 DAGs
[2024-08-29T20:25:16.087+0000] {logging_mixin.py:149} INFO - [2024-08-29T20:25:16.086+0000] {dag.py:3486} INFO - Setting next_dagrun for example_dag_decorator to None, run_after=None
[2024-08-29T20:25:16.115+0000] {processor.py:179} INFO - Processing /home/airflow-vm/data-engineer-batch-processing-financial-services/.venv/lib/python3.10/site-packages/airflow/example_dags/example_dag_decorator.py took 0.108 seconds
[2024-08-29T20:27:08.019+0000] {processor.py:157} INFO - Started process (PID=63356) to work on /home/airflow-vm/data-engineer-batch-processing-financial-services/.venv/lib/python3.10/site-packages/airflow/example_dags/example_dag_decorator.py
[2024-08-29T20:27:08.020+0000] {processor.py:826} INFO - Processing file /home/airflow-vm/data-engineer-batch-processing-financial-services/.venv/lib/python3.10/site-packages/airflow/example_dags/example_dag_decorator.py for tasks to queue
[2024-08-29T20:27:08.021+0000] {logging_mixin.py:149} INFO - [2024-08-29T20:27:08.021+0000] {dagbag.py:541} INFO - Filling up the DagBag from /home/airflow-vm/data-engineer-batch-processing-financial-services/.venv/lib/python3.10/site-packages/airflow/example_dags/example_dag_decorator.py
[2024-08-29T20:27:08.026+0000] {logging_mixin.py:149} INFO - [2024-08-29T20:27:08.026+0000] {taskmixin.py:211} WARNING - Dependency <Task(_PythonDecoratedOperator): prepare_email>, send_email already registered for DAG: example_dag_decorator
[2024-08-29T20:27:08.026+0000] {logging_mixin.py:149} INFO - [2024-08-29T20:27:08.026+0000] {taskmixin.py:211} WARNING - Dependency <Task(EmailOperator): send_email>, prepare_email already registered for DAG: example_dag_decorator
[2024-08-29T20:27:08.033+0000] {processor.py:836} INFO - DAG(s) dict_keys(['example_dag_decorator']) retrieved from /home/airflow-vm/data-engineer-batch-processing-financial-services/.venv/lib/python3.10/site-packages/airflow/example_dags/example_dag_decorator.py
[2024-08-29T20:27:08.081+0000] {logging_mixin.py:149} INFO - [2024-08-29T20:27:08.081+0000] {dag.py:2726} INFO - Sync 1 DAGs
[2024-08-29T20:27:08.098+0000] {logging_mixin.py:149} INFO - [2024-08-29T20:27:08.097+0000] {dag.py:3486} INFO - Setting next_dagrun for example_dag_decorator to None, run_after=None
[2024-08-29T20:27:08.125+0000] {processor.py:179} INFO - Processing /home/airflow-vm/data-engineer-batch-processing-financial-services/.venv/lib/python3.10/site-packages/airflow/example_dags/example_dag_decorator.py took 0.108 seconds
[2024-08-29T20:27:51.600+0000] {processor.py:157} INFO - Started process (PID=63545) to work on /home/airflow-vm/data-engineer-batch-processing-financial-services/.venv/lib/python3.10/site-packages/airflow/example_dags/example_dag_decorator.py
[2024-08-29T20:27:51.601+0000] {processor.py:826} INFO - Processing file /home/airflow-vm/data-engineer-batch-processing-financial-services/.venv/lib/python3.10/site-packages/airflow/example_dags/example_dag_decorator.py for tasks to queue
[2024-08-29T20:27:51.601+0000] {logging_mixin.py:149} INFO - [2024-08-29T20:27:51.601+0000] {dagbag.py:541} INFO - Filling up the DagBag from /home/airflow-vm/data-engineer-batch-processing-financial-services/.venv/lib/python3.10/site-packages/airflow/example_dags/example_dag_decorator.py
[2024-08-29T20:27:51.607+0000] {logging_mixin.py:149} INFO - [2024-08-29T20:27:51.607+0000] {taskmixin.py:211} WARNING - Dependency <Task(_PythonDecoratedOperator): prepare_email>, send_email already registered for DAG: example_dag_decorator
[2024-08-29T20:27:51.607+0000] {logging_mixin.py:149} INFO - [2024-08-29T20:27:51.607+0000] {taskmixin.py:211} WARNING - Dependency <Task(EmailOperator): send_email>, prepare_email already registered for DAG: example_dag_decorator
[2024-08-29T20:27:51.614+0000] {processor.py:836} INFO - DAG(s) dict_keys(['example_dag_decorator']) retrieved from /home/airflow-vm/data-engineer-batch-processing-financial-services/.venv/lib/python3.10/site-packages/airflow/example_dags/example_dag_decorator.py
[2024-08-29T20:27:51.660+0000] {logging_mixin.py:149} INFO - [2024-08-29T20:27:51.660+0000] {dag.py:2726} INFO - Sync 1 DAGs
[2024-08-29T20:27:51.678+0000] {logging_mixin.py:149} INFO - [2024-08-29T20:27:51.678+0000] {dag.py:3486} INFO - Setting next_dagrun for example_dag_decorator to None, run_after=None
[2024-08-29T20:27:51.706+0000] {processor.py:179} INFO - Processing /home/airflow-vm/data-engineer-batch-processing-financial-services/.venv/lib/python3.10/site-packages/airflow/example_dags/example_dag_decorator.py took 0.108 seconds
[2024-08-29T20:29:13.324+0000] {processor.py:157} INFO - Started process (PID=64254) to work on /home/airflow-vm/data-engineer-batch-processing-financial-services/.venv/lib/python3.10/site-packages/airflow/example_dags/example_dag_decorator.py
[2024-08-29T20:29:13.325+0000] {processor.py:826} INFO - Processing file /home/airflow-vm/data-engineer-batch-processing-financial-services/.venv/lib/python3.10/site-packages/airflow/example_dags/example_dag_decorator.py for tasks to queue
[2024-08-29T20:29:13.325+0000] {logging_mixin.py:149} INFO - [2024-08-29T20:29:13.325+0000] {dagbag.py:541} INFO - Filling up the DagBag from /home/airflow-vm/data-engineer-batch-processing-financial-services/.venv/lib/python3.10/site-packages/airflow/example_dags/example_dag_decorator.py
[2024-08-29T20:29:13.331+0000] {logging_mixin.py:149} INFO - [2024-08-29T20:29:13.331+0000] {taskmixin.py:211} WARNING - Dependency <Task(_PythonDecoratedOperator): prepare_email>, send_email already registered for DAG: example_dag_decorator
[2024-08-29T20:29:13.331+0000] {logging_mixin.py:149} INFO - [2024-08-29T20:29:13.331+0000] {taskmixin.py:211} WARNING - Dependency <Task(EmailOperator): send_email>, prepare_email already registered for DAG: example_dag_decorator
[2024-08-29T20:29:13.338+0000] {processor.py:836} INFO - DAG(s) dict_keys(['example_dag_decorator']) retrieved from /home/airflow-vm/data-engineer-batch-processing-financial-services/.venv/lib/python3.10/site-packages/airflow/example_dags/example_dag_decorator.py
[2024-08-29T20:29:13.384+0000] {logging_mixin.py:149} INFO - [2024-08-29T20:29:13.384+0000] {dag.py:2726} INFO - Sync 1 DAGs
[2024-08-29T20:29:13.401+0000] {logging_mixin.py:149} INFO - [2024-08-29T20:29:13.400+0000] {dag.py:3486} INFO - Setting next_dagrun for example_dag_decorator to None, run_after=None
[2024-08-29T20:29:13.430+0000] {processor.py:179} INFO - Processing /home/airflow-vm/data-engineer-batch-processing-financial-services/.venv/lib/python3.10/site-packages/airflow/example_dags/example_dag_decorator.py took 0.108 seconds
[2024-08-29T20:32:14.045+0000] {processor.py:157} INFO - Started process (PID=66348) to work on /home/airflow-vm/data-engineer-batch-processing-financial-services/.venv/lib/python3.10/site-packages/airflow/example_dags/example_dag_decorator.py
[2024-08-29T20:32:14.046+0000] {processor.py:826} INFO - Processing file /home/airflow-vm/data-engineer-batch-processing-financial-services/.venv/lib/python3.10/site-packages/airflow/example_dags/example_dag_decorator.py for tasks to queue
[2024-08-29T20:32:14.047+0000] {logging_mixin.py:149} INFO - [2024-08-29T20:32:14.047+0000] {dagbag.py:541} INFO - Filling up the DagBag from /home/airflow-vm/data-engineer-batch-processing-financial-services/.venv/lib/python3.10/site-packages/airflow/example_dags/example_dag_decorator.py
[2024-08-29T20:32:14.052+0000] {logging_mixin.py:149} INFO - [2024-08-29T20:32:14.052+0000] {taskmixin.py:211} WARNING - Dependency <Task(_PythonDecoratedOperator): prepare_email>, send_email already registered for DAG: example_dag_decorator
[2024-08-29T20:32:14.052+0000] {logging_mixin.py:149} INFO - [2024-08-29T20:32:14.052+0000] {taskmixin.py:211} WARNING - Dependency <Task(EmailOperator): send_email>, prepare_email already registered for DAG: example_dag_decorator
[2024-08-29T20:32:14.059+0000] {processor.py:836} INFO - DAG(s) dict_keys(['example_dag_decorator']) retrieved from /home/airflow-vm/data-engineer-batch-processing-financial-services/.venv/lib/python3.10/site-packages/airflow/example_dags/example_dag_decorator.py
[2024-08-29T20:32:14.105+0000] {logging_mixin.py:149} INFO - [2024-08-29T20:32:14.105+0000] {dag.py:2726} INFO - Sync 1 DAGs
[2024-08-29T20:32:14.122+0000] {logging_mixin.py:149} INFO - [2024-08-29T20:32:14.122+0000] {dag.py:3486} INFO - Setting next_dagrun for example_dag_decorator to None, run_after=None
[2024-08-29T20:32:14.150+0000] {processor.py:179} INFO - Processing /home/airflow-vm/data-engineer-batch-processing-financial-services/.venv/lib/python3.10/site-packages/airflow/example_dags/example_dag_decorator.py took 0.107 seconds
[2024-08-29T20:36:41.181+0000] {processor.py:157} INFO - Started process (PID=69688) to work on /home/airflow-vm/data-engineer-batch-processing-financial-services/.venv/lib/python3.10/site-packages/airflow/example_dags/example_dag_decorator.py
[2024-08-29T20:36:41.182+0000] {processor.py:826} INFO - Processing file /home/airflow-vm/data-engineer-batch-processing-financial-services/.venv/lib/python3.10/site-packages/airflow/example_dags/example_dag_decorator.py for tasks to queue
[2024-08-29T20:36:41.183+0000] {logging_mixin.py:149} INFO - [2024-08-29T20:36:41.183+0000] {dagbag.py:541} INFO - Filling up the DagBag from /home/airflow-vm/data-engineer-batch-processing-financial-services/.venv/lib/python3.10/site-packages/airflow/example_dags/example_dag_decorator.py
[2024-08-29T20:36:41.188+0000] {logging_mixin.py:149} INFO - [2024-08-29T20:36:41.188+0000] {taskmixin.py:211} WARNING - Dependency <Task(_PythonDecoratedOperator): prepare_email>, send_email already registered for DAG: example_dag_decorator
[2024-08-29T20:36:41.189+0000] {logging_mixin.py:149} INFO - [2024-08-29T20:36:41.189+0000] {taskmixin.py:211} WARNING - Dependency <Task(EmailOperator): send_email>, prepare_email already registered for DAG: example_dag_decorator
[2024-08-29T20:36:41.196+0000] {processor.py:836} INFO - DAG(s) dict_keys(['example_dag_decorator']) retrieved from /home/airflow-vm/data-engineer-batch-processing-financial-services/.venv/lib/python3.10/site-packages/airflow/example_dags/example_dag_decorator.py
[2024-08-29T20:36:41.246+0000] {logging_mixin.py:149} INFO - [2024-08-29T20:36:41.245+0000] {dag.py:2726} INFO - Sync 1 DAGs
[2024-08-29T20:36:41.263+0000] {logging_mixin.py:149} INFO - [2024-08-29T20:36:41.263+0000] {dag.py:3486} INFO - Setting next_dagrun for example_dag_decorator to None, run_after=None
[2024-08-29T20:36:41.300+0000] {processor.py:179} INFO - Processing /home/airflow-vm/data-engineer-batch-processing-financial-services/.venv/lib/python3.10/site-packages/airflow/example_dags/example_dag_decorator.py took 0.121 seconds
