[2024-08-29T19:47:43.409+0000] {processor.py:157} INFO - Started process (PID=48858) to work on /home/airflow-vm/data-engineer-batch-processing-financial-services/.venv/lib/python3.10/site-packages/airflow/example_dags/tutorial.py
[2024-08-29T19:47:43.409+0000] {processor.py:826} INFO - Processing file /home/airflow-vm/data-engineer-batch-processing-financial-services/.venv/lib/python3.10/site-packages/airflow/example_dags/tutorial.py for tasks to queue
[2024-08-29T19:47:43.410+0000] {logging_mixin.py:149} INFO - [2024-08-29T19:47:43.410+0000] {dagbag.py:541} INFO - Filling up the DagBag from /home/airflow-vm/data-engineer-batch-processing-financial-services/.venv/lib/python3.10/site-packages/airflow/example_dags/tutorial.py
[2024-08-29T19:47:43.418+0000] {processor.py:836} INFO - DAG(s) dict_keys(['tutorial']) retrieved from /home/airflow-vm/data-engineer-batch-processing-financial-services/.venv/lib/python3.10/site-packages/airflow/example_dags/tutorial.py
[2024-08-29T19:47:43.539+0000] {logging_mixin.py:149} INFO - [2024-08-29T19:47:43.538+0000] {manager.py:504} INFO - Created Permission View: can delete on DAG:tutorial
[2024-08-29T19:47:43.557+0000] {logging_mixin.py:149} INFO - [2024-08-29T19:47:43.557+0000] {manager.py:504} INFO - Created Permission View: can edit on DAG:tutorial
[2024-08-29T19:47:43.574+0000] {logging_mixin.py:149} INFO - [2024-08-29T19:47:43.573+0000] {manager.py:504} INFO - Created Permission View: can read on DAG:tutorial
[2024-08-29T19:47:43.574+0000] {logging_mixin.py:149} INFO - [2024-08-29T19:47:43.574+0000] {dag.py:2726} INFO - Sync 1 DAGs
[2024-08-29T19:47:43.585+0000] {logging_mixin.py:149} INFO - [2024-08-29T19:47:43.585+0000] {dag.py:2747} INFO - Creating ORM DAG for tutorial
[2024-08-29T19:47:43.594+0000] {logging_mixin.py:149} INFO - [2024-08-29T19:47:43.594+0000] {dag.py:3486} INFO - Setting next_dagrun for tutorial to 2024-08-28T19:47:43.594423+00:00, run_after=2024-08-29T19:47:43.594423+00:00
[2024-08-29T19:47:43.624+0000] {processor.py:179} INFO - Processing /home/airflow-vm/data-engineer-batch-processing-financial-services/.venv/lib/python3.10/site-packages/airflow/example_dags/tutorial.py took 0.219 seconds
[2024-08-29T19:48:34.168+0000] {processor.py:157} INFO - Started process (PID=49332) to work on /home/airflow-vm/data-engineer-batch-processing-financial-services/.venv/lib/python3.10/site-packages/airflow/example_dags/tutorial.py
[2024-08-29T19:48:34.169+0000] {processor.py:826} INFO - Processing file /home/airflow-vm/data-engineer-batch-processing-financial-services/.venv/lib/python3.10/site-packages/airflow/example_dags/tutorial.py for tasks to queue
[2024-08-29T19:48:34.170+0000] {logging_mixin.py:149} INFO - [2024-08-29T19:48:34.170+0000] {dagbag.py:541} INFO - Filling up the DagBag from /home/airflow-vm/data-engineer-batch-processing-financial-services/.venv/lib/python3.10/site-packages/airflow/example_dags/tutorial.py
[2024-08-29T19:48:34.176+0000] {processor.py:836} INFO - DAG(s) dict_keys(['tutorial']) retrieved from /home/airflow-vm/data-engineer-batch-processing-financial-services/.venv/lib/python3.10/site-packages/airflow/example_dags/tutorial.py
[2024-08-29T19:48:34.193+0000] {logging_mixin.py:149} INFO - [2024-08-29T19:48:34.193+0000] {dag.py:2726} INFO - Sync 1 DAGs
[2024-08-29T19:48:34.213+0000] {logging_mixin.py:149} INFO - [2024-08-29T19:48:34.212+0000] {dag.py:3486} INFO - Setting next_dagrun for tutorial to 2024-08-28T19:48:34.212706+00:00, run_after=2024-08-29T19:48:34.212706+00:00
[2024-08-29T19:48:34.246+0000] {processor.py:179} INFO - Processing /home/airflow-vm/data-engineer-batch-processing-financial-services/.venv/lib/python3.10/site-packages/airflow/example_dags/tutorial.py took 0.080 seconds
[2024-08-29T19:49:20.749+0000] {processor.py:157} INFO - Started process (PID=49633) to work on /home/airflow-vm/data-engineer-batch-processing-financial-services/.venv/lib/python3.10/site-packages/airflow/example_dags/tutorial.py
[2024-08-29T19:49:20.750+0000] {processor.py:826} INFO - Processing file /home/airflow-vm/data-engineer-batch-processing-financial-services/.venv/lib/python3.10/site-packages/airflow/example_dags/tutorial.py for tasks to queue
[2024-08-29T19:49:20.750+0000] {logging_mixin.py:149} INFO - [2024-08-29T19:49:20.750+0000] {dagbag.py:541} INFO - Filling up the DagBag from /home/airflow-vm/data-engineer-batch-processing-financial-services/.venv/lib/python3.10/site-packages/airflow/example_dags/tutorial.py
[2024-08-29T19:49:20.756+0000] {processor.py:836} INFO - DAG(s) dict_keys(['tutorial']) retrieved from /home/airflow-vm/data-engineer-batch-processing-financial-services/.venv/lib/python3.10/site-packages/airflow/example_dags/tutorial.py
[2024-08-29T19:49:20.772+0000] {logging_mixin.py:149} INFO - [2024-08-29T19:49:20.772+0000] {dag.py:2726} INFO - Sync 1 DAGs
[2024-08-29T19:49:20.791+0000] {logging_mixin.py:149} INFO - [2024-08-29T19:49:20.790+0000] {dag.py:3486} INFO - Setting next_dagrun for tutorial to 2024-08-28T19:49:20.790659+00:00, run_after=2024-08-29T19:49:20.790659+00:00
[2024-08-29T19:49:20.820+0000] {processor.py:179} INFO - Processing /home/airflow-vm/data-engineer-batch-processing-financial-services/.venv/lib/python3.10/site-packages/airflow/example_dags/tutorial.py took 0.074 seconds
[2024-08-29T19:49:57.303+0000] {processor.py:157} INFO - Started process (PID=49737) to work on /home/airflow-vm/data-engineer-batch-processing-financial-services/.venv/lib/python3.10/site-packages/airflow/example_dags/tutorial.py
[2024-08-29T19:49:57.304+0000] {processor.py:826} INFO - Processing file /home/airflow-vm/data-engineer-batch-processing-financial-services/.venv/lib/python3.10/site-packages/airflow/example_dags/tutorial.py for tasks to queue
[2024-08-29T19:49:57.305+0000] {logging_mixin.py:149} INFO - [2024-08-29T19:49:57.305+0000] {dagbag.py:541} INFO - Filling up the DagBag from /home/airflow-vm/data-engineer-batch-processing-financial-services/.venv/lib/python3.10/site-packages/airflow/example_dags/tutorial.py
[2024-08-29T19:49:57.311+0000] {processor.py:836} INFO - DAG(s) dict_keys(['tutorial']) retrieved from /home/airflow-vm/data-engineer-batch-processing-financial-services/.venv/lib/python3.10/site-packages/airflow/example_dags/tutorial.py
[2024-08-29T19:49:57.328+0000] {logging_mixin.py:149} INFO - [2024-08-29T19:49:57.328+0000] {dag.py:2726} INFO - Sync 1 DAGs
[2024-08-29T19:49:57.348+0000] {logging_mixin.py:149} INFO - [2024-08-29T19:49:57.348+0000] {dag.py:3486} INFO - Setting next_dagrun for tutorial to 2024-08-28T19:49:57.348235+00:00, run_after=2024-08-29T19:49:57.348235+00:00
[2024-08-29T19:49:57.378+0000] {processor.py:179} INFO - Processing /home/airflow-vm/data-engineer-batch-processing-financial-services/.venv/lib/python3.10/site-packages/airflow/example_dags/tutorial.py took 0.077 seconds
[2024-08-29T19:50:45.571+0000] {processor.py:157} INFO - Started process (PID=50063) to work on /home/airflow-vm/data-engineer-batch-processing-financial-services/.venv/lib/python3.10/site-packages/airflow/example_dags/tutorial.py
[2024-08-29T19:50:45.572+0000] {processor.py:826} INFO - Processing file /home/airflow-vm/data-engineer-batch-processing-financial-services/.venv/lib/python3.10/site-packages/airflow/example_dags/tutorial.py for tasks to queue
[2024-08-29T19:50:45.572+0000] {logging_mixin.py:149} INFO - [2024-08-29T19:50:45.572+0000] {dagbag.py:541} INFO - Filling up the DagBag from /home/airflow-vm/data-engineer-batch-processing-financial-services/.venv/lib/python3.10/site-packages/airflow/example_dags/tutorial.py
[2024-08-29T19:50:45.578+0000] {processor.py:836} INFO - DAG(s) dict_keys(['tutorial']) retrieved from /home/airflow-vm/data-engineer-batch-processing-financial-services/.venv/lib/python3.10/site-packages/airflow/example_dags/tutorial.py
[2024-08-29T19:50:45.595+0000] {logging_mixin.py:149} INFO - [2024-08-29T19:50:45.595+0000] {dag.py:2726} INFO - Sync 1 DAGs
[2024-08-29T19:50:45.613+0000] {logging_mixin.py:149} INFO - [2024-08-29T19:50:45.613+0000] {dag.py:3486} INFO - Setting next_dagrun for tutorial to 2024-08-28T19:50:45.613382+00:00, run_after=2024-08-29T19:50:45.613382+00:00
[2024-08-29T19:50:45.645+0000] {processor.py:179} INFO - Processing /home/airflow-vm/data-engineer-batch-processing-financial-services/.venv/lib/python3.10/site-packages/airflow/example_dags/tutorial.py took 0.077 seconds
[2024-08-29T19:51:33.130+0000] {processor.py:157} INFO - Started process (PID=50721) to work on /home/airflow-vm/data-engineer-batch-processing-financial-services/.venv/lib/python3.10/site-packages/airflow/example_dags/tutorial.py
[2024-08-29T19:51:33.131+0000] {processor.py:826} INFO - Processing file /home/airflow-vm/data-engineer-batch-processing-financial-services/.venv/lib/python3.10/site-packages/airflow/example_dags/tutorial.py for tasks to queue
[2024-08-29T19:51:33.132+0000] {logging_mixin.py:149} INFO - [2024-08-29T19:51:33.131+0000] {dagbag.py:541} INFO - Filling up the DagBag from /home/airflow-vm/data-engineer-batch-processing-financial-services/.venv/lib/python3.10/site-packages/airflow/example_dags/tutorial.py
[2024-08-29T19:51:33.138+0000] {processor.py:836} INFO - DAG(s) dict_keys(['tutorial']) retrieved from /home/airflow-vm/data-engineer-batch-processing-financial-services/.venv/lib/python3.10/site-packages/airflow/example_dags/tutorial.py
[2024-08-29T19:51:33.156+0000] {logging_mixin.py:149} INFO - [2024-08-29T19:51:33.156+0000] {dag.py:2726} INFO - Sync 1 DAGs
[2024-08-29T19:51:33.176+0000] {logging_mixin.py:149} INFO - [2024-08-29T19:51:33.176+0000] {dag.py:3486} INFO - Setting next_dagrun for tutorial to 2024-08-28T19:51:33.175934+00:00, run_after=2024-08-29T19:51:33.175934+00:00
[2024-08-29T19:51:33.205+0000] {processor.py:179} INFO - Processing /home/airflow-vm/data-engineer-batch-processing-financial-services/.venv/lib/python3.10/site-packages/airflow/example_dags/tutorial.py took 0.077 seconds
[2024-08-29T19:52:20.679+0000] {processor.py:157} INFO - Started process (PID=50916) to work on /home/airflow-vm/data-engineer-batch-processing-financial-services/.venv/lib/python3.10/site-packages/airflow/example_dags/tutorial.py
[2024-08-29T19:52:20.680+0000] {processor.py:826} INFO - Processing file /home/airflow-vm/data-engineer-batch-processing-financial-services/.venv/lib/python3.10/site-packages/airflow/example_dags/tutorial.py for tasks to queue
[2024-08-29T19:52:20.680+0000] {logging_mixin.py:149} INFO - [2024-08-29T19:52:20.680+0000] {dagbag.py:541} INFO - Filling up the DagBag from /home/airflow-vm/data-engineer-batch-processing-financial-services/.venv/lib/python3.10/site-packages/airflow/example_dags/tutorial.py
[2024-08-29T19:52:20.686+0000] {processor.py:836} INFO - DAG(s) dict_keys(['tutorial']) retrieved from /home/airflow-vm/data-engineer-batch-processing-financial-services/.venv/lib/python3.10/site-packages/airflow/example_dags/tutorial.py
[2024-08-29T19:52:20.703+0000] {logging_mixin.py:149} INFO - [2024-08-29T19:52:20.703+0000] {dag.py:2726} INFO - Sync 1 DAGs
[2024-08-29T19:52:20.722+0000] {logging_mixin.py:149} INFO - [2024-08-29T19:52:20.722+0000] {dag.py:3486} INFO - Setting next_dagrun for tutorial to 2024-08-28T19:52:20.722171+00:00, run_after=2024-08-29T19:52:20.722171+00:00
[2024-08-29T19:52:20.750+0000] {processor.py:179} INFO - Processing /home/airflow-vm/data-engineer-batch-processing-financial-services/.venv/lib/python3.10/site-packages/airflow/example_dags/tutorial.py took 0.073 seconds
[2024-08-29T19:53:04.925+0000] {processor.py:157} INFO - Started process (PID=51013) to work on /home/airflow-vm/data-engineer-batch-processing-financial-services/.venv/lib/python3.10/site-packages/airflow/example_dags/tutorial.py
[2024-08-29T19:53:04.926+0000] {processor.py:826} INFO - Processing file /home/airflow-vm/data-engineer-batch-processing-financial-services/.venv/lib/python3.10/site-packages/airflow/example_dags/tutorial.py for tasks to queue
[2024-08-29T19:53:04.927+0000] {logging_mixin.py:149} INFO - [2024-08-29T19:53:04.927+0000] {dagbag.py:541} INFO - Filling up the DagBag from /home/airflow-vm/data-engineer-batch-processing-financial-services/.venv/lib/python3.10/site-packages/airflow/example_dags/tutorial.py
[2024-08-29T19:53:04.933+0000] {processor.py:836} INFO - DAG(s) dict_keys(['tutorial']) retrieved from /home/airflow-vm/data-engineer-batch-processing-financial-services/.venv/lib/python3.10/site-packages/airflow/example_dags/tutorial.py
[2024-08-29T19:53:04.950+0000] {logging_mixin.py:149} INFO - [2024-08-29T19:53:04.950+0000] {dag.py:2726} INFO - Sync 1 DAGs
[2024-08-29T19:53:04.969+0000] {logging_mixin.py:149} INFO - [2024-08-29T19:53:04.969+0000] {dag.py:3486} INFO - Setting next_dagrun for tutorial to 2024-08-28T19:53:04.969457+00:00, run_after=2024-08-29T19:53:04.969457+00:00
[2024-08-29T19:53:04.997+0000] {processor.py:179} INFO - Processing /home/airflow-vm/data-engineer-batch-processing-financial-services/.venv/lib/python3.10/site-packages/airflow/example_dags/tutorial.py took 0.074 seconds
[2024-08-29T19:53:49.731+0000] {processor.py:157} INFO - Started process (PID=51169) to work on /home/airflow-vm/data-engineer-batch-processing-financial-services/.venv/lib/python3.10/site-packages/airflow/example_dags/tutorial.py
[2024-08-29T19:53:49.732+0000] {processor.py:826} INFO - Processing file /home/airflow-vm/data-engineer-batch-processing-financial-services/.venv/lib/python3.10/site-packages/airflow/example_dags/tutorial.py for tasks to queue
[2024-08-29T19:53:49.733+0000] {logging_mixin.py:149} INFO - [2024-08-29T19:53:49.733+0000] {dagbag.py:541} INFO - Filling up the DagBag from /home/airflow-vm/data-engineer-batch-processing-financial-services/.venv/lib/python3.10/site-packages/airflow/example_dags/tutorial.py
[2024-08-29T19:53:49.739+0000] {processor.py:836} INFO - DAG(s) dict_keys(['tutorial']) retrieved from /home/airflow-vm/data-engineer-batch-processing-financial-services/.venv/lib/python3.10/site-packages/airflow/example_dags/tutorial.py
[2024-08-29T19:53:49.756+0000] {logging_mixin.py:149} INFO - [2024-08-29T19:53:49.756+0000] {dag.py:2726} INFO - Sync 1 DAGs
[2024-08-29T19:53:49.775+0000] {logging_mixin.py:149} INFO - [2024-08-29T19:53:49.775+0000] {dag.py:3486} INFO - Setting next_dagrun for tutorial to 2024-08-28T19:53:49.775163+00:00, run_after=2024-08-29T19:53:49.775163+00:00
[2024-08-29T19:53:49.803+0000] {processor.py:179} INFO - Processing /home/airflow-vm/data-engineer-batch-processing-financial-services/.venv/lib/python3.10/site-packages/airflow/example_dags/tutorial.py took 0.075 seconds
[2024-08-29T19:54:37.839+0000] {processor.py:157} INFO - Started process (PID=51307) to work on /home/airflow-vm/data-engineer-batch-processing-financial-services/.venv/lib/python3.10/site-packages/airflow/example_dags/tutorial.py
[2024-08-29T19:54:37.840+0000] {processor.py:826} INFO - Processing file /home/airflow-vm/data-engineer-batch-processing-financial-services/.venv/lib/python3.10/site-packages/airflow/example_dags/tutorial.py for tasks to queue
[2024-08-29T19:54:37.840+0000] {logging_mixin.py:149} INFO - [2024-08-29T19:54:37.840+0000] {dagbag.py:541} INFO - Filling up the DagBag from /home/airflow-vm/data-engineer-batch-processing-financial-services/.venv/lib/python3.10/site-packages/airflow/example_dags/tutorial.py
[2024-08-29T19:54:37.846+0000] {processor.py:836} INFO - DAG(s) dict_keys(['tutorial']) retrieved from /home/airflow-vm/data-engineer-batch-processing-financial-services/.venv/lib/python3.10/site-packages/airflow/example_dags/tutorial.py
[2024-08-29T19:54:37.864+0000] {logging_mixin.py:149} INFO - [2024-08-29T19:54:37.863+0000] {dag.py:2726} INFO - Sync 1 DAGs
[2024-08-29T19:54:37.882+0000] {logging_mixin.py:149} INFO - [2024-08-29T19:54:37.882+0000] {dag.py:3486} INFO - Setting next_dagrun for tutorial to 2024-08-28T19:54:37.882393+00:00, run_after=2024-08-29T19:54:37.882393+00:00
[2024-08-29T19:54:37.912+0000] {processor.py:179} INFO - Processing /home/airflow-vm/data-engineer-batch-processing-financial-services/.venv/lib/python3.10/site-packages/airflow/example_dags/tutorial.py took 0.076 seconds
[2024-08-29T19:55:25.666+0000] {processor.py:157} INFO - Started process (PID=51673) to work on /home/airflow-vm/data-engineer-batch-processing-financial-services/.venv/lib/python3.10/site-packages/airflow/example_dags/tutorial.py
[2024-08-29T19:55:25.666+0000] {processor.py:826} INFO - Processing file /home/airflow-vm/data-engineer-batch-processing-financial-services/.venv/lib/python3.10/site-packages/airflow/example_dags/tutorial.py for tasks to queue
[2024-08-29T19:55:25.667+0000] {logging_mixin.py:149} INFO - [2024-08-29T19:55:25.667+0000] {dagbag.py:541} INFO - Filling up the DagBag from /home/airflow-vm/data-engineer-batch-processing-financial-services/.venv/lib/python3.10/site-packages/airflow/example_dags/tutorial.py
[2024-08-29T19:55:25.673+0000] {processor.py:836} INFO - DAG(s) dict_keys(['tutorial']) retrieved from /home/airflow-vm/data-engineer-batch-processing-financial-services/.venv/lib/python3.10/site-packages/airflow/example_dags/tutorial.py
[2024-08-29T19:55:25.691+0000] {logging_mixin.py:149} INFO - [2024-08-29T19:55:25.691+0000] {dag.py:2726} INFO - Sync 1 DAGs
[2024-08-29T19:55:25.711+0000] {logging_mixin.py:149} INFO - [2024-08-29T19:55:25.711+0000] {dag.py:3486} INFO - Setting next_dagrun for tutorial to 2024-08-28T19:55:25.711366+00:00, run_after=2024-08-29T19:55:25.711366+00:00
[2024-08-29T19:55:25.741+0000] {processor.py:179} INFO - Processing /home/airflow-vm/data-engineer-batch-processing-financial-services/.venv/lib/python3.10/site-packages/airflow/example_dags/tutorial.py took 0.078 seconds
[2024-08-29T20:11:38.400+0000] {processor.py:157} INFO - Started process (PID=56345) to work on /home/airflow-vm/data-engineer-batch-processing-financial-services/.venv/lib/python3.10/site-packages/airflow/example_dags/tutorial.py
[2024-08-29T20:11:38.401+0000] {processor.py:826} INFO - Processing file /home/airflow-vm/data-engineer-batch-processing-financial-services/.venv/lib/python3.10/site-packages/airflow/example_dags/tutorial.py for tasks to queue
[2024-08-29T20:11:38.402+0000] {logging_mixin.py:149} INFO - [2024-08-29T20:11:38.402+0000] {dagbag.py:541} INFO - Filling up the DagBag from /home/airflow-vm/data-engineer-batch-processing-financial-services/.venv/lib/python3.10/site-packages/airflow/example_dags/tutorial.py
[2024-08-29T20:11:38.409+0000] {processor.py:836} INFO - DAG(s) dict_keys(['tutorial']) retrieved from /home/airflow-vm/data-engineer-batch-processing-financial-services/.venv/lib/python3.10/site-packages/airflow/example_dags/tutorial.py
[2024-08-29T20:11:38.428+0000] {logging_mixin.py:149} INFO - [2024-08-29T20:11:38.428+0000] {dag.py:2726} INFO - Sync 1 DAGs
[2024-08-29T20:11:38.446+0000] {logging_mixin.py:149} INFO - [2024-08-29T20:11:38.446+0000] {dag.py:3486} INFO - Setting next_dagrun for tutorial to 2024-08-28T20:11:38.446278+00:00, run_after=2024-08-29T20:11:38.446278+00:00
[2024-08-29T20:11:38.475+0000] {processor.py:179} INFO - Processing /home/airflow-vm/data-engineer-batch-processing-financial-services/.venv/lib/python3.10/site-packages/airflow/example_dags/tutorial.py took 0.078 seconds
[2024-08-29T20:12:24.337+0000] {processor.py:157} INFO - Started process (PID=56600) to work on /home/airflow-vm/data-engineer-batch-processing-financial-services/.venv/lib/python3.10/site-packages/airflow/example_dags/tutorial.py
[2024-08-29T20:12:24.338+0000] {processor.py:826} INFO - Processing file /home/airflow-vm/data-engineer-batch-processing-financial-services/.venv/lib/python3.10/site-packages/airflow/example_dags/tutorial.py for tasks to queue
[2024-08-29T20:12:24.338+0000] {logging_mixin.py:149} INFO - [2024-08-29T20:12:24.338+0000] {dagbag.py:541} INFO - Filling up the DagBag from /home/airflow-vm/data-engineer-batch-processing-financial-services/.venv/lib/python3.10/site-packages/airflow/example_dags/tutorial.py
[2024-08-29T20:12:24.344+0000] {processor.py:836} INFO - DAG(s) dict_keys(['tutorial']) retrieved from /home/airflow-vm/data-engineer-batch-processing-financial-services/.venv/lib/python3.10/site-packages/airflow/example_dags/tutorial.py
[2024-08-29T20:12:24.360+0000] {logging_mixin.py:149} INFO - [2024-08-29T20:12:24.360+0000] {dag.py:2726} INFO - Sync 1 DAGs
[2024-08-29T20:12:24.380+0000] {logging_mixin.py:149} INFO - [2024-08-29T20:12:24.379+0000] {dag.py:3486} INFO - Setting next_dagrun for tutorial to 2024-08-28T20:12:24.379680+00:00, run_after=2024-08-29T20:12:24.379680+00:00
[2024-08-29T20:12:24.407+0000] {processor.py:179} INFO - Processing /home/airflow-vm/data-engineer-batch-processing-financial-services/.venv/lib/python3.10/site-packages/airflow/example_dags/tutorial.py took 0.073 seconds
[2024-08-29T20:13:07.274+0000] {processor.py:157} INFO - Started process (PID=56877) to work on /home/airflow-vm/data-engineer-batch-processing-financial-services/.venv/lib/python3.10/site-packages/airflow/example_dags/tutorial.py
[2024-08-29T20:13:07.274+0000] {processor.py:826} INFO - Processing file /home/airflow-vm/data-engineer-batch-processing-financial-services/.venv/lib/python3.10/site-packages/airflow/example_dags/tutorial.py for tasks to queue
[2024-08-29T20:13:07.275+0000] {logging_mixin.py:149} INFO - [2024-08-29T20:13:07.275+0000] {dagbag.py:541} INFO - Filling up the DagBag from /home/airflow-vm/data-engineer-batch-processing-financial-services/.venv/lib/python3.10/site-packages/airflow/example_dags/tutorial.py
[2024-08-29T20:13:07.281+0000] {processor.py:836} INFO - DAG(s) dict_keys(['tutorial']) retrieved from /home/airflow-vm/data-engineer-batch-processing-financial-services/.venv/lib/python3.10/site-packages/airflow/example_dags/tutorial.py
[2024-08-29T20:13:07.297+0000] {logging_mixin.py:149} INFO - [2024-08-29T20:13:07.297+0000] {dag.py:2726} INFO - Sync 1 DAGs
[2024-08-29T20:13:07.315+0000] {logging_mixin.py:149} INFO - [2024-08-29T20:13:07.315+0000] {dag.py:3486} INFO - Setting next_dagrun for tutorial to 2024-08-28T20:13:07.315087+00:00, run_after=2024-08-29T20:13:07.315087+00:00
[2024-08-29T20:13:07.352+0000] {processor.py:179} INFO - Processing /home/airflow-vm/data-engineer-batch-processing-financial-services/.venv/lib/python3.10/site-packages/airflow/example_dags/tutorial.py took 0.080 seconds
[2024-08-29T20:15:06.586+0000] {processor.py:157} INFO - Started process (PID=57387) to work on /home/airflow-vm/data-engineer-batch-processing-financial-services/.venv/lib/python3.10/site-packages/airflow/example_dags/tutorial.py
[2024-08-29T20:15:06.587+0000] {processor.py:826} INFO - Processing file /home/airflow-vm/data-engineer-batch-processing-financial-services/.venv/lib/python3.10/site-packages/airflow/example_dags/tutorial.py for tasks to queue
[2024-08-29T20:15:06.588+0000] {logging_mixin.py:149} INFO - [2024-08-29T20:15:06.588+0000] {dagbag.py:541} INFO - Filling up the DagBag from /home/airflow-vm/data-engineer-batch-processing-financial-services/.venv/lib/python3.10/site-packages/airflow/example_dags/tutorial.py
[2024-08-29T20:15:06.597+0000] {processor.py:836} INFO - DAG(s) dict_keys(['tutorial']) retrieved from /home/airflow-vm/data-engineer-batch-processing-financial-services/.venv/lib/python3.10/site-packages/airflow/example_dags/tutorial.py
[2024-08-29T20:15:06.618+0000] {logging_mixin.py:149} INFO - [2024-08-29T20:15:06.618+0000] {dag.py:2726} INFO - Sync 1 DAGs
[2024-08-29T20:15:06.637+0000] {logging_mixin.py:149} INFO - [2024-08-29T20:15:06.637+0000] {dag.py:3486} INFO - Setting next_dagrun for tutorial to 2024-08-28T20:15:06.637411+00:00, run_after=2024-08-29T20:15:06.637411+00:00
[2024-08-29T20:15:06.666+0000] {processor.py:179} INFO - Processing /home/airflow-vm/data-engineer-batch-processing-financial-services/.venv/lib/python3.10/site-packages/airflow/example_dags/tutorial.py took 0.082 seconds
[2024-08-29T20:15:50.821+0000] {processor.py:157} INFO - Started process (PID=57894) to work on /home/airflow-vm/data-engineer-batch-processing-financial-services/.venv/lib/python3.10/site-packages/airflow/example_dags/tutorial.py
[2024-08-29T20:15:50.822+0000] {processor.py:826} INFO - Processing file /home/airflow-vm/data-engineer-batch-processing-financial-services/.venv/lib/python3.10/site-packages/airflow/example_dags/tutorial.py for tasks to queue
[2024-08-29T20:15:50.823+0000] {logging_mixin.py:149} INFO - [2024-08-29T20:15:50.822+0000] {dagbag.py:541} INFO - Filling up the DagBag from /home/airflow-vm/data-engineer-batch-processing-financial-services/.venv/lib/python3.10/site-packages/airflow/example_dags/tutorial.py
[2024-08-29T20:15:50.828+0000] {processor.py:836} INFO - DAG(s) dict_keys(['tutorial']) retrieved from /home/airflow-vm/data-engineer-batch-processing-financial-services/.venv/lib/python3.10/site-packages/airflow/example_dags/tutorial.py
[2024-08-29T20:15:50.844+0000] {logging_mixin.py:149} INFO - [2024-08-29T20:15:50.844+0000] {dag.py:2726} INFO - Sync 1 DAGs
[2024-08-29T20:15:50.863+0000] {logging_mixin.py:149} INFO - [2024-08-29T20:15:50.863+0000] {dag.py:3486} INFO - Setting next_dagrun for tutorial to 2024-08-28T20:15:50.863264+00:00, run_after=2024-08-29T20:15:50.863264+00:00
[2024-08-29T20:15:50.891+0000] {processor.py:179} INFO - Processing /home/airflow-vm/data-engineer-batch-processing-financial-services/.venv/lib/python3.10/site-packages/airflow/example_dags/tutorial.py took 0.072 seconds
[2024-08-29T20:16:37.417+0000] {processor.py:157} INFO - Started process (PID=58250) to work on /home/airflow-vm/data-engineer-batch-processing-financial-services/.venv/lib/python3.10/site-packages/airflow/example_dags/tutorial.py
[2024-08-29T20:16:37.418+0000] {processor.py:826} INFO - Processing file /home/airflow-vm/data-engineer-batch-processing-financial-services/.venv/lib/python3.10/site-packages/airflow/example_dags/tutorial.py for tasks to queue
[2024-08-29T20:16:37.419+0000] {logging_mixin.py:149} INFO - [2024-08-29T20:16:37.418+0000] {dagbag.py:541} INFO - Filling up the DagBag from /home/airflow-vm/data-engineer-batch-processing-financial-services/.venv/lib/python3.10/site-packages/airflow/example_dags/tutorial.py
[2024-08-29T20:16:37.424+0000] {processor.py:836} INFO - DAG(s) dict_keys(['tutorial']) retrieved from /home/airflow-vm/data-engineer-batch-processing-financial-services/.venv/lib/python3.10/site-packages/airflow/example_dags/tutorial.py
[2024-08-29T20:16:37.441+0000] {logging_mixin.py:149} INFO - [2024-08-29T20:16:37.441+0000] {dag.py:2726} INFO - Sync 1 DAGs
[2024-08-29T20:16:37.459+0000] {logging_mixin.py:149} INFO - [2024-08-29T20:16:37.459+0000] {dag.py:3486} INFO - Setting next_dagrun for tutorial to 2024-08-28T20:16:37.458925+00:00, run_after=2024-08-29T20:16:37.458925+00:00
[2024-08-29T20:16:37.488+0000] {processor.py:179} INFO - Processing /home/airflow-vm/data-engineer-batch-processing-financial-services/.venv/lib/python3.10/site-packages/airflow/example_dags/tutorial.py took 0.073 seconds
[2024-08-29T20:23:46.245+0000] {processor.py:157} INFO - Started process (PID=60762) to work on /home/airflow-vm/data-engineer-batch-processing-financial-services/.venv/lib/python3.10/site-packages/airflow/example_dags/tutorial.py
[2024-08-29T20:23:46.255+0000] {processor.py:826} INFO - Processing file /home/airflow-vm/data-engineer-batch-processing-financial-services/.venv/lib/python3.10/site-packages/airflow/example_dags/tutorial.py for tasks to queue
[2024-08-29T20:23:46.256+0000] {logging_mixin.py:149} INFO - [2024-08-29T20:23:46.256+0000] {dagbag.py:541} INFO - Filling up the DagBag from /home/airflow-vm/data-engineer-batch-processing-financial-services/.venv/lib/python3.10/site-packages/airflow/example_dags/tutorial.py
[2024-08-29T20:23:46.267+0000] {processor.py:836} INFO - DAG(s) dict_keys(['tutorial']) retrieved from /home/airflow-vm/data-engineer-batch-processing-financial-services/.venv/lib/python3.10/site-packages/airflow/example_dags/tutorial.py
[2024-08-29T20:23:46.293+0000] {logging_mixin.py:149} INFO - [2024-08-29T20:23:46.293+0000] {dag.py:2726} INFO - Sync 1 DAGs
[2024-08-29T20:23:46.319+0000] {logging_mixin.py:149} INFO - [2024-08-29T20:23:46.319+0000] {dag.py:3486} INFO - Setting next_dagrun for tutorial to 2024-08-28T20:23:46.319235+00:00, run_after=2024-08-29T20:23:46.319235+00:00
[2024-08-29T20:23:46.367+0000] {processor.py:179} INFO - Processing /home/airflow-vm/data-engineer-batch-processing-financial-services/.venv/lib/python3.10/site-packages/airflow/example_dags/tutorial.py took 0.124 seconds
[2024-08-29T20:25:43.669+0000] {processor.py:157} INFO - Started process (PID=62267) to work on /home/airflow-vm/data-engineer-batch-processing-financial-services/.venv/lib/python3.10/site-packages/airflow/example_dags/tutorial.py
[2024-08-29T20:25:43.670+0000] {processor.py:826} INFO - Processing file /home/airflow-vm/data-engineer-batch-processing-financial-services/.venv/lib/python3.10/site-packages/airflow/example_dags/tutorial.py for tasks to queue
[2024-08-29T20:25:43.671+0000] {logging_mixin.py:149} INFO - [2024-08-29T20:25:43.670+0000] {dagbag.py:541} INFO - Filling up the DagBag from /home/airflow-vm/data-engineer-batch-processing-financial-services/.venv/lib/python3.10/site-packages/airflow/example_dags/tutorial.py
[2024-08-29T20:25:43.676+0000] {processor.py:836} INFO - DAG(s) dict_keys(['tutorial']) retrieved from /home/airflow-vm/data-engineer-batch-processing-financial-services/.venv/lib/python3.10/site-packages/airflow/example_dags/tutorial.py
[2024-08-29T20:25:43.693+0000] {logging_mixin.py:149} INFO - [2024-08-29T20:25:43.692+0000] {dag.py:2726} INFO - Sync 1 DAGs
[2024-08-29T20:25:43.712+0000] {logging_mixin.py:149} INFO - [2024-08-29T20:25:43.712+0000] {dag.py:3486} INFO - Setting next_dagrun for tutorial to 2024-08-28T20:25:43.711815+00:00, run_after=2024-08-29T20:25:43.711815+00:00
[2024-08-29T20:25:43.739+0000] {processor.py:179} INFO - Processing /home/airflow-vm/data-engineer-batch-processing-financial-services/.venv/lib/python3.10/site-packages/airflow/example_dags/tutorial.py took 0.072 seconds
[2024-08-29T20:26:48.405+0000] {processor.py:157} INFO - Started process (PID=63103) to work on /home/airflow-vm/data-engineer-batch-processing-financial-services/.venv/lib/python3.10/site-packages/airflow/example_dags/tutorial.py
[2024-08-29T20:26:48.406+0000] {processor.py:826} INFO - Processing file /home/airflow-vm/data-engineer-batch-processing-financial-services/.venv/lib/python3.10/site-packages/airflow/example_dags/tutorial.py for tasks to queue
[2024-08-29T20:26:48.407+0000] {logging_mixin.py:149} INFO - [2024-08-29T20:26:48.407+0000] {dagbag.py:541} INFO - Filling up the DagBag from /home/airflow-vm/data-engineer-batch-processing-financial-services/.venv/lib/python3.10/site-packages/airflow/example_dags/tutorial.py
[2024-08-29T20:26:48.412+0000] {processor.py:836} INFO - DAG(s) dict_keys(['tutorial']) retrieved from /home/airflow-vm/data-engineer-batch-processing-financial-services/.venv/lib/python3.10/site-packages/airflow/example_dags/tutorial.py
[2024-08-29T20:26:48.429+0000] {logging_mixin.py:149} INFO - [2024-08-29T20:26:48.429+0000] {dag.py:2726} INFO - Sync 1 DAGs
[2024-08-29T20:26:48.447+0000] {logging_mixin.py:149} INFO - [2024-08-29T20:26:48.447+0000] {dag.py:3486} INFO - Setting next_dagrun for tutorial to 2024-08-28T20:26:48.447510+00:00, run_after=2024-08-29T20:26:48.447510+00:00
[2024-08-29T20:26:48.475+0000] {processor.py:179} INFO - Processing /home/airflow-vm/data-engineer-batch-processing-financial-services/.venv/lib/python3.10/site-packages/airflow/example_dags/tutorial.py took 0.073 seconds
[2024-08-29T20:27:33.260+0000] {processor.py:157} INFO - Started process (PID=63510) to work on /home/airflow-vm/data-engineer-batch-processing-financial-services/.venv/lib/python3.10/site-packages/airflow/example_dags/tutorial.py
[2024-08-29T20:27:33.260+0000] {processor.py:826} INFO - Processing file /home/airflow-vm/data-engineer-batch-processing-financial-services/.venv/lib/python3.10/site-packages/airflow/example_dags/tutorial.py for tasks to queue
[2024-08-29T20:27:33.261+0000] {logging_mixin.py:149} INFO - [2024-08-29T20:27:33.261+0000] {dagbag.py:541} INFO - Filling up the DagBag from /home/airflow-vm/data-engineer-batch-processing-financial-services/.venv/lib/python3.10/site-packages/airflow/example_dags/tutorial.py
[2024-08-29T20:27:33.266+0000] {processor.py:836} INFO - DAG(s) dict_keys(['tutorial']) retrieved from /home/airflow-vm/data-engineer-batch-processing-financial-services/.venv/lib/python3.10/site-packages/airflow/example_dags/tutorial.py
[2024-08-29T20:27:33.283+0000] {logging_mixin.py:149} INFO - [2024-08-29T20:27:33.282+0000] {dag.py:2726} INFO - Sync 1 DAGs
[2024-08-29T20:27:33.302+0000] {logging_mixin.py:149} INFO - [2024-08-29T20:27:33.301+0000] {dag.py:3486} INFO - Setting next_dagrun for tutorial to 2024-08-28T20:27:33.301689+00:00, run_after=2024-08-29T20:27:33.301689+00:00
[2024-08-29T20:27:33.329+0000] {processor.py:179} INFO - Processing /home/airflow-vm/data-engineer-batch-processing-financial-services/.venv/lib/python3.10/site-packages/airflow/example_dags/tutorial.py took 0.072 seconds
[2024-08-29T20:28:15.178+0000] {processor.py:157} INFO - Started process (PID=63583) to work on /home/airflow-vm/data-engineer-batch-processing-financial-services/.venv/lib/python3.10/site-packages/airflow/example_dags/tutorial.py
[2024-08-29T20:28:15.179+0000] {processor.py:826} INFO - Processing file /home/airflow-vm/data-engineer-batch-processing-financial-services/.venv/lib/python3.10/site-packages/airflow/example_dags/tutorial.py for tasks to queue
[2024-08-29T20:28:15.179+0000] {logging_mixin.py:149} INFO - [2024-08-29T20:28:15.179+0000] {dagbag.py:541} INFO - Filling up the DagBag from /home/airflow-vm/data-engineer-batch-processing-financial-services/.venv/lib/python3.10/site-packages/airflow/example_dags/tutorial.py
[2024-08-29T20:28:15.185+0000] {processor.py:836} INFO - DAG(s) dict_keys(['tutorial']) retrieved from /home/airflow-vm/data-engineer-batch-processing-financial-services/.venv/lib/python3.10/site-packages/airflow/example_dags/tutorial.py
[2024-08-29T20:28:15.202+0000] {logging_mixin.py:149} INFO - [2024-08-29T20:28:15.202+0000] {dag.py:2726} INFO - Sync 1 DAGs
[2024-08-29T20:28:15.220+0000] {logging_mixin.py:149} INFO - [2024-08-29T20:28:15.220+0000] {dag.py:3486} INFO - Setting next_dagrun for tutorial to 2024-08-28T20:28:15.220369+00:00, run_after=2024-08-29T20:28:15.220369+00:00
[2024-08-29T20:28:15.249+0000] {processor.py:179} INFO - Processing /home/airflow-vm/data-engineer-batch-processing-financial-services/.venv/lib/python3.10/site-packages/airflow/example_dags/tutorial.py took 0.073 seconds
[2024-08-29T20:29:38.745+0000] {processor.py:157} INFO - Started process (PID=64579) to work on /home/airflow-vm/data-engineer-batch-processing-financial-services/.venv/lib/python3.10/site-packages/airflow/example_dags/tutorial.py
[2024-08-29T20:29:38.746+0000] {processor.py:826} INFO - Processing file /home/airflow-vm/data-engineer-batch-processing-financial-services/.venv/lib/python3.10/site-packages/airflow/example_dags/tutorial.py for tasks to queue
[2024-08-29T20:29:38.747+0000] {logging_mixin.py:149} INFO - [2024-08-29T20:29:38.746+0000] {dagbag.py:541} INFO - Filling up the DagBag from /home/airflow-vm/data-engineer-batch-processing-financial-services/.venv/lib/python3.10/site-packages/airflow/example_dags/tutorial.py
[2024-08-29T20:29:38.752+0000] {processor.py:836} INFO - DAG(s) dict_keys(['tutorial']) retrieved from /home/airflow-vm/data-engineer-batch-processing-financial-services/.venv/lib/python3.10/site-packages/airflow/example_dags/tutorial.py
[2024-08-29T20:29:38.768+0000] {logging_mixin.py:149} INFO - [2024-08-29T20:29:38.768+0000] {dag.py:2726} INFO - Sync 1 DAGs
[2024-08-29T20:29:38.786+0000] {logging_mixin.py:149} INFO - [2024-08-29T20:29:38.786+0000] {dag.py:3486} INFO - Setting next_dagrun for tutorial to 2024-08-28T20:29:38.786470+00:00, run_after=2024-08-29T20:29:38.786470+00:00
[2024-08-29T20:29:38.813+0000] {processor.py:179} INFO - Processing /home/airflow-vm/data-engineer-batch-processing-financial-services/.venv/lib/python3.10/site-packages/airflow/example_dags/tutorial.py took 0.070 seconds
[2024-08-29T20:30:48.530+0000] {processor.py:157} INFO - Started process (PID=65292) to work on /home/airflow-vm/data-engineer-batch-processing-financial-services/.venv/lib/python3.10/site-packages/airflow/example_dags/tutorial.py
[2024-08-29T20:30:48.531+0000] {processor.py:826} INFO - Processing file /home/airflow-vm/data-engineer-batch-processing-financial-services/.venv/lib/python3.10/site-packages/airflow/example_dags/tutorial.py for tasks to queue
[2024-08-29T20:30:48.531+0000] {logging_mixin.py:149} INFO - [2024-08-29T20:30:48.531+0000] {dagbag.py:541} INFO - Filling up the DagBag from /home/airflow-vm/data-engineer-batch-processing-financial-services/.venv/lib/python3.10/site-packages/airflow/example_dags/tutorial.py
[2024-08-29T20:30:48.538+0000] {processor.py:836} INFO - DAG(s) dict_keys(['tutorial']) retrieved from /home/airflow-vm/data-engineer-batch-processing-financial-services/.venv/lib/python3.10/site-packages/airflow/example_dags/tutorial.py
[2024-08-29T20:30:48.545+0000] {logging_mixin.py:149} INFO - [2024-08-29T20:30:48.545+0000] {dag.py:2726} INFO - Sync 1 DAGs
[2024-08-29T20:30:48.565+0000] {logging_mixin.py:149} INFO - [2024-08-29T20:30:48.565+0000] {dag.py:3486} INFO - Setting next_dagrun for tutorial to 2024-08-28T20:30:48.565417+00:00, run_after=2024-08-29T20:30:48.565417+00:00
[2024-08-29T20:30:48.594+0000] {processor.py:179} INFO - Processing /home/airflow-vm/data-engineer-batch-processing-financial-services/.venv/lib/python3.10/site-packages/airflow/example_dags/tutorial.py took 0.067 seconds
[2024-08-29T20:32:39.080+0000] {processor.py:157} INFO - Started process (PID=66662) to work on /home/airflow-vm/data-engineer-batch-processing-financial-services/.venv/lib/python3.10/site-packages/airflow/example_dags/tutorial.py
[2024-08-29T20:32:39.081+0000] {processor.py:826} INFO - Processing file /home/airflow-vm/data-engineer-batch-processing-financial-services/.venv/lib/python3.10/site-packages/airflow/example_dags/tutorial.py for tasks to queue
[2024-08-29T20:32:39.082+0000] {logging_mixin.py:149} INFO - [2024-08-29T20:32:39.082+0000] {dagbag.py:541} INFO - Filling up the DagBag from /home/airflow-vm/data-engineer-batch-processing-financial-services/.venv/lib/python3.10/site-packages/airflow/example_dags/tutorial.py
[2024-08-29T20:32:39.087+0000] {processor.py:836} INFO - DAG(s) dict_keys(['tutorial']) retrieved from /home/airflow-vm/data-engineer-batch-processing-financial-services/.venv/lib/python3.10/site-packages/airflow/example_dags/tutorial.py
[2024-08-29T20:32:39.104+0000] {logging_mixin.py:149} INFO - [2024-08-29T20:32:39.104+0000] {dag.py:2726} INFO - Sync 1 DAGs
[2024-08-29T20:32:39.123+0000] {logging_mixin.py:149} INFO - [2024-08-29T20:32:39.123+0000] {dag.py:3486} INFO - Setting next_dagrun for tutorial to 2024-08-28T20:32:39.122851+00:00, run_after=2024-08-29T20:32:39.122851+00:00
[2024-08-29T20:32:39.149+0000] {processor.py:179} INFO - Processing /home/airflow-vm/data-engineer-batch-processing-financial-services/.venv/lib/python3.10/site-packages/airflow/example_dags/tutorial.py took 0.071 seconds
[2024-08-29T20:34:01.921+0000] {processor.py:157} INFO - Started process (PID=67696) to work on /home/airflow-vm/data-engineer-batch-processing-financial-services/.venv/lib/python3.10/site-packages/airflow/example_dags/tutorial.py
[2024-08-29T20:34:01.922+0000] {processor.py:826} INFO - Processing file /home/airflow-vm/data-engineer-batch-processing-financial-services/.venv/lib/python3.10/site-packages/airflow/example_dags/tutorial.py for tasks to queue
[2024-08-29T20:34:01.923+0000] {logging_mixin.py:149} INFO - [2024-08-29T20:34:01.923+0000] {dagbag.py:541} INFO - Filling up the DagBag from /home/airflow-vm/data-engineer-batch-processing-financial-services/.venv/lib/python3.10/site-packages/airflow/example_dags/tutorial.py
[2024-08-29T20:34:01.929+0000] {processor.py:836} INFO - DAG(s) dict_keys(['tutorial']) retrieved from /home/airflow-vm/data-engineer-batch-processing-financial-services/.venv/lib/python3.10/site-packages/airflow/example_dags/tutorial.py
[2024-08-29T20:34:01.945+0000] {logging_mixin.py:149} INFO - [2024-08-29T20:34:01.945+0000] {dag.py:2726} INFO - Sync 1 DAGs
[2024-08-29T20:34:01.963+0000] {logging_mixin.py:149} INFO - [2024-08-29T20:34:01.963+0000] {dag.py:3486} INFO - Setting next_dagrun for tutorial to 2024-08-28T20:34:01.963562+00:00, run_after=2024-08-29T20:34:01.963562+00:00
[2024-08-29T20:34:01.991+0000] {processor.py:179} INFO - Processing /home/airflow-vm/data-engineer-batch-processing-financial-services/.venv/lib/python3.10/site-packages/airflow/example_dags/tutorial.py took 0.072 seconds
[2024-08-29T20:35:14.476+0000] {processor.py:157} INFO - Started process (PID=68633) to work on /home/airflow-vm/data-engineer-batch-processing-financial-services/.venv/lib/python3.10/site-packages/airflow/example_dags/tutorial.py
[2024-08-29T20:35:14.477+0000] {processor.py:826} INFO - Processing file /home/airflow-vm/data-engineer-batch-processing-financial-services/.venv/lib/python3.10/site-packages/airflow/example_dags/tutorial.py for tasks to queue
[2024-08-29T20:35:14.477+0000] {logging_mixin.py:149} INFO - [2024-08-29T20:35:14.477+0000] {dagbag.py:541} INFO - Filling up the DagBag from /home/airflow-vm/data-engineer-batch-processing-financial-services/.venv/lib/python3.10/site-packages/airflow/example_dags/tutorial.py
[2024-08-29T20:35:14.486+0000] {processor.py:836} INFO - DAG(s) dict_keys(['tutorial']) retrieved from /home/airflow-vm/data-engineer-batch-processing-financial-services/.venv/lib/python3.10/site-packages/airflow/example_dags/tutorial.py
[2024-08-29T20:35:14.494+0000] {logging_mixin.py:149} INFO - [2024-08-29T20:35:14.493+0000] {dag.py:2726} INFO - Sync 1 DAGs
[2024-08-29T20:35:14.516+0000] {logging_mixin.py:149} INFO - [2024-08-29T20:35:14.515+0000] {dag.py:3486} INFO - Setting next_dagrun for tutorial to 2024-08-28T20:35:14.515703+00:00, run_after=2024-08-29T20:35:14.515703+00:00
[2024-08-29T20:35:14.544+0000] {processor.py:179} INFO - Processing /home/airflow-vm/data-engineer-batch-processing-financial-services/.venv/lib/python3.10/site-packages/airflow/example_dags/tutorial.py took 0.071 seconds
[2024-08-29T20:37:09.433+0000] {processor.py:157} INFO - Started process (PID=70050) to work on /home/airflow-vm/data-engineer-batch-processing-financial-services/.venv/lib/python3.10/site-packages/airflow/example_dags/tutorial.py
[2024-08-29T20:37:09.433+0000] {processor.py:826} INFO - Processing file /home/airflow-vm/data-engineer-batch-processing-financial-services/.venv/lib/python3.10/site-packages/airflow/example_dags/tutorial.py for tasks to queue
[2024-08-29T20:37:09.434+0000] {logging_mixin.py:149} INFO - [2024-08-29T20:37:09.434+0000] {dagbag.py:541} INFO - Filling up the DagBag from /home/airflow-vm/data-engineer-batch-processing-financial-services/.venv/lib/python3.10/site-packages/airflow/example_dags/tutorial.py
[2024-08-29T20:37:09.439+0000] {processor.py:836} INFO - DAG(s) dict_keys(['tutorial']) retrieved from /home/airflow-vm/data-engineer-batch-processing-financial-services/.venv/lib/python3.10/site-packages/airflow/example_dags/tutorial.py
[2024-08-29T20:37:09.456+0000] {logging_mixin.py:149} INFO - [2024-08-29T20:37:09.456+0000] {dag.py:2726} INFO - Sync 1 DAGs
[2024-08-29T20:37:09.475+0000] {logging_mixin.py:149} INFO - [2024-08-29T20:37:09.475+0000] {dag.py:3486} INFO - Setting next_dagrun for tutorial to 2024-08-28T20:37:09.475288+00:00, run_after=2024-08-29T20:37:09.475288+00:00
[2024-08-29T20:37:09.506+0000] {processor.py:179} INFO - Processing /home/airflow-vm/data-engineer-batch-processing-financial-services/.venv/lib/python3.10/site-packages/airflow/example_dags/tutorial.py took 0.076 seconds
[2024-08-29T20:38:34.980+0000] {processor.py:157} INFO - Started process (PID=71229) to work on /home/airflow-vm/data-engineer-batch-processing-financial-services/.venv/lib/python3.10/site-packages/airflow/example_dags/tutorial.py
[2024-08-29T20:38:34.981+0000] {processor.py:826} INFO - Processing file /home/airflow-vm/data-engineer-batch-processing-financial-services/.venv/lib/python3.10/site-packages/airflow/example_dags/tutorial.py for tasks to queue
[2024-08-29T20:38:34.981+0000] {logging_mixin.py:149} INFO - [2024-08-29T20:38:34.981+0000] {dagbag.py:541} INFO - Filling up the DagBag from /home/airflow-vm/data-engineer-batch-processing-financial-services/.venv/lib/python3.10/site-packages/airflow/example_dags/tutorial.py
[2024-08-29T20:38:34.987+0000] {processor.py:836} INFO - DAG(s) dict_keys(['tutorial']) retrieved from /home/airflow-vm/data-engineer-batch-processing-financial-services/.venv/lib/python3.10/site-packages/airflow/example_dags/tutorial.py
[2024-08-29T20:38:35.003+0000] {logging_mixin.py:149} INFO - [2024-08-29T20:38:35.003+0000] {dag.py:2726} INFO - Sync 1 DAGs
[2024-08-29T20:38:35.021+0000] {logging_mixin.py:149} INFO - [2024-08-29T20:38:35.021+0000] {dag.py:3486} INFO - Setting next_dagrun for tutorial to 2024-08-28T20:38:35.021606+00:00, run_after=2024-08-29T20:38:35.021606+00:00
[2024-08-29T20:38:35.048+0000] {processor.py:179} INFO - Processing /home/airflow-vm/data-engineer-batch-processing-financial-services/.venv/lib/python3.10/site-packages/airflow/example_dags/tutorial.py took 0.071 seconds
