[2024-08-29T19:47:34.837+0000] {processor.py:157} INFO - Started process (PID=48817) to work on /home/airflow-vm/data-engineer-batch-processing-financial-services/.venv/lib/python3.10/site-packages/airflow/example_dags/tutorial_dag.py
[2024-08-29T19:47:34.838+0000] {processor.py:826} INFO - Processing file /home/airflow-vm/data-engineer-batch-processing-financial-services/.venv/lib/python3.10/site-packages/airflow/example_dags/tutorial_dag.py for tasks to queue
[2024-08-29T19:47:34.839+0000] {logging_mixin.py:149} INFO - [2024-08-29T19:47:34.838+0000] {dagbag.py:541} INFO - Filling up the DagBag from /home/airflow-vm/data-engineer-batch-processing-financial-services/.venv/lib/python3.10/site-packages/airflow/example_dags/tutorial_dag.py
[2024-08-29T19:47:34.851+0000] {processor.py:836} INFO - DAG(s) dict_keys(['tutorial_dag']) retrieved from /home/airflow-vm/data-engineer-batch-processing-financial-services/.venv/lib/python3.10/site-packages/airflow/example_dags/tutorial_dag.py
[2024-08-29T19:47:34.982+0000] {logging_mixin.py:149} INFO - [2024-08-29T19:47:34.982+0000] {manager.py:504} INFO - Created Permission View: can delete on DAG:tutorial_dag
[2024-08-29T19:47:35.001+0000] {logging_mixin.py:149} INFO - [2024-08-29T19:47:35.001+0000] {manager.py:504} INFO - Created Permission View: can edit on DAG:tutorial_dag
[2024-08-29T19:47:35.018+0000] {logging_mixin.py:149} INFO - [2024-08-29T19:47:35.018+0000] {manager.py:504} INFO - Created Permission View: can read on DAG:tutorial_dag
[2024-08-29T19:47:35.018+0000] {logging_mixin.py:149} INFO - [2024-08-29T19:47:35.018+0000] {dag.py:2726} INFO - Sync 1 DAGs
[2024-08-29T19:47:35.031+0000] {logging_mixin.py:149} INFO - [2024-08-29T19:47:35.030+0000] {dag.py:2747} INFO - Creating ORM DAG for tutorial_dag
[2024-08-29T19:47:35.039+0000] {logging_mixin.py:149} INFO - [2024-08-29T19:47:35.039+0000] {dag.py:3486} INFO - Setting next_dagrun for tutorial_dag to None, run_after=None
[2024-08-29T19:47:35.069+0000] {processor.py:179} INFO - Processing /home/airflow-vm/data-engineer-batch-processing-financial-services/.venv/lib/python3.10/site-packages/airflow/example_dags/tutorial_dag.py took 0.236 seconds
[2024-08-29T19:48:27.454+0000] {processor.py:157} INFO - Started process (PID=49270) to work on /home/airflow-vm/data-engineer-batch-processing-financial-services/.venv/lib/python3.10/site-packages/airflow/example_dags/tutorial_dag.py
[2024-08-29T19:48:27.455+0000] {processor.py:826} INFO - Processing file /home/airflow-vm/data-engineer-batch-processing-financial-services/.venv/lib/python3.10/site-packages/airflow/example_dags/tutorial_dag.py for tasks to queue
[2024-08-29T19:48:27.455+0000] {logging_mixin.py:149} INFO - [2024-08-29T19:48:27.455+0000] {dagbag.py:541} INFO - Filling up the DagBag from /home/airflow-vm/data-engineer-batch-processing-financial-services/.venv/lib/python3.10/site-packages/airflow/example_dags/tutorial_dag.py
[2024-08-29T19:48:27.460+0000] {processor.py:836} INFO - DAG(s) dict_keys(['tutorial_dag']) retrieved from /home/airflow-vm/data-engineer-batch-processing-financial-services/.venv/lib/python3.10/site-packages/airflow/example_dags/tutorial_dag.py
[2024-08-29T19:48:27.477+0000] {logging_mixin.py:149} INFO - [2024-08-29T19:48:27.477+0000] {dag.py:2726} INFO - Sync 1 DAGs
[2024-08-29T19:48:27.496+0000] {logging_mixin.py:149} INFO - [2024-08-29T19:48:27.496+0000] {dag.py:3486} INFO - Setting next_dagrun for tutorial_dag to None, run_after=None
[2024-08-29T19:48:27.525+0000] {processor.py:179} INFO - Processing /home/airflow-vm/data-engineer-batch-processing-financial-services/.venv/lib/python3.10/site-packages/airflow/example_dags/tutorial_dag.py took 0.074 seconds
[2024-08-29T19:49:04.458+0000] {processor.py:157} INFO - Started process (PID=49560) to work on /home/airflow-vm/data-engineer-batch-processing-financial-services/.venv/lib/python3.10/site-packages/airflow/example_dags/tutorial_dag.py
[2024-08-29T19:49:04.459+0000] {processor.py:826} INFO - Processing file /home/airflow-vm/data-engineer-batch-processing-financial-services/.venv/lib/python3.10/site-packages/airflow/example_dags/tutorial_dag.py for tasks to queue
[2024-08-29T19:49:04.459+0000] {logging_mixin.py:149} INFO - [2024-08-29T19:49:04.459+0000] {dagbag.py:541} INFO - Filling up the DagBag from /home/airflow-vm/data-engineer-batch-processing-financial-services/.venv/lib/python3.10/site-packages/airflow/example_dags/tutorial_dag.py
[2024-08-29T19:49:04.464+0000] {processor.py:836} INFO - DAG(s) dict_keys(['tutorial_dag']) retrieved from /home/airflow-vm/data-engineer-batch-processing-financial-services/.venv/lib/python3.10/site-packages/airflow/example_dags/tutorial_dag.py
[2024-08-29T19:49:04.481+0000] {logging_mixin.py:149} INFO - [2024-08-29T19:49:04.481+0000] {dag.py:2726} INFO - Sync 1 DAGs
[2024-08-29T19:49:04.499+0000] {logging_mixin.py:149} INFO - [2024-08-29T19:49:04.499+0000] {dag.py:3486} INFO - Setting next_dagrun for tutorial_dag to None, run_after=None
[2024-08-29T19:49:04.526+0000] {processor.py:179} INFO - Processing /home/airflow-vm/data-engineer-batch-processing-financial-services/.venv/lib/python3.10/site-packages/airflow/example_dags/tutorial_dag.py took 0.071 seconds
[2024-08-29T19:49:38.158+0000] {processor.py:157} INFO - Started process (PID=49673) to work on /home/airflow-vm/data-engineer-batch-processing-financial-services/.venv/lib/python3.10/site-packages/airflow/example_dags/tutorial_dag.py
[2024-08-29T19:49:38.158+0000] {processor.py:826} INFO - Processing file /home/airflow-vm/data-engineer-batch-processing-financial-services/.venv/lib/python3.10/site-packages/airflow/example_dags/tutorial_dag.py for tasks to queue
[2024-08-29T19:49:38.159+0000] {logging_mixin.py:149} INFO - [2024-08-29T19:49:38.159+0000] {dagbag.py:541} INFO - Filling up the DagBag from /home/airflow-vm/data-engineer-batch-processing-financial-services/.venv/lib/python3.10/site-packages/airflow/example_dags/tutorial_dag.py
[2024-08-29T19:49:38.163+0000] {processor.py:836} INFO - DAG(s) dict_keys(['tutorial_dag']) retrieved from /home/airflow-vm/data-engineer-batch-processing-financial-services/.venv/lib/python3.10/site-packages/airflow/example_dags/tutorial_dag.py
[2024-08-29T19:49:38.181+0000] {logging_mixin.py:149} INFO - [2024-08-29T19:49:38.181+0000] {dag.py:2726} INFO - Sync 1 DAGs
[2024-08-29T19:49:38.200+0000] {logging_mixin.py:149} INFO - [2024-08-29T19:49:38.200+0000] {dag.py:3486} INFO - Setting next_dagrun for tutorial_dag to None, run_after=None
[2024-08-29T19:49:38.228+0000] {processor.py:179} INFO - Processing /home/airflow-vm/data-engineer-batch-processing-financial-services/.venv/lib/python3.10/site-packages/airflow/example_dags/tutorial_dag.py took 0.073 seconds
[2024-08-29T19:50:10.588+0000] {processor.py:157} INFO - Started process (PID=49757) to work on /home/airflow-vm/data-engineer-batch-processing-financial-services/.venv/lib/python3.10/site-packages/airflow/example_dags/tutorial_dag.py
[2024-08-29T19:50:10.589+0000] {processor.py:826} INFO - Processing file /home/airflow-vm/data-engineer-batch-processing-financial-services/.venv/lib/python3.10/site-packages/airflow/example_dags/tutorial_dag.py for tasks to queue
[2024-08-29T19:50:10.590+0000] {logging_mixin.py:149} INFO - [2024-08-29T19:50:10.590+0000] {dagbag.py:541} INFO - Filling up the DagBag from /home/airflow-vm/data-engineer-batch-processing-financial-services/.venv/lib/python3.10/site-packages/airflow/example_dags/tutorial_dag.py
[2024-08-29T19:50:10.594+0000] {processor.py:836} INFO - DAG(s) dict_keys(['tutorial_dag']) retrieved from /home/airflow-vm/data-engineer-batch-processing-financial-services/.venv/lib/python3.10/site-packages/airflow/example_dags/tutorial_dag.py
[2024-08-29T19:50:10.612+0000] {logging_mixin.py:149} INFO - [2024-08-29T19:50:10.611+0000] {dag.py:2726} INFO - Sync 1 DAGs
[2024-08-29T19:50:10.630+0000] {logging_mixin.py:149} INFO - [2024-08-29T19:50:10.630+0000] {dag.py:3486} INFO - Setting next_dagrun for tutorial_dag to None, run_after=None
[2024-08-29T19:50:10.658+0000] {processor.py:179} INFO - Processing /home/airflow-vm/data-engineer-batch-processing-financial-services/.venv/lib/python3.10/site-packages/airflow/example_dags/tutorial_dag.py took 0.073 seconds
[2024-08-29T19:50:43.849+0000] {processor.py:157} INFO - Started process (PID=50054) to work on /home/airflow-vm/data-engineer-batch-processing-financial-services/.venv/lib/python3.10/site-packages/airflow/example_dags/tutorial_dag.py
[2024-08-29T19:50:43.849+0000] {processor.py:826} INFO - Processing file /home/airflow-vm/data-engineer-batch-processing-financial-services/.venv/lib/python3.10/site-packages/airflow/example_dags/tutorial_dag.py for tasks to queue
[2024-08-29T19:50:43.850+0000] {logging_mixin.py:149} INFO - [2024-08-29T19:50:43.850+0000] {dagbag.py:541} INFO - Filling up the DagBag from /home/airflow-vm/data-engineer-batch-processing-financial-services/.venv/lib/python3.10/site-packages/airflow/example_dags/tutorial_dag.py
[2024-08-29T19:50:43.854+0000] {processor.py:836} INFO - DAG(s) dict_keys(['tutorial_dag']) retrieved from /home/airflow-vm/data-engineer-batch-processing-financial-services/.venv/lib/python3.10/site-packages/airflow/example_dags/tutorial_dag.py
[2024-08-29T19:50:43.871+0000] {logging_mixin.py:149} INFO - [2024-08-29T19:50:43.871+0000] {dag.py:2726} INFO - Sync 1 DAGs
[2024-08-29T19:50:43.889+0000] {logging_mixin.py:149} INFO - [2024-08-29T19:50:43.889+0000] {dag.py:3486} INFO - Setting next_dagrun for tutorial_dag to None, run_after=None
[2024-08-29T19:50:43.916+0000] {processor.py:179} INFO - Processing /home/airflow-vm/data-engineer-batch-processing-financial-services/.venv/lib/python3.10/site-packages/airflow/example_dags/tutorial_dag.py took 0.070 seconds
[2024-08-29T19:51:29.692+0000] {processor.py:157} INFO - Started process (PID=50717) to work on /home/airflow-vm/data-engineer-batch-processing-financial-services/.venv/lib/python3.10/site-packages/airflow/example_dags/tutorial_dag.py
[2024-08-29T19:51:29.693+0000] {processor.py:826} INFO - Processing file /home/airflow-vm/data-engineer-batch-processing-financial-services/.venv/lib/python3.10/site-packages/airflow/example_dags/tutorial_dag.py for tasks to queue
[2024-08-29T19:51:29.693+0000] {logging_mixin.py:149} INFO - [2024-08-29T19:51:29.693+0000] {dagbag.py:541} INFO - Filling up the DagBag from /home/airflow-vm/data-engineer-batch-processing-financial-services/.venv/lib/python3.10/site-packages/airflow/example_dags/tutorial_dag.py
[2024-08-29T19:51:29.698+0000] {processor.py:836} INFO - DAG(s) dict_keys(['tutorial_dag']) retrieved from /home/airflow-vm/data-engineer-batch-processing-financial-services/.venv/lib/python3.10/site-packages/airflow/example_dags/tutorial_dag.py
[2024-08-29T19:51:29.717+0000] {logging_mixin.py:149} INFO - [2024-08-29T19:51:29.717+0000] {dag.py:2726} INFO - Sync 1 DAGs
[2024-08-29T19:51:29.737+0000] {logging_mixin.py:149} INFO - [2024-08-29T19:51:29.737+0000] {dag.py:3486} INFO - Setting next_dagrun for tutorial_dag to None, run_after=None
[2024-08-29T19:51:29.767+0000] {processor.py:179} INFO - Processing /home/airflow-vm/data-engineer-batch-processing-financial-services/.venv/lib/python3.10/site-packages/airflow/example_dags/tutorial_dag.py took 0.078 seconds
[2024-08-29T19:52:02.485+0000] {processor.py:157} INFO - Started process (PID=50883) to work on /home/airflow-vm/data-engineer-batch-processing-financial-services/.venv/lib/python3.10/site-packages/airflow/example_dags/tutorial_dag.py
[2024-08-29T19:52:02.486+0000] {processor.py:826} INFO - Processing file /home/airflow-vm/data-engineer-batch-processing-financial-services/.venv/lib/python3.10/site-packages/airflow/example_dags/tutorial_dag.py for tasks to queue
[2024-08-29T19:52:02.486+0000] {logging_mixin.py:149} INFO - [2024-08-29T19:52:02.486+0000] {dagbag.py:541} INFO - Filling up the DagBag from /home/airflow-vm/data-engineer-batch-processing-financial-services/.venv/lib/python3.10/site-packages/airflow/example_dags/tutorial_dag.py
[2024-08-29T19:52:02.490+0000] {processor.py:836} INFO - DAG(s) dict_keys(['tutorial_dag']) retrieved from /home/airflow-vm/data-engineer-batch-processing-financial-services/.venv/lib/python3.10/site-packages/airflow/example_dags/tutorial_dag.py
[2024-08-29T19:52:02.508+0000] {logging_mixin.py:149} INFO - [2024-08-29T19:52:02.508+0000] {dag.py:2726} INFO - Sync 1 DAGs
[2024-08-29T19:52:02.526+0000] {logging_mixin.py:149} INFO - [2024-08-29T19:52:02.526+0000] {dag.py:3486} INFO - Setting next_dagrun for tutorial_dag to None, run_after=None
[2024-08-29T19:52:02.556+0000] {processor.py:179} INFO - Processing /home/airflow-vm/data-engineer-batch-processing-financial-services/.venv/lib/python3.10/site-packages/airflow/example_dags/tutorial_dag.py took 0.073 seconds
[2024-08-29T19:52:33.880+0000] {processor.py:157} INFO - Started process (PID=50930) to work on /home/airflow-vm/data-engineer-batch-processing-financial-services/.venv/lib/python3.10/site-packages/airflow/example_dags/tutorial_dag.py
[2024-08-29T19:52:33.880+0000] {processor.py:826} INFO - Processing file /home/airflow-vm/data-engineer-batch-processing-financial-services/.venv/lib/python3.10/site-packages/airflow/example_dags/tutorial_dag.py for tasks to queue
[2024-08-29T19:52:33.881+0000] {logging_mixin.py:149} INFO - [2024-08-29T19:52:33.881+0000] {dagbag.py:541} INFO - Filling up the DagBag from /home/airflow-vm/data-engineer-batch-processing-financial-services/.venv/lib/python3.10/site-packages/airflow/example_dags/tutorial_dag.py
[2024-08-29T19:52:33.885+0000] {processor.py:836} INFO - DAG(s) dict_keys(['tutorial_dag']) retrieved from /home/airflow-vm/data-engineer-batch-processing-financial-services/.venv/lib/python3.10/site-packages/airflow/example_dags/tutorial_dag.py
[2024-08-29T19:52:33.903+0000] {logging_mixin.py:149} INFO - [2024-08-29T19:52:33.903+0000] {dag.py:2726} INFO - Sync 1 DAGs
[2024-08-29T19:52:33.923+0000] {logging_mixin.py:149} INFO - [2024-08-29T19:52:33.923+0000] {dag.py:3486} INFO - Setting next_dagrun for tutorial_dag to None, run_after=None
[2024-08-29T19:52:33.952+0000] {processor.py:179} INFO - Processing /home/airflow-vm/data-engineer-batch-processing-financial-services/.venv/lib/python3.10/site-packages/airflow/example_dags/tutorial_dag.py took 0.075 seconds
[2024-08-29T19:53:17.630+0000] {processor.py:157} INFO - Started process (PID=51048) to work on /home/airflow-vm/data-engineer-batch-processing-financial-services/.venv/lib/python3.10/site-packages/airflow/example_dags/tutorial_dag.py
[2024-08-29T19:53:17.631+0000] {processor.py:826} INFO - Processing file /home/airflow-vm/data-engineer-batch-processing-financial-services/.venv/lib/python3.10/site-packages/airflow/example_dags/tutorial_dag.py for tasks to queue
[2024-08-29T19:53:17.632+0000] {logging_mixin.py:149} INFO - [2024-08-29T19:53:17.632+0000] {dagbag.py:541} INFO - Filling up the DagBag from /home/airflow-vm/data-engineer-batch-processing-financial-services/.venv/lib/python3.10/site-packages/airflow/example_dags/tutorial_dag.py
[2024-08-29T19:53:17.636+0000] {processor.py:836} INFO - DAG(s) dict_keys(['tutorial_dag']) retrieved from /home/airflow-vm/data-engineer-batch-processing-financial-services/.venv/lib/python3.10/site-packages/airflow/example_dags/tutorial_dag.py
[2024-08-29T19:53:17.654+0000] {logging_mixin.py:149} INFO - [2024-08-29T19:53:17.654+0000] {dag.py:2726} INFO - Sync 1 DAGs
[2024-08-29T19:53:17.672+0000] {logging_mixin.py:149} INFO - [2024-08-29T19:53:17.672+0000] {dag.py:3486} INFO - Setting next_dagrun for tutorial_dag to None, run_after=None
[2024-08-29T19:53:17.699+0000] {processor.py:179} INFO - Processing /home/airflow-vm/data-engineer-batch-processing-financial-services/.venv/lib/python3.10/site-packages/airflow/example_dags/tutorial_dag.py took 0.071 seconds
[2024-08-29T19:54:01.834+0000] {processor.py:157} INFO - Started process (PID=51182) to work on /home/airflow-vm/data-engineer-batch-processing-financial-services/.venv/lib/python3.10/site-packages/airflow/example_dags/tutorial_dag.py
[2024-08-29T19:54:01.834+0000] {processor.py:826} INFO - Processing file /home/airflow-vm/data-engineer-batch-processing-financial-services/.venv/lib/python3.10/site-packages/airflow/example_dags/tutorial_dag.py for tasks to queue
[2024-08-29T19:54:01.835+0000] {logging_mixin.py:149} INFO - [2024-08-29T19:54:01.835+0000] {dagbag.py:541} INFO - Filling up the DagBag from /home/airflow-vm/data-engineer-batch-processing-financial-services/.venv/lib/python3.10/site-packages/airflow/example_dags/tutorial_dag.py
[2024-08-29T19:54:01.839+0000] {processor.py:836} INFO - DAG(s) dict_keys(['tutorial_dag']) retrieved from /home/airflow-vm/data-engineer-batch-processing-financial-services/.venv/lib/python3.10/site-packages/airflow/example_dags/tutorial_dag.py
[2024-08-29T19:54:01.857+0000] {logging_mixin.py:149} INFO - [2024-08-29T19:54:01.857+0000] {dag.py:2726} INFO - Sync 1 DAGs
[2024-08-29T19:54:01.876+0000] {logging_mixin.py:149} INFO - [2024-08-29T19:54:01.875+0000] {dag.py:3486} INFO - Setting next_dagrun for tutorial_dag to None, run_after=None
[2024-08-29T19:54:01.907+0000] {processor.py:179} INFO - Processing /home/airflow-vm/data-engineer-batch-processing-financial-services/.venv/lib/python3.10/site-packages/airflow/example_dags/tutorial_dag.py took 0.076 seconds
[2024-08-29T19:54:34.361+0000] {processor.py:157} INFO - Started process (PID=51294) to work on /home/airflow-vm/data-engineer-batch-processing-financial-services/.venv/lib/python3.10/site-packages/airflow/example_dags/tutorial_dag.py
[2024-08-29T19:54:34.361+0000] {processor.py:826} INFO - Processing file /home/airflow-vm/data-engineer-batch-processing-financial-services/.venv/lib/python3.10/site-packages/airflow/example_dags/tutorial_dag.py for tasks to queue
[2024-08-29T19:54:34.362+0000] {logging_mixin.py:149} INFO - [2024-08-29T19:54:34.362+0000] {dagbag.py:541} INFO - Filling up the DagBag from /home/airflow-vm/data-engineer-batch-processing-financial-services/.venv/lib/python3.10/site-packages/airflow/example_dags/tutorial_dag.py
[2024-08-29T19:54:34.367+0000] {processor.py:836} INFO - DAG(s) dict_keys(['tutorial_dag']) retrieved from /home/airflow-vm/data-engineer-batch-processing-financial-services/.venv/lib/python3.10/site-packages/airflow/example_dags/tutorial_dag.py
[2024-08-29T19:54:34.384+0000] {logging_mixin.py:149} INFO - [2024-08-29T19:54:34.384+0000] {dag.py:2726} INFO - Sync 1 DAGs
[2024-08-29T19:54:34.404+0000] {logging_mixin.py:149} INFO - [2024-08-29T19:54:34.404+0000] {dag.py:3486} INFO - Setting next_dagrun for tutorial_dag to None, run_after=None
[2024-08-29T19:54:34.435+0000] {processor.py:179} INFO - Processing /home/airflow-vm/data-engineer-batch-processing-financial-services/.venv/lib/python3.10/site-packages/airflow/example_dags/tutorial_dag.py took 0.077 seconds
[2024-08-29T19:55:06.053+0000] {processor.py:157} INFO - Started process (PID=51525) to work on /home/airflow-vm/data-engineer-batch-processing-financial-services/.venv/lib/python3.10/site-packages/airflow/example_dags/tutorial_dag.py
[2024-08-29T19:55:06.054+0000] {processor.py:826} INFO - Processing file /home/airflow-vm/data-engineer-batch-processing-financial-services/.venv/lib/python3.10/site-packages/airflow/example_dags/tutorial_dag.py for tasks to queue
[2024-08-29T19:55:06.055+0000] {logging_mixin.py:149} INFO - [2024-08-29T19:55:06.055+0000] {dagbag.py:541} INFO - Filling up the DagBag from /home/airflow-vm/data-engineer-batch-processing-financial-services/.venv/lib/python3.10/site-packages/airflow/example_dags/tutorial_dag.py
[2024-08-29T19:55:06.060+0000] {processor.py:836} INFO - DAG(s) dict_keys(['tutorial_dag']) retrieved from /home/airflow-vm/data-engineer-batch-processing-financial-services/.venv/lib/python3.10/site-packages/airflow/example_dags/tutorial_dag.py
[2024-08-29T19:55:06.082+0000] {logging_mixin.py:149} INFO - [2024-08-29T19:55:06.082+0000] {dag.py:2726} INFO - Sync 1 DAGs
[2024-08-29T19:55:06.108+0000] {logging_mixin.py:149} INFO - [2024-08-29T19:55:06.108+0000] {dag.py:3486} INFO - Setting next_dagrun for tutorial_dag to None, run_after=None
[2024-08-29T19:55:06.144+0000] {processor.py:179} INFO - Processing /home/airflow-vm/data-engineer-batch-processing-financial-services/.venv/lib/python3.10/site-packages/airflow/example_dags/tutorial_dag.py took 0.093 seconds
[2024-08-29T19:55:38.216+0000] {processor.py:157} INFO - Started process (PID=51791) to work on /home/airflow-vm/data-engineer-batch-processing-financial-services/.venv/lib/python3.10/site-packages/airflow/example_dags/tutorial_dag.py
[2024-08-29T19:55:38.216+0000] {processor.py:826} INFO - Processing file /home/airflow-vm/data-engineer-batch-processing-financial-services/.venv/lib/python3.10/site-packages/airflow/example_dags/tutorial_dag.py for tasks to queue
[2024-08-29T19:55:38.217+0000] {logging_mixin.py:149} INFO - [2024-08-29T19:55:38.217+0000] {dagbag.py:541} INFO - Filling up the DagBag from /home/airflow-vm/data-engineer-batch-processing-financial-services/.venv/lib/python3.10/site-packages/airflow/example_dags/tutorial_dag.py
[2024-08-29T19:55:38.221+0000] {processor.py:836} INFO - DAG(s) dict_keys(['tutorial_dag']) retrieved from /home/airflow-vm/data-engineer-batch-processing-financial-services/.venv/lib/python3.10/site-packages/airflow/example_dags/tutorial_dag.py
[2024-08-29T19:55:38.240+0000] {logging_mixin.py:149} INFO - [2024-08-29T19:55:38.240+0000] {dag.py:2726} INFO - Sync 1 DAGs
[2024-08-29T19:55:38.260+0000] {logging_mixin.py:149} INFO - [2024-08-29T19:55:38.260+0000] {dag.py:3486} INFO - Setting next_dagrun for tutorial_dag to None, run_after=None
[2024-08-29T19:55:38.290+0000] {processor.py:179} INFO - Processing /home/airflow-vm/data-engineer-batch-processing-financial-services/.venv/lib/python3.10/site-packages/airflow/example_dags/tutorial_dag.py took 0.077 seconds
[2024-08-29T20:11:30.991+0000] {processor.py:157} INFO - Started process (PID=56250) to work on /home/airflow-vm/data-engineer-batch-processing-financial-services/.venv/lib/python3.10/site-packages/airflow/example_dags/tutorial_dag.py
[2024-08-29T20:11:30.992+0000] {processor.py:826} INFO - Processing file /home/airflow-vm/data-engineer-batch-processing-financial-services/.venv/lib/python3.10/site-packages/airflow/example_dags/tutorial_dag.py for tasks to queue
[2024-08-29T20:11:30.993+0000] {logging_mixin.py:149} INFO - [2024-08-29T20:11:30.993+0000] {dagbag.py:541} INFO - Filling up the DagBag from /home/airflow-vm/data-engineer-batch-processing-financial-services/.venv/lib/python3.10/site-packages/airflow/example_dags/tutorial_dag.py
[2024-08-29T20:11:30.999+0000] {processor.py:836} INFO - DAG(s) dict_keys(['tutorial_dag']) retrieved from /home/airflow-vm/data-engineer-batch-processing-financial-services/.venv/lib/python3.10/site-packages/airflow/example_dags/tutorial_dag.py
[2024-08-29T20:11:31.020+0000] {logging_mixin.py:149} INFO - [2024-08-29T20:11:31.019+0000] {dag.py:2726} INFO - Sync 1 DAGs
[2024-08-29T20:11:31.039+0000] {logging_mixin.py:149} INFO - [2024-08-29T20:11:31.039+0000] {dag.py:3486} INFO - Setting next_dagrun for tutorial_dag to None, run_after=None
[2024-08-29T20:11:31.070+0000] {processor.py:179} INFO - Processing /home/airflow-vm/data-engineer-batch-processing-financial-services/.venv/lib/python3.10/site-packages/airflow/example_dags/tutorial_dag.py took 0.081 seconds
[2024-08-29T20:12:16.902+0000] {processor.py:157} INFO - Started process (PID=56564) to work on /home/airflow-vm/data-engineer-batch-processing-financial-services/.venv/lib/python3.10/site-packages/airflow/example_dags/tutorial_dag.py
[2024-08-29T20:12:16.903+0000] {processor.py:826} INFO - Processing file /home/airflow-vm/data-engineer-batch-processing-financial-services/.venv/lib/python3.10/site-packages/airflow/example_dags/tutorial_dag.py for tasks to queue
[2024-08-29T20:12:16.903+0000] {logging_mixin.py:149} INFO - [2024-08-29T20:12:16.903+0000] {dagbag.py:541} INFO - Filling up the DagBag from /home/airflow-vm/data-engineer-batch-processing-financial-services/.venv/lib/python3.10/site-packages/airflow/example_dags/tutorial_dag.py
[2024-08-29T20:12:16.908+0000] {processor.py:836} INFO - DAG(s) dict_keys(['tutorial_dag']) retrieved from /home/airflow-vm/data-engineer-batch-processing-financial-services/.venv/lib/python3.10/site-packages/airflow/example_dags/tutorial_dag.py
[2024-08-29T20:12:16.924+0000] {logging_mixin.py:149} INFO - [2024-08-29T20:12:16.924+0000] {dag.py:2726} INFO - Sync 1 DAGs
[2024-08-29T20:12:16.943+0000] {logging_mixin.py:149} INFO - [2024-08-29T20:12:16.943+0000] {dag.py:3486} INFO - Setting next_dagrun for tutorial_dag to None, run_after=None
[2024-08-29T20:12:16.971+0000] {processor.py:179} INFO - Processing /home/airflow-vm/data-engineer-batch-processing-financial-services/.venv/lib/python3.10/site-packages/airflow/example_dags/tutorial_dag.py took 0.071 seconds
[2024-08-29T20:13:00.630+0000] {processor.py:157} INFO - Started process (PID=56870) to work on /home/airflow-vm/data-engineer-batch-processing-financial-services/.venv/lib/python3.10/site-packages/airflow/example_dags/tutorial_dag.py
[2024-08-29T20:13:00.631+0000] {processor.py:826} INFO - Processing file /home/airflow-vm/data-engineer-batch-processing-financial-services/.venv/lib/python3.10/site-packages/airflow/example_dags/tutorial_dag.py for tasks to queue
[2024-08-29T20:13:00.631+0000] {logging_mixin.py:149} INFO - [2024-08-29T20:13:00.631+0000] {dagbag.py:541} INFO - Filling up the DagBag from /home/airflow-vm/data-engineer-batch-processing-financial-services/.venv/lib/python3.10/site-packages/airflow/example_dags/tutorial_dag.py
[2024-08-29T20:13:00.636+0000] {processor.py:836} INFO - DAG(s) dict_keys(['tutorial_dag']) retrieved from /home/airflow-vm/data-engineer-batch-processing-financial-services/.venv/lib/python3.10/site-packages/airflow/example_dags/tutorial_dag.py
[2024-08-29T20:13:00.652+0000] {logging_mixin.py:149} INFO - [2024-08-29T20:13:00.652+0000] {dag.py:2726} INFO - Sync 1 DAGs
[2024-08-29T20:13:00.671+0000] {logging_mixin.py:149} INFO - [2024-08-29T20:13:00.670+0000] {dag.py:3486} INFO - Setting next_dagrun for tutorial_dag to None, run_after=None
[2024-08-29T20:13:00.697+0000] {processor.py:179} INFO - Processing /home/airflow-vm/data-engineer-batch-processing-financial-services/.venv/lib/python3.10/site-packages/airflow/example_dags/tutorial_dag.py took 0.069 seconds
[2024-08-29T20:14:59.368+0000] {processor.py:157} INFO - Started process (PID=57346) to work on /home/airflow-vm/data-engineer-batch-processing-financial-services/.venv/lib/python3.10/site-packages/airflow/example_dags/tutorial_dag.py
[2024-08-29T20:14:59.369+0000] {processor.py:826} INFO - Processing file /home/airflow-vm/data-engineer-batch-processing-financial-services/.venv/lib/python3.10/site-packages/airflow/example_dags/tutorial_dag.py for tasks to queue
[2024-08-29T20:14:59.370+0000] {logging_mixin.py:149} INFO - [2024-08-29T20:14:59.369+0000] {dagbag.py:541} INFO - Filling up the DagBag from /home/airflow-vm/data-engineer-batch-processing-financial-services/.venv/lib/python3.10/site-packages/airflow/example_dags/tutorial_dag.py
[2024-08-29T20:14:59.376+0000] {processor.py:836} INFO - DAG(s) dict_keys(['tutorial_dag']) retrieved from /home/airflow-vm/data-engineer-batch-processing-financial-services/.venv/lib/python3.10/site-packages/airflow/example_dags/tutorial_dag.py
[2024-08-29T20:14:59.397+0000] {logging_mixin.py:149} INFO - [2024-08-29T20:14:59.397+0000] {dag.py:2726} INFO - Sync 1 DAGs
[2024-08-29T20:14:59.416+0000] {logging_mixin.py:149} INFO - [2024-08-29T20:14:59.416+0000] {dag.py:3486} INFO - Setting next_dagrun for tutorial_dag to None, run_after=None
[2024-08-29T20:14:59.445+0000] {processor.py:179} INFO - Processing /home/airflow-vm/data-engineer-batch-processing-financial-services/.venv/lib/python3.10/site-packages/airflow/example_dags/tutorial_dag.py took 0.079 seconds
[2024-08-29T20:15:43.365+0000] {processor.py:157} INFO - Started process (PID=57838) to work on /home/airflow-vm/data-engineer-batch-processing-financial-services/.venv/lib/python3.10/site-packages/airflow/example_dags/tutorial_dag.py
[2024-08-29T20:15:43.366+0000] {processor.py:826} INFO - Processing file /home/airflow-vm/data-engineer-batch-processing-financial-services/.venv/lib/python3.10/site-packages/airflow/example_dags/tutorial_dag.py for tasks to queue
[2024-08-29T20:15:43.367+0000] {logging_mixin.py:149} INFO - [2024-08-29T20:15:43.367+0000] {dagbag.py:541} INFO - Filling up the DagBag from /home/airflow-vm/data-engineer-batch-processing-financial-services/.venv/lib/python3.10/site-packages/airflow/example_dags/tutorial_dag.py
[2024-08-29T20:15:43.371+0000] {processor.py:836} INFO - DAG(s) dict_keys(['tutorial_dag']) retrieved from /home/airflow-vm/data-engineer-batch-processing-financial-services/.venv/lib/python3.10/site-packages/airflow/example_dags/tutorial_dag.py
[2024-08-29T20:15:43.390+0000] {logging_mixin.py:149} INFO - [2024-08-29T20:15:43.390+0000] {dag.py:2726} INFO - Sync 1 DAGs
[2024-08-29T20:15:43.412+0000] {logging_mixin.py:149} INFO - [2024-08-29T20:15:43.412+0000] {dag.py:3486} INFO - Setting next_dagrun for tutorial_dag to None, run_after=None
[2024-08-29T20:15:43.443+0000] {processor.py:179} INFO - Processing /home/airflow-vm/data-engineer-batch-processing-financial-services/.venv/lib/python3.10/site-packages/airflow/example_dags/tutorial_dag.py took 0.080 seconds
[2024-08-29T20:16:15.555+0000] {processor.py:157} INFO - Started process (PID=58009) to work on /home/airflow-vm/data-engineer-batch-processing-financial-services/.venv/lib/python3.10/site-packages/airflow/example_dags/tutorial_dag.py
[2024-08-29T20:16:15.556+0000] {processor.py:826} INFO - Processing file /home/airflow-vm/data-engineer-batch-processing-financial-services/.venv/lib/python3.10/site-packages/airflow/example_dags/tutorial_dag.py for tasks to queue
[2024-08-29T20:16:15.556+0000] {logging_mixin.py:149} INFO - [2024-08-29T20:16:15.556+0000] {dagbag.py:541} INFO - Filling up the DagBag from /home/airflow-vm/data-engineer-batch-processing-financial-services/.venv/lib/python3.10/site-packages/airflow/example_dags/tutorial_dag.py
[2024-08-29T20:16:15.560+0000] {processor.py:836} INFO - DAG(s) dict_keys(['tutorial_dag']) retrieved from /home/airflow-vm/data-engineer-batch-processing-financial-services/.venv/lib/python3.10/site-packages/airflow/example_dags/tutorial_dag.py
[2024-08-29T20:16:15.578+0000] {logging_mixin.py:149} INFO - [2024-08-29T20:16:15.577+0000] {dag.py:2726} INFO - Sync 1 DAGs
[2024-08-29T20:16:15.596+0000] {logging_mixin.py:149} INFO - [2024-08-29T20:16:15.595+0000] {dag.py:3486} INFO - Setting next_dagrun for tutorial_dag to None, run_after=None
[2024-08-29T20:16:15.626+0000] {processor.py:179} INFO - Processing /home/airflow-vm/data-engineer-batch-processing-financial-services/.venv/lib/python3.10/site-packages/airflow/example_dags/tutorial_dag.py took 0.073 seconds
[2024-08-29T20:23:31.423+0000] {processor.py:157} INFO - Started process (PID=60576) to work on /home/airflow-vm/data-engineer-batch-processing-financial-services/.venv/lib/python3.10/site-packages/airflow/example_dags/tutorial_dag.py
[2024-08-29T20:23:31.424+0000] {processor.py:826} INFO - Processing file /home/airflow-vm/data-engineer-batch-processing-financial-services/.venv/lib/python3.10/site-packages/airflow/example_dags/tutorial_dag.py for tasks to queue
[2024-08-29T20:23:31.425+0000] {logging_mixin.py:149} INFO - [2024-08-29T20:23:31.425+0000] {dagbag.py:541} INFO - Filling up the DagBag from /home/airflow-vm/data-engineer-batch-processing-financial-services/.venv/lib/python3.10/site-packages/airflow/example_dags/tutorial_dag.py
[2024-08-29T20:23:31.431+0000] {processor.py:836} INFO - DAG(s) dict_keys(['tutorial_dag']) retrieved from /home/airflow-vm/data-engineer-batch-processing-financial-services/.venv/lib/python3.10/site-packages/airflow/example_dags/tutorial_dag.py
[2024-08-29T20:23:31.438+0000] {logging_mixin.py:149} INFO - [2024-08-29T20:23:31.438+0000] {dag.py:2726} INFO - Sync 1 DAGs
[2024-08-29T20:23:31.458+0000] {logging_mixin.py:149} INFO - [2024-08-29T20:23:31.457+0000] {dag.py:3486} INFO - Setting next_dagrun for tutorial_dag to None, run_after=None
[2024-08-29T20:23:31.488+0000] {processor.py:179} INFO - Processing /home/airflow-vm/data-engineer-batch-processing-financial-services/.venv/lib/python3.10/site-packages/airflow/example_dags/tutorial_dag.py took 0.067 seconds
[2024-08-29T20:25:24.938+0000] {processor.py:157} INFO - Started process (PID=62014) to work on /home/airflow-vm/data-engineer-batch-processing-financial-services/.venv/lib/python3.10/site-packages/airflow/example_dags/tutorial_dag.py
[2024-08-29T20:25:24.939+0000] {processor.py:826} INFO - Processing file /home/airflow-vm/data-engineer-batch-processing-financial-services/.venv/lib/python3.10/site-packages/airflow/example_dags/tutorial_dag.py for tasks to queue
[2024-08-29T20:25:24.940+0000] {logging_mixin.py:149} INFO - [2024-08-29T20:25:24.940+0000] {dagbag.py:541} INFO - Filling up the DagBag from /home/airflow-vm/data-engineer-batch-processing-financial-services/.venv/lib/python3.10/site-packages/airflow/example_dags/tutorial_dag.py
[2024-08-29T20:25:24.944+0000] {processor.py:836} INFO - DAG(s) dict_keys(['tutorial_dag']) retrieved from /home/airflow-vm/data-engineer-batch-processing-financial-services/.venv/lib/python3.10/site-packages/airflow/example_dags/tutorial_dag.py
[2024-08-29T20:25:24.961+0000] {logging_mixin.py:149} INFO - [2024-08-29T20:25:24.961+0000] {dag.py:2726} INFO - Sync 1 DAGs
[2024-08-29T20:25:24.980+0000] {logging_mixin.py:149} INFO - [2024-08-29T20:25:24.980+0000] {dag.py:3486} INFO - Setting next_dagrun for tutorial_dag to None, run_after=None
[2024-08-29T20:25:25.007+0000] {processor.py:179} INFO - Processing /home/airflow-vm/data-engineer-batch-processing-financial-services/.venv/lib/python3.10/site-packages/airflow/example_dags/tutorial_dag.py took 0.071 seconds
[2024-08-29T20:26:42.096+0000] {processor.py:157} INFO - Started process (PID=63010) to work on /home/airflow-vm/data-engineer-batch-processing-financial-services/.venv/lib/python3.10/site-packages/airflow/example_dags/tutorial_dag.py
[2024-08-29T20:26:42.096+0000] {processor.py:826} INFO - Processing file /home/airflow-vm/data-engineer-batch-processing-financial-services/.venv/lib/python3.10/site-packages/airflow/example_dags/tutorial_dag.py for tasks to queue
[2024-08-29T20:26:42.097+0000] {logging_mixin.py:149} INFO - [2024-08-29T20:26:42.097+0000] {dagbag.py:541} INFO - Filling up the DagBag from /home/airflow-vm/data-engineer-batch-processing-financial-services/.venv/lib/python3.10/site-packages/airflow/example_dags/tutorial_dag.py
[2024-08-29T20:26:42.102+0000] {processor.py:836} INFO - DAG(s) dict_keys(['tutorial_dag']) retrieved from /home/airflow-vm/data-engineer-batch-processing-financial-services/.venv/lib/python3.10/site-packages/airflow/example_dags/tutorial_dag.py
[2024-08-29T20:26:42.119+0000] {logging_mixin.py:149} INFO - [2024-08-29T20:26:42.118+0000] {dag.py:2726} INFO - Sync 1 DAGs
[2024-08-29T20:26:42.137+0000] {logging_mixin.py:149} INFO - [2024-08-29T20:26:42.137+0000] {dag.py:3486} INFO - Setting next_dagrun for tutorial_dag to None, run_after=None
[2024-08-29T20:26:42.166+0000] {processor.py:179} INFO - Processing /home/airflow-vm/data-engineer-batch-processing-financial-services/.venv/lib/python3.10/site-packages/airflow/example_dags/tutorial_dag.py took 0.073 seconds
[2024-08-29T20:27:25.800+0000] {processor.py:157} INFO - Started process (PID=63442) to work on /home/airflow-vm/data-engineer-batch-processing-financial-services/.venv/lib/python3.10/site-packages/airflow/example_dags/tutorial_dag.py
[2024-08-29T20:27:25.800+0000] {processor.py:826} INFO - Processing file /home/airflow-vm/data-engineer-batch-processing-financial-services/.venv/lib/python3.10/site-packages/airflow/example_dags/tutorial_dag.py for tasks to queue
[2024-08-29T20:27:25.801+0000] {logging_mixin.py:149} INFO - [2024-08-29T20:27:25.801+0000] {dagbag.py:541} INFO - Filling up the DagBag from /home/airflow-vm/data-engineer-batch-processing-financial-services/.venv/lib/python3.10/site-packages/airflow/example_dags/tutorial_dag.py
[2024-08-29T20:27:25.805+0000] {processor.py:836} INFO - DAG(s) dict_keys(['tutorial_dag']) retrieved from /home/airflow-vm/data-engineer-batch-processing-financial-services/.venv/lib/python3.10/site-packages/airflow/example_dags/tutorial_dag.py
[2024-08-29T20:27:25.821+0000] {logging_mixin.py:149} INFO - [2024-08-29T20:27:25.821+0000] {dag.py:2726} INFO - Sync 1 DAGs
[2024-08-29T20:27:25.839+0000] {logging_mixin.py:149} INFO - [2024-08-29T20:27:25.839+0000] {dag.py:3486} INFO - Setting next_dagrun for tutorial_dag to None, run_after=None
[2024-08-29T20:27:25.865+0000] {processor.py:179} INFO - Processing /home/airflow-vm/data-engineer-batch-processing-financial-services/.venv/lib/python3.10/site-packages/airflow/example_dags/tutorial_dag.py took 0.068 seconds
[2024-08-29T20:28:08.103+0000] {processor.py:157} INFO - Started process (PID=63569) to work on /home/airflow-vm/data-engineer-batch-processing-financial-services/.venv/lib/python3.10/site-packages/airflow/example_dags/tutorial_dag.py
[2024-08-29T20:28:08.104+0000] {processor.py:826} INFO - Processing file /home/airflow-vm/data-engineer-batch-processing-financial-services/.venv/lib/python3.10/site-packages/airflow/example_dags/tutorial_dag.py for tasks to queue
[2024-08-29T20:28:08.105+0000] {logging_mixin.py:149} INFO - [2024-08-29T20:28:08.105+0000] {dagbag.py:541} INFO - Filling up the DagBag from /home/airflow-vm/data-engineer-batch-processing-financial-services/.venv/lib/python3.10/site-packages/airflow/example_dags/tutorial_dag.py
[2024-08-29T20:28:08.109+0000] {processor.py:836} INFO - DAG(s) dict_keys(['tutorial_dag']) retrieved from /home/airflow-vm/data-engineer-batch-processing-financial-services/.venv/lib/python3.10/site-packages/airflow/example_dags/tutorial_dag.py
[2024-08-29T20:28:08.126+0000] {logging_mixin.py:149} INFO - [2024-08-29T20:28:08.126+0000] {dag.py:2726} INFO - Sync 1 DAGs
[2024-08-29T20:28:08.145+0000] {logging_mixin.py:149} INFO - [2024-08-29T20:28:08.145+0000] {dag.py:3486} INFO - Setting next_dagrun for tutorial_dag to None, run_after=None
[2024-08-29T20:28:08.172+0000] {processor.py:179} INFO - Processing /home/airflow-vm/data-engineer-batch-processing-financial-services/.venv/lib/python3.10/site-packages/airflow/example_dags/tutorial_dag.py took 0.071 seconds
[2024-08-29T20:29:21.044+0000] {processor.py:157} INFO - Started process (PID=64354) to work on /home/airflow-vm/data-engineer-batch-processing-financial-services/.venv/lib/python3.10/site-packages/airflow/example_dags/tutorial_dag.py
[2024-08-29T20:29:21.045+0000] {processor.py:826} INFO - Processing file /home/airflow-vm/data-engineer-batch-processing-financial-services/.venv/lib/python3.10/site-packages/airflow/example_dags/tutorial_dag.py for tasks to queue
[2024-08-29T20:29:21.045+0000] {logging_mixin.py:149} INFO - [2024-08-29T20:29:21.045+0000] {dagbag.py:541} INFO - Filling up the DagBag from /home/airflow-vm/data-engineer-batch-processing-financial-services/.venv/lib/python3.10/site-packages/airflow/example_dags/tutorial_dag.py
[2024-08-29T20:29:21.050+0000] {processor.py:836} INFO - DAG(s) dict_keys(['tutorial_dag']) retrieved from /home/airflow-vm/data-engineer-batch-processing-financial-services/.venv/lib/python3.10/site-packages/airflow/example_dags/tutorial_dag.py
[2024-08-29T20:29:21.067+0000] {logging_mixin.py:149} INFO - [2024-08-29T20:29:21.067+0000] {dag.py:2726} INFO - Sync 1 DAGs
[2024-08-29T20:29:21.085+0000] {logging_mixin.py:149} INFO - [2024-08-29T20:29:21.085+0000] {dag.py:3486} INFO - Setting next_dagrun for tutorial_dag to None, run_after=None
[2024-08-29T20:29:21.112+0000] {processor.py:179} INFO - Processing /home/airflow-vm/data-engineer-batch-processing-financial-services/.venv/lib/python3.10/site-packages/airflow/example_dags/tutorial_dag.py took 0.071 seconds
[2024-08-29T20:30:32.621+0000] {processor.py:157} INFO - Started process (PID=65059) to work on /home/airflow-vm/data-engineer-batch-processing-financial-services/.venv/lib/python3.10/site-packages/airflow/example_dags/tutorial_dag.py
[2024-08-29T20:30:32.622+0000] {processor.py:826} INFO - Processing file /home/airflow-vm/data-engineer-batch-processing-financial-services/.venv/lib/python3.10/site-packages/airflow/example_dags/tutorial_dag.py for tasks to queue
[2024-08-29T20:30:32.622+0000] {logging_mixin.py:149} INFO - [2024-08-29T20:30:32.622+0000] {dagbag.py:541} INFO - Filling up the DagBag from /home/airflow-vm/data-engineer-batch-processing-financial-services/.venv/lib/python3.10/site-packages/airflow/example_dags/tutorial_dag.py
[2024-08-29T20:30:32.629+0000] {processor.py:836} INFO - DAG(s) dict_keys(['tutorial_dag']) retrieved from /home/airflow-vm/data-engineer-batch-processing-financial-services/.venv/lib/python3.10/site-packages/airflow/example_dags/tutorial_dag.py
[2024-08-29T20:30:32.635+0000] {logging_mixin.py:149} INFO - [2024-08-29T20:30:32.635+0000] {dag.py:2726} INFO - Sync 1 DAGs
[2024-08-29T20:30:32.654+0000] {logging_mixin.py:149} INFO - [2024-08-29T20:30:32.654+0000] {dag.py:3486} INFO - Setting next_dagrun for tutorial_dag to None, run_after=None
[2024-08-29T20:30:32.682+0000] {processor.py:179} INFO - Processing /home/airflow-vm/data-engineer-batch-processing-financial-services/.venv/lib/python3.10/site-packages/airflow/example_dags/tutorial_dag.py took 0.063 seconds
[2024-08-29T20:32:21.439+0000] {processor.py:157} INFO - Started process (PID=66414) to work on /home/airflow-vm/data-engineer-batch-processing-financial-services/.venv/lib/python3.10/site-packages/airflow/example_dags/tutorial_dag.py
[2024-08-29T20:32:21.440+0000] {processor.py:826} INFO - Processing file /home/airflow-vm/data-engineer-batch-processing-financial-services/.venv/lib/python3.10/site-packages/airflow/example_dags/tutorial_dag.py for tasks to queue
[2024-08-29T20:32:21.440+0000] {logging_mixin.py:149} INFO - [2024-08-29T20:32:21.440+0000] {dagbag.py:541} INFO - Filling up the DagBag from /home/airflow-vm/data-engineer-batch-processing-financial-services/.venv/lib/python3.10/site-packages/airflow/example_dags/tutorial_dag.py
[2024-08-29T20:32:21.445+0000] {processor.py:836} INFO - DAG(s) dict_keys(['tutorial_dag']) retrieved from /home/airflow-vm/data-engineer-batch-processing-financial-services/.venv/lib/python3.10/site-packages/airflow/example_dags/tutorial_dag.py
[2024-08-29T20:32:21.462+0000] {logging_mixin.py:149} INFO - [2024-08-29T20:32:21.462+0000] {dag.py:2726} INFO - Sync 1 DAGs
[2024-08-29T20:32:21.500+0000] {logging_mixin.py:149} INFO - [2024-08-29T20:32:21.500+0000] {dag.py:3486} INFO - Setting next_dagrun for tutorial_dag to None, run_after=None
[2024-08-29T20:32:21.528+0000] {processor.py:179} INFO - Processing /home/airflow-vm/data-engineer-batch-processing-financial-services/.venv/lib/python3.10/site-packages/airflow/example_dags/tutorial_dag.py took 0.092 seconds
[2024-08-29T20:33:43.857+0000] {processor.py:157} INFO - Started process (PID=67465) to work on /home/airflow-vm/data-engineer-batch-processing-financial-services/.venv/lib/python3.10/site-packages/airflow/example_dags/tutorial_dag.py
[2024-08-29T20:33:43.857+0000] {processor.py:826} INFO - Processing file /home/airflow-vm/data-engineer-batch-processing-financial-services/.venv/lib/python3.10/site-packages/airflow/example_dags/tutorial_dag.py for tasks to queue
[2024-08-29T20:33:43.858+0000] {logging_mixin.py:149} INFO - [2024-08-29T20:33:43.858+0000] {dagbag.py:541} INFO - Filling up the DagBag from /home/airflow-vm/data-engineer-batch-processing-financial-services/.venv/lib/python3.10/site-packages/airflow/example_dags/tutorial_dag.py
[2024-08-29T20:33:43.863+0000] {processor.py:836} INFO - DAG(s) dict_keys(['tutorial_dag']) retrieved from /home/airflow-vm/data-engineer-batch-processing-financial-services/.venv/lib/python3.10/site-packages/airflow/example_dags/tutorial_dag.py
[2024-08-29T20:33:43.883+0000] {logging_mixin.py:149} INFO - [2024-08-29T20:33:43.883+0000] {dag.py:2726} INFO - Sync 1 DAGs
[2024-08-29T20:33:43.901+0000] {logging_mixin.py:149} INFO - [2024-08-29T20:33:43.901+0000] {dag.py:3486} INFO - Setting next_dagrun for tutorial_dag to None, run_after=None
[2024-08-29T20:33:43.929+0000] {processor.py:179} INFO - Processing /home/airflow-vm/data-engineer-batch-processing-financial-services/.venv/lib/python3.10/site-packages/airflow/example_dags/tutorial_dag.py took 0.075 seconds
[2024-08-29T20:34:55.610+0000] {processor.py:157} INFO - Started process (PID=68381) to work on /home/airflow-vm/data-engineer-batch-processing-financial-services/.venv/lib/python3.10/site-packages/airflow/example_dags/tutorial_dag.py
[2024-08-29T20:34:55.611+0000] {processor.py:826} INFO - Processing file /home/airflow-vm/data-engineer-batch-processing-financial-services/.venv/lib/python3.10/site-packages/airflow/example_dags/tutorial_dag.py for tasks to queue
[2024-08-29T20:34:55.612+0000] {logging_mixin.py:149} INFO - [2024-08-29T20:34:55.612+0000] {dagbag.py:541} INFO - Filling up the DagBag from /home/airflow-vm/data-engineer-batch-processing-financial-services/.venv/lib/python3.10/site-packages/airflow/example_dags/tutorial_dag.py
[2024-08-29T20:34:55.618+0000] {processor.py:836} INFO - DAG(s) dict_keys(['tutorial_dag']) retrieved from /home/airflow-vm/data-engineer-batch-processing-financial-services/.venv/lib/python3.10/site-packages/airflow/example_dags/tutorial_dag.py
[2024-08-29T20:34:55.625+0000] {logging_mixin.py:149} INFO - [2024-08-29T20:34:55.625+0000] {dag.py:2726} INFO - Sync 1 DAGs
[2024-08-29T20:34:55.645+0000] {logging_mixin.py:149} INFO - [2024-08-29T20:34:55.645+0000] {dag.py:3486} INFO - Setting next_dagrun for tutorial_dag to None, run_after=None
[2024-08-29T20:34:55.678+0000] {processor.py:179} INFO - Processing /home/airflow-vm/data-engineer-batch-processing-financial-services/.venv/lib/python3.10/site-packages/airflow/example_dags/tutorial_dag.py took 0.070 seconds
[2024-08-29T20:36:52.962+0000] {processor.py:157} INFO - Started process (PID=69865) to work on /home/airflow-vm/data-engineer-batch-processing-financial-services/.venv/lib/python3.10/site-packages/airflow/example_dags/tutorial_dag.py
[2024-08-29T20:36:52.963+0000] {processor.py:826} INFO - Processing file /home/airflow-vm/data-engineer-batch-processing-financial-services/.venv/lib/python3.10/site-packages/airflow/example_dags/tutorial_dag.py for tasks to queue
[2024-08-29T20:36:52.963+0000] {logging_mixin.py:149} INFO - [2024-08-29T20:36:52.963+0000] {dagbag.py:541} INFO - Filling up the DagBag from /home/airflow-vm/data-engineer-batch-processing-financial-services/.venv/lib/python3.10/site-packages/airflow/example_dags/tutorial_dag.py
[2024-08-29T20:36:52.967+0000] {processor.py:836} INFO - DAG(s) dict_keys(['tutorial_dag']) retrieved from /home/airflow-vm/data-engineer-batch-processing-financial-services/.venv/lib/python3.10/site-packages/airflow/example_dags/tutorial_dag.py
[2024-08-29T20:36:52.984+0000] {logging_mixin.py:149} INFO - [2024-08-29T20:36:52.984+0000] {dag.py:2726} INFO - Sync 1 DAGs
[2024-08-29T20:36:53.003+0000] {logging_mixin.py:149} INFO - [2024-08-29T20:36:53.003+0000] {dag.py:3486} INFO - Setting next_dagrun for tutorial_dag to None, run_after=None
[2024-08-29T20:36:53.030+0000] {processor.py:179} INFO - Processing /home/airflow-vm/data-engineer-batch-processing-financial-services/.venv/lib/python3.10/site-packages/airflow/example_dags/tutorial_dag.py took 0.070 seconds
[2024-08-29T20:38:17.334+0000] {processor.py:157} INFO - Started process (PID=70885) to work on /home/airflow-vm/data-engineer-batch-processing-financial-services/.venv/lib/python3.10/site-packages/airflow/example_dags/tutorial_dag.py
[2024-08-29T20:38:17.335+0000] {processor.py:826} INFO - Processing file /home/airflow-vm/data-engineer-batch-processing-financial-services/.venv/lib/python3.10/site-packages/airflow/example_dags/tutorial_dag.py for tasks to queue
[2024-08-29T20:38:17.335+0000] {logging_mixin.py:149} INFO - [2024-08-29T20:38:17.335+0000] {dagbag.py:541} INFO - Filling up the DagBag from /home/airflow-vm/data-engineer-batch-processing-financial-services/.venv/lib/python3.10/site-packages/airflow/example_dags/tutorial_dag.py
[2024-08-29T20:38:17.340+0000] {processor.py:836} INFO - DAG(s) dict_keys(['tutorial_dag']) retrieved from /home/airflow-vm/data-engineer-batch-processing-financial-services/.venv/lib/python3.10/site-packages/airflow/example_dags/tutorial_dag.py
[2024-08-29T20:38:17.356+0000] {logging_mixin.py:149} INFO - [2024-08-29T20:38:17.356+0000] {dag.py:2726} INFO - Sync 1 DAGs
[2024-08-29T20:38:17.374+0000] {logging_mixin.py:149} INFO - [2024-08-29T20:38:17.374+0000] {dag.py:3486} INFO - Setting next_dagrun for tutorial_dag to None, run_after=None
[2024-08-29T20:38:17.401+0000] {processor.py:179} INFO - Processing /home/airflow-vm/data-engineer-batch-processing-financial-services/.venv/lib/python3.10/site-packages/airflow/example_dags/tutorial_dag.py took 0.070 seconds
