[2024-08-29T19:47:41.102+0000] {processor.py:157} INFO - Started process (PID=48856) to work on /home/airflow-vm/data-engineer-batch-processing-financial-services/.venv/lib/python3.10/site-packages/airflow/example_dags/tutorial_taskflow_api.py
[2024-08-29T19:47:41.103+0000] {processor.py:826} INFO - Processing file /home/airflow-vm/data-engineer-batch-processing-financial-services/.venv/lib/python3.10/site-packages/airflow/example_dags/tutorial_taskflow_api.py for tasks to queue
[2024-08-29T19:47:41.103+0000] {logging_mixin.py:149} INFO - [2024-08-29T19:47:41.103+0000] {dagbag.py:541} INFO - Filling up the DagBag from /home/airflow-vm/data-engineer-batch-processing-financial-services/.venv/lib/python3.10/site-packages/airflow/example_dags/tutorial_taskflow_api.py
[2024-08-29T19:47:41.111+0000] {processor.py:836} INFO - DAG(s) dict_keys(['tutorial_taskflow_api']) retrieved from /home/airflow-vm/data-engineer-batch-processing-financial-services/.venv/lib/python3.10/site-packages/airflow/example_dags/tutorial_taskflow_api.py
[2024-08-29T19:47:41.233+0000] {logging_mixin.py:149} INFO - [2024-08-29T19:47:41.233+0000] {manager.py:504} INFO - Created Permission View: can delete on DAG:tutorial_taskflow_api
[2024-08-29T19:47:41.252+0000] {logging_mixin.py:149} INFO - [2024-08-29T19:47:41.252+0000] {manager.py:504} INFO - Created Permission View: can edit on DAG:tutorial_taskflow_api
[2024-08-29T19:47:41.269+0000] {logging_mixin.py:149} INFO - [2024-08-29T19:47:41.269+0000] {manager.py:504} INFO - Created Permission View: can read on DAG:tutorial_taskflow_api
[2024-08-29T19:47:41.269+0000] {logging_mixin.py:149} INFO - [2024-08-29T19:47:41.269+0000] {dag.py:2726} INFO - Sync 1 DAGs
[2024-08-29T19:47:41.280+0000] {logging_mixin.py:149} INFO - [2024-08-29T19:47:41.280+0000] {dag.py:2747} INFO - Creating ORM DAG for tutorial_taskflow_api
[2024-08-29T19:47:41.290+0000] {logging_mixin.py:149} INFO - [2024-08-29T19:47:41.289+0000] {dag.py:3486} INFO - Setting next_dagrun for tutorial_taskflow_api to None, run_after=None
[2024-08-29T19:47:41.320+0000] {processor.py:179} INFO - Processing /home/airflow-vm/data-engineer-batch-processing-financial-services/.venv/lib/python3.10/site-packages/airflow/example_dags/tutorial_taskflow_api.py took 0.221 seconds
[2024-08-29T19:48:32.610+0000] {processor.py:157} INFO - Started process (PID=49330) to work on /home/airflow-vm/data-engineer-batch-processing-financial-services/.venv/lib/python3.10/site-packages/airflow/example_dags/tutorial_taskflow_api.py
[2024-08-29T19:48:32.611+0000] {processor.py:826} INFO - Processing file /home/airflow-vm/data-engineer-batch-processing-financial-services/.venv/lib/python3.10/site-packages/airflow/example_dags/tutorial_taskflow_api.py for tasks to queue
[2024-08-29T19:48:32.612+0000] {logging_mixin.py:149} INFO - [2024-08-29T19:48:32.612+0000] {dagbag.py:541} INFO - Filling up the DagBag from /home/airflow-vm/data-engineer-batch-processing-financial-services/.venv/lib/python3.10/site-packages/airflow/example_dags/tutorial_taskflow_api.py
[2024-08-29T19:48:32.617+0000] {processor.py:836} INFO - DAG(s) dict_keys(['tutorial_taskflow_api']) retrieved from /home/airflow-vm/data-engineer-batch-processing-financial-services/.venv/lib/python3.10/site-packages/airflow/example_dags/tutorial_taskflow_api.py
[2024-08-29T19:48:32.635+0000] {logging_mixin.py:149} INFO - [2024-08-29T19:48:32.634+0000] {dag.py:2726} INFO - Sync 1 DAGs
[2024-08-29T19:48:32.654+0000] {logging_mixin.py:149} INFO - [2024-08-29T19:48:32.654+0000] {dag.py:3486} INFO - Setting next_dagrun for tutorial_taskflow_api to None, run_after=None
[2024-08-29T19:48:32.681+0000] {processor.py:179} INFO - Processing /home/airflow-vm/data-engineer-batch-processing-financial-services/.venv/lib/python3.10/site-packages/airflow/example_dags/tutorial_taskflow_api.py took 0.073 seconds
[2024-08-29T19:49:09.857+0000] {processor.py:157} INFO - Started process (PID=49595) to work on /home/airflow-vm/data-engineer-batch-processing-financial-services/.venv/lib/python3.10/site-packages/airflow/example_dags/tutorial_taskflow_api.py
[2024-08-29T19:49:09.857+0000] {processor.py:826} INFO - Processing file /home/airflow-vm/data-engineer-batch-processing-financial-services/.venv/lib/python3.10/site-packages/airflow/example_dags/tutorial_taskflow_api.py for tasks to queue
[2024-08-29T19:49:09.858+0000] {logging_mixin.py:149} INFO - [2024-08-29T19:49:09.858+0000] {dagbag.py:541} INFO - Filling up the DagBag from /home/airflow-vm/data-engineer-batch-processing-financial-services/.venv/lib/python3.10/site-packages/airflow/example_dags/tutorial_taskflow_api.py
[2024-08-29T19:49:09.863+0000] {processor.py:836} INFO - DAG(s) dict_keys(['tutorial_taskflow_api']) retrieved from /home/airflow-vm/data-engineer-batch-processing-financial-services/.venv/lib/python3.10/site-packages/airflow/example_dags/tutorial_taskflow_api.py
[2024-08-29T19:49:09.880+0000] {logging_mixin.py:149} INFO - [2024-08-29T19:49:09.880+0000] {dag.py:2726} INFO - Sync 1 DAGs
[2024-08-29T19:49:09.899+0000] {logging_mixin.py:149} INFO - [2024-08-29T19:49:09.899+0000] {dag.py:3486} INFO - Setting next_dagrun for tutorial_taskflow_api to None, run_after=None
[2024-08-29T19:49:09.932+0000] {processor.py:179} INFO - Processing /home/airflow-vm/data-engineer-batch-processing-financial-services/.venv/lib/python3.10/site-packages/airflow/example_dags/tutorial_taskflow_api.py took 0.078 seconds
[2024-08-29T19:49:55.119+0000] {processor.py:157} INFO - Started process (PID=49735) to work on /home/airflow-vm/data-engineer-batch-processing-financial-services/.venv/lib/python3.10/site-packages/airflow/example_dags/tutorial_taskflow_api.py
[2024-08-29T19:49:55.119+0000] {processor.py:826} INFO - Processing file /home/airflow-vm/data-engineer-batch-processing-financial-services/.venv/lib/python3.10/site-packages/airflow/example_dags/tutorial_taskflow_api.py for tasks to queue
[2024-08-29T19:49:55.120+0000] {logging_mixin.py:149} INFO - [2024-08-29T19:49:55.120+0000] {dagbag.py:541} INFO - Filling up the DagBag from /home/airflow-vm/data-engineer-batch-processing-financial-services/.venv/lib/python3.10/site-packages/airflow/example_dags/tutorial_taskflow_api.py
[2024-08-29T19:49:55.125+0000] {processor.py:836} INFO - DAG(s) dict_keys(['tutorial_taskflow_api']) retrieved from /home/airflow-vm/data-engineer-batch-processing-financial-services/.venv/lib/python3.10/site-packages/airflow/example_dags/tutorial_taskflow_api.py
[2024-08-29T19:49:55.143+0000] {logging_mixin.py:149} INFO - [2024-08-29T19:49:55.142+0000] {dag.py:2726} INFO - Sync 1 DAGs
[2024-08-29T19:49:55.162+0000] {logging_mixin.py:149} INFO - [2024-08-29T19:49:55.161+0000] {dag.py:3486} INFO - Setting next_dagrun for tutorial_taskflow_api to None, run_after=None
[2024-08-29T19:49:55.192+0000] {processor.py:179} INFO - Processing /home/airflow-vm/data-engineer-batch-processing-financial-services/.venv/lib/python3.10/site-packages/airflow/example_dags/tutorial_taskflow_api.py took 0.076 seconds
[2024-08-29T19:50:29.996+0000] {processor.py:157} INFO - Started process (PID=49943) to work on /home/airflow-vm/data-engineer-batch-processing-financial-services/.venv/lib/python3.10/site-packages/airflow/example_dags/tutorial_taskflow_api.py
[2024-08-29T19:50:29.996+0000] {processor.py:826} INFO - Processing file /home/airflow-vm/data-engineer-batch-processing-financial-services/.venv/lib/python3.10/site-packages/airflow/example_dags/tutorial_taskflow_api.py for tasks to queue
[2024-08-29T19:50:29.997+0000] {logging_mixin.py:149} INFO - [2024-08-29T19:50:29.997+0000] {dagbag.py:541} INFO - Filling up the DagBag from /home/airflow-vm/data-engineer-batch-processing-financial-services/.venv/lib/python3.10/site-packages/airflow/example_dags/tutorial_taskflow_api.py
[2024-08-29T19:50:30.002+0000] {processor.py:836} INFO - DAG(s) dict_keys(['tutorial_taskflow_api']) retrieved from /home/airflow-vm/data-engineer-batch-processing-financial-services/.venv/lib/python3.10/site-packages/airflow/example_dags/tutorial_taskflow_api.py
[2024-08-29T19:50:30.020+0000] {logging_mixin.py:149} INFO - [2024-08-29T19:50:30.020+0000] {dag.py:2726} INFO - Sync 1 DAGs
[2024-08-29T19:50:30.038+0000] {logging_mixin.py:149} INFO - [2024-08-29T19:50:30.038+0000] {dag.py:3486} INFO - Setting next_dagrun for tutorial_taskflow_api to None, run_after=None
[2024-08-29T19:50:30.069+0000] {processor.py:179} INFO - Processing /home/airflow-vm/data-engineer-batch-processing-financial-services/.venv/lib/python3.10/site-packages/airflow/example_dags/tutorial_taskflow_api.py took 0.076 seconds
[2024-08-29T19:51:14.900+0000] {processor.py:157} INFO - Started process (PID=50614) to work on /home/airflow-vm/data-engineer-batch-processing-financial-services/.venv/lib/python3.10/site-packages/airflow/example_dags/tutorial_taskflow_api.py
[2024-08-29T19:51:14.901+0000] {processor.py:826} INFO - Processing file /home/airflow-vm/data-engineer-batch-processing-financial-services/.venv/lib/python3.10/site-packages/airflow/example_dags/tutorial_taskflow_api.py for tasks to queue
[2024-08-29T19:51:14.902+0000] {logging_mixin.py:149} INFO - [2024-08-29T19:51:14.902+0000] {dagbag.py:541} INFO - Filling up the DagBag from /home/airflow-vm/data-engineer-batch-processing-financial-services/.venv/lib/python3.10/site-packages/airflow/example_dags/tutorial_taskflow_api.py
[2024-08-29T19:51:14.908+0000] {processor.py:836} INFO - DAG(s) dict_keys(['tutorial_taskflow_api']) retrieved from /home/airflow-vm/data-engineer-batch-processing-financial-services/.venv/lib/python3.10/site-packages/airflow/example_dags/tutorial_taskflow_api.py
[2024-08-29T19:51:14.926+0000] {logging_mixin.py:149} INFO - [2024-08-29T19:51:14.926+0000] {dag.py:2726} INFO - Sync 1 DAGs
[2024-08-29T19:51:14.947+0000] {logging_mixin.py:149} INFO - [2024-08-29T19:51:14.947+0000] {dag.py:3486} INFO - Setting next_dagrun for tutorial_taskflow_api to None, run_after=None
[2024-08-29T19:51:14.976+0000] {processor.py:179} INFO - Processing /home/airflow-vm/data-engineer-batch-processing-financial-services/.venv/lib/python3.10/site-packages/airflow/example_dags/tutorial_taskflow_api.py took 0.079 seconds
[2024-08-29T19:51:47.488+0000] {processor.py:157} INFO - Started process (PID=50817) to work on /home/airflow-vm/data-engineer-batch-processing-financial-services/.venv/lib/python3.10/site-packages/airflow/example_dags/tutorial_taskflow_api.py
[2024-08-29T19:51:47.488+0000] {processor.py:826} INFO - Processing file /home/airflow-vm/data-engineer-batch-processing-financial-services/.venv/lib/python3.10/site-packages/airflow/example_dags/tutorial_taskflow_api.py for tasks to queue
[2024-08-29T19:51:47.489+0000] {logging_mixin.py:149} INFO - [2024-08-29T19:51:47.489+0000] {dagbag.py:541} INFO - Filling up the DagBag from /home/airflow-vm/data-engineer-batch-processing-financial-services/.venv/lib/python3.10/site-packages/airflow/example_dags/tutorial_taskflow_api.py
[2024-08-29T19:51:47.495+0000] {processor.py:836} INFO - DAG(s) dict_keys(['tutorial_taskflow_api']) retrieved from /home/airflow-vm/data-engineer-batch-processing-financial-services/.venv/lib/python3.10/site-packages/airflow/example_dags/tutorial_taskflow_api.py
[2024-08-29T19:51:47.513+0000] {logging_mixin.py:149} INFO - [2024-08-29T19:51:47.513+0000] {dag.py:2726} INFO - Sync 1 DAGs
[2024-08-29T19:51:47.533+0000] {logging_mixin.py:149} INFO - [2024-08-29T19:51:47.533+0000] {dag.py:3486} INFO - Setting next_dagrun for tutorial_taskflow_api to None, run_after=None
[2024-08-29T19:51:47.563+0000] {processor.py:179} INFO - Processing /home/airflow-vm/data-engineer-batch-processing-financial-services/.venv/lib/python3.10/site-packages/airflow/example_dags/tutorial_taskflow_api.py took 0.078 seconds
[2024-08-29T19:52:19.540+0000] {processor.py:157} INFO - Started process (PID=50915) to work on /home/airflow-vm/data-engineer-batch-processing-financial-services/.venv/lib/python3.10/site-packages/airflow/example_dags/tutorial_taskflow_api.py
[2024-08-29T19:52:19.541+0000] {processor.py:826} INFO - Processing file /home/airflow-vm/data-engineer-batch-processing-financial-services/.venv/lib/python3.10/site-packages/airflow/example_dags/tutorial_taskflow_api.py for tasks to queue
[2024-08-29T19:52:19.542+0000] {logging_mixin.py:149} INFO - [2024-08-29T19:52:19.542+0000] {dagbag.py:541} INFO - Filling up the DagBag from /home/airflow-vm/data-engineer-batch-processing-financial-services/.venv/lib/python3.10/site-packages/airflow/example_dags/tutorial_taskflow_api.py
[2024-08-29T19:52:19.547+0000] {processor.py:836} INFO - DAG(s) dict_keys(['tutorial_taskflow_api']) retrieved from /home/airflow-vm/data-engineer-batch-processing-financial-services/.venv/lib/python3.10/site-packages/airflow/example_dags/tutorial_taskflow_api.py
[2024-08-29T19:52:19.565+0000] {logging_mixin.py:149} INFO - [2024-08-29T19:52:19.564+0000] {dag.py:2726} INFO - Sync 1 DAGs
[2024-08-29T19:52:19.583+0000] {logging_mixin.py:149} INFO - [2024-08-29T19:52:19.583+0000] {dag.py:3486} INFO - Setting next_dagrun for tutorial_taskflow_api to None, run_after=None
[2024-08-29T19:52:19.611+0000] {processor.py:179} INFO - Processing /home/airflow-vm/data-engineer-batch-processing-financial-services/.venv/lib/python3.10/site-packages/airflow/example_dags/tutorial_taskflow_api.py took 0.074 seconds
[2024-08-29T19:53:04.345+0000] {processor.py:157} INFO - Started process (PID=51012) to work on /home/airflow-vm/data-engineer-batch-processing-financial-services/.venv/lib/python3.10/site-packages/airflow/example_dags/tutorial_taskflow_api.py
[2024-08-29T19:53:04.346+0000] {processor.py:826} INFO - Processing file /home/airflow-vm/data-engineer-batch-processing-financial-services/.venv/lib/python3.10/site-packages/airflow/example_dags/tutorial_taskflow_api.py for tasks to queue
[2024-08-29T19:53:04.346+0000] {logging_mixin.py:149} INFO - [2024-08-29T19:53:04.346+0000] {dagbag.py:541} INFO - Filling up the DagBag from /home/airflow-vm/data-engineer-batch-processing-financial-services/.venv/lib/python3.10/site-packages/airflow/example_dags/tutorial_taskflow_api.py
[2024-08-29T19:53:04.352+0000] {processor.py:836} INFO - DAG(s) dict_keys(['tutorial_taskflow_api']) retrieved from /home/airflow-vm/data-engineer-batch-processing-financial-services/.venv/lib/python3.10/site-packages/airflow/example_dags/tutorial_taskflow_api.py
[2024-08-29T19:53:04.368+0000] {logging_mixin.py:149} INFO - [2024-08-29T19:53:04.368+0000] {dag.py:2726} INFO - Sync 1 DAGs
[2024-08-29T19:53:04.386+0000] {logging_mixin.py:149} INFO - [2024-08-29T19:53:04.385+0000] {dag.py:3486} INFO - Setting next_dagrun for tutorial_taskflow_api to None, run_after=None
[2024-08-29T19:53:04.416+0000] {processor.py:179} INFO - Processing /home/airflow-vm/data-engineer-batch-processing-financial-services/.venv/lib/python3.10/site-packages/airflow/example_dags/tutorial_taskflow_api.py took 0.074 seconds
[2024-08-29T19:53:48.661+0000] {processor.py:157} INFO - Started process (PID=51168) to work on /home/airflow-vm/data-engineer-batch-processing-financial-services/.venv/lib/python3.10/site-packages/airflow/example_dags/tutorial_taskflow_api.py
[2024-08-29T19:53:48.662+0000] {processor.py:826} INFO - Processing file /home/airflow-vm/data-engineer-batch-processing-financial-services/.venv/lib/python3.10/site-packages/airflow/example_dags/tutorial_taskflow_api.py for tasks to queue
[2024-08-29T19:53:48.663+0000] {logging_mixin.py:149} INFO - [2024-08-29T19:53:48.663+0000] {dagbag.py:541} INFO - Filling up the DagBag from /home/airflow-vm/data-engineer-batch-processing-financial-services/.venv/lib/python3.10/site-packages/airflow/example_dags/tutorial_taskflow_api.py
[2024-08-29T19:53:48.668+0000] {processor.py:836} INFO - DAG(s) dict_keys(['tutorial_taskflow_api']) retrieved from /home/airflow-vm/data-engineer-batch-processing-financial-services/.venv/lib/python3.10/site-packages/airflow/example_dags/tutorial_taskflow_api.py
[2024-08-29T19:53:48.685+0000] {logging_mixin.py:149} INFO - [2024-08-29T19:53:48.685+0000] {dag.py:2726} INFO - Sync 1 DAGs
[2024-08-29T19:53:48.704+0000] {logging_mixin.py:149} INFO - [2024-08-29T19:53:48.704+0000] {dag.py:3486} INFO - Setting next_dagrun for tutorial_taskflow_api to None, run_after=None
[2024-08-29T19:53:48.732+0000] {processor.py:179} INFO - Processing /home/airflow-vm/data-engineer-batch-processing-financial-services/.venv/lib/python3.10/site-packages/airflow/example_dags/tutorial_taskflow_api.py took 0.073 seconds
[2024-08-29T19:54:37.624+0000] {processor.py:157} INFO - Started process (PID=51306) to work on /home/airflow-vm/data-engineer-batch-processing-financial-services/.venv/lib/python3.10/site-packages/airflow/example_dags/tutorial_taskflow_api.py
[2024-08-29T19:54:37.625+0000] {processor.py:826} INFO - Processing file /home/airflow-vm/data-engineer-batch-processing-financial-services/.venv/lib/python3.10/site-packages/airflow/example_dags/tutorial_taskflow_api.py for tasks to queue
[2024-08-29T19:54:37.626+0000] {logging_mixin.py:149} INFO - [2024-08-29T19:54:37.626+0000] {dagbag.py:541} INFO - Filling up the DagBag from /home/airflow-vm/data-engineer-batch-processing-financial-services/.venv/lib/python3.10/site-packages/airflow/example_dags/tutorial_taskflow_api.py
[2024-08-29T19:54:37.631+0000] {processor.py:836} INFO - DAG(s) dict_keys(['tutorial_taskflow_api']) retrieved from /home/airflow-vm/data-engineer-batch-processing-financial-services/.venv/lib/python3.10/site-packages/airflow/example_dags/tutorial_taskflow_api.py
[2024-08-29T19:54:37.649+0000] {logging_mixin.py:149} INFO - [2024-08-29T19:54:37.649+0000] {dag.py:2726} INFO - Sync 1 DAGs
[2024-08-29T19:54:37.668+0000] {logging_mixin.py:149} INFO - [2024-08-29T19:54:37.668+0000] {dag.py:3486} INFO - Setting next_dagrun for tutorial_taskflow_api to None, run_after=None
[2024-08-29T19:54:37.701+0000] {processor.py:179} INFO - Processing /home/airflow-vm/data-engineer-batch-processing-financial-services/.venv/lib/python3.10/site-packages/airflow/example_dags/tutorial_taskflow_api.py took 0.079 seconds
[2024-08-29T19:55:24.508+0000] {processor.py:157} INFO - Started process (PID=51672) to work on /home/airflow-vm/data-engineer-batch-processing-financial-services/.venv/lib/python3.10/site-packages/airflow/example_dags/tutorial_taskflow_api.py
[2024-08-29T19:55:24.509+0000] {processor.py:826} INFO - Processing file /home/airflow-vm/data-engineer-batch-processing-financial-services/.venv/lib/python3.10/site-packages/airflow/example_dags/tutorial_taskflow_api.py for tasks to queue
[2024-08-29T19:55:24.509+0000] {logging_mixin.py:149} INFO - [2024-08-29T19:55:24.509+0000] {dagbag.py:541} INFO - Filling up the DagBag from /home/airflow-vm/data-engineer-batch-processing-financial-services/.venv/lib/python3.10/site-packages/airflow/example_dags/tutorial_taskflow_api.py
[2024-08-29T19:55:24.515+0000] {processor.py:836} INFO - DAG(s) dict_keys(['tutorial_taskflow_api']) retrieved from /home/airflow-vm/data-engineer-batch-processing-financial-services/.venv/lib/python3.10/site-packages/airflow/example_dags/tutorial_taskflow_api.py
[2024-08-29T19:55:24.534+0000] {logging_mixin.py:149} INFO - [2024-08-29T19:55:24.534+0000] {dag.py:2726} INFO - Sync 1 DAGs
[2024-08-29T19:55:24.554+0000] {logging_mixin.py:149} INFO - [2024-08-29T19:55:24.554+0000] {dag.py:3486} INFO - Setting next_dagrun for tutorial_taskflow_api to None, run_after=None
[2024-08-29T19:55:24.585+0000] {processor.py:179} INFO - Processing /home/airflow-vm/data-engineer-batch-processing-financial-services/.venv/lib/python3.10/site-packages/airflow/example_dags/tutorial_taskflow_api.py took 0.080 seconds
[2024-08-29T20:11:36.708+0000] {processor.py:157} INFO - Started process (PID=56328) to work on /home/airflow-vm/data-engineer-batch-processing-financial-services/.venv/lib/python3.10/site-packages/airflow/example_dags/tutorial_taskflow_api.py
[2024-08-29T20:11:36.709+0000] {processor.py:826} INFO - Processing file /home/airflow-vm/data-engineer-batch-processing-financial-services/.venv/lib/python3.10/site-packages/airflow/example_dags/tutorial_taskflow_api.py for tasks to queue
[2024-08-29T20:11:36.709+0000] {logging_mixin.py:149} INFO - [2024-08-29T20:11:36.709+0000] {dagbag.py:541} INFO - Filling up the DagBag from /home/airflow-vm/data-engineer-batch-processing-financial-services/.venv/lib/python3.10/site-packages/airflow/example_dags/tutorial_taskflow_api.py
[2024-08-29T20:11:36.716+0000] {processor.py:836} INFO - DAG(s) dict_keys(['tutorial_taskflow_api']) retrieved from /home/airflow-vm/data-engineer-batch-processing-financial-services/.venv/lib/python3.10/site-packages/airflow/example_dags/tutorial_taskflow_api.py
[2024-08-29T20:11:36.735+0000] {logging_mixin.py:149} INFO - [2024-08-29T20:11:36.735+0000] {dag.py:2726} INFO - Sync 1 DAGs
[2024-08-29T20:11:36.754+0000] {logging_mixin.py:149} INFO - [2024-08-29T20:11:36.753+0000] {dag.py:3486} INFO - Setting next_dagrun for tutorial_taskflow_api to None, run_after=None
[2024-08-29T20:11:36.785+0000] {processor.py:179} INFO - Processing /home/airflow-vm/data-engineer-batch-processing-financial-services/.venv/lib/python3.10/site-packages/airflow/example_dags/tutorial_taskflow_api.py took 0.080 seconds
[2024-08-29T20:12:22.059+0000] {processor.py:157} INFO - Started process (PID=56591) to work on /home/airflow-vm/data-engineer-batch-processing-financial-services/.venv/lib/python3.10/site-packages/airflow/example_dags/tutorial_taskflow_api.py
[2024-08-29T20:12:22.060+0000] {processor.py:826} INFO - Processing file /home/airflow-vm/data-engineer-batch-processing-financial-services/.venv/lib/python3.10/site-packages/airflow/example_dags/tutorial_taskflow_api.py for tasks to queue
[2024-08-29T20:12:22.061+0000] {logging_mixin.py:149} INFO - [2024-08-29T20:12:22.061+0000] {dagbag.py:541} INFO - Filling up the DagBag from /home/airflow-vm/data-engineer-batch-processing-financial-services/.venv/lib/python3.10/site-packages/airflow/example_dags/tutorial_taskflow_api.py
[2024-08-29T20:12:22.066+0000] {processor.py:836} INFO - DAG(s) dict_keys(['tutorial_taskflow_api']) retrieved from /home/airflow-vm/data-engineer-batch-processing-financial-services/.venv/lib/python3.10/site-packages/airflow/example_dags/tutorial_taskflow_api.py
[2024-08-29T20:12:22.083+0000] {logging_mixin.py:149} INFO - [2024-08-29T20:12:22.083+0000] {dag.py:2726} INFO - Sync 1 DAGs
[2024-08-29T20:12:22.102+0000] {logging_mixin.py:149} INFO - [2024-08-29T20:12:22.102+0000] {dag.py:3486} INFO - Setting next_dagrun for tutorial_taskflow_api to None, run_after=None
[2024-08-29T20:12:22.128+0000] {processor.py:179} INFO - Processing /home/airflow-vm/data-engineer-batch-processing-financial-services/.venv/lib/python3.10/site-packages/airflow/example_dags/tutorial_taskflow_api.py took 0.071 seconds
[2024-08-29T20:13:05.535+0000] {processor.py:157} INFO - Started process (PID=56875) to work on /home/airflow-vm/data-engineer-batch-processing-financial-services/.venv/lib/python3.10/site-packages/airflow/example_dags/tutorial_taskflow_api.py
[2024-08-29T20:13:05.536+0000] {processor.py:826} INFO - Processing file /home/airflow-vm/data-engineer-batch-processing-financial-services/.venv/lib/python3.10/site-packages/airflow/example_dags/tutorial_taskflow_api.py for tasks to queue
[2024-08-29T20:13:05.537+0000] {logging_mixin.py:149} INFO - [2024-08-29T20:13:05.537+0000] {dagbag.py:541} INFO - Filling up the DagBag from /home/airflow-vm/data-engineer-batch-processing-financial-services/.venv/lib/python3.10/site-packages/airflow/example_dags/tutorial_taskflow_api.py
[2024-08-29T20:13:05.542+0000] {processor.py:836} INFO - DAG(s) dict_keys(['tutorial_taskflow_api']) retrieved from /home/airflow-vm/data-engineer-batch-processing-financial-services/.venv/lib/python3.10/site-packages/airflow/example_dags/tutorial_taskflow_api.py
[2024-08-29T20:13:05.559+0000] {logging_mixin.py:149} INFO - [2024-08-29T20:13:05.559+0000] {dag.py:2726} INFO - Sync 1 DAGs
[2024-08-29T20:13:05.577+0000] {logging_mixin.py:149} INFO - [2024-08-29T20:13:05.577+0000] {dag.py:3486} INFO - Setting next_dagrun for tutorial_taskflow_api to None, run_after=None
[2024-08-29T20:13:05.604+0000] {processor.py:179} INFO - Processing /home/airflow-vm/data-engineer-batch-processing-financial-services/.venv/lib/python3.10/site-packages/airflow/example_dags/tutorial_taskflow_api.py took 0.072 seconds
[2024-08-29T20:15:04.308+0000] {processor.py:157} INFO - Started process (PID=57383) to work on /home/airflow-vm/data-engineer-batch-processing-financial-services/.venv/lib/python3.10/site-packages/airflow/example_dags/tutorial_taskflow_api.py
[2024-08-29T20:15:04.309+0000] {processor.py:826} INFO - Processing file /home/airflow-vm/data-engineer-batch-processing-financial-services/.venv/lib/python3.10/site-packages/airflow/example_dags/tutorial_taskflow_api.py for tasks to queue
[2024-08-29T20:15:04.310+0000] {logging_mixin.py:149} INFO - [2024-08-29T20:15:04.309+0000] {dagbag.py:541} INFO - Filling up the DagBag from /home/airflow-vm/data-engineer-batch-processing-financial-services/.venv/lib/python3.10/site-packages/airflow/example_dags/tutorial_taskflow_api.py
[2024-08-29T20:15:04.317+0000] {processor.py:836} INFO - DAG(s) dict_keys(['tutorial_taskflow_api']) retrieved from /home/airflow-vm/data-engineer-batch-processing-financial-services/.venv/lib/python3.10/site-packages/airflow/example_dags/tutorial_taskflow_api.py
[2024-08-29T20:15:04.336+0000] {logging_mixin.py:149} INFO - [2024-08-29T20:15:04.336+0000] {dag.py:2726} INFO - Sync 1 DAGs
[2024-08-29T20:15:04.355+0000] {logging_mixin.py:149} INFO - [2024-08-29T20:15:04.355+0000] {dag.py:3486} INFO - Setting next_dagrun for tutorial_taskflow_api to None, run_after=None
[2024-08-29T20:15:04.382+0000] {processor.py:179} INFO - Processing /home/airflow-vm/data-engineer-batch-processing-financial-services/.venv/lib/python3.10/site-packages/airflow/example_dags/tutorial_taskflow_api.py took 0.076 seconds
[2024-08-29T20:15:48.527+0000] {processor.py:157} INFO - Started process (PID=57892) to work on /home/airflow-vm/data-engineer-batch-processing-financial-services/.venv/lib/python3.10/site-packages/airflow/example_dags/tutorial_taskflow_api.py
[2024-08-29T20:15:48.528+0000] {processor.py:826} INFO - Processing file /home/airflow-vm/data-engineer-batch-processing-financial-services/.venv/lib/python3.10/site-packages/airflow/example_dags/tutorial_taskflow_api.py for tasks to queue
[2024-08-29T20:15:48.528+0000] {logging_mixin.py:149} INFO - [2024-08-29T20:15:48.528+0000] {dagbag.py:541} INFO - Filling up the DagBag from /home/airflow-vm/data-engineer-batch-processing-financial-services/.venv/lib/python3.10/site-packages/airflow/example_dags/tutorial_taskflow_api.py
[2024-08-29T20:15:48.534+0000] {processor.py:836} INFO - DAG(s) dict_keys(['tutorial_taskflow_api']) retrieved from /home/airflow-vm/data-engineer-batch-processing-financial-services/.venv/lib/python3.10/site-packages/airflow/example_dags/tutorial_taskflow_api.py
[2024-08-29T20:15:48.550+0000] {logging_mixin.py:149} INFO - [2024-08-29T20:15:48.550+0000] {dag.py:2726} INFO - Sync 1 DAGs
[2024-08-29T20:15:48.569+0000] {logging_mixin.py:149} INFO - [2024-08-29T20:15:48.569+0000] {dag.py:3486} INFO - Setting next_dagrun for tutorial_taskflow_api to None, run_after=None
[2024-08-29T20:15:48.596+0000] {processor.py:179} INFO - Processing /home/airflow-vm/data-engineer-batch-processing-financial-services/.venv/lib/python3.10/site-packages/airflow/example_dags/tutorial_taskflow_api.py took 0.071 seconds
[2024-08-29T20:16:35.123+0000] {processor.py:157} INFO - Started process (PID=58241) to work on /home/airflow-vm/data-engineer-batch-processing-financial-services/.venv/lib/python3.10/site-packages/airflow/example_dags/tutorial_taskflow_api.py
[2024-08-29T20:16:35.124+0000] {processor.py:826} INFO - Processing file /home/airflow-vm/data-engineer-batch-processing-financial-services/.venv/lib/python3.10/site-packages/airflow/example_dags/tutorial_taskflow_api.py for tasks to queue
[2024-08-29T20:16:35.125+0000] {logging_mixin.py:149} INFO - [2024-08-29T20:16:35.125+0000] {dagbag.py:541} INFO - Filling up the DagBag from /home/airflow-vm/data-engineer-batch-processing-financial-services/.venv/lib/python3.10/site-packages/airflow/example_dags/tutorial_taskflow_api.py
[2024-08-29T20:16:35.130+0000] {processor.py:836} INFO - DAG(s) dict_keys(['tutorial_taskflow_api']) retrieved from /home/airflow-vm/data-engineer-batch-processing-financial-services/.venv/lib/python3.10/site-packages/airflow/example_dags/tutorial_taskflow_api.py
[2024-08-29T20:16:35.148+0000] {logging_mixin.py:149} INFO - [2024-08-29T20:16:35.147+0000] {dag.py:2726} INFO - Sync 1 DAGs
[2024-08-29T20:16:35.166+0000] {logging_mixin.py:149} INFO - [2024-08-29T20:16:35.165+0000] {dag.py:3486} INFO - Setting next_dagrun for tutorial_taskflow_api to None, run_after=None
[2024-08-29T20:16:35.200+0000] {processor.py:179} INFO - Processing /home/airflow-vm/data-engineer-batch-processing-financial-services/.venv/lib/python3.10/site-packages/airflow/example_dags/tutorial_taskflow_api.py took 0.079 seconds
[2024-08-29T20:23:42.083+0000] {processor.py:157} INFO - Started process (PID=60727) to work on /home/airflow-vm/data-engineer-batch-processing-financial-services/.venv/lib/python3.10/site-packages/airflow/example_dags/tutorial_taskflow_api.py
[2024-08-29T20:23:42.084+0000] {processor.py:826} INFO - Processing file /home/airflow-vm/data-engineer-batch-processing-financial-services/.venv/lib/python3.10/site-packages/airflow/example_dags/tutorial_taskflow_api.py for tasks to queue
[2024-08-29T20:23:42.084+0000] {logging_mixin.py:149} INFO - [2024-08-29T20:23:42.084+0000] {dagbag.py:541} INFO - Filling up the DagBag from /home/airflow-vm/data-engineer-batch-processing-financial-services/.venv/lib/python3.10/site-packages/airflow/example_dags/tutorial_taskflow_api.py
[2024-08-29T20:23:42.091+0000] {processor.py:836} INFO - DAG(s) dict_keys(['tutorial_taskflow_api']) retrieved from /home/airflow-vm/data-engineer-batch-processing-financial-services/.venv/lib/python3.10/site-packages/airflow/example_dags/tutorial_taskflow_api.py
[2024-08-29T20:23:42.098+0000] {logging_mixin.py:149} INFO - [2024-08-29T20:23:42.098+0000] {dag.py:2726} INFO - Sync 1 DAGs
[2024-08-29T20:23:42.119+0000] {logging_mixin.py:149} INFO - [2024-08-29T20:23:42.119+0000] {dag.py:3486} INFO - Setting next_dagrun for tutorial_taskflow_api to None, run_after=None
[2024-08-29T20:23:42.145+0000] {processor.py:179} INFO - Processing /home/airflow-vm/data-engineer-batch-processing-financial-services/.venv/lib/python3.10/site-packages/airflow/example_dags/tutorial_taskflow_api.py took 0.065 seconds
[2024-08-29T20:25:39.593+0000] {processor.py:157} INFO - Started process (PID=62199) to work on /home/airflow-vm/data-engineer-batch-processing-financial-services/.venv/lib/python3.10/site-packages/airflow/example_dags/tutorial_taskflow_api.py
[2024-08-29T20:25:39.593+0000] {processor.py:826} INFO - Processing file /home/airflow-vm/data-engineer-batch-processing-financial-services/.venv/lib/python3.10/site-packages/airflow/example_dags/tutorial_taskflow_api.py for tasks to queue
[2024-08-29T20:25:39.594+0000] {logging_mixin.py:149} INFO - [2024-08-29T20:25:39.594+0000] {dagbag.py:541} INFO - Filling up the DagBag from /home/airflow-vm/data-engineer-batch-processing-financial-services/.venv/lib/python3.10/site-packages/airflow/example_dags/tutorial_taskflow_api.py
[2024-08-29T20:25:39.599+0000] {processor.py:836} INFO - DAG(s) dict_keys(['tutorial_taskflow_api']) retrieved from /home/airflow-vm/data-engineer-batch-processing-financial-services/.venv/lib/python3.10/site-packages/airflow/example_dags/tutorial_taskflow_api.py
[2024-08-29T20:25:39.615+0000] {logging_mixin.py:149} INFO - [2024-08-29T20:25:39.615+0000] {dag.py:2726} INFO - Sync 1 DAGs
[2024-08-29T20:25:39.634+0000] {logging_mixin.py:149} INFO - [2024-08-29T20:25:39.634+0000] {dag.py:3486} INFO - Setting next_dagrun for tutorial_taskflow_api to None, run_after=None
[2024-08-29T20:25:39.661+0000] {processor.py:179} INFO - Processing /home/airflow-vm/data-engineer-batch-processing-financial-services/.venv/lib/python3.10/site-packages/airflow/example_dags/tutorial_taskflow_api.py took 0.071 seconds
[2024-08-29T20:26:47.093+0000] {processor.py:157} INFO - Started process (PID=63070) to work on /home/airflow-vm/data-engineer-batch-processing-financial-services/.venv/lib/python3.10/site-packages/airflow/example_dags/tutorial_taskflow_api.py
[2024-08-29T20:26:47.094+0000] {processor.py:826} INFO - Processing file /home/airflow-vm/data-engineer-batch-processing-financial-services/.venv/lib/python3.10/site-packages/airflow/example_dags/tutorial_taskflow_api.py for tasks to queue
[2024-08-29T20:26:47.095+0000] {logging_mixin.py:149} INFO - [2024-08-29T20:26:47.095+0000] {dagbag.py:541} INFO - Filling up the DagBag from /home/airflow-vm/data-engineer-batch-processing-financial-services/.venv/lib/python3.10/site-packages/airflow/example_dags/tutorial_taskflow_api.py
[2024-08-29T20:26:47.100+0000] {processor.py:836} INFO - DAG(s) dict_keys(['tutorial_taskflow_api']) retrieved from /home/airflow-vm/data-engineer-batch-processing-financial-services/.venv/lib/python3.10/site-packages/airflow/example_dags/tutorial_taskflow_api.py
[2024-08-29T20:26:47.116+0000] {logging_mixin.py:149} INFO - [2024-08-29T20:26:47.116+0000] {dag.py:2726} INFO - Sync 1 DAGs
[2024-08-29T20:26:47.134+0000] {logging_mixin.py:149} INFO - [2024-08-29T20:26:47.134+0000] {dag.py:3486} INFO - Setting next_dagrun for tutorial_taskflow_api to None, run_after=None
[2024-08-29T20:26:47.161+0000] {processor.py:179} INFO - Processing /home/airflow-vm/data-engineer-batch-processing-financial-services/.venv/lib/python3.10/site-packages/airflow/example_dags/tutorial_taskflow_api.py took 0.070 seconds
[2024-08-29T20:27:30.983+0000] {processor.py:157} INFO - Started process (PID=63508) to work on /home/airflow-vm/data-engineer-batch-processing-financial-services/.venv/lib/python3.10/site-packages/airflow/example_dags/tutorial_taskflow_api.py
[2024-08-29T20:27:30.984+0000] {processor.py:826} INFO - Processing file /home/airflow-vm/data-engineer-batch-processing-financial-services/.venv/lib/python3.10/site-packages/airflow/example_dags/tutorial_taskflow_api.py for tasks to queue
[2024-08-29T20:27:30.984+0000] {logging_mixin.py:149} INFO - [2024-08-29T20:27:30.984+0000] {dagbag.py:541} INFO - Filling up the DagBag from /home/airflow-vm/data-engineer-batch-processing-financial-services/.venv/lib/python3.10/site-packages/airflow/example_dags/tutorial_taskflow_api.py
[2024-08-29T20:27:30.989+0000] {processor.py:836} INFO - DAG(s) dict_keys(['tutorial_taskflow_api']) retrieved from /home/airflow-vm/data-engineer-batch-processing-financial-services/.venv/lib/python3.10/site-packages/airflow/example_dags/tutorial_taskflow_api.py
[2024-08-29T20:27:31.005+0000] {logging_mixin.py:149} INFO - [2024-08-29T20:27:31.005+0000] {dag.py:2726} INFO - Sync 1 DAGs
[2024-08-29T20:27:31.024+0000] {logging_mixin.py:149} INFO - [2024-08-29T20:27:31.024+0000] {dag.py:3486} INFO - Setting next_dagrun for tutorial_taskflow_api to None, run_after=None
[2024-08-29T20:27:31.051+0000] {processor.py:179} INFO - Processing /home/airflow-vm/data-engineer-batch-processing-financial-services/.venv/lib/python3.10/site-packages/airflow/example_dags/tutorial_taskflow_api.py took 0.070 seconds
[2024-08-29T20:28:13.476+0000] {processor.py:157} INFO - Started process (PID=63574) to work on /home/airflow-vm/data-engineer-batch-processing-financial-services/.venv/lib/python3.10/site-packages/airflow/example_dags/tutorial_taskflow_api.py
[2024-08-29T20:28:13.477+0000] {processor.py:826} INFO - Processing file /home/airflow-vm/data-engineer-batch-processing-financial-services/.venv/lib/python3.10/site-packages/airflow/example_dags/tutorial_taskflow_api.py for tasks to queue
[2024-08-29T20:28:13.477+0000] {logging_mixin.py:149} INFO - [2024-08-29T20:28:13.477+0000] {dagbag.py:541} INFO - Filling up the DagBag from /home/airflow-vm/data-engineer-batch-processing-financial-services/.venv/lib/python3.10/site-packages/airflow/example_dags/tutorial_taskflow_api.py
[2024-08-29T20:28:13.483+0000] {processor.py:836} INFO - DAG(s) dict_keys(['tutorial_taskflow_api']) retrieved from /home/airflow-vm/data-engineer-batch-processing-financial-services/.venv/lib/python3.10/site-packages/airflow/example_dags/tutorial_taskflow_api.py
[2024-08-29T20:28:13.500+0000] {logging_mixin.py:149} INFO - [2024-08-29T20:28:13.500+0000] {dag.py:2726} INFO - Sync 1 DAGs
[2024-08-29T20:28:13.519+0000] {logging_mixin.py:149} INFO - [2024-08-29T20:28:13.519+0000] {dag.py:3486} INFO - Setting next_dagrun for tutorial_taskflow_api to None, run_after=None
[2024-08-29T20:28:13.547+0000] {processor.py:179} INFO - Processing /home/airflow-vm/data-engineer-batch-processing-financial-services/.venv/lib/python3.10/site-packages/airflow/example_dags/tutorial_taskflow_api.py took 0.074 seconds
[2024-08-29T20:29:34.600+0000] {processor.py:157} INFO - Started process (PID=64543) to work on /home/airflow-vm/data-engineer-batch-processing-financial-services/.venv/lib/python3.10/site-packages/airflow/example_dags/tutorial_taskflow_api.py
[2024-08-29T20:29:34.601+0000] {processor.py:826} INFO - Processing file /home/airflow-vm/data-engineer-batch-processing-financial-services/.venv/lib/python3.10/site-packages/airflow/example_dags/tutorial_taskflow_api.py for tasks to queue
[2024-08-29T20:29:34.602+0000] {logging_mixin.py:149} INFO - [2024-08-29T20:29:34.601+0000] {dagbag.py:541} INFO - Filling up the DagBag from /home/airflow-vm/data-engineer-batch-processing-financial-services/.venv/lib/python3.10/site-packages/airflow/example_dags/tutorial_taskflow_api.py
[2024-08-29T20:29:34.607+0000] {processor.py:836} INFO - DAG(s) dict_keys(['tutorial_taskflow_api']) retrieved from /home/airflow-vm/data-engineer-batch-processing-financial-services/.venv/lib/python3.10/site-packages/airflow/example_dags/tutorial_taskflow_api.py
[2024-08-29T20:29:34.623+0000] {logging_mixin.py:149} INFO - [2024-08-29T20:29:34.623+0000] {dag.py:2726} INFO - Sync 1 DAGs
[2024-08-29T20:29:34.641+0000] {logging_mixin.py:149} INFO - [2024-08-29T20:29:34.641+0000] {dag.py:3486} INFO - Setting next_dagrun for tutorial_taskflow_api to None, run_after=None
[2024-08-29T20:29:34.668+0000] {processor.py:179} INFO - Processing /home/airflow-vm/data-engineer-batch-processing-financial-services/.venv/lib/python3.10/site-packages/airflow/example_dags/tutorial_taskflow_api.py took 0.070 seconds
[2024-08-29T20:30:43.816+0000] {processor.py:157} INFO - Started process (PID=65223) to work on /home/airflow-vm/data-engineer-batch-processing-financial-services/.venv/lib/python3.10/site-packages/airflow/example_dags/tutorial_taskflow_api.py
[2024-08-29T20:30:43.817+0000] {processor.py:826} INFO - Processing file /home/airflow-vm/data-engineer-batch-processing-financial-services/.venv/lib/python3.10/site-packages/airflow/example_dags/tutorial_taskflow_api.py for tasks to queue
[2024-08-29T20:30:43.817+0000] {logging_mixin.py:149} INFO - [2024-08-29T20:30:43.817+0000] {dagbag.py:541} INFO - Filling up the DagBag from /home/airflow-vm/data-engineer-batch-processing-financial-services/.venv/lib/python3.10/site-packages/airflow/example_dags/tutorial_taskflow_api.py
[2024-08-29T20:30:43.824+0000] {processor.py:836} INFO - DAG(s) dict_keys(['tutorial_taskflow_api']) retrieved from /home/airflow-vm/data-engineer-batch-processing-financial-services/.venv/lib/python3.10/site-packages/airflow/example_dags/tutorial_taskflow_api.py
[2024-08-29T20:30:43.831+0000] {logging_mixin.py:149} INFO - [2024-08-29T20:30:43.831+0000] {dag.py:2726} INFO - Sync 1 DAGs
[2024-08-29T20:30:43.852+0000] {logging_mixin.py:149} INFO - [2024-08-29T20:30:43.852+0000] {dag.py:3486} INFO - Setting next_dagrun for tutorial_taskflow_api to None, run_after=None
[2024-08-29T20:30:43.882+0000] {processor.py:179} INFO - Processing /home/airflow-vm/data-engineer-batch-processing-financial-services/.venv/lib/python3.10/site-packages/airflow/example_dags/tutorial_taskflow_api.py took 0.069 seconds
[2024-08-29T20:32:34.515+0000] {processor.py:157} INFO - Started process (PID=66599) to work on /home/airflow-vm/data-engineer-batch-processing-financial-services/.venv/lib/python3.10/site-packages/airflow/example_dags/tutorial_taskflow_api.py
[2024-08-29T20:32:34.516+0000] {processor.py:826} INFO - Processing file /home/airflow-vm/data-engineer-batch-processing-financial-services/.venv/lib/python3.10/site-packages/airflow/example_dags/tutorial_taskflow_api.py for tasks to queue
[2024-08-29T20:32:34.517+0000] {logging_mixin.py:149} INFO - [2024-08-29T20:32:34.517+0000] {dagbag.py:541} INFO - Filling up the DagBag from /home/airflow-vm/data-engineer-batch-processing-financial-services/.venv/lib/python3.10/site-packages/airflow/example_dags/tutorial_taskflow_api.py
[2024-08-29T20:32:34.522+0000] {processor.py:836} INFO - DAG(s) dict_keys(['tutorial_taskflow_api']) retrieved from /home/airflow-vm/data-engineer-batch-processing-financial-services/.venv/lib/python3.10/site-packages/airflow/example_dags/tutorial_taskflow_api.py
[2024-08-29T20:32:34.538+0000] {logging_mixin.py:149} INFO - [2024-08-29T20:32:34.538+0000] {dag.py:2726} INFO - Sync 1 DAGs
[2024-08-29T20:32:34.557+0000] {logging_mixin.py:149} INFO - [2024-08-29T20:32:34.556+0000] {dag.py:3486} INFO - Setting next_dagrun for tutorial_taskflow_api to None, run_after=None
[2024-08-29T20:32:34.583+0000] {processor.py:179} INFO - Processing /home/airflow-vm/data-engineer-batch-processing-financial-services/.venv/lib/python3.10/site-packages/airflow/example_dags/tutorial_taskflow_api.py took 0.070 seconds
[2024-08-29T20:33:57.753+0000] {processor.py:157} INFO - Started process (PID=67629) to work on /home/airflow-vm/data-engineer-batch-processing-financial-services/.venv/lib/python3.10/site-packages/airflow/example_dags/tutorial_taskflow_api.py
[2024-08-29T20:33:57.754+0000] {processor.py:826} INFO - Processing file /home/airflow-vm/data-engineer-batch-processing-financial-services/.venv/lib/python3.10/site-packages/airflow/example_dags/tutorial_taskflow_api.py for tasks to queue
[2024-08-29T20:33:57.755+0000] {logging_mixin.py:149} INFO - [2024-08-29T20:33:57.755+0000] {dagbag.py:541} INFO - Filling up the DagBag from /home/airflow-vm/data-engineer-batch-processing-financial-services/.venv/lib/python3.10/site-packages/airflow/example_dags/tutorial_taskflow_api.py
[2024-08-29T20:33:57.761+0000] {processor.py:836} INFO - DAG(s) dict_keys(['tutorial_taskflow_api']) retrieved from /home/airflow-vm/data-engineer-batch-processing-financial-services/.venv/lib/python3.10/site-packages/airflow/example_dags/tutorial_taskflow_api.py
[2024-08-29T20:33:57.778+0000] {logging_mixin.py:149} INFO - [2024-08-29T20:33:57.778+0000] {dag.py:2726} INFO - Sync 1 DAGs
[2024-08-29T20:33:57.798+0000] {logging_mixin.py:149} INFO - [2024-08-29T20:33:57.798+0000] {dag.py:3486} INFO - Setting next_dagrun for tutorial_taskflow_api to None, run_after=None
[2024-08-29T20:33:57.826+0000] {processor.py:179} INFO - Processing /home/airflow-vm/data-engineer-batch-processing-financial-services/.venv/lib/python3.10/site-packages/airflow/example_dags/tutorial_taskflow_api.py took 0.075 seconds
[2024-08-29T20:35:10.084+0000] {processor.py:157} INFO - Started process (PID=68565) to work on /home/airflow-vm/data-engineer-batch-processing-financial-services/.venv/lib/python3.10/site-packages/airflow/example_dags/tutorial_taskflow_api.py
[2024-08-29T20:35:10.085+0000] {processor.py:826} INFO - Processing file /home/airflow-vm/data-engineer-batch-processing-financial-services/.venv/lib/python3.10/site-packages/airflow/example_dags/tutorial_taskflow_api.py for tasks to queue
[2024-08-29T20:35:10.085+0000] {logging_mixin.py:149} INFO - [2024-08-29T20:35:10.085+0000] {dagbag.py:541} INFO - Filling up the DagBag from /home/airflow-vm/data-engineer-batch-processing-financial-services/.venv/lib/python3.10/site-packages/airflow/example_dags/tutorial_taskflow_api.py
[2024-08-29T20:35:10.093+0000] {processor.py:836} INFO - DAG(s) dict_keys(['tutorial_taskflow_api']) retrieved from /home/airflow-vm/data-engineer-batch-processing-financial-services/.venv/lib/python3.10/site-packages/airflow/example_dags/tutorial_taskflow_api.py
[2024-08-29T20:35:10.101+0000] {logging_mixin.py:149} INFO - [2024-08-29T20:35:10.100+0000] {dag.py:2726} INFO - Sync 1 DAGs
[2024-08-29T20:35:10.124+0000] {logging_mixin.py:149} INFO - [2024-08-29T20:35:10.124+0000] {dag.py:3486} INFO - Setting next_dagrun for tutorial_taskflow_api to None, run_after=None
[2024-08-29T20:35:10.154+0000] {processor.py:179} INFO - Processing /home/airflow-vm/data-engineer-batch-processing-financial-services/.venv/lib/python3.10/site-packages/airflow/example_dags/tutorial_taskflow_api.py took 0.073 seconds
[2024-08-29T20:37:05.993+0000] {processor.py:157} INFO - Started process (PID=69989) to work on /home/airflow-vm/data-engineer-batch-processing-financial-services/.venv/lib/python3.10/site-packages/airflow/example_dags/tutorial_taskflow_api.py
[2024-08-29T20:37:05.994+0000] {processor.py:826} INFO - Processing file /home/airflow-vm/data-engineer-batch-processing-financial-services/.venv/lib/python3.10/site-packages/airflow/example_dags/tutorial_taskflow_api.py for tasks to queue
[2024-08-29T20:37:05.994+0000] {logging_mixin.py:149} INFO - [2024-08-29T20:37:05.994+0000] {dagbag.py:541} INFO - Filling up the DagBag from /home/airflow-vm/data-engineer-batch-processing-financial-services/.venv/lib/python3.10/site-packages/airflow/example_dags/tutorial_taskflow_api.py
[2024-08-29T20:37:05.999+0000] {processor.py:836} INFO - DAG(s) dict_keys(['tutorial_taskflow_api']) retrieved from /home/airflow-vm/data-engineer-batch-processing-financial-services/.venv/lib/python3.10/site-packages/airflow/example_dags/tutorial_taskflow_api.py
[2024-08-29T20:37:06.016+0000] {logging_mixin.py:149} INFO - [2024-08-29T20:37:06.015+0000] {dag.py:2726} INFO - Sync 1 DAGs
[2024-08-29T20:37:06.034+0000] {logging_mixin.py:149} INFO - [2024-08-29T20:37:06.034+0000] {dag.py:3486} INFO - Setting next_dagrun for tutorial_taskflow_api to None, run_after=None
[2024-08-29T20:37:06.061+0000] {processor.py:179} INFO - Processing /home/airflow-vm/data-engineer-batch-processing-financial-services/.venv/lib/python3.10/site-packages/airflow/example_dags/tutorial_taskflow_api.py took 0.070 seconds
[2024-08-29T20:38:30.382+0000] {processor.py:157} INFO - Started process (PID=71168) to work on /home/airflow-vm/data-engineer-batch-processing-financial-services/.venv/lib/python3.10/site-packages/airflow/example_dags/tutorial_taskflow_api.py
[2024-08-29T20:38:30.383+0000] {processor.py:826} INFO - Processing file /home/airflow-vm/data-engineer-batch-processing-financial-services/.venv/lib/python3.10/site-packages/airflow/example_dags/tutorial_taskflow_api.py for tasks to queue
[2024-08-29T20:38:30.384+0000] {logging_mixin.py:149} INFO - [2024-08-29T20:38:30.384+0000] {dagbag.py:541} INFO - Filling up the DagBag from /home/airflow-vm/data-engineer-batch-processing-financial-services/.venv/lib/python3.10/site-packages/airflow/example_dags/tutorial_taskflow_api.py
[2024-08-29T20:38:30.389+0000] {processor.py:836} INFO - DAG(s) dict_keys(['tutorial_taskflow_api']) retrieved from /home/airflow-vm/data-engineer-batch-processing-financial-services/.venv/lib/python3.10/site-packages/airflow/example_dags/tutorial_taskflow_api.py
[2024-08-29T20:38:30.406+0000] {logging_mixin.py:149} INFO - [2024-08-29T20:38:30.406+0000] {dag.py:2726} INFO - Sync 1 DAGs
[2024-08-29T20:38:30.424+0000] {logging_mixin.py:149} INFO - [2024-08-29T20:38:30.424+0000] {dag.py:3486} INFO - Setting next_dagrun for tutorial_taskflow_api to None, run_after=None
[2024-08-29T20:38:30.450+0000] {processor.py:179} INFO - Processing /home/airflow-vm/data-engineer-batch-processing-financial-services/.venv/lib/python3.10/site-packages/airflow/example_dags/tutorial_taskflow_api.py took 0.070 seconds
