[2024-08-29T19:47:47.407+0000] {processor.py:157} INFO - Started process (PID=48862) to work on /home/airflow-vm/data-engineer-batch-processing-financial-services/.venv/lib/python3.10/site-packages/airflow/example_dags/plugins/workday.py
[2024-08-29T19:47:47.407+0000] {processor.py:826} INFO - Processing file /home/airflow-vm/data-engineer-batch-processing-financial-services/.venv/lib/python3.10/site-packages/airflow/example_dags/plugins/workday.py for tasks to queue
[2024-08-29T19:47:47.408+0000] {logging_mixin.py:149} INFO - [2024-08-29T19:47:47.408+0000] {dagbag.py:541} INFO - Filling up the DagBag from /home/airflow-vm/data-engineer-batch-processing-financial-services/.venv/lib/python3.10/site-packages/airflow/example_dags/plugins/workday.py
[2024-08-29T19:47:47.410+0000] {logging_mixin.py:149} INFO - [2024-08-29T19:47:47.410+0000] {workday.py:36} WARNING - Could not import pandas. Holidays will not be considered.
[2024-08-29T19:47:47.410+0000] {processor.py:838} WARNING - No viable dags retrieved from /home/airflow-vm/data-engineer-batch-processing-financial-services/.venv/lib/python3.10/site-packages/airflow/example_dags/plugins/workday.py
[2024-08-29T19:47:47.418+0000] {processor.py:179} INFO - Processing /home/airflow-vm/data-engineer-batch-processing-financial-services/.venv/lib/python3.10/site-packages/airflow/example_dags/plugins/workday.py took 0.014 seconds
[2024-08-29T19:48:37.766+0000] {processor.py:157} INFO - Started process (PID=49355) to work on /home/airflow-vm/data-engineer-batch-processing-financial-services/.venv/lib/python3.10/site-packages/airflow/example_dags/plugins/workday.py
[2024-08-29T19:48:37.767+0000] {processor.py:826} INFO - Processing file /home/airflow-vm/data-engineer-batch-processing-financial-services/.venv/lib/python3.10/site-packages/airflow/example_dags/plugins/workday.py for tasks to queue
[2024-08-29T19:48:37.767+0000] {logging_mixin.py:149} INFO - [2024-08-29T19:48:37.767+0000] {dagbag.py:541} INFO - Filling up the DagBag from /home/airflow-vm/data-engineer-batch-processing-financial-services/.venv/lib/python3.10/site-packages/airflow/example_dags/plugins/workday.py
[2024-08-29T19:48:37.769+0000] {logging_mixin.py:149} INFO - [2024-08-29T19:48:37.769+0000] {workday.py:36} WARNING - Could not import pandas. Holidays will not be considered.
[2024-08-29T19:48:37.770+0000] {processor.py:838} WARNING - No viable dags retrieved from /home/airflow-vm/data-engineer-batch-processing-financial-services/.venv/lib/python3.10/site-packages/airflow/example_dags/plugins/workday.py
[2024-08-29T19:48:37.778+0000] {processor.py:179} INFO - Processing /home/airflow-vm/data-engineer-batch-processing-financial-services/.venv/lib/python3.10/site-packages/airflow/example_dags/plugins/workday.py took 0.014 seconds
[2024-08-29T19:49:25.324+0000] {processor.py:157} INFO - Started process (PID=49637) to work on /home/airflow-vm/data-engineer-batch-processing-financial-services/.venv/lib/python3.10/site-packages/airflow/example_dags/plugins/workday.py
[2024-08-29T19:49:25.325+0000] {processor.py:826} INFO - Processing file /home/airflow-vm/data-engineer-batch-processing-financial-services/.venv/lib/python3.10/site-packages/airflow/example_dags/plugins/workday.py for tasks to queue
[2024-08-29T19:49:25.325+0000] {logging_mixin.py:149} INFO - [2024-08-29T19:49:25.325+0000] {dagbag.py:541} INFO - Filling up the DagBag from /home/airflow-vm/data-engineer-batch-processing-financial-services/.venv/lib/python3.10/site-packages/airflow/example_dags/plugins/workday.py
[2024-08-29T19:49:25.328+0000] {logging_mixin.py:149} INFO - [2024-08-29T19:49:25.328+0000] {workday.py:36} WARNING - Could not import pandas. Holidays will not be considered.
[2024-08-29T19:49:25.328+0000] {processor.py:838} WARNING - No viable dags retrieved from /home/airflow-vm/data-engineer-batch-processing-financial-services/.venv/lib/python3.10/site-packages/airflow/example_dags/plugins/workday.py
[2024-08-29T19:49:25.337+0000] {processor.py:179} INFO - Processing /home/airflow-vm/data-engineer-batch-processing-financial-services/.venv/lib/python3.10/site-packages/airflow/example_dags/plugins/workday.py took 0.015 seconds
[2024-08-29T19:50:14.006+0000] {processor.py:157} INFO - Started process (PID=49782) to work on /home/airflow-vm/data-engineer-batch-processing-financial-services/.venv/lib/python3.10/site-packages/airflow/example_dags/plugins/workday.py
[2024-08-29T19:50:14.007+0000] {processor.py:826} INFO - Processing file /home/airflow-vm/data-engineer-batch-processing-financial-services/.venv/lib/python3.10/site-packages/airflow/example_dags/plugins/workday.py for tasks to queue
[2024-08-29T19:50:14.008+0000] {logging_mixin.py:149} INFO - [2024-08-29T19:50:14.008+0000] {dagbag.py:541} INFO - Filling up the DagBag from /home/airflow-vm/data-engineer-batch-processing-financial-services/.venv/lib/python3.10/site-packages/airflow/example_dags/plugins/workday.py
[2024-08-29T19:50:14.010+0000] {logging_mixin.py:149} INFO - [2024-08-29T19:50:14.010+0000] {workday.py:36} WARNING - Could not import pandas. Holidays will not be considered.
[2024-08-29T19:50:14.010+0000] {processor.py:838} WARNING - No viable dags retrieved from /home/airflow-vm/data-engineer-batch-processing-financial-services/.venv/lib/python3.10/site-packages/airflow/example_dags/plugins/workday.py
[2024-08-29T19:50:14.019+0000] {processor.py:179} INFO - Processing /home/airflow-vm/data-engineer-batch-processing-financial-services/.venv/lib/python3.10/site-packages/airflow/example_dags/plugins/workday.py took 0.015 seconds
[2024-08-29T19:50:59.149+0000] {processor.py:157} INFO - Started process (PID=50480) to work on /home/airflow-vm/data-engineer-batch-processing-financial-services/.venv/lib/python3.10/site-packages/airflow/example_dags/plugins/workday.py
[2024-08-29T19:50:59.150+0000] {processor.py:826} INFO - Processing file /home/airflow-vm/data-engineer-batch-processing-financial-services/.venv/lib/python3.10/site-packages/airflow/example_dags/plugins/workday.py for tasks to queue
[2024-08-29T19:50:59.151+0000] {logging_mixin.py:149} INFO - [2024-08-29T19:50:59.150+0000] {dagbag.py:541} INFO - Filling up the DagBag from /home/airflow-vm/data-engineer-batch-processing-financial-services/.venv/lib/python3.10/site-packages/airflow/example_dags/plugins/workday.py
[2024-08-29T19:50:59.153+0000] {logging_mixin.py:149} INFO - [2024-08-29T19:50:59.153+0000] {workday.py:36} WARNING - Could not import pandas. Holidays will not be considered.
[2024-08-29T19:50:59.153+0000] {processor.py:838} WARNING - No viable dags retrieved from /home/airflow-vm/data-engineer-batch-processing-financial-services/.venv/lib/python3.10/site-packages/airflow/example_dags/plugins/workday.py
[2024-08-29T19:50:59.161+0000] {processor.py:179} INFO - Processing /home/airflow-vm/data-engineer-batch-processing-financial-services/.venv/lib/python3.10/site-packages/airflow/example_dags/plugins/workday.py took 0.015 seconds
[2024-08-29T19:51:47.789+0000] {processor.py:157} INFO - Started process (PID=50818) to work on /home/airflow-vm/data-engineer-batch-processing-financial-services/.venv/lib/python3.10/site-packages/airflow/example_dags/plugins/workday.py
[2024-08-29T19:51:47.790+0000] {processor.py:826} INFO - Processing file /home/airflow-vm/data-engineer-batch-processing-financial-services/.venv/lib/python3.10/site-packages/airflow/example_dags/plugins/workday.py for tasks to queue
[2024-08-29T19:51:47.790+0000] {logging_mixin.py:149} INFO - [2024-08-29T19:51:47.790+0000] {dagbag.py:541} INFO - Filling up the DagBag from /home/airflow-vm/data-engineer-batch-processing-financial-services/.venv/lib/python3.10/site-packages/airflow/example_dags/plugins/workday.py
[2024-08-29T19:51:47.793+0000] {logging_mixin.py:149} INFO - [2024-08-29T19:51:47.792+0000] {workday.py:36} WARNING - Could not import pandas. Holidays will not be considered.
[2024-08-29T19:51:47.793+0000] {processor.py:838} WARNING - No viable dags retrieved from /home/airflow-vm/data-engineer-batch-processing-financial-services/.venv/lib/python3.10/site-packages/airflow/example_dags/plugins/workday.py
[2024-08-29T19:51:47.802+0000] {processor.py:179} INFO - Processing /home/airflow-vm/data-engineer-batch-processing-financial-services/.venv/lib/python3.10/site-packages/airflow/example_dags/plugins/workday.py took 0.016 seconds
[2024-08-29T19:52:35.224+0000] {processor.py:157} INFO - Started process (PID=50946) to work on /home/airflow-vm/data-engineer-batch-processing-financial-services/.venv/lib/python3.10/site-packages/airflow/example_dags/plugins/workday.py
[2024-08-29T19:52:35.224+0000] {processor.py:826} INFO - Processing file /home/airflow-vm/data-engineer-batch-processing-financial-services/.venv/lib/python3.10/site-packages/airflow/example_dags/plugins/workday.py for tasks to queue
[2024-08-29T19:52:35.225+0000] {logging_mixin.py:149} INFO - [2024-08-29T19:52:35.225+0000] {dagbag.py:541} INFO - Filling up the DagBag from /home/airflow-vm/data-engineer-batch-processing-financial-services/.venv/lib/python3.10/site-packages/airflow/example_dags/plugins/workday.py
[2024-08-29T19:52:35.227+0000] {logging_mixin.py:149} INFO - [2024-08-29T19:52:35.227+0000] {workday.py:36} WARNING - Could not import pandas. Holidays will not be considered.
[2024-08-29T19:52:35.227+0000] {processor.py:838} WARNING - No viable dags retrieved from /home/airflow-vm/data-engineer-batch-processing-financial-services/.venv/lib/python3.10/site-packages/airflow/example_dags/plugins/workday.py
[2024-08-29T19:52:35.236+0000] {processor.py:179} INFO - Processing /home/airflow-vm/data-engineer-batch-processing-financial-services/.venv/lib/python3.10/site-packages/airflow/example_dags/plugins/workday.py took 0.015 seconds
[2024-08-29T19:53:19.073+0000] {processor.py:157} INFO - Started process (PID=51050) to work on /home/airflow-vm/data-engineer-batch-processing-financial-services/.venv/lib/python3.10/site-packages/airflow/example_dags/plugins/workday.py
[2024-08-29T19:53:19.074+0000] {processor.py:826} INFO - Processing file /home/airflow-vm/data-engineer-batch-processing-financial-services/.venv/lib/python3.10/site-packages/airflow/example_dags/plugins/workday.py for tasks to queue
[2024-08-29T19:53:19.074+0000] {logging_mixin.py:149} INFO - [2024-08-29T19:53:19.074+0000] {dagbag.py:541} INFO - Filling up the DagBag from /home/airflow-vm/data-engineer-batch-processing-financial-services/.venv/lib/python3.10/site-packages/airflow/example_dags/plugins/workday.py
[2024-08-29T19:53:19.076+0000] {logging_mixin.py:149} INFO - [2024-08-29T19:53:19.076+0000] {workday.py:36} WARNING - Could not import pandas. Holidays will not be considered.
[2024-08-29T19:53:19.077+0000] {processor.py:838} WARNING - No viable dags retrieved from /home/airflow-vm/data-engineer-batch-processing-financial-services/.venv/lib/python3.10/site-packages/airflow/example_dags/plugins/workday.py
[2024-08-29T19:53:19.085+0000] {processor.py:179} INFO - Processing /home/airflow-vm/data-engineer-batch-processing-financial-services/.venv/lib/python3.10/site-packages/airflow/example_dags/plugins/workday.py took 0.015 seconds
[2024-08-29T19:54:04.132+0000] {processor.py:157} INFO - Started process (PID=51184) to work on /home/airflow-vm/data-engineer-batch-processing-financial-services/.venv/lib/python3.10/site-packages/airflow/example_dags/plugins/workday.py
[2024-08-29T19:54:04.133+0000] {processor.py:826} INFO - Processing file /home/airflow-vm/data-engineer-batch-processing-financial-services/.venv/lib/python3.10/site-packages/airflow/example_dags/plugins/workday.py for tasks to queue
[2024-08-29T19:54:04.134+0000] {logging_mixin.py:149} INFO - [2024-08-29T19:54:04.134+0000] {dagbag.py:541} INFO - Filling up the DagBag from /home/airflow-vm/data-engineer-batch-processing-financial-services/.venv/lib/python3.10/site-packages/airflow/example_dags/plugins/workday.py
[2024-08-29T19:54:04.136+0000] {logging_mixin.py:149} INFO - [2024-08-29T19:54:04.136+0000] {workday.py:36} WARNING - Could not import pandas. Holidays will not be considered.
[2024-08-29T19:54:04.136+0000] {processor.py:838} WARNING - No viable dags retrieved from /home/airflow-vm/data-engineer-batch-processing-financial-services/.venv/lib/python3.10/site-packages/airflow/example_dags/plugins/workday.py
[2024-08-29T19:54:04.145+0000] {processor.py:179} INFO - Processing /home/airflow-vm/data-engineer-batch-processing-financial-services/.venv/lib/python3.10/site-packages/airflow/example_dags/plugins/workday.py took 0.015 seconds
[2024-08-29T19:54:50.683+0000] {processor.py:157} INFO - Started process (PID=51414) to work on /home/airflow-vm/data-engineer-batch-processing-financial-services/.venv/lib/python3.10/site-packages/airflow/example_dags/plugins/workday.py
[2024-08-29T19:54:50.684+0000] {processor.py:826} INFO - Processing file /home/airflow-vm/data-engineer-batch-processing-financial-services/.venv/lib/python3.10/site-packages/airflow/example_dags/plugins/workday.py for tasks to queue
[2024-08-29T19:54:50.684+0000] {logging_mixin.py:149} INFO - [2024-08-29T19:54:50.684+0000] {dagbag.py:541} INFO - Filling up the DagBag from /home/airflow-vm/data-engineer-batch-processing-financial-services/.venv/lib/python3.10/site-packages/airflow/example_dags/plugins/workday.py
[2024-08-29T19:54:50.686+0000] {logging_mixin.py:149} INFO - [2024-08-29T19:54:50.686+0000] {workday.py:36} WARNING - Could not import pandas. Holidays will not be considered.
[2024-08-29T19:54:50.686+0000] {processor.py:838} WARNING - No viable dags retrieved from /home/airflow-vm/data-engineer-batch-processing-financial-services/.venv/lib/python3.10/site-packages/airflow/example_dags/plugins/workday.py
[2024-08-29T19:54:50.694+0000] {processor.py:179} INFO - Processing /home/airflow-vm/data-engineer-batch-processing-financial-services/.venv/lib/python3.10/site-packages/airflow/example_dags/plugins/workday.py took 0.014 seconds
[2024-08-29T19:55:29.666+0000] {processor.py:157} INFO - Started process (PID=51708) to work on /home/airflow-vm/data-engineer-batch-processing-financial-services/.venv/lib/python3.10/site-packages/airflow/example_dags/plugins/workday.py
[2024-08-29T19:55:29.667+0000] {processor.py:826} INFO - Processing file /home/airflow-vm/data-engineer-batch-processing-financial-services/.venv/lib/python3.10/site-packages/airflow/example_dags/plugins/workday.py for tasks to queue
[2024-08-29T19:55:29.668+0000] {logging_mixin.py:149} INFO - [2024-08-29T19:55:29.667+0000] {dagbag.py:541} INFO - Filling up the DagBag from /home/airflow-vm/data-engineer-batch-processing-financial-services/.venv/lib/python3.10/site-packages/airflow/example_dags/plugins/workday.py
[2024-08-29T19:55:29.670+0000] {logging_mixin.py:149} INFO - [2024-08-29T19:55:29.670+0000] {workday.py:36} WARNING - Could not import pandas. Holidays will not be considered.
[2024-08-29T19:55:29.670+0000] {processor.py:838} WARNING - No viable dags retrieved from /home/airflow-vm/data-engineer-batch-processing-financial-services/.venv/lib/python3.10/site-packages/airflow/example_dags/plugins/workday.py
[2024-08-29T19:55:29.679+0000] {processor.py:179} INFO - Processing /home/airflow-vm/data-engineer-batch-processing-financial-services/.venv/lib/python3.10/site-packages/airflow/example_dags/plugins/workday.py took 0.016 seconds
[2024-08-29T20:11:42.978+0000] {processor.py:157} INFO - Started process (PID=56379) to work on /home/airflow-vm/data-engineer-batch-processing-financial-services/.venv/lib/python3.10/site-packages/airflow/example_dags/plugins/workday.py
[2024-08-29T20:11:42.978+0000] {processor.py:826} INFO - Processing file /home/airflow-vm/data-engineer-batch-processing-financial-services/.venv/lib/python3.10/site-packages/airflow/example_dags/plugins/workday.py for tasks to queue
[2024-08-29T20:11:42.979+0000] {logging_mixin.py:149} INFO - [2024-08-29T20:11:42.979+0000] {dagbag.py:541} INFO - Filling up the DagBag from /home/airflow-vm/data-engineer-batch-processing-financial-services/.venv/lib/python3.10/site-packages/airflow/example_dags/plugins/workday.py
[2024-08-29T20:11:42.981+0000] {logging_mixin.py:149} INFO - [2024-08-29T20:11:42.981+0000] {workday.py:36} WARNING - Could not import pandas. Holidays will not be considered.
[2024-08-29T20:11:42.981+0000] {processor.py:838} WARNING - No viable dags retrieved from /home/airflow-vm/data-engineer-batch-processing-financial-services/.venv/lib/python3.10/site-packages/airflow/example_dags/plugins/workday.py
[2024-08-29T20:11:42.989+0000] {processor.py:179} INFO - Processing /home/airflow-vm/data-engineer-batch-processing-financial-services/.venv/lib/python3.10/site-packages/airflow/example_dags/plugins/workday.py took 0.014 seconds
[2024-08-29T20:12:28.387+0000] {processor.py:157} INFO - Started process (PID=56636) to work on /home/airflow-vm/data-engineer-batch-processing-financial-services/.venv/lib/python3.10/site-packages/airflow/example_dags/plugins/workday.py
[2024-08-29T20:12:28.388+0000] {processor.py:826} INFO - Processing file /home/airflow-vm/data-engineer-batch-processing-financial-services/.venv/lib/python3.10/site-packages/airflow/example_dags/plugins/workday.py for tasks to queue
[2024-08-29T20:12:28.388+0000] {logging_mixin.py:149} INFO - [2024-08-29T20:12:28.388+0000] {dagbag.py:541} INFO - Filling up the DagBag from /home/airflow-vm/data-engineer-batch-processing-financial-services/.venv/lib/python3.10/site-packages/airflow/example_dags/plugins/workday.py
[2024-08-29T20:12:28.390+0000] {logging_mixin.py:149} INFO - [2024-08-29T20:12:28.390+0000] {workday.py:36} WARNING - Could not import pandas. Holidays will not be considered.
[2024-08-29T20:12:28.390+0000] {processor.py:838} WARNING - No viable dags retrieved from /home/airflow-vm/data-engineer-batch-processing-financial-services/.venv/lib/python3.10/site-packages/airflow/example_dags/plugins/workday.py
[2024-08-29T20:12:28.399+0000] {processor.py:179} INFO - Processing /home/airflow-vm/data-engineer-batch-processing-financial-services/.venv/lib/python3.10/site-packages/airflow/example_dags/plugins/workday.py took 0.015 seconds
[2024-08-29T20:13:11.273+0000] {processor.py:157} INFO - Started process (PID=56881) to work on /home/airflow-vm/data-engineer-batch-processing-financial-services/.venv/lib/python3.10/site-packages/airflow/example_dags/plugins/workday.py
[2024-08-29T20:13:11.274+0000] {processor.py:826} INFO - Processing file /home/airflow-vm/data-engineer-batch-processing-financial-services/.venv/lib/python3.10/site-packages/airflow/example_dags/plugins/workday.py for tasks to queue
[2024-08-29T20:13:11.275+0000] {logging_mixin.py:149} INFO - [2024-08-29T20:13:11.275+0000] {dagbag.py:541} INFO - Filling up the DagBag from /home/airflow-vm/data-engineer-batch-processing-financial-services/.venv/lib/python3.10/site-packages/airflow/example_dags/plugins/workday.py
[2024-08-29T20:13:11.277+0000] {logging_mixin.py:149} INFO - [2024-08-29T20:13:11.277+0000] {workday.py:36} WARNING - Could not import pandas. Holidays will not be considered.
[2024-08-29T20:13:11.277+0000] {processor.py:838} WARNING - No viable dags retrieved from /home/airflow-vm/data-engineer-batch-processing-financial-services/.venv/lib/python3.10/site-packages/airflow/example_dags/plugins/workday.py
[2024-08-29T20:13:11.285+0000] {processor.py:179} INFO - Processing /home/airflow-vm/data-engineer-batch-processing-financial-services/.venv/lib/python3.10/site-packages/airflow/example_dags/plugins/workday.py took 0.014 seconds
[2024-08-29T20:15:09.471+0000] {processor.py:157} INFO - Started process (PID=57431) to work on /home/airflow-vm/data-engineer-batch-processing-financial-services/.venv/lib/python3.10/site-packages/airflow/example_dags/plugins/workday.py
[2024-08-29T20:15:09.472+0000] {processor.py:826} INFO - Processing file /home/airflow-vm/data-engineer-batch-processing-financial-services/.venv/lib/python3.10/site-packages/airflow/example_dags/plugins/workday.py for tasks to queue
[2024-08-29T20:15:09.473+0000] {logging_mixin.py:149} INFO - [2024-08-29T20:15:09.473+0000] {dagbag.py:541} INFO - Filling up the DagBag from /home/airflow-vm/data-engineer-batch-processing-financial-services/.venv/lib/python3.10/site-packages/airflow/example_dags/plugins/workday.py
[2024-08-29T20:15:09.475+0000] {logging_mixin.py:149} INFO - [2024-08-29T20:15:09.475+0000] {workday.py:36} WARNING - Could not import pandas. Holidays will not be considered.
[2024-08-29T20:15:09.475+0000] {processor.py:838} WARNING - No viable dags retrieved from /home/airflow-vm/data-engineer-batch-processing-financial-services/.venv/lib/python3.10/site-packages/airflow/example_dags/plugins/workday.py
[2024-08-29T20:15:09.483+0000] {processor.py:179} INFO - Processing /home/airflow-vm/data-engineer-batch-processing-financial-services/.venv/lib/python3.10/site-packages/airflow/example_dags/plugins/workday.py took 0.014 seconds
[2024-08-29T20:15:54.837+0000] {processor.py:157} INFO - Started process (PID=57928) to work on /home/airflow-vm/data-engineer-batch-processing-financial-services/.venv/lib/python3.10/site-packages/airflow/example_dags/plugins/workday.py
[2024-08-29T20:15:54.838+0000] {processor.py:826} INFO - Processing file /home/airflow-vm/data-engineer-batch-processing-financial-services/.venv/lib/python3.10/site-packages/airflow/example_dags/plugins/workday.py for tasks to queue
[2024-08-29T20:15:54.839+0000] {logging_mixin.py:149} INFO - [2024-08-29T20:15:54.839+0000] {dagbag.py:541} INFO - Filling up the DagBag from /home/airflow-vm/data-engineer-batch-processing-financial-services/.venv/lib/python3.10/site-packages/airflow/example_dags/plugins/workday.py
[2024-08-29T20:15:54.841+0000] {logging_mixin.py:149} INFO - [2024-08-29T20:15:54.840+0000] {workday.py:36} WARNING - Could not import pandas. Holidays will not be considered.
[2024-08-29T20:15:54.841+0000] {processor.py:838} WARNING - No viable dags retrieved from /home/airflow-vm/data-engineer-batch-processing-financial-services/.venv/lib/python3.10/site-packages/airflow/example_dags/plugins/workday.py
[2024-08-29T20:15:54.849+0000] {processor.py:179} INFO - Processing /home/airflow-vm/data-engineer-batch-processing-financial-services/.venv/lib/python3.10/site-packages/airflow/example_dags/plugins/workday.py took 0.014 seconds
[2024-08-29T20:23:57.516+0000] {processor.py:157} INFO - Started process (PID=60920) to work on /home/airflow-vm/data-engineer-batch-processing-financial-services/.venv/lib/python3.10/site-packages/airflow/example_dags/plugins/workday.py
[2024-08-29T20:23:57.517+0000] {processor.py:826} INFO - Processing file /home/airflow-vm/data-engineer-batch-processing-financial-services/.venv/lib/python3.10/site-packages/airflow/example_dags/plugins/workday.py for tasks to queue
[2024-08-29T20:23:57.518+0000] {logging_mixin.py:149} INFO - [2024-08-29T20:23:57.518+0000] {dagbag.py:541} INFO - Filling up the DagBag from /home/airflow-vm/data-engineer-batch-processing-financial-services/.venv/lib/python3.10/site-packages/airflow/example_dags/plugins/workday.py
[2024-08-29T20:23:57.520+0000] {logging_mixin.py:149} INFO - [2024-08-29T20:23:57.519+0000] {workday.py:36} WARNING - Could not import pandas. Holidays will not be considered.
[2024-08-29T20:23:57.520+0000] {processor.py:838} WARNING - No viable dags retrieved from /home/airflow-vm/data-engineer-batch-processing-financial-services/.venv/lib/python3.10/site-packages/airflow/example_dags/plugins/workday.py
[2024-08-29T20:23:57.528+0000] {processor.py:179} INFO - Processing /home/airflow-vm/data-engineer-batch-processing-financial-services/.venv/lib/python3.10/site-packages/airflow/example_dags/plugins/workday.py took 0.014 seconds
[2024-08-29T20:25:53.743+0000] {processor.py:157} INFO - Started process (PID=62402) to work on /home/airflow-vm/data-engineer-batch-processing-financial-services/.venv/lib/python3.10/site-packages/airflow/example_dags/plugins/workday.py
[2024-08-29T20:25:53.743+0000] {processor.py:826} INFO - Processing file /home/airflow-vm/data-engineer-batch-processing-financial-services/.venv/lib/python3.10/site-packages/airflow/example_dags/plugins/workday.py for tasks to queue
[2024-08-29T20:25:53.744+0000] {logging_mixin.py:149} INFO - [2024-08-29T20:25:53.744+0000] {dagbag.py:541} INFO - Filling up the DagBag from /home/airflow-vm/data-engineer-batch-processing-financial-services/.venv/lib/python3.10/site-packages/airflow/example_dags/plugins/workday.py
[2024-08-29T20:25:53.746+0000] {logging_mixin.py:149} INFO - [2024-08-29T20:25:53.746+0000] {workday.py:36} WARNING - Could not import pandas. Holidays will not be considered.
[2024-08-29T20:25:53.746+0000] {processor.py:838} WARNING - No viable dags retrieved from /home/airflow-vm/data-engineer-batch-processing-financial-services/.venv/lib/python3.10/site-packages/airflow/example_dags/plugins/workday.py
[2024-08-29T20:25:53.754+0000] {processor.py:179} INFO - Processing /home/airflow-vm/data-engineer-batch-processing-financial-services/.venv/lib/python3.10/site-packages/airflow/example_dags/plugins/workday.py took 0.014 seconds
[2024-08-29T20:26:52.098+0000] {processor.py:157} INFO - Started process (PID=63130) to work on /home/airflow-vm/data-engineer-batch-processing-financial-services/.venv/lib/python3.10/site-packages/airflow/example_dags/plugins/workday.py
[2024-08-29T20:26:52.099+0000] {processor.py:826} INFO - Processing file /home/airflow-vm/data-engineer-batch-processing-financial-services/.venv/lib/python3.10/site-packages/airflow/example_dags/plugins/workday.py for tasks to queue
[2024-08-29T20:26:52.100+0000] {logging_mixin.py:149} INFO - [2024-08-29T20:26:52.099+0000] {dagbag.py:541} INFO - Filling up the DagBag from /home/airflow-vm/data-engineer-batch-processing-financial-services/.venv/lib/python3.10/site-packages/airflow/example_dags/plugins/workday.py
[2024-08-29T20:26:52.102+0000] {logging_mixin.py:149} INFO - [2024-08-29T20:26:52.102+0000] {workday.py:36} WARNING - Could not import pandas. Holidays will not be considered.
[2024-08-29T20:26:52.102+0000] {processor.py:838} WARNING - No viable dags retrieved from /home/airflow-vm/data-engineer-batch-processing-financial-services/.venv/lib/python3.10/site-packages/airflow/example_dags/plugins/workday.py
[2024-08-29T20:26:52.111+0000] {processor.py:179} INFO - Processing /home/airflow-vm/data-engineer-batch-processing-financial-services/.venv/lib/python3.10/site-packages/airflow/example_dags/plugins/workday.py took 0.015 seconds
[2024-08-29T20:27:37.276+0000] {processor.py:157} INFO - Started process (PID=63521) to work on /home/airflow-vm/data-engineer-batch-processing-financial-services/.venv/lib/python3.10/site-packages/airflow/example_dags/plugins/workday.py
[2024-08-29T20:27:37.277+0000] {processor.py:826} INFO - Processing file /home/airflow-vm/data-engineer-batch-processing-financial-services/.venv/lib/python3.10/site-packages/airflow/example_dags/plugins/workday.py for tasks to queue
[2024-08-29T20:27:37.278+0000] {logging_mixin.py:149} INFO - [2024-08-29T20:27:37.278+0000] {dagbag.py:541} INFO - Filling up the DagBag from /home/airflow-vm/data-engineer-batch-processing-financial-services/.venv/lib/python3.10/site-packages/airflow/example_dags/plugins/workday.py
[2024-08-29T20:27:37.280+0000] {logging_mixin.py:149} INFO - [2024-08-29T20:27:37.279+0000] {workday.py:36} WARNING - Could not import pandas. Holidays will not be considered.
[2024-08-29T20:27:37.280+0000] {processor.py:838} WARNING - No viable dags retrieved from /home/airflow-vm/data-engineer-batch-processing-financial-services/.venv/lib/python3.10/site-packages/airflow/example_dags/plugins/workday.py
[2024-08-29T20:27:37.288+0000] {processor.py:179} INFO - Processing /home/airflow-vm/data-engineer-batch-processing-financial-services/.venv/lib/python3.10/site-packages/airflow/example_dags/plugins/workday.py took 0.014 seconds
[2024-08-29T20:28:20.334+0000] {processor.py:157} INFO - Started process (PID=63595) to work on /home/airflow-vm/data-engineer-batch-processing-financial-services/.venv/lib/python3.10/site-packages/airflow/example_dags/plugins/workday.py
[2024-08-29T20:28:20.335+0000] {processor.py:826} INFO - Processing file /home/airflow-vm/data-engineer-batch-processing-financial-services/.venv/lib/python3.10/site-packages/airflow/example_dags/plugins/workday.py for tasks to queue
[2024-08-29T20:28:20.336+0000] {logging_mixin.py:149} INFO - [2024-08-29T20:28:20.335+0000] {dagbag.py:541} INFO - Filling up the DagBag from /home/airflow-vm/data-engineer-batch-processing-financial-services/.venv/lib/python3.10/site-packages/airflow/example_dags/plugins/workday.py
[2024-08-29T20:28:20.338+0000] {logging_mixin.py:149} INFO - [2024-08-29T20:28:20.337+0000] {workday.py:36} WARNING - Could not import pandas. Holidays will not be considered.
[2024-08-29T20:28:20.338+0000] {processor.py:838} WARNING - No viable dags retrieved from /home/airflow-vm/data-engineer-batch-processing-financial-services/.venv/lib/python3.10/site-packages/airflow/example_dags/plugins/workday.py
[2024-08-29T20:28:20.346+0000] {processor.py:179} INFO - Processing /home/airflow-vm/data-engineer-batch-processing-financial-services/.venv/lib/python3.10/site-packages/airflow/example_dags/plugins/workday.py took 0.015 seconds
[2024-08-29T20:29:48.318+0000] {processor.py:157} INFO - Started process (PID=64703) to work on /home/airflow-vm/data-engineer-batch-processing-financial-services/.venv/lib/python3.10/site-packages/airflow/example_dags/plugins/workday.py
[2024-08-29T20:29:48.319+0000] {processor.py:826} INFO - Processing file /home/airflow-vm/data-engineer-batch-processing-financial-services/.venv/lib/python3.10/site-packages/airflow/example_dags/plugins/workday.py for tasks to queue
[2024-08-29T20:29:48.320+0000] {logging_mixin.py:149} INFO - [2024-08-29T20:29:48.320+0000] {dagbag.py:541} INFO - Filling up the DagBag from /home/airflow-vm/data-engineer-batch-processing-financial-services/.venv/lib/python3.10/site-packages/airflow/example_dags/plugins/workday.py
[2024-08-29T20:29:48.322+0000] {logging_mixin.py:149} INFO - [2024-08-29T20:29:48.322+0000] {workday.py:36} WARNING - Could not import pandas. Holidays will not be considered.
[2024-08-29T20:29:48.322+0000] {processor.py:838} WARNING - No viable dags retrieved from /home/airflow-vm/data-engineer-batch-processing-financial-services/.venv/lib/python3.10/site-packages/airflow/example_dags/plugins/workday.py
[2024-08-29T20:29:48.330+0000] {processor.py:179} INFO - Processing /home/airflow-vm/data-engineer-batch-processing-financial-services/.venv/lib/python3.10/site-packages/airflow/example_dags/plugins/workday.py took 0.014 seconds
[2024-08-29T20:30:58.564+0000] {processor.py:157} INFO - Started process (PID=65416) to work on /home/airflow-vm/data-engineer-batch-processing-financial-services/.venv/lib/python3.10/site-packages/airflow/example_dags/plugins/workday.py
[2024-08-29T20:30:58.564+0000] {processor.py:826} INFO - Processing file /home/airflow-vm/data-engineer-batch-processing-financial-services/.venv/lib/python3.10/site-packages/airflow/example_dags/plugins/workday.py for tasks to queue
[2024-08-29T20:30:58.565+0000] {logging_mixin.py:149} INFO - [2024-08-29T20:30:58.565+0000] {dagbag.py:541} INFO - Filling up the DagBag from /home/airflow-vm/data-engineer-batch-processing-financial-services/.venv/lib/python3.10/site-packages/airflow/example_dags/plugins/workday.py
[2024-08-29T20:30:58.567+0000] {logging_mixin.py:149} INFO - [2024-08-29T20:30:58.567+0000] {workday.py:36} WARNING - Could not import pandas. Holidays will not be considered.
[2024-08-29T20:30:58.567+0000] {processor.py:838} WARNING - No viable dags retrieved from /home/airflow-vm/data-engineer-batch-processing-financial-services/.venv/lib/python3.10/site-packages/airflow/example_dags/plugins/workday.py
[2024-08-29T20:30:58.576+0000] {processor.py:179} INFO - Processing /home/airflow-vm/data-engineer-batch-processing-financial-services/.venv/lib/python3.10/site-packages/airflow/example_dags/plugins/workday.py took 0.015 seconds
[2024-08-29T20:32:49.219+0000] {processor.py:157} INFO - Started process (PID=66783) to work on /home/airflow-vm/data-engineer-batch-processing-financial-services/.venv/lib/python3.10/site-packages/airflow/example_dags/plugins/workday.py
[2024-08-29T20:32:49.219+0000] {processor.py:826} INFO - Processing file /home/airflow-vm/data-engineer-batch-processing-financial-services/.venv/lib/python3.10/site-packages/airflow/example_dags/plugins/workday.py for tasks to queue
[2024-08-29T20:32:49.220+0000] {logging_mixin.py:149} INFO - [2024-08-29T20:32:49.220+0000] {dagbag.py:541} INFO - Filling up the DagBag from /home/airflow-vm/data-engineer-batch-processing-financial-services/.venv/lib/python3.10/site-packages/airflow/example_dags/plugins/workday.py
[2024-08-29T20:32:49.222+0000] {logging_mixin.py:149} INFO - [2024-08-29T20:32:49.222+0000] {workday.py:36} WARNING - Could not import pandas. Holidays will not be considered.
[2024-08-29T20:32:49.222+0000] {processor.py:838} WARNING - No viable dags retrieved from /home/airflow-vm/data-engineer-batch-processing-financial-services/.venv/lib/python3.10/site-packages/airflow/example_dags/plugins/workday.py
[2024-08-29T20:32:49.230+0000] {processor.py:179} INFO - Processing /home/airflow-vm/data-engineer-batch-processing-financial-services/.venv/lib/python3.10/site-packages/airflow/example_dags/plugins/workday.py took 0.014 seconds
[2024-08-29T20:34:13.291+0000] {processor.py:157} INFO - Started process (PID=67862) to work on /home/airflow-vm/data-engineer-batch-processing-financial-services/.venv/lib/python3.10/site-packages/airflow/example_dags/plugins/workday.py
[2024-08-29T20:34:13.292+0000] {processor.py:826} INFO - Processing file /home/airflow-vm/data-engineer-batch-processing-financial-services/.venv/lib/python3.10/site-packages/airflow/example_dags/plugins/workday.py for tasks to queue
[2024-08-29T20:34:13.292+0000] {logging_mixin.py:149} INFO - [2024-08-29T20:34:13.292+0000] {dagbag.py:541} INFO - Filling up the DagBag from /home/airflow-vm/data-engineer-batch-processing-financial-services/.venv/lib/python3.10/site-packages/airflow/example_dags/plugins/workday.py
[2024-08-29T20:34:13.294+0000] {logging_mixin.py:149} INFO - [2024-08-29T20:34:13.294+0000] {workday.py:36} WARNING - Could not import pandas. Holidays will not be considered.
[2024-08-29T20:34:13.295+0000] {processor.py:838} WARNING - No viable dags retrieved from /home/airflow-vm/data-engineer-batch-processing-financial-services/.venv/lib/python3.10/site-packages/airflow/example_dags/plugins/workday.py
[2024-08-29T20:34:13.303+0000] {processor.py:179} INFO - Processing /home/airflow-vm/data-engineer-batch-processing-financial-services/.venv/lib/python3.10/site-packages/airflow/example_dags/plugins/workday.py took 0.015 seconds
[2024-08-29T20:35:26.489+0000] {processor.py:157} INFO - Started process (PID=68759) to work on /home/airflow-vm/data-engineer-batch-processing-financial-services/.venv/lib/python3.10/site-packages/airflow/example_dags/plugins/workday.py
[2024-08-29T20:35:26.490+0000] {processor.py:826} INFO - Processing file /home/airflow-vm/data-engineer-batch-processing-financial-services/.venv/lib/python3.10/site-packages/airflow/example_dags/plugins/workday.py for tasks to queue
[2024-08-29T20:35:26.490+0000] {logging_mixin.py:149} INFO - [2024-08-29T20:35:26.490+0000] {dagbag.py:541} INFO - Filling up the DagBag from /home/airflow-vm/data-engineer-batch-processing-financial-services/.venv/lib/python3.10/site-packages/airflow/example_dags/plugins/workday.py
[2024-08-29T20:35:26.492+0000] {logging_mixin.py:149} INFO - [2024-08-29T20:35:26.492+0000] {workday.py:36} WARNING - Could not import pandas. Holidays will not be considered.
[2024-08-29T20:35:26.493+0000] {processor.py:838} WARNING - No viable dags retrieved from /home/airflow-vm/data-engineer-batch-processing-financial-services/.venv/lib/python3.10/site-packages/airflow/example_dags/plugins/workday.py
[2024-08-29T20:35:26.502+0000] {processor.py:179} INFO - Processing /home/airflow-vm/data-engineer-batch-processing-financial-services/.venv/lib/python3.10/site-packages/airflow/example_dags/plugins/workday.py took 0.016 seconds
[2024-08-29T20:37:20.004+0000] {processor.py:157} INFO - Started process (PID=70179) to work on /home/airflow-vm/data-engineer-batch-processing-financial-services/.venv/lib/python3.10/site-packages/airflow/example_dags/plugins/workday.py
[2024-08-29T20:37:20.005+0000] {processor.py:826} INFO - Processing file /home/airflow-vm/data-engineer-batch-processing-financial-services/.venv/lib/python3.10/site-packages/airflow/example_dags/plugins/workday.py for tasks to queue
[2024-08-29T20:37:20.006+0000] {logging_mixin.py:149} INFO - [2024-08-29T20:37:20.006+0000] {dagbag.py:541} INFO - Filling up the DagBag from /home/airflow-vm/data-engineer-batch-processing-financial-services/.venv/lib/python3.10/site-packages/airflow/example_dags/plugins/workday.py
[2024-08-29T20:37:20.008+0000] {logging_mixin.py:149} INFO - [2024-08-29T20:37:20.008+0000] {workday.py:36} WARNING - Could not import pandas. Holidays will not be considered.
[2024-08-29T20:37:20.008+0000] {processor.py:838} WARNING - No viable dags retrieved from /home/airflow-vm/data-engineer-batch-processing-financial-services/.venv/lib/python3.10/site-packages/airflow/example_dags/plugins/workday.py
[2024-08-29T20:37:20.016+0000] {processor.py:179} INFO - Processing /home/airflow-vm/data-engineer-batch-processing-financial-services/.venv/lib/python3.10/site-packages/airflow/example_dags/plugins/workday.py took 0.014 seconds
[2024-08-29T20:38:44.982+0000] {processor.py:157} INFO - Started process (PID=71356) to work on /home/airflow-vm/data-engineer-batch-processing-financial-services/.venv/lib/python3.10/site-packages/airflow/example_dags/plugins/workday.py
[2024-08-29T20:38:44.982+0000] {processor.py:826} INFO - Processing file /home/airflow-vm/data-engineer-batch-processing-financial-services/.venv/lib/python3.10/site-packages/airflow/example_dags/plugins/workday.py for tasks to queue
[2024-08-29T20:38:44.983+0000] {logging_mixin.py:149} INFO - [2024-08-29T20:38:44.983+0000] {dagbag.py:541} INFO - Filling up the DagBag from /home/airflow-vm/data-engineer-batch-processing-financial-services/.venv/lib/python3.10/site-packages/airflow/example_dags/plugins/workday.py
[2024-08-29T20:38:44.985+0000] {logging_mixin.py:149} INFO - [2024-08-29T20:38:44.985+0000] {workday.py:36} WARNING - Could not import pandas. Holidays will not be considered.
[2024-08-29T20:38:44.985+0000] {processor.py:838} WARNING - No viable dags retrieved from /home/airflow-vm/data-engineer-batch-processing-financial-services/.venv/lib/python3.10/site-packages/airflow/example_dags/plugins/workday.py
[2024-08-29T20:38:44.993+0000] {processor.py:179} INFO - Processing /home/airflow-vm/data-engineer-batch-processing-financial-services/.venv/lib/python3.10/site-packages/airflow/example_dags/plugins/workday.py took 0.014 seconds
