[2024-09-03T10:58:04.995+0000] {processor.py:157} INFO - Started process (PID=3436) to work on /home/airflow-vm/data-engineer-batch-processing-financial-services/.venv/lib/python3.10/site-packages/airflow/example_dags/plugins/workday.py
[2024-09-03T10:58:04.996+0000] {processor.py:826} INFO - Processing file /home/airflow-vm/data-engineer-batch-processing-financial-services/.venv/lib/python3.10/site-packages/airflow/example_dags/plugins/workday.py for tasks to queue
[2024-09-03T10:58:04.996+0000] {logging_mixin.py:149} INFO - [2024-09-03T10:58:04.996+0000] {dagbag.py:541} INFO - Filling up the DagBag from /home/airflow-vm/data-engineer-batch-processing-financial-services/.venv/lib/python3.10/site-packages/airflow/example_dags/plugins/workday.py
[2024-09-03T10:58:06.598+0000] {processor.py:838} WARNING - No viable dags retrieved from /home/airflow-vm/data-engineer-batch-processing-financial-services/.venv/lib/python3.10/site-packages/airflow/example_dags/plugins/workday.py
[2024-09-03T10:58:06.607+0000] {processor.py:179} INFO - Processing /home/airflow-vm/data-engineer-batch-processing-financial-services/.venv/lib/python3.10/site-packages/airflow/example_dags/plugins/workday.py took 1.615 seconds
[2024-09-03T10:58:52.351+0000] {processor.py:157} INFO - Started process (PID=3738) to work on /home/airflow-vm/data-engineer-batch-processing-financial-services/.venv/lib/python3.10/site-packages/airflow/example_dags/plugins/workday.py
[2024-09-03T10:58:52.352+0000] {processor.py:826} INFO - Processing file /home/airflow-vm/data-engineer-batch-processing-financial-services/.venv/lib/python3.10/site-packages/airflow/example_dags/plugins/workday.py for tasks to queue
[2024-09-03T10:58:52.352+0000] {logging_mixin.py:149} INFO - [2024-09-03T10:58:52.352+0000] {dagbag.py:541} INFO - Filling up the DagBag from /home/airflow-vm/data-engineer-batch-processing-financial-services/.venv/lib/python3.10/site-packages/airflow/example_dags/plugins/workday.py
[2024-09-03T10:58:52.613+0000] {processor.py:838} WARNING - No viable dags retrieved from /home/airflow-vm/data-engineer-batch-processing-financial-services/.venv/lib/python3.10/site-packages/airflow/example_dags/plugins/workday.py
[2024-09-03T10:58:52.622+0000] {processor.py:179} INFO - Processing /home/airflow-vm/data-engineer-batch-processing-financial-services/.venv/lib/python3.10/site-packages/airflow/example_dags/plugins/workday.py took 0.273 seconds
[2024-09-03T10:59:38.493+0000] {processor.py:157} INFO - Started process (PID=3864) to work on /home/airflow-vm/data-engineer-batch-processing-financial-services/.venv/lib/python3.10/site-packages/airflow/example_dags/plugins/workday.py
[2024-09-03T10:59:38.494+0000] {processor.py:826} INFO - Processing file /home/airflow-vm/data-engineer-batch-processing-financial-services/.venv/lib/python3.10/site-packages/airflow/example_dags/plugins/workday.py for tasks to queue
[2024-09-03T10:59:38.494+0000] {logging_mixin.py:149} INFO - [2024-09-03T10:59:38.494+0000] {dagbag.py:541} INFO - Filling up the DagBag from /home/airflow-vm/data-engineer-batch-processing-financial-services/.venv/lib/python3.10/site-packages/airflow/example_dags/plugins/workday.py
[2024-09-03T10:59:38.759+0000] {processor.py:838} WARNING - No viable dags retrieved from /home/airflow-vm/data-engineer-batch-processing-financial-services/.venv/lib/python3.10/site-packages/airflow/example_dags/plugins/workday.py
[2024-09-03T10:59:38.769+0000] {processor.py:179} INFO - Processing /home/airflow-vm/data-engineer-batch-processing-financial-services/.venv/lib/python3.10/site-packages/airflow/example_dags/plugins/workday.py took 0.279 seconds
[2024-09-03T11:00:22.395+0000] {processor.py:157} INFO - Started process (PID=4264) to work on /home/airflow-vm/data-engineer-batch-processing-financial-services/.venv/lib/python3.10/site-packages/airflow/example_dags/plugins/workday.py
[2024-09-03T11:00:22.396+0000] {processor.py:826} INFO - Processing file /home/airflow-vm/data-engineer-batch-processing-financial-services/.venv/lib/python3.10/site-packages/airflow/example_dags/plugins/workday.py for tasks to queue
[2024-09-03T11:00:22.397+0000] {logging_mixin.py:149} INFO - [2024-09-03T11:00:22.396+0000] {dagbag.py:541} INFO - Filling up the DagBag from /home/airflow-vm/data-engineer-batch-processing-financial-services/.venv/lib/python3.10/site-packages/airflow/example_dags/plugins/workday.py
[2024-09-03T11:00:22.661+0000] {processor.py:838} WARNING - No viable dags retrieved from /home/airflow-vm/data-engineer-batch-processing-financial-services/.venv/lib/python3.10/site-packages/airflow/example_dags/plugins/workday.py
[2024-09-03T11:00:22.671+0000] {processor.py:179} INFO - Processing /home/airflow-vm/data-engineer-batch-processing-financial-services/.venv/lib/python3.10/site-packages/airflow/example_dags/plugins/workday.py took 0.278 seconds
[2024-09-03T11:01:08.423+0000] {processor.py:157} INFO - Started process (PID=4647) to work on /home/airflow-vm/data-engineer-batch-processing-financial-services/.venv/lib/python3.10/site-packages/airflow/example_dags/plugins/workday.py
[2024-09-03T11:01:08.424+0000] {processor.py:826} INFO - Processing file /home/airflow-vm/data-engineer-batch-processing-financial-services/.venv/lib/python3.10/site-packages/airflow/example_dags/plugins/workday.py for tasks to queue
[2024-09-03T11:01:08.424+0000] {logging_mixin.py:149} INFO - [2024-09-03T11:01:08.424+0000] {dagbag.py:541} INFO - Filling up the DagBag from /home/airflow-vm/data-engineer-batch-processing-financial-services/.venv/lib/python3.10/site-packages/airflow/example_dags/plugins/workday.py
[2024-09-03T11:01:08.690+0000] {processor.py:838} WARNING - No viable dags retrieved from /home/airflow-vm/data-engineer-batch-processing-financial-services/.venv/lib/python3.10/site-packages/airflow/example_dags/plugins/workday.py
[2024-09-03T11:01:08.698+0000] {processor.py:179} INFO - Processing /home/airflow-vm/data-engineer-batch-processing-financial-services/.venv/lib/python3.10/site-packages/airflow/example_dags/plugins/workday.py took 0.278 seconds
[2024-09-03T11:01:55.054+0000] {processor.py:157} INFO - Started process (PID=4785) to work on /home/airflow-vm/data-engineer-batch-processing-financial-services/.venv/lib/python3.10/site-packages/airflow/example_dags/plugins/workday.py
[2024-09-03T11:01:55.055+0000] {processor.py:826} INFO - Processing file /home/airflow-vm/data-engineer-batch-processing-financial-services/.venv/lib/python3.10/site-packages/airflow/example_dags/plugins/workday.py for tasks to queue
[2024-09-03T11:01:55.056+0000] {logging_mixin.py:149} INFO - [2024-09-03T11:01:55.056+0000] {dagbag.py:541} INFO - Filling up the DagBag from /home/airflow-vm/data-engineer-batch-processing-financial-services/.venv/lib/python3.10/site-packages/airflow/example_dags/plugins/workday.py
[2024-09-03T11:01:55.316+0000] {processor.py:838} WARNING - No viable dags retrieved from /home/airflow-vm/data-engineer-batch-processing-financial-services/.venv/lib/python3.10/site-packages/airflow/example_dags/plugins/workday.py
[2024-09-03T11:01:55.324+0000] {processor.py:179} INFO - Processing /home/airflow-vm/data-engineer-batch-processing-financial-services/.venv/lib/python3.10/site-packages/airflow/example_dags/plugins/workday.py took 0.273 seconds
[2024-09-03T11:02:42.967+0000] {processor.py:157} INFO - Started process (PID=4918) to work on /home/airflow-vm/data-engineer-batch-processing-financial-services/.venv/lib/python3.10/site-packages/airflow/example_dags/plugins/workday.py
[2024-09-03T11:02:42.968+0000] {processor.py:826} INFO - Processing file /home/airflow-vm/data-engineer-batch-processing-financial-services/.venv/lib/python3.10/site-packages/airflow/example_dags/plugins/workday.py for tasks to queue
[2024-09-03T11:02:42.969+0000] {logging_mixin.py:149} INFO - [2024-09-03T11:02:42.969+0000] {dagbag.py:541} INFO - Filling up the DagBag from /home/airflow-vm/data-engineer-batch-processing-financial-services/.venv/lib/python3.10/site-packages/airflow/example_dags/plugins/workday.py
[2024-09-03T11:02:43.237+0000] {processor.py:838} WARNING - No viable dags retrieved from /home/airflow-vm/data-engineer-batch-processing-financial-services/.venv/lib/python3.10/site-packages/airflow/example_dags/plugins/workday.py
[2024-09-03T11:02:43.246+0000] {processor.py:179} INFO - Processing /home/airflow-vm/data-engineer-batch-processing-financial-services/.venv/lib/python3.10/site-packages/airflow/example_dags/plugins/workday.py took 0.282 seconds
[2024-09-03T11:03:49.793+0000] {processor.py:157} INFO - Started process (PID=5493) to work on /home/airflow-vm/data-engineer-batch-processing-financial-services/.venv/lib/python3.10/site-packages/airflow/example_dags/plugins/workday.py
[2024-09-03T11:03:49.794+0000] {processor.py:826} INFO - Processing file /home/airflow-vm/data-engineer-batch-processing-financial-services/.venv/lib/python3.10/site-packages/airflow/example_dags/plugins/workday.py for tasks to queue
[2024-09-03T11:03:49.795+0000] {logging_mixin.py:149} INFO - [2024-09-03T11:03:49.795+0000] {dagbag.py:541} INFO - Filling up the DagBag from /home/airflow-vm/data-engineer-batch-processing-financial-services/.venv/lib/python3.10/site-packages/airflow/example_dags/plugins/workday.py
[2024-09-03T11:03:50.055+0000] {processor.py:838} WARNING - No viable dags retrieved from /home/airflow-vm/data-engineer-batch-processing-financial-services/.venv/lib/python3.10/site-packages/airflow/example_dags/plugins/workday.py
[2024-09-03T11:03:50.065+0000] {processor.py:179} INFO - Processing /home/airflow-vm/data-engineer-batch-processing-financial-services/.venv/lib/python3.10/site-packages/airflow/example_dags/plugins/workday.py took 0.274 seconds
[2024-09-03T11:07:03.304+0000] {processor.py:157} INFO - Started process (PID=7165) to work on /home/airflow-vm/data-engineer-batch-processing-financial-services/.venv/lib/python3.10/site-packages/airflow/example_dags/plugins/workday.py
[2024-09-03T11:07:03.304+0000] {processor.py:826} INFO - Processing file /home/airflow-vm/data-engineer-batch-processing-financial-services/.venv/lib/python3.10/site-packages/airflow/example_dags/plugins/workday.py for tasks to queue
[2024-09-03T11:07:03.305+0000] {logging_mixin.py:149} INFO - [2024-09-03T11:07:03.305+0000] {dagbag.py:541} INFO - Filling up the DagBag from /home/airflow-vm/data-engineer-batch-processing-financial-services/.venv/lib/python3.10/site-packages/airflow/example_dags/plugins/workday.py
[2024-09-03T11:07:03.575+0000] {processor.py:838} WARNING - No viable dags retrieved from /home/airflow-vm/data-engineer-batch-processing-financial-services/.venv/lib/python3.10/site-packages/airflow/example_dags/plugins/workday.py
[2024-09-03T11:07:03.584+0000] {processor.py:179} INFO - Processing /home/airflow-vm/data-engineer-batch-processing-financial-services/.venv/lib/python3.10/site-packages/airflow/example_dags/plugins/workday.py took 0.283 seconds
[2024-09-03T11:09:05.944+0000] {processor.py:157} INFO - Started process (PID=8016) to work on /home/airflow-vm/data-engineer-batch-processing-financial-services/.venv/lib/python3.10/site-packages/airflow/example_dags/plugins/workday.py
[2024-09-03T11:09:05.944+0000] {processor.py:826} INFO - Processing file /home/airflow-vm/data-engineer-batch-processing-financial-services/.venv/lib/python3.10/site-packages/airflow/example_dags/plugins/workday.py for tasks to queue
[2024-09-03T11:09:05.945+0000] {logging_mixin.py:149} INFO - [2024-09-03T11:09:05.945+0000] {dagbag.py:541} INFO - Filling up the DagBag from /home/airflow-vm/data-engineer-batch-processing-financial-services/.venv/lib/python3.10/site-packages/airflow/example_dags/plugins/workday.py
[2024-09-03T11:09:06.234+0000] {processor.py:838} WARNING - No viable dags retrieved from /home/airflow-vm/data-engineer-batch-processing-financial-services/.venv/lib/python3.10/site-packages/airflow/example_dags/plugins/workday.py
[2024-09-03T11:09:06.244+0000] {processor.py:179} INFO - Processing /home/airflow-vm/data-engineer-batch-processing-financial-services/.venv/lib/python3.10/site-packages/airflow/example_dags/plugins/workday.py took 0.303 seconds
[2024-09-03T11:11:11.476+0000] {processor.py:157} INFO - Started process (PID=8868) to work on /home/airflow-vm/data-engineer-batch-processing-financial-services/.venv/lib/python3.10/site-packages/airflow/example_dags/plugins/workday.py
[2024-09-03T11:11:11.477+0000] {processor.py:826} INFO - Processing file /home/airflow-vm/data-engineer-batch-processing-financial-services/.venv/lib/python3.10/site-packages/airflow/example_dags/plugins/workday.py for tasks to queue
[2024-09-03T11:11:11.477+0000] {logging_mixin.py:149} INFO - [2024-09-03T11:11:11.477+0000] {dagbag.py:541} INFO - Filling up the DagBag from /home/airflow-vm/data-engineer-batch-processing-financial-services/.venv/lib/python3.10/site-packages/airflow/example_dags/plugins/workday.py
[2024-09-03T11:11:11.751+0000] {processor.py:838} WARNING - No viable dags retrieved from /home/airflow-vm/data-engineer-batch-processing-financial-services/.venv/lib/python3.10/site-packages/airflow/example_dags/plugins/workday.py
[2024-09-03T11:11:11.760+0000] {processor.py:179} INFO - Processing /home/airflow-vm/data-engineer-batch-processing-financial-services/.venv/lib/python3.10/site-packages/airflow/example_dags/plugins/workday.py took 0.287 seconds
[2024-09-03T11:13:19.734+0000] {processor.py:157} INFO - Started process (PID=9789) to work on /home/airflow-vm/data-engineer-batch-processing-financial-services/.venv/lib/python3.10/site-packages/airflow/example_dags/plugins/workday.py
[2024-09-03T11:13:19.735+0000] {processor.py:826} INFO - Processing file /home/airflow-vm/data-engineer-batch-processing-financial-services/.venv/lib/python3.10/site-packages/airflow/example_dags/plugins/workday.py for tasks to queue
[2024-09-03T11:13:19.735+0000] {logging_mixin.py:149} INFO - [2024-09-03T11:13:19.735+0000] {dagbag.py:541} INFO - Filling up the DagBag from /home/airflow-vm/data-engineer-batch-processing-financial-services/.venv/lib/python3.10/site-packages/airflow/example_dags/plugins/workday.py
[2024-09-03T11:13:20.010+0000] {processor.py:838} WARNING - No viable dags retrieved from /home/airflow-vm/data-engineer-batch-processing-financial-services/.venv/lib/python3.10/site-packages/airflow/example_dags/plugins/workday.py
[2024-09-03T11:13:20.018+0000] {processor.py:179} INFO - Processing /home/airflow-vm/data-engineer-batch-processing-financial-services/.venv/lib/python3.10/site-packages/airflow/example_dags/plugins/workday.py took 0.287 seconds
[2024-09-03T11:15:28.811+0000] {processor.py:157} INFO - Started process (PID=10797) to work on /home/airflow-vm/data-engineer-batch-processing-financial-services/.venv/lib/python3.10/site-packages/airflow/example_dags/plugins/workday.py
[2024-09-03T11:15:28.812+0000] {processor.py:826} INFO - Processing file /home/airflow-vm/data-engineer-batch-processing-financial-services/.venv/lib/python3.10/site-packages/airflow/example_dags/plugins/workday.py for tasks to queue
[2024-09-03T11:15:28.813+0000] {logging_mixin.py:149} INFO - [2024-09-03T11:15:28.813+0000] {dagbag.py:541} INFO - Filling up the DagBag from /home/airflow-vm/data-engineer-batch-processing-financial-services/.venv/lib/python3.10/site-packages/airflow/example_dags/plugins/workday.py
[2024-09-03T11:15:29.088+0000] {processor.py:838} WARNING - No viable dags retrieved from /home/airflow-vm/data-engineer-batch-processing-financial-services/.venv/lib/python3.10/site-packages/airflow/example_dags/plugins/workday.py
[2024-09-03T11:15:29.097+0000] {processor.py:179} INFO - Processing /home/airflow-vm/data-engineer-batch-processing-financial-services/.venv/lib/python3.10/site-packages/airflow/example_dags/plugins/workday.py took 0.288 seconds
[2024-09-03T11:17:42.767+0000] {processor.py:157} INFO - Started process (PID=12018) to work on /home/airflow-vm/data-engineer-batch-processing-financial-services/.venv/lib/python3.10/site-packages/airflow/example_dags/plugins/workday.py
[2024-09-03T11:17:42.768+0000] {processor.py:826} INFO - Processing file /home/airflow-vm/data-engineer-batch-processing-financial-services/.venv/lib/python3.10/site-packages/airflow/example_dags/plugins/workday.py for tasks to queue
[2024-09-03T11:17:42.768+0000] {logging_mixin.py:149} INFO - [2024-09-03T11:17:42.768+0000] {dagbag.py:541} INFO - Filling up the DagBag from /home/airflow-vm/data-engineer-batch-processing-financial-services/.venv/lib/python3.10/site-packages/airflow/example_dags/plugins/workday.py
[2024-09-03T11:17:43.032+0000] {processor.py:838} WARNING - No viable dags retrieved from /home/airflow-vm/data-engineer-batch-processing-financial-services/.venv/lib/python3.10/site-packages/airflow/example_dags/plugins/workday.py
[2024-09-03T11:17:43.040+0000] {processor.py:179} INFO - Processing /home/airflow-vm/data-engineer-batch-processing-financial-services/.venv/lib/python3.10/site-packages/airflow/example_dags/plugins/workday.py took 0.276 seconds
[2024-09-03T11:20:21.706+0000] {processor.py:157} INFO - Started process (PID=13441) to work on /home/airflow-vm/data-engineer-batch-processing-financial-services/.venv/lib/python3.10/site-packages/airflow/example_dags/plugins/workday.py
[2024-09-03T11:20:21.707+0000] {processor.py:826} INFO - Processing file /home/airflow-vm/data-engineer-batch-processing-financial-services/.venv/lib/python3.10/site-packages/airflow/example_dags/plugins/workday.py for tasks to queue
[2024-09-03T11:20:21.708+0000] {logging_mixin.py:149} INFO - [2024-09-03T11:20:21.708+0000] {dagbag.py:541} INFO - Filling up the DagBag from /home/airflow-vm/data-engineer-batch-processing-financial-services/.venv/lib/python3.10/site-packages/airflow/example_dags/plugins/workday.py
[2024-09-03T11:20:21.979+0000] {processor.py:838} WARNING - No viable dags retrieved from /home/airflow-vm/data-engineer-batch-processing-financial-services/.venv/lib/python3.10/site-packages/airflow/example_dags/plugins/workday.py
[2024-09-03T11:20:21.988+0000] {processor.py:179} INFO - Processing /home/airflow-vm/data-engineer-batch-processing-financial-services/.venv/lib/python3.10/site-packages/airflow/example_dags/plugins/workday.py took 0.284 seconds
[2024-09-03T11:23:21.921+0000] {processor.py:157} INFO - Started process (PID=14951) to work on /home/airflow-vm/data-engineer-batch-processing-financial-services/.venv/lib/python3.10/site-packages/airflow/example_dags/plugins/workday.py
[2024-09-03T11:23:21.922+0000] {processor.py:826} INFO - Processing file /home/airflow-vm/data-engineer-batch-processing-financial-services/.venv/lib/python3.10/site-packages/airflow/example_dags/plugins/workday.py for tasks to queue
[2024-09-03T11:23:21.923+0000] {logging_mixin.py:149} INFO - [2024-09-03T11:23:21.923+0000] {dagbag.py:541} INFO - Filling up the DagBag from /home/airflow-vm/data-engineer-batch-processing-financial-services/.venv/lib/python3.10/site-packages/airflow/example_dags/plugins/workday.py
[2024-09-03T11:23:22.202+0000] {processor.py:838} WARNING - No viable dags retrieved from /home/airflow-vm/data-engineer-batch-processing-financial-services/.venv/lib/python3.10/site-packages/airflow/example_dags/plugins/workday.py
[2024-09-03T11:23:22.212+0000] {processor.py:179} INFO - Processing /home/airflow-vm/data-engineer-batch-processing-financial-services/.venv/lib/python3.10/site-packages/airflow/example_dags/plugins/workday.py took 0.293 seconds
[2024-09-03T11:26:10.342+0000] {processor.py:157} INFO - Started process (PID=16138) to work on /home/airflow-vm/data-engineer-batch-processing-financial-services/.venv/lib/python3.10/site-packages/airflow/example_dags/plugins/workday.py
[2024-09-03T11:26:10.342+0000] {processor.py:826} INFO - Processing file /home/airflow-vm/data-engineer-batch-processing-financial-services/.venv/lib/python3.10/site-packages/airflow/example_dags/plugins/workday.py for tasks to queue
[2024-09-03T11:26:10.343+0000] {logging_mixin.py:149} INFO - [2024-09-03T11:26:10.343+0000] {dagbag.py:541} INFO - Filling up the DagBag from /home/airflow-vm/data-engineer-batch-processing-financial-services/.venv/lib/python3.10/site-packages/airflow/example_dags/plugins/workday.py
[2024-09-03T11:26:10.625+0000] {processor.py:838} WARNING - No viable dags retrieved from /home/airflow-vm/data-engineer-batch-processing-financial-services/.venv/lib/python3.10/site-packages/airflow/example_dags/plugins/workday.py
[2024-09-03T11:26:10.635+0000] {processor.py:179} INFO - Processing /home/airflow-vm/data-engineer-batch-processing-financial-services/.venv/lib/python3.10/site-packages/airflow/example_dags/plugins/workday.py took 0.296 seconds
[2024-09-03T11:29:12.138+0000] {processor.py:157} INFO - Started process (PID=17514) to work on /home/airflow-vm/data-engineer-batch-processing-financial-services/.venv/lib/python3.10/site-packages/airflow/example_dags/plugins/workday.py
[2024-09-03T11:29:12.139+0000] {processor.py:826} INFO - Processing file /home/airflow-vm/data-engineer-batch-processing-financial-services/.venv/lib/python3.10/site-packages/airflow/example_dags/plugins/workday.py for tasks to queue
[2024-09-03T11:29:12.140+0000] {logging_mixin.py:149} INFO - [2024-09-03T11:29:12.139+0000] {dagbag.py:541} INFO - Filling up the DagBag from /home/airflow-vm/data-engineer-batch-processing-financial-services/.venv/lib/python3.10/site-packages/airflow/example_dags/plugins/workday.py
[2024-09-03T11:29:12.413+0000] {processor.py:838} WARNING - No viable dags retrieved from /home/airflow-vm/data-engineer-batch-processing-financial-services/.venv/lib/python3.10/site-packages/airflow/example_dags/plugins/workday.py
[2024-09-03T11:29:12.422+0000] {processor.py:179} INFO - Processing /home/airflow-vm/data-engineer-batch-processing-financial-services/.venv/lib/python3.10/site-packages/airflow/example_dags/plugins/workday.py took 0.288 seconds
[2024-09-03T11:33:08.340+0000] {processor.py:157} INFO - Started process (PID=19906) to work on /home/airflow-vm/data-engineer-batch-processing-financial-services/.venv/lib/python3.10/site-packages/airflow/example_dags/plugins/workday.py
[2024-09-03T11:33:08.340+0000] {processor.py:826} INFO - Processing file /home/airflow-vm/data-engineer-batch-processing-financial-services/.venv/lib/python3.10/site-packages/airflow/example_dags/plugins/workday.py for tasks to queue
[2024-09-03T11:33:08.341+0000] {logging_mixin.py:149} INFO - [2024-09-03T11:33:08.341+0000] {dagbag.py:541} INFO - Filling up the DagBag from /home/airflow-vm/data-engineer-batch-processing-financial-services/.venv/lib/python3.10/site-packages/airflow/example_dags/plugins/workday.py
[2024-09-03T11:33:08.764+0000] {processor.py:838} WARNING - No viable dags retrieved from /home/airflow-vm/data-engineer-batch-processing-financial-services/.venv/lib/python3.10/site-packages/airflow/example_dags/plugins/workday.py
[2024-09-03T11:33:08.771+0000] {processor.py:179} INFO - Processing /home/airflow-vm/data-engineer-batch-processing-financial-services/.venv/lib/python3.10/site-packages/airflow/example_dags/plugins/workday.py took 0.434 seconds
[2024-09-03T11:37:08.834+0000] {processor.py:157} INFO - Started process (PID=22521) to work on /home/airflow-vm/data-engineer-batch-processing-financial-services/.venv/lib/python3.10/site-packages/airflow/example_dags/plugins/workday.py
[2024-09-03T11:37:08.835+0000] {processor.py:826} INFO - Processing file /home/airflow-vm/data-engineer-batch-processing-financial-services/.venv/lib/python3.10/site-packages/airflow/example_dags/plugins/workday.py for tasks to queue
[2024-09-03T11:37:08.835+0000] {logging_mixin.py:149} INFO - [2024-09-03T11:37:08.835+0000] {dagbag.py:541} INFO - Filling up the DagBag from /home/airflow-vm/data-engineer-batch-processing-financial-services/.venv/lib/python3.10/site-packages/airflow/example_dags/plugins/workday.py
[2024-09-03T11:37:09.121+0000] {processor.py:838} WARNING - No viable dags retrieved from /home/airflow-vm/data-engineer-batch-processing-financial-services/.venv/lib/python3.10/site-packages/airflow/example_dags/plugins/workday.py
[2024-09-03T11:37:09.130+0000] {processor.py:179} INFO - Processing /home/airflow-vm/data-engineer-batch-processing-financial-services/.venv/lib/python3.10/site-packages/airflow/example_dags/plugins/workday.py took 0.299 seconds
[2024-09-03T11:37:53.799+0000] {processor.py:157} INFO - Started process (PID=22746) to work on /home/airflow-vm/data-engineer-batch-processing-financial-services/.venv/lib/python3.10/site-packages/airflow/example_dags/plugins/workday.py
[2024-09-03T11:37:53.800+0000] {processor.py:826} INFO - Processing file /home/airflow-vm/data-engineer-batch-processing-financial-services/.venv/lib/python3.10/site-packages/airflow/example_dags/plugins/workday.py for tasks to queue
[2024-09-03T11:37:53.800+0000] {logging_mixin.py:149} INFO - [2024-09-03T11:37:53.800+0000] {dagbag.py:541} INFO - Filling up the DagBag from /home/airflow-vm/data-engineer-batch-processing-financial-services/.venv/lib/python3.10/site-packages/airflow/example_dags/plugins/workday.py
[2024-09-03T11:37:54.227+0000] {processor.py:838} WARNING - No viable dags retrieved from /home/airflow-vm/data-engineer-batch-processing-financial-services/.venv/lib/python3.10/site-packages/airflow/example_dags/plugins/workday.py
[2024-09-03T11:37:54.235+0000] {processor.py:179} INFO - Processing /home/airflow-vm/data-engineer-batch-processing-financial-services/.venv/lib/python3.10/site-packages/airflow/example_dags/plugins/workday.py took 0.438 seconds
[2024-09-03T11:38:40.212+0000] {processor.py:157} INFO - Started process (PID=22970) to work on /home/airflow-vm/data-engineer-batch-processing-financial-services/.venv/lib/python3.10/site-packages/airflow/example_dags/plugins/workday.py
[2024-09-03T11:38:40.213+0000] {processor.py:826} INFO - Processing file /home/airflow-vm/data-engineer-batch-processing-financial-services/.venv/lib/python3.10/site-packages/airflow/example_dags/plugins/workday.py for tasks to queue
[2024-09-03T11:38:40.214+0000] {logging_mixin.py:149} INFO - [2024-09-03T11:38:40.214+0000] {dagbag.py:541} INFO - Filling up the DagBag from /home/airflow-vm/data-engineer-batch-processing-financial-services/.venv/lib/python3.10/site-packages/airflow/example_dags/plugins/workday.py
[2024-09-03T11:38:40.503+0000] {processor.py:838} WARNING - No viable dags retrieved from /home/airflow-vm/data-engineer-batch-processing-financial-services/.venv/lib/python3.10/site-packages/airflow/example_dags/plugins/workday.py
[2024-09-03T11:38:40.512+0000] {processor.py:179} INFO - Processing /home/airflow-vm/data-engineer-batch-processing-financial-services/.venv/lib/python3.10/site-packages/airflow/example_dags/plugins/workday.py took 0.303 seconds
[2024-09-03T11:39:28.997+0000] {processor.py:157} INFO - Started process (PID=23204) to work on /home/airflow-vm/data-engineer-batch-processing-financial-services/.venv/lib/python3.10/site-packages/airflow/example_dags/plugins/workday.py
[2024-09-03T11:39:28.998+0000] {processor.py:826} INFO - Processing file /home/airflow-vm/data-engineer-batch-processing-financial-services/.venv/lib/python3.10/site-packages/airflow/example_dags/plugins/workday.py for tasks to queue
[2024-09-03T11:39:28.999+0000] {logging_mixin.py:149} INFO - [2024-09-03T11:39:28.998+0000] {dagbag.py:541} INFO - Filling up the DagBag from /home/airflow-vm/data-engineer-batch-processing-financial-services/.venv/lib/python3.10/site-packages/airflow/example_dags/plugins/workday.py
[2024-09-03T11:39:29.422+0000] {processor.py:838} WARNING - No viable dags retrieved from /home/airflow-vm/data-engineer-batch-processing-financial-services/.venv/lib/python3.10/site-packages/airflow/example_dags/plugins/workday.py
[2024-09-03T11:39:29.429+0000] {processor.py:179} INFO - Processing /home/airflow-vm/data-engineer-batch-processing-financial-services/.venv/lib/python3.10/site-packages/airflow/example_dags/plugins/workday.py took 0.436 seconds
[2024-09-03T11:40:16.186+0000] {processor.py:157} INFO - Started process (PID=23450) to work on /home/airflow-vm/data-engineer-batch-processing-financial-services/.venv/lib/python3.10/site-packages/airflow/example_dags/plugins/workday.py
[2024-09-03T11:40:16.187+0000] {processor.py:826} INFO - Processing file /home/airflow-vm/data-engineer-batch-processing-financial-services/.venv/lib/python3.10/site-packages/airflow/example_dags/plugins/workday.py for tasks to queue
[2024-09-03T11:40:16.188+0000] {logging_mixin.py:149} INFO - [2024-09-03T11:40:16.188+0000] {dagbag.py:541} INFO - Filling up the DagBag from /home/airflow-vm/data-engineer-batch-processing-financial-services/.venv/lib/python3.10/site-packages/airflow/example_dags/plugins/workday.py
[2024-09-03T11:40:16.604+0000] {processor.py:838} WARNING - No viable dags retrieved from /home/airflow-vm/data-engineer-batch-processing-financial-services/.venv/lib/python3.10/site-packages/airflow/example_dags/plugins/workday.py
[2024-09-03T11:40:16.611+0000] {processor.py:179} INFO - Processing /home/airflow-vm/data-engineer-batch-processing-financial-services/.venv/lib/python3.10/site-packages/airflow/example_dags/plugins/workday.py took 0.427 seconds
[2024-09-03T11:42:59.431+0000] {processor.py:157} INFO - Started process (PID=25384) to work on /home/airflow-vm/data-engineer-batch-processing-financial-services/.venv/lib/python3.10/site-packages/airflow/example_dags/plugins/workday.py
[2024-09-03T11:42:59.432+0000] {processor.py:826} INFO - Processing file /home/airflow-vm/data-engineer-batch-processing-financial-services/.venv/lib/python3.10/site-packages/airflow/example_dags/plugins/workday.py for tasks to queue
[2024-09-03T11:42:59.433+0000] {logging_mixin.py:149} INFO - [2024-09-03T11:42:59.433+0000] {dagbag.py:541} INFO - Filling up the DagBag from /home/airflow-vm/data-engineer-batch-processing-financial-services/.venv/lib/python3.10/site-packages/airflow/example_dags/plugins/workday.py
[2024-09-03T11:42:59.848+0000] {processor.py:838} WARNING - No viable dags retrieved from /home/airflow-vm/data-engineer-batch-processing-financial-services/.venv/lib/python3.10/site-packages/airflow/example_dags/plugins/workday.py
[2024-09-03T11:42:59.855+0000] {processor.py:179} INFO - Processing /home/airflow-vm/data-engineer-batch-processing-financial-services/.venv/lib/python3.10/site-packages/airflow/example_dags/plugins/workday.py took 0.426 seconds
[2024-09-03T11:47:06.131+0000] {processor.py:157} INFO - Started process (PID=27502) to work on /home/airflow-vm/data-engineer-batch-processing-financial-services/.venv/lib/python3.10/site-packages/airflow/example_dags/plugins/workday.py
[2024-09-03T11:47:06.132+0000] {processor.py:826} INFO - Processing file /home/airflow-vm/data-engineer-batch-processing-financial-services/.venv/lib/python3.10/site-packages/airflow/example_dags/plugins/workday.py for tasks to queue
[2024-09-03T11:47:06.133+0000] {logging_mixin.py:149} INFO - [2024-09-03T11:47:06.133+0000] {dagbag.py:541} INFO - Filling up the DagBag from /home/airflow-vm/data-engineer-batch-processing-financial-services/.venv/lib/python3.10/site-packages/airflow/example_dags/plugins/workday.py
[2024-09-03T11:47:06.556+0000] {processor.py:838} WARNING - No viable dags retrieved from /home/airflow-vm/data-engineer-batch-processing-financial-services/.venv/lib/python3.10/site-packages/airflow/example_dags/plugins/workday.py
[2024-09-03T11:47:06.563+0000] {processor.py:179} INFO - Processing /home/airflow-vm/data-engineer-batch-processing-financial-services/.venv/lib/python3.10/site-packages/airflow/example_dags/plugins/workday.py took 0.435 seconds
[2024-09-03T11:50:12.047+0000] {processor.py:157} INFO - Started process (PID=29529) to work on /home/airflow-vm/data-engineer-batch-processing-financial-services/.venv/lib/python3.10/site-packages/airflow/example_dags/plugins/workday.py
[2024-09-03T11:50:12.048+0000] {processor.py:826} INFO - Processing file /home/airflow-vm/data-engineer-batch-processing-financial-services/.venv/lib/python3.10/site-packages/airflow/example_dags/plugins/workday.py for tasks to queue
[2024-09-03T11:50:12.049+0000] {logging_mixin.py:149} INFO - [2024-09-03T11:50:12.049+0000] {dagbag.py:541} INFO - Filling up the DagBag from /home/airflow-vm/data-engineer-batch-processing-financial-services/.venv/lib/python3.10/site-packages/airflow/example_dags/plugins/workday.py
[2024-09-03T11:50:12.454+0000] {processor.py:838} WARNING - No viable dags retrieved from /home/airflow-vm/data-engineer-batch-processing-financial-services/.venv/lib/python3.10/site-packages/airflow/example_dags/plugins/workday.py
[2024-09-03T11:50:12.461+0000] {processor.py:179} INFO - Processing /home/airflow-vm/data-engineer-batch-processing-financial-services/.venv/lib/python3.10/site-packages/airflow/example_dags/plugins/workday.py took 0.416 seconds
[2024-09-03T11:50:57.306+0000] {processor.py:157} INFO - Started process (PID=29690) to work on /home/airflow-vm/data-engineer-batch-processing-financial-services/.venv/lib/python3.10/site-packages/airflow/example_dags/plugins/workday.py
[2024-09-03T11:50:57.307+0000] {processor.py:826} INFO - Processing file /home/airflow-vm/data-engineer-batch-processing-financial-services/.venv/lib/python3.10/site-packages/airflow/example_dags/plugins/workday.py for tasks to queue
[2024-09-03T11:50:57.307+0000] {logging_mixin.py:149} INFO - [2024-09-03T11:50:57.307+0000] {dagbag.py:541} INFO - Filling up the DagBag from /home/airflow-vm/data-engineer-batch-processing-financial-services/.venv/lib/python3.10/site-packages/airflow/example_dags/plugins/workday.py
[2024-09-03T11:50:57.716+0000] {processor.py:838} WARNING - No viable dags retrieved from /home/airflow-vm/data-engineer-batch-processing-financial-services/.venv/lib/python3.10/site-packages/airflow/example_dags/plugins/workday.py
[2024-09-03T11:50:57.722+0000] {processor.py:179} INFO - Processing /home/airflow-vm/data-engineer-batch-processing-financial-services/.venv/lib/python3.10/site-packages/airflow/example_dags/plugins/workday.py took 0.419 seconds
[2024-09-03T11:51:40.785+0000] {processor.py:157} INFO - Started process (PID=29738) to work on /home/airflow-vm/data-engineer-batch-processing-financial-services/.venv/lib/python3.10/site-packages/airflow/example_dags/plugins/workday.py
[2024-09-03T11:51:40.785+0000] {processor.py:826} INFO - Processing file /home/airflow-vm/data-engineer-batch-processing-financial-services/.venv/lib/python3.10/site-packages/airflow/example_dags/plugins/workday.py for tasks to queue
[2024-09-03T11:51:40.786+0000] {logging_mixin.py:149} INFO - [2024-09-03T11:51:40.786+0000] {dagbag.py:541} INFO - Filling up the DagBag from /home/airflow-vm/data-engineer-batch-processing-financial-services/.venv/lib/python3.10/site-packages/airflow/example_dags/plugins/workday.py
[2024-09-03T11:51:41.188+0000] {processor.py:838} WARNING - No viable dags retrieved from /home/airflow-vm/data-engineer-batch-processing-financial-services/.venv/lib/python3.10/site-packages/airflow/example_dags/plugins/workday.py
[2024-09-03T11:51:41.194+0000] {processor.py:179} INFO - Processing /home/airflow-vm/data-engineer-batch-processing-financial-services/.venv/lib/python3.10/site-packages/airflow/example_dags/plugins/workday.py took 0.412 seconds
[2024-09-03T11:52:27.145+0000] {processor.py:157} INFO - Started process (PID=29786) to work on /home/airflow-vm/data-engineer-batch-processing-financial-services/.venv/lib/python3.10/site-packages/airflow/example_dags/plugins/workday.py
[2024-09-03T11:52:27.146+0000] {processor.py:826} INFO - Processing file /home/airflow-vm/data-engineer-batch-processing-financial-services/.venv/lib/python3.10/site-packages/airflow/example_dags/plugins/workday.py for tasks to queue
[2024-09-03T11:52:27.147+0000] {logging_mixin.py:149} INFO - [2024-09-03T11:52:27.147+0000] {dagbag.py:541} INFO - Filling up the DagBag from /home/airflow-vm/data-engineer-batch-processing-financial-services/.venv/lib/python3.10/site-packages/airflow/example_dags/plugins/workday.py
[2024-09-03T11:52:27.555+0000] {processor.py:838} WARNING - No viable dags retrieved from /home/airflow-vm/data-engineer-batch-processing-financial-services/.venv/lib/python3.10/site-packages/airflow/example_dags/plugins/workday.py
[2024-09-03T11:52:27.562+0000] {processor.py:179} INFO - Processing /home/airflow-vm/data-engineer-batch-processing-financial-services/.venv/lib/python3.10/site-packages/airflow/example_dags/plugins/workday.py took 0.419 seconds
[2024-09-03T11:53:08.165+0000] {processor.py:157} INFO - Started process (PID=29829) to work on /home/airflow-vm/data-engineer-batch-processing-financial-services/.venv/lib/python3.10/site-packages/airflow/example_dags/plugins/workday.py
[2024-09-03T11:53:08.166+0000] {processor.py:826} INFO - Processing file /home/airflow-vm/data-engineer-batch-processing-financial-services/.venv/lib/python3.10/site-packages/airflow/example_dags/plugins/workday.py for tasks to queue
[2024-09-03T11:53:08.166+0000] {logging_mixin.py:149} INFO - [2024-09-03T11:53:08.166+0000] {dagbag.py:541} INFO - Filling up the DagBag from /home/airflow-vm/data-engineer-batch-processing-financial-services/.venv/lib/python3.10/site-packages/airflow/example_dags/plugins/workday.py
[2024-09-03T11:53:08.566+0000] {processor.py:838} WARNING - No viable dags retrieved from /home/airflow-vm/data-engineer-batch-processing-financial-services/.venv/lib/python3.10/site-packages/airflow/example_dags/plugins/workday.py
[2024-09-03T11:53:08.573+0000] {processor.py:179} INFO - Processing /home/airflow-vm/data-engineer-batch-processing-financial-services/.venv/lib/python3.10/site-packages/airflow/example_dags/plugins/workday.py took 0.410 seconds
[2024-09-03T11:53:54.881+0000] {processor.py:157} INFO - Started process (PID=29904) to work on /home/airflow-vm/data-engineer-batch-processing-financial-services/.venv/lib/python3.10/site-packages/airflow/example_dags/plugins/workday.py
[2024-09-03T11:53:54.882+0000] {processor.py:826} INFO - Processing file /home/airflow-vm/data-engineer-batch-processing-financial-services/.venv/lib/python3.10/site-packages/airflow/example_dags/plugins/workday.py for tasks to queue
[2024-09-03T11:53:54.883+0000] {logging_mixin.py:149} INFO - [2024-09-03T11:53:54.883+0000] {dagbag.py:541} INFO - Filling up the DagBag from /home/airflow-vm/data-engineer-batch-processing-financial-services/.venv/lib/python3.10/site-packages/airflow/example_dags/plugins/workday.py
[2024-09-03T11:53:55.319+0000] {processor.py:838} WARNING - No viable dags retrieved from /home/airflow-vm/data-engineer-batch-processing-financial-services/.venv/lib/python3.10/site-packages/airflow/example_dags/plugins/workday.py
[2024-09-03T11:53:55.326+0000] {processor.py:179} INFO - Processing /home/airflow-vm/data-engineer-batch-processing-financial-services/.venv/lib/python3.10/site-packages/airflow/example_dags/plugins/workday.py took 0.448 seconds
[2024-09-03T11:54:44.367+0000] {processor.py:157} INFO - Started process (PID=29955) to work on /home/airflow-vm/data-engineer-batch-processing-financial-services/.venv/lib/python3.10/site-packages/airflow/example_dags/plugins/workday.py
[2024-09-03T11:54:44.368+0000] {processor.py:826} INFO - Processing file /home/airflow-vm/data-engineer-batch-processing-financial-services/.venv/lib/python3.10/site-packages/airflow/example_dags/plugins/workday.py for tasks to queue
[2024-09-03T11:54:44.369+0000] {logging_mixin.py:149} INFO - [2024-09-03T11:54:44.368+0000] {dagbag.py:541} INFO - Filling up the DagBag from /home/airflow-vm/data-engineer-batch-processing-financial-services/.venv/lib/python3.10/site-packages/airflow/example_dags/plugins/workday.py
[2024-09-03T11:54:44.776+0000] {processor.py:838} WARNING - No viable dags retrieved from /home/airflow-vm/data-engineer-batch-processing-financial-services/.venv/lib/python3.10/site-packages/airflow/example_dags/plugins/workday.py
[2024-09-03T11:54:44.783+0000] {processor.py:179} INFO - Processing /home/airflow-vm/data-engineer-batch-processing-financial-services/.venv/lib/python3.10/site-packages/airflow/example_dags/plugins/workday.py took 0.419 seconds
[2024-09-03T11:55:28.378+0000] {processor.py:157} INFO - Started process (PID=30008) to work on /home/airflow-vm/data-engineer-batch-processing-financial-services/.venv/lib/python3.10/site-packages/airflow/example_dags/plugins/workday.py
[2024-09-03T11:55:28.379+0000] {processor.py:826} INFO - Processing file /home/airflow-vm/data-engineer-batch-processing-financial-services/.venv/lib/python3.10/site-packages/airflow/example_dags/plugins/workday.py for tasks to queue
[2024-09-03T11:55:28.380+0000] {logging_mixin.py:149} INFO - [2024-09-03T11:55:28.380+0000] {dagbag.py:541} INFO - Filling up the DagBag from /home/airflow-vm/data-engineer-batch-processing-financial-services/.venv/lib/python3.10/site-packages/airflow/example_dags/plugins/workday.py
[2024-09-03T11:55:28.789+0000] {processor.py:838} WARNING - No viable dags retrieved from /home/airflow-vm/data-engineer-batch-processing-financial-services/.venv/lib/python3.10/site-packages/airflow/example_dags/plugins/workday.py
[2024-09-03T11:55:28.796+0000] {processor.py:179} INFO - Processing /home/airflow-vm/data-engineer-batch-processing-financial-services/.venv/lib/python3.10/site-packages/airflow/example_dags/plugins/workday.py took 0.420 seconds
[2024-09-03T11:56:15.824+0000] {processor.py:157} INFO - Started process (PID=30057) to work on /home/airflow-vm/data-engineer-batch-processing-financial-services/.venv/lib/python3.10/site-packages/airflow/example_dags/plugins/workday.py
[2024-09-03T11:56:15.825+0000] {processor.py:826} INFO - Processing file /home/airflow-vm/data-engineer-batch-processing-financial-services/.venv/lib/python3.10/site-packages/airflow/example_dags/plugins/workday.py for tasks to queue
[2024-09-03T11:56:15.825+0000] {logging_mixin.py:149} INFO - [2024-09-03T11:56:15.825+0000] {dagbag.py:541} INFO - Filling up the DagBag from /home/airflow-vm/data-engineer-batch-processing-financial-services/.venv/lib/python3.10/site-packages/airflow/example_dags/plugins/workday.py
[2024-09-03T11:56:16.226+0000] {processor.py:838} WARNING - No viable dags retrieved from /home/airflow-vm/data-engineer-batch-processing-financial-services/.venv/lib/python3.10/site-packages/airflow/example_dags/plugins/workday.py
[2024-09-03T11:56:16.232+0000] {processor.py:179} INFO - Processing /home/airflow-vm/data-engineer-batch-processing-financial-services/.venv/lib/python3.10/site-packages/airflow/example_dags/plugins/workday.py took 0.411 seconds
