[2024-08-29T19:47:45.127+0000] {processor.py:157} INFO - Started process (PID=48860) to work on /home/airflow-vm/data-engineer-batch-processing-financial-services/.venv/lib/python3.10/site-packages/airflow/example_dags/subdags/subdag.py
[2024-08-29T19:47:45.128+0000] {processor.py:826} INFO - Processing file /home/airflow-vm/data-engineer-batch-processing-financial-services/.venv/lib/python3.10/site-packages/airflow/example_dags/subdags/subdag.py for tasks to queue
[2024-08-29T19:47:45.129+0000] {logging_mixin.py:149} INFO - [2024-08-29T19:47:45.128+0000] {dagbag.py:541} INFO - Filling up the DagBag from /home/airflow-vm/data-engineer-batch-processing-financial-services/.venv/lib/python3.10/site-packages/airflow/example_dags/subdags/subdag.py
[2024-08-29T19:47:45.130+0000] {processor.py:838} WARNING - No viable dags retrieved from /home/airflow-vm/data-engineer-batch-processing-financial-services/.venv/lib/python3.10/site-packages/airflow/example_dags/subdags/subdag.py
[2024-08-29T19:47:45.139+0000] {processor.py:179} INFO - Processing /home/airflow-vm/data-engineer-batch-processing-financial-services/.venv/lib/python3.10/site-packages/airflow/example_dags/subdags/subdag.py took 0.015 seconds
[2024-08-29T19:48:36.069+0000] {processor.py:157} INFO - Started process (PID=49353) to work on /home/airflow-vm/data-engineer-batch-processing-financial-services/.venv/lib/python3.10/site-packages/airflow/example_dags/subdags/subdag.py
[2024-08-29T19:48:36.070+0000] {processor.py:826} INFO - Processing file /home/airflow-vm/data-engineer-batch-processing-financial-services/.venv/lib/python3.10/site-packages/airflow/example_dags/subdags/subdag.py for tasks to queue
[2024-08-29T19:48:36.070+0000] {logging_mixin.py:149} INFO - [2024-08-29T19:48:36.070+0000] {dagbag.py:541} INFO - Filling up the DagBag from /home/airflow-vm/data-engineer-batch-processing-financial-services/.venv/lib/python3.10/site-packages/airflow/example_dags/subdags/subdag.py
[2024-08-29T19:48:36.072+0000] {processor.py:838} WARNING - No viable dags retrieved from /home/airflow-vm/data-engineer-batch-processing-financial-services/.venv/lib/python3.10/site-packages/airflow/example_dags/subdags/subdag.py
[2024-08-29T19:48:36.081+0000] {processor.py:179} INFO - Processing /home/airflow-vm/data-engineer-batch-processing-financial-services/.venv/lib/python3.10/site-packages/airflow/example_dags/subdags/subdag.py took 0.015 seconds
[2024-08-29T19:49:23.027+0000] {processor.py:157} INFO - Started process (PID=49635) to work on /home/airflow-vm/data-engineer-batch-processing-financial-services/.venv/lib/python3.10/site-packages/airflow/example_dags/subdags/subdag.py
[2024-08-29T19:49:23.028+0000] {processor.py:826} INFO - Processing file /home/airflow-vm/data-engineer-batch-processing-financial-services/.venv/lib/python3.10/site-packages/airflow/example_dags/subdags/subdag.py for tasks to queue
[2024-08-29T19:49:23.028+0000] {logging_mixin.py:149} INFO - [2024-08-29T19:49:23.028+0000] {dagbag.py:541} INFO - Filling up the DagBag from /home/airflow-vm/data-engineer-batch-processing-financial-services/.venv/lib/python3.10/site-packages/airflow/example_dags/subdags/subdag.py
[2024-08-29T19:49:23.030+0000] {processor.py:838} WARNING - No viable dags retrieved from /home/airflow-vm/data-engineer-batch-processing-financial-services/.venv/lib/python3.10/site-packages/airflow/example_dags/subdags/subdag.py
[2024-08-29T19:49:23.038+0000] {processor.py:179} INFO - Processing /home/airflow-vm/data-engineer-batch-processing-financial-services/.venv/lib/python3.10/site-packages/airflow/example_dags/subdags/subdag.py took 0.014 seconds
[2024-08-29T19:49:59.118+0000] {processor.py:157} INFO - Started process (PID=49739) to work on /home/airflow-vm/data-engineer-batch-processing-financial-services/.venv/lib/python3.10/site-packages/airflow/example_dags/subdags/subdag.py
[2024-08-29T19:49:59.119+0000] {processor.py:826} INFO - Processing file /home/airflow-vm/data-engineer-batch-processing-financial-services/.venv/lib/python3.10/site-packages/airflow/example_dags/subdags/subdag.py for tasks to queue
[2024-08-29T19:49:59.119+0000] {logging_mixin.py:149} INFO - [2024-08-29T19:49:59.119+0000] {dagbag.py:541} INFO - Filling up the DagBag from /home/airflow-vm/data-engineer-batch-processing-financial-services/.venv/lib/python3.10/site-packages/airflow/example_dags/subdags/subdag.py
[2024-08-29T19:49:59.121+0000] {processor.py:838} WARNING - No viable dags retrieved from /home/airflow-vm/data-engineer-batch-processing-financial-services/.venv/lib/python3.10/site-packages/airflow/example_dags/subdags/subdag.py
[2024-08-29T19:49:59.130+0000] {processor.py:179} INFO - Processing /home/airflow-vm/data-engineer-batch-processing-financial-services/.venv/lib/python3.10/site-packages/airflow/example_dags/subdags/subdag.py took 0.015 seconds
[2024-08-29T19:50:47.870+0000] {processor.py:157} INFO - Started process (PID=50189) to work on /home/airflow-vm/data-engineer-batch-processing-financial-services/.venv/lib/python3.10/site-packages/airflow/example_dags/subdags/subdag.py
[2024-08-29T19:50:47.871+0000] {processor.py:826} INFO - Processing file /home/airflow-vm/data-engineer-batch-processing-financial-services/.venv/lib/python3.10/site-packages/airflow/example_dags/subdags/subdag.py for tasks to queue
[2024-08-29T19:50:47.871+0000] {logging_mixin.py:149} INFO - [2024-08-29T19:50:47.871+0000] {dagbag.py:541} INFO - Filling up the DagBag from /home/airflow-vm/data-engineer-batch-processing-financial-services/.venv/lib/python3.10/site-packages/airflow/example_dags/subdags/subdag.py
[2024-08-29T19:50:47.873+0000] {processor.py:838} WARNING - No viable dags retrieved from /home/airflow-vm/data-engineer-batch-processing-financial-services/.venv/lib/python3.10/site-packages/airflow/example_dags/subdags/subdag.py
[2024-08-29T19:50:47.883+0000] {processor.py:179} INFO - Processing /home/airflow-vm/data-engineer-batch-processing-financial-services/.venv/lib/python3.10/site-packages/airflow/example_dags/subdags/subdag.py took 0.016 seconds
[2024-08-29T19:51:33.934+0000] {processor.py:157} INFO - Started process (PID=50738) to work on /home/airflow-vm/data-engineer-batch-processing-financial-services/.venv/lib/python3.10/site-packages/airflow/example_dags/subdags/subdag.py
[2024-08-29T19:51:33.935+0000] {processor.py:826} INFO - Processing file /home/airflow-vm/data-engineer-batch-processing-financial-services/.venv/lib/python3.10/site-packages/airflow/example_dags/subdags/subdag.py for tasks to queue
[2024-08-29T19:51:33.936+0000] {logging_mixin.py:149} INFO - [2024-08-29T19:51:33.936+0000] {dagbag.py:541} INFO - Filling up the DagBag from /home/airflow-vm/data-engineer-batch-processing-financial-services/.venv/lib/python3.10/site-packages/airflow/example_dags/subdags/subdag.py
[2024-08-29T19:51:33.937+0000] {processor.py:838} WARNING - No viable dags retrieved from /home/airflow-vm/data-engineer-batch-processing-financial-services/.venv/lib/python3.10/site-packages/airflow/example_dags/subdags/subdag.py
[2024-08-29T19:51:33.947+0000] {processor.py:179} INFO - Processing /home/airflow-vm/data-engineer-batch-processing-financial-services/.venv/lib/python3.10/site-packages/airflow/example_dags/subdags/subdag.py took 0.015 seconds
[2024-08-29T19:52:22.548+0000] {processor.py:157} INFO - Started process (PID=50918) to work on /home/airflow-vm/data-engineer-batch-processing-financial-services/.venv/lib/python3.10/site-packages/airflow/example_dags/subdags/subdag.py
[2024-08-29T19:52:22.549+0000] {processor.py:826} INFO - Processing file /home/airflow-vm/data-engineer-batch-processing-financial-services/.venv/lib/python3.10/site-packages/airflow/example_dags/subdags/subdag.py for tasks to queue
[2024-08-29T19:52:22.549+0000] {logging_mixin.py:149} INFO - [2024-08-29T19:52:22.549+0000] {dagbag.py:541} INFO - Filling up the DagBag from /home/airflow-vm/data-engineer-batch-processing-financial-services/.venv/lib/python3.10/site-packages/airflow/example_dags/subdags/subdag.py
[2024-08-29T19:52:22.551+0000] {processor.py:838} WARNING - No viable dags retrieved from /home/airflow-vm/data-engineer-batch-processing-financial-services/.venv/lib/python3.10/site-packages/airflow/example_dags/subdags/subdag.py
[2024-08-29T19:52:22.560+0000] {processor.py:179} INFO - Processing /home/airflow-vm/data-engineer-batch-processing-financial-services/.venv/lib/python3.10/site-packages/airflow/example_dags/subdags/subdag.py took 0.014 seconds
[2024-08-29T19:53:06.831+0000] {processor.py:157} INFO - Started process (PID=51022) to work on /home/airflow-vm/data-engineer-batch-processing-financial-services/.venv/lib/python3.10/site-packages/airflow/example_dags/subdags/subdag.py
[2024-08-29T19:53:06.832+0000] {processor.py:826} INFO - Processing file /home/airflow-vm/data-engineer-batch-processing-financial-services/.venv/lib/python3.10/site-packages/airflow/example_dags/subdags/subdag.py for tasks to queue
[2024-08-29T19:53:06.833+0000] {logging_mixin.py:149} INFO - [2024-08-29T19:53:06.833+0000] {dagbag.py:541} INFO - Filling up the DagBag from /home/airflow-vm/data-engineer-batch-processing-financial-services/.venv/lib/python3.10/site-packages/airflow/example_dags/subdags/subdag.py
[2024-08-29T19:53:06.834+0000] {processor.py:838} WARNING - No viable dags retrieved from /home/airflow-vm/data-engineer-batch-processing-financial-services/.venv/lib/python3.10/site-packages/airflow/example_dags/subdags/subdag.py
[2024-08-29T19:53:06.843+0000] {processor.py:179} INFO - Processing /home/airflow-vm/data-engineer-batch-processing-financial-services/.venv/lib/python3.10/site-packages/airflow/example_dags/subdags/subdag.py took 0.014 seconds
[2024-08-29T19:53:51.522+0000] {processor.py:157} INFO - Started process (PID=51171) to work on /home/airflow-vm/data-engineer-batch-processing-financial-services/.venv/lib/python3.10/site-packages/airflow/example_dags/subdags/subdag.py
[2024-08-29T19:53:51.522+0000] {processor.py:826} INFO - Processing file /home/airflow-vm/data-engineer-batch-processing-financial-services/.venv/lib/python3.10/site-packages/airflow/example_dags/subdags/subdag.py for tasks to queue
[2024-08-29T19:53:51.523+0000] {logging_mixin.py:149} INFO - [2024-08-29T19:53:51.523+0000] {dagbag.py:541} INFO - Filling up the DagBag from /home/airflow-vm/data-engineer-batch-processing-financial-services/.venv/lib/python3.10/site-packages/airflow/example_dags/subdags/subdag.py
[2024-08-29T19:53:51.524+0000] {processor.py:838} WARNING - No viable dags retrieved from /home/airflow-vm/data-engineer-batch-processing-financial-services/.venv/lib/python3.10/site-packages/airflow/example_dags/subdags/subdag.py
[2024-08-29T19:53:51.533+0000] {processor.py:179} INFO - Processing /home/airflow-vm/data-engineer-batch-processing-financial-services/.venv/lib/python3.10/site-packages/airflow/example_dags/subdags/subdag.py took 0.014 seconds
[2024-08-29T19:54:40.139+0000] {processor.py:157} INFO - Started process (PID=51337) to work on /home/airflow-vm/data-engineer-batch-processing-financial-services/.venv/lib/python3.10/site-packages/airflow/example_dags/subdags/subdag.py
[2024-08-29T19:54:40.140+0000] {processor.py:826} INFO - Processing file /home/airflow-vm/data-engineer-batch-processing-financial-services/.venv/lib/python3.10/site-packages/airflow/example_dags/subdags/subdag.py for tasks to queue
[2024-08-29T19:54:40.141+0000] {logging_mixin.py:149} INFO - [2024-08-29T19:54:40.141+0000] {dagbag.py:541} INFO - Filling up the DagBag from /home/airflow-vm/data-engineer-batch-processing-financial-services/.venv/lib/python3.10/site-packages/airflow/example_dags/subdags/subdag.py
[2024-08-29T19:54:40.142+0000] {processor.py:838} WARNING - No viable dags retrieved from /home/airflow-vm/data-engineer-batch-processing-financial-services/.venv/lib/python3.10/site-packages/airflow/example_dags/subdags/subdag.py
[2024-08-29T19:54:40.151+0000] {processor.py:179} INFO - Processing /home/airflow-vm/data-engineer-batch-processing-financial-services/.venv/lib/python3.10/site-packages/airflow/example_dags/subdags/subdag.py took 0.014 seconds
[2024-08-29T19:55:27.948+0000] {processor.py:157} INFO - Started process (PID=51706) to work on /home/airflow-vm/data-engineer-batch-processing-financial-services/.venv/lib/python3.10/site-packages/airflow/example_dags/subdags/subdag.py
[2024-08-29T19:55:27.949+0000] {processor.py:826} INFO - Processing file /home/airflow-vm/data-engineer-batch-processing-financial-services/.venv/lib/python3.10/site-packages/airflow/example_dags/subdags/subdag.py for tasks to queue
[2024-08-29T19:55:27.950+0000] {logging_mixin.py:149} INFO - [2024-08-29T19:55:27.950+0000] {dagbag.py:541} INFO - Filling up the DagBag from /home/airflow-vm/data-engineer-batch-processing-financial-services/.venv/lib/python3.10/site-packages/airflow/example_dags/subdags/subdag.py
[2024-08-29T19:55:27.951+0000] {processor.py:838} WARNING - No viable dags retrieved from /home/airflow-vm/data-engineer-batch-processing-financial-services/.venv/lib/python3.10/site-packages/airflow/example_dags/subdags/subdag.py
[2024-08-29T19:55:27.962+0000] {processor.py:179} INFO - Processing /home/airflow-vm/data-engineer-batch-processing-financial-services/.venv/lib/python3.10/site-packages/airflow/example_dags/subdags/subdag.py took 0.019 seconds
[2024-08-29T20:11:40.700+0000] {processor.py:157} INFO - Started process (PID=56347) to work on /home/airflow-vm/data-engineer-batch-processing-financial-services/.venv/lib/python3.10/site-packages/airflow/example_dags/subdags/subdag.py
[2024-08-29T20:11:40.701+0000] {processor.py:826} INFO - Processing file /home/airflow-vm/data-engineer-batch-processing-financial-services/.venv/lib/python3.10/site-packages/airflow/example_dags/subdags/subdag.py for tasks to queue
[2024-08-29T20:11:40.701+0000] {logging_mixin.py:149} INFO - [2024-08-29T20:11:40.701+0000] {dagbag.py:541} INFO - Filling up the DagBag from /home/airflow-vm/data-engineer-batch-processing-financial-services/.venv/lib/python3.10/site-packages/airflow/example_dags/subdags/subdag.py
[2024-08-29T20:11:40.703+0000] {processor.py:838} WARNING - No viable dags retrieved from /home/airflow-vm/data-engineer-batch-processing-financial-services/.venv/lib/python3.10/site-packages/airflow/example_dags/subdags/subdag.py
[2024-08-29T20:11:40.711+0000] {processor.py:179} INFO - Processing /home/airflow-vm/data-engineer-batch-processing-financial-services/.venv/lib/python3.10/site-packages/airflow/example_dags/subdags/subdag.py took 0.014 seconds
[2024-08-29T20:12:26.075+0000] {processor.py:157} INFO - Started process (PID=56602) to work on /home/airflow-vm/data-engineer-batch-processing-financial-services/.venv/lib/python3.10/site-packages/airflow/example_dags/subdags/subdag.py
[2024-08-29T20:12:26.076+0000] {processor.py:826} INFO - Processing file /home/airflow-vm/data-engineer-batch-processing-financial-services/.venv/lib/python3.10/site-packages/airflow/example_dags/subdags/subdag.py for tasks to queue
[2024-08-29T20:12:26.077+0000] {logging_mixin.py:149} INFO - [2024-08-29T20:12:26.077+0000] {dagbag.py:541} INFO - Filling up the DagBag from /home/airflow-vm/data-engineer-batch-processing-financial-services/.venv/lib/python3.10/site-packages/airflow/example_dags/subdags/subdag.py
[2024-08-29T20:12:26.078+0000] {processor.py:838} WARNING - No viable dags retrieved from /home/airflow-vm/data-engineer-batch-processing-financial-services/.venv/lib/python3.10/site-packages/airflow/example_dags/subdags/subdag.py
[2024-08-29T20:12:26.087+0000] {processor.py:179} INFO - Processing /home/airflow-vm/data-engineer-batch-processing-financial-services/.venv/lib/python3.10/site-packages/airflow/example_dags/subdags/subdag.py took 0.014 seconds
[2024-08-29T20:13:09.551+0000] {processor.py:157} INFO - Started process (PID=56879) to work on /home/airflow-vm/data-engineer-batch-processing-financial-services/.venv/lib/python3.10/site-packages/airflow/example_dags/subdags/subdag.py
[2024-08-29T20:13:09.552+0000] {processor.py:826} INFO - Processing file /home/airflow-vm/data-engineer-batch-processing-financial-services/.venv/lib/python3.10/site-packages/airflow/example_dags/subdags/subdag.py for tasks to queue
[2024-08-29T20:13:09.553+0000] {logging_mixin.py:149} INFO - [2024-08-29T20:13:09.552+0000] {dagbag.py:541} INFO - Filling up the DagBag from /home/airflow-vm/data-engineer-batch-processing-financial-services/.venv/lib/python3.10/site-packages/airflow/example_dags/subdags/subdag.py
[2024-08-29T20:13:09.554+0000] {processor.py:838} WARNING - No viable dags retrieved from /home/airflow-vm/data-engineer-batch-processing-financial-services/.venv/lib/python3.10/site-packages/airflow/example_dags/subdags/subdag.py
[2024-08-29T20:13:09.563+0000] {processor.py:179} INFO - Processing /home/airflow-vm/data-engineer-batch-processing-financial-services/.venv/lib/python3.10/site-packages/airflow/example_dags/subdags/subdag.py took 0.014 seconds
[2024-08-29T20:15:07.168+0000] {processor.py:157} INFO - Started process (PID=57398) to work on /home/airflow-vm/data-engineer-batch-processing-financial-services/.venv/lib/python3.10/site-packages/airflow/example_dags/subdags/subdag.py
[2024-08-29T20:15:07.169+0000] {processor.py:826} INFO - Processing file /home/airflow-vm/data-engineer-batch-processing-financial-services/.venv/lib/python3.10/site-packages/airflow/example_dags/subdags/subdag.py for tasks to queue
[2024-08-29T20:15:07.170+0000] {logging_mixin.py:149} INFO - [2024-08-29T20:15:07.170+0000] {dagbag.py:541} INFO - Filling up the DagBag from /home/airflow-vm/data-engineer-batch-processing-financial-services/.venv/lib/python3.10/site-packages/airflow/example_dags/subdags/subdag.py
[2024-08-29T20:15:07.171+0000] {processor.py:838} WARNING - No viable dags retrieved from /home/airflow-vm/data-engineer-batch-processing-financial-services/.venv/lib/python3.10/site-packages/airflow/example_dags/subdags/subdag.py
[2024-08-29T20:15:07.180+0000] {processor.py:179} INFO - Processing /home/airflow-vm/data-engineer-batch-processing-financial-services/.venv/lib/python3.10/site-packages/airflow/example_dags/subdags/subdag.py took 0.014 seconds
[2024-08-29T20:15:53.112+0000] {processor.py:157} INFO - Started process (PID=57911) to work on /home/airflow-vm/data-engineer-batch-processing-financial-services/.venv/lib/python3.10/site-packages/airflow/example_dags/subdags/subdag.py
[2024-08-29T20:15:53.113+0000] {processor.py:826} INFO - Processing file /home/airflow-vm/data-engineer-batch-processing-financial-services/.venv/lib/python3.10/site-packages/airflow/example_dags/subdags/subdag.py for tasks to queue
[2024-08-29T20:15:53.113+0000] {logging_mixin.py:149} INFO - [2024-08-29T20:15:53.113+0000] {dagbag.py:541} INFO - Filling up the DagBag from /home/airflow-vm/data-engineer-batch-processing-financial-services/.venv/lib/python3.10/site-packages/airflow/example_dags/subdags/subdag.py
[2024-08-29T20:15:53.115+0000] {processor.py:838} WARNING - No viable dags retrieved from /home/airflow-vm/data-engineer-batch-processing-financial-services/.venv/lib/python3.10/site-packages/airflow/example_dags/subdags/subdag.py
[2024-08-29T20:15:53.124+0000] {processor.py:179} INFO - Processing /home/airflow-vm/data-engineer-batch-processing-financial-services/.venv/lib/python3.10/site-packages/airflow/example_dags/subdags/subdag.py took 0.015 seconds
[2024-08-29T20:16:39.037+0000] {processor.py:157} INFO - Started process (PID=58266) to work on /home/airflow-vm/data-engineer-batch-processing-financial-services/.venv/lib/python3.10/site-packages/airflow/example_dags/subdags/subdag.py
[2024-08-29T20:16:39.038+0000] {processor.py:826} INFO - Processing file /home/airflow-vm/data-engineer-batch-processing-financial-services/.venv/lib/python3.10/site-packages/airflow/example_dags/subdags/subdag.py for tasks to queue
[2024-08-29T20:16:39.038+0000] {logging_mixin.py:149} INFO - [2024-08-29T20:16:39.038+0000] {dagbag.py:541} INFO - Filling up the DagBag from /home/airflow-vm/data-engineer-batch-processing-financial-services/.venv/lib/python3.10/site-packages/airflow/example_dags/subdags/subdag.py
[2024-08-29T20:16:39.040+0000] {processor.py:838} WARNING - No viable dags retrieved from /home/airflow-vm/data-engineer-batch-processing-financial-services/.venv/lib/python3.10/site-packages/airflow/example_dags/subdags/subdag.py
[2024-08-29T20:16:39.048+0000] {processor.py:179} INFO - Processing /home/airflow-vm/data-engineer-batch-processing-financial-services/.venv/lib/python3.10/site-packages/airflow/example_dags/subdags/subdag.py took 0.014 seconds
[2024-08-29T20:23:52.853+0000] {processor.py:157} INFO - Started process (PID=60857) to work on /home/airflow-vm/data-engineer-batch-processing-financial-services/.venv/lib/python3.10/site-packages/airflow/example_dags/subdags/subdag.py
[2024-08-29T20:23:52.854+0000] {processor.py:826} INFO - Processing file /home/airflow-vm/data-engineer-batch-processing-financial-services/.venv/lib/python3.10/site-packages/airflow/example_dags/subdags/subdag.py for tasks to queue
[2024-08-29T20:23:52.855+0000] {logging_mixin.py:149} INFO - [2024-08-29T20:23:52.855+0000] {dagbag.py:541} INFO - Filling up the DagBag from /home/airflow-vm/data-engineer-batch-processing-financial-services/.venv/lib/python3.10/site-packages/airflow/example_dags/subdags/subdag.py
[2024-08-29T20:23:52.856+0000] {processor.py:838} WARNING - No viable dags retrieved from /home/airflow-vm/data-engineer-batch-processing-financial-services/.venv/lib/python3.10/site-packages/airflow/example_dags/subdags/subdag.py
[2024-08-29T20:23:52.865+0000] {processor.py:179} INFO - Processing /home/airflow-vm/data-engineer-batch-processing-financial-services/.venv/lib/python3.10/site-packages/airflow/example_dags/subdags/subdag.py took 0.014 seconds
[2024-08-29T20:25:47.733+0000] {processor.py:157} INFO - Started process (PID=62301) to work on /home/airflow-vm/data-engineer-batch-processing-financial-services/.venv/lib/python3.10/site-packages/airflow/example_dags/subdags/subdag.py
[2024-08-29T20:25:47.734+0000] {processor.py:826} INFO - Processing file /home/airflow-vm/data-engineer-batch-processing-financial-services/.venv/lib/python3.10/site-packages/airflow/example_dags/subdags/subdag.py for tasks to queue
[2024-08-29T20:25:47.734+0000] {logging_mixin.py:149} INFO - [2024-08-29T20:25:47.734+0000] {dagbag.py:541} INFO - Filling up the DagBag from /home/airflow-vm/data-engineer-batch-processing-financial-services/.venv/lib/python3.10/site-packages/airflow/example_dags/subdags/subdag.py
[2024-08-29T20:25:47.736+0000] {processor.py:838} WARNING - No viable dags retrieved from /home/airflow-vm/data-engineer-batch-processing-financial-services/.venv/lib/python3.10/site-packages/airflow/example_dags/subdags/subdag.py
[2024-08-29T20:25:47.744+0000] {processor.py:179} INFO - Processing /home/airflow-vm/data-engineer-batch-processing-financial-services/.venv/lib/python3.10/site-packages/airflow/example_dags/subdags/subdag.py took 0.014 seconds
[2024-08-29T20:26:50.681+0000] {processor.py:157} INFO - Started process (PID=63105) to work on /home/airflow-vm/data-engineer-batch-processing-financial-services/.venv/lib/python3.10/site-packages/airflow/example_dags/subdags/subdag.py
[2024-08-29T20:26:50.682+0000] {processor.py:826} INFO - Processing file /home/airflow-vm/data-engineer-batch-processing-financial-services/.venv/lib/python3.10/site-packages/airflow/example_dags/subdags/subdag.py for tasks to queue
[2024-08-29T20:26:50.683+0000] {logging_mixin.py:149} INFO - [2024-08-29T20:26:50.683+0000] {dagbag.py:541} INFO - Filling up the DagBag from /home/airflow-vm/data-engineer-batch-processing-financial-services/.venv/lib/python3.10/site-packages/airflow/example_dags/subdags/subdag.py
[2024-08-29T20:26:50.684+0000] {processor.py:838} WARNING - No viable dags retrieved from /home/airflow-vm/data-engineer-batch-processing-financial-services/.venv/lib/python3.10/site-packages/airflow/example_dags/subdags/subdag.py
[2024-08-29T20:26:50.693+0000] {processor.py:179} INFO - Processing /home/airflow-vm/data-engineer-batch-processing-financial-services/.venv/lib/python3.10/site-packages/airflow/example_dags/subdags/subdag.py took 0.013 seconds
[2024-08-29T20:27:34.998+0000] {processor.py:157} INFO - Started process (PID=63519) to work on /home/airflow-vm/data-engineer-batch-processing-financial-services/.venv/lib/python3.10/site-packages/airflow/example_dags/subdags/subdag.py
[2024-08-29T20:27:34.999+0000] {processor.py:826} INFO - Processing file /home/airflow-vm/data-engineer-batch-processing-financial-services/.venv/lib/python3.10/site-packages/airflow/example_dags/subdags/subdag.py for tasks to queue
[2024-08-29T20:27:34.999+0000] {logging_mixin.py:149} INFO - [2024-08-29T20:27:34.999+0000] {dagbag.py:541} INFO - Filling up the DagBag from /home/airflow-vm/data-engineer-batch-processing-financial-services/.venv/lib/python3.10/site-packages/airflow/example_dags/subdags/subdag.py
[2024-08-29T20:27:35.001+0000] {processor.py:838} WARNING - No viable dags retrieved from /home/airflow-vm/data-engineer-batch-processing-financial-services/.venv/lib/python3.10/site-packages/airflow/example_dags/subdags/subdag.py
[2024-08-29T20:27:35.009+0000] {processor.py:179} INFO - Processing /home/airflow-vm/data-engineer-batch-processing-financial-services/.venv/lib/python3.10/site-packages/airflow/example_dags/subdags/subdag.py took 0.013 seconds
[2024-08-29T20:28:17.472+0000] {processor.py:157} INFO - Started process (PID=63585) to work on /home/airflow-vm/data-engineer-batch-processing-financial-services/.venv/lib/python3.10/site-packages/airflow/example_dags/subdags/subdag.py
[2024-08-29T20:28:17.473+0000] {processor.py:826} INFO - Processing file /home/airflow-vm/data-engineer-batch-processing-financial-services/.venv/lib/python3.10/site-packages/airflow/example_dags/subdags/subdag.py for tasks to queue
[2024-08-29T20:28:17.473+0000] {logging_mixin.py:149} INFO - [2024-08-29T20:28:17.473+0000] {dagbag.py:541} INFO - Filling up the DagBag from /home/airflow-vm/data-engineer-batch-processing-financial-services/.venv/lib/python3.10/site-packages/airflow/example_dags/subdags/subdag.py
[2024-08-29T20:28:17.475+0000] {processor.py:838} WARNING - No viable dags retrieved from /home/airflow-vm/data-engineer-batch-processing-financial-services/.venv/lib/python3.10/site-packages/airflow/example_dags/subdags/subdag.py
[2024-08-29T20:28:17.484+0000] {processor.py:179} INFO - Processing /home/airflow-vm/data-engineer-batch-processing-financial-services/.venv/lib/python3.10/site-packages/airflow/example_dags/subdags/subdag.py took 0.014 seconds
[2024-08-29T20:29:42.515+0000] {processor.py:157} INFO - Started process (PID=64616) to work on /home/airflow-vm/data-engineer-batch-processing-financial-services/.venv/lib/python3.10/site-packages/airflow/example_dags/subdags/subdag.py
[2024-08-29T20:29:42.515+0000] {processor.py:826} INFO - Processing file /home/airflow-vm/data-engineer-batch-processing-financial-services/.venv/lib/python3.10/site-packages/airflow/example_dags/subdags/subdag.py for tasks to queue
[2024-08-29T20:29:42.516+0000] {logging_mixin.py:149} INFO - [2024-08-29T20:29:42.516+0000] {dagbag.py:541} INFO - Filling up the DagBag from /home/airflow-vm/data-engineer-batch-processing-financial-services/.venv/lib/python3.10/site-packages/airflow/example_dags/subdags/subdag.py
[2024-08-29T20:29:42.517+0000] {processor.py:838} WARNING - No viable dags retrieved from /home/airflow-vm/data-engineer-batch-processing-financial-services/.venv/lib/python3.10/site-packages/airflow/example_dags/subdags/subdag.py
[2024-08-29T20:29:42.526+0000] {processor.py:179} INFO - Processing /home/airflow-vm/data-engineer-batch-processing-financial-services/.venv/lib/python3.10/site-packages/airflow/example_dags/subdags/subdag.py took 0.014 seconds
[2024-08-29T20:30:54.437+0000] {processor.py:157} INFO - Started process (PID=65355) to work on /home/airflow-vm/data-engineer-batch-processing-financial-services/.venv/lib/python3.10/site-packages/airflow/example_dags/subdags/subdag.py
[2024-08-29T20:30:54.437+0000] {processor.py:826} INFO - Processing file /home/airflow-vm/data-engineer-batch-processing-financial-services/.venv/lib/python3.10/site-packages/airflow/example_dags/subdags/subdag.py for tasks to queue
[2024-08-29T20:30:54.438+0000] {logging_mixin.py:149} INFO - [2024-08-29T20:30:54.438+0000] {dagbag.py:541} INFO - Filling up the DagBag from /home/airflow-vm/data-engineer-batch-processing-financial-services/.venv/lib/python3.10/site-packages/airflow/example_dags/subdags/subdag.py
[2024-08-29T20:30:54.439+0000] {processor.py:838} WARNING - No viable dags retrieved from /home/airflow-vm/data-engineer-batch-processing-financial-services/.venv/lib/python3.10/site-packages/airflow/example_dags/subdags/subdag.py
[2024-08-29T20:30:54.448+0000] {processor.py:179} INFO - Processing /home/airflow-vm/data-engineer-batch-processing-financial-services/.venv/lib/python3.10/site-packages/airflow/example_dags/subdags/subdag.py took 0.014 seconds
[2024-08-29T20:32:42.437+0000] {processor.py:157} INFO - Started process (PID=66689) to work on /home/airflow-vm/data-engineer-batch-processing-financial-services/.venv/lib/python3.10/site-packages/airflow/example_dags/subdags/subdag.py
[2024-08-29T20:32:42.438+0000] {processor.py:826} INFO - Processing file /home/airflow-vm/data-engineer-batch-processing-financial-services/.venv/lib/python3.10/site-packages/airflow/example_dags/subdags/subdag.py for tasks to queue
[2024-08-29T20:32:42.439+0000] {logging_mixin.py:149} INFO - [2024-08-29T20:32:42.439+0000] {dagbag.py:541} INFO - Filling up the DagBag from /home/airflow-vm/data-engineer-batch-processing-financial-services/.venv/lib/python3.10/site-packages/airflow/example_dags/subdags/subdag.py
[2024-08-29T20:32:42.440+0000] {processor.py:838} WARNING - No viable dags retrieved from /home/airflow-vm/data-engineer-batch-processing-financial-services/.venv/lib/python3.10/site-packages/airflow/example_dags/subdags/subdag.py
[2024-08-29T20:32:42.449+0000] {processor.py:179} INFO - Processing /home/airflow-vm/data-engineer-batch-processing-financial-services/.venv/lib/python3.10/site-packages/airflow/example_dags/subdags/subdag.py took 0.014 seconds
[2024-08-29T20:34:06.042+0000] {processor.py:157} INFO - Started process (PID=67731) to work on /home/airflow-vm/data-engineer-batch-processing-financial-services/.venv/lib/python3.10/site-packages/airflow/example_dags/subdags/subdag.py
[2024-08-29T20:34:06.043+0000] {processor.py:826} INFO - Processing file /home/airflow-vm/data-engineer-batch-processing-financial-services/.venv/lib/python3.10/site-packages/airflow/example_dags/subdags/subdag.py for tasks to queue
[2024-08-29T20:34:06.043+0000] {logging_mixin.py:149} INFO - [2024-08-29T20:34:06.043+0000] {dagbag.py:541} INFO - Filling up the DagBag from /home/airflow-vm/data-engineer-batch-processing-financial-services/.venv/lib/python3.10/site-packages/airflow/example_dags/subdags/subdag.py
[2024-08-29T20:34:06.046+0000] {processor.py:838} WARNING - No viable dags retrieved from /home/airflow-vm/data-engineer-batch-processing-financial-services/.venv/lib/python3.10/site-packages/airflow/example_dags/subdags/subdag.py
[2024-08-29T20:34:06.054+0000] {processor.py:179} INFO - Processing /home/airflow-vm/data-engineer-batch-processing-financial-services/.venv/lib/python3.10/site-packages/airflow/example_dags/subdags/subdag.py took 0.014 seconds
[2024-08-29T20:35:18.875+0000] {processor.py:157} INFO - Started process (PID=68695) to work on /home/airflow-vm/data-engineer-batch-processing-financial-services/.venv/lib/python3.10/site-packages/airflow/example_dags/subdags/subdag.py
[2024-08-29T20:35:18.876+0000] {processor.py:826} INFO - Processing file /home/airflow-vm/data-engineer-batch-processing-financial-services/.venv/lib/python3.10/site-packages/airflow/example_dags/subdags/subdag.py for tasks to queue
[2024-08-29T20:35:18.877+0000] {logging_mixin.py:149} INFO - [2024-08-29T20:35:18.876+0000] {dagbag.py:541} INFO - Filling up the DagBag from /home/airflow-vm/data-engineer-batch-processing-financial-services/.venv/lib/python3.10/site-packages/airflow/example_dags/subdags/subdag.py
[2024-08-29T20:35:18.878+0000] {processor.py:838} WARNING - No viable dags retrieved from /home/airflow-vm/data-engineer-batch-processing-financial-services/.venv/lib/python3.10/site-packages/airflow/example_dags/subdags/subdag.py
[2024-08-29T20:35:18.887+0000] {processor.py:179} INFO - Processing /home/airflow-vm/data-engineer-batch-processing-financial-services/.venv/lib/python3.10/site-packages/airflow/example_dags/subdags/subdag.py took 0.014 seconds
[2024-08-29T20:37:14.050+0000] {processor.py:157} INFO - Started process (PID=70112) to work on /home/airflow-vm/data-engineer-batch-processing-financial-services/.venv/lib/python3.10/site-packages/airflow/example_dags/subdags/subdag.py
[2024-08-29T20:37:14.051+0000] {processor.py:826} INFO - Processing file /home/airflow-vm/data-engineer-batch-processing-financial-services/.venv/lib/python3.10/site-packages/airflow/example_dags/subdags/subdag.py for tasks to queue
[2024-08-29T20:37:14.052+0000] {logging_mixin.py:149} INFO - [2024-08-29T20:37:14.052+0000] {dagbag.py:541} INFO - Filling up the DagBag from /home/airflow-vm/data-engineer-batch-processing-financial-services/.venv/lib/python3.10/site-packages/airflow/example_dags/subdags/subdag.py
[2024-08-29T20:37:14.053+0000] {processor.py:838} WARNING - No viable dags retrieved from /home/airflow-vm/data-engineer-batch-processing-financial-services/.venv/lib/python3.10/site-packages/airflow/example_dags/subdags/subdag.py
[2024-08-29T20:37:14.061+0000] {processor.py:179} INFO - Processing /home/airflow-vm/data-engineer-batch-processing-financial-services/.venv/lib/python3.10/site-packages/airflow/example_dags/subdags/subdag.py took 0.013 seconds
[2024-08-29T20:38:39.055+0000] {processor.py:157} INFO - Started process (PID=71287) to work on /home/airflow-vm/data-engineer-batch-processing-financial-services/.venv/lib/python3.10/site-packages/airflow/example_dags/subdags/subdag.py
[2024-08-29T20:38:39.056+0000] {processor.py:826} INFO - Processing file /home/airflow-vm/data-engineer-batch-processing-financial-services/.venv/lib/python3.10/site-packages/airflow/example_dags/subdags/subdag.py for tasks to queue
[2024-08-29T20:38:39.056+0000] {logging_mixin.py:149} INFO - [2024-08-29T20:38:39.056+0000] {dagbag.py:541} INFO - Filling up the DagBag from /home/airflow-vm/data-engineer-batch-processing-financial-services/.venv/lib/python3.10/site-packages/airflow/example_dags/subdags/subdag.py
[2024-08-29T20:38:39.058+0000] {processor.py:838} WARNING - No viable dags retrieved from /home/airflow-vm/data-engineer-batch-processing-financial-services/.venv/lib/python3.10/site-packages/airflow/example_dags/subdags/subdag.py
[2024-08-29T20:38:39.066+0000] {processor.py:179} INFO - Processing /home/airflow-vm/data-engineer-batch-processing-financial-services/.venv/lib/python3.10/site-packages/airflow/example_dags/subdags/subdag.py took 0.014 seconds
