[2024-08-29T19:48:25.928+0000] {processor.py:157} INFO - Started process (PID=49268) to work on /home/airflow-vm/data-engineer-batch-processing-financial-services/airflow/dags/main.py
[2024-08-29T19:48:25.928+0000] {processor.py:826} INFO - Processing file /home/airflow-vm/data-engineer-batch-processing-financial-services/airflow/dags/main.py for tasks to queue
[2024-08-29T19:48:25.929+0000] {logging_mixin.py:149} INFO - [2024-08-29T19:48:25.929+0000] {dagbag.py:541} INFO - Filling up the DagBag from /home/airflow-vm/data-engineer-batch-processing-financial-services/airflow/dags/main.py
[2024-08-29T19:48:25.935+0000] {processor.py:836} INFO - DAG(s) dict_keys(['ingestion']) retrieved from /home/airflow-vm/data-engineer-batch-processing-financial-services/airflow/dags/main.py
[2024-08-29T19:48:26.048+0000] {logging_mixin.py:149} INFO - [2024-08-29T19:48:26.047+0000] {manager.py:504} INFO - Created Permission View: can delete on DAG:ingestion
[2024-08-29T19:48:26.066+0000] {logging_mixin.py:149} INFO - [2024-08-29T19:48:26.066+0000] {manager.py:504} INFO - Created Permission View: can edit on DAG:ingestion
[2024-08-29T19:48:26.085+0000] {logging_mixin.py:149} INFO - [2024-08-29T19:48:26.085+0000] {manager.py:504} INFO - Created Permission View: can read on DAG:ingestion
[2024-08-29T19:48:26.085+0000] {logging_mixin.py:149} INFO - [2024-08-29T19:48:26.085+0000] {dag.py:2726} INFO - Sync 1 DAGs
[2024-08-29T19:48:26.097+0000] {logging_mixin.py:149} INFO - [2024-08-29T19:48:26.097+0000] {dag.py:2747} INFO - Creating ORM DAG for ingestion
[2024-08-29T19:48:26.107+0000] {logging_mixin.py:149} INFO - [2024-08-29T19:48:26.107+0000] {dag.py:3486} INFO - Setting next_dagrun for ingestion to 2022-01-01T00:00:00+00:00, run_after=2022-01-02T00:00:00+00:00
[2024-08-29T19:48:26.144+0000] {processor.py:179} INFO - Processing /home/airflow-vm/data-engineer-batch-processing-financial-services/airflow/dags/main.py took 0.219 seconds
[2024-08-29T19:49:19.606+0000] {processor.py:157} INFO - Started process (PID=49625) to work on /home/airflow-vm/data-engineer-batch-processing-financial-services/airflow/dags/main.py
[2024-08-29T19:49:19.607+0000] {processor.py:826} INFO - Processing file /home/airflow-vm/data-engineer-batch-processing-financial-services/airflow/dags/main.py for tasks to queue
[2024-08-29T19:49:19.608+0000] {logging_mixin.py:149} INFO - [2024-08-29T19:49:19.607+0000] {dagbag.py:541} INFO - Filling up the DagBag from /home/airflow-vm/data-engineer-batch-processing-financial-services/airflow/dags/main.py
[2024-08-29T19:49:19.613+0000] {processor.py:836} INFO - DAG(s) dict_keys(['ingestion']) retrieved from /home/airflow-vm/data-engineer-batch-processing-financial-services/airflow/dags/main.py
[2024-08-29T19:49:19.629+0000] {logging_mixin.py:149} INFO - [2024-08-29T19:49:19.629+0000] {dag.py:2726} INFO - Sync 1 DAGs
[2024-08-29T19:49:19.648+0000] {logging_mixin.py:149} INFO - [2024-08-29T19:49:19.648+0000] {dag.py:3486} INFO - Setting next_dagrun for ingestion to 2022-01-01T00:00:00+00:00, run_after=2022-01-02T00:00:00+00:00
[2024-08-29T19:49:19.677+0000] {processor.py:179} INFO - Processing /home/airflow-vm/data-engineer-batch-processing-financial-services/airflow/dags/main.py took 0.073 seconds
[2024-08-29T19:50:08.573+0000] {processor.py:157} INFO - Started process (PID=49755) to work on /home/airflow-vm/data-engineer-batch-processing-financial-services/airflow/dags/main.py
[2024-08-29T19:50:08.574+0000] {processor.py:826} INFO - Processing file /home/airflow-vm/data-engineer-batch-processing-financial-services/airflow/dags/main.py for tasks to queue
[2024-08-29T19:50:08.574+0000] {logging_mixin.py:149} INFO - [2024-08-29T19:50:08.574+0000] {dagbag.py:541} INFO - Filling up the DagBag from /home/airflow-vm/data-engineer-batch-processing-financial-services/airflow/dags/main.py
[2024-08-29T19:50:08.580+0000] {processor.py:836} INFO - DAG(s) dict_keys(['ingestion']) retrieved from /home/airflow-vm/data-engineer-batch-processing-financial-services/airflow/dags/main.py
[2024-08-29T19:50:08.597+0000] {logging_mixin.py:149} INFO - [2024-08-29T19:50:08.597+0000] {dag.py:2726} INFO - Sync 1 DAGs
[2024-08-29T19:50:08.617+0000] {logging_mixin.py:149} INFO - [2024-08-29T19:50:08.617+0000] {dag.py:3486} INFO - Setting next_dagrun for ingestion to 2022-01-01T00:00:00+00:00, run_after=2022-01-02T00:00:00+00:00
[2024-08-29T19:50:08.646+0000] {processor.py:179} INFO - Processing /home/airflow-vm/data-engineer-batch-processing-financial-services/airflow/dags/main.py took 0.075 seconds
[2024-08-29T19:50:55.881+0000] {processor.py:157} INFO - Started process (PID=50464) to work on /home/airflow-vm/data-engineer-batch-processing-financial-services/airflow/dags/main.py
[2024-08-29T19:50:55.882+0000] {processor.py:826} INFO - Processing file /home/airflow-vm/data-engineer-batch-processing-financial-services/airflow/dags/main.py for tasks to queue
[2024-08-29T19:50:55.883+0000] {logging_mixin.py:149} INFO - [2024-08-29T19:50:55.882+0000] {dagbag.py:541} INFO - Filling up the DagBag from /home/airflow-vm/data-engineer-batch-processing-financial-services/airflow/dags/main.py
[2024-08-29T19:50:55.887+0000] {processor.py:836} INFO - DAG(s) dict_keys(['ingestion']) retrieved from /home/airflow-vm/data-engineer-batch-processing-financial-services/airflow/dags/main.py
[2024-08-29T19:50:55.903+0000] {logging_mixin.py:149} INFO - [2024-08-29T19:50:55.903+0000] {dag.py:2726} INFO - Sync 1 DAGs
[2024-08-29T19:50:55.922+0000] {logging_mixin.py:149} INFO - [2024-08-29T19:50:55.922+0000] {dag.py:3486} INFO - Setting next_dagrun for ingestion to 2022-01-01T00:00:00+00:00, run_after=2022-01-02T00:00:00+00:00
[2024-08-29T19:50:55.950+0000] {processor.py:179} INFO - Processing /home/airflow-vm/data-engineer-batch-processing-financial-services/airflow/dags/main.py took 0.071 seconds
[2024-08-29T19:51:44.630+0000] {processor.py:157} INFO - Started process (PID=50792) to work on /home/airflow-vm/data-engineer-batch-processing-financial-services/airflow/dags/main.py
[2024-08-29T19:51:44.630+0000] {processor.py:826} INFO - Processing file /home/airflow-vm/data-engineer-batch-processing-financial-services/airflow/dags/main.py for tasks to queue
[2024-08-29T19:51:44.631+0000] {logging_mixin.py:149} INFO - [2024-08-29T19:51:44.631+0000] {dagbag.py:541} INFO - Filling up the DagBag from /home/airflow-vm/data-engineer-batch-processing-financial-services/airflow/dags/main.py
[2024-08-29T19:51:44.636+0000] {processor.py:836} INFO - DAG(s) dict_keys(['ingestion']) retrieved from /home/airflow-vm/data-engineer-batch-processing-financial-services/airflow/dags/main.py
[2024-08-29T19:51:44.654+0000] {logging_mixin.py:149} INFO - [2024-08-29T19:51:44.654+0000] {dag.py:2726} INFO - Sync 1 DAGs
[2024-08-29T19:51:44.674+0000] {logging_mixin.py:149} INFO - [2024-08-29T19:51:44.674+0000] {dag.py:3486} INFO - Setting next_dagrun for ingestion to 2022-01-01T00:00:00+00:00, run_after=2022-01-02T00:00:00+00:00
[2024-08-29T19:51:44.703+0000] {processor.py:179} INFO - Processing /home/airflow-vm/data-engineer-batch-processing-financial-services/airflow/dags/main.py took 0.076 seconds
[2024-08-29T19:52:32.235+0000] {processor.py:157} INFO - Started process (PID=50928) to work on /home/airflow-vm/data-engineer-batch-processing-financial-services/airflow/dags/main.py
[2024-08-29T19:52:32.236+0000] {processor.py:826} INFO - Processing file /home/airflow-vm/data-engineer-batch-processing-financial-services/airflow/dags/main.py for tasks to queue
[2024-08-29T19:52:32.237+0000] {logging_mixin.py:149} INFO - [2024-08-29T19:52:32.236+0000] {dagbag.py:541} INFO - Filling up the DagBag from /home/airflow-vm/data-engineer-batch-processing-financial-services/airflow/dags/main.py
[2024-08-29T19:52:32.242+0000] {processor.py:836} INFO - DAG(s) dict_keys(['ingestion']) retrieved from /home/airflow-vm/data-engineer-batch-processing-financial-services/airflow/dags/main.py
[2024-08-29T19:52:32.259+0000] {logging_mixin.py:149} INFO - [2024-08-29T19:52:32.259+0000] {dag.py:2726} INFO - Sync 1 DAGs
[2024-08-29T19:52:32.279+0000] {logging_mixin.py:149} INFO - [2024-08-29T19:52:32.279+0000] {dag.py:3486} INFO - Setting next_dagrun for ingestion to 2022-01-01T00:00:00+00:00, run_after=2022-01-02T00:00:00+00:00
[2024-08-29T19:52:32.308+0000] {processor.py:179} INFO - Processing /home/airflow-vm/data-engineer-batch-processing-financial-services/airflow/dags/main.py took 0.075 seconds
[2024-08-29T19:53:30.899+0000] {processor.py:157} INFO - Started process (PID=51084) to work on /home/airflow-vm/data-engineer-batch-processing-financial-services/airflow/dags/main.py
[2024-08-29T19:53:30.900+0000] {processor.py:826} INFO - Processing file /home/airflow-vm/data-engineer-batch-processing-financial-services/airflow/dags/main.py for tasks to queue
[2024-08-29T19:53:30.901+0000] {logging_mixin.py:149} INFO - [2024-08-29T19:53:30.901+0000] {dagbag.py:541} INFO - Filling up the DagBag from /home/airflow-vm/data-engineer-batch-processing-financial-services/airflow/dags/main.py
[2024-08-29T19:53:30.906+0000] {processor.py:836} INFO - DAG(s) dict_keys(['ingestion']) retrieved from /home/airflow-vm/data-engineer-batch-processing-financial-services/airflow/dags/main.py
[2024-08-29T19:53:30.922+0000] {logging_mixin.py:149} INFO - [2024-08-29T19:53:30.922+0000] {dag.py:2726} INFO - Sync 1 DAGs
[2024-08-29T19:53:30.942+0000] {logging_mixin.py:149} INFO - [2024-08-29T19:53:30.942+0000] {dag.py:3486} INFO - Setting next_dagrun for ingestion to 2022-01-01T00:00:00+00:00, run_after=2022-01-02T00:00:00+00:00
[2024-08-29T19:53:30.968+0000] {processor.py:179} INFO - Processing /home/airflow-vm/data-engineer-batch-processing-financial-services/airflow/dags/main.py took 0.071 seconds
[2024-08-29T19:54:16.825+0000] {processor.py:157} INFO - Started process (PID=51197) to work on /home/airflow-vm/data-engineer-batch-processing-financial-services/airflow/dags/main.py
[2024-08-29T19:54:16.826+0000] {processor.py:826} INFO - Processing file /home/airflow-vm/data-engineer-batch-processing-financial-services/airflow/dags/main.py for tasks to queue
[2024-08-29T19:54:16.826+0000] {logging_mixin.py:149} INFO - [2024-08-29T19:54:16.826+0000] {dagbag.py:541} INFO - Filling up the DagBag from /home/airflow-vm/data-engineer-batch-processing-financial-services/airflow/dags/main.py
[2024-08-29T19:54:16.831+0000] {processor.py:836} INFO - DAG(s) dict_keys(['ingestion']) retrieved from /home/airflow-vm/data-engineer-batch-processing-financial-services/airflow/dags/main.py
[2024-08-29T19:54:16.848+0000] {logging_mixin.py:149} INFO - [2024-08-29T19:54:16.847+0000] {dag.py:2726} INFO - Sync 1 DAGs
[2024-08-29T19:54:16.867+0000] {logging_mixin.py:149} INFO - [2024-08-29T19:54:16.866+0000] {dag.py:3486} INFO - Setting next_dagrun for ingestion to 2022-01-01T00:00:00+00:00, run_after=2022-01-02T00:00:00+00:00
[2024-08-29T19:54:16.896+0000] {processor.py:179} INFO - Processing /home/airflow-vm/data-engineer-batch-processing-financial-services/airflow/dags/main.py took 0.074 seconds
[2024-08-29T19:55:03.756+0000] {processor.py:157} INFO - Started process (PID=51522) to work on /home/airflow-vm/data-engineer-batch-processing-financial-services/airflow/dags/main.py
[2024-08-29T19:55:03.756+0000] {processor.py:826} INFO - Processing file /home/airflow-vm/data-engineer-batch-processing-financial-services/airflow/dags/main.py for tasks to queue
[2024-08-29T19:55:03.757+0000] {logging_mixin.py:149} INFO - [2024-08-29T19:55:03.757+0000] {dagbag.py:541} INFO - Filling up the DagBag from /home/airflow-vm/data-engineer-batch-processing-financial-services/airflow/dags/main.py
[2024-08-29T19:55:03.762+0000] {processor.py:836} INFO - DAG(s) dict_keys(['ingestion']) retrieved from /home/airflow-vm/data-engineer-batch-processing-financial-services/airflow/dags/main.py
[2024-08-29T19:55:03.778+0000] {logging_mixin.py:149} INFO - [2024-08-29T19:55:03.778+0000] {dag.py:2726} INFO - Sync 1 DAGs
[2024-08-29T19:55:03.797+0000] {logging_mixin.py:149} INFO - [2024-08-29T19:55:03.797+0000] {dag.py:3486} INFO - Setting next_dagrun for ingestion to 2022-01-01T00:00:00+00:00, run_after=2022-01-02T00:00:00+00:00
[2024-08-29T19:55:03.824+0000] {processor.py:179} INFO - Processing /home/airflow-vm/data-engineer-batch-processing-financial-services/airflow/dags/main.py took 0.071 seconds
[2024-08-29T19:55:51.455+0000] {processor.py:157} INFO - Started process (PID=51876) to work on /home/airflow-vm/data-engineer-batch-processing-financial-services/airflow/dags/main.py
[2024-08-29T19:55:51.456+0000] {processor.py:826} INFO - Processing file /home/airflow-vm/data-engineer-batch-processing-financial-services/airflow/dags/main.py for tasks to queue
[2024-08-29T19:55:51.456+0000] {logging_mixin.py:149} INFO - [2024-08-29T19:55:51.456+0000] {dagbag.py:541} INFO - Filling up the DagBag from /home/airflow-vm/data-engineer-batch-processing-financial-services/airflow/dags/main.py
[2024-08-29T19:55:51.462+0000] {processor.py:836} INFO - DAG(s) dict_keys(['ingestion']) retrieved from /home/airflow-vm/data-engineer-batch-processing-financial-services/airflow/dags/main.py
[2024-08-29T19:55:51.479+0000] {logging_mixin.py:149} INFO - [2024-08-29T19:55:51.479+0000] {dag.py:2726} INFO - Sync 1 DAGs
[2024-08-29T19:55:51.500+0000] {logging_mixin.py:149} INFO - [2024-08-29T19:55:51.500+0000] {dag.py:3486} INFO - Setting next_dagrun for ingestion to 2022-01-01T00:00:00+00:00, run_after=2022-01-02T00:00:00+00:00
[2024-08-29T19:55:51.530+0000] {processor.py:179} INFO - Processing /home/airflow-vm/data-engineer-batch-processing-financial-services/airflow/dags/main.py took 0.078 seconds
