[2024-09-03T10:58:32.069+0000] {processor.py:157} INFO - Started process (PID=3622) to work on /home/airflow-vm/data-engineer-batch-processing-financial-services/.venv/lib/python3.10/site-packages/airflow/example_dags/example_branch_python_dop_operator_3.py
[2024-09-03T10:58:32.070+0000] {processor.py:826} INFO - Processing file /home/airflow-vm/data-engineer-batch-processing-financial-services/.venv/lib/python3.10/site-packages/airflow/example_dags/example_branch_python_dop_operator_3.py for tasks to queue
[2024-09-03T10:58:32.070+0000] {logging_mixin.py:149} INFO - [2024-09-03T10:58:32.070+0000] {dagbag.py:541} INFO - Filling up the DagBag from /home/airflow-vm/data-engineer-batch-processing-financial-services/.venv/lib/python3.10/site-packages/airflow/example_dags/example_branch_python_dop_operator_3.py
[2024-09-03T10:58:32.078+0000] {processor.py:836} INFO - DAG(s) dict_keys(['example_branch_dop_operator_v3']) retrieved from /home/airflow-vm/data-engineer-batch-processing-financial-services/.venv/lib/python3.10/site-packages/airflow/example_dags/example_branch_python_dop_operator_3.py
[2024-09-03T10:58:32.097+0000] {logging_mixin.py:149} INFO - [2024-09-03T10:58:32.096+0000] {dag.py:2726} INFO - Sync 1 DAGs
[2024-09-03T10:58:32.122+0000] {logging_mixin.py:149} INFO - [2024-09-03T10:58:32.122+0000] {dag.py:3486} INFO - Setting next_dagrun for example_branch_dop_operator_v3 to 2024-09-03T10:57:00+00:00, run_after=2024-09-03T10:58:00+00:00
[2024-09-03T10:58:32.150+0000] {processor.py:179} INFO - Processing /home/airflow-vm/data-engineer-batch-processing-financial-services/.venv/lib/python3.10/site-packages/airflow/example_dags/example_branch_python_dop_operator_3.py took 0.085 seconds
[2024-09-03T10:59:21.388+0000] {processor.py:157} INFO - Started process (PID=3838) to work on /home/airflow-vm/data-engineer-batch-processing-financial-services/.venv/lib/python3.10/site-packages/airflow/example_dags/example_branch_python_dop_operator_3.py
[2024-09-03T10:59:21.389+0000] {processor.py:826} INFO - Processing file /home/airflow-vm/data-engineer-batch-processing-financial-services/.venv/lib/python3.10/site-packages/airflow/example_dags/example_branch_python_dop_operator_3.py for tasks to queue
[2024-09-03T10:59:21.389+0000] {logging_mixin.py:149} INFO - [2024-09-03T10:59:21.389+0000] {dagbag.py:541} INFO - Filling up the DagBag from /home/airflow-vm/data-engineer-batch-processing-financial-services/.venv/lib/python3.10/site-packages/airflow/example_dags/example_branch_python_dop_operator_3.py
[2024-09-03T10:59:21.397+0000] {processor.py:836} INFO - DAG(s) dict_keys(['example_branch_dop_operator_v3']) retrieved from /home/airflow-vm/data-engineer-batch-processing-financial-services/.venv/lib/python3.10/site-packages/airflow/example_dags/example_branch_python_dop_operator_3.py
[2024-09-03T10:59:21.415+0000] {logging_mixin.py:149} INFO - [2024-09-03T10:59:21.414+0000] {dag.py:2726} INFO - Sync 1 DAGs
[2024-09-03T10:59:21.439+0000] {logging_mixin.py:149} INFO - [2024-09-03T10:59:21.439+0000] {dag.py:3486} INFO - Setting next_dagrun for example_branch_dop_operator_v3 to 2024-09-03T10:58:00+00:00, run_after=2024-09-03T10:59:00+00:00
[2024-09-03T10:59:21.472+0000] {processor.py:179} INFO - Processing /home/airflow-vm/data-engineer-batch-processing-financial-services/.venv/lib/python3.10/site-packages/airflow/example_dags/example_branch_python_dop_operator_3.py took 0.087 seconds
[2024-09-03T11:00:04.785+0000] {processor.py:157} INFO - Started process (PID=4024) to work on /home/airflow-vm/data-engineer-batch-processing-financial-services/.venv/lib/python3.10/site-packages/airflow/example_dags/example_branch_python_dop_operator_3.py
[2024-09-03T11:00:04.787+0000] {processor.py:826} INFO - Processing file /home/airflow-vm/data-engineer-batch-processing-financial-services/.venv/lib/python3.10/site-packages/airflow/example_dags/example_branch_python_dop_operator_3.py for tasks to queue
[2024-09-03T11:00:04.788+0000] {logging_mixin.py:149} INFO - [2024-09-03T11:00:04.788+0000] {dagbag.py:541} INFO - Filling up the DagBag from /home/airflow-vm/data-engineer-batch-processing-financial-services/.venv/lib/python3.10/site-packages/airflow/example_dags/example_branch_python_dop_operator_3.py
[2024-09-03T11:00:04.796+0000] {processor.py:836} INFO - DAG(s) dict_keys(['example_branch_dop_operator_v3']) retrieved from /home/airflow-vm/data-engineer-batch-processing-financial-services/.venv/lib/python3.10/site-packages/airflow/example_dags/example_branch_python_dop_operator_3.py
[2024-09-03T11:00:04.814+0000] {logging_mixin.py:149} INFO - [2024-09-03T11:00:04.814+0000] {dag.py:2726} INFO - Sync 1 DAGs
[2024-09-03T11:00:04.847+0000] {logging_mixin.py:149} INFO - [2024-09-03T11:00:04.847+0000] {dag.py:3486} INFO - Setting next_dagrun for example_branch_dop_operator_v3 to 2024-09-03T10:59:00+00:00, run_after=2024-09-03T11:00:00+00:00
[2024-09-03T11:00:04.919+0000] {processor.py:179} INFO - Processing /home/airflow-vm/data-engineer-batch-processing-financial-services/.venv/lib/python3.10/site-packages/airflow/example_dags/example_branch_python_dop_operator_3.py took 0.136 seconds
[2024-09-03T11:00:50.568+0000] {processor.py:157} INFO - Started process (PID=4517) to work on /home/airflow-vm/data-engineer-batch-processing-financial-services/.venv/lib/python3.10/site-packages/airflow/example_dags/example_branch_python_dop_operator_3.py
[2024-09-03T11:00:50.569+0000] {processor.py:826} INFO - Processing file /home/airflow-vm/data-engineer-batch-processing-financial-services/.venv/lib/python3.10/site-packages/airflow/example_dags/example_branch_python_dop_operator_3.py for tasks to queue
[2024-09-03T11:00:50.570+0000] {logging_mixin.py:149} INFO - [2024-09-03T11:00:50.570+0000] {dagbag.py:541} INFO - Filling up the DagBag from /home/airflow-vm/data-engineer-batch-processing-financial-services/.venv/lib/python3.10/site-packages/airflow/example_dags/example_branch_python_dop_operator_3.py
[2024-09-03T11:00:50.578+0000] {processor.py:836} INFO - DAG(s) dict_keys(['example_branch_dop_operator_v3']) retrieved from /home/airflow-vm/data-engineer-batch-processing-financial-services/.venv/lib/python3.10/site-packages/airflow/example_dags/example_branch_python_dop_operator_3.py
[2024-09-03T11:00:50.596+0000] {logging_mixin.py:149} INFO - [2024-09-03T11:00:50.596+0000] {dag.py:2726} INFO - Sync 1 DAGs
[2024-09-03T11:00:50.621+0000] {logging_mixin.py:149} INFO - [2024-09-03T11:00:50.621+0000] {dag.py:3486} INFO - Setting next_dagrun for example_branch_dop_operator_v3 to 2024-09-03T10:59:00+00:00, run_after=2024-09-03T11:00:00+00:00
[2024-09-03T11:00:50.649+0000] {processor.py:179} INFO - Processing /home/airflow-vm/data-engineer-batch-processing-financial-services/.venv/lib/python3.10/site-packages/airflow/example_dags/example_branch_python_dop_operator_3.py took 0.083 seconds
[2024-09-03T11:01:39.933+0000] {processor.py:157} INFO - Started process (PID=4762) to work on /home/airflow-vm/data-engineer-batch-processing-financial-services/.venv/lib/python3.10/site-packages/airflow/example_dags/example_branch_python_dop_operator_3.py
[2024-09-03T11:01:39.933+0000] {processor.py:826} INFO - Processing file /home/airflow-vm/data-engineer-batch-processing-financial-services/.venv/lib/python3.10/site-packages/airflow/example_dags/example_branch_python_dop_operator_3.py for tasks to queue
[2024-09-03T11:01:39.934+0000] {logging_mixin.py:149} INFO - [2024-09-03T11:01:39.934+0000] {dagbag.py:541} INFO - Filling up the DagBag from /home/airflow-vm/data-engineer-batch-processing-financial-services/.venv/lib/python3.10/site-packages/airflow/example_dags/example_branch_python_dop_operator_3.py
[2024-09-03T11:01:39.942+0000] {processor.py:836} INFO - DAG(s) dict_keys(['example_branch_dop_operator_v3']) retrieved from /home/airflow-vm/data-engineer-batch-processing-financial-services/.venv/lib/python3.10/site-packages/airflow/example_dags/example_branch_python_dop_operator_3.py
[2024-09-03T11:01:39.960+0000] {logging_mixin.py:149} INFO - [2024-09-03T11:01:39.960+0000] {dag.py:2726} INFO - Sync 1 DAGs
[2024-09-03T11:01:39.987+0000] {logging_mixin.py:149} INFO - [2024-09-03T11:01:39.987+0000] {dag.py:3486} INFO - Setting next_dagrun for example_branch_dop_operator_v3 to 2024-09-03T11:00:00+00:00, run_after=2024-09-03T11:01:00+00:00
[2024-09-03T11:01:40.017+0000] {processor.py:179} INFO - Processing /home/airflow-vm/data-engineer-batch-processing-financial-services/.venv/lib/python3.10/site-packages/airflow/example_dags/example_branch_python_dop_operator_3.py took 0.087 seconds
[2024-09-03T11:02:25.778+0000] {processor.py:157} INFO - Started process (PID=4820) to work on /home/airflow-vm/data-engineer-batch-processing-financial-services/.venv/lib/python3.10/site-packages/airflow/example_dags/example_branch_python_dop_operator_3.py
[2024-09-03T11:02:25.779+0000] {processor.py:826} INFO - Processing file /home/airflow-vm/data-engineer-batch-processing-financial-services/.venv/lib/python3.10/site-packages/airflow/example_dags/example_branch_python_dop_operator_3.py for tasks to queue
[2024-09-03T11:02:25.779+0000] {logging_mixin.py:149} INFO - [2024-09-03T11:02:25.779+0000] {dagbag.py:541} INFO - Filling up the DagBag from /home/airflow-vm/data-engineer-batch-processing-financial-services/.venv/lib/python3.10/site-packages/airflow/example_dags/example_branch_python_dop_operator_3.py
[2024-09-03T11:02:25.788+0000] {processor.py:836} INFO - DAG(s) dict_keys(['example_branch_dop_operator_v3']) retrieved from /home/airflow-vm/data-engineer-batch-processing-financial-services/.venv/lib/python3.10/site-packages/airflow/example_dags/example_branch_python_dop_operator_3.py
[2024-09-03T11:02:25.805+0000] {logging_mixin.py:149} INFO - [2024-09-03T11:02:25.804+0000] {dag.py:2726} INFO - Sync 1 DAGs
[2024-09-03T11:02:25.829+0000] {logging_mixin.py:149} INFO - [2024-09-03T11:02:25.829+0000] {dag.py:3486} INFO - Setting next_dagrun for example_branch_dop_operator_v3 to 2024-09-03T11:01:00+00:00, run_after=2024-09-03T11:02:00+00:00
[2024-09-03T11:02:25.858+0000] {processor.py:179} INFO - Processing /home/airflow-vm/data-engineer-batch-processing-financial-services/.venv/lib/python3.10/site-packages/airflow/example_dags/example_branch_python_dop_operator_3.py took 0.082 seconds
[2024-09-03T11:03:14.998+0000] {processor.py:157} INFO - Started process (PID=5121) to work on /home/airflow-vm/data-engineer-batch-processing-financial-services/.venv/lib/python3.10/site-packages/airflow/example_dags/example_branch_python_dop_operator_3.py
[2024-09-03T11:03:14.999+0000] {processor.py:826} INFO - Processing file /home/airflow-vm/data-engineer-batch-processing-financial-services/.venv/lib/python3.10/site-packages/airflow/example_dags/example_branch_python_dop_operator_3.py for tasks to queue
[2024-09-03T11:03:15.000+0000] {logging_mixin.py:149} INFO - [2024-09-03T11:03:15.000+0000] {dagbag.py:541} INFO - Filling up the DagBag from /home/airflow-vm/data-engineer-batch-processing-financial-services/.venv/lib/python3.10/site-packages/airflow/example_dags/example_branch_python_dop_operator_3.py
[2024-09-03T11:03:15.008+0000] {processor.py:836} INFO - DAG(s) dict_keys(['example_branch_dop_operator_v3']) retrieved from /home/airflow-vm/data-engineer-batch-processing-financial-services/.venv/lib/python3.10/site-packages/airflow/example_dags/example_branch_python_dop_operator_3.py
[2024-09-03T11:03:15.024+0000] {logging_mixin.py:149} INFO - [2024-09-03T11:03:15.024+0000] {dag.py:2726} INFO - Sync 1 DAGs
[2024-09-03T11:03:15.049+0000] {logging_mixin.py:149} INFO - [2024-09-03T11:03:15.048+0000] {dag.py:3486} INFO - Setting next_dagrun for example_branch_dop_operator_v3 to 2024-09-03T11:02:00+00:00, run_after=2024-09-03T11:03:00+00:00
[2024-09-03T11:03:15.077+0000] {processor.py:179} INFO - Processing /home/airflow-vm/data-engineer-batch-processing-financial-services/.venv/lib/python3.10/site-packages/airflow/example_dags/example_branch_python_dop_operator_3.py took 0.081 seconds
[2024-09-03T11:05:58.264+0000] {processor.py:157} INFO - Started process (PID=6706) to work on /home/airflow-vm/data-engineer-batch-processing-financial-services/.venv/lib/python3.10/site-packages/airflow/example_dags/example_branch_python_dop_operator_3.py
[2024-09-03T11:05:58.265+0000] {processor.py:826} INFO - Processing file /home/airflow-vm/data-engineer-batch-processing-financial-services/.venv/lib/python3.10/site-packages/airflow/example_dags/example_branch_python_dop_operator_3.py for tasks to queue
[2024-09-03T11:05:58.266+0000] {logging_mixin.py:149} INFO - [2024-09-03T11:05:58.266+0000] {dagbag.py:541} INFO - Filling up the DagBag from /home/airflow-vm/data-engineer-batch-processing-financial-services/.venv/lib/python3.10/site-packages/airflow/example_dags/example_branch_python_dop_operator_3.py
[2024-09-03T11:05:58.274+0000] {processor.py:836} INFO - DAG(s) dict_keys(['example_branch_dop_operator_v3']) retrieved from /home/airflow-vm/data-engineer-batch-processing-financial-services/.venv/lib/python3.10/site-packages/airflow/example_dags/example_branch_python_dop_operator_3.py
[2024-09-03T11:05:58.294+0000] {logging_mixin.py:149} INFO - [2024-09-03T11:05:58.294+0000] {dag.py:2726} INFO - Sync 1 DAGs
[2024-09-03T11:05:58.318+0000] {logging_mixin.py:149} INFO - [2024-09-03T11:05:58.318+0000] {dag.py:3486} INFO - Setting next_dagrun for example_branch_dop_operator_v3 to 2024-09-03T11:04:00+00:00, run_after=2024-09-03T11:05:00+00:00
[2024-09-03T11:05:58.350+0000] {processor.py:179} INFO - Processing /home/airflow-vm/data-engineer-batch-processing-financial-services/.venv/lib/python3.10/site-packages/airflow/example_dags/example_branch_python_dop_operator_3.py took 0.089 seconds
[2024-09-03T11:10:02.492+0000] {processor.py:157} INFO - Started process (PID=8392) to work on /home/airflow-vm/data-engineer-batch-processing-financial-services/.venv/lib/python3.10/site-packages/airflow/example_dags/example_branch_python_dop_operator_3.py
[2024-09-03T11:10:02.493+0000] {processor.py:826} INFO - Processing file /home/airflow-vm/data-engineer-batch-processing-financial-services/.venv/lib/python3.10/site-packages/airflow/example_dags/example_branch_python_dop_operator_3.py for tasks to queue
[2024-09-03T11:10:02.493+0000] {logging_mixin.py:149} INFO - [2024-09-03T11:10:02.493+0000] {dagbag.py:541} INFO - Filling up the DagBag from /home/airflow-vm/data-engineer-batch-processing-financial-services/.venv/lib/python3.10/site-packages/airflow/example_dags/example_branch_python_dop_operator_3.py
[2024-09-03T11:10:02.501+0000] {processor.py:836} INFO - DAG(s) dict_keys(['example_branch_dop_operator_v3']) retrieved from /home/airflow-vm/data-engineer-batch-processing-financial-services/.venv/lib/python3.10/site-packages/airflow/example_dags/example_branch_python_dop_operator_3.py
[2024-09-03T11:10:02.519+0000] {logging_mixin.py:149} INFO - [2024-09-03T11:10:02.518+0000] {dag.py:2726} INFO - Sync 1 DAGs
[2024-09-03T11:10:02.544+0000] {logging_mixin.py:149} INFO - [2024-09-03T11:10:02.543+0000] {dag.py:3486} INFO - Setting next_dagrun for example_branch_dop_operator_v3 to 2024-09-03T11:09:00+00:00, run_after=2024-09-03T11:10:00+00:00
[2024-09-03T11:10:02.573+0000] {processor.py:179} INFO - Processing /home/airflow-vm/data-engineer-batch-processing-financial-services/.venv/lib/python3.10/site-packages/airflow/example_dags/example_branch_python_dop_operator_3.py took 0.084 seconds
[2024-09-03T11:14:23.588+0000] {processor.py:157} INFO - Started process (PID=10237) to work on /home/airflow-vm/data-engineer-batch-processing-financial-services/.venv/lib/python3.10/site-packages/airflow/example_dags/example_branch_python_dop_operator_3.py
[2024-09-03T11:14:23.589+0000] {processor.py:826} INFO - Processing file /home/airflow-vm/data-engineer-batch-processing-financial-services/.venv/lib/python3.10/site-packages/airflow/example_dags/example_branch_python_dop_operator_3.py for tasks to queue
[2024-09-03T11:14:23.590+0000] {logging_mixin.py:149} INFO - [2024-09-03T11:14:23.589+0000] {dagbag.py:541} INFO - Filling up the DagBag from /home/airflow-vm/data-engineer-batch-processing-financial-services/.venv/lib/python3.10/site-packages/airflow/example_dags/example_branch_python_dop_operator_3.py
[2024-09-03T11:14:23.597+0000] {processor.py:836} INFO - DAG(s) dict_keys(['example_branch_dop_operator_v3']) retrieved from /home/airflow-vm/data-engineer-batch-processing-financial-services/.venv/lib/python3.10/site-packages/airflow/example_dags/example_branch_python_dop_operator_3.py
[2024-09-03T11:14:23.615+0000] {logging_mixin.py:149} INFO - [2024-09-03T11:14:23.615+0000] {dag.py:2726} INFO - Sync 1 DAGs
[2024-09-03T11:14:23.641+0000] {logging_mixin.py:149} INFO - [2024-09-03T11:14:23.640+0000] {dag.py:3486} INFO - Setting next_dagrun for example_branch_dop_operator_v3 to 2024-09-03T11:13:00+00:00, run_after=2024-09-03T11:14:00+00:00
[2024-09-03T11:14:23.670+0000] {processor.py:179} INFO - Processing /home/airflow-vm/data-engineer-batch-processing-financial-services/.venv/lib/python3.10/site-packages/airflow/example_dags/example_branch_python_dop_operator_3.py took 0.084 seconds
[2024-09-03T11:18:53.846+0000] {processor.py:157} INFO - Started process (PID=12772) to work on /home/airflow-vm/data-engineer-batch-processing-financial-services/.venv/lib/python3.10/site-packages/airflow/example_dags/example_branch_python_dop_operator_3.py
[2024-09-03T11:18:53.847+0000] {processor.py:826} INFO - Processing file /home/airflow-vm/data-engineer-batch-processing-financial-services/.venv/lib/python3.10/site-packages/airflow/example_dags/example_branch_python_dop_operator_3.py for tasks to queue
[2024-09-03T11:18:53.847+0000] {logging_mixin.py:149} INFO - [2024-09-03T11:18:53.847+0000] {dagbag.py:541} INFO - Filling up the DagBag from /home/airflow-vm/data-engineer-batch-processing-financial-services/.venv/lib/python3.10/site-packages/airflow/example_dags/example_branch_python_dop_operator_3.py
[2024-09-03T11:18:53.855+0000] {processor.py:836} INFO - DAG(s) dict_keys(['example_branch_dop_operator_v3']) retrieved from /home/airflow-vm/data-engineer-batch-processing-financial-services/.venv/lib/python3.10/site-packages/airflow/example_dags/example_branch_python_dop_operator_3.py
[2024-09-03T11:18:53.874+0000] {logging_mixin.py:149} INFO - [2024-09-03T11:18:53.874+0000] {dag.py:2726} INFO - Sync 1 DAGs
[2024-09-03T11:18:53.899+0000] {logging_mixin.py:149} INFO - [2024-09-03T11:18:53.899+0000] {dag.py:3486} INFO - Setting next_dagrun for example_branch_dop_operator_v3 to 2024-09-03T11:17:00+00:00, run_after=2024-09-03T11:18:00+00:00
[2024-09-03T11:18:53.928+0000] {processor.py:179} INFO - Processing /home/airflow-vm/data-engineer-batch-processing-financial-services/.venv/lib/python3.10/site-packages/airflow/example_dags/example_branch_python_dop_operator_3.py took 0.084 seconds
[2024-09-03T11:24:50.032+0000] {processor.py:157} INFO - Started process (PID=15580) to work on /home/airflow-vm/data-engineer-batch-processing-financial-services/.venv/lib/python3.10/site-packages/airflow/example_dags/example_branch_python_dop_operator_3.py
[2024-09-03T11:24:50.033+0000] {processor.py:826} INFO - Processing file /home/airflow-vm/data-engineer-batch-processing-financial-services/.venv/lib/python3.10/site-packages/airflow/example_dags/example_branch_python_dop_operator_3.py for tasks to queue
[2024-09-03T11:24:50.033+0000] {logging_mixin.py:149} INFO - [2024-09-03T11:24:50.033+0000] {dagbag.py:541} INFO - Filling up the DagBag from /home/airflow-vm/data-engineer-batch-processing-financial-services/.venv/lib/python3.10/site-packages/airflow/example_dags/example_branch_python_dop_operator_3.py
[2024-09-03T11:24:50.041+0000] {processor.py:836} INFO - DAG(s) dict_keys(['example_branch_dop_operator_v3']) retrieved from /home/airflow-vm/data-engineer-batch-processing-financial-services/.venv/lib/python3.10/site-packages/airflow/example_dags/example_branch_python_dop_operator_3.py
[2024-09-03T11:24:50.059+0000] {logging_mixin.py:149} INFO - [2024-09-03T11:24:50.059+0000] {dag.py:2726} INFO - Sync 1 DAGs
[2024-09-03T11:24:50.085+0000] {logging_mixin.py:149} INFO - [2024-09-03T11:24:50.084+0000] {dag.py:3486} INFO - Setting next_dagrun for example_branch_dop_operator_v3 to 2024-09-03T11:23:00+00:00, run_after=2024-09-03T11:24:00+00:00
[2024-09-03T11:24:50.112+0000] {processor.py:179} INFO - Processing /home/airflow-vm/data-engineer-batch-processing-financial-services/.venv/lib/python3.10/site-packages/airflow/example_dags/example_branch_python_dop_operator_3.py took 0.082 seconds
[2024-09-03T11:27:51.148+0000] {processor.py:157} INFO - Started process (PID=16837) to work on /home/airflow-vm/data-engineer-batch-processing-financial-services/.venv/lib/python3.10/site-packages/airflow/example_dags/example_branch_python_dop_operator_3.py
[2024-09-03T11:27:51.149+0000] {processor.py:826} INFO - Processing file /home/airflow-vm/data-engineer-batch-processing-financial-services/.venv/lib/python3.10/site-packages/airflow/example_dags/example_branch_python_dop_operator_3.py for tasks to queue
[2024-09-03T11:27:51.150+0000] {logging_mixin.py:149} INFO - [2024-09-03T11:27:51.150+0000] {dagbag.py:541} INFO - Filling up the DagBag from /home/airflow-vm/data-engineer-batch-processing-financial-services/.venv/lib/python3.10/site-packages/airflow/example_dags/example_branch_python_dop_operator_3.py
[2024-09-03T11:27:51.159+0000] {processor.py:836} INFO - DAG(s) dict_keys(['example_branch_dop_operator_v3']) retrieved from /home/airflow-vm/data-engineer-batch-processing-financial-services/.venv/lib/python3.10/site-packages/airflow/example_dags/example_branch_python_dop_operator_3.py
[2024-09-03T11:27:51.180+0000] {logging_mixin.py:149} INFO - [2024-09-03T11:27:51.180+0000] {dag.py:2726} INFO - Sync 1 DAGs
[2024-09-03T11:27:51.208+0000] {logging_mixin.py:149} INFO - [2024-09-03T11:27:51.208+0000] {dag.py:3486} INFO - Setting next_dagrun for example_branch_dop_operator_v3 to 2024-09-03T11:26:00+00:00, run_after=2024-09-03T11:27:00+00:00
[2024-09-03T11:27:51.241+0000] {processor.py:179} INFO - Processing /home/airflow-vm/data-engineer-batch-processing-financial-services/.venv/lib/python3.10/site-packages/airflow/example_dags/example_branch_python_dop_operator_3.py took 0.095 seconds
[2024-09-03T11:36:09.712+0000] {processor.py:157} INFO - Started process (PID=21917) to work on /home/airflow-vm/data-engineer-batch-processing-financial-services/.venv/lib/python3.10/site-packages/airflow/example_dags/example_branch_python_dop_operator_3.py
[2024-09-03T11:36:09.713+0000] {processor.py:826} INFO - Processing file /home/airflow-vm/data-engineer-batch-processing-financial-services/.venv/lib/python3.10/site-packages/airflow/example_dags/example_branch_python_dop_operator_3.py for tasks to queue
[2024-09-03T11:36:09.714+0000] {logging_mixin.py:149} INFO - [2024-09-03T11:36:09.714+0000] {dagbag.py:541} INFO - Filling up the DagBag from /home/airflow-vm/data-engineer-batch-processing-financial-services/.venv/lib/python3.10/site-packages/airflow/example_dags/example_branch_python_dop_operator_3.py
[2024-09-03T11:36:09.722+0000] {processor.py:836} INFO - DAG(s) dict_keys(['example_branch_dop_operator_v3']) retrieved from /home/airflow-vm/data-engineer-batch-processing-financial-services/.venv/lib/python3.10/site-packages/airflow/example_dags/example_branch_python_dop_operator_3.py
[2024-09-03T11:36:09.741+0000] {logging_mixin.py:149} INFO - [2024-09-03T11:36:09.741+0000] {dag.py:2726} INFO - Sync 1 DAGs
[2024-09-03T11:36:09.768+0000] {logging_mixin.py:149} INFO - [2024-09-03T11:36:09.768+0000] {dag.py:3486} INFO - Setting next_dagrun for example_branch_dop_operator_v3 to 2024-09-03T11:35:00+00:00, run_after=2024-09-03T11:36:00+00:00
[2024-09-03T11:36:09.800+0000] {processor.py:179} INFO - Processing /home/airflow-vm/data-engineer-batch-processing-financial-services/.venv/lib/python3.10/site-packages/airflow/example_dags/example_branch_python_dop_operator_3.py took 0.090 seconds
[2024-09-03T11:37:35.816+0000] {processor.py:157} INFO - Started process (PID=22667) to work on /home/airflow-vm/data-engineer-batch-processing-financial-services/.venv/lib/python3.10/site-packages/airflow/example_dags/example_branch_python_dop_operator_3.py
[2024-09-03T11:37:35.817+0000] {processor.py:826} INFO - Processing file /home/airflow-vm/data-engineer-batch-processing-financial-services/.venv/lib/python3.10/site-packages/airflow/example_dags/example_branch_python_dop_operator_3.py for tasks to queue
[2024-09-03T11:37:35.818+0000] {logging_mixin.py:149} INFO - [2024-09-03T11:37:35.818+0000] {dagbag.py:541} INFO - Filling up the DagBag from /home/airflow-vm/data-engineer-batch-processing-financial-services/.venv/lib/python3.10/site-packages/airflow/example_dags/example_branch_python_dop_operator_3.py
[2024-09-03T11:37:35.826+0000] {processor.py:836} INFO - DAG(s) dict_keys(['example_branch_dop_operator_v3']) retrieved from /home/airflow-vm/data-engineer-batch-processing-financial-services/.venv/lib/python3.10/site-packages/airflow/example_dags/example_branch_python_dop_operator_3.py
[2024-09-03T11:37:35.846+0000] {logging_mixin.py:149} INFO - [2024-09-03T11:37:35.846+0000] {dag.py:2726} INFO - Sync 1 DAGs
[2024-09-03T11:37:35.873+0000] {logging_mixin.py:149} INFO - [2024-09-03T11:37:35.873+0000] {dag.py:3486} INFO - Setting next_dagrun for example_branch_dop_operator_v3 to 2024-09-03T11:36:00+00:00, run_after=2024-09-03T11:37:00+00:00
[2024-09-03T11:37:35.912+0000] {processor.py:179} INFO - Processing /home/airflow-vm/data-engineer-batch-processing-financial-services/.venv/lib/python3.10/site-packages/airflow/example_dags/example_branch_python_dop_operator_3.py took 0.098 seconds
[2024-09-03T11:38:26.020+0000] {processor.py:157} INFO - Started process (PID=22896) to work on /home/airflow-vm/data-engineer-batch-processing-financial-services/.venv/lib/python3.10/site-packages/airflow/example_dags/example_branch_python_dop_operator_3.py
[2024-09-03T11:38:26.021+0000] {processor.py:826} INFO - Processing file /home/airflow-vm/data-engineer-batch-processing-financial-services/.venv/lib/python3.10/site-packages/airflow/example_dags/example_branch_python_dop_operator_3.py for tasks to queue
[2024-09-03T11:38:26.022+0000] {logging_mixin.py:149} INFO - [2024-09-03T11:38:26.022+0000] {dagbag.py:541} INFO - Filling up the DagBag from /home/airflow-vm/data-engineer-batch-processing-financial-services/.venv/lib/python3.10/site-packages/airflow/example_dags/example_branch_python_dop_operator_3.py
[2024-09-03T11:38:26.031+0000] {processor.py:836} INFO - DAG(s) dict_keys(['example_branch_dop_operator_v3']) retrieved from /home/airflow-vm/data-engineer-batch-processing-financial-services/.venv/lib/python3.10/site-packages/airflow/example_dags/example_branch_python_dop_operator_3.py
[2024-09-03T11:38:26.050+0000] {logging_mixin.py:149} INFO - [2024-09-03T11:38:26.049+0000] {dag.py:2726} INFO - Sync 1 DAGs
[2024-09-03T11:38:26.077+0000] {logging_mixin.py:149} INFO - [2024-09-03T11:38:26.077+0000] {dag.py:3486} INFO - Setting next_dagrun for example_branch_dop_operator_v3 to 2024-09-03T11:37:00+00:00, run_after=2024-09-03T11:38:00+00:00
[2024-09-03T11:38:26.108+0000] {processor.py:179} INFO - Processing /home/airflow-vm/data-engineer-batch-processing-financial-services/.venv/lib/python3.10/site-packages/airflow/example_dags/example_branch_python_dop_operator_3.py took 0.090 seconds
[2024-09-03T11:39:16.591+0000] {processor.py:157} INFO - Started process (PID=23181) to work on /home/airflow-vm/data-engineer-batch-processing-financial-services/.venv/lib/python3.10/site-packages/airflow/example_dags/example_branch_python_dop_operator_3.py
[2024-09-03T11:39:16.592+0000] {processor.py:826} INFO - Processing file /home/airflow-vm/data-engineer-batch-processing-financial-services/.venv/lib/python3.10/site-packages/airflow/example_dags/example_branch_python_dop_operator_3.py for tasks to queue
[2024-09-03T11:39:16.593+0000] {logging_mixin.py:149} INFO - [2024-09-03T11:39:16.593+0000] {dagbag.py:541} INFO - Filling up the DagBag from /home/airflow-vm/data-engineer-batch-processing-financial-services/.venv/lib/python3.10/site-packages/airflow/example_dags/example_branch_python_dop_operator_3.py
[2024-09-03T11:39:16.602+0000] {processor.py:836} INFO - DAG(s) dict_keys(['example_branch_dop_operator_v3']) retrieved from /home/airflow-vm/data-engineer-batch-processing-financial-services/.venv/lib/python3.10/site-packages/airflow/example_dags/example_branch_python_dop_operator_3.py
[2024-09-03T11:39:16.621+0000] {logging_mixin.py:149} INFO - [2024-09-03T11:39:16.620+0000] {dag.py:2726} INFO - Sync 1 DAGs
[2024-09-03T11:39:16.647+0000] {logging_mixin.py:149} INFO - [2024-09-03T11:39:16.646+0000] {dag.py:3486} INFO - Setting next_dagrun for example_branch_dop_operator_v3 to 2024-09-03T11:38:00+00:00, run_after=2024-09-03T11:39:00+00:00
[2024-09-03T11:39:16.679+0000] {processor.py:179} INFO - Processing /home/airflow-vm/data-engineer-batch-processing-financial-services/.venv/lib/python3.10/site-packages/airflow/example_dags/example_branch_python_dop_operator_3.py took 0.091 seconds
[2024-09-03T11:40:01.917+0000] {processor.py:157} INFO - Started process (PID=23316) to work on /home/airflow-vm/data-engineer-batch-processing-financial-services/.venv/lib/python3.10/site-packages/airflow/example_dags/example_branch_python_dop_operator_3.py
[2024-09-03T11:40:01.918+0000] {processor.py:826} INFO - Processing file /home/airflow-vm/data-engineer-batch-processing-financial-services/.venv/lib/python3.10/site-packages/airflow/example_dags/example_branch_python_dop_operator_3.py for tasks to queue
[2024-09-03T11:40:01.919+0000] {logging_mixin.py:149} INFO - [2024-09-03T11:40:01.919+0000] {dagbag.py:541} INFO - Filling up the DagBag from /home/airflow-vm/data-engineer-batch-processing-financial-services/.venv/lib/python3.10/site-packages/airflow/example_dags/example_branch_python_dop_operator_3.py
[2024-09-03T11:40:01.927+0000] {processor.py:836} INFO - DAG(s) dict_keys(['example_branch_dop_operator_v3']) retrieved from /home/airflow-vm/data-engineer-batch-processing-financial-services/.venv/lib/python3.10/site-packages/airflow/example_dags/example_branch_python_dop_operator_3.py
[2024-09-03T11:40:01.945+0000] {logging_mixin.py:149} INFO - [2024-09-03T11:40:01.944+0000] {dag.py:2726} INFO - Sync 1 DAGs
[2024-09-03T11:40:01.971+0000] {logging_mixin.py:149} INFO - [2024-09-03T11:40:01.971+0000] {dag.py:3486} INFO - Setting next_dagrun for example_branch_dop_operator_v3 to 2024-09-03T11:39:00+00:00, run_after=2024-09-03T11:40:00+00:00
[2024-09-03T11:40:02.006+0000] {processor.py:179} INFO - Processing /home/airflow-vm/data-engineer-batch-processing-financial-services/.venv/lib/python3.10/site-packages/airflow/example_dags/example_branch_python_dop_operator_3.py took 0.091 seconds
[2024-09-03T11:45:28.313+0000] {processor.py:157} INFO - Started process (PID=26769) to work on /home/airflow-vm/data-engineer-batch-processing-financial-services/.venv/lib/python3.10/site-packages/airflow/example_dags/example_branch_python_dop_operator_3.py
[2024-09-03T11:45:28.314+0000] {processor.py:826} INFO - Processing file /home/airflow-vm/data-engineer-batch-processing-financial-services/.venv/lib/python3.10/site-packages/airflow/example_dags/example_branch_python_dop_operator_3.py for tasks to queue
[2024-09-03T11:45:28.314+0000] {logging_mixin.py:149} INFO - [2024-09-03T11:45:28.314+0000] {dagbag.py:541} INFO - Filling up the DagBag from /home/airflow-vm/data-engineer-batch-processing-financial-services/.venv/lib/python3.10/site-packages/airflow/example_dags/example_branch_python_dop_operator_3.py
[2024-09-03T11:45:28.322+0000] {processor.py:836} INFO - DAG(s) dict_keys(['example_branch_dop_operator_v3']) retrieved from /home/airflow-vm/data-engineer-batch-processing-financial-services/.venv/lib/python3.10/site-packages/airflow/example_dags/example_branch_python_dop_operator_3.py
[2024-09-03T11:45:28.340+0000] {logging_mixin.py:149} INFO - [2024-09-03T11:45:28.340+0000] {dag.py:2726} INFO - Sync 1 DAGs
[2024-09-03T11:45:28.367+0000] {logging_mixin.py:149} INFO - [2024-09-03T11:45:28.367+0000] {dag.py:3486} INFO - Setting next_dagrun for example_branch_dop_operator_v3 to 2024-09-03T11:44:00+00:00, run_after=2024-09-03T11:45:00+00:00
[2024-09-03T11:45:28.397+0000] {processor.py:179} INFO - Processing /home/airflow-vm/data-engineer-batch-processing-financial-services/.venv/lib/python3.10/site-packages/airflow/example_dags/example_branch_python_dop_operator_3.py took 0.087 seconds
[2024-09-03T11:50:35.881+0000] {processor.py:157} INFO - Started process (PID=29668) to work on /home/airflow-vm/data-engineer-batch-processing-financial-services/.venv/lib/python3.10/site-packages/airflow/example_dags/example_branch_python_dop_operator_3.py
[2024-09-03T11:50:35.881+0000] {processor.py:826} INFO - Processing file /home/airflow-vm/data-engineer-batch-processing-financial-services/.venv/lib/python3.10/site-packages/airflow/example_dags/example_branch_python_dop_operator_3.py for tasks to queue
[2024-09-03T11:50:35.882+0000] {logging_mixin.py:149} INFO - [2024-09-03T11:50:35.882+0000] {dagbag.py:541} INFO - Filling up the DagBag from /home/airflow-vm/data-engineer-batch-processing-financial-services/.venv/lib/python3.10/site-packages/airflow/example_dags/example_branch_python_dop_operator_3.py
[2024-09-03T11:50:35.890+0000] {processor.py:836} INFO - DAG(s) dict_keys(['example_branch_dop_operator_v3']) retrieved from /home/airflow-vm/data-engineer-batch-processing-financial-services/.venv/lib/python3.10/site-packages/airflow/example_dags/example_branch_python_dop_operator_3.py
[2024-09-03T11:50:35.907+0000] {logging_mixin.py:149} INFO - [2024-09-03T11:50:35.907+0000] {dag.py:2726} INFO - Sync 1 DAGs
[2024-09-03T11:50:35.932+0000] {logging_mixin.py:149} INFO - [2024-09-03T11:50:35.931+0000] {dag.py:3486} INFO - Setting next_dagrun for example_branch_dop_operator_v3 to 2024-09-03T11:49:00+00:00, run_after=2024-09-03T11:50:00+00:00
[2024-09-03T11:50:35.962+0000] {processor.py:179} INFO - Processing /home/airflow-vm/data-engineer-batch-processing-financial-services/.venv/lib/python3.10/site-packages/airflow/example_dags/example_branch_python_dop_operator_3.py took 0.084 seconds
[2024-09-03T11:51:21.152+0000] {processor.py:157} INFO - Started process (PID=29716) to work on /home/airflow-vm/data-engineer-batch-processing-financial-services/.venv/lib/python3.10/site-packages/airflow/example_dags/example_branch_python_dop_operator_3.py
[2024-09-03T11:51:21.153+0000] {processor.py:826} INFO - Processing file /home/airflow-vm/data-engineer-batch-processing-financial-services/.venv/lib/python3.10/site-packages/airflow/example_dags/example_branch_python_dop_operator_3.py for tasks to queue
[2024-09-03T11:51:21.154+0000] {logging_mixin.py:149} INFO - [2024-09-03T11:51:21.154+0000] {dagbag.py:541} INFO - Filling up the DagBag from /home/airflow-vm/data-engineer-batch-processing-financial-services/.venv/lib/python3.10/site-packages/airflow/example_dags/example_branch_python_dop_operator_3.py
[2024-09-03T11:51:21.162+0000] {processor.py:836} INFO - DAG(s) dict_keys(['example_branch_dop_operator_v3']) retrieved from /home/airflow-vm/data-engineer-batch-processing-financial-services/.venv/lib/python3.10/site-packages/airflow/example_dags/example_branch_python_dop_operator_3.py
[2024-09-03T11:51:21.181+0000] {logging_mixin.py:149} INFO - [2024-09-03T11:51:21.180+0000] {dag.py:2726} INFO - Sync 1 DAGs
[2024-09-03T11:51:21.206+0000] {logging_mixin.py:149} INFO - [2024-09-03T11:51:21.205+0000] {dag.py:3486} INFO - Setting next_dagrun for example_branch_dop_operator_v3 to 2024-09-03T11:50:00+00:00, run_after=2024-09-03T11:51:00+00:00
[2024-09-03T11:51:21.234+0000] {processor.py:179} INFO - Processing /home/airflow-vm/data-engineer-batch-processing-financial-services/.venv/lib/python3.10/site-packages/airflow/example_dags/example_branch_python_dop_operator_3.py took 0.084 seconds
[2024-09-03T11:52:05.431+0000] {processor.py:157} INFO - Started process (PID=29765) to work on /home/airflow-vm/data-engineer-batch-processing-financial-services/.venv/lib/python3.10/site-packages/airflow/example_dags/example_branch_python_dop_operator_3.py
[2024-09-03T11:52:05.432+0000] {processor.py:826} INFO - Processing file /home/airflow-vm/data-engineer-batch-processing-financial-services/.venv/lib/python3.10/site-packages/airflow/example_dags/example_branch_python_dop_operator_3.py for tasks to queue
[2024-09-03T11:52:05.432+0000] {logging_mixin.py:149} INFO - [2024-09-03T11:52:05.432+0000] {dagbag.py:541} INFO - Filling up the DagBag from /home/airflow-vm/data-engineer-batch-processing-financial-services/.venv/lib/python3.10/site-packages/airflow/example_dags/example_branch_python_dop_operator_3.py
[2024-09-03T11:52:05.440+0000] {processor.py:836} INFO - DAG(s) dict_keys(['example_branch_dop_operator_v3']) retrieved from /home/airflow-vm/data-engineer-batch-processing-financial-services/.venv/lib/python3.10/site-packages/airflow/example_dags/example_branch_python_dop_operator_3.py
[2024-09-03T11:52:05.458+0000] {logging_mixin.py:149} INFO - [2024-09-03T11:52:05.458+0000] {dag.py:2726} INFO - Sync 1 DAGs
[2024-09-03T11:52:05.484+0000] {logging_mixin.py:149} INFO - [2024-09-03T11:52:05.483+0000] {dag.py:3486} INFO - Setting next_dagrun for example_branch_dop_operator_v3 to 2024-09-03T11:51:00+00:00, run_after=2024-09-03T11:52:00+00:00
[2024-09-03T11:52:05.511+0000] {processor.py:179} INFO - Processing /home/airflow-vm/data-engineer-batch-processing-financial-services/.venv/lib/python3.10/site-packages/airflow/example_dags/example_branch_python_dop_operator_3.py took 0.082 seconds
[2024-09-03T11:52:54.485+0000] {processor.py:157} INFO - Started process (PID=29815) to work on /home/airflow-vm/data-engineer-batch-processing-financial-services/.venv/lib/python3.10/site-packages/airflow/example_dags/example_branch_python_dop_operator_3.py
[2024-09-03T11:52:54.486+0000] {processor.py:826} INFO - Processing file /home/airflow-vm/data-engineer-batch-processing-financial-services/.venv/lib/python3.10/site-packages/airflow/example_dags/example_branch_python_dop_operator_3.py for tasks to queue
[2024-09-03T11:52:54.487+0000] {logging_mixin.py:149} INFO - [2024-09-03T11:52:54.487+0000] {dagbag.py:541} INFO - Filling up the DagBag from /home/airflow-vm/data-engineer-batch-processing-financial-services/.venv/lib/python3.10/site-packages/airflow/example_dags/example_branch_python_dop_operator_3.py
[2024-09-03T11:52:54.495+0000] {processor.py:836} INFO - DAG(s) dict_keys(['example_branch_dop_operator_v3']) retrieved from /home/airflow-vm/data-engineer-batch-processing-financial-services/.venv/lib/python3.10/site-packages/airflow/example_dags/example_branch_python_dop_operator_3.py
[2024-09-03T11:52:54.513+0000] {logging_mixin.py:149} INFO - [2024-09-03T11:52:54.512+0000] {dag.py:2726} INFO - Sync 1 DAGs
[2024-09-03T11:52:54.538+0000] {logging_mixin.py:149} INFO - [2024-09-03T11:52:54.538+0000] {dag.py:3486} INFO - Setting next_dagrun for example_branch_dop_operator_v3 to 2024-09-03T11:51:00+00:00, run_after=2024-09-03T11:52:00+00:00
[2024-09-03T11:52:54.567+0000] {processor.py:179} INFO - Processing /home/airflow-vm/data-engineer-batch-processing-financial-services/.venv/lib/python3.10/site-packages/airflow/example_dags/example_branch_python_dop_operator_3.py took 0.084 seconds
[2024-09-03T11:53:41.341+0000] {processor.py:157} INFO - Started process (PID=29890) to work on /home/airflow-vm/data-engineer-batch-processing-financial-services/.venv/lib/python3.10/site-packages/airflow/example_dags/example_branch_python_dop_operator_3.py
[2024-09-03T11:53:41.342+0000] {processor.py:826} INFO - Processing file /home/airflow-vm/data-engineer-batch-processing-financial-services/.venv/lib/python3.10/site-packages/airflow/example_dags/example_branch_python_dop_operator_3.py for tasks to queue
[2024-09-03T11:53:41.343+0000] {logging_mixin.py:149} INFO - [2024-09-03T11:53:41.343+0000] {dagbag.py:541} INFO - Filling up the DagBag from /home/airflow-vm/data-engineer-batch-processing-financial-services/.venv/lib/python3.10/site-packages/airflow/example_dags/example_branch_python_dop_operator_3.py
[2024-09-03T11:53:41.351+0000] {processor.py:836} INFO - DAG(s) dict_keys(['example_branch_dop_operator_v3']) retrieved from /home/airflow-vm/data-engineer-batch-processing-financial-services/.venv/lib/python3.10/site-packages/airflow/example_dags/example_branch_python_dop_operator_3.py
[2024-09-03T11:53:41.371+0000] {logging_mixin.py:149} INFO - [2024-09-03T11:53:41.371+0000] {dag.py:2726} INFO - Sync 1 DAGs
[2024-09-03T11:53:41.398+0000] {logging_mixin.py:149} INFO - [2024-09-03T11:53:41.398+0000] {dag.py:3486} INFO - Setting next_dagrun for example_branch_dop_operator_v3 to 2024-09-03T11:52:00+00:00, run_after=2024-09-03T11:53:00+00:00
[2024-09-03T11:53:41.428+0000] {processor.py:179} INFO - Processing /home/airflow-vm/data-engineer-batch-processing-financial-services/.venv/lib/python3.10/site-packages/airflow/example_dags/example_branch_python_dop_operator_3.py took 0.090 seconds
[2024-09-03T11:54:30.792+0000] {processor.py:157} INFO - Started process (PID=29941) to work on /home/airflow-vm/data-engineer-batch-processing-financial-services/.venv/lib/python3.10/site-packages/airflow/example_dags/example_branch_python_dop_operator_3.py
[2024-09-03T11:54:30.793+0000] {processor.py:826} INFO - Processing file /home/airflow-vm/data-engineer-batch-processing-financial-services/.venv/lib/python3.10/site-packages/airflow/example_dags/example_branch_python_dop_operator_3.py for tasks to queue
[2024-09-03T11:54:30.793+0000] {logging_mixin.py:149} INFO - [2024-09-03T11:54:30.793+0000] {dagbag.py:541} INFO - Filling up the DagBag from /home/airflow-vm/data-engineer-batch-processing-financial-services/.venv/lib/python3.10/site-packages/airflow/example_dags/example_branch_python_dop_operator_3.py
[2024-09-03T11:54:30.801+0000] {processor.py:836} INFO - DAG(s) dict_keys(['example_branch_dop_operator_v3']) retrieved from /home/airflow-vm/data-engineer-batch-processing-financial-services/.venv/lib/python3.10/site-packages/airflow/example_dags/example_branch_python_dop_operator_3.py
[2024-09-03T11:54:30.818+0000] {logging_mixin.py:149} INFO - [2024-09-03T11:54:30.818+0000] {dag.py:2726} INFO - Sync 1 DAGs
[2024-09-03T11:54:30.843+0000] {logging_mixin.py:149} INFO - [2024-09-03T11:54:30.843+0000] {dag.py:3486} INFO - Setting next_dagrun for example_branch_dop_operator_v3 to 2024-09-03T11:53:00+00:00, run_after=2024-09-03T11:54:00+00:00
[2024-09-03T11:54:30.872+0000] {processor.py:179} INFO - Processing /home/airflow-vm/data-engineer-batch-processing-financial-services/.venv/lib/python3.10/site-packages/airflow/example_dags/example_branch_python_dop_operator_3.py took 0.082 seconds
[2024-09-03T11:55:19.306+0000] {processor.py:157} INFO - Started process (PID=29997) to work on /home/airflow-vm/data-engineer-batch-processing-financial-services/.venv/lib/python3.10/site-packages/airflow/example_dags/example_branch_python_dop_operator_3.py
[2024-09-03T11:55:19.307+0000] {processor.py:826} INFO - Processing file /home/airflow-vm/data-engineer-batch-processing-financial-services/.venv/lib/python3.10/site-packages/airflow/example_dags/example_branch_python_dop_operator_3.py for tasks to queue
[2024-09-03T11:55:19.307+0000] {logging_mixin.py:149} INFO - [2024-09-03T11:55:19.307+0000] {dagbag.py:541} INFO - Filling up the DagBag from /home/airflow-vm/data-engineer-batch-processing-financial-services/.venv/lib/python3.10/site-packages/airflow/example_dags/example_branch_python_dop_operator_3.py
[2024-09-03T11:55:19.315+0000] {processor.py:836} INFO - DAG(s) dict_keys(['example_branch_dop_operator_v3']) retrieved from /home/airflow-vm/data-engineer-batch-processing-financial-services/.venv/lib/python3.10/site-packages/airflow/example_dags/example_branch_python_dop_operator_3.py
[2024-09-03T11:55:19.331+0000] {logging_mixin.py:149} INFO - [2024-09-03T11:55:19.331+0000] {dag.py:2726} INFO - Sync 1 DAGs
[2024-09-03T11:55:19.355+0000] {logging_mixin.py:149} INFO - [2024-09-03T11:55:19.355+0000] {dag.py:3486} INFO - Setting next_dagrun for example_branch_dop_operator_v3 to 2024-09-03T11:54:00+00:00, run_after=2024-09-03T11:55:00+00:00
[2024-09-03T11:55:19.392+0000] {processor.py:179} INFO - Processing /home/airflow-vm/data-engineer-batch-processing-financial-services/.venv/lib/python3.10/site-packages/airflow/example_dags/example_branch_python_dop_operator_3.py took 0.088 seconds
[2024-09-03T11:56:02.170+0000] {processor.py:157} INFO - Started process (PID=30044) to work on /home/airflow-vm/data-engineer-batch-processing-financial-services/.venv/lib/python3.10/site-packages/airflow/example_dags/example_branch_python_dop_operator_3.py
[2024-09-03T11:56:02.171+0000] {processor.py:826} INFO - Processing file /home/airflow-vm/data-engineer-batch-processing-financial-services/.venv/lib/python3.10/site-packages/airflow/example_dags/example_branch_python_dop_operator_3.py for tasks to queue
[2024-09-03T11:56:02.171+0000] {logging_mixin.py:149} INFO - [2024-09-03T11:56:02.171+0000] {dagbag.py:541} INFO - Filling up the DagBag from /home/airflow-vm/data-engineer-batch-processing-financial-services/.venv/lib/python3.10/site-packages/airflow/example_dags/example_branch_python_dop_operator_3.py
[2024-09-03T11:56:02.179+0000] {processor.py:836} INFO - DAG(s) dict_keys(['example_branch_dop_operator_v3']) retrieved from /home/airflow-vm/data-engineer-batch-processing-financial-services/.venv/lib/python3.10/site-packages/airflow/example_dags/example_branch_python_dop_operator_3.py
[2024-09-03T11:56:02.198+0000] {logging_mixin.py:149} INFO - [2024-09-03T11:56:02.197+0000] {dag.py:2726} INFO - Sync 1 DAGs
[2024-09-03T11:56:02.223+0000] {logging_mixin.py:149} INFO - [2024-09-03T11:56:02.223+0000] {dag.py:3486} INFO - Setting next_dagrun for example_branch_dop_operator_v3 to 2024-09-03T11:55:00+00:00, run_after=2024-09-03T11:56:00+00:00
[2024-09-03T11:56:02.252+0000] {processor.py:179} INFO - Processing /home/airflow-vm/data-engineer-batch-processing-financial-services/.venv/lib/python3.10/site-packages/airflow/example_dags/example_branch_python_dop_operator_3.py took 0.085 seconds
[2024-09-03T11:56:48.535+0000] {processor.py:157} INFO - Started process (PID=30144) to work on /home/airflow-vm/data-engineer-batch-processing-financial-services/.venv/lib/python3.10/site-packages/airflow/example_dags/example_branch_python_dop_operator_3.py
[2024-09-03T11:56:48.536+0000] {processor.py:826} INFO - Processing file /home/airflow-vm/data-engineer-batch-processing-financial-services/.venv/lib/python3.10/site-packages/airflow/example_dags/example_branch_python_dop_operator_3.py for tasks to queue
[2024-09-03T11:56:48.536+0000] {logging_mixin.py:149} INFO - [2024-09-03T11:56:48.536+0000] {dagbag.py:541} INFO - Filling up the DagBag from /home/airflow-vm/data-engineer-batch-processing-financial-services/.venv/lib/python3.10/site-packages/airflow/example_dags/example_branch_python_dop_operator_3.py
[2024-09-03T11:56:48.545+0000] {processor.py:836} INFO - DAG(s) dict_keys(['example_branch_dop_operator_v3']) retrieved from /home/airflow-vm/data-engineer-batch-processing-financial-services/.venv/lib/python3.10/site-packages/airflow/example_dags/example_branch_python_dop_operator_3.py
[2024-09-03T11:56:48.564+0000] {logging_mixin.py:149} INFO - [2024-09-03T11:56:48.563+0000] {dag.py:2726} INFO - Sync 1 DAGs
[2024-09-03T11:56:48.591+0000] {logging_mixin.py:149} INFO - [2024-09-03T11:56:48.591+0000] {dag.py:3486} INFO - Setting next_dagrun for example_branch_dop_operator_v3 to 2024-09-03T11:55:00+00:00, run_after=2024-09-03T11:56:00+00:00
[2024-09-03T11:56:48.693+0000] {processor.py:179} INFO - Processing /home/airflow-vm/data-engineer-batch-processing-financial-services/.venv/lib/python3.10/site-packages/airflow/example_dags/example_branch_python_dop_operator_3.py took 0.161 seconds
