[2024-09-03T10:57:57.699+0000] {processor.py:157} INFO - Started process (PID=3232) to work on /home/airflow-vm/data-engineer-batch-processing-financial-services/.venv/lib/python3.10/site-packages/airflow/example_dags/example_xcom.py
[2024-09-03T10:57:57.700+0000] {processor.py:826} INFO - Processing file /home/airflow-vm/data-engineer-batch-processing-financial-services/.venv/lib/python3.10/site-packages/airflow/example_dags/example_xcom.py for tasks to queue
[2024-09-03T10:57:57.701+0000] {logging_mixin.py:149} INFO - [2024-09-03T10:57:57.700+0000] {dagbag.py:541} INFO - Filling up the DagBag from /home/airflow-vm/data-engineer-batch-processing-financial-services/.venv/lib/python3.10/site-packages/airflow/example_dags/example_xcom.py
[2024-09-03T10:57:57.709+0000] {processor.py:836} INFO - DAG(s) dict_keys(['example_xcom']) retrieved from /home/airflow-vm/data-engineer-batch-processing-financial-services/.venv/lib/python3.10/site-packages/airflow/example_dags/example_xcom.py
[2024-09-03T10:57:57.732+0000] {logging_mixin.py:149} INFO - [2024-09-03T10:57:57.732+0000] {dag.py:2726} INFO - Sync 1 DAGs
[2024-09-03T10:57:57.752+0000] {logging_mixin.py:149} INFO - [2024-09-03T10:57:57.752+0000] {dag.py:3486} INFO - Setting next_dagrun for example_xcom to 2021-01-01T00:00:00+00:00, run_after=2021-01-01T00:00:00+00:00
[2024-09-03T10:57:57.786+0000] {processor.py:179} INFO - Processing /home/airflow-vm/data-engineer-batch-processing-financial-services/.venv/lib/python3.10/site-packages/airflow/example_dags/example_xcom.py took 0.089 seconds
[2024-09-03T10:58:46.432+0000] {processor.py:157} INFO - Started process (PID=3727) to work on /home/airflow-vm/data-engineer-batch-processing-financial-services/.venv/lib/python3.10/site-packages/airflow/example_dags/example_xcom.py
[2024-09-03T10:58:46.433+0000] {processor.py:826} INFO - Processing file /home/airflow-vm/data-engineer-batch-processing-financial-services/.venv/lib/python3.10/site-packages/airflow/example_dags/example_xcom.py for tasks to queue
[2024-09-03T10:58:46.434+0000] {logging_mixin.py:149} INFO - [2024-09-03T10:58:46.434+0000] {dagbag.py:541} INFO - Filling up the DagBag from /home/airflow-vm/data-engineer-batch-processing-financial-services/.venv/lib/python3.10/site-packages/airflow/example_dags/example_xcom.py
[2024-09-03T10:58:46.440+0000] {processor.py:836} INFO - DAG(s) dict_keys(['example_xcom']) retrieved from /home/airflow-vm/data-engineer-batch-processing-financial-services/.venv/lib/python3.10/site-packages/airflow/example_dags/example_xcom.py
[2024-09-03T10:58:46.458+0000] {logging_mixin.py:149} INFO - [2024-09-03T10:58:46.458+0000] {dag.py:2726} INFO - Sync 1 DAGs
[2024-09-03T10:58:46.478+0000] {logging_mixin.py:149} INFO - [2024-09-03T10:58:46.478+0000] {dag.py:3486} INFO - Setting next_dagrun for example_xcom to 2021-01-01T00:00:00+00:00, run_after=2021-01-01T00:00:00+00:00
[2024-09-03T10:58:46.517+0000] {processor.py:179} INFO - Processing /home/airflow-vm/data-engineer-batch-processing-financial-services/.venv/lib/python3.10/site-packages/airflow/example_dags/example_xcom.py took 0.087 seconds
[2024-09-03T10:59:32.816+0000] {processor.py:157} INFO - Started process (PID=3853) to work on /home/airflow-vm/data-engineer-batch-processing-financial-services/.venv/lib/python3.10/site-packages/airflow/example_dags/example_xcom.py
[2024-09-03T10:59:32.816+0000] {processor.py:826} INFO - Processing file /home/airflow-vm/data-engineer-batch-processing-financial-services/.venv/lib/python3.10/site-packages/airflow/example_dags/example_xcom.py for tasks to queue
[2024-09-03T10:59:32.817+0000] {logging_mixin.py:149} INFO - [2024-09-03T10:59:32.817+0000] {dagbag.py:541} INFO - Filling up the DagBag from /home/airflow-vm/data-engineer-batch-processing-financial-services/.venv/lib/python3.10/site-packages/airflow/example_dags/example_xcom.py
[2024-09-03T10:59:32.823+0000] {processor.py:836} INFO - DAG(s) dict_keys(['example_xcom']) retrieved from /home/airflow-vm/data-engineer-batch-processing-financial-services/.venv/lib/python3.10/site-packages/airflow/example_dags/example_xcom.py
[2024-09-03T10:59:32.841+0000] {logging_mixin.py:149} INFO - [2024-09-03T10:59:32.841+0000] {dag.py:2726} INFO - Sync 1 DAGs
[2024-09-03T10:59:32.861+0000] {logging_mixin.py:149} INFO - [2024-09-03T10:59:32.861+0000] {dag.py:3486} INFO - Setting next_dagrun for example_xcom to 2021-01-01T00:00:00+00:00, run_after=2021-01-01T00:00:00+00:00
[2024-09-03T10:59:32.891+0000] {processor.py:179} INFO - Processing /home/airflow-vm/data-engineer-batch-processing-financial-services/.venv/lib/python3.10/site-packages/airflow/example_dags/example_xcom.py took 0.077 seconds
[2024-09-03T11:00:14.925+0000] {processor.py:157} INFO - Started process (PID=4098) to work on /home/airflow-vm/data-engineer-batch-processing-financial-services/.venv/lib/python3.10/site-packages/airflow/example_dags/example_xcom.py
[2024-09-03T11:00:14.925+0000] {processor.py:826} INFO - Processing file /home/airflow-vm/data-engineer-batch-processing-financial-services/.venv/lib/python3.10/site-packages/airflow/example_dags/example_xcom.py for tasks to queue
[2024-09-03T11:00:14.926+0000] {logging_mixin.py:149} INFO - [2024-09-03T11:00:14.926+0000] {dagbag.py:541} INFO - Filling up the DagBag from /home/airflow-vm/data-engineer-batch-processing-financial-services/.venv/lib/python3.10/site-packages/airflow/example_dags/example_xcom.py
[2024-09-03T11:00:14.932+0000] {processor.py:836} INFO - DAG(s) dict_keys(['example_xcom']) retrieved from /home/airflow-vm/data-engineer-batch-processing-financial-services/.venv/lib/python3.10/site-packages/airflow/example_dags/example_xcom.py
[2024-09-03T11:00:14.950+0000] {logging_mixin.py:149} INFO - [2024-09-03T11:00:14.950+0000] {dag.py:2726} INFO - Sync 1 DAGs
[2024-09-03T11:00:14.969+0000] {logging_mixin.py:149} INFO - [2024-09-03T11:00:14.969+0000] {dag.py:3486} INFO - Setting next_dagrun for example_xcom to 2021-01-01T00:00:00+00:00, run_after=2021-01-01T00:00:00+00:00
[2024-09-03T11:00:14.997+0000] {processor.py:179} INFO - Processing /home/airflow-vm/data-engineer-batch-processing-financial-services/.venv/lib/python3.10/site-packages/airflow/example_dags/example_xcom.py took 0.075 seconds
[2024-09-03T11:01:01.908+0000] {processor.py:157} INFO - Started process (PID=4584) to work on /home/airflow-vm/data-engineer-batch-processing-financial-services/.venv/lib/python3.10/site-packages/airflow/example_dags/example_xcom.py
[2024-09-03T11:01:01.909+0000] {processor.py:826} INFO - Processing file /home/airflow-vm/data-engineer-batch-processing-financial-services/.venv/lib/python3.10/site-packages/airflow/example_dags/example_xcom.py for tasks to queue
[2024-09-03T11:01:01.910+0000] {logging_mixin.py:149} INFO - [2024-09-03T11:01:01.909+0000] {dagbag.py:541} INFO - Filling up the DagBag from /home/airflow-vm/data-engineer-batch-processing-financial-services/.venv/lib/python3.10/site-packages/airflow/example_dags/example_xcom.py
[2024-09-03T11:01:01.916+0000] {processor.py:836} INFO - DAG(s) dict_keys(['example_xcom']) retrieved from /home/airflow-vm/data-engineer-batch-processing-financial-services/.venv/lib/python3.10/site-packages/airflow/example_dags/example_xcom.py
[2024-09-03T11:01:01.934+0000] {logging_mixin.py:149} INFO - [2024-09-03T11:01:01.934+0000] {dag.py:2726} INFO - Sync 1 DAGs
[2024-09-03T11:01:01.953+0000] {logging_mixin.py:149} INFO - [2024-09-03T11:01:01.953+0000] {dag.py:3486} INFO - Setting next_dagrun for example_xcom to 2021-01-01T00:00:00+00:00, run_after=2021-01-01T00:00:00+00:00
[2024-09-03T11:01:01.981+0000] {processor.py:179} INFO - Processing /home/airflow-vm/data-engineer-batch-processing-financial-services/.venv/lib/python3.10/site-packages/airflow/example_dags/example_xcom.py took 0.075 seconds
[2024-09-03T11:01:50.239+0000] {processor.py:157} INFO - Started process (PID=4778) to work on /home/airflow-vm/data-engineer-batch-processing-financial-services/.venv/lib/python3.10/site-packages/airflow/example_dags/example_xcom.py
[2024-09-03T11:01:50.240+0000] {processor.py:826} INFO - Processing file /home/airflow-vm/data-engineer-batch-processing-financial-services/.venv/lib/python3.10/site-packages/airflow/example_dags/example_xcom.py for tasks to queue
[2024-09-03T11:01:50.240+0000] {logging_mixin.py:149} INFO - [2024-09-03T11:01:50.240+0000] {dagbag.py:541} INFO - Filling up the DagBag from /home/airflow-vm/data-engineer-batch-processing-financial-services/.venv/lib/python3.10/site-packages/airflow/example_dags/example_xcom.py
[2024-09-03T11:01:50.247+0000] {processor.py:836} INFO - DAG(s) dict_keys(['example_xcom']) retrieved from /home/airflow-vm/data-engineer-batch-processing-financial-services/.venv/lib/python3.10/site-packages/airflow/example_dags/example_xcom.py
[2024-09-03T11:01:50.266+0000] {logging_mixin.py:149} INFO - [2024-09-03T11:01:50.266+0000] {dag.py:2726} INFO - Sync 1 DAGs
[2024-09-03T11:01:50.286+0000] {logging_mixin.py:149} INFO - [2024-09-03T11:01:50.285+0000] {dag.py:3486} INFO - Setting next_dagrun for example_xcom to 2021-01-01T00:00:00+00:00, run_after=2021-01-01T00:00:00+00:00
[2024-09-03T11:01:50.311+0000] {processor.py:179} INFO - Processing /home/airflow-vm/data-engineer-batch-processing-financial-services/.venv/lib/python3.10/site-packages/airflow/example_dags/example_xcom.py took 0.075 seconds
[2024-09-03T11:02:35.924+0000] {processor.py:157} INFO - Started process (PID=4865) to work on /home/airflow-vm/data-engineer-batch-processing-financial-services/.venv/lib/python3.10/site-packages/airflow/example_dags/example_xcom.py
[2024-09-03T11:02:35.924+0000] {processor.py:826} INFO - Processing file /home/airflow-vm/data-engineer-batch-processing-financial-services/.venv/lib/python3.10/site-packages/airflow/example_dags/example_xcom.py for tasks to queue
[2024-09-03T11:02:35.925+0000] {logging_mixin.py:149} INFO - [2024-09-03T11:02:35.925+0000] {dagbag.py:541} INFO - Filling up the DagBag from /home/airflow-vm/data-engineer-batch-processing-financial-services/.venv/lib/python3.10/site-packages/airflow/example_dags/example_xcom.py
[2024-09-03T11:02:35.931+0000] {processor.py:836} INFO - DAG(s) dict_keys(['example_xcom']) retrieved from /home/airflow-vm/data-engineer-batch-processing-financial-services/.venv/lib/python3.10/site-packages/airflow/example_dags/example_xcom.py
[2024-09-03T11:02:35.950+0000] {logging_mixin.py:149} INFO - [2024-09-03T11:02:35.950+0000] {dag.py:2726} INFO - Sync 1 DAGs
[2024-09-03T11:02:35.971+0000] {logging_mixin.py:149} INFO - [2024-09-03T11:02:35.970+0000] {dag.py:3486} INFO - Setting next_dagrun for example_xcom to 2021-01-01T00:00:00+00:00, run_after=2021-01-01T00:00:00+00:00
[2024-09-03T11:02:36.001+0000] {processor.py:179} INFO - Processing /home/airflow-vm/data-engineer-batch-processing-financial-services/.venv/lib/python3.10/site-packages/airflow/example_dags/example_xcom.py took 0.080 seconds
[2024-09-03T11:03:07.560+0000] {processor.py:157} INFO - Started process (PID=5094) to work on /home/airflow-vm/data-engineer-batch-processing-financial-services/.venv/lib/python3.10/site-packages/airflow/example_dags/example_xcom.py
[2024-09-03T11:03:07.561+0000] {processor.py:826} INFO - Processing file /home/airflow-vm/data-engineer-batch-processing-financial-services/.venv/lib/python3.10/site-packages/airflow/example_dags/example_xcom.py for tasks to queue
[2024-09-03T11:03:07.561+0000] {logging_mixin.py:149} INFO - [2024-09-03T11:03:07.561+0000] {dagbag.py:541} INFO - Filling up the DagBag from /home/airflow-vm/data-engineer-batch-processing-financial-services/.venv/lib/python3.10/site-packages/airflow/example_dags/example_xcom.py
[2024-09-03T11:03:07.568+0000] {processor.py:836} INFO - DAG(s) dict_keys(['example_xcom']) retrieved from /home/airflow-vm/data-engineer-batch-processing-financial-services/.venv/lib/python3.10/site-packages/airflow/example_dags/example_xcom.py
[2024-09-03T11:03:07.588+0000] {logging_mixin.py:149} INFO - [2024-09-03T11:03:07.587+0000] {dag.py:2726} INFO - Sync 1 DAGs
[2024-09-03T11:03:07.606+0000] {logging_mixin.py:149} INFO - [2024-09-03T11:03:07.606+0000] {dag.py:3486} INFO - Setting next_dagrun for example_xcom to 2021-01-01T00:00:00+00:00, run_after=2021-01-01T00:00:00+00:00
[2024-09-03T11:03:07.636+0000] {processor.py:179} INFO - Processing /home/airflow-vm/data-engineer-batch-processing-financial-services/.venv/lib/python3.10/site-packages/airflow/example_dags/example_xcom.py took 0.078 seconds
[2024-09-03T11:04:37.183+0000] {processor.py:157} INFO - Started process (PID=6059) to work on /home/airflow-vm/data-engineer-batch-processing-financial-services/.venv/lib/python3.10/site-packages/airflow/example_dags/example_xcom.py
[2024-09-03T11:04:37.184+0000] {processor.py:826} INFO - Processing file /home/airflow-vm/data-engineer-batch-processing-financial-services/.venv/lib/python3.10/site-packages/airflow/example_dags/example_xcom.py for tasks to queue
[2024-09-03T11:04:37.185+0000] {logging_mixin.py:149} INFO - [2024-09-03T11:04:37.185+0000] {dagbag.py:541} INFO - Filling up the DagBag from /home/airflow-vm/data-engineer-batch-processing-financial-services/.venv/lib/python3.10/site-packages/airflow/example_dags/example_xcom.py
[2024-09-03T11:04:37.191+0000] {processor.py:836} INFO - DAG(s) dict_keys(['example_xcom']) retrieved from /home/airflow-vm/data-engineer-batch-processing-financial-services/.venv/lib/python3.10/site-packages/airflow/example_dags/example_xcom.py
[2024-09-03T11:04:37.210+0000] {logging_mixin.py:149} INFO - [2024-09-03T11:04:37.210+0000] {dag.py:2726} INFO - Sync 1 DAGs
[2024-09-03T11:04:37.231+0000] {logging_mixin.py:149} INFO - [2024-09-03T11:04:37.231+0000] {dag.py:3486} INFO - Setting next_dagrun for example_xcom to 2021-01-01T00:00:00+00:00, run_after=2021-01-01T00:00:00+00:00
[2024-09-03T11:04:37.259+0000] {processor.py:179} INFO - Processing /home/airflow-vm/data-engineer-batch-processing-financial-services/.venv/lib/python3.10/site-packages/airflow/example_dags/example_xcom.py took 0.078 seconds
[2024-09-03T11:06:40.350+0000] {processor.py:157} INFO - Started process (PID=7008) to work on /home/airflow-vm/data-engineer-batch-processing-financial-services/.venv/lib/python3.10/site-packages/airflow/example_dags/example_xcom.py
[2024-09-03T11:06:40.351+0000] {processor.py:826} INFO - Processing file /home/airflow-vm/data-engineer-batch-processing-financial-services/.venv/lib/python3.10/site-packages/airflow/example_dags/example_xcom.py for tasks to queue
[2024-09-03T11:06:40.351+0000] {logging_mixin.py:149} INFO - [2024-09-03T11:06:40.351+0000] {dagbag.py:541} INFO - Filling up the DagBag from /home/airflow-vm/data-engineer-batch-processing-financial-services/.venv/lib/python3.10/site-packages/airflow/example_dags/example_xcom.py
[2024-09-03T11:06:40.359+0000] {processor.py:836} INFO - DAG(s) dict_keys(['example_xcom']) retrieved from /home/airflow-vm/data-engineer-batch-processing-financial-services/.venv/lib/python3.10/site-packages/airflow/example_dags/example_xcom.py
[2024-09-03T11:06:40.379+0000] {logging_mixin.py:149} INFO - [2024-09-03T11:06:40.379+0000] {dag.py:2726} INFO - Sync 1 DAGs
[2024-09-03T11:06:40.398+0000] {logging_mixin.py:149} INFO - [2024-09-03T11:06:40.398+0000] {dag.py:3486} INFO - Setting next_dagrun for example_xcom to 2021-01-01T00:00:00+00:00, run_after=2021-01-01T00:00:00+00:00
[2024-09-03T11:06:40.438+0000] {processor.py:179} INFO - Processing /home/airflow-vm/data-engineer-batch-processing-financial-services/.venv/lib/python3.10/site-packages/airflow/example_dags/example_xcom.py took 0.091 seconds
[2024-09-03T11:08:41.656+0000] {processor.py:157} INFO - Started process (PID=7844) to work on /home/airflow-vm/data-engineer-batch-processing-financial-services/.venv/lib/python3.10/site-packages/airflow/example_dags/example_xcom.py
[2024-09-03T11:08:41.657+0000] {processor.py:826} INFO - Processing file /home/airflow-vm/data-engineer-batch-processing-financial-services/.venv/lib/python3.10/site-packages/airflow/example_dags/example_xcom.py for tasks to queue
[2024-09-03T11:08:41.657+0000] {logging_mixin.py:149} INFO - [2024-09-03T11:08:41.657+0000] {dagbag.py:541} INFO - Filling up the DagBag from /home/airflow-vm/data-engineer-batch-processing-financial-services/.venv/lib/python3.10/site-packages/airflow/example_dags/example_xcom.py
[2024-09-03T11:08:41.664+0000] {processor.py:836} INFO - DAG(s) dict_keys(['example_xcom']) retrieved from /home/airflow-vm/data-engineer-batch-processing-financial-services/.venv/lib/python3.10/site-packages/airflow/example_dags/example_xcom.py
[2024-09-03T11:08:41.685+0000] {logging_mixin.py:149} INFO - [2024-09-03T11:08:41.685+0000] {dag.py:2726} INFO - Sync 1 DAGs
[2024-09-03T11:08:41.706+0000] {logging_mixin.py:149} INFO - [2024-09-03T11:08:41.706+0000] {dag.py:3486} INFO - Setting next_dagrun for example_xcom to 2021-01-01T00:00:00+00:00, run_after=2021-01-01T00:00:00+00:00
[2024-09-03T11:08:41.735+0000] {processor.py:179} INFO - Processing /home/airflow-vm/data-engineer-batch-processing-financial-services/.venv/lib/python3.10/site-packages/airflow/example_dags/example_xcom.py took 0.083 seconds
[2024-09-03T11:10:46.861+0000] {processor.py:157} INFO - Started process (PID=8696) to work on /home/airflow-vm/data-engineer-batch-processing-financial-services/.venv/lib/python3.10/site-packages/airflow/example_dags/example_xcom.py
[2024-09-03T11:10:46.862+0000] {processor.py:826} INFO - Processing file /home/airflow-vm/data-engineer-batch-processing-financial-services/.venv/lib/python3.10/site-packages/airflow/example_dags/example_xcom.py for tasks to queue
[2024-09-03T11:10:46.863+0000] {logging_mixin.py:149} INFO - [2024-09-03T11:10:46.863+0000] {dagbag.py:541} INFO - Filling up the DagBag from /home/airflow-vm/data-engineer-batch-processing-financial-services/.venv/lib/python3.10/site-packages/airflow/example_dags/example_xcom.py
[2024-09-03T11:10:46.870+0000] {processor.py:836} INFO - DAG(s) dict_keys(['example_xcom']) retrieved from /home/airflow-vm/data-engineer-batch-processing-financial-services/.venv/lib/python3.10/site-packages/airflow/example_dags/example_xcom.py
[2024-09-03T11:10:46.890+0000] {logging_mixin.py:149} INFO - [2024-09-03T11:10:46.890+0000] {dag.py:2726} INFO - Sync 1 DAGs
[2024-09-03T11:10:46.910+0000] {logging_mixin.py:149} INFO - [2024-09-03T11:10:46.910+0000] {dag.py:3486} INFO - Setting next_dagrun for example_xcom to 2021-01-01T00:00:00+00:00, run_after=2021-01-01T00:00:00+00:00
[2024-09-03T11:10:46.937+0000] {processor.py:179} INFO - Processing /home/airflow-vm/data-engineer-batch-processing-financial-services/.venv/lib/python3.10/site-packages/airflow/example_dags/example_xcom.py took 0.079 seconds
[2024-09-03T11:12:56.186+0000] {processor.py:157} INFO - Started process (PID=9617) to work on /home/airflow-vm/data-engineer-batch-processing-financial-services/.venv/lib/python3.10/site-packages/airflow/example_dags/example_xcom.py
[2024-09-03T11:12:56.187+0000] {processor.py:826} INFO - Processing file /home/airflow-vm/data-engineer-batch-processing-financial-services/.venv/lib/python3.10/site-packages/airflow/example_dags/example_xcom.py for tasks to queue
[2024-09-03T11:12:56.187+0000] {logging_mixin.py:149} INFO - [2024-09-03T11:12:56.187+0000] {dagbag.py:541} INFO - Filling up the DagBag from /home/airflow-vm/data-engineer-batch-processing-financial-services/.venv/lib/python3.10/site-packages/airflow/example_dags/example_xcom.py
[2024-09-03T11:12:56.194+0000] {processor.py:836} INFO - DAG(s) dict_keys(['example_xcom']) retrieved from /home/airflow-vm/data-engineer-batch-processing-financial-services/.venv/lib/python3.10/site-packages/airflow/example_dags/example_xcom.py
[2024-09-03T11:12:56.213+0000] {logging_mixin.py:149} INFO - [2024-09-03T11:12:56.213+0000] {dag.py:2726} INFO - Sync 1 DAGs
[2024-09-03T11:12:56.233+0000] {logging_mixin.py:149} INFO - [2024-09-03T11:12:56.233+0000] {dag.py:3486} INFO - Setting next_dagrun for example_xcom to 2021-01-01T00:00:00+00:00, run_after=2021-01-01T00:00:00+00:00
[2024-09-03T11:12:56.269+0000] {processor.py:179} INFO - Processing /home/airflow-vm/data-engineer-batch-processing-financial-services/.venv/lib/python3.10/site-packages/airflow/example_dags/example_xcom.py took 0.086 seconds
[2024-09-03T11:15:07.492+0000] {processor.py:157} INFO - Started process (PID=10551) to work on /home/airflow-vm/data-engineer-batch-processing-financial-services/.venv/lib/python3.10/site-packages/airflow/example_dags/example_xcom.py
[2024-09-03T11:15:07.493+0000] {processor.py:826} INFO - Processing file /home/airflow-vm/data-engineer-batch-processing-financial-services/.venv/lib/python3.10/site-packages/airflow/example_dags/example_xcom.py for tasks to queue
[2024-09-03T11:15:07.493+0000] {logging_mixin.py:149} INFO - [2024-09-03T11:15:07.493+0000] {dagbag.py:541} INFO - Filling up the DagBag from /home/airflow-vm/data-engineer-batch-processing-financial-services/.venv/lib/python3.10/site-packages/airflow/example_dags/example_xcom.py
[2024-09-03T11:15:07.500+0000] {processor.py:836} INFO - DAG(s) dict_keys(['example_xcom']) retrieved from /home/airflow-vm/data-engineer-batch-processing-financial-services/.venv/lib/python3.10/site-packages/airflow/example_dags/example_xcom.py
[2024-09-03T11:15:07.518+0000] {logging_mixin.py:149} INFO - [2024-09-03T11:15:07.518+0000] {dag.py:2726} INFO - Sync 1 DAGs
[2024-09-03T11:15:07.536+0000] {logging_mixin.py:149} INFO - [2024-09-03T11:15:07.536+0000] {dag.py:3486} INFO - Setting next_dagrun for example_xcom to 2021-01-01T00:00:00+00:00, run_after=2021-01-01T00:00:00+00:00
[2024-09-03T11:15:07.564+0000] {processor.py:179} INFO - Processing /home/airflow-vm/data-engineer-batch-processing-financial-services/.venv/lib/python3.10/site-packages/airflow/example_dags/example_xcom.py took 0.075 seconds
[2024-09-03T11:17:06.572+0000] {processor.py:157} INFO - Started process (PID=11782) to work on /home/airflow-vm/data-engineer-batch-processing-financial-services/.venv/lib/python3.10/site-packages/airflow/example_dags/example_xcom.py
[2024-09-03T11:17:06.573+0000] {processor.py:826} INFO - Processing file /home/airflow-vm/data-engineer-batch-processing-financial-services/.venv/lib/python3.10/site-packages/airflow/example_dags/example_xcom.py for tasks to queue
[2024-09-03T11:17:06.573+0000] {logging_mixin.py:149} INFO - [2024-09-03T11:17:06.573+0000] {dagbag.py:541} INFO - Filling up the DagBag from /home/airflow-vm/data-engineer-batch-processing-financial-services/.venv/lib/python3.10/site-packages/airflow/example_dags/example_xcom.py
[2024-09-03T11:17:06.580+0000] {processor.py:836} INFO - DAG(s) dict_keys(['example_xcom']) retrieved from /home/airflow-vm/data-engineer-batch-processing-financial-services/.venv/lib/python3.10/site-packages/airflow/example_dags/example_xcom.py
[2024-09-03T11:17:06.598+0000] {logging_mixin.py:149} INFO - [2024-09-03T11:17:06.598+0000] {dag.py:2726} INFO - Sync 1 DAGs
[2024-09-03T11:17:06.617+0000] {logging_mixin.py:149} INFO - [2024-09-03T11:17:06.617+0000] {dag.py:3486} INFO - Setting next_dagrun for example_xcom to 2021-01-01T00:00:00+00:00, run_after=2021-01-01T00:00:00+00:00
[2024-09-03T11:17:06.652+0000] {processor.py:179} INFO - Processing /home/airflow-vm/data-engineer-batch-processing-financial-services/.venv/lib/python3.10/site-packages/airflow/example_dags/example_xcom.py took 0.083 seconds
[2024-09-03T11:19:50.293+0000] {processor.py:157} INFO - Started process (PID=13167) to work on /home/airflow-vm/data-engineer-batch-processing-financial-services/.venv/lib/python3.10/site-packages/airflow/example_dags/example_xcom.py
[2024-09-03T11:19:50.294+0000] {processor.py:826} INFO - Processing file /home/airflow-vm/data-engineer-batch-processing-financial-services/.venv/lib/python3.10/site-packages/airflow/example_dags/example_xcom.py for tasks to queue
[2024-09-03T11:19:50.295+0000] {logging_mixin.py:149} INFO - [2024-09-03T11:19:50.295+0000] {dagbag.py:541} INFO - Filling up the DagBag from /home/airflow-vm/data-engineer-batch-processing-financial-services/.venv/lib/python3.10/site-packages/airflow/example_dags/example_xcom.py
[2024-09-03T11:19:50.301+0000] {processor.py:836} INFO - DAG(s) dict_keys(['example_xcom']) retrieved from /home/airflow-vm/data-engineer-batch-processing-financial-services/.venv/lib/python3.10/site-packages/airflow/example_dags/example_xcom.py
[2024-09-03T11:19:50.320+0000] {logging_mixin.py:149} INFO - [2024-09-03T11:19:50.320+0000] {dag.py:2726} INFO - Sync 1 DAGs
[2024-09-03T11:19:50.339+0000] {logging_mixin.py:149} INFO - [2024-09-03T11:19:50.339+0000] {dag.py:3486} INFO - Setting next_dagrun for example_xcom to 2021-01-01T00:00:00+00:00, run_after=2021-01-01T00:00:00+00:00
[2024-09-03T11:19:50.370+0000] {processor.py:179} INFO - Processing /home/airflow-vm/data-engineer-batch-processing-financial-services/.venv/lib/python3.10/site-packages/airflow/example_dags/example_xcom.py took 0.079 seconds
[2024-09-03T11:22:45.329+0000] {processor.py:157} INFO - Started process (PID=14619) to work on /home/airflow-vm/data-engineer-batch-processing-financial-services/.venv/lib/python3.10/site-packages/airflow/example_dags/example_xcom.py
[2024-09-03T11:22:45.330+0000] {processor.py:826} INFO - Processing file /home/airflow-vm/data-engineer-batch-processing-financial-services/.venv/lib/python3.10/site-packages/airflow/example_dags/example_xcom.py for tasks to queue
[2024-09-03T11:22:45.331+0000] {logging_mixin.py:149} INFO - [2024-09-03T11:22:45.331+0000] {dagbag.py:541} INFO - Filling up the DagBag from /home/airflow-vm/data-engineer-batch-processing-financial-services/.venv/lib/python3.10/site-packages/airflow/example_dags/example_xcom.py
[2024-09-03T11:22:45.337+0000] {processor.py:836} INFO - DAG(s) dict_keys(['example_xcom']) retrieved from /home/airflow-vm/data-engineer-batch-processing-financial-services/.venv/lib/python3.10/site-packages/airflow/example_dags/example_xcom.py
[2024-09-03T11:22:45.356+0000] {logging_mixin.py:149} INFO - [2024-09-03T11:22:45.355+0000] {dag.py:2726} INFO - Sync 1 DAGs
[2024-09-03T11:22:45.377+0000] {logging_mixin.py:149} INFO - [2024-09-03T11:22:45.377+0000] {dag.py:3486} INFO - Setting next_dagrun for example_xcom to 2021-01-01T00:00:00+00:00, run_after=2021-01-01T00:00:00+00:00
[2024-09-03T11:22:45.410+0000] {processor.py:179} INFO - Processing /home/airflow-vm/data-engineer-batch-processing-financial-services/.venv/lib/python3.10/site-packages/airflow/example_dags/example_xcom.py took 0.084 seconds
[2024-09-03T11:25:44.722+0000] {processor.py:157} INFO - Started process (PID=15965) to work on /home/airflow-vm/data-engineer-batch-processing-financial-services/.venv/lib/python3.10/site-packages/airflow/example_dags/example_xcom.py
[2024-09-03T11:25:44.723+0000] {processor.py:826} INFO - Processing file /home/airflow-vm/data-engineer-batch-processing-financial-services/.venv/lib/python3.10/site-packages/airflow/example_dags/example_xcom.py for tasks to queue
[2024-09-03T11:25:44.724+0000] {logging_mixin.py:149} INFO - [2024-09-03T11:25:44.723+0000] {dagbag.py:541} INFO - Filling up the DagBag from /home/airflow-vm/data-engineer-batch-processing-financial-services/.venv/lib/python3.10/site-packages/airflow/example_dags/example_xcom.py
[2024-09-03T11:25:44.731+0000] {processor.py:836} INFO - DAG(s) dict_keys(['example_xcom']) retrieved from /home/airflow-vm/data-engineer-batch-processing-financial-services/.venv/lib/python3.10/site-packages/airflow/example_dags/example_xcom.py
[2024-09-03T11:25:44.751+0000] {logging_mixin.py:149} INFO - [2024-09-03T11:25:44.751+0000] {dag.py:2726} INFO - Sync 1 DAGs
[2024-09-03T11:25:44.773+0000] {logging_mixin.py:149} INFO - [2024-09-03T11:25:44.773+0000] {dag.py:3486} INFO - Setting next_dagrun for example_xcom to 2021-01-01T00:00:00+00:00, run_after=2021-01-01T00:00:00+00:00
[2024-09-03T11:25:44.803+0000] {processor.py:179} INFO - Processing /home/airflow-vm/data-engineer-batch-processing-financial-services/.venv/lib/python3.10/site-packages/airflow/example_dags/example_xcom.py took 0.084 seconds
[2024-09-03T11:28:30.452+0000] {processor.py:157} INFO - Started process (PID=17245) to work on /home/airflow-vm/data-engineer-batch-processing-financial-services/.venv/lib/python3.10/site-packages/airflow/example_dags/example_xcom.py
[2024-09-03T11:28:30.453+0000] {processor.py:826} INFO - Processing file /home/airflow-vm/data-engineer-batch-processing-financial-services/.venv/lib/python3.10/site-packages/airflow/example_dags/example_xcom.py for tasks to queue
[2024-09-03T11:28:30.453+0000] {logging_mixin.py:149} INFO - [2024-09-03T11:28:30.453+0000] {dagbag.py:541} INFO - Filling up the DagBag from /home/airflow-vm/data-engineer-batch-processing-financial-services/.venv/lib/python3.10/site-packages/airflow/example_dags/example_xcom.py
[2024-09-03T11:28:30.461+0000] {processor.py:836} INFO - DAG(s) dict_keys(['example_xcom']) retrieved from /home/airflow-vm/data-engineer-batch-processing-financial-services/.venv/lib/python3.10/site-packages/airflow/example_dags/example_xcom.py
[2024-09-03T11:28:30.481+0000] {logging_mixin.py:149} INFO - [2024-09-03T11:28:30.481+0000] {dag.py:2726} INFO - Sync 1 DAGs
[2024-09-03T11:28:30.500+0000] {logging_mixin.py:149} INFO - [2024-09-03T11:28:30.500+0000] {dag.py:3486} INFO - Setting next_dagrun for example_xcom to 2021-01-01T00:00:00+00:00, run_after=2021-01-01T00:00:00+00:00
[2024-09-03T11:28:30.531+0000] {processor.py:179} INFO - Processing /home/airflow-vm/data-engineer-batch-processing-financial-services/.venv/lib/python3.10/site-packages/airflow/example_dags/example_xcom.py took 0.082 seconds
[2024-09-03T11:32:25.235+0000] {processor.py:157} INFO - Started process (PID=19464) to work on /home/airflow-vm/data-engineer-batch-processing-financial-services/.venv/lib/python3.10/site-packages/airflow/example_dags/example_xcom.py
[2024-09-03T11:32:25.236+0000] {processor.py:826} INFO - Processing file /home/airflow-vm/data-engineer-batch-processing-financial-services/.venv/lib/python3.10/site-packages/airflow/example_dags/example_xcom.py for tasks to queue
[2024-09-03T11:32:25.237+0000] {logging_mixin.py:149} INFO - [2024-09-03T11:32:25.237+0000] {dagbag.py:541} INFO - Filling up the DagBag from /home/airflow-vm/data-engineer-batch-processing-financial-services/.venv/lib/python3.10/site-packages/airflow/example_dags/example_xcom.py
[2024-09-03T11:32:25.244+0000] {processor.py:836} INFO - DAG(s) dict_keys(['example_xcom']) retrieved from /home/airflow-vm/data-engineer-batch-processing-financial-services/.venv/lib/python3.10/site-packages/airflow/example_dags/example_xcom.py
[2024-09-03T11:32:25.266+0000] {logging_mixin.py:149} INFO - [2024-09-03T11:32:25.265+0000] {dag.py:2726} INFO - Sync 1 DAGs
[2024-09-03T11:32:25.288+0000] {logging_mixin.py:149} INFO - [2024-09-03T11:32:25.288+0000] {dag.py:3486} INFO - Setting next_dagrun for example_xcom to 2021-01-01T00:00:00+00:00, run_after=2021-01-01T00:00:00+00:00
[2024-09-03T11:32:25.317+0000] {processor.py:179} INFO - Processing /home/airflow-vm/data-engineer-batch-processing-financial-services/.venv/lib/python3.10/site-packages/airflow/example_dags/example_xcom.py took 0.084 seconds
[2024-09-03T11:37:01.362+0000] {processor.py:157} INFO - Started process (PID=22454) to work on /home/airflow-vm/data-engineer-batch-processing-financial-services/.venv/lib/python3.10/site-packages/airflow/example_dags/example_xcom.py
[2024-09-03T11:37:01.363+0000] {processor.py:826} INFO - Processing file /home/airflow-vm/data-engineer-batch-processing-financial-services/.venv/lib/python3.10/site-packages/airflow/example_dags/example_xcom.py for tasks to queue
[2024-09-03T11:37:01.364+0000] {logging_mixin.py:149} INFO - [2024-09-03T11:37:01.364+0000] {dagbag.py:541} INFO - Filling up the DagBag from /home/airflow-vm/data-engineer-batch-processing-financial-services/.venv/lib/python3.10/site-packages/airflow/example_dags/example_xcom.py
[2024-09-03T11:37:01.371+0000] {processor.py:836} INFO - DAG(s) dict_keys(['example_xcom']) retrieved from /home/airflow-vm/data-engineer-batch-processing-financial-services/.venv/lib/python3.10/site-packages/airflow/example_dags/example_xcom.py
[2024-09-03T11:37:01.391+0000] {logging_mixin.py:149} INFO - [2024-09-03T11:37:01.391+0000] {dag.py:2726} INFO - Sync 1 DAGs
[2024-09-03T11:37:01.412+0000] {logging_mixin.py:149} INFO - [2024-09-03T11:37:01.412+0000] {dag.py:3486} INFO - Setting next_dagrun for example_xcom to 2021-01-01T00:00:00+00:00, run_after=2021-01-01T00:00:00+00:00
[2024-09-03T11:37:01.441+0000] {processor.py:179} INFO - Processing /home/airflow-vm/data-engineer-batch-processing-financial-services/.venv/lib/python3.10/site-packages/airflow/example_dags/example_xcom.py took 0.082 seconds
[2024-09-03T11:37:47.501+0000] {processor.py:157} INFO - Started process (PID=22739) to work on /home/airflow-vm/data-engineer-batch-processing-financial-services/.venv/lib/python3.10/site-packages/airflow/example_dags/example_xcom.py
[2024-09-03T11:37:47.502+0000] {processor.py:826} INFO - Processing file /home/airflow-vm/data-engineer-batch-processing-financial-services/.venv/lib/python3.10/site-packages/airflow/example_dags/example_xcom.py for tasks to queue
[2024-09-03T11:37:47.502+0000] {logging_mixin.py:149} INFO - [2024-09-03T11:37:47.502+0000] {dagbag.py:541} INFO - Filling up the DagBag from /home/airflow-vm/data-engineer-batch-processing-financial-services/.venv/lib/python3.10/site-packages/airflow/example_dags/example_xcom.py
[2024-09-03T11:37:47.509+0000] {processor.py:836} INFO - DAG(s) dict_keys(['example_xcom']) retrieved from /home/airflow-vm/data-engineer-batch-processing-financial-services/.venv/lib/python3.10/site-packages/airflow/example_dags/example_xcom.py
[2024-09-03T11:37:47.530+0000] {logging_mixin.py:149} INFO - [2024-09-03T11:37:47.529+0000] {dag.py:2726} INFO - Sync 1 DAGs
[2024-09-03T11:37:47.550+0000] {logging_mixin.py:149} INFO - [2024-09-03T11:37:47.550+0000] {dag.py:3486} INFO - Setting next_dagrun for example_xcom to 2021-01-01T00:00:00+00:00, run_after=2021-01-01T00:00:00+00:00
[2024-09-03T11:37:47.583+0000] {processor.py:179} INFO - Processing /home/airflow-vm/data-engineer-batch-processing-financial-services/.venv/lib/python3.10/site-packages/airflow/example_dags/example_xcom.py took 0.086 seconds
[2024-09-03T11:38:32.789+0000] {processor.py:157} INFO - Started process (PID=22933) to work on /home/airflow-vm/data-engineer-batch-processing-financial-services/.venv/lib/python3.10/site-packages/airflow/example_dags/example_xcom.py
[2024-09-03T11:38:32.790+0000] {processor.py:826} INFO - Processing file /home/airflow-vm/data-engineer-batch-processing-financial-services/.venv/lib/python3.10/site-packages/airflow/example_dags/example_xcom.py for tasks to queue
[2024-09-03T11:38:32.791+0000] {logging_mixin.py:149} INFO - [2024-09-03T11:38:32.791+0000] {dagbag.py:541} INFO - Filling up the DagBag from /home/airflow-vm/data-engineer-batch-processing-financial-services/.venv/lib/python3.10/site-packages/airflow/example_dags/example_xcom.py
[2024-09-03T11:38:32.798+0000] {processor.py:836} INFO - DAG(s) dict_keys(['example_xcom']) retrieved from /home/airflow-vm/data-engineer-batch-processing-financial-services/.venv/lib/python3.10/site-packages/airflow/example_dags/example_xcom.py
[2024-09-03T11:38:32.818+0000] {logging_mixin.py:149} INFO - [2024-09-03T11:38:32.818+0000] {dag.py:2726} INFO - Sync 1 DAGs
[2024-09-03T11:38:32.840+0000] {logging_mixin.py:149} INFO - [2024-09-03T11:38:32.839+0000] {dag.py:3486} INFO - Setting next_dagrun for example_xcom to 2021-01-01T00:00:00+00:00, run_after=2021-01-01T00:00:00+00:00
[2024-09-03T11:38:32.870+0000] {processor.py:179} INFO - Processing /home/airflow-vm/data-engineer-batch-processing-financial-services/.venv/lib/python3.10/site-packages/airflow/example_dags/example_xcom.py took 0.083 seconds
[2024-09-03T11:39:09.034+0000] {processor.py:157} INFO - Started process (PID=23074) to work on /home/airflow-vm/data-engineer-batch-processing-financial-services/.venv/lib/python3.10/site-packages/airflow/example_dags/example_xcom.py
[2024-09-03T11:39:09.035+0000] {processor.py:826} INFO - Processing file /home/airflow-vm/data-engineer-batch-processing-financial-services/.venv/lib/python3.10/site-packages/airflow/example_dags/example_xcom.py for tasks to queue
[2024-09-03T11:39:09.035+0000] {logging_mixin.py:149} INFO - [2024-09-03T11:39:09.035+0000] {dagbag.py:541} INFO - Filling up the DagBag from /home/airflow-vm/data-engineer-batch-processing-financial-services/.venv/lib/python3.10/site-packages/airflow/example_dags/example_xcom.py
[2024-09-03T11:39:09.042+0000] {processor.py:836} INFO - DAG(s) dict_keys(['example_xcom']) retrieved from /home/airflow-vm/data-engineer-batch-processing-financial-services/.venv/lib/python3.10/site-packages/airflow/example_dags/example_xcom.py
[2024-09-03T11:39:09.062+0000] {logging_mixin.py:149} INFO - [2024-09-03T11:39:09.062+0000] {dag.py:2726} INFO - Sync 1 DAGs
[2024-09-03T11:39:09.083+0000] {logging_mixin.py:149} INFO - [2024-09-03T11:39:09.083+0000] {dag.py:3486} INFO - Setting next_dagrun for example_xcom to 2021-01-01T00:00:00+00:00, run_after=2021-01-01T00:00:00+00:00
[2024-09-03T11:39:09.114+0000] {processor.py:179} INFO - Processing /home/airflow-vm/data-engineer-batch-processing-financial-services/.venv/lib/python3.10/site-packages/airflow/example_dags/example_xcom.py took 0.082 seconds
[2024-09-03T11:39:54.886+0000] {processor.py:157} INFO - Started process (PID=23307) to work on /home/airflow-vm/data-engineer-batch-processing-financial-services/.venv/lib/python3.10/site-packages/airflow/example_dags/example_xcom.py
[2024-09-03T11:39:54.887+0000] {processor.py:826} INFO - Processing file /home/airflow-vm/data-engineer-batch-processing-financial-services/.venv/lib/python3.10/site-packages/airflow/example_dags/example_xcom.py for tasks to queue
[2024-09-03T11:39:54.887+0000] {logging_mixin.py:149} INFO - [2024-09-03T11:39:54.887+0000] {dagbag.py:541} INFO - Filling up the DagBag from /home/airflow-vm/data-engineer-batch-processing-financial-services/.venv/lib/python3.10/site-packages/airflow/example_dags/example_xcom.py
[2024-09-03T11:39:54.894+0000] {processor.py:836} INFO - DAG(s) dict_keys(['example_xcom']) retrieved from /home/airflow-vm/data-engineer-batch-processing-financial-services/.venv/lib/python3.10/site-packages/airflow/example_dags/example_xcom.py
[2024-09-03T11:39:54.912+0000] {logging_mixin.py:149} INFO - [2024-09-03T11:39:54.912+0000] {dag.py:2726} INFO - Sync 1 DAGs
[2024-09-03T11:39:54.932+0000] {logging_mixin.py:149} INFO - [2024-09-03T11:39:54.932+0000] {dag.py:3486} INFO - Setting next_dagrun for example_xcom to 2021-01-01T00:00:00+00:00, run_after=2021-01-01T00:00:00+00:00
[2024-09-03T11:39:54.959+0000] {processor.py:179} INFO - Processing /home/airflow-vm/data-engineer-batch-processing-financial-services/.venv/lib/python3.10/site-packages/airflow/example_dags/example_xcom.py took 0.076 seconds
[2024-09-03T11:42:00.276+0000] {processor.py:157} INFO - Started process (PID=24619) to work on /home/airflow-vm/data-engineer-batch-processing-financial-services/.venv/lib/python3.10/site-packages/airflow/example_dags/example_xcom.py
[2024-09-03T11:42:00.276+0000] {processor.py:826} INFO - Processing file /home/airflow-vm/data-engineer-batch-processing-financial-services/.venv/lib/python3.10/site-packages/airflow/example_dags/example_xcom.py for tasks to queue
[2024-09-03T11:42:00.277+0000] {logging_mixin.py:149} INFO - [2024-09-03T11:42:00.277+0000] {dagbag.py:541} INFO - Filling up the DagBag from /home/airflow-vm/data-engineer-batch-processing-financial-services/.venv/lib/python3.10/site-packages/airflow/example_dags/example_xcom.py
[2024-09-03T11:42:00.284+0000] {processor.py:836} INFO - DAG(s) dict_keys(['example_xcom']) retrieved from /home/airflow-vm/data-engineer-batch-processing-financial-services/.venv/lib/python3.10/site-packages/airflow/example_dags/example_xcom.py
[2024-09-03T11:42:00.302+0000] {logging_mixin.py:149} INFO - [2024-09-03T11:42:00.302+0000] {dag.py:2726} INFO - Sync 1 DAGs
[2024-09-03T11:42:00.320+0000] {logging_mixin.py:149} INFO - [2024-09-03T11:42:00.320+0000] {dag.py:3486} INFO - Setting next_dagrun for example_xcom to 2021-01-01T00:00:00+00:00, run_after=2021-01-01T00:00:00+00:00
[2024-09-03T11:42:00.348+0000] {processor.py:179} INFO - Processing /home/airflow-vm/data-engineer-batch-processing-financial-services/.venv/lib/python3.10/site-packages/airflow/example_dags/example_xcom.py took 0.075 seconds
[2024-09-03T11:46:24.445+0000] {processor.py:157} INFO - Started process (PID=27175) to work on /home/airflow-vm/data-engineer-batch-processing-financial-services/.venv/lib/python3.10/site-packages/airflow/example_dags/example_xcom.py
[2024-09-03T11:46:24.446+0000] {processor.py:826} INFO - Processing file /home/airflow-vm/data-engineer-batch-processing-financial-services/.venv/lib/python3.10/site-packages/airflow/example_dags/example_xcom.py for tasks to queue
[2024-09-03T11:46:24.447+0000] {logging_mixin.py:149} INFO - [2024-09-03T11:46:24.447+0000] {dagbag.py:541} INFO - Filling up the DagBag from /home/airflow-vm/data-engineer-batch-processing-financial-services/.venv/lib/python3.10/site-packages/airflow/example_dags/example_xcom.py
[2024-09-03T11:46:24.454+0000] {processor.py:836} INFO - DAG(s) dict_keys(['example_xcom']) retrieved from /home/airflow-vm/data-engineer-batch-processing-financial-services/.venv/lib/python3.10/site-packages/airflow/example_dags/example_xcom.py
[2024-09-03T11:46:24.473+0000] {logging_mixin.py:149} INFO - [2024-09-03T11:46:24.473+0000] {dag.py:2726} INFO - Sync 1 DAGs
[2024-09-03T11:46:24.494+0000] {logging_mixin.py:149} INFO - [2024-09-03T11:46:24.494+0000] {dag.py:3486} INFO - Setting next_dagrun for example_xcom to 2021-01-01T00:00:00+00:00, run_after=2021-01-01T00:00:00+00:00
[2024-09-03T11:46:24.521+0000] {processor.py:179} INFO - Processing /home/airflow-vm/data-engineer-batch-processing-financial-services/.venv/lib/python3.10/site-packages/airflow/example_dags/example_xcom.py took 0.078 seconds
[2024-09-03T11:49:57.985+0000] {processor.py:157} INFO - Started process (PID=29428) to work on /home/airflow-vm/data-engineer-batch-processing-financial-services/.venv/lib/python3.10/site-packages/airflow/example_dags/example_xcom.py
[2024-09-03T11:49:57.986+0000] {processor.py:826} INFO - Processing file /home/airflow-vm/data-engineer-batch-processing-financial-services/.venv/lib/python3.10/site-packages/airflow/example_dags/example_xcom.py for tasks to queue
[2024-09-03T11:49:57.986+0000] {logging_mixin.py:149} INFO - [2024-09-03T11:49:57.986+0000] {dagbag.py:541} INFO - Filling up the DagBag from /home/airflow-vm/data-engineer-batch-processing-financial-services/.venv/lib/python3.10/site-packages/airflow/example_dags/example_xcom.py
[2024-09-03T11:49:57.993+0000] {processor.py:836} INFO - DAG(s) dict_keys(['example_xcom']) retrieved from /home/airflow-vm/data-engineer-batch-processing-financial-services/.venv/lib/python3.10/site-packages/airflow/example_dags/example_xcom.py
[2024-09-03T11:49:58.010+0000] {logging_mixin.py:149} INFO - [2024-09-03T11:49:58.010+0000] {dag.py:2726} INFO - Sync 1 DAGs
[2024-09-03T11:49:58.028+0000] {logging_mixin.py:149} INFO - [2024-09-03T11:49:58.028+0000] {dag.py:3486} INFO - Setting next_dagrun for example_xcom to 2021-01-01T00:00:00+00:00, run_after=2021-01-01T00:00:00+00:00
[2024-09-03T11:49:58.064+0000] {processor.py:179} INFO - Processing /home/airflow-vm/data-engineer-batch-processing-financial-services/.venv/lib/python3.10/site-packages/airflow/example_dags/example_xcom.py took 0.082 seconds
[2024-09-03T11:50:47.165+0000] {processor.py:157} INFO - Started process (PID=29679) to work on /home/airflow-vm/data-engineer-batch-processing-financial-services/.venv/lib/python3.10/site-packages/airflow/example_dags/example_xcom.py
[2024-09-03T11:50:47.166+0000] {processor.py:826} INFO - Processing file /home/airflow-vm/data-engineer-batch-processing-financial-services/.venv/lib/python3.10/site-packages/airflow/example_dags/example_xcom.py for tasks to queue
[2024-09-03T11:50:47.166+0000] {logging_mixin.py:149} INFO - [2024-09-03T11:50:47.166+0000] {dagbag.py:541} INFO - Filling up the DagBag from /home/airflow-vm/data-engineer-batch-processing-financial-services/.venv/lib/python3.10/site-packages/airflow/example_dags/example_xcom.py
[2024-09-03T11:50:47.174+0000] {processor.py:836} INFO - DAG(s) dict_keys(['example_xcom']) retrieved from /home/airflow-vm/data-engineer-batch-processing-financial-services/.venv/lib/python3.10/site-packages/airflow/example_dags/example_xcom.py
[2024-09-03T11:50:47.193+0000] {logging_mixin.py:149} INFO - [2024-09-03T11:50:47.193+0000] {dag.py:2726} INFO - Sync 1 DAGs
[2024-09-03T11:50:47.212+0000] {logging_mixin.py:149} INFO - [2024-09-03T11:50:47.212+0000] {dag.py:3486} INFO - Setting next_dagrun for example_xcom to 2021-01-01T00:00:00+00:00, run_after=2021-01-01T00:00:00+00:00
[2024-09-03T11:50:47.240+0000] {processor.py:179} INFO - Processing /home/airflow-vm/data-engineer-batch-processing-financial-services/.venv/lib/python3.10/site-packages/airflow/example_dags/example_xcom.py took 0.078 seconds
[2024-09-03T11:51:30.473+0000] {processor.py:157} INFO - Started process (PID=29726) to work on /home/airflow-vm/data-engineer-batch-processing-financial-services/.venv/lib/python3.10/site-packages/airflow/example_dags/example_xcom.py
[2024-09-03T11:51:30.474+0000] {processor.py:826} INFO - Processing file /home/airflow-vm/data-engineer-batch-processing-financial-services/.venv/lib/python3.10/site-packages/airflow/example_dags/example_xcom.py for tasks to queue
[2024-09-03T11:51:30.475+0000] {logging_mixin.py:149} INFO - [2024-09-03T11:51:30.475+0000] {dagbag.py:541} INFO - Filling up the DagBag from /home/airflow-vm/data-engineer-batch-processing-financial-services/.venv/lib/python3.10/site-packages/airflow/example_dags/example_xcom.py
[2024-09-03T11:51:30.481+0000] {processor.py:836} INFO - DAG(s) dict_keys(['example_xcom']) retrieved from /home/airflow-vm/data-engineer-batch-processing-financial-services/.venv/lib/python3.10/site-packages/airflow/example_dags/example_xcom.py
[2024-09-03T11:51:30.499+0000] {logging_mixin.py:149} INFO - [2024-09-03T11:51:30.498+0000] {dag.py:2726} INFO - Sync 1 DAGs
[2024-09-03T11:51:30.517+0000] {logging_mixin.py:149} INFO - [2024-09-03T11:51:30.517+0000] {dag.py:3486} INFO - Setting next_dagrun for example_xcom to 2021-01-01T00:00:00+00:00, run_after=2021-01-01T00:00:00+00:00
[2024-09-03T11:51:30.545+0000] {processor.py:179} INFO - Processing /home/airflow-vm/data-engineer-batch-processing-financial-services/.venv/lib/python3.10/site-packages/airflow/example_dags/example_xcom.py took 0.074 seconds
[2024-09-03T11:52:15.168+0000] {processor.py:157} INFO - Started process (PID=29774) to work on /home/airflow-vm/data-engineer-batch-processing-financial-services/.venv/lib/python3.10/site-packages/airflow/example_dags/example_xcom.py
[2024-09-03T11:52:15.169+0000] {processor.py:826} INFO - Processing file /home/airflow-vm/data-engineer-batch-processing-financial-services/.venv/lib/python3.10/site-packages/airflow/example_dags/example_xcom.py for tasks to queue
[2024-09-03T11:52:15.170+0000] {logging_mixin.py:149} INFO - [2024-09-03T11:52:15.170+0000] {dagbag.py:541} INFO - Filling up the DagBag from /home/airflow-vm/data-engineer-batch-processing-financial-services/.venv/lib/python3.10/site-packages/airflow/example_dags/example_xcom.py
[2024-09-03T11:52:15.177+0000] {processor.py:836} INFO - DAG(s) dict_keys(['example_xcom']) retrieved from /home/airflow-vm/data-engineer-batch-processing-financial-services/.venv/lib/python3.10/site-packages/airflow/example_dags/example_xcom.py
[2024-09-03T11:52:15.196+0000] {logging_mixin.py:149} INFO - [2024-09-03T11:52:15.196+0000] {dag.py:2726} INFO - Sync 1 DAGs
[2024-09-03T11:52:15.215+0000] {logging_mixin.py:149} INFO - [2024-09-03T11:52:15.215+0000] {dag.py:3486} INFO - Setting next_dagrun for example_xcom to 2021-01-01T00:00:00+00:00, run_after=2021-01-01T00:00:00+00:00
[2024-09-03T11:52:15.243+0000] {processor.py:179} INFO - Processing /home/airflow-vm/data-engineer-batch-processing-financial-services/.venv/lib/python3.10/site-packages/airflow/example_dags/example_xcom.py took 0.077 seconds
[2024-09-03T11:53:01.262+0000] {processor.py:157} INFO - Started process (PID=29822) to work on /home/airflow-vm/data-engineer-batch-processing-financial-services/.venv/lib/python3.10/site-packages/airflow/example_dags/example_xcom.py
[2024-09-03T11:53:01.263+0000] {processor.py:826} INFO - Processing file /home/airflow-vm/data-engineer-batch-processing-financial-services/.venv/lib/python3.10/site-packages/airflow/example_dags/example_xcom.py for tasks to queue
[2024-09-03T11:53:01.264+0000] {logging_mixin.py:149} INFO - [2024-09-03T11:53:01.264+0000] {dagbag.py:541} INFO - Filling up the DagBag from /home/airflow-vm/data-engineer-batch-processing-financial-services/.venv/lib/python3.10/site-packages/airflow/example_dags/example_xcom.py
[2024-09-03T11:53:01.270+0000] {processor.py:836} INFO - DAG(s) dict_keys(['example_xcom']) retrieved from /home/airflow-vm/data-engineer-batch-processing-financial-services/.venv/lib/python3.10/site-packages/airflow/example_dags/example_xcom.py
[2024-09-03T11:53:01.290+0000] {logging_mixin.py:149} INFO - [2024-09-03T11:53:01.290+0000] {dag.py:2726} INFO - Sync 1 DAGs
[2024-09-03T11:53:01.310+0000] {logging_mixin.py:149} INFO - [2024-09-03T11:53:01.310+0000] {dag.py:3486} INFO - Setting next_dagrun for example_xcom to 2021-01-01T00:00:00+00:00, run_after=2021-01-01T00:00:00+00:00
[2024-09-03T11:53:01.341+0000] {processor.py:179} INFO - Processing /home/airflow-vm/data-engineer-batch-processing-financial-services/.venv/lib/python3.10/site-packages/airflow/example_dags/example_xcom.py took 0.081 seconds
[2024-09-03T11:53:48.560+0000] {processor.py:157} INFO - Started process (PID=29897) to work on /home/airflow-vm/data-engineer-batch-processing-financial-services/.venv/lib/python3.10/site-packages/airflow/example_dags/example_xcom.py
[2024-09-03T11:53:48.561+0000] {processor.py:826} INFO - Processing file /home/airflow-vm/data-engineer-batch-processing-financial-services/.venv/lib/python3.10/site-packages/airflow/example_dags/example_xcom.py for tasks to queue
[2024-09-03T11:53:48.561+0000] {logging_mixin.py:149} INFO - [2024-09-03T11:53:48.561+0000] {dagbag.py:541} INFO - Filling up the DagBag from /home/airflow-vm/data-engineer-batch-processing-financial-services/.venv/lib/python3.10/site-packages/airflow/example_dags/example_xcom.py
[2024-09-03T11:53:48.568+0000] {processor.py:836} INFO - DAG(s) dict_keys(['example_xcom']) retrieved from /home/airflow-vm/data-engineer-batch-processing-financial-services/.venv/lib/python3.10/site-packages/airflow/example_dags/example_xcom.py
[2024-09-03T11:53:48.589+0000] {logging_mixin.py:149} INFO - [2024-09-03T11:53:48.589+0000] {dag.py:2726} INFO - Sync 1 DAGs
[2024-09-03T11:53:48.610+0000] {logging_mixin.py:149} INFO - [2024-09-03T11:53:48.610+0000] {dag.py:3486} INFO - Setting next_dagrun for example_xcom to 2021-01-01T00:00:00+00:00, run_after=2021-01-01T00:00:00+00:00
[2024-09-03T11:53:48.640+0000] {processor.py:179} INFO - Processing /home/airflow-vm/data-engineer-batch-processing-financial-services/.venv/lib/python3.10/site-packages/airflow/example_dags/example_xcom.py took 0.084 seconds
[2024-09-03T11:54:20.769+0000] {processor.py:157} INFO - Started process (PID=29931) to work on /home/airflow-vm/data-engineer-batch-processing-financial-services/.venv/lib/python3.10/site-packages/airflow/example_dags/example_xcom.py
[2024-09-03T11:54:20.770+0000] {processor.py:826} INFO - Processing file /home/airflow-vm/data-engineer-batch-processing-financial-services/.venv/lib/python3.10/site-packages/airflow/example_dags/example_xcom.py for tasks to queue
[2024-09-03T11:54:20.770+0000] {logging_mixin.py:149} INFO - [2024-09-03T11:54:20.770+0000] {dagbag.py:541} INFO - Filling up the DagBag from /home/airflow-vm/data-engineer-batch-processing-financial-services/.venv/lib/python3.10/site-packages/airflow/example_dags/example_xcom.py
[2024-09-03T11:54:20.778+0000] {processor.py:836} INFO - DAG(s) dict_keys(['example_xcom']) retrieved from /home/airflow-vm/data-engineer-batch-processing-financial-services/.venv/lib/python3.10/site-packages/airflow/example_dags/example_xcom.py
[2024-09-03T11:54:20.798+0000] {logging_mixin.py:149} INFO - [2024-09-03T11:54:20.797+0000] {dag.py:2726} INFO - Sync 1 DAGs
[2024-09-03T11:54:20.819+0000] {logging_mixin.py:149} INFO - [2024-09-03T11:54:20.819+0000] {dag.py:3486} INFO - Setting next_dagrun for example_xcom to 2021-01-01T00:00:00+00:00, run_after=2021-01-01T00:00:00+00:00
[2024-09-03T11:54:20.850+0000] {processor.py:179} INFO - Processing /home/airflow-vm/data-engineer-batch-processing-financial-services/.venv/lib/python3.10/site-packages/airflow/example_dags/example_xcom.py took 0.084 seconds
[2024-09-03T11:54:54.452+0000] {processor.py:157} INFO - Started process (PID=29971) to work on /home/airflow-vm/data-engineer-batch-processing-financial-services/.venv/lib/python3.10/site-packages/airflow/example_dags/example_xcom.py
[2024-09-03T11:54:54.453+0000] {processor.py:826} INFO - Processing file /home/airflow-vm/data-engineer-batch-processing-financial-services/.venv/lib/python3.10/site-packages/airflow/example_dags/example_xcom.py for tasks to queue
[2024-09-03T11:54:54.454+0000] {logging_mixin.py:149} INFO - [2024-09-03T11:54:54.454+0000] {dagbag.py:541} INFO - Filling up the DagBag from /home/airflow-vm/data-engineer-batch-processing-financial-services/.venv/lib/python3.10/site-packages/airflow/example_dags/example_xcom.py
[2024-09-03T11:54:54.461+0000] {processor.py:836} INFO - DAG(s) dict_keys(['example_xcom']) retrieved from /home/airflow-vm/data-engineer-batch-processing-financial-services/.venv/lib/python3.10/site-packages/airflow/example_dags/example_xcom.py
[2024-09-03T11:54:54.481+0000] {logging_mixin.py:149} INFO - [2024-09-03T11:54:54.481+0000] {dag.py:2726} INFO - Sync 1 DAGs
[2024-09-03T11:54:54.501+0000] {logging_mixin.py:149} INFO - [2024-09-03T11:54:54.500+0000] {dag.py:3486} INFO - Setting next_dagrun for example_xcom to 2021-01-01T00:00:00+00:00, run_after=2021-01-01T00:00:00+00:00
[2024-09-03T11:54:54.530+0000] {processor.py:179} INFO - Processing /home/airflow-vm/data-engineer-batch-processing-financial-services/.venv/lib/python3.10/site-packages/airflow/example_dags/example_xcom.py took 0.080 seconds
[2024-09-03T11:55:37.546+0000] {processor.py:157} INFO - Started process (PID=30019) to work on /home/airflow-vm/data-engineer-batch-processing-financial-services/.venv/lib/python3.10/site-packages/airflow/example_dags/example_xcom.py
[2024-09-03T11:55:37.546+0000] {processor.py:826} INFO - Processing file /home/airflow-vm/data-engineer-batch-processing-financial-services/.venv/lib/python3.10/site-packages/airflow/example_dags/example_xcom.py for tasks to queue
[2024-09-03T11:55:37.547+0000] {logging_mixin.py:149} INFO - [2024-09-03T11:55:37.547+0000] {dagbag.py:541} INFO - Filling up the DagBag from /home/airflow-vm/data-engineer-batch-processing-financial-services/.venv/lib/python3.10/site-packages/airflow/example_dags/example_xcom.py
[2024-09-03T11:55:37.554+0000] {processor.py:836} INFO - DAG(s) dict_keys(['example_xcom']) retrieved from /home/airflow-vm/data-engineer-batch-processing-financial-services/.venv/lib/python3.10/site-packages/airflow/example_dags/example_xcom.py
[2024-09-03T11:55:37.575+0000] {logging_mixin.py:149} INFO - [2024-09-03T11:55:37.574+0000] {dag.py:2726} INFO - Sync 1 DAGs
[2024-09-03T11:55:37.595+0000] {logging_mixin.py:149} INFO - [2024-09-03T11:55:37.595+0000] {dag.py:3486} INFO - Setting next_dagrun for example_xcom to 2021-01-01T00:00:00+00:00, run_after=2021-01-01T00:00:00+00:00
[2024-09-03T11:55:37.623+0000] {processor.py:179} INFO - Processing /home/airflow-vm/data-engineer-batch-processing-financial-services/.venv/lib/python3.10/site-packages/airflow/example_dags/example_xcom.py took 0.080 seconds
[2024-09-03T11:56:26.390+0000] {processor.py:157} INFO - Started process (PID=30069) to work on /home/airflow-vm/data-engineer-batch-processing-financial-services/.venv/lib/python3.10/site-packages/airflow/example_dags/example_xcom.py
[2024-09-03T11:56:26.391+0000] {processor.py:826} INFO - Processing file /home/airflow-vm/data-engineer-batch-processing-financial-services/.venv/lib/python3.10/site-packages/airflow/example_dags/example_xcom.py for tasks to queue
[2024-09-03T11:56:26.391+0000] {logging_mixin.py:149} INFO - [2024-09-03T11:56:26.391+0000] {dagbag.py:541} INFO - Filling up the DagBag from /home/airflow-vm/data-engineer-batch-processing-financial-services/.venv/lib/python3.10/site-packages/airflow/example_dags/example_xcom.py
[2024-09-03T11:56:26.398+0000] {processor.py:836} INFO - DAG(s) dict_keys(['example_xcom']) retrieved from /home/airflow-vm/data-engineer-batch-processing-financial-services/.venv/lib/python3.10/site-packages/airflow/example_dags/example_xcom.py
[2024-09-03T11:56:26.416+0000] {logging_mixin.py:149} INFO - [2024-09-03T11:56:26.416+0000] {dag.py:2726} INFO - Sync 1 DAGs
[2024-09-03T11:56:26.434+0000] {logging_mixin.py:149} INFO - [2024-09-03T11:56:26.434+0000] {dag.py:3486} INFO - Setting next_dagrun for example_xcom to 2021-01-01T00:00:00+00:00, run_after=2021-01-01T00:00:00+00:00
[2024-09-03T11:56:26.464+0000] {processor.py:179} INFO - Processing /home/airflow-vm/data-engineer-batch-processing-financial-services/.venv/lib/python3.10/site-packages/airflow/example_dags/example_xcom.py took 0.077 seconds
