[2024-09-03T10:58:36.819+0000] {processor.py:157} INFO - Started process (PID=3658) to work on /home/airflow-vm/data-engineer-batch-processing-financial-services/.venv/lib/python3.10/site-packages/airflow/example_dags/example_branch_labels.py
[2024-09-03T10:58:36.820+0000] {processor.py:826} INFO - Processing file /home/airflow-vm/data-engineer-batch-processing-financial-services/.venv/lib/python3.10/site-packages/airflow/example_dags/example_branch_labels.py for tasks to queue
[2024-09-03T10:58:36.820+0000] {logging_mixin.py:149} INFO - [2024-09-03T10:58:36.820+0000] {dagbag.py:541} INFO - Filling up the DagBag from /home/airflow-vm/data-engineer-batch-processing-financial-services/.venv/lib/python3.10/site-packages/airflow/example_dags/example_branch_labels.py
[2024-09-03T10:58:36.827+0000] {processor.py:836} INFO - DAG(s) dict_keys(['example_branch_labels']) retrieved from /home/airflow-vm/data-engineer-batch-processing-financial-services/.venv/lib/python3.10/site-packages/airflow/example_dags/example_branch_labels.py
[2024-09-03T10:58:36.845+0000] {logging_mixin.py:149} INFO - [2024-09-03T10:58:36.845+0000] {dag.py:2726} INFO - Sync 1 DAGs
[2024-09-03T10:58:36.867+0000] {logging_mixin.py:149} INFO - [2024-09-03T10:58:36.867+0000] {dag.py:3486} INFO - Setting next_dagrun for example_branch_labels to 2024-09-02T00:00:00+00:00, run_after=2024-09-03T00:00:00+00:00
[2024-09-03T10:58:36.896+0000] {processor.py:179} INFO - Processing /home/airflow-vm/data-engineer-batch-processing-financial-services/.venv/lib/python3.10/site-packages/airflow/example_dags/example_branch_labels.py took 0.080 seconds
[2024-09-03T10:59:26.520+0000] {processor.py:157} INFO - Started process (PID=3843) to work on /home/airflow-vm/data-engineer-batch-processing-financial-services/.venv/lib/python3.10/site-packages/airflow/example_dags/example_branch_labels.py
[2024-09-03T10:59:26.520+0000] {processor.py:826} INFO - Processing file /home/airflow-vm/data-engineer-batch-processing-financial-services/.venv/lib/python3.10/site-packages/airflow/example_dags/example_branch_labels.py for tasks to queue
[2024-09-03T10:59:26.521+0000] {logging_mixin.py:149} INFO - [2024-09-03T10:59:26.521+0000] {dagbag.py:541} INFO - Filling up the DagBag from /home/airflow-vm/data-engineer-batch-processing-financial-services/.venv/lib/python3.10/site-packages/airflow/example_dags/example_branch_labels.py
[2024-09-03T10:59:26.528+0000] {processor.py:836} INFO - DAG(s) dict_keys(['example_branch_labels']) retrieved from /home/airflow-vm/data-engineer-batch-processing-financial-services/.venv/lib/python3.10/site-packages/airflow/example_dags/example_branch_labels.py
[2024-09-03T10:59:26.546+0000] {logging_mixin.py:149} INFO - [2024-09-03T10:59:26.546+0000] {dag.py:2726} INFO - Sync 1 DAGs
[2024-09-03T10:59:26.569+0000] {logging_mixin.py:149} INFO - [2024-09-03T10:59:26.568+0000] {dag.py:3486} INFO - Setting next_dagrun for example_branch_labels to 2024-09-02T00:00:00+00:00, run_after=2024-09-03T00:00:00+00:00
[2024-09-03T10:59:26.598+0000] {processor.py:179} INFO - Processing /home/airflow-vm/data-engineer-batch-processing-financial-services/.venv/lib/python3.10/site-packages/airflow/example_dags/example_branch_labels.py took 0.081 seconds
[2024-09-03T11:00:10.027+0000] {processor.py:157} INFO - Started process (PID=4059) to work on /home/airflow-vm/data-engineer-batch-processing-financial-services/.venv/lib/python3.10/site-packages/airflow/example_dags/example_branch_labels.py
[2024-09-03T11:00:10.028+0000] {processor.py:826} INFO - Processing file /home/airflow-vm/data-engineer-batch-processing-financial-services/.venv/lib/python3.10/site-packages/airflow/example_dags/example_branch_labels.py for tasks to queue
[2024-09-03T11:00:10.029+0000] {logging_mixin.py:149} INFO - [2024-09-03T11:00:10.028+0000] {dagbag.py:541} INFO - Filling up the DagBag from /home/airflow-vm/data-engineer-batch-processing-financial-services/.venv/lib/python3.10/site-packages/airflow/example_dags/example_branch_labels.py
[2024-09-03T11:00:10.035+0000] {processor.py:836} INFO - DAG(s) dict_keys(['example_branch_labels']) retrieved from /home/airflow-vm/data-engineer-batch-processing-financial-services/.venv/lib/python3.10/site-packages/airflow/example_dags/example_branch_labels.py
[2024-09-03T11:00:10.055+0000] {logging_mixin.py:149} INFO - [2024-09-03T11:00:10.055+0000] {dag.py:2726} INFO - Sync 1 DAGs
[2024-09-03T11:00:10.085+0000] {logging_mixin.py:149} INFO - [2024-09-03T11:00:10.085+0000] {dag.py:3486} INFO - Setting next_dagrun for example_branch_labels to 2024-09-02T00:00:00+00:00, run_after=2024-09-03T00:00:00+00:00
[2024-09-03T11:00:10.112+0000] {processor.py:179} INFO - Processing /home/airflow-vm/data-engineer-batch-processing-financial-services/.venv/lib/python3.10/site-packages/airflow/example_dags/example_branch_labels.py took 0.087 seconds
[2024-09-03T11:00:55.375+0000] {processor.py:157} INFO - Started process (PID=4538) to work on /home/airflow-vm/data-engineer-batch-processing-financial-services/.venv/lib/python3.10/site-packages/airflow/example_dags/example_branch_labels.py
[2024-09-03T11:00:55.376+0000] {processor.py:826} INFO - Processing file /home/airflow-vm/data-engineer-batch-processing-financial-services/.venv/lib/python3.10/site-packages/airflow/example_dags/example_branch_labels.py for tasks to queue
[2024-09-03T11:00:55.376+0000] {logging_mixin.py:149} INFO - [2024-09-03T11:00:55.376+0000] {dagbag.py:541} INFO - Filling up the DagBag from /home/airflow-vm/data-engineer-batch-processing-financial-services/.venv/lib/python3.10/site-packages/airflow/example_dags/example_branch_labels.py
[2024-09-03T11:00:55.383+0000] {processor.py:836} INFO - DAG(s) dict_keys(['example_branch_labels']) retrieved from /home/airflow-vm/data-engineer-batch-processing-financial-services/.venv/lib/python3.10/site-packages/airflow/example_dags/example_branch_labels.py
[2024-09-03T11:00:55.402+0000] {logging_mixin.py:149} INFO - [2024-09-03T11:00:55.402+0000] {dag.py:2726} INFO - Sync 1 DAGs
[2024-09-03T11:00:55.424+0000] {logging_mixin.py:149} INFO - [2024-09-03T11:00:55.424+0000] {dag.py:3486} INFO - Setting next_dagrun for example_branch_labels to 2024-09-02T00:00:00+00:00, run_after=2024-09-03T00:00:00+00:00
[2024-09-03T11:00:55.466+0000] {processor.py:179} INFO - Processing /home/airflow-vm/data-engineer-batch-processing-financial-services/.venv/lib/python3.10/site-packages/airflow/example_dags/example_branch_labels.py took 0.096 seconds
[2024-09-03T11:01:44.914+0000] {processor.py:157} INFO - Started process (PID=4771) to work on /home/airflow-vm/data-engineer-batch-processing-financial-services/.venv/lib/python3.10/site-packages/airflow/example_dags/example_branch_labels.py
[2024-09-03T11:01:44.915+0000] {processor.py:826} INFO - Processing file /home/airflow-vm/data-engineer-batch-processing-financial-services/.venv/lib/python3.10/site-packages/airflow/example_dags/example_branch_labels.py for tasks to queue
[2024-09-03T11:01:44.915+0000] {logging_mixin.py:149} INFO - [2024-09-03T11:01:44.915+0000] {dagbag.py:541} INFO - Filling up the DagBag from /home/airflow-vm/data-engineer-batch-processing-financial-services/.venv/lib/python3.10/site-packages/airflow/example_dags/example_branch_labels.py
[2024-09-03T11:01:44.922+0000] {processor.py:836} INFO - DAG(s) dict_keys(['example_branch_labels']) retrieved from /home/airflow-vm/data-engineer-batch-processing-financial-services/.venv/lib/python3.10/site-packages/airflow/example_dags/example_branch_labels.py
[2024-09-03T11:01:44.940+0000] {logging_mixin.py:149} INFO - [2024-09-03T11:01:44.940+0000] {dag.py:2726} INFO - Sync 1 DAGs
[2024-09-03T11:01:44.962+0000] {logging_mixin.py:149} INFO - [2024-09-03T11:01:44.962+0000] {dag.py:3486} INFO - Setting next_dagrun for example_branch_labels to 2024-09-02T00:00:00+00:00, run_after=2024-09-03T00:00:00+00:00
[2024-09-03T11:01:44.991+0000] {processor.py:179} INFO - Processing /home/airflow-vm/data-engineer-batch-processing-financial-services/.venv/lib/python3.10/site-packages/airflow/example_dags/example_branch_labels.py took 0.079 seconds
[2024-09-03T11:02:31.507+0000] {processor.py:157} INFO - Started process (PID=4829) to work on /home/airflow-vm/data-engineer-batch-processing-financial-services/.venv/lib/python3.10/site-packages/airflow/example_dags/example_branch_labels.py
[2024-09-03T11:02:31.508+0000] {processor.py:826} INFO - Processing file /home/airflow-vm/data-engineer-batch-processing-financial-services/.venv/lib/python3.10/site-packages/airflow/example_dags/example_branch_labels.py for tasks to queue
[2024-09-03T11:02:31.508+0000] {logging_mixin.py:149} INFO - [2024-09-03T11:02:31.508+0000] {dagbag.py:541} INFO - Filling up the DagBag from /home/airflow-vm/data-engineer-batch-processing-financial-services/.venv/lib/python3.10/site-packages/airflow/example_dags/example_branch_labels.py
[2024-09-03T11:02:31.515+0000] {processor.py:836} INFO - DAG(s) dict_keys(['example_branch_labels']) retrieved from /home/airflow-vm/data-engineer-batch-processing-financial-services/.venv/lib/python3.10/site-packages/airflow/example_dags/example_branch_labels.py
[2024-09-03T11:02:31.535+0000] {logging_mixin.py:149} INFO - [2024-09-03T11:02:31.534+0000] {dag.py:2726} INFO - Sync 1 DAGs
[2024-09-03T11:02:31.555+0000] {logging_mixin.py:149} INFO - [2024-09-03T11:02:31.555+0000] {dag.py:3486} INFO - Setting next_dagrun for example_branch_labels to 2024-09-02T00:00:00+00:00, run_after=2024-09-03T00:00:00+00:00
[2024-09-03T11:02:31.583+0000] {processor.py:179} INFO - Processing /home/airflow-vm/data-engineer-batch-processing-financial-services/.venv/lib/python3.10/site-packages/airflow/example_dags/example_branch_labels.py took 0.079 seconds
[2024-09-03T11:03:19.013+0000] {processor.py:157} INFO - Started process (PID=5128) to work on /home/airflow-vm/data-engineer-batch-processing-financial-services/.venv/lib/python3.10/site-packages/airflow/example_dags/example_branch_labels.py
[2024-09-03T11:03:19.014+0000] {processor.py:826} INFO - Processing file /home/airflow-vm/data-engineer-batch-processing-financial-services/.venv/lib/python3.10/site-packages/airflow/example_dags/example_branch_labels.py for tasks to queue
[2024-09-03T11:03:19.014+0000] {logging_mixin.py:149} INFO - [2024-09-03T11:03:19.014+0000] {dagbag.py:541} INFO - Filling up the DagBag from /home/airflow-vm/data-engineer-batch-processing-financial-services/.venv/lib/python3.10/site-packages/airflow/example_dags/example_branch_labels.py
[2024-09-03T11:03:19.021+0000] {processor.py:836} INFO - DAG(s) dict_keys(['example_branch_labels']) retrieved from /home/airflow-vm/data-engineer-batch-processing-financial-services/.venv/lib/python3.10/site-packages/airflow/example_dags/example_branch_labels.py
[2024-09-03T11:03:19.040+0000] {logging_mixin.py:149} INFO - [2024-09-03T11:03:19.040+0000] {dag.py:2726} INFO - Sync 1 DAGs
[2024-09-03T11:03:19.062+0000] {logging_mixin.py:149} INFO - [2024-09-03T11:03:19.061+0000] {dag.py:3486} INFO - Setting next_dagrun for example_branch_labels to 2024-09-02T00:00:00+00:00, run_after=2024-09-03T00:00:00+00:00
[2024-09-03T11:03:19.092+0000] {processor.py:179} INFO - Processing /home/airflow-vm/data-engineer-batch-processing-financial-services/.venv/lib/python3.10/site-packages/airflow/example_dags/example_branch_labels.py took 0.082 seconds
[2024-09-03T11:06:14.375+0000] {processor.py:157} INFO - Started process (PID=6832) to work on /home/airflow-vm/data-engineer-batch-processing-financial-services/.venv/lib/python3.10/site-packages/airflow/example_dags/example_branch_labels.py
[2024-09-03T11:06:14.375+0000] {processor.py:826} INFO - Processing file /home/airflow-vm/data-engineer-batch-processing-financial-services/.venv/lib/python3.10/site-packages/airflow/example_dags/example_branch_labels.py for tasks to queue
[2024-09-03T11:06:14.376+0000] {logging_mixin.py:149} INFO - [2024-09-03T11:06:14.376+0000] {dagbag.py:541} INFO - Filling up the DagBag from /home/airflow-vm/data-engineer-batch-processing-financial-services/.venv/lib/python3.10/site-packages/airflow/example_dags/example_branch_labels.py
[2024-09-03T11:06:14.383+0000] {processor.py:836} INFO - DAG(s) dict_keys(['example_branch_labels']) retrieved from /home/airflow-vm/data-engineer-batch-processing-financial-services/.venv/lib/python3.10/site-packages/airflow/example_dags/example_branch_labels.py
[2024-09-03T11:06:14.402+0000] {logging_mixin.py:149} INFO - [2024-09-03T11:06:14.401+0000] {dag.py:2726} INFO - Sync 1 DAGs
[2024-09-03T11:06:14.422+0000] {logging_mixin.py:149} INFO - [2024-09-03T11:06:14.421+0000] {dag.py:3486} INFO - Setting next_dagrun for example_branch_labels to 2024-09-02T00:00:00+00:00, run_after=2024-09-03T00:00:00+00:00
[2024-09-03T11:06:14.449+0000] {processor.py:179} INFO - Processing /home/airflow-vm/data-engineer-batch-processing-financial-services/.venv/lib/python3.10/site-packages/airflow/example_dags/example_branch_labels.py took 0.077 seconds
[2024-09-03T11:10:18.287+0000] {processor.py:157} INFO - Started process (PID=8507) to work on /home/airflow-vm/data-engineer-batch-processing-financial-services/.venv/lib/python3.10/site-packages/airflow/example_dags/example_branch_labels.py
[2024-09-03T11:10:18.288+0000] {processor.py:826} INFO - Processing file /home/airflow-vm/data-engineer-batch-processing-financial-services/.venv/lib/python3.10/site-packages/airflow/example_dags/example_branch_labels.py for tasks to queue
[2024-09-03T11:10:18.288+0000] {logging_mixin.py:149} INFO - [2024-09-03T11:10:18.288+0000] {dagbag.py:541} INFO - Filling up the DagBag from /home/airflow-vm/data-engineer-batch-processing-financial-services/.venv/lib/python3.10/site-packages/airflow/example_dags/example_branch_labels.py
[2024-09-03T11:10:18.295+0000] {processor.py:836} INFO - DAG(s) dict_keys(['example_branch_labels']) retrieved from /home/airflow-vm/data-engineer-batch-processing-financial-services/.venv/lib/python3.10/site-packages/airflow/example_dags/example_branch_labels.py
[2024-09-03T11:10:18.314+0000] {logging_mixin.py:149} INFO - [2024-09-03T11:10:18.314+0000] {dag.py:2726} INFO - Sync 1 DAGs
[2024-09-03T11:10:18.334+0000] {logging_mixin.py:149} INFO - [2024-09-03T11:10:18.333+0000] {dag.py:3486} INFO - Setting next_dagrun for example_branch_labels to 2024-09-02T00:00:00+00:00, run_after=2024-09-03T00:00:00+00:00
[2024-09-03T11:10:18.362+0000] {processor.py:179} INFO - Processing /home/airflow-vm/data-engineer-batch-processing-financial-services/.venv/lib/python3.10/site-packages/airflow/example_dags/example_branch_labels.py took 0.077 seconds
[2024-09-03T11:14:42.822+0000] {processor.py:157} INFO - Started process (PID=10373) to work on /home/airflow-vm/data-engineer-batch-processing-financial-services/.venv/lib/python3.10/site-packages/airflow/example_dags/example_branch_labels.py
[2024-09-03T11:14:42.823+0000] {processor.py:826} INFO - Processing file /home/airflow-vm/data-engineer-batch-processing-financial-services/.venv/lib/python3.10/site-packages/airflow/example_dags/example_branch_labels.py for tasks to queue
[2024-09-03T11:14:42.824+0000] {logging_mixin.py:149} INFO - [2024-09-03T11:14:42.824+0000] {dagbag.py:541} INFO - Filling up the DagBag from /home/airflow-vm/data-engineer-batch-processing-financial-services/.venv/lib/python3.10/site-packages/airflow/example_dags/example_branch_labels.py
[2024-09-03T11:14:42.832+0000] {processor.py:836} INFO - DAG(s) dict_keys(['example_branch_labels']) retrieved from /home/airflow-vm/data-engineer-batch-processing-financial-services/.venv/lib/python3.10/site-packages/airflow/example_dags/example_branch_labels.py
[2024-09-03T11:14:42.852+0000] {logging_mixin.py:149} INFO - [2024-09-03T11:14:42.852+0000] {dag.py:2726} INFO - Sync 1 DAGs
[2024-09-03T11:14:42.873+0000] {logging_mixin.py:149} INFO - [2024-09-03T11:14:42.873+0000] {dag.py:3486} INFO - Setting next_dagrun for example_branch_labels to 2024-09-02T00:00:00+00:00, run_after=2024-09-03T00:00:00+00:00
[2024-09-03T11:14:42.901+0000] {processor.py:179} INFO - Processing /home/airflow-vm/data-engineer-batch-processing-financial-services/.venv/lib/python3.10/site-packages/airflow/example_dags/example_branch_labels.py took 0.083 seconds
[2024-09-03T11:19:16.195+0000] {processor.py:157} INFO - Started process (PID=12926) to work on /home/airflow-vm/data-engineer-batch-processing-financial-services/.venv/lib/python3.10/site-packages/airflow/example_dags/example_branch_labels.py
[2024-09-03T11:19:16.196+0000] {processor.py:826} INFO - Processing file /home/airflow-vm/data-engineer-batch-processing-financial-services/.venv/lib/python3.10/site-packages/airflow/example_dags/example_branch_labels.py for tasks to queue
[2024-09-03T11:19:16.197+0000] {logging_mixin.py:149} INFO - [2024-09-03T11:19:16.197+0000] {dagbag.py:541} INFO - Filling up the DagBag from /home/airflow-vm/data-engineer-batch-processing-financial-services/.venv/lib/python3.10/site-packages/airflow/example_dags/example_branch_labels.py
[2024-09-03T11:19:16.204+0000] {processor.py:836} INFO - DAG(s) dict_keys(['example_branch_labels']) retrieved from /home/airflow-vm/data-engineer-batch-processing-financial-services/.venv/lib/python3.10/site-packages/airflow/example_dags/example_branch_labels.py
[2024-09-03T11:19:16.223+0000] {logging_mixin.py:149} INFO - [2024-09-03T11:19:16.223+0000] {dag.py:2726} INFO - Sync 1 DAGs
[2024-09-03T11:19:16.244+0000] {logging_mixin.py:149} INFO - [2024-09-03T11:19:16.244+0000] {dag.py:3486} INFO - Setting next_dagrun for example_branch_labels to 2024-09-02T00:00:00+00:00, run_after=2024-09-03T00:00:00+00:00
[2024-09-03T11:19:16.272+0000] {processor.py:179} INFO - Processing /home/airflow-vm/data-engineer-batch-processing-financial-services/.venv/lib/python3.10/site-packages/airflow/example_dags/example_branch_labels.py took 0.080 seconds
[2024-09-03T11:25:12.082+0000] {processor.py:157} INFO - Started process (PID=15718) to work on /home/airflow-vm/data-engineer-batch-processing-financial-services/.venv/lib/python3.10/site-packages/airflow/example_dags/example_branch_labels.py
[2024-09-03T11:25:12.083+0000] {processor.py:826} INFO - Processing file /home/airflow-vm/data-engineer-batch-processing-financial-services/.venv/lib/python3.10/site-packages/airflow/example_dags/example_branch_labels.py for tasks to queue
[2024-09-03T11:25:12.083+0000] {logging_mixin.py:149} INFO - [2024-09-03T11:25:12.083+0000] {dagbag.py:541} INFO - Filling up the DagBag from /home/airflow-vm/data-engineer-batch-processing-financial-services/.venv/lib/python3.10/site-packages/airflow/example_dags/example_branch_labels.py
[2024-09-03T11:25:12.090+0000] {processor.py:836} INFO - DAG(s) dict_keys(['example_branch_labels']) retrieved from /home/airflow-vm/data-engineer-batch-processing-financial-services/.venv/lib/python3.10/site-packages/airflow/example_dags/example_branch_labels.py
[2024-09-03T11:25:12.110+0000] {logging_mixin.py:149} INFO - [2024-09-03T11:25:12.110+0000] {dag.py:2726} INFO - Sync 1 DAGs
[2024-09-03T11:25:12.132+0000] {logging_mixin.py:149} INFO - [2024-09-03T11:25:12.132+0000] {dag.py:3486} INFO - Setting next_dagrun for example_branch_labels to 2024-09-02T00:00:00+00:00, run_after=2024-09-03T00:00:00+00:00
[2024-09-03T11:25:12.160+0000] {processor.py:179} INFO - Processing /home/airflow-vm/data-engineer-batch-processing-financial-services/.venv/lib/python3.10/site-packages/airflow/example_dags/example_branch_labels.py took 0.081 seconds
[2024-09-03T11:31:32.987+0000] {processor.py:157} INFO - Started process (PID=19099) to work on /home/airflow-vm/data-engineer-batch-processing-financial-services/.venv/lib/python3.10/site-packages/airflow/example_dags/example_branch_labels.py
[2024-09-03T11:31:32.988+0000] {processor.py:826} INFO - Processing file /home/airflow-vm/data-engineer-batch-processing-financial-services/.venv/lib/python3.10/site-packages/airflow/example_dags/example_branch_labels.py for tasks to queue
[2024-09-03T11:31:32.989+0000] {logging_mixin.py:149} INFO - [2024-09-03T11:31:32.989+0000] {dagbag.py:541} INFO - Filling up the DagBag from /home/airflow-vm/data-engineer-batch-processing-financial-services/.venv/lib/python3.10/site-packages/airflow/example_dags/example_branch_labels.py
[2024-09-03T11:31:32.996+0000] {processor.py:836} INFO - DAG(s) dict_keys(['example_branch_labels']) retrieved from /home/airflow-vm/data-engineer-batch-processing-financial-services/.venv/lib/python3.10/site-packages/airflow/example_dags/example_branch_labels.py
[2024-09-03T11:31:33.016+0000] {logging_mixin.py:149} INFO - [2024-09-03T11:31:33.016+0000] {dag.py:2726} INFO - Sync 1 DAGs
[2024-09-03T11:31:33.038+0000] {logging_mixin.py:149} INFO - [2024-09-03T11:31:33.037+0000] {dag.py:3486} INFO - Setting next_dagrun for example_branch_labels to 2024-09-02T00:00:00+00:00, run_after=2024-09-03T00:00:00+00:00
[2024-09-03T11:31:33.069+0000] {processor.py:179} INFO - Processing /home/airflow-vm/data-engineer-batch-processing-financial-services/.venv/lib/python3.10/site-packages/airflow/example_dags/example_branch_labels.py took 0.085 seconds
[2024-09-03T11:37:40.065+0000] {processor.py:157} INFO - Started process (PID=22686) to work on /home/airflow-vm/data-engineer-batch-processing-financial-services/.venv/lib/python3.10/site-packages/airflow/example_dags/example_branch_labels.py
[2024-09-03T11:37:40.066+0000] {processor.py:826} INFO - Processing file /home/airflow-vm/data-engineer-batch-processing-financial-services/.venv/lib/python3.10/site-packages/airflow/example_dags/example_branch_labels.py for tasks to queue
[2024-09-03T11:37:40.067+0000] {logging_mixin.py:149} INFO - [2024-09-03T11:37:40.066+0000] {dagbag.py:541} INFO - Filling up the DagBag from /home/airflow-vm/data-engineer-batch-processing-financial-services/.venv/lib/python3.10/site-packages/airflow/example_dags/example_branch_labels.py
[2024-09-03T11:37:40.075+0000] {processor.py:836} INFO - DAG(s) dict_keys(['example_branch_labels']) retrieved from /home/airflow-vm/data-engineer-batch-processing-financial-services/.venv/lib/python3.10/site-packages/airflow/example_dags/example_branch_labels.py
[2024-09-03T11:37:40.095+0000] {logging_mixin.py:149} INFO - [2024-09-03T11:37:40.095+0000] {dag.py:2726} INFO - Sync 1 DAGs
[2024-09-03T11:37:40.117+0000] {logging_mixin.py:149} INFO - [2024-09-03T11:37:40.117+0000] {dag.py:3486} INFO - Setting next_dagrun for example_branch_labels to 2024-09-02T00:00:00+00:00, run_after=2024-09-03T00:00:00+00:00
[2024-09-03T11:37:40.148+0000] {processor.py:179} INFO - Processing /home/airflow-vm/data-engineer-batch-processing-financial-services/.venv/lib/python3.10/site-packages/airflow/example_dags/example_branch_labels.py took 0.087 seconds
[2024-09-03T11:38:30.040+0000] {processor.py:157} INFO - Started process (PID=22900) to work on /home/airflow-vm/data-engineer-batch-processing-financial-services/.venv/lib/python3.10/site-packages/airflow/example_dags/example_branch_labels.py
[2024-09-03T11:38:30.041+0000] {processor.py:826} INFO - Processing file /home/airflow-vm/data-engineer-batch-processing-financial-services/.venv/lib/python3.10/site-packages/airflow/example_dags/example_branch_labels.py for tasks to queue
[2024-09-03T11:38:30.042+0000] {logging_mixin.py:149} INFO - [2024-09-03T11:38:30.042+0000] {dagbag.py:541} INFO - Filling up the DagBag from /home/airflow-vm/data-engineer-batch-processing-financial-services/.venv/lib/python3.10/site-packages/airflow/example_dags/example_branch_labels.py
[2024-09-03T11:38:30.049+0000] {processor.py:836} INFO - DAG(s) dict_keys(['example_branch_labels']) retrieved from /home/airflow-vm/data-engineer-batch-processing-financial-services/.venv/lib/python3.10/site-packages/airflow/example_dags/example_branch_labels.py
[2024-09-03T11:38:30.072+0000] {logging_mixin.py:149} INFO - [2024-09-03T11:38:30.071+0000] {dag.py:2726} INFO - Sync 1 DAGs
[2024-09-03T11:38:30.095+0000] {logging_mixin.py:149} INFO - [2024-09-03T11:38:30.095+0000] {dag.py:3486} INFO - Setting next_dagrun for example_branch_labels to 2024-09-02T00:00:00+00:00, run_after=2024-09-03T00:00:00+00:00
[2024-09-03T11:38:30.124+0000] {processor.py:179} INFO - Processing /home/airflow-vm/data-engineer-batch-processing-financial-services/.venv/lib/python3.10/site-packages/airflow/example_dags/example_branch_labels.py took 0.086 seconds
[2024-09-03T11:39:20.607+0000] {processor.py:157} INFO - Started process (PID=23185) to work on /home/airflow-vm/data-engineer-batch-processing-financial-services/.venv/lib/python3.10/site-packages/airflow/example_dags/example_branch_labels.py
[2024-09-03T11:39:20.608+0000] {processor.py:826} INFO - Processing file /home/airflow-vm/data-engineer-batch-processing-financial-services/.venv/lib/python3.10/site-packages/airflow/example_dags/example_branch_labels.py for tasks to queue
[2024-09-03T11:39:20.608+0000] {logging_mixin.py:149} INFO - [2024-09-03T11:39:20.608+0000] {dagbag.py:541} INFO - Filling up the DagBag from /home/airflow-vm/data-engineer-batch-processing-financial-services/.venv/lib/python3.10/site-packages/airflow/example_dags/example_branch_labels.py
[2024-09-03T11:39:20.616+0000] {processor.py:836} INFO - DAG(s) dict_keys(['example_branch_labels']) retrieved from /home/airflow-vm/data-engineer-batch-processing-financial-services/.venv/lib/python3.10/site-packages/airflow/example_dags/example_branch_labels.py
[2024-09-03T11:39:20.635+0000] {logging_mixin.py:149} INFO - [2024-09-03T11:39:20.635+0000] {dag.py:2726} INFO - Sync 1 DAGs
[2024-09-03T11:39:20.658+0000] {logging_mixin.py:149} INFO - [2024-09-03T11:39:20.658+0000] {dag.py:3486} INFO - Setting next_dagrun for example_branch_labels to 2024-09-02T00:00:00+00:00, run_after=2024-09-03T00:00:00+00:00
[2024-09-03T11:39:20.688+0000] {processor.py:179} INFO - Processing /home/airflow-vm/data-engineer-batch-processing-financial-services/.venv/lib/python3.10/site-packages/airflow/example_dags/example_branch_labels.py took 0.084 seconds
[2024-09-03T11:40:05.917+0000] {processor.py:157} INFO - Started process (PID=23350) to work on /home/airflow-vm/data-engineer-batch-processing-financial-services/.venv/lib/python3.10/site-packages/airflow/example_dags/example_branch_labels.py
[2024-09-03T11:40:05.918+0000] {processor.py:826} INFO - Processing file /home/airflow-vm/data-engineer-batch-processing-financial-services/.venv/lib/python3.10/site-packages/airflow/example_dags/example_branch_labels.py for tasks to queue
[2024-09-03T11:40:05.919+0000] {logging_mixin.py:149} INFO - [2024-09-03T11:40:05.919+0000] {dagbag.py:541} INFO - Filling up the DagBag from /home/airflow-vm/data-engineer-batch-processing-financial-services/.venv/lib/python3.10/site-packages/airflow/example_dags/example_branch_labels.py
[2024-09-03T11:40:05.926+0000] {processor.py:836} INFO - DAG(s) dict_keys(['example_branch_labels']) retrieved from /home/airflow-vm/data-engineer-batch-processing-financial-services/.venv/lib/python3.10/site-packages/airflow/example_dags/example_branch_labels.py
[2024-09-03T11:40:05.953+0000] {logging_mixin.py:149} INFO - [2024-09-03T11:40:05.952+0000] {dag.py:2726} INFO - Sync 1 DAGs
[2024-09-03T11:40:05.976+0000] {logging_mixin.py:149} INFO - [2024-09-03T11:40:05.976+0000] {dag.py:3486} INFO - Setting next_dagrun for example_branch_labels to 2024-09-02T00:00:00+00:00, run_after=2024-09-03T00:00:00+00:00
[2024-09-03T11:40:06.005+0000] {processor.py:179} INFO - Processing /home/airflow-vm/data-engineer-batch-processing-financial-services/.venv/lib/python3.10/site-packages/airflow/example_dags/example_branch_labels.py took 0.091 seconds
[2024-09-03T11:45:44.069+0000] {processor.py:157} INFO - Started process (PID=26886) to work on /home/airflow-vm/data-engineer-batch-processing-financial-services/.venv/lib/python3.10/site-packages/airflow/example_dags/example_branch_labels.py
[2024-09-03T11:45:44.070+0000] {processor.py:826} INFO - Processing file /home/airflow-vm/data-engineer-batch-processing-financial-services/.venv/lib/python3.10/site-packages/airflow/example_dags/example_branch_labels.py for tasks to queue
[2024-09-03T11:45:44.070+0000] {logging_mixin.py:149} INFO - [2024-09-03T11:45:44.070+0000] {dagbag.py:541} INFO - Filling up the DagBag from /home/airflow-vm/data-engineer-batch-processing-financial-services/.venv/lib/python3.10/site-packages/airflow/example_dags/example_branch_labels.py
[2024-09-03T11:45:44.078+0000] {processor.py:836} INFO - DAG(s) dict_keys(['example_branch_labels']) retrieved from /home/airflow-vm/data-engineer-batch-processing-financial-services/.venv/lib/python3.10/site-packages/airflow/example_dags/example_branch_labels.py
[2024-09-03T11:45:44.096+0000] {logging_mixin.py:149} INFO - [2024-09-03T11:45:44.096+0000] {dag.py:2726} INFO - Sync 1 DAGs
[2024-09-03T11:45:44.116+0000] {logging_mixin.py:149} INFO - [2024-09-03T11:45:44.116+0000] {dag.py:3486} INFO - Setting next_dagrun for example_branch_labels to 2024-09-02T00:00:00+00:00, run_after=2024-09-03T00:00:00+00:00
[2024-09-03T11:45:44.144+0000] {processor.py:179} INFO - Processing /home/airflow-vm/data-engineer-batch-processing-financial-services/.venv/lib/python3.10/site-packages/airflow/example_dags/example_branch_labels.py took 0.077 seconds
[2024-09-03T11:50:40.172+0000] {processor.py:157} INFO - Started process (PID=29672) to work on /home/airflow-vm/data-engineer-batch-processing-financial-services/.venv/lib/python3.10/site-packages/airflow/example_dags/example_branch_labels.py
[2024-09-03T11:50:40.173+0000] {processor.py:826} INFO - Processing file /home/airflow-vm/data-engineer-batch-processing-financial-services/.venv/lib/python3.10/site-packages/airflow/example_dags/example_branch_labels.py for tasks to queue
[2024-09-03T11:50:40.174+0000] {logging_mixin.py:149} INFO - [2024-09-03T11:50:40.174+0000] {dagbag.py:541} INFO - Filling up the DagBag from /home/airflow-vm/data-engineer-batch-processing-financial-services/.venv/lib/python3.10/site-packages/airflow/example_dags/example_branch_labels.py
[2024-09-03T11:50:40.182+0000] {processor.py:836} INFO - DAG(s) dict_keys(['example_branch_labels']) retrieved from /home/airflow-vm/data-engineer-batch-processing-financial-services/.venv/lib/python3.10/site-packages/airflow/example_dags/example_branch_labels.py
[2024-09-03T11:50:40.201+0000] {logging_mixin.py:149} INFO - [2024-09-03T11:50:40.201+0000] {dag.py:2726} INFO - Sync 1 DAGs
[2024-09-03T11:50:40.222+0000] {logging_mixin.py:149} INFO - [2024-09-03T11:50:40.222+0000] {dag.py:3486} INFO - Setting next_dagrun for example_branch_labels to 2024-09-02T00:00:00+00:00, run_after=2024-09-03T00:00:00+00:00
[2024-09-03T11:50:40.248+0000] {processor.py:179} INFO - Processing /home/airflow-vm/data-engineer-batch-processing-financial-services/.venv/lib/python3.10/site-packages/airflow/example_dags/example_branch_labels.py took 0.079 seconds
[2024-09-03T11:51:25.318+0000] {processor.py:157} INFO - Started process (PID=29720) to work on /home/airflow-vm/data-engineer-batch-processing-financial-services/.venv/lib/python3.10/site-packages/airflow/example_dags/example_branch_labels.py
[2024-09-03T11:51:25.318+0000] {processor.py:826} INFO - Processing file /home/airflow-vm/data-engineer-batch-processing-financial-services/.venv/lib/python3.10/site-packages/airflow/example_dags/example_branch_labels.py for tasks to queue
[2024-09-03T11:51:25.319+0000] {logging_mixin.py:149} INFO - [2024-09-03T11:51:25.319+0000] {dagbag.py:541} INFO - Filling up the DagBag from /home/airflow-vm/data-engineer-batch-processing-financial-services/.venv/lib/python3.10/site-packages/airflow/example_dags/example_branch_labels.py
[2024-09-03T11:51:25.326+0000] {processor.py:836} INFO - DAG(s) dict_keys(['example_branch_labels']) retrieved from /home/airflow-vm/data-engineer-batch-processing-financial-services/.venv/lib/python3.10/site-packages/airflow/example_dags/example_branch_labels.py
[2024-09-03T11:51:25.344+0000] {logging_mixin.py:149} INFO - [2024-09-03T11:51:25.344+0000] {dag.py:2726} INFO - Sync 1 DAGs
[2024-09-03T11:51:25.365+0000] {logging_mixin.py:149} INFO - [2024-09-03T11:51:25.365+0000] {dag.py:3486} INFO - Setting next_dagrun for example_branch_labels to 2024-09-02T00:00:00+00:00, run_after=2024-09-03T00:00:00+00:00
[2024-09-03T11:51:25.395+0000] {processor.py:179} INFO - Processing /home/airflow-vm/data-engineer-batch-processing-financial-services/.venv/lib/python3.10/site-packages/airflow/example_dags/example_branch_labels.py took 0.080 seconds
[2024-09-03T11:52:24.002+0000] {processor.py:157} INFO - Started process (PID=29783) to work on /home/airflow-vm/data-engineer-batch-processing-financial-services/.venv/lib/python3.10/site-packages/airflow/example_dags/example_branch_labels.py
[2024-09-03T11:52:24.002+0000] {processor.py:826} INFO - Processing file /home/airflow-vm/data-engineer-batch-processing-financial-services/.venv/lib/python3.10/site-packages/airflow/example_dags/example_branch_labels.py for tasks to queue
[2024-09-03T11:52:24.003+0000] {logging_mixin.py:149} INFO - [2024-09-03T11:52:24.003+0000] {dagbag.py:541} INFO - Filling up the DagBag from /home/airflow-vm/data-engineer-batch-processing-financial-services/.venv/lib/python3.10/site-packages/airflow/example_dags/example_branch_labels.py
[2024-09-03T11:52:24.010+0000] {processor.py:836} INFO - DAG(s) dict_keys(['example_branch_labels']) retrieved from /home/airflow-vm/data-engineer-batch-processing-financial-services/.venv/lib/python3.10/site-packages/airflow/example_dags/example_branch_labels.py
[2024-09-03T11:52:24.028+0000] {logging_mixin.py:149} INFO - [2024-09-03T11:52:24.028+0000] {dag.py:2726} INFO - Sync 1 DAGs
[2024-09-03T11:52:24.049+0000] {logging_mixin.py:149} INFO - [2024-09-03T11:52:24.048+0000] {dag.py:3486} INFO - Setting next_dagrun for example_branch_labels to 2024-09-02T00:00:00+00:00, run_after=2024-09-03T00:00:00+00:00
[2024-09-03T11:52:24.077+0000] {processor.py:179} INFO - Processing /home/airflow-vm/data-engineer-batch-processing-financial-services/.venv/lib/python3.10/site-packages/airflow/example_dags/example_branch_labels.py took 0.078 seconds
[2024-09-03T11:53:12.345+0000] {processor.py:157} INFO - Started process (PID=29834) to work on /home/airflow-vm/data-engineer-batch-processing-financial-services/.venv/lib/python3.10/site-packages/airflow/example_dags/example_branch_labels.py
[2024-09-03T11:53:12.345+0000] {processor.py:826} INFO - Processing file /home/airflow-vm/data-engineer-batch-processing-financial-services/.venv/lib/python3.10/site-packages/airflow/example_dags/example_branch_labels.py for tasks to queue
[2024-09-03T11:53:12.346+0000] {logging_mixin.py:149} INFO - [2024-09-03T11:53:12.346+0000] {dagbag.py:541} INFO - Filling up the DagBag from /home/airflow-vm/data-engineer-batch-processing-financial-services/.venv/lib/python3.10/site-packages/airflow/example_dags/example_branch_labels.py
[2024-09-03T11:53:12.353+0000] {processor.py:836} INFO - DAG(s) dict_keys(['example_branch_labels']) retrieved from /home/airflow-vm/data-engineer-batch-processing-financial-services/.venv/lib/python3.10/site-packages/airflow/example_dags/example_branch_labels.py
[2024-09-03T11:53:12.372+0000] {logging_mixin.py:149} INFO - [2024-09-03T11:53:12.372+0000] {dag.py:2726} INFO - Sync 1 DAGs
[2024-09-03T11:53:12.393+0000] {logging_mixin.py:149} INFO - [2024-09-03T11:53:12.393+0000] {dag.py:3486} INFO - Setting next_dagrun for example_branch_labels to 2024-09-02T00:00:00+00:00, run_after=2024-09-03T00:00:00+00:00
[2024-09-03T11:53:12.420+0000] {processor.py:179} INFO - Processing /home/airflow-vm/data-engineer-batch-processing-financial-services/.venv/lib/python3.10/site-packages/airflow/example_dags/example_branch_labels.py took 0.078 seconds
[2024-09-03T11:53:59.237+0000] {processor.py:157} INFO - Started process (PID=29909) to work on /home/airflow-vm/data-engineer-batch-processing-financial-services/.venv/lib/python3.10/site-packages/airflow/example_dags/example_branch_labels.py
[2024-09-03T11:53:59.238+0000] {processor.py:826} INFO - Processing file /home/airflow-vm/data-engineer-batch-processing-financial-services/.venv/lib/python3.10/site-packages/airflow/example_dags/example_branch_labels.py for tasks to queue
[2024-09-03T11:53:59.239+0000] {logging_mixin.py:149} INFO - [2024-09-03T11:53:59.238+0000] {dagbag.py:541} INFO - Filling up the DagBag from /home/airflow-vm/data-engineer-batch-processing-financial-services/.venv/lib/python3.10/site-packages/airflow/example_dags/example_branch_labels.py
[2024-09-03T11:53:59.246+0000] {processor.py:836} INFO - DAG(s) dict_keys(['example_branch_labels']) retrieved from /home/airflow-vm/data-engineer-batch-processing-financial-services/.venv/lib/python3.10/site-packages/airflow/example_dags/example_branch_labels.py
[2024-09-03T11:53:59.267+0000] {logging_mixin.py:149} INFO - [2024-09-03T11:53:59.266+0000] {dag.py:2726} INFO - Sync 1 DAGs
[2024-09-03T11:53:59.289+0000] {logging_mixin.py:149} INFO - [2024-09-03T11:53:59.289+0000] {dag.py:3486} INFO - Setting next_dagrun for example_branch_labels to 2024-09-02T00:00:00+00:00, run_after=2024-09-03T00:00:00+00:00
[2024-09-03T11:53:59.321+0000] {processor.py:179} INFO - Processing /home/airflow-vm/data-engineer-batch-processing-financial-services/.venv/lib/python3.10/site-packages/airflow/example_dags/example_branch_labels.py took 0.087 seconds
[2024-09-03T11:54:49.531+0000] {processor.py:157} INFO - Started process (PID=29965) to work on /home/airflow-vm/data-engineer-batch-processing-financial-services/.venv/lib/python3.10/site-packages/airflow/example_dags/example_branch_labels.py
[2024-09-03T11:54:49.532+0000] {processor.py:826} INFO - Processing file /home/airflow-vm/data-engineer-batch-processing-financial-services/.venv/lib/python3.10/site-packages/airflow/example_dags/example_branch_labels.py for tasks to queue
[2024-09-03T11:54:49.533+0000] {logging_mixin.py:149} INFO - [2024-09-03T11:54:49.532+0000] {dagbag.py:541} INFO - Filling up the DagBag from /home/airflow-vm/data-engineer-batch-processing-financial-services/.venv/lib/python3.10/site-packages/airflow/example_dags/example_branch_labels.py
[2024-09-03T11:54:49.539+0000] {processor.py:836} INFO - DAG(s) dict_keys(['example_branch_labels']) retrieved from /home/airflow-vm/data-engineer-batch-processing-financial-services/.venv/lib/python3.10/site-packages/airflow/example_dags/example_branch_labels.py
[2024-09-03T11:54:49.558+0000] {logging_mixin.py:149} INFO - [2024-09-03T11:54:49.558+0000] {dag.py:2726} INFO - Sync 1 DAGs
[2024-09-03T11:54:49.580+0000] {logging_mixin.py:149} INFO - [2024-09-03T11:54:49.580+0000] {dag.py:3486} INFO - Setting next_dagrun for example_branch_labels to 2024-09-02T00:00:00+00:00, run_after=2024-09-03T00:00:00+00:00
[2024-09-03T11:54:49.608+0000] {processor.py:179} INFO - Processing /home/airflow-vm/data-engineer-batch-processing-financial-services/.venv/lib/python3.10/site-packages/airflow/example_dags/example_branch_labels.py took 0.079 seconds
[2024-09-03T11:55:33.533+0000] {processor.py:157} INFO - Started process (PID=30015) to work on /home/airflow-vm/data-engineer-batch-processing-financial-services/.venv/lib/python3.10/site-packages/airflow/example_dags/example_branch_labels.py
[2024-09-03T11:55:33.534+0000] {processor.py:826} INFO - Processing file /home/airflow-vm/data-engineer-batch-processing-financial-services/.venv/lib/python3.10/site-packages/airflow/example_dags/example_branch_labels.py for tasks to queue
[2024-09-03T11:55:33.535+0000] {logging_mixin.py:149} INFO - [2024-09-03T11:55:33.535+0000] {dagbag.py:541} INFO - Filling up the DagBag from /home/airflow-vm/data-engineer-batch-processing-financial-services/.venv/lib/python3.10/site-packages/airflow/example_dags/example_branch_labels.py
[2024-09-03T11:55:33.542+0000] {processor.py:836} INFO - DAG(s) dict_keys(['example_branch_labels']) retrieved from /home/airflow-vm/data-engineer-batch-processing-financial-services/.venv/lib/python3.10/site-packages/airflow/example_dags/example_branch_labels.py
[2024-09-03T11:55:33.562+0000] {logging_mixin.py:149} INFO - [2024-09-03T11:55:33.562+0000] {dag.py:2726} INFO - Sync 1 DAGs
[2024-09-03T11:55:33.585+0000] {logging_mixin.py:149} INFO - [2024-09-03T11:55:33.585+0000] {dag.py:3486} INFO - Setting next_dagrun for example_branch_labels to 2024-09-02T00:00:00+00:00, run_after=2024-09-03T00:00:00+00:00
[2024-09-03T11:55:33.612+0000] {processor.py:179} INFO - Processing /home/airflow-vm/data-engineer-batch-processing-financial-services/.venv/lib/python3.10/site-packages/airflow/example_dags/example_branch_labels.py took 0.081 seconds
[2024-09-03T11:56:21.389+0000] {processor.py:157} INFO - Started process (PID=30064) to work on /home/airflow-vm/data-engineer-batch-processing-financial-services/.venv/lib/python3.10/site-packages/airflow/example_dags/example_branch_labels.py
[2024-09-03T11:56:21.390+0000] {processor.py:826} INFO - Processing file /home/airflow-vm/data-engineer-batch-processing-financial-services/.venv/lib/python3.10/site-packages/airflow/example_dags/example_branch_labels.py for tasks to queue
[2024-09-03T11:56:21.391+0000] {logging_mixin.py:149} INFO - [2024-09-03T11:56:21.390+0000] {dagbag.py:541} INFO - Filling up the DagBag from /home/airflow-vm/data-engineer-batch-processing-financial-services/.venv/lib/python3.10/site-packages/airflow/example_dags/example_branch_labels.py
[2024-09-03T11:56:21.398+0000] {processor.py:836} INFO - DAG(s) dict_keys(['example_branch_labels']) retrieved from /home/airflow-vm/data-engineer-batch-processing-financial-services/.venv/lib/python3.10/site-packages/airflow/example_dags/example_branch_labels.py
[2024-09-03T11:56:21.418+0000] {logging_mixin.py:149} INFO - [2024-09-03T11:56:21.418+0000] {dag.py:2726} INFO - Sync 1 DAGs
[2024-09-03T11:56:21.439+0000] {logging_mixin.py:149} INFO - [2024-09-03T11:56:21.439+0000] {dag.py:3486} INFO - Setting next_dagrun for example_branch_labels to 2024-09-02T00:00:00+00:00, run_after=2024-09-03T00:00:00+00:00
[2024-09-03T11:56:21.472+0000] {processor.py:179} INFO - Processing /home/airflow-vm/data-engineer-batch-processing-financial-services/.venv/lib/python3.10/site-packages/airflow/example_dags/example_branch_labels.py took 0.086 seconds
