[2024-09-03T10:58:11.715+0000] {processor.py:157} INFO - Started process (PID=3482) to work on /home/airflow-vm/data-engineer-batch-processing-financial-services/.venv/lib/python3.10/site-packages/airflow/example_dags/example_sla_dag.py
[2024-09-03T10:58:11.716+0000] {processor.py:826} INFO - Processing file /home/airflow-vm/data-engineer-batch-processing-financial-services/.venv/lib/python3.10/site-packages/airflow/example_dags/example_sla_dag.py for tasks to queue
[2024-09-03T10:58:11.717+0000] {logging_mixin.py:149} INFO - [2024-09-03T10:58:11.717+0000] {dagbag.py:541} INFO - Filling up the DagBag from /home/airflow-vm/data-engineer-batch-processing-financial-services/.venv/lib/python3.10/site-packages/airflow/example_dags/example_sla_dag.py
[2024-09-03T10:58:11.730+0000] {processor.py:836} INFO - DAG(s) dict_keys(['example_sla_dag']) retrieved from /home/airflow-vm/data-engineer-batch-processing-financial-services/.venv/lib/python3.10/site-packages/airflow/example_dags/example_sla_dag.py
[2024-09-03T10:58:11.748+0000] {logging_mixin.py:149} INFO - [2024-09-03T10:58:11.748+0000] {dag.py:2726} INFO - Sync 1 DAGs
[2024-09-03T10:58:11.772+0000] {logging_mixin.py:149} INFO - [2024-09-03T10:58:11.772+0000] {dag.py:3486} INFO - Setting next_dagrun for example_sla_dag to 2024-09-03T10:56:00+00:00, run_after=2024-09-03T10:58:00+00:00
[2024-09-03T10:58:11.799+0000] {processor.py:179} INFO - Processing /home/airflow-vm/data-engineer-batch-processing-financial-services/.venv/lib/python3.10/site-packages/airflow/example_dags/example_sla_dag.py took 0.088 seconds
[2024-09-03T10:58:57.878+0000] {processor.py:157} INFO - Started process (PID=3777) to work on /home/airflow-vm/data-engineer-batch-processing-financial-services/.venv/lib/python3.10/site-packages/airflow/example_dags/example_sla_dag.py
[2024-09-03T10:58:57.879+0000] {processor.py:826} INFO - Processing file /home/airflow-vm/data-engineer-batch-processing-financial-services/.venv/lib/python3.10/site-packages/airflow/example_dags/example_sla_dag.py for tasks to queue
[2024-09-03T10:58:57.879+0000] {logging_mixin.py:149} INFO - [2024-09-03T10:58:57.879+0000] {dagbag.py:541} INFO - Filling up the DagBag from /home/airflow-vm/data-engineer-batch-processing-financial-services/.venv/lib/python3.10/site-packages/airflow/example_dags/example_sla_dag.py
[2024-09-03T10:58:57.887+0000] {processor.py:836} INFO - DAG(s) dict_keys(['example_sla_dag']) retrieved from /home/airflow-vm/data-engineer-batch-processing-financial-services/.venv/lib/python3.10/site-packages/airflow/example_dags/example_sla_dag.py
[2024-09-03T10:58:57.904+0000] {logging_mixin.py:149} INFO - [2024-09-03T10:58:57.904+0000] {dag.py:2726} INFO - Sync 1 DAGs
[2024-09-03T10:58:57.927+0000] {logging_mixin.py:149} INFO - [2024-09-03T10:58:57.927+0000] {dag.py:3486} INFO - Setting next_dagrun for example_sla_dag to 2024-09-03T10:56:00+00:00, run_after=2024-09-03T10:58:00+00:00
[2024-09-03T10:58:57.957+0000] {processor.py:179} INFO - Processing /home/airflow-vm/data-engineer-batch-processing-financial-services/.venv/lib/python3.10/site-packages/airflow/example_dags/example_sla_dag.py took 0.082 seconds
[2024-09-03T10:59:43.361+0000] {processor.py:157} INFO - Started process (PID=3874) to work on /home/airflow-vm/data-engineer-batch-processing-financial-services/.venv/lib/python3.10/site-packages/airflow/example_dags/example_sla_dag.py
[2024-09-03T10:59:43.362+0000] {processor.py:826} INFO - Processing file /home/airflow-vm/data-engineer-batch-processing-financial-services/.venv/lib/python3.10/site-packages/airflow/example_dags/example_sla_dag.py for tasks to queue
[2024-09-03T10:59:43.362+0000] {logging_mixin.py:149} INFO - [2024-09-03T10:59:43.362+0000] {dagbag.py:541} INFO - Filling up the DagBag from /home/airflow-vm/data-engineer-batch-processing-financial-services/.venv/lib/python3.10/site-packages/airflow/example_dags/example_sla_dag.py
[2024-09-03T10:59:43.370+0000] {processor.py:836} INFO - DAG(s) dict_keys(['example_sla_dag']) retrieved from /home/airflow-vm/data-engineer-batch-processing-financial-services/.venv/lib/python3.10/site-packages/airflow/example_dags/example_sla_dag.py
[2024-09-03T10:59:43.388+0000] {logging_mixin.py:149} INFO - [2024-09-03T10:59:43.388+0000] {dag.py:2726} INFO - Sync 1 DAGs
[2024-09-03T10:59:43.410+0000] {logging_mixin.py:149} INFO - [2024-09-03T10:59:43.410+0000] {dag.py:3486} INFO - Setting next_dagrun for example_sla_dag to 2024-09-03T10:56:00+00:00, run_after=2024-09-03T10:58:00+00:00
[2024-09-03T10:59:43.437+0000] {processor.py:179} INFO - Processing /home/airflow-vm/data-engineer-batch-processing-financial-services/.venv/lib/python3.10/site-packages/airflow/example_dags/example_sla_dag.py took 0.079 seconds
[2024-09-03T11:00:29.829+0000] {processor.py:157} INFO - Started process (PID=4344) to work on /home/airflow-vm/data-engineer-batch-processing-financial-services/.venv/lib/python3.10/site-packages/airflow/example_dags/example_sla_dag.py
[2024-09-03T11:00:29.829+0000] {processor.py:826} INFO - Processing file /home/airflow-vm/data-engineer-batch-processing-financial-services/.venv/lib/python3.10/site-packages/airflow/example_dags/example_sla_dag.py for tasks to queue
[2024-09-03T11:00:29.830+0000] {logging_mixin.py:149} INFO - [2024-09-03T11:00:29.830+0000] {dagbag.py:541} INFO - Filling up the DagBag from /home/airflow-vm/data-engineer-batch-processing-financial-services/.venv/lib/python3.10/site-packages/airflow/example_dags/example_sla_dag.py
[2024-09-03T11:00:29.838+0000] {processor.py:836} INFO - DAG(s) dict_keys(['example_sla_dag']) retrieved from /home/airflow-vm/data-engineer-batch-processing-financial-services/.venv/lib/python3.10/site-packages/airflow/example_dags/example_sla_dag.py
[2024-09-03T11:00:29.855+0000] {logging_mixin.py:149} INFO - [2024-09-03T11:00:29.855+0000] {dag.py:2726} INFO - Sync 1 DAGs
[2024-09-03T11:00:29.882+0000] {logging_mixin.py:149} INFO - [2024-09-03T11:00:29.881+0000] {dag.py:3486} INFO - Setting next_dagrun for example_sla_dag to 2024-09-03T10:58:00+00:00, run_after=2024-09-03T11:00:00+00:00
[2024-09-03T11:00:29.908+0000] {processor.py:179} INFO - Processing /home/airflow-vm/data-engineer-batch-processing-financial-services/.venv/lib/python3.10/site-packages/airflow/example_dags/example_sla_dag.py took 0.082 seconds
[2024-09-03T11:01:16.795+0000] {processor.py:157} INFO - Started process (PID=4675) to work on /home/airflow-vm/data-engineer-batch-processing-financial-services/.venv/lib/python3.10/site-packages/airflow/example_dags/example_sla_dag.py
[2024-09-03T11:01:16.796+0000] {processor.py:826} INFO - Processing file /home/airflow-vm/data-engineer-batch-processing-financial-services/.venv/lib/python3.10/site-packages/airflow/example_dags/example_sla_dag.py for tasks to queue
[2024-09-03T11:01:16.796+0000] {logging_mixin.py:149} INFO - [2024-09-03T11:01:16.796+0000] {dagbag.py:541} INFO - Filling up the DagBag from /home/airflow-vm/data-engineer-batch-processing-financial-services/.venv/lib/python3.10/site-packages/airflow/example_dags/example_sla_dag.py
[2024-09-03T11:01:16.804+0000] {processor.py:836} INFO - DAG(s) dict_keys(['example_sla_dag']) retrieved from /home/airflow-vm/data-engineer-batch-processing-financial-services/.venv/lib/python3.10/site-packages/airflow/example_dags/example_sla_dag.py
[2024-09-03T11:01:16.820+0000] {logging_mixin.py:149} INFO - [2024-09-03T11:01:16.820+0000] {dag.py:2726} INFO - Sync 1 DAGs
[2024-09-03T11:01:16.843+0000] {logging_mixin.py:149} INFO - [2024-09-03T11:01:16.842+0000] {dag.py:3486} INFO - Setting next_dagrun for example_sla_dag to 2024-09-03T10:58:00+00:00, run_after=2024-09-03T11:00:00+00:00
[2024-09-03T11:01:16.870+0000] {processor.py:179} INFO - Processing /home/airflow-vm/data-engineer-batch-processing-financial-services/.venv/lib/python3.10/site-packages/airflow/example_dags/example_sla_dag.py took 0.078 seconds
[2024-09-03T11:02:00.567+0000] {processor.py:157} INFO - Started process (PID=4791) to work on /home/airflow-vm/data-engineer-batch-processing-financial-services/.venv/lib/python3.10/site-packages/airflow/example_dags/example_sla_dag.py
[2024-09-03T11:02:00.567+0000] {processor.py:826} INFO - Processing file /home/airflow-vm/data-engineer-batch-processing-financial-services/.venv/lib/python3.10/site-packages/airflow/example_dags/example_sla_dag.py for tasks to queue
[2024-09-03T11:02:00.568+0000] {logging_mixin.py:149} INFO - [2024-09-03T11:02:00.568+0000] {dagbag.py:541} INFO - Filling up the DagBag from /home/airflow-vm/data-engineer-batch-processing-financial-services/.venv/lib/python3.10/site-packages/airflow/example_dags/example_sla_dag.py
[2024-09-03T11:02:00.576+0000] {processor.py:836} INFO - DAG(s) dict_keys(['example_sla_dag']) retrieved from /home/airflow-vm/data-engineer-batch-processing-financial-services/.venv/lib/python3.10/site-packages/airflow/example_dags/example_sla_dag.py
[2024-09-03T11:02:00.594+0000] {logging_mixin.py:149} INFO - [2024-09-03T11:02:00.594+0000] {dag.py:2726} INFO - Sync 1 DAGs
[2024-09-03T11:02:00.616+0000] {logging_mixin.py:149} INFO - [2024-09-03T11:02:00.616+0000] {dag.py:3486} INFO - Setting next_dagrun for example_sla_dag to 2024-09-03T11:00:00+00:00, run_after=2024-09-03T11:02:00+00:00
[2024-09-03T11:02:00.642+0000] {processor.py:179} INFO - Processing /home/airflow-vm/data-engineer-batch-processing-financial-services/.venv/lib/python3.10/site-packages/airflow/example_dags/example_sla_dag.py took 0.078 seconds
[2024-09-03T11:02:47.207+0000] {processor.py:157} INFO - Started process (PID=4931) to work on /home/airflow-vm/data-engineer-batch-processing-financial-services/.venv/lib/python3.10/site-packages/airflow/example_dags/example_sla_dag.py
[2024-09-03T11:02:47.208+0000] {processor.py:826} INFO - Processing file /home/airflow-vm/data-engineer-batch-processing-financial-services/.venv/lib/python3.10/site-packages/airflow/example_dags/example_sla_dag.py for tasks to queue
[2024-09-03T11:02:47.208+0000] {logging_mixin.py:149} INFO - [2024-09-03T11:02:47.208+0000] {dagbag.py:541} INFO - Filling up the DagBag from /home/airflow-vm/data-engineer-batch-processing-financial-services/.venv/lib/python3.10/site-packages/airflow/example_dags/example_sla_dag.py
[2024-09-03T11:02:47.216+0000] {processor.py:836} INFO - DAG(s) dict_keys(['example_sla_dag']) retrieved from /home/airflow-vm/data-engineer-batch-processing-financial-services/.venv/lib/python3.10/site-packages/airflow/example_dags/example_sla_dag.py
[2024-09-03T11:02:47.232+0000] {logging_mixin.py:149} INFO - [2024-09-03T11:02:47.232+0000] {dag.py:2726} INFO - Sync 1 DAGs
[2024-09-03T11:02:47.255+0000] {logging_mixin.py:149} INFO - [2024-09-03T11:02:47.255+0000] {dag.py:3486} INFO - Setting next_dagrun for example_sla_dag to 2024-09-03T11:00:00+00:00, run_after=2024-09-03T11:02:00+00:00
[2024-09-03T11:02:47.284+0000] {processor.py:179} INFO - Processing /home/airflow-vm/data-engineer-batch-processing-financial-services/.venv/lib/python3.10/site-packages/airflow/example_dags/example_sla_dag.py took 0.080 seconds
[2024-09-03T11:04:08.559+0000] {processor.py:157} INFO - Started process (PID=5727) to work on /home/airflow-vm/data-engineer-batch-processing-financial-services/.venv/lib/python3.10/site-packages/airflow/example_dags/example_sla_dag.py
[2024-09-03T11:04:08.560+0000] {processor.py:826} INFO - Processing file /home/airflow-vm/data-engineer-batch-processing-financial-services/.venv/lib/python3.10/site-packages/airflow/example_dags/example_sla_dag.py for tasks to queue
[2024-09-03T11:04:08.561+0000] {logging_mixin.py:149} INFO - [2024-09-03T11:04:08.560+0000] {dagbag.py:541} INFO - Filling up the DagBag from /home/airflow-vm/data-engineer-batch-processing-financial-services/.venv/lib/python3.10/site-packages/airflow/example_dags/example_sla_dag.py
[2024-09-03T11:04:08.569+0000] {processor.py:836} INFO - DAG(s) dict_keys(['example_sla_dag']) retrieved from /home/airflow-vm/data-engineer-batch-processing-financial-services/.venv/lib/python3.10/site-packages/airflow/example_dags/example_sla_dag.py
[2024-09-03T11:04:08.587+0000] {logging_mixin.py:149} INFO - [2024-09-03T11:04:08.586+0000] {dag.py:2726} INFO - Sync 1 DAGs
[2024-09-03T11:04:08.609+0000] {logging_mixin.py:149} INFO - [2024-09-03T11:04:08.609+0000] {dag.py:3486} INFO - Setting next_dagrun for example_sla_dag to 2024-09-03T11:02:00+00:00, run_after=2024-09-03T11:04:00+00:00
[2024-09-03T11:04:08.637+0000] {processor.py:179} INFO - Processing /home/airflow-vm/data-engineer-batch-processing-financial-services/.venv/lib/python3.10/site-packages/airflow/example_dags/example_sla_dag.py took 0.081 seconds
[2024-09-03T11:07:17.482+0000] {processor.py:157} INFO - Started process (PID=7253) to work on /home/airflow-vm/data-engineer-batch-processing-financial-services/.venv/lib/python3.10/site-packages/airflow/example_dags/example_sla_dag.py
[2024-09-03T11:07:17.483+0000] {processor.py:826} INFO - Processing file /home/airflow-vm/data-engineer-batch-processing-financial-services/.venv/lib/python3.10/site-packages/airflow/example_dags/example_sla_dag.py for tasks to queue
[2024-09-03T11:07:17.483+0000] {logging_mixin.py:149} INFO - [2024-09-03T11:07:17.483+0000] {dagbag.py:541} INFO - Filling up the DagBag from /home/airflow-vm/data-engineer-batch-processing-financial-services/.venv/lib/python3.10/site-packages/airflow/example_dags/example_sla_dag.py
[2024-09-03T11:07:17.491+0000] {processor.py:836} INFO - DAG(s) dict_keys(['example_sla_dag']) retrieved from /home/airflow-vm/data-engineer-batch-processing-financial-services/.venv/lib/python3.10/site-packages/airflow/example_dags/example_sla_dag.py
[2024-09-03T11:07:17.508+0000] {logging_mixin.py:149} INFO - [2024-09-03T11:07:17.508+0000] {dag.py:2726} INFO - Sync 1 DAGs
[2024-09-03T11:07:17.531+0000] {logging_mixin.py:149} INFO - [2024-09-03T11:07:17.531+0000] {dag.py:3486} INFO - Setting next_dagrun for example_sla_dag to 2024-09-03T11:04:00+00:00, run_after=2024-09-03T11:06:00+00:00
[2024-09-03T11:07:17.558+0000] {processor.py:179} INFO - Processing /home/airflow-vm/data-engineer-batch-processing-financial-services/.venv/lib/python3.10/site-packages/airflow/example_dags/example_sla_dag.py took 0.079 seconds
[2024-09-03T11:09:22.391+0000] {processor.py:157} INFO - Started process (PID=8118) to work on /home/airflow-vm/data-engineer-batch-processing-financial-services/.venv/lib/python3.10/site-packages/airflow/example_dags/example_sla_dag.py
[2024-09-03T11:09:22.392+0000] {processor.py:826} INFO - Processing file /home/airflow-vm/data-engineer-batch-processing-financial-services/.venv/lib/python3.10/site-packages/airflow/example_dags/example_sla_dag.py for tasks to queue
[2024-09-03T11:09:22.393+0000] {logging_mixin.py:149} INFO - [2024-09-03T11:09:22.392+0000] {dagbag.py:541} INFO - Filling up the DagBag from /home/airflow-vm/data-engineer-batch-processing-financial-services/.venv/lib/python3.10/site-packages/airflow/example_dags/example_sla_dag.py
[2024-09-03T11:09:22.401+0000] {processor.py:836} INFO - DAG(s) dict_keys(['example_sla_dag']) retrieved from /home/airflow-vm/data-engineer-batch-processing-financial-services/.venv/lib/python3.10/site-packages/airflow/example_dags/example_sla_dag.py
[2024-09-03T11:09:22.420+0000] {logging_mixin.py:149} INFO - [2024-09-03T11:09:22.420+0000] {dag.py:2726} INFO - Sync 1 DAGs
[2024-09-03T11:09:22.446+0000] {logging_mixin.py:149} INFO - [2024-09-03T11:09:22.445+0000] {dag.py:3486} INFO - Setting next_dagrun for example_sla_dag to 2024-09-03T11:06:00+00:00, run_after=2024-09-03T11:08:00+00:00
[2024-09-03T11:09:22.476+0000] {processor.py:179} INFO - Processing /home/airflow-vm/data-engineer-batch-processing-financial-services/.venv/lib/python3.10/site-packages/airflow/example_dags/example_sla_dag.py took 0.088 seconds
[2024-09-03T11:11:29.369+0000] {processor.py:157} INFO - Started process (PID=9002) to work on /home/airflow-vm/data-engineer-batch-processing-financial-services/.venv/lib/python3.10/site-packages/airflow/example_dags/example_sla_dag.py
[2024-09-03T11:11:29.370+0000] {processor.py:826} INFO - Processing file /home/airflow-vm/data-engineer-batch-processing-financial-services/.venv/lib/python3.10/site-packages/airflow/example_dags/example_sla_dag.py for tasks to queue
[2024-09-03T11:11:29.370+0000] {logging_mixin.py:149} INFO - [2024-09-03T11:11:29.370+0000] {dagbag.py:541} INFO - Filling up the DagBag from /home/airflow-vm/data-engineer-batch-processing-financial-services/.venv/lib/python3.10/site-packages/airflow/example_dags/example_sla_dag.py
[2024-09-03T11:11:29.379+0000] {processor.py:836} INFO - DAG(s) dict_keys(['example_sla_dag']) retrieved from /home/airflow-vm/data-engineer-batch-processing-financial-services/.venv/lib/python3.10/site-packages/airflow/example_dags/example_sla_dag.py
[2024-09-03T11:11:29.396+0000] {logging_mixin.py:149} INFO - [2024-09-03T11:11:29.396+0000] {dag.py:2726} INFO - Sync 1 DAGs
[2024-09-03T11:11:29.420+0000] {logging_mixin.py:149} INFO - [2024-09-03T11:11:29.419+0000] {dag.py:3486} INFO - Setting next_dagrun for example_sla_dag to 2024-09-03T11:08:00+00:00, run_after=2024-09-03T11:10:00+00:00
[2024-09-03T11:11:29.446+0000] {processor.py:179} INFO - Processing /home/airflow-vm/data-engineer-batch-processing-financial-services/.venv/lib/python3.10/site-packages/airflow/example_dags/example_sla_dag.py took 0.081 seconds
[2024-09-03T11:13:37.696+0000] {processor.py:157} INFO - Started process (PID=9898) to work on /home/airflow-vm/data-engineer-batch-processing-financial-services/.venv/lib/python3.10/site-packages/airflow/example_dags/example_sla_dag.py
[2024-09-03T11:13:37.696+0000] {processor.py:826} INFO - Processing file /home/airflow-vm/data-engineer-batch-processing-financial-services/.venv/lib/python3.10/site-packages/airflow/example_dags/example_sla_dag.py for tasks to queue
[2024-09-03T11:13:37.697+0000] {logging_mixin.py:149} INFO - [2024-09-03T11:13:37.697+0000] {dagbag.py:541} INFO - Filling up the DagBag from /home/airflow-vm/data-engineer-batch-processing-financial-services/.venv/lib/python3.10/site-packages/airflow/example_dags/example_sla_dag.py
[2024-09-03T11:13:37.705+0000] {processor.py:836} INFO - DAG(s) dict_keys(['example_sla_dag']) retrieved from /home/airflow-vm/data-engineer-batch-processing-financial-services/.venv/lib/python3.10/site-packages/airflow/example_dags/example_sla_dag.py
[2024-09-03T11:13:37.722+0000] {logging_mixin.py:149} INFO - [2024-09-03T11:13:37.722+0000] {dag.py:2726} INFO - Sync 1 DAGs
[2024-09-03T11:13:37.746+0000] {logging_mixin.py:149} INFO - [2024-09-03T11:13:37.746+0000] {dag.py:3486} INFO - Setting next_dagrun for example_sla_dag to 2024-09-03T11:10:00+00:00, run_after=2024-09-03T11:12:00+00:00
[2024-09-03T11:13:37.775+0000] {processor.py:179} INFO - Processing /home/airflow-vm/data-engineer-batch-processing-financial-services/.venv/lib/python3.10/site-packages/airflow/example_dags/example_sla_dag.py took 0.082 seconds
[2024-09-03T11:15:45.768+0000] {processor.py:157} INFO - Started process (PID=11010) to work on /home/airflow-vm/data-engineer-batch-processing-financial-services/.venv/lib/python3.10/site-packages/airflow/example_dags/example_sla_dag.py
[2024-09-03T11:15:45.769+0000] {processor.py:826} INFO - Processing file /home/airflow-vm/data-engineer-batch-processing-financial-services/.venv/lib/python3.10/site-packages/airflow/example_dags/example_sla_dag.py for tasks to queue
[2024-09-03T11:15:45.770+0000] {logging_mixin.py:149} INFO - [2024-09-03T11:15:45.770+0000] {dagbag.py:541} INFO - Filling up the DagBag from /home/airflow-vm/data-engineer-batch-processing-financial-services/.venv/lib/python3.10/site-packages/airflow/example_dags/example_sla_dag.py
[2024-09-03T11:15:45.778+0000] {processor.py:836} INFO - DAG(s) dict_keys(['example_sla_dag']) retrieved from /home/airflow-vm/data-engineer-batch-processing-financial-services/.venv/lib/python3.10/site-packages/airflow/example_dags/example_sla_dag.py
[2024-09-03T11:15:45.796+0000] {logging_mixin.py:149} INFO - [2024-09-03T11:15:45.796+0000] {dag.py:2726} INFO - Sync 1 DAGs
[2024-09-03T11:15:45.824+0000] {logging_mixin.py:149} INFO - [2024-09-03T11:15:45.824+0000] {dag.py:3486} INFO - Setting next_dagrun for example_sla_dag to 2024-09-03T11:12:00+00:00, run_after=2024-09-03T11:14:00+00:00
[2024-09-03T11:15:45.874+0000] {processor.py:179} INFO - Processing /home/airflow-vm/data-engineer-batch-processing-financial-services/.venv/lib/python3.10/site-packages/airflow/example_dags/example_sla_dag.py took 0.108 seconds
[2024-09-03T11:18:05.955+0000] {processor.py:157} INFO - Started process (PID=12187) to work on /home/airflow-vm/data-engineer-batch-processing-financial-services/.venv/lib/python3.10/site-packages/airflow/example_dags/example_sla_dag.py
[2024-09-03T11:18:05.956+0000] {processor.py:826} INFO - Processing file /home/airflow-vm/data-engineer-batch-processing-financial-services/.venv/lib/python3.10/site-packages/airflow/example_dags/example_sla_dag.py for tasks to queue
[2024-09-03T11:18:05.956+0000] {logging_mixin.py:149} INFO - [2024-09-03T11:18:05.956+0000] {dagbag.py:541} INFO - Filling up the DagBag from /home/airflow-vm/data-engineer-batch-processing-financial-services/.venv/lib/python3.10/site-packages/airflow/example_dags/example_sla_dag.py
[2024-09-03T11:18:05.964+0000] {processor.py:836} INFO - DAG(s) dict_keys(['example_sla_dag']) retrieved from /home/airflow-vm/data-engineer-batch-processing-financial-services/.venv/lib/python3.10/site-packages/airflow/example_dags/example_sla_dag.py
[2024-09-03T11:18:05.982+0000] {logging_mixin.py:149} INFO - [2024-09-03T11:18:05.981+0000] {dag.py:2726} INFO - Sync 1 DAGs
[2024-09-03T11:18:06.005+0000] {logging_mixin.py:149} INFO - [2024-09-03T11:18:06.005+0000] {dag.py:3486} INFO - Setting next_dagrun for example_sla_dag to 2024-09-03T11:16:00+00:00, run_after=2024-09-03T11:18:00+00:00
[2024-09-03T11:18:06.032+0000] {processor.py:179} INFO - Processing /home/airflow-vm/data-engineer-batch-processing-financial-services/.venv/lib/python3.10/site-packages/airflow/example_dags/example_sla_dag.py took 0.079 seconds
[2024-09-03T11:20:44.694+0000] {processor.py:157} INFO - Started process (PID=13675) to work on /home/airflow-vm/data-engineer-batch-processing-financial-services/.venv/lib/python3.10/site-packages/airflow/example_dags/example_sla_dag.py
[2024-09-03T11:20:44.695+0000] {processor.py:826} INFO - Processing file /home/airflow-vm/data-engineer-batch-processing-financial-services/.venv/lib/python3.10/site-packages/airflow/example_dags/example_sla_dag.py for tasks to queue
[2024-09-03T11:20:44.696+0000] {logging_mixin.py:149} INFO - [2024-09-03T11:20:44.696+0000] {dagbag.py:541} INFO - Filling up the DagBag from /home/airflow-vm/data-engineer-batch-processing-financial-services/.venv/lib/python3.10/site-packages/airflow/example_dags/example_sla_dag.py
[2024-09-03T11:20:44.703+0000] {processor.py:836} INFO - DAG(s) dict_keys(['example_sla_dag']) retrieved from /home/airflow-vm/data-engineer-batch-processing-financial-services/.venv/lib/python3.10/site-packages/airflow/example_dags/example_sla_dag.py
[2024-09-03T11:20:44.720+0000] {logging_mixin.py:149} INFO - [2024-09-03T11:20:44.720+0000] {dag.py:2726} INFO - Sync 1 DAGs
[2024-09-03T11:20:44.743+0000] {logging_mixin.py:149} INFO - [2024-09-03T11:20:44.743+0000] {dag.py:3486} INFO - Setting next_dagrun for example_sla_dag to 2024-09-03T11:18:00+00:00, run_after=2024-09-03T11:20:00+00:00
[2024-09-03T11:20:44.790+0000] {processor.py:179} INFO - Processing /home/airflow-vm/data-engineer-batch-processing-financial-services/.venv/lib/python3.10/site-packages/airflow/example_dags/example_sla_dag.py took 0.098 seconds
[2024-09-03T11:23:45.341+0000] {processor.py:157} INFO - Started process (PID=15130) to work on /home/airflow-vm/data-engineer-batch-processing-financial-services/.venv/lib/python3.10/site-packages/airflow/example_dags/example_sla_dag.py
[2024-09-03T11:23:45.342+0000] {processor.py:826} INFO - Processing file /home/airflow-vm/data-engineer-batch-processing-financial-services/.venv/lib/python3.10/site-packages/airflow/example_dags/example_sla_dag.py for tasks to queue
[2024-09-03T11:23:45.343+0000] {logging_mixin.py:149} INFO - [2024-09-03T11:23:45.343+0000] {dagbag.py:541} INFO - Filling up the DagBag from /home/airflow-vm/data-engineer-batch-processing-financial-services/.venv/lib/python3.10/site-packages/airflow/example_dags/example_sla_dag.py
[2024-09-03T11:23:45.351+0000] {processor.py:836} INFO - DAG(s) dict_keys(['example_sla_dag']) retrieved from /home/airflow-vm/data-engineer-batch-processing-financial-services/.venv/lib/python3.10/site-packages/airflow/example_dags/example_sla_dag.py
[2024-09-03T11:23:45.370+0000] {logging_mixin.py:149} INFO - [2024-09-03T11:23:45.370+0000] {dag.py:2726} INFO - Sync 1 DAGs
[2024-09-03T11:23:45.397+0000] {logging_mixin.py:149} INFO - [2024-09-03T11:23:45.397+0000] {dag.py:3486} INFO - Setting next_dagrun for example_sla_dag to 2024-09-03T11:20:00+00:00, run_after=2024-09-03T11:22:00+00:00
[2024-09-03T11:23:45.428+0000] {processor.py:179} INFO - Processing /home/airflow-vm/data-engineer-batch-processing-financial-services/.venv/lib/python3.10/site-packages/airflow/example_dags/example_sla_dag.py took 0.090 seconds
[2024-09-03T11:26:29.462+0000] {processor.py:157} INFO - Started process (PID=16273) to work on /home/airflow-vm/data-engineer-batch-processing-financial-services/.venv/lib/python3.10/site-packages/airflow/example_dags/example_sla_dag.py
[2024-09-03T11:26:29.463+0000] {processor.py:826} INFO - Processing file /home/airflow-vm/data-engineer-batch-processing-financial-services/.venv/lib/python3.10/site-packages/airflow/example_dags/example_sla_dag.py for tasks to queue
[2024-09-03T11:26:29.463+0000] {logging_mixin.py:149} INFO - [2024-09-03T11:26:29.463+0000] {dagbag.py:541} INFO - Filling up the DagBag from /home/airflow-vm/data-engineer-batch-processing-financial-services/.venv/lib/python3.10/site-packages/airflow/example_dags/example_sla_dag.py
[2024-09-03T11:26:29.472+0000] {processor.py:836} INFO - DAG(s) dict_keys(['example_sla_dag']) retrieved from /home/airflow-vm/data-engineer-batch-processing-financial-services/.venv/lib/python3.10/site-packages/airflow/example_dags/example_sla_dag.py
[2024-09-03T11:26:29.491+0000] {logging_mixin.py:149} INFO - [2024-09-03T11:26:29.490+0000] {dag.py:2726} INFO - Sync 1 DAGs
[2024-09-03T11:26:29.515+0000] {logging_mixin.py:149} INFO - [2024-09-03T11:26:29.515+0000] {dag.py:3486} INFO - Setting next_dagrun for example_sla_dag to 2024-09-03T11:24:00+00:00, run_after=2024-09-03T11:26:00+00:00
[2024-09-03T11:26:29.544+0000] {processor.py:179} INFO - Processing /home/airflow-vm/data-engineer-batch-processing-financial-services/.venv/lib/python3.10/site-packages/airflow/example_dags/example_sla_dag.py took 0.085 seconds
[2024-09-03T11:29:44.362+0000] {processor.py:157} INFO - Started process (PID=17832) to work on /home/airflow-vm/data-engineer-batch-processing-financial-services/.venv/lib/python3.10/site-packages/airflow/example_dags/example_sla_dag.py
[2024-09-03T11:29:44.363+0000] {processor.py:826} INFO - Processing file /home/airflow-vm/data-engineer-batch-processing-financial-services/.venv/lib/python3.10/site-packages/airflow/example_dags/example_sla_dag.py for tasks to queue
[2024-09-03T11:29:44.364+0000] {logging_mixin.py:149} INFO - [2024-09-03T11:29:44.363+0000] {dagbag.py:541} INFO - Filling up the DagBag from /home/airflow-vm/data-engineer-batch-processing-financial-services/.venv/lib/python3.10/site-packages/airflow/example_dags/example_sla_dag.py
[2024-09-03T11:29:44.372+0000] {processor.py:836} INFO - DAG(s) dict_keys(['example_sla_dag']) retrieved from /home/airflow-vm/data-engineer-batch-processing-financial-services/.venv/lib/python3.10/site-packages/airflow/example_dags/example_sla_dag.py
[2024-09-03T11:29:44.389+0000] {logging_mixin.py:149} INFO - [2024-09-03T11:29:44.389+0000] {dag.py:2726} INFO - Sync 1 DAGs
[2024-09-03T11:29:44.413+0000] {logging_mixin.py:149} INFO - [2024-09-03T11:29:44.413+0000] {dag.py:3486} INFO - Setting next_dagrun for example_sla_dag to 2024-09-03T11:26:00+00:00, run_after=2024-09-03T11:28:00+00:00
[2024-09-03T11:29:44.443+0000] {processor.py:179} INFO - Processing /home/airflow-vm/data-engineer-batch-processing-financial-services/.venv/lib/python3.10/site-packages/airflow/example_dags/example_sla_dag.py took 0.084 seconds
[2024-09-03T11:33:41.902+0000] {processor.py:157} INFO - Started process (PID=20147) to work on /home/airflow-vm/data-engineer-batch-processing-financial-services/.venv/lib/python3.10/site-packages/airflow/example_dags/example_sla_dag.py
[2024-09-03T11:33:41.903+0000] {processor.py:826} INFO - Processing file /home/airflow-vm/data-engineer-batch-processing-financial-services/.venv/lib/python3.10/site-packages/airflow/example_dags/example_sla_dag.py for tasks to queue
[2024-09-03T11:33:41.903+0000] {logging_mixin.py:149} INFO - [2024-09-03T11:33:41.903+0000] {dagbag.py:541} INFO - Filling up the DagBag from /home/airflow-vm/data-engineer-batch-processing-financial-services/.venv/lib/python3.10/site-packages/airflow/example_dags/example_sla_dag.py
[2024-09-03T11:33:41.911+0000] {processor.py:836} INFO - DAG(s) dict_keys(['example_sla_dag']) retrieved from /home/airflow-vm/data-engineer-batch-processing-financial-services/.venv/lib/python3.10/site-packages/airflow/example_dags/example_sla_dag.py
[2024-09-03T11:33:41.929+0000] {logging_mixin.py:149} INFO - [2024-09-03T11:33:41.929+0000] {dag.py:2726} INFO - Sync 1 DAGs
[2024-09-03T11:33:41.953+0000] {logging_mixin.py:149} INFO - [2024-09-03T11:33:41.953+0000] {dag.py:3486} INFO - Setting next_dagrun for example_sla_dag to 2024-09-03T11:30:00+00:00, run_after=2024-09-03T11:32:00+00:00
[2024-09-03T11:33:41.983+0000] {processor.py:179} INFO - Processing /home/airflow-vm/data-engineer-batch-processing-financial-services/.venv/lib/python3.10/site-packages/airflow/example_dags/example_sla_dag.py took 0.084 seconds
[2024-09-03T11:37:12.850+0000] {processor.py:157} INFO - Started process (PID=22557) to work on /home/airflow-vm/data-engineer-batch-processing-financial-services/.venv/lib/python3.10/site-packages/airflow/example_dags/example_sla_dag.py
[2024-09-03T11:37:12.851+0000] {processor.py:826} INFO - Processing file /home/airflow-vm/data-engineer-batch-processing-financial-services/.venv/lib/python3.10/site-packages/airflow/example_dags/example_sla_dag.py for tasks to queue
[2024-09-03T11:37:12.852+0000] {logging_mixin.py:149} INFO - [2024-09-03T11:37:12.851+0000] {dagbag.py:541} INFO - Filling up the DagBag from /home/airflow-vm/data-engineer-batch-processing-financial-services/.venv/lib/python3.10/site-packages/airflow/example_dags/example_sla_dag.py
[2024-09-03T11:37:12.860+0000] {processor.py:836} INFO - DAG(s) dict_keys(['example_sla_dag']) retrieved from /home/airflow-vm/data-engineer-batch-processing-financial-services/.venv/lib/python3.10/site-packages/airflow/example_dags/example_sla_dag.py
[2024-09-03T11:37:12.880+0000] {logging_mixin.py:149} INFO - [2024-09-03T11:37:12.879+0000] {dag.py:2726} INFO - Sync 1 DAGs
[2024-09-03T11:37:12.905+0000] {logging_mixin.py:149} INFO - [2024-09-03T11:37:12.905+0000] {dag.py:3486} INFO - Setting next_dagrun for example_sla_dag to 2024-09-03T11:34:00+00:00, run_after=2024-09-03T11:36:00+00:00
[2024-09-03T11:37:12.936+0000] {processor.py:179} INFO - Processing /home/airflow-vm/data-engineer-batch-processing-financial-services/.venv/lib/python3.10/site-packages/airflow/example_dags/example_sla_dag.py took 0.089 seconds
[2024-09-03T11:38:01.208+0000] {processor.py:157} INFO - Started process (PID=22754) to work on /home/airflow-vm/data-engineer-batch-processing-financial-services/.venv/lib/python3.10/site-packages/airflow/example_dags/example_sla_dag.py
[2024-09-03T11:38:01.209+0000] {processor.py:826} INFO - Processing file /home/airflow-vm/data-engineer-batch-processing-financial-services/.venv/lib/python3.10/site-packages/airflow/example_dags/example_sla_dag.py for tasks to queue
[2024-09-03T11:38:01.209+0000] {logging_mixin.py:149} INFO - [2024-09-03T11:38:01.209+0000] {dagbag.py:541} INFO - Filling up the DagBag from /home/airflow-vm/data-engineer-batch-processing-financial-services/.venv/lib/python3.10/site-packages/airflow/example_dags/example_sla_dag.py
[2024-09-03T11:38:01.217+0000] {processor.py:836} INFO - DAG(s) dict_keys(['example_sla_dag']) retrieved from /home/airflow-vm/data-engineer-batch-processing-financial-services/.venv/lib/python3.10/site-packages/airflow/example_dags/example_sla_dag.py
[2024-09-03T11:38:01.235+0000] {logging_mixin.py:149} INFO - [2024-09-03T11:38:01.235+0000] {dag.py:2726} INFO - Sync 1 DAGs
[2024-09-03T11:38:01.260+0000] {logging_mixin.py:149} INFO - [2024-09-03T11:38:01.260+0000] {dag.py:3486} INFO - Setting next_dagrun for example_sla_dag to 2024-09-03T11:36:00+00:00, run_after=2024-09-03T11:38:00+00:00
[2024-09-03T11:38:01.293+0000] {processor.py:179} INFO - Processing /home/airflow-vm/data-engineer-batch-processing-financial-services/.venv/lib/python3.10/site-packages/airflow/example_dags/example_sla_dag.py took 0.089 seconds
[2024-09-03T11:38:45.411+0000] {processor.py:157} INFO - Started process (PID=22976) to work on /home/airflow-vm/data-engineer-batch-processing-financial-services/.venv/lib/python3.10/site-packages/airflow/example_dags/example_sla_dag.py
[2024-09-03T11:38:45.412+0000] {processor.py:826} INFO - Processing file /home/airflow-vm/data-engineer-batch-processing-financial-services/.venv/lib/python3.10/site-packages/airflow/example_dags/example_sla_dag.py for tasks to queue
[2024-09-03T11:38:45.413+0000] {logging_mixin.py:149} INFO - [2024-09-03T11:38:45.413+0000] {dagbag.py:541} INFO - Filling up the DagBag from /home/airflow-vm/data-engineer-batch-processing-financial-services/.venv/lib/python3.10/site-packages/airflow/example_dags/example_sla_dag.py
[2024-09-03T11:38:45.421+0000] {processor.py:836} INFO - DAG(s) dict_keys(['example_sla_dag']) retrieved from /home/airflow-vm/data-engineer-batch-processing-financial-services/.venv/lib/python3.10/site-packages/airflow/example_dags/example_sla_dag.py
[2024-09-03T11:38:45.438+0000] {logging_mixin.py:149} INFO - [2024-09-03T11:38:45.438+0000] {dag.py:2726} INFO - Sync 1 DAGs
[2024-09-03T11:38:45.464+0000] {logging_mixin.py:149} INFO - [2024-09-03T11:38:45.464+0000] {dag.py:3486} INFO - Setting next_dagrun for example_sla_dag to 2024-09-03T11:36:00+00:00, run_after=2024-09-03T11:38:00+00:00
[2024-09-03T11:38:45.495+0000] {processor.py:179} INFO - Processing /home/airflow-vm/data-engineer-batch-processing-financial-services/.venv/lib/python3.10/site-packages/airflow/example_dags/example_sla_dag.py took 0.087 seconds
[2024-09-03T11:39:33.450+0000] {processor.py:157} INFO - Started process (PID=23210) to work on /home/airflow-vm/data-engineer-batch-processing-financial-services/.venv/lib/python3.10/site-packages/airflow/example_dags/example_sla_dag.py
[2024-09-03T11:39:33.451+0000] {processor.py:826} INFO - Processing file /home/airflow-vm/data-engineer-batch-processing-financial-services/.venv/lib/python3.10/site-packages/airflow/example_dags/example_sla_dag.py for tasks to queue
[2024-09-03T11:39:33.452+0000] {logging_mixin.py:149} INFO - [2024-09-03T11:39:33.451+0000] {dagbag.py:541} INFO - Filling up the DagBag from /home/airflow-vm/data-engineer-batch-processing-financial-services/.venv/lib/python3.10/site-packages/airflow/example_dags/example_sla_dag.py
[2024-09-03T11:39:33.460+0000] {processor.py:836} INFO - DAG(s) dict_keys(['example_sla_dag']) retrieved from /home/airflow-vm/data-engineer-batch-processing-financial-services/.venv/lib/python3.10/site-packages/airflow/example_dags/example_sla_dag.py
[2024-09-03T11:39:33.478+0000] {logging_mixin.py:149} INFO - [2024-09-03T11:39:33.478+0000] {dag.py:2726} INFO - Sync 1 DAGs
[2024-09-03T11:39:33.501+0000] {logging_mixin.py:149} INFO - [2024-09-03T11:39:33.501+0000] {dag.py:3486} INFO - Setting next_dagrun for example_sla_dag to 2024-09-03T11:36:00+00:00, run_after=2024-09-03T11:38:00+00:00
[2024-09-03T11:39:33.530+0000] {processor.py:179} INFO - Processing /home/airflow-vm/data-engineer-batch-processing-financial-services/.venv/lib/python3.10/site-packages/airflow/example_dags/example_sla_dag.py took 0.082 seconds
[2024-09-03T11:40:55.250+0000] {processor.py:157} INFO - Started process (PID=23893) to work on /home/airflow-vm/data-engineer-batch-processing-financial-services/.venv/lib/python3.10/site-packages/airflow/example_dags/example_sla_dag.py
[2024-09-03T11:40:55.251+0000] {processor.py:826} INFO - Processing file /home/airflow-vm/data-engineer-batch-processing-financial-services/.venv/lib/python3.10/site-packages/airflow/example_dags/example_sla_dag.py for tasks to queue
[2024-09-03T11:40:55.251+0000] {logging_mixin.py:149} INFO - [2024-09-03T11:40:55.251+0000] {dagbag.py:541} INFO - Filling up the DagBag from /home/airflow-vm/data-engineer-batch-processing-financial-services/.venv/lib/python3.10/site-packages/airflow/example_dags/example_sla_dag.py
[2024-09-03T11:40:55.260+0000] {processor.py:836} INFO - DAG(s) dict_keys(['example_sla_dag']) retrieved from /home/airflow-vm/data-engineer-batch-processing-financial-services/.venv/lib/python3.10/site-packages/airflow/example_dags/example_sla_dag.py
[2024-09-03T11:40:55.278+0000] {logging_mixin.py:149} INFO - [2024-09-03T11:40:55.278+0000] {dag.py:2726} INFO - Sync 1 DAGs
[2024-09-03T11:40:55.302+0000] {logging_mixin.py:149} INFO - [2024-09-03T11:40:55.302+0000] {dag.py:3486} INFO - Setting next_dagrun for example_sla_dag to 2024-09-03T11:38:00+00:00, run_after=2024-09-03T11:40:00+00:00
[2024-09-03T11:40:55.331+0000] {processor.py:179} INFO - Processing /home/airflow-vm/data-engineer-batch-processing-financial-services/.venv/lib/python3.10/site-packages/airflow/example_dags/example_sla_dag.py took 0.084 seconds
[2024-09-03T11:43:29.712+0000] {processor.py:157} INFO - Started process (PID=25718) to work on /home/airflow-vm/data-engineer-batch-processing-financial-services/.venv/lib/python3.10/site-packages/airflow/example_dags/example_sla_dag.py
[2024-09-03T11:43:29.713+0000] {processor.py:826} INFO - Processing file /home/airflow-vm/data-engineer-batch-processing-financial-services/.venv/lib/python3.10/site-packages/airflow/example_dags/example_sla_dag.py for tasks to queue
[2024-09-03T11:43:29.714+0000] {logging_mixin.py:149} INFO - [2024-09-03T11:43:29.713+0000] {dagbag.py:541} INFO - Filling up the DagBag from /home/airflow-vm/data-engineer-batch-processing-financial-services/.venv/lib/python3.10/site-packages/airflow/example_dags/example_sla_dag.py
[2024-09-03T11:43:29.721+0000] {processor.py:836} INFO - DAG(s) dict_keys(['example_sla_dag']) retrieved from /home/airflow-vm/data-engineer-batch-processing-financial-services/.venv/lib/python3.10/site-packages/airflow/example_dags/example_sla_dag.py
[2024-09-03T11:43:29.737+0000] {logging_mixin.py:149} INFO - [2024-09-03T11:43:29.737+0000] {dag.py:2726} INFO - Sync 1 DAGs
[2024-09-03T11:43:29.760+0000] {logging_mixin.py:149} INFO - [2024-09-03T11:43:29.759+0000] {dag.py:3486} INFO - Setting next_dagrun for example_sla_dag to 2024-09-03T11:40:00+00:00, run_after=2024-09-03T11:42:00+00:00
[2024-09-03T11:43:29.791+0000] {processor.py:179} INFO - Processing /home/airflow-vm/data-engineer-batch-processing-financial-services/.venv/lib/python3.10/site-packages/airflow/example_dags/example_sla_dag.py took 0.081 seconds
[2024-09-03T11:47:37.873+0000] {processor.py:157} INFO - Started process (PID=27707) to work on /home/airflow-vm/data-engineer-batch-processing-financial-services/.venv/lib/python3.10/site-packages/airflow/example_dags/example_sla_dag.py
[2024-09-03T11:47:37.874+0000] {processor.py:826} INFO - Processing file /home/airflow-vm/data-engineer-batch-processing-financial-services/.venv/lib/python3.10/site-packages/airflow/example_dags/example_sla_dag.py for tasks to queue
[2024-09-03T11:47:37.875+0000] {logging_mixin.py:149} INFO - [2024-09-03T11:47:37.875+0000] {dagbag.py:541} INFO - Filling up the DagBag from /home/airflow-vm/data-engineer-batch-processing-financial-services/.venv/lib/python3.10/site-packages/airflow/example_dags/example_sla_dag.py
[2024-09-03T11:47:37.883+0000] {processor.py:836} INFO - DAG(s) dict_keys(['example_sla_dag']) retrieved from /home/airflow-vm/data-engineer-batch-processing-financial-services/.venv/lib/python3.10/site-packages/airflow/example_dags/example_sla_dag.py
[2024-09-03T11:47:37.900+0000] {logging_mixin.py:149} INFO - [2024-09-03T11:47:37.900+0000] {dag.py:2726} INFO - Sync 1 DAGs
[2024-09-03T11:47:37.923+0000] {logging_mixin.py:149} INFO - [2024-09-03T11:47:37.923+0000] {dag.py:3486} INFO - Setting next_dagrun for example_sla_dag to 2024-09-03T11:44:00+00:00, run_after=2024-09-03T11:46:00+00:00
[2024-09-03T11:47:37.955+0000] {processor.py:179} INFO - Processing /home/airflow-vm/data-engineer-batch-processing-financial-services/.venv/lib/python3.10/site-packages/airflow/example_dags/example_sla_dag.py took 0.084 seconds
[2024-09-03T11:50:17.046+0000] {processor.py:157} INFO - Started process (PID=29592) to work on /home/airflow-vm/data-engineer-batch-processing-financial-services/.venv/lib/python3.10/site-packages/airflow/example_dags/example_sla_dag.py
[2024-09-03T11:50:17.047+0000] {processor.py:826} INFO - Processing file /home/airflow-vm/data-engineer-batch-processing-financial-services/.venv/lib/python3.10/site-packages/airflow/example_dags/example_sla_dag.py for tasks to queue
[2024-09-03T11:50:17.048+0000] {logging_mixin.py:149} INFO - [2024-09-03T11:50:17.048+0000] {dagbag.py:541} INFO - Filling up the DagBag from /home/airflow-vm/data-engineer-batch-processing-financial-services/.venv/lib/python3.10/site-packages/airflow/example_dags/example_sla_dag.py
[2024-09-03T11:50:17.056+0000] {processor.py:836} INFO - DAG(s) dict_keys(['example_sla_dag']) retrieved from /home/airflow-vm/data-engineer-batch-processing-financial-services/.venv/lib/python3.10/site-packages/airflow/example_dags/example_sla_dag.py
[2024-09-03T11:50:17.074+0000] {logging_mixin.py:149} INFO - [2024-09-03T11:50:17.074+0000] {dag.py:2726} INFO - Sync 1 DAGs
[2024-09-03T11:50:17.097+0000] {logging_mixin.py:149} INFO - [2024-09-03T11:50:17.097+0000] {dag.py:3486} INFO - Setting next_dagrun for example_sla_dag to 2024-09-03T11:48:00+00:00, run_after=2024-09-03T11:50:00+00:00
[2024-09-03T11:50:17.125+0000] {processor.py:179} INFO - Processing /home/airflow-vm/data-engineer-batch-processing-financial-services/.venv/lib/python3.10/site-packages/airflow/example_dags/example_sla_dag.py took 0.081 seconds
[2024-09-03T11:51:02.125+0000] {processor.py:157} INFO - Started process (PID=29696) to work on /home/airflow-vm/data-engineer-batch-processing-financial-services/.venv/lib/python3.10/site-packages/airflow/example_dags/example_sla_dag.py
[2024-09-03T11:51:02.126+0000] {processor.py:826} INFO - Processing file /home/airflow-vm/data-engineer-batch-processing-financial-services/.venv/lib/python3.10/site-packages/airflow/example_dags/example_sla_dag.py for tasks to queue
[2024-09-03T11:51:02.126+0000] {logging_mixin.py:149} INFO - [2024-09-03T11:51:02.126+0000] {dagbag.py:541} INFO - Filling up the DagBag from /home/airflow-vm/data-engineer-batch-processing-financial-services/.venv/lib/python3.10/site-packages/airflow/example_dags/example_sla_dag.py
[2024-09-03T11:51:02.134+0000] {processor.py:836} INFO - DAG(s) dict_keys(['example_sla_dag']) retrieved from /home/airflow-vm/data-engineer-batch-processing-financial-services/.venv/lib/python3.10/site-packages/airflow/example_dags/example_sla_dag.py
[2024-09-03T11:51:02.151+0000] {logging_mixin.py:149} INFO - [2024-09-03T11:51:02.150+0000] {dag.py:2726} INFO - Sync 1 DAGs
[2024-09-03T11:51:02.175+0000] {logging_mixin.py:149} INFO - [2024-09-03T11:51:02.175+0000] {dag.py:3486} INFO - Setting next_dagrun for example_sla_dag to 2024-09-03T11:48:00+00:00, run_after=2024-09-03T11:50:00+00:00
[2024-09-03T11:51:02.208+0000] {processor.py:179} INFO - Processing /home/airflow-vm/data-engineer-batch-processing-financial-services/.venv/lib/python3.10/site-packages/airflow/example_dags/example_sla_dag.py took 0.085 seconds
[2024-09-03T11:51:45.938+0000] {processor.py:157} INFO - Started process (PID=29744) to work on /home/airflow-vm/data-engineer-batch-processing-financial-services/.venv/lib/python3.10/site-packages/airflow/example_dags/example_sla_dag.py
[2024-09-03T11:51:45.939+0000] {processor.py:826} INFO - Processing file /home/airflow-vm/data-engineer-batch-processing-financial-services/.venv/lib/python3.10/site-packages/airflow/example_dags/example_sla_dag.py for tasks to queue
[2024-09-03T11:51:45.940+0000] {logging_mixin.py:149} INFO - [2024-09-03T11:51:45.940+0000] {dagbag.py:541} INFO - Filling up the DagBag from /home/airflow-vm/data-engineer-batch-processing-financial-services/.venv/lib/python3.10/site-packages/airflow/example_dags/example_sla_dag.py
[2024-09-03T11:51:45.948+0000] {processor.py:836} INFO - DAG(s) dict_keys(['example_sla_dag']) retrieved from /home/airflow-vm/data-engineer-batch-processing-financial-services/.venv/lib/python3.10/site-packages/airflow/example_dags/example_sla_dag.py
[2024-09-03T11:51:45.967+0000] {logging_mixin.py:149} INFO - [2024-09-03T11:51:45.967+0000] {dag.py:2726} INFO - Sync 1 DAGs
[2024-09-03T11:51:45.993+0000] {logging_mixin.py:149} INFO - [2024-09-03T11:51:45.993+0000] {dag.py:3486} INFO - Setting next_dagrun for example_sla_dag to 2024-09-03T11:48:00+00:00, run_after=2024-09-03T11:50:00+00:00
[2024-09-03T11:51:46.021+0000] {processor.py:179} INFO - Processing /home/airflow-vm/data-engineer-batch-processing-financial-services/.venv/lib/python3.10/site-packages/airflow/example_dags/example_sla_dag.py took 0.086 seconds
[2024-09-03T11:52:32.304+0000] {processor.py:157} INFO - Started process (PID=29792) to work on /home/airflow-vm/data-engineer-batch-processing-financial-services/.venv/lib/python3.10/site-packages/airflow/example_dags/example_sla_dag.py
[2024-09-03T11:52:32.305+0000] {processor.py:826} INFO - Processing file /home/airflow-vm/data-engineer-batch-processing-financial-services/.venv/lib/python3.10/site-packages/airflow/example_dags/example_sla_dag.py for tasks to queue
[2024-09-03T11:52:32.305+0000] {logging_mixin.py:149} INFO - [2024-09-03T11:52:32.305+0000] {dagbag.py:541} INFO - Filling up the DagBag from /home/airflow-vm/data-engineer-batch-processing-financial-services/.venv/lib/python3.10/site-packages/airflow/example_dags/example_sla_dag.py
[2024-09-03T11:52:32.313+0000] {processor.py:836} INFO - DAG(s) dict_keys(['example_sla_dag']) retrieved from /home/airflow-vm/data-engineer-batch-processing-financial-services/.venv/lib/python3.10/site-packages/airflow/example_dags/example_sla_dag.py
[2024-09-03T11:52:32.329+0000] {logging_mixin.py:149} INFO - [2024-09-03T11:52:32.329+0000] {dag.py:2726} INFO - Sync 1 DAGs
[2024-09-03T11:52:32.352+0000] {logging_mixin.py:149} INFO - [2024-09-03T11:52:32.352+0000] {dag.py:3486} INFO - Setting next_dagrun for example_sla_dag to 2024-09-03T11:50:00+00:00, run_after=2024-09-03T11:52:00+00:00
[2024-09-03T11:52:32.381+0000] {processor.py:179} INFO - Processing /home/airflow-vm/data-engineer-batch-processing-financial-services/.venv/lib/python3.10/site-packages/airflow/example_dags/example_sla_dag.py took 0.080 seconds
[2024-09-03T11:53:19.421+0000] {processor.py:157} INFO - Started process (PID=29841) to work on /home/airflow-vm/data-engineer-batch-processing-financial-services/.venv/lib/python3.10/site-packages/airflow/example_dags/example_sla_dag.py
[2024-09-03T11:53:19.422+0000] {processor.py:826} INFO - Processing file /home/airflow-vm/data-engineer-batch-processing-financial-services/.venv/lib/python3.10/site-packages/airflow/example_dags/example_sla_dag.py for tasks to queue
[2024-09-03T11:53:19.422+0000] {logging_mixin.py:149} INFO - [2024-09-03T11:53:19.422+0000] {dagbag.py:541} INFO - Filling up the DagBag from /home/airflow-vm/data-engineer-batch-processing-financial-services/.venv/lib/python3.10/site-packages/airflow/example_dags/example_sla_dag.py
[2024-09-03T11:53:19.430+0000] {processor.py:836} INFO - DAG(s) dict_keys(['example_sla_dag']) retrieved from /home/airflow-vm/data-engineer-batch-processing-financial-services/.venv/lib/python3.10/site-packages/airflow/example_dags/example_sla_dag.py
[2024-09-03T11:53:19.448+0000] {logging_mixin.py:149} INFO - [2024-09-03T11:53:19.448+0000] {dag.py:2726} INFO - Sync 1 DAGs
[2024-09-03T11:53:19.473+0000] {logging_mixin.py:149} INFO - [2024-09-03T11:53:19.473+0000] {dag.py:3486} INFO - Setting next_dagrun for example_sla_dag to 2024-09-03T11:50:00+00:00, run_after=2024-09-03T11:52:00+00:00
[2024-09-03T11:53:19.505+0000] {processor.py:179} INFO - Processing /home/airflow-vm/data-engineer-batch-processing-financial-services/.venv/lib/python3.10/site-packages/airflow/example_dags/example_sla_dag.py took 0.087 seconds
[2024-09-03T11:54:07.408+0000] {processor.py:157} INFO - Started process (PID=29917) to work on /home/airflow-vm/data-engineer-batch-processing-financial-services/.venv/lib/python3.10/site-packages/airflow/example_dags/example_sla_dag.py
[2024-09-03T11:54:07.409+0000] {processor.py:826} INFO - Processing file /home/airflow-vm/data-engineer-batch-processing-financial-services/.venv/lib/python3.10/site-packages/airflow/example_dags/example_sla_dag.py for tasks to queue
[2024-09-03T11:54:07.410+0000] {logging_mixin.py:149} INFO - [2024-09-03T11:54:07.410+0000] {dagbag.py:541} INFO - Filling up the DagBag from /home/airflow-vm/data-engineer-batch-processing-financial-services/.venv/lib/python3.10/site-packages/airflow/example_dags/example_sla_dag.py
[2024-09-03T11:54:07.418+0000] {processor.py:836} INFO - DAG(s) dict_keys(['example_sla_dag']) retrieved from /home/airflow-vm/data-engineer-batch-processing-financial-services/.venv/lib/python3.10/site-packages/airflow/example_dags/example_sla_dag.py
[2024-09-03T11:54:07.436+0000] {logging_mixin.py:149} INFO - [2024-09-03T11:54:07.436+0000] {dag.py:2726} INFO - Sync 1 DAGs
[2024-09-03T11:54:07.461+0000] {logging_mixin.py:149} INFO - [2024-09-03T11:54:07.461+0000] {dag.py:3486} INFO - Setting next_dagrun for example_sla_dag to 2024-09-03T11:52:00+00:00, run_after=2024-09-03T11:54:00+00:00
[2024-09-03T11:54:07.496+0000] {processor.py:179} INFO - Processing /home/airflow-vm/data-engineer-batch-processing-financial-services/.venv/lib/python3.10/site-packages/airflow/example_dags/example_sla_dag.py took 0.090 seconds
[2024-09-03T11:54:57.501+0000] {processor.py:157} INFO - Started process (PID=29974) to work on /home/airflow-vm/data-engineer-batch-processing-financial-services/.venv/lib/python3.10/site-packages/airflow/example_dags/example_sla_dag.py
[2024-09-03T11:54:57.502+0000] {processor.py:826} INFO - Processing file /home/airflow-vm/data-engineer-batch-processing-financial-services/.venv/lib/python3.10/site-packages/airflow/example_dags/example_sla_dag.py for tasks to queue
[2024-09-03T11:54:57.502+0000] {logging_mixin.py:149} INFO - [2024-09-03T11:54:57.502+0000] {dagbag.py:541} INFO - Filling up the DagBag from /home/airflow-vm/data-engineer-batch-processing-financial-services/.venv/lib/python3.10/site-packages/airflow/example_dags/example_sla_dag.py
[2024-09-03T11:54:57.510+0000] {processor.py:836} INFO - DAG(s) dict_keys(['example_sla_dag']) retrieved from /home/airflow-vm/data-engineer-batch-processing-financial-services/.venv/lib/python3.10/site-packages/airflow/example_dags/example_sla_dag.py
[2024-09-03T11:54:57.527+0000] {logging_mixin.py:149} INFO - [2024-09-03T11:54:57.527+0000] {dag.py:2726} INFO - Sync 1 DAGs
[2024-09-03T11:54:57.549+0000] {logging_mixin.py:149} INFO - [2024-09-03T11:54:57.549+0000] {dag.py:3486} INFO - Setting next_dagrun for example_sla_dag to 2024-09-03T11:52:00+00:00, run_after=2024-09-03T11:54:00+00:00
[2024-09-03T11:54:57.578+0000] {processor.py:179} INFO - Processing /home/airflow-vm/data-engineer-batch-processing-financial-services/.venv/lib/python3.10/site-packages/airflow/example_dags/example_sla_dag.py took 0.079 seconds
[2024-09-03T11:55:40.889+0000] {processor.py:157} INFO - Started process (PID=30022) to work on /home/airflow-vm/data-engineer-batch-processing-financial-services/.venv/lib/python3.10/site-packages/airflow/example_dags/example_sla_dag.py
[2024-09-03T11:55:40.889+0000] {processor.py:826} INFO - Processing file /home/airflow-vm/data-engineer-batch-processing-financial-services/.venv/lib/python3.10/site-packages/airflow/example_dags/example_sla_dag.py for tasks to queue
[2024-09-03T11:55:40.890+0000] {logging_mixin.py:149} INFO - [2024-09-03T11:55:40.890+0000] {dagbag.py:541} INFO - Filling up the DagBag from /home/airflow-vm/data-engineer-batch-processing-financial-services/.venv/lib/python3.10/site-packages/airflow/example_dags/example_sla_dag.py
[2024-09-03T11:55:40.898+0000] {processor.py:836} INFO - DAG(s) dict_keys(['example_sla_dag']) retrieved from /home/airflow-vm/data-engineer-batch-processing-financial-services/.venv/lib/python3.10/site-packages/airflow/example_dags/example_sla_dag.py
[2024-09-03T11:55:40.914+0000] {logging_mixin.py:149} INFO - [2024-09-03T11:55:40.914+0000] {dag.py:2726} INFO - Sync 1 DAGs
[2024-09-03T11:55:40.936+0000] {logging_mixin.py:149} INFO - [2024-09-03T11:55:40.936+0000] {dag.py:3486} INFO - Setting next_dagrun for example_sla_dag to 2024-09-03T11:52:00+00:00, run_after=2024-09-03T11:54:00+00:00
[2024-09-03T11:55:40.964+0000] {processor.py:179} INFO - Processing /home/airflow-vm/data-engineer-batch-processing-financial-services/.venv/lib/python3.10/site-packages/airflow/example_dags/example_sla_dag.py took 0.078 seconds
[2024-09-03T11:56:28.953+0000] {processor.py:157} INFO - Started process (PID=30072) to work on /home/airflow-vm/data-engineer-batch-processing-financial-services/.venv/lib/python3.10/site-packages/airflow/example_dags/example_sla_dag.py
[2024-09-03T11:56:28.954+0000] {processor.py:826} INFO - Processing file /home/airflow-vm/data-engineer-batch-processing-financial-services/.venv/lib/python3.10/site-packages/airflow/example_dags/example_sla_dag.py for tasks to queue
[2024-09-03T11:56:28.954+0000] {logging_mixin.py:149} INFO - [2024-09-03T11:56:28.954+0000] {dagbag.py:541} INFO - Filling up the DagBag from /home/airflow-vm/data-engineer-batch-processing-financial-services/.venv/lib/python3.10/site-packages/airflow/example_dags/example_sla_dag.py
[2024-09-03T11:56:28.963+0000] {processor.py:836} INFO - DAG(s) dict_keys(['example_sla_dag']) retrieved from /home/airflow-vm/data-engineer-batch-processing-financial-services/.venv/lib/python3.10/site-packages/airflow/example_dags/example_sla_dag.py
[2024-09-03T11:56:28.982+0000] {logging_mixin.py:149} INFO - [2024-09-03T11:56:28.982+0000] {dag.py:2726} INFO - Sync 1 DAGs
[2024-09-03T11:56:29.006+0000] {logging_mixin.py:149} INFO - [2024-09-03T11:56:29.005+0000] {dag.py:3486} INFO - Setting next_dagrun for example_sla_dag to 2024-09-03T11:54:00+00:00, run_after=2024-09-03T11:56:00+00:00
[2024-09-03T11:56:29.035+0000] {processor.py:179} INFO - Processing /home/airflow-vm/data-engineer-batch-processing-financial-services/.venv/lib/python3.10/site-packages/airflow/example_dags/example_sla_dag.py took 0.086 seconds
