[2024-09-03T10:58:19.289+0000] {processor.py:157} INFO - Started process (PID=3513) to work on /home/airflow-vm/data-engineer-batch-processing-financial-services/.venv/lib/python3.10/site-packages/airflow/example_dags/example_latest_only.py
[2024-09-03T10:58:19.290+0000] {processor.py:826} INFO - Processing file /home/airflow-vm/data-engineer-batch-processing-financial-services/.venv/lib/python3.10/site-packages/airflow/example_dags/example_latest_only.py for tasks to queue
[2024-09-03T10:58:19.291+0000] {logging_mixin.py:149} INFO - [2024-09-03T10:58:19.290+0000] {dagbag.py:541} INFO - Filling up the DagBag from /home/airflow-vm/data-engineer-batch-processing-financial-services/.venv/lib/python3.10/site-packages/airflow/example_dags/example_latest_only.py
[2024-09-03T10:58:19.301+0000] {processor.py:836} INFO - DAG(s) dict_keys(['latest_only']) retrieved from /home/airflow-vm/data-engineer-batch-processing-financial-services/.venv/lib/python3.10/site-packages/airflow/example_dags/example_latest_only.py
[2024-09-03T10:58:19.342+0000] {logging_mixin.py:149} INFO - [2024-09-03T10:58:19.342+0000] {dag.py:2726} INFO - Sync 1 DAGs
[2024-09-03T10:58:19.362+0000] {logging_mixin.py:149} INFO - [2024-09-03T10:58:19.362+0000] {dag.py:3486} INFO - Setting next_dagrun for latest_only to 2024-09-03T06:58:19.361829+00:00, run_after=2024-09-03T10:58:19.361829+00:00
[2024-09-03T10:58:19.394+0000] {processor.py:179} INFO - Processing /home/airflow-vm/data-engineer-batch-processing-financial-services/.venv/lib/python3.10/site-packages/airflow/example_dags/example_latest_only.py took 0.107 seconds
[2024-09-03T10:59:04.778+0000] {processor.py:157} INFO - Started process (PID=3818) to work on /home/airflow-vm/data-engineer-batch-processing-financial-services/.venv/lib/python3.10/site-packages/airflow/example_dags/example_latest_only.py
[2024-09-03T10:59:04.779+0000] {processor.py:826} INFO - Processing file /home/airflow-vm/data-engineer-batch-processing-financial-services/.venv/lib/python3.10/site-packages/airflow/example_dags/example_latest_only.py for tasks to queue
[2024-09-03T10:59:04.780+0000] {logging_mixin.py:149} INFO - [2024-09-03T10:59:04.780+0000] {dagbag.py:541} INFO - Filling up the DagBag from /home/airflow-vm/data-engineer-batch-processing-financial-services/.venv/lib/python3.10/site-packages/airflow/example_dags/example_latest_only.py
[2024-09-03T10:59:04.785+0000] {processor.py:836} INFO - DAG(s) dict_keys(['latest_only']) retrieved from /home/airflow-vm/data-engineer-batch-processing-financial-services/.venv/lib/python3.10/site-packages/airflow/example_dags/example_latest_only.py
[2024-09-03T10:59:04.801+0000] {logging_mixin.py:149} INFO - [2024-09-03T10:59:04.801+0000] {dag.py:2726} INFO - Sync 1 DAGs
[2024-09-03T10:59:04.820+0000] {logging_mixin.py:149} INFO - [2024-09-03T10:59:04.820+0000] {dag.py:3486} INFO - Setting next_dagrun for latest_only to 2024-09-03T06:59:04.820031+00:00, run_after=2024-09-03T10:59:04.820031+00:00
[2024-09-03T10:59:04.847+0000] {processor.py:179} INFO - Processing /home/airflow-vm/data-engineer-batch-processing-financial-services/.venv/lib/python3.10/site-packages/airflow/example_dags/example_latest_only.py took 0.072 seconds
[2024-09-03T10:59:51.551+0000] {processor.py:157} INFO - Started process (PID=3950) to work on /home/airflow-vm/data-engineer-batch-processing-financial-services/.venv/lib/python3.10/site-packages/airflow/example_dags/example_latest_only.py
[2024-09-03T10:59:51.552+0000] {processor.py:826} INFO - Processing file /home/airflow-vm/data-engineer-batch-processing-financial-services/.venv/lib/python3.10/site-packages/airflow/example_dags/example_latest_only.py for tasks to queue
[2024-09-03T10:59:51.552+0000] {logging_mixin.py:149} INFO - [2024-09-03T10:59:51.552+0000] {dagbag.py:541} INFO - Filling up the DagBag from /home/airflow-vm/data-engineer-batch-processing-financial-services/.venv/lib/python3.10/site-packages/airflow/example_dags/example_latest_only.py
[2024-09-03T10:59:51.557+0000] {processor.py:836} INFO - DAG(s) dict_keys(['latest_only']) retrieved from /home/airflow-vm/data-engineer-batch-processing-financial-services/.venv/lib/python3.10/site-packages/airflow/example_dags/example_latest_only.py
[2024-09-03T10:59:51.575+0000] {logging_mixin.py:149} INFO - [2024-09-03T10:59:51.575+0000] {dag.py:2726} INFO - Sync 1 DAGs
[2024-09-03T10:59:51.595+0000] {logging_mixin.py:149} INFO - [2024-09-03T10:59:51.595+0000] {dag.py:3486} INFO - Setting next_dagrun for latest_only to 2024-09-03T06:59:51.595481+00:00, run_after=2024-09-03T10:59:51.595481+00:00
[2024-09-03T10:59:51.624+0000] {processor.py:179} INFO - Processing /home/airflow-vm/data-engineer-batch-processing-financial-services/.venv/lib/python3.10/site-packages/airflow/example_dags/example_latest_only.py took 0.076 seconds
[2024-09-03T11:00:36.706+0000] {processor.py:157} INFO - Started process (PID=4355) to work on /home/airflow-vm/data-engineer-batch-processing-financial-services/.venv/lib/python3.10/site-packages/airflow/example_dags/example_latest_only.py
[2024-09-03T11:00:36.707+0000] {processor.py:826} INFO - Processing file /home/airflow-vm/data-engineer-batch-processing-financial-services/.venv/lib/python3.10/site-packages/airflow/example_dags/example_latest_only.py for tasks to queue
[2024-09-03T11:00:36.707+0000] {logging_mixin.py:149} INFO - [2024-09-03T11:00:36.707+0000] {dagbag.py:541} INFO - Filling up the DagBag from /home/airflow-vm/data-engineer-batch-processing-financial-services/.venv/lib/python3.10/site-packages/airflow/example_dags/example_latest_only.py
[2024-09-03T11:00:36.712+0000] {processor.py:836} INFO - DAG(s) dict_keys(['latest_only']) retrieved from /home/airflow-vm/data-engineer-batch-processing-financial-services/.venv/lib/python3.10/site-packages/airflow/example_dags/example_latest_only.py
[2024-09-03T11:00:36.729+0000] {logging_mixin.py:149} INFO - [2024-09-03T11:00:36.729+0000] {dag.py:2726} INFO - Sync 1 DAGs
[2024-09-03T11:00:36.748+0000] {logging_mixin.py:149} INFO - [2024-09-03T11:00:36.748+0000] {dag.py:3486} INFO - Setting next_dagrun for latest_only to 2024-09-03T07:00:36.748426+00:00, run_after=2024-09-03T11:00:36.748426+00:00
[2024-09-03T11:00:36.778+0000] {processor.py:179} INFO - Processing /home/airflow-vm/data-engineer-batch-processing-financial-services/.venv/lib/python3.10/site-packages/airflow/example_dags/example_latest_only.py took 0.075 seconds
[2024-09-03T11:01:23.768+0000] {processor.py:157} INFO - Started process (PID=4701) to work on /home/airflow-vm/data-engineer-batch-processing-financial-services/.venv/lib/python3.10/site-packages/airflow/example_dags/example_latest_only.py
[2024-09-03T11:01:23.769+0000] {processor.py:826} INFO - Processing file /home/airflow-vm/data-engineer-batch-processing-financial-services/.venv/lib/python3.10/site-packages/airflow/example_dags/example_latest_only.py for tasks to queue
[2024-09-03T11:01:23.770+0000] {logging_mixin.py:149} INFO - [2024-09-03T11:01:23.769+0000] {dagbag.py:541} INFO - Filling up the DagBag from /home/airflow-vm/data-engineer-batch-processing-financial-services/.venv/lib/python3.10/site-packages/airflow/example_dags/example_latest_only.py
[2024-09-03T11:01:23.775+0000] {processor.py:836} INFO - DAG(s) dict_keys(['latest_only']) retrieved from /home/airflow-vm/data-engineer-batch-processing-financial-services/.venv/lib/python3.10/site-packages/airflow/example_dags/example_latest_only.py
[2024-09-03T11:01:23.793+0000] {logging_mixin.py:149} INFO - [2024-09-03T11:01:23.793+0000] {dag.py:2726} INFO - Sync 1 DAGs
[2024-09-03T11:01:23.817+0000] {logging_mixin.py:149} INFO - [2024-09-03T11:01:23.817+0000] {dag.py:3486} INFO - Setting next_dagrun for latest_only to 2024-09-03T07:01:23.817207+00:00, run_after=2024-09-03T11:01:23.817207+00:00
[2024-09-03T11:01:23.847+0000] {processor.py:179} INFO - Processing /home/airflow-vm/data-engineer-batch-processing-financial-services/.venv/lib/python3.10/site-packages/airflow/example_dags/example_latest_only.py took 0.082 seconds
[2024-09-03T11:02:10.882+0000] {processor.py:157} INFO - Started process (PID=4801) to work on /home/airflow-vm/data-engineer-batch-processing-financial-services/.venv/lib/python3.10/site-packages/airflow/example_dags/example_latest_only.py
[2024-09-03T11:02:10.883+0000] {processor.py:826} INFO - Processing file /home/airflow-vm/data-engineer-batch-processing-financial-services/.venv/lib/python3.10/site-packages/airflow/example_dags/example_latest_only.py for tasks to queue
[2024-09-03T11:02:10.883+0000] {logging_mixin.py:149} INFO - [2024-09-03T11:02:10.883+0000] {dagbag.py:541} INFO - Filling up the DagBag from /home/airflow-vm/data-engineer-batch-processing-financial-services/.venv/lib/python3.10/site-packages/airflow/example_dags/example_latest_only.py
[2024-09-03T11:02:10.889+0000] {processor.py:836} INFO - DAG(s) dict_keys(['latest_only']) retrieved from /home/airflow-vm/data-engineer-batch-processing-financial-services/.venv/lib/python3.10/site-packages/airflow/example_dags/example_latest_only.py
[2024-09-03T11:02:10.905+0000] {logging_mixin.py:149} INFO - [2024-09-03T11:02:10.905+0000] {dag.py:2726} INFO - Sync 1 DAGs
[2024-09-03T11:02:10.923+0000] {logging_mixin.py:149} INFO - [2024-09-03T11:02:10.923+0000] {dag.py:3486} INFO - Setting next_dagrun for latest_only to 2024-09-03T07:02:10.923113+00:00, run_after=2024-09-03T11:02:10.923113+00:00
[2024-09-03T11:02:10.951+0000] {processor.py:179} INFO - Processing /home/airflow-vm/data-engineer-batch-processing-financial-services/.venv/lib/python3.10/site-packages/airflow/example_dags/example_latest_only.py took 0.072 seconds
[2024-09-03T11:02:58.544+0000] {processor.py:157} INFO - Started process (PID=5014) to work on /home/airflow-vm/data-engineer-batch-processing-financial-services/.venv/lib/python3.10/site-packages/airflow/example_dags/example_latest_only.py
[2024-09-03T11:02:58.545+0000] {processor.py:826} INFO - Processing file /home/airflow-vm/data-engineer-batch-processing-financial-services/.venv/lib/python3.10/site-packages/airflow/example_dags/example_latest_only.py for tasks to queue
[2024-09-03T11:02:58.545+0000] {logging_mixin.py:149} INFO - [2024-09-03T11:02:58.545+0000] {dagbag.py:541} INFO - Filling up the DagBag from /home/airflow-vm/data-engineer-batch-processing-financial-services/.venv/lib/python3.10/site-packages/airflow/example_dags/example_latest_only.py
[2024-09-03T11:02:58.550+0000] {processor.py:836} INFO - DAG(s) dict_keys(['latest_only']) retrieved from /home/airflow-vm/data-engineer-batch-processing-financial-services/.venv/lib/python3.10/site-packages/airflow/example_dags/example_latest_only.py
[2024-09-03T11:02:58.569+0000] {logging_mixin.py:149} INFO - [2024-09-03T11:02:58.569+0000] {dag.py:2726} INFO - Sync 1 DAGs
[2024-09-03T11:02:58.589+0000] {logging_mixin.py:149} INFO - [2024-09-03T11:02:58.589+0000] {dag.py:3486} INFO - Setting next_dagrun for latest_only to 2024-09-03T07:02:58.589083+00:00, run_after=2024-09-03T11:02:58.589083+00:00
[2024-09-03T11:02:58.627+0000] {processor.py:179} INFO - Processing /home/airflow-vm/data-engineer-batch-processing-financial-services/.venv/lib/python3.10/site-packages/airflow/example_dags/example_latest_only.py took 0.086 seconds
[2024-09-03T11:05:16.658+0000] {processor.py:157} INFO - Started process (PID=6397) to work on /home/airflow-vm/data-engineer-batch-processing-financial-services/.venv/lib/python3.10/site-packages/airflow/example_dags/example_latest_only.py
[2024-09-03T11:05:16.659+0000] {processor.py:826} INFO - Processing file /home/airflow-vm/data-engineer-batch-processing-financial-services/.venv/lib/python3.10/site-packages/airflow/example_dags/example_latest_only.py for tasks to queue
[2024-09-03T11:05:16.659+0000] {logging_mixin.py:149} INFO - [2024-09-03T11:05:16.659+0000] {dagbag.py:541} INFO - Filling up the DagBag from /home/airflow-vm/data-engineer-batch-processing-financial-services/.venv/lib/python3.10/site-packages/airflow/example_dags/example_latest_only.py
[2024-09-03T11:05:16.664+0000] {processor.py:836} INFO - DAG(s) dict_keys(['latest_only']) retrieved from /home/airflow-vm/data-engineer-batch-processing-financial-services/.venv/lib/python3.10/site-packages/airflow/example_dags/example_latest_only.py
[2024-09-03T11:05:16.681+0000] {logging_mixin.py:149} INFO - [2024-09-03T11:05:16.681+0000] {dag.py:2726} INFO - Sync 1 DAGs
[2024-09-03T11:05:16.701+0000] {logging_mixin.py:149} INFO - [2024-09-03T11:05:16.701+0000] {dag.py:3486} INFO - Setting next_dagrun for latest_only to 2024-09-03T07:05:16.701299+00:00, run_after=2024-09-03T11:05:16.701299+00:00
[2024-09-03T11:05:16.729+0000] {processor.py:179} INFO - Processing /home/airflow-vm/data-engineer-batch-processing-financial-services/.venv/lib/python3.10/site-packages/airflow/example_dags/example_latest_only.py took 0.074 seconds
[2024-09-03T11:07:41.780+0000] {processor.py:157} INFO - Started process (PID=7425) to work on /home/airflow-vm/data-engineer-batch-processing-financial-services/.venv/lib/python3.10/site-packages/airflow/example_dags/example_latest_only.py
[2024-09-03T11:07:41.781+0000] {processor.py:826} INFO - Processing file /home/airflow-vm/data-engineer-batch-processing-financial-services/.venv/lib/python3.10/site-packages/airflow/example_dags/example_latest_only.py for tasks to queue
[2024-09-03T11:07:41.782+0000] {logging_mixin.py:149} INFO - [2024-09-03T11:07:41.782+0000] {dagbag.py:541} INFO - Filling up the DagBag from /home/airflow-vm/data-engineer-batch-processing-financial-services/.venv/lib/python3.10/site-packages/airflow/example_dags/example_latest_only.py
[2024-09-03T11:07:41.787+0000] {processor.py:836} INFO - DAG(s) dict_keys(['latest_only']) retrieved from /home/airflow-vm/data-engineer-batch-processing-financial-services/.venv/lib/python3.10/site-packages/airflow/example_dags/example_latest_only.py
[2024-09-03T11:07:41.804+0000] {logging_mixin.py:149} INFO - [2024-09-03T11:07:41.804+0000] {dag.py:2726} INFO - Sync 1 DAGs
[2024-09-03T11:07:41.824+0000] {logging_mixin.py:149} INFO - [2024-09-03T11:07:41.824+0000] {dag.py:3486} INFO - Setting next_dagrun for latest_only to 2024-09-03T07:07:41.823878+00:00, run_after=2024-09-03T11:07:41.823878+00:00
[2024-09-03T11:07:41.852+0000] {processor.py:179} INFO - Processing /home/airflow-vm/data-engineer-batch-processing-financial-services/.venv/lib/python3.10/site-packages/airflow/example_dags/example_latest_only.py took 0.074 seconds
[2024-09-03T11:09:47.440+0000] {processor.py:157} INFO - Started process (PID=8290) to work on /home/airflow-vm/data-engineer-batch-processing-financial-services/.venv/lib/python3.10/site-packages/airflow/example_dags/example_latest_only.py
[2024-09-03T11:09:47.441+0000] {processor.py:826} INFO - Processing file /home/airflow-vm/data-engineer-batch-processing-financial-services/.venv/lib/python3.10/site-packages/airflow/example_dags/example_latest_only.py for tasks to queue
[2024-09-03T11:09:47.442+0000] {logging_mixin.py:149} INFO - [2024-09-03T11:09:47.442+0000] {dagbag.py:541} INFO - Filling up the DagBag from /home/airflow-vm/data-engineer-batch-processing-financial-services/.venv/lib/python3.10/site-packages/airflow/example_dags/example_latest_only.py
[2024-09-03T11:09:47.447+0000] {processor.py:836} INFO - DAG(s) dict_keys(['latest_only']) retrieved from /home/airflow-vm/data-engineer-batch-processing-financial-services/.venv/lib/python3.10/site-packages/airflow/example_dags/example_latest_only.py
[2024-09-03T11:09:47.468+0000] {logging_mixin.py:149} INFO - [2024-09-03T11:09:47.467+0000] {dag.py:2726} INFO - Sync 1 DAGs
[2024-09-03T11:09:47.490+0000] {logging_mixin.py:149} INFO - [2024-09-03T11:09:47.490+0000] {dag.py:3486} INFO - Setting next_dagrun for latest_only to 2024-09-03T07:09:47.490461+00:00, run_after=2024-09-03T11:09:47.490461+00:00
[2024-09-03T11:09:47.524+0000] {processor.py:179} INFO - Processing /home/airflow-vm/data-engineer-batch-processing-financial-services/.venv/lib/python3.10/site-packages/airflow/example_dags/example_latest_only.py took 0.086 seconds
[2024-09-03T11:11:53.611+0000] {processor.py:157} INFO - Started process (PID=9166) to work on /home/airflow-vm/data-engineer-batch-processing-financial-services/.venv/lib/python3.10/site-packages/airflow/example_dags/example_latest_only.py
[2024-09-03T11:11:53.612+0000] {processor.py:826} INFO - Processing file /home/airflow-vm/data-engineer-batch-processing-financial-services/.venv/lib/python3.10/site-packages/airflow/example_dags/example_latest_only.py for tasks to queue
[2024-09-03T11:11:53.613+0000] {logging_mixin.py:149} INFO - [2024-09-03T11:11:53.613+0000] {dagbag.py:541} INFO - Filling up the DagBag from /home/airflow-vm/data-engineer-batch-processing-financial-services/.venv/lib/python3.10/site-packages/airflow/example_dags/example_latest_only.py
[2024-09-03T11:11:53.618+0000] {processor.py:836} INFO - DAG(s) dict_keys(['latest_only']) retrieved from /home/airflow-vm/data-engineer-batch-processing-financial-services/.venv/lib/python3.10/site-packages/airflow/example_dags/example_latest_only.py
[2024-09-03T11:11:53.635+0000] {logging_mixin.py:149} INFO - [2024-09-03T11:11:53.634+0000] {dag.py:2726} INFO - Sync 1 DAGs
[2024-09-03T11:11:53.654+0000] {logging_mixin.py:149} INFO - [2024-09-03T11:11:53.654+0000] {dag.py:3486} INFO - Setting next_dagrun for latest_only to 2024-09-03T07:11:53.654453+00:00, run_after=2024-09-03T11:11:53.654453+00:00
[2024-09-03T11:11:53.687+0000] {processor.py:179} INFO - Processing /home/airflow-vm/data-engineer-batch-processing-financial-services/.venv/lib/python3.10/site-packages/airflow/example_dags/example_latest_only.py took 0.078 seconds
[2024-09-03T11:14:00.459+0000] {processor.py:157} INFO - Started process (PID=10070) to work on /home/airflow-vm/data-engineer-batch-processing-financial-services/.venv/lib/python3.10/site-packages/airflow/example_dags/example_latest_only.py
[2024-09-03T11:14:00.460+0000] {processor.py:826} INFO - Processing file /home/airflow-vm/data-engineer-batch-processing-financial-services/.venv/lib/python3.10/site-packages/airflow/example_dags/example_latest_only.py for tasks to queue
[2024-09-03T11:14:00.461+0000] {logging_mixin.py:149} INFO - [2024-09-03T11:14:00.460+0000] {dagbag.py:541} INFO - Filling up the DagBag from /home/airflow-vm/data-engineer-batch-processing-financial-services/.venv/lib/python3.10/site-packages/airflow/example_dags/example_latest_only.py
[2024-09-03T11:14:00.466+0000] {processor.py:836} INFO - DAG(s) dict_keys(['latest_only']) retrieved from /home/airflow-vm/data-engineer-batch-processing-financial-services/.venv/lib/python3.10/site-packages/airflow/example_dags/example_latest_only.py
[2024-09-03T11:14:00.485+0000] {logging_mixin.py:149} INFO - [2024-09-03T11:14:00.484+0000] {dag.py:2726} INFO - Sync 1 DAGs
[2024-09-03T11:14:00.505+0000] {logging_mixin.py:149} INFO - [2024-09-03T11:14:00.505+0000] {dag.py:3486} INFO - Setting next_dagrun for latest_only to 2024-09-03T07:14:00.504976+00:00, run_after=2024-09-03T11:14:00.504976+00:00
[2024-09-03T11:14:00.535+0000] {processor.py:179} INFO - Processing /home/airflow-vm/data-engineer-batch-processing-financial-services/.venv/lib/python3.10/site-packages/airflow/example_dags/example_latest_only.py took 0.079 seconds
[2024-09-03T11:16:04.026+0000] {processor.py:157} INFO - Started process (PID=11212) to work on /home/airflow-vm/data-engineer-batch-processing-financial-services/.venv/lib/python3.10/site-packages/airflow/example_dags/example_latest_only.py
[2024-09-03T11:16:04.027+0000] {processor.py:826} INFO - Processing file /home/airflow-vm/data-engineer-batch-processing-financial-services/.venv/lib/python3.10/site-packages/airflow/example_dags/example_latest_only.py for tasks to queue
[2024-09-03T11:16:04.027+0000] {logging_mixin.py:149} INFO - [2024-09-03T11:16:04.027+0000] {dagbag.py:541} INFO - Filling up the DagBag from /home/airflow-vm/data-engineer-batch-processing-financial-services/.venv/lib/python3.10/site-packages/airflow/example_dags/example_latest_only.py
[2024-09-03T11:16:04.032+0000] {processor.py:836} INFO - DAG(s) dict_keys(['latest_only']) retrieved from /home/airflow-vm/data-engineer-batch-processing-financial-services/.venv/lib/python3.10/site-packages/airflow/example_dags/example_latest_only.py
[2024-09-03T11:16:04.049+0000] {logging_mixin.py:149} INFO - [2024-09-03T11:16:04.048+0000] {dag.py:2726} INFO - Sync 1 DAGs
[2024-09-03T11:16:04.071+0000] {logging_mixin.py:149} INFO - [2024-09-03T11:16:04.070+0000] {dag.py:3486} INFO - Setting next_dagrun for latest_only to 2024-09-03T07:16:04.070623+00:00, run_after=2024-09-03T11:16:04.070623+00:00
[2024-09-03T11:16:04.102+0000] {processor.py:179} INFO - Processing /home/airflow-vm/data-engineer-batch-processing-financial-services/.venv/lib/python3.10/site-packages/airflow/example_dags/example_latest_only.py took 0.079 seconds
[2024-09-03T11:18:33.010+0000] {processor.py:157} INFO - Started process (PID=12602) to work on /home/airflow-vm/data-engineer-batch-processing-financial-services/.venv/lib/python3.10/site-packages/airflow/example_dags/example_latest_only.py
[2024-09-03T11:18:33.010+0000] {processor.py:826} INFO - Processing file /home/airflow-vm/data-engineer-batch-processing-financial-services/.venv/lib/python3.10/site-packages/airflow/example_dags/example_latest_only.py for tasks to queue
[2024-09-03T11:18:33.011+0000] {logging_mixin.py:149} INFO - [2024-09-03T11:18:33.011+0000] {dagbag.py:541} INFO - Filling up the DagBag from /home/airflow-vm/data-engineer-batch-processing-financial-services/.venv/lib/python3.10/site-packages/airflow/example_dags/example_latest_only.py
[2024-09-03T11:18:33.016+0000] {processor.py:836} INFO - DAG(s) dict_keys(['latest_only']) retrieved from /home/airflow-vm/data-engineer-batch-processing-financial-services/.venv/lib/python3.10/site-packages/airflow/example_dags/example_latest_only.py
[2024-09-03T11:18:33.032+0000] {logging_mixin.py:149} INFO - [2024-09-03T11:18:33.031+0000] {dag.py:2726} INFO - Sync 1 DAGs
[2024-09-03T11:18:33.051+0000] {logging_mixin.py:149} INFO - [2024-09-03T11:18:33.050+0000] {dag.py:3486} INFO - Setting next_dagrun for latest_only to 2024-09-03T07:18:33.050592+00:00, run_after=2024-09-03T11:18:33.050592+00:00
[2024-09-03T11:18:33.081+0000] {processor.py:179} INFO - Processing /home/airflow-vm/data-engineer-batch-processing-financial-services/.venv/lib/python3.10/site-packages/airflow/example_dags/example_latest_only.py took 0.074 seconds
[2024-09-03T11:21:12.620+0000] {processor.py:157} INFO - Started process (PID=13872) to work on /home/airflow-vm/data-engineer-batch-processing-financial-services/.venv/lib/python3.10/site-packages/airflow/example_dags/example_latest_only.py
[2024-09-03T11:21:12.620+0000] {processor.py:826} INFO - Processing file /home/airflow-vm/data-engineer-batch-processing-financial-services/.venv/lib/python3.10/site-packages/airflow/example_dags/example_latest_only.py for tasks to queue
[2024-09-03T11:21:12.621+0000] {logging_mixin.py:149} INFO - [2024-09-03T11:21:12.621+0000] {dagbag.py:541} INFO - Filling up the DagBag from /home/airflow-vm/data-engineer-batch-processing-financial-services/.venv/lib/python3.10/site-packages/airflow/example_dags/example_latest_only.py
[2024-09-03T11:21:12.626+0000] {processor.py:836} INFO - DAG(s) dict_keys(['latest_only']) retrieved from /home/airflow-vm/data-engineer-batch-processing-financial-services/.venv/lib/python3.10/site-packages/airflow/example_dags/example_latest_only.py
[2024-09-03T11:21:12.643+0000] {logging_mixin.py:149} INFO - [2024-09-03T11:21:12.643+0000] {dag.py:2726} INFO - Sync 1 DAGs
[2024-09-03T11:21:12.664+0000] {logging_mixin.py:149} INFO - [2024-09-03T11:21:12.664+0000] {dag.py:3486} INFO - Setting next_dagrun for latest_only to 2024-09-03T07:21:12.664134+00:00, run_after=2024-09-03T11:21:12.664134+00:00
[2024-09-03T11:21:12.697+0000] {processor.py:179} INFO - Processing /home/airflow-vm/data-engineer-batch-processing-financial-services/.venv/lib/python3.10/site-packages/airflow/example_dags/example_latest_only.py took 0.079 seconds
[2024-09-03T11:24:13.758+0000] {processor.py:157} INFO - Started process (PID=15321) to work on /home/airflow-vm/data-engineer-batch-processing-financial-services/.venv/lib/python3.10/site-packages/airflow/example_dags/example_latest_only.py
[2024-09-03T11:24:13.759+0000] {processor.py:826} INFO - Processing file /home/airflow-vm/data-engineer-batch-processing-financial-services/.venv/lib/python3.10/site-packages/airflow/example_dags/example_latest_only.py for tasks to queue
[2024-09-03T11:24:13.760+0000] {logging_mixin.py:149} INFO - [2024-09-03T11:24:13.759+0000] {dagbag.py:541} INFO - Filling up the DagBag from /home/airflow-vm/data-engineer-batch-processing-financial-services/.venv/lib/python3.10/site-packages/airflow/example_dags/example_latest_only.py
[2024-09-03T11:24:13.765+0000] {processor.py:836} INFO - DAG(s) dict_keys(['latest_only']) retrieved from /home/airflow-vm/data-engineer-batch-processing-financial-services/.venv/lib/python3.10/site-packages/airflow/example_dags/example_latest_only.py
[2024-09-03T11:24:13.784+0000] {logging_mixin.py:149} INFO - [2024-09-03T11:24:13.784+0000] {dag.py:2726} INFO - Sync 1 DAGs
[2024-09-03T11:24:13.806+0000] {logging_mixin.py:149} INFO - [2024-09-03T11:24:13.805+0000] {dag.py:3486} INFO - Setting next_dagrun for latest_only to 2024-09-03T07:24:13.805713+00:00, run_after=2024-09-03T11:24:13.805713+00:00
[2024-09-03T11:24:13.837+0000] {processor.py:179} INFO - Processing /home/airflow-vm/data-engineer-batch-processing-financial-services/.venv/lib/python3.10/site-packages/airflow/example_dags/example_latest_only.py took 0.082 seconds
[2024-09-03T11:26:57.908+0000] {processor.py:157} INFO - Started process (PID=16450) to work on /home/airflow-vm/data-engineer-batch-processing-financial-services/.venv/lib/python3.10/site-packages/airflow/example_dags/example_latest_only.py
[2024-09-03T11:26:57.909+0000] {processor.py:826} INFO - Processing file /home/airflow-vm/data-engineer-batch-processing-financial-services/.venv/lib/python3.10/site-packages/airflow/example_dags/example_latest_only.py for tasks to queue
[2024-09-03T11:26:57.909+0000] {logging_mixin.py:149} INFO - [2024-09-03T11:26:57.909+0000] {dagbag.py:541} INFO - Filling up the DagBag from /home/airflow-vm/data-engineer-batch-processing-financial-services/.venv/lib/python3.10/site-packages/airflow/example_dags/example_latest_only.py
[2024-09-03T11:26:57.914+0000] {processor.py:836} INFO - DAG(s) dict_keys(['latest_only']) retrieved from /home/airflow-vm/data-engineer-batch-processing-financial-services/.venv/lib/python3.10/site-packages/airflow/example_dags/example_latest_only.py
[2024-09-03T11:26:57.932+0000] {logging_mixin.py:149} INFO - [2024-09-03T11:26:57.932+0000] {dag.py:2726} INFO - Sync 1 DAGs
[2024-09-03T11:26:57.953+0000] {logging_mixin.py:149} INFO - [2024-09-03T11:26:57.953+0000] {dag.py:3486} INFO - Setting next_dagrun for latest_only to 2024-09-03T07:26:57.953001+00:00, run_after=2024-09-03T11:26:57.953001+00:00
[2024-09-03T11:26:57.984+0000] {processor.py:179} INFO - Processing /home/airflow-vm/data-engineer-batch-processing-financial-services/.venv/lib/python3.10/site-packages/airflow/example_dags/example_latest_only.py took 0.080 seconds
[2024-09-03T11:30:27.734+0000] {processor.py:157} INFO - Started process (PID=18382) to work on /home/airflow-vm/data-engineer-batch-processing-financial-services/.venv/lib/python3.10/site-packages/airflow/example_dags/example_latest_only.py
[2024-09-03T11:30:27.735+0000] {processor.py:826} INFO - Processing file /home/airflow-vm/data-engineer-batch-processing-financial-services/.venv/lib/python3.10/site-packages/airflow/example_dags/example_latest_only.py for tasks to queue
[2024-09-03T11:30:27.735+0000] {logging_mixin.py:149} INFO - [2024-09-03T11:30:27.735+0000] {dagbag.py:541} INFO - Filling up the DagBag from /home/airflow-vm/data-engineer-batch-processing-financial-services/.venv/lib/python3.10/site-packages/airflow/example_dags/example_latest_only.py
[2024-09-03T11:30:27.741+0000] {processor.py:836} INFO - DAG(s) dict_keys(['latest_only']) retrieved from /home/airflow-vm/data-engineer-batch-processing-financial-services/.venv/lib/python3.10/site-packages/airflow/example_dags/example_latest_only.py
[2024-09-03T11:30:27.760+0000] {logging_mixin.py:149} INFO - [2024-09-03T11:30:27.759+0000] {dag.py:2726} INFO - Sync 1 DAGs
[2024-09-03T11:30:27.783+0000] {logging_mixin.py:149} INFO - [2024-09-03T11:30:27.783+0000] {dag.py:3486} INFO - Setting next_dagrun for latest_only to 2024-09-03T07:30:27.783109+00:00, run_after=2024-09-03T11:30:27.783109+00:00
[2024-09-03T11:30:27.812+0000] {processor.py:179} INFO - Processing /home/airflow-vm/data-engineer-batch-processing-financial-services/.venv/lib/python3.10/site-packages/airflow/example_dags/example_latest_only.py took 0.081 seconds
[2024-09-03T11:34:31.665+0000] {processor.py:157} INFO - Started process (PID=20664) to work on /home/airflow-vm/data-engineer-batch-processing-financial-services/.venv/lib/python3.10/site-packages/airflow/example_dags/example_latest_only.py
[2024-09-03T11:34:31.666+0000] {processor.py:826} INFO - Processing file /home/airflow-vm/data-engineer-batch-processing-financial-services/.venv/lib/python3.10/site-packages/airflow/example_dags/example_latest_only.py for tasks to queue
[2024-09-03T11:34:31.667+0000] {logging_mixin.py:149} INFO - [2024-09-03T11:34:31.666+0000] {dagbag.py:541} INFO - Filling up the DagBag from /home/airflow-vm/data-engineer-batch-processing-financial-services/.venv/lib/python3.10/site-packages/airflow/example_dags/example_latest_only.py
[2024-09-03T11:34:31.672+0000] {processor.py:836} INFO - DAG(s) dict_keys(['latest_only']) retrieved from /home/airflow-vm/data-engineer-batch-processing-financial-services/.venv/lib/python3.10/site-packages/airflow/example_dags/example_latest_only.py
[2024-09-03T11:34:31.692+0000] {logging_mixin.py:149} INFO - [2024-09-03T11:34:31.691+0000] {dag.py:2726} INFO - Sync 1 DAGs
[2024-09-03T11:34:31.712+0000] {logging_mixin.py:149} INFO - [2024-09-03T11:34:31.712+0000] {dag.py:3486} INFO - Setting next_dagrun for latest_only to 2024-09-03T07:34:31.712392+00:00, run_after=2024-09-03T11:34:31.712392+00:00
[2024-09-03T11:34:31.743+0000] {processor.py:179} INFO - Processing /home/airflow-vm/data-engineer-batch-processing-financial-services/.venv/lib/python3.10/site-packages/airflow/example_dags/example_latest_only.py took 0.081 seconds
[2024-09-03T11:37:19.822+0000] {processor.py:157} INFO - Started process (PID=22564) to work on /home/airflow-vm/data-engineer-batch-processing-financial-services/.venv/lib/python3.10/site-packages/airflow/example_dags/example_latest_only.py
[2024-09-03T11:37:19.823+0000] {processor.py:826} INFO - Processing file /home/airflow-vm/data-engineer-batch-processing-financial-services/.venv/lib/python3.10/site-packages/airflow/example_dags/example_latest_only.py for tasks to queue
[2024-09-03T11:37:19.824+0000] {logging_mixin.py:149} INFO - [2024-09-03T11:37:19.824+0000] {dagbag.py:541} INFO - Filling up the DagBag from /home/airflow-vm/data-engineer-batch-processing-financial-services/.venv/lib/python3.10/site-packages/airflow/example_dags/example_latest_only.py
[2024-09-03T11:37:19.829+0000] {processor.py:836} INFO - DAG(s) dict_keys(['latest_only']) retrieved from /home/airflow-vm/data-engineer-batch-processing-financial-services/.venv/lib/python3.10/site-packages/airflow/example_dags/example_latest_only.py
[2024-09-03T11:37:19.849+0000] {logging_mixin.py:149} INFO - [2024-09-03T11:37:19.849+0000] {dag.py:2726} INFO - Sync 1 DAGs
[2024-09-03T11:37:19.874+0000] {logging_mixin.py:149} INFO - [2024-09-03T11:37:19.874+0000] {dag.py:3486} INFO - Setting next_dagrun for latest_only to 2024-09-03T07:37:19.874025+00:00, run_after=2024-09-03T11:37:19.874025+00:00
[2024-09-03T11:37:19.904+0000] {processor.py:179} INFO - Processing /home/airflow-vm/data-engineer-batch-processing-financial-services/.venv/lib/python3.10/site-packages/airflow/example_dags/example_latest_only.py took 0.085 seconds
[2024-09-03T11:38:08.057+0000] {processor.py:157} INFO - Started process (PID=22791) to work on /home/airflow-vm/data-engineer-batch-processing-financial-services/.venv/lib/python3.10/site-packages/airflow/example_dags/example_latest_only.py
[2024-09-03T11:38:08.058+0000] {processor.py:826} INFO - Processing file /home/airflow-vm/data-engineer-batch-processing-financial-services/.venv/lib/python3.10/site-packages/airflow/example_dags/example_latest_only.py for tasks to queue
[2024-09-03T11:38:08.059+0000] {logging_mixin.py:149} INFO - [2024-09-03T11:38:08.059+0000] {dagbag.py:541} INFO - Filling up the DagBag from /home/airflow-vm/data-engineer-batch-processing-financial-services/.venv/lib/python3.10/site-packages/airflow/example_dags/example_latest_only.py
[2024-09-03T11:38:08.064+0000] {processor.py:836} INFO - DAG(s) dict_keys(['latest_only']) retrieved from /home/airflow-vm/data-engineer-batch-processing-financial-services/.venv/lib/python3.10/site-packages/airflow/example_dags/example_latest_only.py
[2024-09-03T11:38:08.083+0000] {logging_mixin.py:149} INFO - [2024-09-03T11:38:08.083+0000] {dag.py:2726} INFO - Sync 1 DAGs
[2024-09-03T11:38:08.104+0000] {logging_mixin.py:149} INFO - [2024-09-03T11:38:08.104+0000] {dag.py:3486} INFO - Setting next_dagrun for latest_only to 2024-09-03T07:38:08.103907+00:00, run_after=2024-09-03T11:38:08.103907+00:00
[2024-09-03T11:38:08.135+0000] {processor.py:179} INFO - Processing /home/airflow-vm/data-engineer-batch-processing-financial-services/.venv/lib/python3.10/site-packages/airflow/example_dags/example_latest_only.py took 0.081 seconds
[2024-09-03T11:38:57.550+0000] {processor.py:157} INFO - Started process (PID=23018) to work on /home/airflow-vm/data-engineer-batch-processing-financial-services/.venv/lib/python3.10/site-packages/airflow/example_dags/example_latest_only.py
[2024-09-03T11:38:57.551+0000] {processor.py:826} INFO - Processing file /home/airflow-vm/data-engineer-batch-processing-financial-services/.venv/lib/python3.10/site-packages/airflow/example_dags/example_latest_only.py for tasks to queue
[2024-09-03T11:38:57.552+0000] {logging_mixin.py:149} INFO - [2024-09-03T11:38:57.552+0000] {dagbag.py:541} INFO - Filling up the DagBag from /home/airflow-vm/data-engineer-batch-processing-financial-services/.venv/lib/python3.10/site-packages/airflow/example_dags/example_latest_only.py
[2024-09-03T11:38:57.558+0000] {processor.py:836} INFO - DAG(s) dict_keys(['latest_only']) retrieved from /home/airflow-vm/data-engineer-batch-processing-financial-services/.venv/lib/python3.10/site-packages/airflow/example_dags/example_latest_only.py
[2024-09-03T11:38:57.578+0000] {logging_mixin.py:149} INFO - [2024-09-03T11:38:57.578+0000] {dag.py:2726} INFO - Sync 1 DAGs
[2024-09-03T11:38:57.599+0000] {logging_mixin.py:149} INFO - [2024-09-03T11:38:57.599+0000] {dag.py:3486} INFO - Setting next_dagrun for latest_only to 2024-09-03T07:38:57.599454+00:00, run_after=2024-09-03T11:38:57.599454+00:00
[2024-09-03T11:38:57.630+0000] {processor.py:179} INFO - Processing /home/airflow-vm/data-engineer-batch-processing-financial-services/.venv/lib/python3.10/site-packages/airflow/example_dags/example_latest_only.py took 0.082 seconds
[2024-09-03T11:39:42.991+0000] {processor.py:157} INFO - Started process (PID=23229) to work on /home/airflow-vm/data-engineer-batch-processing-financial-services/.venv/lib/python3.10/site-packages/airflow/example_dags/example_latest_only.py
[2024-09-03T11:39:42.992+0000] {processor.py:826} INFO - Processing file /home/airflow-vm/data-engineer-batch-processing-financial-services/.venv/lib/python3.10/site-packages/airflow/example_dags/example_latest_only.py for tasks to queue
[2024-09-03T11:39:42.992+0000] {logging_mixin.py:149} INFO - [2024-09-03T11:39:42.992+0000] {dagbag.py:541} INFO - Filling up the DagBag from /home/airflow-vm/data-engineer-batch-processing-financial-services/.venv/lib/python3.10/site-packages/airflow/example_dags/example_latest_only.py
[2024-09-03T11:39:42.997+0000] {processor.py:836} INFO - DAG(s) dict_keys(['latest_only']) retrieved from /home/airflow-vm/data-engineer-batch-processing-financial-services/.venv/lib/python3.10/site-packages/airflow/example_dags/example_latest_only.py
[2024-09-03T11:39:43.014+0000] {logging_mixin.py:149} INFO - [2024-09-03T11:39:43.014+0000] {dag.py:2726} INFO - Sync 1 DAGs
[2024-09-03T11:39:43.033+0000] {logging_mixin.py:149} INFO - [2024-09-03T11:39:43.033+0000] {dag.py:3486} INFO - Setting next_dagrun for latest_only to 2024-09-03T07:39:43.033575+00:00, run_after=2024-09-03T11:39:43.033575+00:00
[2024-09-03T11:39:43.063+0000] {processor.py:179} INFO - Processing /home/airflow-vm/data-engineer-batch-processing-financial-services/.venv/lib/python3.10/site-packages/airflow/example_dags/example_latest_only.py took 0.074 seconds
[2024-09-03T11:44:10.253+0000] {processor.py:157} INFO - Started process (PID=25993) to work on /home/airflow-vm/data-engineer-batch-processing-financial-services/.venv/lib/python3.10/site-packages/airflow/example_dags/example_latest_only.py
[2024-09-03T11:44:10.254+0000] {processor.py:826} INFO - Processing file /home/airflow-vm/data-engineer-batch-processing-financial-services/.venv/lib/python3.10/site-packages/airflow/example_dags/example_latest_only.py for tasks to queue
[2024-09-03T11:44:10.255+0000] {logging_mixin.py:149} INFO - [2024-09-03T11:44:10.254+0000] {dagbag.py:541} INFO - Filling up the DagBag from /home/airflow-vm/data-engineer-batch-processing-financial-services/.venv/lib/python3.10/site-packages/airflow/example_dags/example_latest_only.py
[2024-09-03T11:44:10.260+0000] {processor.py:836} INFO - DAG(s) dict_keys(['latest_only']) retrieved from /home/airflow-vm/data-engineer-batch-processing-financial-services/.venv/lib/python3.10/site-packages/airflow/example_dags/example_latest_only.py
[2024-09-03T11:44:10.280+0000] {logging_mixin.py:149} INFO - [2024-09-03T11:44:10.280+0000] {dag.py:2726} INFO - Sync 1 DAGs
[2024-09-03T11:44:10.301+0000] {logging_mixin.py:149} INFO - [2024-09-03T11:44:10.301+0000] {dag.py:3486} INFO - Setting next_dagrun for latest_only to 2024-09-03T07:44:10.301283+00:00, run_after=2024-09-03T11:44:10.301283+00:00
[2024-09-03T11:44:10.332+0000] {processor.py:179} INFO - Processing /home/airflow-vm/data-engineer-batch-processing-financial-services/.venv/lib/python3.10/site-packages/airflow/example_dags/example_latest_only.py took 0.082 seconds
[2024-09-03T11:48:19.453+0000] {processor.py:157} INFO - Started process (PID=28197) to work on /home/airflow-vm/data-engineer-batch-processing-financial-services/.venv/lib/python3.10/site-packages/airflow/example_dags/example_latest_only.py
[2024-09-03T11:48:19.454+0000] {processor.py:826} INFO - Processing file /home/airflow-vm/data-engineer-batch-processing-financial-services/.venv/lib/python3.10/site-packages/airflow/example_dags/example_latest_only.py for tasks to queue
[2024-09-03T11:48:19.454+0000] {logging_mixin.py:149} INFO - [2024-09-03T11:48:19.454+0000] {dagbag.py:541} INFO - Filling up the DagBag from /home/airflow-vm/data-engineer-batch-processing-financial-services/.venv/lib/python3.10/site-packages/airflow/example_dags/example_latest_only.py
[2024-09-03T11:48:19.459+0000] {processor.py:836} INFO - DAG(s) dict_keys(['latest_only']) retrieved from /home/airflow-vm/data-engineer-batch-processing-financial-services/.venv/lib/python3.10/site-packages/airflow/example_dags/example_latest_only.py
[2024-09-03T11:48:19.478+0000] {logging_mixin.py:149} INFO - [2024-09-03T11:48:19.478+0000] {dag.py:2726} INFO - Sync 1 DAGs
[2024-09-03T11:48:19.501+0000] {logging_mixin.py:149} INFO - [2024-09-03T11:48:19.501+0000] {dag.py:3486} INFO - Setting next_dagrun for latest_only to 2024-09-03T07:48:19.500985+00:00, run_after=2024-09-03T11:48:19.500985+00:00
[2024-09-03T11:48:19.549+0000] {processor.py:179} INFO - Processing /home/airflow-vm/data-engineer-batch-processing-financial-services/.venv/lib/python3.10/site-packages/airflow/example_dags/example_latest_only.py took 0.099 seconds
[2024-09-03T11:50:24.600+0000] {processor.py:157} INFO - Started process (PID=29656) to work on /home/airflow-vm/data-engineer-batch-processing-financial-services/.venv/lib/python3.10/site-packages/airflow/example_dags/example_latest_only.py
[2024-09-03T11:50:24.601+0000] {processor.py:826} INFO - Processing file /home/airflow-vm/data-engineer-batch-processing-financial-services/.venv/lib/python3.10/site-packages/airflow/example_dags/example_latest_only.py for tasks to queue
[2024-09-03T11:50:24.601+0000] {logging_mixin.py:149} INFO - [2024-09-03T11:50:24.601+0000] {dagbag.py:541} INFO - Filling up the DagBag from /home/airflow-vm/data-engineer-batch-processing-financial-services/.venv/lib/python3.10/site-packages/airflow/example_dags/example_latest_only.py
[2024-09-03T11:50:24.606+0000] {processor.py:836} INFO - DAG(s) dict_keys(['latest_only']) retrieved from /home/airflow-vm/data-engineer-batch-processing-financial-services/.venv/lib/python3.10/site-packages/airflow/example_dags/example_latest_only.py
[2024-09-03T11:50:24.622+0000] {logging_mixin.py:149} INFO - [2024-09-03T11:50:24.622+0000] {dag.py:2726} INFO - Sync 1 DAGs
[2024-09-03T11:50:24.641+0000] {logging_mixin.py:149} INFO - [2024-09-03T11:50:24.641+0000] {dag.py:3486} INFO - Setting next_dagrun for latest_only to 2024-09-03T07:50:24.641179+00:00, run_after=2024-09-03T11:50:24.641179+00:00
[2024-09-03T11:50:24.669+0000] {processor.py:179} INFO - Processing /home/airflow-vm/data-engineer-batch-processing-financial-services/.venv/lib/python3.10/site-packages/airflow/example_dags/example_latest_only.py took 0.071 seconds
[2024-09-03T11:51:08.686+0000] {processor.py:157} INFO - Started process (PID=29703) to work on /home/airflow-vm/data-engineer-batch-processing-financial-services/.venv/lib/python3.10/site-packages/airflow/example_dags/example_latest_only.py
[2024-09-03T11:51:08.687+0000] {processor.py:826} INFO - Processing file /home/airflow-vm/data-engineer-batch-processing-financial-services/.venv/lib/python3.10/site-packages/airflow/example_dags/example_latest_only.py for tasks to queue
[2024-09-03T11:51:08.687+0000] {logging_mixin.py:149} INFO - [2024-09-03T11:51:08.687+0000] {dagbag.py:541} INFO - Filling up the DagBag from /home/airflow-vm/data-engineer-batch-processing-financial-services/.venv/lib/python3.10/site-packages/airflow/example_dags/example_latest_only.py
[2024-09-03T11:51:08.692+0000] {processor.py:836} INFO - DAG(s) dict_keys(['latest_only']) retrieved from /home/airflow-vm/data-engineer-batch-processing-financial-services/.venv/lib/python3.10/site-packages/airflow/example_dags/example_latest_only.py
[2024-09-03T11:51:08.708+0000] {logging_mixin.py:149} INFO - [2024-09-03T11:51:08.708+0000] {dag.py:2726} INFO - Sync 1 DAGs
[2024-09-03T11:51:08.727+0000] {logging_mixin.py:149} INFO - [2024-09-03T11:51:08.727+0000] {dag.py:3486} INFO - Setting next_dagrun for latest_only to 2024-09-03T07:51:08.727148+00:00, run_after=2024-09-03T11:51:08.727148+00:00
[2024-09-03T11:51:08.758+0000] {processor.py:179} INFO - Processing /home/airflow-vm/data-engineer-batch-processing-financial-services/.venv/lib/python3.10/site-packages/airflow/example_dags/example_latest_only.py took 0.074 seconds
[2024-09-03T11:51:52.576+0000] {processor.py:157} INFO - Started process (PID=29752) to work on /home/airflow-vm/data-engineer-batch-processing-financial-services/.venv/lib/python3.10/site-packages/airflow/example_dags/example_latest_only.py
[2024-09-03T11:51:52.577+0000] {processor.py:826} INFO - Processing file /home/airflow-vm/data-engineer-batch-processing-financial-services/.venv/lib/python3.10/site-packages/airflow/example_dags/example_latest_only.py for tasks to queue
[2024-09-03T11:51:52.578+0000] {logging_mixin.py:149} INFO - [2024-09-03T11:51:52.578+0000] {dagbag.py:541} INFO - Filling up the DagBag from /home/airflow-vm/data-engineer-batch-processing-financial-services/.venv/lib/python3.10/site-packages/airflow/example_dags/example_latest_only.py
[2024-09-03T11:51:52.583+0000] {processor.py:836} INFO - DAG(s) dict_keys(['latest_only']) retrieved from /home/airflow-vm/data-engineer-batch-processing-financial-services/.venv/lib/python3.10/site-packages/airflow/example_dags/example_latest_only.py
[2024-09-03T11:51:52.600+0000] {logging_mixin.py:149} INFO - [2024-09-03T11:51:52.600+0000] {dag.py:2726} INFO - Sync 1 DAGs
[2024-09-03T11:51:52.619+0000] {logging_mixin.py:149} INFO - [2024-09-03T11:51:52.619+0000] {dag.py:3486} INFO - Setting next_dagrun for latest_only to 2024-09-03T07:51:52.619428+00:00, run_after=2024-09-03T11:51:52.619428+00:00
[2024-09-03T11:51:52.647+0000] {processor.py:179} INFO - Processing /home/airflow-vm/data-engineer-batch-processing-financial-services/.venv/lib/python3.10/site-packages/airflow/example_dags/example_latest_only.py took 0.074 seconds
[2024-09-03T11:52:38.831+0000] {processor.py:157} INFO - Started process (PID=29799) to work on /home/airflow-vm/data-engineer-batch-processing-financial-services/.venv/lib/python3.10/site-packages/airflow/example_dags/example_latest_only.py
[2024-09-03T11:52:38.832+0000] {processor.py:826} INFO - Processing file /home/airflow-vm/data-engineer-batch-processing-financial-services/.venv/lib/python3.10/site-packages/airflow/example_dags/example_latest_only.py for tasks to queue
[2024-09-03T11:52:38.833+0000] {logging_mixin.py:149} INFO - [2024-09-03T11:52:38.832+0000] {dagbag.py:541} INFO - Filling up the DagBag from /home/airflow-vm/data-engineer-batch-processing-financial-services/.venv/lib/python3.10/site-packages/airflow/example_dags/example_latest_only.py
[2024-09-03T11:52:38.838+0000] {processor.py:836} INFO - DAG(s) dict_keys(['latest_only']) retrieved from /home/airflow-vm/data-engineer-batch-processing-financial-services/.venv/lib/python3.10/site-packages/airflow/example_dags/example_latest_only.py
[2024-09-03T11:52:38.855+0000] {logging_mixin.py:149} INFO - [2024-09-03T11:52:38.855+0000] {dag.py:2726} INFO - Sync 1 DAGs
[2024-09-03T11:52:38.877+0000] {logging_mixin.py:149} INFO - [2024-09-03T11:52:38.877+0000] {dag.py:3486} INFO - Setting next_dagrun for latest_only to 2024-09-03T07:52:38.877159+00:00, run_after=2024-09-03T11:52:38.877159+00:00
[2024-09-03T11:52:38.909+0000] {processor.py:179} INFO - Processing /home/airflow-vm/data-engineer-batch-processing-financial-services/.venv/lib/python3.10/site-packages/airflow/example_dags/example_latest_only.py took 0.080 seconds
[2024-09-03T11:53:26.199+0000] {processor.py:157} INFO - Started process (PID=29875) to work on /home/airflow-vm/data-engineer-batch-processing-financial-services/.venv/lib/python3.10/site-packages/airflow/example_dags/example_latest_only.py
[2024-09-03T11:53:26.200+0000] {processor.py:826} INFO - Processing file /home/airflow-vm/data-engineer-batch-processing-financial-services/.venv/lib/python3.10/site-packages/airflow/example_dags/example_latest_only.py for tasks to queue
[2024-09-03T11:53:26.201+0000] {logging_mixin.py:149} INFO - [2024-09-03T11:53:26.201+0000] {dagbag.py:541} INFO - Filling up the DagBag from /home/airflow-vm/data-engineer-batch-processing-financial-services/.venv/lib/python3.10/site-packages/airflow/example_dags/example_latest_only.py
[2024-09-03T11:53:26.206+0000] {processor.py:836} INFO - DAG(s) dict_keys(['latest_only']) retrieved from /home/airflow-vm/data-engineer-batch-processing-financial-services/.venv/lib/python3.10/site-packages/airflow/example_dags/example_latest_only.py
[2024-09-03T11:53:26.226+0000] {logging_mixin.py:149} INFO - [2024-09-03T11:53:26.226+0000] {dag.py:2726} INFO - Sync 1 DAGs
[2024-09-03T11:53:26.248+0000] {logging_mixin.py:149} INFO - [2024-09-03T11:53:26.248+0000] {dag.py:3486} INFO - Setting next_dagrun for latest_only to 2024-09-03T07:53:26.247826+00:00, run_after=2024-09-03T11:53:26.247826+00:00
[2024-09-03T11:53:26.283+0000] {processor.py:179} INFO - Processing /home/airflow-vm/data-engineer-batch-processing-financial-services/.venv/lib/python3.10/site-packages/airflow/example_dags/example_latest_only.py took 0.087 seconds
[2024-09-03T11:54:14.151+0000] {processor.py:157} INFO - Started process (PID=29924) to work on /home/airflow-vm/data-engineer-batch-processing-financial-services/.venv/lib/python3.10/site-packages/airflow/example_dags/example_latest_only.py
[2024-09-03T11:54:14.152+0000] {processor.py:826} INFO - Processing file /home/airflow-vm/data-engineer-batch-processing-financial-services/.venv/lib/python3.10/site-packages/airflow/example_dags/example_latest_only.py for tasks to queue
[2024-09-03T11:54:14.153+0000] {logging_mixin.py:149} INFO - [2024-09-03T11:54:14.153+0000] {dagbag.py:541} INFO - Filling up the DagBag from /home/airflow-vm/data-engineer-batch-processing-financial-services/.venv/lib/python3.10/site-packages/airflow/example_dags/example_latest_only.py
[2024-09-03T11:54:14.159+0000] {processor.py:836} INFO - DAG(s) dict_keys(['latest_only']) retrieved from /home/airflow-vm/data-engineer-batch-processing-financial-services/.venv/lib/python3.10/site-packages/airflow/example_dags/example_latest_only.py
[2024-09-03T11:54:14.178+0000] {logging_mixin.py:149} INFO - [2024-09-03T11:54:14.178+0000] {dag.py:2726} INFO - Sync 1 DAGs
[2024-09-03T11:54:14.200+0000] {logging_mixin.py:149} INFO - [2024-09-03T11:54:14.200+0000] {dag.py:3486} INFO - Setting next_dagrun for latest_only to 2024-09-03T07:54:14.200093+00:00, run_after=2024-09-03T11:54:14.200093+00:00
[2024-09-03T11:54:14.232+0000] {processor.py:179} INFO - Processing /home/airflow-vm/data-engineer-batch-processing-financial-services/.venv/lib/python3.10/site-packages/airflow/example_dags/example_latest_only.py took 0.083 seconds
[2024-09-03T11:55:03.935+0000] {processor.py:157} INFO - Started process (PID=29981) to work on /home/airflow-vm/data-engineer-batch-processing-financial-services/.venv/lib/python3.10/site-packages/airflow/example_dags/example_latest_only.py
[2024-09-03T11:55:03.936+0000] {processor.py:826} INFO - Processing file /home/airflow-vm/data-engineer-batch-processing-financial-services/.venv/lib/python3.10/site-packages/airflow/example_dags/example_latest_only.py for tasks to queue
[2024-09-03T11:55:03.936+0000] {logging_mixin.py:149} INFO - [2024-09-03T11:55:03.936+0000] {dagbag.py:541} INFO - Filling up the DagBag from /home/airflow-vm/data-engineer-batch-processing-financial-services/.venv/lib/python3.10/site-packages/airflow/example_dags/example_latest_only.py
[2024-09-03T11:55:03.941+0000] {processor.py:836} INFO - DAG(s) dict_keys(['latest_only']) retrieved from /home/airflow-vm/data-engineer-batch-processing-financial-services/.venv/lib/python3.10/site-packages/airflow/example_dags/example_latest_only.py
[2024-09-03T11:55:03.958+0000] {logging_mixin.py:149} INFO - [2024-09-03T11:55:03.958+0000] {dag.py:2726} INFO - Sync 1 DAGs
[2024-09-03T11:55:03.978+0000] {logging_mixin.py:149} INFO - [2024-09-03T11:55:03.978+0000] {dag.py:3486} INFO - Setting next_dagrun for latest_only to 2024-09-03T07:55:03.977816+00:00, run_after=2024-09-03T11:55:03.977816+00:00
[2024-09-03T11:55:04.009+0000] {processor.py:179} INFO - Processing /home/airflow-vm/data-engineer-batch-processing-financial-services/.venv/lib/python3.10/site-packages/airflow/example_dags/example_latest_only.py took 0.077 seconds
[2024-09-03T11:55:47.858+0000] {processor.py:157} INFO - Started process (PID=30029) to work on /home/airflow-vm/data-engineer-batch-processing-financial-services/.venv/lib/python3.10/site-packages/airflow/example_dags/example_latest_only.py
[2024-09-03T11:55:47.859+0000] {processor.py:826} INFO - Processing file /home/airflow-vm/data-engineer-batch-processing-financial-services/.venv/lib/python3.10/site-packages/airflow/example_dags/example_latest_only.py for tasks to queue
[2024-09-03T11:55:47.860+0000] {logging_mixin.py:149} INFO - [2024-09-03T11:55:47.860+0000] {dagbag.py:541} INFO - Filling up the DagBag from /home/airflow-vm/data-engineer-batch-processing-financial-services/.venv/lib/python3.10/site-packages/airflow/example_dags/example_latest_only.py
[2024-09-03T11:55:47.865+0000] {processor.py:836} INFO - DAG(s) dict_keys(['latest_only']) retrieved from /home/airflow-vm/data-engineer-batch-processing-financial-services/.venv/lib/python3.10/site-packages/airflow/example_dags/example_latest_only.py
[2024-09-03T11:55:47.883+0000] {logging_mixin.py:149} INFO - [2024-09-03T11:55:47.883+0000] {dag.py:2726} INFO - Sync 1 DAGs
[2024-09-03T11:55:47.904+0000] {logging_mixin.py:149} INFO - [2024-09-03T11:55:47.903+0000] {dag.py:3486} INFO - Setting next_dagrun for latest_only to 2024-09-03T07:55:47.903766+00:00, run_after=2024-09-03T11:55:47.903766+00:00
[2024-09-03T11:55:47.933+0000] {processor.py:179} INFO - Processing /home/airflow-vm/data-engineer-batch-processing-financial-services/.venv/lib/python3.10/site-packages/airflow/example_dags/example_latest_only.py took 0.077 seconds
[2024-09-03T11:56:35.351+0000] {processor.py:157} INFO - Started process (PID=30079) to work on /home/airflow-vm/data-engineer-batch-processing-financial-services/.venv/lib/python3.10/site-packages/airflow/example_dags/example_latest_only.py
[2024-09-03T11:56:35.352+0000] {processor.py:826} INFO - Processing file /home/airflow-vm/data-engineer-batch-processing-financial-services/.venv/lib/python3.10/site-packages/airflow/example_dags/example_latest_only.py for tasks to queue
[2024-09-03T11:56:35.353+0000] {logging_mixin.py:149} INFO - [2024-09-03T11:56:35.353+0000] {dagbag.py:541} INFO - Filling up the DagBag from /home/airflow-vm/data-engineer-batch-processing-financial-services/.venv/lib/python3.10/site-packages/airflow/example_dags/example_latest_only.py
[2024-09-03T11:56:35.359+0000] {processor.py:836} INFO - DAG(s) dict_keys(['latest_only']) retrieved from /home/airflow-vm/data-engineer-batch-processing-financial-services/.venv/lib/python3.10/site-packages/airflow/example_dags/example_latest_only.py
[2024-09-03T11:56:35.379+0000] {logging_mixin.py:149} INFO - [2024-09-03T11:56:35.378+0000] {dag.py:2726} INFO - Sync 1 DAGs
[2024-09-03T11:56:35.400+0000] {logging_mixin.py:149} INFO - [2024-09-03T11:56:35.400+0000] {dag.py:3486} INFO - Setting next_dagrun for latest_only to 2024-09-03T07:56:35.399813+00:00, run_after=2024-09-03T11:56:35.399813+00:00
[2024-09-03T11:56:35.430+0000] {processor.py:179} INFO - Processing /home/airflow-vm/data-engineer-batch-processing-financial-services/.venv/lib/python3.10/site-packages/airflow/example_dags/example_latest_only.py took 0.081 seconds
