[2024-09-03T10:58:33.629+0000] {processor.py:157} INFO - Started process (PID=3624) to work on /home/airflow-vm/data-engineer-batch-processing-financial-services/.venv/lib/python3.10/site-packages/airflow/example_dags/example_bash_operator.py
[2024-09-03T10:58:33.630+0000] {processor.py:826} INFO - Processing file /home/airflow-vm/data-engineer-batch-processing-financial-services/.venv/lib/python3.10/site-packages/airflow/example_dags/example_bash_operator.py for tasks to queue
[2024-09-03T10:58:33.631+0000] {logging_mixin.py:149} INFO - [2024-09-03T10:58:33.631+0000] {dagbag.py:541} INFO - Filling up the DagBag from /home/airflow-vm/data-engineer-batch-processing-financial-services/.venv/lib/python3.10/site-packages/airflow/example_dags/example_bash_operator.py
[2024-09-03T10:58:33.643+0000] {processor.py:836} INFO - DAG(s) dict_keys(['example_bash_operator']) retrieved from /home/airflow-vm/data-engineer-batch-processing-financial-services/.venv/lib/python3.10/site-packages/airflow/example_dags/example_bash_operator.py
[2024-09-03T10:58:33.673+0000] {logging_mixin.py:149} INFO - [2024-09-03T10:58:33.673+0000] {dag.py:2726} INFO - Sync 1 DAGs
[2024-09-03T10:58:33.695+0000] {logging_mixin.py:149} INFO - [2024-09-03T10:58:33.694+0000] {dag.py:3486} INFO - Setting next_dagrun for example_bash_operator to 2024-09-02T00:00:00+00:00, run_after=2024-09-03T00:00:00+00:00
[2024-09-03T10:58:33.726+0000] {processor.py:179} INFO - Processing /home/airflow-vm/data-engineer-batch-processing-financial-services/.venv/lib/python3.10/site-packages/airflow/example_dags/example_bash_operator.py took 0.099 seconds
[2024-09-03T10:59:23.078+0000] {processor.py:157} INFO - Started process (PID=3840) to work on /home/airflow-vm/data-engineer-batch-processing-financial-services/.venv/lib/python3.10/site-packages/airflow/example_dags/example_bash_operator.py
[2024-09-03T10:59:23.078+0000] {processor.py:826} INFO - Processing file /home/airflow-vm/data-engineer-batch-processing-financial-services/.venv/lib/python3.10/site-packages/airflow/example_dags/example_bash_operator.py for tasks to queue
[2024-09-03T10:59:23.079+0000] {logging_mixin.py:149} INFO - [2024-09-03T10:59:23.079+0000] {dagbag.py:541} INFO - Filling up the DagBag from /home/airflow-vm/data-engineer-batch-processing-financial-services/.venv/lib/python3.10/site-packages/airflow/example_dags/example_bash_operator.py
[2024-09-03T10:59:23.092+0000] {processor.py:836} INFO - DAG(s) dict_keys(['example_bash_operator']) retrieved from /home/airflow-vm/data-engineer-batch-processing-financial-services/.venv/lib/python3.10/site-packages/airflow/example_dags/example_bash_operator.py
[2024-09-03T10:59:23.121+0000] {logging_mixin.py:149} INFO - [2024-09-03T10:59:23.121+0000] {dag.py:2726} INFO - Sync 1 DAGs
[2024-09-03T10:59:23.141+0000] {logging_mixin.py:149} INFO - [2024-09-03T10:59:23.141+0000] {dag.py:3486} INFO - Setting next_dagrun for example_bash_operator to 2024-09-02T00:00:00+00:00, run_after=2024-09-03T00:00:00+00:00
[2024-09-03T10:59:23.170+0000] {processor.py:179} INFO - Processing /home/airflow-vm/data-engineer-batch-processing-financial-services/.venv/lib/python3.10/site-packages/airflow/example_dags/example_bash_operator.py took 0.095 seconds
[2024-09-03T11:00:06.879+0000] {processor.py:157} INFO - Started process (PID=4026) to work on /home/airflow-vm/data-engineer-batch-processing-financial-services/.venv/lib/python3.10/site-packages/airflow/example_dags/example_bash_operator.py
[2024-09-03T11:00:06.880+0000] {processor.py:826} INFO - Processing file /home/airflow-vm/data-engineer-batch-processing-financial-services/.venv/lib/python3.10/site-packages/airflow/example_dags/example_bash_operator.py for tasks to queue
[2024-09-03T11:00:06.881+0000] {logging_mixin.py:149} INFO - [2024-09-03T11:00:06.881+0000] {dagbag.py:541} INFO - Filling up the DagBag from /home/airflow-vm/data-engineer-batch-processing-financial-services/.venv/lib/python3.10/site-packages/airflow/example_dags/example_bash_operator.py
[2024-09-03T11:00:06.894+0000] {processor.py:836} INFO - DAG(s) dict_keys(['example_bash_operator']) retrieved from /home/airflow-vm/data-engineer-batch-processing-financial-services/.venv/lib/python3.10/site-packages/airflow/example_dags/example_bash_operator.py
[2024-09-03T11:00:06.925+0000] {logging_mixin.py:149} INFO - [2024-09-03T11:00:06.925+0000] {dag.py:2726} INFO - Sync 1 DAGs
[2024-09-03T11:00:06.946+0000] {logging_mixin.py:149} INFO - [2024-09-03T11:00:06.945+0000] {dag.py:3486} INFO - Setting next_dagrun for example_bash_operator to 2024-09-02T00:00:00+00:00, run_after=2024-09-03T00:00:00+00:00
[2024-09-03T11:00:06.979+0000] {processor.py:179} INFO - Processing /home/airflow-vm/data-engineer-batch-processing-financial-services/.venv/lib/python3.10/site-packages/airflow/example_dags/example_bash_operator.py took 0.102 seconds
[2024-09-03T11:00:52.174+0000] {processor.py:157} INFO - Started process (PID=4528) to work on /home/airflow-vm/data-engineer-batch-processing-financial-services/.venv/lib/python3.10/site-packages/airflow/example_dags/example_bash_operator.py
[2024-09-03T11:00:52.174+0000] {processor.py:826} INFO - Processing file /home/airflow-vm/data-engineer-batch-processing-financial-services/.venv/lib/python3.10/site-packages/airflow/example_dags/example_bash_operator.py for tasks to queue
[2024-09-03T11:00:52.175+0000] {logging_mixin.py:149} INFO - [2024-09-03T11:00:52.175+0000] {dagbag.py:541} INFO - Filling up the DagBag from /home/airflow-vm/data-engineer-batch-processing-financial-services/.venv/lib/python3.10/site-packages/airflow/example_dags/example_bash_operator.py
[2024-09-03T11:00:52.188+0000] {processor.py:836} INFO - DAG(s) dict_keys(['example_bash_operator']) retrieved from /home/airflow-vm/data-engineer-batch-processing-financial-services/.venv/lib/python3.10/site-packages/airflow/example_dags/example_bash_operator.py
[2024-09-03T11:00:52.218+0000] {logging_mixin.py:149} INFO - [2024-09-03T11:00:52.218+0000] {dag.py:2726} INFO - Sync 1 DAGs
[2024-09-03T11:00:52.239+0000] {logging_mixin.py:149} INFO - [2024-09-03T11:00:52.239+0000] {dag.py:3486} INFO - Setting next_dagrun for example_bash_operator to 2024-09-02T00:00:00+00:00, run_after=2024-09-03T00:00:00+00:00
[2024-09-03T11:00:52.266+0000] {processor.py:179} INFO - Processing /home/airflow-vm/data-engineer-batch-processing-financial-services/.venv/lib/python3.10/site-packages/airflow/example_dags/example_bash_operator.py took 0.095 seconds
[2024-09-03T11:01:42.212+0000] {processor.py:157} INFO - Started process (PID=4764) to work on /home/airflow-vm/data-engineer-batch-processing-financial-services/.venv/lib/python3.10/site-packages/airflow/example_dags/example_bash_operator.py
[2024-09-03T11:01:42.213+0000] {processor.py:826} INFO - Processing file /home/airflow-vm/data-engineer-batch-processing-financial-services/.venv/lib/python3.10/site-packages/airflow/example_dags/example_bash_operator.py for tasks to queue
[2024-09-03T11:01:42.214+0000] {logging_mixin.py:149} INFO - [2024-09-03T11:01:42.214+0000] {dagbag.py:541} INFO - Filling up the DagBag from /home/airflow-vm/data-engineer-batch-processing-financial-services/.venv/lib/python3.10/site-packages/airflow/example_dags/example_bash_operator.py
[2024-09-03T11:01:42.227+0000] {processor.py:836} INFO - DAG(s) dict_keys(['example_bash_operator']) retrieved from /home/airflow-vm/data-engineer-batch-processing-financial-services/.venv/lib/python3.10/site-packages/airflow/example_dags/example_bash_operator.py
[2024-09-03T11:01:42.256+0000] {logging_mixin.py:149} INFO - [2024-09-03T11:01:42.256+0000] {dag.py:2726} INFO - Sync 1 DAGs
[2024-09-03T11:01:42.279+0000] {logging_mixin.py:149} INFO - [2024-09-03T11:01:42.279+0000] {dag.py:3486} INFO - Setting next_dagrun for example_bash_operator to 2024-09-02T00:00:00+00:00, run_after=2024-09-03T00:00:00+00:00
[2024-09-03T11:01:42.306+0000] {processor.py:179} INFO - Processing /home/airflow-vm/data-engineer-batch-processing-financial-services/.venv/lib/python3.10/site-packages/airflow/example_dags/example_bash_operator.py took 0.096 seconds
[2024-09-03T11:02:28.057+0000] {processor.py:157} INFO - Started process (PID=4822) to work on /home/airflow-vm/data-engineer-batch-processing-financial-services/.venv/lib/python3.10/site-packages/airflow/example_dags/example_bash_operator.py
[2024-09-03T11:02:28.058+0000] {processor.py:826} INFO - Processing file /home/airflow-vm/data-engineer-batch-processing-financial-services/.venv/lib/python3.10/site-packages/airflow/example_dags/example_bash_operator.py for tasks to queue
[2024-09-03T11:02:28.059+0000] {logging_mixin.py:149} INFO - [2024-09-03T11:02:28.059+0000] {dagbag.py:541} INFO - Filling up the DagBag from /home/airflow-vm/data-engineer-batch-processing-financial-services/.venv/lib/python3.10/site-packages/airflow/example_dags/example_bash_operator.py
[2024-09-03T11:02:28.072+0000] {processor.py:836} INFO - DAG(s) dict_keys(['example_bash_operator']) retrieved from /home/airflow-vm/data-engineer-batch-processing-financial-services/.venv/lib/python3.10/site-packages/airflow/example_dags/example_bash_operator.py
[2024-09-03T11:02:28.102+0000] {logging_mixin.py:149} INFO - [2024-09-03T11:02:28.102+0000] {dag.py:2726} INFO - Sync 1 DAGs
[2024-09-03T11:02:28.123+0000] {logging_mixin.py:149} INFO - [2024-09-03T11:02:28.123+0000] {dag.py:3486} INFO - Setting next_dagrun for example_bash_operator to 2024-09-02T00:00:00+00:00, run_after=2024-09-03T00:00:00+00:00
[2024-09-03T11:02:28.153+0000] {processor.py:179} INFO - Processing /home/airflow-vm/data-engineer-batch-processing-financial-services/.venv/lib/python3.10/site-packages/airflow/example_dags/example_bash_operator.py took 0.099 seconds
[2024-09-03T11:03:16.556+0000] {processor.py:157} INFO - Started process (PID=5123) to work on /home/airflow-vm/data-engineer-batch-processing-financial-services/.venv/lib/python3.10/site-packages/airflow/example_dags/example_bash_operator.py
[2024-09-03T11:03:16.557+0000] {processor.py:826} INFO - Processing file /home/airflow-vm/data-engineer-batch-processing-financial-services/.venv/lib/python3.10/site-packages/airflow/example_dags/example_bash_operator.py for tasks to queue
[2024-09-03T11:03:16.558+0000] {logging_mixin.py:149} INFO - [2024-09-03T11:03:16.558+0000] {dagbag.py:541} INFO - Filling up the DagBag from /home/airflow-vm/data-engineer-batch-processing-financial-services/.venv/lib/python3.10/site-packages/airflow/example_dags/example_bash_operator.py
[2024-09-03T11:03:16.571+0000] {processor.py:836} INFO - DAG(s) dict_keys(['example_bash_operator']) retrieved from /home/airflow-vm/data-engineer-batch-processing-financial-services/.venv/lib/python3.10/site-packages/airflow/example_dags/example_bash_operator.py
[2024-09-03T11:03:16.601+0000] {logging_mixin.py:149} INFO - [2024-09-03T11:03:16.601+0000] {dag.py:2726} INFO - Sync 1 DAGs
[2024-09-03T11:03:16.622+0000] {logging_mixin.py:149} INFO - [2024-09-03T11:03:16.621+0000] {dag.py:3486} INFO - Setting next_dagrun for example_bash_operator to 2024-09-02T00:00:00+00:00, run_after=2024-09-03T00:00:00+00:00
[2024-09-03T11:03:16.649+0000] {processor.py:179} INFO - Processing /home/airflow-vm/data-engineer-batch-processing-financial-services/.venv/lib/python3.10/site-packages/airflow/example_dags/example_bash_operator.py took 0.095 seconds
[2024-09-03T11:06:04.175+0000] {processor.py:157} INFO - Started process (PID=6761) to work on /home/airflow-vm/data-engineer-batch-processing-financial-services/.venv/lib/python3.10/site-packages/airflow/example_dags/example_bash_operator.py
[2024-09-03T11:06:04.176+0000] {processor.py:826} INFO - Processing file /home/airflow-vm/data-engineer-batch-processing-financial-services/.venv/lib/python3.10/site-packages/airflow/example_dags/example_bash_operator.py for tasks to queue
[2024-09-03T11:06:04.177+0000] {logging_mixin.py:149} INFO - [2024-09-03T11:06:04.177+0000] {dagbag.py:541} INFO - Filling up the DagBag from /home/airflow-vm/data-engineer-batch-processing-financial-services/.venv/lib/python3.10/site-packages/airflow/example_dags/example_bash_operator.py
[2024-09-03T11:06:04.189+0000] {processor.py:836} INFO - DAG(s) dict_keys(['example_bash_operator']) retrieved from /home/airflow-vm/data-engineer-batch-processing-financial-services/.venv/lib/python3.10/site-packages/airflow/example_dags/example_bash_operator.py
[2024-09-03T11:06:04.220+0000] {logging_mixin.py:149} INFO - [2024-09-03T11:06:04.219+0000] {dag.py:2726} INFO - Sync 1 DAGs
[2024-09-03T11:06:04.240+0000] {logging_mixin.py:149} INFO - [2024-09-03T11:06:04.240+0000] {dag.py:3486} INFO - Setting next_dagrun for example_bash_operator to 2024-09-02T00:00:00+00:00, run_after=2024-09-03T00:00:00+00:00
[2024-09-03T11:06:04.267+0000] {processor.py:179} INFO - Processing /home/airflow-vm/data-engineer-batch-processing-financial-services/.venv/lib/python3.10/site-packages/airflow/example_dags/example_bash_operator.py took 0.095 seconds
[2024-09-03T11:10:08.778+0000] {processor.py:157} INFO - Started process (PID=8441) to work on /home/airflow-vm/data-engineer-batch-processing-financial-services/.venv/lib/python3.10/site-packages/airflow/example_dags/example_bash_operator.py
[2024-09-03T11:10:08.779+0000] {processor.py:826} INFO - Processing file /home/airflow-vm/data-engineer-batch-processing-financial-services/.venv/lib/python3.10/site-packages/airflow/example_dags/example_bash_operator.py for tasks to queue
[2024-09-03T11:10:08.779+0000] {logging_mixin.py:149} INFO - [2024-09-03T11:10:08.779+0000] {dagbag.py:541} INFO - Filling up the DagBag from /home/airflow-vm/data-engineer-batch-processing-financial-services/.venv/lib/python3.10/site-packages/airflow/example_dags/example_bash_operator.py
[2024-09-03T11:10:08.792+0000] {processor.py:836} INFO - DAG(s) dict_keys(['example_bash_operator']) retrieved from /home/airflow-vm/data-engineer-batch-processing-financial-services/.venv/lib/python3.10/site-packages/airflow/example_dags/example_bash_operator.py
[2024-09-03T11:10:08.823+0000] {logging_mixin.py:149} INFO - [2024-09-03T11:10:08.823+0000] {dag.py:2726} INFO - Sync 1 DAGs
[2024-09-03T11:10:08.843+0000] {logging_mixin.py:149} INFO - [2024-09-03T11:10:08.843+0000] {dag.py:3486} INFO - Setting next_dagrun for example_bash_operator to 2024-09-02T00:00:00+00:00, run_after=2024-09-03T00:00:00+00:00
[2024-09-03T11:10:08.874+0000] {processor.py:179} INFO - Processing /home/airflow-vm/data-engineer-batch-processing-financial-services/.venv/lib/python3.10/site-packages/airflow/example_dags/example_bash_operator.py took 0.099 seconds
[2024-09-03T11:14:32.920+0000] {processor.py:157} INFO - Started process (PID=10298) to work on /home/airflow-vm/data-engineer-batch-processing-financial-services/.venv/lib/python3.10/site-packages/airflow/example_dags/example_bash_operator.py
[2024-09-03T11:14:32.921+0000] {processor.py:826} INFO - Processing file /home/airflow-vm/data-engineer-batch-processing-financial-services/.venv/lib/python3.10/site-packages/airflow/example_dags/example_bash_operator.py for tasks to queue
[2024-09-03T11:14:32.921+0000] {logging_mixin.py:149} INFO - [2024-09-03T11:14:32.921+0000] {dagbag.py:541} INFO - Filling up the DagBag from /home/airflow-vm/data-engineer-batch-processing-financial-services/.venv/lib/python3.10/site-packages/airflow/example_dags/example_bash_operator.py
[2024-09-03T11:14:32.934+0000] {processor.py:836} INFO - DAG(s) dict_keys(['example_bash_operator']) retrieved from /home/airflow-vm/data-engineer-batch-processing-financial-services/.venv/lib/python3.10/site-packages/airflow/example_dags/example_bash_operator.py
[2024-09-03T11:14:32.966+0000] {logging_mixin.py:149} INFO - [2024-09-03T11:14:32.966+0000] {dag.py:2726} INFO - Sync 1 DAGs
[2024-09-03T11:14:32.988+0000] {logging_mixin.py:149} INFO - [2024-09-03T11:14:32.988+0000] {dag.py:3486} INFO - Setting next_dagrun for example_bash_operator to 2024-09-02T00:00:00+00:00, run_after=2024-09-03T00:00:00+00:00
[2024-09-03T11:14:33.017+0000] {processor.py:179} INFO - Processing /home/airflow-vm/data-engineer-batch-processing-financial-services/.venv/lib/python3.10/site-packages/airflow/example_dags/example_bash_operator.py took 0.100 seconds
[2024-09-03T11:18:58.798+0000] {processor.py:157} INFO - Started process (PID=12806) to work on /home/airflow-vm/data-engineer-batch-processing-financial-services/.venv/lib/python3.10/site-packages/airflow/example_dags/example_bash_operator.py
[2024-09-03T11:18:58.799+0000] {processor.py:826} INFO - Processing file /home/airflow-vm/data-engineer-batch-processing-financial-services/.venv/lib/python3.10/site-packages/airflow/example_dags/example_bash_operator.py for tasks to queue
[2024-09-03T11:18:58.799+0000] {logging_mixin.py:149} INFO - [2024-09-03T11:18:58.799+0000] {dagbag.py:541} INFO - Filling up the DagBag from /home/airflow-vm/data-engineer-batch-processing-financial-services/.venv/lib/python3.10/site-packages/airflow/example_dags/example_bash_operator.py
[2024-09-03T11:18:58.812+0000] {processor.py:836} INFO - DAG(s) dict_keys(['example_bash_operator']) retrieved from /home/airflow-vm/data-engineer-batch-processing-financial-services/.venv/lib/python3.10/site-packages/airflow/example_dags/example_bash_operator.py
[2024-09-03T11:18:58.843+0000] {logging_mixin.py:149} INFO - [2024-09-03T11:18:58.842+0000] {dag.py:2726} INFO - Sync 1 DAGs
[2024-09-03T11:18:58.864+0000] {logging_mixin.py:149} INFO - [2024-09-03T11:18:58.864+0000] {dag.py:3486} INFO - Setting next_dagrun for example_bash_operator to 2024-09-02T00:00:00+00:00, run_after=2024-09-03T00:00:00+00:00
[2024-09-03T11:18:58.893+0000] {processor.py:179} INFO - Processing /home/airflow-vm/data-engineer-batch-processing-financial-services/.venv/lib/python3.10/site-packages/airflow/example_dags/example_bash_operator.py took 0.097 seconds
[2024-09-03T11:24:59.855+0000] {processor.py:157} INFO - Started process (PID=15649) to work on /home/airflow-vm/data-engineer-batch-processing-financial-services/.venv/lib/python3.10/site-packages/airflow/example_dags/example_bash_operator.py
[2024-09-03T11:24:59.856+0000] {processor.py:826} INFO - Processing file /home/airflow-vm/data-engineer-batch-processing-financial-services/.venv/lib/python3.10/site-packages/airflow/example_dags/example_bash_operator.py for tasks to queue
[2024-09-03T11:24:59.856+0000] {logging_mixin.py:149} INFO - [2024-09-03T11:24:59.856+0000] {dagbag.py:541} INFO - Filling up the DagBag from /home/airflow-vm/data-engineer-batch-processing-financial-services/.venv/lib/python3.10/site-packages/airflow/example_dags/example_bash_operator.py
[2024-09-03T11:24:59.870+0000] {processor.py:836} INFO - DAG(s) dict_keys(['example_bash_operator']) retrieved from /home/airflow-vm/data-engineer-batch-processing-financial-services/.venv/lib/python3.10/site-packages/airflow/example_dags/example_bash_operator.py
[2024-09-03T11:24:59.900+0000] {logging_mixin.py:149} INFO - [2024-09-03T11:24:59.900+0000] {dag.py:2726} INFO - Sync 1 DAGs
[2024-09-03T11:24:59.920+0000] {logging_mixin.py:149} INFO - [2024-09-03T11:24:59.920+0000] {dag.py:3486} INFO - Setting next_dagrun for example_bash_operator to 2024-09-02T00:00:00+00:00, run_after=2024-09-03T00:00:00+00:00
[2024-09-03T11:24:59.948+0000] {processor.py:179} INFO - Processing /home/airflow-vm/data-engineer-batch-processing-financial-services/.venv/lib/python3.10/site-packages/airflow/example_dags/example_bash_operator.py took 0.096 seconds
[2024-09-03T11:31:20.326+0000] {processor.py:157} INFO - Started process (PID=18980) to work on /home/airflow-vm/data-engineer-batch-processing-financial-services/.venv/lib/python3.10/site-packages/airflow/example_dags/example_bash_operator.py
[2024-09-03T11:31:20.327+0000] {processor.py:826} INFO - Processing file /home/airflow-vm/data-engineer-batch-processing-financial-services/.venv/lib/python3.10/site-packages/airflow/example_dags/example_bash_operator.py for tasks to queue
[2024-09-03T11:31:20.328+0000] {logging_mixin.py:149} INFO - [2024-09-03T11:31:20.328+0000] {dagbag.py:541} INFO - Filling up the DagBag from /home/airflow-vm/data-engineer-batch-processing-financial-services/.venv/lib/python3.10/site-packages/airflow/example_dags/example_bash_operator.py
[2024-09-03T11:31:20.341+0000] {processor.py:836} INFO - DAG(s) dict_keys(['example_bash_operator']) retrieved from /home/airflow-vm/data-engineer-batch-processing-financial-services/.venv/lib/python3.10/site-packages/airflow/example_dags/example_bash_operator.py
[2024-09-03T11:31:20.373+0000] {logging_mixin.py:149} INFO - [2024-09-03T11:31:20.373+0000] {dag.py:2726} INFO - Sync 1 DAGs
[2024-09-03T11:31:20.395+0000] {logging_mixin.py:149} INFO - [2024-09-03T11:31:20.395+0000] {dag.py:3486} INFO - Setting next_dagrun for example_bash_operator to 2024-09-02T00:00:00+00:00, run_after=2024-09-03T00:00:00+00:00
[2024-09-03T11:31:20.424+0000] {processor.py:179} INFO - Processing /home/airflow-vm/data-engineer-batch-processing-financial-services/.venv/lib/python3.10/site-packages/airflow/example_dags/example_bash_operator.py took 0.101 seconds
[2024-09-03T11:36:14.808+0000] {processor.py:157} INFO - Started process (PID=21951) to work on /home/airflow-vm/data-engineer-batch-processing-financial-services/.venv/lib/python3.10/site-packages/airflow/example_dags/example_bash_operator.py
[2024-09-03T11:36:14.809+0000] {processor.py:826} INFO - Processing file /home/airflow-vm/data-engineer-batch-processing-financial-services/.venv/lib/python3.10/site-packages/airflow/example_dags/example_bash_operator.py for tasks to queue
[2024-09-03T11:36:14.809+0000] {logging_mixin.py:149} INFO - [2024-09-03T11:36:14.809+0000] {dagbag.py:541} INFO - Filling up the DagBag from /home/airflow-vm/data-engineer-batch-processing-financial-services/.venv/lib/python3.10/site-packages/airflow/example_dags/example_bash_operator.py
[2024-09-03T11:36:14.823+0000] {processor.py:836} INFO - DAG(s) dict_keys(['example_bash_operator']) retrieved from /home/airflow-vm/data-engineer-batch-processing-financial-services/.venv/lib/python3.10/site-packages/airflow/example_dags/example_bash_operator.py
[2024-09-03T11:36:14.854+0000] {logging_mixin.py:149} INFO - [2024-09-03T11:36:14.854+0000] {dag.py:2726} INFO - Sync 1 DAGs
[2024-09-03T11:36:14.878+0000] {logging_mixin.py:149} INFO - [2024-09-03T11:36:14.878+0000] {dag.py:3486} INFO - Setting next_dagrun for example_bash_operator to 2024-09-02T00:00:00+00:00, run_after=2024-09-03T00:00:00+00:00
[2024-09-03T11:36:14.908+0000] {processor.py:179} INFO - Processing /home/airflow-vm/data-engineer-batch-processing-financial-services/.venv/lib/python3.10/site-packages/airflow/example_dags/example_bash_operator.py took 0.103 seconds
[2024-09-03T11:37:38.322+0000] {processor.py:157} INFO - Started process (PID=22669) to work on /home/airflow-vm/data-engineer-batch-processing-financial-services/.venv/lib/python3.10/site-packages/airflow/example_dags/example_bash_operator.py
[2024-09-03T11:37:38.324+0000] {processor.py:826} INFO - Processing file /home/airflow-vm/data-engineer-batch-processing-financial-services/.venv/lib/python3.10/site-packages/airflow/example_dags/example_bash_operator.py for tasks to queue
[2024-09-03T11:37:38.324+0000] {logging_mixin.py:149} INFO - [2024-09-03T11:37:38.324+0000] {dagbag.py:541} INFO - Filling up the DagBag from /home/airflow-vm/data-engineer-batch-processing-financial-services/.venv/lib/python3.10/site-packages/airflow/example_dags/example_bash_operator.py
[2024-09-03T11:37:38.342+0000] {processor.py:836} INFO - DAG(s) dict_keys(['example_bash_operator']) retrieved from /home/airflow-vm/data-engineer-batch-processing-financial-services/.venv/lib/python3.10/site-packages/airflow/example_dags/example_bash_operator.py
[2024-09-03T11:37:38.383+0000] {logging_mixin.py:149} INFO - [2024-09-03T11:37:38.383+0000] {dag.py:2726} INFO - Sync 1 DAGs
[2024-09-03T11:37:38.413+0000] {logging_mixin.py:149} INFO - [2024-09-03T11:37:38.413+0000] {dag.py:3486} INFO - Setting next_dagrun for example_bash_operator to 2024-09-02T00:00:00+00:00, run_after=2024-09-03T00:00:00+00:00
[2024-09-03T11:37:38.463+0000] {processor.py:179} INFO - Processing /home/airflow-vm/data-engineer-batch-processing-financial-services/.venv/lib/python3.10/site-packages/airflow/example_dags/example_bash_operator.py took 0.144 seconds
[2024-09-03T11:38:27.639+0000] {processor.py:157} INFO - Started process (PID=22898) to work on /home/airflow-vm/data-engineer-batch-processing-financial-services/.venv/lib/python3.10/site-packages/airflow/example_dags/example_bash_operator.py
[2024-09-03T11:38:27.640+0000] {processor.py:826} INFO - Processing file /home/airflow-vm/data-engineer-batch-processing-financial-services/.venv/lib/python3.10/site-packages/airflow/example_dags/example_bash_operator.py for tasks to queue
[2024-09-03T11:38:27.641+0000] {logging_mixin.py:149} INFO - [2024-09-03T11:38:27.641+0000] {dagbag.py:541} INFO - Filling up the DagBag from /home/airflow-vm/data-engineer-batch-processing-financial-services/.venv/lib/python3.10/site-packages/airflow/example_dags/example_bash_operator.py
[2024-09-03T11:38:27.655+0000] {processor.py:836} INFO - DAG(s) dict_keys(['example_bash_operator']) retrieved from /home/airflow-vm/data-engineer-batch-processing-financial-services/.venv/lib/python3.10/site-packages/airflow/example_dags/example_bash_operator.py
[2024-09-03T11:38:27.689+0000] {logging_mixin.py:149} INFO - [2024-09-03T11:38:27.689+0000] {dag.py:2726} INFO - Sync 1 DAGs
[2024-09-03T11:38:27.711+0000] {logging_mixin.py:149} INFO - [2024-09-03T11:38:27.711+0000] {dag.py:3486} INFO - Setting next_dagrun for example_bash_operator to 2024-09-02T00:00:00+00:00, run_after=2024-09-03T00:00:00+00:00
[2024-09-03T11:38:27.742+0000] {processor.py:179} INFO - Processing /home/airflow-vm/data-engineer-batch-processing-financial-services/.venv/lib/python3.10/site-packages/airflow/example_dags/example_bash_operator.py took 0.106 seconds
[2024-09-03T11:39:18.976+0000] {processor.py:157} INFO - Started process (PID=23183) to work on /home/airflow-vm/data-engineer-batch-processing-financial-services/.venv/lib/python3.10/site-packages/airflow/example_dags/example_bash_operator.py
[2024-09-03T11:39:18.977+0000] {processor.py:826} INFO - Processing file /home/airflow-vm/data-engineer-batch-processing-financial-services/.venv/lib/python3.10/site-packages/airflow/example_dags/example_bash_operator.py for tasks to queue
[2024-09-03T11:39:18.978+0000] {logging_mixin.py:149} INFO - [2024-09-03T11:39:18.978+0000] {dagbag.py:541} INFO - Filling up the DagBag from /home/airflow-vm/data-engineer-batch-processing-financial-services/.venv/lib/python3.10/site-packages/airflow/example_dags/example_bash_operator.py
[2024-09-03T11:39:18.991+0000] {processor.py:836} INFO - DAG(s) dict_keys(['example_bash_operator']) retrieved from /home/airflow-vm/data-engineer-batch-processing-financial-services/.venv/lib/python3.10/site-packages/airflow/example_dags/example_bash_operator.py
[2024-09-03T11:39:19.022+0000] {logging_mixin.py:149} INFO - [2024-09-03T11:39:19.022+0000] {dag.py:2726} INFO - Sync 1 DAGs
[2024-09-03T11:39:19.044+0000] {logging_mixin.py:149} INFO - [2024-09-03T11:39:19.043+0000] {dag.py:3486} INFO - Setting next_dagrun for example_bash_operator to 2024-09-02T00:00:00+00:00, run_after=2024-09-03T00:00:00+00:00
[2024-09-03T11:39:19.075+0000] {processor.py:179} INFO - Processing /home/airflow-vm/data-engineer-batch-processing-financial-services/.venv/lib/python3.10/site-packages/airflow/example_dags/example_bash_operator.py took 0.101 seconds
[2024-09-03T11:40:03.889+0000] {processor.py:157} INFO - Started process (PID=23318) to work on /home/airflow-vm/data-engineer-batch-processing-financial-services/.venv/lib/python3.10/site-packages/airflow/example_dags/example_bash_operator.py
[2024-09-03T11:40:03.890+0000] {processor.py:826} INFO - Processing file /home/airflow-vm/data-engineer-batch-processing-financial-services/.venv/lib/python3.10/site-packages/airflow/example_dags/example_bash_operator.py for tasks to queue
[2024-09-03T11:40:03.891+0000] {logging_mixin.py:149} INFO - [2024-09-03T11:40:03.891+0000] {dagbag.py:541} INFO - Filling up the DagBag from /home/airflow-vm/data-engineer-batch-processing-financial-services/.venv/lib/python3.10/site-packages/airflow/example_dags/example_bash_operator.py
[2024-09-03T11:40:03.904+0000] {processor.py:836} INFO - DAG(s) dict_keys(['example_bash_operator']) retrieved from /home/airflow-vm/data-engineer-batch-processing-financial-services/.venv/lib/python3.10/site-packages/airflow/example_dags/example_bash_operator.py
[2024-09-03T11:40:03.934+0000] {logging_mixin.py:149} INFO - [2024-09-03T11:40:03.934+0000] {dag.py:2726} INFO - Sync 1 DAGs
[2024-09-03T11:40:03.955+0000] {logging_mixin.py:149} INFO - [2024-09-03T11:40:03.955+0000] {dag.py:3486} INFO - Setting next_dagrun for example_bash_operator to 2024-09-02T00:00:00+00:00, run_after=2024-09-03T00:00:00+00:00
[2024-09-03T11:40:03.983+0000] {processor.py:179} INFO - Processing /home/airflow-vm/data-engineer-batch-processing-financial-services/.venv/lib/python3.10/site-packages/airflow/example_dags/example_bash_operator.py took 0.097 seconds
[2024-09-03T11:45:32.714+0000] {processor.py:157} INFO - Started process (PID=26803) to work on /home/airflow-vm/data-engineer-batch-processing-financial-services/.venv/lib/python3.10/site-packages/airflow/example_dags/example_bash_operator.py
[2024-09-03T11:45:32.715+0000] {processor.py:826} INFO - Processing file /home/airflow-vm/data-engineer-batch-processing-financial-services/.venv/lib/python3.10/site-packages/airflow/example_dags/example_bash_operator.py for tasks to queue
[2024-09-03T11:45:32.716+0000] {logging_mixin.py:149} INFO - [2024-09-03T11:45:32.715+0000] {dagbag.py:541} INFO - Filling up the DagBag from /home/airflow-vm/data-engineer-batch-processing-financial-services/.venv/lib/python3.10/site-packages/airflow/example_dags/example_bash_operator.py
[2024-09-03T11:45:32.728+0000] {processor.py:836} INFO - DAG(s) dict_keys(['example_bash_operator']) retrieved from /home/airflow-vm/data-engineer-batch-processing-financial-services/.venv/lib/python3.10/site-packages/airflow/example_dags/example_bash_operator.py
[2024-09-03T11:45:32.759+0000] {logging_mixin.py:149} INFO - [2024-09-03T11:45:32.759+0000] {dag.py:2726} INFO - Sync 1 DAGs
[2024-09-03T11:45:32.782+0000] {logging_mixin.py:149} INFO - [2024-09-03T11:45:32.782+0000] {dag.py:3486} INFO - Setting next_dagrun for example_bash_operator to 2024-09-02T00:00:00+00:00, run_after=2024-09-03T00:00:00+00:00
[2024-09-03T11:45:32.810+0000] {processor.py:179} INFO - Processing /home/airflow-vm/data-engineer-batch-processing-financial-services/.venv/lib/python3.10/site-packages/airflow/example_dags/example_bash_operator.py took 0.098 seconds
[2024-09-03T11:50:37.774+0000] {processor.py:157} INFO - Started process (PID=29670) to work on /home/airflow-vm/data-engineer-batch-processing-financial-services/.venv/lib/python3.10/site-packages/airflow/example_dags/example_bash_operator.py
[2024-09-03T11:50:37.775+0000] {processor.py:826} INFO - Processing file /home/airflow-vm/data-engineer-batch-processing-financial-services/.venv/lib/python3.10/site-packages/airflow/example_dags/example_bash_operator.py for tasks to queue
[2024-09-03T11:50:37.775+0000] {logging_mixin.py:149} INFO - [2024-09-03T11:50:37.775+0000] {dagbag.py:541} INFO - Filling up the DagBag from /home/airflow-vm/data-engineer-batch-processing-financial-services/.venv/lib/python3.10/site-packages/airflow/example_dags/example_bash_operator.py
[2024-09-03T11:50:37.789+0000] {processor.py:836} INFO - DAG(s) dict_keys(['example_bash_operator']) retrieved from /home/airflow-vm/data-engineer-batch-processing-financial-services/.venv/lib/python3.10/site-packages/airflow/example_dags/example_bash_operator.py
[2024-09-03T11:50:37.820+0000] {logging_mixin.py:149} INFO - [2024-09-03T11:50:37.820+0000] {dag.py:2726} INFO - Sync 1 DAGs
[2024-09-03T11:50:37.840+0000] {logging_mixin.py:149} INFO - [2024-09-03T11:50:37.840+0000] {dag.py:3486} INFO - Setting next_dagrun for example_bash_operator to 2024-09-02T00:00:00+00:00, run_after=2024-09-03T00:00:00+00:00
[2024-09-03T11:50:37.874+0000] {processor.py:179} INFO - Processing /home/airflow-vm/data-engineer-batch-processing-financial-services/.venv/lib/python3.10/site-packages/airflow/example_dags/example_bash_operator.py took 0.103 seconds
[2024-09-03T11:51:23.434+0000] {processor.py:157} INFO - Started process (PID=29718) to work on /home/airflow-vm/data-engineer-batch-processing-financial-services/.venv/lib/python3.10/site-packages/airflow/example_dags/example_bash_operator.py
[2024-09-03T11:51:23.434+0000] {processor.py:826} INFO - Processing file /home/airflow-vm/data-engineer-batch-processing-financial-services/.venv/lib/python3.10/site-packages/airflow/example_dags/example_bash_operator.py for tasks to queue
[2024-09-03T11:51:23.435+0000] {logging_mixin.py:149} INFO - [2024-09-03T11:51:23.435+0000] {dagbag.py:541} INFO - Filling up the DagBag from /home/airflow-vm/data-engineer-batch-processing-financial-services/.venv/lib/python3.10/site-packages/airflow/example_dags/example_bash_operator.py
[2024-09-03T11:51:23.448+0000] {processor.py:836} INFO - DAG(s) dict_keys(['example_bash_operator']) retrieved from /home/airflow-vm/data-engineer-batch-processing-financial-services/.venv/lib/python3.10/site-packages/airflow/example_dags/example_bash_operator.py
[2024-09-03T11:51:23.479+0000] {logging_mixin.py:149} INFO - [2024-09-03T11:51:23.478+0000] {dag.py:2726} INFO - Sync 1 DAGs
[2024-09-03T11:51:23.499+0000] {logging_mixin.py:149} INFO - [2024-09-03T11:51:23.499+0000] {dag.py:3486} INFO - Setting next_dagrun for example_bash_operator to 2024-09-02T00:00:00+00:00, run_after=2024-09-03T00:00:00+00:00
[2024-09-03T11:51:23.528+0000] {processor.py:179} INFO - Processing /home/airflow-vm/data-engineer-batch-processing-financial-services/.venv/lib/python3.10/site-packages/airflow/example_dags/example_bash_operator.py took 0.097 seconds
[2024-09-03T11:52:07.258+0000] {processor.py:157} INFO - Started process (PID=29767) to work on /home/airflow-vm/data-engineer-batch-processing-financial-services/.venv/lib/python3.10/site-packages/airflow/example_dags/example_bash_operator.py
[2024-09-03T11:52:07.259+0000] {processor.py:826} INFO - Processing file /home/airflow-vm/data-engineer-batch-processing-financial-services/.venv/lib/python3.10/site-packages/airflow/example_dags/example_bash_operator.py for tasks to queue
[2024-09-03T11:52:07.260+0000] {logging_mixin.py:149} INFO - [2024-09-03T11:52:07.260+0000] {dagbag.py:541} INFO - Filling up the DagBag from /home/airflow-vm/data-engineer-batch-processing-financial-services/.venv/lib/python3.10/site-packages/airflow/example_dags/example_bash_operator.py
[2024-09-03T11:52:07.274+0000] {processor.py:836} INFO - DAG(s) dict_keys(['example_bash_operator']) retrieved from /home/airflow-vm/data-engineer-batch-processing-financial-services/.venv/lib/python3.10/site-packages/airflow/example_dags/example_bash_operator.py
[2024-09-03T11:52:07.304+0000] {logging_mixin.py:149} INFO - [2024-09-03T11:52:07.304+0000] {dag.py:2726} INFO - Sync 1 DAGs
[2024-09-03T11:52:07.325+0000] {logging_mixin.py:149} INFO - [2024-09-03T11:52:07.324+0000] {dag.py:3486} INFO - Setting next_dagrun for example_bash_operator to 2024-09-02T00:00:00+00:00, run_after=2024-09-03T00:00:00+00:00
[2024-09-03T11:52:07.353+0000] {processor.py:179} INFO - Processing /home/airflow-vm/data-engineer-batch-processing-financial-services/.venv/lib/python3.10/site-packages/airflow/example_dags/example_bash_operator.py took 0.097 seconds
[2024-09-03T11:52:56.865+0000] {processor.py:157} INFO - Started process (PID=29817) to work on /home/airflow-vm/data-engineer-batch-processing-financial-services/.venv/lib/python3.10/site-packages/airflow/example_dags/example_bash_operator.py
[2024-09-03T11:52:56.866+0000] {processor.py:826} INFO - Processing file /home/airflow-vm/data-engineer-batch-processing-financial-services/.venv/lib/python3.10/site-packages/airflow/example_dags/example_bash_operator.py for tasks to queue
[2024-09-03T11:52:56.867+0000] {logging_mixin.py:149} INFO - [2024-09-03T11:52:56.866+0000] {dagbag.py:541} INFO - Filling up the DagBag from /home/airflow-vm/data-engineer-batch-processing-financial-services/.venv/lib/python3.10/site-packages/airflow/example_dags/example_bash_operator.py
[2024-09-03T11:52:56.880+0000] {processor.py:836} INFO - DAG(s) dict_keys(['example_bash_operator']) retrieved from /home/airflow-vm/data-engineer-batch-processing-financial-services/.venv/lib/python3.10/site-packages/airflow/example_dags/example_bash_operator.py
[2024-09-03T11:52:56.910+0000] {logging_mixin.py:149} INFO - [2024-09-03T11:52:56.910+0000] {dag.py:2726} INFO - Sync 1 DAGs
[2024-09-03T11:52:56.931+0000] {logging_mixin.py:149} INFO - [2024-09-03T11:52:56.930+0000] {dag.py:3486} INFO - Setting next_dagrun for example_bash_operator to 2024-09-02T00:00:00+00:00, run_after=2024-09-03T00:00:00+00:00
[2024-09-03T11:52:56.959+0000] {processor.py:179} INFO - Processing /home/airflow-vm/data-engineer-batch-processing-financial-services/.venv/lib/python3.10/site-packages/airflow/example_dags/example_bash_operator.py took 0.096 seconds
[2024-09-03T11:53:43.298+0000] {processor.py:157} INFO - Started process (PID=29892) to work on /home/airflow-vm/data-engineer-batch-processing-financial-services/.venv/lib/python3.10/site-packages/airflow/example_dags/example_bash_operator.py
[2024-09-03T11:53:43.299+0000] {processor.py:826} INFO - Processing file /home/airflow-vm/data-engineer-batch-processing-financial-services/.venv/lib/python3.10/site-packages/airflow/example_dags/example_bash_operator.py for tasks to queue
[2024-09-03T11:53:43.299+0000] {logging_mixin.py:149} INFO - [2024-09-03T11:53:43.299+0000] {dagbag.py:541} INFO - Filling up the DagBag from /home/airflow-vm/data-engineer-batch-processing-financial-services/.venv/lib/python3.10/site-packages/airflow/example_dags/example_bash_operator.py
[2024-09-03T11:53:43.313+0000] {processor.py:836} INFO - DAG(s) dict_keys(['example_bash_operator']) retrieved from /home/airflow-vm/data-engineer-batch-processing-financial-services/.venv/lib/python3.10/site-packages/airflow/example_dags/example_bash_operator.py
[2024-09-03T11:53:43.344+0000] {logging_mixin.py:149} INFO - [2024-09-03T11:53:43.344+0000] {dag.py:2726} INFO - Sync 1 DAGs
[2024-09-03T11:53:43.367+0000] {logging_mixin.py:149} INFO - [2024-09-03T11:53:43.367+0000] {dag.py:3486} INFO - Setting next_dagrun for example_bash_operator to 2024-09-02T00:00:00+00:00, run_after=2024-09-03T00:00:00+00:00
[2024-09-03T11:53:43.399+0000] {processor.py:179} INFO - Processing /home/airflow-vm/data-engineer-batch-processing-financial-services/.venv/lib/python3.10/site-packages/airflow/example_dags/example_bash_operator.py took 0.104 seconds
[2024-09-03T11:54:33.070+0000] {processor.py:157} INFO - Started process (PID=29943) to work on /home/airflow-vm/data-engineer-batch-processing-financial-services/.venv/lib/python3.10/site-packages/airflow/example_dags/example_bash_operator.py
[2024-09-03T11:54:33.070+0000] {processor.py:826} INFO - Processing file /home/airflow-vm/data-engineer-batch-processing-financial-services/.venv/lib/python3.10/site-packages/airflow/example_dags/example_bash_operator.py for tasks to queue
[2024-09-03T11:54:33.071+0000] {logging_mixin.py:149} INFO - [2024-09-03T11:54:33.071+0000] {dagbag.py:541} INFO - Filling up the DagBag from /home/airflow-vm/data-engineer-batch-processing-financial-services/.venv/lib/python3.10/site-packages/airflow/example_dags/example_bash_operator.py
[2024-09-03T11:54:33.084+0000] {processor.py:836} INFO - DAG(s) dict_keys(['example_bash_operator']) retrieved from /home/airflow-vm/data-engineer-batch-processing-financial-services/.venv/lib/python3.10/site-packages/airflow/example_dags/example_bash_operator.py
[2024-09-03T11:54:33.114+0000] {logging_mixin.py:149} INFO - [2024-09-03T11:54:33.114+0000] {dag.py:2726} INFO - Sync 1 DAGs
[2024-09-03T11:54:33.134+0000] {logging_mixin.py:149} INFO - [2024-09-03T11:54:33.133+0000] {dag.py:3486} INFO - Setting next_dagrun for example_bash_operator to 2024-09-02T00:00:00+00:00, run_after=2024-09-03T00:00:00+00:00
[2024-09-03T11:54:33.163+0000] {processor.py:179} INFO - Processing /home/airflow-vm/data-engineer-batch-processing-financial-services/.venv/lib/python3.10/site-packages/airflow/example_dags/example_bash_operator.py took 0.096 seconds
[2024-09-03T11:55:20.598+0000] {processor.py:157} INFO - Started process (PID=29999) to work on /home/airflow-vm/data-engineer-batch-processing-financial-services/.venv/lib/python3.10/site-packages/airflow/example_dags/example_bash_operator.py
[2024-09-03T11:55:20.599+0000] {processor.py:826} INFO - Processing file /home/airflow-vm/data-engineer-batch-processing-financial-services/.venv/lib/python3.10/site-packages/airflow/example_dags/example_bash_operator.py for tasks to queue
[2024-09-03T11:55:20.599+0000] {logging_mixin.py:149} INFO - [2024-09-03T11:55:20.599+0000] {dagbag.py:541} INFO - Filling up the DagBag from /home/airflow-vm/data-engineer-batch-processing-financial-services/.venv/lib/python3.10/site-packages/airflow/example_dags/example_bash_operator.py
[2024-09-03T11:55:20.612+0000] {processor.py:836} INFO - DAG(s) dict_keys(['example_bash_operator']) retrieved from /home/airflow-vm/data-engineer-batch-processing-financial-services/.venv/lib/python3.10/site-packages/airflow/example_dags/example_bash_operator.py
[2024-09-03T11:55:20.641+0000] {logging_mixin.py:149} INFO - [2024-09-03T11:55:20.641+0000] {dag.py:2726} INFO - Sync 1 DAGs
[2024-09-03T11:55:20.664+0000] {logging_mixin.py:149} INFO - [2024-09-03T11:55:20.664+0000] {dag.py:3486} INFO - Setting next_dagrun for example_bash_operator to 2024-09-02T00:00:00+00:00, run_after=2024-09-03T00:00:00+00:00
[2024-09-03T11:55:20.693+0000] {processor.py:179} INFO - Processing /home/airflow-vm/data-engineer-batch-processing-financial-services/.venv/lib/python3.10/site-packages/airflow/example_dags/example_bash_operator.py took 0.098 seconds
[2024-09-03T11:56:04.467+0000] {processor.py:157} INFO - Started process (PID=30046) to work on /home/airflow-vm/data-engineer-batch-processing-financial-services/.venv/lib/python3.10/site-packages/airflow/example_dags/example_bash_operator.py
[2024-09-03T11:56:04.468+0000] {processor.py:826} INFO - Processing file /home/airflow-vm/data-engineer-batch-processing-financial-services/.venv/lib/python3.10/site-packages/airflow/example_dags/example_bash_operator.py for tasks to queue
[2024-09-03T11:56:04.468+0000] {logging_mixin.py:149} INFO - [2024-09-03T11:56:04.468+0000] {dagbag.py:541} INFO - Filling up the DagBag from /home/airflow-vm/data-engineer-batch-processing-financial-services/.venv/lib/python3.10/site-packages/airflow/example_dags/example_bash_operator.py
[2024-09-03T11:56:04.482+0000] {processor.py:836} INFO - DAG(s) dict_keys(['example_bash_operator']) retrieved from /home/airflow-vm/data-engineer-batch-processing-financial-services/.venv/lib/python3.10/site-packages/airflow/example_dags/example_bash_operator.py
[2024-09-03T11:56:04.511+0000] {logging_mixin.py:149} INFO - [2024-09-03T11:56:04.511+0000] {dag.py:2726} INFO - Sync 1 DAGs
[2024-09-03T11:56:04.531+0000] {logging_mixin.py:149} INFO - [2024-09-03T11:56:04.531+0000] {dag.py:3486} INFO - Setting next_dagrun for example_bash_operator to 2024-09-02T00:00:00+00:00, run_after=2024-09-03T00:00:00+00:00
[2024-09-03T11:56:04.558+0000] {processor.py:179} INFO - Processing /home/airflow-vm/data-engineer-batch-processing-financial-services/.venv/lib/python3.10/site-packages/airflow/example_dags/example_bash_operator.py took 0.094 seconds
