[2024-09-03T10:58:01.550+0000] {processor.py:157} INFO - Started process (PID=3355) to work on /home/airflow-vm/data-engineer-batch-processing-financial-services/.venv/lib/python3.10/site-packages/airflow/example_dags/example_trigger_target_dag.py
[2024-09-03T10:58:01.551+0000] {processor.py:826} INFO - Processing file /home/airflow-vm/data-engineer-batch-processing-financial-services/.venv/lib/python3.10/site-packages/airflow/example_dags/example_trigger_target_dag.py for tasks to queue
[2024-09-03T10:58:01.552+0000] {logging_mixin.py:149} INFO - [2024-09-03T10:58:01.552+0000] {dagbag.py:541} INFO - Filling up the DagBag from /home/airflow-vm/data-engineer-batch-processing-financial-services/.venv/lib/python3.10/site-packages/airflow/example_dags/example_trigger_target_dag.py
[2024-09-03T10:58:01.559+0000] {processor.py:836} INFO - DAG(s) dict_keys(['example_trigger_target_dag']) retrieved from /home/airflow-vm/data-engineer-batch-processing-financial-services/.venv/lib/python3.10/site-packages/airflow/example_dags/example_trigger_target_dag.py
[2024-09-03T10:58:01.581+0000] {logging_mixin.py:149} INFO - [2024-09-03T10:58:01.581+0000] {dag.py:2726} INFO - Sync 1 DAGs
[2024-09-03T10:58:01.601+0000] {logging_mixin.py:149} INFO - [2024-09-03T10:58:01.601+0000] {dag.py:3486} INFO - Setting next_dagrun for example_trigger_target_dag to None, run_after=None
[2024-09-03T10:58:01.631+0000] {processor.py:179} INFO - Processing /home/airflow-vm/data-engineer-batch-processing-financial-services/.venv/lib/python3.10/site-packages/airflow/example_dags/example_trigger_target_dag.py took 0.083 seconds
[2024-09-03T10:58:50.447+0000] {processor.py:157} INFO - Started process (PID=3731) to work on /home/airflow-vm/data-engineer-batch-processing-financial-services/.venv/lib/python3.10/site-packages/airflow/example_dags/example_trigger_target_dag.py
[2024-09-03T10:58:50.447+0000] {processor.py:826} INFO - Processing file /home/airflow-vm/data-engineer-batch-processing-financial-services/.venv/lib/python3.10/site-packages/airflow/example_dags/example_trigger_target_dag.py for tasks to queue
[2024-09-03T10:58:50.448+0000] {logging_mixin.py:149} INFO - [2024-09-03T10:58:50.448+0000] {dagbag.py:541} INFO - Filling up the DagBag from /home/airflow-vm/data-engineer-batch-processing-financial-services/.venv/lib/python3.10/site-packages/airflow/example_dags/example_trigger_target_dag.py
[2024-09-03T10:58:50.453+0000] {processor.py:836} INFO - DAG(s) dict_keys(['example_trigger_target_dag']) retrieved from /home/airflow-vm/data-engineer-batch-processing-financial-services/.venv/lib/python3.10/site-packages/airflow/example_dags/example_trigger_target_dag.py
[2024-09-03T10:58:50.470+0000] {logging_mixin.py:149} INFO - [2024-09-03T10:58:50.470+0000] {dag.py:2726} INFO - Sync 1 DAGs
[2024-09-03T10:58:50.490+0000] {logging_mixin.py:149} INFO - [2024-09-03T10:58:50.489+0000] {dag.py:3486} INFO - Setting next_dagrun for example_trigger_target_dag to None, run_after=None
[2024-09-03T10:58:50.516+0000] {processor.py:179} INFO - Processing /home/airflow-vm/data-engineer-batch-processing-financial-services/.venv/lib/python3.10/site-packages/airflow/example_dags/example_trigger_target_dag.py took 0.072 seconds
[2024-09-03T10:59:35.690+0000] {processor.py:157} INFO - Started process (PID=3857) to work on /home/airflow-vm/data-engineer-batch-processing-financial-services/.venv/lib/python3.10/site-packages/airflow/example_dags/example_trigger_target_dag.py
[2024-09-03T10:59:35.691+0000] {processor.py:826} INFO - Processing file /home/airflow-vm/data-engineer-batch-processing-financial-services/.venv/lib/python3.10/site-packages/airflow/example_dags/example_trigger_target_dag.py for tasks to queue
[2024-09-03T10:59:35.692+0000] {logging_mixin.py:149} INFO - [2024-09-03T10:59:35.691+0000] {dagbag.py:541} INFO - Filling up the DagBag from /home/airflow-vm/data-engineer-batch-processing-financial-services/.venv/lib/python3.10/site-packages/airflow/example_dags/example_trigger_target_dag.py
[2024-09-03T10:59:35.696+0000] {processor.py:836} INFO - DAG(s) dict_keys(['example_trigger_target_dag']) retrieved from /home/airflow-vm/data-engineer-batch-processing-financial-services/.venv/lib/python3.10/site-packages/airflow/example_dags/example_trigger_target_dag.py
[2024-09-03T10:59:35.713+0000] {logging_mixin.py:149} INFO - [2024-09-03T10:59:35.713+0000] {dag.py:2726} INFO - Sync 1 DAGs
[2024-09-03T10:59:35.732+0000] {logging_mixin.py:149} INFO - [2024-09-03T10:59:35.732+0000] {dag.py:3486} INFO - Setting next_dagrun for example_trigger_target_dag to None, run_after=None
[2024-09-03T10:59:35.761+0000] {processor.py:179} INFO - Processing /home/airflow-vm/data-engineer-batch-processing-financial-services/.venv/lib/python3.10/site-packages/airflow/example_dags/example_trigger_target_dag.py took 0.074 seconds
[2024-09-03T11:00:19.516+0000] {processor.py:157} INFO - Started process (PID=4236) to work on /home/airflow-vm/data-engineer-batch-processing-financial-services/.venv/lib/python3.10/site-packages/airflow/example_dags/example_trigger_target_dag.py
[2024-09-03T11:00:19.517+0000] {processor.py:826} INFO - Processing file /home/airflow-vm/data-engineer-batch-processing-financial-services/.venv/lib/python3.10/site-packages/airflow/example_dags/example_trigger_target_dag.py for tasks to queue
[2024-09-03T11:00:19.517+0000] {logging_mixin.py:149} INFO - [2024-09-03T11:00:19.517+0000] {dagbag.py:541} INFO - Filling up the DagBag from /home/airflow-vm/data-engineer-batch-processing-financial-services/.venv/lib/python3.10/site-packages/airflow/example_dags/example_trigger_target_dag.py
[2024-09-03T11:00:19.523+0000] {processor.py:836} INFO - DAG(s) dict_keys(['example_trigger_target_dag']) retrieved from /home/airflow-vm/data-engineer-batch-processing-financial-services/.venv/lib/python3.10/site-packages/airflow/example_dags/example_trigger_target_dag.py
[2024-09-03T11:00:19.549+0000] {logging_mixin.py:149} INFO - [2024-09-03T11:00:19.549+0000] {dag.py:2726} INFO - Sync 1 DAGs
[2024-09-03T11:00:19.569+0000] {logging_mixin.py:149} INFO - [2024-09-03T11:00:19.569+0000] {dag.py:3486} INFO - Setting next_dagrun for example_trigger_target_dag to None, run_after=None
[2024-09-03T11:00:19.601+0000] {processor.py:179} INFO - Processing /home/airflow-vm/data-engineer-batch-processing-financial-services/.venv/lib/python3.10/site-packages/airflow/example_dags/example_trigger_target_dag.py took 0.087 seconds
[2024-09-03T11:01:05.516+0000] {processor.py:157} INFO - Started process (PID=4610) to work on /home/airflow-vm/data-engineer-batch-processing-financial-services/.venv/lib/python3.10/site-packages/airflow/example_dags/example_trigger_target_dag.py
[2024-09-03T11:01:05.517+0000] {processor.py:826} INFO - Processing file /home/airflow-vm/data-engineer-batch-processing-financial-services/.venv/lib/python3.10/site-packages/airflow/example_dags/example_trigger_target_dag.py for tasks to queue
[2024-09-03T11:01:05.517+0000] {logging_mixin.py:149} INFO - [2024-09-03T11:01:05.517+0000] {dagbag.py:541} INFO - Filling up the DagBag from /home/airflow-vm/data-engineer-batch-processing-financial-services/.venv/lib/python3.10/site-packages/airflow/example_dags/example_trigger_target_dag.py
[2024-09-03T11:01:05.522+0000] {processor.py:836} INFO - DAG(s) dict_keys(['example_trigger_target_dag']) retrieved from /home/airflow-vm/data-engineer-batch-processing-financial-services/.venv/lib/python3.10/site-packages/airflow/example_dags/example_trigger_target_dag.py
[2024-09-03T11:01:05.538+0000] {logging_mixin.py:149} INFO - [2024-09-03T11:01:05.538+0000] {dag.py:2726} INFO - Sync 1 DAGs
[2024-09-03T11:01:05.558+0000] {logging_mixin.py:149} INFO - [2024-09-03T11:01:05.558+0000] {dag.py:3486} INFO - Setting next_dagrun for example_trigger_target_dag to None, run_after=None
[2024-09-03T11:01:05.595+0000] {processor.py:179} INFO - Processing /home/airflow-vm/data-engineer-batch-processing-financial-services/.venv/lib/python3.10/site-packages/airflow/example_dags/example_trigger_target_dag.py took 0.081 seconds
[2024-09-03T11:01:53.091+0000] {processor.py:157} INFO - Started process (PID=4782) to work on /home/airflow-vm/data-engineer-batch-processing-financial-services/.venv/lib/python3.10/site-packages/airflow/example_dags/example_trigger_target_dag.py
[2024-09-03T11:01:53.092+0000] {processor.py:826} INFO - Processing file /home/airflow-vm/data-engineer-batch-processing-financial-services/.venv/lib/python3.10/site-packages/airflow/example_dags/example_trigger_target_dag.py for tasks to queue
[2024-09-03T11:01:53.092+0000] {logging_mixin.py:149} INFO - [2024-09-03T11:01:53.092+0000] {dagbag.py:541} INFO - Filling up the DagBag from /home/airflow-vm/data-engineer-batch-processing-financial-services/.venv/lib/python3.10/site-packages/airflow/example_dags/example_trigger_target_dag.py
[2024-09-03T11:01:53.097+0000] {processor.py:836} INFO - DAG(s) dict_keys(['example_trigger_target_dag']) retrieved from /home/airflow-vm/data-engineer-batch-processing-financial-services/.venv/lib/python3.10/site-packages/airflow/example_dags/example_trigger_target_dag.py
[2024-09-03T11:01:53.113+0000] {logging_mixin.py:149} INFO - [2024-09-03T11:01:53.113+0000] {dag.py:2726} INFO - Sync 1 DAGs
[2024-09-03T11:01:53.131+0000] {logging_mixin.py:149} INFO - [2024-09-03T11:01:53.131+0000] {dag.py:3486} INFO - Setting next_dagrun for example_trigger_target_dag to None, run_after=None
[2024-09-03T11:01:53.159+0000] {processor.py:179} INFO - Processing /home/airflow-vm/data-engineer-batch-processing-financial-services/.venv/lib/python3.10/site-packages/airflow/example_dags/example_trigger_target_dag.py took 0.070 seconds
[2024-09-03T11:02:40.486+0000] {processor.py:157} INFO - Started process (PID=4906) to work on /home/airflow-vm/data-engineer-batch-processing-financial-services/.venv/lib/python3.10/site-packages/airflow/example_dags/example_trigger_target_dag.py
[2024-09-03T11:02:40.487+0000] {processor.py:826} INFO - Processing file /home/airflow-vm/data-engineer-batch-processing-financial-services/.venv/lib/python3.10/site-packages/airflow/example_dags/example_trigger_target_dag.py for tasks to queue
[2024-09-03T11:02:40.487+0000] {logging_mixin.py:149} INFO - [2024-09-03T11:02:40.487+0000] {dagbag.py:541} INFO - Filling up the DagBag from /home/airflow-vm/data-engineer-batch-processing-financial-services/.venv/lib/python3.10/site-packages/airflow/example_dags/example_trigger_target_dag.py
[2024-09-03T11:02:40.492+0000] {processor.py:836} INFO - DAG(s) dict_keys(['example_trigger_target_dag']) retrieved from /home/airflow-vm/data-engineer-batch-processing-financial-services/.venv/lib/python3.10/site-packages/airflow/example_dags/example_trigger_target_dag.py
[2024-09-03T11:02:40.509+0000] {logging_mixin.py:149} INFO - [2024-09-03T11:02:40.509+0000] {dag.py:2726} INFO - Sync 1 DAGs
[2024-09-03T11:02:40.528+0000] {logging_mixin.py:149} INFO - [2024-09-03T11:02:40.528+0000] {dag.py:3486} INFO - Setting next_dagrun for example_trigger_target_dag to None, run_after=None
[2024-09-03T11:02:40.558+0000] {processor.py:179} INFO - Processing /home/airflow-vm/data-engineer-batch-processing-financial-services/.venv/lib/python3.10/site-packages/airflow/example_dags/example_trigger_target_dag.py took 0.075 seconds
[2024-09-03T11:03:40.247+0000] {processor.py:157} INFO - Started process (PID=5362) to work on /home/airflow-vm/data-engineer-batch-processing-financial-services/.venv/lib/python3.10/site-packages/airflow/example_dags/example_trigger_target_dag.py
[2024-09-03T11:03:40.248+0000] {processor.py:826} INFO - Processing file /home/airflow-vm/data-engineer-batch-processing-financial-services/.venv/lib/python3.10/site-packages/airflow/example_dags/example_trigger_target_dag.py for tasks to queue
[2024-09-03T11:03:40.249+0000] {logging_mixin.py:149} INFO - [2024-09-03T11:03:40.248+0000] {dagbag.py:541} INFO - Filling up the DagBag from /home/airflow-vm/data-engineer-batch-processing-financial-services/.venv/lib/python3.10/site-packages/airflow/example_dags/example_trigger_target_dag.py
[2024-09-03T11:03:40.254+0000] {processor.py:836} INFO - DAG(s) dict_keys(['example_trigger_target_dag']) retrieved from /home/airflow-vm/data-engineer-batch-processing-financial-services/.venv/lib/python3.10/site-packages/airflow/example_dags/example_trigger_target_dag.py
[2024-09-03T11:03:40.292+0000] {logging_mixin.py:149} INFO - [2024-09-03T11:03:40.292+0000] {dag.py:2726} INFO - Sync 1 DAGs
[2024-09-03T11:03:40.311+0000] {logging_mixin.py:149} INFO - [2024-09-03T11:03:40.311+0000] {dag.py:3486} INFO - Setting next_dagrun for example_trigger_target_dag to None, run_after=None
[2024-09-03T11:03:40.382+0000] {processor.py:179} INFO - Processing /home/airflow-vm/data-engineer-batch-processing-financial-services/.venv/lib/python3.10/site-packages/airflow/example_dags/example_trigger_target_dag.py took 0.137 seconds
[2024-09-03T11:04:51.976+0000] {processor.py:157} INFO - Started process (PID=6223) to work on /home/airflow-vm/data-engineer-batch-processing-financial-services/.venv/lib/python3.10/site-packages/airflow/example_dags/example_trigger_target_dag.py
[2024-09-03T11:04:51.977+0000] {processor.py:826} INFO - Processing file /home/airflow-vm/data-engineer-batch-processing-financial-services/.venv/lib/python3.10/site-packages/airflow/example_dags/example_trigger_target_dag.py for tasks to queue
[2024-09-03T11:04:51.977+0000] {logging_mixin.py:149} INFO - [2024-09-03T11:04:51.977+0000] {dagbag.py:541} INFO - Filling up the DagBag from /home/airflow-vm/data-engineer-batch-processing-financial-services/.venv/lib/python3.10/site-packages/airflow/example_dags/example_trigger_target_dag.py
[2024-09-03T11:04:51.982+0000] {processor.py:836} INFO - DAG(s) dict_keys(['example_trigger_target_dag']) retrieved from /home/airflow-vm/data-engineer-batch-processing-financial-services/.venv/lib/python3.10/site-packages/airflow/example_dags/example_trigger_target_dag.py
[2024-09-03T11:04:51.998+0000] {logging_mixin.py:149} INFO - [2024-09-03T11:04:51.998+0000] {dag.py:2726} INFO - Sync 1 DAGs
[2024-09-03T11:04:52.016+0000] {logging_mixin.py:149} INFO - [2024-09-03T11:04:52.016+0000] {dag.py:3486} INFO - Setting next_dagrun for example_trigger_target_dag to None, run_after=None
[2024-09-03T11:04:52.043+0000] {processor.py:179} INFO - Processing /home/airflow-vm/data-engineer-batch-processing-financial-services/.venv/lib/python3.10/site-packages/airflow/example_dags/example_trigger_target_dag.py took 0.070 seconds
[2024-09-03T11:06:54.458+0000] {processor.py:157} INFO - Started process (PID=7112) to work on /home/airflow-vm/data-engineer-batch-processing-financial-services/.venv/lib/python3.10/site-packages/airflow/example_dags/example_trigger_target_dag.py
[2024-09-03T11:06:54.459+0000] {processor.py:826} INFO - Processing file /home/airflow-vm/data-engineer-batch-processing-financial-services/.venv/lib/python3.10/site-packages/airflow/example_dags/example_trigger_target_dag.py for tasks to queue
[2024-09-03T11:06:54.460+0000] {logging_mixin.py:149} INFO - [2024-09-03T11:06:54.460+0000] {dagbag.py:541} INFO - Filling up the DagBag from /home/airflow-vm/data-engineer-batch-processing-financial-services/.venv/lib/python3.10/site-packages/airflow/example_dags/example_trigger_target_dag.py
[2024-09-03T11:06:54.465+0000] {processor.py:836} INFO - DAG(s) dict_keys(['example_trigger_target_dag']) retrieved from /home/airflow-vm/data-engineer-batch-processing-financial-services/.venv/lib/python3.10/site-packages/airflow/example_dags/example_trigger_target_dag.py
[2024-09-03T11:06:54.483+0000] {logging_mixin.py:149} INFO - [2024-09-03T11:06:54.483+0000] {dag.py:2726} INFO - Sync 1 DAGs
[2024-09-03T11:06:54.501+0000] {logging_mixin.py:149} INFO - [2024-09-03T11:06:54.501+0000] {dag.py:3486} INFO - Setting next_dagrun for example_trigger_target_dag to None, run_after=None
[2024-09-03T11:06:54.528+0000] {processor.py:179} INFO - Processing /home/airflow-vm/data-engineer-batch-processing-financial-services/.venv/lib/python3.10/site-packages/airflow/example_dags/example_trigger_target_dag.py took 0.073 seconds
[2024-09-03T11:08:55.323+0000] {processor.py:157} INFO - Started process (PID=7947) to work on /home/airflow-vm/data-engineer-batch-processing-financial-services/.venv/lib/python3.10/site-packages/airflow/example_dags/example_trigger_target_dag.py
[2024-09-03T11:08:55.324+0000] {processor.py:826} INFO - Processing file /home/airflow-vm/data-engineer-batch-processing-financial-services/.venv/lib/python3.10/site-packages/airflow/example_dags/example_trigger_target_dag.py for tasks to queue
[2024-09-03T11:08:55.324+0000] {logging_mixin.py:149} INFO - [2024-09-03T11:08:55.324+0000] {dagbag.py:541} INFO - Filling up the DagBag from /home/airflow-vm/data-engineer-batch-processing-financial-services/.venv/lib/python3.10/site-packages/airflow/example_dags/example_trigger_target_dag.py
[2024-09-03T11:08:55.330+0000] {processor.py:836} INFO - DAG(s) dict_keys(['example_trigger_target_dag']) retrieved from /home/airflow-vm/data-engineer-batch-processing-financial-services/.venv/lib/python3.10/site-packages/airflow/example_dags/example_trigger_target_dag.py
[2024-09-03T11:08:55.347+0000] {logging_mixin.py:149} INFO - [2024-09-03T11:08:55.346+0000] {dag.py:2726} INFO - Sync 1 DAGs
[2024-09-03T11:08:55.369+0000] {logging_mixin.py:149} INFO - [2024-09-03T11:08:55.368+0000] {dag.py:3486} INFO - Setting next_dagrun for example_trigger_target_dag to None, run_after=None
[2024-09-03T11:08:55.399+0000] {processor.py:179} INFO - Processing /home/airflow-vm/data-engineer-batch-processing-financial-services/.venv/lib/python3.10/site-packages/airflow/example_dags/example_trigger_target_dag.py took 0.079 seconds
[2024-09-03T11:11:01.947+0000] {processor.py:157} INFO - Started process (PID=8793) to work on /home/airflow-vm/data-engineer-batch-processing-financial-services/.venv/lib/python3.10/site-packages/airflow/example_dags/example_trigger_target_dag.py
[2024-09-03T11:11:01.948+0000] {processor.py:826} INFO - Processing file /home/airflow-vm/data-engineer-batch-processing-financial-services/.venv/lib/python3.10/site-packages/airflow/example_dags/example_trigger_target_dag.py for tasks to queue
[2024-09-03T11:11:01.949+0000] {logging_mixin.py:149} INFO - [2024-09-03T11:11:01.949+0000] {dagbag.py:541} INFO - Filling up the DagBag from /home/airflow-vm/data-engineer-batch-processing-financial-services/.venv/lib/python3.10/site-packages/airflow/example_dags/example_trigger_target_dag.py
[2024-09-03T11:11:01.954+0000] {processor.py:836} INFO - DAG(s) dict_keys(['example_trigger_target_dag']) retrieved from /home/airflow-vm/data-engineer-batch-processing-financial-services/.venv/lib/python3.10/site-packages/airflow/example_dags/example_trigger_target_dag.py
[2024-09-03T11:11:01.972+0000] {logging_mixin.py:149} INFO - [2024-09-03T11:11:01.972+0000] {dag.py:2726} INFO - Sync 1 DAGs
[2024-09-03T11:11:01.991+0000] {logging_mixin.py:149} INFO - [2024-09-03T11:11:01.990+0000] {dag.py:3486} INFO - Setting next_dagrun for example_trigger_target_dag to None, run_after=None
[2024-09-03T11:11:02.021+0000] {processor.py:179} INFO - Processing /home/airflow-vm/data-engineer-batch-processing-financial-services/.venv/lib/python3.10/site-packages/airflow/example_dags/example_trigger_target_dag.py took 0.076 seconds
[2024-09-03T11:13:10.491+0000] {processor.py:157} INFO - Started process (PID=9720) to work on /home/airflow-vm/data-engineer-batch-processing-financial-services/.venv/lib/python3.10/site-packages/airflow/example_dags/example_trigger_target_dag.py
[2024-09-03T11:13:10.492+0000] {processor.py:826} INFO - Processing file /home/airflow-vm/data-engineer-batch-processing-financial-services/.venv/lib/python3.10/site-packages/airflow/example_dags/example_trigger_target_dag.py for tasks to queue
[2024-09-03T11:13:10.493+0000] {logging_mixin.py:149} INFO - [2024-09-03T11:13:10.493+0000] {dagbag.py:541} INFO - Filling up the DagBag from /home/airflow-vm/data-engineer-batch-processing-financial-services/.venv/lib/python3.10/site-packages/airflow/example_dags/example_trigger_target_dag.py
[2024-09-03T11:13:10.498+0000] {processor.py:836} INFO - DAG(s) dict_keys(['example_trigger_target_dag']) retrieved from /home/airflow-vm/data-engineer-batch-processing-financial-services/.venv/lib/python3.10/site-packages/airflow/example_dags/example_trigger_target_dag.py
[2024-09-03T11:13:10.515+0000] {logging_mixin.py:149} INFO - [2024-09-03T11:13:10.515+0000] {dag.py:2726} INFO - Sync 1 DAGs
[2024-09-03T11:13:10.534+0000] {logging_mixin.py:149} INFO - [2024-09-03T11:13:10.534+0000] {dag.py:3486} INFO - Setting next_dagrun for example_trigger_target_dag to None, run_after=None
[2024-09-03T11:13:10.564+0000] {processor.py:179} INFO - Processing /home/airflow-vm/data-engineer-batch-processing-financial-services/.venv/lib/python3.10/site-packages/airflow/example_dags/example_trigger_target_dag.py took 0.075 seconds
[2024-09-03T11:15:20.507+0000] {processor.py:157} INFO - Started process (PID=10712) to work on /home/airflow-vm/data-engineer-batch-processing-financial-services/.venv/lib/python3.10/site-packages/airflow/example_dags/example_trigger_target_dag.py
[2024-09-03T11:15:20.508+0000] {processor.py:826} INFO - Processing file /home/airflow-vm/data-engineer-batch-processing-financial-services/.venv/lib/python3.10/site-packages/airflow/example_dags/example_trigger_target_dag.py for tasks to queue
[2024-09-03T11:15:20.508+0000] {logging_mixin.py:149} INFO - [2024-09-03T11:15:20.508+0000] {dagbag.py:541} INFO - Filling up the DagBag from /home/airflow-vm/data-engineer-batch-processing-financial-services/.venv/lib/python3.10/site-packages/airflow/example_dags/example_trigger_target_dag.py
[2024-09-03T11:15:20.513+0000] {processor.py:836} INFO - DAG(s) dict_keys(['example_trigger_target_dag']) retrieved from /home/airflow-vm/data-engineer-batch-processing-financial-services/.venv/lib/python3.10/site-packages/airflow/example_dags/example_trigger_target_dag.py
[2024-09-03T11:15:20.530+0000] {logging_mixin.py:149} INFO - [2024-09-03T11:15:20.530+0000] {dag.py:2726} INFO - Sync 1 DAGs
[2024-09-03T11:15:20.549+0000] {logging_mixin.py:149} INFO - [2024-09-03T11:15:20.548+0000] {dag.py:3486} INFO - Setting next_dagrun for example_trigger_target_dag to None, run_after=None
[2024-09-03T11:15:20.576+0000] {processor.py:179} INFO - Processing /home/airflow-vm/data-engineer-batch-processing-financial-services/.venv/lib/python3.10/site-packages/airflow/example_dags/example_trigger_target_dag.py took 0.072 seconds
[2024-09-03T11:17:25.720+0000] {processor.py:157} INFO - Started process (PID=11914) to work on /home/airflow-vm/data-engineer-batch-processing-financial-services/.venv/lib/python3.10/site-packages/airflow/example_dags/example_trigger_target_dag.py
[2024-09-03T11:17:25.721+0000] {processor.py:826} INFO - Processing file /home/airflow-vm/data-engineer-batch-processing-financial-services/.venv/lib/python3.10/site-packages/airflow/example_dags/example_trigger_target_dag.py for tasks to queue
[2024-09-03T11:17:25.722+0000] {logging_mixin.py:149} INFO - [2024-09-03T11:17:25.722+0000] {dagbag.py:541} INFO - Filling up the DagBag from /home/airflow-vm/data-engineer-batch-processing-financial-services/.venv/lib/python3.10/site-packages/airflow/example_dags/example_trigger_target_dag.py
[2024-09-03T11:17:25.727+0000] {processor.py:836} INFO - DAG(s) dict_keys(['example_trigger_target_dag']) retrieved from /home/airflow-vm/data-engineer-batch-processing-financial-services/.venv/lib/python3.10/site-packages/airflow/example_dags/example_trigger_target_dag.py
[2024-09-03T11:17:25.744+0000] {logging_mixin.py:149} INFO - [2024-09-03T11:17:25.744+0000] {dag.py:2726} INFO - Sync 1 DAGs
[2024-09-03T11:17:25.763+0000] {logging_mixin.py:149} INFO - [2024-09-03T11:17:25.763+0000] {dag.py:3486} INFO - Setting next_dagrun for example_trigger_target_dag to None, run_after=None
[2024-09-03T11:17:25.793+0000] {processor.py:179} INFO - Processing /home/airflow-vm/data-engineer-batch-processing-financial-services/.venv/lib/python3.10/site-packages/airflow/example_dags/example_trigger_target_dag.py took 0.075 seconds
[2024-09-03T11:20:04.459+0000] {processor.py:157} INFO - Started process (PID=13306) to work on /home/airflow-vm/data-engineer-batch-processing-financial-services/.venv/lib/python3.10/site-packages/airflow/example_dags/example_trigger_target_dag.py
[2024-09-03T11:20:04.460+0000] {processor.py:826} INFO - Processing file /home/airflow-vm/data-engineer-batch-processing-financial-services/.venv/lib/python3.10/site-packages/airflow/example_dags/example_trigger_target_dag.py for tasks to queue
[2024-09-03T11:20:04.460+0000] {logging_mixin.py:149} INFO - [2024-09-03T11:20:04.460+0000] {dagbag.py:541} INFO - Filling up the DagBag from /home/airflow-vm/data-engineer-batch-processing-financial-services/.venv/lib/python3.10/site-packages/airflow/example_dags/example_trigger_target_dag.py
[2024-09-03T11:20:04.467+0000] {processor.py:836} INFO - DAG(s) dict_keys(['example_trigger_target_dag']) retrieved from /home/airflow-vm/data-engineer-batch-processing-financial-services/.venv/lib/python3.10/site-packages/airflow/example_dags/example_trigger_target_dag.py
[2024-09-03T11:20:04.484+0000] {logging_mixin.py:149} INFO - [2024-09-03T11:20:04.484+0000] {dag.py:2726} INFO - Sync 1 DAGs
[2024-09-03T11:20:04.503+0000] {logging_mixin.py:149} INFO - [2024-09-03T11:20:04.503+0000] {dag.py:3486} INFO - Setting next_dagrun for example_trigger_target_dag to None, run_after=None
[2024-09-03T11:20:04.534+0000] {processor.py:179} INFO - Processing /home/airflow-vm/data-engineer-batch-processing-financial-services/.venv/lib/python3.10/site-packages/airflow/example_dags/example_trigger_target_dag.py took 0.077 seconds
[2024-09-03T11:23:03.931+0000] {processor.py:157} INFO - Started process (PID=14773) to work on /home/airflow-vm/data-engineer-batch-processing-financial-services/.venv/lib/python3.10/site-packages/airflow/example_dags/example_trigger_target_dag.py
[2024-09-03T11:23:03.932+0000] {processor.py:826} INFO - Processing file /home/airflow-vm/data-engineer-batch-processing-financial-services/.venv/lib/python3.10/site-packages/airflow/example_dags/example_trigger_target_dag.py for tasks to queue
[2024-09-03T11:23:03.933+0000] {logging_mixin.py:149} INFO - [2024-09-03T11:23:03.933+0000] {dagbag.py:541} INFO - Filling up the DagBag from /home/airflow-vm/data-engineer-batch-processing-financial-services/.venv/lib/python3.10/site-packages/airflow/example_dags/example_trigger_target_dag.py
[2024-09-03T11:23:03.937+0000] {processor.py:836} INFO - DAG(s) dict_keys(['example_trigger_target_dag']) retrieved from /home/airflow-vm/data-engineer-batch-processing-financial-services/.venv/lib/python3.10/site-packages/airflow/example_dags/example_trigger_target_dag.py
[2024-09-03T11:23:03.954+0000] {logging_mixin.py:149} INFO - [2024-09-03T11:23:03.954+0000] {dag.py:2726} INFO - Sync 1 DAGs
[2024-09-03T11:23:03.973+0000] {logging_mixin.py:149} INFO - [2024-09-03T11:23:03.973+0000] {dag.py:3486} INFO - Setting next_dagrun for example_trigger_target_dag to None, run_after=None
[2024-09-03T11:23:04.002+0000] {processor.py:179} INFO - Processing /home/airflow-vm/data-engineer-batch-processing-financial-services/.venv/lib/python3.10/site-packages/airflow/example_dags/example_trigger_target_dag.py took 0.073 seconds
[2024-09-03T11:25:59.277+0000] {processor.py:157} INFO - Started process (PID=16070) to work on /home/airflow-vm/data-engineer-batch-processing-financial-services/.venv/lib/python3.10/site-packages/airflow/example_dags/example_trigger_target_dag.py
[2024-09-03T11:25:59.278+0000] {processor.py:826} INFO - Processing file /home/airflow-vm/data-engineer-batch-processing-financial-services/.venv/lib/python3.10/site-packages/airflow/example_dags/example_trigger_target_dag.py for tasks to queue
[2024-09-03T11:25:59.279+0000] {logging_mixin.py:149} INFO - [2024-09-03T11:25:59.278+0000] {dagbag.py:541} INFO - Filling up the DagBag from /home/airflow-vm/data-engineer-batch-processing-financial-services/.venv/lib/python3.10/site-packages/airflow/example_dags/example_trigger_target_dag.py
[2024-09-03T11:25:59.284+0000] {processor.py:836} INFO - DAG(s) dict_keys(['example_trigger_target_dag']) retrieved from /home/airflow-vm/data-engineer-batch-processing-financial-services/.venv/lib/python3.10/site-packages/airflow/example_dags/example_trigger_target_dag.py
[2024-09-03T11:25:59.303+0000] {logging_mixin.py:149} INFO - [2024-09-03T11:25:59.303+0000] {dag.py:2726} INFO - Sync 1 DAGs
[2024-09-03T11:25:59.323+0000] {logging_mixin.py:149} INFO - [2024-09-03T11:25:59.323+0000] {dag.py:3486} INFO - Setting next_dagrun for example_trigger_target_dag to None, run_after=None
[2024-09-03T11:25:59.352+0000] {processor.py:179} INFO - Processing /home/airflow-vm/data-engineer-batch-processing-financial-services/.venv/lib/python3.10/site-packages/airflow/example_dags/example_trigger_target_dag.py took 0.077 seconds
[2024-09-03T11:28:51.888+0000] {processor.py:157} INFO - Started process (PID=17378) to work on /home/airflow-vm/data-engineer-batch-processing-financial-services/.venv/lib/python3.10/site-packages/airflow/example_dags/example_trigger_target_dag.py
[2024-09-03T11:28:51.889+0000] {processor.py:826} INFO - Processing file /home/airflow-vm/data-engineer-batch-processing-financial-services/.venv/lib/python3.10/site-packages/airflow/example_dags/example_trigger_target_dag.py for tasks to queue
[2024-09-03T11:28:51.889+0000] {logging_mixin.py:149} INFO - [2024-09-03T11:28:51.889+0000] {dagbag.py:541} INFO - Filling up the DagBag from /home/airflow-vm/data-engineer-batch-processing-financial-services/.venv/lib/python3.10/site-packages/airflow/example_dags/example_trigger_target_dag.py
[2024-09-03T11:28:51.894+0000] {processor.py:836} INFO - DAG(s) dict_keys(['example_trigger_target_dag']) retrieved from /home/airflow-vm/data-engineer-batch-processing-financial-services/.venv/lib/python3.10/site-packages/airflow/example_dags/example_trigger_target_dag.py
[2024-09-03T11:28:51.910+0000] {logging_mixin.py:149} INFO - [2024-09-03T11:28:51.909+0000] {dag.py:2726} INFO - Sync 1 DAGs
[2024-09-03T11:28:51.928+0000] {logging_mixin.py:149} INFO - [2024-09-03T11:28:51.928+0000] {dag.py:3486} INFO - Setting next_dagrun for example_trigger_target_dag to None, run_after=None
[2024-09-03T11:28:51.963+0000] {processor.py:179} INFO - Processing /home/airflow-vm/data-engineer-batch-processing-financial-services/.venv/lib/python3.10/site-packages/airflow/example_dags/example_trigger_target_dag.py took 0.078 seconds
[2024-09-03T11:32:56.495+0000] {processor.py:157} INFO - Started process (PID=19781) to work on /home/airflow-vm/data-engineer-batch-processing-financial-services/.venv/lib/python3.10/site-packages/airflow/example_dags/example_trigger_target_dag.py
[2024-09-03T11:32:56.496+0000] {processor.py:826} INFO - Processing file /home/airflow-vm/data-engineer-batch-processing-financial-services/.venv/lib/python3.10/site-packages/airflow/example_dags/example_trigger_target_dag.py for tasks to queue
[2024-09-03T11:32:56.497+0000] {logging_mixin.py:149} INFO - [2024-09-03T11:32:56.497+0000] {dagbag.py:541} INFO - Filling up the DagBag from /home/airflow-vm/data-engineer-batch-processing-financial-services/.venv/lib/python3.10/site-packages/airflow/example_dags/example_trigger_target_dag.py
[2024-09-03T11:32:56.503+0000] {processor.py:836} INFO - DAG(s) dict_keys(['example_trigger_target_dag']) retrieved from /home/airflow-vm/data-engineer-batch-processing-financial-services/.venv/lib/python3.10/site-packages/airflow/example_dags/example_trigger_target_dag.py
[2024-09-03T11:32:56.521+0000] {logging_mixin.py:149} INFO - [2024-09-03T11:32:56.521+0000] {dag.py:2726} INFO - Sync 1 DAGs
[2024-09-03T11:32:56.541+0000] {logging_mixin.py:149} INFO - [2024-09-03T11:32:56.541+0000] {dag.py:3486} INFO - Setting next_dagrun for example_trigger_target_dag to None, run_after=None
[2024-09-03T11:32:56.571+0000] {processor.py:179} INFO - Processing /home/airflow-vm/data-engineer-batch-processing-financial-services/.venv/lib/python3.10/site-packages/airflow/example_dags/example_trigger_target_dag.py took 0.079 seconds
[2024-09-03T11:37:06.081+0000] {processor.py:157} INFO - Started process (PID=22488) to work on /home/airflow-vm/data-engineer-batch-processing-financial-services/.venv/lib/python3.10/site-packages/airflow/example_dags/example_trigger_target_dag.py
[2024-09-03T11:37:06.082+0000] {processor.py:826} INFO - Processing file /home/airflow-vm/data-engineer-batch-processing-financial-services/.venv/lib/python3.10/site-packages/airflow/example_dags/example_trigger_target_dag.py for tasks to queue
[2024-09-03T11:37:06.083+0000] {logging_mixin.py:149} INFO - [2024-09-03T11:37:06.082+0000] {dagbag.py:541} INFO - Filling up the DagBag from /home/airflow-vm/data-engineer-batch-processing-financial-services/.venv/lib/python3.10/site-packages/airflow/example_dags/example_trigger_target_dag.py
[2024-09-03T11:37:06.088+0000] {processor.py:836} INFO - DAG(s) dict_keys(['example_trigger_target_dag']) retrieved from /home/airflow-vm/data-engineer-batch-processing-financial-services/.venv/lib/python3.10/site-packages/airflow/example_dags/example_trigger_target_dag.py
[2024-09-03T11:37:06.108+0000] {logging_mixin.py:149} INFO - [2024-09-03T11:37:06.108+0000] {dag.py:2726} INFO - Sync 1 DAGs
[2024-09-03T11:37:06.141+0000] {logging_mixin.py:149} INFO - [2024-09-03T11:37:06.140+0000] {dag.py:3486} INFO - Setting next_dagrun for example_trigger_target_dag to None, run_after=None
[2024-09-03T11:37:06.192+0000] {processor.py:179} INFO - Processing /home/airflow-vm/data-engineer-batch-processing-financial-services/.venv/lib/python3.10/site-packages/airflow/example_dags/example_trigger_target_dag.py took 0.114 seconds
[2024-09-03T11:37:51.063+0000] {processor.py:157} INFO - Started process (PID=22743) to work on /home/airflow-vm/data-engineer-batch-processing-financial-services/.venv/lib/python3.10/site-packages/airflow/example_dags/example_trigger_target_dag.py
[2024-09-03T11:37:51.064+0000] {processor.py:826} INFO - Processing file /home/airflow-vm/data-engineer-batch-processing-financial-services/.venv/lib/python3.10/site-packages/airflow/example_dags/example_trigger_target_dag.py for tasks to queue
[2024-09-03T11:37:51.065+0000] {logging_mixin.py:149} INFO - [2024-09-03T11:37:51.065+0000] {dagbag.py:541} INFO - Filling up the DagBag from /home/airflow-vm/data-engineer-batch-processing-financial-services/.venv/lib/python3.10/site-packages/airflow/example_dags/example_trigger_target_dag.py
[2024-09-03T11:37:51.071+0000] {processor.py:836} INFO - DAG(s) dict_keys(['example_trigger_target_dag']) retrieved from /home/airflow-vm/data-engineer-batch-processing-financial-services/.venv/lib/python3.10/site-packages/airflow/example_dags/example_trigger_target_dag.py
[2024-09-03T11:37:51.090+0000] {logging_mixin.py:149} INFO - [2024-09-03T11:37:51.089+0000] {dag.py:2726} INFO - Sync 1 DAGs
[2024-09-03T11:37:51.109+0000] {logging_mixin.py:149} INFO - [2024-09-03T11:37:51.109+0000] {dag.py:3486} INFO - Setting next_dagrun for example_trigger_target_dag to None, run_after=None
[2024-09-03T11:37:51.137+0000] {processor.py:179} INFO - Processing /home/airflow-vm/data-engineer-batch-processing-financial-services/.venv/lib/python3.10/site-packages/airflow/example_dags/example_trigger_target_dag.py took 0.077 seconds
[2024-09-03T11:38:37.376+0000] {processor.py:157} INFO - Started process (PID=22967) to work on /home/airflow-vm/data-engineer-batch-processing-financial-services/.venv/lib/python3.10/site-packages/airflow/example_dags/example_trigger_target_dag.py
[2024-09-03T11:38:37.377+0000] {processor.py:826} INFO - Processing file /home/airflow-vm/data-engineer-batch-processing-financial-services/.venv/lib/python3.10/site-packages/airflow/example_dags/example_trigger_target_dag.py for tasks to queue
[2024-09-03T11:38:37.377+0000] {logging_mixin.py:149} INFO - [2024-09-03T11:38:37.377+0000] {dagbag.py:541} INFO - Filling up the DagBag from /home/airflow-vm/data-engineer-batch-processing-financial-services/.venv/lib/python3.10/site-packages/airflow/example_dags/example_trigger_target_dag.py
[2024-09-03T11:38:37.383+0000] {processor.py:836} INFO - DAG(s) dict_keys(['example_trigger_target_dag']) retrieved from /home/airflow-vm/data-engineer-batch-processing-financial-services/.venv/lib/python3.10/site-packages/airflow/example_dags/example_trigger_target_dag.py
[2024-09-03T11:38:37.402+0000] {logging_mixin.py:149} INFO - [2024-09-03T11:38:37.401+0000] {dag.py:2726} INFO - Sync 1 DAGs
[2024-09-03T11:38:37.423+0000] {logging_mixin.py:149} INFO - [2024-09-03T11:38:37.422+0000] {dag.py:3486} INFO - Setting next_dagrun for example_trigger_target_dag to None, run_after=None
[2024-09-03T11:38:37.452+0000] {processor.py:179} INFO - Processing /home/airflow-vm/data-engineer-batch-processing-financial-services/.venv/lib/python3.10/site-packages/airflow/example_dags/example_trigger_target_dag.py took 0.079 seconds
[2024-09-03T11:39:25.768+0000] {processor.py:157} INFO - Started process (PID=23195) to work on /home/airflow-vm/data-engineer-batch-processing-financial-services/.venv/lib/python3.10/site-packages/airflow/example_dags/example_trigger_target_dag.py
[2024-09-03T11:39:25.769+0000] {processor.py:826} INFO - Processing file /home/airflow-vm/data-engineer-batch-processing-financial-services/.venv/lib/python3.10/site-packages/airflow/example_dags/example_trigger_target_dag.py for tasks to queue
[2024-09-03T11:39:25.769+0000] {logging_mixin.py:149} INFO - [2024-09-03T11:39:25.769+0000] {dagbag.py:541} INFO - Filling up the DagBag from /home/airflow-vm/data-engineer-batch-processing-financial-services/.venv/lib/python3.10/site-packages/airflow/example_dags/example_trigger_target_dag.py
[2024-09-03T11:39:25.775+0000] {processor.py:836} INFO - DAG(s) dict_keys(['example_trigger_target_dag']) retrieved from /home/airflow-vm/data-engineer-batch-processing-financial-services/.venv/lib/python3.10/site-packages/airflow/example_dags/example_trigger_target_dag.py
[2024-09-03T11:39:25.794+0000] {logging_mixin.py:149} INFO - [2024-09-03T11:39:25.793+0000] {dag.py:2726} INFO - Sync 1 DAGs
[2024-09-03T11:39:25.814+0000] {logging_mixin.py:149} INFO - [2024-09-03T11:39:25.814+0000] {dag.py:3486} INFO - Setting next_dagrun for example_trigger_target_dag to None, run_after=None
[2024-09-03T11:39:25.846+0000] {processor.py:179} INFO - Processing /home/airflow-vm/data-engineer-batch-processing-financial-services/.venv/lib/python3.10/site-packages/airflow/example_dags/example_trigger_target_dag.py took 0.081 seconds
[2024-09-03T11:40:10.502+0000] {processor.py:157} INFO - Started process (PID=23384) to work on /home/airflow-vm/data-engineer-batch-processing-financial-services/.venv/lib/python3.10/site-packages/airflow/example_dags/example_trigger_target_dag.py
[2024-09-03T11:40:10.503+0000] {processor.py:826} INFO - Processing file /home/airflow-vm/data-engineer-batch-processing-financial-services/.venv/lib/python3.10/site-packages/airflow/example_dags/example_trigger_target_dag.py for tasks to queue
[2024-09-03T11:40:10.504+0000] {logging_mixin.py:149} INFO - [2024-09-03T11:40:10.504+0000] {dagbag.py:541} INFO - Filling up the DagBag from /home/airflow-vm/data-engineer-batch-processing-financial-services/.venv/lib/python3.10/site-packages/airflow/example_dags/example_trigger_target_dag.py
[2024-09-03T11:40:10.509+0000] {processor.py:836} INFO - DAG(s) dict_keys(['example_trigger_target_dag']) retrieved from /home/airflow-vm/data-engineer-batch-processing-financial-services/.venv/lib/python3.10/site-packages/airflow/example_dags/example_trigger_target_dag.py
[2024-09-03T11:40:10.526+0000] {logging_mixin.py:149} INFO - [2024-09-03T11:40:10.526+0000] {dag.py:2726} INFO - Sync 1 DAGs
[2024-09-03T11:40:10.545+0000] {logging_mixin.py:149} INFO - [2024-09-03T11:40:10.545+0000] {dag.py:3486} INFO - Setting next_dagrun for example_trigger_target_dag to None, run_after=None
[2024-09-03T11:40:10.574+0000] {processor.py:179} INFO - Processing /home/airflow-vm/data-engineer-batch-processing-financial-services/.venv/lib/python3.10/site-packages/airflow/example_dags/example_trigger_target_dag.py took 0.074 seconds
[2024-09-03T11:42:39.600+0000] {processor.py:157} INFO - Started process (PID=25127) to work on /home/airflow-vm/data-engineer-batch-processing-financial-services/.venv/lib/python3.10/site-packages/airflow/example_dags/example_trigger_target_dag.py
[2024-09-03T11:42:39.601+0000] {processor.py:826} INFO - Processing file /home/airflow-vm/data-engineer-batch-processing-financial-services/.venv/lib/python3.10/site-packages/airflow/example_dags/example_trigger_target_dag.py for tasks to queue
[2024-09-03T11:42:39.601+0000] {logging_mixin.py:149} INFO - [2024-09-03T11:42:39.601+0000] {dagbag.py:541} INFO - Filling up the DagBag from /home/airflow-vm/data-engineer-batch-processing-financial-services/.venv/lib/python3.10/site-packages/airflow/example_dags/example_trigger_target_dag.py
[2024-09-03T11:42:39.606+0000] {processor.py:836} INFO - DAG(s) dict_keys(['example_trigger_target_dag']) retrieved from /home/airflow-vm/data-engineer-batch-processing-financial-services/.venv/lib/python3.10/site-packages/airflow/example_dags/example_trigger_target_dag.py
[2024-09-03T11:42:39.624+0000] {logging_mixin.py:149} INFO - [2024-09-03T11:42:39.624+0000] {dag.py:2726} INFO - Sync 1 DAGs
[2024-09-03T11:42:39.643+0000] {logging_mixin.py:149} INFO - [2024-09-03T11:42:39.642+0000] {dag.py:3486} INFO - Setting next_dagrun for example_trigger_target_dag to None, run_after=None
[2024-09-03T11:42:39.674+0000] {processor.py:179} INFO - Processing /home/airflow-vm/data-engineer-batch-processing-financial-services/.venv/lib/python3.10/site-packages/airflow/example_dags/example_trigger_target_dag.py took 0.076 seconds
[2024-09-03T11:46:46.103+0000] {processor.py:157} INFO - Started process (PID=27367) to work on /home/airflow-vm/data-engineer-batch-processing-financial-services/.venv/lib/python3.10/site-packages/airflow/example_dags/example_trigger_target_dag.py
[2024-09-03T11:46:46.103+0000] {processor.py:826} INFO - Processing file /home/airflow-vm/data-engineer-batch-processing-financial-services/.venv/lib/python3.10/site-packages/airflow/example_dags/example_trigger_target_dag.py for tasks to queue
[2024-09-03T11:46:46.104+0000] {logging_mixin.py:149} INFO - [2024-09-03T11:46:46.104+0000] {dagbag.py:541} INFO - Filling up the DagBag from /home/airflow-vm/data-engineer-batch-processing-financial-services/.venv/lib/python3.10/site-packages/airflow/example_dags/example_trigger_target_dag.py
[2024-09-03T11:46:46.109+0000] {processor.py:836} INFO - DAG(s) dict_keys(['example_trigger_target_dag']) retrieved from /home/airflow-vm/data-engineer-batch-processing-financial-services/.venv/lib/python3.10/site-packages/airflow/example_dags/example_trigger_target_dag.py
[2024-09-03T11:46:46.126+0000] {logging_mixin.py:149} INFO - [2024-09-03T11:46:46.126+0000] {dag.py:2726} INFO - Sync 1 DAGs
[2024-09-03T11:46:46.146+0000] {logging_mixin.py:149} INFO - [2024-09-03T11:46:46.146+0000] {dag.py:3486} INFO - Setting next_dagrun for example_trigger_target_dag to None, run_after=None
[2024-09-03T11:46:46.177+0000] {processor.py:179} INFO - Processing /home/airflow-vm/data-engineer-batch-processing-financial-services/.venv/lib/python3.10/site-packages/airflow/example_dags/example_trigger_target_dag.py took 0.077 seconds
[2024-09-03T11:50:01.957+0000] {processor.py:157} INFO - Started process (PID=29459) to work on /home/airflow-vm/data-engineer-batch-processing-financial-services/.venv/lib/python3.10/site-packages/airflow/example_dags/example_trigger_target_dag.py
[2024-09-03T11:50:01.957+0000] {processor.py:826} INFO - Processing file /home/airflow-vm/data-engineer-batch-processing-financial-services/.venv/lib/python3.10/site-packages/airflow/example_dags/example_trigger_target_dag.py for tasks to queue
[2024-09-03T11:50:01.958+0000] {logging_mixin.py:149} INFO - [2024-09-03T11:50:01.958+0000] {dagbag.py:541} INFO - Filling up the DagBag from /home/airflow-vm/data-engineer-batch-processing-financial-services/.venv/lib/python3.10/site-packages/airflow/example_dags/example_trigger_target_dag.py
[2024-09-03T11:50:01.964+0000] {processor.py:836} INFO - DAG(s) dict_keys(['example_trigger_target_dag']) retrieved from /home/airflow-vm/data-engineer-batch-processing-financial-services/.venv/lib/python3.10/site-packages/airflow/example_dags/example_trigger_target_dag.py
[2024-09-03T11:50:01.981+0000] {logging_mixin.py:149} INFO - [2024-09-03T11:50:01.981+0000] {dag.py:2726} INFO - Sync 1 DAGs
[2024-09-03T11:50:01.999+0000] {logging_mixin.py:149} INFO - [2024-09-03T11:50:01.999+0000] {dag.py:3486} INFO - Setting next_dagrun for example_trigger_target_dag to None, run_after=None
[2024-09-03T11:50:02.027+0000] {processor.py:179} INFO - Processing /home/airflow-vm/data-engineer-batch-processing-financial-services/.venv/lib/python3.10/site-packages/airflow/example_dags/example_trigger_target_dag.py took 0.073 seconds
[2024-09-03T11:50:50.870+0000] {processor.py:157} INFO - Started process (PID=29683) to work on /home/airflow-vm/data-engineer-batch-processing-financial-services/.venv/lib/python3.10/site-packages/airflow/example_dags/example_trigger_target_dag.py
[2024-09-03T11:50:50.871+0000] {processor.py:826} INFO - Processing file /home/airflow-vm/data-engineer-batch-processing-financial-services/.venv/lib/python3.10/site-packages/airflow/example_dags/example_trigger_target_dag.py for tasks to queue
[2024-09-03T11:50:50.872+0000] {logging_mixin.py:149} INFO - [2024-09-03T11:50:50.872+0000] {dagbag.py:541} INFO - Filling up the DagBag from /home/airflow-vm/data-engineer-batch-processing-financial-services/.venv/lib/python3.10/site-packages/airflow/example_dags/example_trigger_target_dag.py
[2024-09-03T11:50:50.877+0000] {processor.py:836} INFO - DAG(s) dict_keys(['example_trigger_target_dag']) retrieved from /home/airflow-vm/data-engineer-batch-processing-financial-services/.venv/lib/python3.10/site-packages/airflow/example_dags/example_trigger_target_dag.py
[2024-09-03T11:50:50.894+0000] {logging_mixin.py:149} INFO - [2024-09-03T11:50:50.894+0000] {dag.py:2726} INFO - Sync 1 DAGs
[2024-09-03T11:50:50.912+0000] {logging_mixin.py:149} INFO - [2024-09-03T11:50:50.912+0000] {dag.py:3486} INFO - Setting next_dagrun for example_trigger_target_dag to None, run_after=None
[2024-09-03T11:50:50.939+0000] {processor.py:179} INFO - Processing /home/airflow-vm/data-engineer-batch-processing-financial-services/.venv/lib/python3.10/site-packages/airflow/example_dags/example_trigger_target_dag.py took 0.071 seconds
[2024-09-03T11:51:34.473+0000] {processor.py:157} INFO - Started process (PID=29730) to work on /home/airflow-vm/data-engineer-batch-processing-financial-services/.venv/lib/python3.10/site-packages/airflow/example_dags/example_trigger_target_dag.py
[2024-09-03T11:51:34.474+0000] {processor.py:826} INFO - Processing file /home/airflow-vm/data-engineer-batch-processing-financial-services/.venv/lib/python3.10/site-packages/airflow/example_dags/example_trigger_target_dag.py for tasks to queue
[2024-09-03T11:51:34.474+0000] {logging_mixin.py:149} INFO - [2024-09-03T11:51:34.474+0000] {dagbag.py:541} INFO - Filling up the DagBag from /home/airflow-vm/data-engineer-batch-processing-financial-services/.venv/lib/python3.10/site-packages/airflow/example_dags/example_trigger_target_dag.py
[2024-09-03T11:51:34.480+0000] {processor.py:836} INFO - DAG(s) dict_keys(['example_trigger_target_dag']) retrieved from /home/airflow-vm/data-engineer-batch-processing-financial-services/.venv/lib/python3.10/site-packages/airflow/example_dags/example_trigger_target_dag.py
[2024-09-03T11:51:34.496+0000] {logging_mixin.py:149} INFO - [2024-09-03T11:51:34.496+0000] {dag.py:2726} INFO - Sync 1 DAGs
[2024-09-03T11:51:34.515+0000] {logging_mixin.py:149} INFO - [2024-09-03T11:51:34.515+0000] {dag.py:3486} INFO - Setting next_dagrun for example_trigger_target_dag to None, run_after=None
[2024-09-03T11:51:34.544+0000] {processor.py:179} INFO - Processing /home/airflow-vm/data-engineer-batch-processing-financial-services/.venv/lib/python3.10/site-packages/airflow/example_dags/example_trigger_target_dag.py took 0.074 seconds
[2024-09-03T11:52:18.549+0000] {processor.py:157} INFO - Started process (PID=29778) to work on /home/airflow-vm/data-engineer-batch-processing-financial-services/.venv/lib/python3.10/site-packages/airflow/example_dags/example_trigger_target_dag.py
[2024-09-03T11:52:18.550+0000] {processor.py:826} INFO - Processing file /home/airflow-vm/data-engineer-batch-processing-financial-services/.venv/lib/python3.10/site-packages/airflow/example_dags/example_trigger_target_dag.py for tasks to queue
[2024-09-03T11:52:18.550+0000] {logging_mixin.py:149} INFO - [2024-09-03T11:52:18.550+0000] {dagbag.py:541} INFO - Filling up the DagBag from /home/airflow-vm/data-engineer-batch-processing-financial-services/.venv/lib/python3.10/site-packages/airflow/example_dags/example_trigger_target_dag.py
[2024-09-03T11:52:18.556+0000] {processor.py:836} INFO - DAG(s) dict_keys(['example_trigger_target_dag']) retrieved from /home/airflow-vm/data-engineer-batch-processing-financial-services/.venv/lib/python3.10/site-packages/airflow/example_dags/example_trigger_target_dag.py
[2024-09-03T11:52:18.575+0000] {logging_mixin.py:149} INFO - [2024-09-03T11:52:18.575+0000] {dag.py:2726} INFO - Sync 1 DAGs
[2024-09-03T11:52:18.594+0000] {logging_mixin.py:149} INFO - [2024-09-03T11:52:18.594+0000] {dag.py:3486} INFO - Setting next_dagrun for example_trigger_target_dag to None, run_after=None
[2024-09-03T11:52:18.622+0000] {processor.py:179} INFO - Processing /home/airflow-vm/data-engineer-batch-processing-financial-services/.venv/lib/python3.10/site-packages/airflow/example_dags/example_trigger_target_dag.py took 0.076 seconds
[2024-09-03T11:53:05.475+0000] {processor.py:157} INFO - Started process (PID=29826) to work on /home/airflow-vm/data-engineer-batch-processing-financial-services/.venv/lib/python3.10/site-packages/airflow/example_dags/example_trigger_target_dag.py
[2024-09-03T11:53:05.476+0000] {processor.py:826} INFO - Processing file /home/airflow-vm/data-engineer-batch-processing-financial-services/.venv/lib/python3.10/site-packages/airflow/example_dags/example_trigger_target_dag.py for tasks to queue
[2024-09-03T11:53:05.476+0000] {logging_mixin.py:149} INFO - [2024-09-03T11:53:05.476+0000] {dagbag.py:541} INFO - Filling up the DagBag from /home/airflow-vm/data-engineer-batch-processing-financial-services/.venv/lib/python3.10/site-packages/airflow/example_dags/example_trigger_target_dag.py
[2024-09-03T11:53:05.481+0000] {processor.py:836} INFO - DAG(s) dict_keys(['example_trigger_target_dag']) retrieved from /home/airflow-vm/data-engineer-batch-processing-financial-services/.venv/lib/python3.10/site-packages/airflow/example_dags/example_trigger_target_dag.py
[2024-09-03T11:53:05.499+0000] {logging_mixin.py:149} INFO - [2024-09-03T11:53:05.498+0000] {dag.py:2726} INFO - Sync 1 DAGs
[2024-09-03T11:53:05.519+0000] {logging_mixin.py:149} INFO - [2024-09-03T11:53:05.518+0000] {dag.py:3486} INFO - Setting next_dagrun for example_trigger_target_dag to None, run_after=None
[2024-09-03T11:53:05.546+0000] {processor.py:179} INFO - Processing /home/airflow-vm/data-engineer-batch-processing-financial-services/.venv/lib/python3.10/site-packages/airflow/example_dags/example_trigger_target_dag.py took 0.074 seconds
[2024-09-03T11:53:52.521+0000] {processor.py:157} INFO - Started process (PID=29901) to work on /home/airflow-vm/data-engineer-batch-processing-financial-services/.venv/lib/python3.10/site-packages/airflow/example_dags/example_trigger_target_dag.py
[2024-09-03T11:53:52.522+0000] {processor.py:826} INFO - Processing file /home/airflow-vm/data-engineer-batch-processing-financial-services/.venv/lib/python3.10/site-packages/airflow/example_dags/example_trigger_target_dag.py for tasks to queue
[2024-09-03T11:53:52.523+0000] {logging_mixin.py:149} INFO - [2024-09-03T11:53:52.523+0000] {dagbag.py:541} INFO - Filling up the DagBag from /home/airflow-vm/data-engineer-batch-processing-financial-services/.venv/lib/python3.10/site-packages/airflow/example_dags/example_trigger_target_dag.py
[2024-09-03T11:53:52.528+0000] {processor.py:836} INFO - DAG(s) dict_keys(['example_trigger_target_dag']) retrieved from /home/airflow-vm/data-engineer-batch-processing-financial-services/.venv/lib/python3.10/site-packages/airflow/example_dags/example_trigger_target_dag.py
[2024-09-03T11:53:52.546+0000] {logging_mixin.py:149} INFO - [2024-09-03T11:53:52.546+0000] {dag.py:2726} INFO - Sync 1 DAGs
[2024-09-03T11:53:52.569+0000] {logging_mixin.py:149} INFO - [2024-09-03T11:53:52.569+0000] {dag.py:3486} INFO - Setting next_dagrun for example_trigger_target_dag to None, run_after=None
[2024-09-03T11:53:52.599+0000] {processor.py:179} INFO - Processing /home/airflow-vm/data-engineer-batch-processing-financial-services/.venv/lib/python3.10/site-packages/airflow/example_dags/example_trigger_target_dag.py took 0.081 seconds
[2024-09-03T11:54:40.948+0000] {processor.py:157} INFO - Started process (PID=29952) to work on /home/airflow-vm/data-engineer-batch-processing-financial-services/.venv/lib/python3.10/site-packages/airflow/example_dags/example_trigger_target_dag.py
[2024-09-03T11:54:40.948+0000] {processor.py:826} INFO - Processing file /home/airflow-vm/data-engineer-batch-processing-financial-services/.venv/lib/python3.10/site-packages/airflow/example_dags/example_trigger_target_dag.py for tasks to queue
[2024-09-03T11:54:40.949+0000] {logging_mixin.py:149} INFO - [2024-09-03T11:54:40.949+0000] {dagbag.py:541} INFO - Filling up the DagBag from /home/airflow-vm/data-engineer-batch-processing-financial-services/.venv/lib/python3.10/site-packages/airflow/example_dags/example_trigger_target_dag.py
[2024-09-03T11:54:40.954+0000] {processor.py:836} INFO - DAG(s) dict_keys(['example_trigger_target_dag']) retrieved from /home/airflow-vm/data-engineer-batch-processing-financial-services/.venv/lib/python3.10/site-packages/airflow/example_dags/example_trigger_target_dag.py
[2024-09-03T11:54:40.972+0000] {logging_mixin.py:149} INFO - [2024-09-03T11:54:40.972+0000] {dag.py:2726} INFO - Sync 1 DAGs
[2024-09-03T11:54:40.991+0000] {logging_mixin.py:149} INFO - [2024-09-03T11:54:40.991+0000] {dag.py:3486} INFO - Setting next_dagrun for example_trigger_target_dag to None, run_after=None
[2024-09-03T11:54:41.018+0000] {processor.py:179} INFO - Processing /home/airflow-vm/data-engineer-batch-processing-financial-services/.venv/lib/python3.10/site-packages/airflow/example_dags/example_trigger_target_dag.py took 0.073 seconds
[2024-09-03T11:55:25.874+0000] {processor.py:157} INFO - Started process (PID=30005) to work on /home/airflow-vm/data-engineer-batch-processing-financial-services/.venv/lib/python3.10/site-packages/airflow/example_dags/example_trigger_target_dag.py
[2024-09-03T11:55:25.875+0000] {processor.py:826} INFO - Processing file /home/airflow-vm/data-engineer-batch-processing-financial-services/.venv/lib/python3.10/site-packages/airflow/example_dags/example_trigger_target_dag.py for tasks to queue
[2024-09-03T11:55:25.875+0000] {logging_mixin.py:149} INFO - [2024-09-03T11:55:25.875+0000] {dagbag.py:541} INFO - Filling up the DagBag from /home/airflow-vm/data-engineer-batch-processing-financial-services/.venv/lib/python3.10/site-packages/airflow/example_dags/example_trigger_target_dag.py
[2024-09-03T11:55:25.881+0000] {processor.py:836} INFO - DAG(s) dict_keys(['example_trigger_target_dag']) retrieved from /home/airflow-vm/data-engineer-batch-processing-financial-services/.venv/lib/python3.10/site-packages/airflow/example_dags/example_trigger_target_dag.py
[2024-09-03T11:55:25.898+0000] {logging_mixin.py:149} INFO - [2024-09-03T11:55:25.898+0000] {dag.py:2726} INFO - Sync 1 DAGs
[2024-09-03T11:55:25.917+0000] {logging_mixin.py:149} INFO - [2024-09-03T11:55:25.917+0000] {dag.py:3486} INFO - Setting next_dagrun for example_trigger_target_dag to None, run_after=None
[2024-09-03T11:55:25.947+0000] {processor.py:179} INFO - Processing /home/airflow-vm/data-engineer-batch-processing-financial-services/.venv/lib/python3.10/site-packages/airflow/example_dags/example_trigger_target_dag.py took 0.077 seconds
[2024-09-03T11:56:12.390+0000] {processor.py:157} INFO - Started process (PID=30054) to work on /home/airflow-vm/data-engineer-batch-processing-financial-services/.venv/lib/python3.10/site-packages/airflow/example_dags/example_trigger_target_dag.py
[2024-09-03T11:56:12.390+0000] {processor.py:826} INFO - Processing file /home/airflow-vm/data-engineer-batch-processing-financial-services/.venv/lib/python3.10/site-packages/airflow/example_dags/example_trigger_target_dag.py for tasks to queue
[2024-09-03T11:56:12.391+0000] {logging_mixin.py:149} INFO - [2024-09-03T11:56:12.391+0000] {dagbag.py:541} INFO - Filling up the DagBag from /home/airflow-vm/data-engineer-batch-processing-financial-services/.venv/lib/python3.10/site-packages/airflow/example_dags/example_trigger_target_dag.py
[2024-09-03T11:56:12.396+0000] {processor.py:836} INFO - DAG(s) dict_keys(['example_trigger_target_dag']) retrieved from /home/airflow-vm/data-engineer-batch-processing-financial-services/.venv/lib/python3.10/site-packages/airflow/example_dags/example_trigger_target_dag.py
[2024-09-03T11:56:12.413+0000] {logging_mixin.py:149} INFO - [2024-09-03T11:56:12.413+0000] {dag.py:2726} INFO - Sync 1 DAGs
[2024-09-03T11:56:12.431+0000] {logging_mixin.py:149} INFO - [2024-09-03T11:56:12.431+0000] {dag.py:3486} INFO - Setting next_dagrun for example_trigger_target_dag to None, run_after=None
[2024-09-03T11:56:12.460+0000] {processor.py:179} INFO - Processing /home/airflow-vm/data-engineer-batch-processing-financial-services/.venv/lib/python3.10/site-packages/airflow/example_dags/example_trigger_target_dag.py took 0.073 seconds
