[2024-09-03T10:58:26.915+0000] {processor.py:157} INFO - Started process (PID=3586) to work on /home/airflow-vm/data-engineer-batch-processing-financial-services/.venv/lib/python3.10/site-packages/airflow/example_dags/example_sensor_decorator.py
[2024-09-03T10:58:26.916+0000] {processor.py:826} INFO - Processing file /home/airflow-vm/data-engineer-batch-processing-financial-services/.venv/lib/python3.10/site-packages/airflow/example_dags/example_sensor_decorator.py for tasks to queue
[2024-09-03T10:58:26.916+0000] {logging_mixin.py:149} INFO - [2024-09-03T10:58:26.916+0000] {dagbag.py:541} INFO - Filling up the DagBag from /home/airflow-vm/data-engineer-batch-processing-financial-services/.venv/lib/python3.10/site-packages/airflow/example_dags/example_sensor_decorator.py
[2024-09-03T10:58:26.924+0000] {processor.py:836} INFO - DAG(s) dict_keys(['example_sensor_decorator']) retrieved from /home/airflow-vm/data-engineer-batch-processing-financial-services/.venv/lib/python3.10/site-packages/airflow/example_dags/example_sensor_decorator.py
[2024-09-03T10:58:26.941+0000] {logging_mixin.py:149} INFO - [2024-09-03T10:58:26.941+0000] {dag.py:2726} INFO - Sync 1 DAGs
[2024-09-03T10:58:26.962+0000] {logging_mixin.py:149} INFO - [2024-09-03T10:58:26.962+0000] {dag.py:3486} INFO - Setting next_dagrun for example_sensor_decorator to None, run_after=None
[2024-09-03T10:58:26.996+0000] {processor.py:179} INFO - Processing /home/airflow-vm/data-engineer-batch-processing-financial-services/.venv/lib/python3.10/site-packages/airflow/example_dags/example_sensor_decorator.py took 0.083 seconds
[2024-09-03T10:59:16.227+0000] {processor.py:157} INFO - Started process (PID=3833) to work on /home/airflow-vm/data-engineer-batch-processing-financial-services/.venv/lib/python3.10/site-packages/airflow/example_dags/example_sensor_decorator.py
[2024-09-03T10:59:16.228+0000] {processor.py:826} INFO - Processing file /home/airflow-vm/data-engineer-batch-processing-financial-services/.venv/lib/python3.10/site-packages/airflow/example_dags/example_sensor_decorator.py for tasks to queue
[2024-09-03T10:59:16.228+0000] {logging_mixin.py:149} INFO - [2024-09-03T10:59:16.228+0000] {dagbag.py:541} INFO - Filling up the DagBag from /home/airflow-vm/data-engineer-batch-processing-financial-services/.venv/lib/python3.10/site-packages/airflow/example_dags/example_sensor_decorator.py
[2024-09-03T10:59:16.234+0000] {processor.py:836} INFO - DAG(s) dict_keys(['example_sensor_decorator']) retrieved from /home/airflow-vm/data-engineer-batch-processing-financial-services/.venv/lib/python3.10/site-packages/airflow/example_dags/example_sensor_decorator.py
[2024-09-03T10:59:16.251+0000] {logging_mixin.py:149} INFO - [2024-09-03T10:59:16.251+0000] {dag.py:2726} INFO - Sync 1 DAGs
[2024-09-03T10:59:16.270+0000] {logging_mixin.py:149} INFO - [2024-09-03T10:59:16.270+0000] {dag.py:3486} INFO - Setting next_dagrun for example_sensor_decorator to None, run_after=None
[2024-09-03T10:59:16.298+0000] {processor.py:179} INFO - Processing /home/airflow-vm/data-engineer-batch-processing-financial-services/.venv/lib/python3.10/site-packages/airflow/example_dags/example_sensor_decorator.py took 0.074 seconds
[2024-09-03T10:59:59.939+0000] {processor.py:157} INFO - Started process (PID=3989) to work on /home/airflow-vm/data-engineer-batch-processing-financial-services/.venv/lib/python3.10/site-packages/airflow/example_dags/example_sensor_decorator.py
[2024-09-03T10:59:59.940+0000] {processor.py:826} INFO - Processing file /home/airflow-vm/data-engineer-batch-processing-financial-services/.venv/lib/python3.10/site-packages/airflow/example_dags/example_sensor_decorator.py for tasks to queue
[2024-09-03T10:59:59.940+0000] {logging_mixin.py:149} INFO - [2024-09-03T10:59:59.940+0000] {dagbag.py:541} INFO - Filling up the DagBag from /home/airflow-vm/data-engineer-batch-processing-financial-services/.venv/lib/python3.10/site-packages/airflow/example_dags/example_sensor_decorator.py
[2024-09-03T10:59:59.948+0000] {processor.py:836} INFO - DAG(s) dict_keys(['example_sensor_decorator']) retrieved from /home/airflow-vm/data-engineer-batch-processing-financial-services/.venv/lib/python3.10/site-packages/airflow/example_dags/example_sensor_decorator.py
[2024-09-03T10:59:59.967+0000] {logging_mixin.py:149} INFO - [2024-09-03T10:59:59.967+0000] {dag.py:2726} INFO - Sync 1 DAGs
[2024-09-03T10:59:59.988+0000] {logging_mixin.py:149} INFO - [2024-09-03T10:59:59.988+0000] {dag.py:3486} INFO - Setting next_dagrun for example_sensor_decorator to None, run_after=None
[2024-09-03T11:00:00.028+0000] {processor.py:179} INFO - Processing /home/airflow-vm/data-engineer-batch-processing-financial-services/.venv/lib/python3.10/site-packages/airflow/example_dags/example_sensor_decorator.py took 0.091 seconds
[2024-09-03T11:00:45.231+0000] {processor.py:157} INFO - Started process (PID=4440) to work on /home/airflow-vm/data-engineer-batch-processing-financial-services/.venv/lib/python3.10/site-packages/airflow/example_dags/example_sensor_decorator.py
[2024-09-03T11:00:45.232+0000] {processor.py:826} INFO - Processing file /home/airflow-vm/data-engineer-batch-processing-financial-services/.venv/lib/python3.10/site-packages/airflow/example_dags/example_sensor_decorator.py for tasks to queue
[2024-09-03T11:00:45.233+0000] {logging_mixin.py:149} INFO - [2024-09-03T11:00:45.233+0000] {dagbag.py:541} INFO - Filling up the DagBag from /home/airflow-vm/data-engineer-batch-processing-financial-services/.venv/lib/python3.10/site-packages/airflow/example_dags/example_sensor_decorator.py
[2024-09-03T11:00:45.238+0000] {processor.py:836} INFO - DAG(s) dict_keys(['example_sensor_decorator']) retrieved from /home/airflow-vm/data-engineer-batch-processing-financial-services/.venv/lib/python3.10/site-packages/airflow/example_dags/example_sensor_decorator.py
[2024-09-03T11:00:45.256+0000] {logging_mixin.py:149} INFO - [2024-09-03T11:00:45.256+0000] {dag.py:2726} INFO - Sync 1 DAGs
[2024-09-03T11:00:45.279+0000] {logging_mixin.py:149} INFO - [2024-09-03T11:00:45.278+0000] {dag.py:3486} INFO - Setting next_dagrun for example_sensor_decorator to None, run_after=None
[2024-09-03T11:00:45.308+0000] {processor.py:179} INFO - Processing /home/airflow-vm/data-engineer-batch-processing-financial-services/.venv/lib/python3.10/site-packages/airflow/example_dags/example_sensor_decorator.py took 0.079 seconds
[2024-09-03T11:01:34.774+0000] {processor.py:157} INFO - Started process (PID=4757) to work on /home/airflow-vm/data-engineer-batch-processing-financial-services/.venv/lib/python3.10/site-packages/airflow/example_dags/example_sensor_decorator.py
[2024-09-03T11:01:34.774+0000] {processor.py:826} INFO - Processing file /home/airflow-vm/data-engineer-batch-processing-financial-services/.venv/lib/python3.10/site-packages/airflow/example_dags/example_sensor_decorator.py for tasks to queue
[2024-09-03T11:01:34.775+0000] {logging_mixin.py:149} INFO - [2024-09-03T11:01:34.775+0000] {dagbag.py:541} INFO - Filling up the DagBag from /home/airflow-vm/data-engineer-batch-processing-financial-services/.venv/lib/python3.10/site-packages/airflow/example_dags/example_sensor_decorator.py
[2024-09-03T11:01:34.781+0000] {processor.py:836} INFO - DAG(s) dict_keys(['example_sensor_decorator']) retrieved from /home/airflow-vm/data-engineer-batch-processing-financial-services/.venv/lib/python3.10/site-packages/airflow/example_dags/example_sensor_decorator.py
[2024-09-03T11:01:34.798+0000] {logging_mixin.py:149} INFO - [2024-09-03T11:01:34.798+0000] {dag.py:2726} INFO - Sync 1 DAGs
[2024-09-03T11:01:34.816+0000] {logging_mixin.py:149} INFO - [2024-09-03T11:01:34.816+0000] {dag.py:3486} INFO - Setting next_dagrun for example_sensor_decorator to None, run_after=None
[2024-09-03T11:01:34.843+0000] {processor.py:179} INFO - Processing /home/airflow-vm/data-engineer-batch-processing-financial-services/.venv/lib/python3.10/site-packages/airflow/example_dags/example_sensor_decorator.py took 0.072 seconds
[2024-09-03T11:02:21.192+0000] {processor.py:157} INFO - Started process (PID=4811) to work on /home/airflow-vm/data-engineer-batch-processing-financial-services/.venv/lib/python3.10/site-packages/airflow/example_dags/example_sensor_decorator.py
[2024-09-03T11:02:21.193+0000] {processor.py:826} INFO - Processing file /home/airflow-vm/data-engineer-batch-processing-financial-services/.venv/lib/python3.10/site-packages/airflow/example_dags/example_sensor_decorator.py for tasks to queue
[2024-09-03T11:02:21.194+0000] {logging_mixin.py:149} INFO - [2024-09-03T11:02:21.193+0000] {dagbag.py:541} INFO - Filling up the DagBag from /home/airflow-vm/data-engineer-batch-processing-financial-services/.venv/lib/python3.10/site-packages/airflow/example_dags/example_sensor_decorator.py
[2024-09-03T11:02:21.199+0000] {processor.py:836} INFO - DAG(s) dict_keys(['example_sensor_decorator']) retrieved from /home/airflow-vm/data-engineer-batch-processing-financial-services/.venv/lib/python3.10/site-packages/airflow/example_dags/example_sensor_decorator.py
[2024-09-03T11:02:21.216+0000] {logging_mixin.py:149} INFO - [2024-09-03T11:02:21.216+0000] {dag.py:2726} INFO - Sync 1 DAGs
[2024-09-03T11:02:21.236+0000] {logging_mixin.py:149} INFO - [2024-09-03T11:02:21.235+0000] {dag.py:3486} INFO - Setting next_dagrun for example_sensor_decorator to None, run_after=None
[2024-09-03T11:02:21.265+0000] {processor.py:179} INFO - Processing /home/airflow-vm/data-engineer-batch-processing-financial-services/.venv/lib/python3.10/site-packages/airflow/example_dags/example_sensor_decorator.py took 0.076 seconds
[2024-09-03T11:03:09.624+0000] {processor.py:157} INFO - Started process (PID=5096) to work on /home/airflow-vm/data-engineer-batch-processing-financial-services/.venv/lib/python3.10/site-packages/airflow/example_dags/example_sensor_decorator.py
[2024-09-03T11:03:09.625+0000] {processor.py:826} INFO - Processing file /home/airflow-vm/data-engineer-batch-processing-financial-services/.venv/lib/python3.10/site-packages/airflow/example_dags/example_sensor_decorator.py for tasks to queue
[2024-09-03T11:03:09.626+0000] {logging_mixin.py:149} INFO - [2024-09-03T11:03:09.625+0000] {dagbag.py:541} INFO - Filling up the DagBag from /home/airflow-vm/data-engineer-batch-processing-financial-services/.venv/lib/python3.10/site-packages/airflow/example_dags/example_sensor_decorator.py
[2024-09-03T11:03:09.630+0000] {processor.py:836} INFO - DAG(s) dict_keys(['example_sensor_decorator']) retrieved from /home/airflow-vm/data-engineer-batch-processing-financial-services/.venv/lib/python3.10/site-packages/airflow/example_dags/example_sensor_decorator.py
[2024-09-03T11:03:09.647+0000] {logging_mixin.py:149} INFO - [2024-09-03T11:03:09.647+0000] {dag.py:2726} INFO - Sync 1 DAGs
[2024-09-03T11:03:09.668+0000] {logging_mixin.py:149} INFO - [2024-09-03T11:03:09.667+0000] {dag.py:3486} INFO - Setting next_dagrun for example_sensor_decorator to None, run_after=None
[2024-09-03T11:03:09.701+0000] {processor.py:179} INFO - Processing /home/airflow-vm/data-engineer-batch-processing-financial-services/.venv/lib/python3.10/site-packages/airflow/example_dags/example_sensor_decorator.py took 0.079 seconds
[2024-09-03T11:05:41.289+0000] {processor.py:157} INFO - Started process (PID=6580) to work on /home/airflow-vm/data-engineer-batch-processing-financial-services/.venv/lib/python3.10/site-packages/airflow/example_dags/example_sensor_decorator.py
[2024-09-03T11:05:41.289+0000] {processor.py:826} INFO - Processing file /home/airflow-vm/data-engineer-batch-processing-financial-services/.venv/lib/python3.10/site-packages/airflow/example_dags/example_sensor_decorator.py for tasks to queue
[2024-09-03T11:05:41.290+0000] {logging_mixin.py:149} INFO - [2024-09-03T11:05:41.290+0000] {dagbag.py:541} INFO - Filling up the DagBag from /home/airflow-vm/data-engineer-batch-processing-financial-services/.venv/lib/python3.10/site-packages/airflow/example_dags/example_sensor_decorator.py
[2024-09-03T11:05:41.295+0000] {processor.py:836} INFO - DAG(s) dict_keys(['example_sensor_decorator']) retrieved from /home/airflow-vm/data-engineer-batch-processing-financial-services/.venv/lib/python3.10/site-packages/airflow/example_dags/example_sensor_decorator.py
[2024-09-03T11:05:41.312+0000] {logging_mixin.py:149} INFO - [2024-09-03T11:05:41.311+0000] {dag.py:2726} INFO - Sync 1 DAGs
[2024-09-03T11:05:41.330+0000] {logging_mixin.py:149} INFO - [2024-09-03T11:05:41.330+0000] {dag.py:3486} INFO - Setting next_dagrun for example_sensor_decorator to None, run_after=None
[2024-09-03T11:05:41.357+0000] {processor.py:179} INFO - Processing /home/airflow-vm/data-engineer-batch-processing-financial-services/.venv/lib/python3.10/site-packages/airflow/example_dags/example_sensor_decorator.py took 0.071 seconds
[2024-09-03T11:08:04.858+0000] {processor.py:157} INFO - Started process (PID=7600) to work on /home/airflow-vm/data-engineer-batch-processing-financial-services/.venv/lib/python3.10/site-packages/airflow/example_dags/example_sensor_decorator.py
[2024-09-03T11:08:04.859+0000] {processor.py:826} INFO - Processing file /home/airflow-vm/data-engineer-batch-processing-financial-services/.venv/lib/python3.10/site-packages/airflow/example_dags/example_sensor_decorator.py for tasks to queue
[2024-09-03T11:08:04.859+0000] {logging_mixin.py:149} INFO - [2024-09-03T11:08:04.859+0000] {dagbag.py:541} INFO - Filling up the DagBag from /home/airflow-vm/data-engineer-batch-processing-financial-services/.venv/lib/python3.10/site-packages/airflow/example_dags/example_sensor_decorator.py
[2024-09-03T11:08:04.865+0000] {processor.py:836} INFO - DAG(s) dict_keys(['example_sensor_decorator']) retrieved from /home/airflow-vm/data-engineer-batch-processing-financial-services/.venv/lib/python3.10/site-packages/airflow/example_dags/example_sensor_decorator.py
[2024-09-03T11:08:04.883+0000] {logging_mixin.py:149} INFO - [2024-09-03T11:08:04.883+0000] {dag.py:2726} INFO - Sync 1 DAGs
[2024-09-03T11:08:04.901+0000] {logging_mixin.py:149} INFO - [2024-09-03T11:08:04.901+0000] {dag.py:3486} INFO - Setting next_dagrun for example_sensor_decorator to None, run_after=None
[2024-09-03T11:08:04.934+0000] {processor.py:179} INFO - Processing /home/airflow-vm/data-engineer-batch-processing-financial-services/.venv/lib/python3.10/site-packages/airflow/example_dags/example_sensor_decorator.py took 0.079 seconds
[2024-09-03T11:12:14.821+0000] {processor.py:157} INFO - Started process (PID=9334) to work on /home/airflow-vm/data-engineer-batch-processing-financial-services/.venv/lib/python3.10/site-packages/airflow/example_dags/example_sensor_decorator.py
[2024-09-03T11:12:14.822+0000] {processor.py:826} INFO - Processing file /home/airflow-vm/data-engineer-batch-processing-financial-services/.venv/lib/python3.10/site-packages/airflow/example_dags/example_sensor_decorator.py for tasks to queue
[2024-09-03T11:12:14.823+0000] {logging_mixin.py:149} INFO - [2024-09-03T11:12:14.822+0000] {dagbag.py:541} INFO - Filling up the DagBag from /home/airflow-vm/data-engineer-batch-processing-financial-services/.venv/lib/python3.10/site-packages/airflow/example_dags/example_sensor_decorator.py
[2024-09-03T11:12:14.828+0000] {processor.py:836} INFO - DAG(s) dict_keys(['example_sensor_decorator']) retrieved from /home/airflow-vm/data-engineer-batch-processing-financial-services/.venv/lib/python3.10/site-packages/airflow/example_dags/example_sensor_decorator.py
[2024-09-03T11:12:14.845+0000] {logging_mixin.py:149} INFO - [2024-09-03T11:12:14.844+0000] {dag.py:2726} INFO - Sync 1 DAGs
[2024-09-03T11:12:14.865+0000] {logging_mixin.py:149} INFO - [2024-09-03T11:12:14.865+0000] {dag.py:3486} INFO - Setting next_dagrun for example_sensor_decorator to None, run_after=None
[2024-09-03T11:12:14.894+0000] {processor.py:179} INFO - Processing /home/airflow-vm/data-engineer-batch-processing-financial-services/.venv/lib/python3.10/site-packages/airflow/example_dags/example_sensor_decorator.py took 0.076 seconds
[2024-09-03T11:16:26.569+0000] {processor.py:157} INFO - Started process (PID=11479) to work on /home/airflow-vm/data-engineer-batch-processing-financial-services/.venv/lib/python3.10/site-packages/airflow/example_dags/example_sensor_decorator.py
[2024-09-03T11:16:26.570+0000] {processor.py:826} INFO - Processing file /home/airflow-vm/data-engineer-batch-processing-financial-services/.venv/lib/python3.10/site-packages/airflow/example_dags/example_sensor_decorator.py for tasks to queue
[2024-09-03T11:16:26.571+0000] {logging_mixin.py:149} INFO - [2024-09-03T11:16:26.570+0000] {dagbag.py:541} INFO - Filling up the DagBag from /home/airflow-vm/data-engineer-batch-processing-financial-services/.venv/lib/python3.10/site-packages/airflow/example_dags/example_sensor_decorator.py
[2024-09-03T11:16:26.576+0000] {processor.py:836} INFO - DAG(s) dict_keys(['example_sensor_decorator']) retrieved from /home/airflow-vm/data-engineer-batch-processing-financial-services/.venv/lib/python3.10/site-packages/airflow/example_dags/example_sensor_decorator.py
[2024-09-03T11:16:26.593+0000] {logging_mixin.py:149} INFO - [2024-09-03T11:16:26.593+0000] {dag.py:2726} INFO - Sync 1 DAGs
[2024-09-03T11:16:26.613+0000] {logging_mixin.py:149} INFO - [2024-09-03T11:16:26.612+0000] {dag.py:3486} INFO - Setting next_dagrun for example_sensor_decorator to None, run_after=None
[2024-09-03T11:16:26.640+0000] {processor.py:179} INFO - Processing /home/airflow-vm/data-engineer-batch-processing-financial-services/.venv/lib/python3.10/site-packages/airflow/example_dags/example_sensor_decorator.py took 0.073 seconds
[2024-09-03T11:21:53.659+0000] {processor.py:157} INFO - Started process (PID=14192) to work on /home/airflow-vm/data-engineer-batch-processing-financial-services/.venv/lib/python3.10/site-packages/airflow/example_dags/example_sensor_decorator.py
[2024-09-03T11:21:53.661+0000] {processor.py:826} INFO - Processing file /home/airflow-vm/data-engineer-batch-processing-financial-services/.venv/lib/python3.10/site-packages/airflow/example_dags/example_sensor_decorator.py for tasks to queue
[2024-09-03T11:21:53.661+0000] {logging_mixin.py:149} INFO - [2024-09-03T11:21:53.661+0000] {dagbag.py:541} INFO - Filling up the DagBag from /home/airflow-vm/data-engineer-batch-processing-financial-services/.venv/lib/python3.10/site-packages/airflow/example_dags/example_sensor_decorator.py
[2024-09-03T11:21:53.667+0000] {processor.py:836} INFO - DAG(s) dict_keys(['example_sensor_decorator']) retrieved from /home/airflow-vm/data-engineer-batch-processing-financial-services/.venv/lib/python3.10/site-packages/airflow/example_dags/example_sensor_decorator.py
[2024-09-03T11:21:53.686+0000] {logging_mixin.py:149} INFO - [2024-09-03T11:21:53.686+0000] {dag.py:2726} INFO - Sync 1 DAGs
[2024-09-03T11:21:53.706+0000] {logging_mixin.py:149} INFO - [2024-09-03T11:21:53.706+0000] {dag.py:3486} INFO - Setting next_dagrun for example_sensor_decorator to None, run_after=None
[2024-09-03T11:21:53.736+0000] {processor.py:179} INFO - Processing /home/airflow-vm/data-engineer-batch-processing-financial-services/.venv/lib/python3.10/site-packages/airflow/example_dags/example_sensor_decorator.py took 0.079 seconds
[2024-09-03T11:27:31.788+0000] {processor.py:157} INFO - Started process (PID=16690) to work on /home/airflow-vm/data-engineer-batch-processing-financial-services/.venv/lib/python3.10/site-packages/airflow/example_dags/example_sensor_decorator.py
[2024-09-03T11:27:31.789+0000] {processor.py:826} INFO - Processing file /home/airflow-vm/data-engineer-batch-processing-financial-services/.venv/lib/python3.10/site-packages/airflow/example_dags/example_sensor_decorator.py for tasks to queue
[2024-09-03T11:27:31.790+0000] {logging_mixin.py:149} INFO - [2024-09-03T11:27:31.789+0000] {dagbag.py:541} INFO - Filling up the DagBag from /home/airflow-vm/data-engineer-batch-processing-financial-services/.venv/lib/python3.10/site-packages/airflow/example_dags/example_sensor_decorator.py
[2024-09-03T11:27:31.795+0000] {processor.py:836} INFO - DAG(s) dict_keys(['example_sensor_decorator']) retrieved from /home/airflow-vm/data-engineer-batch-processing-financial-services/.venv/lib/python3.10/site-packages/airflow/example_dags/example_sensor_decorator.py
[2024-09-03T11:27:31.813+0000] {logging_mixin.py:149} INFO - [2024-09-03T11:27:31.813+0000] {dag.py:2726} INFO - Sync 1 DAGs
[2024-09-03T11:27:31.834+0000] {logging_mixin.py:149} INFO - [2024-09-03T11:27:31.833+0000] {dag.py:3486} INFO - Setting next_dagrun for example_sensor_decorator to None, run_after=None
[2024-09-03T11:27:31.866+0000] {processor.py:179} INFO - Processing /home/airflow-vm/data-engineer-batch-processing-financial-services/.venv/lib/python3.10/site-packages/airflow/example_dags/example_sensor_decorator.py took 0.080 seconds
[2024-09-03T11:35:29.694+0000] {processor.py:157} INFO - Started process (PID=21446) to work on /home/airflow-vm/data-engineer-batch-processing-financial-services/.venv/lib/python3.10/site-packages/airflow/example_dags/example_sensor_decorator.py
[2024-09-03T11:35:29.695+0000] {processor.py:826} INFO - Processing file /home/airflow-vm/data-engineer-batch-processing-financial-services/.venv/lib/python3.10/site-packages/airflow/example_dags/example_sensor_decorator.py for tasks to queue
[2024-09-03T11:35:29.696+0000] {logging_mixin.py:149} INFO - [2024-09-03T11:35:29.696+0000] {dagbag.py:541} INFO - Filling up the DagBag from /home/airflow-vm/data-engineer-batch-processing-financial-services/.venv/lib/python3.10/site-packages/airflow/example_dags/example_sensor_decorator.py
[2024-09-03T11:35:29.701+0000] {processor.py:836} INFO - DAG(s) dict_keys(['example_sensor_decorator']) retrieved from /home/airflow-vm/data-engineer-batch-processing-financial-services/.venv/lib/python3.10/site-packages/airflow/example_dags/example_sensor_decorator.py
[2024-09-03T11:35:29.721+0000] {logging_mixin.py:149} INFO - [2024-09-03T11:35:29.720+0000] {dag.py:2726} INFO - Sync 1 DAGs
[2024-09-03T11:35:29.742+0000] {logging_mixin.py:149} INFO - [2024-09-03T11:35:29.742+0000] {dag.py:3486} INFO - Setting next_dagrun for example_sensor_decorator to None, run_after=None
[2024-09-03T11:35:29.774+0000] {processor.py:179} INFO - Processing /home/airflow-vm/data-engineer-batch-processing-financial-services/.venv/lib/python3.10/site-packages/airflow/example_dags/example_sensor_decorator.py took 0.082 seconds
[2024-09-03T11:37:30.820+0000] {processor.py:157} INFO - Started process (PID=22635) to work on /home/airflow-vm/data-engineer-batch-processing-financial-services/.venv/lib/python3.10/site-packages/airflow/example_dags/example_sensor_decorator.py
[2024-09-03T11:37:30.821+0000] {processor.py:826} INFO - Processing file /home/airflow-vm/data-engineer-batch-processing-financial-services/.venv/lib/python3.10/site-packages/airflow/example_dags/example_sensor_decorator.py for tasks to queue
[2024-09-03T11:37:30.822+0000] {logging_mixin.py:149} INFO - [2024-09-03T11:37:30.821+0000] {dagbag.py:541} INFO - Filling up the DagBag from /home/airflow-vm/data-engineer-batch-processing-financial-services/.venv/lib/python3.10/site-packages/airflow/example_dags/example_sensor_decorator.py
[2024-09-03T11:37:30.828+0000] {processor.py:836} INFO - DAG(s) dict_keys(['example_sensor_decorator']) retrieved from /home/airflow-vm/data-engineer-batch-processing-financial-services/.venv/lib/python3.10/site-packages/airflow/example_dags/example_sensor_decorator.py
[2024-09-03T11:37:30.847+0000] {logging_mixin.py:149} INFO - [2024-09-03T11:37:30.847+0000] {dag.py:2726} INFO - Sync 1 DAGs
[2024-09-03T11:37:30.870+0000] {logging_mixin.py:149} INFO - [2024-09-03T11:37:30.869+0000] {dag.py:3486} INFO - Setting next_dagrun for example_sensor_decorator to None, run_after=None
[2024-09-03T11:37:30.901+0000] {processor.py:179} INFO - Processing /home/airflow-vm/data-engineer-batch-processing-financial-services/.venv/lib/python3.10/site-packages/airflow/example_dags/example_sensor_decorator.py took 0.085 seconds
[2024-09-03T11:38:20.861+0000] {processor.py:157} INFO - Started process (PID=22891) to work on /home/airflow-vm/data-engineer-batch-processing-financial-services/.venv/lib/python3.10/site-packages/airflow/example_dags/example_sensor_decorator.py
[2024-09-03T11:38:20.862+0000] {processor.py:826} INFO - Processing file /home/airflow-vm/data-engineer-batch-processing-financial-services/.venv/lib/python3.10/site-packages/airflow/example_dags/example_sensor_decorator.py for tasks to queue
[2024-09-03T11:38:20.862+0000] {logging_mixin.py:149} INFO - [2024-09-03T11:38:20.862+0000] {dagbag.py:541} INFO - Filling up the DagBag from /home/airflow-vm/data-engineer-batch-processing-financial-services/.venv/lib/python3.10/site-packages/airflow/example_dags/example_sensor_decorator.py
[2024-09-03T11:38:20.868+0000] {processor.py:836} INFO - DAG(s) dict_keys(['example_sensor_decorator']) retrieved from /home/airflow-vm/data-engineer-batch-processing-financial-services/.venv/lib/python3.10/site-packages/airflow/example_dags/example_sensor_decorator.py
[2024-09-03T11:38:20.887+0000] {logging_mixin.py:149} INFO - [2024-09-03T11:38:20.887+0000] {dag.py:2726} INFO - Sync 1 DAGs
[2024-09-03T11:38:20.906+0000] {logging_mixin.py:149} INFO - [2024-09-03T11:38:20.906+0000] {dag.py:3486} INFO - Setting next_dagrun for example_sensor_decorator to None, run_after=None
[2024-09-03T11:38:20.933+0000] {processor.py:179} INFO - Processing /home/airflow-vm/data-engineer-batch-processing-financial-services/.venv/lib/python3.10/site-packages/airflow/example_dags/example_sensor_decorator.py took 0.075 seconds
[2024-09-03T11:39:12.009+0000] {processor.py:157} INFO - Started process (PID=23119) to work on /home/airflow-vm/data-engineer-batch-processing-financial-services/.venv/lib/python3.10/site-packages/airflow/example_dags/example_sensor_decorator.py
[2024-09-03T11:39:12.010+0000] {processor.py:826} INFO - Processing file /home/airflow-vm/data-engineer-batch-processing-financial-services/.venv/lib/python3.10/site-packages/airflow/example_dags/example_sensor_decorator.py for tasks to queue
[2024-09-03T11:39:12.011+0000] {logging_mixin.py:149} INFO - [2024-09-03T11:39:12.010+0000] {dagbag.py:541} INFO - Filling up the DagBag from /home/airflow-vm/data-engineer-batch-processing-financial-services/.venv/lib/python3.10/site-packages/airflow/example_dags/example_sensor_decorator.py
[2024-09-03T11:39:12.016+0000] {processor.py:836} INFO - DAG(s) dict_keys(['example_sensor_decorator']) retrieved from /home/airflow-vm/data-engineer-batch-processing-financial-services/.venv/lib/python3.10/site-packages/airflow/example_dags/example_sensor_decorator.py
[2024-09-03T11:39:12.034+0000] {logging_mixin.py:149} INFO - [2024-09-03T11:39:12.034+0000] {dag.py:2726} INFO - Sync 1 DAGs
[2024-09-03T11:39:12.054+0000] {logging_mixin.py:149} INFO - [2024-09-03T11:39:12.054+0000] {dag.py:3486} INFO - Setting next_dagrun for example_sensor_decorator to None, run_after=None
[2024-09-03T11:39:12.085+0000] {processor.py:179} INFO - Processing /home/airflow-vm/data-engineer-batch-processing-financial-services/.venv/lib/python3.10/site-packages/airflow/example_dags/example_sensor_decorator.py took 0.079 seconds
[2024-09-03T11:39:57.903+0000] {processor.py:157} INFO - Started process (PID=23311) to work on /home/airflow-vm/data-engineer-batch-processing-financial-services/.venv/lib/python3.10/site-packages/airflow/example_dags/example_sensor_decorator.py
[2024-09-03T11:39:57.904+0000] {processor.py:826} INFO - Processing file /home/airflow-vm/data-engineer-batch-processing-financial-services/.venv/lib/python3.10/site-packages/airflow/example_dags/example_sensor_decorator.py for tasks to queue
[2024-09-03T11:39:57.905+0000] {logging_mixin.py:149} INFO - [2024-09-03T11:39:57.904+0000] {dagbag.py:541} INFO - Filling up the DagBag from /home/airflow-vm/data-engineer-batch-processing-financial-services/.venv/lib/python3.10/site-packages/airflow/example_dags/example_sensor_decorator.py
[2024-09-03T11:39:57.910+0000] {processor.py:836} INFO - DAG(s) dict_keys(['example_sensor_decorator']) retrieved from /home/airflow-vm/data-engineer-batch-processing-financial-services/.venv/lib/python3.10/site-packages/airflow/example_dags/example_sensor_decorator.py
[2024-09-03T11:39:57.927+0000] {logging_mixin.py:149} INFO - [2024-09-03T11:39:57.927+0000] {dag.py:2726} INFO - Sync 1 DAGs
[2024-09-03T11:39:57.947+0000] {logging_mixin.py:149} INFO - [2024-09-03T11:39:57.947+0000] {dag.py:3486} INFO - Setting next_dagrun for example_sensor_decorator to None, run_after=None
[2024-09-03T11:39:57.973+0000] {processor.py:179} INFO - Processing /home/airflow-vm/data-engineer-batch-processing-financial-services/.venv/lib/python3.10/site-packages/airflow/example_dags/example_sensor_decorator.py took 0.072 seconds
[2024-09-03T11:44:51.898+0000] {processor.py:157} INFO - Started process (PID=26413) to work on /home/airflow-vm/data-engineer-batch-processing-financial-services/.venv/lib/python3.10/site-packages/airflow/example_dags/example_sensor_decorator.py
[2024-09-03T11:44:51.898+0000] {processor.py:826} INFO - Processing file /home/airflow-vm/data-engineer-batch-processing-financial-services/.venv/lib/python3.10/site-packages/airflow/example_dags/example_sensor_decorator.py for tasks to queue
[2024-09-03T11:44:51.899+0000] {logging_mixin.py:149} INFO - [2024-09-03T11:44:51.899+0000] {dagbag.py:541} INFO - Filling up the DagBag from /home/airflow-vm/data-engineer-batch-processing-financial-services/.venv/lib/python3.10/site-packages/airflow/example_dags/example_sensor_decorator.py
[2024-09-03T11:44:51.904+0000] {processor.py:836} INFO - DAG(s) dict_keys(['example_sensor_decorator']) retrieved from /home/airflow-vm/data-engineer-batch-processing-financial-services/.venv/lib/python3.10/site-packages/airflow/example_dags/example_sensor_decorator.py
[2024-09-03T11:44:51.921+0000] {logging_mixin.py:149} INFO - [2024-09-03T11:44:51.921+0000] {dag.py:2726} INFO - Sync 1 DAGs
[2024-09-03T11:44:51.940+0000] {logging_mixin.py:149} INFO - [2024-09-03T11:44:51.939+0000] {dag.py:3486} INFO - Setting next_dagrun for example_sensor_decorator to None, run_after=None
[2024-09-03T11:44:51.967+0000] {processor.py:179} INFO - Processing /home/airflow-vm/data-engineer-batch-processing-financial-services/.venv/lib/python3.10/site-packages/airflow/example_dags/example_sensor_decorator.py took 0.072 seconds
[2024-09-03T11:49:07.433+0000] {processor.py:157} INFO - Started process (PID=28772) to work on /home/airflow-vm/data-engineer-batch-processing-financial-services/.venv/lib/python3.10/site-packages/airflow/example_dags/example_sensor_decorator.py
[2024-09-03T11:49:07.434+0000] {processor.py:826} INFO - Processing file /home/airflow-vm/data-engineer-batch-processing-financial-services/.venv/lib/python3.10/site-packages/airflow/example_dags/example_sensor_decorator.py for tasks to queue
[2024-09-03T11:49:07.435+0000] {logging_mixin.py:149} INFO - [2024-09-03T11:49:07.435+0000] {dagbag.py:541} INFO - Filling up the DagBag from /home/airflow-vm/data-engineer-batch-processing-financial-services/.venv/lib/python3.10/site-packages/airflow/example_dags/example_sensor_decorator.py
[2024-09-03T11:49:07.440+0000] {processor.py:836} INFO - DAG(s) dict_keys(['example_sensor_decorator']) retrieved from /home/airflow-vm/data-engineer-batch-processing-financial-services/.venv/lib/python3.10/site-packages/airflow/example_dags/example_sensor_decorator.py
[2024-09-03T11:49:07.457+0000] {logging_mixin.py:149} INFO - [2024-09-03T11:49:07.457+0000] {dag.py:2726} INFO - Sync 1 DAGs
[2024-09-03T11:49:07.478+0000] {logging_mixin.py:149} INFO - [2024-09-03T11:49:07.478+0000] {dag.py:3486} INFO - Setting next_dagrun for example_sensor_decorator to None, run_after=None
[2024-09-03T11:49:07.508+0000] {processor.py:179} INFO - Processing /home/airflow-vm/data-engineer-batch-processing-financial-services/.venv/lib/python3.10/site-packages/airflow/example_dags/example_sensor_decorator.py took 0.077 seconds
[2024-09-03T11:50:32.616+0000] {processor.py:157} INFO - Started process (PID=29664) to work on /home/airflow-vm/data-engineer-batch-processing-financial-services/.venv/lib/python3.10/site-packages/airflow/example_dags/example_sensor_decorator.py
[2024-09-03T11:50:32.617+0000] {processor.py:826} INFO - Processing file /home/airflow-vm/data-engineer-batch-processing-financial-services/.venv/lib/python3.10/site-packages/airflow/example_dags/example_sensor_decorator.py for tasks to queue
[2024-09-03T11:50:32.617+0000] {logging_mixin.py:149} INFO - [2024-09-03T11:50:32.617+0000] {dagbag.py:541} INFO - Filling up the DagBag from /home/airflow-vm/data-engineer-batch-processing-financial-services/.venv/lib/python3.10/site-packages/airflow/example_dags/example_sensor_decorator.py
[2024-09-03T11:50:32.622+0000] {processor.py:836} INFO - DAG(s) dict_keys(['example_sensor_decorator']) retrieved from /home/airflow-vm/data-engineer-batch-processing-financial-services/.venv/lib/python3.10/site-packages/airflow/example_dags/example_sensor_decorator.py
[2024-09-03T11:50:32.638+0000] {logging_mixin.py:149} INFO - [2024-09-03T11:50:32.638+0000] {dag.py:2726} INFO - Sync 1 DAGs
[2024-09-03T11:50:32.658+0000] {logging_mixin.py:149} INFO - [2024-09-03T11:50:32.658+0000] {dag.py:3486} INFO - Setting next_dagrun for example_sensor_decorator to None, run_after=None
[2024-09-03T11:50:32.687+0000] {processor.py:179} INFO - Processing /home/airflow-vm/data-engineer-batch-processing-financial-services/.venv/lib/python3.10/site-packages/airflow/example_dags/example_sensor_decorator.py took 0.074 seconds
[2024-09-03T11:51:17.688+0000] {processor.py:157} INFO - Started process (PID=29712) to work on /home/airflow-vm/data-engineer-batch-processing-financial-services/.venv/lib/python3.10/site-packages/airflow/example_dags/example_sensor_decorator.py
[2024-09-03T11:51:17.689+0000] {processor.py:826} INFO - Processing file /home/airflow-vm/data-engineer-batch-processing-financial-services/.venv/lib/python3.10/site-packages/airflow/example_dags/example_sensor_decorator.py for tasks to queue
[2024-09-03T11:51:17.689+0000] {logging_mixin.py:149} INFO - [2024-09-03T11:51:17.689+0000] {dagbag.py:541} INFO - Filling up the DagBag from /home/airflow-vm/data-engineer-batch-processing-financial-services/.venv/lib/python3.10/site-packages/airflow/example_dags/example_sensor_decorator.py
[2024-09-03T11:51:17.694+0000] {processor.py:836} INFO - DAG(s) dict_keys(['example_sensor_decorator']) retrieved from /home/airflow-vm/data-engineer-batch-processing-financial-services/.venv/lib/python3.10/site-packages/airflow/example_dags/example_sensor_decorator.py
[2024-09-03T11:51:17.712+0000] {logging_mixin.py:149} INFO - [2024-09-03T11:51:17.711+0000] {dag.py:2726} INFO - Sync 1 DAGs
[2024-09-03T11:51:17.730+0000] {logging_mixin.py:149} INFO - [2024-09-03T11:51:17.730+0000] {dag.py:3486} INFO - Setting next_dagrun for example_sensor_decorator to None, run_after=None
[2024-09-03T11:51:17.759+0000] {processor.py:179} INFO - Processing /home/airflow-vm/data-engineer-batch-processing-financial-services/.venv/lib/python3.10/site-packages/airflow/example_dags/example_sensor_decorator.py took 0.074 seconds
[2024-09-03T11:52:01.121+0000] {processor.py:157} INFO - Started process (PID=29761) to work on /home/airflow-vm/data-engineer-batch-processing-financial-services/.venv/lib/python3.10/site-packages/airflow/example_dags/example_sensor_decorator.py
[2024-09-03T11:52:01.121+0000] {processor.py:826} INFO - Processing file /home/airflow-vm/data-engineer-batch-processing-financial-services/.venv/lib/python3.10/site-packages/airflow/example_dags/example_sensor_decorator.py for tasks to queue
[2024-09-03T11:52:01.122+0000] {logging_mixin.py:149} INFO - [2024-09-03T11:52:01.122+0000] {dagbag.py:541} INFO - Filling up the DagBag from /home/airflow-vm/data-engineer-batch-processing-financial-services/.venv/lib/python3.10/site-packages/airflow/example_dags/example_sensor_decorator.py
[2024-09-03T11:52:01.127+0000] {processor.py:836} INFO - DAG(s) dict_keys(['example_sensor_decorator']) retrieved from /home/airflow-vm/data-engineer-batch-processing-financial-services/.venv/lib/python3.10/site-packages/airflow/example_dags/example_sensor_decorator.py
[2024-09-03T11:52:01.143+0000] {logging_mixin.py:149} INFO - [2024-09-03T11:52:01.143+0000] {dag.py:2726} INFO - Sync 1 DAGs
[2024-09-03T11:52:01.163+0000] {logging_mixin.py:149} INFO - [2024-09-03T11:52:01.163+0000] {dag.py:3486} INFO - Setting next_dagrun for example_sensor_decorator to None, run_after=None
[2024-09-03T11:52:01.196+0000] {processor.py:179} INFO - Processing /home/airflow-vm/data-engineer-batch-processing-financial-services/.venv/lib/python3.10/site-packages/airflow/example_dags/example_sensor_decorator.py took 0.078 seconds
[2024-09-03T11:52:51.305+0000] {processor.py:157} INFO - Started process (PID=29811) to work on /home/airflow-vm/data-engineer-batch-processing-financial-services/.venv/lib/python3.10/site-packages/airflow/example_dags/example_sensor_decorator.py
[2024-09-03T11:52:51.306+0000] {processor.py:826} INFO - Processing file /home/airflow-vm/data-engineer-batch-processing-financial-services/.venv/lib/python3.10/site-packages/airflow/example_dags/example_sensor_decorator.py for tasks to queue
[2024-09-03T11:52:51.306+0000] {logging_mixin.py:149} INFO - [2024-09-03T11:52:51.306+0000] {dagbag.py:541} INFO - Filling up the DagBag from /home/airflow-vm/data-engineer-batch-processing-financial-services/.venv/lib/python3.10/site-packages/airflow/example_dags/example_sensor_decorator.py
[2024-09-03T11:52:51.311+0000] {processor.py:836} INFO - DAG(s) dict_keys(['example_sensor_decorator']) retrieved from /home/airflow-vm/data-engineer-batch-processing-financial-services/.venv/lib/python3.10/site-packages/airflow/example_dags/example_sensor_decorator.py
[2024-09-03T11:52:51.329+0000] {logging_mixin.py:149} INFO - [2024-09-03T11:52:51.329+0000] {dag.py:2726} INFO - Sync 1 DAGs
[2024-09-03T11:52:51.349+0000] {logging_mixin.py:149} INFO - [2024-09-03T11:52:51.348+0000] {dag.py:3486} INFO - Setting next_dagrun for example_sensor_decorator to None, run_after=None
[2024-09-03T11:52:51.382+0000] {processor.py:179} INFO - Processing /home/airflow-vm/data-engineer-batch-processing-financial-services/.venv/lib/python3.10/site-packages/airflow/example_dags/example_sensor_decorator.py took 0.080 seconds
[2024-09-03T11:53:37.593+0000] {processor.py:157} INFO - Started process (PID=29886) to work on /home/airflow-vm/data-engineer-batch-processing-financial-services/.venv/lib/python3.10/site-packages/airflow/example_dags/example_sensor_decorator.py
[2024-09-03T11:53:37.594+0000] {processor.py:826} INFO - Processing file /home/airflow-vm/data-engineer-batch-processing-financial-services/.venv/lib/python3.10/site-packages/airflow/example_dags/example_sensor_decorator.py for tasks to queue
[2024-09-03T11:53:37.595+0000] {logging_mixin.py:149} INFO - [2024-09-03T11:53:37.594+0000] {dagbag.py:541} INFO - Filling up the DagBag from /home/airflow-vm/data-engineer-batch-processing-financial-services/.venv/lib/python3.10/site-packages/airflow/example_dags/example_sensor_decorator.py
[2024-09-03T11:53:37.600+0000] {processor.py:836} INFO - DAG(s) dict_keys(['example_sensor_decorator']) retrieved from /home/airflow-vm/data-engineer-batch-processing-financial-services/.venv/lib/python3.10/site-packages/airflow/example_dags/example_sensor_decorator.py
[2024-09-03T11:53:37.618+0000] {logging_mixin.py:149} INFO - [2024-09-03T11:53:37.618+0000] {dag.py:2726} INFO - Sync 1 DAGs
[2024-09-03T11:53:37.639+0000] {logging_mixin.py:149} INFO - [2024-09-03T11:53:37.639+0000] {dag.py:3486} INFO - Setting next_dagrun for example_sensor_decorator to None, run_after=None
[2024-09-03T11:53:37.672+0000] {processor.py:179} INFO - Processing /home/airflow-vm/data-engineer-batch-processing-financial-services/.venv/lib/python3.10/site-packages/airflow/example_dags/example_sensor_decorator.py took 0.082 seconds
[2024-09-03T11:54:26.774+0000] {processor.py:157} INFO - Started process (PID=29937) to work on /home/airflow-vm/data-engineer-batch-processing-financial-services/.venv/lib/python3.10/site-packages/airflow/example_dags/example_sensor_decorator.py
[2024-09-03T11:54:26.775+0000] {processor.py:826} INFO - Processing file /home/airflow-vm/data-engineer-batch-processing-financial-services/.venv/lib/python3.10/site-packages/airflow/example_dags/example_sensor_decorator.py for tasks to queue
[2024-09-03T11:54:26.776+0000] {logging_mixin.py:149} INFO - [2024-09-03T11:54:26.776+0000] {dagbag.py:541} INFO - Filling up the DagBag from /home/airflow-vm/data-engineer-batch-processing-financial-services/.venv/lib/python3.10/site-packages/airflow/example_dags/example_sensor_decorator.py
[2024-09-03T11:54:26.781+0000] {processor.py:836} INFO - DAG(s) dict_keys(['example_sensor_decorator']) retrieved from /home/airflow-vm/data-engineer-batch-processing-financial-services/.venv/lib/python3.10/site-packages/airflow/example_dags/example_sensor_decorator.py
[2024-09-03T11:54:26.798+0000] {logging_mixin.py:149} INFO - [2024-09-03T11:54:26.798+0000] {dag.py:2726} INFO - Sync 1 DAGs
[2024-09-03T11:54:26.818+0000] {logging_mixin.py:149} INFO - [2024-09-03T11:54:26.818+0000] {dag.py:3486} INFO - Setting next_dagrun for example_sensor_decorator to None, run_after=None
[2024-09-03T11:54:26.846+0000] {processor.py:179} INFO - Processing /home/airflow-vm/data-engineer-batch-processing-financial-services/.venv/lib/python3.10/site-packages/airflow/example_dags/example_sensor_decorator.py took 0.074 seconds
[2024-09-03T11:55:15.289+0000] {processor.py:157} INFO - Started process (PID=29993) to work on /home/airflow-vm/data-engineer-batch-processing-financial-services/.venv/lib/python3.10/site-packages/airflow/example_dags/example_sensor_decorator.py
[2024-09-03T11:55:15.290+0000] {processor.py:826} INFO - Processing file /home/airflow-vm/data-engineer-batch-processing-financial-services/.venv/lib/python3.10/site-packages/airflow/example_dags/example_sensor_decorator.py for tasks to queue
[2024-09-03T11:55:15.291+0000] {logging_mixin.py:149} INFO - [2024-09-03T11:55:15.291+0000] {dagbag.py:541} INFO - Filling up the DagBag from /home/airflow-vm/data-engineer-batch-processing-financial-services/.venv/lib/python3.10/site-packages/airflow/example_dags/example_sensor_decorator.py
[2024-09-03T11:55:15.296+0000] {processor.py:836} INFO - DAG(s) dict_keys(['example_sensor_decorator']) retrieved from /home/airflow-vm/data-engineer-batch-processing-financial-services/.venv/lib/python3.10/site-packages/airflow/example_dags/example_sensor_decorator.py
[2024-09-03T11:55:15.312+0000] {logging_mixin.py:149} INFO - [2024-09-03T11:55:15.312+0000] {dag.py:2726} INFO - Sync 1 DAGs
[2024-09-03T11:55:15.330+0000] {logging_mixin.py:149} INFO - [2024-09-03T11:55:15.330+0000] {dag.py:3486} INFO - Setting next_dagrun for example_sensor_decorator to None, run_after=None
[2024-09-03T11:55:15.360+0000] {processor.py:179} INFO - Processing /home/airflow-vm/data-engineer-batch-processing-financial-services/.venv/lib/python3.10/site-packages/airflow/example_dags/example_sensor_decorator.py took 0.073 seconds
[2024-09-03T11:55:59.309+0000] {processor.py:157} INFO - Started process (PID=30040) to work on /home/airflow-vm/data-engineer-batch-processing-financial-services/.venv/lib/python3.10/site-packages/airflow/example_dags/example_sensor_decorator.py
[2024-09-03T11:55:59.310+0000] {processor.py:826} INFO - Processing file /home/airflow-vm/data-engineer-batch-processing-financial-services/.venv/lib/python3.10/site-packages/airflow/example_dags/example_sensor_decorator.py for tasks to queue
[2024-09-03T11:55:59.310+0000] {logging_mixin.py:149} INFO - [2024-09-03T11:55:59.310+0000] {dagbag.py:541} INFO - Filling up the DagBag from /home/airflow-vm/data-engineer-batch-processing-financial-services/.venv/lib/python3.10/site-packages/airflow/example_dags/example_sensor_decorator.py
[2024-09-03T11:55:59.315+0000] {processor.py:836} INFO - DAG(s) dict_keys(['example_sensor_decorator']) retrieved from /home/airflow-vm/data-engineer-batch-processing-financial-services/.venv/lib/python3.10/site-packages/airflow/example_dags/example_sensor_decorator.py
[2024-09-03T11:55:59.332+0000] {logging_mixin.py:149} INFO - [2024-09-03T11:55:59.332+0000] {dag.py:2726} INFO - Sync 1 DAGs
[2024-09-03T11:55:59.350+0000] {logging_mixin.py:149} INFO - [2024-09-03T11:55:59.350+0000] {dag.py:3486} INFO - Setting next_dagrun for example_sensor_decorator to None, run_after=None
[2024-09-03T11:55:59.379+0000] {processor.py:179} INFO - Processing /home/airflow-vm/data-engineer-batch-processing-financial-services/.venv/lib/python3.10/site-packages/airflow/example_dags/example_sensor_decorator.py took 0.073 seconds
[2024-09-03T11:56:44.536+0000] {processor.py:157} INFO - Started process (PID=30106) to work on /home/airflow-vm/data-engineer-batch-processing-financial-services/.venv/lib/python3.10/site-packages/airflow/example_dags/example_sensor_decorator.py
[2024-09-03T11:56:44.537+0000] {processor.py:826} INFO - Processing file /home/airflow-vm/data-engineer-batch-processing-financial-services/.venv/lib/python3.10/site-packages/airflow/example_dags/example_sensor_decorator.py for tasks to queue
[2024-09-03T11:56:44.538+0000] {logging_mixin.py:149} INFO - [2024-09-03T11:56:44.537+0000] {dagbag.py:541} INFO - Filling up the DagBag from /home/airflow-vm/data-engineer-batch-processing-financial-services/.venv/lib/python3.10/site-packages/airflow/example_dags/example_sensor_decorator.py
[2024-09-03T11:56:44.543+0000] {processor.py:836} INFO - DAG(s) dict_keys(['example_sensor_decorator']) retrieved from /home/airflow-vm/data-engineer-batch-processing-financial-services/.venv/lib/python3.10/site-packages/airflow/example_dags/example_sensor_decorator.py
[2024-09-03T11:56:44.563+0000] {logging_mixin.py:149} INFO - [2024-09-03T11:56:44.563+0000] {dag.py:2726} INFO - Sync 1 DAGs
[2024-09-03T11:56:44.584+0000] {logging_mixin.py:149} INFO - [2024-09-03T11:56:44.584+0000] {dag.py:3486} INFO - Setting next_dagrun for example_sensor_decorator to None, run_after=None
[2024-09-03T11:56:44.616+0000] {processor.py:179} INFO - Processing /home/airflow-vm/data-engineer-batch-processing-financial-services/.venv/lib/python3.10/site-packages/airflow/example_dags/example_sensor_decorator.py took 0.083 seconds
