[2024-09-03T10:58:08.904+0000] {processor.py:157} INFO - Started process (PID=3479) to work on /home/airflow-vm/data-engineer-batch-processing-financial-services/.venv/lib/python3.10/site-packages/airflow/example_dags/example_short_circuit_operator.py
[2024-09-03T10:58:08.905+0000] {processor.py:826} INFO - Processing file /home/airflow-vm/data-engineer-batch-processing-financial-services/.venv/lib/python3.10/site-packages/airflow/example_dags/example_short_circuit_operator.py for tasks to queue
[2024-09-03T10:58:08.905+0000] {logging_mixin.py:149} INFO - [2024-09-03T10:58:08.905+0000] {dagbag.py:541} INFO - Filling up the DagBag from /home/airflow-vm/data-engineer-batch-processing-financial-services/.venv/lib/python3.10/site-packages/airflow/example_dags/example_short_circuit_operator.py
[2024-09-03T10:58:08.914+0000] {processor.py:836} INFO - DAG(s) dict_keys(['example_short_circuit_operator']) retrieved from /home/airflow-vm/data-engineer-batch-processing-financial-services/.venv/lib/python3.10/site-packages/airflow/example_dags/example_short_circuit_operator.py
[2024-09-03T10:58:08.937+0000] {logging_mixin.py:149} INFO - [2024-09-03T10:58:08.937+0000] {dag.py:2726} INFO - Sync 1 DAGs
[2024-09-03T10:58:08.955+0000] {logging_mixin.py:149} INFO - [2024-09-03T10:58:08.955+0000] {dag.py:3486} INFO - Setting next_dagrun for example_short_circuit_operator to 2024-09-02T10:58:08.955472+00:00, run_after=2024-09-03T10:58:08.955472+00:00
[2024-09-03T10:58:08.994+0000] {processor.py:179} INFO - Processing /home/airflow-vm/data-engineer-batch-processing-financial-services/.venv/lib/python3.10/site-packages/airflow/example_dags/example_short_circuit_operator.py took 0.092 seconds
[2024-09-03T10:58:54.461+0000] {processor.py:157} INFO - Started process (PID=3770) to work on /home/airflow-vm/data-engineer-batch-processing-financial-services/.venv/lib/python3.10/site-packages/airflow/example_dags/example_short_circuit_operator.py
[2024-09-03T10:58:54.462+0000] {processor.py:826} INFO - Processing file /home/airflow-vm/data-engineer-batch-processing-financial-services/.venv/lib/python3.10/site-packages/airflow/example_dags/example_short_circuit_operator.py for tasks to queue
[2024-09-03T10:58:54.463+0000] {logging_mixin.py:149} INFO - [2024-09-03T10:58:54.463+0000] {dagbag.py:541} INFO - Filling up the DagBag from /home/airflow-vm/data-engineer-batch-processing-financial-services/.venv/lib/python3.10/site-packages/airflow/example_dags/example_short_circuit_operator.py
[2024-09-03T10:58:54.470+0000] {processor.py:836} INFO - DAG(s) dict_keys(['example_short_circuit_operator']) retrieved from /home/airflow-vm/data-engineer-batch-processing-financial-services/.venv/lib/python3.10/site-packages/airflow/example_dags/example_short_circuit_operator.py
[2024-09-03T10:58:54.491+0000] {logging_mixin.py:149} INFO - [2024-09-03T10:58:54.491+0000] {dag.py:2726} INFO - Sync 1 DAGs
[2024-09-03T10:58:54.511+0000] {logging_mixin.py:149} INFO - [2024-09-03T10:58:54.510+0000] {dag.py:3486} INFO - Setting next_dagrun for example_short_circuit_operator to 2024-09-02T10:58:54.510645+00:00, run_after=2024-09-03T10:58:54.510645+00:00
[2024-09-03T10:58:54.540+0000] {processor.py:179} INFO - Processing /home/airflow-vm/data-engineer-batch-processing-financial-services/.venv/lib/python3.10/site-packages/airflow/example_dags/example_short_circuit_operator.py took 0.081 seconds
[2024-09-03T10:59:40.849+0000] {processor.py:157} INFO - Started process (PID=3871) to work on /home/airflow-vm/data-engineer-batch-processing-financial-services/.venv/lib/python3.10/site-packages/airflow/example_dags/example_short_circuit_operator.py
[2024-09-03T10:59:40.850+0000] {processor.py:826} INFO - Processing file /home/airflow-vm/data-engineer-batch-processing-financial-services/.venv/lib/python3.10/site-packages/airflow/example_dags/example_short_circuit_operator.py for tasks to queue
[2024-09-03T10:59:40.851+0000] {logging_mixin.py:149} INFO - [2024-09-03T10:59:40.850+0000] {dagbag.py:541} INFO - Filling up the DagBag from /home/airflow-vm/data-engineer-batch-processing-financial-services/.venv/lib/python3.10/site-packages/airflow/example_dags/example_short_circuit_operator.py
[2024-09-03T10:59:40.858+0000] {processor.py:836} INFO - DAG(s) dict_keys(['example_short_circuit_operator']) retrieved from /home/airflow-vm/data-engineer-batch-processing-financial-services/.venv/lib/python3.10/site-packages/airflow/example_dags/example_short_circuit_operator.py
[2024-09-03T10:59:40.879+0000] {logging_mixin.py:149} INFO - [2024-09-03T10:59:40.879+0000] {dag.py:2726} INFO - Sync 1 DAGs
[2024-09-03T10:59:40.898+0000] {logging_mixin.py:149} INFO - [2024-09-03T10:59:40.898+0000] {dag.py:3486} INFO - Setting next_dagrun for example_short_circuit_operator to 2024-09-02T10:59:40.897794+00:00, run_after=2024-09-03T10:59:40.897794+00:00
[2024-09-03T10:59:40.926+0000] {processor.py:179} INFO - Processing /home/airflow-vm/data-engineer-batch-processing-financial-services/.venv/lib/python3.10/site-packages/airflow/example_dags/example_short_circuit_operator.py took 0.079 seconds
[2024-09-03T11:00:23.925+0000] {processor.py:157} INFO - Started process (PID=4289) to work on /home/airflow-vm/data-engineer-batch-processing-financial-services/.venv/lib/python3.10/site-packages/airflow/example_dags/example_short_circuit_operator.py
[2024-09-03T11:00:23.926+0000] {processor.py:826} INFO - Processing file /home/airflow-vm/data-engineer-batch-processing-financial-services/.venv/lib/python3.10/site-packages/airflow/example_dags/example_short_circuit_operator.py for tasks to queue
[2024-09-03T11:00:23.926+0000] {logging_mixin.py:149} INFO - [2024-09-03T11:00:23.926+0000] {dagbag.py:541} INFO - Filling up the DagBag from /home/airflow-vm/data-engineer-batch-processing-financial-services/.venv/lib/python3.10/site-packages/airflow/example_dags/example_short_circuit_operator.py
[2024-09-03T11:00:23.933+0000] {processor.py:836} INFO - DAG(s) dict_keys(['example_short_circuit_operator']) retrieved from /home/airflow-vm/data-engineer-batch-processing-financial-services/.venv/lib/python3.10/site-packages/airflow/example_dags/example_short_circuit_operator.py
[2024-09-03T11:00:23.953+0000] {logging_mixin.py:149} INFO - [2024-09-03T11:00:23.953+0000] {dag.py:2726} INFO - Sync 1 DAGs
[2024-09-03T11:00:23.973+0000] {logging_mixin.py:149} INFO - [2024-09-03T11:00:23.972+0000] {dag.py:3486} INFO - Setting next_dagrun for example_short_circuit_operator to 2024-09-02T11:00:23.972694+00:00, run_after=2024-09-03T11:00:23.972694+00:00
[2024-09-03T11:00:24.001+0000] {processor.py:179} INFO - Processing /home/airflow-vm/data-engineer-batch-processing-financial-services/.venv/lib/python3.10/site-packages/airflow/example_dags/example_short_circuit_operator.py took 0.078 seconds
[2024-09-03T11:01:10.905+0000] {processor.py:157} INFO - Started process (PID=4653) to work on /home/airflow-vm/data-engineer-batch-processing-financial-services/.venv/lib/python3.10/site-packages/airflow/example_dags/example_short_circuit_operator.py
[2024-09-03T11:01:10.906+0000] {processor.py:826} INFO - Processing file /home/airflow-vm/data-engineer-batch-processing-financial-services/.venv/lib/python3.10/site-packages/airflow/example_dags/example_short_circuit_operator.py for tasks to queue
[2024-09-03T11:01:10.906+0000] {logging_mixin.py:149} INFO - [2024-09-03T11:01:10.906+0000] {dagbag.py:541} INFO - Filling up the DagBag from /home/airflow-vm/data-engineer-batch-processing-financial-services/.venv/lib/python3.10/site-packages/airflow/example_dags/example_short_circuit_operator.py
[2024-09-03T11:01:10.913+0000] {processor.py:836} INFO - DAG(s) dict_keys(['example_short_circuit_operator']) retrieved from /home/airflow-vm/data-engineer-batch-processing-financial-services/.venv/lib/python3.10/site-packages/airflow/example_dags/example_short_circuit_operator.py
[2024-09-03T11:01:10.933+0000] {logging_mixin.py:149} INFO - [2024-09-03T11:01:10.933+0000] {dag.py:2726} INFO - Sync 1 DAGs
[2024-09-03T11:01:10.952+0000] {logging_mixin.py:149} INFO - [2024-09-03T11:01:10.952+0000] {dag.py:3486} INFO - Setting next_dagrun for example_short_circuit_operator to 2024-09-02T11:01:10.952042+00:00, run_after=2024-09-03T11:01:10.952042+00:00
[2024-09-03T11:01:10.982+0000] {processor.py:179} INFO - Processing /home/airflow-vm/data-engineer-batch-processing-financial-services/.venv/lib/python3.10/site-packages/airflow/example_dags/example_short_circuit_operator.py took 0.080 seconds
[2024-09-03T11:01:57.534+0000] {processor.py:157} INFO - Started process (PID=4788) to work on /home/airflow-vm/data-engineer-batch-processing-financial-services/.venv/lib/python3.10/site-packages/airflow/example_dags/example_short_circuit_operator.py
[2024-09-03T11:01:57.535+0000] {processor.py:826} INFO - Processing file /home/airflow-vm/data-engineer-batch-processing-financial-services/.venv/lib/python3.10/site-packages/airflow/example_dags/example_short_circuit_operator.py for tasks to queue
[2024-09-03T11:01:57.535+0000] {logging_mixin.py:149} INFO - [2024-09-03T11:01:57.535+0000] {dagbag.py:541} INFO - Filling up the DagBag from /home/airflow-vm/data-engineer-batch-processing-financial-services/.venv/lib/python3.10/site-packages/airflow/example_dags/example_short_circuit_operator.py
[2024-09-03T11:01:57.542+0000] {processor.py:836} INFO - DAG(s) dict_keys(['example_short_circuit_operator']) retrieved from /home/airflow-vm/data-engineer-batch-processing-financial-services/.venv/lib/python3.10/site-packages/airflow/example_dags/example_short_circuit_operator.py
[2024-09-03T11:01:57.562+0000] {logging_mixin.py:149} INFO - [2024-09-03T11:01:57.562+0000] {dag.py:2726} INFO - Sync 1 DAGs
[2024-09-03T11:01:57.582+0000] {logging_mixin.py:149} INFO - [2024-09-03T11:01:57.582+0000] {dag.py:3486} INFO - Setting next_dagrun for example_short_circuit_operator to 2024-09-02T11:01:57.581879+00:00, run_after=2024-09-03T11:01:57.581879+00:00
[2024-09-03T11:01:57.612+0000] {processor.py:179} INFO - Processing /home/airflow-vm/data-engineer-batch-processing-financial-services/.venv/lib/python3.10/site-packages/airflow/example_dags/example_short_circuit_operator.py took 0.080 seconds
[2024-09-03T11:02:45.445+0000] {processor.py:157} INFO - Started process (PID=4928) to work on /home/airflow-vm/data-engineer-batch-processing-financial-services/.venv/lib/python3.10/site-packages/airflow/example_dags/example_short_circuit_operator.py
[2024-09-03T11:02:45.445+0000] {processor.py:826} INFO - Processing file /home/airflow-vm/data-engineer-batch-processing-financial-services/.venv/lib/python3.10/site-packages/airflow/example_dags/example_short_circuit_operator.py for tasks to queue
[2024-09-03T11:02:45.446+0000] {logging_mixin.py:149} INFO - [2024-09-03T11:02:45.446+0000] {dagbag.py:541} INFO - Filling up the DagBag from /home/airflow-vm/data-engineer-batch-processing-financial-services/.venv/lib/python3.10/site-packages/airflow/example_dags/example_short_circuit_operator.py
[2024-09-03T11:02:45.454+0000] {processor.py:836} INFO - DAG(s) dict_keys(['example_short_circuit_operator']) retrieved from /home/airflow-vm/data-engineer-batch-processing-financial-services/.venv/lib/python3.10/site-packages/airflow/example_dags/example_short_circuit_operator.py
[2024-09-03T11:02:45.476+0000] {logging_mixin.py:149} INFO - [2024-09-03T11:02:45.476+0000] {dag.py:2726} INFO - Sync 1 DAGs
[2024-09-03T11:02:45.496+0000] {logging_mixin.py:149} INFO - [2024-09-03T11:02:45.496+0000] {dag.py:3486} INFO - Setting next_dagrun for example_short_circuit_operator to 2024-09-02T11:02:45.496271+00:00, run_after=2024-09-03T11:02:45.496271+00:00
[2024-09-03T11:02:45.524+0000] {processor.py:179} INFO - Processing /home/airflow-vm/data-engineer-batch-processing-financial-services/.venv/lib/python3.10/site-packages/airflow/example_dags/example_short_circuit_operator.py took 0.082 seconds
[2024-09-03T11:03:59.245+0000] {processor.py:157} INFO - Started process (PID=5612) to work on /home/airflow-vm/data-engineer-batch-processing-financial-services/.venv/lib/python3.10/site-packages/airflow/example_dags/example_short_circuit_operator.py
[2024-09-03T11:03:59.246+0000] {processor.py:826} INFO - Processing file /home/airflow-vm/data-engineer-batch-processing-financial-services/.venv/lib/python3.10/site-packages/airflow/example_dags/example_short_circuit_operator.py for tasks to queue
[2024-09-03T11:03:59.247+0000] {logging_mixin.py:149} INFO - [2024-09-03T11:03:59.247+0000] {dagbag.py:541} INFO - Filling up the DagBag from /home/airflow-vm/data-engineer-batch-processing-financial-services/.venv/lib/python3.10/site-packages/airflow/example_dags/example_short_circuit_operator.py
[2024-09-03T11:03:59.262+0000] {processor.py:836} INFO - DAG(s) dict_keys(['example_short_circuit_operator']) retrieved from /home/airflow-vm/data-engineer-batch-processing-financial-services/.venv/lib/python3.10/site-packages/airflow/example_dags/example_short_circuit_operator.py
[2024-09-03T11:03:59.302+0000] {logging_mixin.py:149} INFO - [2024-09-03T11:03:59.301+0000] {dag.py:2726} INFO - Sync 1 DAGs
[2024-09-03T11:03:59.322+0000] {logging_mixin.py:149} INFO - [2024-09-03T11:03:59.322+0000] {dag.py:3486} INFO - Setting next_dagrun for example_short_circuit_operator to 2024-09-02T11:03:59.322229+00:00, run_after=2024-09-03T11:03:59.322229+00:00
[2024-09-03T11:03:59.350+0000] {processor.py:179} INFO - Processing /home/airflow-vm/data-engineer-batch-processing-financial-services/.venv/lib/python3.10/site-packages/airflow/example_dags/example_short_circuit_operator.py took 0.107 seconds
[2024-09-03T11:07:08.303+0000] {processor.py:157} INFO - Started process (PID=7200) to work on /home/airflow-vm/data-engineer-batch-processing-financial-services/.venv/lib/python3.10/site-packages/airflow/example_dags/example_short_circuit_operator.py
[2024-09-03T11:07:08.304+0000] {processor.py:826} INFO - Processing file /home/airflow-vm/data-engineer-batch-processing-financial-services/.venv/lib/python3.10/site-packages/airflow/example_dags/example_short_circuit_operator.py for tasks to queue
[2024-09-03T11:07:08.304+0000] {logging_mixin.py:149} INFO - [2024-09-03T11:07:08.304+0000] {dagbag.py:541} INFO - Filling up the DagBag from /home/airflow-vm/data-engineer-batch-processing-financial-services/.venv/lib/python3.10/site-packages/airflow/example_dags/example_short_circuit_operator.py
[2024-09-03T11:07:08.312+0000] {processor.py:836} INFO - DAG(s) dict_keys(['example_short_circuit_operator']) retrieved from /home/airflow-vm/data-engineer-batch-processing-financial-services/.venv/lib/python3.10/site-packages/airflow/example_dags/example_short_circuit_operator.py
[2024-09-03T11:07:08.331+0000] {logging_mixin.py:149} INFO - [2024-09-03T11:07:08.331+0000] {dag.py:2726} INFO - Sync 1 DAGs
[2024-09-03T11:07:08.350+0000] {logging_mixin.py:149} INFO - [2024-09-03T11:07:08.350+0000] {dag.py:3486} INFO - Setting next_dagrun for example_short_circuit_operator to 2024-09-02T11:07:08.350040+00:00, run_after=2024-09-03T11:07:08.350040+00:00
[2024-09-03T11:07:08.379+0000] {processor.py:179} INFO - Processing /home/airflow-vm/data-engineer-batch-processing-financial-services/.venv/lib/python3.10/site-packages/airflow/example_dags/example_short_circuit_operator.py took 0.078 seconds
[2024-09-03T11:09:11.587+0000] {processor.py:157} INFO - Started process (PID=8052) to work on /home/airflow-vm/data-engineer-batch-processing-financial-services/.venv/lib/python3.10/site-packages/airflow/example_dags/example_short_circuit_operator.py
[2024-09-03T11:09:11.588+0000] {processor.py:826} INFO - Processing file /home/airflow-vm/data-engineer-batch-processing-financial-services/.venv/lib/python3.10/site-packages/airflow/example_dags/example_short_circuit_operator.py for tasks to queue
[2024-09-03T11:09:11.588+0000] {logging_mixin.py:149} INFO - [2024-09-03T11:09:11.588+0000] {dagbag.py:541} INFO - Filling up the DagBag from /home/airflow-vm/data-engineer-batch-processing-financial-services/.venv/lib/python3.10/site-packages/airflow/example_dags/example_short_circuit_operator.py
[2024-09-03T11:09:11.596+0000] {processor.py:836} INFO - DAG(s) dict_keys(['example_short_circuit_operator']) retrieved from /home/airflow-vm/data-engineer-batch-processing-financial-services/.venv/lib/python3.10/site-packages/airflow/example_dags/example_short_circuit_operator.py
[2024-09-03T11:09:11.619+0000] {logging_mixin.py:149} INFO - [2024-09-03T11:09:11.618+0000] {dag.py:2726} INFO - Sync 1 DAGs
[2024-09-03T11:09:11.641+0000] {logging_mixin.py:149} INFO - [2024-09-03T11:09:11.640+0000] {dag.py:3486} INFO - Setting next_dagrun for example_short_circuit_operator to 2024-09-02T11:09:11.640702+00:00, run_after=2024-09-03T11:09:11.640702+00:00
[2024-09-03T11:09:11.672+0000] {processor.py:179} INFO - Processing /home/airflow-vm/data-engineer-batch-processing-financial-services/.venv/lib/python3.10/site-packages/airflow/example_dags/example_short_circuit_operator.py took 0.088 seconds
[2024-09-03T11:11:16.928+0000] {processor.py:157} INFO - Started process (PID=8904) to work on /home/airflow-vm/data-engineer-batch-processing-financial-services/.venv/lib/python3.10/site-packages/airflow/example_dags/example_short_circuit_operator.py
[2024-09-03T11:11:16.929+0000] {processor.py:826} INFO - Processing file /home/airflow-vm/data-engineer-batch-processing-financial-services/.venv/lib/python3.10/site-packages/airflow/example_dags/example_short_circuit_operator.py for tasks to queue
[2024-09-03T11:11:16.930+0000] {logging_mixin.py:149} INFO - [2024-09-03T11:11:16.930+0000] {dagbag.py:541} INFO - Filling up the DagBag from /home/airflow-vm/data-engineer-batch-processing-financial-services/.venv/lib/python3.10/site-packages/airflow/example_dags/example_short_circuit_operator.py
[2024-09-03T11:11:16.937+0000] {processor.py:836} INFO - DAG(s) dict_keys(['example_short_circuit_operator']) retrieved from /home/airflow-vm/data-engineer-batch-processing-financial-services/.venv/lib/python3.10/site-packages/airflow/example_dags/example_short_circuit_operator.py
[2024-09-03T11:11:16.958+0000] {logging_mixin.py:149} INFO - [2024-09-03T11:11:16.958+0000] {dag.py:2726} INFO - Sync 1 DAGs
[2024-09-03T11:11:16.979+0000] {logging_mixin.py:149} INFO - [2024-09-03T11:11:16.979+0000] {dag.py:3486} INFO - Setting next_dagrun for example_short_circuit_operator to 2024-09-02T11:11:16.979521+00:00, run_after=2024-09-03T11:11:16.979521+00:00
[2024-09-03T11:11:17.008+0000] {processor.py:179} INFO - Processing /home/airflow-vm/data-engineer-batch-processing-financial-services/.venv/lib/python3.10/site-packages/airflow/example_dags/example_short_circuit_operator.py took 0.082 seconds
[2024-09-03T11:13:24.742+0000] {processor.py:157} INFO - Started process (PID=9825) to work on /home/airflow-vm/data-engineer-batch-processing-financial-services/.venv/lib/python3.10/site-packages/airflow/example_dags/example_short_circuit_operator.py
[2024-09-03T11:13:24.743+0000] {processor.py:826} INFO - Processing file /home/airflow-vm/data-engineer-batch-processing-financial-services/.venv/lib/python3.10/site-packages/airflow/example_dags/example_short_circuit_operator.py for tasks to queue
[2024-09-03T11:13:24.743+0000] {logging_mixin.py:149} INFO - [2024-09-03T11:13:24.743+0000] {dagbag.py:541} INFO - Filling up the DagBag from /home/airflow-vm/data-engineer-batch-processing-financial-services/.venv/lib/python3.10/site-packages/airflow/example_dags/example_short_circuit_operator.py
[2024-09-03T11:13:24.751+0000] {processor.py:836} INFO - DAG(s) dict_keys(['example_short_circuit_operator']) retrieved from /home/airflow-vm/data-engineer-batch-processing-financial-services/.venv/lib/python3.10/site-packages/airflow/example_dags/example_short_circuit_operator.py
[2024-09-03T11:13:24.773+0000] {logging_mixin.py:149} INFO - [2024-09-03T11:13:24.773+0000] {dag.py:2726} INFO - Sync 1 DAGs
[2024-09-03T11:13:24.794+0000] {logging_mixin.py:149} INFO - [2024-09-03T11:13:24.794+0000] {dag.py:3486} INFO - Setting next_dagrun for example_short_circuit_operator to 2024-09-02T11:13:24.794478+00:00, run_after=2024-09-03T11:13:24.794478+00:00
[2024-09-03T11:13:24.822+0000] {processor.py:179} INFO - Processing /home/airflow-vm/data-engineer-batch-processing-financial-services/.venv/lib/python3.10/site-packages/airflow/example_dags/example_short_circuit_operator.py took 0.083 seconds
[2024-09-03T11:15:33.692+0000] {processor.py:157} INFO - Started process (PID=10865) to work on /home/airflow-vm/data-engineer-batch-processing-financial-services/.venv/lib/python3.10/site-packages/airflow/example_dags/example_short_circuit_operator.py
[2024-09-03T11:15:33.693+0000] {processor.py:826} INFO - Processing file /home/airflow-vm/data-engineer-batch-processing-financial-services/.venv/lib/python3.10/site-packages/airflow/example_dags/example_short_circuit_operator.py for tasks to queue
[2024-09-03T11:15:33.693+0000] {logging_mixin.py:149} INFO - [2024-09-03T11:15:33.693+0000] {dagbag.py:541} INFO - Filling up the DagBag from /home/airflow-vm/data-engineer-batch-processing-financial-services/.venv/lib/python3.10/site-packages/airflow/example_dags/example_short_circuit_operator.py
[2024-09-03T11:15:33.701+0000] {processor.py:836} INFO - DAG(s) dict_keys(['example_short_circuit_operator']) retrieved from /home/airflow-vm/data-engineer-batch-processing-financial-services/.venv/lib/python3.10/site-packages/airflow/example_dags/example_short_circuit_operator.py
[2024-09-03T11:15:33.723+0000] {logging_mixin.py:149} INFO - [2024-09-03T11:15:33.722+0000] {dag.py:2726} INFO - Sync 1 DAGs
[2024-09-03T11:15:33.742+0000] {logging_mixin.py:149} INFO - [2024-09-03T11:15:33.742+0000] {dag.py:3486} INFO - Setting next_dagrun for example_short_circuit_operator to 2024-09-02T11:15:33.742243+00:00, run_after=2024-09-03T11:15:33.742243+00:00
[2024-09-03T11:15:33.771+0000] {processor.py:179} INFO - Processing /home/airflow-vm/data-engineer-batch-processing-financial-services/.venv/lib/python3.10/site-packages/airflow/example_dags/example_short_circuit_operator.py took 0.082 seconds
[2024-09-03T11:17:47.323+0000] {processor.py:157} INFO - Started process (PID=12053) to work on /home/airflow-vm/data-engineer-batch-processing-financial-services/.venv/lib/python3.10/site-packages/airflow/example_dags/example_short_circuit_operator.py
[2024-09-03T11:17:47.324+0000] {processor.py:826} INFO - Processing file /home/airflow-vm/data-engineer-batch-processing-financial-services/.venv/lib/python3.10/site-packages/airflow/example_dags/example_short_circuit_operator.py for tasks to queue
[2024-09-03T11:17:47.324+0000] {logging_mixin.py:149} INFO - [2024-09-03T11:17:47.324+0000] {dagbag.py:541} INFO - Filling up the DagBag from /home/airflow-vm/data-engineer-batch-processing-financial-services/.venv/lib/python3.10/site-packages/airflow/example_dags/example_short_circuit_operator.py
[2024-09-03T11:17:47.332+0000] {processor.py:836} INFO - DAG(s) dict_keys(['example_short_circuit_operator']) retrieved from /home/airflow-vm/data-engineer-batch-processing-financial-services/.venv/lib/python3.10/site-packages/airflow/example_dags/example_short_circuit_operator.py
[2024-09-03T11:17:47.352+0000] {logging_mixin.py:149} INFO - [2024-09-03T11:17:47.351+0000] {dag.py:2726} INFO - Sync 1 DAGs
[2024-09-03T11:17:47.373+0000] {logging_mixin.py:149} INFO - [2024-09-03T11:17:47.372+0000] {dag.py:3486} INFO - Setting next_dagrun for example_short_circuit_operator to 2024-09-02T11:17:47.372735+00:00, run_after=2024-09-03T11:17:47.372735+00:00
[2024-09-03T11:17:47.403+0000] {processor.py:179} INFO - Processing /home/airflow-vm/data-engineer-batch-processing-financial-services/.venv/lib/python3.10/site-packages/airflow/example_dags/example_short_circuit_operator.py took 0.083 seconds
[2024-09-03T11:20:27.550+0000] {processor.py:157} INFO - Started process (PID=13474) to work on /home/airflow-vm/data-engineer-batch-processing-financial-services/.venv/lib/python3.10/site-packages/airflow/example_dags/example_short_circuit_operator.py
[2024-09-03T11:20:27.551+0000] {processor.py:826} INFO - Processing file /home/airflow-vm/data-engineer-batch-processing-financial-services/.venv/lib/python3.10/site-packages/airflow/example_dags/example_short_circuit_operator.py for tasks to queue
[2024-09-03T11:20:27.552+0000] {logging_mixin.py:149} INFO - [2024-09-03T11:20:27.551+0000] {dagbag.py:541} INFO - Filling up the DagBag from /home/airflow-vm/data-engineer-batch-processing-financial-services/.venv/lib/python3.10/site-packages/airflow/example_dags/example_short_circuit_operator.py
[2024-09-03T11:20:27.559+0000] {processor.py:836} INFO - DAG(s) dict_keys(['example_short_circuit_operator']) retrieved from /home/airflow-vm/data-engineer-batch-processing-financial-services/.venv/lib/python3.10/site-packages/airflow/example_dags/example_short_circuit_operator.py
[2024-09-03T11:20:27.582+0000] {logging_mixin.py:149} INFO - [2024-09-03T11:20:27.582+0000] {dag.py:2726} INFO - Sync 1 DAGs
[2024-09-03T11:20:27.603+0000] {logging_mixin.py:149} INFO - [2024-09-03T11:20:27.603+0000] {dag.py:3486} INFO - Setting next_dagrun for example_short_circuit_operator to 2024-09-02T11:20:27.602780+00:00, run_after=2024-09-03T11:20:27.602780+00:00
[2024-09-03T11:20:27.630+0000] {processor.py:179} INFO - Processing /home/airflow-vm/data-engineer-batch-processing-financial-services/.venv/lib/python3.10/site-packages/airflow/example_dags/example_short_circuit_operator.py took 0.082 seconds
[2024-09-03T11:23:26.763+0000] {processor.py:157} INFO - Started process (PID=14987) to work on /home/airflow-vm/data-engineer-batch-processing-financial-services/.venv/lib/python3.10/site-packages/airflow/example_dags/example_short_circuit_operator.py
[2024-09-03T11:23:26.764+0000] {processor.py:826} INFO - Processing file /home/airflow-vm/data-engineer-batch-processing-financial-services/.venv/lib/python3.10/site-packages/airflow/example_dags/example_short_circuit_operator.py for tasks to queue
[2024-09-03T11:23:26.765+0000] {logging_mixin.py:149} INFO - [2024-09-03T11:23:26.765+0000] {dagbag.py:541} INFO - Filling up the DagBag from /home/airflow-vm/data-engineer-batch-processing-financial-services/.venv/lib/python3.10/site-packages/airflow/example_dags/example_short_circuit_operator.py
[2024-09-03T11:23:26.773+0000] {processor.py:836} INFO - DAG(s) dict_keys(['example_short_circuit_operator']) retrieved from /home/airflow-vm/data-engineer-batch-processing-financial-services/.venv/lib/python3.10/site-packages/airflow/example_dags/example_short_circuit_operator.py
[2024-09-03T11:23:26.794+0000] {logging_mixin.py:149} INFO - [2024-09-03T11:23:26.794+0000] {dag.py:2726} INFO - Sync 1 DAGs
[2024-09-03T11:23:26.815+0000] {logging_mixin.py:149} INFO - [2024-09-03T11:23:26.815+0000] {dag.py:3486} INFO - Setting next_dagrun for example_short_circuit_operator to 2024-09-02T11:23:26.814933+00:00, run_after=2024-09-03T11:23:26.814933+00:00
[2024-09-03T11:23:26.842+0000] {processor.py:179} INFO - Processing /home/airflow-vm/data-engineer-batch-processing-financial-services/.venv/lib/python3.10/site-packages/airflow/example_dags/example_short_circuit_operator.py took 0.082 seconds
[2024-09-03T11:26:17.929+0000] {processor.py:157} INFO - Started process (PID=16174) to work on /home/airflow-vm/data-engineer-batch-processing-financial-services/.venv/lib/python3.10/site-packages/airflow/example_dags/example_short_circuit_operator.py
[2024-09-03T11:26:17.930+0000] {processor.py:826} INFO - Processing file /home/airflow-vm/data-engineer-batch-processing-financial-services/.venv/lib/python3.10/site-packages/airflow/example_dags/example_short_circuit_operator.py for tasks to queue
[2024-09-03T11:26:17.931+0000] {logging_mixin.py:149} INFO - [2024-09-03T11:26:17.931+0000] {dagbag.py:541} INFO - Filling up the DagBag from /home/airflow-vm/data-engineer-batch-processing-financial-services/.venv/lib/python3.10/site-packages/airflow/example_dags/example_short_circuit_operator.py
[2024-09-03T11:26:17.938+0000] {processor.py:836} INFO - DAG(s) dict_keys(['example_short_circuit_operator']) retrieved from /home/airflow-vm/data-engineer-batch-processing-financial-services/.venv/lib/python3.10/site-packages/airflow/example_dags/example_short_circuit_operator.py
[2024-09-03T11:26:17.960+0000] {logging_mixin.py:149} INFO - [2024-09-03T11:26:17.960+0000] {dag.py:2726} INFO - Sync 1 DAGs
[2024-09-03T11:26:17.983+0000] {logging_mixin.py:149} INFO - [2024-09-03T11:26:17.983+0000] {dag.py:3486} INFO - Setting next_dagrun for example_short_circuit_operator to 2024-09-02T11:26:17.982772+00:00, run_after=2024-09-03T11:26:17.982772+00:00
[2024-09-03T11:26:18.013+0000] {processor.py:179} INFO - Processing /home/airflow-vm/data-engineer-batch-processing-financial-services/.venv/lib/python3.10/site-packages/airflow/example_dags/example_short_circuit_operator.py took 0.086 seconds
[2024-09-03T11:29:16.888+0000] {processor.py:157} INFO - Started process (PID=17547) to work on /home/airflow-vm/data-engineer-batch-processing-financial-services/.venv/lib/python3.10/site-packages/airflow/example_dags/example_short_circuit_operator.py
[2024-09-03T11:29:16.889+0000] {processor.py:826} INFO - Processing file /home/airflow-vm/data-engineer-batch-processing-financial-services/.venv/lib/python3.10/site-packages/airflow/example_dags/example_short_circuit_operator.py for tasks to queue
[2024-09-03T11:29:16.889+0000] {logging_mixin.py:149} INFO - [2024-09-03T11:29:16.889+0000] {dagbag.py:541} INFO - Filling up the DagBag from /home/airflow-vm/data-engineer-batch-processing-financial-services/.venv/lib/python3.10/site-packages/airflow/example_dags/example_short_circuit_operator.py
[2024-09-03T11:29:16.896+0000] {processor.py:836} INFO - DAG(s) dict_keys(['example_short_circuit_operator']) retrieved from /home/airflow-vm/data-engineer-batch-processing-financial-services/.venv/lib/python3.10/site-packages/airflow/example_dags/example_short_circuit_operator.py
[2024-09-03T11:29:16.917+0000] {logging_mixin.py:149} INFO - [2024-09-03T11:29:16.916+0000] {dag.py:2726} INFO - Sync 1 DAGs
[2024-09-03T11:29:16.936+0000] {logging_mixin.py:149} INFO - [2024-09-03T11:29:16.935+0000] {dag.py:3486} INFO - Setting next_dagrun for example_short_circuit_operator to 2024-09-02T11:29:16.935692+00:00, run_after=2024-09-03T11:29:16.935692+00:00
[2024-09-03T11:29:16.969+0000] {processor.py:179} INFO - Processing /home/airflow-vm/data-engineer-batch-processing-financial-services/.venv/lib/python3.10/site-packages/airflow/example_dags/example_short_circuit_operator.py took 0.084 seconds
[2024-09-03T11:33:30.774+0000] {processor.py:157} INFO - Started process (PID=20077) to work on /home/airflow-vm/data-engineer-batch-processing-financial-services/.venv/lib/python3.10/site-packages/airflow/example_dags/example_short_circuit_operator.py
[2024-09-03T11:33:30.775+0000] {processor.py:826} INFO - Processing file /home/airflow-vm/data-engineer-batch-processing-financial-services/.venv/lib/python3.10/site-packages/airflow/example_dags/example_short_circuit_operator.py for tasks to queue
[2024-09-03T11:33:30.775+0000] {logging_mixin.py:149} INFO - [2024-09-03T11:33:30.775+0000] {dagbag.py:541} INFO - Filling up the DagBag from /home/airflow-vm/data-engineer-batch-processing-financial-services/.venv/lib/python3.10/site-packages/airflow/example_dags/example_short_circuit_operator.py
[2024-09-03T11:33:30.783+0000] {processor.py:836} INFO - DAG(s) dict_keys(['example_short_circuit_operator']) retrieved from /home/airflow-vm/data-engineer-batch-processing-financial-services/.venv/lib/python3.10/site-packages/airflow/example_dags/example_short_circuit_operator.py
[2024-09-03T11:33:30.803+0000] {logging_mixin.py:149} INFO - [2024-09-03T11:33:30.803+0000] {dag.py:2726} INFO - Sync 1 DAGs
[2024-09-03T11:33:30.823+0000] {logging_mixin.py:149} INFO - [2024-09-03T11:33:30.823+0000] {dag.py:3486} INFO - Setting next_dagrun for example_short_circuit_operator to 2024-09-02T11:33:30.823271+00:00, run_after=2024-09-03T11:33:30.823271+00:00
[2024-09-03T11:33:30.851+0000] {processor.py:179} INFO - Processing /home/airflow-vm/data-engineer-batch-processing-financial-services/.venv/lib/python3.10/site-packages/airflow/example_dags/example_short_circuit_operator.py took 0.080 seconds
[2024-09-03T11:37:10.822+0000] {processor.py:157} INFO - Started process (PID=22524) to work on /home/airflow-vm/data-engineer-batch-processing-financial-services/.venv/lib/python3.10/site-packages/airflow/example_dags/example_short_circuit_operator.py
[2024-09-03T11:37:10.823+0000] {processor.py:826} INFO - Processing file /home/airflow-vm/data-engineer-batch-processing-financial-services/.venv/lib/python3.10/site-packages/airflow/example_dags/example_short_circuit_operator.py for tasks to queue
[2024-09-03T11:37:10.824+0000] {logging_mixin.py:149} INFO - [2024-09-03T11:37:10.824+0000] {dagbag.py:541} INFO - Filling up the DagBag from /home/airflow-vm/data-engineer-batch-processing-financial-services/.venv/lib/python3.10/site-packages/airflow/example_dags/example_short_circuit_operator.py
[2024-09-03T11:37:10.832+0000] {processor.py:836} INFO - DAG(s) dict_keys(['example_short_circuit_operator']) retrieved from /home/airflow-vm/data-engineer-batch-processing-financial-services/.venv/lib/python3.10/site-packages/airflow/example_dags/example_short_circuit_operator.py
[2024-09-03T11:37:10.854+0000] {logging_mixin.py:149} INFO - [2024-09-03T11:37:10.854+0000] {dag.py:2726} INFO - Sync 1 DAGs
[2024-09-03T11:37:10.876+0000] {logging_mixin.py:149} INFO - [2024-09-03T11:37:10.876+0000] {dag.py:3486} INFO - Setting next_dagrun for example_short_circuit_operator to 2024-09-02T11:37:10.876368+00:00, run_after=2024-09-03T11:37:10.876368+00:00
[2024-09-03T11:37:10.909+0000] {processor.py:179} INFO - Processing /home/airflow-vm/data-engineer-batch-processing-financial-services/.venv/lib/python3.10/site-packages/airflow/example_dags/example_short_circuit_operator.py took 0.089 seconds
[2024-09-03T11:37:56.482+0000] {processor.py:157} INFO - Started process (PID=22749) to work on /home/airflow-vm/data-engineer-batch-processing-financial-services/.venv/lib/python3.10/site-packages/airflow/example_dags/example_short_circuit_operator.py
[2024-09-03T11:37:56.482+0000] {processor.py:826} INFO - Processing file /home/airflow-vm/data-engineer-batch-processing-financial-services/.venv/lib/python3.10/site-packages/airflow/example_dags/example_short_circuit_operator.py for tasks to queue
[2024-09-03T11:37:56.483+0000] {logging_mixin.py:149} INFO - [2024-09-03T11:37:56.483+0000] {dagbag.py:541} INFO - Filling up the DagBag from /home/airflow-vm/data-engineer-batch-processing-financial-services/.venv/lib/python3.10/site-packages/airflow/example_dags/example_short_circuit_operator.py
[2024-09-03T11:37:56.491+0000] {processor.py:836} INFO - DAG(s) dict_keys(['example_short_circuit_operator']) retrieved from /home/airflow-vm/data-engineer-batch-processing-financial-services/.venv/lib/python3.10/site-packages/airflow/example_dags/example_short_circuit_operator.py
[2024-09-03T11:37:56.513+0000] {logging_mixin.py:149} INFO - [2024-09-03T11:37:56.513+0000] {dag.py:2726} INFO - Sync 1 DAGs
[2024-09-03T11:37:56.534+0000] {logging_mixin.py:149} INFO - [2024-09-03T11:37:56.533+0000] {dag.py:3486} INFO - Setting next_dagrun for example_short_circuit_operator to 2024-09-02T11:37:56.533725+00:00, run_after=2024-09-03T11:37:56.533725+00:00
[2024-09-03T11:37:56.590+0000] {processor.py:179} INFO - Processing /home/airflow-vm/data-engineer-batch-processing-financial-services/.venv/lib/python3.10/site-packages/airflow/example_dags/example_short_circuit_operator.py took 0.111 seconds
[2024-09-03T11:38:42.408+0000] {processor.py:157} INFO - Started process (PID=22973) to work on /home/airflow-vm/data-engineer-batch-processing-financial-services/.venv/lib/python3.10/site-packages/airflow/example_dags/example_short_circuit_operator.py
[2024-09-03T11:38:42.409+0000] {processor.py:826} INFO - Processing file /home/airflow-vm/data-engineer-batch-processing-financial-services/.venv/lib/python3.10/site-packages/airflow/example_dags/example_short_circuit_operator.py for tasks to queue
[2024-09-03T11:38:42.409+0000] {logging_mixin.py:149} INFO - [2024-09-03T11:38:42.409+0000] {dagbag.py:541} INFO - Filling up the DagBag from /home/airflow-vm/data-engineer-batch-processing-financial-services/.venv/lib/python3.10/site-packages/airflow/example_dags/example_short_circuit_operator.py
[2024-09-03T11:38:42.417+0000] {processor.py:836} INFO - DAG(s) dict_keys(['example_short_circuit_operator']) retrieved from /home/airflow-vm/data-engineer-batch-processing-financial-services/.venv/lib/python3.10/site-packages/airflow/example_dags/example_short_circuit_operator.py
[2024-09-03T11:38:42.438+0000] {logging_mixin.py:149} INFO - [2024-09-03T11:38:42.438+0000] {dag.py:2726} INFO - Sync 1 DAGs
[2024-09-03T11:38:42.461+0000] {logging_mixin.py:149} INFO - [2024-09-03T11:38:42.461+0000] {dag.py:3486} INFO - Setting next_dagrun for example_short_circuit_operator to 2024-09-02T11:38:42.461506+00:00, run_after=2024-09-03T11:38:42.461506+00:00
[2024-09-03T11:38:42.497+0000] {processor.py:179} INFO - Processing /home/airflow-vm/data-engineer-batch-processing-financial-services/.venv/lib/python3.10/site-packages/airflow/example_dags/example_short_circuit_operator.py took 0.092 seconds
[2024-09-03T11:39:30.928+0000] {processor.py:157} INFO - Started process (PID=23207) to work on /home/airflow-vm/data-engineer-batch-processing-financial-services/.venv/lib/python3.10/site-packages/airflow/example_dags/example_short_circuit_operator.py
[2024-09-03T11:39:30.929+0000] {processor.py:826} INFO - Processing file /home/airflow-vm/data-engineer-batch-processing-financial-services/.venv/lib/python3.10/site-packages/airflow/example_dags/example_short_circuit_operator.py for tasks to queue
[2024-09-03T11:39:30.929+0000] {logging_mixin.py:149} INFO - [2024-09-03T11:39:30.929+0000] {dagbag.py:541} INFO - Filling up the DagBag from /home/airflow-vm/data-engineer-batch-processing-financial-services/.venv/lib/python3.10/site-packages/airflow/example_dags/example_short_circuit_operator.py
[2024-09-03T11:39:30.937+0000] {processor.py:836} INFO - DAG(s) dict_keys(['example_short_circuit_operator']) retrieved from /home/airflow-vm/data-engineer-batch-processing-financial-services/.venv/lib/python3.10/site-packages/airflow/example_dags/example_short_circuit_operator.py
[2024-09-03T11:39:30.958+0000] {logging_mixin.py:149} INFO - [2024-09-03T11:39:30.957+0000] {dag.py:2726} INFO - Sync 1 DAGs
[2024-09-03T11:39:30.978+0000] {logging_mixin.py:149} INFO - [2024-09-03T11:39:30.978+0000] {dag.py:3486} INFO - Setting next_dagrun for example_short_circuit_operator to 2024-09-02T11:39:30.978458+00:00, run_after=2024-09-03T11:39:30.978458+00:00
[2024-09-03T11:39:31.012+0000] {processor.py:179} INFO - Processing /home/airflow-vm/data-engineer-batch-processing-financial-services/.venv/lib/python3.10/site-packages/airflow/example_dags/example_short_circuit_operator.py took 0.086 seconds
[2024-09-03T11:40:34.287+0000] {processor.py:157} INFO - Started process (PID=23626) to work on /home/airflow-vm/data-engineer-batch-processing-financial-services/.venv/lib/python3.10/site-packages/airflow/example_dags/example_short_circuit_operator.py
[2024-09-03T11:40:34.288+0000] {processor.py:826} INFO - Processing file /home/airflow-vm/data-engineer-batch-processing-financial-services/.venv/lib/python3.10/site-packages/airflow/example_dags/example_short_circuit_operator.py for tasks to queue
[2024-09-03T11:40:34.289+0000] {logging_mixin.py:149} INFO - [2024-09-03T11:40:34.289+0000] {dagbag.py:541} INFO - Filling up the DagBag from /home/airflow-vm/data-engineer-batch-processing-financial-services/.venv/lib/python3.10/site-packages/airflow/example_dags/example_short_circuit_operator.py
[2024-09-03T11:40:34.296+0000] {processor.py:836} INFO - DAG(s) dict_keys(['example_short_circuit_operator']) retrieved from /home/airflow-vm/data-engineer-batch-processing-financial-services/.venv/lib/python3.10/site-packages/airflow/example_dags/example_short_circuit_operator.py
[2024-09-03T11:40:34.317+0000] {logging_mixin.py:149} INFO - [2024-09-03T11:40:34.317+0000] {dag.py:2726} INFO - Sync 1 DAGs
[2024-09-03T11:40:34.336+0000] {logging_mixin.py:149} INFO - [2024-09-03T11:40:34.336+0000] {dag.py:3486} INFO - Setting next_dagrun for example_short_circuit_operator to 2024-09-02T11:40:34.336542+00:00, run_after=2024-09-03T11:40:34.336542+00:00
[2024-09-03T11:40:34.367+0000] {processor.py:179} INFO - Processing /home/airflow-vm/data-engineer-batch-processing-financial-services/.venv/lib/python3.10/site-packages/airflow/example_dags/example_short_circuit_operator.py took 0.082 seconds
[2024-09-03T11:43:12.845+0000] {processor.py:157} INFO - Started process (PID=25550) to work on /home/airflow-vm/data-engineer-batch-processing-financial-services/.venv/lib/python3.10/site-packages/airflow/example_dags/example_short_circuit_operator.py
[2024-09-03T11:43:12.846+0000] {processor.py:826} INFO - Processing file /home/airflow-vm/data-engineer-batch-processing-financial-services/.venv/lib/python3.10/site-packages/airflow/example_dags/example_short_circuit_operator.py for tasks to queue
[2024-09-03T11:43:12.846+0000] {logging_mixin.py:149} INFO - [2024-09-03T11:43:12.846+0000] {dagbag.py:541} INFO - Filling up the DagBag from /home/airflow-vm/data-engineer-batch-processing-financial-services/.venv/lib/python3.10/site-packages/airflow/example_dags/example_short_circuit_operator.py
[2024-09-03T11:43:12.854+0000] {processor.py:836} INFO - DAG(s) dict_keys(['example_short_circuit_operator']) retrieved from /home/airflow-vm/data-engineer-batch-processing-financial-services/.venv/lib/python3.10/site-packages/airflow/example_dags/example_short_circuit_operator.py
[2024-09-03T11:43:12.877+0000] {logging_mixin.py:149} INFO - [2024-09-03T11:43:12.877+0000] {dag.py:2726} INFO - Sync 1 DAGs
[2024-09-03T11:43:12.898+0000] {logging_mixin.py:149} INFO - [2024-09-03T11:43:12.898+0000] {dag.py:3486} INFO - Setting next_dagrun for example_short_circuit_operator to 2024-09-02T11:43:12.898139+00:00, run_after=2024-09-03T11:43:12.898139+00:00
[2024-09-03T11:43:12.927+0000] {processor.py:179} INFO - Processing /home/airflow-vm/data-engineer-batch-processing-financial-services/.venv/lib/python3.10/site-packages/airflow/example_dags/example_short_circuit_operator.py took 0.085 seconds
[2024-09-03T11:47:11.450+0000] {processor.py:157} INFO - Started process (PID=27538) to work on /home/airflow-vm/data-engineer-batch-processing-financial-services/.venv/lib/python3.10/site-packages/airflow/example_dags/example_short_circuit_operator.py
[2024-09-03T11:47:11.451+0000] {processor.py:826} INFO - Processing file /home/airflow-vm/data-engineer-batch-processing-financial-services/.venv/lib/python3.10/site-packages/airflow/example_dags/example_short_circuit_operator.py for tasks to queue
[2024-09-03T11:47:11.452+0000] {logging_mixin.py:149} INFO - [2024-09-03T11:47:11.451+0000] {dagbag.py:541} INFO - Filling up the DagBag from /home/airflow-vm/data-engineer-batch-processing-financial-services/.venv/lib/python3.10/site-packages/airflow/example_dags/example_short_circuit_operator.py
[2024-09-03T11:47:11.459+0000] {processor.py:836} INFO - DAG(s) dict_keys(['example_short_circuit_operator']) retrieved from /home/airflow-vm/data-engineer-batch-processing-financial-services/.venv/lib/python3.10/site-packages/airflow/example_dags/example_short_circuit_operator.py
[2024-09-03T11:47:11.481+0000] {logging_mixin.py:149} INFO - [2024-09-03T11:47:11.480+0000] {dag.py:2726} INFO - Sync 1 DAGs
[2024-09-03T11:47:11.500+0000] {logging_mixin.py:149} INFO - [2024-09-03T11:47:11.500+0000] {dag.py:3486} INFO - Setting next_dagrun for example_short_circuit_operator to 2024-09-02T11:47:11.500451+00:00, run_after=2024-09-03T11:47:11.500451+00:00
[2024-09-03T11:47:11.528+0000] {processor.py:179} INFO - Processing /home/airflow-vm/data-engineer-batch-processing-financial-services/.venv/lib/python3.10/site-packages/airflow/example_dags/example_short_circuit_operator.py took 0.081 seconds
[2024-09-03T11:50:14.758+0000] {processor.py:157} INFO - Started process (PID=29574) to work on /home/airflow-vm/data-engineer-batch-processing-financial-services/.venv/lib/python3.10/site-packages/airflow/example_dags/example_short_circuit_operator.py
[2024-09-03T11:50:14.759+0000] {processor.py:826} INFO - Processing file /home/airflow-vm/data-engineer-batch-processing-financial-services/.venv/lib/python3.10/site-packages/airflow/example_dags/example_short_circuit_operator.py for tasks to queue
[2024-09-03T11:50:14.760+0000] {logging_mixin.py:149} INFO - [2024-09-03T11:50:14.759+0000] {dagbag.py:541} INFO - Filling up the DagBag from /home/airflow-vm/data-engineer-batch-processing-financial-services/.venv/lib/python3.10/site-packages/airflow/example_dags/example_short_circuit_operator.py
[2024-09-03T11:50:14.767+0000] {processor.py:836} INFO - DAG(s) dict_keys(['example_short_circuit_operator']) retrieved from /home/airflow-vm/data-engineer-batch-processing-financial-services/.venv/lib/python3.10/site-packages/airflow/example_dags/example_short_circuit_operator.py
[2024-09-03T11:50:14.789+0000] {logging_mixin.py:149} INFO - [2024-09-03T11:50:14.789+0000] {dag.py:2726} INFO - Sync 1 DAGs
[2024-09-03T11:50:14.809+0000] {logging_mixin.py:149} INFO - [2024-09-03T11:50:14.808+0000] {dag.py:3486} INFO - Setting next_dagrun for example_short_circuit_operator to 2024-09-02T11:50:14.808627+00:00, run_after=2024-09-03T11:50:14.808627+00:00
[2024-09-03T11:50:14.841+0000] {processor.py:179} INFO - Processing /home/airflow-vm/data-engineer-batch-processing-financial-services/.venv/lib/python3.10/site-packages/airflow/example_dags/example_short_circuit_operator.py took 0.086 seconds
[2024-09-03T11:50:59.663+0000] {processor.py:157} INFO - Started process (PID=29693) to work on /home/airflow-vm/data-engineer-batch-processing-financial-services/.venv/lib/python3.10/site-packages/airflow/example_dags/example_short_circuit_operator.py
[2024-09-03T11:50:59.664+0000] {processor.py:826} INFO - Processing file /home/airflow-vm/data-engineer-batch-processing-financial-services/.venv/lib/python3.10/site-packages/airflow/example_dags/example_short_circuit_operator.py for tasks to queue
[2024-09-03T11:50:59.664+0000] {logging_mixin.py:149} INFO - [2024-09-03T11:50:59.664+0000] {dagbag.py:541} INFO - Filling up the DagBag from /home/airflow-vm/data-engineer-batch-processing-financial-services/.venv/lib/python3.10/site-packages/airflow/example_dags/example_short_circuit_operator.py
[2024-09-03T11:50:59.673+0000] {processor.py:836} INFO - DAG(s) dict_keys(['example_short_circuit_operator']) retrieved from /home/airflow-vm/data-engineer-batch-processing-financial-services/.venv/lib/python3.10/site-packages/airflow/example_dags/example_short_circuit_operator.py
[2024-09-03T11:50:59.695+0000] {logging_mixin.py:149} INFO - [2024-09-03T11:50:59.694+0000] {dag.py:2726} INFO - Sync 1 DAGs
[2024-09-03T11:50:59.713+0000] {logging_mixin.py:149} INFO - [2024-09-03T11:50:59.713+0000] {dag.py:3486} INFO - Setting next_dagrun for example_short_circuit_operator to 2024-09-02T11:50:59.713522+00:00, run_after=2024-09-03T11:50:59.713522+00:00
[2024-09-03T11:50:59.740+0000] {processor.py:179} INFO - Processing /home/airflow-vm/data-engineer-batch-processing-financial-services/.venv/lib/python3.10/site-packages/airflow/example_dags/example_short_circuit_operator.py took 0.080 seconds
[2024-09-03T11:51:43.464+0000] {processor.py:157} INFO - Started process (PID=29741) to work on /home/airflow-vm/data-engineer-batch-processing-financial-services/.venv/lib/python3.10/site-packages/airflow/example_dags/example_short_circuit_operator.py
[2024-09-03T11:51:43.465+0000] {processor.py:826} INFO - Processing file /home/airflow-vm/data-engineer-batch-processing-financial-services/.venv/lib/python3.10/site-packages/airflow/example_dags/example_short_circuit_operator.py for tasks to queue
[2024-09-03T11:51:43.466+0000] {logging_mixin.py:149} INFO - [2024-09-03T11:51:43.466+0000] {dagbag.py:541} INFO - Filling up the DagBag from /home/airflow-vm/data-engineer-batch-processing-financial-services/.venv/lib/python3.10/site-packages/airflow/example_dags/example_short_circuit_operator.py
[2024-09-03T11:51:43.474+0000] {processor.py:836} INFO - DAG(s) dict_keys(['example_short_circuit_operator']) retrieved from /home/airflow-vm/data-engineer-batch-processing-financial-services/.venv/lib/python3.10/site-packages/airflow/example_dags/example_short_circuit_operator.py
[2024-09-03T11:51:43.494+0000] {logging_mixin.py:149} INFO - [2024-09-03T11:51:43.494+0000] {dag.py:2726} INFO - Sync 1 DAGs
[2024-09-03T11:51:43.514+0000] {logging_mixin.py:149} INFO - [2024-09-03T11:51:43.514+0000] {dag.py:3486} INFO - Setting next_dagrun for example_short_circuit_operator to 2024-09-02T11:51:43.514391+00:00, run_after=2024-09-03T11:51:43.514391+00:00
[2024-09-03T11:51:43.543+0000] {processor.py:179} INFO - Processing /home/airflow-vm/data-engineer-batch-processing-financial-services/.venv/lib/python3.10/site-packages/airflow/example_dags/example_short_circuit_operator.py took 0.081 seconds
[2024-09-03T11:52:29.829+0000] {processor.py:157} INFO - Started process (PID=29789) to work on /home/airflow-vm/data-engineer-batch-processing-financial-services/.venv/lib/python3.10/site-packages/airflow/example_dags/example_short_circuit_operator.py
[2024-09-03T11:52:29.830+0000] {processor.py:826} INFO - Processing file /home/airflow-vm/data-engineer-batch-processing-financial-services/.venv/lib/python3.10/site-packages/airflow/example_dags/example_short_circuit_operator.py for tasks to queue
[2024-09-03T11:52:29.830+0000] {logging_mixin.py:149} INFO - [2024-09-03T11:52:29.830+0000] {dagbag.py:541} INFO - Filling up the DagBag from /home/airflow-vm/data-engineer-batch-processing-financial-services/.venv/lib/python3.10/site-packages/airflow/example_dags/example_short_circuit_operator.py
[2024-09-03T11:52:29.838+0000] {processor.py:836} INFO - DAG(s) dict_keys(['example_short_circuit_operator']) retrieved from /home/airflow-vm/data-engineer-batch-processing-financial-services/.venv/lib/python3.10/site-packages/airflow/example_dags/example_short_circuit_operator.py
[2024-09-03T11:52:29.859+0000] {logging_mixin.py:149} INFO - [2024-09-03T11:52:29.859+0000] {dag.py:2726} INFO - Sync 1 DAGs
[2024-09-03T11:52:29.882+0000] {logging_mixin.py:149} INFO - [2024-09-03T11:52:29.881+0000] {dag.py:3486} INFO - Setting next_dagrun for example_short_circuit_operator to 2024-09-02T11:52:29.881732+00:00, run_after=2024-09-03T11:52:29.881732+00:00
[2024-09-03T11:52:29.911+0000] {processor.py:179} INFO - Processing /home/airflow-vm/data-engineer-batch-processing-financial-services/.venv/lib/python3.10/site-packages/airflow/example_dags/example_short_circuit_operator.py took 0.084 seconds
[2024-09-03T11:53:17.033+0000] {processor.py:157} INFO - Started process (PID=29838) to work on /home/airflow-vm/data-engineer-batch-processing-financial-services/.venv/lib/python3.10/site-packages/airflow/example_dags/example_short_circuit_operator.py
[2024-09-03T11:53:17.034+0000] {processor.py:826} INFO - Processing file /home/airflow-vm/data-engineer-batch-processing-financial-services/.venv/lib/python3.10/site-packages/airflow/example_dags/example_short_circuit_operator.py for tasks to queue
[2024-09-03T11:53:17.035+0000] {logging_mixin.py:149} INFO - [2024-09-03T11:53:17.035+0000] {dagbag.py:541} INFO - Filling up the DagBag from /home/airflow-vm/data-engineer-batch-processing-financial-services/.venv/lib/python3.10/site-packages/airflow/example_dags/example_short_circuit_operator.py
[2024-09-03T11:53:17.043+0000] {processor.py:836} INFO - DAG(s) dict_keys(['example_short_circuit_operator']) retrieved from /home/airflow-vm/data-engineer-batch-processing-financial-services/.venv/lib/python3.10/site-packages/airflow/example_dags/example_short_circuit_operator.py
[2024-09-03T11:53:17.064+0000] {logging_mixin.py:149} INFO - [2024-09-03T11:53:17.064+0000] {dag.py:2726} INFO - Sync 1 DAGs
[2024-09-03T11:53:17.085+0000] {logging_mixin.py:149} INFO - [2024-09-03T11:53:17.085+0000] {dag.py:3486} INFO - Setting next_dagrun for example_short_circuit_operator to 2024-09-02T11:53:17.084980+00:00, run_after=2024-09-03T11:53:17.084980+00:00
[2024-09-03T11:53:17.114+0000] {processor.py:179} INFO - Processing /home/airflow-vm/data-engineer-batch-processing-financial-services/.venv/lib/python3.10/site-packages/airflow/example_dags/example_short_circuit_operator.py took 0.083 seconds
[2024-09-03T11:54:03.966+0000] {processor.py:157} INFO - Started process (PID=29914) to work on /home/airflow-vm/data-engineer-batch-processing-financial-services/.venv/lib/python3.10/site-packages/airflow/example_dags/example_short_circuit_operator.py
[2024-09-03T11:54:03.967+0000] {processor.py:826} INFO - Processing file /home/airflow-vm/data-engineer-batch-processing-financial-services/.venv/lib/python3.10/site-packages/airflow/example_dags/example_short_circuit_operator.py for tasks to queue
[2024-09-03T11:54:03.968+0000] {logging_mixin.py:149} INFO - [2024-09-03T11:54:03.968+0000] {dagbag.py:541} INFO - Filling up the DagBag from /home/airflow-vm/data-engineer-batch-processing-financial-services/.venv/lib/python3.10/site-packages/airflow/example_dags/example_short_circuit_operator.py
[2024-09-03T11:54:03.976+0000] {processor.py:836} INFO - DAG(s) dict_keys(['example_short_circuit_operator']) retrieved from /home/airflow-vm/data-engineer-batch-processing-financial-services/.venv/lib/python3.10/site-packages/airflow/example_dags/example_short_circuit_operator.py
[2024-09-03T11:54:03.997+0000] {logging_mixin.py:149} INFO - [2024-09-03T11:54:03.997+0000] {dag.py:2726} INFO - Sync 1 DAGs
[2024-09-03T11:54:04.018+0000] {logging_mixin.py:149} INFO - [2024-09-03T11:54:04.017+0000] {dag.py:3486} INFO - Setting next_dagrun for example_short_circuit_operator to 2024-09-02T11:54:04.017620+00:00, run_after=2024-09-03T11:54:04.017620+00:00
[2024-09-03T11:54:04.049+0000] {processor.py:179} INFO - Processing /home/airflow-vm/data-engineer-batch-processing-financial-services/.venv/lib/python3.10/site-packages/airflow/example_dags/example_short_circuit_operator.py took 0.085 seconds
[2024-09-03T11:54:46.105+0000] {processor.py:157} INFO - Started process (PID=29962) to work on /home/airflow-vm/data-engineer-batch-processing-financial-services/.venv/lib/python3.10/site-packages/airflow/example_dags/example_short_circuit_operator.py
[2024-09-03T11:54:46.106+0000] {processor.py:826} INFO - Processing file /home/airflow-vm/data-engineer-batch-processing-financial-services/.venv/lib/python3.10/site-packages/airflow/example_dags/example_short_circuit_operator.py for tasks to queue
[2024-09-03T11:54:46.107+0000] {logging_mixin.py:149} INFO - [2024-09-03T11:54:46.107+0000] {dagbag.py:541} INFO - Filling up the DagBag from /home/airflow-vm/data-engineer-batch-processing-financial-services/.venv/lib/python3.10/site-packages/airflow/example_dags/example_short_circuit_operator.py
[2024-09-03T11:54:46.114+0000] {processor.py:836} INFO - DAG(s) dict_keys(['example_short_circuit_operator']) retrieved from /home/airflow-vm/data-engineer-batch-processing-financial-services/.venv/lib/python3.10/site-packages/airflow/example_dags/example_short_circuit_operator.py
[2024-09-03T11:54:46.134+0000] {logging_mixin.py:149} INFO - [2024-09-03T11:54:46.133+0000] {dag.py:2726} INFO - Sync 1 DAGs
[2024-09-03T11:54:46.153+0000] {logging_mixin.py:149} INFO - [2024-09-03T11:54:46.153+0000] {dag.py:3486} INFO - Setting next_dagrun for example_short_circuit_operator to 2024-09-02T11:54:46.152904+00:00, run_after=2024-09-03T11:54:46.152904+00:00
[2024-09-03T11:54:46.181+0000] {processor.py:179} INFO - Processing /home/airflow-vm/data-engineer-batch-processing-financial-services/.venv/lib/python3.10/site-packages/airflow/example_dags/example_short_circuit_operator.py took 0.078 seconds
[2024-09-03T11:55:30.744+0000] {processor.py:157} INFO - Started process (PID=30012) to work on /home/airflow-vm/data-engineer-batch-processing-financial-services/.venv/lib/python3.10/site-packages/airflow/example_dags/example_short_circuit_operator.py
[2024-09-03T11:55:30.745+0000] {processor.py:826} INFO - Processing file /home/airflow-vm/data-engineer-batch-processing-financial-services/.venv/lib/python3.10/site-packages/airflow/example_dags/example_short_circuit_operator.py for tasks to queue
[2024-09-03T11:55:30.746+0000] {logging_mixin.py:149} INFO - [2024-09-03T11:55:30.746+0000] {dagbag.py:541} INFO - Filling up the DagBag from /home/airflow-vm/data-engineer-batch-processing-financial-services/.venv/lib/python3.10/site-packages/airflow/example_dags/example_short_circuit_operator.py
[2024-09-03T11:55:30.754+0000] {processor.py:836} INFO - DAG(s) dict_keys(['example_short_circuit_operator']) retrieved from /home/airflow-vm/data-engineer-batch-processing-financial-services/.venv/lib/python3.10/site-packages/airflow/example_dags/example_short_circuit_operator.py
[2024-09-03T11:55:30.776+0000] {logging_mixin.py:149} INFO - [2024-09-03T11:55:30.776+0000] {dag.py:2726} INFO - Sync 1 DAGs
[2024-09-03T11:55:30.796+0000] {logging_mixin.py:149} INFO - [2024-09-03T11:55:30.795+0000] {dag.py:3486} INFO - Setting next_dagrun for example_short_circuit_operator to 2024-09-02T11:55:30.795761+00:00, run_after=2024-09-03T11:55:30.795761+00:00
[2024-09-03T11:55:30.826+0000] {processor.py:179} INFO - Processing /home/airflow-vm/data-engineer-batch-processing-financial-services/.venv/lib/python3.10/site-packages/airflow/example_dags/example_short_circuit_operator.py took 0.084 seconds
[2024-09-03T11:56:17.544+0000] {processor.py:157} INFO - Started process (PID=30060) to work on /home/airflow-vm/data-engineer-batch-processing-financial-services/.venv/lib/python3.10/site-packages/airflow/example_dags/example_short_circuit_operator.py
[2024-09-03T11:56:17.545+0000] {processor.py:826} INFO - Processing file /home/airflow-vm/data-engineer-batch-processing-financial-services/.venv/lib/python3.10/site-packages/airflow/example_dags/example_short_circuit_operator.py for tasks to queue
[2024-09-03T11:56:17.545+0000] {logging_mixin.py:149} INFO - [2024-09-03T11:56:17.545+0000] {dagbag.py:541} INFO - Filling up the DagBag from /home/airflow-vm/data-engineer-batch-processing-financial-services/.venv/lib/python3.10/site-packages/airflow/example_dags/example_short_circuit_operator.py
[2024-09-03T11:56:17.553+0000] {processor.py:836} INFO - DAG(s) dict_keys(['example_short_circuit_operator']) retrieved from /home/airflow-vm/data-engineer-batch-processing-financial-services/.venv/lib/python3.10/site-packages/airflow/example_dags/example_short_circuit_operator.py
[2024-09-03T11:56:17.575+0000] {logging_mixin.py:149} INFO - [2024-09-03T11:56:17.575+0000] {dag.py:2726} INFO - Sync 1 DAGs
[2024-09-03T11:56:17.595+0000] {logging_mixin.py:149} INFO - [2024-09-03T11:56:17.594+0000] {dag.py:3486} INFO - Setting next_dagrun for example_short_circuit_operator to 2024-09-02T11:56:17.594602+00:00, run_after=2024-09-03T11:56:17.594602+00:00
[2024-09-03T11:56:17.620+0000] {processor.py:179} INFO - Processing /home/airflow-vm/data-engineer-batch-processing-financial-services/.venv/lib/python3.10/site-packages/airflow/example_dags/example_short_circuit_operator.py took 0.078 seconds
