[2024-09-03T10:58:14.020+0000] {processor.py:157} INFO - Started process (PID=3490) to work on /home/airflow-vm/data-engineer-batch-processing-financial-services/.venv/lib/python3.10/site-packages/airflow/example_dags/example_skip_dag.py
[2024-09-03T10:58:14.021+0000] {processor.py:826} INFO - Processing file /home/airflow-vm/data-engineer-batch-processing-financial-services/.venv/lib/python3.10/site-packages/airflow/example_dags/example_skip_dag.py for tasks to queue
[2024-09-03T10:58:14.022+0000] {logging_mixin.py:149} INFO - [2024-09-03T10:58:14.022+0000] {dagbag.py:541} INFO - Filling up the DagBag from /home/airflow-vm/data-engineer-batch-processing-financial-services/.venv/lib/python3.10/site-packages/airflow/example_dags/example_skip_dag.py
[2024-09-03T10:58:14.031+0000] {processor.py:836} INFO - DAG(s) dict_keys(['example_skip_dag']) retrieved from /home/airflow-vm/data-engineer-batch-processing-financial-services/.venv/lib/python3.10/site-packages/airflow/example_dags/example_skip_dag.py
[2024-09-03T10:58:14.049+0000] {logging_mixin.py:149} INFO - [2024-09-03T10:58:14.048+0000] {dag.py:2726} INFO - Sync 1 DAGs
[2024-09-03T10:58:14.069+0000] {logging_mixin.py:149} INFO - [2024-09-03T10:58:14.069+0000] {dag.py:3486} INFO - Setting next_dagrun for example_skip_dag to 2024-09-02T10:58:14.069179+00:00, run_after=2024-09-03T10:58:14.069179+00:00
[2024-09-03T10:58:14.098+0000] {processor.py:179} INFO - Processing /home/airflow-vm/data-engineer-batch-processing-financial-services/.venv/lib/python3.10/site-packages/airflow/example_dags/example_skip_dag.py took 0.080 seconds
[2024-09-03T10:58:59.619+0000] {processor.py:157} INFO - Started process (PID=3808) to work on /home/airflow-vm/data-engineer-batch-processing-financial-services/.venv/lib/python3.10/site-packages/airflow/example_dags/example_skip_dag.py
[2024-09-03T10:58:59.620+0000] {processor.py:826} INFO - Processing file /home/airflow-vm/data-engineer-batch-processing-financial-services/.venv/lib/python3.10/site-packages/airflow/example_dags/example_skip_dag.py for tasks to queue
[2024-09-03T10:58:59.621+0000] {logging_mixin.py:149} INFO - [2024-09-03T10:58:59.620+0000] {dagbag.py:541} INFO - Filling up the DagBag from /home/airflow-vm/data-engineer-batch-processing-financial-services/.venv/lib/python3.10/site-packages/airflow/example_dags/example_skip_dag.py
[2024-09-03T10:58:59.627+0000] {processor.py:836} INFO - DAG(s) dict_keys(['example_skip_dag']) retrieved from /home/airflow-vm/data-engineer-batch-processing-financial-services/.venv/lib/python3.10/site-packages/airflow/example_dags/example_skip_dag.py
[2024-09-03T10:58:59.645+0000] {logging_mixin.py:149} INFO - [2024-09-03T10:58:59.645+0000] {dag.py:2726} INFO - Sync 1 DAGs
[2024-09-03T10:58:59.665+0000] {logging_mixin.py:149} INFO - [2024-09-03T10:58:59.665+0000] {dag.py:3486} INFO - Setting next_dagrun for example_skip_dag to 2024-09-02T10:58:59.665157+00:00, run_after=2024-09-03T10:58:59.665157+00:00
[2024-09-03T10:58:59.693+0000] {processor.py:179} INFO - Processing /home/airflow-vm/data-engineer-batch-processing-financial-services/.venv/lib/python3.10/site-packages/airflow/example_dags/example_skip_dag.py took 0.077 seconds
[2024-09-03T10:59:47.145+0000] {processor.py:157} INFO - Started process (PID=3915) to work on /home/airflow-vm/data-engineer-batch-processing-financial-services/.venv/lib/python3.10/site-packages/airflow/example_dags/example_skip_dag.py
[2024-09-03T10:59:47.146+0000] {processor.py:826} INFO - Processing file /home/airflow-vm/data-engineer-batch-processing-financial-services/.venv/lib/python3.10/site-packages/airflow/example_dags/example_skip_dag.py for tasks to queue
[2024-09-03T10:59:47.147+0000] {logging_mixin.py:149} INFO - [2024-09-03T10:59:47.147+0000] {dagbag.py:541} INFO - Filling up the DagBag from /home/airflow-vm/data-engineer-batch-processing-financial-services/.venv/lib/python3.10/site-packages/airflow/example_dags/example_skip_dag.py
[2024-09-03T10:59:47.155+0000] {processor.py:836} INFO - DAG(s) dict_keys(['example_skip_dag']) retrieved from /home/airflow-vm/data-engineer-batch-processing-financial-services/.venv/lib/python3.10/site-packages/airflow/example_dags/example_skip_dag.py
[2024-09-03T10:59:47.177+0000] {logging_mixin.py:149} INFO - [2024-09-03T10:59:47.177+0000] {dag.py:2726} INFO - Sync 1 DAGs
[2024-09-03T10:59:47.219+0000] {logging_mixin.py:149} INFO - [2024-09-03T10:59:47.218+0000] {dag.py:3486} INFO - Setting next_dagrun for example_skip_dag to 2024-09-02T10:59:47.218486+00:00, run_after=2024-09-03T10:59:47.218486+00:00
[2024-09-03T10:59:47.282+0000] {processor.py:179} INFO - Processing /home/airflow-vm/data-engineer-batch-processing-financial-services/.venv/lib/python3.10/site-packages/airflow/example_dags/example_skip_dag.py took 0.140 seconds
[2024-09-03T11:00:31.549+0000] {processor.py:157} INFO - Started process (PID=4346) to work on /home/airflow-vm/data-engineer-batch-processing-financial-services/.venv/lib/python3.10/site-packages/airflow/example_dags/example_skip_dag.py
[2024-09-03T11:00:31.550+0000] {processor.py:826} INFO - Processing file /home/airflow-vm/data-engineer-batch-processing-financial-services/.venv/lib/python3.10/site-packages/airflow/example_dags/example_skip_dag.py for tasks to queue
[2024-09-03T11:00:31.551+0000] {logging_mixin.py:149} INFO - [2024-09-03T11:00:31.551+0000] {dagbag.py:541} INFO - Filling up the DagBag from /home/airflow-vm/data-engineer-batch-processing-financial-services/.venv/lib/python3.10/site-packages/airflow/example_dags/example_skip_dag.py
[2024-09-03T11:00:31.558+0000] {processor.py:836} INFO - DAG(s) dict_keys(['example_skip_dag']) retrieved from /home/airflow-vm/data-engineer-batch-processing-financial-services/.venv/lib/python3.10/site-packages/airflow/example_dags/example_skip_dag.py
[2024-09-03T11:00:31.577+0000] {logging_mixin.py:149} INFO - [2024-09-03T11:00:31.577+0000] {dag.py:2726} INFO - Sync 1 DAGs
[2024-09-03T11:00:31.596+0000] {logging_mixin.py:149} INFO - [2024-09-03T11:00:31.596+0000] {dag.py:3486} INFO - Setting next_dagrun for example_skip_dag to 2024-09-02T11:00:31.596273+00:00, run_after=2024-09-03T11:00:31.596273+00:00
[2024-09-03T11:00:31.624+0000] {processor.py:179} INFO - Processing /home/airflow-vm/data-engineer-batch-processing-financial-services/.venv/lib/python3.10/site-packages/airflow/example_dags/example_skip_dag.py took 0.077 seconds
[2024-09-03T11:01:19.092+0000] {processor.py:157} INFO - Started process (PID=4681) to work on /home/airflow-vm/data-engineer-batch-processing-financial-services/.venv/lib/python3.10/site-packages/airflow/example_dags/example_skip_dag.py
[2024-09-03T11:01:19.092+0000] {processor.py:826} INFO - Processing file /home/airflow-vm/data-engineer-batch-processing-financial-services/.venv/lib/python3.10/site-packages/airflow/example_dags/example_skip_dag.py for tasks to queue
[2024-09-03T11:01:19.093+0000] {logging_mixin.py:149} INFO - [2024-09-03T11:01:19.093+0000] {dagbag.py:541} INFO - Filling up the DagBag from /home/airflow-vm/data-engineer-batch-processing-financial-services/.venv/lib/python3.10/site-packages/airflow/example_dags/example_skip_dag.py
[2024-09-03T11:01:19.099+0000] {processor.py:836} INFO - DAG(s) dict_keys(['example_skip_dag']) retrieved from /home/airflow-vm/data-engineer-batch-processing-financial-services/.venv/lib/python3.10/site-packages/airflow/example_dags/example_skip_dag.py
[2024-09-03T11:01:19.117+0000] {logging_mixin.py:149} INFO - [2024-09-03T11:01:19.117+0000] {dag.py:2726} INFO - Sync 1 DAGs
[2024-09-03T11:01:19.136+0000] {logging_mixin.py:149} INFO - [2024-09-03T11:01:19.136+0000] {dag.py:3486} INFO - Setting next_dagrun for example_skip_dag to 2024-09-02T11:01:19.135936+00:00, run_after=2024-09-03T11:01:19.135936+00:00
[2024-09-03T11:01:19.164+0000] {processor.py:179} INFO - Processing /home/airflow-vm/data-engineer-batch-processing-financial-services/.venv/lib/python3.10/site-packages/airflow/example_dags/example_skip_dag.py took 0.075 seconds
[2024-09-03T11:02:05.396+0000] {processor.py:157} INFO - Started process (PID=4796) to work on /home/airflow-vm/data-engineer-batch-processing-financial-services/.venv/lib/python3.10/site-packages/airflow/example_dags/example_skip_dag.py
[2024-09-03T11:02:05.396+0000] {processor.py:826} INFO - Processing file /home/airflow-vm/data-engineer-batch-processing-financial-services/.venv/lib/python3.10/site-packages/airflow/example_dags/example_skip_dag.py for tasks to queue
[2024-09-03T11:02:05.397+0000] {logging_mixin.py:149} INFO - [2024-09-03T11:02:05.397+0000] {dagbag.py:541} INFO - Filling up the DagBag from /home/airflow-vm/data-engineer-batch-processing-financial-services/.venv/lib/python3.10/site-packages/airflow/example_dags/example_skip_dag.py
[2024-09-03T11:02:05.403+0000] {processor.py:836} INFO - DAG(s) dict_keys(['example_skip_dag']) retrieved from /home/airflow-vm/data-engineer-batch-processing-financial-services/.venv/lib/python3.10/site-packages/airflow/example_dags/example_skip_dag.py
[2024-09-03T11:02:05.422+0000] {logging_mixin.py:149} INFO - [2024-09-03T11:02:05.422+0000] {dag.py:2726} INFO - Sync 1 DAGs
[2024-09-03T11:02:05.440+0000] {logging_mixin.py:149} INFO - [2024-09-03T11:02:05.440+0000] {dag.py:3486} INFO - Setting next_dagrun for example_skip_dag to 2024-09-02T11:02:05.440513+00:00, run_after=2024-09-03T11:02:05.440513+00:00
[2024-09-03T11:02:05.469+0000] {processor.py:179} INFO - Processing /home/airflow-vm/data-engineer-batch-processing-financial-services/.venv/lib/python3.10/site-packages/airflow/example_dags/example_skip_dag.py took 0.076 seconds
[2024-09-03T11:02:53.233+0000] {processor.py:157} INFO - Started process (PID=4956) to work on /home/airflow-vm/data-engineer-batch-processing-financial-services/.venv/lib/python3.10/site-packages/airflow/example_dags/example_skip_dag.py
[2024-09-03T11:02:53.234+0000] {processor.py:826} INFO - Processing file /home/airflow-vm/data-engineer-batch-processing-financial-services/.venv/lib/python3.10/site-packages/airflow/example_dags/example_skip_dag.py for tasks to queue
[2024-09-03T11:02:53.235+0000] {logging_mixin.py:149} INFO - [2024-09-03T11:02:53.234+0000] {dagbag.py:541} INFO - Filling up the DagBag from /home/airflow-vm/data-engineer-batch-processing-financial-services/.venv/lib/python3.10/site-packages/airflow/example_dags/example_skip_dag.py
[2024-09-03T11:02:53.241+0000] {processor.py:836} INFO - DAG(s) dict_keys(['example_skip_dag']) retrieved from /home/airflow-vm/data-engineer-batch-processing-financial-services/.venv/lib/python3.10/site-packages/airflow/example_dags/example_skip_dag.py
[2024-09-03T11:02:53.260+0000] {logging_mixin.py:149} INFO - [2024-09-03T11:02:53.260+0000] {dag.py:2726} INFO - Sync 1 DAGs
[2024-09-03T11:02:53.281+0000] {logging_mixin.py:149} INFO - [2024-09-03T11:02:53.281+0000] {dag.py:3486} INFO - Setting next_dagrun for example_skip_dag to 2024-09-02T11:02:53.281513+00:00, run_after=2024-09-03T11:02:53.281513+00:00
[2024-09-03T11:02:53.316+0000] {processor.py:179} INFO - Processing /home/airflow-vm/data-engineer-batch-processing-financial-services/.venv/lib/python3.10/site-packages/airflow/example_dags/example_skip_dag.py took 0.085 seconds
[2024-09-03T11:05:01.172+0000] {processor.py:157} INFO - Started process (PID=6293) to work on /home/airflow-vm/data-engineer-batch-processing-financial-services/.venv/lib/python3.10/site-packages/airflow/example_dags/example_skip_dag.py
[2024-09-03T11:05:01.173+0000] {processor.py:826} INFO - Processing file /home/airflow-vm/data-engineer-batch-processing-financial-services/.venv/lib/python3.10/site-packages/airflow/example_dags/example_skip_dag.py for tasks to queue
[2024-09-03T11:05:01.173+0000] {logging_mixin.py:149} INFO - [2024-09-03T11:05:01.173+0000] {dagbag.py:541} INFO - Filling up the DagBag from /home/airflow-vm/data-engineer-batch-processing-financial-services/.venv/lib/python3.10/site-packages/airflow/example_dags/example_skip_dag.py
[2024-09-03T11:05:01.180+0000] {processor.py:836} INFO - DAG(s) dict_keys(['example_skip_dag']) retrieved from /home/airflow-vm/data-engineer-batch-processing-financial-services/.venv/lib/python3.10/site-packages/airflow/example_dags/example_skip_dag.py
[2024-09-03T11:05:01.198+0000] {logging_mixin.py:149} INFO - [2024-09-03T11:05:01.198+0000] {dag.py:2726} INFO - Sync 1 DAGs
[2024-09-03T11:05:01.218+0000] {logging_mixin.py:149} INFO - [2024-09-03T11:05:01.218+0000] {dag.py:3486} INFO - Setting next_dagrun for example_skip_dag to 2024-09-02T11:05:01.218485+00:00, run_after=2024-09-03T11:05:01.218485+00:00
[2024-09-03T11:05:01.246+0000] {processor.py:179} INFO - Processing /home/airflow-vm/data-engineer-batch-processing-financial-services/.venv/lib/python3.10/site-packages/airflow/example_dags/example_skip_dag.py took 0.077 seconds
[2024-09-03T11:07:25.994+0000] {processor.py:157} INFO - Started process (PID=7321) to work on /home/airflow-vm/data-engineer-batch-processing-financial-services/.venv/lib/python3.10/site-packages/airflow/example_dags/example_skip_dag.py
[2024-09-03T11:07:25.995+0000] {processor.py:826} INFO - Processing file /home/airflow-vm/data-engineer-batch-processing-financial-services/.venv/lib/python3.10/site-packages/airflow/example_dags/example_skip_dag.py for tasks to queue
[2024-09-03T11:07:25.996+0000] {logging_mixin.py:149} INFO - [2024-09-03T11:07:25.995+0000] {dagbag.py:541} INFO - Filling up the DagBag from /home/airflow-vm/data-engineer-batch-processing-financial-services/.venv/lib/python3.10/site-packages/airflow/example_dags/example_skip_dag.py
[2024-09-03T11:07:26.002+0000] {processor.py:836} INFO - DAG(s) dict_keys(['example_skip_dag']) retrieved from /home/airflow-vm/data-engineer-batch-processing-financial-services/.venv/lib/python3.10/site-packages/airflow/example_dags/example_skip_dag.py
[2024-09-03T11:07:26.021+0000] {logging_mixin.py:149} INFO - [2024-09-03T11:07:26.020+0000] {dag.py:2726} INFO - Sync 1 DAGs
[2024-09-03T11:07:26.039+0000] {logging_mixin.py:149} INFO - [2024-09-03T11:07:26.039+0000] {dag.py:3486} INFO - Setting next_dagrun for example_skip_dag to 2024-09-02T11:07:26.039267+00:00, run_after=2024-09-03T11:07:26.039267+00:00
[2024-09-03T11:07:26.068+0000] {processor.py:179} INFO - Processing /home/airflow-vm/data-engineer-batch-processing-financial-services/.venv/lib/python3.10/site-packages/airflow/example_dags/example_skip_dag.py took 0.076 seconds
[2024-09-03T11:09:27.392+0000] {processor.py:157} INFO - Started process (PID=8153) to work on /home/airflow-vm/data-engineer-batch-processing-financial-services/.venv/lib/python3.10/site-packages/airflow/example_dags/example_skip_dag.py
[2024-09-03T11:09:27.392+0000] {processor.py:826} INFO - Processing file /home/airflow-vm/data-engineer-batch-processing-financial-services/.venv/lib/python3.10/site-packages/airflow/example_dags/example_skip_dag.py for tasks to queue
[2024-09-03T11:09:27.393+0000] {logging_mixin.py:149} INFO - [2024-09-03T11:09:27.393+0000] {dagbag.py:541} INFO - Filling up the DagBag from /home/airflow-vm/data-engineer-batch-processing-financial-services/.venv/lib/python3.10/site-packages/airflow/example_dags/example_skip_dag.py
[2024-09-03T11:09:27.400+0000] {processor.py:836} INFO - DAG(s) dict_keys(['example_skip_dag']) retrieved from /home/airflow-vm/data-engineer-batch-processing-financial-services/.venv/lib/python3.10/site-packages/airflow/example_dags/example_skip_dag.py
[2024-09-03T11:09:27.420+0000] {logging_mixin.py:149} INFO - [2024-09-03T11:09:27.420+0000] {dag.py:2726} INFO - Sync 1 DAGs
[2024-09-03T11:09:27.442+0000] {logging_mixin.py:149} INFO - [2024-09-03T11:09:27.442+0000] {dag.py:3486} INFO - Setting next_dagrun for example_skip_dag to 2024-09-02T11:09:27.442006+00:00, run_after=2024-09-03T11:09:27.442006+00:00
[2024-09-03T11:09:27.472+0000] {processor.py:179} INFO - Processing /home/airflow-vm/data-engineer-batch-processing-financial-services/.venv/lib/python3.10/site-packages/airflow/example_dags/example_skip_dag.py took 0.084 seconds
[2024-09-03T11:11:34.369+0000] {processor.py:157} INFO - Started process (PID=9038) to work on /home/airflow-vm/data-engineer-batch-processing-financial-services/.venv/lib/python3.10/site-packages/airflow/example_dags/example_skip_dag.py
[2024-09-03T11:11:34.370+0000] {processor.py:826} INFO - Processing file /home/airflow-vm/data-engineer-batch-processing-financial-services/.venv/lib/python3.10/site-packages/airflow/example_dags/example_skip_dag.py for tasks to queue
[2024-09-03T11:11:34.371+0000] {logging_mixin.py:149} INFO - [2024-09-03T11:11:34.371+0000] {dagbag.py:541} INFO - Filling up the DagBag from /home/airflow-vm/data-engineer-batch-processing-financial-services/.venv/lib/python3.10/site-packages/airflow/example_dags/example_skip_dag.py
[2024-09-03T11:11:34.378+0000] {processor.py:836} INFO - DAG(s) dict_keys(['example_skip_dag']) retrieved from /home/airflow-vm/data-engineer-batch-processing-financial-services/.venv/lib/python3.10/site-packages/airflow/example_dags/example_skip_dag.py
[2024-09-03T11:11:34.396+0000] {logging_mixin.py:149} INFO - [2024-09-03T11:11:34.396+0000] {dag.py:2726} INFO - Sync 1 DAGs
[2024-09-03T11:11:34.416+0000] {logging_mixin.py:149} INFO - [2024-09-03T11:11:34.416+0000] {dag.py:3486} INFO - Setting next_dagrun for example_skip_dag to 2024-09-02T11:11:34.415845+00:00, run_after=2024-09-03T11:11:34.415845+00:00
[2024-09-03T11:11:34.444+0000] {processor.py:179} INFO - Processing /home/airflow-vm/data-engineer-batch-processing-financial-services/.venv/lib/python3.10/site-packages/airflow/example_dags/example_skip_dag.py took 0.077 seconds
[2024-09-03T11:13:42.696+0000] {processor.py:157} INFO - Started process (PID=9933) to work on /home/airflow-vm/data-engineer-batch-processing-financial-services/.venv/lib/python3.10/site-packages/airflow/example_dags/example_skip_dag.py
[2024-09-03T11:13:42.697+0000] {processor.py:826} INFO - Processing file /home/airflow-vm/data-engineer-batch-processing-financial-services/.venv/lib/python3.10/site-packages/airflow/example_dags/example_skip_dag.py for tasks to queue
[2024-09-03T11:13:42.697+0000] {logging_mixin.py:149} INFO - [2024-09-03T11:13:42.697+0000] {dagbag.py:541} INFO - Filling up the DagBag from /home/airflow-vm/data-engineer-batch-processing-financial-services/.venv/lib/python3.10/site-packages/airflow/example_dags/example_skip_dag.py
[2024-09-03T11:13:42.704+0000] {processor.py:836} INFO - DAG(s) dict_keys(['example_skip_dag']) retrieved from /home/airflow-vm/data-engineer-batch-processing-financial-services/.venv/lib/python3.10/site-packages/airflow/example_dags/example_skip_dag.py
[2024-09-03T11:13:42.722+0000] {logging_mixin.py:149} INFO - [2024-09-03T11:13:42.722+0000] {dag.py:2726} INFO - Sync 1 DAGs
[2024-09-03T11:13:42.742+0000] {logging_mixin.py:149} INFO - [2024-09-03T11:13:42.742+0000] {dag.py:3486} INFO - Setting next_dagrun for example_skip_dag to 2024-09-02T11:13:42.742234+00:00, run_after=2024-09-03T11:13:42.742234+00:00
[2024-09-03T11:13:42.772+0000] {processor.py:179} INFO - Processing /home/airflow-vm/data-engineer-batch-processing-financial-services/.venv/lib/python3.10/site-packages/airflow/example_dags/example_skip_dag.py took 0.079 seconds
[2024-09-03T11:15:50.561+0000] {processor.py:157} INFO - Started process (PID=11073) to work on /home/airflow-vm/data-engineer-batch-processing-financial-services/.venv/lib/python3.10/site-packages/airflow/example_dags/example_skip_dag.py
[2024-09-03T11:15:50.562+0000] {processor.py:826} INFO - Processing file /home/airflow-vm/data-engineer-batch-processing-financial-services/.venv/lib/python3.10/site-packages/airflow/example_dags/example_skip_dag.py for tasks to queue
[2024-09-03T11:15:50.563+0000] {logging_mixin.py:149} INFO - [2024-09-03T11:15:50.563+0000] {dagbag.py:541} INFO - Filling up the DagBag from /home/airflow-vm/data-engineer-batch-processing-financial-services/.venv/lib/python3.10/site-packages/airflow/example_dags/example_skip_dag.py
[2024-09-03T11:15:50.570+0000] {processor.py:836} INFO - DAG(s) dict_keys(['example_skip_dag']) retrieved from /home/airflow-vm/data-engineer-batch-processing-financial-services/.venv/lib/python3.10/site-packages/airflow/example_dags/example_skip_dag.py
[2024-09-03T11:15:50.589+0000] {logging_mixin.py:149} INFO - [2024-09-03T11:15:50.589+0000] {dag.py:2726} INFO - Sync 1 DAGs
[2024-09-03T11:15:50.609+0000] {logging_mixin.py:149} INFO - [2024-09-03T11:15:50.608+0000] {dag.py:3486} INFO - Setting next_dagrun for example_skip_dag to 2024-09-02T11:15:50.608691+00:00, run_after=2024-09-03T11:15:50.608691+00:00
[2024-09-03T11:15:50.636+0000] {processor.py:179} INFO - Processing /home/airflow-vm/data-engineer-batch-processing-financial-services/.venv/lib/python3.10/site-packages/airflow/example_dags/example_skip_dag.py took 0.077 seconds
[2024-09-03T11:18:10.335+0000] {processor.py:157} INFO - Started process (PID=12222) to work on /home/airflow-vm/data-engineer-batch-processing-financial-services/.venv/lib/python3.10/site-packages/airflow/example_dags/example_skip_dag.py
[2024-09-03T11:18:10.336+0000] {processor.py:826} INFO - Processing file /home/airflow-vm/data-engineer-batch-processing-financial-services/.venv/lib/python3.10/site-packages/airflow/example_dags/example_skip_dag.py for tasks to queue
[2024-09-03T11:18:10.337+0000] {logging_mixin.py:149} INFO - [2024-09-03T11:18:10.336+0000] {dagbag.py:541} INFO - Filling up the DagBag from /home/airflow-vm/data-engineer-batch-processing-financial-services/.venv/lib/python3.10/site-packages/airflow/example_dags/example_skip_dag.py
[2024-09-03T11:18:10.343+0000] {processor.py:836} INFO - DAG(s) dict_keys(['example_skip_dag']) retrieved from /home/airflow-vm/data-engineer-batch-processing-financial-services/.venv/lib/python3.10/site-packages/airflow/example_dags/example_skip_dag.py
[2024-09-03T11:18:10.362+0000] {logging_mixin.py:149} INFO - [2024-09-03T11:18:10.361+0000] {dag.py:2726} INFO - Sync 1 DAGs
[2024-09-03T11:18:10.384+0000] {logging_mixin.py:149} INFO - [2024-09-03T11:18:10.384+0000] {dag.py:3486} INFO - Setting next_dagrun for example_skip_dag to 2024-09-02T11:18:10.384129+00:00, run_after=2024-09-03T11:18:10.384129+00:00
[2024-09-03T11:18:10.417+0000] {processor.py:179} INFO - Processing /home/airflow-vm/data-engineer-batch-processing-financial-services/.venv/lib/python3.10/site-packages/airflow/example_dags/example_skip_dag.py took 0.084 seconds
[2024-09-03T11:20:50.149+0000] {processor.py:157} INFO - Started process (PID=13714) to work on /home/airflow-vm/data-engineer-batch-processing-financial-services/.venv/lib/python3.10/site-packages/airflow/example_dags/example_skip_dag.py
[2024-09-03T11:20:50.150+0000] {processor.py:826} INFO - Processing file /home/airflow-vm/data-engineer-batch-processing-financial-services/.venv/lib/python3.10/site-packages/airflow/example_dags/example_skip_dag.py for tasks to queue
[2024-09-03T11:20:50.150+0000] {logging_mixin.py:149} INFO - [2024-09-03T11:20:50.150+0000] {dagbag.py:541} INFO - Filling up the DagBag from /home/airflow-vm/data-engineer-batch-processing-financial-services/.venv/lib/python3.10/site-packages/airflow/example_dags/example_skip_dag.py
[2024-09-03T11:20:50.157+0000] {processor.py:836} INFO - DAG(s) dict_keys(['example_skip_dag']) retrieved from /home/airflow-vm/data-engineer-batch-processing-financial-services/.venv/lib/python3.10/site-packages/airflow/example_dags/example_skip_dag.py
[2024-09-03T11:20:50.177+0000] {logging_mixin.py:149} INFO - [2024-09-03T11:20:50.177+0000] {dag.py:2726} INFO - Sync 1 DAGs
[2024-09-03T11:20:50.196+0000] {logging_mixin.py:149} INFO - [2024-09-03T11:20:50.196+0000] {dag.py:3486} INFO - Setting next_dagrun for example_skip_dag to 2024-09-02T11:20:50.196546+00:00, run_after=2024-09-03T11:20:50.196546+00:00
[2024-09-03T11:20:50.233+0000] {processor.py:179} INFO - Processing /home/airflow-vm/data-engineer-batch-processing-financial-services/.venv/lib/python3.10/site-packages/airflow/example_dags/example_skip_dag.py took 0.087 seconds
[2024-09-03T11:23:50.026+0000] {processor.py:157} INFO - Started process (PID=15166) to work on /home/airflow-vm/data-engineer-batch-processing-financial-services/.venv/lib/python3.10/site-packages/airflow/example_dags/example_skip_dag.py
[2024-09-03T11:23:50.027+0000] {processor.py:826} INFO - Processing file /home/airflow-vm/data-engineer-batch-processing-financial-services/.venv/lib/python3.10/site-packages/airflow/example_dags/example_skip_dag.py for tasks to queue
[2024-09-03T11:23:50.028+0000] {logging_mixin.py:149} INFO - [2024-09-03T11:23:50.028+0000] {dagbag.py:541} INFO - Filling up the DagBag from /home/airflow-vm/data-engineer-batch-processing-financial-services/.venv/lib/python3.10/site-packages/airflow/example_dags/example_skip_dag.py
[2024-09-03T11:23:50.035+0000] {processor.py:836} INFO - DAG(s) dict_keys(['example_skip_dag']) retrieved from /home/airflow-vm/data-engineer-batch-processing-financial-services/.venv/lib/python3.10/site-packages/airflow/example_dags/example_skip_dag.py
[2024-09-03T11:23:50.054+0000] {logging_mixin.py:149} INFO - [2024-09-03T11:23:50.054+0000] {dag.py:2726} INFO - Sync 1 DAGs
[2024-09-03T11:23:50.077+0000] {logging_mixin.py:149} INFO - [2024-09-03T11:23:50.077+0000] {dag.py:3486} INFO - Setting next_dagrun for example_skip_dag to 2024-09-02T11:23:50.076943+00:00, run_after=2024-09-03T11:23:50.076943+00:00
[2024-09-03T11:23:50.109+0000] {processor.py:179} INFO - Processing /home/airflow-vm/data-engineer-batch-processing-financial-services/.venv/lib/python3.10/site-packages/airflow/example_dags/example_skip_dag.py took 0.085 seconds
[2024-09-03T11:26:36.809+0000] {processor.py:157} INFO - Started process (PID=16310) to work on /home/airflow-vm/data-engineer-batch-processing-financial-services/.venv/lib/python3.10/site-packages/airflow/example_dags/example_skip_dag.py
[2024-09-03T11:26:36.810+0000] {processor.py:826} INFO - Processing file /home/airflow-vm/data-engineer-batch-processing-financial-services/.venv/lib/python3.10/site-packages/airflow/example_dags/example_skip_dag.py for tasks to queue
[2024-09-03T11:26:36.810+0000] {logging_mixin.py:149} INFO - [2024-09-03T11:26:36.810+0000] {dagbag.py:541} INFO - Filling up the DagBag from /home/airflow-vm/data-engineer-batch-processing-financial-services/.venv/lib/python3.10/site-packages/airflow/example_dags/example_skip_dag.py
[2024-09-03T11:26:36.817+0000] {processor.py:836} INFO - DAG(s) dict_keys(['example_skip_dag']) retrieved from /home/airflow-vm/data-engineer-batch-processing-financial-services/.venv/lib/python3.10/site-packages/airflow/example_dags/example_skip_dag.py
[2024-09-03T11:26:36.837+0000] {logging_mixin.py:149} INFO - [2024-09-03T11:26:36.836+0000] {dag.py:2726} INFO - Sync 1 DAGs
[2024-09-03T11:26:36.857+0000] {logging_mixin.py:149} INFO - [2024-09-03T11:26:36.857+0000] {dag.py:3486} INFO - Setting next_dagrun for example_skip_dag to 2024-09-02T11:26:36.857398+00:00, run_after=2024-09-03T11:26:36.857398+00:00
[2024-09-03T11:26:36.901+0000] {processor.py:179} INFO - Processing /home/airflow-vm/data-engineer-batch-processing-financial-services/.venv/lib/python3.10/site-packages/airflow/example_dags/example_skip_dag.py took 0.095 seconds
[2024-09-03T11:29:54.154+0000] {processor.py:157} INFO - Started process (PID=17967) to work on /home/airflow-vm/data-engineer-batch-processing-financial-services/.venv/lib/python3.10/site-packages/airflow/example_dags/example_skip_dag.py
[2024-09-03T11:29:54.155+0000] {processor.py:826} INFO - Processing file /home/airflow-vm/data-engineer-batch-processing-financial-services/.venv/lib/python3.10/site-packages/airflow/example_dags/example_skip_dag.py for tasks to queue
[2024-09-03T11:29:54.155+0000] {logging_mixin.py:149} INFO - [2024-09-03T11:29:54.155+0000] {dagbag.py:541} INFO - Filling up the DagBag from /home/airflow-vm/data-engineer-batch-processing-financial-services/.venv/lib/python3.10/site-packages/airflow/example_dags/example_skip_dag.py
[2024-09-03T11:29:54.162+0000] {processor.py:836} INFO - DAG(s) dict_keys(['example_skip_dag']) retrieved from /home/airflow-vm/data-engineer-batch-processing-financial-services/.venv/lib/python3.10/site-packages/airflow/example_dags/example_skip_dag.py
[2024-09-03T11:29:54.181+0000] {logging_mixin.py:149} INFO - [2024-09-03T11:29:54.181+0000] {dag.py:2726} INFO - Sync 1 DAGs
[2024-09-03T11:29:54.203+0000] {logging_mixin.py:149} INFO - [2024-09-03T11:29:54.203+0000] {dag.py:3486} INFO - Setting next_dagrun for example_skip_dag to 2024-09-02T11:29:54.202840+00:00, run_after=2024-09-03T11:29:54.202840+00:00
[2024-09-03T11:29:54.232+0000] {processor.py:179} INFO - Processing /home/airflow-vm/data-engineer-batch-processing-financial-services/.venv/lib/python3.10/site-packages/airflow/example_dags/example_skip_dag.py took 0.081 seconds
[2024-09-03T11:33:53.667+0000] {processor.py:157} INFO - Started process (PID=20234) to work on /home/airflow-vm/data-engineer-batch-processing-financial-services/.venv/lib/python3.10/site-packages/airflow/example_dags/example_skip_dag.py
[2024-09-03T11:33:53.668+0000] {processor.py:826} INFO - Processing file /home/airflow-vm/data-engineer-batch-processing-financial-services/.venv/lib/python3.10/site-packages/airflow/example_dags/example_skip_dag.py for tasks to queue
[2024-09-03T11:33:53.668+0000] {logging_mixin.py:149} INFO - [2024-09-03T11:33:53.668+0000] {dagbag.py:541} INFO - Filling up the DagBag from /home/airflow-vm/data-engineer-batch-processing-financial-services/.venv/lib/python3.10/site-packages/airflow/example_dags/example_skip_dag.py
[2024-09-03T11:33:53.676+0000] {processor.py:836} INFO - DAG(s) dict_keys(['example_skip_dag']) retrieved from /home/airflow-vm/data-engineer-batch-processing-financial-services/.venv/lib/python3.10/site-packages/airflow/example_dags/example_skip_dag.py
[2024-09-03T11:33:53.696+0000] {logging_mixin.py:149} INFO - [2024-09-03T11:33:53.696+0000] {dag.py:2726} INFO - Sync 1 DAGs
[2024-09-03T11:33:53.716+0000] {logging_mixin.py:149} INFO - [2024-09-03T11:33:53.716+0000] {dag.py:3486} INFO - Setting next_dagrun for example_skip_dag to 2024-09-02T11:33:53.716279+00:00, run_after=2024-09-03T11:33:53.716279+00:00
[2024-09-03T11:33:53.745+0000] {processor.py:179} INFO - Processing /home/airflow-vm/data-engineer-batch-processing-financial-services/.venv/lib/python3.10/site-packages/airflow/example_dags/example_skip_dag.py took 0.082 seconds
[2024-09-03T11:37:15.135+0000] {processor.py:157} INFO - Started process (PID=22559) to work on /home/airflow-vm/data-engineer-batch-processing-financial-services/.venv/lib/python3.10/site-packages/airflow/example_dags/example_skip_dag.py
[2024-09-03T11:37:15.136+0000] {processor.py:826} INFO - Processing file /home/airflow-vm/data-engineer-batch-processing-financial-services/.venv/lib/python3.10/site-packages/airflow/example_dags/example_skip_dag.py for tasks to queue
[2024-09-03T11:37:15.137+0000] {logging_mixin.py:149} INFO - [2024-09-03T11:37:15.137+0000] {dagbag.py:541} INFO - Filling up the DagBag from /home/airflow-vm/data-engineer-batch-processing-financial-services/.venv/lib/python3.10/site-packages/airflow/example_dags/example_skip_dag.py
[2024-09-03T11:37:15.144+0000] {processor.py:836} INFO - DAG(s) dict_keys(['example_skip_dag']) retrieved from /home/airflow-vm/data-engineer-batch-processing-financial-services/.venv/lib/python3.10/site-packages/airflow/example_dags/example_skip_dag.py
[2024-09-03T11:37:15.164+0000] {logging_mixin.py:149} INFO - [2024-09-03T11:37:15.164+0000] {dag.py:2726} INFO - Sync 1 DAGs
[2024-09-03T11:37:15.186+0000] {logging_mixin.py:149} INFO - [2024-09-03T11:37:15.186+0000] {dag.py:3486} INFO - Setting next_dagrun for example_skip_dag to 2024-09-02T11:37:15.186511+00:00, run_after=2024-09-03T11:37:15.186511+00:00
[2024-09-03T11:37:15.217+0000] {processor.py:179} INFO - Processing /home/airflow-vm/data-engineer-batch-processing-financial-services/.venv/lib/python3.10/site-packages/airflow/example_dags/example_skip_dag.py took 0.085 seconds
[2024-09-03T11:38:02.899+0000] {processor.py:157} INFO - Started process (PID=22756) to work on /home/airflow-vm/data-engineer-batch-processing-financial-services/.venv/lib/python3.10/site-packages/airflow/example_dags/example_skip_dag.py
[2024-09-03T11:38:02.900+0000] {processor.py:826} INFO - Processing file /home/airflow-vm/data-engineer-batch-processing-financial-services/.venv/lib/python3.10/site-packages/airflow/example_dags/example_skip_dag.py for tasks to queue
[2024-09-03T11:38:02.901+0000] {logging_mixin.py:149} INFO - [2024-09-03T11:38:02.901+0000] {dagbag.py:541} INFO - Filling up the DagBag from /home/airflow-vm/data-engineer-batch-processing-financial-services/.venv/lib/python3.10/site-packages/airflow/example_dags/example_skip_dag.py
[2024-09-03T11:38:02.907+0000] {processor.py:836} INFO - DAG(s) dict_keys(['example_skip_dag']) retrieved from /home/airflow-vm/data-engineer-batch-processing-financial-services/.venv/lib/python3.10/site-packages/airflow/example_dags/example_skip_dag.py
[2024-09-03T11:38:02.926+0000] {logging_mixin.py:149} INFO - [2024-09-03T11:38:02.926+0000] {dag.py:2726} INFO - Sync 1 DAGs
[2024-09-03T11:38:02.947+0000] {logging_mixin.py:149} INFO - [2024-09-03T11:38:02.946+0000] {dag.py:3486} INFO - Setting next_dagrun for example_skip_dag to 2024-09-02T11:38:02.946603+00:00, run_after=2024-09-03T11:38:02.946603+00:00
[2024-09-03T11:38:02.977+0000] {processor.py:179} INFO - Processing /home/airflow-vm/data-engineer-batch-processing-financial-services/.venv/lib/python3.10/site-packages/airflow/example_dags/example_skip_dag.py took 0.080 seconds
[2024-09-03T11:38:52.866+0000] {processor.py:157} INFO - Started process (PID=22983) to work on /home/airflow-vm/data-engineer-batch-processing-financial-services/.venv/lib/python3.10/site-packages/airflow/example_dags/example_skip_dag.py
[2024-09-03T11:38:52.867+0000] {processor.py:826} INFO - Processing file /home/airflow-vm/data-engineer-batch-processing-financial-services/.venv/lib/python3.10/site-packages/airflow/example_dags/example_skip_dag.py for tasks to queue
[2024-09-03T11:38:52.868+0000] {logging_mixin.py:149} INFO - [2024-09-03T11:38:52.867+0000] {dagbag.py:541} INFO - Filling up the DagBag from /home/airflow-vm/data-engineer-batch-processing-financial-services/.venv/lib/python3.10/site-packages/airflow/example_dags/example_skip_dag.py
[2024-09-03T11:38:52.875+0000] {processor.py:836} INFO - DAG(s) dict_keys(['example_skip_dag']) retrieved from /home/airflow-vm/data-engineer-batch-processing-financial-services/.venv/lib/python3.10/site-packages/airflow/example_dags/example_skip_dag.py
[2024-09-03T11:38:52.895+0000] {logging_mixin.py:149} INFO - [2024-09-03T11:38:52.895+0000] {dag.py:2726} INFO - Sync 1 DAGs
[2024-09-03T11:38:52.915+0000] {logging_mixin.py:149} INFO - [2024-09-03T11:38:52.915+0000] {dag.py:3486} INFO - Setting next_dagrun for example_skip_dag to 2024-09-02T11:38:52.915308+00:00, run_after=2024-09-03T11:38:52.915308+00:00
[2024-09-03T11:38:52.947+0000] {processor.py:179} INFO - Processing /home/airflow-vm/data-engineer-batch-processing-financial-services/.venv/lib/python3.10/site-packages/airflow/example_dags/example_skip_dag.py took 0.084 seconds
[2024-09-03T11:39:38.369+0000] {processor.py:157} INFO - Started process (PID=23219) to work on /home/airflow-vm/data-engineer-batch-processing-financial-services/.venv/lib/python3.10/site-packages/airflow/example_dags/example_skip_dag.py
[2024-09-03T11:39:38.370+0000] {processor.py:826} INFO - Processing file /home/airflow-vm/data-engineer-batch-processing-financial-services/.venv/lib/python3.10/site-packages/airflow/example_dags/example_skip_dag.py for tasks to queue
[2024-09-03T11:39:38.370+0000] {logging_mixin.py:149} INFO - [2024-09-03T11:39:38.370+0000] {dagbag.py:541} INFO - Filling up the DagBag from /home/airflow-vm/data-engineer-batch-processing-financial-services/.venv/lib/python3.10/site-packages/airflow/example_dags/example_skip_dag.py
[2024-09-03T11:39:38.378+0000] {processor.py:836} INFO - DAG(s) dict_keys(['example_skip_dag']) retrieved from /home/airflow-vm/data-engineer-batch-processing-financial-services/.venv/lib/python3.10/site-packages/airflow/example_dags/example_skip_dag.py
[2024-09-03T11:39:38.398+0000] {logging_mixin.py:149} INFO - [2024-09-03T11:39:38.398+0000] {dag.py:2726} INFO - Sync 1 DAGs
[2024-09-03T11:39:38.419+0000] {logging_mixin.py:149} INFO - [2024-09-03T11:39:38.419+0000] {dag.py:3486} INFO - Setting next_dagrun for example_skip_dag to 2024-09-02T11:39:38.419017+00:00, run_after=2024-09-03T11:39:38.419017+00:00
[2024-09-03T11:39:38.450+0000] {processor.py:179} INFO - Processing /home/airflow-vm/data-engineer-batch-processing-financial-services/.venv/lib/python3.10/site-packages/airflow/example_dags/example_skip_dag.py took 0.084 seconds
[2024-09-03T11:43:34.467+0000] {processor.py:157} INFO - Started process (PID=25754) to work on /home/airflow-vm/data-engineer-batch-processing-financial-services/.venv/lib/python3.10/site-packages/airflow/example_dags/example_skip_dag.py
[2024-09-03T11:43:34.468+0000] {processor.py:826} INFO - Processing file /home/airflow-vm/data-engineer-batch-processing-financial-services/.venv/lib/python3.10/site-packages/airflow/example_dags/example_skip_dag.py for tasks to queue
[2024-09-03T11:43:34.468+0000] {logging_mixin.py:149} INFO - [2024-09-03T11:43:34.468+0000] {dagbag.py:541} INFO - Filling up the DagBag from /home/airflow-vm/data-engineer-batch-processing-financial-services/.venv/lib/python3.10/site-packages/airflow/example_dags/example_skip_dag.py
[2024-09-03T11:43:34.475+0000] {processor.py:836} INFO - DAG(s) dict_keys(['example_skip_dag']) retrieved from /home/airflow-vm/data-engineer-batch-processing-financial-services/.venv/lib/python3.10/site-packages/airflow/example_dags/example_skip_dag.py
[2024-09-03T11:43:34.494+0000] {logging_mixin.py:149} INFO - [2024-09-03T11:43:34.494+0000] {dag.py:2726} INFO - Sync 1 DAGs
[2024-09-03T11:43:34.513+0000] {logging_mixin.py:149} INFO - [2024-09-03T11:43:34.513+0000] {dag.py:3486} INFO - Setting next_dagrun for example_skip_dag to 2024-09-02T11:43:34.512937+00:00, run_after=2024-09-03T11:43:34.512937+00:00
[2024-09-03T11:43:34.541+0000] {processor.py:179} INFO - Processing /home/airflow-vm/data-engineer-batch-processing-financial-services/.venv/lib/python3.10/site-packages/airflow/example_dags/example_skip_dag.py took 0.077 seconds
[2024-09-03T11:47:47.686+0000] {processor.py:157} INFO - Started process (PID=27815) to work on /home/airflow-vm/data-engineer-batch-processing-financial-services/.venv/lib/python3.10/site-packages/airflow/example_dags/example_skip_dag.py
[2024-09-03T11:47:47.686+0000] {processor.py:826} INFO - Processing file /home/airflow-vm/data-engineer-batch-processing-financial-services/.venv/lib/python3.10/site-packages/airflow/example_dags/example_skip_dag.py for tasks to queue
[2024-09-03T11:47:47.687+0000] {logging_mixin.py:149} INFO - [2024-09-03T11:47:47.687+0000] {dagbag.py:541} INFO - Filling up the DagBag from /home/airflow-vm/data-engineer-batch-processing-financial-services/.venv/lib/python3.10/site-packages/airflow/example_dags/example_skip_dag.py
[2024-09-03T11:47:47.693+0000] {processor.py:836} INFO - DAG(s) dict_keys(['example_skip_dag']) retrieved from /home/airflow-vm/data-engineer-batch-processing-financial-services/.venv/lib/python3.10/site-packages/airflow/example_dags/example_skip_dag.py
[2024-09-03T11:47:47.712+0000] {logging_mixin.py:149} INFO - [2024-09-03T11:47:47.712+0000] {dag.py:2726} INFO - Sync 1 DAGs
[2024-09-03T11:47:47.731+0000] {logging_mixin.py:149} INFO - [2024-09-03T11:47:47.731+0000] {dag.py:3486} INFO - Setting next_dagrun for example_skip_dag to 2024-09-02T11:47:47.731061+00:00, run_after=2024-09-03T11:47:47.731061+00:00
[2024-09-03T11:47:47.766+0000] {processor.py:179} INFO - Processing /home/airflow-vm/data-engineer-batch-processing-financial-services/.venv/lib/python3.10/site-packages/airflow/example_dags/example_skip_dag.py took 0.083 seconds
[2024-09-03T11:50:19.346+0000] {processor.py:157} INFO - Started process (PID=29623) to work on /home/airflow-vm/data-engineer-batch-processing-financial-services/.venv/lib/python3.10/site-packages/airflow/example_dags/example_skip_dag.py
[2024-09-03T11:50:19.347+0000] {processor.py:826} INFO - Processing file /home/airflow-vm/data-engineer-batch-processing-financial-services/.venv/lib/python3.10/site-packages/airflow/example_dags/example_skip_dag.py for tasks to queue
[2024-09-03T11:50:19.347+0000] {logging_mixin.py:149} INFO - [2024-09-03T11:50:19.347+0000] {dagbag.py:541} INFO - Filling up the DagBag from /home/airflow-vm/data-engineer-batch-processing-financial-services/.venv/lib/python3.10/site-packages/airflow/example_dags/example_skip_dag.py
[2024-09-03T11:50:19.354+0000] {processor.py:836} INFO - DAG(s) dict_keys(['example_skip_dag']) retrieved from /home/airflow-vm/data-engineer-batch-processing-financial-services/.venv/lib/python3.10/site-packages/airflow/example_dags/example_skip_dag.py
[2024-09-03T11:50:19.373+0000] {logging_mixin.py:149} INFO - [2024-09-03T11:50:19.373+0000] {dag.py:2726} INFO - Sync 1 DAGs
[2024-09-03T11:50:19.393+0000] {logging_mixin.py:149} INFO - [2024-09-03T11:50:19.392+0000] {dag.py:3486} INFO - Setting next_dagrun for example_skip_dag to 2024-09-02T11:50:19.392732+00:00, run_after=2024-09-03T11:50:19.392732+00:00
[2024-09-03T11:50:19.425+0000] {processor.py:179} INFO - Processing /home/airflow-vm/data-engineer-batch-processing-financial-services/.venv/lib/python3.10/site-packages/airflow/example_dags/example_skip_dag.py took 0.082 seconds
[2024-09-03T11:51:03.662+0000] {processor.py:157} INFO - Started process (PID=29698) to work on /home/airflow-vm/data-engineer-batch-processing-financial-services/.venv/lib/python3.10/site-packages/airflow/example_dags/example_skip_dag.py
[2024-09-03T11:51:03.663+0000] {processor.py:826} INFO - Processing file /home/airflow-vm/data-engineer-batch-processing-financial-services/.venv/lib/python3.10/site-packages/airflow/example_dags/example_skip_dag.py for tasks to queue
[2024-09-03T11:51:03.663+0000] {logging_mixin.py:149} INFO - [2024-09-03T11:51:03.663+0000] {dagbag.py:541} INFO - Filling up the DagBag from /home/airflow-vm/data-engineer-batch-processing-financial-services/.venv/lib/python3.10/site-packages/airflow/example_dags/example_skip_dag.py
[2024-09-03T11:51:03.670+0000] {processor.py:836} INFO - DAG(s) dict_keys(['example_skip_dag']) retrieved from /home/airflow-vm/data-engineer-batch-processing-financial-services/.venv/lib/python3.10/site-packages/airflow/example_dags/example_skip_dag.py
[2024-09-03T11:51:03.690+0000] {logging_mixin.py:149} INFO - [2024-09-03T11:51:03.689+0000] {dag.py:2726} INFO - Sync 1 DAGs
[2024-09-03T11:51:03.709+0000] {logging_mixin.py:149} INFO - [2024-09-03T11:51:03.708+0000] {dag.py:3486} INFO - Setting next_dagrun for example_skip_dag to 2024-09-02T11:51:03.708685+00:00, run_after=2024-09-03T11:51:03.708685+00:00
[2024-09-03T11:51:03.737+0000] {processor.py:179} INFO - Processing /home/airflow-vm/data-engineer-batch-processing-financial-services/.venv/lib/python3.10/site-packages/airflow/example_dags/example_skip_dag.py took 0.079 seconds
[2024-09-03T11:51:48.116+0000] {processor.py:157} INFO - Started process (PID=29746) to work on /home/airflow-vm/data-engineer-batch-processing-financial-services/.venv/lib/python3.10/site-packages/airflow/example_dags/example_skip_dag.py
[2024-09-03T11:51:48.117+0000] {processor.py:826} INFO - Processing file /home/airflow-vm/data-engineer-batch-processing-financial-services/.venv/lib/python3.10/site-packages/airflow/example_dags/example_skip_dag.py for tasks to queue
[2024-09-03T11:51:48.117+0000] {logging_mixin.py:149} INFO - [2024-09-03T11:51:48.117+0000] {dagbag.py:541} INFO - Filling up the DagBag from /home/airflow-vm/data-engineer-batch-processing-financial-services/.venv/lib/python3.10/site-packages/airflow/example_dags/example_skip_dag.py
[2024-09-03T11:51:48.123+0000] {processor.py:836} INFO - DAG(s) dict_keys(['example_skip_dag']) retrieved from /home/airflow-vm/data-engineer-batch-processing-financial-services/.venv/lib/python3.10/site-packages/airflow/example_dags/example_skip_dag.py
[2024-09-03T11:51:48.141+0000] {logging_mixin.py:149} INFO - [2024-09-03T11:51:48.141+0000] {dag.py:2726} INFO - Sync 1 DAGs
[2024-09-03T11:51:48.161+0000] {logging_mixin.py:149} INFO - [2024-09-03T11:51:48.161+0000] {dag.py:3486} INFO - Setting next_dagrun for example_skip_dag to 2024-09-02T11:51:48.160775+00:00, run_after=2024-09-03T11:51:48.160775+00:00
[2024-09-03T11:51:48.189+0000] {processor.py:179} INFO - Processing /home/airflow-vm/data-engineer-batch-processing-financial-services/.venv/lib/python3.10/site-packages/airflow/example_dags/example_skip_dag.py took 0.076 seconds
[2024-09-03T11:52:34.584+0000] {processor.py:157} INFO - Started process (PID=29794) to work on /home/airflow-vm/data-engineer-batch-processing-financial-services/.venv/lib/python3.10/site-packages/airflow/example_dags/example_skip_dag.py
[2024-09-03T11:52:34.585+0000] {processor.py:826} INFO - Processing file /home/airflow-vm/data-engineer-batch-processing-financial-services/.venv/lib/python3.10/site-packages/airflow/example_dags/example_skip_dag.py for tasks to queue
[2024-09-03T11:52:34.585+0000] {logging_mixin.py:149} INFO - [2024-09-03T11:52:34.585+0000] {dagbag.py:541} INFO - Filling up the DagBag from /home/airflow-vm/data-engineer-batch-processing-financial-services/.venv/lib/python3.10/site-packages/airflow/example_dags/example_skip_dag.py
[2024-09-03T11:52:34.592+0000] {processor.py:836} INFO - DAG(s) dict_keys(['example_skip_dag']) retrieved from /home/airflow-vm/data-engineer-batch-processing-financial-services/.venv/lib/python3.10/site-packages/airflow/example_dags/example_skip_dag.py
[2024-09-03T11:52:34.610+0000] {logging_mixin.py:149} INFO - [2024-09-03T11:52:34.610+0000] {dag.py:2726} INFO - Sync 1 DAGs
[2024-09-03T11:52:34.629+0000] {logging_mixin.py:149} INFO - [2024-09-03T11:52:34.629+0000] {dag.py:3486} INFO - Setting next_dagrun for example_skip_dag to 2024-09-02T11:52:34.628961+00:00, run_after=2024-09-03T11:52:34.628961+00:00
[2024-09-03T11:52:34.663+0000] {processor.py:179} INFO - Processing /home/airflow-vm/data-engineer-batch-processing-financial-services/.venv/lib/python3.10/site-packages/airflow/example_dags/example_skip_dag.py took 0.081 seconds
[2024-09-03T11:53:21.740+0000] {processor.py:157} INFO - Started process (PID=29870) to work on /home/airflow-vm/data-engineer-batch-processing-financial-services/.venv/lib/python3.10/site-packages/airflow/example_dags/example_skip_dag.py
[2024-09-03T11:53:21.740+0000] {processor.py:826} INFO - Processing file /home/airflow-vm/data-engineer-batch-processing-financial-services/.venv/lib/python3.10/site-packages/airflow/example_dags/example_skip_dag.py for tasks to queue
[2024-09-03T11:53:21.741+0000] {logging_mixin.py:149} INFO - [2024-09-03T11:53:21.741+0000] {dagbag.py:541} INFO - Filling up the DagBag from /home/airflow-vm/data-engineer-batch-processing-financial-services/.venv/lib/python3.10/site-packages/airflow/example_dags/example_skip_dag.py
[2024-09-03T11:53:21.748+0000] {processor.py:836} INFO - DAG(s) dict_keys(['example_skip_dag']) retrieved from /home/airflow-vm/data-engineer-batch-processing-financial-services/.venv/lib/python3.10/site-packages/airflow/example_dags/example_skip_dag.py
[2024-09-03T11:53:21.768+0000] {logging_mixin.py:149} INFO - [2024-09-03T11:53:21.768+0000] {dag.py:2726} INFO - Sync 1 DAGs
[2024-09-03T11:53:21.788+0000] {logging_mixin.py:149} INFO - [2024-09-03T11:53:21.788+0000] {dag.py:3486} INFO - Setting next_dagrun for example_skip_dag to 2024-09-02T11:53:21.788557+00:00, run_after=2024-09-03T11:53:21.788557+00:00
[2024-09-03T11:53:21.819+0000] {processor.py:179} INFO - Processing /home/airflow-vm/data-engineer-batch-processing-financial-services/.venv/lib/python3.10/site-packages/airflow/example_dags/example_skip_dag.py took 0.082 seconds
[2024-09-03T11:54:09.025+0000] {processor.py:157} INFO - Started process (PID=29919) to work on /home/airflow-vm/data-engineer-batch-processing-financial-services/.venv/lib/python3.10/site-packages/airflow/example_dags/example_skip_dag.py
[2024-09-03T11:54:09.026+0000] {processor.py:826} INFO - Processing file /home/airflow-vm/data-engineer-batch-processing-financial-services/.venv/lib/python3.10/site-packages/airflow/example_dags/example_skip_dag.py for tasks to queue
[2024-09-03T11:54:09.026+0000] {logging_mixin.py:149} INFO - [2024-09-03T11:54:09.026+0000] {dagbag.py:541} INFO - Filling up the DagBag from /home/airflow-vm/data-engineer-batch-processing-financial-services/.venv/lib/python3.10/site-packages/airflow/example_dags/example_skip_dag.py
[2024-09-03T11:54:09.033+0000] {processor.py:836} INFO - DAG(s) dict_keys(['example_skip_dag']) retrieved from /home/airflow-vm/data-engineer-batch-processing-financial-services/.venv/lib/python3.10/site-packages/airflow/example_dags/example_skip_dag.py
[2024-09-03T11:54:09.052+0000] {logging_mixin.py:149} INFO - [2024-09-03T11:54:09.052+0000] {dag.py:2726} INFO - Sync 1 DAGs
[2024-09-03T11:54:09.076+0000] {logging_mixin.py:149} INFO - [2024-09-03T11:54:09.075+0000] {dag.py:3486} INFO - Setting next_dagrun for example_skip_dag to 2024-09-02T11:54:09.075675+00:00, run_after=2024-09-03T11:54:09.075675+00:00
[2024-09-03T11:54:09.109+0000] {processor.py:179} INFO - Processing /home/airflow-vm/data-engineer-batch-processing-financial-services/.venv/lib/python3.10/site-packages/airflow/example_dags/example_skip_dag.py took 0.087 seconds
[2024-09-03T11:54:59.781+0000] {processor.py:157} INFO - Started process (PID=29976) to work on /home/airflow-vm/data-engineer-batch-processing-financial-services/.venv/lib/python3.10/site-packages/airflow/example_dags/example_skip_dag.py
[2024-09-03T11:54:59.782+0000] {processor.py:826} INFO - Processing file /home/airflow-vm/data-engineer-batch-processing-financial-services/.venv/lib/python3.10/site-packages/airflow/example_dags/example_skip_dag.py for tasks to queue
[2024-09-03T11:54:59.782+0000] {logging_mixin.py:149} INFO - [2024-09-03T11:54:59.782+0000] {dagbag.py:541} INFO - Filling up the DagBag from /home/airflow-vm/data-engineer-batch-processing-financial-services/.venv/lib/python3.10/site-packages/airflow/example_dags/example_skip_dag.py
[2024-09-03T11:54:59.789+0000] {processor.py:836} INFO - DAG(s) dict_keys(['example_skip_dag']) retrieved from /home/airflow-vm/data-engineer-batch-processing-financial-services/.venv/lib/python3.10/site-packages/airflow/example_dags/example_skip_dag.py
[2024-09-03T11:54:59.807+0000] {logging_mixin.py:149} INFO - [2024-09-03T11:54:59.806+0000] {dag.py:2726} INFO - Sync 1 DAGs
[2024-09-03T11:54:59.826+0000] {logging_mixin.py:149} INFO - [2024-09-03T11:54:59.825+0000] {dag.py:3486} INFO - Setting next_dagrun for example_skip_dag to 2024-09-02T11:54:59.825610+00:00, run_after=2024-09-03T11:54:59.825610+00:00
[2024-09-03T11:54:59.853+0000] {processor.py:179} INFO - Processing /home/airflow-vm/data-engineer-batch-processing-financial-services/.venv/lib/python3.10/site-packages/airflow/example_dags/example_skip_dag.py took 0.075 seconds
[2024-09-03T11:55:42.703+0000] {processor.py:157} INFO - Started process (PID=30024) to work on /home/airflow-vm/data-engineer-batch-processing-financial-services/.venv/lib/python3.10/site-packages/airflow/example_dags/example_skip_dag.py
[2024-09-03T11:55:42.704+0000] {processor.py:826} INFO - Processing file /home/airflow-vm/data-engineer-batch-processing-financial-services/.venv/lib/python3.10/site-packages/airflow/example_dags/example_skip_dag.py for tasks to queue
[2024-09-03T11:55:42.704+0000] {logging_mixin.py:149} INFO - [2024-09-03T11:55:42.704+0000] {dagbag.py:541} INFO - Filling up the DagBag from /home/airflow-vm/data-engineer-batch-processing-financial-services/.venv/lib/python3.10/site-packages/airflow/example_dags/example_skip_dag.py
[2024-09-03T11:55:42.711+0000] {processor.py:836} INFO - DAG(s) dict_keys(['example_skip_dag']) retrieved from /home/airflow-vm/data-engineer-batch-processing-financial-services/.venv/lib/python3.10/site-packages/airflow/example_dags/example_skip_dag.py
[2024-09-03T11:55:42.729+0000] {logging_mixin.py:149} INFO - [2024-09-03T11:55:42.729+0000] {dag.py:2726} INFO - Sync 1 DAGs
[2024-09-03T11:55:42.749+0000] {logging_mixin.py:149} INFO - [2024-09-03T11:55:42.748+0000] {dag.py:3486} INFO - Setting next_dagrun for example_skip_dag to 2024-09-02T11:55:42.748594+00:00, run_after=2024-09-03T11:55:42.748594+00:00
[2024-09-03T11:55:42.779+0000] {processor.py:179} INFO - Processing /home/airflow-vm/data-engineer-batch-processing-financial-services/.venv/lib/python3.10/site-packages/airflow/example_dags/example_skip_dag.py took 0.078 seconds
[2024-09-03T11:56:31.238+0000] {processor.py:157} INFO - Started process (PID=30074) to work on /home/airflow-vm/data-engineer-batch-processing-financial-services/.venv/lib/python3.10/site-packages/airflow/example_dags/example_skip_dag.py
[2024-09-03T11:56:31.239+0000] {processor.py:826} INFO - Processing file /home/airflow-vm/data-engineer-batch-processing-financial-services/.venv/lib/python3.10/site-packages/airflow/example_dags/example_skip_dag.py for tasks to queue
[2024-09-03T11:56:31.240+0000] {logging_mixin.py:149} INFO - [2024-09-03T11:56:31.239+0000] {dagbag.py:541} INFO - Filling up the DagBag from /home/airflow-vm/data-engineer-batch-processing-financial-services/.venv/lib/python3.10/site-packages/airflow/example_dags/example_skip_dag.py
[2024-09-03T11:56:31.246+0000] {processor.py:836} INFO - DAG(s) dict_keys(['example_skip_dag']) retrieved from /home/airflow-vm/data-engineer-batch-processing-financial-services/.venv/lib/python3.10/site-packages/airflow/example_dags/example_skip_dag.py
[2024-09-03T11:56:31.267+0000] {logging_mixin.py:149} INFO - [2024-09-03T11:56:31.267+0000] {dag.py:2726} INFO - Sync 1 DAGs
[2024-09-03T11:56:31.288+0000] {logging_mixin.py:149} INFO - [2024-09-03T11:56:31.288+0000] {dag.py:3486} INFO - Setting next_dagrun for example_skip_dag to 2024-09-02T11:56:31.288415+00:00, run_after=2024-09-03T11:56:31.288415+00:00
[2024-09-03T11:56:31.319+0000] {processor.py:179} INFO - Processing /home/airflow-vm/data-engineer-batch-processing-financial-services/.venv/lib/python3.10/site-packages/airflow/example_dags/example_skip_dag.py took 0.083 seconds
