[2024-09-03T10:58:20.528+0000] {processor.py:157} INFO - Started process (PID=3533) to work on /home/airflow-vm/data-engineer-batch-processing-financial-services/.venv/lib/python3.10/site-packages/airflow/example_dags/example_setup_teardown_taskflow.py
[2024-09-03T10:58:20.529+0000] {processor.py:826} INFO - Processing file /home/airflow-vm/data-engineer-batch-processing-financial-services/.venv/lib/python3.10/site-packages/airflow/example_dags/example_setup_teardown_taskflow.py for tasks to queue
[2024-09-03T10:58:20.529+0000] {logging_mixin.py:149} INFO - [2024-09-03T10:58:20.529+0000] {dagbag.py:541} INFO - Filling up the DagBag from /home/airflow-vm/data-engineer-batch-processing-financial-services/.venv/lib/python3.10/site-packages/airflow/example_dags/example_setup_teardown_taskflow.py
[2024-09-03T10:58:20.531+0000] {processor.py:838} WARNING - No viable dags retrieved from /home/airflow-vm/data-engineer-batch-processing-financial-services/.venv/lib/python3.10/site-packages/airflow/example_dags/example_setup_teardown_taskflow.py
[2024-09-03T10:58:20.540+0000] {processor.py:179} INFO - Processing /home/airflow-vm/data-engineer-batch-processing-financial-services/.venv/lib/python3.10/site-packages/airflow/example_dags/example_setup_teardown_taskflow.py took 0.014 seconds
[2024-09-03T10:59:05.919+0000] {processor.py:157} INFO - Started process (PID=3819) to work on /home/airflow-vm/data-engineer-batch-processing-financial-services/.venv/lib/python3.10/site-packages/airflow/example_dags/example_setup_teardown_taskflow.py
[2024-09-03T10:59:05.919+0000] {processor.py:826} INFO - Processing file /home/airflow-vm/data-engineer-batch-processing-financial-services/.venv/lib/python3.10/site-packages/airflow/example_dags/example_setup_teardown_taskflow.py for tasks to queue
[2024-09-03T10:59:05.920+0000] {logging_mixin.py:149} INFO - [2024-09-03T10:59:05.920+0000] {dagbag.py:541} INFO - Filling up the DagBag from /home/airflow-vm/data-engineer-batch-processing-financial-services/.venv/lib/python3.10/site-packages/airflow/example_dags/example_setup_teardown_taskflow.py
[2024-09-03T10:59:05.921+0000] {processor.py:838} WARNING - No viable dags retrieved from /home/airflow-vm/data-engineer-batch-processing-financial-services/.venv/lib/python3.10/site-packages/airflow/example_dags/example_setup_teardown_taskflow.py
[2024-09-03T10:59:05.930+0000] {processor.py:179} INFO - Processing /home/airflow-vm/data-engineer-batch-processing-financial-services/.venv/lib/python3.10/site-packages/airflow/example_dags/example_setup_teardown_taskflow.py took 0.014 seconds
[2024-09-03T10:59:51.696+0000] {processor.py:157} INFO - Started process (PID=3951) to work on /home/airflow-vm/data-engineer-batch-processing-financial-services/.venv/lib/python3.10/site-packages/airflow/example_dags/example_setup_teardown_taskflow.py
[2024-09-03T10:59:51.696+0000] {processor.py:826} INFO - Processing file /home/airflow-vm/data-engineer-batch-processing-financial-services/.venv/lib/python3.10/site-packages/airflow/example_dags/example_setup_teardown_taskflow.py for tasks to queue
[2024-09-03T10:59:51.697+0000] {logging_mixin.py:149} INFO - [2024-09-03T10:59:51.697+0000] {dagbag.py:541} INFO - Filling up the DagBag from /home/airflow-vm/data-engineer-batch-processing-financial-services/.venv/lib/python3.10/site-packages/airflow/example_dags/example_setup_teardown_taskflow.py
[2024-09-03T10:59:51.698+0000] {processor.py:838} WARNING - No viable dags retrieved from /home/airflow-vm/data-engineer-batch-processing-financial-services/.venv/lib/python3.10/site-packages/airflow/example_dags/example_setup_teardown_taskflow.py
[2024-09-03T10:59:51.707+0000] {processor.py:179} INFO - Processing /home/airflow-vm/data-engineer-batch-processing-financial-services/.venv/lib/python3.10/site-packages/airflow/example_dags/example_setup_teardown_taskflow.py took 0.014 seconds
[2024-09-03T11:00:37.862+0000] {processor.py:157} INFO - Started process (PID=4356) to work on /home/airflow-vm/data-engineer-batch-processing-financial-services/.venv/lib/python3.10/site-packages/airflow/example_dags/example_setup_teardown_taskflow.py
[2024-09-03T11:00:37.863+0000] {processor.py:826} INFO - Processing file /home/airflow-vm/data-engineer-batch-processing-financial-services/.venv/lib/python3.10/site-packages/airflow/example_dags/example_setup_teardown_taskflow.py for tasks to queue
[2024-09-03T11:00:37.863+0000] {logging_mixin.py:149} INFO - [2024-09-03T11:00:37.863+0000] {dagbag.py:541} INFO - Filling up the DagBag from /home/airflow-vm/data-engineer-batch-processing-financial-services/.venv/lib/python3.10/site-packages/airflow/example_dags/example_setup_teardown_taskflow.py
[2024-09-03T11:00:37.865+0000] {processor.py:838} WARNING - No viable dags retrieved from /home/airflow-vm/data-engineer-batch-processing-financial-services/.venv/lib/python3.10/site-packages/airflow/example_dags/example_setup_teardown_taskflow.py
[2024-09-03T11:00:37.875+0000] {processor.py:179} INFO - Processing /home/airflow-vm/data-engineer-batch-processing-financial-services/.venv/lib/python3.10/site-packages/airflow/example_dags/example_setup_teardown_taskflow.py took 0.016 seconds
[2024-09-03T11:01:24.657+0000] {processor.py:157} INFO - Started process (PID=4706) to work on /home/airflow-vm/data-engineer-batch-processing-financial-services/.venv/lib/python3.10/site-packages/airflow/example_dags/example_setup_teardown_taskflow.py
[2024-09-03T11:01:24.658+0000] {processor.py:826} INFO - Processing file /home/airflow-vm/data-engineer-batch-processing-financial-services/.venv/lib/python3.10/site-packages/airflow/example_dags/example_setup_teardown_taskflow.py for tasks to queue
[2024-09-03T11:01:24.659+0000] {logging_mixin.py:149} INFO - [2024-09-03T11:01:24.659+0000] {dagbag.py:541} INFO - Filling up the DagBag from /home/airflow-vm/data-engineer-batch-processing-financial-services/.venv/lib/python3.10/site-packages/airflow/example_dags/example_setup_teardown_taskflow.py
[2024-09-03T11:01:24.661+0000] {processor.py:838} WARNING - No viable dags retrieved from /home/airflow-vm/data-engineer-batch-processing-financial-services/.venv/lib/python3.10/site-packages/airflow/example_dags/example_setup_teardown_taskflow.py
[2024-09-03T11:01:24.672+0000] {processor.py:179} INFO - Processing /home/airflow-vm/data-engineer-batch-processing-financial-services/.venv/lib/python3.10/site-packages/airflow/example_dags/example_setup_teardown_taskflow.py took 0.018 seconds
[2024-09-03T11:02:12.020+0000] {processor.py:157} INFO - Started process (PID=4802) to work on /home/airflow-vm/data-engineer-batch-processing-financial-services/.venv/lib/python3.10/site-packages/airflow/example_dags/example_setup_teardown_taskflow.py
[2024-09-03T11:02:12.021+0000] {processor.py:826} INFO - Processing file /home/airflow-vm/data-engineer-batch-processing-financial-services/.venv/lib/python3.10/site-packages/airflow/example_dags/example_setup_teardown_taskflow.py for tasks to queue
[2024-09-03T11:02:12.022+0000] {logging_mixin.py:149} INFO - [2024-09-03T11:02:12.021+0000] {dagbag.py:541} INFO - Filling up the DagBag from /home/airflow-vm/data-engineer-batch-processing-financial-services/.venv/lib/python3.10/site-packages/airflow/example_dags/example_setup_teardown_taskflow.py
[2024-09-03T11:02:12.023+0000] {processor.py:838} WARNING - No viable dags retrieved from /home/airflow-vm/data-engineer-batch-processing-financial-services/.venv/lib/python3.10/site-packages/airflow/example_dags/example_setup_teardown_taskflow.py
[2024-09-03T11:02:12.031+0000] {processor.py:179} INFO - Processing /home/airflow-vm/data-engineer-batch-processing-financial-services/.venv/lib/python3.10/site-packages/airflow/example_dags/example_setup_teardown_taskflow.py took 0.014 seconds
[2024-09-03T11:02:59.683+0000] {processor.py:157} INFO - Started process (PID=5019) to work on /home/airflow-vm/data-engineer-batch-processing-financial-services/.venv/lib/python3.10/site-packages/airflow/example_dags/example_setup_teardown_taskflow.py
[2024-09-03T11:02:59.683+0000] {processor.py:826} INFO - Processing file /home/airflow-vm/data-engineer-batch-processing-financial-services/.venv/lib/python3.10/site-packages/airflow/example_dags/example_setup_teardown_taskflow.py for tasks to queue
[2024-09-03T11:02:59.684+0000] {logging_mixin.py:149} INFO - [2024-09-03T11:02:59.684+0000] {dagbag.py:541} INFO - Filling up the DagBag from /home/airflow-vm/data-engineer-batch-processing-financial-services/.venv/lib/python3.10/site-packages/airflow/example_dags/example_setup_teardown_taskflow.py
[2024-09-03T11:02:59.685+0000] {processor.py:838} WARNING - No viable dags retrieved from /home/airflow-vm/data-engineer-batch-processing-financial-services/.venv/lib/python3.10/site-packages/airflow/example_dags/example_setup_teardown_taskflow.py
[2024-09-03T11:02:59.694+0000] {processor.py:179} INFO - Processing /home/airflow-vm/data-engineer-batch-processing-financial-services/.venv/lib/python3.10/site-packages/airflow/example_dags/example_setup_teardown_taskflow.py took 0.014 seconds
[2024-09-03T11:05:20.476+0000] {processor.py:157} INFO - Started process (PID=6431) to work on /home/airflow-vm/data-engineer-batch-processing-financial-services/.venv/lib/python3.10/site-packages/airflow/example_dags/example_setup_teardown_taskflow.py
[2024-09-03T11:05:20.477+0000] {processor.py:826} INFO - Processing file /home/airflow-vm/data-engineer-batch-processing-financial-services/.venv/lib/python3.10/site-packages/airflow/example_dags/example_setup_teardown_taskflow.py for tasks to queue
[2024-09-03T11:05:20.478+0000] {logging_mixin.py:149} INFO - [2024-09-03T11:05:20.478+0000] {dagbag.py:541} INFO - Filling up the DagBag from /home/airflow-vm/data-engineer-batch-processing-financial-services/.venv/lib/python3.10/site-packages/airflow/example_dags/example_setup_teardown_taskflow.py
[2024-09-03T11:05:20.479+0000] {processor.py:838} WARNING - No viable dags retrieved from /home/airflow-vm/data-engineer-batch-processing-financial-services/.venv/lib/python3.10/site-packages/airflow/example_dags/example_setup_teardown_taskflow.py
[2024-09-03T11:05:20.488+0000] {processor.py:179} INFO - Processing /home/airflow-vm/data-engineer-batch-processing-financial-services/.venv/lib/python3.10/site-packages/airflow/example_dags/example_setup_teardown_taskflow.py took 0.014 seconds
[2024-09-03T11:07:45.578+0000] {processor.py:157} INFO - Started process (PID=7459) to work on /home/airflow-vm/data-engineer-batch-processing-financial-services/.venv/lib/python3.10/site-packages/airflow/example_dags/example_setup_teardown_taskflow.py
[2024-09-03T11:07:45.579+0000] {processor.py:826} INFO - Processing file /home/airflow-vm/data-engineer-batch-processing-financial-services/.venv/lib/python3.10/site-packages/airflow/example_dags/example_setup_teardown_taskflow.py for tasks to queue
[2024-09-03T11:07:45.580+0000] {logging_mixin.py:149} INFO - [2024-09-03T11:07:45.580+0000] {dagbag.py:541} INFO - Filling up the DagBag from /home/airflow-vm/data-engineer-batch-processing-financial-services/.venv/lib/python3.10/site-packages/airflow/example_dags/example_setup_teardown_taskflow.py
[2024-09-03T11:07:45.581+0000] {processor.py:838} WARNING - No viable dags retrieved from /home/airflow-vm/data-engineer-batch-processing-financial-services/.venv/lib/python3.10/site-packages/airflow/example_dags/example_setup_teardown_taskflow.py
[2024-09-03T11:07:45.590+0000] {processor.py:179} INFO - Processing /home/airflow-vm/data-engineer-batch-processing-financial-services/.venv/lib/python3.10/site-packages/airflow/example_dags/example_setup_teardown_taskflow.py took 0.014 seconds
[2024-09-03T11:09:47.733+0000] {processor.py:157} INFO - Started process (PID=8291) to work on /home/airflow-vm/data-engineer-batch-processing-financial-services/.venv/lib/python3.10/site-packages/airflow/example_dags/example_setup_teardown_taskflow.py
[2024-09-03T11:09:47.734+0000] {processor.py:826} INFO - Processing file /home/airflow-vm/data-engineer-batch-processing-financial-services/.venv/lib/python3.10/site-packages/airflow/example_dags/example_setup_teardown_taskflow.py for tasks to queue
[2024-09-03T11:09:47.735+0000] {logging_mixin.py:149} INFO - [2024-09-03T11:09:47.734+0000] {dagbag.py:541} INFO - Filling up the DagBag from /home/airflow-vm/data-engineer-batch-processing-financial-services/.venv/lib/python3.10/site-packages/airflow/example_dags/example_setup_teardown_taskflow.py
[2024-09-03T11:09:47.736+0000] {processor.py:838} WARNING - No viable dags retrieved from /home/airflow-vm/data-engineer-batch-processing-financial-services/.venv/lib/python3.10/site-packages/airflow/example_dags/example_setup_teardown_taskflow.py
[2024-09-03T11:09:47.746+0000] {processor.py:179} INFO - Processing /home/airflow-vm/data-engineer-batch-processing-financial-services/.venv/lib/python3.10/site-packages/airflow/example_dags/example_setup_teardown_taskflow.py took 0.016 seconds
[2024-09-03T11:11:54.168+0000] {processor.py:157} INFO - Started process (PID=9182) to work on /home/airflow-vm/data-engineer-batch-processing-financial-services/.venv/lib/python3.10/site-packages/airflow/example_dags/example_setup_teardown_taskflow.py
[2024-09-03T11:11:54.168+0000] {processor.py:826} INFO - Processing file /home/airflow-vm/data-engineer-batch-processing-financial-services/.venv/lib/python3.10/site-packages/airflow/example_dags/example_setup_teardown_taskflow.py for tasks to queue
[2024-09-03T11:11:54.169+0000] {logging_mixin.py:149} INFO - [2024-09-03T11:11:54.169+0000] {dagbag.py:541} INFO - Filling up the DagBag from /home/airflow-vm/data-engineer-batch-processing-financial-services/.venv/lib/python3.10/site-packages/airflow/example_dags/example_setup_teardown_taskflow.py
[2024-09-03T11:11:54.170+0000] {processor.py:838} WARNING - No viable dags retrieved from /home/airflow-vm/data-engineer-batch-processing-financial-services/.venv/lib/python3.10/site-packages/airflow/example_dags/example_setup_teardown_taskflow.py
[2024-09-03T11:11:54.179+0000] {processor.py:179} INFO - Processing /home/airflow-vm/data-engineer-batch-processing-financial-services/.venv/lib/python3.10/site-packages/airflow/example_dags/example_setup_teardown_taskflow.py took 0.014 seconds
[2024-09-03T11:14:00.905+0000] {processor.py:157} INFO - Started process (PID=10071) to work on /home/airflow-vm/data-engineer-batch-processing-financial-services/.venv/lib/python3.10/site-packages/airflow/example_dags/example_setup_teardown_taskflow.py
[2024-09-03T11:14:00.906+0000] {processor.py:826} INFO - Processing file /home/airflow-vm/data-engineer-batch-processing-financial-services/.venv/lib/python3.10/site-packages/airflow/example_dags/example_setup_teardown_taskflow.py for tasks to queue
[2024-09-03T11:14:00.907+0000] {logging_mixin.py:149} INFO - [2024-09-03T11:14:00.906+0000] {dagbag.py:541} INFO - Filling up the DagBag from /home/airflow-vm/data-engineer-batch-processing-financial-services/.venv/lib/python3.10/site-packages/airflow/example_dags/example_setup_teardown_taskflow.py
[2024-09-03T11:14:00.908+0000] {processor.py:838} WARNING - No viable dags retrieved from /home/airflow-vm/data-engineer-batch-processing-financial-services/.venv/lib/python3.10/site-packages/airflow/example_dags/example_setup_teardown_taskflow.py
[2024-09-03T11:14:00.917+0000] {processor.py:179} INFO - Processing /home/airflow-vm/data-engineer-batch-processing-financial-services/.venv/lib/python3.10/site-packages/airflow/example_dags/example_setup_teardown_taskflow.py took 0.014 seconds
[2024-09-03T11:16:07.845+0000] {processor.py:157} INFO - Started process (PID=11246) to work on /home/airflow-vm/data-engineer-batch-processing-financial-services/.venv/lib/python3.10/site-packages/airflow/example_dags/example_setup_teardown_taskflow.py
[2024-09-03T11:16:07.846+0000] {processor.py:826} INFO - Processing file /home/airflow-vm/data-engineer-batch-processing-financial-services/.venv/lib/python3.10/site-packages/airflow/example_dags/example_setup_teardown_taskflow.py for tasks to queue
[2024-09-03T11:16:07.847+0000] {logging_mixin.py:149} INFO - [2024-09-03T11:16:07.846+0000] {dagbag.py:541} INFO - Filling up the DagBag from /home/airflow-vm/data-engineer-batch-processing-financial-services/.venv/lib/python3.10/site-packages/airflow/example_dags/example_setup_teardown_taskflow.py
[2024-09-03T11:16:07.848+0000] {processor.py:838} WARNING - No viable dags retrieved from /home/airflow-vm/data-engineer-batch-processing-financial-services/.venv/lib/python3.10/site-packages/airflow/example_dags/example_setup_teardown_taskflow.py
[2024-09-03T11:16:07.857+0000] {processor.py:179} INFO - Processing /home/airflow-vm/data-engineer-batch-processing-financial-services/.venv/lib/python3.10/site-packages/airflow/example_dags/example_setup_teardown_taskflow.py took 0.015 seconds
[2024-09-03T11:18:36.771+0000] {processor.py:157} INFO - Started process (PID=12634) to work on /home/airflow-vm/data-engineer-batch-processing-financial-services/.venv/lib/python3.10/site-packages/airflow/example_dags/example_setup_teardown_taskflow.py
[2024-09-03T11:18:36.772+0000] {processor.py:826} INFO - Processing file /home/airflow-vm/data-engineer-batch-processing-financial-services/.venv/lib/python3.10/site-packages/airflow/example_dags/example_setup_teardown_taskflow.py for tasks to queue
[2024-09-03T11:18:36.773+0000] {logging_mixin.py:149} INFO - [2024-09-03T11:18:36.773+0000] {dagbag.py:541} INFO - Filling up the DagBag from /home/airflow-vm/data-engineer-batch-processing-financial-services/.venv/lib/python3.10/site-packages/airflow/example_dags/example_setup_teardown_taskflow.py
[2024-09-03T11:18:36.774+0000] {processor.py:838} WARNING - No viable dags retrieved from /home/airflow-vm/data-engineer-batch-processing-financial-services/.venv/lib/python3.10/site-packages/airflow/example_dags/example_setup_teardown_taskflow.py
[2024-09-03T11:18:36.784+0000] {processor.py:179} INFO - Processing /home/airflow-vm/data-engineer-batch-processing-financial-services/.venv/lib/python3.10/site-packages/airflow/example_dags/example_setup_teardown_taskflow.py took 0.016 seconds
[2024-09-03T11:21:19.809+0000] {processor.py:157} INFO - Started process (PID=13945) to work on /home/airflow-vm/data-engineer-batch-processing-financial-services/.venv/lib/python3.10/site-packages/airflow/example_dags/example_setup_teardown_taskflow.py
[2024-09-03T11:21:19.810+0000] {processor.py:826} INFO - Processing file /home/airflow-vm/data-engineer-batch-processing-financial-services/.venv/lib/python3.10/site-packages/airflow/example_dags/example_setup_teardown_taskflow.py for tasks to queue
[2024-09-03T11:21:19.811+0000] {logging_mixin.py:149} INFO - [2024-09-03T11:21:19.811+0000] {dagbag.py:541} INFO - Filling up the DagBag from /home/airflow-vm/data-engineer-batch-processing-financial-services/.venv/lib/python3.10/site-packages/airflow/example_dags/example_setup_teardown_taskflow.py
[2024-09-03T11:21:19.812+0000] {processor.py:838} WARNING - No viable dags retrieved from /home/airflow-vm/data-engineer-batch-processing-financial-services/.venv/lib/python3.10/site-packages/airflow/example_dags/example_setup_teardown_taskflow.py
[2024-09-03T11:21:19.821+0000] {processor.py:179} INFO - Processing /home/airflow-vm/data-engineer-batch-processing-financial-services/.venv/lib/python3.10/site-packages/airflow/example_dags/example_setup_teardown_taskflow.py took 0.014 seconds
[2024-09-03T11:24:20.837+0000] {processor.py:157} INFO - Started process (PID=15371) to work on /home/airflow-vm/data-engineer-batch-processing-financial-services/.venv/lib/python3.10/site-packages/airflow/example_dags/example_setup_teardown_taskflow.py
[2024-09-03T11:24:20.838+0000] {processor.py:826} INFO - Processing file /home/airflow-vm/data-engineer-batch-processing-financial-services/.venv/lib/python3.10/site-packages/airflow/example_dags/example_setup_teardown_taskflow.py for tasks to queue
[2024-09-03T11:24:20.839+0000] {logging_mixin.py:149} INFO - [2024-09-03T11:24:20.839+0000] {dagbag.py:541} INFO - Filling up the DagBag from /home/airflow-vm/data-engineer-batch-processing-financial-services/.venv/lib/python3.10/site-packages/airflow/example_dags/example_setup_teardown_taskflow.py
[2024-09-03T11:24:20.841+0000] {processor.py:838} WARNING - No viable dags retrieved from /home/airflow-vm/data-engineer-batch-processing-financial-services/.venv/lib/python3.10/site-packages/airflow/example_dags/example_setup_teardown_taskflow.py
[2024-09-03T11:24:20.851+0000] {processor.py:179} INFO - Processing /home/airflow-vm/data-engineer-batch-processing-financial-services/.venv/lib/python3.10/site-packages/airflow/example_dags/example_setup_teardown_taskflow.py took 0.016 seconds
[2024-09-03T11:27:01.293+0000] {processor.py:157} INFO - Started process (PID=16483) to work on /home/airflow-vm/data-engineer-batch-processing-financial-services/.venv/lib/python3.10/site-packages/airflow/example_dags/example_setup_teardown_taskflow.py
[2024-09-03T11:27:01.293+0000] {processor.py:826} INFO - Processing file /home/airflow-vm/data-engineer-batch-processing-financial-services/.venv/lib/python3.10/site-packages/airflow/example_dags/example_setup_teardown_taskflow.py for tasks to queue
[2024-09-03T11:27:01.294+0000] {logging_mixin.py:149} INFO - [2024-09-03T11:27:01.294+0000] {dagbag.py:541} INFO - Filling up the DagBag from /home/airflow-vm/data-engineer-batch-processing-financial-services/.venv/lib/python3.10/site-packages/airflow/example_dags/example_setup_teardown_taskflow.py
[2024-09-03T11:27:01.296+0000] {processor.py:838} WARNING - No viable dags retrieved from /home/airflow-vm/data-engineer-batch-processing-financial-services/.venv/lib/python3.10/site-packages/airflow/example_dags/example_setup_teardown_taskflow.py
[2024-09-03T11:27:01.305+0000] {processor.py:179} INFO - Processing /home/airflow-vm/data-engineer-batch-processing-financial-services/.venv/lib/python3.10/site-packages/airflow/example_dags/example_setup_teardown_taskflow.py took 0.015 seconds
[2024-09-03T11:30:34.411+0000] {processor.py:157} INFO - Started process (PID=18479) to work on /home/airflow-vm/data-engineer-batch-processing-financial-services/.venv/lib/python3.10/site-packages/airflow/example_dags/example_setup_teardown_taskflow.py
[2024-09-03T11:30:34.412+0000] {processor.py:826} INFO - Processing file /home/airflow-vm/data-engineer-batch-processing-financial-services/.venv/lib/python3.10/site-packages/airflow/example_dags/example_setup_teardown_taskflow.py for tasks to queue
[2024-09-03T11:30:34.413+0000] {logging_mixin.py:149} INFO - [2024-09-03T11:30:34.413+0000] {dagbag.py:541} INFO - Filling up the DagBag from /home/airflow-vm/data-engineer-batch-processing-financial-services/.venv/lib/python3.10/site-packages/airflow/example_dags/example_setup_teardown_taskflow.py
[2024-09-03T11:30:34.414+0000] {processor.py:838} WARNING - No viable dags retrieved from /home/airflow-vm/data-engineer-batch-processing-financial-services/.venv/lib/python3.10/site-packages/airflow/example_dags/example_setup_teardown_taskflow.py
[2024-09-03T11:30:34.424+0000] {processor.py:179} INFO - Processing /home/airflow-vm/data-engineer-batch-processing-financial-services/.venv/lib/python3.10/site-packages/airflow/example_dags/example_setup_teardown_taskflow.py took 0.015 seconds
[2024-09-03T11:34:42.383+0000] {processor.py:157} INFO - Started process (PID=20788) to work on /home/airflow-vm/data-engineer-batch-processing-financial-services/.venv/lib/python3.10/site-packages/airflow/example_dags/example_setup_teardown_taskflow.py
[2024-09-03T11:34:42.384+0000] {processor.py:826} INFO - Processing file /home/airflow-vm/data-engineer-batch-processing-financial-services/.venv/lib/python3.10/site-packages/airflow/example_dags/example_setup_teardown_taskflow.py for tasks to queue
[2024-09-03T11:34:42.385+0000] {logging_mixin.py:149} INFO - [2024-09-03T11:34:42.385+0000] {dagbag.py:541} INFO - Filling up the DagBag from /home/airflow-vm/data-engineer-batch-processing-financial-services/.venv/lib/python3.10/site-packages/airflow/example_dags/example_setup_teardown_taskflow.py
[2024-09-03T11:34:42.387+0000] {processor.py:838} WARNING - No viable dags retrieved from /home/airflow-vm/data-engineer-batch-processing-financial-services/.venv/lib/python3.10/site-packages/airflow/example_dags/example_setup_teardown_taskflow.py
[2024-09-03T11:34:42.396+0000] {processor.py:179} INFO - Processing /home/airflow-vm/data-engineer-batch-processing-financial-services/.venv/lib/python3.10/site-packages/airflow/example_dags/example_setup_teardown_taskflow.py took 0.016 seconds
[2024-09-03T11:37:20.966+0000] {processor.py:157} INFO - Started process (PID=22565) to work on /home/airflow-vm/data-engineer-batch-processing-financial-services/.venv/lib/python3.10/site-packages/airflow/example_dags/example_setup_teardown_taskflow.py
[2024-09-03T11:37:20.967+0000] {processor.py:826} INFO - Processing file /home/airflow-vm/data-engineer-batch-processing-financial-services/.venv/lib/python3.10/site-packages/airflow/example_dags/example_setup_teardown_taskflow.py for tasks to queue
[2024-09-03T11:37:20.968+0000] {logging_mixin.py:149} INFO - [2024-09-03T11:37:20.968+0000] {dagbag.py:541} INFO - Filling up the DagBag from /home/airflow-vm/data-engineer-batch-processing-financial-services/.venv/lib/python3.10/site-packages/airflow/example_dags/example_setup_teardown_taskflow.py
[2024-09-03T11:37:20.970+0000] {processor.py:838} WARNING - No viable dags retrieved from /home/airflow-vm/data-engineer-batch-processing-financial-services/.venv/lib/python3.10/site-packages/airflow/example_dags/example_setup_teardown_taskflow.py
[2024-09-03T11:37:20.980+0000] {processor.py:179} INFO - Processing /home/airflow-vm/data-engineer-batch-processing-financial-services/.venv/lib/python3.10/site-packages/airflow/example_dags/example_setup_teardown_taskflow.py took 0.017 seconds
[2024-09-03T11:38:08.310+0000] {processor.py:157} INFO - Started process (PID=22792) to work on /home/airflow-vm/data-engineer-batch-processing-financial-services/.venv/lib/python3.10/site-packages/airflow/example_dags/example_setup_teardown_taskflow.py
[2024-09-03T11:38:08.311+0000] {processor.py:826} INFO - Processing file /home/airflow-vm/data-engineer-batch-processing-financial-services/.venv/lib/python3.10/site-packages/airflow/example_dags/example_setup_teardown_taskflow.py for tasks to queue
[2024-09-03T11:38:08.312+0000] {logging_mixin.py:149} INFO - [2024-09-03T11:38:08.311+0000] {dagbag.py:541} INFO - Filling up the DagBag from /home/airflow-vm/data-engineer-batch-processing-financial-services/.venv/lib/python3.10/site-packages/airflow/example_dags/example_setup_teardown_taskflow.py
[2024-09-03T11:38:08.313+0000] {processor.py:838} WARNING - No viable dags retrieved from /home/airflow-vm/data-engineer-batch-processing-financial-services/.venv/lib/python3.10/site-packages/airflow/example_dags/example_setup_teardown_taskflow.py
[2024-09-03T11:38:08.322+0000] {processor.py:179} INFO - Processing /home/airflow-vm/data-engineer-batch-processing-financial-services/.venv/lib/python3.10/site-packages/airflow/example_dags/example_setup_teardown_taskflow.py took 0.015 seconds
[2024-09-03T11:38:58.700+0000] {processor.py:157} INFO - Started process (PID=23019) to work on /home/airflow-vm/data-engineer-batch-processing-financial-services/.venv/lib/python3.10/site-packages/airflow/example_dags/example_setup_teardown_taskflow.py
[2024-09-03T11:38:58.701+0000] {processor.py:826} INFO - Processing file /home/airflow-vm/data-engineer-batch-processing-financial-services/.venv/lib/python3.10/site-packages/airflow/example_dags/example_setup_teardown_taskflow.py for tasks to queue
[2024-09-03T11:38:58.702+0000] {logging_mixin.py:149} INFO - [2024-09-03T11:38:58.702+0000] {dagbag.py:541} INFO - Filling up the DagBag from /home/airflow-vm/data-engineer-batch-processing-financial-services/.venv/lib/python3.10/site-packages/airflow/example_dags/example_setup_teardown_taskflow.py
[2024-09-03T11:38:58.703+0000] {processor.py:838} WARNING - No viable dags retrieved from /home/airflow-vm/data-engineer-batch-processing-financial-services/.venv/lib/python3.10/site-packages/airflow/example_dags/example_setup_teardown_taskflow.py
[2024-09-03T11:38:58.732+0000] {processor.py:179} INFO - Processing /home/airflow-vm/data-engineer-batch-processing-financial-services/.venv/lib/python3.10/site-packages/airflow/example_dags/example_setup_teardown_taskflow.py took 0.034 seconds
[2024-09-03T11:39:44.132+0000] {processor.py:157} INFO - Started process (PID=23231) to work on /home/airflow-vm/data-engineer-batch-processing-financial-services/.venv/lib/python3.10/site-packages/airflow/example_dags/example_setup_teardown_taskflow.py
[2024-09-03T11:39:44.133+0000] {processor.py:826} INFO - Processing file /home/airflow-vm/data-engineer-batch-processing-financial-services/.venv/lib/python3.10/site-packages/airflow/example_dags/example_setup_teardown_taskflow.py for tasks to queue
[2024-09-03T11:39:44.134+0000] {logging_mixin.py:149} INFO - [2024-09-03T11:39:44.133+0000] {dagbag.py:541} INFO - Filling up the DagBag from /home/airflow-vm/data-engineer-batch-processing-financial-services/.venv/lib/python3.10/site-packages/airflow/example_dags/example_setup_teardown_taskflow.py
[2024-09-03T11:39:44.135+0000] {processor.py:838} WARNING - No viable dags retrieved from /home/airflow-vm/data-engineer-batch-processing-financial-services/.venv/lib/python3.10/site-packages/airflow/example_dags/example_setup_teardown_taskflow.py
[2024-09-03T11:39:44.144+0000] {processor.py:179} INFO - Processing /home/airflow-vm/data-engineer-batch-processing-financial-services/.venv/lib/python3.10/site-packages/airflow/example_dags/example_setup_teardown_taskflow.py took 0.014 seconds
[2024-09-03T11:44:10.683+0000] {processor.py:157} INFO - Started process (PID=25994) to work on /home/airflow-vm/data-engineer-batch-processing-financial-services/.venv/lib/python3.10/site-packages/airflow/example_dags/example_setup_teardown_taskflow.py
[2024-09-03T11:44:10.684+0000] {processor.py:826} INFO - Processing file /home/airflow-vm/data-engineer-batch-processing-financial-services/.venv/lib/python3.10/site-packages/airflow/example_dags/example_setup_teardown_taskflow.py for tasks to queue
[2024-09-03T11:44:10.684+0000] {logging_mixin.py:149} INFO - [2024-09-03T11:44:10.684+0000] {dagbag.py:541} INFO - Filling up the DagBag from /home/airflow-vm/data-engineer-batch-processing-financial-services/.venv/lib/python3.10/site-packages/airflow/example_dags/example_setup_teardown_taskflow.py
[2024-09-03T11:44:10.686+0000] {processor.py:838} WARNING - No viable dags retrieved from /home/airflow-vm/data-engineer-batch-processing-financial-services/.venv/lib/python3.10/site-packages/airflow/example_dags/example_setup_teardown_taskflow.py
[2024-09-03T11:44:10.695+0000] {processor.py:179} INFO - Processing /home/airflow-vm/data-engineer-batch-processing-financial-services/.venv/lib/python3.10/site-packages/airflow/example_dags/example_setup_teardown_taskflow.py took 0.014 seconds
[2024-09-03T11:48:25.943+0000] {processor.py:157} INFO - Started process (PID=28277) to work on /home/airflow-vm/data-engineer-batch-processing-financial-services/.venv/lib/python3.10/site-packages/airflow/example_dags/example_setup_teardown_taskflow.py
[2024-09-03T11:48:25.944+0000] {processor.py:826} INFO - Processing file /home/airflow-vm/data-engineer-batch-processing-financial-services/.venv/lib/python3.10/site-packages/airflow/example_dags/example_setup_teardown_taskflow.py for tasks to queue
[2024-09-03T11:48:25.944+0000] {logging_mixin.py:149} INFO - [2024-09-03T11:48:25.944+0000] {dagbag.py:541} INFO - Filling up the DagBag from /home/airflow-vm/data-engineer-batch-processing-financial-services/.venv/lib/python3.10/site-packages/airflow/example_dags/example_setup_teardown_taskflow.py
[2024-09-03T11:48:25.946+0000] {processor.py:838} WARNING - No viable dags retrieved from /home/airflow-vm/data-engineer-batch-processing-financial-services/.venv/lib/python3.10/site-packages/airflow/example_dags/example_setup_teardown_taskflow.py
[2024-09-03T11:48:25.955+0000] {processor.py:179} INFO - Processing /home/airflow-vm/data-engineer-batch-processing-financial-services/.venv/lib/python3.10/site-packages/airflow/example_dags/example_setup_teardown_taskflow.py took 0.015 seconds
[2024-09-03T11:50:25.739+0000] {processor.py:157} INFO - Started process (PID=29657) to work on /home/airflow-vm/data-engineer-batch-processing-financial-services/.venv/lib/python3.10/site-packages/airflow/example_dags/example_setup_teardown_taskflow.py
[2024-09-03T11:50:25.740+0000] {processor.py:826} INFO - Processing file /home/airflow-vm/data-engineer-batch-processing-financial-services/.venv/lib/python3.10/site-packages/airflow/example_dags/example_setup_teardown_taskflow.py for tasks to queue
[2024-09-03T11:50:25.740+0000] {logging_mixin.py:149} INFO - [2024-09-03T11:50:25.740+0000] {dagbag.py:541} INFO - Filling up the DagBag from /home/airflow-vm/data-engineer-batch-processing-financial-services/.venv/lib/python3.10/site-packages/airflow/example_dags/example_setup_teardown_taskflow.py
[2024-09-03T11:50:25.742+0000] {processor.py:838} WARNING - No viable dags retrieved from /home/airflow-vm/data-engineer-batch-processing-financial-services/.venv/lib/python3.10/site-packages/airflow/example_dags/example_setup_teardown_taskflow.py
[2024-09-03T11:50:25.750+0000] {processor.py:179} INFO - Processing /home/airflow-vm/data-engineer-batch-processing-financial-services/.venv/lib/python3.10/site-packages/airflow/example_dags/example_setup_teardown_taskflow.py took 0.014 seconds
[2024-09-03T11:51:09.841+0000] {processor.py:157} INFO - Started process (PID=29704) to work on /home/airflow-vm/data-engineer-batch-processing-financial-services/.venv/lib/python3.10/site-packages/airflow/example_dags/example_setup_teardown_taskflow.py
[2024-09-03T11:51:09.842+0000] {processor.py:826} INFO - Processing file /home/airflow-vm/data-engineer-batch-processing-financial-services/.venv/lib/python3.10/site-packages/airflow/example_dags/example_setup_teardown_taskflow.py for tasks to queue
[2024-09-03T11:51:09.842+0000] {logging_mixin.py:149} INFO - [2024-09-03T11:51:09.842+0000] {dagbag.py:541} INFO - Filling up the DagBag from /home/airflow-vm/data-engineer-batch-processing-financial-services/.venv/lib/python3.10/site-packages/airflow/example_dags/example_setup_teardown_taskflow.py
[2024-09-03T11:51:09.844+0000] {processor.py:838} WARNING - No viable dags retrieved from /home/airflow-vm/data-engineer-batch-processing-financial-services/.venv/lib/python3.10/site-packages/airflow/example_dags/example_setup_teardown_taskflow.py
[2024-09-03T11:51:09.853+0000] {processor.py:179} INFO - Processing /home/airflow-vm/data-engineer-batch-processing-financial-services/.venv/lib/python3.10/site-packages/airflow/example_dags/example_setup_teardown_taskflow.py took 0.014 seconds
[2024-09-03T11:51:53.715+0000] {processor.py:157} INFO - Started process (PID=29753) to work on /home/airflow-vm/data-engineer-batch-processing-financial-services/.venv/lib/python3.10/site-packages/airflow/example_dags/example_setup_teardown_taskflow.py
[2024-09-03T11:51:53.716+0000] {processor.py:826} INFO - Processing file /home/airflow-vm/data-engineer-batch-processing-financial-services/.venv/lib/python3.10/site-packages/airflow/example_dags/example_setup_teardown_taskflow.py for tasks to queue
[2024-09-03T11:51:53.717+0000] {logging_mixin.py:149} INFO - [2024-09-03T11:51:53.717+0000] {dagbag.py:541} INFO - Filling up the DagBag from /home/airflow-vm/data-engineer-batch-processing-financial-services/.venv/lib/python3.10/site-packages/airflow/example_dags/example_setup_teardown_taskflow.py
[2024-09-03T11:51:53.718+0000] {processor.py:838} WARNING - No viable dags retrieved from /home/airflow-vm/data-engineer-batch-processing-financial-services/.venv/lib/python3.10/site-packages/airflow/example_dags/example_setup_teardown_taskflow.py
[2024-09-03T11:51:53.727+0000] {processor.py:179} INFO - Processing /home/airflow-vm/data-engineer-batch-processing-financial-services/.venv/lib/python3.10/site-packages/airflow/example_dags/example_setup_teardown_taskflow.py took 0.014 seconds
[2024-09-03T11:52:39.971+0000] {processor.py:157} INFO - Started process (PID=29800) to work on /home/airflow-vm/data-engineer-batch-processing-financial-services/.venv/lib/python3.10/site-packages/airflow/example_dags/example_setup_teardown_taskflow.py
[2024-09-03T11:52:39.971+0000] {processor.py:826} INFO - Processing file /home/airflow-vm/data-engineer-batch-processing-financial-services/.venv/lib/python3.10/site-packages/airflow/example_dags/example_setup_teardown_taskflow.py for tasks to queue
[2024-09-03T11:52:39.972+0000] {logging_mixin.py:149} INFO - [2024-09-03T11:52:39.972+0000] {dagbag.py:541} INFO - Filling up the DagBag from /home/airflow-vm/data-engineer-batch-processing-financial-services/.venv/lib/python3.10/site-packages/airflow/example_dags/example_setup_teardown_taskflow.py
[2024-09-03T11:52:39.974+0000] {processor.py:838} WARNING - No viable dags retrieved from /home/airflow-vm/data-engineer-batch-processing-financial-services/.venv/lib/python3.10/site-packages/airflow/example_dags/example_setup_teardown_taskflow.py
[2024-09-03T11:52:39.983+0000] {processor.py:179} INFO - Processing /home/airflow-vm/data-engineer-batch-processing-financial-services/.venv/lib/python3.10/site-packages/airflow/example_dags/example_setup_teardown_taskflow.py took 0.015 seconds
[2024-09-03T11:53:27.340+0000] {processor.py:157} INFO - Started process (PID=29876) to work on /home/airflow-vm/data-engineer-batch-processing-financial-services/.venv/lib/python3.10/site-packages/airflow/example_dags/example_setup_teardown_taskflow.py
[2024-09-03T11:53:27.341+0000] {processor.py:826} INFO - Processing file /home/airflow-vm/data-engineer-batch-processing-financial-services/.venv/lib/python3.10/site-packages/airflow/example_dags/example_setup_teardown_taskflow.py for tasks to queue
[2024-09-03T11:53:27.341+0000] {logging_mixin.py:149} INFO - [2024-09-03T11:53:27.341+0000] {dagbag.py:541} INFO - Filling up the DagBag from /home/airflow-vm/data-engineer-batch-processing-financial-services/.venv/lib/python3.10/site-packages/airflow/example_dags/example_setup_teardown_taskflow.py
[2024-09-03T11:53:27.343+0000] {processor.py:838} WARNING - No viable dags retrieved from /home/airflow-vm/data-engineer-batch-processing-financial-services/.venv/lib/python3.10/site-packages/airflow/example_dags/example_setup_teardown_taskflow.py
[2024-09-03T11:53:27.353+0000] {processor.py:179} INFO - Processing /home/airflow-vm/data-engineer-batch-processing-financial-services/.venv/lib/python3.10/site-packages/airflow/example_dags/example_setup_teardown_taskflow.py took 0.016 seconds
[2024-09-03T11:54:15.315+0000] {processor.py:157} INFO - Started process (PID=29925) to work on /home/airflow-vm/data-engineer-batch-processing-financial-services/.venv/lib/python3.10/site-packages/airflow/example_dags/example_setup_teardown_taskflow.py
[2024-09-03T11:54:15.316+0000] {processor.py:826} INFO - Processing file /home/airflow-vm/data-engineer-batch-processing-financial-services/.venv/lib/python3.10/site-packages/airflow/example_dags/example_setup_teardown_taskflow.py for tasks to queue
[2024-09-03T11:54:15.317+0000] {logging_mixin.py:149} INFO - [2024-09-03T11:54:15.316+0000] {dagbag.py:541} INFO - Filling up the DagBag from /home/airflow-vm/data-engineer-batch-processing-financial-services/.venv/lib/python3.10/site-packages/airflow/example_dags/example_setup_teardown_taskflow.py
[2024-09-03T11:54:15.318+0000] {processor.py:838} WARNING - No viable dags retrieved from /home/airflow-vm/data-engineer-batch-processing-financial-services/.venv/lib/python3.10/site-packages/airflow/example_dags/example_setup_teardown_taskflow.py
[2024-09-03T11:54:15.328+0000] {processor.py:179} INFO - Processing /home/airflow-vm/data-engineer-batch-processing-financial-services/.venv/lib/python3.10/site-packages/airflow/example_dags/example_setup_teardown_taskflow.py took 0.016 seconds
[2024-09-03T11:55:05.074+0000] {processor.py:157} INFO - Started process (PID=29982) to work on /home/airflow-vm/data-engineer-batch-processing-financial-services/.venv/lib/python3.10/site-packages/airflow/example_dags/example_setup_teardown_taskflow.py
[2024-09-03T11:55:05.075+0000] {processor.py:826} INFO - Processing file /home/airflow-vm/data-engineer-batch-processing-financial-services/.venv/lib/python3.10/site-packages/airflow/example_dags/example_setup_teardown_taskflow.py for tasks to queue
[2024-09-03T11:55:05.076+0000] {logging_mixin.py:149} INFO - [2024-09-03T11:55:05.076+0000] {dagbag.py:541} INFO - Filling up the DagBag from /home/airflow-vm/data-engineer-batch-processing-financial-services/.venv/lib/python3.10/site-packages/airflow/example_dags/example_setup_teardown_taskflow.py
[2024-09-03T11:55:05.077+0000] {processor.py:838} WARNING - No viable dags retrieved from /home/airflow-vm/data-engineer-batch-processing-financial-services/.venv/lib/python3.10/site-packages/airflow/example_dags/example_setup_teardown_taskflow.py
[2024-09-03T11:55:05.086+0000] {processor.py:179} INFO - Processing /home/airflow-vm/data-engineer-batch-processing-financial-services/.venv/lib/python3.10/site-packages/airflow/example_dags/example_setup_teardown_taskflow.py took 0.014 seconds
[2024-09-03T11:55:48.997+0000] {processor.py:157} INFO - Started process (PID=30030) to work on /home/airflow-vm/data-engineer-batch-processing-financial-services/.venv/lib/python3.10/site-packages/airflow/example_dags/example_setup_teardown_taskflow.py
[2024-09-03T11:55:48.998+0000] {processor.py:826} INFO - Processing file /home/airflow-vm/data-engineer-batch-processing-financial-services/.venv/lib/python3.10/site-packages/airflow/example_dags/example_setup_teardown_taskflow.py for tasks to queue
[2024-09-03T11:55:48.998+0000] {logging_mixin.py:149} INFO - [2024-09-03T11:55:48.998+0000] {dagbag.py:541} INFO - Filling up the DagBag from /home/airflow-vm/data-engineer-batch-processing-financial-services/.venv/lib/python3.10/site-packages/airflow/example_dags/example_setup_teardown_taskflow.py
[2024-09-03T11:55:49.000+0000] {processor.py:838} WARNING - No viable dags retrieved from /home/airflow-vm/data-engineer-batch-processing-financial-services/.venv/lib/python3.10/site-packages/airflow/example_dags/example_setup_teardown_taskflow.py
[2024-09-03T11:55:49.008+0000] {processor.py:179} INFO - Processing /home/airflow-vm/data-engineer-batch-processing-financial-services/.venv/lib/python3.10/site-packages/airflow/example_dags/example_setup_teardown_taskflow.py took 0.014 seconds
[2024-09-03T11:56:36.494+0000] {processor.py:157} INFO - Started process (PID=30080) to work on /home/airflow-vm/data-engineer-batch-processing-financial-services/.venv/lib/python3.10/site-packages/airflow/example_dags/example_setup_teardown_taskflow.py
[2024-09-03T11:56:36.495+0000] {processor.py:826} INFO - Processing file /home/airflow-vm/data-engineer-batch-processing-financial-services/.venv/lib/python3.10/site-packages/airflow/example_dags/example_setup_teardown_taskflow.py for tasks to queue
[2024-09-03T11:56:36.496+0000] {logging_mixin.py:149} INFO - [2024-09-03T11:56:36.496+0000] {dagbag.py:541} INFO - Filling up the DagBag from /home/airflow-vm/data-engineer-batch-processing-financial-services/.venv/lib/python3.10/site-packages/airflow/example_dags/example_setup_teardown_taskflow.py
[2024-09-03T11:56:36.497+0000] {processor.py:838} WARNING - No viable dags retrieved from /home/airflow-vm/data-engineer-batch-processing-financial-services/.venv/lib/python3.10/site-packages/airflow/example_dags/example_setup_teardown_taskflow.py
[2024-09-03T11:56:36.507+0000] {processor.py:179} INFO - Processing /home/airflow-vm/data-engineer-batch-processing-financial-services/.venv/lib/python3.10/site-packages/airflow/example_dags/example_setup_teardown_taskflow.py took 0.015 seconds
