[2024-09-03T10:58:12.874+0000] {processor.py:157} INFO - Started process (PID=3483) to work on /home/airflow-vm/data-engineer-batch-processing-financial-services/.venv/lib/python3.10/site-packages/airflow/example_dags/example_kubernetes_executor.py
[2024-09-03T10:58:12.875+0000] {processor.py:826} INFO - Processing file /home/airflow-vm/data-engineer-batch-processing-financial-services/.venv/lib/python3.10/site-packages/airflow/example_dags/example_kubernetes_executor.py for tasks to queue
[2024-09-03T10:58:12.876+0000] {logging_mixin.py:149} INFO - [2024-09-03T10:58:12.876+0000] {dagbag.py:541} INFO - Filling up the DagBag from /home/airflow-vm/data-engineer-batch-processing-financial-services/.venv/lib/python3.10/site-packages/airflow/example_dags/example_kubernetes_executor.py
[2024-09-03T10:58:12.878+0000] {logging_mixin.py:149} INFO - [2024-09-03T10:58:12.878+0000] {example_kubernetes_executor.py:41} WARNING - The example_kubernetes_executor example DAG requires the kubernetes provider. Please install it with: pip install apache-airflow[cncf.kubernetes]
[2024-09-03T10:58:12.878+0000] {processor.py:838} WARNING - No viable dags retrieved from /home/airflow-vm/data-engineer-batch-processing-financial-services/.venv/lib/python3.10/site-packages/airflow/example_dags/example_kubernetes_executor.py
[2024-09-03T10:58:12.887+0000] {processor.py:179} INFO - Processing /home/airflow-vm/data-engineer-batch-processing-financial-services/.venv/lib/python3.10/site-packages/airflow/example_dags/example_kubernetes_executor.py took 0.015 seconds
[2024-09-03T10:58:58.463+0000] {processor.py:157} INFO - Started process (PID=3793) to work on /home/airflow-vm/data-engineer-batch-processing-financial-services/.venv/lib/python3.10/site-packages/airflow/example_dags/example_kubernetes_executor.py
[2024-09-03T10:58:58.464+0000] {processor.py:826} INFO - Processing file /home/airflow-vm/data-engineer-batch-processing-financial-services/.venv/lib/python3.10/site-packages/airflow/example_dags/example_kubernetes_executor.py for tasks to queue
[2024-09-03T10:58:58.465+0000] {logging_mixin.py:149} INFO - [2024-09-03T10:58:58.465+0000] {dagbag.py:541} INFO - Filling up the DagBag from /home/airflow-vm/data-engineer-batch-processing-financial-services/.venv/lib/python3.10/site-packages/airflow/example_dags/example_kubernetes_executor.py
[2024-09-03T10:58:58.467+0000] {logging_mixin.py:149} INFO - [2024-09-03T10:58:58.467+0000] {example_kubernetes_executor.py:41} WARNING - The example_kubernetes_executor example DAG requires the kubernetes provider. Please install it with: pip install apache-airflow[cncf.kubernetes]
[2024-09-03T10:58:58.467+0000] {processor.py:838} WARNING - No viable dags retrieved from /home/airflow-vm/data-engineer-batch-processing-financial-services/.venv/lib/python3.10/site-packages/airflow/example_dags/example_kubernetes_executor.py
[2024-09-03T10:58:58.476+0000] {processor.py:179} INFO - Processing /home/airflow-vm/data-engineer-batch-processing-financial-services/.venv/lib/python3.10/site-packages/airflow/example_dags/example_kubernetes_executor.py took 0.016 seconds
[2024-09-03T10:59:44.504+0000] {processor.py:157} INFO - Started process (PID=3876) to work on /home/airflow-vm/data-engineer-batch-processing-financial-services/.venv/lib/python3.10/site-packages/airflow/example_dags/example_kubernetes_executor.py
[2024-09-03T10:59:44.505+0000] {processor.py:826} INFO - Processing file /home/airflow-vm/data-engineer-batch-processing-financial-services/.venv/lib/python3.10/site-packages/airflow/example_dags/example_kubernetes_executor.py for tasks to queue
[2024-09-03T10:59:44.505+0000] {logging_mixin.py:149} INFO - [2024-09-03T10:59:44.505+0000] {dagbag.py:541} INFO - Filling up the DagBag from /home/airflow-vm/data-engineer-batch-processing-financial-services/.venv/lib/python3.10/site-packages/airflow/example_dags/example_kubernetes_executor.py
[2024-09-03T10:59:44.507+0000] {logging_mixin.py:149} INFO - [2024-09-03T10:59:44.507+0000] {example_kubernetes_executor.py:41} WARNING - The example_kubernetes_executor example DAG requires the kubernetes provider. Please install it with: pip install apache-airflow[cncf.kubernetes]
[2024-09-03T10:59:44.508+0000] {processor.py:838} WARNING - No viable dags retrieved from /home/airflow-vm/data-engineer-batch-processing-financial-services/.venv/lib/python3.10/site-packages/airflow/example_dags/example_kubernetes_executor.py
[2024-09-03T10:59:44.516+0000] {processor.py:179} INFO - Processing /home/airflow-vm/data-engineer-batch-processing-financial-services/.venv/lib/python3.10/site-packages/airflow/example_dags/example_kubernetes_executor.py took 0.015 seconds
[2024-09-03T11:00:30.970+0000] {processor.py:157} INFO - Started process (PID=4345) to work on /home/airflow-vm/data-engineer-batch-processing-financial-services/.venv/lib/python3.10/site-packages/airflow/example_dags/example_kubernetes_executor.py
[2024-09-03T11:00:30.971+0000] {processor.py:826} INFO - Processing file /home/airflow-vm/data-engineer-batch-processing-financial-services/.venv/lib/python3.10/site-packages/airflow/example_dags/example_kubernetes_executor.py for tasks to queue
[2024-09-03T11:00:30.972+0000] {logging_mixin.py:149} INFO - [2024-09-03T11:00:30.972+0000] {dagbag.py:541} INFO - Filling up the DagBag from /home/airflow-vm/data-engineer-batch-processing-financial-services/.venv/lib/python3.10/site-packages/airflow/example_dags/example_kubernetes_executor.py
[2024-09-03T11:00:30.974+0000] {logging_mixin.py:149} INFO - [2024-09-03T11:00:30.974+0000] {example_kubernetes_executor.py:41} WARNING - The example_kubernetes_executor example DAG requires the kubernetes provider. Please install it with: pip install apache-airflow[cncf.kubernetes]
[2024-09-03T11:00:30.974+0000] {processor.py:838} WARNING - No viable dags retrieved from /home/airflow-vm/data-engineer-batch-processing-financial-services/.venv/lib/python3.10/site-packages/airflow/example_dags/example_kubernetes_executor.py
[2024-09-03T11:00:30.983+0000] {processor.py:179} INFO - Processing /home/airflow-vm/data-engineer-batch-processing-financial-services/.venv/lib/python3.10/site-packages/airflow/example_dags/example_kubernetes_executor.py took 0.016 seconds
[2024-09-03T11:01:17.935+0000] {processor.py:157} INFO - Started process (PID=4676) to work on /home/airflow-vm/data-engineer-batch-processing-financial-services/.venv/lib/python3.10/site-packages/airflow/example_dags/example_kubernetes_executor.py
[2024-09-03T11:01:17.936+0000] {processor.py:826} INFO - Processing file /home/airflow-vm/data-engineer-batch-processing-financial-services/.venv/lib/python3.10/site-packages/airflow/example_dags/example_kubernetes_executor.py for tasks to queue
[2024-09-03T11:01:17.936+0000] {logging_mixin.py:149} INFO - [2024-09-03T11:01:17.936+0000] {dagbag.py:541} INFO - Filling up the DagBag from /home/airflow-vm/data-engineer-batch-processing-financial-services/.venv/lib/python3.10/site-packages/airflow/example_dags/example_kubernetes_executor.py
[2024-09-03T11:01:17.938+0000] {logging_mixin.py:149} INFO - [2024-09-03T11:01:17.938+0000] {example_kubernetes_executor.py:41} WARNING - The example_kubernetes_executor example DAG requires the kubernetes provider. Please install it with: pip install apache-airflow[cncf.kubernetes]
[2024-09-03T11:01:17.939+0000] {processor.py:838} WARNING - No viable dags retrieved from /home/airflow-vm/data-engineer-batch-processing-financial-services/.venv/lib/python3.10/site-packages/airflow/example_dags/example_kubernetes_executor.py
[2024-09-03T11:01:17.947+0000] {processor.py:179} INFO - Processing /home/airflow-vm/data-engineer-batch-processing-financial-services/.venv/lib/python3.10/site-packages/airflow/example_dags/example_kubernetes_executor.py took 0.015 seconds
[2024-09-03T11:02:04.568+0000] {processor.py:157} INFO - Started process (PID=4795) to work on /home/airflow-vm/data-engineer-batch-processing-financial-services/.venv/lib/python3.10/site-packages/airflow/example_dags/example_kubernetes_executor.py
[2024-09-03T11:02:04.568+0000] {processor.py:826} INFO - Processing file /home/airflow-vm/data-engineer-batch-processing-financial-services/.venv/lib/python3.10/site-packages/airflow/example_dags/example_kubernetes_executor.py for tasks to queue
[2024-09-03T11:02:04.569+0000] {logging_mixin.py:149} INFO - [2024-09-03T11:02:04.569+0000] {dagbag.py:541} INFO - Filling up the DagBag from /home/airflow-vm/data-engineer-batch-processing-financial-services/.venv/lib/python3.10/site-packages/airflow/example_dags/example_kubernetes_executor.py
[2024-09-03T11:02:04.571+0000] {logging_mixin.py:149} INFO - [2024-09-03T11:02:04.571+0000] {example_kubernetes_executor.py:41} WARNING - The example_kubernetes_executor example DAG requires the kubernetes provider. Please install it with: pip install apache-airflow[cncf.kubernetes]
[2024-09-03T11:02:04.572+0000] {processor.py:838} WARNING - No viable dags retrieved from /home/airflow-vm/data-engineer-batch-processing-financial-services/.venv/lib/python3.10/site-packages/airflow/example_dags/example_kubernetes_executor.py
[2024-09-03T11:02:04.581+0000] {processor.py:179} INFO - Processing /home/airflow-vm/data-engineer-batch-processing-financial-services/.venv/lib/python3.10/site-packages/airflow/example_dags/example_kubernetes_executor.py took 0.016 seconds
[2024-09-03T11:02:52.090+0000] {processor.py:157} INFO - Started process (PID=4941) to work on /home/airflow-vm/data-engineer-batch-processing-financial-services/.venv/lib/python3.10/site-packages/airflow/example_dags/example_kubernetes_executor.py
[2024-09-03T11:02:52.091+0000] {processor.py:826} INFO - Processing file /home/airflow-vm/data-engineer-batch-processing-financial-services/.venv/lib/python3.10/site-packages/airflow/example_dags/example_kubernetes_executor.py for tasks to queue
[2024-09-03T11:02:52.092+0000] {logging_mixin.py:149} INFO - [2024-09-03T11:02:52.092+0000] {dagbag.py:541} INFO - Filling up the DagBag from /home/airflow-vm/data-engineer-batch-processing-financial-services/.venv/lib/python3.10/site-packages/airflow/example_dags/example_kubernetes_executor.py
[2024-09-03T11:02:52.094+0000] {logging_mixin.py:149} INFO - [2024-09-03T11:02:52.094+0000] {example_kubernetes_executor.py:41} WARNING - The example_kubernetes_executor example DAG requires the kubernetes provider. Please install it with: pip install apache-airflow[cncf.kubernetes]
[2024-09-03T11:02:52.094+0000] {processor.py:838} WARNING - No viable dags retrieved from /home/airflow-vm/data-engineer-batch-processing-financial-services/.venv/lib/python3.10/site-packages/airflow/example_dags/example_kubernetes_executor.py
[2024-09-03T11:02:52.103+0000] {processor.py:179} INFO - Processing /home/airflow-vm/data-engineer-batch-processing-financial-services/.venv/lib/python3.10/site-packages/airflow/example_dags/example_kubernetes_executor.py took 0.015 seconds
[2024-09-03T11:04:56.803+0000] {processor.py:157} INFO - Started process (PID=6258) to work on /home/airflow-vm/data-engineer-batch-processing-financial-services/.venv/lib/python3.10/site-packages/airflow/example_dags/example_kubernetes_executor.py
[2024-09-03T11:04:56.804+0000] {processor.py:826} INFO - Processing file /home/airflow-vm/data-engineer-batch-processing-financial-services/.venv/lib/python3.10/site-packages/airflow/example_dags/example_kubernetes_executor.py for tasks to queue
[2024-09-03T11:04:56.804+0000] {logging_mixin.py:149} INFO - [2024-09-03T11:04:56.804+0000] {dagbag.py:541} INFO - Filling up the DagBag from /home/airflow-vm/data-engineer-batch-processing-financial-services/.venv/lib/python3.10/site-packages/airflow/example_dags/example_kubernetes_executor.py
[2024-09-03T11:04:56.807+0000] {logging_mixin.py:149} INFO - [2024-09-03T11:04:56.806+0000] {example_kubernetes_executor.py:41} WARNING - The example_kubernetes_executor example DAG requires the kubernetes provider. Please install it with: pip install apache-airflow[cncf.kubernetes]
[2024-09-03T11:04:56.807+0000] {processor.py:838} WARNING - No viable dags retrieved from /home/airflow-vm/data-engineer-batch-processing-financial-services/.venv/lib/python3.10/site-packages/airflow/example_dags/example_kubernetes_executor.py
[2024-09-03T11:04:56.815+0000] {processor.py:179} INFO - Processing /home/airflow-vm/data-engineer-batch-processing-financial-services/.venv/lib/python3.10/site-packages/airflow/example_dags/example_kubernetes_executor.py took 0.015 seconds
[2024-09-03T11:07:22.097+0000] {processor.py:157} INFO - Started process (PID=7287) to work on /home/airflow-vm/data-engineer-batch-processing-financial-services/.venv/lib/python3.10/site-packages/airflow/example_dags/example_kubernetes_executor.py
[2024-09-03T11:07:22.098+0000] {processor.py:826} INFO - Processing file /home/airflow-vm/data-engineer-batch-processing-financial-services/.venv/lib/python3.10/site-packages/airflow/example_dags/example_kubernetes_executor.py for tasks to queue
[2024-09-03T11:07:22.099+0000] {logging_mixin.py:149} INFO - [2024-09-03T11:07:22.098+0000] {dagbag.py:541} INFO - Filling up the DagBag from /home/airflow-vm/data-engineer-batch-processing-financial-services/.venv/lib/python3.10/site-packages/airflow/example_dags/example_kubernetes_executor.py
[2024-09-03T11:07:22.101+0000] {logging_mixin.py:149} INFO - [2024-09-03T11:07:22.101+0000] {example_kubernetes_executor.py:41} WARNING - The example_kubernetes_executor example DAG requires the kubernetes provider. Please install it with: pip install apache-airflow[cncf.kubernetes]
[2024-09-03T11:07:22.101+0000] {processor.py:838} WARNING - No viable dags retrieved from /home/airflow-vm/data-engineer-batch-processing-financial-services/.venv/lib/python3.10/site-packages/airflow/example_dags/example_kubernetes_executor.py
[2024-09-03T11:07:22.110+0000] {processor.py:179} INFO - Processing /home/airflow-vm/data-engineer-batch-processing-financial-services/.venv/lib/python3.10/site-packages/airflow/example_dags/example_kubernetes_executor.py took 0.015 seconds
[2024-09-03T11:09:27.110+0000] {processor.py:157} INFO - Started process (PID=8152) to work on /home/airflow-vm/data-engineer-batch-processing-financial-services/.venv/lib/python3.10/site-packages/airflow/example_dags/example_kubernetes_executor.py
[2024-09-03T11:09:27.111+0000] {processor.py:826} INFO - Processing file /home/airflow-vm/data-engineer-batch-processing-financial-services/.venv/lib/python3.10/site-packages/airflow/example_dags/example_kubernetes_executor.py for tasks to queue
[2024-09-03T11:09:27.112+0000] {logging_mixin.py:149} INFO - [2024-09-03T11:09:27.112+0000] {dagbag.py:541} INFO - Filling up the DagBag from /home/airflow-vm/data-engineer-batch-processing-financial-services/.venv/lib/python3.10/site-packages/airflow/example_dags/example_kubernetes_executor.py
[2024-09-03T11:09:27.115+0000] {logging_mixin.py:149} INFO - [2024-09-03T11:09:27.114+0000] {example_kubernetes_executor.py:41} WARNING - The example_kubernetes_executor example DAG requires the kubernetes provider. Please install it with: pip install apache-airflow[cncf.kubernetes]
[2024-09-03T11:09:27.115+0000] {processor.py:838} WARNING - No viable dags retrieved from /home/airflow-vm/data-engineer-batch-processing-financial-services/.venv/lib/python3.10/site-packages/airflow/example_dags/example_kubernetes_executor.py
[2024-09-03T11:09:27.124+0000] {processor.py:179} INFO - Processing /home/airflow-vm/data-engineer-batch-processing-financial-services/.venv/lib/python3.10/site-packages/airflow/example_dags/example_kubernetes_executor.py took 0.017 seconds
[2024-09-03T11:11:33.872+0000] {processor.py:157} INFO - Started process (PID=9022) to work on /home/airflow-vm/data-engineer-batch-processing-financial-services/.venv/lib/python3.10/site-packages/airflow/example_dags/example_kubernetes_executor.py
[2024-09-03T11:11:33.873+0000] {processor.py:826} INFO - Processing file /home/airflow-vm/data-engineer-batch-processing-financial-services/.venv/lib/python3.10/site-packages/airflow/example_dags/example_kubernetes_executor.py for tasks to queue
[2024-09-03T11:11:33.874+0000] {logging_mixin.py:149} INFO - [2024-09-03T11:11:33.874+0000] {dagbag.py:541} INFO - Filling up the DagBag from /home/airflow-vm/data-engineer-batch-processing-financial-services/.venv/lib/python3.10/site-packages/airflow/example_dags/example_kubernetes_executor.py
[2024-09-03T11:11:33.876+0000] {logging_mixin.py:149} INFO - [2024-09-03T11:11:33.876+0000] {example_kubernetes_executor.py:41} WARNING - The example_kubernetes_executor example DAG requires the kubernetes provider. Please install it with: pip install apache-airflow[cncf.kubernetes]
[2024-09-03T11:11:33.876+0000] {processor.py:838} WARNING - No viable dags retrieved from /home/airflow-vm/data-engineer-batch-processing-financial-services/.venv/lib/python3.10/site-packages/airflow/example_dags/example_kubernetes_executor.py
[2024-09-03T11:11:33.886+0000] {processor.py:179} INFO - Processing /home/airflow-vm/data-engineer-batch-processing-financial-services/.venv/lib/python3.10/site-packages/airflow/example_dags/example_kubernetes_executor.py took 0.016 seconds
[2024-09-03T11:13:41.924+0000] {processor.py:157} INFO - Started process (PID=9932) to work on /home/airflow-vm/data-engineer-batch-processing-financial-services/.venv/lib/python3.10/site-packages/airflow/example_dags/example_kubernetes_executor.py
[2024-09-03T11:13:41.924+0000] {processor.py:826} INFO - Processing file /home/airflow-vm/data-engineer-batch-processing-financial-services/.venv/lib/python3.10/site-packages/airflow/example_dags/example_kubernetes_executor.py for tasks to queue
[2024-09-03T11:13:41.925+0000] {logging_mixin.py:149} INFO - [2024-09-03T11:13:41.925+0000] {dagbag.py:541} INFO - Filling up the DagBag from /home/airflow-vm/data-engineer-batch-processing-financial-services/.venv/lib/python3.10/site-packages/airflow/example_dags/example_kubernetes_executor.py
[2024-09-03T11:13:41.927+0000] {logging_mixin.py:149} INFO - [2024-09-03T11:13:41.927+0000] {example_kubernetes_executor.py:41} WARNING - The example_kubernetes_executor example DAG requires the kubernetes provider. Please install it with: pip install apache-airflow[cncf.kubernetes]
[2024-09-03T11:13:41.927+0000] {processor.py:838} WARNING - No viable dags retrieved from /home/airflow-vm/data-engineer-batch-processing-financial-services/.venv/lib/python3.10/site-packages/airflow/example_dags/example_kubernetes_executor.py
[2024-09-03T11:13:41.936+0000] {processor.py:179} INFO - Processing /home/airflow-vm/data-engineer-batch-processing-financial-services/.venv/lib/python3.10/site-packages/airflow/example_dags/example_kubernetes_executor.py took 0.015 seconds
[2024-09-03T11:15:46.449+0000] {processor.py:157} INFO - Started process (PID=11026) to work on /home/airflow-vm/data-engineer-batch-processing-financial-services/.venv/lib/python3.10/site-packages/airflow/example_dags/example_kubernetes_executor.py
[2024-09-03T11:15:46.449+0000] {processor.py:826} INFO - Processing file /home/airflow-vm/data-engineer-batch-processing-financial-services/.venv/lib/python3.10/site-packages/airflow/example_dags/example_kubernetes_executor.py for tasks to queue
[2024-09-03T11:15:46.450+0000] {logging_mixin.py:149} INFO - [2024-09-03T11:15:46.450+0000] {dagbag.py:541} INFO - Filling up the DagBag from /home/airflow-vm/data-engineer-batch-processing-financial-services/.venv/lib/python3.10/site-packages/airflow/example_dags/example_kubernetes_executor.py
[2024-09-03T11:15:46.453+0000] {logging_mixin.py:149} INFO - [2024-09-03T11:15:46.453+0000] {example_kubernetes_executor.py:41} WARNING - The example_kubernetes_executor example DAG requires the kubernetes provider. Please install it with: pip install apache-airflow[cncf.kubernetes]
[2024-09-03T11:15:46.453+0000] {processor.py:838} WARNING - No viable dags retrieved from /home/airflow-vm/data-engineer-batch-processing-financial-services/.venv/lib/python3.10/site-packages/airflow/example_dags/example_kubernetes_executor.py
[2024-09-03T11:15:46.463+0000] {processor.py:179} INFO - Processing /home/airflow-vm/data-engineer-batch-processing-financial-services/.venv/lib/python3.10/site-packages/airflow/example_dags/example_kubernetes_executor.py took 0.017 seconds
[2024-09-03T11:18:09.159+0000] {processor.py:157} INFO - Started process (PID=12221) to work on /home/airflow-vm/data-engineer-batch-processing-financial-services/.venv/lib/python3.10/site-packages/airflow/example_dags/example_kubernetes_executor.py
[2024-09-03T11:18:09.160+0000] {processor.py:826} INFO - Processing file /home/airflow-vm/data-engineer-batch-processing-financial-services/.venv/lib/python3.10/site-packages/airflow/example_dags/example_kubernetes_executor.py for tasks to queue
[2024-09-03T11:18:09.160+0000] {logging_mixin.py:149} INFO - [2024-09-03T11:18:09.160+0000] {dagbag.py:541} INFO - Filling up the DagBag from /home/airflow-vm/data-engineer-batch-processing-financial-services/.venv/lib/python3.10/site-packages/airflow/example_dags/example_kubernetes_executor.py
[2024-09-03T11:18:09.163+0000] {logging_mixin.py:149} INFO - [2024-09-03T11:18:09.163+0000] {example_kubernetes_executor.py:41} WARNING - The example_kubernetes_executor example DAG requires the kubernetes provider. Please install it with: pip install apache-airflow[cncf.kubernetes]
[2024-09-03T11:18:09.163+0000] {processor.py:838} WARNING - No viable dags retrieved from /home/airflow-vm/data-engineer-batch-processing-financial-services/.venv/lib/python3.10/site-packages/airflow/example_dags/example_kubernetes_executor.py
[2024-09-03T11:18:09.172+0000] {processor.py:179} INFO - Processing /home/airflow-vm/data-engineer-batch-processing-financial-services/.venv/lib/python3.10/site-packages/airflow/example_dags/example_kubernetes_executor.py took 0.016 seconds
[2024-09-03T11:20:45.979+0000] {processor.py:157} INFO - Started process (PID=13676) to work on /home/airflow-vm/data-engineer-batch-processing-financial-services/.venv/lib/python3.10/site-packages/airflow/example_dags/example_kubernetes_executor.py
[2024-09-03T11:20:45.979+0000] {processor.py:826} INFO - Processing file /home/airflow-vm/data-engineer-batch-processing-financial-services/.venv/lib/python3.10/site-packages/airflow/example_dags/example_kubernetes_executor.py for tasks to queue
[2024-09-03T11:20:45.980+0000] {logging_mixin.py:149} INFO - [2024-09-03T11:20:45.980+0000] {dagbag.py:541} INFO - Filling up the DagBag from /home/airflow-vm/data-engineer-batch-processing-financial-services/.venv/lib/python3.10/site-packages/airflow/example_dags/example_kubernetes_executor.py
[2024-09-03T11:20:45.982+0000] {logging_mixin.py:149} INFO - [2024-09-03T11:20:45.982+0000] {example_kubernetes_executor.py:41} WARNING - The example_kubernetes_executor example DAG requires the kubernetes provider. Please install it with: pip install apache-airflow[cncf.kubernetes]
[2024-09-03T11:20:45.983+0000] {processor.py:838} WARNING - No viable dags retrieved from /home/airflow-vm/data-engineer-batch-processing-financial-services/.venv/lib/python3.10/site-packages/airflow/example_dags/example_kubernetes_executor.py
[2024-09-03T11:20:45.991+0000] {processor.py:179} INFO - Processing /home/airflow-vm/data-engineer-batch-processing-financial-services/.venv/lib/python3.10/site-packages/airflow/example_dags/example_kubernetes_executor.py took 0.015 seconds
[2024-09-03T11:23:48.845+0000] {processor.py:157} INFO - Started process (PID=15150) to work on /home/airflow-vm/data-engineer-batch-processing-financial-services/.venv/lib/python3.10/site-packages/airflow/example_dags/example_kubernetes_executor.py
[2024-09-03T11:23:48.846+0000] {processor.py:826} INFO - Processing file /home/airflow-vm/data-engineer-batch-processing-financial-services/.venv/lib/python3.10/site-packages/airflow/example_dags/example_kubernetes_executor.py for tasks to queue
[2024-09-03T11:23:48.847+0000] {logging_mixin.py:149} INFO - [2024-09-03T11:23:48.846+0000] {dagbag.py:541} INFO - Filling up the DagBag from /home/airflow-vm/data-engineer-batch-processing-financial-services/.venv/lib/python3.10/site-packages/airflow/example_dags/example_kubernetes_executor.py
[2024-09-03T11:23:48.849+0000] {logging_mixin.py:149} INFO - [2024-09-03T11:23:48.849+0000] {example_kubernetes_executor.py:41} WARNING - The example_kubernetes_executor example DAG requires the kubernetes provider. Please install it with: pip install apache-airflow[cncf.kubernetes]
[2024-09-03T11:23:48.849+0000] {processor.py:838} WARNING - No viable dags retrieved from /home/airflow-vm/data-engineer-batch-processing-financial-services/.venv/lib/python3.10/site-packages/airflow/example_dags/example_kubernetes_executor.py
[2024-09-03T11:23:48.860+0000] {processor.py:179} INFO - Processing /home/airflow-vm/data-engineer-batch-processing-financial-services/.venv/lib/python3.10/site-packages/airflow/example_dags/example_kubernetes_executor.py took 0.018 seconds
[2024-09-03T11:26:33.395+0000] {processor.py:157} INFO - Started process (PID=16292) to work on /home/airflow-vm/data-engineer-batch-processing-financial-services/.venv/lib/python3.10/site-packages/airflow/example_dags/example_kubernetes_executor.py
[2024-09-03T11:26:33.396+0000] {processor.py:826} INFO - Processing file /home/airflow-vm/data-engineer-batch-processing-financial-services/.venv/lib/python3.10/site-packages/airflow/example_dags/example_kubernetes_executor.py for tasks to queue
[2024-09-03T11:26:33.397+0000] {logging_mixin.py:149} INFO - [2024-09-03T11:26:33.397+0000] {dagbag.py:541} INFO - Filling up the DagBag from /home/airflow-vm/data-engineer-batch-processing-financial-services/.venv/lib/python3.10/site-packages/airflow/example_dags/example_kubernetes_executor.py
[2024-09-03T11:26:33.399+0000] {logging_mixin.py:149} INFO - [2024-09-03T11:26:33.399+0000] {example_kubernetes_executor.py:41} WARNING - The example_kubernetes_executor example DAG requires the kubernetes provider. Please install it with: pip install apache-airflow[cncf.kubernetes]
[2024-09-03T11:26:33.400+0000] {processor.py:838} WARNING - No viable dags retrieved from /home/airflow-vm/data-engineer-batch-processing-financial-services/.venv/lib/python3.10/site-packages/airflow/example_dags/example_kubernetes_executor.py
[2024-09-03T11:26:33.409+0000] {processor.py:179} INFO - Processing /home/airflow-vm/data-engineer-batch-processing-financial-services/.venv/lib/python3.10/site-packages/airflow/example_dags/example_kubernetes_executor.py took 0.017 seconds
[2024-09-03T11:29:50.861+0000] {processor.py:157} INFO - Started process (PID=17904) to work on /home/airflow-vm/data-engineer-batch-processing-financial-services/.venv/lib/python3.10/site-packages/airflow/example_dags/example_kubernetes_executor.py
[2024-09-03T11:29:50.862+0000] {processor.py:826} INFO - Processing file /home/airflow-vm/data-engineer-batch-processing-financial-services/.venv/lib/python3.10/site-packages/airflow/example_dags/example_kubernetes_executor.py for tasks to queue
[2024-09-03T11:29:50.862+0000] {logging_mixin.py:149} INFO - [2024-09-03T11:29:50.862+0000] {dagbag.py:541} INFO - Filling up the DagBag from /home/airflow-vm/data-engineer-batch-processing-financial-services/.venv/lib/python3.10/site-packages/airflow/example_dags/example_kubernetes_executor.py
[2024-09-03T11:29:50.865+0000] {logging_mixin.py:149} INFO - [2024-09-03T11:29:50.865+0000] {example_kubernetes_executor.py:41} WARNING - The example_kubernetes_executor example DAG requires the kubernetes provider. Please install it with: pip install apache-airflow[cncf.kubernetes]
[2024-09-03T11:29:50.865+0000] {processor.py:838} WARNING - No viable dags retrieved from /home/airflow-vm/data-engineer-batch-processing-financial-services/.venv/lib/python3.10/site-packages/airflow/example_dags/example_kubernetes_executor.py
[2024-09-03T11:29:50.875+0000] {processor.py:179} INFO - Processing /home/airflow-vm/data-engineer-batch-processing-financial-services/.venv/lib/python3.10/site-packages/airflow/example_dags/example_kubernetes_executor.py took 0.018 seconds
[2024-09-03T11:33:46.187+0000] {processor.py:157} INFO - Started process (PID=20181) to work on /home/airflow-vm/data-engineer-batch-processing-financial-services/.venv/lib/python3.10/site-packages/airflow/example_dags/example_kubernetes_executor.py
[2024-09-03T11:33:46.188+0000] {processor.py:826} INFO - Processing file /home/airflow-vm/data-engineer-batch-processing-financial-services/.venv/lib/python3.10/site-packages/airflow/example_dags/example_kubernetes_executor.py for tasks to queue
[2024-09-03T11:33:46.189+0000] {logging_mixin.py:149} INFO - [2024-09-03T11:33:46.189+0000] {dagbag.py:541} INFO - Filling up the DagBag from /home/airflow-vm/data-engineer-batch-processing-financial-services/.venv/lib/python3.10/site-packages/airflow/example_dags/example_kubernetes_executor.py
[2024-09-03T11:33:46.192+0000] {logging_mixin.py:149} INFO - [2024-09-03T11:33:46.191+0000] {example_kubernetes_executor.py:41} WARNING - The example_kubernetes_executor example DAG requires the kubernetes provider. Please install it with: pip install apache-airflow[cncf.kubernetes]
[2024-09-03T11:33:46.192+0000] {processor.py:838} WARNING - No viable dags retrieved from /home/airflow-vm/data-engineer-batch-processing-financial-services/.venv/lib/python3.10/site-packages/airflow/example_dags/example_kubernetes_executor.py
[2024-09-03T11:33:46.201+0000] {processor.py:179} INFO - Processing /home/airflow-vm/data-engineer-batch-processing-financial-services/.venv/lib/python3.10/site-packages/airflow/example_dags/example_kubernetes_executor.py took 0.017 seconds
[2024-09-03T11:37:13.994+0000] {processor.py:157} INFO - Started process (PID=22558) to work on /home/airflow-vm/data-engineer-batch-processing-financial-services/.venv/lib/python3.10/site-packages/airflow/example_dags/example_kubernetes_executor.py
[2024-09-03T11:37:13.995+0000] {processor.py:826} INFO - Processing file /home/airflow-vm/data-engineer-batch-processing-financial-services/.venv/lib/python3.10/site-packages/airflow/example_dags/example_kubernetes_executor.py for tasks to queue
[2024-09-03T11:37:13.995+0000] {logging_mixin.py:149} INFO - [2024-09-03T11:37:13.995+0000] {dagbag.py:541} INFO - Filling up the DagBag from /home/airflow-vm/data-engineer-batch-processing-financial-services/.venv/lib/python3.10/site-packages/airflow/example_dags/example_kubernetes_executor.py
[2024-09-03T11:37:13.998+0000] {logging_mixin.py:149} INFO - [2024-09-03T11:37:13.998+0000] {example_kubernetes_executor.py:41} WARNING - The example_kubernetes_executor example DAG requires the kubernetes provider. Please install it with: pip install apache-airflow[cncf.kubernetes]
[2024-09-03T11:37:13.998+0000] {processor.py:838} WARNING - No viable dags retrieved from /home/airflow-vm/data-engineer-batch-processing-financial-services/.venv/lib/python3.10/site-packages/airflow/example_dags/example_kubernetes_executor.py
[2024-09-03T11:37:14.007+0000] {processor.py:179} INFO - Processing /home/airflow-vm/data-engineer-batch-processing-financial-services/.venv/lib/python3.10/site-packages/airflow/example_dags/example_kubernetes_executor.py took 0.016 seconds
[2024-09-03T11:38:01.740+0000] {processor.py:157} INFO - Started process (PID=22755) to work on /home/airflow-vm/data-engineer-batch-processing-financial-services/.venv/lib/python3.10/site-packages/airflow/example_dags/example_kubernetes_executor.py
[2024-09-03T11:38:01.741+0000] {processor.py:826} INFO - Processing file /home/airflow-vm/data-engineer-batch-processing-financial-services/.venv/lib/python3.10/site-packages/airflow/example_dags/example_kubernetes_executor.py for tasks to queue
[2024-09-03T11:38:01.742+0000] {logging_mixin.py:149} INFO - [2024-09-03T11:38:01.742+0000] {dagbag.py:541} INFO - Filling up the DagBag from /home/airflow-vm/data-engineer-batch-processing-financial-services/.venv/lib/python3.10/site-packages/airflow/example_dags/example_kubernetes_executor.py
[2024-09-03T11:38:01.744+0000] {logging_mixin.py:149} INFO - [2024-09-03T11:38:01.744+0000] {example_kubernetes_executor.py:41} WARNING - The example_kubernetes_executor example DAG requires the kubernetes provider. Please install it with: pip install apache-airflow[cncf.kubernetes]
[2024-09-03T11:38:01.745+0000] {processor.py:838} WARNING - No viable dags retrieved from /home/airflow-vm/data-engineer-batch-processing-financial-services/.venv/lib/python3.10/site-packages/airflow/example_dags/example_kubernetes_executor.py
[2024-09-03T11:38:01.754+0000] {processor.py:179} INFO - Processing /home/airflow-vm/data-engineer-batch-processing-financial-services/.venv/lib/python3.10/site-packages/airflow/example_dags/example_kubernetes_executor.py took 0.017 seconds
[2024-09-03T11:38:51.721+0000] {processor.py:157} INFO - Started process (PID=22982) to work on /home/airflow-vm/data-engineer-batch-processing-financial-services/.venv/lib/python3.10/site-packages/airflow/example_dags/example_kubernetes_executor.py
[2024-09-03T11:38:51.722+0000] {processor.py:826} INFO - Processing file /home/airflow-vm/data-engineer-batch-processing-financial-services/.venv/lib/python3.10/site-packages/airflow/example_dags/example_kubernetes_executor.py for tasks to queue
[2024-09-03T11:38:51.722+0000] {logging_mixin.py:149} INFO - [2024-09-03T11:38:51.722+0000] {dagbag.py:541} INFO - Filling up the DagBag from /home/airflow-vm/data-engineer-batch-processing-financial-services/.venv/lib/python3.10/site-packages/airflow/example_dags/example_kubernetes_executor.py
[2024-09-03T11:38:51.725+0000] {logging_mixin.py:149} INFO - [2024-09-03T11:38:51.725+0000] {example_kubernetes_executor.py:41} WARNING - The example_kubernetes_executor example DAG requires the kubernetes provider. Please install it with: pip install apache-airflow[cncf.kubernetes]
[2024-09-03T11:38:51.725+0000] {processor.py:838} WARNING - No viable dags retrieved from /home/airflow-vm/data-engineer-batch-processing-financial-services/.venv/lib/python3.10/site-packages/airflow/example_dags/example_kubernetes_executor.py
[2024-09-03T11:38:51.734+0000] {processor.py:179} INFO - Processing /home/airflow-vm/data-engineer-batch-processing-financial-services/.venv/lib/python3.10/site-packages/airflow/example_dags/example_kubernetes_executor.py took 0.016 seconds
[2024-09-03T11:39:34.593+0000] {processor.py:157} INFO - Started process (PID=23211) to work on /home/airflow-vm/data-engineer-batch-processing-financial-services/.venv/lib/python3.10/site-packages/airflow/example_dags/example_kubernetes_executor.py
[2024-09-03T11:39:34.594+0000] {processor.py:826} INFO - Processing file /home/airflow-vm/data-engineer-batch-processing-financial-services/.venv/lib/python3.10/site-packages/airflow/example_dags/example_kubernetes_executor.py for tasks to queue
[2024-09-03T11:39:34.595+0000] {logging_mixin.py:149} INFO - [2024-09-03T11:39:34.595+0000] {dagbag.py:541} INFO - Filling up the DagBag from /home/airflow-vm/data-engineer-batch-processing-financial-services/.venv/lib/python3.10/site-packages/airflow/example_dags/example_kubernetes_executor.py
[2024-09-03T11:39:34.597+0000] {logging_mixin.py:149} INFO - [2024-09-03T11:39:34.597+0000] {example_kubernetes_executor.py:41} WARNING - The example_kubernetes_executor example DAG requires the kubernetes provider. Please install it with: pip install apache-airflow[cncf.kubernetes]
[2024-09-03T11:39:34.598+0000] {processor.py:838} WARNING - No viable dags retrieved from /home/airflow-vm/data-engineer-batch-processing-financial-services/.venv/lib/python3.10/site-packages/airflow/example_dags/example_kubernetes_executor.py
[2024-09-03T11:39:34.606+0000] {processor.py:179} INFO - Processing /home/airflow-vm/data-engineer-batch-processing-financial-services/.venv/lib/python3.10/site-packages/airflow/example_dags/example_kubernetes_executor.py took 0.015 seconds
[2024-09-03T11:40:56.430+0000] {processor.py:157} INFO - Started process (PID=23894) to work on /home/airflow-vm/data-engineer-batch-processing-financial-services/.venv/lib/python3.10/site-packages/airflow/example_dags/example_kubernetes_executor.py
[2024-09-03T11:40:56.431+0000] {processor.py:826} INFO - Processing file /home/airflow-vm/data-engineer-batch-processing-financial-services/.venv/lib/python3.10/site-packages/airflow/example_dags/example_kubernetes_executor.py for tasks to queue
[2024-09-03T11:40:56.431+0000] {logging_mixin.py:149} INFO - [2024-09-03T11:40:56.431+0000] {dagbag.py:541} INFO - Filling up the DagBag from /home/airflow-vm/data-engineer-batch-processing-financial-services/.venv/lib/python3.10/site-packages/airflow/example_dags/example_kubernetes_executor.py
[2024-09-03T11:40:56.434+0000] {logging_mixin.py:149} INFO - [2024-09-03T11:40:56.434+0000] {example_kubernetes_executor.py:41} WARNING - The example_kubernetes_executor example DAG requires the kubernetes provider. Please install it with: pip install apache-airflow[cncf.kubernetes]
[2024-09-03T11:40:56.434+0000] {processor.py:838} WARNING - No viable dags retrieved from /home/airflow-vm/data-engineer-batch-processing-financial-services/.venv/lib/python3.10/site-packages/airflow/example_dags/example_kubernetes_executor.py
[2024-09-03T11:40:56.442+0000] {processor.py:179} INFO - Processing /home/airflow-vm/data-engineer-batch-processing-financial-services/.venv/lib/python3.10/site-packages/airflow/example_dags/example_kubernetes_executor.py took 0.015 seconds
[2024-09-03T11:43:30.879+0000] {processor.py:157} INFO - Started process (PID=25723) to work on /home/airflow-vm/data-engineer-batch-processing-financial-services/.venv/lib/python3.10/site-packages/airflow/example_dags/example_kubernetes_executor.py
[2024-09-03T11:43:30.880+0000] {processor.py:826} INFO - Processing file /home/airflow-vm/data-engineer-batch-processing-financial-services/.venv/lib/python3.10/site-packages/airflow/example_dags/example_kubernetes_executor.py for tasks to queue
[2024-09-03T11:43:30.880+0000] {logging_mixin.py:149} INFO - [2024-09-03T11:43:30.880+0000] {dagbag.py:541} INFO - Filling up the DagBag from /home/airflow-vm/data-engineer-batch-processing-financial-services/.venv/lib/python3.10/site-packages/airflow/example_dags/example_kubernetes_executor.py
[2024-09-03T11:43:30.883+0000] {logging_mixin.py:149} INFO - [2024-09-03T11:43:30.883+0000] {example_kubernetes_executor.py:41} WARNING - The example_kubernetes_executor example DAG requires the kubernetes provider. Please install it with: pip install apache-airflow[cncf.kubernetes]
[2024-09-03T11:43:30.883+0000] {processor.py:838} WARNING - No viable dags retrieved from /home/airflow-vm/data-engineer-batch-processing-financial-services/.venv/lib/python3.10/site-packages/airflow/example_dags/example_kubernetes_executor.py
[2024-09-03T11:43:30.892+0000] {processor.py:179} INFO - Processing /home/airflow-vm/data-engineer-batch-processing-financial-services/.venv/lib/python3.10/site-packages/airflow/example_dags/example_kubernetes_executor.py took 0.017 seconds
[2024-09-03T11:47:44.257+0000] {processor.py:157} INFO - Started process (PID=27764) to work on /home/airflow-vm/data-engineer-batch-processing-financial-services/.venv/lib/python3.10/site-packages/airflow/example_dags/example_kubernetes_executor.py
[2024-09-03T11:47:44.258+0000] {processor.py:826} INFO - Processing file /home/airflow-vm/data-engineer-batch-processing-financial-services/.venv/lib/python3.10/site-packages/airflow/example_dags/example_kubernetes_executor.py for tasks to queue
[2024-09-03T11:47:44.259+0000] {logging_mixin.py:149} INFO - [2024-09-03T11:47:44.259+0000] {dagbag.py:541} INFO - Filling up the DagBag from /home/airflow-vm/data-engineer-batch-processing-financial-services/.venv/lib/python3.10/site-packages/airflow/example_dags/example_kubernetes_executor.py
[2024-09-03T11:47:44.262+0000] {logging_mixin.py:149} INFO - [2024-09-03T11:47:44.262+0000] {example_kubernetes_executor.py:41} WARNING - The example_kubernetes_executor example DAG requires the kubernetes provider. Please install it with: pip install apache-airflow[cncf.kubernetes]
[2024-09-03T11:47:44.262+0000] {processor.py:838} WARNING - No viable dags retrieved from /home/airflow-vm/data-engineer-batch-processing-financial-services/.venv/lib/python3.10/site-packages/airflow/example_dags/example_kubernetes_executor.py
[2024-09-03T11:47:44.273+0000] {processor.py:179} INFO - Processing /home/airflow-vm/data-engineer-batch-processing-financial-services/.venv/lib/python3.10/site-packages/airflow/example_dags/example_kubernetes_executor.py took 0.018 seconds
[2024-09-03T11:50:18.207+0000] {processor.py:157} INFO - Started process (PID=29593) to work on /home/airflow-vm/data-engineer-batch-processing-financial-services/.venv/lib/python3.10/site-packages/airflow/example_dags/example_kubernetes_executor.py
[2024-09-03T11:50:18.208+0000] {processor.py:826} INFO - Processing file /home/airflow-vm/data-engineer-batch-processing-financial-services/.venv/lib/python3.10/site-packages/airflow/example_dags/example_kubernetes_executor.py for tasks to queue
[2024-09-03T11:50:18.209+0000] {logging_mixin.py:149} INFO - [2024-09-03T11:50:18.209+0000] {dagbag.py:541} INFO - Filling up the DagBag from /home/airflow-vm/data-engineer-batch-processing-financial-services/.venv/lib/python3.10/site-packages/airflow/example_dags/example_kubernetes_executor.py
[2024-09-03T11:50:18.211+0000] {logging_mixin.py:149} INFO - [2024-09-03T11:50:18.211+0000] {example_kubernetes_executor.py:41} WARNING - The example_kubernetes_executor example DAG requires the kubernetes provider. Please install it with: pip install apache-airflow[cncf.kubernetes]
[2024-09-03T11:50:18.211+0000] {processor.py:838} WARNING - No viable dags retrieved from /home/airflow-vm/data-engineer-batch-processing-financial-services/.venv/lib/python3.10/site-packages/airflow/example_dags/example_kubernetes_executor.py
[2024-09-03T11:50:18.220+0000] {processor.py:179} INFO - Processing /home/airflow-vm/data-engineer-batch-processing-financial-services/.venv/lib/python3.10/site-packages/airflow/example_dags/example_kubernetes_executor.py took 0.015 seconds
[2024-09-03T11:51:03.266+0000] {processor.py:157} INFO - Started process (PID=29697) to work on /home/airflow-vm/data-engineer-batch-processing-financial-services/.venv/lib/python3.10/site-packages/airflow/example_dags/example_kubernetes_executor.py
[2024-09-03T11:51:03.267+0000] {processor.py:826} INFO - Processing file /home/airflow-vm/data-engineer-batch-processing-financial-services/.venv/lib/python3.10/site-packages/airflow/example_dags/example_kubernetes_executor.py for tasks to queue
[2024-09-03T11:51:03.268+0000] {logging_mixin.py:149} INFO - [2024-09-03T11:51:03.268+0000] {dagbag.py:541} INFO - Filling up the DagBag from /home/airflow-vm/data-engineer-batch-processing-financial-services/.venv/lib/python3.10/site-packages/airflow/example_dags/example_kubernetes_executor.py
[2024-09-03T11:51:03.270+0000] {logging_mixin.py:149} INFO - [2024-09-03T11:51:03.270+0000] {example_kubernetes_executor.py:41} WARNING - The example_kubernetes_executor example DAG requires the kubernetes provider. Please install it with: pip install apache-airflow[cncf.kubernetes]
[2024-09-03T11:51:03.271+0000] {processor.py:838} WARNING - No viable dags retrieved from /home/airflow-vm/data-engineer-batch-processing-financial-services/.venv/lib/python3.10/site-packages/airflow/example_dags/example_kubernetes_executor.py
[2024-09-03T11:51:03.280+0000] {processor.py:179} INFO - Processing /home/airflow-vm/data-engineer-batch-processing-financial-services/.venv/lib/python3.10/site-packages/airflow/example_dags/example_kubernetes_executor.py took 0.016 seconds
[2024-09-03T11:51:46.973+0000] {processor.py:157} INFO - Started process (PID=29745) to work on /home/airflow-vm/data-engineer-batch-processing-financial-services/.venv/lib/python3.10/site-packages/airflow/example_dags/example_kubernetes_executor.py
[2024-09-03T11:51:46.974+0000] {processor.py:826} INFO - Processing file /home/airflow-vm/data-engineer-batch-processing-financial-services/.venv/lib/python3.10/site-packages/airflow/example_dags/example_kubernetes_executor.py for tasks to queue
[2024-09-03T11:51:46.975+0000] {logging_mixin.py:149} INFO - [2024-09-03T11:51:46.975+0000] {dagbag.py:541} INFO - Filling up the DagBag from /home/airflow-vm/data-engineer-batch-processing-financial-services/.venv/lib/python3.10/site-packages/airflow/example_dags/example_kubernetes_executor.py
[2024-09-03T11:51:46.977+0000] {logging_mixin.py:149} INFO - [2024-09-03T11:51:46.977+0000] {example_kubernetes_executor.py:41} WARNING - The example_kubernetes_executor example DAG requires the kubernetes provider. Please install it with: pip install apache-airflow[cncf.kubernetes]
[2024-09-03T11:51:46.978+0000] {processor.py:838} WARNING - No viable dags retrieved from /home/airflow-vm/data-engineer-batch-processing-financial-services/.venv/lib/python3.10/site-packages/airflow/example_dags/example_kubernetes_executor.py
[2024-09-03T11:51:46.987+0000] {processor.py:179} INFO - Processing /home/airflow-vm/data-engineer-batch-processing-financial-services/.venv/lib/python3.10/site-packages/airflow/example_dags/example_kubernetes_executor.py took 0.017 seconds
[2024-09-03T11:52:33.444+0000] {processor.py:157} INFO - Started process (PID=29793) to work on /home/airflow-vm/data-engineer-batch-processing-financial-services/.venv/lib/python3.10/site-packages/airflow/example_dags/example_kubernetes_executor.py
[2024-09-03T11:52:33.445+0000] {processor.py:826} INFO - Processing file /home/airflow-vm/data-engineer-batch-processing-financial-services/.venv/lib/python3.10/site-packages/airflow/example_dags/example_kubernetes_executor.py for tasks to queue
[2024-09-03T11:52:33.445+0000] {logging_mixin.py:149} INFO - [2024-09-03T11:52:33.445+0000] {dagbag.py:541} INFO - Filling up the DagBag from /home/airflow-vm/data-engineer-batch-processing-financial-services/.venv/lib/python3.10/site-packages/airflow/example_dags/example_kubernetes_executor.py
[2024-09-03T11:52:33.447+0000] {logging_mixin.py:149} INFO - [2024-09-03T11:52:33.447+0000] {example_kubernetes_executor.py:41} WARNING - The example_kubernetes_executor example DAG requires the kubernetes provider. Please install it with: pip install apache-airflow[cncf.kubernetes]
[2024-09-03T11:52:33.448+0000] {processor.py:838} WARNING - No viable dags retrieved from /home/airflow-vm/data-engineer-batch-processing-financial-services/.venv/lib/python3.10/site-packages/airflow/example_dags/example_kubernetes_executor.py
[2024-09-03T11:52:33.458+0000] {processor.py:179} INFO - Processing /home/airflow-vm/data-engineer-batch-processing-financial-services/.venv/lib/python3.10/site-packages/airflow/example_dags/example_kubernetes_executor.py took 0.017 seconds
[2024-09-03T11:53:20.598+0000] {processor.py:157} INFO - Started process (PID=29856) to work on /home/airflow-vm/data-engineer-batch-processing-financial-services/.venv/lib/python3.10/site-packages/airflow/example_dags/example_kubernetes_executor.py
[2024-09-03T11:53:20.599+0000] {processor.py:826} INFO - Processing file /home/airflow-vm/data-engineer-batch-processing-financial-services/.venv/lib/python3.10/site-packages/airflow/example_dags/example_kubernetes_executor.py for tasks to queue
[2024-09-03T11:53:20.600+0000] {logging_mixin.py:149} INFO - [2024-09-03T11:53:20.600+0000] {dagbag.py:541} INFO - Filling up the DagBag from /home/airflow-vm/data-engineer-batch-processing-financial-services/.venv/lib/python3.10/site-packages/airflow/example_dags/example_kubernetes_executor.py
[2024-09-03T11:53:20.602+0000] {logging_mixin.py:149} INFO - [2024-09-03T11:53:20.602+0000] {example_kubernetes_executor.py:41} WARNING - The example_kubernetes_executor example DAG requires the kubernetes provider. Please install it with: pip install apache-airflow[cncf.kubernetes]
[2024-09-03T11:53:20.602+0000] {processor.py:838} WARNING - No viable dags retrieved from /home/airflow-vm/data-engineer-batch-processing-financial-services/.venv/lib/python3.10/site-packages/airflow/example_dags/example_kubernetes_executor.py
[2024-09-03T11:53:20.611+0000] {processor.py:179} INFO - Processing /home/airflow-vm/data-engineer-batch-processing-financial-services/.venv/lib/python3.10/site-packages/airflow/example_dags/example_kubernetes_executor.py took 0.015 seconds
[2024-09-03T11:54:07.881+0000] {processor.py:157} INFO - Started process (PID=29918) to work on /home/airflow-vm/data-engineer-batch-processing-financial-services/.venv/lib/python3.10/site-packages/airflow/example_dags/example_kubernetes_executor.py
[2024-09-03T11:54:07.882+0000] {processor.py:826} INFO - Processing file /home/airflow-vm/data-engineer-batch-processing-financial-services/.venv/lib/python3.10/site-packages/airflow/example_dags/example_kubernetes_executor.py for tasks to queue
[2024-09-03T11:54:07.883+0000] {logging_mixin.py:149} INFO - [2024-09-03T11:54:07.883+0000] {dagbag.py:541} INFO - Filling up the DagBag from /home/airflow-vm/data-engineer-batch-processing-financial-services/.venv/lib/python3.10/site-packages/airflow/example_dags/example_kubernetes_executor.py
[2024-09-03T11:54:07.885+0000] {logging_mixin.py:149} INFO - [2024-09-03T11:54:07.885+0000] {example_kubernetes_executor.py:41} WARNING - The example_kubernetes_executor example DAG requires the kubernetes provider. Please install it with: pip install apache-airflow[cncf.kubernetes]
[2024-09-03T11:54:07.885+0000] {processor.py:838} WARNING - No viable dags retrieved from /home/airflow-vm/data-engineer-batch-processing-financial-services/.venv/lib/python3.10/site-packages/airflow/example_dags/example_kubernetes_executor.py
[2024-09-03T11:54:07.895+0000] {processor.py:179} INFO - Processing /home/airflow-vm/data-engineer-batch-processing-financial-services/.venv/lib/python3.10/site-packages/airflow/example_dags/example_kubernetes_executor.py took 0.016 seconds
[2024-09-03T11:54:58.640+0000] {processor.py:157} INFO - Started process (PID=29975) to work on /home/airflow-vm/data-engineer-batch-processing-financial-services/.venv/lib/python3.10/site-packages/airflow/example_dags/example_kubernetes_executor.py
[2024-09-03T11:54:58.641+0000] {processor.py:826} INFO - Processing file /home/airflow-vm/data-engineer-batch-processing-financial-services/.venv/lib/python3.10/site-packages/airflow/example_dags/example_kubernetes_executor.py for tasks to queue
[2024-09-03T11:54:58.642+0000] {logging_mixin.py:149} INFO - [2024-09-03T11:54:58.642+0000] {dagbag.py:541} INFO - Filling up the DagBag from /home/airflow-vm/data-engineer-batch-processing-financial-services/.venv/lib/python3.10/site-packages/airflow/example_dags/example_kubernetes_executor.py
[2024-09-03T11:54:58.644+0000] {logging_mixin.py:149} INFO - [2024-09-03T11:54:58.644+0000] {example_kubernetes_executor.py:41} WARNING - The example_kubernetes_executor example DAG requires the kubernetes provider. Please install it with: pip install apache-airflow[cncf.kubernetes]
[2024-09-03T11:54:58.644+0000] {processor.py:838} WARNING - No viable dags retrieved from /home/airflow-vm/data-engineer-batch-processing-financial-services/.venv/lib/python3.10/site-packages/airflow/example_dags/example_kubernetes_executor.py
[2024-09-03T11:54:58.654+0000] {processor.py:179} INFO - Processing /home/airflow-vm/data-engineer-batch-processing-financial-services/.venv/lib/python3.10/site-packages/airflow/example_dags/example_kubernetes_executor.py took 0.016 seconds
[2024-09-03T11:55:41.546+0000] {processor.py:157} INFO - Started process (PID=30023) to work on /home/airflow-vm/data-engineer-batch-processing-financial-services/.venv/lib/python3.10/site-packages/airflow/example_dags/example_kubernetes_executor.py
[2024-09-03T11:55:41.546+0000] {processor.py:826} INFO - Processing file /home/airflow-vm/data-engineer-batch-processing-financial-services/.venv/lib/python3.10/site-packages/airflow/example_dags/example_kubernetes_executor.py for tasks to queue
[2024-09-03T11:55:41.547+0000] {logging_mixin.py:149} INFO - [2024-09-03T11:55:41.547+0000] {dagbag.py:541} INFO - Filling up the DagBag from /home/airflow-vm/data-engineer-batch-processing-financial-services/.venv/lib/python3.10/site-packages/airflow/example_dags/example_kubernetes_executor.py
[2024-09-03T11:55:41.549+0000] {logging_mixin.py:149} INFO - [2024-09-03T11:55:41.549+0000] {example_kubernetes_executor.py:41} WARNING - The example_kubernetes_executor example DAG requires the kubernetes provider. Please install it with: pip install apache-airflow[cncf.kubernetes]
[2024-09-03T11:55:41.550+0000] {processor.py:838} WARNING - No viable dags retrieved from /home/airflow-vm/data-engineer-batch-processing-financial-services/.venv/lib/python3.10/site-packages/airflow/example_dags/example_kubernetes_executor.py
[2024-09-03T11:55:41.559+0000] {processor.py:179} INFO - Processing /home/airflow-vm/data-engineer-batch-processing-financial-services/.venv/lib/python3.10/site-packages/airflow/example_dags/example_kubernetes_executor.py took 0.016 seconds
[2024-09-03T11:56:30.096+0000] {processor.py:157} INFO - Started process (PID=30073) to work on /home/airflow-vm/data-engineer-batch-processing-financial-services/.venv/lib/python3.10/site-packages/airflow/example_dags/example_kubernetes_executor.py
[2024-09-03T11:56:30.097+0000] {processor.py:826} INFO - Processing file /home/airflow-vm/data-engineer-batch-processing-financial-services/.venv/lib/python3.10/site-packages/airflow/example_dags/example_kubernetes_executor.py for tasks to queue
[2024-09-03T11:56:30.098+0000] {logging_mixin.py:149} INFO - [2024-09-03T11:56:30.098+0000] {dagbag.py:541} INFO - Filling up the DagBag from /home/airflow-vm/data-engineer-batch-processing-financial-services/.venv/lib/python3.10/site-packages/airflow/example_dags/example_kubernetes_executor.py
[2024-09-03T11:56:30.100+0000] {logging_mixin.py:149} INFO - [2024-09-03T11:56:30.100+0000] {example_kubernetes_executor.py:41} WARNING - The example_kubernetes_executor example DAG requires the kubernetes provider. Please install it with: pip install apache-airflow[cncf.kubernetes]
[2024-09-03T11:56:30.101+0000] {processor.py:838} WARNING - No viable dags retrieved from /home/airflow-vm/data-engineer-batch-processing-financial-services/.venv/lib/python3.10/site-packages/airflow/example_dags/example_kubernetes_executor.py
[2024-09-03T11:56:30.109+0000] {processor.py:179} INFO - Processing /home/airflow-vm/data-engineer-batch-processing-financial-services/.venv/lib/python3.10/site-packages/airflow/example_dags/example_kubernetes_executor.py took 0.016 seconds
