[2024-09-03T10:58:30.890+0000] {processor.py:157} INFO - Started process (PID=3606) to work on /home/airflow-vm/data-engineer-batch-processing-financial-services/.venv/lib/python3.10/site-packages/airflow/example_dags/example_branch_day_of_week_operator.py
[2024-09-03T10:58:30.891+0000] {processor.py:826} INFO - Processing file /home/airflow-vm/data-engineer-batch-processing-financial-services/.venv/lib/python3.10/site-packages/airflow/example_dags/example_branch_day_of_week_operator.py for tasks to queue
[2024-09-03T10:58:30.891+0000] {logging_mixin.py:149} INFO - [2024-09-03T10:58:30.891+0000] {dagbag.py:541} INFO - Filling up the DagBag from /home/airflow-vm/data-engineer-batch-processing-financial-services/.venv/lib/python3.10/site-packages/airflow/example_dags/example_branch_day_of_week_operator.py
[2024-09-03T10:58:30.898+0000] {processor.py:836} INFO - DAG(s) dict_keys(['example_weekday_branch_operator']) retrieved from /home/airflow-vm/data-engineer-batch-processing-financial-services/.venv/lib/python3.10/site-packages/airflow/example_dags/example_branch_day_of_week_operator.py
[2024-09-03T10:58:30.916+0000] {logging_mixin.py:149} INFO - [2024-09-03T10:58:30.916+0000] {dag.py:2726} INFO - Sync 1 DAGs
[2024-09-03T10:58:30.938+0000] {logging_mixin.py:149} INFO - [2024-09-03T10:58:30.938+0000] {dag.py:3486} INFO - Setting next_dagrun for example_weekday_branch_operator to 2024-09-02T00:00:00+00:00, run_after=2024-09-03T00:00:00+00:00
[2024-09-03T10:58:30.967+0000] {processor.py:179} INFO - Processing /home/airflow-vm/data-engineer-batch-processing-financial-services/.venv/lib/python3.10/site-packages/airflow/example_dags/example_branch_day_of_week_operator.py took 0.080 seconds
[2024-09-03T10:59:20.247+0000] {processor.py:157} INFO - Started process (PID=3837) to work on /home/airflow-vm/data-engineer-batch-processing-financial-services/.venv/lib/python3.10/site-packages/airflow/example_dags/example_branch_day_of_week_operator.py
[2024-09-03T10:59:20.248+0000] {processor.py:826} INFO - Processing file /home/airflow-vm/data-engineer-batch-processing-financial-services/.venv/lib/python3.10/site-packages/airflow/example_dags/example_branch_day_of_week_operator.py for tasks to queue
[2024-09-03T10:59:20.248+0000] {logging_mixin.py:149} INFO - [2024-09-03T10:59:20.248+0000] {dagbag.py:541} INFO - Filling up the DagBag from /home/airflow-vm/data-engineer-batch-processing-financial-services/.venv/lib/python3.10/site-packages/airflow/example_dags/example_branch_day_of_week_operator.py
[2024-09-03T10:59:20.256+0000] {processor.py:836} INFO - DAG(s) dict_keys(['example_weekday_branch_operator']) retrieved from /home/airflow-vm/data-engineer-batch-processing-financial-services/.venv/lib/python3.10/site-packages/airflow/example_dags/example_branch_day_of_week_operator.py
[2024-09-03T10:59:20.277+0000] {logging_mixin.py:149} INFO - [2024-09-03T10:59:20.276+0000] {dag.py:2726} INFO - Sync 1 DAGs
[2024-09-03T10:59:20.298+0000] {logging_mixin.py:149} INFO - [2024-09-03T10:59:20.298+0000] {dag.py:3486} INFO - Setting next_dagrun for example_weekday_branch_operator to 2024-09-02T00:00:00+00:00, run_after=2024-09-03T00:00:00+00:00
[2024-09-03T10:59:20.325+0000] {processor.py:179} INFO - Processing /home/airflow-vm/data-engineer-batch-processing-financial-services/.venv/lib/python3.10/site-packages/airflow/example_dags/example_branch_day_of_week_operator.py took 0.080 seconds
[2024-09-03T11:00:03.642+0000] {processor.py:157} INFO - Started process (PID=4008) to work on /home/airflow-vm/data-engineer-batch-processing-financial-services/.venv/lib/python3.10/site-packages/airflow/example_dags/example_branch_day_of_week_operator.py
[2024-09-03T11:00:03.643+0000] {processor.py:826} INFO - Processing file /home/airflow-vm/data-engineer-batch-processing-financial-services/.venv/lib/python3.10/site-packages/airflow/example_dags/example_branch_day_of_week_operator.py for tasks to queue
[2024-09-03T11:00:03.644+0000] {logging_mixin.py:149} INFO - [2024-09-03T11:00:03.643+0000] {dagbag.py:541} INFO - Filling up the DagBag from /home/airflow-vm/data-engineer-batch-processing-financial-services/.venv/lib/python3.10/site-packages/airflow/example_dags/example_branch_day_of_week_operator.py
[2024-09-03T11:00:03.650+0000] {processor.py:836} INFO - DAG(s) dict_keys(['example_weekday_branch_operator']) retrieved from /home/airflow-vm/data-engineer-batch-processing-financial-services/.venv/lib/python3.10/site-packages/airflow/example_dags/example_branch_day_of_week_operator.py
[2024-09-03T11:00:03.672+0000] {logging_mixin.py:149} INFO - [2024-09-03T11:00:03.672+0000] {dag.py:2726} INFO - Sync 1 DAGs
[2024-09-03T11:00:03.695+0000] {logging_mixin.py:149} INFO - [2024-09-03T11:00:03.695+0000] {dag.py:3486} INFO - Setting next_dagrun for example_weekday_branch_operator to 2024-09-02T00:00:00+00:00, run_after=2024-09-03T00:00:00+00:00
[2024-09-03T11:00:03.724+0000] {processor.py:179} INFO - Processing /home/airflow-vm/data-engineer-batch-processing-financial-services/.venv/lib/python3.10/site-packages/airflow/example_dags/example_branch_day_of_week_operator.py took 0.084 seconds
[2024-09-03T11:00:49.428+0000] {processor.py:157} INFO - Started process (PID=4448) to work on /home/airflow-vm/data-engineer-batch-processing-financial-services/.venv/lib/python3.10/site-packages/airflow/example_dags/example_branch_day_of_week_operator.py
[2024-09-03T11:00:49.429+0000] {processor.py:826} INFO - Processing file /home/airflow-vm/data-engineer-batch-processing-financial-services/.venv/lib/python3.10/site-packages/airflow/example_dags/example_branch_day_of_week_operator.py for tasks to queue
[2024-09-03T11:00:49.430+0000] {logging_mixin.py:149} INFO - [2024-09-03T11:00:49.430+0000] {dagbag.py:541} INFO - Filling up the DagBag from /home/airflow-vm/data-engineer-batch-processing-financial-services/.venv/lib/python3.10/site-packages/airflow/example_dags/example_branch_day_of_week_operator.py
[2024-09-03T11:00:49.437+0000] {processor.py:836} INFO - DAG(s) dict_keys(['example_weekday_branch_operator']) retrieved from /home/airflow-vm/data-engineer-batch-processing-financial-services/.venv/lib/python3.10/site-packages/airflow/example_dags/example_branch_day_of_week_operator.py
[2024-09-03T11:00:49.455+0000] {logging_mixin.py:149} INFO - [2024-09-03T11:00:49.455+0000] {dag.py:2726} INFO - Sync 1 DAGs
[2024-09-03T11:00:49.477+0000] {logging_mixin.py:149} INFO - [2024-09-03T11:00:49.477+0000] {dag.py:3486} INFO - Setting next_dagrun for example_weekday_branch_operator to 2024-09-02T00:00:00+00:00, run_after=2024-09-03T00:00:00+00:00
[2024-09-03T11:00:49.505+0000] {processor.py:179} INFO - Processing /home/airflow-vm/data-engineer-batch-processing-financial-services/.venv/lib/python3.10/site-packages/airflow/example_dags/example_branch_day_of_week_operator.py took 0.079 seconds
[2024-09-03T11:01:38.774+0000] {processor.py:157} INFO - Started process (PID=4761) to work on /home/airflow-vm/data-engineer-batch-processing-financial-services/.venv/lib/python3.10/site-packages/airflow/example_dags/example_branch_day_of_week_operator.py
[2024-09-03T11:01:38.774+0000] {processor.py:826} INFO - Processing file /home/airflow-vm/data-engineer-batch-processing-financial-services/.venv/lib/python3.10/site-packages/airflow/example_dags/example_branch_day_of_week_operator.py for tasks to queue
[2024-09-03T11:01:38.775+0000] {logging_mixin.py:149} INFO - [2024-09-03T11:01:38.775+0000] {dagbag.py:541} INFO - Filling up the DagBag from /home/airflow-vm/data-engineer-batch-processing-financial-services/.venv/lib/python3.10/site-packages/airflow/example_dags/example_branch_day_of_week_operator.py
[2024-09-03T11:01:38.783+0000] {processor.py:836} INFO - DAG(s) dict_keys(['example_weekday_branch_operator']) retrieved from /home/airflow-vm/data-engineer-batch-processing-financial-services/.venv/lib/python3.10/site-packages/airflow/example_dags/example_branch_day_of_week_operator.py
[2024-09-03T11:01:38.801+0000] {logging_mixin.py:149} INFO - [2024-09-03T11:01:38.801+0000] {dag.py:2726} INFO - Sync 1 DAGs
[2024-09-03T11:01:38.821+0000] {logging_mixin.py:149} INFO - [2024-09-03T11:01:38.821+0000] {dag.py:3486} INFO - Setting next_dagrun for example_weekday_branch_operator to 2024-09-02T00:00:00+00:00, run_after=2024-09-03T00:00:00+00:00
[2024-09-03T11:01:38.847+0000] {processor.py:179} INFO - Processing /home/airflow-vm/data-engineer-batch-processing-financial-services/.venv/lib/python3.10/site-packages/airflow/example_dags/example_branch_day_of_week_operator.py took 0.077 seconds
[2024-09-03T11:02:25.192+0000] {processor.py:157} INFO - Started process (PID=4819) to work on /home/airflow-vm/data-engineer-batch-processing-financial-services/.venv/lib/python3.10/site-packages/airflow/example_dags/example_branch_day_of_week_operator.py
[2024-09-03T11:02:25.193+0000] {processor.py:826} INFO - Processing file /home/airflow-vm/data-engineer-batch-processing-financial-services/.venv/lib/python3.10/site-packages/airflow/example_dags/example_branch_day_of_week_operator.py for tasks to queue
[2024-09-03T11:02:25.193+0000] {logging_mixin.py:149} INFO - [2024-09-03T11:02:25.193+0000] {dagbag.py:541} INFO - Filling up the DagBag from /home/airflow-vm/data-engineer-batch-processing-financial-services/.venv/lib/python3.10/site-packages/airflow/example_dags/example_branch_day_of_week_operator.py
[2024-09-03T11:02:25.200+0000] {processor.py:836} INFO - DAG(s) dict_keys(['example_weekday_branch_operator']) retrieved from /home/airflow-vm/data-engineer-batch-processing-financial-services/.venv/lib/python3.10/site-packages/airflow/example_dags/example_branch_day_of_week_operator.py
[2024-09-03T11:02:25.219+0000] {logging_mixin.py:149} INFO - [2024-09-03T11:02:25.219+0000] {dag.py:2726} INFO - Sync 1 DAGs
[2024-09-03T11:02:25.240+0000] {logging_mixin.py:149} INFO - [2024-09-03T11:02:25.240+0000] {dag.py:3486} INFO - Setting next_dagrun for example_weekday_branch_operator to 2024-09-02T00:00:00+00:00, run_after=2024-09-03T00:00:00+00:00
[2024-09-03T11:02:25.268+0000] {processor.py:179} INFO - Processing /home/airflow-vm/data-engineer-batch-processing-financial-services/.venv/lib/python3.10/site-packages/airflow/example_dags/example_branch_day_of_week_operator.py took 0.079 seconds
[2024-09-03T11:03:13.859+0000] {processor.py:157} INFO - Started process (PID=5116) to work on /home/airflow-vm/data-engineer-batch-processing-financial-services/.venv/lib/python3.10/site-packages/airflow/example_dags/example_branch_day_of_week_operator.py
[2024-09-03T11:03:13.860+0000] {processor.py:826} INFO - Processing file /home/airflow-vm/data-engineer-batch-processing-financial-services/.venv/lib/python3.10/site-packages/airflow/example_dags/example_branch_day_of_week_operator.py for tasks to queue
[2024-09-03T11:03:13.861+0000] {logging_mixin.py:149} INFO - [2024-09-03T11:03:13.861+0000] {dagbag.py:541} INFO - Filling up the DagBag from /home/airflow-vm/data-engineer-batch-processing-financial-services/.venv/lib/python3.10/site-packages/airflow/example_dags/example_branch_day_of_week_operator.py
[2024-09-03T11:03:13.868+0000] {processor.py:836} INFO - DAG(s) dict_keys(['example_weekday_branch_operator']) retrieved from /home/airflow-vm/data-engineer-batch-processing-financial-services/.venv/lib/python3.10/site-packages/airflow/example_dags/example_branch_day_of_week_operator.py
[2024-09-03T11:03:13.887+0000] {logging_mixin.py:149} INFO - [2024-09-03T11:03:13.887+0000] {dag.py:2726} INFO - Sync 1 DAGs
[2024-09-03T11:03:13.907+0000] {logging_mixin.py:149} INFO - [2024-09-03T11:03:13.907+0000] {dag.py:3486} INFO - Setting next_dagrun for example_weekday_branch_operator to 2024-09-02T00:00:00+00:00, run_after=2024-09-03T00:00:00+00:00
[2024-09-03T11:03:13.933+0000] {processor.py:179} INFO - Processing /home/airflow-vm/data-engineer-batch-processing-financial-services/.venv/lib/python3.10/site-packages/airflow/example_dags/example_branch_day_of_week_operator.py took 0.076 seconds
[2024-09-03T11:05:54.377+0000] {processor.py:157} INFO - Started process (PID=6687) to work on /home/airflow-vm/data-engineer-batch-processing-financial-services/.venv/lib/python3.10/site-packages/airflow/example_dags/example_branch_day_of_week_operator.py
[2024-09-03T11:05:54.378+0000] {processor.py:826} INFO - Processing file /home/airflow-vm/data-engineer-batch-processing-financial-services/.venv/lib/python3.10/site-packages/airflow/example_dags/example_branch_day_of_week_operator.py for tasks to queue
[2024-09-03T11:05:54.378+0000] {logging_mixin.py:149} INFO - [2024-09-03T11:05:54.378+0000] {dagbag.py:541} INFO - Filling up the DagBag from /home/airflow-vm/data-engineer-batch-processing-financial-services/.venv/lib/python3.10/site-packages/airflow/example_dags/example_branch_day_of_week_operator.py
[2024-09-03T11:05:54.385+0000] {processor.py:836} INFO - DAG(s) dict_keys(['example_weekday_branch_operator']) retrieved from /home/airflow-vm/data-engineer-batch-processing-financial-services/.venv/lib/python3.10/site-packages/airflow/example_dags/example_branch_day_of_week_operator.py
[2024-09-03T11:05:54.404+0000] {logging_mixin.py:149} INFO - [2024-09-03T11:05:54.403+0000] {dag.py:2726} INFO - Sync 1 DAGs
[2024-09-03T11:05:54.424+0000] {logging_mixin.py:149} INFO - [2024-09-03T11:05:54.424+0000] {dag.py:3486} INFO - Setting next_dagrun for example_weekday_branch_operator to 2024-09-02T00:00:00+00:00, run_after=2024-09-03T00:00:00+00:00
[2024-09-03T11:05:54.450+0000] {processor.py:179} INFO - Processing /home/airflow-vm/data-engineer-batch-processing-financial-services/.venv/lib/python3.10/site-packages/airflow/example_dags/example_branch_day_of_week_operator.py took 0.076 seconds
[2024-09-03T11:09:58.493+0000] {processor.py:157} INFO - Started process (PID=8375) to work on /home/airflow-vm/data-engineer-batch-processing-financial-services/.venv/lib/python3.10/site-packages/airflow/example_dags/example_branch_day_of_week_operator.py
[2024-09-03T11:09:58.494+0000] {processor.py:826} INFO - Processing file /home/airflow-vm/data-engineer-batch-processing-financial-services/.venv/lib/python3.10/site-packages/airflow/example_dags/example_branch_day_of_week_operator.py for tasks to queue
[2024-09-03T11:09:58.495+0000] {logging_mixin.py:149} INFO - [2024-09-03T11:09:58.494+0000] {dagbag.py:541} INFO - Filling up the DagBag from /home/airflow-vm/data-engineer-batch-processing-financial-services/.venv/lib/python3.10/site-packages/airflow/example_dags/example_branch_day_of_week_operator.py
[2024-09-03T11:09:58.501+0000] {processor.py:836} INFO - DAG(s) dict_keys(['example_weekday_branch_operator']) retrieved from /home/airflow-vm/data-engineer-batch-processing-financial-services/.venv/lib/python3.10/site-packages/airflow/example_dags/example_branch_day_of_week_operator.py
[2024-09-03T11:09:58.520+0000] {logging_mixin.py:149} INFO - [2024-09-03T11:09:58.520+0000] {dag.py:2726} INFO - Sync 1 DAGs
[2024-09-03T11:09:58.541+0000] {logging_mixin.py:149} INFO - [2024-09-03T11:09:58.541+0000] {dag.py:3486} INFO - Setting next_dagrun for example_weekday_branch_operator to 2024-09-02T00:00:00+00:00, run_after=2024-09-03T00:00:00+00:00
[2024-09-03T11:09:58.570+0000] {processor.py:179} INFO - Processing /home/airflow-vm/data-engineer-batch-processing-financial-services/.venv/lib/python3.10/site-packages/airflow/example_dags/example_branch_day_of_week_operator.py took 0.080 seconds
[2024-09-03T11:14:23.188+0000] {processor.py:157} INFO - Started process (PID=10236) to work on /home/airflow-vm/data-engineer-batch-processing-financial-services/.venv/lib/python3.10/site-packages/airflow/example_dags/example_branch_day_of_week_operator.py
[2024-09-03T11:14:23.189+0000] {processor.py:826} INFO - Processing file /home/airflow-vm/data-engineer-batch-processing-financial-services/.venv/lib/python3.10/site-packages/airflow/example_dags/example_branch_day_of_week_operator.py for tasks to queue
[2024-09-03T11:14:23.190+0000] {logging_mixin.py:149} INFO - [2024-09-03T11:14:23.190+0000] {dagbag.py:541} INFO - Filling up the DagBag from /home/airflow-vm/data-engineer-batch-processing-financial-services/.venv/lib/python3.10/site-packages/airflow/example_dags/example_branch_day_of_week_operator.py
[2024-09-03T11:14:23.197+0000] {processor.py:836} INFO - DAG(s) dict_keys(['example_weekday_branch_operator']) retrieved from /home/airflow-vm/data-engineer-batch-processing-financial-services/.venv/lib/python3.10/site-packages/airflow/example_dags/example_branch_day_of_week_operator.py
[2024-09-03T11:14:23.216+0000] {logging_mixin.py:149} INFO - [2024-09-03T11:14:23.216+0000] {dag.py:2726} INFO - Sync 1 DAGs
[2024-09-03T11:14:23.238+0000] {logging_mixin.py:149} INFO - [2024-09-03T11:14:23.238+0000] {dag.py:3486} INFO - Setting next_dagrun for example_weekday_branch_operator to 2024-09-02T00:00:00+00:00, run_after=2024-09-03T00:00:00+00:00
[2024-09-03T11:14:23.268+0000] {processor.py:179} INFO - Processing /home/airflow-vm/data-engineer-batch-processing-financial-services/.venv/lib/python3.10/site-packages/airflow/example_dags/example_branch_day_of_week_operator.py took 0.082 seconds
[2024-09-03T11:18:50.654+0000] {processor.py:157} INFO - Started process (PID=12754) to work on /home/airflow-vm/data-engineer-batch-processing-financial-services/.venv/lib/python3.10/site-packages/airflow/example_dags/example_branch_day_of_week_operator.py
[2024-09-03T11:18:50.655+0000] {processor.py:826} INFO - Processing file /home/airflow-vm/data-engineer-batch-processing-financial-services/.venv/lib/python3.10/site-packages/airflow/example_dags/example_branch_day_of_week_operator.py for tasks to queue
[2024-09-03T11:18:50.655+0000] {logging_mixin.py:149} INFO - [2024-09-03T11:18:50.655+0000] {dagbag.py:541} INFO - Filling up the DagBag from /home/airflow-vm/data-engineer-batch-processing-financial-services/.venv/lib/python3.10/site-packages/airflow/example_dags/example_branch_day_of_week_operator.py
[2024-09-03T11:18:50.662+0000] {processor.py:836} INFO - DAG(s) dict_keys(['example_weekday_branch_operator']) retrieved from /home/airflow-vm/data-engineer-batch-processing-financial-services/.venv/lib/python3.10/site-packages/airflow/example_dags/example_branch_day_of_week_operator.py
[2024-09-03T11:18:50.681+0000] {logging_mixin.py:149} INFO - [2024-09-03T11:18:50.681+0000] {dag.py:2726} INFO - Sync 1 DAGs
[2024-09-03T11:18:50.702+0000] {logging_mixin.py:149} INFO - [2024-09-03T11:18:50.702+0000] {dag.py:3486} INFO - Setting next_dagrun for example_weekday_branch_operator to 2024-09-02T00:00:00+00:00, run_after=2024-09-03T00:00:00+00:00
[2024-09-03T11:18:50.731+0000] {processor.py:179} INFO - Processing /home/airflow-vm/data-engineer-batch-processing-financial-services/.venv/lib/python3.10/site-packages/airflow/example_dags/example_branch_day_of_week_operator.py took 0.080 seconds
[2024-09-03T11:22:13.758+0000] {processor.py:157} INFO - Started process (PID=14401) to work on /home/airflow-vm/data-engineer-batch-processing-financial-services/.venv/lib/python3.10/site-packages/airflow/example_dags/example_branch_day_of_week_operator.py
[2024-09-03T11:22:13.759+0000] {processor.py:826} INFO - Processing file /home/airflow-vm/data-engineer-batch-processing-financial-services/.venv/lib/python3.10/site-packages/airflow/example_dags/example_branch_day_of_week_operator.py for tasks to queue
[2024-09-03T11:22:13.760+0000] {logging_mixin.py:149} INFO - [2024-09-03T11:22:13.760+0000] {dagbag.py:541} INFO - Filling up the DagBag from /home/airflow-vm/data-engineer-batch-processing-financial-services/.venv/lib/python3.10/site-packages/airflow/example_dags/example_branch_day_of_week_operator.py
[2024-09-03T11:22:13.767+0000] {processor.py:836} INFO - DAG(s) dict_keys(['example_weekday_branch_operator']) retrieved from /home/airflow-vm/data-engineer-batch-processing-financial-services/.venv/lib/python3.10/site-packages/airflow/example_dags/example_branch_day_of_week_operator.py
[2024-09-03T11:22:13.787+0000] {logging_mixin.py:149} INFO - [2024-09-03T11:22:13.787+0000] {dag.py:2726} INFO - Sync 1 DAGs
[2024-09-03T11:22:13.807+0000] {logging_mixin.py:149} INFO - [2024-09-03T11:22:13.807+0000] {dag.py:3486} INFO - Setting next_dagrun for example_weekday_branch_operator to 2024-09-02T00:00:00+00:00, run_after=2024-09-03T00:00:00+00:00
[2024-09-03T11:22:13.835+0000] {processor.py:179} INFO - Processing /home/airflow-vm/data-engineer-batch-processing-financial-services/.venv/lib/python3.10/site-packages/airflow/example_dags/example_branch_day_of_week_operator.py took 0.080 seconds
[2024-09-03T11:27:47.553+0000] {processor.py:157} INFO - Started process (PID=16798) to work on /home/airflow-vm/data-engineer-batch-processing-financial-services/.venv/lib/python3.10/site-packages/airflow/example_dags/example_branch_day_of_week_operator.py
[2024-09-03T11:27:47.554+0000] {processor.py:826} INFO - Processing file /home/airflow-vm/data-engineer-batch-processing-financial-services/.venv/lib/python3.10/site-packages/airflow/example_dags/example_branch_day_of_week_operator.py for tasks to queue
[2024-09-03T11:27:47.555+0000] {logging_mixin.py:149} INFO - [2024-09-03T11:27:47.555+0000] {dagbag.py:541} INFO - Filling up the DagBag from /home/airflow-vm/data-engineer-batch-processing-financial-services/.venv/lib/python3.10/site-packages/airflow/example_dags/example_branch_day_of_week_operator.py
[2024-09-03T11:27:47.563+0000] {processor.py:836} INFO - DAG(s) dict_keys(['example_weekday_branch_operator']) retrieved from /home/airflow-vm/data-engineer-batch-processing-financial-services/.venv/lib/python3.10/site-packages/airflow/example_dags/example_branch_day_of_week_operator.py
[2024-09-03T11:27:47.585+0000] {logging_mixin.py:149} INFO - [2024-09-03T11:27:47.585+0000] {dag.py:2726} INFO - Sync 1 DAGs
[2024-09-03T11:27:47.609+0000] {logging_mixin.py:149} INFO - [2024-09-03T11:27:47.609+0000] {dag.py:3486} INFO - Setting next_dagrun for example_weekday_branch_operator to 2024-09-02T00:00:00+00:00, run_after=2024-09-03T00:00:00+00:00
[2024-09-03T11:27:47.643+0000] {processor.py:179} INFO - Processing /home/airflow-vm/data-engineer-batch-processing-financial-services/.venv/lib/python3.10/site-packages/airflow/example_dags/example_branch_day_of_week_operator.py took 0.093 seconds
[2024-09-03T11:36:06.307+0000] {processor.py:157} INFO - Started process (PID=21898) to work on /home/airflow-vm/data-engineer-batch-processing-financial-services/.venv/lib/python3.10/site-packages/airflow/example_dags/example_branch_day_of_week_operator.py
[2024-09-03T11:36:06.308+0000] {processor.py:826} INFO - Processing file /home/airflow-vm/data-engineer-batch-processing-financial-services/.venv/lib/python3.10/site-packages/airflow/example_dags/example_branch_day_of_week_operator.py for tasks to queue
[2024-09-03T11:36:06.309+0000] {logging_mixin.py:149} INFO - [2024-09-03T11:36:06.309+0000] {dagbag.py:541} INFO - Filling up the DagBag from /home/airflow-vm/data-engineer-batch-processing-financial-services/.venv/lib/python3.10/site-packages/airflow/example_dags/example_branch_day_of_week_operator.py
[2024-09-03T11:36:06.317+0000] {processor.py:836} INFO - DAG(s) dict_keys(['example_weekday_branch_operator']) retrieved from /home/airflow-vm/data-engineer-batch-processing-financial-services/.venv/lib/python3.10/site-packages/airflow/example_dags/example_branch_day_of_week_operator.py
[2024-09-03T11:36:06.337+0000] {logging_mixin.py:149} INFO - [2024-09-03T11:36:06.337+0000] {dag.py:2726} INFO - Sync 1 DAGs
[2024-09-03T11:36:06.360+0000] {logging_mixin.py:149} INFO - [2024-09-03T11:36:06.360+0000] {dag.py:3486} INFO - Setting next_dagrun for example_weekday_branch_operator to 2024-09-02T00:00:00+00:00, run_after=2024-09-03T00:00:00+00:00
[2024-09-03T11:36:06.391+0000] {processor.py:179} INFO - Processing /home/airflow-vm/data-engineer-batch-processing-financial-services/.venv/lib/python3.10/site-packages/airflow/example_dags/example_branch_day_of_week_operator.py took 0.086 seconds
[2024-09-03T11:37:35.515+0000] {processor.py:157} INFO - Started process (PID=22666) to work on /home/airflow-vm/data-engineer-batch-processing-financial-services/.venv/lib/python3.10/site-packages/airflow/example_dags/example_branch_day_of_week_operator.py
[2024-09-03T11:37:35.516+0000] {processor.py:826} INFO - Processing file /home/airflow-vm/data-engineer-batch-processing-financial-services/.venv/lib/python3.10/site-packages/airflow/example_dags/example_branch_day_of_week_operator.py for tasks to queue
[2024-09-03T11:37:35.517+0000] {logging_mixin.py:149} INFO - [2024-09-03T11:37:35.516+0000] {dagbag.py:541} INFO - Filling up the DagBag from /home/airflow-vm/data-engineer-batch-processing-financial-services/.venv/lib/python3.10/site-packages/airflow/example_dags/example_branch_day_of_week_operator.py
[2024-09-03T11:37:35.524+0000] {processor.py:836} INFO - DAG(s) dict_keys(['example_weekday_branch_operator']) retrieved from /home/airflow-vm/data-engineer-batch-processing-financial-services/.venv/lib/python3.10/site-packages/airflow/example_dags/example_branch_day_of_week_operator.py
[2024-09-03T11:37:35.544+0000] {logging_mixin.py:149} INFO - [2024-09-03T11:37:35.544+0000] {dag.py:2726} INFO - Sync 1 DAGs
[2024-09-03T11:37:35.567+0000] {logging_mixin.py:149} INFO - [2024-09-03T11:37:35.566+0000] {dag.py:3486} INFO - Setting next_dagrun for example_weekday_branch_operator to 2024-09-02T00:00:00+00:00, run_after=2024-09-03T00:00:00+00:00
[2024-09-03T11:37:35.599+0000] {processor.py:179} INFO - Processing /home/airflow-vm/data-engineer-batch-processing-financial-services/.venv/lib/python3.10/site-packages/airflow/example_dags/example_branch_day_of_week_operator.py took 0.087 seconds
[2024-09-03T11:38:24.880+0000] {processor.py:157} INFO - Started process (PID=22895) to work on /home/airflow-vm/data-engineer-batch-processing-financial-services/.venv/lib/python3.10/site-packages/airflow/example_dags/example_branch_day_of_week_operator.py
[2024-09-03T11:38:24.881+0000] {processor.py:826} INFO - Processing file /home/airflow-vm/data-engineer-batch-processing-financial-services/.venv/lib/python3.10/site-packages/airflow/example_dags/example_branch_day_of_week_operator.py for tasks to queue
[2024-09-03T11:38:24.882+0000] {logging_mixin.py:149} INFO - [2024-09-03T11:38:24.882+0000] {dagbag.py:541} INFO - Filling up the DagBag from /home/airflow-vm/data-engineer-batch-processing-financial-services/.venv/lib/python3.10/site-packages/airflow/example_dags/example_branch_day_of_week_operator.py
[2024-09-03T11:38:24.889+0000] {processor.py:836} INFO - DAG(s) dict_keys(['example_weekday_branch_operator']) retrieved from /home/airflow-vm/data-engineer-batch-processing-financial-services/.venv/lib/python3.10/site-packages/airflow/example_dags/example_branch_day_of_week_operator.py
[2024-09-03T11:38:24.909+0000] {logging_mixin.py:149} INFO - [2024-09-03T11:38:24.909+0000] {dag.py:2726} INFO - Sync 1 DAGs
[2024-09-03T11:38:24.932+0000] {logging_mixin.py:149} INFO - [2024-09-03T11:38:24.931+0000] {dag.py:3486} INFO - Setting next_dagrun for example_weekday_branch_operator to 2024-09-02T00:00:00+00:00, run_after=2024-09-03T00:00:00+00:00
[2024-09-03T11:38:24.965+0000] {processor.py:179} INFO - Processing /home/airflow-vm/data-engineer-batch-processing-financial-services/.venv/lib/python3.10/site-packages/airflow/example_dags/example_branch_day_of_week_operator.py took 0.088 seconds
[2024-09-03T11:39:15.449+0000] {processor.py:157} INFO - Started process (PID=23167) to work on /home/airflow-vm/data-engineer-batch-processing-financial-services/.venv/lib/python3.10/site-packages/airflow/example_dags/example_branch_day_of_week_operator.py
[2024-09-03T11:39:15.449+0000] {processor.py:826} INFO - Processing file /home/airflow-vm/data-engineer-batch-processing-financial-services/.venv/lib/python3.10/site-packages/airflow/example_dags/example_branch_day_of_week_operator.py for tasks to queue
[2024-09-03T11:39:15.450+0000] {logging_mixin.py:149} INFO - [2024-09-03T11:39:15.450+0000] {dagbag.py:541} INFO - Filling up the DagBag from /home/airflow-vm/data-engineer-batch-processing-financial-services/.venv/lib/python3.10/site-packages/airflow/example_dags/example_branch_day_of_week_operator.py
[2024-09-03T11:39:15.458+0000] {processor.py:836} INFO - DAG(s) dict_keys(['example_weekday_branch_operator']) retrieved from /home/airflow-vm/data-engineer-batch-processing-financial-services/.venv/lib/python3.10/site-packages/airflow/example_dags/example_branch_day_of_week_operator.py
[2024-09-03T11:39:15.478+0000] {logging_mixin.py:149} INFO - [2024-09-03T11:39:15.478+0000] {dag.py:2726} INFO - Sync 1 DAGs
[2024-09-03T11:39:15.500+0000] {logging_mixin.py:149} INFO - [2024-09-03T11:39:15.500+0000] {dag.py:3486} INFO - Setting next_dagrun for example_weekday_branch_operator to 2024-09-02T00:00:00+00:00, run_after=2024-09-03T00:00:00+00:00
[2024-09-03T11:39:15.531+0000] {processor.py:179} INFO - Processing /home/airflow-vm/data-engineer-batch-processing-financial-services/.venv/lib/python3.10/site-packages/airflow/example_dags/example_branch_day_of_week_operator.py took 0.085 seconds
[2024-09-03T11:40:00.762+0000] {processor.py:157} INFO - Started process (PID=23315) to work on /home/airflow-vm/data-engineer-batch-processing-financial-services/.venv/lib/python3.10/site-packages/airflow/example_dags/example_branch_day_of_week_operator.py
[2024-09-03T11:40:00.763+0000] {processor.py:826} INFO - Processing file /home/airflow-vm/data-engineer-batch-processing-financial-services/.venv/lib/python3.10/site-packages/airflow/example_dags/example_branch_day_of_week_operator.py for tasks to queue
[2024-09-03T11:40:00.763+0000] {logging_mixin.py:149} INFO - [2024-09-03T11:40:00.763+0000] {dagbag.py:541} INFO - Filling up the DagBag from /home/airflow-vm/data-engineer-batch-processing-financial-services/.venv/lib/python3.10/site-packages/airflow/example_dags/example_branch_day_of_week_operator.py
[2024-09-03T11:40:00.771+0000] {processor.py:836} INFO - DAG(s) dict_keys(['example_weekday_branch_operator']) retrieved from /home/airflow-vm/data-engineer-batch-processing-financial-services/.venv/lib/python3.10/site-packages/airflow/example_dags/example_branch_day_of_week_operator.py
[2024-09-03T11:40:00.789+0000] {logging_mixin.py:149} INFO - [2024-09-03T11:40:00.788+0000] {dag.py:2726} INFO - Sync 1 DAGs
[2024-09-03T11:40:00.809+0000] {logging_mixin.py:149} INFO - [2024-09-03T11:40:00.808+0000] {dag.py:3486} INFO - Setting next_dagrun for example_weekday_branch_operator to 2024-09-02T00:00:00+00:00, run_after=2024-09-03T00:00:00+00:00
[2024-09-03T11:40:00.835+0000] {processor.py:179} INFO - Processing /home/airflow-vm/data-engineer-batch-processing-financial-services/.venv/lib/python3.10/site-packages/airflow/example_dags/example_branch_day_of_week_operator.py took 0.076 seconds
[2024-09-03T11:45:22.115+0000] {processor.py:157} INFO - Started process (PID=26735) to work on /home/airflow-vm/data-engineer-batch-processing-financial-services/.venv/lib/python3.10/site-packages/airflow/example_dags/example_branch_day_of_week_operator.py
[2024-09-03T11:45:22.116+0000] {processor.py:826} INFO - Processing file /home/airflow-vm/data-engineer-batch-processing-financial-services/.venv/lib/python3.10/site-packages/airflow/example_dags/example_branch_day_of_week_operator.py for tasks to queue
[2024-09-03T11:45:22.116+0000] {logging_mixin.py:149} INFO - [2024-09-03T11:45:22.116+0000] {dagbag.py:541} INFO - Filling up the DagBag from /home/airflow-vm/data-engineer-batch-processing-financial-services/.venv/lib/python3.10/site-packages/airflow/example_dags/example_branch_day_of_week_operator.py
[2024-09-03T11:45:22.123+0000] {processor.py:836} INFO - DAG(s) dict_keys(['example_weekday_branch_operator']) retrieved from /home/airflow-vm/data-engineer-batch-processing-financial-services/.venv/lib/python3.10/site-packages/airflow/example_dags/example_branch_day_of_week_operator.py
[2024-09-03T11:45:22.141+0000] {logging_mixin.py:149} INFO - [2024-09-03T11:45:22.141+0000] {dag.py:2726} INFO - Sync 1 DAGs
[2024-09-03T11:45:22.163+0000] {logging_mixin.py:149} INFO - [2024-09-03T11:45:22.163+0000] {dag.py:3486} INFO - Setting next_dagrun for example_weekday_branch_operator to 2024-09-02T00:00:00+00:00, run_after=2024-09-03T00:00:00+00:00
[2024-09-03T11:45:22.192+0000] {processor.py:179} INFO - Processing /home/airflow-vm/data-engineer-batch-processing-financial-services/.venv/lib/python3.10/site-packages/airflow/example_dags/example_branch_day_of_week_operator.py took 0.080 seconds
[2024-09-03T11:49:22.643+0000] {processor.py:157} INFO - Started process (PID=28977) to work on /home/airflow-vm/data-engineer-batch-processing-financial-services/.venv/lib/python3.10/site-packages/airflow/example_dags/example_branch_day_of_week_operator.py
[2024-09-03T11:49:22.644+0000] {processor.py:826} INFO - Processing file /home/airflow-vm/data-engineer-batch-processing-financial-services/.venv/lib/python3.10/site-packages/airflow/example_dags/example_branch_day_of_week_operator.py for tasks to queue
[2024-09-03T11:49:22.644+0000] {logging_mixin.py:149} INFO - [2024-09-03T11:49:22.644+0000] {dagbag.py:541} INFO - Filling up the DagBag from /home/airflow-vm/data-engineer-batch-processing-financial-services/.venv/lib/python3.10/site-packages/airflow/example_dags/example_branch_day_of_week_operator.py
[2024-09-03T11:49:22.652+0000] {processor.py:836} INFO - DAG(s) dict_keys(['example_weekday_branch_operator']) retrieved from /home/airflow-vm/data-engineer-batch-processing-financial-services/.venv/lib/python3.10/site-packages/airflow/example_dags/example_branch_day_of_week_operator.py
[2024-09-03T11:49:22.672+0000] {logging_mixin.py:149} INFO - [2024-09-03T11:49:22.671+0000] {dag.py:2726} INFO - Sync 1 DAGs
[2024-09-03T11:49:22.693+0000] {logging_mixin.py:149} INFO - [2024-09-03T11:49:22.693+0000] {dag.py:3486} INFO - Setting next_dagrun for example_weekday_branch_operator to 2024-09-02T00:00:00+00:00, run_after=2024-09-03T00:00:00+00:00
[2024-09-03T11:49:22.720+0000] {processor.py:179} INFO - Processing /home/airflow-vm/data-engineer-batch-processing-financial-services/.venv/lib/python3.10/site-packages/airflow/example_dags/example_branch_day_of_week_operator.py took 0.079 seconds
[2024-09-03T11:50:53.349+0000] {processor.py:157} INFO - Started process (PID=29686) to work on /home/airflow-vm/data-engineer-batch-processing-financial-services/.venv/lib/python3.10/site-packages/airflow/example_dags/example_branch_day_of_week_operator.py
[2024-09-03T11:50:53.350+0000] {processor.py:826} INFO - Processing file /home/airflow-vm/data-engineer-batch-processing-financial-services/.venv/lib/python3.10/site-packages/airflow/example_dags/example_branch_day_of_week_operator.py for tasks to queue
[2024-09-03T11:50:53.351+0000] {logging_mixin.py:149} INFO - [2024-09-03T11:50:53.351+0000] {dagbag.py:541} INFO - Filling up the DagBag from /home/airflow-vm/data-engineer-batch-processing-financial-services/.venv/lib/python3.10/site-packages/airflow/example_dags/example_branch_day_of_week_operator.py
[2024-09-03T11:50:53.358+0000] {processor.py:836} INFO - DAG(s) dict_keys(['example_weekday_branch_operator']) retrieved from /home/airflow-vm/data-engineer-batch-processing-financial-services/.venv/lib/python3.10/site-packages/airflow/example_dags/example_branch_day_of_week_operator.py
[2024-09-03T11:50:53.378+0000] {logging_mixin.py:149} INFO - [2024-09-03T11:50:53.378+0000] {dag.py:2726} INFO - Sync 1 DAGs
[2024-09-03T11:50:53.400+0000] {logging_mixin.py:149} INFO - [2024-09-03T11:50:53.399+0000] {dag.py:3486} INFO - Setting next_dagrun for example_weekday_branch_operator to 2024-09-02T00:00:00+00:00, run_after=2024-09-03T00:00:00+00:00
[2024-09-03T11:50:53.428+0000] {processor.py:179} INFO - Processing /home/airflow-vm/data-engineer-batch-processing-financial-services/.venv/lib/python3.10/site-packages/airflow/example_dags/example_branch_day_of_week_operator.py took 0.082 seconds
[2024-09-03T11:51:36.828+0000] {processor.py:157} INFO - Started process (PID=29733) to work on /home/airflow-vm/data-engineer-batch-processing-financial-services/.venv/lib/python3.10/site-packages/airflow/example_dags/example_branch_day_of_week_operator.py
[2024-09-03T11:51:36.829+0000] {processor.py:826} INFO - Processing file /home/airflow-vm/data-engineer-batch-processing-financial-services/.venv/lib/python3.10/site-packages/airflow/example_dags/example_branch_day_of_week_operator.py for tasks to queue
[2024-09-03T11:51:36.829+0000] {logging_mixin.py:149} INFO - [2024-09-03T11:51:36.829+0000] {dagbag.py:541} INFO - Filling up the DagBag from /home/airflow-vm/data-engineer-batch-processing-financial-services/.venv/lib/python3.10/site-packages/airflow/example_dags/example_branch_day_of_week_operator.py
[2024-09-03T11:51:36.836+0000] {processor.py:836} INFO - DAG(s) dict_keys(['example_weekday_branch_operator']) retrieved from /home/airflow-vm/data-engineer-batch-processing-financial-services/.venv/lib/python3.10/site-packages/airflow/example_dags/example_branch_day_of_week_operator.py
[2024-09-03T11:51:36.855+0000] {logging_mixin.py:149} INFO - [2024-09-03T11:51:36.854+0000] {dag.py:2726} INFO - Sync 1 DAGs
[2024-09-03T11:51:36.877+0000] {logging_mixin.py:149} INFO - [2024-09-03T11:51:36.876+0000] {dag.py:3486} INFO - Setting next_dagrun for example_weekday_branch_operator to 2024-09-02T00:00:00+00:00, run_after=2024-09-03T00:00:00+00:00
[2024-09-03T11:51:36.905+0000] {processor.py:179} INFO - Processing /home/airflow-vm/data-engineer-batch-processing-financial-services/.venv/lib/python3.10/site-packages/airflow/example_dags/example_branch_day_of_week_operator.py took 0.079 seconds
[2024-09-03T11:52:21.717+0000] {processor.py:157} INFO - Started process (PID=29781) to work on /home/airflow-vm/data-engineer-batch-processing-financial-services/.venv/lib/python3.10/site-packages/airflow/example_dags/example_branch_day_of_week_operator.py
[2024-09-03T11:52:21.718+0000] {processor.py:826} INFO - Processing file /home/airflow-vm/data-engineer-batch-processing-financial-services/.venv/lib/python3.10/site-packages/airflow/example_dags/example_branch_day_of_week_operator.py for tasks to queue
[2024-09-03T11:52:21.718+0000] {logging_mixin.py:149} INFO - [2024-09-03T11:52:21.718+0000] {dagbag.py:541} INFO - Filling up the DagBag from /home/airflow-vm/data-engineer-batch-processing-financial-services/.venv/lib/python3.10/site-packages/airflow/example_dags/example_branch_day_of_week_operator.py
[2024-09-03T11:52:21.725+0000] {processor.py:836} INFO - DAG(s) dict_keys(['example_weekday_branch_operator']) retrieved from /home/airflow-vm/data-engineer-batch-processing-financial-services/.venv/lib/python3.10/site-packages/airflow/example_dags/example_branch_day_of_week_operator.py
[2024-09-03T11:52:21.744+0000] {logging_mixin.py:149} INFO - [2024-09-03T11:52:21.744+0000] {dag.py:2726} INFO - Sync 1 DAGs
[2024-09-03T11:52:21.767+0000] {logging_mixin.py:149} INFO - [2024-09-03T11:52:21.766+0000] {dag.py:3486} INFO - Setting next_dagrun for example_weekday_branch_operator to 2024-09-02T00:00:00+00:00, run_after=2024-09-03T00:00:00+00:00
[2024-09-03T11:52:21.795+0000] {processor.py:179} INFO - Processing /home/airflow-vm/data-engineer-batch-processing-financial-services/.venv/lib/python3.10/site-packages/airflow/example_dags/example_branch_day_of_week_operator.py took 0.081 seconds
[2024-09-03T11:53:10.846+0000] {processor.py:157} INFO - Started process (PID=29832) to work on /home/airflow-vm/data-engineer-batch-processing-financial-services/.venv/lib/python3.10/site-packages/airflow/example_dags/example_branch_day_of_week_operator.py
[2024-09-03T11:53:10.847+0000] {processor.py:826} INFO - Processing file /home/airflow-vm/data-engineer-batch-processing-financial-services/.venv/lib/python3.10/site-packages/airflow/example_dags/example_branch_day_of_week_operator.py for tasks to queue
[2024-09-03T11:53:10.847+0000] {logging_mixin.py:149} INFO - [2024-09-03T11:53:10.847+0000] {dagbag.py:541} INFO - Filling up the DagBag from /home/airflow-vm/data-engineer-batch-processing-financial-services/.venv/lib/python3.10/site-packages/airflow/example_dags/example_branch_day_of_week_operator.py
[2024-09-03T11:53:10.854+0000] {processor.py:836} INFO - DAG(s) dict_keys(['example_weekday_branch_operator']) retrieved from /home/airflow-vm/data-engineer-batch-processing-financial-services/.venv/lib/python3.10/site-packages/airflow/example_dags/example_branch_day_of_week_operator.py
[2024-09-03T11:53:10.874+0000] {logging_mixin.py:149} INFO - [2024-09-03T11:53:10.874+0000] {dag.py:2726} INFO - Sync 1 DAGs
[2024-09-03T11:53:10.895+0000] {logging_mixin.py:149} INFO - [2024-09-03T11:53:10.895+0000] {dag.py:3486} INFO - Setting next_dagrun for example_weekday_branch_operator to 2024-09-02T00:00:00+00:00, run_after=2024-09-03T00:00:00+00:00
[2024-09-03T11:53:10.926+0000] {processor.py:179} INFO - Processing /home/airflow-vm/data-engineer-batch-processing-financial-services/.venv/lib/python3.10/site-packages/airflow/example_dags/example_branch_day_of_week_operator.py took 0.082 seconds
[2024-09-03T11:53:57.564+0000] {processor.py:157} INFO - Started process (PID=29907) to work on /home/airflow-vm/data-engineer-batch-processing-financial-services/.venv/lib/python3.10/site-packages/airflow/example_dags/example_branch_day_of_week_operator.py
[2024-09-03T11:53:57.565+0000] {processor.py:826} INFO - Processing file /home/airflow-vm/data-engineer-batch-processing-financial-services/.venv/lib/python3.10/site-packages/airflow/example_dags/example_branch_day_of_week_operator.py for tasks to queue
[2024-09-03T11:53:57.566+0000] {logging_mixin.py:149} INFO - [2024-09-03T11:53:57.566+0000] {dagbag.py:541} INFO - Filling up the DagBag from /home/airflow-vm/data-engineer-batch-processing-financial-services/.venv/lib/python3.10/site-packages/airflow/example_dags/example_branch_day_of_week_operator.py
[2024-09-03T11:53:57.573+0000] {processor.py:836} INFO - DAG(s) dict_keys(['example_weekday_branch_operator']) retrieved from /home/airflow-vm/data-engineer-batch-processing-financial-services/.venv/lib/python3.10/site-packages/airflow/example_dags/example_branch_day_of_week_operator.py
[2024-09-03T11:53:57.594+0000] {logging_mixin.py:149} INFO - [2024-09-03T11:53:57.594+0000] {dag.py:2726} INFO - Sync 1 DAGs
[2024-09-03T11:53:57.616+0000] {logging_mixin.py:149} INFO - [2024-09-03T11:53:57.616+0000] {dag.py:3486} INFO - Setting next_dagrun for example_weekday_branch_operator to 2024-09-02T00:00:00+00:00, run_after=2024-09-03T00:00:00+00:00
[2024-09-03T11:53:57.650+0000] {processor.py:179} INFO - Processing /home/airflow-vm/data-engineer-batch-processing-financial-services/.venv/lib/python3.10/site-packages/airflow/example_dags/example_branch_day_of_week_operator.py took 0.089 seconds
[2024-09-03T11:54:47.244+0000] {processor.py:157} INFO - Started process (PID=29963) to work on /home/airflow-vm/data-engineer-batch-processing-financial-services/.venv/lib/python3.10/site-packages/airflow/example_dags/example_branch_day_of_week_operator.py
[2024-09-03T11:54:47.244+0000] {processor.py:826} INFO - Processing file /home/airflow-vm/data-engineer-batch-processing-financial-services/.venv/lib/python3.10/site-packages/airflow/example_dags/example_branch_day_of_week_operator.py for tasks to queue
[2024-09-03T11:54:47.245+0000] {logging_mixin.py:149} INFO - [2024-09-03T11:54:47.245+0000] {dagbag.py:541} INFO - Filling up the DagBag from /home/airflow-vm/data-engineer-batch-processing-financial-services/.venv/lib/python3.10/site-packages/airflow/example_dags/example_branch_day_of_week_operator.py
[2024-09-03T11:54:47.252+0000] {processor.py:836} INFO - DAG(s) dict_keys(['example_weekday_branch_operator']) retrieved from /home/airflow-vm/data-engineer-batch-processing-financial-services/.venv/lib/python3.10/site-packages/airflow/example_dags/example_branch_day_of_week_operator.py
[2024-09-03T11:54:47.273+0000] {logging_mixin.py:149} INFO - [2024-09-03T11:54:47.273+0000] {dag.py:2726} INFO - Sync 1 DAGs
[2024-09-03T11:54:47.294+0000] {logging_mixin.py:149} INFO - [2024-09-03T11:54:47.294+0000] {dag.py:3486} INFO - Setting next_dagrun for example_weekday_branch_operator to 2024-09-02T00:00:00+00:00, run_after=2024-09-03T00:00:00+00:00
[2024-09-03T11:54:47.322+0000] {processor.py:179} INFO - Processing /home/airflow-vm/data-engineer-batch-processing-financial-services/.venv/lib/python3.10/site-packages/airflow/example_dags/example_branch_day_of_week_operator.py took 0.080 seconds
[2024-09-03T11:55:31.236+0000] {processor.py:157} INFO - Started process (PID=30013) to work on /home/airflow-vm/data-engineer-batch-processing-financial-services/.venv/lib/python3.10/site-packages/airflow/example_dags/example_branch_day_of_week_operator.py
[2024-09-03T11:55:31.237+0000] {processor.py:826} INFO - Processing file /home/airflow-vm/data-engineer-batch-processing-financial-services/.venv/lib/python3.10/site-packages/airflow/example_dags/example_branch_day_of_week_operator.py for tasks to queue
[2024-09-03T11:55:31.237+0000] {logging_mixin.py:149} INFO - [2024-09-03T11:55:31.237+0000] {dagbag.py:541} INFO - Filling up the DagBag from /home/airflow-vm/data-engineer-batch-processing-financial-services/.venv/lib/python3.10/site-packages/airflow/example_dags/example_branch_day_of_week_operator.py
[2024-09-03T11:55:31.244+0000] {processor.py:836} INFO - DAG(s) dict_keys(['example_weekday_branch_operator']) retrieved from /home/airflow-vm/data-engineer-batch-processing-financial-services/.venv/lib/python3.10/site-packages/airflow/example_dags/example_branch_day_of_week_operator.py
[2024-09-03T11:55:31.264+0000] {logging_mixin.py:149} INFO - [2024-09-03T11:55:31.263+0000] {dag.py:2726} INFO - Sync 1 DAGs
[2024-09-03T11:55:31.286+0000] {logging_mixin.py:149} INFO - [2024-09-03T11:55:31.285+0000] {dag.py:3486} INFO - Setting next_dagrun for example_weekday_branch_operator to 2024-09-02T00:00:00+00:00, run_after=2024-09-03T00:00:00+00:00
[2024-09-03T11:55:31.314+0000] {processor.py:179} INFO - Processing /home/airflow-vm/data-engineer-batch-processing-financial-services/.venv/lib/python3.10/site-packages/airflow/example_dags/example_branch_day_of_week_operator.py took 0.080 seconds
[2024-09-03T11:56:18.700+0000] {processor.py:157} INFO - Started process (PID=30061) to work on /home/airflow-vm/data-engineer-batch-processing-financial-services/.venv/lib/python3.10/site-packages/airflow/example_dags/example_branch_day_of_week_operator.py
[2024-09-03T11:56:18.701+0000] {processor.py:826} INFO - Processing file /home/airflow-vm/data-engineer-batch-processing-financial-services/.venv/lib/python3.10/site-packages/airflow/example_dags/example_branch_day_of_week_operator.py for tasks to queue
[2024-09-03T11:56:18.702+0000] {logging_mixin.py:149} INFO - [2024-09-03T11:56:18.702+0000] {dagbag.py:541} INFO - Filling up the DagBag from /home/airflow-vm/data-engineer-batch-processing-financial-services/.venv/lib/python3.10/site-packages/airflow/example_dags/example_branch_day_of_week_operator.py
[2024-09-03T11:56:18.709+0000] {processor.py:836} INFO - DAG(s) dict_keys(['example_weekday_branch_operator']) retrieved from /home/airflow-vm/data-engineer-batch-processing-financial-services/.venv/lib/python3.10/site-packages/airflow/example_dags/example_branch_day_of_week_operator.py
[2024-09-03T11:56:18.727+0000] {logging_mixin.py:149} INFO - [2024-09-03T11:56:18.727+0000] {dag.py:2726} INFO - Sync 1 DAGs
[2024-09-03T11:56:18.749+0000] {logging_mixin.py:149} INFO - [2024-09-03T11:56:18.749+0000] {dag.py:3486} INFO - Setting next_dagrun for example_weekday_branch_operator to 2024-09-02T00:00:00+00:00, run_after=2024-09-03T00:00:00+00:00
[2024-09-03T11:56:18.779+0000] {processor.py:179} INFO - Processing /home/airflow-vm/data-engineer-batch-processing-financial-services/.venv/lib/python3.10/site-packages/airflow/example_dags/example_branch_day_of_week_operator.py took 0.081 seconds
