[2024-09-03T10:58:36.012+0000] {processor.py:157} INFO - Started process (PID=3642) to work on /home/airflow-vm/data-engineer-batch-processing-financial-services/.venv/lib/python3.10/site-packages/airflow/example_dags/example_branch_operator_decorator.py
[2024-09-03T10:58:36.012+0000] {processor.py:826} INFO - Processing file /home/airflow-vm/data-engineer-batch-processing-financial-services/.venv/lib/python3.10/site-packages/airflow/example_dags/example_branch_operator_decorator.py for tasks to queue
[2024-09-03T10:58:36.013+0000] {logging_mixin.py:149} INFO - [2024-09-03T10:58:36.013+0000] {dagbag.py:541} INFO - Filling up the DagBag from /home/airflow-vm/data-engineer-batch-processing-financial-services/.venv/lib/python3.10/site-packages/airflow/example_dags/example_branch_operator_decorator.py
[2024-09-03T10:58:36.022+0000] {processor.py:836} INFO - DAG(s) dict_keys(['example_branch_python_operator_decorator']) retrieved from /home/airflow-vm/data-engineer-batch-processing-financial-services/.venv/lib/python3.10/site-packages/airflow/example_dags/example_branch_operator_decorator.py
[2024-09-03T10:58:36.076+0000] {logging_mixin.py:149} INFO - [2024-09-03T10:58:36.076+0000] {dag.py:2726} INFO - Sync 1 DAGs
[2024-09-03T10:58:36.098+0000] {logging_mixin.py:149} INFO - [2024-09-03T10:58:36.097+0000] {dag.py:3486} INFO - Setting next_dagrun for example_branch_python_operator_decorator to 2024-09-02T00:00:00+00:00, run_after=2024-09-03T00:00:00+00:00
[2024-09-03T10:58:36.126+0000] {processor.py:179} INFO - Processing /home/airflow-vm/data-engineer-batch-processing-financial-services/.venv/lib/python3.10/site-packages/airflow/example_dags/example_branch_operator_decorator.py took 0.117 seconds
[2024-09-03T10:59:25.381+0000] {processor.py:157} INFO - Started process (PID=3842) to work on /home/airflow-vm/data-engineer-batch-processing-financial-services/.venv/lib/python3.10/site-packages/airflow/example_dags/example_branch_operator_decorator.py
[2024-09-03T10:59:25.382+0000] {processor.py:826} INFO - Processing file /home/airflow-vm/data-engineer-batch-processing-financial-services/.venv/lib/python3.10/site-packages/airflow/example_dags/example_branch_operator_decorator.py for tasks to queue
[2024-09-03T10:59:25.383+0000] {logging_mixin.py:149} INFO - [2024-09-03T10:59:25.383+0000] {dagbag.py:541} INFO - Filling up the DagBag from /home/airflow-vm/data-engineer-batch-processing-financial-services/.venv/lib/python3.10/site-packages/airflow/example_dags/example_branch_operator_decorator.py
[2024-09-03T10:59:25.393+0000] {processor.py:836} INFO - DAG(s) dict_keys(['example_branch_python_operator_decorator']) retrieved from /home/airflow-vm/data-engineer-batch-processing-financial-services/.venv/lib/python3.10/site-packages/airflow/example_dags/example_branch_operator_decorator.py
[2024-09-03T10:59:25.413+0000] {logging_mixin.py:149} INFO - [2024-09-03T10:59:25.412+0000] {dag.py:2726} INFO - Sync 1 DAGs
[2024-09-03T10:59:25.432+0000] {logging_mixin.py:149} INFO - [2024-09-03T10:59:25.432+0000] {dag.py:3486} INFO - Setting next_dagrun for example_branch_python_operator_decorator to 2024-09-02T00:00:00+00:00, run_after=2024-09-03T00:00:00+00:00
[2024-09-03T10:59:25.461+0000] {processor.py:179} INFO - Processing /home/airflow-vm/data-engineer-batch-processing-financial-services/.venv/lib/python3.10/site-packages/airflow/example_dags/example_branch_operator_decorator.py took 0.082 seconds
[2024-09-03T11:00:08.888+0000] {processor.py:157} INFO - Started process (PID=4043) to work on /home/airflow-vm/data-engineer-batch-processing-financial-services/.venv/lib/python3.10/site-packages/airflow/example_dags/example_branch_operator_decorator.py
[2024-09-03T11:00:08.889+0000] {processor.py:826} INFO - Processing file /home/airflow-vm/data-engineer-batch-processing-financial-services/.venv/lib/python3.10/site-packages/airflow/example_dags/example_branch_operator_decorator.py for tasks to queue
[2024-09-03T11:00:08.889+0000] {logging_mixin.py:149} INFO - [2024-09-03T11:00:08.889+0000] {dagbag.py:541} INFO - Filling up the DagBag from /home/airflow-vm/data-engineer-batch-processing-financial-services/.venv/lib/python3.10/site-packages/airflow/example_dags/example_branch_operator_decorator.py
[2024-09-03T11:00:08.899+0000] {processor.py:836} INFO - DAG(s) dict_keys(['example_branch_python_operator_decorator']) retrieved from /home/airflow-vm/data-engineer-batch-processing-financial-services/.venv/lib/python3.10/site-packages/airflow/example_dags/example_branch_operator_decorator.py
[2024-09-03T11:00:08.919+0000] {logging_mixin.py:149} INFO - [2024-09-03T11:00:08.919+0000] {dag.py:2726} INFO - Sync 1 DAGs
[2024-09-03T11:00:08.939+0000] {logging_mixin.py:149} INFO - [2024-09-03T11:00:08.939+0000] {dag.py:3486} INFO - Setting next_dagrun for example_branch_python_operator_decorator to 2024-09-02T00:00:00+00:00, run_after=2024-09-03T00:00:00+00:00
[2024-09-03T11:00:08.967+0000] {processor.py:179} INFO - Processing /home/airflow-vm/data-engineer-batch-processing-financial-services/.venv/lib/python3.10/site-packages/airflow/example_dags/example_branch_operator_decorator.py took 0.082 seconds
[2024-09-03T11:00:54.231+0000] {processor.py:157} INFO - Started process (PID=4537) to work on /home/airflow-vm/data-engineer-batch-processing-financial-services/.venv/lib/python3.10/site-packages/airflow/example_dags/example_branch_operator_decorator.py
[2024-09-03T11:00:54.232+0000] {processor.py:826} INFO - Processing file /home/airflow-vm/data-engineer-batch-processing-financial-services/.venv/lib/python3.10/site-packages/airflow/example_dags/example_branch_operator_decorator.py for tasks to queue
[2024-09-03T11:00:54.232+0000] {logging_mixin.py:149} INFO - [2024-09-03T11:00:54.232+0000] {dagbag.py:541} INFO - Filling up the DagBag from /home/airflow-vm/data-engineer-batch-processing-financial-services/.venv/lib/python3.10/site-packages/airflow/example_dags/example_branch_operator_decorator.py
[2024-09-03T11:00:54.241+0000] {processor.py:836} INFO - DAG(s) dict_keys(['example_branch_python_operator_decorator']) retrieved from /home/airflow-vm/data-engineer-batch-processing-financial-services/.venv/lib/python3.10/site-packages/airflow/example_dags/example_branch_operator_decorator.py
[2024-09-03T11:00:54.261+0000] {logging_mixin.py:149} INFO - [2024-09-03T11:00:54.261+0000] {dag.py:2726} INFO - Sync 1 DAGs
[2024-09-03T11:00:54.283+0000] {logging_mixin.py:149} INFO - [2024-09-03T11:00:54.283+0000] {dag.py:3486} INFO - Setting next_dagrun for example_branch_python_operator_decorator to 2024-09-02T00:00:00+00:00, run_after=2024-09-03T00:00:00+00:00
[2024-09-03T11:00:54.310+0000] {processor.py:179} INFO - Processing /home/airflow-vm/data-engineer-batch-processing-financial-services/.venv/lib/python3.10/site-packages/airflow/example_dags/example_branch_operator_decorator.py took 0.082 seconds
[2024-09-03T11:01:43.930+0000] {processor.py:157} INFO - Started process (PID=4770) to work on /home/airflow-vm/data-engineer-batch-processing-financial-services/.venv/lib/python3.10/site-packages/airflow/example_dags/example_branch_operator_decorator.py
[2024-09-03T11:01:43.930+0000] {processor.py:826} INFO - Processing file /home/airflow-vm/data-engineer-batch-processing-financial-services/.venv/lib/python3.10/site-packages/airflow/example_dags/example_branch_operator_decorator.py for tasks to queue
[2024-09-03T11:01:43.931+0000] {logging_mixin.py:149} INFO - [2024-09-03T11:01:43.931+0000] {dagbag.py:541} INFO - Filling up the DagBag from /home/airflow-vm/data-engineer-batch-processing-financial-services/.venv/lib/python3.10/site-packages/airflow/example_dags/example_branch_operator_decorator.py
[2024-09-03T11:01:43.940+0000] {processor.py:836} INFO - DAG(s) dict_keys(['example_branch_python_operator_decorator']) retrieved from /home/airflow-vm/data-engineer-batch-processing-financial-services/.venv/lib/python3.10/site-packages/airflow/example_dags/example_branch_operator_decorator.py
[2024-09-03T11:01:43.960+0000] {logging_mixin.py:149} INFO - [2024-09-03T11:01:43.960+0000] {dag.py:2726} INFO - Sync 1 DAGs
[2024-09-03T11:01:43.981+0000] {logging_mixin.py:149} INFO - [2024-09-03T11:01:43.981+0000] {dag.py:3486} INFO - Setting next_dagrun for example_branch_python_operator_decorator to 2024-09-02T00:00:00+00:00, run_after=2024-09-03T00:00:00+00:00
[2024-09-03T11:01:44.008+0000] {processor.py:179} INFO - Processing /home/airflow-vm/data-engineer-batch-processing-financial-services/.venv/lib/python3.10/site-packages/airflow/example_dags/example_branch_operator_decorator.py took 0.081 seconds
[2024-09-03T11:02:30.347+0000] {processor.py:157} INFO - Started process (PID=4828) to work on /home/airflow-vm/data-engineer-batch-processing-financial-services/.venv/lib/python3.10/site-packages/airflow/example_dags/example_branch_operator_decorator.py
[2024-09-03T11:02:30.348+0000] {processor.py:826} INFO - Processing file /home/airflow-vm/data-engineer-batch-processing-financial-services/.venv/lib/python3.10/site-packages/airflow/example_dags/example_branch_operator_decorator.py for tasks to queue
[2024-09-03T11:02:30.348+0000] {logging_mixin.py:149} INFO - [2024-09-03T11:02:30.348+0000] {dagbag.py:541} INFO - Filling up the DagBag from /home/airflow-vm/data-engineer-batch-processing-financial-services/.venv/lib/python3.10/site-packages/airflow/example_dags/example_branch_operator_decorator.py
[2024-09-03T11:02:30.359+0000] {processor.py:836} INFO - DAG(s) dict_keys(['example_branch_python_operator_decorator']) retrieved from /home/airflow-vm/data-engineer-batch-processing-financial-services/.venv/lib/python3.10/site-packages/airflow/example_dags/example_branch_operator_decorator.py
[2024-09-03T11:02:30.381+0000] {logging_mixin.py:149} INFO - [2024-09-03T11:02:30.381+0000] {dag.py:2726} INFO - Sync 1 DAGs
[2024-09-03T11:02:30.403+0000] {logging_mixin.py:149} INFO - [2024-09-03T11:02:30.402+0000] {dag.py:3486} INFO - Setting next_dagrun for example_branch_python_operator_decorator to 2024-09-02T00:00:00+00:00, run_after=2024-09-03T00:00:00+00:00
[2024-09-03T11:02:30.429+0000] {processor.py:179} INFO - Processing /home/airflow-vm/data-engineer-batch-processing-financial-services/.venv/lib/python3.10/site-packages/airflow/example_dags/example_branch_operator_decorator.py took 0.085 seconds
[2024-09-03T11:03:17.873+0000] {processor.py:157} INFO - Started process (PID=5125) to work on /home/airflow-vm/data-engineer-batch-processing-financial-services/.venv/lib/python3.10/site-packages/airflow/example_dags/example_branch_operator_decorator.py
[2024-09-03T11:03:17.874+0000] {processor.py:826} INFO - Processing file /home/airflow-vm/data-engineer-batch-processing-financial-services/.venv/lib/python3.10/site-packages/airflow/example_dags/example_branch_operator_decorator.py for tasks to queue
[2024-09-03T11:03:17.875+0000] {logging_mixin.py:149} INFO - [2024-09-03T11:03:17.875+0000] {dagbag.py:541} INFO - Filling up the DagBag from /home/airflow-vm/data-engineer-batch-processing-financial-services/.venv/lib/python3.10/site-packages/airflow/example_dags/example_branch_operator_decorator.py
[2024-09-03T11:03:17.884+0000] {processor.py:836} INFO - DAG(s) dict_keys(['example_branch_python_operator_decorator']) retrieved from /home/airflow-vm/data-engineer-batch-processing-financial-services/.venv/lib/python3.10/site-packages/airflow/example_dags/example_branch_operator_decorator.py
[2024-09-03T11:03:17.903+0000] {logging_mixin.py:149} INFO - [2024-09-03T11:03:17.903+0000] {dag.py:2726} INFO - Sync 1 DAGs
[2024-09-03T11:03:17.923+0000] {logging_mixin.py:149} INFO - [2024-09-03T11:03:17.923+0000] {dag.py:3486} INFO - Setting next_dagrun for example_branch_python_operator_decorator to 2024-09-02T00:00:00+00:00, run_after=2024-09-03T00:00:00+00:00
[2024-09-03T11:03:17.952+0000] {processor.py:179} INFO - Processing /home/airflow-vm/data-engineer-batch-processing-financial-services/.venv/lib/python3.10/site-packages/airflow/example_dags/example_branch_operator_decorator.py took 0.081 seconds
[2024-09-03T11:06:10.516+0000] {processor.py:157} INFO - Started process (PID=6798) to work on /home/airflow-vm/data-engineer-batch-processing-financial-services/.venv/lib/python3.10/site-packages/airflow/example_dags/example_branch_operator_decorator.py
[2024-09-03T11:06:10.517+0000] {processor.py:826} INFO - Processing file /home/airflow-vm/data-engineer-batch-processing-financial-services/.venv/lib/python3.10/site-packages/airflow/example_dags/example_branch_operator_decorator.py for tasks to queue
[2024-09-03T11:06:10.518+0000] {logging_mixin.py:149} INFO - [2024-09-03T11:06:10.518+0000] {dagbag.py:541} INFO - Filling up the DagBag from /home/airflow-vm/data-engineer-batch-processing-financial-services/.venv/lib/python3.10/site-packages/airflow/example_dags/example_branch_operator_decorator.py
[2024-09-03T11:06:10.527+0000] {processor.py:836} INFO - DAG(s) dict_keys(['example_branch_python_operator_decorator']) retrieved from /home/airflow-vm/data-engineer-batch-processing-financial-services/.venv/lib/python3.10/site-packages/airflow/example_dags/example_branch_operator_decorator.py
[2024-09-03T11:06:10.546+0000] {logging_mixin.py:149} INFO - [2024-09-03T11:06:10.546+0000] {dag.py:2726} INFO - Sync 1 DAGs
[2024-09-03T11:06:10.567+0000] {logging_mixin.py:149} INFO - [2024-09-03T11:06:10.566+0000] {dag.py:3486} INFO - Setting next_dagrun for example_branch_python_operator_decorator to 2024-09-02T00:00:00+00:00, run_after=2024-09-03T00:00:00+00:00
[2024-09-03T11:06:10.597+0000] {processor.py:179} INFO - Processing /home/airflow-vm/data-engineer-batch-processing-financial-services/.venv/lib/python3.10/site-packages/airflow/example_dags/example_branch_operator_decorator.py took 0.083 seconds
[2024-09-03T11:10:17.767+0000] {processor.py:157} INFO - Started process (PID=8492) to work on /home/airflow-vm/data-engineer-batch-processing-financial-services/.venv/lib/python3.10/site-packages/airflow/example_dags/example_branch_operator_decorator.py
[2024-09-03T11:10:17.768+0000] {processor.py:826} INFO - Processing file /home/airflow-vm/data-engineer-batch-processing-financial-services/.venv/lib/python3.10/site-packages/airflow/example_dags/example_branch_operator_decorator.py for tasks to queue
[2024-09-03T11:10:17.769+0000] {logging_mixin.py:149} INFO - [2024-09-03T11:10:17.769+0000] {dagbag.py:541} INFO - Filling up the DagBag from /home/airflow-vm/data-engineer-batch-processing-financial-services/.venv/lib/python3.10/site-packages/airflow/example_dags/example_branch_operator_decorator.py
[2024-09-03T11:10:17.779+0000] {processor.py:836} INFO - DAG(s) dict_keys(['example_branch_python_operator_decorator']) retrieved from /home/airflow-vm/data-engineer-batch-processing-financial-services/.venv/lib/python3.10/site-packages/airflow/example_dags/example_branch_operator_decorator.py
[2024-09-03T11:10:17.801+0000] {logging_mixin.py:149} INFO - [2024-09-03T11:10:17.801+0000] {dag.py:2726} INFO - Sync 1 DAGs
[2024-09-03T11:10:17.822+0000] {logging_mixin.py:149} INFO - [2024-09-03T11:10:17.821+0000] {dag.py:3486} INFO - Setting next_dagrun for example_branch_python_operator_decorator to 2024-09-02T00:00:00+00:00, run_after=2024-09-03T00:00:00+00:00
[2024-09-03T11:10:17.851+0000] {processor.py:179} INFO - Processing /home/airflow-vm/data-engineer-batch-processing-financial-services/.venv/lib/python3.10/site-packages/airflow/example_dags/example_branch_operator_decorator.py took 0.087 seconds
[2024-09-03T11:14:38.391+0000] {processor.py:157} INFO - Started process (PID=10351) to work on /home/airflow-vm/data-engineer-batch-processing-financial-services/.venv/lib/python3.10/site-packages/airflow/example_dags/example_branch_operator_decorator.py
[2024-09-03T11:14:38.392+0000] {processor.py:826} INFO - Processing file /home/airflow-vm/data-engineer-batch-processing-financial-services/.venv/lib/python3.10/site-packages/airflow/example_dags/example_branch_operator_decorator.py for tasks to queue
[2024-09-03T11:14:38.393+0000] {logging_mixin.py:149} INFO - [2024-09-03T11:14:38.393+0000] {dagbag.py:541} INFO - Filling up the DagBag from /home/airflow-vm/data-engineer-batch-processing-financial-services/.venv/lib/python3.10/site-packages/airflow/example_dags/example_branch_operator_decorator.py
[2024-09-03T11:14:38.402+0000] {processor.py:836} INFO - DAG(s) dict_keys(['example_branch_python_operator_decorator']) retrieved from /home/airflow-vm/data-engineer-batch-processing-financial-services/.venv/lib/python3.10/site-packages/airflow/example_dags/example_branch_operator_decorator.py
[2024-09-03T11:14:38.422+0000] {logging_mixin.py:149} INFO - [2024-09-03T11:14:38.422+0000] {dag.py:2726} INFO - Sync 1 DAGs
[2024-09-03T11:14:38.442+0000] {logging_mixin.py:149} INFO - [2024-09-03T11:14:38.442+0000] {dag.py:3486} INFO - Setting next_dagrun for example_branch_python_operator_decorator to 2024-09-02T00:00:00+00:00, run_after=2024-09-03T00:00:00+00:00
[2024-09-03T11:14:38.470+0000] {processor.py:179} INFO - Processing /home/airflow-vm/data-engineer-batch-processing-financial-services/.venv/lib/python3.10/site-packages/airflow/example_dags/example_branch_operator_decorator.py took 0.082 seconds
[2024-09-03T11:19:13.002+0000] {processor.py:157} INFO - Started process (PID=12909) to work on /home/airflow-vm/data-engineer-batch-processing-financial-services/.venv/lib/python3.10/site-packages/airflow/example_dags/example_branch_operator_decorator.py
[2024-09-03T11:19:13.003+0000] {processor.py:826} INFO - Processing file /home/airflow-vm/data-engineer-batch-processing-financial-services/.venv/lib/python3.10/site-packages/airflow/example_dags/example_branch_operator_decorator.py for tasks to queue
[2024-09-03T11:19:13.003+0000] {logging_mixin.py:149} INFO - [2024-09-03T11:19:13.003+0000] {dagbag.py:541} INFO - Filling up the DagBag from /home/airflow-vm/data-engineer-batch-processing-financial-services/.venv/lib/python3.10/site-packages/airflow/example_dags/example_branch_operator_decorator.py
[2024-09-03T11:19:13.012+0000] {processor.py:836} INFO - DAG(s) dict_keys(['example_branch_python_operator_decorator']) retrieved from /home/airflow-vm/data-engineer-batch-processing-financial-services/.venv/lib/python3.10/site-packages/airflow/example_dags/example_branch_operator_decorator.py
[2024-09-03T11:19:13.033+0000] {logging_mixin.py:149} INFO - [2024-09-03T11:19:13.033+0000] {dag.py:2726} INFO - Sync 1 DAGs
[2024-09-03T11:19:13.055+0000] {logging_mixin.py:149} INFO - [2024-09-03T11:19:13.055+0000] {dag.py:3486} INFO - Setting next_dagrun for example_branch_python_operator_decorator to 2024-09-02T00:00:00+00:00, run_after=2024-09-03T00:00:00+00:00
[2024-09-03T11:19:13.085+0000] {processor.py:179} INFO - Processing /home/airflow-vm/data-engineer-batch-processing-financial-services/.venv/lib/python3.10/site-packages/airflow/example_dags/example_branch_operator_decorator.py took 0.085 seconds
[2024-09-03T11:25:05.480+0000] {processor.py:157} INFO - Started process (PID=15684) to work on /home/airflow-vm/data-engineer-batch-processing-financial-services/.venv/lib/python3.10/site-packages/airflow/example_dags/example_branch_operator_decorator.py
[2024-09-03T11:25:05.481+0000] {processor.py:826} INFO - Processing file /home/airflow-vm/data-engineer-batch-processing-financial-services/.venv/lib/python3.10/site-packages/airflow/example_dags/example_branch_operator_decorator.py for tasks to queue
[2024-09-03T11:25:05.482+0000] {logging_mixin.py:149} INFO - [2024-09-03T11:25:05.482+0000] {dagbag.py:541} INFO - Filling up the DagBag from /home/airflow-vm/data-engineer-batch-processing-financial-services/.venv/lib/python3.10/site-packages/airflow/example_dags/example_branch_operator_decorator.py
[2024-09-03T11:25:05.491+0000] {processor.py:836} INFO - DAG(s) dict_keys(['example_branch_python_operator_decorator']) retrieved from /home/airflow-vm/data-engineer-batch-processing-financial-services/.venv/lib/python3.10/site-packages/airflow/example_dags/example_branch_operator_decorator.py
[2024-09-03T11:25:05.511+0000] {logging_mixin.py:149} INFO - [2024-09-03T11:25:05.511+0000] {dag.py:2726} INFO - Sync 1 DAGs
[2024-09-03T11:25:05.531+0000] {logging_mixin.py:149} INFO - [2024-09-03T11:25:05.531+0000] {dag.py:3486} INFO - Setting next_dagrun for example_branch_python_operator_decorator to 2024-09-02T00:00:00+00:00, run_after=2024-09-03T00:00:00+00:00
[2024-09-03T11:25:05.558+0000] {processor.py:179} INFO - Processing /home/airflow-vm/data-engineer-batch-processing-financial-services/.venv/lib/python3.10/site-packages/airflow/example_dags/example_branch_operator_decorator.py took 0.080 seconds
[2024-09-03T11:31:25.632+0000] {processor.py:157} INFO - Started process (PID=19046) to work on /home/airflow-vm/data-engineer-batch-processing-financial-services/.venv/lib/python3.10/site-packages/airflow/example_dags/example_branch_operator_decorator.py
[2024-09-03T11:31:25.633+0000] {processor.py:826} INFO - Processing file /home/airflow-vm/data-engineer-batch-processing-financial-services/.venv/lib/python3.10/site-packages/airflow/example_dags/example_branch_operator_decorator.py for tasks to queue
[2024-09-03T11:31:25.633+0000] {logging_mixin.py:149} INFO - [2024-09-03T11:31:25.633+0000] {dagbag.py:541} INFO - Filling up the DagBag from /home/airflow-vm/data-engineer-batch-processing-financial-services/.venv/lib/python3.10/site-packages/airflow/example_dags/example_branch_operator_decorator.py
[2024-09-03T11:31:25.643+0000] {processor.py:836} INFO - DAG(s) dict_keys(['example_branch_python_operator_decorator']) retrieved from /home/airflow-vm/data-engineer-batch-processing-financial-services/.venv/lib/python3.10/site-packages/airflow/example_dags/example_branch_operator_decorator.py
[2024-09-03T11:31:25.665+0000] {logging_mixin.py:149} INFO - [2024-09-03T11:31:25.665+0000] {dag.py:2726} INFO - Sync 1 DAGs
[2024-09-03T11:31:25.688+0000] {logging_mixin.py:149} INFO - [2024-09-03T11:31:25.688+0000] {dag.py:3486} INFO - Setting next_dagrun for example_branch_python_operator_decorator to 2024-09-02T00:00:00+00:00, run_after=2024-09-03T00:00:00+00:00
[2024-09-03T11:31:25.718+0000] {processor.py:179} INFO - Processing /home/airflow-vm/data-engineer-batch-processing-financial-services/.venv/lib/python3.10/site-packages/airflow/example_dags/example_branch_operator_decorator.py took 0.089 seconds
[2024-09-03T11:37:38.910+0000] {processor.py:157} INFO - Started process (PID=22670) to work on /home/airflow-vm/data-engineer-batch-processing-financial-services/.venv/lib/python3.10/site-packages/airflow/example_dags/example_branch_operator_decorator.py
[2024-09-03T11:37:38.911+0000] {processor.py:826} INFO - Processing file /home/airflow-vm/data-engineer-batch-processing-financial-services/.venv/lib/python3.10/site-packages/airflow/example_dags/example_branch_operator_decorator.py for tasks to queue
[2024-09-03T11:37:38.911+0000] {logging_mixin.py:149} INFO - [2024-09-03T11:37:38.911+0000] {dagbag.py:541} INFO - Filling up the DagBag from /home/airflow-vm/data-engineer-batch-processing-financial-services/.venv/lib/python3.10/site-packages/airflow/example_dags/example_branch_operator_decorator.py
[2024-09-03T11:37:38.921+0000] {processor.py:836} INFO - DAG(s) dict_keys(['example_branch_python_operator_decorator']) retrieved from /home/airflow-vm/data-engineer-batch-processing-financial-services/.venv/lib/python3.10/site-packages/airflow/example_dags/example_branch_operator_decorator.py
[2024-09-03T11:37:38.943+0000] {logging_mixin.py:149} INFO - [2024-09-03T11:37:38.943+0000] {dag.py:2726} INFO - Sync 1 DAGs
[2024-09-03T11:37:38.967+0000] {logging_mixin.py:149} INFO - [2024-09-03T11:37:38.966+0000] {dag.py:3486} INFO - Setting next_dagrun for example_branch_python_operator_decorator to 2024-09-02T00:00:00+00:00, run_after=2024-09-03T00:00:00+00:00
[2024-09-03T11:37:38.999+0000] {processor.py:179} INFO - Processing /home/airflow-vm/data-engineer-batch-processing-financial-services/.venv/lib/python3.10/site-packages/airflow/example_dags/example_branch_operator_decorator.py took 0.092 seconds
[2024-09-03T11:38:28.899+0000] {processor.py:157} INFO - Started process (PID=22899) to work on /home/airflow-vm/data-engineer-batch-processing-financial-services/.venv/lib/python3.10/site-packages/airflow/example_dags/example_branch_operator_decorator.py
[2024-09-03T11:38:28.900+0000] {processor.py:826} INFO - Processing file /home/airflow-vm/data-engineer-batch-processing-financial-services/.venv/lib/python3.10/site-packages/airflow/example_dags/example_branch_operator_decorator.py for tasks to queue
[2024-09-03T11:38:28.901+0000] {logging_mixin.py:149} INFO - [2024-09-03T11:38:28.901+0000] {dagbag.py:541} INFO - Filling up the DagBag from /home/airflow-vm/data-engineer-batch-processing-financial-services/.venv/lib/python3.10/site-packages/airflow/example_dags/example_branch_operator_decorator.py
[2024-09-03T11:38:28.911+0000] {processor.py:836} INFO - DAG(s) dict_keys(['example_branch_python_operator_decorator']) retrieved from /home/airflow-vm/data-engineer-batch-processing-financial-services/.venv/lib/python3.10/site-packages/airflow/example_dags/example_branch_operator_decorator.py
[2024-09-03T11:38:28.932+0000] {logging_mixin.py:149} INFO - [2024-09-03T11:38:28.931+0000] {dag.py:2726} INFO - Sync 1 DAGs
[2024-09-03T11:38:28.955+0000] {logging_mixin.py:149} INFO - [2024-09-03T11:38:28.955+0000] {dag.py:3486} INFO - Setting next_dagrun for example_branch_python_operator_decorator to 2024-09-02T00:00:00+00:00, run_after=2024-09-03T00:00:00+00:00
[2024-09-03T11:38:28.988+0000] {processor.py:179} INFO - Processing /home/airflow-vm/data-engineer-batch-processing-financial-services/.venv/lib/python3.10/site-packages/airflow/example_dags/example_branch_operator_decorator.py took 0.092 seconds
[2024-09-03T11:39:19.448+0000] {processor.py:157} INFO - Started process (PID=23184) to work on /home/airflow-vm/data-engineer-batch-processing-financial-services/.venv/lib/python3.10/site-packages/airflow/example_dags/example_branch_operator_decorator.py
[2024-09-03T11:39:19.449+0000] {processor.py:826} INFO - Processing file /home/airflow-vm/data-engineer-batch-processing-financial-services/.venv/lib/python3.10/site-packages/airflow/example_dags/example_branch_operator_decorator.py for tasks to queue
[2024-09-03T11:39:19.449+0000] {logging_mixin.py:149} INFO - [2024-09-03T11:39:19.449+0000] {dagbag.py:541} INFO - Filling up the DagBag from /home/airflow-vm/data-engineer-batch-processing-financial-services/.venv/lib/python3.10/site-packages/airflow/example_dags/example_branch_operator_decorator.py
[2024-09-03T11:39:19.460+0000] {processor.py:836} INFO - DAG(s) dict_keys(['example_branch_python_operator_decorator']) retrieved from /home/airflow-vm/data-engineer-batch-processing-financial-services/.venv/lib/python3.10/site-packages/airflow/example_dags/example_branch_operator_decorator.py
[2024-09-03T11:39:19.481+0000] {logging_mixin.py:149} INFO - [2024-09-03T11:39:19.481+0000] {dag.py:2726} INFO - Sync 1 DAGs
[2024-09-03T11:39:19.503+0000] {logging_mixin.py:149} INFO - [2024-09-03T11:39:19.503+0000] {dag.py:3486} INFO - Setting next_dagrun for example_branch_python_operator_decorator to 2024-09-02T00:00:00+00:00, run_after=2024-09-03T00:00:00+00:00
[2024-09-03T11:39:19.534+0000] {processor.py:179} INFO - Processing /home/airflow-vm/data-engineer-batch-processing-financial-services/.venv/lib/python3.10/site-packages/airflow/example_dags/example_branch_operator_decorator.py took 0.089 seconds
[2024-09-03T11:40:05.051+0000] {processor.py:157} INFO - Started process (PID=23349) to work on /home/airflow-vm/data-engineer-batch-processing-financial-services/.venv/lib/python3.10/site-packages/airflow/example_dags/example_branch_operator_decorator.py
[2024-09-03T11:40:05.052+0000] {processor.py:826} INFO - Processing file /home/airflow-vm/data-engineer-batch-processing-financial-services/.venv/lib/python3.10/site-packages/airflow/example_dags/example_branch_operator_decorator.py for tasks to queue
[2024-09-03T11:40:05.053+0000] {logging_mixin.py:149} INFO - [2024-09-03T11:40:05.053+0000] {dagbag.py:541} INFO - Filling up the DagBag from /home/airflow-vm/data-engineer-batch-processing-financial-services/.venv/lib/python3.10/site-packages/airflow/example_dags/example_branch_operator_decorator.py
[2024-09-03T11:40:05.063+0000] {processor.py:836} INFO - DAG(s) dict_keys(['example_branch_python_operator_decorator']) retrieved from /home/airflow-vm/data-engineer-batch-processing-financial-services/.venv/lib/python3.10/site-packages/airflow/example_dags/example_branch_operator_decorator.py
[2024-09-03T11:40:05.085+0000] {logging_mixin.py:149} INFO - [2024-09-03T11:40:05.085+0000] {dag.py:2726} INFO - Sync 1 DAGs
[2024-09-03T11:40:05.106+0000] {logging_mixin.py:149} INFO - [2024-09-03T11:40:05.106+0000] {dag.py:3486} INFO - Setting next_dagrun for example_branch_python_operator_decorator to 2024-09-02T00:00:00+00:00, run_after=2024-09-03T00:00:00+00:00
[2024-09-03T11:40:05.132+0000] {processor.py:179} INFO - Processing /home/airflow-vm/data-engineer-batch-processing-financial-services/.venv/lib/python3.10/site-packages/airflow/example_dags/example_branch_operator_decorator.py took 0.084 seconds
[2024-09-03T11:45:36.959+0000] {processor.py:157} INFO - Started process (PID=26837) to work on /home/airflow-vm/data-engineer-batch-processing-financial-services/.venv/lib/python3.10/site-packages/airflow/example_dags/example_branch_operator_decorator.py
[2024-09-03T11:45:36.960+0000] {processor.py:826} INFO - Processing file /home/airflow-vm/data-engineer-batch-processing-financial-services/.venv/lib/python3.10/site-packages/airflow/example_dags/example_branch_operator_decorator.py for tasks to queue
[2024-09-03T11:45:36.960+0000] {logging_mixin.py:149} INFO - [2024-09-03T11:45:36.960+0000] {dagbag.py:541} INFO - Filling up the DagBag from /home/airflow-vm/data-engineer-batch-processing-financial-services/.venv/lib/python3.10/site-packages/airflow/example_dags/example_branch_operator_decorator.py
[2024-09-03T11:45:36.970+0000] {processor.py:836} INFO - DAG(s) dict_keys(['example_branch_python_operator_decorator']) retrieved from /home/airflow-vm/data-engineer-batch-processing-financial-services/.venv/lib/python3.10/site-packages/airflow/example_dags/example_branch_operator_decorator.py
[2024-09-03T11:45:36.991+0000] {logging_mixin.py:149} INFO - [2024-09-03T11:45:36.990+0000] {dag.py:2726} INFO - Sync 1 DAGs
[2024-09-03T11:45:37.012+0000] {logging_mixin.py:149} INFO - [2024-09-03T11:45:37.012+0000] {dag.py:3486} INFO - Setting next_dagrun for example_branch_python_operator_decorator to 2024-09-02T00:00:00+00:00, run_after=2024-09-03T00:00:00+00:00
[2024-09-03T11:45:37.039+0000] {processor.py:179} INFO - Processing /home/airflow-vm/data-engineer-batch-processing-financial-services/.venv/lib/python3.10/site-packages/airflow/example_dags/example_branch_operator_decorator.py took 0.083 seconds
[2024-09-03T11:50:39.033+0000] {processor.py:157} INFO - Started process (PID=29671) to work on /home/airflow-vm/data-engineer-batch-processing-financial-services/.venv/lib/python3.10/site-packages/airflow/example_dags/example_branch_operator_decorator.py
[2024-09-03T11:50:39.034+0000] {processor.py:826} INFO - Processing file /home/airflow-vm/data-engineer-batch-processing-financial-services/.venv/lib/python3.10/site-packages/airflow/example_dags/example_branch_operator_decorator.py for tasks to queue
[2024-09-03T11:50:39.034+0000] {logging_mixin.py:149} INFO - [2024-09-03T11:50:39.034+0000] {dagbag.py:541} INFO - Filling up the DagBag from /home/airflow-vm/data-engineer-batch-processing-financial-services/.venv/lib/python3.10/site-packages/airflow/example_dags/example_branch_operator_decorator.py
[2024-09-03T11:50:39.044+0000] {processor.py:836} INFO - DAG(s) dict_keys(['example_branch_python_operator_decorator']) retrieved from /home/airflow-vm/data-engineer-batch-processing-financial-services/.venv/lib/python3.10/site-packages/airflow/example_dags/example_branch_operator_decorator.py
[2024-09-03T11:50:39.065+0000] {logging_mixin.py:149} INFO - [2024-09-03T11:50:39.065+0000] {dag.py:2726} INFO - Sync 1 DAGs
[2024-09-03T11:50:39.087+0000] {logging_mixin.py:149} INFO - [2024-09-03T11:50:39.086+0000] {dag.py:3486} INFO - Setting next_dagrun for example_branch_python_operator_decorator to 2024-09-02T00:00:00+00:00, run_after=2024-09-03T00:00:00+00:00
[2024-09-03T11:50:39.114+0000] {processor.py:179} INFO - Processing /home/airflow-vm/data-engineer-batch-processing-financial-services/.venv/lib/python3.10/site-packages/airflow/example_dags/example_branch_operator_decorator.py took 0.084 seconds
[2024-09-03T11:51:24.157+0000] {processor.py:157} INFO - Started process (PID=29719) to work on /home/airflow-vm/data-engineer-batch-processing-financial-services/.venv/lib/python3.10/site-packages/airflow/example_dags/example_branch_operator_decorator.py
[2024-09-03T11:51:24.158+0000] {processor.py:826} INFO - Processing file /home/airflow-vm/data-engineer-batch-processing-financial-services/.venv/lib/python3.10/site-packages/airflow/example_dags/example_branch_operator_decorator.py for tasks to queue
[2024-09-03T11:51:24.159+0000] {logging_mixin.py:149} INFO - [2024-09-03T11:51:24.159+0000] {dagbag.py:541} INFO - Filling up the DagBag from /home/airflow-vm/data-engineer-batch-processing-financial-services/.venv/lib/python3.10/site-packages/airflow/example_dags/example_branch_operator_decorator.py
[2024-09-03T11:51:24.168+0000] {processor.py:836} INFO - DAG(s) dict_keys(['example_branch_python_operator_decorator']) retrieved from /home/airflow-vm/data-engineer-batch-processing-financial-services/.venv/lib/python3.10/site-packages/airflow/example_dags/example_branch_operator_decorator.py
[2024-09-03T11:51:24.188+0000] {logging_mixin.py:149} INFO - [2024-09-03T11:51:24.188+0000] {dag.py:2726} INFO - Sync 1 DAGs
[2024-09-03T11:51:24.209+0000] {logging_mixin.py:149} INFO - [2024-09-03T11:51:24.209+0000] {dag.py:3486} INFO - Setting next_dagrun for example_branch_python_operator_decorator to 2024-09-02T00:00:00+00:00, run_after=2024-09-03T00:00:00+00:00
[2024-09-03T11:51:24.236+0000] {processor.py:179} INFO - Processing /home/airflow-vm/data-engineer-batch-processing-financial-services/.venv/lib/python3.10/site-packages/airflow/example_dags/example_branch_operator_decorator.py took 0.081 seconds
[2024-09-03T11:52:08.405+0000] {processor.py:157} INFO - Started process (PID=29768) to work on /home/airflow-vm/data-engineer-batch-processing-financial-services/.venv/lib/python3.10/site-packages/airflow/example_dags/example_branch_operator_decorator.py
[2024-09-03T11:52:08.406+0000] {processor.py:826} INFO - Processing file /home/airflow-vm/data-engineer-batch-processing-financial-services/.venv/lib/python3.10/site-packages/airflow/example_dags/example_branch_operator_decorator.py for tasks to queue
[2024-09-03T11:52:08.407+0000] {logging_mixin.py:149} INFO - [2024-09-03T11:52:08.406+0000] {dagbag.py:541} INFO - Filling up the DagBag from /home/airflow-vm/data-engineer-batch-processing-financial-services/.venv/lib/python3.10/site-packages/airflow/example_dags/example_branch_operator_decorator.py
[2024-09-03T11:52:08.416+0000] {processor.py:836} INFO - DAG(s) dict_keys(['example_branch_python_operator_decorator']) retrieved from /home/airflow-vm/data-engineer-batch-processing-financial-services/.venv/lib/python3.10/site-packages/airflow/example_dags/example_branch_operator_decorator.py
[2024-09-03T11:52:08.437+0000] {logging_mixin.py:149} INFO - [2024-09-03T11:52:08.437+0000] {dag.py:2726} INFO - Sync 1 DAGs
[2024-09-03T11:52:08.459+0000] {logging_mixin.py:149} INFO - [2024-09-03T11:52:08.459+0000] {dag.py:3486} INFO - Setting next_dagrun for example_branch_python_operator_decorator to 2024-09-02T00:00:00+00:00, run_after=2024-09-03T00:00:00+00:00
[2024-09-03T11:52:08.487+0000] {processor.py:179} INFO - Processing /home/airflow-vm/data-engineer-batch-processing-financial-services/.venv/lib/python3.10/site-packages/airflow/example_dags/example_branch_operator_decorator.py took 0.084 seconds
[2024-09-03T11:52:58.023+0000] {processor.py:157} INFO - Started process (PID=29818) to work on /home/airflow-vm/data-engineer-batch-processing-financial-services/.venv/lib/python3.10/site-packages/airflow/example_dags/example_branch_operator_decorator.py
[2024-09-03T11:52:58.023+0000] {processor.py:826} INFO - Processing file /home/airflow-vm/data-engineer-batch-processing-financial-services/.venv/lib/python3.10/site-packages/airflow/example_dags/example_branch_operator_decorator.py for tasks to queue
[2024-09-03T11:52:58.024+0000] {logging_mixin.py:149} INFO - [2024-09-03T11:52:58.024+0000] {dagbag.py:541} INFO - Filling up the DagBag from /home/airflow-vm/data-engineer-batch-processing-financial-services/.venv/lib/python3.10/site-packages/airflow/example_dags/example_branch_operator_decorator.py
[2024-09-03T11:52:58.033+0000] {processor.py:836} INFO - DAG(s) dict_keys(['example_branch_python_operator_decorator']) retrieved from /home/airflow-vm/data-engineer-batch-processing-financial-services/.venv/lib/python3.10/site-packages/airflow/example_dags/example_branch_operator_decorator.py
[2024-09-03T11:52:58.054+0000] {logging_mixin.py:149} INFO - [2024-09-03T11:52:58.054+0000] {dag.py:2726} INFO - Sync 1 DAGs
[2024-09-03T11:52:58.077+0000] {logging_mixin.py:149} INFO - [2024-09-03T11:52:58.077+0000] {dag.py:3486} INFO - Setting next_dagrun for example_branch_python_operator_decorator to 2024-09-02T00:00:00+00:00, run_after=2024-09-03T00:00:00+00:00
[2024-09-03T11:52:58.107+0000] {processor.py:179} INFO - Processing /home/airflow-vm/data-engineer-batch-processing-financial-services/.venv/lib/python3.10/site-packages/airflow/example_dags/example_branch_operator_decorator.py took 0.087 seconds
[2024-09-03T11:53:44.560+0000] {processor.py:157} INFO - Started process (PID=29893) to work on /home/airflow-vm/data-engineer-batch-processing-financial-services/.venv/lib/python3.10/site-packages/airflow/example_dags/example_branch_operator_decorator.py
[2024-09-03T11:53:44.561+0000] {processor.py:826} INFO - Processing file /home/airflow-vm/data-engineer-batch-processing-financial-services/.venv/lib/python3.10/site-packages/airflow/example_dags/example_branch_operator_decorator.py for tasks to queue
[2024-09-03T11:53:44.562+0000] {logging_mixin.py:149} INFO - [2024-09-03T11:53:44.561+0000] {dagbag.py:541} INFO - Filling up the DagBag from /home/airflow-vm/data-engineer-batch-processing-financial-services/.venv/lib/python3.10/site-packages/airflow/example_dags/example_branch_operator_decorator.py
[2024-09-03T11:53:44.573+0000] {processor.py:836} INFO - DAG(s) dict_keys(['example_branch_python_operator_decorator']) retrieved from /home/airflow-vm/data-engineer-batch-processing-financial-services/.venv/lib/python3.10/site-packages/airflow/example_dags/example_branch_operator_decorator.py
[2024-09-03T11:53:44.595+0000] {logging_mixin.py:149} INFO - [2024-09-03T11:53:44.594+0000] {dag.py:2726} INFO - Sync 1 DAGs
[2024-09-03T11:53:44.617+0000] {logging_mixin.py:149} INFO - [2024-09-03T11:53:44.617+0000] {dag.py:3486} INFO - Setting next_dagrun for example_branch_python_operator_decorator to 2024-09-02T00:00:00+00:00, run_after=2024-09-03T00:00:00+00:00
[2024-09-03T11:53:44.647+0000] {processor.py:179} INFO - Processing /home/airflow-vm/data-engineer-batch-processing-financial-services/.venv/lib/python3.10/site-packages/airflow/example_dags/example_branch_operator_decorator.py took 0.090 seconds
[2024-09-03T11:54:34.212+0000] {processor.py:157} INFO - Started process (PID=29944) to work on /home/airflow-vm/data-engineer-batch-processing-financial-services/.venv/lib/python3.10/site-packages/airflow/example_dags/example_branch_operator_decorator.py
[2024-09-03T11:54:34.213+0000] {processor.py:826} INFO - Processing file /home/airflow-vm/data-engineer-batch-processing-financial-services/.venv/lib/python3.10/site-packages/airflow/example_dags/example_branch_operator_decorator.py for tasks to queue
[2024-09-03T11:54:34.213+0000] {logging_mixin.py:149} INFO - [2024-09-03T11:54:34.213+0000] {dagbag.py:541} INFO - Filling up the DagBag from /home/airflow-vm/data-engineer-batch-processing-financial-services/.venv/lib/python3.10/site-packages/airflow/example_dags/example_branch_operator_decorator.py
[2024-09-03T11:54:34.222+0000] {processor.py:836} INFO - DAG(s) dict_keys(['example_branch_python_operator_decorator']) retrieved from /home/airflow-vm/data-engineer-batch-processing-financial-services/.venv/lib/python3.10/site-packages/airflow/example_dags/example_branch_operator_decorator.py
[2024-09-03T11:54:34.242+0000] {logging_mixin.py:149} INFO - [2024-09-03T11:54:34.242+0000] {dag.py:2726} INFO - Sync 1 DAGs
[2024-09-03T11:54:34.264+0000] {logging_mixin.py:149} INFO - [2024-09-03T11:54:34.264+0000] {dag.py:3486} INFO - Setting next_dagrun for example_branch_python_operator_decorator to 2024-09-02T00:00:00+00:00, run_after=2024-09-03T00:00:00+00:00
[2024-09-03T11:54:34.294+0000] {processor.py:179} INFO - Processing /home/airflow-vm/data-engineer-batch-processing-financial-services/.venv/lib/python3.10/site-packages/airflow/example_dags/example_branch_operator_decorator.py took 0.084 seconds
[2024-09-03T11:55:20.924+0000] {processor.py:157} INFO - Started process (PID=30000) to work on /home/airflow-vm/data-engineer-batch-processing-financial-services/.venv/lib/python3.10/site-packages/airflow/example_dags/example_branch_operator_decorator.py
[2024-09-03T11:55:20.925+0000] {processor.py:826} INFO - Processing file /home/airflow-vm/data-engineer-batch-processing-financial-services/.venv/lib/python3.10/site-packages/airflow/example_dags/example_branch_operator_decorator.py for tasks to queue
[2024-09-03T11:55:20.926+0000] {logging_mixin.py:149} INFO - [2024-09-03T11:55:20.926+0000] {dagbag.py:541} INFO - Filling up the DagBag from /home/airflow-vm/data-engineer-batch-processing-financial-services/.venv/lib/python3.10/site-packages/airflow/example_dags/example_branch_operator_decorator.py
[2024-09-03T11:55:20.935+0000] {processor.py:836} INFO - DAG(s) dict_keys(['example_branch_python_operator_decorator']) retrieved from /home/airflow-vm/data-engineer-batch-processing-financial-services/.venv/lib/python3.10/site-packages/airflow/example_dags/example_branch_operator_decorator.py
[2024-09-03T11:55:20.954+0000] {logging_mixin.py:149} INFO - [2024-09-03T11:55:20.954+0000] {dag.py:2726} INFO - Sync 1 DAGs
[2024-09-03T11:55:20.976+0000] {logging_mixin.py:149} INFO - [2024-09-03T11:55:20.976+0000] {dag.py:3486} INFO - Setting next_dagrun for example_branch_python_operator_decorator to 2024-09-02T00:00:00+00:00, run_after=2024-09-03T00:00:00+00:00
[2024-09-03T11:55:21.004+0000] {processor.py:179} INFO - Processing /home/airflow-vm/data-engineer-batch-processing-financial-services/.venv/lib/python3.10/site-packages/airflow/example_dags/example_branch_operator_decorator.py took 0.082 seconds
[2024-09-03T11:56:20.980+0000] {processor.py:157} INFO - Started process (PID=30063) to work on /home/airflow-vm/data-engineer-batch-processing-financial-services/.venv/lib/python3.10/site-packages/airflow/example_dags/example_branch_operator_decorator.py
[2024-09-03T11:56:20.981+0000] {processor.py:826} INFO - Processing file /home/airflow-vm/data-engineer-batch-processing-financial-services/.venv/lib/python3.10/site-packages/airflow/example_dags/example_branch_operator_decorator.py for tasks to queue
[2024-09-03T11:56:20.982+0000] {logging_mixin.py:149} INFO - [2024-09-03T11:56:20.982+0000] {dagbag.py:541} INFO - Filling up the DagBag from /home/airflow-vm/data-engineer-batch-processing-financial-services/.venv/lib/python3.10/site-packages/airflow/example_dags/example_branch_operator_decorator.py
[2024-09-03T11:56:20.991+0000] {processor.py:836} INFO - DAG(s) dict_keys(['example_branch_python_operator_decorator']) retrieved from /home/airflow-vm/data-engineer-batch-processing-financial-services/.venv/lib/python3.10/site-packages/airflow/example_dags/example_branch_operator_decorator.py
[2024-09-03T11:56:21.012+0000] {logging_mixin.py:149} INFO - [2024-09-03T11:56:21.012+0000] {dag.py:2726} INFO - Sync 1 DAGs
[2024-09-03T11:56:21.033+0000] {logging_mixin.py:149} INFO - [2024-09-03T11:56:21.033+0000] {dag.py:3486} INFO - Setting next_dagrun for example_branch_python_operator_decorator to 2024-09-02T00:00:00+00:00, run_after=2024-09-03T00:00:00+00:00
[2024-09-03T11:56:21.065+0000] {processor.py:179} INFO - Processing /home/airflow-vm/data-engineer-batch-processing-financial-services/.venv/lib/python3.10/site-packages/airflow/example_dags/example_branch_operator_decorator.py took 0.087 seconds
