[2024-09-03T10:58:32.476+0000] {processor.py:157} INFO - Started process (PID=3623) to work on /home/airflow-vm/data-engineer-batch-processing-financial-services/.venv/lib/python3.10/site-packages/airflow/example_dags/example_branch_datetime_operator.py
[2024-09-03T10:58:32.476+0000] {processor.py:826} INFO - Processing file /home/airflow-vm/data-engineer-batch-processing-financial-services/.venv/lib/python3.10/site-packages/airflow/example_dags/example_branch_datetime_operator.py for tasks to queue
[2024-09-03T10:58:32.477+0000] {logging_mixin.py:149} INFO - [2024-09-03T10:58:32.477+0000] {dagbag.py:541} INFO - Filling up the DagBag from /home/airflow-vm/data-engineer-batch-processing-financial-services/.venv/lib/python3.10/site-packages/airflow/example_dags/example_branch_datetime_operator.py
[2024-09-03T10:58:32.486+0000] {processor.py:836} INFO - DAG(s) dict_keys(['example_branch_datetime_operator', 'example_branch_datetime_operator_2', 'example_branch_datetime_operator_3']) retrieved from /home/airflow-vm/data-engineer-batch-processing-financial-services/.venv/lib/python3.10/site-packages/airflow/example_dags/example_branch_datetime_operator.py
[2024-09-03T10:58:32.509+0000] {logging_mixin.py:149} INFO - [2024-09-03T10:58:32.509+0000] {dag.py:2726} INFO - Sync 3 DAGs
[2024-09-03T10:58:32.530+0000] {logging_mixin.py:149} INFO - [2024-09-03T10:58:32.530+0000] {dag.py:3486} INFO - Setting next_dagrun for example_branch_datetime_operator to 2024-09-02T00:00:00+00:00, run_after=2024-09-03T00:00:00+00:00
[2024-09-03T10:58:32.534+0000] {logging_mixin.py:149} INFO - [2024-09-03T10:58:32.534+0000] {dag.py:3486} INFO - Setting next_dagrun for example_branch_datetime_operator_2 to 2024-09-02T00:00:00+00:00, run_after=2024-09-03T00:00:00+00:00
[2024-09-03T10:58:32.536+0000] {logging_mixin.py:149} INFO - [2024-09-03T10:58:32.536+0000] {dag.py:3486} INFO - Setting next_dagrun for example_branch_datetime_operator_3 to 2024-09-02T00:00:00+00:00, run_after=2024-09-03T00:00:00+00:00
[2024-09-03T10:58:32.563+0000] {processor.py:179} INFO - Processing /home/airflow-vm/data-engineer-batch-processing-financial-services/.venv/lib/python3.10/site-packages/airflow/example_dags/example_branch_datetime_operator.py took 0.090 seconds
[2024-09-03T10:59:22.201+0000] {processor.py:157} INFO - Started process (PID=3839) to work on /home/airflow-vm/data-engineer-batch-processing-financial-services/.venv/lib/python3.10/site-packages/airflow/example_dags/example_branch_datetime_operator.py
[2024-09-03T10:59:22.202+0000] {processor.py:826} INFO - Processing file /home/airflow-vm/data-engineer-batch-processing-financial-services/.venv/lib/python3.10/site-packages/airflow/example_dags/example_branch_datetime_operator.py for tasks to queue
[2024-09-03T10:59:22.202+0000] {logging_mixin.py:149} INFO - [2024-09-03T10:59:22.202+0000] {dagbag.py:541} INFO - Filling up the DagBag from /home/airflow-vm/data-engineer-batch-processing-financial-services/.venv/lib/python3.10/site-packages/airflow/example_dags/example_branch_datetime_operator.py
[2024-09-03T10:59:22.212+0000] {processor.py:836} INFO - DAG(s) dict_keys(['example_branch_datetime_operator', 'example_branch_datetime_operator_2', 'example_branch_datetime_operator_3']) retrieved from /home/airflow-vm/data-engineer-batch-processing-financial-services/.venv/lib/python3.10/site-packages/airflow/example_dags/example_branch_datetime_operator.py
[2024-09-03T10:59:22.235+0000] {logging_mixin.py:149} INFO - [2024-09-03T10:59:22.235+0000] {dag.py:2726} INFO - Sync 3 DAGs
[2024-09-03T10:59:22.256+0000] {logging_mixin.py:149} INFO - [2024-09-03T10:59:22.255+0000] {dag.py:3486} INFO - Setting next_dagrun for example_branch_datetime_operator to 2024-09-02T00:00:00+00:00, run_after=2024-09-03T00:00:00+00:00
[2024-09-03T10:59:22.261+0000] {logging_mixin.py:149} INFO - [2024-09-03T10:59:22.261+0000] {dag.py:3486} INFO - Setting next_dagrun for example_branch_datetime_operator_2 to 2024-09-02T00:00:00+00:00, run_after=2024-09-03T00:00:00+00:00
[2024-09-03T10:59:22.263+0000] {logging_mixin.py:149} INFO - [2024-09-03T10:59:22.263+0000] {dag.py:3486} INFO - Setting next_dagrun for example_branch_datetime_operator_3 to 2024-09-02T00:00:00+00:00, run_after=2024-09-03T00:00:00+00:00
[2024-09-03T10:59:22.291+0000] {processor.py:179} INFO - Processing /home/airflow-vm/data-engineer-batch-processing-financial-services/.venv/lib/python3.10/site-packages/airflow/example_dags/example_branch_datetime_operator.py took 0.093 seconds
[2024-09-03T11:00:05.679+0000] {processor.py:157} INFO - Started process (PID=4025) to work on /home/airflow-vm/data-engineer-batch-processing-financial-services/.venv/lib/python3.10/site-packages/airflow/example_dags/example_branch_datetime_operator.py
[2024-09-03T11:00:05.680+0000] {processor.py:826} INFO - Processing file /home/airflow-vm/data-engineer-batch-processing-financial-services/.venv/lib/python3.10/site-packages/airflow/example_dags/example_branch_datetime_operator.py for tasks to queue
[2024-09-03T11:00:05.681+0000] {logging_mixin.py:149} INFO - [2024-09-03T11:00:05.681+0000] {dagbag.py:541} INFO - Filling up the DagBag from /home/airflow-vm/data-engineer-batch-processing-financial-services/.venv/lib/python3.10/site-packages/airflow/example_dags/example_branch_datetime_operator.py
[2024-09-03T11:00:05.690+0000] {processor.py:836} INFO - DAG(s) dict_keys(['example_branch_datetime_operator', 'example_branch_datetime_operator_3', 'example_branch_datetime_operator_2']) retrieved from /home/airflow-vm/data-engineer-batch-processing-financial-services/.venv/lib/python3.10/site-packages/airflow/example_dags/example_branch_datetime_operator.py
[2024-09-03T11:00:05.714+0000] {logging_mixin.py:149} INFO - [2024-09-03T11:00:05.714+0000] {dag.py:2726} INFO - Sync 3 DAGs
[2024-09-03T11:00:05.734+0000] {logging_mixin.py:149} INFO - [2024-09-03T11:00:05.734+0000] {dag.py:3486} INFO - Setting next_dagrun for example_branch_datetime_operator to 2024-09-02T00:00:00+00:00, run_after=2024-09-03T00:00:00+00:00
[2024-09-03T11:00:05.738+0000] {logging_mixin.py:149} INFO - [2024-09-03T11:00:05.738+0000] {dag.py:3486} INFO - Setting next_dagrun for example_branch_datetime_operator_2 to 2024-09-02T00:00:00+00:00, run_after=2024-09-03T00:00:00+00:00
[2024-09-03T11:00:05.741+0000] {logging_mixin.py:149} INFO - [2024-09-03T11:00:05.741+0000] {dag.py:3486} INFO - Setting next_dagrun for example_branch_datetime_operator_3 to 2024-09-02T00:00:00+00:00, run_after=2024-09-03T00:00:00+00:00
[2024-09-03T11:00:05.767+0000] {processor.py:179} INFO - Processing /home/airflow-vm/data-engineer-batch-processing-financial-services/.venv/lib/python3.10/site-packages/airflow/example_dags/example_branch_datetime_operator.py took 0.091 seconds
[2024-09-03T11:00:51.709+0000] {processor.py:157} INFO - Started process (PID=4527) to work on /home/airflow-vm/data-engineer-batch-processing-financial-services/.venv/lib/python3.10/site-packages/airflow/example_dags/example_branch_datetime_operator.py
[2024-09-03T11:00:51.709+0000] {processor.py:826} INFO - Processing file /home/airflow-vm/data-engineer-batch-processing-financial-services/.venv/lib/python3.10/site-packages/airflow/example_dags/example_branch_datetime_operator.py for tasks to queue
[2024-09-03T11:00:51.710+0000] {logging_mixin.py:149} INFO - [2024-09-03T11:00:51.710+0000] {dagbag.py:541} INFO - Filling up the DagBag from /home/airflow-vm/data-engineer-batch-processing-financial-services/.venv/lib/python3.10/site-packages/airflow/example_dags/example_branch_datetime_operator.py
[2024-09-03T11:00:51.719+0000] {processor.py:836} INFO - DAG(s) dict_keys(['example_branch_datetime_operator', 'example_branch_datetime_operator_2', 'example_branch_datetime_operator_3']) retrieved from /home/airflow-vm/data-engineer-batch-processing-financial-services/.venv/lib/python3.10/site-packages/airflow/example_dags/example_branch_datetime_operator.py
[2024-09-03T11:00:51.743+0000] {logging_mixin.py:149} INFO - [2024-09-03T11:00:51.743+0000] {dag.py:2726} INFO - Sync 3 DAGs
[2024-09-03T11:00:51.765+0000] {logging_mixin.py:149} INFO - [2024-09-03T11:00:51.765+0000] {dag.py:3486} INFO - Setting next_dagrun for example_branch_datetime_operator to 2024-09-02T00:00:00+00:00, run_after=2024-09-03T00:00:00+00:00
[2024-09-03T11:00:51.770+0000] {logging_mixin.py:149} INFO - [2024-09-03T11:00:51.770+0000] {dag.py:3486} INFO - Setting next_dagrun for example_branch_datetime_operator_2 to 2024-09-02T00:00:00+00:00, run_after=2024-09-03T00:00:00+00:00
[2024-09-03T11:00:51.773+0000] {logging_mixin.py:149} INFO - [2024-09-03T11:00:51.773+0000] {dag.py:3486} INFO - Setting next_dagrun for example_branch_datetime_operator_3 to 2024-09-02T00:00:00+00:00, run_after=2024-09-03T00:00:00+00:00
[2024-09-03T11:00:51.810+0000] {processor.py:179} INFO - Processing /home/airflow-vm/data-engineer-batch-processing-financial-services/.venv/lib/python3.10/site-packages/airflow/example_dags/example_branch_datetime_operator.py took 0.104 seconds
[2024-09-03T11:01:41.073+0000] {processor.py:157} INFO - Started process (PID=4763) to work on /home/airflow-vm/data-engineer-batch-processing-financial-services/.venv/lib/python3.10/site-packages/airflow/example_dags/example_branch_datetime_operator.py
[2024-09-03T11:01:41.074+0000] {processor.py:826} INFO - Processing file /home/airflow-vm/data-engineer-batch-processing-financial-services/.venv/lib/python3.10/site-packages/airflow/example_dags/example_branch_datetime_operator.py for tasks to queue
[2024-09-03T11:01:41.075+0000] {logging_mixin.py:149} INFO - [2024-09-03T11:01:41.074+0000] {dagbag.py:541} INFO - Filling up the DagBag from /home/airflow-vm/data-engineer-batch-processing-financial-services/.venv/lib/python3.10/site-packages/airflow/example_dags/example_branch_datetime_operator.py
[2024-09-03T11:01:41.084+0000] {processor.py:836} INFO - DAG(s) dict_keys(['example_branch_datetime_operator', 'example_branch_datetime_operator_3', 'example_branch_datetime_operator_2']) retrieved from /home/airflow-vm/data-engineer-batch-processing-financial-services/.venv/lib/python3.10/site-packages/airflow/example_dags/example_branch_datetime_operator.py
[2024-09-03T11:01:41.108+0000] {logging_mixin.py:149} INFO - [2024-09-03T11:01:41.108+0000] {dag.py:2726} INFO - Sync 3 DAGs
[2024-09-03T11:01:41.128+0000] {logging_mixin.py:149} INFO - [2024-09-03T11:01:41.128+0000] {dag.py:3486} INFO - Setting next_dagrun for example_branch_datetime_operator to 2024-09-02T00:00:00+00:00, run_after=2024-09-03T00:00:00+00:00
[2024-09-03T11:01:41.132+0000] {logging_mixin.py:149} INFO - [2024-09-03T11:01:41.132+0000] {dag.py:3486} INFO - Setting next_dagrun for example_branch_datetime_operator_2 to 2024-09-02T00:00:00+00:00, run_after=2024-09-03T00:00:00+00:00
[2024-09-03T11:01:41.134+0000] {logging_mixin.py:149} INFO - [2024-09-03T11:01:41.134+0000] {dag.py:3486} INFO - Setting next_dagrun for example_branch_datetime_operator_3 to 2024-09-02T00:00:00+00:00, run_after=2024-09-03T00:00:00+00:00
[2024-09-03T11:01:41.161+0000] {processor.py:179} INFO - Processing /home/airflow-vm/data-engineer-batch-processing-financial-services/.venv/lib/python3.10/site-packages/airflow/example_dags/example_branch_datetime_operator.py took 0.091 seconds
[2024-09-03T11:02:26.919+0000] {processor.py:157} INFO - Started process (PID=4821) to work on /home/airflow-vm/data-engineer-batch-processing-financial-services/.venv/lib/python3.10/site-packages/airflow/example_dags/example_branch_datetime_operator.py
[2024-09-03T11:02:26.920+0000] {processor.py:826} INFO - Processing file /home/airflow-vm/data-engineer-batch-processing-financial-services/.venv/lib/python3.10/site-packages/airflow/example_dags/example_branch_datetime_operator.py for tasks to queue
[2024-09-03T11:02:26.921+0000] {logging_mixin.py:149} INFO - [2024-09-03T11:02:26.921+0000] {dagbag.py:541} INFO - Filling up the DagBag from /home/airflow-vm/data-engineer-batch-processing-financial-services/.venv/lib/python3.10/site-packages/airflow/example_dags/example_branch_datetime_operator.py
[2024-09-03T11:02:26.930+0000] {processor.py:836} INFO - DAG(s) dict_keys(['example_branch_datetime_operator', 'example_branch_datetime_operator_3', 'example_branch_datetime_operator_2']) retrieved from /home/airflow-vm/data-engineer-batch-processing-financial-services/.venv/lib/python3.10/site-packages/airflow/example_dags/example_branch_datetime_operator.py
[2024-09-03T11:02:26.953+0000] {logging_mixin.py:149} INFO - [2024-09-03T11:02:26.953+0000] {dag.py:2726} INFO - Sync 3 DAGs
[2024-09-03T11:02:26.976+0000] {logging_mixin.py:149} INFO - [2024-09-03T11:02:26.976+0000] {dag.py:3486} INFO - Setting next_dagrun for example_branch_datetime_operator to 2024-09-02T00:00:00+00:00, run_after=2024-09-03T00:00:00+00:00
[2024-09-03T11:02:26.981+0000] {logging_mixin.py:149} INFO - [2024-09-03T11:02:26.980+0000] {dag.py:3486} INFO - Setting next_dagrun for example_branch_datetime_operator_2 to 2024-09-02T00:00:00+00:00, run_after=2024-09-03T00:00:00+00:00
[2024-09-03T11:02:26.983+0000] {logging_mixin.py:149} INFO - [2024-09-03T11:02:26.983+0000] {dag.py:3486} INFO - Setting next_dagrun for example_branch_datetime_operator_3 to 2024-09-02T00:00:00+00:00, run_after=2024-09-03T00:00:00+00:00
[2024-09-03T11:02:27.008+0000] {processor.py:179} INFO - Processing /home/airflow-vm/data-engineer-batch-processing-financial-services/.venv/lib/python3.10/site-packages/airflow/example_dags/example_branch_datetime_operator.py took 0.091 seconds
[2024-09-03T11:03:16.137+0000] {processor.py:157} INFO - Started process (PID=5122) to work on /home/airflow-vm/data-engineer-batch-processing-financial-services/.venv/lib/python3.10/site-packages/airflow/example_dags/example_branch_datetime_operator.py
[2024-09-03T11:03:16.138+0000] {processor.py:826} INFO - Processing file /home/airflow-vm/data-engineer-batch-processing-financial-services/.venv/lib/python3.10/site-packages/airflow/example_dags/example_branch_datetime_operator.py for tasks to queue
[2024-09-03T11:03:16.138+0000] {logging_mixin.py:149} INFO - [2024-09-03T11:03:16.138+0000] {dagbag.py:541} INFO - Filling up the DagBag from /home/airflow-vm/data-engineer-batch-processing-financial-services/.venv/lib/python3.10/site-packages/airflow/example_dags/example_branch_datetime_operator.py
[2024-09-03T11:03:16.147+0000] {processor.py:836} INFO - DAG(s) dict_keys(['example_branch_datetime_operator_3', 'example_branch_datetime_operator_2', 'example_branch_datetime_operator']) retrieved from /home/airflow-vm/data-engineer-batch-processing-financial-services/.venv/lib/python3.10/site-packages/airflow/example_dags/example_branch_datetime_operator.py
[2024-09-03T11:03:16.172+0000] {logging_mixin.py:149} INFO - [2024-09-03T11:03:16.171+0000] {dag.py:2726} INFO - Sync 3 DAGs
[2024-09-03T11:03:16.192+0000] {logging_mixin.py:149} INFO - [2024-09-03T11:03:16.192+0000] {dag.py:3486} INFO - Setting next_dagrun for example_branch_datetime_operator to 2024-09-02T00:00:00+00:00, run_after=2024-09-03T00:00:00+00:00
[2024-09-03T11:03:16.197+0000] {logging_mixin.py:149} INFO - [2024-09-03T11:03:16.197+0000] {dag.py:3486} INFO - Setting next_dagrun for example_branch_datetime_operator_2 to 2024-09-02T00:00:00+00:00, run_after=2024-09-03T00:00:00+00:00
[2024-09-03T11:03:16.200+0000] {logging_mixin.py:149} INFO - [2024-09-03T11:03:16.199+0000] {dag.py:3486} INFO - Setting next_dagrun for example_branch_datetime_operator_3 to 2024-09-02T00:00:00+00:00, run_after=2024-09-03T00:00:00+00:00
[2024-09-03T11:03:16.226+0000] {processor.py:179} INFO - Processing /home/airflow-vm/data-engineer-batch-processing-financial-services/.venv/lib/python3.10/site-packages/airflow/example_dags/example_branch_datetime_operator.py took 0.092 seconds
[2024-09-03T11:05:59.376+0000] {processor.py:157} INFO - Started process (PID=6725) to work on /home/airflow-vm/data-engineer-batch-processing-financial-services/.venv/lib/python3.10/site-packages/airflow/example_dags/example_branch_datetime_operator.py
[2024-09-03T11:05:59.377+0000] {processor.py:826} INFO - Processing file /home/airflow-vm/data-engineer-batch-processing-financial-services/.venv/lib/python3.10/site-packages/airflow/example_dags/example_branch_datetime_operator.py for tasks to queue
[2024-09-03T11:05:59.378+0000] {logging_mixin.py:149} INFO - [2024-09-03T11:05:59.378+0000] {dagbag.py:541} INFO - Filling up the DagBag from /home/airflow-vm/data-engineer-batch-processing-financial-services/.venv/lib/python3.10/site-packages/airflow/example_dags/example_branch_datetime_operator.py
[2024-09-03T11:05:59.388+0000] {processor.py:836} INFO - DAG(s) dict_keys(['example_branch_datetime_operator_2', 'example_branch_datetime_operator', 'example_branch_datetime_operator_3']) retrieved from /home/airflow-vm/data-engineer-batch-processing-financial-services/.venv/lib/python3.10/site-packages/airflow/example_dags/example_branch_datetime_operator.py
[2024-09-03T11:05:59.413+0000] {logging_mixin.py:149} INFO - [2024-09-03T11:05:59.413+0000] {dag.py:2726} INFO - Sync 3 DAGs
[2024-09-03T11:05:59.435+0000] {logging_mixin.py:149} INFO - [2024-09-03T11:05:59.435+0000] {dag.py:3486} INFO - Setting next_dagrun for example_branch_datetime_operator to 2024-09-02T00:00:00+00:00, run_after=2024-09-03T00:00:00+00:00
[2024-09-03T11:05:59.439+0000] {logging_mixin.py:149} INFO - [2024-09-03T11:05:59.439+0000] {dag.py:3486} INFO - Setting next_dagrun for example_branch_datetime_operator_2 to 2024-09-02T00:00:00+00:00, run_after=2024-09-03T00:00:00+00:00
[2024-09-03T11:05:59.442+0000] {logging_mixin.py:149} INFO - [2024-09-03T11:05:59.442+0000] {dag.py:3486} INFO - Setting next_dagrun for example_branch_datetime_operator_3 to 2024-09-02T00:00:00+00:00, run_after=2024-09-03T00:00:00+00:00
[2024-09-03T11:05:59.470+0000] {processor.py:179} INFO - Processing /home/airflow-vm/data-engineer-batch-processing-financial-services/.venv/lib/python3.10/site-packages/airflow/example_dags/example_branch_datetime_operator.py took 0.096 seconds
[2024-09-03T11:10:07.601+0000] {processor.py:157} INFO - Started process (PID=8426) to work on /home/airflow-vm/data-engineer-batch-processing-financial-services/.venv/lib/python3.10/site-packages/airflow/example_dags/example_branch_datetime_operator.py
[2024-09-03T11:10:07.602+0000] {processor.py:826} INFO - Processing file /home/airflow-vm/data-engineer-batch-processing-financial-services/.venv/lib/python3.10/site-packages/airflow/example_dags/example_branch_datetime_operator.py for tasks to queue
[2024-09-03T11:10:07.602+0000] {logging_mixin.py:149} INFO - [2024-09-03T11:10:07.602+0000] {dagbag.py:541} INFO - Filling up the DagBag from /home/airflow-vm/data-engineer-batch-processing-financial-services/.venv/lib/python3.10/site-packages/airflow/example_dags/example_branch_datetime_operator.py
[2024-09-03T11:10:07.611+0000] {processor.py:836} INFO - DAG(s) dict_keys(['example_branch_datetime_operator_3', 'example_branch_datetime_operator', 'example_branch_datetime_operator_2']) retrieved from /home/airflow-vm/data-engineer-batch-processing-financial-services/.venv/lib/python3.10/site-packages/airflow/example_dags/example_branch_datetime_operator.py
[2024-09-03T11:10:07.635+0000] {logging_mixin.py:149} INFO - [2024-09-03T11:10:07.635+0000] {dag.py:2726} INFO - Sync 3 DAGs
[2024-09-03T11:10:07.657+0000] {logging_mixin.py:149} INFO - [2024-09-03T11:10:07.657+0000] {dag.py:3486} INFO - Setting next_dagrun for example_branch_datetime_operator to 2024-09-02T00:00:00+00:00, run_after=2024-09-03T00:00:00+00:00
[2024-09-03T11:10:07.662+0000] {logging_mixin.py:149} INFO - [2024-09-03T11:10:07.662+0000] {dag.py:3486} INFO - Setting next_dagrun for example_branch_datetime_operator_2 to 2024-09-02T00:00:00+00:00, run_after=2024-09-03T00:00:00+00:00
[2024-09-03T11:10:07.665+0000] {logging_mixin.py:149} INFO - [2024-09-03T11:10:07.665+0000] {dag.py:3486} INFO - Setting next_dagrun for example_branch_datetime_operator_3 to 2024-09-02T00:00:00+00:00, run_after=2024-09-03T00:00:00+00:00
[2024-09-03T11:10:07.691+0000] {processor.py:179} INFO - Processing /home/airflow-vm/data-engineer-batch-processing-financial-services/.venv/lib/python3.10/site-packages/airflow/example_dags/example_branch_datetime_operator.py took 0.093 seconds
[2024-09-03T11:14:28.958+0000] {processor.py:157} INFO - Started process (PID=10275) to work on /home/airflow-vm/data-engineer-batch-processing-financial-services/.venv/lib/python3.10/site-packages/airflow/example_dags/example_branch_datetime_operator.py
[2024-09-03T11:14:28.959+0000] {processor.py:826} INFO - Processing file /home/airflow-vm/data-engineer-batch-processing-financial-services/.venv/lib/python3.10/site-packages/airflow/example_dags/example_branch_datetime_operator.py for tasks to queue
[2024-09-03T11:14:28.960+0000] {logging_mixin.py:149} INFO - [2024-09-03T11:14:28.959+0000] {dagbag.py:541} INFO - Filling up the DagBag from /home/airflow-vm/data-engineer-batch-processing-financial-services/.venv/lib/python3.10/site-packages/airflow/example_dags/example_branch_datetime_operator.py
[2024-09-03T11:14:28.969+0000] {processor.py:836} INFO - DAG(s) dict_keys(['example_branch_datetime_operator_3', 'example_branch_datetime_operator_2', 'example_branch_datetime_operator']) retrieved from /home/airflow-vm/data-engineer-batch-processing-financial-services/.venv/lib/python3.10/site-packages/airflow/example_dags/example_branch_datetime_operator.py
[2024-09-03T11:14:28.994+0000] {logging_mixin.py:149} INFO - [2024-09-03T11:14:28.994+0000] {dag.py:2726} INFO - Sync 3 DAGs
[2024-09-03T11:14:29.015+0000] {logging_mixin.py:149} INFO - [2024-09-03T11:14:29.014+0000] {dag.py:3486} INFO - Setting next_dagrun for example_branch_datetime_operator to 2024-09-02T00:00:00+00:00, run_after=2024-09-03T00:00:00+00:00
[2024-09-03T11:14:29.019+0000] {logging_mixin.py:149} INFO - [2024-09-03T11:14:29.019+0000] {dag.py:3486} INFO - Setting next_dagrun for example_branch_datetime_operator_2 to 2024-09-02T00:00:00+00:00, run_after=2024-09-03T00:00:00+00:00
[2024-09-03T11:14:29.021+0000] {logging_mixin.py:149} INFO - [2024-09-03T11:14:29.021+0000] {dag.py:3486} INFO - Setting next_dagrun for example_branch_datetime_operator_3 to 2024-09-02T00:00:00+00:00, run_after=2024-09-03T00:00:00+00:00
[2024-09-03T11:14:29.048+0000] {processor.py:179} INFO - Processing /home/airflow-vm/data-engineer-batch-processing-financial-services/.venv/lib/python3.10/site-packages/airflow/example_dags/example_branch_datetime_operator.py took 0.093 seconds
[2024-09-03T11:18:55.026+0000] {processor.py:157} INFO - Started process (PID=12786) to work on /home/airflow-vm/data-engineer-batch-processing-financial-services/.venv/lib/python3.10/site-packages/airflow/example_dags/example_branch_datetime_operator.py
[2024-09-03T11:18:55.027+0000] {processor.py:826} INFO - Processing file /home/airflow-vm/data-engineer-batch-processing-financial-services/.venv/lib/python3.10/site-packages/airflow/example_dags/example_branch_datetime_operator.py for tasks to queue
[2024-09-03T11:18:55.027+0000] {logging_mixin.py:149} INFO - [2024-09-03T11:18:55.027+0000] {dagbag.py:541} INFO - Filling up the DagBag from /home/airflow-vm/data-engineer-batch-processing-financial-services/.venv/lib/python3.10/site-packages/airflow/example_dags/example_branch_datetime_operator.py
[2024-09-03T11:18:55.036+0000] {processor.py:836} INFO - DAG(s) dict_keys(['example_branch_datetime_operator_3', 'example_branch_datetime_operator_2', 'example_branch_datetime_operator']) retrieved from /home/airflow-vm/data-engineer-batch-processing-financial-services/.venv/lib/python3.10/site-packages/airflow/example_dags/example_branch_datetime_operator.py
[2024-09-03T11:18:55.061+0000] {logging_mixin.py:149} INFO - [2024-09-03T11:18:55.061+0000] {dag.py:2726} INFO - Sync 3 DAGs
[2024-09-03T11:18:55.083+0000] {logging_mixin.py:149} INFO - [2024-09-03T11:18:55.083+0000] {dag.py:3486} INFO - Setting next_dagrun for example_branch_datetime_operator to 2024-09-02T00:00:00+00:00, run_after=2024-09-03T00:00:00+00:00
[2024-09-03T11:18:55.088+0000] {logging_mixin.py:149} INFO - [2024-09-03T11:18:55.088+0000] {dag.py:3486} INFO - Setting next_dagrun for example_branch_datetime_operator_2 to 2024-09-02T00:00:00+00:00, run_after=2024-09-03T00:00:00+00:00
[2024-09-03T11:18:55.090+0000] {logging_mixin.py:149} INFO - [2024-09-03T11:18:55.090+0000] {dag.py:3486} INFO - Setting next_dagrun for example_branch_datetime_operator_3 to 2024-09-02T00:00:00+00:00, run_after=2024-09-03T00:00:00+00:00
[2024-09-03T11:18:55.124+0000] {processor.py:179} INFO - Processing /home/airflow-vm/data-engineer-batch-processing-financial-services/.venv/lib/python3.10/site-packages/airflow/example_dags/example_branch_datetime_operator.py took 0.100 seconds
[2024-09-03T11:24:56.704+0000] {processor.py:157} INFO - Started process (PID=15618) to work on /home/airflow-vm/data-engineer-batch-processing-financial-services/.venv/lib/python3.10/site-packages/airflow/example_dags/example_branch_datetime_operator.py
[2024-09-03T11:24:56.705+0000] {processor.py:826} INFO - Processing file /home/airflow-vm/data-engineer-batch-processing-financial-services/.venv/lib/python3.10/site-packages/airflow/example_dags/example_branch_datetime_operator.py for tasks to queue
[2024-09-03T11:24:56.705+0000] {logging_mixin.py:149} INFO - [2024-09-03T11:24:56.705+0000] {dagbag.py:541} INFO - Filling up the DagBag from /home/airflow-vm/data-engineer-batch-processing-financial-services/.venv/lib/python3.10/site-packages/airflow/example_dags/example_branch_datetime_operator.py
[2024-09-03T11:24:56.714+0000] {processor.py:836} INFO - DAG(s) dict_keys(['example_branch_datetime_operator_3', 'example_branch_datetime_operator_2', 'example_branch_datetime_operator']) retrieved from /home/airflow-vm/data-engineer-batch-processing-financial-services/.venv/lib/python3.10/site-packages/airflow/example_dags/example_branch_datetime_operator.py
[2024-09-03T11:24:56.738+0000] {logging_mixin.py:149} INFO - [2024-09-03T11:24:56.738+0000] {dag.py:2726} INFO - Sync 3 DAGs
[2024-09-03T11:24:56.759+0000] {logging_mixin.py:149} INFO - [2024-09-03T11:24:56.759+0000] {dag.py:3486} INFO - Setting next_dagrun for example_branch_datetime_operator to 2024-09-02T00:00:00+00:00, run_after=2024-09-03T00:00:00+00:00
[2024-09-03T11:24:56.764+0000] {logging_mixin.py:149} INFO - [2024-09-03T11:24:56.764+0000] {dag.py:3486} INFO - Setting next_dagrun for example_branch_datetime_operator_2 to 2024-09-02T00:00:00+00:00, run_after=2024-09-03T00:00:00+00:00
[2024-09-03T11:24:56.767+0000] {logging_mixin.py:149} INFO - [2024-09-03T11:24:56.766+0000] {dag.py:3486} INFO - Setting next_dagrun for example_branch_datetime_operator_3 to 2024-09-02T00:00:00+00:00, run_after=2024-09-03T00:00:00+00:00
[2024-09-03T11:24:56.793+0000] {processor.py:179} INFO - Processing /home/airflow-vm/data-engineer-batch-processing-financial-services/.venv/lib/python3.10/site-packages/airflow/example_dags/example_branch_datetime_operator.py took 0.091 seconds
[2024-09-03T11:31:16.972+0000] {processor.py:157} INFO - Started process (PID=18931) to work on /home/airflow-vm/data-engineer-batch-processing-financial-services/.venv/lib/python3.10/site-packages/airflow/example_dags/example_branch_datetime_operator.py
[2024-09-03T11:31:16.973+0000] {processor.py:826} INFO - Processing file /home/airflow-vm/data-engineer-batch-processing-financial-services/.venv/lib/python3.10/site-packages/airflow/example_dags/example_branch_datetime_operator.py for tasks to queue
[2024-09-03T11:31:16.973+0000] {logging_mixin.py:149} INFO - [2024-09-03T11:31:16.973+0000] {dagbag.py:541} INFO - Filling up the DagBag from /home/airflow-vm/data-engineer-batch-processing-financial-services/.venv/lib/python3.10/site-packages/airflow/example_dags/example_branch_datetime_operator.py
[2024-09-03T11:31:16.983+0000] {processor.py:836} INFO - DAG(s) dict_keys(['example_branch_datetime_operator_3', 'example_branch_datetime_operator', 'example_branch_datetime_operator_2']) retrieved from /home/airflow-vm/data-engineer-batch-processing-financial-services/.venv/lib/python3.10/site-packages/airflow/example_dags/example_branch_datetime_operator.py
[2024-09-03T11:31:17.009+0000] {logging_mixin.py:149} INFO - [2024-09-03T11:31:17.008+0000] {dag.py:2726} INFO - Sync 3 DAGs
[2024-09-03T11:31:17.030+0000] {logging_mixin.py:149} INFO - [2024-09-03T11:31:17.030+0000] {dag.py:3486} INFO - Setting next_dagrun for example_branch_datetime_operator to 2024-09-02T00:00:00+00:00, run_after=2024-09-03T00:00:00+00:00
[2024-09-03T11:31:17.035+0000] {logging_mixin.py:149} INFO - [2024-09-03T11:31:17.035+0000] {dag.py:3486} INFO - Setting next_dagrun for example_branch_datetime_operator_2 to 2024-09-02T00:00:00+00:00, run_after=2024-09-03T00:00:00+00:00
[2024-09-03T11:31:17.038+0000] {logging_mixin.py:149} INFO - [2024-09-03T11:31:17.038+0000] {dag.py:3486} INFO - Setting next_dagrun for example_branch_datetime_operator_3 to 2024-09-02T00:00:00+00:00, run_after=2024-09-03T00:00:00+00:00
[2024-09-03T11:31:17.065+0000] {processor.py:179} INFO - Processing /home/airflow-vm/data-engineer-batch-processing-financial-services/.venv/lib/python3.10/site-packages/airflow/example_dags/example_branch_datetime_operator.py took 0.096 seconds
[2024-09-03T11:36:10.893+0000] {processor.py:157} INFO - Started process (PID=21932) to work on /home/airflow-vm/data-engineer-batch-processing-financial-services/.venv/lib/python3.10/site-packages/airflow/example_dags/example_branch_datetime_operator.py
[2024-09-03T11:36:10.894+0000] {processor.py:826} INFO - Processing file /home/airflow-vm/data-engineer-batch-processing-financial-services/.venv/lib/python3.10/site-packages/airflow/example_dags/example_branch_datetime_operator.py for tasks to queue
[2024-09-03T11:36:10.894+0000] {logging_mixin.py:149} INFO - [2024-09-03T11:36:10.894+0000] {dagbag.py:541} INFO - Filling up the DagBag from /home/airflow-vm/data-engineer-batch-processing-financial-services/.venv/lib/python3.10/site-packages/airflow/example_dags/example_branch_datetime_operator.py
[2024-09-03T11:36:10.905+0000] {processor.py:836} INFO - DAG(s) dict_keys(['example_branch_datetime_operator', 'example_branch_datetime_operator_3', 'example_branch_datetime_operator_2']) retrieved from /home/airflow-vm/data-engineer-batch-processing-financial-services/.venv/lib/python3.10/site-packages/airflow/example_dags/example_branch_datetime_operator.py
[2024-09-03T11:36:10.930+0000] {logging_mixin.py:149} INFO - [2024-09-03T11:36:10.930+0000] {dag.py:2726} INFO - Sync 3 DAGs
[2024-09-03T11:36:10.952+0000] {logging_mixin.py:149} INFO - [2024-09-03T11:36:10.952+0000] {dag.py:3486} INFO - Setting next_dagrun for example_branch_datetime_operator to 2024-09-02T00:00:00+00:00, run_after=2024-09-03T00:00:00+00:00
[2024-09-03T11:36:10.959+0000] {logging_mixin.py:149} INFO - [2024-09-03T11:36:10.958+0000] {dag.py:3486} INFO - Setting next_dagrun for example_branch_datetime_operator_2 to 2024-09-02T00:00:00+00:00, run_after=2024-09-03T00:00:00+00:00
[2024-09-03T11:36:10.961+0000] {logging_mixin.py:149} INFO - [2024-09-03T11:36:10.961+0000] {dag.py:3486} INFO - Setting next_dagrun for example_branch_datetime_operator_3 to 2024-09-02T00:00:00+00:00, run_after=2024-09-03T00:00:00+00:00
[2024-09-03T11:36:10.992+0000] {processor.py:179} INFO - Processing /home/airflow-vm/data-engineer-batch-processing-financial-services/.venv/lib/python3.10/site-packages/airflow/example_dags/example_branch_datetime_operator.py took 0.102 seconds
[2024-09-03T11:37:37.077+0000] {processor.py:157} INFO - Started process (PID=22668) to work on /home/airflow-vm/data-engineer-batch-processing-financial-services/.venv/lib/python3.10/site-packages/airflow/example_dags/example_branch_datetime_operator.py
[2024-09-03T11:37:37.078+0000] {processor.py:826} INFO - Processing file /home/airflow-vm/data-engineer-batch-processing-financial-services/.venv/lib/python3.10/site-packages/airflow/example_dags/example_branch_datetime_operator.py for tasks to queue
[2024-09-03T11:37:37.079+0000] {logging_mixin.py:149} INFO - [2024-09-03T11:37:37.079+0000] {dagbag.py:541} INFO - Filling up the DagBag from /home/airflow-vm/data-engineer-batch-processing-financial-services/.venv/lib/python3.10/site-packages/airflow/example_dags/example_branch_datetime_operator.py
[2024-09-03T11:37:37.090+0000] {processor.py:836} INFO - DAG(s) dict_keys(['example_branch_datetime_operator_2', 'example_branch_datetime_operator', 'example_branch_datetime_operator_3']) retrieved from /home/airflow-vm/data-engineer-batch-processing-financial-services/.venv/lib/python3.10/site-packages/airflow/example_dags/example_branch_datetime_operator.py
[2024-09-03T11:37:37.115+0000] {logging_mixin.py:149} INFO - [2024-09-03T11:37:37.115+0000] {dag.py:2726} INFO - Sync 3 DAGs
[2024-09-03T11:37:37.138+0000] {logging_mixin.py:149} INFO - [2024-09-03T11:37:37.137+0000] {dag.py:3486} INFO - Setting next_dagrun for example_branch_datetime_operator to 2024-09-02T00:00:00+00:00, run_after=2024-09-03T00:00:00+00:00
[2024-09-03T11:37:37.143+0000] {logging_mixin.py:149} INFO - [2024-09-03T11:37:37.142+0000] {dag.py:3486} INFO - Setting next_dagrun for example_branch_datetime_operator_2 to 2024-09-02T00:00:00+00:00, run_after=2024-09-03T00:00:00+00:00
[2024-09-03T11:37:37.145+0000] {logging_mixin.py:149} INFO - [2024-09-03T11:37:37.145+0000] {dag.py:3486} INFO - Setting next_dagrun for example_branch_datetime_operator_3 to 2024-09-02T00:00:00+00:00, run_after=2024-09-03T00:00:00+00:00
[2024-09-03T11:37:37.174+0000] {processor.py:179} INFO - Processing /home/airflow-vm/data-engineer-batch-processing-financial-services/.venv/lib/python3.10/site-packages/airflow/example_dags/example_branch_datetime_operator.py took 0.100 seconds
[2024-09-03T11:38:27.163+0000] {processor.py:157} INFO - Started process (PID=22897) to work on /home/airflow-vm/data-engineer-batch-processing-financial-services/.venv/lib/python3.10/site-packages/airflow/example_dags/example_branch_datetime_operator.py
[2024-09-03T11:38:27.164+0000] {processor.py:826} INFO - Processing file /home/airflow-vm/data-engineer-batch-processing-financial-services/.venv/lib/python3.10/site-packages/airflow/example_dags/example_branch_datetime_operator.py for tasks to queue
[2024-09-03T11:38:27.165+0000] {logging_mixin.py:149} INFO - [2024-09-03T11:38:27.165+0000] {dagbag.py:541} INFO - Filling up the DagBag from /home/airflow-vm/data-engineer-batch-processing-financial-services/.venv/lib/python3.10/site-packages/airflow/example_dags/example_branch_datetime_operator.py
[2024-09-03T11:38:27.176+0000] {processor.py:836} INFO - DAG(s) dict_keys(['example_branch_datetime_operator_3', 'example_branch_datetime_operator_2', 'example_branch_datetime_operator']) retrieved from /home/airflow-vm/data-engineer-batch-processing-financial-services/.venv/lib/python3.10/site-packages/airflow/example_dags/example_branch_datetime_operator.py
[2024-09-03T11:38:27.202+0000] {logging_mixin.py:149} INFO - [2024-09-03T11:38:27.202+0000] {dag.py:2726} INFO - Sync 3 DAGs
[2024-09-03T11:38:27.225+0000] {logging_mixin.py:149} INFO - [2024-09-03T11:38:27.225+0000] {dag.py:3486} INFO - Setting next_dagrun for example_branch_datetime_operator to 2024-09-02T00:00:00+00:00, run_after=2024-09-03T00:00:00+00:00
[2024-09-03T11:38:27.230+0000] {logging_mixin.py:149} INFO - [2024-09-03T11:38:27.230+0000] {dag.py:3486} INFO - Setting next_dagrun for example_branch_datetime_operator_2 to 2024-09-02T00:00:00+00:00, run_after=2024-09-03T00:00:00+00:00
[2024-09-03T11:38:27.233+0000] {logging_mixin.py:149} INFO - [2024-09-03T11:38:27.233+0000] {dag.py:3486} INFO - Setting next_dagrun for example_branch_datetime_operator_3 to 2024-09-02T00:00:00+00:00, run_after=2024-09-03T00:00:00+00:00
[2024-09-03T11:38:27.262+0000] {processor.py:179} INFO - Processing /home/airflow-vm/data-engineer-batch-processing-financial-services/.venv/lib/python3.10/site-packages/airflow/example_dags/example_branch_datetime_operator.py took 0.101 seconds
[2024-09-03T11:39:17.736+0000] {processor.py:157} INFO - Started process (PID=23182) to work on /home/airflow-vm/data-engineer-batch-processing-financial-services/.venv/lib/python3.10/site-packages/airflow/example_dags/example_branch_datetime_operator.py
[2024-09-03T11:39:17.737+0000] {processor.py:826} INFO - Processing file /home/airflow-vm/data-engineer-batch-processing-financial-services/.venv/lib/python3.10/site-packages/airflow/example_dags/example_branch_datetime_operator.py for tasks to queue
[2024-09-03T11:39:17.738+0000] {logging_mixin.py:149} INFO - [2024-09-03T11:39:17.738+0000] {dagbag.py:541} INFO - Filling up the DagBag from /home/airflow-vm/data-engineer-batch-processing-financial-services/.venv/lib/python3.10/site-packages/airflow/example_dags/example_branch_datetime_operator.py
[2024-09-03T11:39:17.748+0000] {processor.py:836} INFO - DAG(s) dict_keys(['example_branch_datetime_operator', 'example_branch_datetime_operator_2', 'example_branch_datetime_operator_3']) retrieved from /home/airflow-vm/data-engineer-batch-processing-financial-services/.venv/lib/python3.10/site-packages/airflow/example_dags/example_branch_datetime_operator.py
[2024-09-03T11:39:17.775+0000] {logging_mixin.py:149} INFO - [2024-09-03T11:39:17.775+0000] {dag.py:2726} INFO - Sync 3 DAGs
[2024-09-03T11:39:17.798+0000] {logging_mixin.py:149} INFO - [2024-09-03T11:39:17.797+0000] {dag.py:3486} INFO - Setting next_dagrun for example_branch_datetime_operator to 2024-09-02T00:00:00+00:00, run_after=2024-09-03T00:00:00+00:00
[2024-09-03T11:39:17.802+0000] {logging_mixin.py:149} INFO - [2024-09-03T11:39:17.802+0000] {dag.py:3486} INFO - Setting next_dagrun for example_branch_datetime_operator_2 to 2024-09-02T00:00:00+00:00, run_after=2024-09-03T00:00:00+00:00
[2024-09-03T11:39:17.805+0000] {logging_mixin.py:149} INFO - [2024-09-03T11:39:17.805+0000] {dag.py:3486} INFO - Setting next_dagrun for example_branch_datetime_operator_3 to 2024-09-02T00:00:00+00:00, run_after=2024-09-03T00:00:00+00:00
[2024-09-03T11:39:17.836+0000] {processor.py:179} INFO - Processing /home/airflow-vm/data-engineer-batch-processing-financial-services/.venv/lib/python3.10/site-packages/airflow/example_dags/example_branch_datetime_operator.py took 0.102 seconds
[2024-09-03T11:40:02.746+0000] {processor.py:157} INFO - Started process (PID=23317) to work on /home/airflow-vm/data-engineer-batch-processing-financial-services/.venv/lib/python3.10/site-packages/airflow/example_dags/example_branch_datetime_operator.py
[2024-09-03T11:40:02.747+0000] {processor.py:826} INFO - Processing file /home/airflow-vm/data-engineer-batch-processing-financial-services/.venv/lib/python3.10/site-packages/airflow/example_dags/example_branch_datetime_operator.py for tasks to queue
[2024-09-03T11:40:02.747+0000] {logging_mixin.py:149} INFO - [2024-09-03T11:40:02.747+0000] {dagbag.py:541} INFO - Filling up the DagBag from /home/airflow-vm/data-engineer-batch-processing-financial-services/.venv/lib/python3.10/site-packages/airflow/example_dags/example_branch_datetime_operator.py
[2024-09-03T11:40:02.757+0000] {processor.py:836} INFO - DAG(s) dict_keys(['example_branch_datetime_operator_3', 'example_branch_datetime_operator', 'example_branch_datetime_operator_2']) retrieved from /home/airflow-vm/data-engineer-batch-processing-financial-services/.venv/lib/python3.10/site-packages/airflow/example_dags/example_branch_datetime_operator.py
[2024-09-03T11:40:02.782+0000] {logging_mixin.py:149} INFO - [2024-09-03T11:40:02.782+0000] {dag.py:2726} INFO - Sync 3 DAGs
[2024-09-03T11:40:02.803+0000] {logging_mixin.py:149} INFO - [2024-09-03T11:40:02.803+0000] {dag.py:3486} INFO - Setting next_dagrun for example_branch_datetime_operator to 2024-09-02T00:00:00+00:00, run_after=2024-09-03T00:00:00+00:00
[2024-09-03T11:40:02.807+0000] {logging_mixin.py:149} INFO - [2024-09-03T11:40:02.807+0000] {dag.py:3486} INFO - Setting next_dagrun for example_branch_datetime_operator_2 to 2024-09-02T00:00:00+00:00, run_after=2024-09-03T00:00:00+00:00
[2024-09-03T11:40:02.810+0000] {logging_mixin.py:149} INFO - [2024-09-03T11:40:02.809+0000] {dag.py:3486} INFO - Setting next_dagrun for example_branch_datetime_operator_3 to 2024-09-02T00:00:00+00:00, run_after=2024-09-03T00:00:00+00:00
[2024-09-03T11:40:02.836+0000] {processor.py:179} INFO - Processing /home/airflow-vm/data-engineer-batch-processing-financial-services/.venv/lib/python3.10/site-packages/airflow/example_dags/example_branch_datetime_operator.py took 0.093 seconds
[2024-09-03T11:45:31.535+0000] {processor.py:157} INFO - Started process (PID=26802) to work on /home/airflow-vm/data-engineer-batch-processing-financial-services/.venv/lib/python3.10/site-packages/airflow/example_dags/example_branch_datetime_operator.py
[2024-09-03T11:45:31.536+0000] {processor.py:826} INFO - Processing file /home/airflow-vm/data-engineer-batch-processing-financial-services/.venv/lib/python3.10/site-packages/airflow/example_dags/example_branch_datetime_operator.py for tasks to queue
[2024-09-03T11:45:31.536+0000] {logging_mixin.py:149} INFO - [2024-09-03T11:45:31.536+0000] {dagbag.py:541} INFO - Filling up the DagBag from /home/airflow-vm/data-engineer-batch-processing-financial-services/.venv/lib/python3.10/site-packages/airflow/example_dags/example_branch_datetime_operator.py
[2024-09-03T11:45:31.545+0000] {processor.py:836} INFO - DAG(s) dict_keys(['example_branch_datetime_operator_3', 'example_branch_datetime_operator', 'example_branch_datetime_operator_2']) retrieved from /home/airflow-vm/data-engineer-batch-processing-financial-services/.venv/lib/python3.10/site-packages/airflow/example_dags/example_branch_datetime_operator.py
[2024-09-03T11:45:31.571+0000] {logging_mixin.py:149} INFO - [2024-09-03T11:45:31.570+0000] {dag.py:2726} INFO - Sync 3 DAGs
[2024-09-03T11:45:31.593+0000] {logging_mixin.py:149} INFO - [2024-09-03T11:45:31.593+0000] {dag.py:3486} INFO - Setting next_dagrun for example_branch_datetime_operator to 2024-09-02T00:00:00+00:00, run_after=2024-09-03T00:00:00+00:00
[2024-09-03T11:45:31.597+0000] {logging_mixin.py:149} INFO - [2024-09-03T11:45:31.597+0000] {dag.py:3486} INFO - Setting next_dagrun for example_branch_datetime_operator_2 to 2024-09-02T00:00:00+00:00, run_after=2024-09-03T00:00:00+00:00
[2024-09-03T11:45:31.600+0000] {logging_mixin.py:149} INFO - [2024-09-03T11:45:31.599+0000] {dag.py:3486} INFO - Setting next_dagrun for example_branch_datetime_operator_3 to 2024-09-02T00:00:00+00:00, run_after=2024-09-03T00:00:00+00:00
[2024-09-03T11:45:31.625+0000] {processor.py:179} INFO - Processing /home/airflow-vm/data-engineer-batch-processing-financial-services/.venv/lib/python3.10/site-packages/airflow/example_dags/example_branch_datetime_operator.py took 0.093 seconds
[2024-09-03T11:50:37.021+0000] {processor.py:157} INFO - Started process (PID=29669) to work on /home/airflow-vm/data-engineer-batch-processing-financial-services/.venv/lib/python3.10/site-packages/airflow/example_dags/example_branch_datetime_operator.py
[2024-09-03T11:50:37.022+0000] {processor.py:826} INFO - Processing file /home/airflow-vm/data-engineer-batch-processing-financial-services/.venv/lib/python3.10/site-packages/airflow/example_dags/example_branch_datetime_operator.py for tasks to queue
[2024-09-03T11:50:37.022+0000] {logging_mixin.py:149} INFO - [2024-09-03T11:50:37.022+0000] {dagbag.py:541} INFO - Filling up the DagBag from /home/airflow-vm/data-engineer-batch-processing-financial-services/.venv/lib/python3.10/site-packages/airflow/example_dags/example_branch_datetime_operator.py
[2024-09-03T11:50:37.032+0000] {processor.py:836} INFO - DAG(s) dict_keys(['example_branch_datetime_operator_3', 'example_branch_datetime_operator_2', 'example_branch_datetime_operator']) retrieved from /home/airflow-vm/data-engineer-batch-processing-financial-services/.venv/lib/python3.10/site-packages/airflow/example_dags/example_branch_datetime_operator.py
[2024-09-03T11:50:37.055+0000] {logging_mixin.py:149} INFO - [2024-09-03T11:50:37.055+0000] {dag.py:2726} INFO - Sync 3 DAGs
[2024-09-03T11:50:37.077+0000] {logging_mixin.py:149} INFO - [2024-09-03T11:50:37.077+0000] {dag.py:3486} INFO - Setting next_dagrun for example_branch_datetime_operator to 2024-09-02T00:00:00+00:00, run_after=2024-09-03T00:00:00+00:00
[2024-09-03T11:50:37.082+0000] {logging_mixin.py:149} INFO - [2024-09-03T11:50:37.082+0000] {dag.py:3486} INFO - Setting next_dagrun for example_branch_datetime_operator_2 to 2024-09-02T00:00:00+00:00, run_after=2024-09-03T00:00:00+00:00
[2024-09-03T11:50:37.084+0000] {logging_mixin.py:149} INFO - [2024-09-03T11:50:37.084+0000] {dag.py:3486} INFO - Setting next_dagrun for example_branch_datetime_operator_3 to 2024-09-02T00:00:00+00:00, run_after=2024-09-03T00:00:00+00:00
[2024-09-03T11:50:37.112+0000] {processor.py:179} INFO - Processing /home/airflow-vm/data-engineer-batch-processing-financial-services/.venv/lib/python3.10/site-packages/airflow/example_dags/example_branch_datetime_operator.py took 0.094 seconds
[2024-09-03T11:51:22.294+0000] {processor.py:157} INFO - Started process (PID=29717) to work on /home/airflow-vm/data-engineer-batch-processing-financial-services/.venv/lib/python3.10/site-packages/airflow/example_dags/example_branch_datetime_operator.py
[2024-09-03T11:51:22.295+0000] {processor.py:826} INFO - Processing file /home/airflow-vm/data-engineer-batch-processing-financial-services/.venv/lib/python3.10/site-packages/airflow/example_dags/example_branch_datetime_operator.py for tasks to queue
[2024-09-03T11:51:22.296+0000] {logging_mixin.py:149} INFO - [2024-09-03T11:51:22.296+0000] {dagbag.py:541} INFO - Filling up the DagBag from /home/airflow-vm/data-engineer-batch-processing-financial-services/.venv/lib/python3.10/site-packages/airflow/example_dags/example_branch_datetime_operator.py
[2024-09-03T11:51:22.306+0000] {processor.py:836} INFO - DAG(s) dict_keys(['example_branch_datetime_operator_3', 'example_branch_datetime_operator', 'example_branch_datetime_operator_2']) retrieved from /home/airflow-vm/data-engineer-batch-processing-financial-services/.venv/lib/python3.10/site-packages/airflow/example_dags/example_branch_datetime_operator.py
[2024-09-03T11:51:22.329+0000] {logging_mixin.py:149} INFO - [2024-09-03T11:51:22.328+0000] {dag.py:2726} INFO - Sync 3 DAGs
[2024-09-03T11:51:22.349+0000] {logging_mixin.py:149} INFO - [2024-09-03T11:51:22.348+0000] {dag.py:3486} INFO - Setting next_dagrun for example_branch_datetime_operator to 2024-09-02T00:00:00+00:00, run_after=2024-09-03T00:00:00+00:00
[2024-09-03T11:51:22.353+0000] {logging_mixin.py:149} INFO - [2024-09-03T11:51:22.353+0000] {dag.py:3486} INFO - Setting next_dagrun for example_branch_datetime_operator_2 to 2024-09-02T00:00:00+00:00, run_after=2024-09-03T00:00:00+00:00
[2024-09-03T11:51:22.356+0000] {logging_mixin.py:149} INFO - [2024-09-03T11:51:22.355+0000] {dag.py:3486} INFO - Setting next_dagrun for example_branch_datetime_operator_3 to 2024-09-02T00:00:00+00:00, run_after=2024-09-03T00:00:00+00:00
[2024-09-03T11:51:22.386+0000] {processor.py:179} INFO - Processing /home/airflow-vm/data-engineer-batch-processing-financial-services/.venv/lib/python3.10/site-packages/airflow/example_dags/example_branch_datetime_operator.py took 0.094 seconds
[2024-09-03T11:52:06.576+0000] {processor.py:157} INFO - Started process (PID=29766) to work on /home/airflow-vm/data-engineer-batch-processing-financial-services/.venv/lib/python3.10/site-packages/airflow/example_dags/example_branch_datetime_operator.py
[2024-09-03T11:52:06.577+0000] {processor.py:826} INFO - Processing file /home/airflow-vm/data-engineer-batch-processing-financial-services/.venv/lib/python3.10/site-packages/airflow/example_dags/example_branch_datetime_operator.py for tasks to queue
[2024-09-03T11:52:06.577+0000] {logging_mixin.py:149} INFO - [2024-09-03T11:52:06.577+0000] {dagbag.py:541} INFO - Filling up the DagBag from /home/airflow-vm/data-engineer-batch-processing-financial-services/.venv/lib/python3.10/site-packages/airflow/example_dags/example_branch_datetime_operator.py
[2024-09-03T11:52:06.587+0000] {processor.py:836} INFO - DAG(s) dict_keys(['example_branch_datetime_operator', 'example_branch_datetime_operator_2', 'example_branch_datetime_operator_3']) retrieved from /home/airflow-vm/data-engineer-batch-processing-financial-services/.venv/lib/python3.10/site-packages/airflow/example_dags/example_branch_datetime_operator.py
[2024-09-03T11:52:06.611+0000] {logging_mixin.py:149} INFO - [2024-09-03T11:52:06.611+0000] {dag.py:2726} INFO - Sync 3 DAGs
[2024-09-03T11:52:06.631+0000] {logging_mixin.py:149} INFO - [2024-09-03T11:52:06.631+0000] {dag.py:3486} INFO - Setting next_dagrun for example_branch_datetime_operator to 2024-09-02T00:00:00+00:00, run_after=2024-09-03T00:00:00+00:00
[2024-09-03T11:52:06.635+0000] {logging_mixin.py:149} INFO - [2024-09-03T11:52:06.635+0000] {dag.py:3486} INFO - Setting next_dagrun for example_branch_datetime_operator_2 to 2024-09-02T00:00:00+00:00, run_after=2024-09-03T00:00:00+00:00
[2024-09-03T11:52:06.638+0000] {logging_mixin.py:149} INFO - [2024-09-03T11:52:06.637+0000] {dag.py:3486} INFO - Setting next_dagrun for example_branch_datetime_operator_3 to 2024-09-02T00:00:00+00:00, run_after=2024-09-03T00:00:00+00:00
[2024-09-03T11:52:06.665+0000] {processor.py:179} INFO - Processing /home/airflow-vm/data-engineer-batch-processing-financial-services/.venv/lib/python3.10/site-packages/airflow/example_dags/example_branch_datetime_operator.py took 0.092 seconds
[2024-09-03T11:52:55.625+0000] {processor.py:157} INFO - Started process (PID=29816) to work on /home/airflow-vm/data-engineer-batch-processing-financial-services/.venv/lib/python3.10/site-packages/airflow/example_dags/example_branch_datetime_operator.py
[2024-09-03T11:52:55.626+0000] {processor.py:826} INFO - Processing file /home/airflow-vm/data-engineer-batch-processing-financial-services/.venv/lib/python3.10/site-packages/airflow/example_dags/example_branch_datetime_operator.py for tasks to queue
[2024-09-03T11:52:55.626+0000] {logging_mixin.py:149} INFO - [2024-09-03T11:52:55.626+0000] {dagbag.py:541} INFO - Filling up the DagBag from /home/airflow-vm/data-engineer-batch-processing-financial-services/.venv/lib/python3.10/site-packages/airflow/example_dags/example_branch_datetime_operator.py
[2024-09-03T11:52:55.636+0000] {processor.py:836} INFO - DAG(s) dict_keys(['example_branch_datetime_operator', 'example_branch_datetime_operator_2', 'example_branch_datetime_operator_3']) retrieved from /home/airflow-vm/data-engineer-batch-processing-financial-services/.venv/lib/python3.10/site-packages/airflow/example_dags/example_branch_datetime_operator.py
[2024-09-03T11:52:55.661+0000] {logging_mixin.py:149} INFO - [2024-09-03T11:52:55.661+0000] {dag.py:2726} INFO - Sync 3 DAGs
[2024-09-03T11:52:55.685+0000] {logging_mixin.py:149} INFO - [2024-09-03T11:52:55.685+0000] {dag.py:3486} INFO - Setting next_dagrun for example_branch_datetime_operator to 2024-09-02T00:00:00+00:00, run_after=2024-09-03T00:00:00+00:00
[2024-09-03T11:52:55.689+0000] {logging_mixin.py:149} INFO - [2024-09-03T11:52:55.689+0000] {dag.py:3486} INFO - Setting next_dagrun for example_branch_datetime_operator_2 to 2024-09-02T00:00:00+00:00, run_after=2024-09-03T00:00:00+00:00
[2024-09-03T11:52:55.692+0000] {logging_mixin.py:149} INFO - [2024-09-03T11:52:55.692+0000] {dag.py:3486} INFO - Setting next_dagrun for example_branch_datetime_operator_3 to 2024-09-02T00:00:00+00:00, run_after=2024-09-03T00:00:00+00:00
[2024-09-03T11:52:55.727+0000] {processor.py:179} INFO - Processing /home/airflow-vm/data-engineer-batch-processing-financial-services/.venv/lib/python3.10/site-packages/airflow/example_dags/example_branch_datetime_operator.py took 0.104 seconds
[2024-09-03T11:53:42.485+0000] {processor.py:157} INFO - Started process (PID=29891) to work on /home/airflow-vm/data-engineer-batch-processing-financial-services/.venv/lib/python3.10/site-packages/airflow/example_dags/example_branch_datetime_operator.py
[2024-09-03T11:53:42.486+0000] {processor.py:826} INFO - Processing file /home/airflow-vm/data-engineer-batch-processing-financial-services/.venv/lib/python3.10/site-packages/airflow/example_dags/example_branch_datetime_operator.py for tasks to queue
[2024-09-03T11:53:42.486+0000] {logging_mixin.py:149} INFO - [2024-09-03T11:53:42.486+0000] {dagbag.py:541} INFO - Filling up the DagBag from /home/airflow-vm/data-engineer-batch-processing-financial-services/.venv/lib/python3.10/site-packages/airflow/example_dags/example_branch_datetime_operator.py
[2024-09-03T11:53:42.497+0000] {processor.py:836} INFO - DAG(s) dict_keys(['example_branch_datetime_operator_3', 'example_branch_datetime_operator_2', 'example_branch_datetime_operator']) retrieved from /home/airflow-vm/data-engineer-batch-processing-financial-services/.venv/lib/python3.10/site-packages/airflow/example_dags/example_branch_datetime_operator.py
[2024-09-03T11:53:42.523+0000] {logging_mixin.py:149} INFO - [2024-09-03T11:53:42.523+0000] {dag.py:2726} INFO - Sync 3 DAGs
[2024-09-03T11:53:42.546+0000] {logging_mixin.py:149} INFO - [2024-09-03T11:53:42.546+0000] {dag.py:3486} INFO - Setting next_dagrun for example_branch_datetime_operator to 2024-09-02T00:00:00+00:00, run_after=2024-09-03T00:00:00+00:00
[2024-09-03T11:53:42.551+0000] {logging_mixin.py:149} INFO - [2024-09-03T11:53:42.551+0000] {dag.py:3486} INFO - Setting next_dagrun for example_branch_datetime_operator_2 to 2024-09-02T00:00:00+00:00, run_after=2024-09-03T00:00:00+00:00
[2024-09-03T11:53:42.554+0000] {logging_mixin.py:149} INFO - [2024-09-03T11:53:42.553+0000] {dag.py:3486} INFO - Setting next_dagrun for example_branch_datetime_operator_3 to 2024-09-02T00:00:00+00:00, run_after=2024-09-03T00:00:00+00:00
[2024-09-03T11:53:42.583+0000] {processor.py:179} INFO - Processing /home/airflow-vm/data-engineer-batch-processing-financial-services/.venv/lib/python3.10/site-packages/airflow/example_dags/example_branch_datetime_operator.py took 0.102 seconds
[2024-09-03T11:54:31.930+0000] {processor.py:157} INFO - Started process (PID=29942) to work on /home/airflow-vm/data-engineer-batch-processing-financial-services/.venv/lib/python3.10/site-packages/airflow/example_dags/example_branch_datetime_operator.py
[2024-09-03T11:54:31.931+0000] {processor.py:826} INFO - Processing file /home/airflow-vm/data-engineer-batch-processing-financial-services/.venv/lib/python3.10/site-packages/airflow/example_dags/example_branch_datetime_operator.py for tasks to queue
[2024-09-03T11:54:31.931+0000] {logging_mixin.py:149} INFO - [2024-09-03T11:54:31.931+0000] {dagbag.py:541} INFO - Filling up the DagBag from /home/airflow-vm/data-engineer-batch-processing-financial-services/.venv/lib/python3.10/site-packages/airflow/example_dags/example_branch_datetime_operator.py
[2024-09-03T11:54:31.941+0000] {processor.py:836} INFO - DAG(s) dict_keys(['example_branch_datetime_operator', 'example_branch_datetime_operator_2', 'example_branch_datetime_operator_3']) retrieved from /home/airflow-vm/data-engineer-batch-processing-financial-services/.venv/lib/python3.10/site-packages/airflow/example_dags/example_branch_datetime_operator.py
[2024-09-03T11:54:31.965+0000] {logging_mixin.py:149} INFO - [2024-09-03T11:54:31.965+0000] {dag.py:2726} INFO - Sync 3 DAGs
[2024-09-03T11:54:31.987+0000] {logging_mixin.py:149} INFO - [2024-09-03T11:54:31.987+0000] {dag.py:3486} INFO - Setting next_dagrun for example_branch_datetime_operator to 2024-09-02T00:00:00+00:00, run_after=2024-09-03T00:00:00+00:00
[2024-09-03T11:54:31.991+0000] {logging_mixin.py:149} INFO - [2024-09-03T11:54:31.991+0000] {dag.py:3486} INFO - Setting next_dagrun for example_branch_datetime_operator_2 to 2024-09-02T00:00:00+00:00, run_after=2024-09-03T00:00:00+00:00
[2024-09-03T11:54:31.993+0000] {logging_mixin.py:149} INFO - [2024-09-03T11:54:31.993+0000] {dag.py:3486} INFO - Setting next_dagrun for example_branch_datetime_operator_3 to 2024-09-02T00:00:00+00:00, run_after=2024-09-03T00:00:00+00:00
[2024-09-03T11:54:32.021+0000] {processor.py:179} INFO - Processing /home/airflow-vm/data-engineer-batch-processing-financial-services/.venv/lib/python3.10/site-packages/airflow/example_dags/example_branch_datetime_operator.py took 0.093 seconds
[2024-09-03T11:55:20.453+0000] {processor.py:157} INFO - Started process (PID=29998) to work on /home/airflow-vm/data-engineer-batch-processing-financial-services/.venv/lib/python3.10/site-packages/airflow/example_dags/example_branch_datetime_operator.py
[2024-09-03T11:55:20.454+0000] {processor.py:826} INFO - Processing file /home/airflow-vm/data-engineer-batch-processing-financial-services/.venv/lib/python3.10/site-packages/airflow/example_dags/example_branch_datetime_operator.py for tasks to queue
[2024-09-03T11:55:20.454+0000] {logging_mixin.py:149} INFO - [2024-09-03T11:55:20.454+0000] {dagbag.py:541} INFO - Filling up the DagBag from /home/airflow-vm/data-engineer-batch-processing-financial-services/.venv/lib/python3.10/site-packages/airflow/example_dags/example_branch_datetime_operator.py
[2024-09-03T11:55:20.465+0000] {processor.py:836} INFO - DAG(s) dict_keys(['example_branch_datetime_operator', 'example_branch_datetime_operator_2', 'example_branch_datetime_operator_3']) retrieved from /home/airflow-vm/data-engineer-batch-processing-financial-services/.venv/lib/python3.10/site-packages/airflow/example_dags/example_branch_datetime_operator.py
[2024-09-03T11:55:20.489+0000] {logging_mixin.py:149} INFO - [2024-09-03T11:55:20.489+0000] {dag.py:2726} INFO - Sync 3 DAGs
[2024-09-03T11:55:20.510+0000] {logging_mixin.py:149} INFO - [2024-09-03T11:55:20.509+0000] {dag.py:3486} INFO - Setting next_dagrun for example_branch_datetime_operator to 2024-09-02T00:00:00+00:00, run_after=2024-09-03T00:00:00+00:00
[2024-09-03T11:55:20.514+0000] {logging_mixin.py:149} INFO - [2024-09-03T11:55:20.514+0000] {dag.py:3486} INFO - Setting next_dagrun for example_branch_datetime_operator_2 to 2024-09-02T00:00:00+00:00, run_after=2024-09-03T00:00:00+00:00
[2024-09-03T11:55:20.516+0000] {logging_mixin.py:149} INFO - [2024-09-03T11:55:20.516+0000] {dag.py:3486} INFO - Setting next_dagrun for example_branch_datetime_operator_3 to 2024-09-02T00:00:00+00:00, run_after=2024-09-03T00:00:00+00:00
[2024-09-03T11:55:20.545+0000] {processor.py:179} INFO - Processing /home/airflow-vm/data-engineer-batch-processing-financial-services/.venv/lib/python3.10/site-packages/airflow/example_dags/example_branch_datetime_operator.py took 0.095 seconds
[2024-09-03T11:56:03.325+0000] {processor.py:157} INFO - Started process (PID=30045) to work on /home/airflow-vm/data-engineer-batch-processing-financial-services/.venv/lib/python3.10/site-packages/airflow/example_dags/example_branch_datetime_operator.py
[2024-09-03T11:56:03.325+0000] {processor.py:826} INFO - Processing file /home/airflow-vm/data-engineer-batch-processing-financial-services/.venv/lib/python3.10/site-packages/airflow/example_dags/example_branch_datetime_operator.py for tasks to queue
[2024-09-03T11:56:03.326+0000] {logging_mixin.py:149} INFO - [2024-09-03T11:56:03.326+0000] {dagbag.py:541} INFO - Filling up the DagBag from /home/airflow-vm/data-engineer-batch-processing-financial-services/.venv/lib/python3.10/site-packages/airflow/example_dags/example_branch_datetime_operator.py
[2024-09-03T11:56:03.335+0000] {processor.py:836} INFO - DAG(s) dict_keys(['example_branch_datetime_operator_3', 'example_branch_datetime_operator_2', 'example_branch_datetime_operator']) retrieved from /home/airflow-vm/data-engineer-batch-processing-financial-services/.venv/lib/python3.10/site-packages/airflow/example_dags/example_branch_datetime_operator.py
[2024-09-03T11:56:03.359+0000] {logging_mixin.py:149} INFO - [2024-09-03T11:56:03.358+0000] {dag.py:2726} INFO - Sync 3 DAGs
[2024-09-03T11:56:03.380+0000] {logging_mixin.py:149} INFO - [2024-09-03T11:56:03.379+0000] {dag.py:3486} INFO - Setting next_dagrun for example_branch_datetime_operator to 2024-09-02T00:00:00+00:00, run_after=2024-09-03T00:00:00+00:00
[2024-09-03T11:56:03.384+0000] {logging_mixin.py:149} INFO - [2024-09-03T11:56:03.384+0000] {dag.py:3486} INFO - Setting next_dagrun for example_branch_datetime_operator_2 to 2024-09-02T00:00:00+00:00, run_after=2024-09-03T00:00:00+00:00
[2024-09-03T11:56:03.386+0000] {logging_mixin.py:149} INFO - [2024-09-03T11:56:03.386+0000] {dag.py:3486} INFO - Setting next_dagrun for example_branch_datetime_operator_3 to 2024-09-02T00:00:00+00:00, run_after=2024-09-03T00:00:00+00:00
[2024-09-03T11:56:03.415+0000] {processor.py:179} INFO - Processing /home/airflow-vm/data-engineer-batch-processing-financial-services/.venv/lib/python3.10/site-packages/airflow/example_dags/example_branch_datetime_operator.py took 0.093 seconds
[2024-09-03T11:56:49.839+0000] {processor.py:157} INFO - Started process (PID=30150) to work on /home/airflow-vm/data-engineer-batch-processing-financial-services/.venv/lib/python3.10/site-packages/airflow/example_dags/example_branch_datetime_operator.py
[2024-09-03T11:56:49.840+0000] {processor.py:826} INFO - Processing file /home/airflow-vm/data-engineer-batch-processing-financial-services/.venv/lib/python3.10/site-packages/airflow/example_dags/example_branch_datetime_operator.py for tasks to queue
[2024-09-03T11:56:49.841+0000] {logging_mixin.py:149} INFO - [2024-09-03T11:56:49.840+0000] {dagbag.py:541} INFO - Filling up the DagBag from /home/airflow-vm/data-engineer-batch-processing-financial-services/.venv/lib/python3.10/site-packages/airflow/example_dags/example_branch_datetime_operator.py
[2024-09-03T11:56:49.851+0000] {processor.py:836} INFO - DAG(s) dict_keys(['example_branch_datetime_operator', 'example_branch_datetime_operator_2', 'example_branch_datetime_operator_3']) retrieved from /home/airflow-vm/data-engineer-batch-processing-financial-services/.venv/lib/python3.10/site-packages/airflow/example_dags/example_branch_datetime_operator.py
[2024-09-03T11:56:49.878+0000] {logging_mixin.py:149} INFO - [2024-09-03T11:56:49.878+0000] {dag.py:2726} INFO - Sync 3 DAGs
[2024-09-03T11:56:49.900+0000] {logging_mixin.py:149} INFO - [2024-09-03T11:56:49.899+0000] {dag.py:3486} INFO - Setting next_dagrun for example_branch_datetime_operator to 2024-09-02T00:00:00+00:00, run_after=2024-09-03T00:00:00+00:00
[2024-09-03T11:56:49.904+0000] {logging_mixin.py:149} INFO - [2024-09-03T11:56:49.904+0000] {dag.py:3486} INFO - Setting next_dagrun for example_branch_datetime_operator_2 to 2024-09-02T00:00:00+00:00, run_after=2024-09-03T00:00:00+00:00
[2024-09-03T11:56:49.906+0000] {logging_mixin.py:149} INFO - [2024-09-03T11:56:49.906+0000] {dag.py:3486} INFO - Setting next_dagrun for example_branch_datetime_operator_3 to 2024-09-02T00:00:00+00:00, run_after=2024-09-03T00:00:00+00:00
[2024-09-03T11:56:49.947+0000] {processor.py:179} INFO - Processing /home/airflow-vm/data-engineer-batch-processing-financial-services/.venv/lib/python3.10/site-packages/airflow/example_dags/example_branch_datetime_operator.py took 0.110 seconds
