[2024-09-03T10:58:16.873+0000] {processor.py:157} INFO - Started process (PID=3506) to work on /home/airflow-vm/data-engineer-batch-processing-financial-services/.venv/lib/python3.10/site-packages/airflow/example_dags/example_params_ui_tutorial.py
[2024-09-03T10:58:16.874+0000] {processor.py:826} INFO - Processing file /home/airflow-vm/data-engineer-batch-processing-financial-services/.venv/lib/python3.10/site-packages/airflow/example_dags/example_params_ui_tutorial.py for tasks to queue
[2024-09-03T10:58:16.875+0000] {logging_mixin.py:149} INFO - [2024-09-03T10:58:16.875+0000] {dagbag.py:541} INFO - Filling up the DagBag from /home/airflow-vm/data-engineer-batch-processing-financial-services/.venv/lib/python3.10/site-packages/airflow/example_dags/example_params_ui_tutorial.py
[2024-09-03T10:58:16.912+0000] {processor.py:836} INFO - DAG(s) dict_keys(['example_params_ui_tutorial']) retrieved from /home/airflow-vm/data-engineer-batch-processing-financial-services/.venv/lib/python3.10/site-packages/airflow/example_dags/example_params_ui_tutorial.py
[2024-09-03T10:58:16.997+0000] {logging_mixin.py:149} INFO - [2024-09-03T10:58:16.996+0000] {dag.py:2726} INFO - Sync 1 DAGs
[2024-09-03T10:58:17.014+0000] {logging_mixin.py:149} INFO - [2024-09-03T10:58:17.013+0000] {dag.py:3486} INFO - Setting next_dagrun for example_params_ui_tutorial to None, run_after=None
[2024-09-03T10:58:17.051+0000] {processor.py:179} INFO - Processing /home/airflow-vm/data-engineer-batch-processing-financial-services/.venv/lib/python3.10/site-packages/airflow/example_dags/example_params_ui_tutorial.py took 0.180 seconds
[2024-09-03T10:59:02.695+0000] {processor.py:157} INFO - Started process (PID=3815) to work on /home/airflow-vm/data-engineer-batch-processing-financial-services/.venv/lib/python3.10/site-packages/airflow/example_dags/example_params_ui_tutorial.py
[2024-09-03T10:59:02.696+0000] {processor.py:826} INFO - Processing file /home/airflow-vm/data-engineer-batch-processing-financial-services/.venv/lib/python3.10/site-packages/airflow/example_dags/example_params_ui_tutorial.py for tasks to queue
[2024-09-03T10:59:02.697+0000] {logging_mixin.py:149} INFO - [2024-09-03T10:59:02.696+0000] {dagbag.py:541} INFO - Filling up the DagBag from /home/airflow-vm/data-engineer-batch-processing-financial-services/.venv/lib/python3.10/site-packages/airflow/example_dags/example_params_ui_tutorial.py
[2024-09-03T10:59:02.730+0000] {processor.py:836} INFO - DAG(s) dict_keys(['example_params_ui_tutorial']) retrieved from /home/airflow-vm/data-engineer-batch-processing-financial-services/.venv/lib/python3.10/site-packages/airflow/example_dags/example_params_ui_tutorial.py
[2024-09-03T10:59:02.784+0000] {logging_mixin.py:149} INFO - [2024-09-03T10:59:02.783+0000] {dag.py:2726} INFO - Sync 1 DAGs
[2024-09-03T10:59:02.803+0000] {logging_mixin.py:149} INFO - [2024-09-03T10:59:02.803+0000] {dag.py:3486} INFO - Setting next_dagrun for example_params_ui_tutorial to None, run_after=None
[2024-09-03T10:59:02.830+0000] {processor.py:179} INFO - Processing /home/airflow-vm/data-engineer-batch-processing-financial-services/.venv/lib/python3.10/site-packages/airflow/example_dags/example_params_ui_tutorial.py took 0.137 seconds
[2024-09-03T10:59:50.005+0000] {processor.py:157} INFO - Started process (PID=3918) to work on /home/airflow-vm/data-engineer-batch-processing-financial-services/.venv/lib/python3.10/site-packages/airflow/example_dags/example_params_ui_tutorial.py
[2024-09-03T10:59:50.006+0000] {processor.py:826} INFO - Processing file /home/airflow-vm/data-engineer-batch-processing-financial-services/.venv/lib/python3.10/site-packages/airflow/example_dags/example_params_ui_tutorial.py for tasks to queue
[2024-09-03T10:59:50.006+0000] {logging_mixin.py:149} INFO - [2024-09-03T10:59:50.006+0000] {dagbag.py:541} INFO - Filling up the DagBag from /home/airflow-vm/data-engineer-batch-processing-financial-services/.venv/lib/python3.10/site-packages/airflow/example_dags/example_params_ui_tutorial.py
[2024-09-03T10:59:50.044+0000] {processor.py:836} INFO - DAG(s) dict_keys(['example_params_ui_tutorial']) retrieved from /home/airflow-vm/data-engineer-batch-processing-financial-services/.venv/lib/python3.10/site-packages/airflow/example_dags/example_params_ui_tutorial.py
[2024-09-03T10:59:50.099+0000] {logging_mixin.py:149} INFO - [2024-09-03T10:59:50.099+0000] {dag.py:2726} INFO - Sync 1 DAGs
[2024-09-03T10:59:50.121+0000] {logging_mixin.py:149} INFO - [2024-09-03T10:59:50.121+0000] {dag.py:3486} INFO - Setting next_dagrun for example_params_ui_tutorial to None, run_after=None
[2024-09-03T10:59:50.167+0000] {processor.py:179} INFO - Processing /home/airflow-vm/data-engineer-batch-processing-financial-services/.venv/lib/python3.10/site-packages/airflow/example_dags/example_params_ui_tutorial.py took 0.165 seconds
[2024-09-03T11:00:35.090+0000] {processor.py:157} INFO - Started process (PID=4353) to work on /home/airflow-vm/data-engineer-batch-processing-financial-services/.venv/lib/python3.10/site-packages/airflow/example_dags/example_params_ui_tutorial.py
[2024-09-03T11:00:35.090+0000] {processor.py:826} INFO - Processing file /home/airflow-vm/data-engineer-batch-processing-financial-services/.venv/lib/python3.10/site-packages/airflow/example_dags/example_params_ui_tutorial.py for tasks to queue
[2024-09-03T11:00:35.091+0000] {logging_mixin.py:149} INFO - [2024-09-03T11:00:35.091+0000] {dagbag.py:541} INFO - Filling up the DagBag from /home/airflow-vm/data-engineer-batch-processing-financial-services/.venv/lib/python3.10/site-packages/airflow/example_dags/example_params_ui_tutorial.py
[2024-09-03T11:00:35.124+0000] {processor.py:836} INFO - DAG(s) dict_keys(['example_params_ui_tutorial']) retrieved from /home/airflow-vm/data-engineer-batch-processing-financial-services/.venv/lib/python3.10/site-packages/airflow/example_dags/example_params_ui_tutorial.py
[2024-09-03T11:00:35.176+0000] {logging_mixin.py:149} INFO - [2024-09-03T11:00:35.176+0000] {dag.py:2726} INFO - Sync 1 DAGs
[2024-09-03T11:00:35.196+0000] {logging_mixin.py:149} INFO - [2024-09-03T11:00:35.196+0000] {dag.py:3486} INFO - Setting next_dagrun for example_params_ui_tutorial to None, run_after=None
[2024-09-03T11:00:35.224+0000] {processor.py:179} INFO - Processing /home/airflow-vm/data-engineer-batch-processing-financial-services/.venv/lib/python3.10/site-packages/airflow/example_dags/example_params_ui_tutorial.py took 0.137 seconds
[2024-09-03T11:01:22.612+0000] {processor.py:157} INFO - Started process (PID=4686) to work on /home/airflow-vm/data-engineer-batch-processing-financial-services/.venv/lib/python3.10/site-packages/airflow/example_dags/example_params_ui_tutorial.py
[2024-09-03T11:01:22.613+0000] {processor.py:826} INFO - Processing file /home/airflow-vm/data-engineer-batch-processing-financial-services/.venv/lib/python3.10/site-packages/airflow/example_dags/example_params_ui_tutorial.py for tasks to queue
[2024-09-03T11:01:22.614+0000] {logging_mixin.py:149} INFO - [2024-09-03T11:01:22.614+0000] {dagbag.py:541} INFO - Filling up the DagBag from /home/airflow-vm/data-engineer-batch-processing-financial-services/.venv/lib/python3.10/site-packages/airflow/example_dags/example_params_ui_tutorial.py
[2024-09-03T11:01:22.647+0000] {processor.py:836} INFO - DAG(s) dict_keys(['example_params_ui_tutorial']) retrieved from /home/airflow-vm/data-engineer-batch-processing-financial-services/.venv/lib/python3.10/site-packages/airflow/example_dags/example_params_ui_tutorial.py
[2024-09-03T11:01:22.704+0000] {logging_mixin.py:149} INFO - [2024-09-03T11:01:22.704+0000] {dag.py:2726} INFO - Sync 1 DAGs
[2024-09-03T11:01:22.723+0000] {logging_mixin.py:149} INFO - [2024-09-03T11:01:22.723+0000] {dag.py:3486} INFO - Setting next_dagrun for example_params_ui_tutorial to None, run_after=None
[2024-09-03T11:01:22.751+0000] {processor.py:179} INFO - Processing /home/airflow-vm/data-engineer-batch-processing-financial-services/.venv/lib/python3.10/site-packages/airflow/example_dags/example_params_ui_tutorial.py took 0.142 seconds
[2024-09-03T11:02:08.916+0000] {processor.py:157} INFO - Started process (PID=4799) to work on /home/airflow-vm/data-engineer-batch-processing-financial-services/.venv/lib/python3.10/site-packages/airflow/example_dags/example_params_ui_tutorial.py
[2024-09-03T11:02:08.917+0000] {processor.py:826} INFO - Processing file /home/airflow-vm/data-engineer-batch-processing-financial-services/.venv/lib/python3.10/site-packages/airflow/example_dags/example_params_ui_tutorial.py for tasks to queue
[2024-09-03T11:02:08.917+0000] {logging_mixin.py:149} INFO - [2024-09-03T11:02:08.917+0000] {dagbag.py:541} INFO - Filling up the DagBag from /home/airflow-vm/data-engineer-batch-processing-financial-services/.venv/lib/python3.10/site-packages/airflow/example_dags/example_params_ui_tutorial.py
[2024-09-03T11:02:08.950+0000] {processor.py:836} INFO - DAG(s) dict_keys(['example_params_ui_tutorial']) retrieved from /home/airflow-vm/data-engineer-batch-processing-financial-services/.venv/lib/python3.10/site-packages/airflow/example_dags/example_params_ui_tutorial.py
[2024-09-03T11:02:09.004+0000] {logging_mixin.py:149} INFO - [2024-09-03T11:02:09.003+0000] {dag.py:2726} INFO - Sync 1 DAGs
[2024-09-03T11:02:09.023+0000] {logging_mixin.py:149} INFO - [2024-09-03T11:02:09.023+0000] {dag.py:3486} INFO - Setting next_dagrun for example_params_ui_tutorial to None, run_after=None
[2024-09-03T11:02:09.051+0000] {processor.py:179} INFO - Processing /home/airflow-vm/data-engineer-batch-processing-financial-services/.venv/lib/python3.10/site-packages/airflow/example_dags/example_params_ui_tutorial.py took 0.137 seconds
[2024-09-03T11:02:56.138+0000] {processor.py:157} INFO - Started process (PID=4987) to work on /home/airflow-vm/data-engineer-batch-processing-financial-services/.venv/lib/python3.10/site-packages/airflow/example_dags/example_params_ui_tutorial.py
[2024-09-03T11:02:56.139+0000] {processor.py:826} INFO - Processing file /home/airflow-vm/data-engineer-batch-processing-financial-services/.venv/lib/python3.10/site-packages/airflow/example_dags/example_params_ui_tutorial.py for tasks to queue
[2024-09-03T11:02:56.140+0000] {logging_mixin.py:149} INFO - [2024-09-03T11:02:56.140+0000] {dagbag.py:541} INFO - Filling up the DagBag from /home/airflow-vm/data-engineer-batch-processing-financial-services/.venv/lib/python3.10/site-packages/airflow/example_dags/example_params_ui_tutorial.py
[2024-09-03T11:02:56.174+0000] {processor.py:836} INFO - DAG(s) dict_keys(['example_params_ui_tutorial']) retrieved from /home/airflow-vm/data-engineer-batch-processing-financial-services/.venv/lib/python3.10/site-packages/airflow/example_dags/example_params_ui_tutorial.py
[2024-09-03T11:02:56.227+0000] {logging_mixin.py:149} INFO - [2024-09-03T11:02:56.227+0000] {dag.py:2726} INFO - Sync 1 DAGs
[2024-09-03T11:02:56.246+0000] {logging_mixin.py:149} INFO - [2024-09-03T11:02:56.245+0000] {dag.py:3486} INFO - Setting next_dagrun for example_params_ui_tutorial to None, run_after=None
[2024-09-03T11:02:56.277+0000] {processor.py:179} INFO - Processing /home/airflow-vm/data-engineer-batch-processing-financial-services/.venv/lib/python3.10/site-packages/airflow/example_dags/example_params_ui_tutorial.py took 0.141 seconds
[2024-09-03T11:05:11.102+0000] {processor.py:157} INFO - Started process (PID=6362) to work on /home/airflow-vm/data-engineer-batch-processing-financial-services/.venv/lib/python3.10/site-packages/airflow/example_dags/example_params_ui_tutorial.py
[2024-09-03T11:05:11.103+0000] {processor.py:826} INFO - Processing file /home/airflow-vm/data-engineer-batch-processing-financial-services/.venv/lib/python3.10/site-packages/airflow/example_dags/example_params_ui_tutorial.py for tasks to queue
[2024-09-03T11:05:11.104+0000] {logging_mixin.py:149} INFO - [2024-09-03T11:05:11.103+0000] {dagbag.py:541} INFO - Filling up the DagBag from /home/airflow-vm/data-engineer-batch-processing-financial-services/.venv/lib/python3.10/site-packages/airflow/example_dags/example_params_ui_tutorial.py
[2024-09-03T11:05:11.136+0000] {processor.py:836} INFO - DAG(s) dict_keys(['example_params_ui_tutorial']) retrieved from /home/airflow-vm/data-engineer-batch-processing-financial-services/.venv/lib/python3.10/site-packages/airflow/example_dags/example_params_ui_tutorial.py
[2024-09-03T11:05:11.189+0000] {logging_mixin.py:149} INFO - [2024-09-03T11:05:11.189+0000] {dag.py:2726} INFO - Sync 1 DAGs
[2024-09-03T11:05:11.208+0000] {logging_mixin.py:149} INFO - [2024-09-03T11:05:11.207+0000] {dag.py:3486} INFO - Setting next_dagrun for example_params_ui_tutorial to None, run_after=None
[2024-09-03T11:05:11.239+0000] {processor.py:179} INFO - Processing /home/airflow-vm/data-engineer-batch-processing-financial-services/.venv/lib/python3.10/site-packages/airflow/example_dags/example_params_ui_tutorial.py took 0.139 seconds
[2024-09-03T11:07:36.179+0000] {processor.py:157} INFO - Started process (PID=7390) to work on /home/airflow-vm/data-engineer-batch-processing-financial-services/.venv/lib/python3.10/site-packages/airflow/example_dags/example_params_ui_tutorial.py
[2024-09-03T11:07:36.180+0000] {processor.py:826} INFO - Processing file /home/airflow-vm/data-engineer-batch-processing-financial-services/.venv/lib/python3.10/site-packages/airflow/example_dags/example_params_ui_tutorial.py for tasks to queue
[2024-09-03T11:07:36.181+0000] {logging_mixin.py:149} INFO - [2024-09-03T11:07:36.181+0000] {dagbag.py:541} INFO - Filling up the DagBag from /home/airflow-vm/data-engineer-batch-processing-financial-services/.venv/lib/python3.10/site-packages/airflow/example_dags/example_params_ui_tutorial.py
[2024-09-03T11:07:36.215+0000] {processor.py:836} INFO - DAG(s) dict_keys(['example_params_ui_tutorial']) retrieved from /home/airflow-vm/data-engineer-batch-processing-financial-services/.venv/lib/python3.10/site-packages/airflow/example_dags/example_params_ui_tutorial.py
[2024-09-03T11:07:36.269+0000] {logging_mixin.py:149} INFO - [2024-09-03T11:07:36.269+0000] {dag.py:2726} INFO - Sync 1 DAGs
[2024-09-03T11:07:36.290+0000] {logging_mixin.py:149} INFO - [2024-09-03T11:07:36.290+0000] {dag.py:3486} INFO - Setting next_dagrun for example_params_ui_tutorial to None, run_after=None
[2024-09-03T11:07:36.318+0000] {processor.py:179} INFO - Processing /home/airflow-vm/data-engineer-batch-processing-financial-services/.venv/lib/python3.10/site-packages/airflow/example_dags/example_params_ui_tutorial.py took 0.141 seconds
[2024-09-03T11:09:38.435+0000] {processor.py:157} INFO - Started process (PID=8236) to work on /home/airflow-vm/data-engineer-batch-processing-financial-services/.venv/lib/python3.10/site-packages/airflow/example_dags/example_params_ui_tutorial.py
[2024-09-03T11:09:38.436+0000] {processor.py:826} INFO - Processing file /home/airflow-vm/data-engineer-batch-processing-financial-services/.venv/lib/python3.10/site-packages/airflow/example_dags/example_params_ui_tutorial.py for tasks to queue
[2024-09-03T11:09:38.437+0000] {logging_mixin.py:149} INFO - [2024-09-03T11:09:38.436+0000] {dagbag.py:541} INFO - Filling up the DagBag from /home/airflow-vm/data-engineer-batch-processing-financial-services/.venv/lib/python3.10/site-packages/airflow/example_dags/example_params_ui_tutorial.py
[2024-09-03T11:09:38.473+0000] {processor.py:836} INFO - DAG(s) dict_keys(['example_params_ui_tutorial']) retrieved from /home/airflow-vm/data-engineer-batch-processing-financial-services/.venv/lib/python3.10/site-packages/airflow/example_dags/example_params_ui_tutorial.py
[2024-09-03T11:09:38.528+0000] {logging_mixin.py:149} INFO - [2024-09-03T11:09:38.528+0000] {dag.py:2726} INFO - Sync 1 DAGs
[2024-09-03T11:09:38.549+0000] {logging_mixin.py:149} INFO - [2024-09-03T11:09:38.549+0000] {dag.py:3486} INFO - Setting next_dagrun for example_params_ui_tutorial to None, run_after=None
[2024-09-03T11:09:38.585+0000] {processor.py:179} INFO - Processing /home/airflow-vm/data-engineer-batch-processing-financial-services/.venv/lib/python3.10/site-packages/airflow/example_dags/example_params_ui_tutorial.py took 0.153 seconds
[2024-09-03T11:11:44.527+0000] {processor.py:157} INFO - Started process (PID=9110) to work on /home/airflow-vm/data-engineer-batch-processing-financial-services/.venv/lib/python3.10/site-packages/airflow/example_dags/example_params_ui_tutorial.py
[2024-09-03T11:11:44.528+0000] {processor.py:826} INFO - Processing file /home/airflow-vm/data-engineer-batch-processing-financial-services/.venv/lib/python3.10/site-packages/airflow/example_dags/example_params_ui_tutorial.py for tasks to queue
[2024-09-03T11:11:44.529+0000] {logging_mixin.py:149} INFO - [2024-09-03T11:11:44.529+0000] {dagbag.py:541} INFO - Filling up the DagBag from /home/airflow-vm/data-engineer-batch-processing-financial-services/.venv/lib/python3.10/site-packages/airflow/example_dags/example_params_ui_tutorial.py
[2024-09-03T11:11:44.563+0000] {processor.py:836} INFO - DAG(s) dict_keys(['example_params_ui_tutorial']) retrieved from /home/airflow-vm/data-engineer-batch-processing-financial-services/.venv/lib/python3.10/site-packages/airflow/example_dags/example_params_ui_tutorial.py
[2024-09-03T11:11:44.617+0000] {logging_mixin.py:149} INFO - [2024-09-03T11:11:44.616+0000] {dag.py:2726} INFO - Sync 1 DAGs
[2024-09-03T11:11:44.637+0000] {logging_mixin.py:149} INFO - [2024-09-03T11:11:44.637+0000] {dag.py:3486} INFO - Setting next_dagrun for example_params_ui_tutorial to None, run_after=None
[2024-09-03T11:11:44.681+0000] {processor.py:179} INFO - Processing /home/airflow-vm/data-engineer-batch-processing-financial-services/.venv/lib/python3.10/site-packages/airflow/example_dags/example_params_ui_tutorial.py took 0.157 seconds
[2024-09-03T11:13:51.924+0000] {processor.py:157} INFO - Started process (PID=10002) to work on /home/airflow-vm/data-engineer-batch-processing-financial-services/.venv/lib/python3.10/site-packages/airflow/example_dags/example_params_ui_tutorial.py
[2024-09-03T11:13:51.924+0000] {processor.py:826} INFO - Processing file /home/airflow-vm/data-engineer-batch-processing-financial-services/.venv/lib/python3.10/site-packages/airflow/example_dags/example_params_ui_tutorial.py for tasks to queue
[2024-09-03T11:13:51.925+0000] {logging_mixin.py:149} INFO - [2024-09-03T11:13:51.925+0000] {dagbag.py:541} INFO - Filling up the DagBag from /home/airflow-vm/data-engineer-batch-processing-financial-services/.venv/lib/python3.10/site-packages/airflow/example_dags/example_params_ui_tutorial.py
[2024-09-03T11:13:51.959+0000] {processor.py:836} INFO - DAG(s) dict_keys(['example_params_ui_tutorial']) retrieved from /home/airflow-vm/data-engineer-batch-processing-financial-services/.venv/lib/python3.10/site-packages/airflow/example_dags/example_params_ui_tutorial.py
[2024-09-03T11:13:52.013+0000] {logging_mixin.py:149} INFO - [2024-09-03T11:13:52.012+0000] {dag.py:2726} INFO - Sync 1 DAGs
[2024-09-03T11:13:52.031+0000] {logging_mixin.py:149} INFO - [2024-09-03T11:13:52.031+0000] {dag.py:3486} INFO - Setting next_dagrun for example_params_ui_tutorial to None, run_after=None
[2024-09-03T11:13:52.064+0000] {processor.py:179} INFO - Processing /home/airflow-vm/data-engineer-batch-processing-financial-services/.venv/lib/python3.10/site-packages/airflow/example_dags/example_params_ui_tutorial.py took 0.143 seconds
[2024-09-03T11:15:59.069+0000] {processor.py:157} INFO - Started process (PID=11176) to work on /home/airflow-vm/data-engineer-batch-processing-financial-services/.venv/lib/python3.10/site-packages/airflow/example_dags/example_params_ui_tutorial.py
[2024-09-03T11:15:59.070+0000] {processor.py:826} INFO - Processing file /home/airflow-vm/data-engineer-batch-processing-financial-services/.venv/lib/python3.10/site-packages/airflow/example_dags/example_params_ui_tutorial.py for tasks to queue
[2024-09-03T11:15:59.070+0000] {logging_mixin.py:149} INFO - [2024-09-03T11:15:59.070+0000] {dagbag.py:541} INFO - Filling up the DagBag from /home/airflow-vm/data-engineer-batch-processing-financial-services/.venv/lib/python3.10/site-packages/airflow/example_dags/example_params_ui_tutorial.py
[2024-09-03T11:15:59.104+0000] {processor.py:836} INFO - DAG(s) dict_keys(['example_params_ui_tutorial']) retrieved from /home/airflow-vm/data-engineer-batch-processing-financial-services/.venv/lib/python3.10/site-packages/airflow/example_dags/example_params_ui_tutorial.py
[2024-09-03T11:15:59.157+0000] {logging_mixin.py:149} INFO - [2024-09-03T11:15:59.156+0000] {dag.py:2726} INFO - Sync 1 DAGs
[2024-09-03T11:15:59.178+0000] {logging_mixin.py:149} INFO - [2024-09-03T11:15:59.177+0000] {dag.py:3486} INFO - Setting next_dagrun for example_params_ui_tutorial to None, run_after=None
[2024-09-03T11:15:59.208+0000] {processor.py:179} INFO - Processing /home/airflow-vm/data-engineer-batch-processing-financial-services/.venv/lib/python3.10/site-packages/airflow/example_dags/example_params_ui_tutorial.py took 0.142 seconds
[2024-09-03T11:18:28.424+0000] {processor.py:157} INFO - Started process (PID=12539) to work on /home/airflow-vm/data-engineer-batch-processing-financial-services/.venv/lib/python3.10/site-packages/airflow/example_dags/example_params_ui_tutorial.py
[2024-09-03T11:18:28.425+0000] {processor.py:826} INFO - Processing file /home/airflow-vm/data-engineer-batch-processing-financial-services/.venv/lib/python3.10/site-packages/airflow/example_dags/example_params_ui_tutorial.py for tasks to queue
[2024-09-03T11:18:28.425+0000] {logging_mixin.py:149} INFO - [2024-09-03T11:18:28.425+0000] {dagbag.py:541} INFO - Filling up the DagBag from /home/airflow-vm/data-engineer-batch-processing-financial-services/.venv/lib/python3.10/site-packages/airflow/example_dags/example_params_ui_tutorial.py
[2024-09-03T11:18:28.464+0000] {processor.py:836} INFO - DAG(s) dict_keys(['example_params_ui_tutorial']) retrieved from /home/airflow-vm/data-engineer-batch-processing-financial-services/.venv/lib/python3.10/site-packages/airflow/example_dags/example_params_ui_tutorial.py
[2024-09-03T11:18:28.537+0000] {logging_mixin.py:149} INFO - [2024-09-03T11:18:28.537+0000] {dag.py:2726} INFO - Sync 1 DAGs
[2024-09-03T11:18:28.556+0000] {logging_mixin.py:149} INFO - [2024-09-03T11:18:28.556+0000] {dag.py:3486} INFO - Setting next_dagrun for example_params_ui_tutorial to None, run_after=None
[2024-09-03T11:18:28.585+0000] {processor.py:179} INFO - Processing /home/airflow-vm/data-engineer-batch-processing-financial-services/.venv/lib/python3.10/site-packages/airflow/example_dags/example_params_ui_tutorial.py took 0.164 seconds
[2024-09-03T11:21:07.743+0000] {processor.py:157} INFO - Started process (PID=13836) to work on /home/airflow-vm/data-engineer-batch-processing-financial-services/.venv/lib/python3.10/site-packages/airflow/example_dags/example_params_ui_tutorial.py
[2024-09-03T11:21:07.744+0000] {processor.py:826} INFO - Processing file /home/airflow-vm/data-engineer-batch-processing-financial-services/.venv/lib/python3.10/site-packages/airflow/example_dags/example_params_ui_tutorial.py for tasks to queue
[2024-09-03T11:21:07.745+0000] {logging_mixin.py:149} INFO - [2024-09-03T11:21:07.745+0000] {dagbag.py:541} INFO - Filling up the DagBag from /home/airflow-vm/data-engineer-batch-processing-financial-services/.venv/lib/python3.10/site-packages/airflow/example_dags/example_params_ui_tutorial.py
[2024-09-03T11:21:07.779+0000] {processor.py:836} INFO - DAG(s) dict_keys(['example_params_ui_tutorial']) retrieved from /home/airflow-vm/data-engineer-batch-processing-financial-services/.venv/lib/python3.10/site-packages/airflow/example_dags/example_params_ui_tutorial.py
[2024-09-03T11:21:07.834+0000] {logging_mixin.py:149} INFO - [2024-09-03T11:21:07.834+0000] {dag.py:2726} INFO - Sync 1 DAGs
[2024-09-03T11:21:07.854+0000] {logging_mixin.py:149} INFO - [2024-09-03T11:21:07.854+0000] {dag.py:3486} INFO - Setting next_dagrun for example_params_ui_tutorial to None, run_after=None
[2024-09-03T11:21:07.882+0000] {processor.py:179} INFO - Processing /home/airflow-vm/data-engineer-batch-processing-financial-services/.venv/lib/python3.10/site-packages/airflow/example_dags/example_params_ui_tutorial.py took 0.141 seconds
[2024-09-03T11:24:09.141+0000] {processor.py:157} INFO - Started process (PID=15302) to work on /home/airflow-vm/data-engineer-batch-processing-financial-services/.venv/lib/python3.10/site-packages/airflow/example_dags/example_params_ui_tutorial.py
[2024-09-03T11:24:09.142+0000] {processor.py:826} INFO - Processing file /home/airflow-vm/data-engineer-batch-processing-financial-services/.venv/lib/python3.10/site-packages/airflow/example_dags/example_params_ui_tutorial.py for tasks to queue
[2024-09-03T11:24:09.143+0000] {logging_mixin.py:149} INFO - [2024-09-03T11:24:09.143+0000] {dagbag.py:541} INFO - Filling up the DagBag from /home/airflow-vm/data-engineer-batch-processing-financial-services/.venv/lib/python3.10/site-packages/airflow/example_dags/example_params_ui_tutorial.py
[2024-09-03T11:24:09.177+0000] {processor.py:836} INFO - DAG(s) dict_keys(['example_params_ui_tutorial']) retrieved from /home/airflow-vm/data-engineer-batch-processing-financial-services/.venv/lib/python3.10/site-packages/airflow/example_dags/example_params_ui_tutorial.py
[2024-09-03T11:24:09.231+0000] {logging_mixin.py:149} INFO - [2024-09-03T11:24:09.231+0000] {dag.py:2726} INFO - Sync 1 DAGs
[2024-09-03T11:24:09.252+0000] {logging_mixin.py:149} INFO - [2024-09-03T11:24:09.251+0000] {dag.py:3486} INFO - Setting next_dagrun for example_params_ui_tutorial to None, run_after=None
[2024-09-03T11:24:09.287+0000] {processor.py:179} INFO - Processing /home/airflow-vm/data-engineer-batch-processing-financial-services/.venv/lib/python3.10/site-packages/airflow/example_dags/example_params_ui_tutorial.py took 0.148 seconds
[2024-09-03T11:26:50.407+0000] {processor.py:157} INFO - Started process (PID=16415) to work on /home/airflow-vm/data-engineer-batch-processing-financial-services/.venv/lib/python3.10/site-packages/airflow/example_dags/example_params_ui_tutorial.py
[2024-09-03T11:26:50.408+0000] {processor.py:826} INFO - Processing file /home/airflow-vm/data-engineer-batch-processing-financial-services/.venv/lib/python3.10/site-packages/airflow/example_dags/example_params_ui_tutorial.py for tasks to queue
[2024-09-03T11:26:50.409+0000] {logging_mixin.py:149} INFO - [2024-09-03T11:26:50.408+0000] {dagbag.py:541} INFO - Filling up the DagBag from /home/airflow-vm/data-engineer-batch-processing-financial-services/.venv/lib/python3.10/site-packages/airflow/example_dags/example_params_ui_tutorial.py
[2024-09-03T11:26:50.443+0000] {processor.py:836} INFO - DAG(s) dict_keys(['example_params_ui_tutorial']) retrieved from /home/airflow-vm/data-engineer-batch-processing-financial-services/.venv/lib/python3.10/site-packages/airflow/example_dags/example_params_ui_tutorial.py
[2024-09-03T11:26:50.497+0000] {logging_mixin.py:149} INFO - [2024-09-03T11:26:50.497+0000] {dag.py:2726} INFO - Sync 1 DAGs
[2024-09-03T11:26:50.519+0000] {logging_mixin.py:149} INFO - [2024-09-03T11:26:50.518+0000] {dag.py:3486} INFO - Setting next_dagrun for example_params_ui_tutorial to None, run_after=None
[2024-09-03T11:26:50.547+0000] {processor.py:179} INFO - Processing /home/airflow-vm/data-engineer-batch-processing-financial-services/.venv/lib/python3.10/site-packages/airflow/example_dags/example_params_ui_tutorial.py took 0.143 seconds
[2024-09-03T11:30:07.908+0000] {processor.py:157} INFO - Started process (PID=18129) to work on /home/airflow-vm/data-engineer-batch-processing-financial-services/.venv/lib/python3.10/site-packages/airflow/example_dags/example_params_ui_tutorial.py
[2024-09-03T11:30:07.909+0000] {processor.py:826} INFO - Processing file /home/airflow-vm/data-engineer-batch-processing-financial-services/.venv/lib/python3.10/site-packages/airflow/example_dags/example_params_ui_tutorial.py for tasks to queue
[2024-09-03T11:30:07.910+0000] {logging_mixin.py:149} INFO - [2024-09-03T11:30:07.910+0000] {dagbag.py:541} INFO - Filling up the DagBag from /home/airflow-vm/data-engineer-batch-processing-financial-services/.venv/lib/python3.10/site-packages/airflow/example_dags/example_params_ui_tutorial.py
[2024-09-03T11:30:07.944+0000] {processor.py:836} INFO - DAG(s) dict_keys(['example_params_ui_tutorial']) retrieved from /home/airflow-vm/data-engineer-batch-processing-financial-services/.venv/lib/python3.10/site-packages/airflow/example_dags/example_params_ui_tutorial.py
[2024-09-03T11:30:07.999+0000] {logging_mixin.py:149} INFO - [2024-09-03T11:30:07.999+0000] {dag.py:2726} INFO - Sync 1 DAGs
[2024-09-03T11:30:08.019+0000] {logging_mixin.py:149} INFO - [2024-09-03T11:30:08.019+0000] {dag.py:3486} INFO - Setting next_dagrun for example_params_ui_tutorial to None, run_after=None
[2024-09-03T11:30:08.050+0000] {processor.py:179} INFO - Processing /home/airflow-vm/data-engineer-batch-processing-financial-services/.venv/lib/python3.10/site-packages/airflow/example_dags/example_params_ui_tutorial.py took 0.145 seconds
[2024-09-03T11:34:26.999+0000] {processor.py:157} INFO - Started process (PID=20632) to work on /home/airflow-vm/data-engineer-batch-processing-financial-services/.venv/lib/python3.10/site-packages/airflow/example_dags/example_params_ui_tutorial.py
[2024-09-03T11:34:27.000+0000] {processor.py:826} INFO - Processing file /home/airflow-vm/data-engineer-batch-processing-financial-services/.venv/lib/python3.10/site-packages/airflow/example_dags/example_params_ui_tutorial.py for tasks to queue
[2024-09-03T11:34:27.000+0000] {logging_mixin.py:149} INFO - [2024-09-03T11:34:27.000+0000] {dagbag.py:541} INFO - Filling up the DagBag from /home/airflow-vm/data-engineer-batch-processing-financial-services/.venv/lib/python3.10/site-packages/airflow/example_dags/example_params_ui_tutorial.py
[2024-09-03T11:34:27.035+0000] {processor.py:836} INFO - DAG(s) dict_keys(['example_params_ui_tutorial']) retrieved from /home/airflow-vm/data-engineer-batch-processing-financial-services/.venv/lib/python3.10/site-packages/airflow/example_dags/example_params_ui_tutorial.py
[2024-09-03T11:34:27.089+0000] {logging_mixin.py:149} INFO - [2024-09-03T11:34:27.089+0000] {dag.py:2726} INFO - Sync 1 DAGs
[2024-09-03T11:34:27.111+0000] {logging_mixin.py:149} INFO - [2024-09-03T11:34:27.111+0000] {dag.py:3486} INFO - Setting next_dagrun for example_params_ui_tutorial to None, run_after=None
[2024-09-03T11:34:27.141+0000] {processor.py:179} INFO - Processing /home/airflow-vm/data-engineer-batch-processing-financial-services/.venv/lib/python3.10/site-packages/airflow/example_dags/example_params_ui_tutorial.py took 0.145 seconds
[2024-09-03T11:37:18.011+0000] {processor.py:157} INFO - Started process (PID=22562) to work on /home/airflow-vm/data-engineer-batch-processing-financial-services/.venv/lib/python3.10/site-packages/airflow/example_dags/example_params_ui_tutorial.py
[2024-09-03T11:37:18.012+0000] {processor.py:826} INFO - Processing file /home/airflow-vm/data-engineer-batch-processing-financial-services/.venv/lib/python3.10/site-packages/airflow/example_dags/example_params_ui_tutorial.py for tasks to queue
[2024-09-03T11:37:18.013+0000] {logging_mixin.py:149} INFO - [2024-09-03T11:37:18.012+0000] {dagbag.py:541} INFO - Filling up the DagBag from /home/airflow-vm/data-engineer-batch-processing-financial-services/.venv/lib/python3.10/site-packages/airflow/example_dags/example_params_ui_tutorial.py
[2024-09-03T11:37:18.048+0000] {processor.py:836} INFO - DAG(s) dict_keys(['example_params_ui_tutorial']) retrieved from /home/airflow-vm/data-engineer-batch-processing-financial-services/.venv/lib/python3.10/site-packages/airflow/example_dags/example_params_ui_tutorial.py
[2024-09-03T11:37:18.109+0000] {logging_mixin.py:149} INFO - [2024-09-03T11:37:18.109+0000] {dag.py:2726} INFO - Sync 1 DAGs
[2024-09-03T11:37:18.130+0000] {logging_mixin.py:149} INFO - [2024-09-03T11:37:18.129+0000] {dag.py:3486} INFO - Setting next_dagrun for example_params_ui_tutorial to None, run_after=None
[2024-09-03T11:37:18.160+0000] {processor.py:179} INFO - Processing /home/airflow-vm/data-engineer-batch-processing-financial-services/.venv/lib/python3.10/site-packages/airflow/example_dags/example_params_ui_tutorial.py took 0.152 seconds
[2024-09-03T11:38:06.427+0000] {processor.py:157} INFO - Started process (PID=22774) to work on /home/airflow-vm/data-engineer-batch-processing-financial-services/.venv/lib/python3.10/site-packages/airflow/example_dags/example_params_ui_tutorial.py
[2024-09-03T11:38:06.428+0000] {processor.py:826} INFO - Processing file /home/airflow-vm/data-engineer-batch-processing-financial-services/.venv/lib/python3.10/site-packages/airflow/example_dags/example_params_ui_tutorial.py for tasks to queue
[2024-09-03T11:38:06.428+0000] {logging_mixin.py:149} INFO - [2024-09-03T11:38:06.428+0000] {dagbag.py:541} INFO - Filling up the DagBag from /home/airflow-vm/data-engineer-batch-processing-financial-services/.venv/lib/python3.10/site-packages/airflow/example_dags/example_params_ui_tutorial.py
[2024-09-03T11:38:06.463+0000] {processor.py:836} INFO - DAG(s) dict_keys(['example_params_ui_tutorial']) retrieved from /home/airflow-vm/data-engineer-batch-processing-financial-services/.venv/lib/python3.10/site-packages/airflow/example_dags/example_params_ui_tutorial.py
[2024-09-03T11:38:06.518+0000] {logging_mixin.py:149} INFO - [2024-09-03T11:38:06.518+0000] {dag.py:2726} INFO - Sync 1 DAGs
[2024-09-03T11:38:06.539+0000] {logging_mixin.py:149} INFO - [2024-09-03T11:38:06.539+0000] {dag.py:3486} INFO - Setting next_dagrun for example_params_ui_tutorial to None, run_after=None
[2024-09-03T11:38:06.571+0000] {processor.py:179} INFO - Processing /home/airflow-vm/data-engineer-batch-processing-financial-services/.venv/lib/python3.10/site-packages/airflow/example_dags/example_params_ui_tutorial.py took 0.147 seconds
[2024-09-03T11:38:55.859+0000] {processor.py:157} INFO - Started process (PID=23001) to work on /home/airflow-vm/data-engineer-batch-processing-financial-services/.venv/lib/python3.10/site-packages/airflow/example_dags/example_params_ui_tutorial.py
[2024-09-03T11:38:55.860+0000] {processor.py:826} INFO - Processing file /home/airflow-vm/data-engineer-batch-processing-financial-services/.venv/lib/python3.10/site-packages/airflow/example_dags/example_params_ui_tutorial.py for tasks to queue
[2024-09-03T11:38:55.861+0000] {logging_mixin.py:149} INFO - [2024-09-03T11:38:55.860+0000] {dagbag.py:541} INFO - Filling up the DagBag from /home/airflow-vm/data-engineer-batch-processing-financial-services/.venv/lib/python3.10/site-packages/airflow/example_dags/example_params_ui_tutorial.py
[2024-09-03T11:38:55.898+0000] {processor.py:836} INFO - DAG(s) dict_keys(['example_params_ui_tutorial']) retrieved from /home/airflow-vm/data-engineer-batch-processing-financial-services/.venv/lib/python3.10/site-packages/airflow/example_dags/example_params_ui_tutorial.py
[2024-09-03T11:38:55.958+0000] {logging_mixin.py:149} INFO - [2024-09-03T11:38:55.957+0000] {dag.py:2726} INFO - Sync 1 DAGs
[2024-09-03T11:38:56.057+0000] {logging_mixin.py:149} INFO - [2024-09-03T11:38:56.057+0000] {dag.py:3486} INFO - Setting next_dagrun for example_params_ui_tutorial to None, run_after=None
[2024-09-03T11:38:56.099+0000] {processor.py:179} INFO - Processing /home/airflow-vm/data-engineer-batch-processing-financial-services/.venv/lib/python3.10/site-packages/airflow/example_dags/example_params_ui_tutorial.py took 0.243 seconds
[2024-09-03T11:39:41.352+0000] {processor.py:157} INFO - Started process (PID=23227) to work on /home/airflow-vm/data-engineer-batch-processing-financial-services/.venv/lib/python3.10/site-packages/airflow/example_dags/example_params_ui_tutorial.py
[2024-09-03T11:39:41.353+0000] {processor.py:826} INFO - Processing file /home/airflow-vm/data-engineer-batch-processing-financial-services/.venv/lib/python3.10/site-packages/airflow/example_dags/example_params_ui_tutorial.py for tasks to queue
[2024-09-03T11:39:41.354+0000] {logging_mixin.py:149} INFO - [2024-09-03T11:39:41.354+0000] {dagbag.py:541} INFO - Filling up the DagBag from /home/airflow-vm/data-engineer-batch-processing-financial-services/.venv/lib/python3.10/site-packages/airflow/example_dags/example_params_ui_tutorial.py
[2024-09-03T11:39:41.391+0000] {processor.py:836} INFO - DAG(s) dict_keys(['example_params_ui_tutorial']) retrieved from /home/airflow-vm/data-engineer-batch-processing-financial-services/.venv/lib/python3.10/site-packages/airflow/example_dags/example_params_ui_tutorial.py
[2024-09-03T11:39:41.460+0000] {logging_mixin.py:149} INFO - [2024-09-03T11:39:41.460+0000] {dag.py:2726} INFO - Sync 1 DAGs
[2024-09-03T11:39:41.492+0000] {logging_mixin.py:149} INFO - [2024-09-03T11:39:41.492+0000] {dag.py:3486} INFO - Setting next_dagrun for example_params_ui_tutorial to None, run_after=None
[2024-09-03T11:39:41.526+0000] {processor.py:179} INFO - Processing /home/airflow-vm/data-engineer-batch-processing-financial-services/.venv/lib/python3.10/site-packages/airflow/example_dags/example_params_ui_tutorial.py took 0.177 seconds
[2024-09-03T11:44:00.685+0000] {processor.py:157} INFO - Started process (PID=25928) to work on /home/airflow-vm/data-engineer-batch-processing-financial-services/.venv/lib/python3.10/site-packages/airflow/example_dags/example_params_ui_tutorial.py
[2024-09-03T11:44:00.686+0000] {processor.py:826} INFO - Processing file /home/airflow-vm/data-engineer-batch-processing-financial-services/.venv/lib/python3.10/site-packages/airflow/example_dags/example_params_ui_tutorial.py for tasks to queue
[2024-09-03T11:44:00.686+0000] {logging_mixin.py:149} INFO - [2024-09-03T11:44:00.686+0000] {dagbag.py:541} INFO - Filling up the DagBag from /home/airflow-vm/data-engineer-batch-processing-financial-services/.venv/lib/python3.10/site-packages/airflow/example_dags/example_params_ui_tutorial.py
[2024-09-03T11:44:00.720+0000] {processor.py:836} INFO - DAG(s) dict_keys(['example_params_ui_tutorial']) retrieved from /home/airflow-vm/data-engineer-batch-processing-financial-services/.venv/lib/python3.10/site-packages/airflow/example_dags/example_params_ui_tutorial.py
[2024-09-03T11:44:00.774+0000] {logging_mixin.py:149} INFO - [2024-09-03T11:44:00.774+0000] {dag.py:2726} INFO - Sync 1 DAGs
[2024-09-03T11:44:00.793+0000] {logging_mixin.py:149} INFO - [2024-09-03T11:44:00.793+0000] {dag.py:3486} INFO - Setting next_dagrun for example_params_ui_tutorial to None, run_after=None
[2024-09-03T11:44:00.821+0000] {processor.py:179} INFO - Processing /home/airflow-vm/data-engineer-batch-processing-financial-services/.venv/lib/python3.10/site-packages/airflow/example_dags/example_params_ui_tutorial.py took 0.139 seconds
[2024-09-03T11:47:59.336+0000] {processor.py:157} INFO - Started process (PID=27943) to work on /home/airflow-vm/data-engineer-batch-processing-financial-services/.venv/lib/python3.10/site-packages/airflow/example_dags/example_params_ui_tutorial.py
[2024-09-03T11:47:59.336+0000] {processor.py:826} INFO - Processing file /home/airflow-vm/data-engineer-batch-processing-financial-services/.venv/lib/python3.10/site-packages/airflow/example_dags/example_params_ui_tutorial.py for tasks to queue
[2024-09-03T11:47:59.337+0000] {logging_mixin.py:149} INFO - [2024-09-03T11:47:59.337+0000] {dagbag.py:541} INFO - Filling up the DagBag from /home/airflow-vm/data-engineer-batch-processing-financial-services/.venv/lib/python3.10/site-packages/airflow/example_dags/example_params_ui_tutorial.py
[2024-09-03T11:47:59.371+0000] {processor.py:836} INFO - DAG(s) dict_keys(['example_params_ui_tutorial']) retrieved from /home/airflow-vm/data-engineer-batch-processing-financial-services/.venv/lib/python3.10/site-packages/airflow/example_dags/example_params_ui_tutorial.py
[2024-09-03T11:47:59.425+0000] {logging_mixin.py:149} INFO - [2024-09-03T11:47:59.425+0000] {dag.py:2726} INFO - Sync 1 DAGs
[2024-09-03T11:47:59.444+0000] {logging_mixin.py:149} INFO - [2024-09-03T11:47:59.444+0000] {dag.py:3486} INFO - Setting next_dagrun for example_params_ui_tutorial to None, run_after=None
[2024-09-03T11:47:59.474+0000] {processor.py:179} INFO - Processing /home/airflow-vm/data-engineer-batch-processing-financial-services/.venv/lib/python3.10/site-packages/airflow/example_dags/example_params_ui_tutorial.py took 0.141 seconds
[2024-09-03T11:50:22.206+0000] {processor.py:157} INFO - Started process (PID=29654) to work on /home/airflow-vm/data-engineer-batch-processing-financial-services/.venv/lib/python3.10/site-packages/airflow/example_dags/example_params_ui_tutorial.py
[2024-09-03T11:50:22.207+0000] {processor.py:826} INFO - Processing file /home/airflow-vm/data-engineer-batch-processing-financial-services/.venv/lib/python3.10/site-packages/airflow/example_dags/example_params_ui_tutorial.py for tasks to queue
[2024-09-03T11:50:22.207+0000] {logging_mixin.py:149} INFO - [2024-09-03T11:50:22.207+0000] {dagbag.py:541} INFO - Filling up the DagBag from /home/airflow-vm/data-engineer-batch-processing-financial-services/.venv/lib/python3.10/site-packages/airflow/example_dags/example_params_ui_tutorial.py
[2024-09-03T11:50:22.240+0000] {processor.py:836} INFO - DAG(s) dict_keys(['example_params_ui_tutorial']) retrieved from /home/airflow-vm/data-engineer-batch-processing-financial-services/.venv/lib/python3.10/site-packages/airflow/example_dags/example_params_ui_tutorial.py
[2024-09-03T11:50:22.294+0000] {logging_mixin.py:149} INFO - [2024-09-03T11:50:22.293+0000] {dag.py:2726} INFO - Sync 1 DAGs
[2024-09-03T11:50:22.312+0000] {logging_mixin.py:149} INFO - [2024-09-03T11:50:22.312+0000] {dag.py:3486} INFO - Setting next_dagrun for example_params_ui_tutorial to None, run_after=None
[2024-09-03T11:50:22.340+0000] {processor.py:179} INFO - Processing /home/airflow-vm/data-engineer-batch-processing-financial-services/.venv/lib/python3.10/site-packages/airflow/example_dags/example_params_ui_tutorial.py took 0.136 seconds
[2024-09-03T11:51:06.306+0000] {processor.py:157} INFO - Started process (PID=29701) to work on /home/airflow-vm/data-engineer-batch-processing-financial-services/.venv/lib/python3.10/site-packages/airflow/example_dags/example_params_ui_tutorial.py
[2024-09-03T11:51:06.307+0000] {processor.py:826} INFO - Processing file /home/airflow-vm/data-engineer-batch-processing-financial-services/.venv/lib/python3.10/site-packages/airflow/example_dags/example_params_ui_tutorial.py for tasks to queue
[2024-09-03T11:51:06.307+0000] {logging_mixin.py:149} INFO - [2024-09-03T11:51:06.307+0000] {dagbag.py:541} INFO - Filling up the DagBag from /home/airflow-vm/data-engineer-batch-processing-financial-services/.venv/lib/python3.10/site-packages/airflow/example_dags/example_params_ui_tutorial.py
[2024-09-03T11:51:06.340+0000] {processor.py:836} INFO - DAG(s) dict_keys(['example_params_ui_tutorial']) retrieved from /home/airflow-vm/data-engineer-batch-processing-financial-services/.venv/lib/python3.10/site-packages/airflow/example_dags/example_params_ui_tutorial.py
[2024-09-03T11:51:06.394+0000] {logging_mixin.py:149} INFO - [2024-09-03T11:51:06.393+0000] {dag.py:2726} INFO - Sync 1 DAGs
[2024-09-03T11:51:06.413+0000] {logging_mixin.py:149} INFO - [2024-09-03T11:51:06.413+0000] {dag.py:3486} INFO - Setting next_dagrun for example_params_ui_tutorial to None, run_after=None
[2024-09-03T11:51:06.439+0000] {processor.py:179} INFO - Processing /home/airflow-vm/data-engineer-batch-processing-financial-services/.venv/lib/python3.10/site-packages/airflow/example_dags/example_params_ui_tutorial.py took 0.136 seconds
[2024-09-03T11:51:51.119+0000] {processor.py:157} INFO - Started process (PID=29750) to work on /home/airflow-vm/data-engineer-batch-processing-financial-services/.venv/lib/python3.10/site-packages/airflow/example_dags/example_params_ui_tutorial.py
[2024-09-03T11:51:51.120+0000] {processor.py:826} INFO - Processing file /home/airflow-vm/data-engineer-batch-processing-financial-services/.venv/lib/python3.10/site-packages/airflow/example_dags/example_params_ui_tutorial.py for tasks to queue
[2024-09-03T11:51:51.121+0000] {logging_mixin.py:149} INFO - [2024-09-03T11:51:51.121+0000] {dagbag.py:541} INFO - Filling up the DagBag from /home/airflow-vm/data-engineer-batch-processing-financial-services/.venv/lib/python3.10/site-packages/airflow/example_dags/example_params_ui_tutorial.py
[2024-09-03T11:51:51.153+0000] {processor.py:836} INFO - DAG(s) dict_keys(['example_params_ui_tutorial']) retrieved from /home/airflow-vm/data-engineer-batch-processing-financial-services/.venv/lib/python3.10/site-packages/airflow/example_dags/example_params_ui_tutorial.py
[2024-09-03T11:51:51.208+0000] {logging_mixin.py:149} INFO - [2024-09-03T11:51:51.208+0000] {dag.py:2726} INFO - Sync 1 DAGs
[2024-09-03T11:51:51.227+0000] {logging_mixin.py:149} INFO - [2024-09-03T11:51:51.227+0000] {dag.py:3486} INFO - Setting next_dagrun for example_params_ui_tutorial to None, run_after=None
[2024-09-03T11:51:51.255+0000] {processor.py:179} INFO - Processing /home/airflow-vm/data-engineer-batch-processing-financial-services/.venv/lib/python3.10/site-packages/airflow/example_dags/example_params_ui_tutorial.py took 0.138 seconds
[2024-09-03T11:52:36.860+0000] {processor.py:157} INFO - Started process (PID=29797) to work on /home/airflow-vm/data-engineer-batch-processing-financial-services/.venv/lib/python3.10/site-packages/airflow/example_dags/example_params_ui_tutorial.py
[2024-09-03T11:52:36.861+0000] {processor.py:826} INFO - Processing file /home/airflow-vm/data-engineer-batch-processing-financial-services/.venv/lib/python3.10/site-packages/airflow/example_dags/example_params_ui_tutorial.py for tasks to queue
[2024-09-03T11:52:36.861+0000] {logging_mixin.py:149} INFO - [2024-09-03T11:52:36.861+0000] {dagbag.py:541} INFO - Filling up the DagBag from /home/airflow-vm/data-engineer-batch-processing-financial-services/.venv/lib/python3.10/site-packages/airflow/example_dags/example_params_ui_tutorial.py
[2024-09-03T11:52:36.897+0000] {processor.py:836} INFO - DAG(s) dict_keys(['example_params_ui_tutorial']) retrieved from /home/airflow-vm/data-engineer-batch-processing-financial-services/.venv/lib/python3.10/site-packages/airflow/example_dags/example_params_ui_tutorial.py
[2024-09-03T11:52:36.949+0000] {logging_mixin.py:149} INFO - [2024-09-03T11:52:36.949+0000] {dag.py:2726} INFO - Sync 1 DAGs
[2024-09-03T11:52:36.970+0000] {logging_mixin.py:149} INFO - [2024-09-03T11:52:36.970+0000] {dag.py:3486} INFO - Setting next_dagrun for example_params_ui_tutorial to None, run_after=None
[2024-09-03T11:52:37.000+0000] {processor.py:179} INFO - Processing /home/airflow-vm/data-engineer-batch-processing-financial-services/.venv/lib/python3.10/site-packages/airflow/example_dags/example_params_ui_tutorial.py took 0.144 seconds
[2024-09-03T11:53:23.818+0000] {processor.py:157} INFO - Started process (PID=29873) to work on /home/airflow-vm/data-engineer-batch-processing-financial-services/.venv/lib/python3.10/site-packages/airflow/example_dags/example_params_ui_tutorial.py
[2024-09-03T11:53:23.819+0000] {processor.py:826} INFO - Processing file /home/airflow-vm/data-engineer-batch-processing-financial-services/.venv/lib/python3.10/site-packages/airflow/example_dags/example_params_ui_tutorial.py for tasks to queue
[2024-09-03T11:53:23.820+0000] {logging_mixin.py:149} INFO - [2024-09-03T11:53:23.820+0000] {dagbag.py:541} INFO - Filling up the DagBag from /home/airflow-vm/data-engineer-batch-processing-financial-services/.venv/lib/python3.10/site-packages/airflow/example_dags/example_params_ui_tutorial.py
[2024-09-03T11:53:23.854+0000] {processor.py:836} INFO - DAG(s) dict_keys(['example_params_ui_tutorial']) retrieved from /home/airflow-vm/data-engineer-batch-processing-financial-services/.venv/lib/python3.10/site-packages/airflow/example_dags/example_params_ui_tutorial.py
[2024-09-03T11:53:23.908+0000] {logging_mixin.py:149} INFO - [2024-09-03T11:53:23.907+0000] {dag.py:2726} INFO - Sync 1 DAGs
[2024-09-03T11:53:23.927+0000] {logging_mixin.py:149} INFO - [2024-09-03T11:53:23.927+0000] {dag.py:3486} INFO - Setting next_dagrun for example_params_ui_tutorial to None, run_after=None
[2024-09-03T11:53:23.959+0000] {processor.py:179} INFO - Processing /home/airflow-vm/data-engineer-batch-processing-financial-services/.venv/lib/python3.10/site-packages/airflow/example_dags/example_params_ui_tutorial.py took 0.144 seconds
[2024-09-03T11:54:11.769+0000] {processor.py:157} INFO - Started process (PID=29922) to work on /home/airflow-vm/data-engineer-batch-processing-financial-services/.venv/lib/python3.10/site-packages/airflow/example_dags/example_params_ui_tutorial.py
[2024-09-03T11:54:11.770+0000] {processor.py:826} INFO - Processing file /home/airflow-vm/data-engineer-batch-processing-financial-services/.venv/lib/python3.10/site-packages/airflow/example_dags/example_params_ui_tutorial.py for tasks to queue
[2024-09-03T11:54:11.770+0000] {logging_mixin.py:149} INFO - [2024-09-03T11:54:11.770+0000] {dagbag.py:541} INFO - Filling up the DagBag from /home/airflow-vm/data-engineer-batch-processing-financial-services/.venv/lib/python3.10/site-packages/airflow/example_dags/example_params_ui_tutorial.py
[2024-09-03T11:54:11.805+0000] {processor.py:836} INFO - DAG(s) dict_keys(['example_params_ui_tutorial']) retrieved from /home/airflow-vm/data-engineer-batch-processing-financial-services/.venv/lib/python3.10/site-packages/airflow/example_dags/example_params_ui_tutorial.py
[2024-09-03T11:54:11.861+0000] {logging_mixin.py:149} INFO - [2024-09-03T11:54:11.861+0000] {dag.py:2726} INFO - Sync 1 DAGs
[2024-09-03T11:54:11.882+0000] {logging_mixin.py:149} INFO - [2024-09-03T11:54:11.882+0000] {dag.py:3486} INFO - Setting next_dagrun for example_params_ui_tutorial to None, run_after=None
[2024-09-03T11:54:11.912+0000] {processor.py:179} INFO - Processing /home/airflow-vm/data-engineer-batch-processing-financial-services/.venv/lib/python3.10/site-packages/airflow/example_dags/example_params_ui_tutorial.py took 0.146 seconds
[2024-09-03T11:55:01.549+0000] {processor.py:157} INFO - Started process (PID=29979) to work on /home/airflow-vm/data-engineer-batch-processing-financial-services/.venv/lib/python3.10/site-packages/airflow/example_dags/example_params_ui_tutorial.py
[2024-09-03T11:55:01.550+0000] {processor.py:826} INFO - Processing file /home/airflow-vm/data-engineer-batch-processing-financial-services/.venv/lib/python3.10/site-packages/airflow/example_dags/example_params_ui_tutorial.py for tasks to queue
[2024-09-03T11:55:01.551+0000] {logging_mixin.py:149} INFO - [2024-09-03T11:55:01.551+0000] {dagbag.py:541} INFO - Filling up the DagBag from /home/airflow-vm/data-engineer-batch-processing-financial-services/.venv/lib/python3.10/site-packages/airflow/example_dags/example_params_ui_tutorial.py
[2024-09-03T11:55:01.586+0000] {processor.py:836} INFO - DAG(s) dict_keys(['example_params_ui_tutorial']) retrieved from /home/airflow-vm/data-engineer-batch-processing-financial-services/.venv/lib/python3.10/site-packages/airflow/example_dags/example_params_ui_tutorial.py
[2024-09-03T11:55:01.639+0000] {logging_mixin.py:149} INFO - [2024-09-03T11:55:01.639+0000] {dag.py:2726} INFO - Sync 1 DAGs
[2024-09-03T11:55:01.661+0000] {logging_mixin.py:149} INFO - [2024-09-03T11:55:01.661+0000] {dag.py:3486} INFO - Setting next_dagrun for example_params_ui_tutorial to None, run_after=None
[2024-09-03T11:55:01.696+0000] {processor.py:179} INFO - Processing /home/airflow-vm/data-engineer-batch-processing-financial-services/.venv/lib/python3.10/site-packages/airflow/example_dags/example_params_ui_tutorial.py took 0.149 seconds
[2024-09-03T11:55:46.223+0000] {processor.py:157} INFO - Started process (PID=30027) to work on /home/airflow-vm/data-engineer-batch-processing-financial-services/.venv/lib/python3.10/site-packages/airflow/example_dags/example_params_ui_tutorial.py
[2024-09-03T11:55:46.223+0000] {processor.py:826} INFO - Processing file /home/airflow-vm/data-engineer-batch-processing-financial-services/.venv/lib/python3.10/site-packages/airflow/example_dags/example_params_ui_tutorial.py for tasks to queue
[2024-09-03T11:55:46.224+0000] {logging_mixin.py:149} INFO - [2024-09-03T11:55:46.224+0000] {dagbag.py:541} INFO - Filling up the DagBag from /home/airflow-vm/data-engineer-batch-processing-financial-services/.venv/lib/python3.10/site-packages/airflow/example_dags/example_params_ui_tutorial.py
[2024-09-03T11:55:46.257+0000] {processor.py:836} INFO - DAG(s) dict_keys(['example_params_ui_tutorial']) retrieved from /home/airflow-vm/data-engineer-batch-processing-financial-services/.venv/lib/python3.10/site-packages/airflow/example_dags/example_params_ui_tutorial.py
[2024-09-03T11:55:46.311+0000] {logging_mixin.py:149} INFO - [2024-09-03T11:55:46.311+0000] {dag.py:2726} INFO - Sync 1 DAGs
[2024-09-03T11:55:46.329+0000] {logging_mixin.py:149} INFO - [2024-09-03T11:55:46.329+0000] {dag.py:3486} INFO - Setting next_dagrun for example_params_ui_tutorial to None, run_after=None
[2024-09-03T11:55:46.357+0000] {processor.py:179} INFO - Processing /home/airflow-vm/data-engineer-batch-processing-financial-services/.venv/lib/python3.10/site-packages/airflow/example_dags/example_params_ui_tutorial.py took 0.137 seconds
[2024-09-03T11:56:32.952+0000] {processor.py:157} INFO - Started process (PID=30077) to work on /home/airflow-vm/data-engineer-batch-processing-financial-services/.venv/lib/python3.10/site-packages/airflow/example_dags/example_params_ui_tutorial.py
[2024-09-03T11:56:32.953+0000] {processor.py:826} INFO - Processing file /home/airflow-vm/data-engineer-batch-processing-financial-services/.venv/lib/python3.10/site-packages/airflow/example_dags/example_params_ui_tutorial.py for tasks to queue
[2024-09-03T11:56:32.954+0000] {logging_mixin.py:149} INFO - [2024-09-03T11:56:32.954+0000] {dagbag.py:541} INFO - Filling up the DagBag from /home/airflow-vm/data-engineer-batch-processing-financial-services/.venv/lib/python3.10/site-packages/airflow/example_dags/example_params_ui_tutorial.py
[2024-09-03T11:56:32.990+0000] {processor.py:836} INFO - DAG(s) dict_keys(['example_params_ui_tutorial']) retrieved from /home/airflow-vm/data-engineer-batch-processing-financial-services/.venv/lib/python3.10/site-packages/airflow/example_dags/example_params_ui_tutorial.py
[2024-09-03T11:56:33.043+0000] {logging_mixin.py:149} INFO - [2024-09-03T11:56:33.042+0000] {dag.py:2726} INFO - Sync 1 DAGs
[2024-09-03T11:56:33.066+0000] {logging_mixin.py:149} INFO - [2024-09-03T11:56:33.066+0000] {dag.py:3486} INFO - Setting next_dagrun for example_params_ui_tutorial to None, run_after=None
[2024-09-03T11:56:33.097+0000] {processor.py:179} INFO - Processing /home/airflow-vm/data-engineer-batch-processing-financial-services/.venv/lib/python3.10/site-packages/airflow/example_dags/example_params_ui_tutorial.py took 0.148 seconds
