[2024-09-03T10:58:28.473+0000] {processor.py:157} INFO - Started process (PID=3589) to work on /home/airflow-vm/data-engineer-batch-processing-financial-services/.venv/lib/python3.10/site-packages/airflow/example_dags/example_nested_branch_dag.py
[2024-09-03T10:58:28.474+0000] {processor.py:826} INFO - Processing file /home/airflow-vm/data-engineer-batch-processing-financial-services/.venv/lib/python3.10/site-packages/airflow/example_dags/example_nested_branch_dag.py for tasks to queue
[2024-09-03T10:58:28.475+0000] {logging_mixin.py:149} INFO - [2024-09-03T10:58:28.475+0000] {dagbag.py:541} INFO - Filling up the DagBag from /home/airflow-vm/data-engineer-batch-processing-financial-services/.venv/lib/python3.10/site-packages/airflow/example_dags/example_nested_branch_dag.py
[2024-09-03T10:58:28.486+0000] {processor.py:836} INFO - DAG(s) dict_keys(['example_nested_branch_dag']) retrieved from /home/airflow-vm/data-engineer-batch-processing-financial-services/.venv/lib/python3.10/site-packages/airflow/example_dags/example_nested_branch_dag.py
[2024-09-03T10:58:28.505+0000] {logging_mixin.py:149} INFO - [2024-09-03T10:58:28.505+0000] {dag.py:2726} INFO - Sync 1 DAGs
[2024-09-03T10:58:28.526+0000] {logging_mixin.py:149} INFO - [2024-09-03T10:58:28.526+0000] {dag.py:3486} INFO - Setting next_dagrun for example_nested_branch_dag to 2024-09-02T00:00:00+00:00, run_after=2024-09-03T00:00:00+00:00
[2024-09-03T10:58:28.554+0000] {processor.py:179} INFO - Processing /home/airflow-vm/data-engineer-batch-processing-financial-services/.venv/lib/python3.10/site-packages/airflow/example_dags/example_nested_branch_dag.py took 0.084 seconds
[2024-09-03T10:59:18.507+0000] {processor.py:157} INFO - Started process (PID=3835) to work on /home/airflow-vm/data-engineer-batch-processing-financial-services/.venv/lib/python3.10/site-packages/airflow/example_dags/example_nested_branch_dag.py
[2024-09-03T10:59:18.508+0000] {processor.py:826} INFO - Processing file /home/airflow-vm/data-engineer-batch-processing-financial-services/.venv/lib/python3.10/site-packages/airflow/example_dags/example_nested_branch_dag.py for tasks to queue
[2024-09-03T10:59:18.508+0000] {logging_mixin.py:149} INFO - [2024-09-03T10:59:18.508+0000] {dagbag.py:541} INFO - Filling up the DagBag from /home/airflow-vm/data-engineer-batch-processing-financial-services/.venv/lib/python3.10/site-packages/airflow/example_dags/example_nested_branch_dag.py
[2024-09-03T10:59:18.517+0000] {processor.py:836} INFO - DAG(s) dict_keys(['example_nested_branch_dag']) retrieved from /home/airflow-vm/data-engineer-batch-processing-financial-services/.venv/lib/python3.10/site-packages/airflow/example_dags/example_nested_branch_dag.py
[2024-09-03T10:59:18.536+0000] {logging_mixin.py:149} INFO - [2024-09-03T10:59:18.536+0000] {dag.py:2726} INFO - Sync 1 DAGs
[2024-09-03T10:59:18.558+0000] {logging_mixin.py:149} INFO - [2024-09-03T10:59:18.557+0000] {dag.py:3486} INFO - Setting next_dagrun for example_nested_branch_dag to 2024-09-02T00:00:00+00:00, run_after=2024-09-03T00:00:00+00:00
[2024-09-03T10:59:18.587+0000] {processor.py:179} INFO - Processing /home/airflow-vm/data-engineer-batch-processing-financial-services/.venv/lib/python3.10/site-packages/airflow/example_dags/example_nested_branch_dag.py took 0.083 seconds
[2024-09-03T11:00:01.679+0000] {processor.py:157} INFO - Started process (PID=3991) to work on /home/airflow-vm/data-engineer-batch-processing-financial-services/.venv/lib/python3.10/site-packages/airflow/example_dags/example_nested_branch_dag.py
[2024-09-03T11:00:01.680+0000] {processor.py:826} INFO - Processing file /home/airflow-vm/data-engineer-batch-processing-financial-services/.venv/lib/python3.10/site-packages/airflow/example_dags/example_nested_branch_dag.py for tasks to queue
[2024-09-03T11:00:01.681+0000] {logging_mixin.py:149} INFO - [2024-09-03T11:00:01.681+0000] {dagbag.py:541} INFO - Filling up the DagBag from /home/airflow-vm/data-engineer-batch-processing-financial-services/.venv/lib/python3.10/site-packages/airflow/example_dags/example_nested_branch_dag.py
[2024-09-03T11:00:01.690+0000] {processor.py:836} INFO - DAG(s) dict_keys(['example_nested_branch_dag']) retrieved from /home/airflow-vm/data-engineer-batch-processing-financial-services/.venv/lib/python3.10/site-packages/airflow/example_dags/example_nested_branch_dag.py
[2024-09-03T11:00:01.708+0000] {logging_mixin.py:149} INFO - [2024-09-03T11:00:01.708+0000] {dag.py:2726} INFO - Sync 1 DAGs
[2024-09-03T11:00:01.728+0000] {logging_mixin.py:149} INFO - [2024-09-03T11:00:01.728+0000] {dag.py:3486} INFO - Setting next_dagrun for example_nested_branch_dag to 2024-09-02T00:00:00+00:00, run_after=2024-09-03T00:00:00+00:00
[2024-09-03T11:00:01.757+0000] {processor.py:179} INFO - Processing /home/airflow-vm/data-engineer-batch-processing-financial-services/.venv/lib/python3.10/site-packages/airflow/example_dags/example_nested_branch_dag.py took 0.080 seconds
[2024-09-03T11:00:47.018+0000] {processor.py:157} INFO - Started process (PID=4442) to work on /home/airflow-vm/data-engineer-batch-processing-financial-services/.venv/lib/python3.10/site-packages/airflow/example_dags/example_nested_branch_dag.py
[2024-09-03T11:00:47.019+0000] {processor.py:826} INFO - Processing file /home/airflow-vm/data-engineer-batch-processing-financial-services/.venv/lib/python3.10/site-packages/airflow/example_dags/example_nested_branch_dag.py for tasks to queue
[2024-09-03T11:00:47.019+0000] {logging_mixin.py:149} INFO - [2024-09-03T11:00:47.019+0000] {dagbag.py:541} INFO - Filling up the DagBag from /home/airflow-vm/data-engineer-batch-processing-financial-services/.venv/lib/python3.10/site-packages/airflow/example_dags/example_nested_branch_dag.py
[2024-09-03T11:00:47.028+0000] {processor.py:836} INFO - DAG(s) dict_keys(['example_nested_branch_dag']) retrieved from /home/airflow-vm/data-engineer-batch-processing-financial-services/.venv/lib/python3.10/site-packages/airflow/example_dags/example_nested_branch_dag.py
[2024-09-03T11:00:47.047+0000] {logging_mixin.py:149} INFO - [2024-09-03T11:00:47.046+0000] {dag.py:2726} INFO - Sync 1 DAGs
[2024-09-03T11:00:47.070+0000] {logging_mixin.py:149} INFO - [2024-09-03T11:00:47.070+0000] {dag.py:3486} INFO - Setting next_dagrun for example_nested_branch_dag to 2024-09-02T00:00:00+00:00, run_after=2024-09-03T00:00:00+00:00
[2024-09-03T11:00:47.100+0000] {processor.py:179} INFO - Processing /home/airflow-vm/data-engineer-batch-processing-financial-services/.venv/lib/python3.10/site-packages/airflow/example_dags/example_nested_branch_dag.py took 0.085 seconds
[2024-09-03T11:01:37.053+0000] {processor.py:157} INFO - Started process (PID=4759) to work on /home/airflow-vm/data-engineer-batch-processing-financial-services/.venv/lib/python3.10/site-packages/airflow/example_dags/example_nested_branch_dag.py
[2024-09-03T11:01:37.054+0000] {processor.py:826} INFO - Processing file /home/airflow-vm/data-engineer-batch-processing-financial-services/.venv/lib/python3.10/site-packages/airflow/example_dags/example_nested_branch_dag.py for tasks to queue
[2024-09-03T11:01:37.054+0000] {logging_mixin.py:149} INFO - [2024-09-03T11:01:37.054+0000] {dagbag.py:541} INFO - Filling up the DagBag from /home/airflow-vm/data-engineer-batch-processing-financial-services/.venv/lib/python3.10/site-packages/airflow/example_dags/example_nested_branch_dag.py
[2024-09-03T11:01:37.065+0000] {processor.py:836} INFO - DAG(s) dict_keys(['example_nested_branch_dag']) retrieved from /home/airflow-vm/data-engineer-batch-processing-financial-services/.venv/lib/python3.10/site-packages/airflow/example_dags/example_nested_branch_dag.py
[2024-09-03T11:01:37.085+0000] {logging_mixin.py:149} INFO - [2024-09-03T11:01:37.085+0000] {dag.py:2726} INFO - Sync 1 DAGs
[2024-09-03T11:01:37.105+0000] {logging_mixin.py:149} INFO - [2024-09-03T11:01:37.105+0000] {dag.py:3486} INFO - Setting next_dagrun for example_nested_branch_dag to 2024-09-02T00:00:00+00:00, run_after=2024-09-03T00:00:00+00:00
[2024-09-03T11:01:37.132+0000] {processor.py:179} INFO - Processing /home/airflow-vm/data-engineer-batch-processing-financial-services/.venv/lib/python3.10/site-packages/airflow/example_dags/example_nested_branch_dag.py took 0.082 seconds
[2024-09-03T11:02:23.469+0000] {processor.py:157} INFO - Started process (PID=4813) to work on /home/airflow-vm/data-engineer-batch-processing-financial-services/.venv/lib/python3.10/site-packages/airflow/example_dags/example_nested_branch_dag.py
[2024-09-03T11:02:23.470+0000] {processor.py:826} INFO - Processing file /home/airflow-vm/data-engineer-batch-processing-financial-services/.venv/lib/python3.10/site-packages/airflow/example_dags/example_nested_branch_dag.py for tasks to queue
[2024-09-03T11:02:23.471+0000] {logging_mixin.py:149} INFO - [2024-09-03T11:02:23.471+0000] {dagbag.py:541} INFO - Filling up the DagBag from /home/airflow-vm/data-engineer-batch-processing-financial-services/.venv/lib/python3.10/site-packages/airflow/example_dags/example_nested_branch_dag.py
[2024-09-03T11:02:23.480+0000] {processor.py:836} INFO - DAG(s) dict_keys(['example_nested_branch_dag']) retrieved from /home/airflow-vm/data-engineer-batch-processing-financial-services/.venv/lib/python3.10/site-packages/airflow/example_dags/example_nested_branch_dag.py
[2024-09-03T11:02:23.498+0000] {logging_mixin.py:149} INFO - [2024-09-03T11:02:23.498+0000] {dag.py:2726} INFO - Sync 1 DAGs
[2024-09-03T11:02:23.519+0000] {logging_mixin.py:149} INFO - [2024-09-03T11:02:23.519+0000] {dag.py:3486} INFO - Setting next_dagrun for example_nested_branch_dag to 2024-09-02T00:00:00+00:00, run_after=2024-09-03T00:00:00+00:00
[2024-09-03T11:02:23.546+0000] {processor.py:179} INFO - Processing /home/airflow-vm/data-engineer-batch-processing-financial-services/.venv/lib/python3.10/site-packages/airflow/example_dags/example_nested_branch_dag.py took 0.079 seconds
[2024-09-03T11:03:11.560+0000] {processor.py:157} INFO - Started process (PID=5111) to work on /home/airflow-vm/data-engineer-batch-processing-financial-services/.venv/lib/python3.10/site-packages/airflow/example_dags/example_nested_branch_dag.py
[2024-09-03T11:03:11.561+0000] {processor.py:826} INFO - Processing file /home/airflow-vm/data-engineer-batch-processing-financial-services/.venv/lib/python3.10/site-packages/airflow/example_dags/example_nested_branch_dag.py for tasks to queue
[2024-09-03T11:03:11.561+0000] {logging_mixin.py:149} INFO - [2024-09-03T11:03:11.561+0000] {dagbag.py:541} INFO - Filling up the DagBag from /home/airflow-vm/data-engineer-batch-processing-financial-services/.venv/lib/python3.10/site-packages/airflow/example_dags/example_nested_branch_dag.py
[2024-09-03T11:03:11.571+0000] {processor.py:836} INFO - DAG(s) dict_keys(['example_nested_branch_dag']) retrieved from /home/airflow-vm/data-engineer-batch-processing-financial-services/.venv/lib/python3.10/site-packages/airflow/example_dags/example_nested_branch_dag.py
[2024-09-03T11:03:11.590+0000] {logging_mixin.py:149} INFO - [2024-09-03T11:03:11.590+0000] {dag.py:2726} INFO - Sync 1 DAGs
[2024-09-03T11:03:11.611+0000] {logging_mixin.py:149} INFO - [2024-09-03T11:03:11.610+0000] {dag.py:3486} INFO - Setting next_dagrun for example_nested_branch_dag to 2024-09-02T00:00:00+00:00, run_after=2024-09-03T00:00:00+00:00
[2024-09-03T11:03:11.640+0000] {processor.py:179} INFO - Processing /home/airflow-vm/data-engineer-batch-processing-financial-services/.venv/lib/python3.10/site-packages/airflow/example_dags/example_nested_branch_dag.py took 0.083 seconds
[2024-09-03T11:05:49.621+0000] {processor.py:157} INFO - Started process (PID=6652) to work on /home/airflow-vm/data-engineer-batch-processing-financial-services/.venv/lib/python3.10/site-packages/airflow/example_dags/example_nested_branch_dag.py
[2024-09-03T11:05:49.622+0000] {processor.py:826} INFO - Processing file /home/airflow-vm/data-engineer-batch-processing-financial-services/.venv/lib/python3.10/site-packages/airflow/example_dags/example_nested_branch_dag.py for tasks to queue
[2024-09-03T11:05:49.623+0000] {logging_mixin.py:149} INFO - [2024-09-03T11:05:49.623+0000] {dagbag.py:541} INFO - Filling up the DagBag from /home/airflow-vm/data-engineer-batch-processing-financial-services/.venv/lib/python3.10/site-packages/airflow/example_dags/example_nested_branch_dag.py
[2024-09-03T11:05:49.631+0000] {processor.py:836} INFO - DAG(s) dict_keys(['example_nested_branch_dag']) retrieved from /home/airflow-vm/data-engineer-batch-processing-financial-services/.venv/lib/python3.10/site-packages/airflow/example_dags/example_nested_branch_dag.py
[2024-09-03T11:05:49.650+0000] {logging_mixin.py:149} INFO - [2024-09-03T11:05:49.650+0000] {dag.py:2726} INFO - Sync 1 DAGs
[2024-09-03T11:05:49.673+0000] {logging_mixin.py:149} INFO - [2024-09-03T11:05:49.672+0000] {dag.py:3486} INFO - Setting next_dagrun for example_nested_branch_dag to 2024-09-02T00:00:00+00:00, run_after=2024-09-03T00:00:00+00:00
[2024-09-03T11:05:49.700+0000] {processor.py:179} INFO - Processing /home/airflow-vm/data-engineer-batch-processing-financial-services/.venv/lib/python3.10/site-packages/airflow/example_dags/example_nested_branch_dag.py took 0.081 seconds
[2024-09-03T11:08:13.478+0000] {processor.py:157} INFO - Started process (PID=7655) to work on /home/airflow-vm/data-engineer-batch-processing-financial-services/.venv/lib/python3.10/site-packages/airflow/example_dags/example_nested_branch_dag.py
[2024-09-03T11:08:13.479+0000] {processor.py:826} INFO - Processing file /home/airflow-vm/data-engineer-batch-processing-financial-services/.venv/lib/python3.10/site-packages/airflow/example_dags/example_nested_branch_dag.py for tasks to queue
[2024-09-03T11:08:13.479+0000] {logging_mixin.py:149} INFO - [2024-09-03T11:08:13.479+0000] {dagbag.py:541} INFO - Filling up the DagBag from /home/airflow-vm/data-engineer-batch-processing-financial-services/.venv/lib/python3.10/site-packages/airflow/example_dags/example_nested_branch_dag.py
[2024-09-03T11:08:13.488+0000] {processor.py:836} INFO - DAG(s) dict_keys(['example_nested_branch_dag']) retrieved from /home/airflow-vm/data-engineer-batch-processing-financial-services/.venv/lib/python3.10/site-packages/airflow/example_dags/example_nested_branch_dag.py
[2024-09-03T11:08:13.507+0000] {logging_mixin.py:149} INFO - [2024-09-03T11:08:13.507+0000] {dag.py:2726} INFO - Sync 1 DAGs
[2024-09-03T11:08:13.528+0000] {logging_mixin.py:149} INFO - [2024-09-03T11:08:13.527+0000] {dag.py:3486} INFO - Setting next_dagrun for example_nested_branch_dag to 2024-09-02T00:00:00+00:00, run_after=2024-09-03T00:00:00+00:00
[2024-09-03T11:08:13.556+0000] {processor.py:179} INFO - Processing /home/airflow-vm/data-engineer-batch-processing-financial-services/.venv/lib/python3.10/site-packages/airflow/example_dags/example_nested_branch_dag.py took 0.081 seconds
[2024-09-03T11:12:22.890+0000] {processor.py:157} INFO - Started process (PID=9377) to work on /home/airflow-vm/data-engineer-batch-processing-financial-services/.venv/lib/python3.10/site-packages/airflow/example_dags/example_nested_branch_dag.py
[2024-09-03T11:12:22.891+0000] {processor.py:826} INFO - Processing file /home/airflow-vm/data-engineer-batch-processing-financial-services/.venv/lib/python3.10/site-packages/airflow/example_dags/example_nested_branch_dag.py for tasks to queue
[2024-09-03T11:12:22.892+0000] {logging_mixin.py:149} INFO - [2024-09-03T11:12:22.891+0000] {dagbag.py:541} INFO - Filling up the DagBag from /home/airflow-vm/data-engineer-batch-processing-financial-services/.venv/lib/python3.10/site-packages/airflow/example_dags/example_nested_branch_dag.py
[2024-09-03T11:12:22.900+0000] {processor.py:836} INFO - DAG(s) dict_keys(['example_nested_branch_dag']) retrieved from /home/airflow-vm/data-engineer-batch-processing-financial-services/.venv/lib/python3.10/site-packages/airflow/example_dags/example_nested_branch_dag.py
[2024-09-03T11:12:22.920+0000] {logging_mixin.py:149} INFO - [2024-09-03T11:12:22.920+0000] {dag.py:2726} INFO - Sync 1 DAGs
[2024-09-03T11:12:22.941+0000] {logging_mixin.py:149} INFO - [2024-09-03T11:12:22.941+0000] {dag.py:3486} INFO - Setting next_dagrun for example_nested_branch_dag to 2024-09-02T00:00:00+00:00, run_after=2024-09-03T00:00:00+00:00
[2024-09-03T11:12:22.974+0000] {processor.py:179} INFO - Processing /home/airflow-vm/data-engineer-batch-processing-financial-services/.venv/lib/python3.10/site-packages/airflow/example_dags/example_nested_branch_dag.py took 0.087 seconds
[2024-09-03T11:16:31.569+0000] {processor.py:157} INFO - Started process (PID=11530) to work on /home/airflow-vm/data-engineer-batch-processing-financial-services/.venv/lib/python3.10/site-packages/airflow/example_dags/example_nested_branch_dag.py
[2024-09-03T11:16:31.569+0000] {processor.py:826} INFO - Processing file /home/airflow-vm/data-engineer-batch-processing-financial-services/.venv/lib/python3.10/site-packages/airflow/example_dags/example_nested_branch_dag.py for tasks to queue
[2024-09-03T11:16:31.570+0000] {logging_mixin.py:149} INFO - [2024-09-03T11:16:31.570+0000] {dagbag.py:541} INFO - Filling up the DagBag from /home/airflow-vm/data-engineer-batch-processing-financial-services/.venv/lib/python3.10/site-packages/airflow/example_dags/example_nested_branch_dag.py
[2024-09-03T11:16:31.580+0000] {processor.py:836} INFO - DAG(s) dict_keys(['example_nested_branch_dag']) retrieved from /home/airflow-vm/data-engineer-batch-processing-financial-services/.venv/lib/python3.10/site-packages/airflow/example_dags/example_nested_branch_dag.py
[2024-09-03T11:16:31.600+0000] {logging_mixin.py:149} INFO - [2024-09-03T11:16:31.599+0000] {dag.py:2726} INFO - Sync 1 DAGs
[2024-09-03T11:16:31.620+0000] {logging_mixin.py:149} INFO - [2024-09-03T11:16:31.620+0000] {dag.py:3486} INFO - Setting next_dagrun for example_nested_branch_dag to 2024-09-02T00:00:00+00:00, run_after=2024-09-03T00:00:00+00:00
[2024-09-03T11:16:31.649+0000] {processor.py:179} INFO - Processing /home/airflow-vm/data-engineer-batch-processing-financial-services/.venv/lib/python3.10/site-packages/airflow/example_dags/example_nested_branch_dag.py took 0.083 seconds
[2024-09-03T11:21:59.331+0000] {processor.py:157} INFO - Started process (PID=14251) to work on /home/airflow-vm/data-engineer-batch-processing-financial-services/.venv/lib/python3.10/site-packages/airflow/example_dags/example_nested_branch_dag.py
[2024-09-03T11:21:59.332+0000] {processor.py:826} INFO - Processing file /home/airflow-vm/data-engineer-batch-processing-financial-services/.venv/lib/python3.10/site-packages/airflow/example_dags/example_nested_branch_dag.py for tasks to queue
[2024-09-03T11:21:59.333+0000] {logging_mixin.py:149} INFO - [2024-09-03T11:21:59.333+0000] {dagbag.py:541} INFO - Filling up the DagBag from /home/airflow-vm/data-engineer-batch-processing-financial-services/.venv/lib/python3.10/site-packages/airflow/example_dags/example_nested_branch_dag.py
[2024-09-03T11:21:59.342+0000] {processor.py:836} INFO - DAG(s) dict_keys(['example_nested_branch_dag']) retrieved from /home/airflow-vm/data-engineer-batch-processing-financial-services/.venv/lib/python3.10/site-packages/airflow/example_dags/example_nested_branch_dag.py
[2024-09-03T11:21:59.363+0000] {logging_mixin.py:149} INFO - [2024-09-03T11:21:59.362+0000] {dag.py:2726} INFO - Sync 1 DAGs
[2024-09-03T11:21:59.386+0000] {logging_mixin.py:149} INFO - [2024-09-03T11:21:59.385+0000] {dag.py:3486} INFO - Setting next_dagrun for example_nested_branch_dag to 2024-09-02T00:00:00+00:00, run_after=2024-09-03T00:00:00+00:00
[2024-09-03T11:21:59.415+0000] {processor.py:179} INFO - Processing /home/airflow-vm/data-engineer-batch-processing-financial-services/.venv/lib/python3.10/site-packages/airflow/example_dags/example_nested_branch_dag.py took 0.086 seconds
[2024-09-03T11:27:39.380+0000] {processor.py:157} INFO - Started process (PID=16760) to work on /home/airflow-vm/data-engineer-batch-processing-financial-services/.venv/lib/python3.10/site-packages/airflow/example_dags/example_nested_branch_dag.py
[2024-09-03T11:27:39.381+0000] {processor.py:826} INFO - Processing file /home/airflow-vm/data-engineer-batch-processing-financial-services/.venv/lib/python3.10/site-packages/airflow/example_dags/example_nested_branch_dag.py for tasks to queue
[2024-09-03T11:27:39.381+0000] {logging_mixin.py:149} INFO - [2024-09-03T11:27:39.381+0000] {dagbag.py:541} INFO - Filling up the DagBag from /home/airflow-vm/data-engineer-batch-processing-financial-services/.venv/lib/python3.10/site-packages/airflow/example_dags/example_nested_branch_dag.py
[2024-09-03T11:27:39.391+0000] {processor.py:836} INFO - DAG(s) dict_keys(['example_nested_branch_dag']) retrieved from /home/airflow-vm/data-engineer-batch-processing-financial-services/.venv/lib/python3.10/site-packages/airflow/example_dags/example_nested_branch_dag.py
[2024-09-03T11:27:39.412+0000] {logging_mixin.py:149} INFO - [2024-09-03T11:27:39.412+0000] {dag.py:2726} INFO - Sync 1 DAGs
[2024-09-03T11:27:39.434+0000] {logging_mixin.py:149} INFO - [2024-09-03T11:27:39.434+0000] {dag.py:3486} INFO - Setting next_dagrun for example_nested_branch_dag to 2024-09-02T00:00:00+00:00, run_after=2024-09-03T00:00:00+00:00
[2024-09-03T11:27:39.466+0000] {processor.py:179} INFO - Processing /home/airflow-vm/data-engineer-batch-processing-financial-services/.venv/lib/python3.10/site-packages/airflow/example_dags/example_nested_branch_dag.py took 0.089 seconds
[2024-09-03T11:35:47.961+0000] {processor.py:157} INFO - Started process (PID=21666) to work on /home/airflow-vm/data-engineer-batch-processing-financial-services/.venv/lib/python3.10/site-packages/airflow/example_dags/example_nested_branch_dag.py
[2024-09-03T11:35:47.962+0000] {processor.py:826} INFO - Processing file /home/airflow-vm/data-engineer-batch-processing-financial-services/.venv/lib/python3.10/site-packages/airflow/example_dags/example_nested_branch_dag.py for tasks to queue
[2024-09-03T11:35:47.962+0000] {logging_mixin.py:149} INFO - [2024-09-03T11:35:47.962+0000] {dagbag.py:541} INFO - Filling up the DagBag from /home/airflow-vm/data-engineer-batch-processing-financial-services/.venv/lib/python3.10/site-packages/airflow/example_dags/example_nested_branch_dag.py
[2024-09-03T11:35:47.973+0000] {processor.py:836} INFO - DAG(s) dict_keys(['example_nested_branch_dag']) retrieved from /home/airflow-vm/data-engineer-batch-processing-financial-services/.venv/lib/python3.10/site-packages/airflow/example_dags/example_nested_branch_dag.py
[2024-09-03T11:35:47.993+0000] {logging_mixin.py:149} INFO - [2024-09-03T11:35:47.993+0000] {dag.py:2726} INFO - Sync 1 DAGs
[2024-09-03T11:35:48.015+0000] {logging_mixin.py:149} INFO - [2024-09-03T11:35:48.015+0000] {dag.py:3486} INFO - Setting next_dagrun for example_nested_branch_dag to 2024-09-02T00:00:00+00:00, run_after=2024-09-03T00:00:00+00:00
[2024-09-03T11:35:48.046+0000] {processor.py:179} INFO - Processing /home/airflow-vm/data-engineer-batch-processing-financial-services/.venv/lib/python3.10/site-packages/airflow/example_dags/example_nested_branch_dag.py took 0.088 seconds
[2024-09-03T11:37:33.129+0000] {processor.py:157} INFO - Started process (PID=22637) to work on /home/airflow-vm/data-engineer-batch-processing-financial-services/.venv/lib/python3.10/site-packages/airflow/example_dags/example_nested_branch_dag.py
[2024-09-03T11:37:33.130+0000] {processor.py:826} INFO - Processing file /home/airflow-vm/data-engineer-batch-processing-financial-services/.venv/lib/python3.10/site-packages/airflow/example_dags/example_nested_branch_dag.py for tasks to queue
[2024-09-03T11:37:33.131+0000] {logging_mixin.py:149} INFO - [2024-09-03T11:37:33.131+0000] {dagbag.py:541} INFO - Filling up the DagBag from /home/airflow-vm/data-engineer-batch-processing-financial-services/.venv/lib/python3.10/site-packages/airflow/example_dags/example_nested_branch_dag.py
[2024-09-03T11:37:33.141+0000] {processor.py:836} INFO - DAG(s) dict_keys(['example_nested_branch_dag']) retrieved from /home/airflow-vm/data-engineer-batch-processing-financial-services/.venv/lib/python3.10/site-packages/airflow/example_dags/example_nested_branch_dag.py
[2024-09-03T11:37:33.162+0000] {logging_mixin.py:149} INFO - [2024-09-03T11:37:33.162+0000] {dag.py:2726} INFO - Sync 1 DAGs
[2024-09-03T11:37:33.185+0000] {logging_mixin.py:149} INFO - [2024-09-03T11:37:33.185+0000] {dag.py:3486} INFO - Setting next_dagrun for example_nested_branch_dag to 2024-09-02T00:00:00+00:00, run_after=2024-09-03T00:00:00+00:00
[2024-09-03T11:37:33.215+0000] {processor.py:179} INFO - Processing /home/airflow-vm/data-engineer-batch-processing-financial-services/.venv/lib/python3.10/site-packages/airflow/example_dags/example_nested_branch_dag.py took 0.088 seconds
[2024-09-03T11:38:22.477+0000] {processor.py:157} INFO - Started process (PID=22893) to work on /home/airflow-vm/data-engineer-batch-processing-financial-services/.venv/lib/python3.10/site-packages/airflow/example_dags/example_nested_branch_dag.py
[2024-09-03T11:38:22.478+0000] {processor.py:826} INFO - Processing file /home/airflow-vm/data-engineer-batch-processing-financial-services/.venv/lib/python3.10/site-packages/airflow/example_dags/example_nested_branch_dag.py for tasks to queue
[2024-09-03T11:38:22.479+0000] {logging_mixin.py:149} INFO - [2024-09-03T11:38:22.479+0000] {dagbag.py:541} INFO - Filling up the DagBag from /home/airflow-vm/data-engineer-batch-processing-financial-services/.venv/lib/python3.10/site-packages/airflow/example_dags/example_nested_branch_dag.py
[2024-09-03T11:38:22.489+0000] {processor.py:836} INFO - DAG(s) dict_keys(['example_nested_branch_dag']) retrieved from /home/airflow-vm/data-engineer-batch-processing-financial-services/.venv/lib/python3.10/site-packages/airflow/example_dags/example_nested_branch_dag.py
[2024-09-03T11:38:22.510+0000] {logging_mixin.py:149} INFO - [2024-09-03T11:38:22.509+0000] {dag.py:2726} INFO - Sync 1 DAGs
[2024-09-03T11:38:22.533+0000] {logging_mixin.py:149} INFO - [2024-09-03T11:38:22.533+0000] {dag.py:3486} INFO - Setting next_dagrun for example_nested_branch_dag to 2024-09-02T00:00:00+00:00, run_after=2024-09-03T00:00:00+00:00
[2024-09-03T11:38:22.568+0000] {processor.py:179} INFO - Processing /home/airflow-vm/data-engineer-batch-processing-financial-services/.venv/lib/python3.10/site-packages/airflow/example_dags/example_nested_branch_dag.py took 0.094 seconds
[2024-09-03T11:39:13.840+0000] {processor.py:157} INFO - Started process (PID=23136) to work on /home/airflow-vm/data-engineer-batch-processing-financial-services/.venv/lib/python3.10/site-packages/airflow/example_dags/example_nested_branch_dag.py
[2024-09-03T11:39:13.841+0000] {processor.py:826} INFO - Processing file /home/airflow-vm/data-engineer-batch-processing-financial-services/.venv/lib/python3.10/site-packages/airflow/example_dags/example_nested_branch_dag.py for tasks to queue
[2024-09-03T11:39:13.842+0000] {logging_mixin.py:149} INFO - [2024-09-03T11:39:13.841+0000] {dagbag.py:541} INFO - Filling up the DagBag from /home/airflow-vm/data-engineer-batch-processing-financial-services/.venv/lib/python3.10/site-packages/airflow/example_dags/example_nested_branch_dag.py
[2024-09-03T11:39:13.851+0000] {processor.py:836} INFO - DAG(s) dict_keys(['example_nested_branch_dag']) retrieved from /home/airflow-vm/data-engineer-batch-processing-financial-services/.venv/lib/python3.10/site-packages/airflow/example_dags/example_nested_branch_dag.py
[2024-09-03T11:39:13.873+0000] {logging_mixin.py:149} INFO - [2024-09-03T11:39:13.872+0000] {dag.py:2726} INFO - Sync 1 DAGs
[2024-09-03T11:39:13.895+0000] {logging_mixin.py:149} INFO - [2024-09-03T11:39:13.895+0000] {dag.py:3486} INFO - Setting next_dagrun for example_nested_branch_dag to 2024-09-02T00:00:00+00:00, run_after=2024-09-03T00:00:00+00:00
[2024-09-03T11:39:13.924+0000] {processor.py:179} INFO - Processing /home/airflow-vm/data-engineer-batch-processing-financial-services/.venv/lib/python3.10/site-packages/airflow/example_dags/example_nested_branch_dag.py took 0.087 seconds
[2024-09-03T11:39:59.274+0000] {processor.py:157} INFO - Started process (PID=23313) to work on /home/airflow-vm/data-engineer-batch-processing-financial-services/.venv/lib/python3.10/site-packages/airflow/example_dags/example_nested_branch_dag.py
[2024-09-03T11:39:59.275+0000] {processor.py:826} INFO - Processing file /home/airflow-vm/data-engineer-batch-processing-financial-services/.venv/lib/python3.10/site-packages/airflow/example_dags/example_nested_branch_dag.py for tasks to queue
[2024-09-03T11:39:59.276+0000] {logging_mixin.py:149} INFO - [2024-09-03T11:39:59.275+0000] {dagbag.py:541} INFO - Filling up the DagBag from /home/airflow-vm/data-engineer-batch-processing-financial-services/.venv/lib/python3.10/site-packages/airflow/example_dags/example_nested_branch_dag.py
[2024-09-03T11:39:59.285+0000] {processor.py:836} INFO - DAG(s) dict_keys(['example_nested_branch_dag']) retrieved from /home/airflow-vm/data-engineer-batch-processing-financial-services/.venv/lib/python3.10/site-packages/airflow/example_dags/example_nested_branch_dag.py
[2024-09-03T11:39:59.304+0000] {logging_mixin.py:149} INFO - [2024-09-03T11:39:59.304+0000] {dag.py:2726} INFO - Sync 1 DAGs
[2024-09-03T11:39:59.325+0000] {logging_mixin.py:149} INFO - [2024-09-03T11:39:59.325+0000] {dag.py:3486} INFO - Setting next_dagrun for example_nested_branch_dag to 2024-09-02T00:00:00+00:00, run_after=2024-09-03T00:00:00+00:00
[2024-09-03T11:39:59.355+0000] {processor.py:179} INFO - Processing /home/airflow-vm/data-engineer-batch-processing-financial-services/.venv/lib/python3.10/site-packages/airflow/example_dags/example_nested_branch_dag.py took 0.084 seconds
[2024-09-03T11:45:02.948+0000] {processor.py:157} INFO - Started process (PID=26538) to work on /home/airflow-vm/data-engineer-batch-processing-financial-services/.venv/lib/python3.10/site-packages/airflow/example_dags/example_nested_branch_dag.py
[2024-09-03T11:45:02.949+0000] {processor.py:826} INFO - Processing file /home/airflow-vm/data-engineer-batch-processing-financial-services/.venv/lib/python3.10/site-packages/airflow/example_dags/example_nested_branch_dag.py for tasks to queue
[2024-09-03T11:45:02.950+0000] {logging_mixin.py:149} INFO - [2024-09-03T11:45:02.950+0000] {dagbag.py:541} INFO - Filling up the DagBag from /home/airflow-vm/data-engineer-batch-processing-financial-services/.venv/lib/python3.10/site-packages/airflow/example_dags/example_nested_branch_dag.py
[2024-09-03T11:45:02.960+0000] {processor.py:836} INFO - DAG(s) dict_keys(['example_nested_branch_dag']) retrieved from /home/airflow-vm/data-engineer-batch-processing-financial-services/.venv/lib/python3.10/site-packages/airflow/example_dags/example_nested_branch_dag.py
[2024-09-03T11:45:02.981+0000] {logging_mixin.py:149} INFO - [2024-09-03T11:45:02.981+0000] {dag.py:2726} INFO - Sync 1 DAGs
[2024-09-03T11:45:03.002+0000] {logging_mixin.py:149} INFO - [2024-09-03T11:45:03.001+0000] {dag.py:3486} INFO - Setting next_dagrun for example_nested_branch_dag to 2024-09-02T00:00:00+00:00, run_after=2024-09-03T00:00:00+00:00
[2024-09-03T11:45:03.028+0000] {processor.py:179} INFO - Processing /home/airflow-vm/data-engineer-batch-processing-financial-services/.venv/lib/python3.10/site-packages/airflow/example_dags/example_nested_branch_dag.py took 0.082 seconds
[2024-09-03T11:49:11.737+0000] {processor.py:157} INFO - Started process (PID=28837) to work on /home/airflow-vm/data-engineer-batch-processing-financial-services/.venv/lib/python3.10/site-packages/airflow/example_dags/example_nested_branch_dag.py
[2024-09-03T11:49:11.738+0000] {processor.py:826} INFO - Processing file /home/airflow-vm/data-engineer-batch-processing-financial-services/.venv/lib/python3.10/site-packages/airflow/example_dags/example_nested_branch_dag.py for tasks to queue
[2024-09-03T11:49:11.739+0000] {logging_mixin.py:149} INFO - [2024-09-03T11:49:11.738+0000] {dagbag.py:541} INFO - Filling up the DagBag from /home/airflow-vm/data-engineer-batch-processing-financial-services/.venv/lib/python3.10/site-packages/airflow/example_dags/example_nested_branch_dag.py
[2024-09-03T11:49:11.748+0000] {processor.py:836} INFO - DAG(s) dict_keys(['example_nested_branch_dag']) retrieved from /home/airflow-vm/data-engineer-batch-processing-financial-services/.venv/lib/python3.10/site-packages/airflow/example_dags/example_nested_branch_dag.py
[2024-09-03T11:49:11.768+0000] {logging_mixin.py:149} INFO - [2024-09-03T11:49:11.768+0000] {dag.py:2726} INFO - Sync 1 DAGs
[2024-09-03T11:49:11.790+0000] {logging_mixin.py:149} INFO - [2024-09-03T11:49:11.789+0000] {dag.py:3486} INFO - Setting next_dagrun for example_nested_branch_dag to 2024-09-02T00:00:00+00:00, run_after=2024-09-03T00:00:00+00:00
[2024-09-03T11:49:11.817+0000] {processor.py:179} INFO - Processing /home/airflow-vm/data-engineer-batch-processing-financial-services/.venv/lib/python3.10/site-packages/airflow/example_dags/example_nested_branch_dag.py took 0.082 seconds
[2024-09-03T11:50:34.911+0000] {processor.py:157} INFO - Started process (PID=29666) to work on /home/airflow-vm/data-engineer-batch-processing-financial-services/.venv/lib/python3.10/site-packages/airflow/example_dags/example_nested_branch_dag.py
[2024-09-03T11:50:34.912+0000] {processor.py:826} INFO - Processing file /home/airflow-vm/data-engineer-batch-processing-financial-services/.venv/lib/python3.10/site-packages/airflow/example_dags/example_nested_branch_dag.py for tasks to queue
[2024-09-03T11:50:34.913+0000] {logging_mixin.py:149} INFO - [2024-09-03T11:50:34.913+0000] {dagbag.py:541} INFO - Filling up the DagBag from /home/airflow-vm/data-engineer-batch-processing-financial-services/.venv/lib/python3.10/site-packages/airflow/example_dags/example_nested_branch_dag.py
[2024-09-03T11:50:34.922+0000] {processor.py:836} INFO - DAG(s) dict_keys(['example_nested_branch_dag']) retrieved from /home/airflow-vm/data-engineer-batch-processing-financial-services/.venv/lib/python3.10/site-packages/airflow/example_dags/example_nested_branch_dag.py
[2024-09-03T11:50:34.941+0000] {logging_mixin.py:149} INFO - [2024-09-03T11:50:34.941+0000] {dag.py:2726} INFO - Sync 1 DAGs
[2024-09-03T11:50:34.962+0000] {logging_mixin.py:149} INFO - [2024-09-03T11:50:34.962+0000] {dag.py:3486} INFO - Setting next_dagrun for example_nested_branch_dag to 2024-09-02T00:00:00+00:00, run_after=2024-09-03T00:00:00+00:00
[2024-09-03T11:50:34.991+0000] {processor.py:179} INFO - Processing /home/airflow-vm/data-engineer-batch-processing-financial-services/.venv/lib/python3.10/site-packages/airflow/example_dags/example_nested_branch_dag.py took 0.082 seconds
[2024-09-03T11:51:19.003+0000] {processor.py:157} INFO - Started process (PID=29714) to work on /home/airflow-vm/data-engineer-batch-processing-financial-services/.venv/lib/python3.10/site-packages/airflow/example_dags/example_nested_branch_dag.py
[2024-09-03T11:51:19.004+0000] {processor.py:826} INFO - Processing file /home/airflow-vm/data-engineer-batch-processing-financial-services/.venv/lib/python3.10/site-packages/airflow/example_dags/example_nested_branch_dag.py for tasks to queue
[2024-09-03T11:51:19.005+0000] {logging_mixin.py:149} INFO - [2024-09-03T11:51:19.005+0000] {dagbag.py:541} INFO - Filling up the DagBag from /home/airflow-vm/data-engineer-batch-processing-financial-services/.venv/lib/python3.10/site-packages/airflow/example_dags/example_nested_branch_dag.py
[2024-09-03T11:51:19.014+0000] {processor.py:836} INFO - DAG(s) dict_keys(['example_nested_branch_dag']) retrieved from /home/airflow-vm/data-engineer-batch-processing-financial-services/.venv/lib/python3.10/site-packages/airflow/example_dags/example_nested_branch_dag.py
[2024-09-03T11:51:19.032+0000] {logging_mixin.py:149} INFO - [2024-09-03T11:51:19.032+0000] {dag.py:2726} INFO - Sync 1 DAGs
[2024-09-03T11:51:19.053+0000] {logging_mixin.py:149} INFO - [2024-09-03T11:51:19.052+0000] {dag.py:3486} INFO - Setting next_dagrun for example_nested_branch_dag to 2024-09-02T00:00:00+00:00, run_after=2024-09-03T00:00:00+00:00
[2024-09-03T11:51:19.083+0000] {processor.py:179} INFO - Processing /home/airflow-vm/data-engineer-batch-processing-financial-services/.venv/lib/python3.10/site-packages/airflow/example_dags/example_nested_branch_dag.py took 0.082 seconds
[2024-09-03T11:52:03.406+0000] {processor.py:157} INFO - Started process (PID=29763) to work on /home/airflow-vm/data-engineer-batch-processing-financial-services/.venv/lib/python3.10/site-packages/airflow/example_dags/example_nested_branch_dag.py
[2024-09-03T11:52:03.407+0000] {processor.py:826} INFO - Processing file /home/airflow-vm/data-engineer-batch-processing-financial-services/.venv/lib/python3.10/site-packages/airflow/example_dags/example_nested_branch_dag.py for tasks to queue
[2024-09-03T11:52:03.407+0000] {logging_mixin.py:149} INFO - [2024-09-03T11:52:03.407+0000] {dagbag.py:541} INFO - Filling up the DagBag from /home/airflow-vm/data-engineer-batch-processing-financial-services/.venv/lib/python3.10/site-packages/airflow/example_dags/example_nested_branch_dag.py
[2024-09-03T11:52:03.416+0000] {processor.py:836} INFO - DAG(s) dict_keys(['example_nested_branch_dag']) retrieved from /home/airflow-vm/data-engineer-batch-processing-financial-services/.venv/lib/python3.10/site-packages/airflow/example_dags/example_nested_branch_dag.py
[2024-09-03T11:52:03.436+0000] {logging_mixin.py:149} INFO - [2024-09-03T11:52:03.435+0000] {dag.py:2726} INFO - Sync 1 DAGs
[2024-09-03T11:52:03.456+0000] {logging_mixin.py:149} INFO - [2024-09-03T11:52:03.456+0000] {dag.py:3486} INFO - Setting next_dagrun for example_nested_branch_dag to 2024-09-02T00:00:00+00:00, run_after=2024-09-03T00:00:00+00:00
[2024-09-03T11:52:03.484+0000] {processor.py:179} INFO - Processing /home/airflow-vm/data-engineer-batch-processing-financial-services/.venv/lib/python3.10/site-packages/airflow/example_dags/example_nested_branch_dag.py took 0.080 seconds
[2024-09-03T11:52:52.102+0000] {processor.py:157} INFO - Started process (PID=29813) to work on /home/airflow-vm/data-engineer-batch-processing-financial-services/.venv/lib/python3.10/site-packages/airflow/example_dags/example_nested_branch_dag.py
[2024-09-03T11:52:52.103+0000] {processor.py:826} INFO - Processing file /home/airflow-vm/data-engineer-batch-processing-financial-services/.venv/lib/python3.10/site-packages/airflow/example_dags/example_nested_branch_dag.py for tasks to queue
[2024-09-03T11:52:52.104+0000] {logging_mixin.py:149} INFO - [2024-09-03T11:52:52.103+0000] {dagbag.py:541} INFO - Filling up the DagBag from /home/airflow-vm/data-engineer-batch-processing-financial-services/.venv/lib/python3.10/site-packages/airflow/example_dags/example_nested_branch_dag.py
[2024-09-03T11:52:52.112+0000] {processor.py:836} INFO - DAG(s) dict_keys(['example_nested_branch_dag']) retrieved from /home/airflow-vm/data-engineer-batch-processing-financial-services/.venv/lib/python3.10/site-packages/airflow/example_dags/example_nested_branch_dag.py
[2024-09-03T11:52:52.131+0000] {logging_mixin.py:149} INFO - [2024-09-03T11:52:52.131+0000] {dag.py:2726} INFO - Sync 1 DAGs
[2024-09-03T11:52:52.153+0000] {logging_mixin.py:149} INFO - [2024-09-03T11:52:52.153+0000] {dag.py:3486} INFO - Setting next_dagrun for example_nested_branch_dag to 2024-09-02T00:00:00+00:00, run_after=2024-09-03T00:00:00+00:00
[2024-09-03T11:52:52.184+0000] {processor.py:179} INFO - Processing /home/airflow-vm/data-engineer-batch-processing-financial-services/.venv/lib/python3.10/site-packages/airflow/example_dags/example_nested_branch_dag.py took 0.084 seconds
[2024-09-03T11:53:38.947+0000] {processor.py:157} INFO - Started process (PID=29888) to work on /home/airflow-vm/data-engineer-batch-processing-financial-services/.venv/lib/python3.10/site-packages/airflow/example_dags/example_nested_branch_dag.py
[2024-09-03T11:53:38.948+0000] {processor.py:826} INFO - Processing file /home/airflow-vm/data-engineer-batch-processing-financial-services/.venv/lib/python3.10/site-packages/airflow/example_dags/example_nested_branch_dag.py for tasks to queue
[2024-09-03T11:53:38.949+0000] {logging_mixin.py:149} INFO - [2024-09-03T11:53:38.949+0000] {dagbag.py:541} INFO - Filling up the DagBag from /home/airflow-vm/data-engineer-batch-processing-financial-services/.venv/lib/python3.10/site-packages/airflow/example_dags/example_nested_branch_dag.py
[2024-09-03T11:53:38.959+0000] {processor.py:836} INFO - DAG(s) dict_keys(['example_nested_branch_dag']) retrieved from /home/airflow-vm/data-engineer-batch-processing-financial-services/.venv/lib/python3.10/site-packages/airflow/example_dags/example_nested_branch_dag.py
[2024-09-03T11:53:38.981+0000] {logging_mixin.py:149} INFO - [2024-09-03T11:53:38.981+0000] {dag.py:2726} INFO - Sync 1 DAGs
[2024-09-03T11:53:39.003+0000] {logging_mixin.py:149} INFO - [2024-09-03T11:53:39.003+0000] {dag.py:3486} INFO - Setting next_dagrun for example_nested_branch_dag to 2024-09-02T00:00:00+00:00, run_after=2024-09-03T00:00:00+00:00
[2024-09-03T11:53:39.036+0000] {processor.py:179} INFO - Processing /home/airflow-vm/data-engineer-batch-processing-financial-services/.venv/lib/python3.10/site-packages/airflow/example_dags/example_nested_branch_dag.py took 0.091 seconds
[2024-09-03T11:54:29.051+0000] {processor.py:157} INFO - Started process (PID=29939) to work on /home/airflow-vm/data-engineer-batch-processing-financial-services/.venv/lib/python3.10/site-packages/airflow/example_dags/example_nested_branch_dag.py
[2024-09-03T11:54:29.052+0000] {processor.py:826} INFO - Processing file /home/airflow-vm/data-engineer-batch-processing-financial-services/.venv/lib/python3.10/site-packages/airflow/example_dags/example_nested_branch_dag.py for tasks to queue
[2024-09-03T11:54:29.053+0000] {logging_mixin.py:149} INFO - [2024-09-03T11:54:29.053+0000] {dagbag.py:541} INFO - Filling up the DagBag from /home/airflow-vm/data-engineer-batch-processing-financial-services/.venv/lib/python3.10/site-packages/airflow/example_dags/example_nested_branch_dag.py
[2024-09-03T11:54:29.062+0000] {processor.py:836} INFO - DAG(s) dict_keys(['example_nested_branch_dag']) retrieved from /home/airflow-vm/data-engineer-batch-processing-financial-services/.venv/lib/python3.10/site-packages/airflow/example_dags/example_nested_branch_dag.py
[2024-09-03T11:54:29.083+0000] {logging_mixin.py:149} INFO - [2024-09-03T11:54:29.083+0000] {dag.py:2726} INFO - Sync 1 DAGs
[2024-09-03T11:54:29.104+0000] {logging_mixin.py:149} INFO - [2024-09-03T11:54:29.104+0000] {dag.py:3486} INFO - Setting next_dagrun for example_nested_branch_dag to 2024-09-02T00:00:00+00:00, run_after=2024-09-03T00:00:00+00:00
[2024-09-03T11:54:29.131+0000] {processor.py:179} INFO - Processing /home/airflow-vm/data-engineer-batch-processing-financial-services/.venv/lib/python3.10/site-packages/airflow/example_dags/example_nested_branch_dag.py took 0.082 seconds
[2024-09-03T11:55:16.926+0000] {processor.py:157} INFO - Started process (PID=29995) to work on /home/airflow-vm/data-engineer-batch-processing-financial-services/.venv/lib/python3.10/site-packages/airflow/example_dags/example_nested_branch_dag.py
[2024-09-03T11:55:16.927+0000] {processor.py:826} INFO - Processing file /home/airflow-vm/data-engineer-batch-processing-financial-services/.venv/lib/python3.10/site-packages/airflow/example_dags/example_nested_branch_dag.py for tasks to queue
[2024-09-03T11:55:16.927+0000] {logging_mixin.py:149} INFO - [2024-09-03T11:55:16.927+0000] {dagbag.py:541} INFO - Filling up the DagBag from /home/airflow-vm/data-engineer-batch-processing-financial-services/.venv/lib/python3.10/site-packages/airflow/example_dags/example_nested_branch_dag.py
[2024-09-03T11:55:16.936+0000] {processor.py:836} INFO - DAG(s) dict_keys(['example_nested_branch_dag']) retrieved from /home/airflow-vm/data-engineer-batch-processing-financial-services/.venv/lib/python3.10/site-packages/airflow/example_dags/example_nested_branch_dag.py
[2024-09-03T11:55:16.956+0000] {logging_mixin.py:149} INFO - [2024-09-03T11:55:16.956+0000] {dag.py:2726} INFO - Sync 1 DAGs
[2024-09-03T11:55:16.978+0000] {logging_mixin.py:149} INFO - [2024-09-03T11:55:16.978+0000] {dag.py:3486} INFO - Setting next_dagrun for example_nested_branch_dag to 2024-09-02T00:00:00+00:00, run_after=2024-09-03T00:00:00+00:00
[2024-09-03T11:55:17.007+0000] {processor.py:179} INFO - Processing /home/airflow-vm/data-engineer-batch-processing-financial-services/.venv/lib/python3.10/site-packages/airflow/example_dags/example_nested_branch_dag.py took 0.083 seconds
[2024-09-03T11:56:01.171+0000] {processor.py:157} INFO - Started process (PID=30042) to work on /home/airflow-vm/data-engineer-batch-processing-financial-services/.venv/lib/python3.10/site-packages/airflow/example_dags/example_nested_branch_dag.py
[2024-09-03T11:56:01.172+0000] {processor.py:826} INFO - Processing file /home/airflow-vm/data-engineer-batch-processing-financial-services/.venv/lib/python3.10/site-packages/airflow/example_dags/example_nested_branch_dag.py for tasks to queue
[2024-09-03T11:56:01.173+0000] {logging_mixin.py:149} INFO - [2024-09-03T11:56:01.173+0000] {dagbag.py:541} INFO - Filling up the DagBag from /home/airflow-vm/data-engineer-batch-processing-financial-services/.venv/lib/python3.10/site-packages/airflow/example_dags/example_nested_branch_dag.py
[2024-09-03T11:56:01.182+0000] {processor.py:836} INFO - DAG(s) dict_keys(['example_nested_branch_dag']) retrieved from /home/airflow-vm/data-engineer-batch-processing-financial-services/.venv/lib/python3.10/site-packages/airflow/example_dags/example_nested_branch_dag.py
[2024-09-03T11:56:01.202+0000] {logging_mixin.py:149} INFO - [2024-09-03T11:56:01.202+0000] {dag.py:2726} INFO - Sync 1 DAGs
[2024-09-03T11:56:01.222+0000] {logging_mixin.py:149} INFO - [2024-09-03T11:56:01.222+0000] {dag.py:3486} INFO - Setting next_dagrun for example_nested_branch_dag to 2024-09-02T00:00:00+00:00, run_after=2024-09-03T00:00:00+00:00
[2024-09-03T11:56:01.249+0000] {processor.py:179} INFO - Processing /home/airflow-vm/data-engineer-batch-processing-financial-services/.venv/lib/python3.10/site-packages/airflow/example_dags/example_nested_branch_dag.py took 0.081 seconds
[2024-09-03T11:56:46.819+0000] {processor.py:157} INFO - Started process (PID=30123) to work on /home/airflow-vm/data-engineer-batch-processing-financial-services/.venv/lib/python3.10/site-packages/airflow/example_dags/example_nested_branch_dag.py
[2024-09-03T11:56:46.820+0000] {processor.py:826} INFO - Processing file /home/airflow-vm/data-engineer-batch-processing-financial-services/.venv/lib/python3.10/site-packages/airflow/example_dags/example_nested_branch_dag.py for tasks to queue
[2024-09-03T11:56:46.820+0000] {logging_mixin.py:149} INFO - [2024-09-03T11:56:46.820+0000] {dagbag.py:541} INFO - Filling up the DagBag from /home/airflow-vm/data-engineer-batch-processing-financial-services/.venv/lib/python3.10/site-packages/airflow/example_dags/example_nested_branch_dag.py
[2024-09-03T11:56:46.830+0000] {processor.py:836} INFO - DAG(s) dict_keys(['example_nested_branch_dag']) retrieved from /home/airflow-vm/data-engineer-batch-processing-financial-services/.venv/lib/python3.10/site-packages/airflow/example_dags/example_nested_branch_dag.py
[2024-09-03T11:56:46.850+0000] {logging_mixin.py:149} INFO - [2024-09-03T11:56:46.849+0000] {dag.py:2726} INFO - Sync 1 DAGs
[2024-09-03T11:56:46.873+0000] {logging_mixin.py:149} INFO - [2024-09-03T11:56:46.873+0000] {dag.py:3486} INFO - Setting next_dagrun for example_nested_branch_dag to 2024-09-02T00:00:00+00:00, run_after=2024-09-03T00:00:00+00:00
[2024-09-03T11:56:46.924+0000] {processor.py:179} INFO - Processing /home/airflow-vm/data-engineer-batch-processing-financial-services/.venv/lib/python3.10/site-packages/airflow/example_dags/example_nested_branch_dag.py took 0.107 seconds
