[2024-09-03T10:58:15.153+0000] {processor.py:157} INFO - Started process (PID=3491) to work on /home/airflow-vm/data-engineer-batch-processing-financial-services/.venv/lib/python3.10/site-packages/airflow/example_dags/example_datasets.py
[2024-09-03T10:58:15.154+0000] {processor.py:826} INFO - Processing file /home/airflow-vm/data-engineer-batch-processing-financial-services/.venv/lib/python3.10/site-packages/airflow/example_dags/example_datasets.py for tasks to queue
[2024-09-03T10:58:15.155+0000] {logging_mixin.py:149} INFO - [2024-09-03T10:58:15.154+0000] {dagbag.py:541} INFO - Filling up the DagBag from /home/airflow-vm/data-engineer-batch-processing-financial-services/.venv/lib/python3.10/site-packages/airflow/example_dags/example_datasets.py
[2024-09-03T10:58:15.166+0000] {processor.py:836} INFO - DAG(s) dict_keys(['dataset_consumes_1', 'dataset_consumes_1_and_2', 'dataset_produces_2', 'dataset_consumes_1_never_scheduled', 'dataset_produces_1', 'dataset_consumes_unknown_never_scheduled']) retrieved from /home/airflow-vm/data-engineer-batch-processing-financial-services/.venv/lib/python3.10/site-packages/airflow/example_dags/example_datasets.py
[2024-09-03T10:58:15.231+0000] {logging_mixin.py:149} INFO - [2024-09-03T10:58:15.231+0000] {dag.py:2726} INFO - Sync 6 DAGs
[2024-09-03T10:58:15.251+0000] {logging_mixin.py:149} INFO - [2024-09-03T10:58:15.251+0000] {dag.py:3486} INFO - Setting next_dagrun for dataset_consumes_1 to None, run_after=None
[2024-09-03T10:58:15.253+0000] {logging_mixin.py:149} INFO - [2024-09-03T10:58:15.253+0000] {dag.py:3486} INFO - Setting next_dagrun for dataset_consumes_1_and_2 to None, run_after=None
[2024-09-03T10:58:15.254+0000] {logging_mixin.py:149} INFO - [2024-09-03T10:58:15.254+0000] {dag.py:3486} INFO - Setting next_dagrun for dataset_consumes_1_never_scheduled to None, run_after=None
[2024-09-03T10:58:15.255+0000] {logging_mixin.py:149} INFO - [2024-09-03T10:58:15.255+0000] {dag.py:3486} INFO - Setting next_dagrun for dataset_consumes_unknown_never_scheduled to None, run_after=None
[2024-09-03T10:58:15.258+0000] {logging_mixin.py:149} INFO - [2024-09-03T10:58:15.258+0000] {dag.py:3486} INFO - Setting next_dagrun for dataset_produces_1 to 2024-09-02T00:00:00+00:00, run_after=2024-09-03T00:00:00+00:00
[2024-09-03T10:58:15.259+0000] {logging_mixin.py:149} INFO - [2024-09-03T10:58:15.259+0000] {dag.py:3486} INFO - Setting next_dagrun for dataset_produces_2 to None, run_after=None
[2024-09-03T10:58:15.304+0000] {processor.py:179} INFO - Processing /home/airflow-vm/data-engineer-batch-processing-financial-services/.venv/lib/python3.10/site-packages/airflow/example_dags/example_datasets.py took 0.154 seconds
[2024-09-03T10:59:00.759+0000] {processor.py:157} INFO - Started process (PID=3813) to work on /home/airflow-vm/data-engineer-batch-processing-financial-services/.venv/lib/python3.10/site-packages/airflow/example_dags/example_datasets.py
[2024-09-03T10:59:00.760+0000] {processor.py:826} INFO - Processing file /home/airflow-vm/data-engineer-batch-processing-financial-services/.venv/lib/python3.10/site-packages/airflow/example_dags/example_datasets.py for tasks to queue
[2024-09-03T10:59:00.761+0000] {logging_mixin.py:149} INFO - [2024-09-03T10:59:00.761+0000] {dagbag.py:541} INFO - Filling up the DagBag from /home/airflow-vm/data-engineer-batch-processing-financial-services/.venv/lib/python3.10/site-packages/airflow/example_dags/example_datasets.py
[2024-09-03T10:59:00.770+0000] {processor.py:836} INFO - DAG(s) dict_keys(['dataset_consumes_1_and_2', 'dataset_consumes_1', 'dataset_produces_1', 'dataset_produces_2', 'dataset_consumes_1_never_scheduled', 'dataset_consumes_unknown_never_scheduled']) retrieved from /home/airflow-vm/data-engineer-batch-processing-financial-services/.venv/lib/python3.10/site-packages/airflow/example_dags/example_datasets.py
[2024-09-03T10:59:00.801+0000] {logging_mixin.py:149} INFO - [2024-09-03T10:59:00.800+0000] {dag.py:2726} INFO - Sync 6 DAGs
[2024-09-03T10:59:00.821+0000] {logging_mixin.py:149} INFO - [2024-09-03T10:59:00.821+0000] {dag.py:3486} INFO - Setting next_dagrun for dataset_consumes_1 to None, run_after=None
[2024-09-03T10:59:00.824+0000] {logging_mixin.py:149} INFO - [2024-09-03T10:59:00.824+0000] {dag.py:3486} INFO - Setting next_dagrun for dataset_consumes_1_and_2 to None, run_after=None
[2024-09-03T10:59:00.825+0000] {logging_mixin.py:149} INFO - [2024-09-03T10:59:00.825+0000] {dag.py:3486} INFO - Setting next_dagrun for dataset_consumes_1_never_scheduled to None, run_after=None
[2024-09-03T10:59:00.826+0000] {logging_mixin.py:149} INFO - [2024-09-03T10:59:00.825+0000] {dag.py:3486} INFO - Setting next_dagrun for dataset_consumes_unknown_never_scheduled to None, run_after=None
[2024-09-03T10:59:00.828+0000] {logging_mixin.py:149} INFO - [2024-09-03T10:59:00.828+0000] {dag.py:3486} INFO - Setting next_dagrun for dataset_produces_1 to 2024-09-02T00:00:00+00:00, run_after=2024-09-03T00:00:00+00:00
[2024-09-03T10:59:00.829+0000] {logging_mixin.py:149} INFO - [2024-09-03T10:59:00.829+0000] {dag.py:3486} INFO - Setting next_dagrun for dataset_produces_2 to None, run_after=None
[2024-09-03T10:59:00.868+0000] {processor.py:179} INFO - Processing /home/airflow-vm/data-engineer-batch-processing-financial-services/.venv/lib/python3.10/site-packages/airflow/example_dags/example_datasets.py took 0.111 seconds
[2024-09-03T10:59:48.385+0000] {processor.py:157} INFO - Started process (PID=3916) to work on /home/airflow-vm/data-engineer-batch-processing-financial-services/.venv/lib/python3.10/site-packages/airflow/example_dags/example_datasets.py
[2024-09-03T10:59:48.386+0000] {processor.py:826} INFO - Processing file /home/airflow-vm/data-engineer-batch-processing-financial-services/.venv/lib/python3.10/site-packages/airflow/example_dags/example_datasets.py for tasks to queue
[2024-09-03T10:59:48.387+0000] {logging_mixin.py:149} INFO - [2024-09-03T10:59:48.387+0000] {dagbag.py:541} INFO - Filling up the DagBag from /home/airflow-vm/data-engineer-batch-processing-financial-services/.venv/lib/python3.10/site-packages/airflow/example_dags/example_datasets.py
[2024-09-03T10:59:48.396+0000] {processor.py:836} INFO - DAG(s) dict_keys(['dataset_produces_1', 'dataset_consumes_1_never_scheduled', 'dataset_consumes_1', 'dataset_consumes_1_and_2', 'dataset_consumes_unknown_never_scheduled', 'dataset_produces_2']) retrieved from /home/airflow-vm/data-engineer-batch-processing-financial-services/.venv/lib/python3.10/site-packages/airflow/example_dags/example_datasets.py
[2024-09-03T10:59:48.425+0000] {logging_mixin.py:149} INFO - [2024-09-03T10:59:48.425+0000] {dag.py:2726} INFO - Sync 6 DAGs
[2024-09-03T10:59:48.454+0000] {logging_mixin.py:149} INFO - [2024-09-03T10:59:48.454+0000] {dag.py:3486} INFO - Setting next_dagrun for dataset_consumes_1 to None, run_after=None
[2024-09-03T10:59:48.459+0000] {logging_mixin.py:149} INFO - [2024-09-03T10:59:48.459+0000] {dag.py:3486} INFO - Setting next_dagrun for dataset_consumes_1_and_2 to None, run_after=None
[2024-09-03T10:59:48.460+0000] {logging_mixin.py:149} INFO - [2024-09-03T10:59:48.460+0000] {dag.py:3486} INFO - Setting next_dagrun for dataset_consumes_1_never_scheduled to None, run_after=None
[2024-09-03T10:59:48.461+0000] {logging_mixin.py:149} INFO - [2024-09-03T10:59:48.461+0000] {dag.py:3486} INFO - Setting next_dagrun for dataset_consumes_unknown_never_scheduled to None, run_after=None
[2024-09-03T10:59:48.464+0000] {logging_mixin.py:149} INFO - [2024-09-03T10:59:48.464+0000] {dag.py:3486} INFO - Setting next_dagrun for dataset_produces_1 to 2024-09-02T00:00:00+00:00, run_after=2024-09-03T00:00:00+00:00
[2024-09-03T10:59:48.465+0000] {logging_mixin.py:149} INFO - [2024-09-03T10:59:48.464+0000] {dag.py:3486} INFO - Setting next_dagrun for dataset_produces_2 to None, run_after=None
[2024-09-03T10:59:48.523+0000] {processor.py:179} INFO - Processing /home/airflow-vm/data-engineer-batch-processing-financial-services/.venv/lib/python3.10/site-packages/airflow/example_dags/example_datasets.py took 0.140 seconds
[2024-09-03T11:00:32.707+0000] {processor.py:157} INFO - Started process (PID=4347) to work on /home/airflow-vm/data-engineer-batch-processing-financial-services/.venv/lib/python3.10/site-packages/airflow/example_dags/example_datasets.py
[2024-09-03T11:00:32.708+0000] {processor.py:826} INFO - Processing file /home/airflow-vm/data-engineer-batch-processing-financial-services/.venv/lib/python3.10/site-packages/airflow/example_dags/example_datasets.py for tasks to queue
[2024-09-03T11:00:32.709+0000] {logging_mixin.py:149} INFO - [2024-09-03T11:00:32.709+0000] {dagbag.py:541} INFO - Filling up the DagBag from /home/airflow-vm/data-engineer-batch-processing-financial-services/.venv/lib/python3.10/site-packages/airflow/example_dags/example_datasets.py
[2024-09-03T11:00:32.717+0000] {processor.py:836} INFO - DAG(s) dict_keys(['dataset_produces_2', 'dataset_consumes_unknown_never_scheduled', 'dataset_consumes_1_and_2', 'dataset_produces_1', 'dataset_consumes_1', 'dataset_consumes_1_never_scheduled']) retrieved from /home/airflow-vm/data-engineer-batch-processing-financial-services/.venv/lib/python3.10/site-packages/airflow/example_dags/example_datasets.py
[2024-09-03T11:00:32.746+0000] {logging_mixin.py:149} INFO - [2024-09-03T11:00:32.745+0000] {dag.py:2726} INFO - Sync 6 DAGs
[2024-09-03T11:00:32.766+0000] {logging_mixin.py:149} INFO - [2024-09-03T11:00:32.766+0000] {dag.py:3486} INFO - Setting next_dagrun for dataset_consumes_1 to None, run_after=None
[2024-09-03T11:00:32.769+0000] {logging_mixin.py:149} INFO - [2024-09-03T11:00:32.769+0000] {dag.py:3486} INFO - Setting next_dagrun for dataset_consumes_1_and_2 to None, run_after=None
[2024-09-03T11:00:32.770+0000] {logging_mixin.py:149} INFO - [2024-09-03T11:00:32.770+0000] {dag.py:3486} INFO - Setting next_dagrun for dataset_consumes_1_never_scheduled to None, run_after=None
[2024-09-03T11:00:32.771+0000] {logging_mixin.py:149} INFO - [2024-09-03T11:00:32.771+0000] {dag.py:3486} INFO - Setting next_dagrun for dataset_consumes_unknown_never_scheduled to None, run_after=None
[2024-09-03T11:00:32.774+0000] {logging_mixin.py:149} INFO - [2024-09-03T11:00:32.774+0000] {dag.py:3486} INFO - Setting next_dagrun for dataset_produces_1 to 2024-09-02T00:00:00+00:00, run_after=2024-09-03T00:00:00+00:00
[2024-09-03T11:00:32.775+0000] {logging_mixin.py:149} INFO - [2024-09-03T11:00:32.774+0000] {dag.py:3486} INFO - Setting next_dagrun for dataset_produces_2 to None, run_after=None
[2024-09-03T11:00:32.813+0000] {processor.py:179} INFO - Processing /home/airflow-vm/data-engineer-batch-processing-financial-services/.venv/lib/python3.10/site-packages/airflow/example_dags/example_datasets.py took 0.108 seconds
[2024-09-03T11:01:20.229+0000] {processor.py:157} INFO - Started process (PID=4682) to work on /home/airflow-vm/data-engineer-batch-processing-financial-services/.venv/lib/python3.10/site-packages/airflow/example_dags/example_datasets.py
[2024-09-03T11:01:20.230+0000] {processor.py:826} INFO - Processing file /home/airflow-vm/data-engineer-batch-processing-financial-services/.venv/lib/python3.10/site-packages/airflow/example_dags/example_datasets.py for tasks to queue
[2024-09-03T11:01:20.231+0000] {logging_mixin.py:149} INFO - [2024-09-03T11:01:20.231+0000] {dagbag.py:541} INFO - Filling up the DagBag from /home/airflow-vm/data-engineer-batch-processing-financial-services/.venv/lib/python3.10/site-packages/airflow/example_dags/example_datasets.py
[2024-09-03T11:01:20.239+0000] {processor.py:836} INFO - DAG(s) dict_keys(['dataset_produces_2', 'dataset_consumes_1_and_2', 'dataset_consumes_1', 'dataset_consumes_unknown_never_scheduled', 'dataset_produces_1', 'dataset_consumes_1_never_scheduled']) retrieved from /home/airflow-vm/data-engineer-batch-processing-financial-services/.venv/lib/python3.10/site-packages/airflow/example_dags/example_datasets.py
[2024-09-03T11:01:20.270+0000] {logging_mixin.py:149} INFO - [2024-09-03T11:01:20.269+0000] {dag.py:2726} INFO - Sync 6 DAGs
[2024-09-03T11:01:20.291+0000] {logging_mixin.py:149} INFO - [2024-09-03T11:01:20.291+0000] {dag.py:3486} INFO - Setting next_dagrun for dataset_consumes_1 to None, run_after=None
[2024-09-03T11:01:20.294+0000] {logging_mixin.py:149} INFO - [2024-09-03T11:01:20.294+0000] {dag.py:3486} INFO - Setting next_dagrun for dataset_consumes_1_and_2 to None, run_after=None
[2024-09-03T11:01:20.295+0000] {logging_mixin.py:149} INFO - [2024-09-03T11:01:20.295+0000] {dag.py:3486} INFO - Setting next_dagrun for dataset_consumes_1_never_scheduled to None, run_after=None
[2024-09-03T11:01:20.295+0000] {logging_mixin.py:149} INFO - [2024-09-03T11:01:20.295+0000] {dag.py:3486} INFO - Setting next_dagrun for dataset_consumes_unknown_never_scheduled to None, run_after=None
[2024-09-03T11:01:20.298+0000] {logging_mixin.py:149} INFO - [2024-09-03T11:01:20.298+0000] {dag.py:3486} INFO - Setting next_dagrun for dataset_produces_1 to 2024-09-02T00:00:00+00:00, run_after=2024-09-03T00:00:00+00:00
[2024-09-03T11:01:20.299+0000] {logging_mixin.py:149} INFO - [2024-09-03T11:01:20.299+0000] {dag.py:3486} INFO - Setting next_dagrun for dataset_produces_2 to None, run_after=None
[2024-09-03T11:01:20.335+0000] {processor.py:179} INFO - Processing /home/airflow-vm/data-engineer-batch-processing-financial-services/.venv/lib/python3.10/site-packages/airflow/example_dags/example_datasets.py took 0.108 seconds
[2024-09-03T11:02:06.537+0000] {processor.py:157} INFO - Started process (PID=4797) to work on /home/airflow-vm/data-engineer-batch-processing-financial-services/.venv/lib/python3.10/site-packages/airflow/example_dags/example_datasets.py
[2024-09-03T11:02:06.537+0000] {processor.py:826} INFO - Processing file /home/airflow-vm/data-engineer-batch-processing-financial-services/.venv/lib/python3.10/site-packages/airflow/example_dags/example_datasets.py for tasks to queue
[2024-09-03T11:02:06.538+0000] {logging_mixin.py:149} INFO - [2024-09-03T11:02:06.538+0000] {dagbag.py:541} INFO - Filling up the DagBag from /home/airflow-vm/data-engineer-batch-processing-financial-services/.venv/lib/python3.10/site-packages/airflow/example_dags/example_datasets.py
[2024-09-03T11:02:06.546+0000] {processor.py:836} INFO - DAG(s) dict_keys(['dataset_produces_2', 'dataset_consumes_1', 'dataset_consumes_1_never_scheduled', 'dataset_consumes_1_and_2', 'dataset_produces_1', 'dataset_consumes_unknown_never_scheduled']) retrieved from /home/airflow-vm/data-engineer-batch-processing-financial-services/.venv/lib/python3.10/site-packages/airflow/example_dags/example_datasets.py
[2024-09-03T11:02:06.576+0000] {logging_mixin.py:149} INFO - [2024-09-03T11:02:06.576+0000] {dag.py:2726} INFO - Sync 6 DAGs
[2024-09-03T11:02:06.596+0000] {logging_mixin.py:149} INFO - [2024-09-03T11:02:06.596+0000] {dag.py:3486} INFO - Setting next_dagrun for dataset_consumes_1 to None, run_after=None
[2024-09-03T11:02:06.599+0000] {logging_mixin.py:149} INFO - [2024-09-03T11:02:06.599+0000] {dag.py:3486} INFO - Setting next_dagrun for dataset_consumes_1_and_2 to None, run_after=None
[2024-09-03T11:02:06.600+0000] {logging_mixin.py:149} INFO - [2024-09-03T11:02:06.600+0000] {dag.py:3486} INFO - Setting next_dagrun for dataset_consumes_1_never_scheduled to None, run_after=None
[2024-09-03T11:02:06.601+0000] {logging_mixin.py:149} INFO - [2024-09-03T11:02:06.601+0000] {dag.py:3486} INFO - Setting next_dagrun for dataset_consumes_unknown_never_scheduled to None, run_after=None
[2024-09-03T11:02:06.604+0000] {logging_mixin.py:149} INFO - [2024-09-03T11:02:06.603+0000] {dag.py:3486} INFO - Setting next_dagrun for dataset_produces_1 to 2024-09-02T00:00:00+00:00, run_after=2024-09-03T00:00:00+00:00
[2024-09-03T11:02:06.604+0000] {logging_mixin.py:149} INFO - [2024-09-03T11:02:06.604+0000] {dag.py:3486} INFO - Setting next_dagrun for dataset_produces_2 to None, run_after=None
[2024-09-03T11:02:06.647+0000] {processor.py:179} INFO - Processing /home/airflow-vm/data-engineer-batch-processing-financial-services/.venv/lib/python3.10/site-packages/airflow/example_dags/example_datasets.py took 0.113 seconds
[2024-09-03T11:02:54.375+0000] {processor.py:157} INFO - Started process (PID=4970) to work on /home/airflow-vm/data-engineer-batch-processing-financial-services/.venv/lib/python3.10/site-packages/airflow/example_dags/example_datasets.py
[2024-09-03T11:02:54.376+0000] {processor.py:826} INFO - Processing file /home/airflow-vm/data-engineer-batch-processing-financial-services/.venv/lib/python3.10/site-packages/airflow/example_dags/example_datasets.py for tasks to queue
[2024-09-03T11:02:54.377+0000] {logging_mixin.py:149} INFO - [2024-09-03T11:02:54.377+0000] {dagbag.py:541} INFO - Filling up the DagBag from /home/airflow-vm/data-engineer-batch-processing-financial-services/.venv/lib/python3.10/site-packages/airflow/example_dags/example_datasets.py
[2024-09-03T11:02:54.386+0000] {processor.py:836} INFO - DAG(s) dict_keys(['dataset_consumes_1', 'dataset_consumes_1_and_2', 'dataset_consumes_1_never_scheduled', 'dataset_produces_1', 'dataset_consumes_unknown_never_scheduled', 'dataset_produces_2']) retrieved from /home/airflow-vm/data-engineer-batch-processing-financial-services/.venv/lib/python3.10/site-packages/airflow/example_dags/example_datasets.py
[2024-09-03T11:02:54.414+0000] {logging_mixin.py:149} INFO - [2024-09-03T11:02:54.414+0000] {dag.py:2726} INFO - Sync 6 DAGs
[2024-09-03T11:02:54.434+0000] {logging_mixin.py:149} INFO - [2024-09-03T11:02:54.434+0000] {dag.py:3486} INFO - Setting next_dagrun for dataset_consumes_1 to None, run_after=None
[2024-09-03T11:02:54.437+0000] {logging_mixin.py:149} INFO - [2024-09-03T11:02:54.437+0000] {dag.py:3486} INFO - Setting next_dagrun for dataset_consumes_1_and_2 to None, run_after=None
[2024-09-03T11:02:54.438+0000] {logging_mixin.py:149} INFO - [2024-09-03T11:02:54.437+0000] {dag.py:3486} INFO - Setting next_dagrun for dataset_consumes_1_never_scheduled to None, run_after=None
[2024-09-03T11:02:54.438+0000] {logging_mixin.py:149} INFO - [2024-09-03T11:02:54.438+0000] {dag.py:3486} INFO - Setting next_dagrun for dataset_consumes_unknown_never_scheduled to None, run_after=None
[2024-09-03T11:02:54.441+0000] {logging_mixin.py:149} INFO - [2024-09-03T11:02:54.441+0000] {dag.py:3486} INFO - Setting next_dagrun for dataset_produces_1 to 2024-09-02T00:00:00+00:00, run_after=2024-09-03T00:00:00+00:00
[2024-09-03T11:02:54.442+0000] {logging_mixin.py:149} INFO - [2024-09-03T11:02:54.442+0000] {dag.py:3486} INFO - Setting next_dagrun for dataset_produces_2 to None, run_after=None
[2024-09-03T11:02:54.478+0000] {processor.py:179} INFO - Processing /home/airflow-vm/data-engineer-batch-processing-financial-services/.venv/lib/python3.10/site-packages/airflow/example_dags/example_datasets.py took 0.105 seconds
[2024-09-03T11:05:01.798+0000] {processor.py:157} INFO - Started process (PID=6294) to work on /home/airflow-vm/data-engineer-batch-processing-financial-services/.venv/lib/python3.10/site-packages/airflow/example_dags/example_datasets.py
[2024-09-03T11:05:01.799+0000] {processor.py:826} INFO - Processing file /home/airflow-vm/data-engineer-batch-processing-financial-services/.venv/lib/python3.10/site-packages/airflow/example_dags/example_datasets.py for tasks to queue
[2024-09-03T11:05:01.800+0000] {logging_mixin.py:149} INFO - [2024-09-03T11:05:01.800+0000] {dagbag.py:541} INFO - Filling up the DagBag from /home/airflow-vm/data-engineer-batch-processing-financial-services/.venv/lib/python3.10/site-packages/airflow/example_dags/example_datasets.py
[2024-09-03T11:05:01.808+0000] {processor.py:836} INFO - DAG(s) dict_keys(['dataset_produces_1', 'dataset_consumes_1_and_2', 'dataset_produces_2', 'dataset_consumes_1_never_scheduled', 'dataset_consumes_1', 'dataset_consumes_unknown_never_scheduled']) retrieved from /home/airflow-vm/data-engineer-batch-processing-financial-services/.venv/lib/python3.10/site-packages/airflow/example_dags/example_datasets.py
[2024-09-03T11:05:01.836+0000] {logging_mixin.py:149} INFO - [2024-09-03T11:05:01.836+0000] {dag.py:2726} INFO - Sync 6 DAGs
[2024-09-03T11:05:01.856+0000] {logging_mixin.py:149} INFO - [2024-09-03T11:05:01.856+0000] {dag.py:3486} INFO - Setting next_dagrun for dataset_consumes_1 to None, run_after=None
[2024-09-03T11:05:01.859+0000] {logging_mixin.py:149} INFO - [2024-09-03T11:05:01.859+0000] {dag.py:3486} INFO - Setting next_dagrun for dataset_consumes_1_and_2 to None, run_after=None
[2024-09-03T11:05:01.860+0000] {logging_mixin.py:149} INFO - [2024-09-03T11:05:01.860+0000] {dag.py:3486} INFO - Setting next_dagrun for dataset_consumes_1_never_scheduled to None, run_after=None
[2024-09-03T11:05:01.861+0000] {logging_mixin.py:149} INFO - [2024-09-03T11:05:01.860+0000] {dag.py:3486} INFO - Setting next_dagrun for dataset_consumes_unknown_never_scheduled to None, run_after=None
[2024-09-03T11:05:01.863+0000] {logging_mixin.py:149} INFO - [2024-09-03T11:05:01.863+0000] {dag.py:3486} INFO - Setting next_dagrun for dataset_produces_1 to 2024-09-02T00:00:00+00:00, run_after=2024-09-03T00:00:00+00:00
[2024-09-03T11:05:01.864+0000] {logging_mixin.py:149} INFO - [2024-09-03T11:05:01.864+0000] {dag.py:3486} INFO - Setting next_dagrun for dataset_produces_2 to None, run_after=None
[2024-09-03T11:05:01.900+0000] {processor.py:179} INFO - Processing /home/airflow-vm/data-engineer-batch-processing-financial-services/.venv/lib/python3.10/site-packages/airflow/example_dags/example_datasets.py took 0.104 seconds
[2024-09-03T11:07:27.096+0000] {processor.py:157} INFO - Started process (PID=7322) to work on /home/airflow-vm/data-engineer-batch-processing-financial-services/.venv/lib/python3.10/site-packages/airflow/example_dags/example_datasets.py
[2024-09-03T11:07:27.097+0000] {processor.py:826} INFO - Processing file /home/airflow-vm/data-engineer-batch-processing-financial-services/.venv/lib/python3.10/site-packages/airflow/example_dags/example_datasets.py for tasks to queue
[2024-09-03T11:07:27.097+0000] {logging_mixin.py:149} INFO - [2024-09-03T11:07:27.097+0000] {dagbag.py:541} INFO - Filling up the DagBag from /home/airflow-vm/data-engineer-batch-processing-financial-services/.venv/lib/python3.10/site-packages/airflow/example_dags/example_datasets.py
[2024-09-03T11:07:27.106+0000] {processor.py:836} INFO - DAG(s) dict_keys(['dataset_consumes_1_and_2', 'dataset_consumes_1_never_scheduled', 'dataset_consumes_1', 'dataset_consumes_unknown_never_scheduled', 'dataset_produces_2', 'dataset_produces_1']) retrieved from /home/airflow-vm/data-engineer-batch-processing-financial-services/.venv/lib/python3.10/site-packages/airflow/example_dags/example_datasets.py
[2024-09-03T11:07:27.135+0000] {logging_mixin.py:149} INFO - [2024-09-03T11:07:27.135+0000] {dag.py:2726} INFO - Sync 6 DAGs
[2024-09-03T11:07:27.156+0000] {logging_mixin.py:149} INFO - [2024-09-03T11:07:27.155+0000] {dag.py:3486} INFO - Setting next_dagrun for dataset_consumes_1 to None, run_after=None
[2024-09-03T11:07:27.159+0000] {logging_mixin.py:149} INFO - [2024-09-03T11:07:27.159+0000] {dag.py:3486} INFO - Setting next_dagrun for dataset_consumes_1_and_2 to None, run_after=None
[2024-09-03T11:07:27.160+0000] {logging_mixin.py:149} INFO - [2024-09-03T11:07:27.160+0000] {dag.py:3486} INFO - Setting next_dagrun for dataset_consumes_1_never_scheduled to None, run_after=None
[2024-09-03T11:07:27.161+0000] {logging_mixin.py:149} INFO - [2024-09-03T11:07:27.161+0000] {dag.py:3486} INFO - Setting next_dagrun for dataset_consumes_unknown_never_scheduled to None, run_after=None
[2024-09-03T11:07:27.164+0000] {logging_mixin.py:149} INFO - [2024-09-03T11:07:27.164+0000] {dag.py:3486} INFO - Setting next_dagrun for dataset_produces_1 to 2024-09-02T00:00:00+00:00, run_after=2024-09-03T00:00:00+00:00
[2024-09-03T11:07:27.165+0000] {logging_mixin.py:149} INFO - [2024-09-03T11:07:27.165+0000] {dag.py:3486} INFO - Setting next_dagrun for dataset_produces_2 to None, run_after=None
[2024-09-03T11:07:27.203+0000] {processor.py:179} INFO - Processing /home/airflow-vm/data-engineer-batch-processing-financial-services/.venv/lib/python3.10/site-packages/airflow/example_dags/example_datasets.py took 0.109 seconds
[2024-09-03T11:09:32.422+0000] {processor.py:157} INFO - Started process (PID=8187) to work on /home/airflow-vm/data-engineer-batch-processing-financial-services/.venv/lib/python3.10/site-packages/airflow/example_dags/example_datasets.py
[2024-09-03T11:09:32.423+0000] {processor.py:826} INFO - Processing file /home/airflow-vm/data-engineer-batch-processing-financial-services/.venv/lib/python3.10/site-packages/airflow/example_dags/example_datasets.py for tasks to queue
[2024-09-03T11:09:32.423+0000] {logging_mixin.py:149} INFO - [2024-09-03T11:09:32.423+0000] {dagbag.py:541} INFO - Filling up the DagBag from /home/airflow-vm/data-engineer-batch-processing-financial-services/.venv/lib/python3.10/site-packages/airflow/example_dags/example_datasets.py
[2024-09-03T11:09:32.433+0000] {processor.py:836} INFO - DAG(s) dict_keys(['dataset_produces_1', 'dataset_consumes_1_never_scheduled', 'dataset_produces_2', 'dataset_consumes_1', 'dataset_consumes_1_and_2', 'dataset_consumes_unknown_never_scheduled']) retrieved from /home/airflow-vm/data-engineer-batch-processing-financial-services/.venv/lib/python3.10/site-packages/airflow/example_dags/example_datasets.py
[2024-09-03T11:09:32.469+0000] {logging_mixin.py:149} INFO - [2024-09-03T11:09:32.468+0000] {dag.py:2726} INFO - Sync 6 DAGs
[2024-09-03T11:09:32.493+0000] {logging_mixin.py:149} INFO - [2024-09-03T11:09:32.493+0000] {dag.py:3486} INFO - Setting next_dagrun for dataset_consumes_1 to None, run_after=None
[2024-09-03T11:09:32.497+0000] {logging_mixin.py:149} INFO - [2024-09-03T11:09:32.497+0000] {dag.py:3486} INFO - Setting next_dagrun for dataset_consumes_1_and_2 to None, run_after=None
[2024-09-03T11:09:32.498+0000] {logging_mixin.py:149} INFO - [2024-09-03T11:09:32.498+0000] {dag.py:3486} INFO - Setting next_dagrun for dataset_consumes_1_never_scheduled to None, run_after=None
[2024-09-03T11:09:32.499+0000] {logging_mixin.py:149} INFO - [2024-09-03T11:09:32.499+0000] {dag.py:3486} INFO - Setting next_dagrun for dataset_consumes_unknown_never_scheduled to None, run_after=None
[2024-09-03T11:09:32.502+0000] {logging_mixin.py:149} INFO - [2024-09-03T11:09:32.501+0000] {dag.py:3486} INFO - Setting next_dagrun for dataset_produces_1 to 2024-09-02T00:00:00+00:00, run_after=2024-09-03T00:00:00+00:00
[2024-09-03T11:09:32.503+0000] {logging_mixin.py:149} INFO - [2024-09-03T11:09:32.503+0000] {dag.py:3486} INFO - Setting next_dagrun for dataset_produces_2 to None, run_after=None
[2024-09-03T11:09:32.543+0000] {processor.py:179} INFO - Processing /home/airflow-vm/data-engineer-batch-processing-financial-services/.venv/lib/python3.10/site-packages/airflow/example_dags/example_datasets.py took 0.124 seconds
[2024-09-03T11:11:39.531+0000] {processor.py:157} INFO - Started process (PID=9074) to work on /home/airflow-vm/data-engineer-batch-processing-financial-services/.venv/lib/python3.10/site-packages/airflow/example_dags/example_datasets.py
[2024-09-03T11:11:39.531+0000] {processor.py:826} INFO - Processing file /home/airflow-vm/data-engineer-batch-processing-financial-services/.venv/lib/python3.10/site-packages/airflow/example_dags/example_datasets.py for tasks to queue
[2024-09-03T11:11:39.532+0000] {logging_mixin.py:149} INFO - [2024-09-03T11:11:39.532+0000] {dagbag.py:541} INFO - Filling up the DagBag from /home/airflow-vm/data-engineer-batch-processing-financial-services/.venv/lib/python3.10/site-packages/airflow/example_dags/example_datasets.py
[2024-09-03T11:11:39.540+0000] {processor.py:836} INFO - DAG(s) dict_keys(['dataset_consumes_1_and_2', 'dataset_consumes_unknown_never_scheduled', 'dataset_produces_2', 'dataset_consumes_1', 'dataset_consumes_1_never_scheduled', 'dataset_produces_1']) retrieved from /home/airflow-vm/data-engineer-batch-processing-financial-services/.venv/lib/python3.10/site-packages/airflow/example_dags/example_datasets.py
[2024-09-03T11:11:39.573+0000] {logging_mixin.py:149} INFO - [2024-09-03T11:11:39.573+0000] {dag.py:2726} INFO - Sync 6 DAGs
[2024-09-03T11:11:39.594+0000] {logging_mixin.py:149} INFO - [2024-09-03T11:11:39.594+0000] {dag.py:3486} INFO - Setting next_dagrun for dataset_consumes_1 to None, run_after=None
[2024-09-03T11:11:39.597+0000] {logging_mixin.py:149} INFO - [2024-09-03T11:11:39.597+0000] {dag.py:3486} INFO - Setting next_dagrun for dataset_consumes_1_and_2 to None, run_after=None
[2024-09-03T11:11:39.598+0000] {logging_mixin.py:149} INFO - [2024-09-03T11:11:39.597+0000] {dag.py:3486} INFO - Setting next_dagrun for dataset_consumes_1_never_scheduled to None, run_after=None
[2024-09-03T11:11:39.598+0000] {logging_mixin.py:149} INFO - [2024-09-03T11:11:39.598+0000] {dag.py:3486} INFO - Setting next_dagrun for dataset_consumes_unknown_never_scheduled to None, run_after=None
[2024-09-03T11:11:39.601+0000] {logging_mixin.py:149} INFO - [2024-09-03T11:11:39.601+0000] {dag.py:3486} INFO - Setting next_dagrun for dataset_produces_1 to 2024-09-02T00:00:00+00:00, run_after=2024-09-03T00:00:00+00:00
[2024-09-03T11:11:39.602+0000] {logging_mixin.py:149} INFO - [2024-09-03T11:11:39.602+0000] {dag.py:3486} INFO - Setting next_dagrun for dataset_produces_2 to None, run_after=None
[2024-09-03T11:11:39.638+0000] {processor.py:179} INFO - Processing /home/airflow-vm/data-engineer-batch-processing-financial-services/.venv/lib/python3.10/site-packages/airflow/example_dags/example_datasets.py took 0.110 seconds
[2024-09-03T11:13:47.113+0000] {processor.py:157} INFO - Started process (PID=9967) to work on /home/airflow-vm/data-engineer-batch-processing-financial-services/.venv/lib/python3.10/site-packages/airflow/example_dags/example_datasets.py
[2024-09-03T11:13:47.114+0000] {processor.py:826} INFO - Processing file /home/airflow-vm/data-engineer-batch-processing-financial-services/.venv/lib/python3.10/site-packages/airflow/example_dags/example_datasets.py for tasks to queue
[2024-09-03T11:13:47.114+0000] {logging_mixin.py:149} INFO - [2024-09-03T11:13:47.114+0000] {dagbag.py:541} INFO - Filling up the DagBag from /home/airflow-vm/data-engineer-batch-processing-financial-services/.venv/lib/python3.10/site-packages/airflow/example_dags/example_datasets.py
[2024-09-03T11:13:47.123+0000] {processor.py:836} INFO - DAG(s) dict_keys(['dataset_consumes_1_and_2', 'dataset_consumes_1', 'dataset_consumes_1_never_scheduled', 'dataset_consumes_unknown_never_scheduled', 'dataset_produces_2', 'dataset_produces_1']) retrieved from /home/airflow-vm/data-engineer-batch-processing-financial-services/.venv/lib/python3.10/site-packages/airflow/example_dags/example_datasets.py
[2024-09-03T11:13:47.151+0000] {logging_mixin.py:149} INFO - [2024-09-03T11:13:47.151+0000] {dag.py:2726} INFO - Sync 6 DAGs
[2024-09-03T11:13:47.173+0000] {logging_mixin.py:149} INFO - [2024-09-03T11:13:47.173+0000] {dag.py:3486} INFO - Setting next_dagrun for dataset_consumes_1 to None, run_after=None
[2024-09-03T11:13:47.176+0000] {logging_mixin.py:149} INFO - [2024-09-03T11:13:47.176+0000] {dag.py:3486} INFO - Setting next_dagrun for dataset_consumes_1_and_2 to None, run_after=None
[2024-09-03T11:13:47.177+0000] {logging_mixin.py:149} INFO - [2024-09-03T11:13:47.177+0000] {dag.py:3486} INFO - Setting next_dagrun for dataset_consumes_1_never_scheduled to None, run_after=None
[2024-09-03T11:13:47.178+0000] {logging_mixin.py:149} INFO - [2024-09-03T11:13:47.178+0000] {dag.py:3486} INFO - Setting next_dagrun for dataset_consumes_unknown_never_scheduled to None, run_after=None
[2024-09-03T11:13:47.181+0000] {logging_mixin.py:149} INFO - [2024-09-03T11:13:47.180+0000] {dag.py:3486} INFO - Setting next_dagrun for dataset_produces_1 to 2024-09-02T00:00:00+00:00, run_after=2024-09-03T00:00:00+00:00
[2024-09-03T11:13:47.181+0000] {logging_mixin.py:149} INFO - [2024-09-03T11:13:47.181+0000] {dag.py:3486} INFO - Setting next_dagrun for dataset_produces_2 to None, run_after=None
[2024-09-03T11:13:47.220+0000] {processor.py:179} INFO - Processing /home/airflow-vm/data-engineer-batch-processing-financial-services/.venv/lib/python3.10/site-packages/airflow/example_dags/example_datasets.py took 0.109 seconds
[2024-09-03T11:15:54.154+0000] {processor.py:157} INFO - Started process (PID=11138) to work on /home/airflow-vm/data-engineer-batch-processing-financial-services/.venv/lib/python3.10/site-packages/airflow/example_dags/example_datasets.py
[2024-09-03T11:15:54.155+0000] {processor.py:826} INFO - Processing file /home/airflow-vm/data-engineer-batch-processing-financial-services/.venv/lib/python3.10/site-packages/airflow/example_dags/example_datasets.py for tasks to queue
[2024-09-03T11:15:54.156+0000] {logging_mixin.py:149} INFO - [2024-09-03T11:15:54.155+0000] {dagbag.py:541} INFO - Filling up the DagBag from /home/airflow-vm/data-engineer-batch-processing-financial-services/.venv/lib/python3.10/site-packages/airflow/example_dags/example_datasets.py
[2024-09-03T11:15:54.165+0000] {processor.py:836} INFO - DAG(s) dict_keys(['dataset_produces_1', 'dataset_consumes_1_and_2', 'dataset_consumes_1_never_scheduled', 'dataset_consumes_unknown_never_scheduled', 'dataset_produces_2', 'dataset_consumes_1']) retrieved from /home/airflow-vm/data-engineer-batch-processing-financial-services/.venv/lib/python3.10/site-packages/airflow/example_dags/example_datasets.py
[2024-09-03T11:15:54.196+0000] {logging_mixin.py:149} INFO - [2024-09-03T11:15:54.195+0000] {dag.py:2726} INFO - Sync 6 DAGs
[2024-09-03T11:15:54.216+0000] {logging_mixin.py:149} INFO - [2024-09-03T11:15:54.216+0000] {dag.py:3486} INFO - Setting next_dagrun for dataset_consumes_1 to None, run_after=None
[2024-09-03T11:15:54.219+0000] {logging_mixin.py:149} INFO - [2024-09-03T11:15:54.219+0000] {dag.py:3486} INFO - Setting next_dagrun for dataset_consumes_1_and_2 to None, run_after=None
[2024-09-03T11:15:54.220+0000] {logging_mixin.py:149} INFO - [2024-09-03T11:15:54.220+0000] {dag.py:3486} INFO - Setting next_dagrun for dataset_consumes_1_never_scheduled to None, run_after=None
[2024-09-03T11:15:54.221+0000] {logging_mixin.py:149} INFO - [2024-09-03T11:15:54.221+0000] {dag.py:3486} INFO - Setting next_dagrun for dataset_consumes_unknown_never_scheduled to None, run_after=None
[2024-09-03T11:15:54.223+0000] {logging_mixin.py:149} INFO - [2024-09-03T11:15:54.223+0000] {dag.py:3486} INFO - Setting next_dagrun for dataset_produces_1 to 2024-09-02T00:00:00+00:00, run_after=2024-09-03T00:00:00+00:00
[2024-09-03T11:15:54.224+0000] {logging_mixin.py:149} INFO - [2024-09-03T11:15:54.224+0000] {dag.py:3486} INFO - Setting next_dagrun for dataset_produces_2 to None, run_after=None
[2024-09-03T11:15:54.267+0000] {processor.py:179} INFO - Processing /home/airflow-vm/data-engineer-batch-processing-financial-services/.venv/lib/python3.10/site-packages/airflow/example_dags/example_datasets.py took 0.116 seconds
[2024-09-03T11:18:13.993+0000] {processor.py:157} INFO - Started process (PID=12287) to work on /home/airflow-vm/data-engineer-batch-processing-financial-services/.venv/lib/python3.10/site-packages/airflow/example_dags/example_datasets.py
[2024-09-03T11:18:13.994+0000] {processor.py:826} INFO - Processing file /home/airflow-vm/data-engineer-batch-processing-financial-services/.venv/lib/python3.10/site-packages/airflow/example_dags/example_datasets.py for tasks to queue
[2024-09-03T11:18:13.995+0000] {logging_mixin.py:149} INFO - [2024-09-03T11:18:13.995+0000] {dagbag.py:541} INFO - Filling up the DagBag from /home/airflow-vm/data-engineer-batch-processing-financial-services/.venv/lib/python3.10/site-packages/airflow/example_dags/example_datasets.py
[2024-09-03T11:18:14.003+0000] {processor.py:836} INFO - DAG(s) dict_keys(['dataset_consumes_1', 'dataset_produces_2', 'dataset_produces_1', 'dataset_consumes_1_never_scheduled', 'dataset_consumes_1_and_2', 'dataset_consumes_unknown_never_scheduled']) retrieved from /home/airflow-vm/data-engineer-batch-processing-financial-services/.venv/lib/python3.10/site-packages/airflow/example_dags/example_datasets.py
[2024-09-03T11:18:14.031+0000] {logging_mixin.py:149} INFO - [2024-09-03T11:18:14.031+0000] {dag.py:2726} INFO - Sync 6 DAGs
[2024-09-03T11:18:14.052+0000] {logging_mixin.py:149} INFO - [2024-09-03T11:18:14.051+0000] {dag.py:3486} INFO - Setting next_dagrun for dataset_consumes_1 to None, run_after=None
[2024-09-03T11:18:14.055+0000] {logging_mixin.py:149} INFO - [2024-09-03T11:18:14.054+0000] {dag.py:3486} INFO - Setting next_dagrun for dataset_consumes_1_and_2 to None, run_after=None
[2024-09-03T11:18:14.056+0000] {logging_mixin.py:149} INFO - [2024-09-03T11:18:14.055+0000] {dag.py:3486} INFO - Setting next_dagrun for dataset_consumes_1_never_scheduled to None, run_after=None
[2024-09-03T11:18:14.056+0000] {logging_mixin.py:149} INFO - [2024-09-03T11:18:14.056+0000] {dag.py:3486} INFO - Setting next_dagrun for dataset_consumes_unknown_never_scheduled to None, run_after=None
[2024-09-03T11:18:14.059+0000] {logging_mixin.py:149} INFO - [2024-09-03T11:18:14.059+0000] {dag.py:3486} INFO - Setting next_dagrun for dataset_produces_1 to 2024-09-02T00:00:00+00:00, run_after=2024-09-03T00:00:00+00:00
[2024-09-03T11:18:14.060+0000] {logging_mixin.py:149} INFO - [2024-09-03T11:18:14.060+0000] {dag.py:3486} INFO - Setting next_dagrun for dataset_produces_2 to None, run_after=None
[2024-09-03T11:18:14.097+0000] {processor.py:179} INFO - Processing /home/airflow-vm/data-engineer-batch-processing-financial-services/.venv/lib/python3.10/site-packages/airflow/example_dags/example_datasets.py took 0.106 seconds
[2024-09-03T11:20:57.416+0000] {processor.py:157} INFO - Started process (PID=13757) to work on /home/airflow-vm/data-engineer-batch-processing-financial-services/.venv/lib/python3.10/site-packages/airflow/example_dags/example_datasets.py
[2024-09-03T11:20:57.417+0000] {processor.py:826} INFO - Processing file /home/airflow-vm/data-engineer-batch-processing-financial-services/.venv/lib/python3.10/site-packages/airflow/example_dags/example_datasets.py for tasks to queue
[2024-09-03T11:20:57.417+0000] {logging_mixin.py:149} INFO - [2024-09-03T11:20:57.417+0000] {dagbag.py:541} INFO - Filling up the DagBag from /home/airflow-vm/data-engineer-batch-processing-financial-services/.venv/lib/python3.10/site-packages/airflow/example_dags/example_datasets.py
[2024-09-03T11:20:57.426+0000] {processor.py:836} INFO - DAG(s) dict_keys(['dataset_consumes_1', 'dataset_produces_2', 'dataset_consumes_1_never_scheduled', 'dataset_consumes_unknown_never_scheduled', 'dataset_consumes_1_and_2', 'dataset_produces_1']) retrieved from /home/airflow-vm/data-engineer-batch-processing-financial-services/.venv/lib/python3.10/site-packages/airflow/example_dags/example_datasets.py
[2024-09-03T11:20:57.454+0000] {logging_mixin.py:149} INFO - [2024-09-03T11:20:57.454+0000] {dag.py:2726} INFO - Sync 6 DAGs
[2024-09-03T11:20:57.476+0000] {logging_mixin.py:149} INFO - [2024-09-03T11:20:57.476+0000] {dag.py:3486} INFO - Setting next_dagrun for dataset_consumes_1 to None, run_after=None
[2024-09-03T11:20:57.479+0000] {logging_mixin.py:149} INFO - [2024-09-03T11:20:57.479+0000] {dag.py:3486} INFO - Setting next_dagrun for dataset_consumes_1_and_2 to None, run_after=None
[2024-09-03T11:20:57.480+0000] {logging_mixin.py:149} INFO - [2024-09-03T11:20:57.480+0000] {dag.py:3486} INFO - Setting next_dagrun for dataset_consumes_1_never_scheduled to None, run_after=None
[2024-09-03T11:20:57.481+0000] {logging_mixin.py:149} INFO - [2024-09-03T11:20:57.481+0000] {dag.py:3486} INFO - Setting next_dagrun for dataset_consumes_unknown_never_scheduled to None, run_after=None
[2024-09-03T11:20:57.484+0000] {logging_mixin.py:149} INFO - [2024-09-03T11:20:57.483+0000] {dag.py:3486} INFO - Setting next_dagrun for dataset_produces_1 to 2024-09-02T00:00:00+00:00, run_after=2024-09-03T00:00:00+00:00
[2024-09-03T11:20:57.484+0000] {logging_mixin.py:149} INFO - [2024-09-03T11:20:57.484+0000] {dag.py:3486} INFO - Setting next_dagrun for dataset_produces_2 to None, run_after=None
[2024-09-03T11:20:57.522+0000] {processor.py:179} INFO - Processing /home/airflow-vm/data-engineer-batch-processing-financial-services/.venv/lib/python3.10/site-packages/airflow/example_dags/example_datasets.py took 0.109 seconds
[2024-09-03T11:23:54.390+0000] {processor.py:157} INFO - Started process (PID=15202) to work on /home/airflow-vm/data-engineer-batch-processing-financial-services/.venv/lib/python3.10/site-packages/airflow/example_dags/example_datasets.py
[2024-09-03T11:23:54.391+0000] {processor.py:826} INFO - Processing file /home/airflow-vm/data-engineer-batch-processing-financial-services/.venv/lib/python3.10/site-packages/airflow/example_dags/example_datasets.py for tasks to queue
[2024-09-03T11:23:54.391+0000] {logging_mixin.py:149} INFO - [2024-09-03T11:23:54.391+0000] {dagbag.py:541} INFO - Filling up the DagBag from /home/airflow-vm/data-engineer-batch-processing-financial-services/.venv/lib/python3.10/site-packages/airflow/example_dags/example_datasets.py
[2024-09-03T11:23:54.401+0000] {processor.py:836} INFO - DAG(s) dict_keys(['dataset_consumes_unknown_never_scheduled', 'dataset_consumes_1_and_2', 'dataset_produces_2', 'dataset_consumes_1', 'dataset_consumes_1_never_scheduled', 'dataset_produces_1']) retrieved from /home/airflow-vm/data-engineer-batch-processing-financial-services/.venv/lib/python3.10/site-packages/airflow/example_dags/example_datasets.py
[2024-09-03T11:23:54.432+0000] {logging_mixin.py:149} INFO - [2024-09-03T11:23:54.432+0000] {dag.py:2726} INFO - Sync 6 DAGs
[2024-09-03T11:23:54.456+0000] {logging_mixin.py:149} INFO - [2024-09-03T11:23:54.455+0000] {dag.py:3486} INFO - Setting next_dagrun for dataset_consumes_1 to None, run_after=None
[2024-09-03T11:23:54.460+0000] {logging_mixin.py:149} INFO - [2024-09-03T11:23:54.459+0000] {dag.py:3486} INFO - Setting next_dagrun for dataset_consumes_1_and_2 to None, run_after=None
[2024-09-03T11:23:54.461+0000] {logging_mixin.py:149} INFO - [2024-09-03T11:23:54.461+0000] {dag.py:3486} INFO - Setting next_dagrun for dataset_consumes_1_never_scheduled to None, run_after=None
[2024-09-03T11:23:54.462+0000] {logging_mixin.py:149} INFO - [2024-09-03T11:23:54.462+0000] {dag.py:3486} INFO - Setting next_dagrun for dataset_consumes_unknown_never_scheduled to None, run_after=None
[2024-09-03T11:23:54.465+0000] {logging_mixin.py:149} INFO - [2024-09-03T11:23:54.465+0000] {dag.py:3486} INFO - Setting next_dagrun for dataset_produces_1 to 2024-09-02T00:00:00+00:00, run_after=2024-09-03T00:00:00+00:00
[2024-09-03T11:23:54.466+0000] {logging_mixin.py:149} INFO - [2024-09-03T11:23:54.466+0000] {dag.py:3486} INFO - Setting next_dagrun for dataset_produces_2 to None, run_after=None
[2024-09-03T11:23:54.505+0000] {processor.py:179} INFO - Processing /home/airflow-vm/data-engineer-batch-processing-financial-services/.venv/lib/python3.10/site-packages/airflow/example_dags/example_datasets.py took 0.119 seconds
[2024-09-03T11:26:41.168+0000] {processor.py:157} INFO - Started process (PID=16344) to work on /home/airflow-vm/data-engineer-batch-processing-financial-services/.venv/lib/python3.10/site-packages/airflow/example_dags/example_datasets.py
[2024-09-03T11:26:41.169+0000] {processor.py:826} INFO - Processing file /home/airflow-vm/data-engineer-batch-processing-financial-services/.venv/lib/python3.10/site-packages/airflow/example_dags/example_datasets.py for tasks to queue
[2024-09-03T11:26:41.170+0000] {logging_mixin.py:149} INFO - [2024-09-03T11:26:41.170+0000] {dagbag.py:541} INFO - Filling up the DagBag from /home/airflow-vm/data-engineer-batch-processing-financial-services/.venv/lib/python3.10/site-packages/airflow/example_dags/example_datasets.py
[2024-09-03T11:26:41.179+0000] {processor.py:836} INFO - DAG(s) dict_keys(['dataset_produces_1', 'dataset_produces_2', 'dataset_consumes_1_never_scheduled', 'dataset_consumes_unknown_never_scheduled', 'dataset_consumes_1', 'dataset_consumes_1_and_2']) retrieved from /home/airflow-vm/data-engineer-batch-processing-financial-services/.venv/lib/python3.10/site-packages/airflow/example_dags/example_datasets.py
[2024-09-03T11:26:41.212+0000] {logging_mixin.py:149} INFO - [2024-09-03T11:26:41.212+0000] {dag.py:2726} INFO - Sync 6 DAGs
[2024-09-03T11:26:41.234+0000] {logging_mixin.py:149} INFO - [2024-09-03T11:26:41.233+0000] {dag.py:3486} INFO - Setting next_dagrun for dataset_consumes_1 to None, run_after=None
[2024-09-03T11:26:41.237+0000] {logging_mixin.py:149} INFO - [2024-09-03T11:26:41.237+0000] {dag.py:3486} INFO - Setting next_dagrun for dataset_consumes_1_and_2 to None, run_after=None
[2024-09-03T11:26:41.238+0000] {logging_mixin.py:149} INFO - [2024-09-03T11:26:41.238+0000] {dag.py:3486} INFO - Setting next_dagrun for dataset_consumes_1_never_scheduled to None, run_after=None
[2024-09-03T11:26:41.239+0000] {logging_mixin.py:149} INFO - [2024-09-03T11:26:41.239+0000] {dag.py:3486} INFO - Setting next_dagrun for dataset_consumes_unknown_never_scheduled to None, run_after=None
[2024-09-03T11:26:41.241+0000] {logging_mixin.py:149} INFO - [2024-09-03T11:26:41.241+0000] {dag.py:3486} INFO - Setting next_dagrun for dataset_produces_1 to 2024-09-02T00:00:00+00:00, run_after=2024-09-03T00:00:00+00:00
[2024-09-03T11:26:41.242+0000] {logging_mixin.py:149} INFO - [2024-09-03T11:26:41.242+0000] {dag.py:3486} INFO - Setting next_dagrun for dataset_produces_2 to None, run_after=None
[2024-09-03T11:26:41.288+0000] {processor.py:179} INFO - Processing /home/airflow-vm/data-engineer-batch-processing-financial-services/.venv/lib/python3.10/site-packages/airflow/example_dags/example_datasets.py took 0.123 seconds
[2024-09-03T11:29:55.342+0000] {processor.py:157} INFO - Started process (PID=17968) to work on /home/airflow-vm/data-engineer-batch-processing-financial-services/.venv/lib/python3.10/site-packages/airflow/example_dags/example_datasets.py
[2024-09-03T11:29:55.342+0000] {processor.py:826} INFO - Processing file /home/airflow-vm/data-engineer-batch-processing-financial-services/.venv/lib/python3.10/site-packages/airflow/example_dags/example_datasets.py for tasks to queue
[2024-09-03T11:29:55.343+0000] {logging_mixin.py:149} INFO - [2024-09-03T11:29:55.343+0000] {dagbag.py:541} INFO - Filling up the DagBag from /home/airflow-vm/data-engineer-batch-processing-financial-services/.venv/lib/python3.10/site-packages/airflow/example_dags/example_datasets.py
[2024-09-03T11:29:55.352+0000] {processor.py:836} INFO - DAG(s) dict_keys(['dataset_produces_1', 'dataset_consumes_unknown_never_scheduled', 'dataset_consumes_1_never_scheduled', 'dataset_consumes_1', 'dataset_consumes_1_and_2', 'dataset_produces_2']) retrieved from /home/airflow-vm/data-engineer-batch-processing-financial-services/.venv/lib/python3.10/site-packages/airflow/example_dags/example_datasets.py
[2024-09-03T11:29:55.385+0000] {logging_mixin.py:149} INFO - [2024-09-03T11:29:55.385+0000] {dag.py:2726} INFO - Sync 6 DAGs
[2024-09-03T11:29:55.407+0000] {logging_mixin.py:149} INFO - [2024-09-03T11:29:55.406+0000] {dag.py:3486} INFO - Setting next_dagrun for dataset_consumes_1 to None, run_after=None
[2024-09-03T11:29:55.410+0000] {logging_mixin.py:149} INFO - [2024-09-03T11:29:55.409+0000] {dag.py:3486} INFO - Setting next_dagrun for dataset_consumes_1_and_2 to None, run_after=None
[2024-09-03T11:29:55.410+0000] {logging_mixin.py:149} INFO - [2024-09-03T11:29:55.410+0000] {dag.py:3486} INFO - Setting next_dagrun for dataset_consumes_1_never_scheduled to None, run_after=None
[2024-09-03T11:29:55.411+0000] {logging_mixin.py:149} INFO - [2024-09-03T11:29:55.411+0000] {dag.py:3486} INFO - Setting next_dagrun for dataset_consumes_unknown_never_scheduled to None, run_after=None
[2024-09-03T11:29:55.414+0000] {logging_mixin.py:149} INFO - [2024-09-03T11:29:55.414+0000] {dag.py:3486} INFO - Setting next_dagrun for dataset_produces_1 to 2024-09-02T00:00:00+00:00, run_after=2024-09-03T00:00:00+00:00
[2024-09-03T11:29:55.415+0000] {logging_mixin.py:149} INFO - [2024-09-03T11:29:55.415+0000] {dag.py:3486} INFO - Setting next_dagrun for dataset_produces_2 to None, run_after=None
[2024-09-03T11:29:55.452+0000] {processor.py:179} INFO - Processing /home/airflow-vm/data-engineer-batch-processing-financial-services/.venv/lib/python3.10/site-packages/airflow/example_dags/example_datasets.py took 0.113 seconds
[2024-09-03T11:34:04.186+0000] {processor.py:157} INFO - Started process (PID=20345) to work on /home/airflow-vm/data-engineer-batch-processing-financial-services/.venv/lib/python3.10/site-packages/airflow/example_dags/example_datasets.py
[2024-09-03T11:34:04.187+0000] {processor.py:826} INFO - Processing file /home/airflow-vm/data-engineer-batch-processing-financial-services/.venv/lib/python3.10/site-packages/airflow/example_dags/example_datasets.py for tasks to queue
[2024-09-03T11:34:04.188+0000] {logging_mixin.py:149} INFO - [2024-09-03T11:34:04.188+0000] {dagbag.py:541} INFO - Filling up the DagBag from /home/airflow-vm/data-engineer-batch-processing-financial-services/.venv/lib/python3.10/site-packages/airflow/example_dags/example_datasets.py
[2024-09-03T11:34:04.197+0000] {processor.py:836} INFO - DAG(s) dict_keys(['dataset_consumes_unknown_never_scheduled', 'dataset_consumes_1_and_2', 'dataset_consumes_1_never_scheduled', 'dataset_consumes_1', 'dataset_produces_1', 'dataset_produces_2']) retrieved from /home/airflow-vm/data-engineer-batch-processing-financial-services/.venv/lib/python3.10/site-packages/airflow/example_dags/example_datasets.py
[2024-09-03T11:34:04.229+0000] {logging_mixin.py:149} INFO - [2024-09-03T11:34:04.229+0000] {dag.py:2726} INFO - Sync 6 DAGs
[2024-09-03T11:34:04.251+0000] {logging_mixin.py:149} INFO - [2024-09-03T11:34:04.250+0000] {dag.py:3486} INFO - Setting next_dagrun for dataset_consumes_1 to None, run_after=None
[2024-09-03T11:34:04.254+0000] {logging_mixin.py:149} INFO - [2024-09-03T11:34:04.254+0000] {dag.py:3486} INFO - Setting next_dagrun for dataset_consumes_1_and_2 to None, run_after=None
[2024-09-03T11:34:04.255+0000] {logging_mixin.py:149} INFO - [2024-09-03T11:34:04.255+0000] {dag.py:3486} INFO - Setting next_dagrun for dataset_consumes_1_never_scheduled to None, run_after=None
[2024-09-03T11:34:04.256+0000] {logging_mixin.py:149} INFO - [2024-09-03T11:34:04.256+0000] {dag.py:3486} INFO - Setting next_dagrun for dataset_consumes_unknown_never_scheduled to None, run_after=None
[2024-09-03T11:34:04.259+0000] {logging_mixin.py:149} INFO - [2024-09-03T11:34:04.259+0000] {dag.py:3486} INFO - Setting next_dagrun for dataset_produces_1 to 2024-09-02T00:00:00+00:00, run_after=2024-09-03T00:00:00+00:00
[2024-09-03T11:34:04.260+0000] {logging_mixin.py:149} INFO - [2024-09-03T11:34:04.260+0000] {dag.py:3486} INFO - Setting next_dagrun for dataset_produces_2 to None, run_after=None
[2024-09-03T11:34:04.299+0000] {processor.py:179} INFO - Processing /home/airflow-vm/data-engineer-batch-processing-financial-services/.venv/lib/python3.10/site-packages/airflow/example_dags/example_datasets.py took 0.116 seconds
[2024-09-03T11:37:16.279+0000] {processor.py:157} INFO - Started process (PID=22560) to work on /home/airflow-vm/data-engineer-batch-processing-financial-services/.venv/lib/python3.10/site-packages/airflow/example_dags/example_datasets.py
[2024-09-03T11:37:16.280+0000] {processor.py:826} INFO - Processing file /home/airflow-vm/data-engineer-batch-processing-financial-services/.venv/lib/python3.10/site-packages/airflow/example_dags/example_datasets.py for tasks to queue
[2024-09-03T11:37:16.281+0000] {logging_mixin.py:149} INFO - [2024-09-03T11:37:16.281+0000] {dagbag.py:541} INFO - Filling up the DagBag from /home/airflow-vm/data-engineer-batch-processing-financial-services/.venv/lib/python3.10/site-packages/airflow/example_dags/example_datasets.py
[2024-09-03T11:37:16.290+0000] {processor.py:836} INFO - DAG(s) dict_keys(['dataset_consumes_1_and_2', 'dataset_produces_1', 'dataset_produces_2', 'dataset_consumes_unknown_never_scheduled', 'dataset_consumes_1_never_scheduled', 'dataset_consumes_1']) retrieved from /home/airflow-vm/data-engineer-batch-processing-financial-services/.venv/lib/python3.10/site-packages/airflow/example_dags/example_datasets.py
[2024-09-03T11:37:16.322+0000] {logging_mixin.py:149} INFO - [2024-09-03T11:37:16.322+0000] {dag.py:2726} INFO - Sync 6 DAGs
[2024-09-03T11:37:16.345+0000] {logging_mixin.py:149} INFO - [2024-09-03T11:37:16.345+0000] {dag.py:3486} INFO - Setting next_dagrun for dataset_consumes_1 to None, run_after=None
[2024-09-03T11:37:16.348+0000] {logging_mixin.py:149} INFO - [2024-09-03T11:37:16.348+0000] {dag.py:3486} INFO - Setting next_dagrun for dataset_consumes_1_and_2 to None, run_after=None
[2024-09-03T11:37:16.349+0000] {logging_mixin.py:149} INFO - [2024-09-03T11:37:16.349+0000] {dag.py:3486} INFO - Setting next_dagrun for dataset_consumes_1_never_scheduled to None, run_after=None
[2024-09-03T11:37:16.350+0000] {logging_mixin.py:149} INFO - [2024-09-03T11:37:16.350+0000] {dag.py:3486} INFO - Setting next_dagrun for dataset_consumes_unknown_never_scheduled to None, run_after=None
[2024-09-03T11:37:16.353+0000] {logging_mixin.py:149} INFO - [2024-09-03T11:37:16.353+0000] {dag.py:3486} INFO - Setting next_dagrun for dataset_produces_1 to 2024-09-02T00:00:00+00:00, run_after=2024-09-03T00:00:00+00:00
[2024-09-03T11:37:16.354+0000] {logging_mixin.py:149} INFO - [2024-09-03T11:37:16.354+0000] {dag.py:3486} INFO - Setting next_dagrun for dataset_produces_2 to None, run_after=None
[2024-09-03T11:37:16.396+0000] {processor.py:179} INFO - Processing /home/airflow-vm/data-engineer-batch-processing-financial-services/.venv/lib/python3.10/site-packages/airflow/example_dags/example_datasets.py took 0.120 seconds
[2024-09-03T11:38:04.044+0000] {processor.py:157} INFO - Started process (PID=22757) to work on /home/airflow-vm/data-engineer-batch-processing-financial-services/.venv/lib/python3.10/site-packages/airflow/example_dags/example_datasets.py
[2024-09-03T11:38:04.045+0000] {processor.py:826} INFO - Processing file /home/airflow-vm/data-engineer-batch-processing-financial-services/.venv/lib/python3.10/site-packages/airflow/example_dags/example_datasets.py for tasks to queue
[2024-09-03T11:38:04.045+0000] {logging_mixin.py:149} INFO - [2024-09-03T11:38:04.045+0000] {dagbag.py:541} INFO - Filling up the DagBag from /home/airflow-vm/data-engineer-batch-processing-financial-services/.venv/lib/python3.10/site-packages/airflow/example_dags/example_datasets.py
[2024-09-03T11:38:04.055+0000] {processor.py:836} INFO - DAG(s) dict_keys(['dataset_produces_1', 'dataset_consumes_unknown_never_scheduled', 'dataset_consumes_1_and_2', 'dataset_consumes_1', 'dataset_consumes_1_never_scheduled', 'dataset_produces_2']) retrieved from /home/airflow-vm/data-engineer-batch-processing-financial-services/.venv/lib/python3.10/site-packages/airflow/example_dags/example_datasets.py
[2024-09-03T11:38:04.089+0000] {logging_mixin.py:149} INFO - [2024-09-03T11:38:04.089+0000] {dag.py:2726} INFO - Sync 6 DAGs
[2024-09-03T11:38:04.111+0000] {logging_mixin.py:149} INFO - [2024-09-03T11:38:04.110+0000] {dag.py:3486} INFO - Setting next_dagrun for dataset_consumes_1 to None, run_after=None
[2024-09-03T11:38:04.114+0000] {logging_mixin.py:149} INFO - [2024-09-03T11:38:04.114+0000] {dag.py:3486} INFO - Setting next_dagrun for dataset_consumes_1_and_2 to None, run_after=None
[2024-09-03T11:38:04.115+0000] {logging_mixin.py:149} INFO - [2024-09-03T11:38:04.115+0000] {dag.py:3486} INFO - Setting next_dagrun for dataset_consumes_1_never_scheduled to None, run_after=None
[2024-09-03T11:38:04.116+0000] {logging_mixin.py:149} INFO - [2024-09-03T11:38:04.115+0000] {dag.py:3486} INFO - Setting next_dagrun for dataset_consumes_unknown_never_scheduled to None, run_after=None
[2024-09-03T11:38:04.118+0000] {logging_mixin.py:149} INFO - [2024-09-03T11:38:04.118+0000] {dag.py:3486} INFO - Setting next_dagrun for dataset_produces_1 to 2024-09-02T00:00:00+00:00, run_after=2024-09-03T00:00:00+00:00
[2024-09-03T11:38:04.119+0000] {logging_mixin.py:149} INFO - [2024-09-03T11:38:04.119+0000] {dag.py:3486} INFO - Setting next_dagrun for dataset_produces_2 to None, run_after=None
[2024-09-03T11:38:04.159+0000] {processor.py:179} INFO - Processing /home/airflow-vm/data-engineer-batch-processing-financial-services/.venv/lib/python3.10/site-packages/airflow/example_dags/example_datasets.py took 0.119 seconds
[2024-09-03T11:38:53.434+0000] {processor.py:157} INFO - Started process (PID=22984) to work on /home/airflow-vm/data-engineer-batch-processing-financial-services/.venv/lib/python3.10/site-packages/airflow/example_dags/example_datasets.py
[2024-09-03T11:38:53.435+0000] {processor.py:826} INFO - Processing file /home/airflow-vm/data-engineer-batch-processing-financial-services/.venv/lib/python3.10/site-packages/airflow/example_dags/example_datasets.py for tasks to queue
[2024-09-03T11:38:53.435+0000] {logging_mixin.py:149} INFO - [2024-09-03T11:38:53.435+0000] {dagbag.py:541} INFO - Filling up the DagBag from /home/airflow-vm/data-engineer-batch-processing-financial-services/.venv/lib/python3.10/site-packages/airflow/example_dags/example_datasets.py
[2024-09-03T11:38:53.444+0000] {processor.py:836} INFO - DAG(s) dict_keys(['dataset_consumes_unknown_never_scheduled', 'dataset_consumes_1', 'dataset_consumes_1_never_scheduled', 'dataset_produces_1', 'dataset_consumes_1_and_2', 'dataset_produces_2']) retrieved from /home/airflow-vm/data-engineer-batch-processing-financial-services/.venv/lib/python3.10/site-packages/airflow/example_dags/example_datasets.py
[2024-09-03T11:38:53.480+0000] {logging_mixin.py:149} INFO - [2024-09-03T11:38:53.479+0000] {dag.py:2726} INFO - Sync 6 DAGs
[2024-09-03T11:38:53.501+0000] {logging_mixin.py:149} INFO - [2024-09-03T11:38:53.501+0000] {dag.py:3486} INFO - Setting next_dagrun for dataset_consumes_1 to None, run_after=None
[2024-09-03T11:38:53.505+0000] {logging_mixin.py:149} INFO - [2024-09-03T11:38:53.504+0000] {dag.py:3486} INFO - Setting next_dagrun for dataset_consumes_1_and_2 to None, run_after=None
[2024-09-03T11:38:53.506+0000] {logging_mixin.py:149} INFO - [2024-09-03T11:38:53.505+0000] {dag.py:3486} INFO - Setting next_dagrun for dataset_consumes_1_never_scheduled to None, run_after=None
[2024-09-03T11:38:53.507+0000] {logging_mixin.py:149} INFO - [2024-09-03T11:38:53.506+0000] {dag.py:3486} INFO - Setting next_dagrun for dataset_consumes_unknown_never_scheduled to None, run_after=None
[2024-09-03T11:38:53.509+0000] {logging_mixin.py:149} INFO - [2024-09-03T11:38:53.509+0000] {dag.py:3486} INFO - Setting next_dagrun for dataset_produces_1 to 2024-09-02T00:00:00+00:00, run_after=2024-09-03T00:00:00+00:00
[2024-09-03T11:38:53.510+0000] {logging_mixin.py:149} INFO - [2024-09-03T11:38:53.510+0000] {dag.py:3486} INFO - Setting next_dagrun for dataset_produces_2 to None, run_after=None
[2024-09-03T11:38:53.550+0000] {processor.py:179} INFO - Processing /home/airflow-vm/data-engineer-batch-processing-financial-services/.venv/lib/python3.10/site-packages/airflow/example_dags/example_datasets.py took 0.119 seconds
[2024-09-03T11:39:39.206+0000] {processor.py:157} INFO - Started process (PID=23220) to work on /home/airflow-vm/data-engineer-batch-processing-financial-services/.venv/lib/python3.10/site-packages/airflow/example_dags/example_datasets.py
[2024-09-03T11:39:39.206+0000] {processor.py:826} INFO - Processing file /home/airflow-vm/data-engineer-batch-processing-financial-services/.venv/lib/python3.10/site-packages/airflow/example_dags/example_datasets.py for tasks to queue
[2024-09-03T11:39:39.207+0000] {logging_mixin.py:149} INFO - [2024-09-03T11:39:39.207+0000] {dagbag.py:541} INFO - Filling up the DagBag from /home/airflow-vm/data-engineer-batch-processing-financial-services/.venv/lib/python3.10/site-packages/airflow/example_dags/example_datasets.py
[2024-09-03T11:39:39.216+0000] {processor.py:836} INFO - DAG(s) dict_keys(['dataset_consumes_1', 'dataset_consumes_unknown_never_scheduled', 'dataset_produces_1', 'dataset_produces_2', 'dataset_consumes_1_and_2', 'dataset_consumes_1_never_scheduled']) retrieved from /home/airflow-vm/data-engineer-batch-processing-financial-services/.venv/lib/python3.10/site-packages/airflow/example_dags/example_datasets.py
[2024-09-03T11:39:39.245+0000] {logging_mixin.py:149} INFO - [2024-09-03T11:39:39.245+0000] {dag.py:2726} INFO - Sync 6 DAGs
[2024-09-03T11:39:39.270+0000] {logging_mixin.py:149} INFO - [2024-09-03T11:39:39.269+0000] {dag.py:3486} INFO - Setting next_dagrun for dataset_consumes_1 to None, run_after=None
[2024-09-03T11:39:39.273+0000] {logging_mixin.py:149} INFO - [2024-09-03T11:39:39.273+0000] {dag.py:3486} INFO - Setting next_dagrun for dataset_consumes_1_and_2 to None, run_after=None
[2024-09-03T11:39:39.274+0000] {logging_mixin.py:149} INFO - [2024-09-03T11:39:39.274+0000] {dag.py:3486} INFO - Setting next_dagrun for dataset_consumes_1_never_scheduled to None, run_after=None
[2024-09-03T11:39:39.275+0000] {logging_mixin.py:149} INFO - [2024-09-03T11:39:39.275+0000] {dag.py:3486} INFO - Setting next_dagrun for dataset_consumes_unknown_never_scheduled to None, run_after=None
[2024-09-03T11:39:39.278+0000] {logging_mixin.py:149} INFO - [2024-09-03T11:39:39.277+0000] {dag.py:3486} INFO - Setting next_dagrun for dataset_produces_1 to 2024-09-02T00:00:00+00:00, run_after=2024-09-03T00:00:00+00:00
[2024-09-03T11:39:39.278+0000] {logging_mixin.py:149} INFO - [2024-09-03T11:39:39.278+0000] {dag.py:3486} INFO - Setting next_dagrun for dataset_produces_2 to None, run_after=None
[2024-09-03T11:39:39.314+0000] {processor.py:179} INFO - Processing /home/airflow-vm/data-engineer-batch-processing-financial-services/.venv/lib/python3.10/site-packages/airflow/example_dags/example_datasets.py took 0.111 seconds
[2024-09-03T11:43:41.268+0000] {processor.py:157} INFO - Started process (PID=25791) to work on /home/airflow-vm/data-engineer-batch-processing-financial-services/.venv/lib/python3.10/site-packages/airflow/example_dags/example_datasets.py
[2024-09-03T11:43:41.269+0000] {processor.py:826} INFO - Processing file /home/airflow-vm/data-engineer-batch-processing-financial-services/.venv/lib/python3.10/site-packages/airflow/example_dags/example_datasets.py for tasks to queue
[2024-09-03T11:43:41.270+0000] {logging_mixin.py:149} INFO - [2024-09-03T11:43:41.269+0000] {dagbag.py:541} INFO - Filling up the DagBag from /home/airflow-vm/data-engineer-batch-processing-financial-services/.venv/lib/python3.10/site-packages/airflow/example_dags/example_datasets.py
[2024-09-03T11:43:41.279+0000] {processor.py:836} INFO - DAG(s) dict_keys(['dataset_consumes_1_and_2', 'dataset_consumes_1_never_scheduled', 'dataset_produces_1', 'dataset_consumes_1', 'dataset_produces_2', 'dataset_consumes_unknown_never_scheduled']) retrieved from /home/airflow-vm/data-engineer-batch-processing-financial-services/.venv/lib/python3.10/site-packages/airflow/example_dags/example_datasets.py
[2024-09-03T11:43:41.309+0000] {logging_mixin.py:149} INFO - [2024-09-03T11:43:41.309+0000] {dag.py:2726} INFO - Sync 6 DAGs
[2024-09-03T11:43:41.329+0000] {logging_mixin.py:149} INFO - [2024-09-03T11:43:41.329+0000] {dag.py:3486} INFO - Setting next_dagrun for dataset_consumes_1 to None, run_after=None
[2024-09-03T11:43:41.332+0000] {logging_mixin.py:149} INFO - [2024-09-03T11:43:41.332+0000] {dag.py:3486} INFO - Setting next_dagrun for dataset_consumes_1_and_2 to None, run_after=None
[2024-09-03T11:43:41.333+0000] {logging_mixin.py:149} INFO - [2024-09-03T11:43:41.333+0000] {dag.py:3486} INFO - Setting next_dagrun for dataset_consumes_1_never_scheduled to None, run_after=None
[2024-09-03T11:43:41.334+0000] {logging_mixin.py:149} INFO - [2024-09-03T11:43:41.334+0000] {dag.py:3486} INFO - Setting next_dagrun for dataset_consumes_unknown_never_scheduled to None, run_after=None
[2024-09-03T11:43:41.337+0000] {logging_mixin.py:149} INFO - [2024-09-03T11:43:41.337+0000] {dag.py:3486} INFO - Setting next_dagrun for dataset_produces_1 to 2024-09-02T00:00:00+00:00, run_after=2024-09-03T00:00:00+00:00
[2024-09-03T11:43:41.338+0000] {logging_mixin.py:149} INFO - [2024-09-03T11:43:41.338+0000] {dag.py:3486} INFO - Setting next_dagrun for dataset_produces_2 to None, run_after=None
[2024-09-03T11:43:41.376+0000] {processor.py:179} INFO - Processing /home/airflow-vm/data-engineer-batch-processing-financial-services/.venv/lib/python3.10/site-packages/airflow/example_dags/example_datasets.py took 0.111 seconds
[2024-09-03T11:47:47.868+0000] {processor.py:157} INFO - Started process (PID=27816) to work on /home/airflow-vm/data-engineer-batch-processing-financial-services/.venv/lib/python3.10/site-packages/airflow/example_dags/example_datasets.py
[2024-09-03T11:47:47.869+0000] {processor.py:826} INFO - Processing file /home/airflow-vm/data-engineer-batch-processing-financial-services/.venv/lib/python3.10/site-packages/airflow/example_dags/example_datasets.py for tasks to queue
[2024-09-03T11:47:47.870+0000] {logging_mixin.py:149} INFO - [2024-09-03T11:47:47.870+0000] {dagbag.py:541} INFO - Filling up the DagBag from /home/airflow-vm/data-engineer-batch-processing-financial-services/.venv/lib/python3.10/site-packages/airflow/example_dags/example_datasets.py
[2024-09-03T11:47:47.878+0000] {processor.py:836} INFO - DAG(s) dict_keys(['dataset_produces_2', 'dataset_consumes_1_never_scheduled', 'dataset_produces_1', 'dataset_consumes_unknown_never_scheduled', 'dataset_consumes_1', 'dataset_consumes_1_and_2']) retrieved from /home/airflow-vm/data-engineer-batch-processing-financial-services/.venv/lib/python3.10/site-packages/airflow/example_dags/example_datasets.py
[2024-09-03T11:47:47.907+0000] {logging_mixin.py:149} INFO - [2024-09-03T11:47:47.907+0000] {dag.py:2726} INFO - Sync 6 DAGs
[2024-09-03T11:47:47.926+0000] {logging_mixin.py:149} INFO - [2024-09-03T11:47:47.926+0000] {dag.py:3486} INFO - Setting next_dagrun for dataset_consumes_1 to None, run_after=None
[2024-09-03T11:47:47.929+0000] {logging_mixin.py:149} INFO - [2024-09-03T11:47:47.929+0000] {dag.py:3486} INFO - Setting next_dagrun for dataset_consumes_1_and_2 to None, run_after=None
[2024-09-03T11:47:47.930+0000] {logging_mixin.py:149} INFO - [2024-09-03T11:47:47.930+0000] {dag.py:3486} INFO - Setting next_dagrun for dataset_consumes_1_never_scheduled to None, run_after=None
[2024-09-03T11:47:47.931+0000] {logging_mixin.py:149} INFO - [2024-09-03T11:47:47.930+0000] {dag.py:3486} INFO - Setting next_dagrun for dataset_consumes_unknown_never_scheduled to None, run_after=None
[2024-09-03T11:47:47.933+0000] {logging_mixin.py:149} INFO - [2024-09-03T11:47:47.933+0000] {dag.py:3486} INFO - Setting next_dagrun for dataset_produces_1 to 2024-09-02T00:00:00+00:00, run_after=2024-09-03T00:00:00+00:00
[2024-09-03T11:47:47.934+0000] {logging_mixin.py:149} INFO - [2024-09-03T11:47:47.934+0000] {dag.py:3486} INFO - Setting next_dagrun for dataset_produces_2 to None, run_after=None
[2024-09-03T11:47:47.971+0000] {processor.py:179} INFO - Processing /home/airflow-vm/data-engineer-batch-processing-financial-services/.venv/lib/python3.10/site-packages/airflow/example_dags/example_datasets.py took 0.106 seconds
[2024-09-03T11:50:20.486+0000] {processor.py:157} INFO - Started process (PID=29652) to work on /home/airflow-vm/data-engineer-batch-processing-financial-services/.venv/lib/python3.10/site-packages/airflow/example_dags/example_datasets.py
[2024-09-03T11:50:20.487+0000] {processor.py:826} INFO - Processing file /home/airflow-vm/data-engineer-batch-processing-financial-services/.venv/lib/python3.10/site-packages/airflow/example_dags/example_datasets.py for tasks to queue
[2024-09-03T11:50:20.488+0000] {logging_mixin.py:149} INFO - [2024-09-03T11:50:20.488+0000] {dagbag.py:541} INFO - Filling up the DagBag from /home/airflow-vm/data-engineer-batch-processing-financial-services/.venv/lib/python3.10/site-packages/airflow/example_dags/example_datasets.py
[2024-09-03T11:50:20.496+0000] {processor.py:836} INFO - DAG(s) dict_keys(['dataset_consumes_1_never_scheduled', 'dataset_consumes_1', 'dataset_consumes_unknown_never_scheduled', 'dataset_produces_2', 'dataset_produces_1', 'dataset_consumes_1_and_2']) retrieved from /home/airflow-vm/data-engineer-batch-processing-financial-services/.venv/lib/python3.10/site-packages/airflow/example_dags/example_datasets.py
[2024-09-03T11:50:20.524+0000] {logging_mixin.py:149} INFO - [2024-09-03T11:50:20.524+0000] {dag.py:2726} INFO - Sync 6 DAGs
[2024-09-03T11:50:20.545+0000] {logging_mixin.py:149} INFO - [2024-09-03T11:50:20.544+0000] {dag.py:3486} INFO - Setting next_dagrun for dataset_consumes_1 to None, run_after=None
[2024-09-03T11:50:20.547+0000] {logging_mixin.py:149} INFO - [2024-09-03T11:50:20.547+0000] {dag.py:3486} INFO - Setting next_dagrun for dataset_consumes_1_and_2 to None, run_after=None
[2024-09-03T11:50:20.548+0000] {logging_mixin.py:149} INFO - [2024-09-03T11:50:20.548+0000] {dag.py:3486} INFO - Setting next_dagrun for dataset_consumes_1_never_scheduled to None, run_after=None
[2024-09-03T11:50:20.549+0000] {logging_mixin.py:149} INFO - [2024-09-03T11:50:20.549+0000] {dag.py:3486} INFO - Setting next_dagrun for dataset_consumes_unknown_never_scheduled to None, run_after=None
[2024-09-03T11:50:20.551+0000] {logging_mixin.py:149} INFO - [2024-09-03T11:50:20.551+0000] {dag.py:3486} INFO - Setting next_dagrun for dataset_produces_1 to 2024-09-02T00:00:00+00:00, run_after=2024-09-03T00:00:00+00:00
[2024-09-03T11:50:20.552+0000] {logging_mixin.py:149} INFO - [2024-09-03T11:50:20.552+0000] {dag.py:3486} INFO - Setting next_dagrun for dataset_produces_2 to None, run_after=None
[2024-09-03T11:50:20.589+0000] {processor.py:179} INFO - Processing /home/airflow-vm/data-engineer-batch-processing-financial-services/.venv/lib/python3.10/site-packages/airflow/example_dags/example_datasets.py took 0.105 seconds
[2024-09-03T11:51:04.819+0000] {processor.py:157} INFO - Started process (PID=29699) to work on /home/airflow-vm/data-engineer-batch-processing-financial-services/.venv/lib/python3.10/site-packages/airflow/example_dags/example_datasets.py
[2024-09-03T11:51:04.820+0000] {processor.py:826} INFO - Processing file /home/airflow-vm/data-engineer-batch-processing-financial-services/.venv/lib/python3.10/site-packages/airflow/example_dags/example_datasets.py for tasks to queue
[2024-09-03T11:51:04.820+0000] {logging_mixin.py:149} INFO - [2024-09-03T11:51:04.820+0000] {dagbag.py:541} INFO - Filling up the DagBag from /home/airflow-vm/data-engineer-batch-processing-financial-services/.venv/lib/python3.10/site-packages/airflow/example_dags/example_datasets.py
[2024-09-03T11:51:04.828+0000] {processor.py:836} INFO - DAG(s) dict_keys(['dataset_produces_1', 'dataset_produces_2', 'dataset_consumes_1_and_2', 'dataset_consumes_1', 'dataset_consumes_unknown_never_scheduled', 'dataset_consumes_1_never_scheduled']) retrieved from /home/airflow-vm/data-engineer-batch-processing-financial-services/.venv/lib/python3.10/site-packages/airflow/example_dags/example_datasets.py
[2024-09-03T11:51:04.857+0000] {logging_mixin.py:149} INFO - [2024-09-03T11:51:04.857+0000] {dag.py:2726} INFO - Sync 6 DAGs
[2024-09-03T11:51:04.879+0000] {logging_mixin.py:149} INFO - [2024-09-03T11:51:04.879+0000] {dag.py:3486} INFO - Setting next_dagrun for dataset_consumes_1 to None, run_after=None
[2024-09-03T11:51:04.882+0000] {logging_mixin.py:149} INFO - [2024-09-03T11:51:04.882+0000] {dag.py:3486} INFO - Setting next_dagrun for dataset_consumes_1_and_2 to None, run_after=None
[2024-09-03T11:51:04.883+0000] {logging_mixin.py:149} INFO - [2024-09-03T11:51:04.883+0000] {dag.py:3486} INFO - Setting next_dagrun for dataset_consumes_1_never_scheduled to None, run_after=None
[2024-09-03T11:51:04.884+0000] {logging_mixin.py:149} INFO - [2024-09-03T11:51:04.884+0000] {dag.py:3486} INFO - Setting next_dagrun for dataset_consumes_unknown_never_scheduled to None, run_after=None
[2024-09-03T11:51:04.887+0000] {logging_mixin.py:149} INFO - [2024-09-03T11:51:04.886+0000] {dag.py:3486} INFO - Setting next_dagrun for dataset_produces_1 to 2024-09-02T00:00:00+00:00, run_after=2024-09-03T00:00:00+00:00
[2024-09-03T11:51:04.887+0000] {logging_mixin.py:149} INFO - [2024-09-03T11:51:04.887+0000] {dag.py:3486} INFO - Setting next_dagrun for dataset_produces_2 to None, run_after=None
[2024-09-03T11:51:04.923+0000] {processor.py:179} INFO - Processing /home/airflow-vm/data-engineer-batch-processing-financial-services/.venv/lib/python3.10/site-packages/airflow/example_dags/example_datasets.py took 0.107 seconds
[2024-09-03T11:51:49.256+0000] {processor.py:157} INFO - Started process (PID=29747) to work on /home/airflow-vm/data-engineer-batch-processing-financial-services/.venv/lib/python3.10/site-packages/airflow/example_dags/example_datasets.py
[2024-09-03T11:51:49.256+0000] {processor.py:826} INFO - Processing file /home/airflow-vm/data-engineer-batch-processing-financial-services/.venv/lib/python3.10/site-packages/airflow/example_dags/example_datasets.py for tasks to queue
[2024-09-03T11:51:49.257+0000] {logging_mixin.py:149} INFO - [2024-09-03T11:51:49.257+0000] {dagbag.py:541} INFO - Filling up the DagBag from /home/airflow-vm/data-engineer-batch-processing-financial-services/.venv/lib/python3.10/site-packages/airflow/example_dags/example_datasets.py
[2024-09-03T11:51:49.266+0000] {processor.py:836} INFO - DAG(s) dict_keys(['dataset_consumes_1_and_2', 'dataset_consumes_1', 'dataset_produces_1', 'dataset_produces_2', 'dataset_consumes_unknown_never_scheduled', 'dataset_consumes_1_never_scheduled']) retrieved from /home/airflow-vm/data-engineer-batch-processing-financial-services/.venv/lib/python3.10/site-packages/airflow/example_dags/example_datasets.py
[2024-09-03T11:51:49.295+0000] {logging_mixin.py:149} INFO - [2024-09-03T11:51:49.295+0000] {dag.py:2726} INFO - Sync 6 DAGs
[2024-09-03T11:51:49.315+0000] {logging_mixin.py:149} INFO - [2024-09-03T11:51:49.315+0000] {dag.py:3486} INFO - Setting next_dagrun for dataset_consumes_1 to None, run_after=None
[2024-09-03T11:51:49.318+0000] {logging_mixin.py:149} INFO - [2024-09-03T11:51:49.318+0000] {dag.py:3486} INFO - Setting next_dagrun for dataset_consumes_1_and_2 to None, run_after=None
[2024-09-03T11:51:49.319+0000] {logging_mixin.py:149} INFO - [2024-09-03T11:51:49.319+0000] {dag.py:3486} INFO - Setting next_dagrun for dataset_consumes_1_never_scheduled to None, run_after=None
[2024-09-03T11:51:49.320+0000] {logging_mixin.py:149} INFO - [2024-09-03T11:51:49.319+0000] {dag.py:3486} INFO - Setting next_dagrun for dataset_consumes_unknown_never_scheduled to None, run_after=None
[2024-09-03T11:51:49.322+0000] {logging_mixin.py:149} INFO - [2024-09-03T11:51:49.322+0000] {dag.py:3486} INFO - Setting next_dagrun for dataset_produces_1 to 2024-09-02T00:00:00+00:00, run_after=2024-09-03T00:00:00+00:00
[2024-09-03T11:51:49.323+0000] {logging_mixin.py:149} INFO - [2024-09-03T11:51:49.323+0000] {dag.py:3486} INFO - Setting next_dagrun for dataset_produces_2 to None, run_after=None
[2024-09-03T11:51:49.363+0000] {processor.py:179} INFO - Processing /home/airflow-vm/data-engineer-batch-processing-financial-services/.venv/lib/python3.10/site-packages/airflow/example_dags/example_datasets.py took 0.111 seconds
[2024-09-03T11:52:35.723+0000] {processor.py:157} INFO - Started process (PID=29795) to work on /home/airflow-vm/data-engineer-batch-processing-financial-services/.venv/lib/python3.10/site-packages/airflow/example_dags/example_datasets.py
[2024-09-03T11:52:35.724+0000] {processor.py:826} INFO - Processing file /home/airflow-vm/data-engineer-batch-processing-financial-services/.venv/lib/python3.10/site-packages/airflow/example_dags/example_datasets.py for tasks to queue
[2024-09-03T11:52:35.725+0000] {logging_mixin.py:149} INFO - [2024-09-03T11:52:35.724+0000] {dagbag.py:541} INFO - Filling up the DagBag from /home/airflow-vm/data-engineer-batch-processing-financial-services/.venv/lib/python3.10/site-packages/airflow/example_dags/example_datasets.py
[2024-09-03T11:52:35.733+0000] {processor.py:836} INFO - DAG(s) dict_keys(['dataset_produces_2', 'dataset_consumes_1_and_2', 'dataset_produces_1', 'dataset_consumes_unknown_never_scheduled', 'dataset_consumes_1_never_scheduled', 'dataset_consumes_1']) retrieved from /home/airflow-vm/data-engineer-batch-processing-financial-services/.venv/lib/python3.10/site-packages/airflow/example_dags/example_datasets.py
[2024-09-03T11:52:35.765+0000] {logging_mixin.py:149} INFO - [2024-09-03T11:52:35.765+0000] {dag.py:2726} INFO - Sync 6 DAGs
[2024-09-03T11:52:35.786+0000] {logging_mixin.py:149} INFO - [2024-09-03T11:52:35.786+0000] {dag.py:3486} INFO - Setting next_dagrun for dataset_consumes_1 to None, run_after=None
[2024-09-03T11:52:35.789+0000] {logging_mixin.py:149} INFO - [2024-09-03T11:52:35.789+0000] {dag.py:3486} INFO - Setting next_dagrun for dataset_consumes_1_and_2 to None, run_after=None
[2024-09-03T11:52:35.790+0000] {logging_mixin.py:149} INFO - [2024-09-03T11:52:35.789+0000] {dag.py:3486} INFO - Setting next_dagrun for dataset_consumes_1_never_scheduled to None, run_after=None
[2024-09-03T11:52:35.790+0000] {logging_mixin.py:149} INFO - [2024-09-03T11:52:35.790+0000] {dag.py:3486} INFO - Setting next_dagrun for dataset_consumes_unknown_never_scheduled to None, run_after=None
[2024-09-03T11:52:35.793+0000] {logging_mixin.py:149} INFO - [2024-09-03T11:52:35.793+0000] {dag.py:3486} INFO - Setting next_dagrun for dataset_produces_1 to 2024-09-02T00:00:00+00:00, run_after=2024-09-03T00:00:00+00:00
[2024-09-03T11:52:35.794+0000] {logging_mixin.py:149} INFO - [2024-09-03T11:52:35.794+0000] {dag.py:3486} INFO - Setting next_dagrun for dataset_produces_2 to None, run_after=None
[2024-09-03T11:52:35.832+0000] {processor.py:179} INFO - Processing /home/airflow-vm/data-engineer-batch-processing-financial-services/.venv/lib/python3.10/site-packages/airflow/example_dags/example_datasets.py took 0.111 seconds
[2024-09-03T11:53:22.349+0000] {processor.py:157} INFO - Started process (PID=29871) to work on /home/airflow-vm/data-engineer-batch-processing-financial-services/.venv/lib/python3.10/site-packages/airflow/example_dags/example_datasets.py
[2024-09-03T11:53:22.350+0000] {processor.py:826} INFO - Processing file /home/airflow-vm/data-engineer-batch-processing-financial-services/.venv/lib/python3.10/site-packages/airflow/example_dags/example_datasets.py for tasks to queue
[2024-09-03T11:53:22.351+0000] {logging_mixin.py:149} INFO - [2024-09-03T11:53:22.350+0000] {dagbag.py:541} INFO - Filling up the DagBag from /home/airflow-vm/data-engineer-batch-processing-financial-services/.venv/lib/python3.10/site-packages/airflow/example_dags/example_datasets.py
[2024-09-03T11:53:22.360+0000] {processor.py:836} INFO - DAG(s) dict_keys(['dataset_consumes_1_never_scheduled', 'dataset_produces_1', 'dataset_consumes_1', 'dataset_consumes_1_and_2', 'dataset_consumes_unknown_never_scheduled', 'dataset_produces_2']) retrieved from /home/airflow-vm/data-engineer-batch-processing-financial-services/.venv/lib/python3.10/site-packages/airflow/example_dags/example_datasets.py
[2024-09-03T11:53:22.392+0000] {logging_mixin.py:149} INFO - [2024-09-03T11:53:22.392+0000] {dag.py:2726} INFO - Sync 6 DAGs
[2024-09-03T11:53:22.414+0000] {logging_mixin.py:149} INFO - [2024-09-03T11:53:22.413+0000] {dag.py:3486} INFO - Setting next_dagrun for dataset_consumes_1 to None, run_after=None
[2024-09-03T11:53:22.417+0000] {logging_mixin.py:149} INFO - [2024-09-03T11:53:22.416+0000] {dag.py:3486} INFO - Setting next_dagrun for dataset_consumes_1_and_2 to None, run_after=None
[2024-09-03T11:53:22.418+0000] {logging_mixin.py:149} INFO - [2024-09-03T11:53:22.417+0000] {dag.py:3486} INFO - Setting next_dagrun for dataset_consumes_1_never_scheduled to None, run_after=None
[2024-09-03T11:53:22.418+0000] {logging_mixin.py:149} INFO - [2024-09-03T11:53:22.418+0000] {dag.py:3486} INFO - Setting next_dagrun for dataset_consumes_unknown_never_scheduled to None, run_after=None
[2024-09-03T11:53:22.421+0000] {logging_mixin.py:149} INFO - [2024-09-03T11:53:22.421+0000] {dag.py:3486} INFO - Setting next_dagrun for dataset_produces_1 to 2024-09-02T00:00:00+00:00, run_after=2024-09-03T00:00:00+00:00
[2024-09-03T11:53:22.422+0000] {logging_mixin.py:149} INFO - [2024-09-03T11:53:22.422+0000] {dag.py:3486} INFO - Setting next_dagrun for dataset_produces_2 to None, run_after=None
[2024-09-03T11:53:22.460+0000] {processor.py:179} INFO - Processing /home/airflow-vm/data-engineer-batch-processing-financial-services/.venv/lib/python3.10/site-packages/airflow/example_dags/example_datasets.py took 0.114 seconds
[2024-09-03T11:54:09.381+0000] {processor.py:157} INFO - Started process (PID=29920) to work on /home/airflow-vm/data-engineer-batch-processing-financial-services/.venv/lib/python3.10/site-packages/airflow/example_dags/example_datasets.py
[2024-09-03T11:54:09.382+0000] {processor.py:826} INFO - Processing file /home/airflow-vm/data-engineer-batch-processing-financial-services/.venv/lib/python3.10/site-packages/airflow/example_dags/example_datasets.py for tasks to queue
[2024-09-03T11:54:09.382+0000] {logging_mixin.py:149} INFO - [2024-09-03T11:54:09.382+0000] {dagbag.py:541} INFO - Filling up the DagBag from /home/airflow-vm/data-engineer-batch-processing-financial-services/.venv/lib/python3.10/site-packages/airflow/example_dags/example_datasets.py
[2024-09-03T11:54:09.391+0000] {processor.py:836} INFO - DAG(s) dict_keys(['dataset_produces_2', 'dataset_produces_1', 'dataset_consumes_1_and_2', 'dataset_consumes_1_never_scheduled', 'dataset_consumes_1', 'dataset_consumes_unknown_never_scheduled']) retrieved from /home/airflow-vm/data-engineer-batch-processing-financial-services/.venv/lib/python3.10/site-packages/airflow/example_dags/example_datasets.py
[2024-09-03T11:54:09.422+0000] {logging_mixin.py:149} INFO - [2024-09-03T11:54:09.422+0000] {dag.py:2726} INFO - Sync 6 DAGs
[2024-09-03T11:54:09.444+0000] {logging_mixin.py:149} INFO - [2024-09-03T11:54:09.444+0000] {dag.py:3486} INFO - Setting next_dagrun for dataset_consumes_1 to None, run_after=None
[2024-09-03T11:54:09.447+0000] {logging_mixin.py:149} INFO - [2024-09-03T11:54:09.447+0000] {dag.py:3486} INFO - Setting next_dagrun for dataset_consumes_1_and_2 to None, run_after=None
[2024-09-03T11:54:09.448+0000] {logging_mixin.py:149} INFO - [2024-09-03T11:54:09.448+0000] {dag.py:3486} INFO - Setting next_dagrun for dataset_consumes_1_never_scheduled to None, run_after=None
[2024-09-03T11:54:09.449+0000] {logging_mixin.py:149} INFO - [2024-09-03T11:54:09.449+0000] {dag.py:3486} INFO - Setting next_dagrun for dataset_consumes_unknown_never_scheduled to None, run_after=None
[2024-09-03T11:54:09.452+0000] {logging_mixin.py:149} INFO - [2024-09-03T11:54:09.452+0000] {dag.py:3486} INFO - Setting next_dagrun for dataset_produces_1 to 2024-09-02T00:00:00+00:00, run_after=2024-09-03T00:00:00+00:00
[2024-09-03T11:54:09.453+0000] {logging_mixin.py:149} INFO - [2024-09-03T11:54:09.453+0000] {dag.py:3486} INFO - Setting next_dagrun for dataset_produces_2 to None, run_after=None
[2024-09-03T11:54:09.494+0000] {processor.py:179} INFO - Processing /home/airflow-vm/data-engineer-batch-processing-financial-services/.venv/lib/python3.10/site-packages/airflow/example_dags/example_datasets.py took 0.116 seconds
[2024-09-03T11:55:00.202+0000] {processor.py:157} INFO - Started process (PID=29977) to work on /home/airflow-vm/data-engineer-batch-processing-financial-services/.venv/lib/python3.10/site-packages/airflow/example_dags/example_datasets.py
[2024-09-03T11:55:00.203+0000] {processor.py:826} INFO - Processing file /home/airflow-vm/data-engineer-batch-processing-financial-services/.venv/lib/python3.10/site-packages/airflow/example_dags/example_datasets.py for tasks to queue
[2024-09-03T11:55:00.203+0000] {logging_mixin.py:149} INFO - [2024-09-03T11:55:00.203+0000] {dagbag.py:541} INFO - Filling up the DagBag from /home/airflow-vm/data-engineer-batch-processing-financial-services/.venv/lib/python3.10/site-packages/airflow/example_dags/example_datasets.py
[2024-09-03T11:55:00.212+0000] {processor.py:836} INFO - DAG(s) dict_keys(['dataset_consumes_1_and_2', 'dataset_consumes_unknown_never_scheduled', 'dataset_produces_2', 'dataset_produces_1', 'dataset_consumes_1', 'dataset_consumes_1_never_scheduled']) retrieved from /home/airflow-vm/data-engineer-batch-processing-financial-services/.venv/lib/python3.10/site-packages/airflow/example_dags/example_datasets.py
[2024-09-03T11:55:00.240+0000] {logging_mixin.py:149} INFO - [2024-09-03T11:55:00.240+0000] {dag.py:2726} INFO - Sync 6 DAGs
[2024-09-03T11:55:00.262+0000] {logging_mixin.py:149} INFO - [2024-09-03T11:55:00.261+0000] {dag.py:3486} INFO - Setting next_dagrun for dataset_consumes_1 to None, run_after=None
[2024-09-03T11:55:00.265+0000] {logging_mixin.py:149} INFO - [2024-09-03T11:55:00.264+0000] {dag.py:3486} INFO - Setting next_dagrun for dataset_consumes_1_and_2 to None, run_after=None
[2024-09-03T11:55:00.265+0000] {logging_mixin.py:149} INFO - [2024-09-03T11:55:00.265+0000] {dag.py:3486} INFO - Setting next_dagrun for dataset_consumes_1_never_scheduled to None, run_after=None
[2024-09-03T11:55:00.266+0000] {logging_mixin.py:149} INFO - [2024-09-03T11:55:00.266+0000] {dag.py:3486} INFO - Setting next_dagrun for dataset_consumes_unknown_never_scheduled to None, run_after=None
[2024-09-03T11:55:00.269+0000] {logging_mixin.py:149} INFO - [2024-09-03T11:55:00.269+0000] {dag.py:3486} INFO - Setting next_dagrun for dataset_produces_1 to 2024-09-02T00:00:00+00:00, run_after=2024-09-03T00:00:00+00:00
[2024-09-03T11:55:00.270+0000] {logging_mixin.py:149} INFO - [2024-09-03T11:55:00.270+0000] {dag.py:3486} INFO - Setting next_dagrun for dataset_produces_2 to None, run_after=None
[2024-09-03T11:55:00.306+0000] {processor.py:179} INFO - Processing /home/airflow-vm/data-engineer-batch-processing-financial-services/.venv/lib/python3.10/site-packages/airflow/example_dags/example_datasets.py took 0.107 seconds
[2024-09-03T11:55:43.843+0000] {processor.py:157} INFO - Started process (PID=30025) to work on /home/airflow-vm/data-engineer-batch-processing-financial-services/.venv/lib/python3.10/site-packages/airflow/example_dags/example_datasets.py
[2024-09-03T11:55:43.844+0000] {processor.py:826} INFO - Processing file /home/airflow-vm/data-engineer-batch-processing-financial-services/.venv/lib/python3.10/site-packages/airflow/example_dags/example_datasets.py for tasks to queue
[2024-09-03T11:55:43.844+0000] {logging_mixin.py:149} INFO - [2024-09-03T11:55:43.844+0000] {dagbag.py:541} INFO - Filling up the DagBag from /home/airflow-vm/data-engineer-batch-processing-financial-services/.venv/lib/python3.10/site-packages/airflow/example_dags/example_datasets.py
[2024-09-03T11:55:43.853+0000] {processor.py:836} INFO - DAG(s) dict_keys(['dataset_produces_2', 'dataset_consumes_1_and_2', 'dataset_consumes_unknown_never_scheduled', 'dataset_produces_1', 'dataset_consumes_1_never_scheduled', 'dataset_consumes_1']) retrieved from /home/airflow-vm/data-engineer-batch-processing-financial-services/.venv/lib/python3.10/site-packages/airflow/example_dags/example_datasets.py
[2024-09-03T11:55:43.884+0000] {logging_mixin.py:149} INFO - [2024-09-03T11:55:43.884+0000] {dag.py:2726} INFO - Sync 6 DAGs
[2024-09-03T11:55:43.905+0000] {logging_mixin.py:149} INFO - [2024-09-03T11:55:43.905+0000] {dag.py:3486} INFO - Setting next_dagrun for dataset_consumes_1 to None, run_after=None
[2024-09-03T11:55:43.908+0000] {logging_mixin.py:149} INFO - [2024-09-03T11:55:43.908+0000] {dag.py:3486} INFO - Setting next_dagrun for dataset_consumes_1_and_2 to None, run_after=None
[2024-09-03T11:55:43.909+0000] {logging_mixin.py:149} INFO - [2024-09-03T11:55:43.909+0000] {dag.py:3486} INFO - Setting next_dagrun for dataset_consumes_1_never_scheduled to None, run_after=None
[2024-09-03T11:55:43.910+0000] {logging_mixin.py:149} INFO - [2024-09-03T11:55:43.910+0000] {dag.py:3486} INFO - Setting next_dagrun for dataset_consumes_unknown_never_scheduled to None, run_after=None
[2024-09-03T11:55:43.913+0000] {logging_mixin.py:149} INFO - [2024-09-03T11:55:43.912+0000] {dag.py:3486} INFO - Setting next_dagrun for dataset_produces_1 to 2024-09-02T00:00:00+00:00, run_after=2024-09-03T00:00:00+00:00
[2024-09-03T11:55:43.913+0000] {logging_mixin.py:149} INFO - [2024-09-03T11:55:43.913+0000] {dag.py:3486} INFO - Setting next_dagrun for dataset_produces_2 to None, run_after=None
[2024-09-03T11:55:43.957+0000] {processor.py:179} INFO - Processing /home/airflow-vm/data-engineer-batch-processing-financial-services/.venv/lib/python3.10/site-packages/airflow/example_dags/example_datasets.py took 0.117 seconds
[2024-09-03T11:56:31.533+0000] {processor.py:157} INFO - Started process (PID=30075) to work on /home/airflow-vm/data-engineer-batch-processing-financial-services/.venv/lib/python3.10/site-packages/airflow/example_dags/example_datasets.py
[2024-09-03T11:56:31.534+0000] {processor.py:826} INFO - Processing file /home/airflow-vm/data-engineer-batch-processing-financial-services/.venv/lib/python3.10/site-packages/airflow/example_dags/example_datasets.py for tasks to queue
[2024-09-03T11:56:31.535+0000] {logging_mixin.py:149} INFO - [2024-09-03T11:56:31.535+0000] {dagbag.py:541} INFO - Filling up the DagBag from /home/airflow-vm/data-engineer-batch-processing-financial-services/.venv/lib/python3.10/site-packages/airflow/example_dags/example_datasets.py
[2024-09-03T11:56:31.543+0000] {processor.py:836} INFO - DAG(s) dict_keys(['dataset_consumes_1_never_scheduled', 'dataset_consumes_unknown_never_scheduled', 'dataset_produces_1', 'dataset_produces_2', 'dataset_consumes_1', 'dataset_consumes_1_and_2']) retrieved from /home/airflow-vm/data-engineer-batch-processing-financial-services/.venv/lib/python3.10/site-packages/airflow/example_dags/example_datasets.py
[2024-09-03T11:56:31.577+0000] {logging_mixin.py:149} INFO - [2024-09-03T11:56:31.577+0000] {dag.py:2726} INFO - Sync 6 DAGs
[2024-09-03T11:56:31.598+0000] {logging_mixin.py:149} INFO - [2024-09-03T11:56:31.598+0000] {dag.py:3486} INFO - Setting next_dagrun for dataset_consumes_1 to None, run_after=None
[2024-09-03T11:56:31.601+0000] {logging_mixin.py:149} INFO - [2024-09-03T11:56:31.601+0000] {dag.py:3486} INFO - Setting next_dagrun for dataset_consumes_1_and_2 to None, run_after=None
[2024-09-03T11:56:31.602+0000] {logging_mixin.py:149} INFO - [2024-09-03T11:56:31.602+0000] {dag.py:3486} INFO - Setting next_dagrun for dataset_consumes_1_never_scheduled to None, run_after=None
[2024-09-03T11:56:31.603+0000] {logging_mixin.py:149} INFO - [2024-09-03T11:56:31.603+0000] {dag.py:3486} INFO - Setting next_dagrun for dataset_consumes_unknown_never_scheduled to None, run_after=None
[2024-09-03T11:56:31.605+0000] {logging_mixin.py:149} INFO - [2024-09-03T11:56:31.605+0000] {dag.py:3486} INFO - Setting next_dagrun for dataset_produces_1 to 2024-09-02T00:00:00+00:00, run_after=2024-09-03T00:00:00+00:00
[2024-09-03T11:56:31.606+0000] {logging_mixin.py:149} INFO - [2024-09-03T11:56:31.606+0000] {dag.py:3486} INFO - Setting next_dagrun for dataset_produces_2 to None, run_after=None
[2024-09-03T11:56:31.644+0000] {processor.py:179} INFO - Processing /home/airflow-vm/data-engineer-batch-processing-financial-services/.venv/lib/python3.10/site-packages/airflow/example_dags/example_datasets.py took 0.113 seconds
