[2024-09-03T10:58:25.777+0000] {processor.py:157} INFO - Started process (PID=3570) to work on /home/airflow-vm/data-engineer-batch-processing-financial-services/.venv/lib/python3.10/site-packages/airflow/example_dags/example_latest_only_with_trigger.py
[2024-09-03T10:58:25.777+0000] {processor.py:826} INFO - Processing file /home/airflow-vm/data-engineer-batch-processing-financial-services/.venv/lib/python3.10/site-packages/airflow/example_dags/example_latest_only_with_trigger.py for tasks to queue
[2024-09-03T10:58:25.778+0000] {logging_mixin.py:149} INFO - [2024-09-03T10:58:25.778+0000] {dagbag.py:541} INFO - Filling up the DagBag from /home/airflow-vm/data-engineer-batch-processing-financial-services/.venv/lib/python3.10/site-packages/airflow/example_dags/example_latest_only_with_trigger.py
[2024-09-03T10:58:25.786+0000] {processor.py:836} INFO - DAG(s) dict_keys(['latest_only_with_trigger']) retrieved from /home/airflow-vm/data-engineer-batch-processing-financial-services/.venv/lib/python3.10/site-packages/airflow/example_dags/example_latest_only_with_trigger.py
[2024-09-03T10:58:25.805+0000] {logging_mixin.py:149} INFO - [2024-09-03T10:58:25.804+0000] {dag.py:2726} INFO - Sync 1 DAGs
[2024-09-03T10:58:25.824+0000] {logging_mixin.py:149} INFO - [2024-09-03T10:58:25.824+0000] {dag.py:3486} INFO - Setting next_dagrun for latest_only_with_trigger to 2024-09-03T06:58:25.824364+00:00, run_after=2024-09-03T10:58:25.824364+00:00
[2024-09-03T10:58:25.856+0000] {processor.py:179} INFO - Processing /home/airflow-vm/data-engineer-batch-processing-financial-services/.venv/lib/python3.10/site-packages/airflow/example_dags/example_latest_only_with_trigger.py took 0.082 seconds
[2024-09-03T10:59:12.313+0000] {processor.py:157} INFO - Started process (PID=3829) to work on /home/airflow-vm/data-engineer-batch-processing-financial-services/.venv/lib/python3.10/site-packages/airflow/example_dags/example_latest_only_with_trigger.py
[2024-09-03T10:59:12.314+0000] {processor.py:826} INFO - Processing file /home/airflow-vm/data-engineer-batch-processing-financial-services/.venv/lib/python3.10/site-packages/airflow/example_dags/example_latest_only_with_trigger.py for tasks to queue
[2024-09-03T10:59:12.315+0000] {logging_mixin.py:149} INFO - [2024-09-03T10:59:12.314+0000] {dagbag.py:541} INFO - Filling up the DagBag from /home/airflow-vm/data-engineer-batch-processing-financial-services/.venv/lib/python3.10/site-packages/airflow/example_dags/example_latest_only_with_trigger.py
[2024-09-03T10:59:12.320+0000] {processor.py:836} INFO - DAG(s) dict_keys(['latest_only_with_trigger']) retrieved from /home/airflow-vm/data-engineer-batch-processing-financial-services/.venv/lib/python3.10/site-packages/airflow/example_dags/example_latest_only_with_trigger.py
[2024-09-03T10:59:12.337+0000] {logging_mixin.py:149} INFO - [2024-09-03T10:59:12.337+0000] {dag.py:2726} INFO - Sync 1 DAGs
[2024-09-03T10:59:12.356+0000] {logging_mixin.py:149} INFO - [2024-09-03T10:59:12.355+0000] {dag.py:3486} INFO - Setting next_dagrun for latest_only_with_trigger to 2024-09-03T06:59:12.355657+00:00, run_after=2024-09-03T10:59:12.355657+00:00
[2024-09-03T10:59:12.385+0000] {processor.py:179} INFO - Processing /home/airflow-vm/data-engineer-batch-processing-financial-services/.venv/lib/python3.10/site-packages/airflow/example_dags/example_latest_only_with_trigger.py took 0.075 seconds
[2024-09-03T10:59:57.661+0000] {processor.py:157} INFO - Started process (PID=3987) to work on /home/airflow-vm/data-engineer-batch-processing-financial-services/.venv/lib/python3.10/site-packages/airflow/example_dags/example_latest_only_with_trigger.py
[2024-09-03T10:59:57.662+0000] {processor.py:826} INFO - Processing file /home/airflow-vm/data-engineer-batch-processing-financial-services/.venv/lib/python3.10/site-packages/airflow/example_dags/example_latest_only_with_trigger.py for tasks to queue
[2024-09-03T10:59:57.663+0000] {logging_mixin.py:149} INFO - [2024-09-03T10:59:57.663+0000] {dagbag.py:541} INFO - Filling up the DagBag from /home/airflow-vm/data-engineer-batch-processing-financial-services/.venv/lib/python3.10/site-packages/airflow/example_dags/example_latest_only_with_trigger.py
[2024-09-03T10:59:57.669+0000] {processor.py:836} INFO - DAG(s) dict_keys(['latest_only_with_trigger']) retrieved from /home/airflow-vm/data-engineer-batch-processing-financial-services/.venv/lib/python3.10/site-packages/airflow/example_dags/example_latest_only_with_trigger.py
[2024-09-03T10:59:57.688+0000] {logging_mixin.py:149} INFO - [2024-09-03T10:59:57.687+0000] {dag.py:2726} INFO - Sync 1 DAGs
[2024-09-03T10:59:57.707+0000] {logging_mixin.py:149} INFO - [2024-09-03T10:59:57.706+0000] {dag.py:3486} INFO - Setting next_dagrun for latest_only_with_trigger to 2024-09-03T06:59:57.706745+00:00, run_after=2024-09-03T10:59:57.706745+00:00
[2024-09-03T10:59:57.736+0000] {processor.py:179} INFO - Processing /home/airflow-vm/data-engineer-batch-processing-financial-services/.venv/lib/python3.10/site-packages/airflow/example_dags/example_latest_only_with_trigger.py took 0.077 seconds
[2024-09-03T11:00:44.090+0000] {processor.py:157} INFO - Started process (PID=4439) to work on /home/airflow-vm/data-engineer-batch-processing-financial-services/.venv/lib/python3.10/site-packages/airflow/example_dags/example_latest_only_with_trigger.py
[2024-09-03T11:00:44.091+0000] {processor.py:826} INFO - Processing file /home/airflow-vm/data-engineer-batch-processing-financial-services/.venv/lib/python3.10/site-packages/airflow/example_dags/example_latest_only_with_trigger.py for tasks to queue
[2024-09-03T11:00:44.091+0000] {logging_mixin.py:149} INFO - [2024-09-03T11:00:44.091+0000] {dagbag.py:541} INFO - Filling up the DagBag from /home/airflow-vm/data-engineer-batch-processing-financial-services/.venv/lib/python3.10/site-packages/airflow/example_dags/example_latest_only_with_trigger.py
[2024-09-03T11:00:44.097+0000] {processor.py:836} INFO - DAG(s) dict_keys(['latest_only_with_trigger']) retrieved from /home/airflow-vm/data-engineer-batch-processing-financial-services/.venv/lib/python3.10/site-packages/airflow/example_dags/example_latest_only_with_trigger.py
[2024-09-03T11:00:44.115+0000] {logging_mixin.py:149} INFO - [2024-09-03T11:00:44.115+0000] {dag.py:2726} INFO - Sync 1 DAGs
[2024-09-03T11:00:44.134+0000] {logging_mixin.py:149} INFO - [2024-09-03T11:00:44.134+0000] {dag.py:3486} INFO - Setting next_dagrun for latest_only_with_trigger to 2024-09-03T07:00:44.134084+00:00, run_after=2024-09-03T11:00:44.134084+00:00
[2024-09-03T11:00:44.166+0000] {processor.py:179} INFO - Processing /home/airflow-vm/data-engineer-batch-processing-financial-services/.venv/lib/python3.10/site-packages/airflow/example_dags/example_latest_only_with_trigger.py took 0.078 seconds
[2024-09-03T11:01:33.515+0000] {processor.py:157} INFO - Started process (PID=4756) to work on /home/airflow-vm/data-engineer-batch-processing-financial-services/.venv/lib/python3.10/site-packages/airflow/example_dags/example_latest_only_with_trigger.py
[2024-09-03T11:01:33.516+0000] {processor.py:826} INFO - Processing file /home/airflow-vm/data-engineer-batch-processing-financial-services/.venv/lib/python3.10/site-packages/airflow/example_dags/example_latest_only_with_trigger.py for tasks to queue
[2024-09-03T11:01:33.517+0000] {logging_mixin.py:149} INFO - [2024-09-03T11:01:33.516+0000] {dagbag.py:541} INFO - Filling up the DagBag from /home/airflow-vm/data-engineer-batch-processing-financial-services/.venv/lib/python3.10/site-packages/airflow/example_dags/example_latest_only_with_trigger.py
[2024-09-03T11:01:33.522+0000] {processor.py:836} INFO - DAG(s) dict_keys(['latest_only_with_trigger']) retrieved from /home/airflow-vm/data-engineer-batch-processing-financial-services/.venv/lib/python3.10/site-packages/airflow/example_dags/example_latest_only_with_trigger.py
[2024-09-03T11:01:33.557+0000] {logging_mixin.py:149} INFO - [2024-09-03T11:01:33.557+0000] {dag.py:2726} INFO - Sync 1 DAGs
[2024-09-03T11:01:33.580+0000] {logging_mixin.py:149} INFO - [2024-09-03T11:01:33.580+0000] {dag.py:3486} INFO - Setting next_dagrun for latest_only_with_trigger to 2024-09-03T07:01:33.579997+00:00, run_after=2024-09-03T11:01:33.579997+00:00
[2024-09-03T11:01:33.613+0000] {processor.py:179} INFO - Processing /home/airflow-vm/data-engineer-batch-processing-financial-services/.venv/lib/python3.10/site-packages/airflow/example_dags/example_latest_only_with_trigger.py took 0.100 seconds
[2024-09-03T11:02:20.035+0000] {processor.py:157} INFO - Started process (PID=4810) to work on /home/airflow-vm/data-engineer-batch-processing-financial-services/.venv/lib/python3.10/site-packages/airflow/example_dags/example_latest_only_with_trigger.py
[2024-09-03T11:02:20.036+0000] {processor.py:826} INFO - Processing file /home/airflow-vm/data-engineer-batch-processing-financial-services/.venv/lib/python3.10/site-packages/airflow/example_dags/example_latest_only_with_trigger.py for tasks to queue
[2024-09-03T11:02:20.037+0000] {logging_mixin.py:149} INFO - [2024-09-03T11:02:20.037+0000] {dagbag.py:541} INFO - Filling up the DagBag from /home/airflow-vm/data-engineer-batch-processing-financial-services/.venv/lib/python3.10/site-packages/airflow/example_dags/example_latest_only_with_trigger.py
[2024-09-03T11:02:20.042+0000] {processor.py:836} INFO - DAG(s) dict_keys(['latest_only_with_trigger']) retrieved from /home/airflow-vm/data-engineer-batch-processing-financial-services/.venv/lib/python3.10/site-packages/airflow/example_dags/example_latest_only_with_trigger.py
[2024-09-03T11:02:20.060+0000] {logging_mixin.py:149} INFO - [2024-09-03T11:02:20.060+0000] {dag.py:2726} INFO - Sync 1 DAGs
[2024-09-03T11:02:20.082+0000] {logging_mixin.py:149} INFO - [2024-09-03T11:02:20.082+0000] {dag.py:3486} INFO - Setting next_dagrun for latest_only_with_trigger to 2024-09-03T07:02:20.082024+00:00, run_after=2024-09-03T11:02:20.082024+00:00
[2024-09-03T11:02:20.110+0000] {processor.py:179} INFO - Processing /home/airflow-vm/data-engineer-batch-processing-financial-services/.venv/lib/python3.10/site-packages/airflow/example_dags/example_latest_only_with_trigger.py took 0.077 seconds
[2024-09-03T11:03:08.700+0000] {processor.py:157} INFO - Started process (PID=5095) to work on /home/airflow-vm/data-engineer-batch-processing-financial-services/.venv/lib/python3.10/site-packages/airflow/example_dags/example_latest_only_with_trigger.py
[2024-09-03T11:03:08.701+0000] {processor.py:826} INFO - Processing file /home/airflow-vm/data-engineer-batch-processing-financial-services/.venv/lib/python3.10/site-packages/airflow/example_dags/example_latest_only_with_trigger.py for tasks to queue
[2024-09-03T11:03:08.701+0000] {logging_mixin.py:149} INFO - [2024-09-03T11:03:08.701+0000] {dagbag.py:541} INFO - Filling up the DagBag from /home/airflow-vm/data-engineer-batch-processing-financial-services/.venv/lib/python3.10/site-packages/airflow/example_dags/example_latest_only_with_trigger.py
[2024-09-03T11:03:08.707+0000] {processor.py:836} INFO - DAG(s) dict_keys(['latest_only_with_trigger']) retrieved from /home/airflow-vm/data-engineer-batch-processing-financial-services/.venv/lib/python3.10/site-packages/airflow/example_dags/example_latest_only_with_trigger.py
[2024-09-03T11:03:08.724+0000] {logging_mixin.py:149} INFO - [2024-09-03T11:03:08.724+0000] {dag.py:2726} INFO - Sync 1 DAGs
[2024-09-03T11:03:08.743+0000] {logging_mixin.py:149} INFO - [2024-09-03T11:03:08.743+0000] {dag.py:3486} INFO - Setting next_dagrun for latest_only_with_trigger to 2024-09-03T07:03:08.743394+00:00, run_after=2024-09-03T11:03:08.743394+00:00
[2024-09-03T11:03:08.771+0000] {processor.py:179} INFO - Processing /home/airflow-vm/data-engineer-batch-processing-financial-services/.venv/lib/python3.10/site-packages/airflow/example_dags/example_latest_only_with_trigger.py took 0.074 seconds
[2024-09-03T11:05:40.100+0000] {processor.py:157} INFO - Started process (PID=6579) to work on /home/airflow-vm/data-engineer-batch-processing-financial-services/.venv/lib/python3.10/site-packages/airflow/example_dags/example_latest_only_with_trigger.py
[2024-09-03T11:05:40.101+0000] {processor.py:826} INFO - Processing file /home/airflow-vm/data-engineer-batch-processing-financial-services/.venv/lib/python3.10/site-packages/airflow/example_dags/example_latest_only_with_trigger.py for tasks to queue
[2024-09-03T11:05:40.101+0000] {logging_mixin.py:149} INFO - [2024-09-03T11:05:40.101+0000] {dagbag.py:541} INFO - Filling up the DagBag from /home/airflow-vm/data-engineer-batch-processing-financial-services/.venv/lib/python3.10/site-packages/airflow/example_dags/example_latest_only_with_trigger.py
[2024-09-03T11:05:40.106+0000] {processor.py:836} INFO - DAG(s) dict_keys(['latest_only_with_trigger']) retrieved from /home/airflow-vm/data-engineer-batch-processing-financial-services/.venv/lib/python3.10/site-packages/airflow/example_dags/example_latest_only_with_trigger.py
[2024-09-03T11:05:40.124+0000] {logging_mixin.py:149} INFO - [2024-09-03T11:05:40.124+0000] {dag.py:2726} INFO - Sync 1 DAGs
[2024-09-03T11:05:40.142+0000] {logging_mixin.py:149} INFO - [2024-09-03T11:05:40.142+0000] {dag.py:3486} INFO - Setting next_dagrun for latest_only_with_trigger to 2024-09-03T07:05:40.142276+00:00, run_after=2024-09-03T11:05:40.142276+00:00
[2024-09-03T11:05:40.173+0000] {processor.py:179} INFO - Processing /home/airflow-vm/data-engineer-batch-processing-financial-services/.venv/lib/python3.10/site-packages/airflow/example_dags/example_latest_only_with_trigger.py took 0.075 seconds
[2024-09-03T11:08:04.438+0000] {processor.py:157} INFO - Started process (PID=7599) to work on /home/airflow-vm/data-engineer-batch-processing-financial-services/.venv/lib/python3.10/site-packages/airflow/example_dags/example_latest_only_with_trigger.py
[2024-09-03T11:08:04.438+0000] {processor.py:826} INFO - Processing file /home/airflow-vm/data-engineer-batch-processing-financial-services/.venv/lib/python3.10/site-packages/airflow/example_dags/example_latest_only_with_trigger.py for tasks to queue
[2024-09-03T11:08:04.439+0000] {logging_mixin.py:149} INFO - [2024-09-03T11:08:04.439+0000] {dagbag.py:541} INFO - Filling up the DagBag from /home/airflow-vm/data-engineer-batch-processing-financial-services/.venv/lib/python3.10/site-packages/airflow/example_dags/example_latest_only_with_trigger.py
[2024-09-03T11:08:04.444+0000] {processor.py:836} INFO - DAG(s) dict_keys(['latest_only_with_trigger']) retrieved from /home/airflow-vm/data-engineer-batch-processing-financial-services/.venv/lib/python3.10/site-packages/airflow/example_dags/example_latest_only_with_trigger.py
[2024-09-03T11:08:04.462+0000] {logging_mixin.py:149} INFO - [2024-09-03T11:08:04.462+0000] {dag.py:2726} INFO - Sync 1 DAGs
[2024-09-03T11:08:04.482+0000] {logging_mixin.py:149} INFO - [2024-09-03T11:08:04.482+0000] {dag.py:3486} INFO - Setting next_dagrun for latest_only_with_trigger to 2024-09-03T07:08:04.481917+00:00, run_after=2024-09-03T11:08:04.481917+00:00
[2024-09-03T11:08:04.511+0000] {processor.py:179} INFO - Processing /home/airflow-vm/data-engineer-batch-processing-financial-services/.venv/lib/python3.10/site-packages/airflow/example_dags/example_latest_only_with_trigger.py took 0.075 seconds
[2024-09-03T11:12:13.639+0000] {processor.py:157} INFO - Started process (PID=9315) to work on /home/airflow-vm/data-engineer-batch-processing-financial-services/.venv/lib/python3.10/site-packages/airflow/example_dags/example_latest_only_with_trigger.py
[2024-09-03T11:12:13.639+0000] {processor.py:826} INFO - Processing file /home/airflow-vm/data-engineer-batch-processing-financial-services/.venv/lib/python3.10/site-packages/airflow/example_dags/example_latest_only_with_trigger.py for tasks to queue
[2024-09-03T11:12:13.640+0000] {logging_mixin.py:149} INFO - [2024-09-03T11:12:13.640+0000] {dagbag.py:541} INFO - Filling up the DagBag from /home/airflow-vm/data-engineer-batch-processing-financial-services/.venv/lib/python3.10/site-packages/airflow/example_dags/example_latest_only_with_trigger.py
[2024-09-03T11:12:13.646+0000] {processor.py:836} INFO - DAG(s) dict_keys(['latest_only_with_trigger']) retrieved from /home/airflow-vm/data-engineer-batch-processing-financial-services/.venv/lib/python3.10/site-packages/airflow/example_dags/example_latest_only_with_trigger.py
[2024-09-03T11:12:13.666+0000] {logging_mixin.py:149} INFO - [2024-09-03T11:12:13.666+0000] {dag.py:2726} INFO - Sync 1 DAGs
[2024-09-03T11:12:13.687+0000] {logging_mixin.py:149} INFO - [2024-09-03T11:12:13.687+0000] {dag.py:3486} INFO - Setting next_dagrun for latest_only_with_trigger to 2024-09-03T07:12:13.687267+00:00, run_after=2024-09-03T11:12:13.687267+00:00
[2024-09-03T11:12:13.716+0000] {processor.py:179} INFO - Processing /home/airflow-vm/data-engineer-batch-processing-financial-services/.venv/lib/python3.10/site-packages/airflow/example_dags/example_latest_only_with_trigger.py took 0.080 seconds
[2024-09-03T11:16:22.846+0000] {processor.py:157} INFO - Started process (PID=11433) to work on /home/airflow-vm/data-engineer-batch-processing-financial-services/.venv/lib/python3.10/site-packages/airflow/example_dags/example_latest_only_with_trigger.py
[2024-09-03T11:16:22.847+0000] {processor.py:826} INFO - Processing file /home/airflow-vm/data-engineer-batch-processing-financial-services/.venv/lib/python3.10/site-packages/airflow/example_dags/example_latest_only_with_trigger.py for tasks to queue
[2024-09-03T11:16:22.847+0000] {logging_mixin.py:149} INFO - [2024-09-03T11:16:22.847+0000] {dagbag.py:541} INFO - Filling up the DagBag from /home/airflow-vm/data-engineer-batch-processing-financial-services/.venv/lib/python3.10/site-packages/airflow/example_dags/example_latest_only_with_trigger.py
[2024-09-03T11:16:22.853+0000] {processor.py:836} INFO - DAG(s) dict_keys(['latest_only_with_trigger']) retrieved from /home/airflow-vm/data-engineer-batch-processing-financial-services/.venv/lib/python3.10/site-packages/airflow/example_dags/example_latest_only_with_trigger.py
[2024-09-03T11:16:22.873+0000] {logging_mixin.py:149} INFO - [2024-09-03T11:16:22.872+0000] {dag.py:2726} INFO - Sync 1 DAGs
[2024-09-03T11:16:22.892+0000] {logging_mixin.py:149} INFO - [2024-09-03T11:16:22.891+0000] {dag.py:3486} INFO - Setting next_dagrun for latest_only_with_trigger to 2024-09-03T07:16:22.891738+00:00, run_after=2024-09-03T11:16:22.891738+00:00
[2024-09-03T11:16:22.918+0000] {processor.py:179} INFO - Processing /home/airflow-vm/data-engineer-batch-processing-financial-services/.venv/lib/python3.10/site-packages/airflow/example_dags/example_latest_only_with_trigger.py took 0.075 seconds
[2024-09-03T11:21:50.211+0000] {processor.py:157} INFO - Started process (PID=14173) to work on /home/airflow-vm/data-engineer-batch-processing-financial-services/.venv/lib/python3.10/site-packages/airflow/example_dags/example_latest_only_with_trigger.py
[2024-09-03T11:21:50.212+0000] {processor.py:826} INFO - Processing file /home/airflow-vm/data-engineer-batch-processing-financial-services/.venv/lib/python3.10/site-packages/airflow/example_dags/example_latest_only_with_trigger.py for tasks to queue
[2024-09-03T11:21:50.213+0000] {logging_mixin.py:149} INFO - [2024-09-03T11:21:50.212+0000] {dagbag.py:541} INFO - Filling up the DagBag from /home/airflow-vm/data-engineer-batch-processing-financial-services/.venv/lib/python3.10/site-packages/airflow/example_dags/example_latest_only_with_trigger.py
[2024-09-03T11:21:50.218+0000] {processor.py:836} INFO - DAG(s) dict_keys(['latest_only_with_trigger']) retrieved from /home/airflow-vm/data-engineer-batch-processing-financial-services/.venv/lib/python3.10/site-packages/airflow/example_dags/example_latest_only_with_trigger.py
[2024-09-03T11:21:50.236+0000] {logging_mixin.py:149} INFO - [2024-09-03T11:21:50.236+0000] {dag.py:2726} INFO - Sync 1 DAGs
[2024-09-03T11:21:50.256+0000] {logging_mixin.py:149} INFO - [2024-09-03T11:21:50.256+0000] {dag.py:3486} INFO - Setting next_dagrun for latest_only_with_trigger to 2024-09-03T07:21:50.256508+00:00, run_after=2024-09-03T11:21:50.256508+00:00
[2024-09-03T11:21:50.287+0000] {processor.py:179} INFO - Processing /home/airflow-vm/data-engineer-batch-processing-financial-services/.venv/lib/python3.10/site-packages/airflow/example_dags/example_latest_only_with_trigger.py took 0.078 seconds
[2024-09-03T11:27:27.672+0000] {processor.py:157} INFO - Started process (PID=16656) to work on /home/airflow-vm/data-engineer-batch-processing-financial-services/.venv/lib/python3.10/site-packages/airflow/example_dags/example_latest_only_with_trigger.py
[2024-09-03T11:27:27.673+0000] {processor.py:826} INFO - Processing file /home/airflow-vm/data-engineer-batch-processing-financial-services/.venv/lib/python3.10/site-packages/airflow/example_dags/example_latest_only_with_trigger.py for tasks to queue
[2024-09-03T11:27:27.673+0000] {logging_mixin.py:149} INFO - [2024-09-03T11:27:27.673+0000] {dagbag.py:541} INFO - Filling up the DagBag from /home/airflow-vm/data-engineer-batch-processing-financial-services/.venv/lib/python3.10/site-packages/airflow/example_dags/example_latest_only_with_trigger.py
[2024-09-03T11:27:27.680+0000] {processor.py:836} INFO - DAG(s) dict_keys(['latest_only_with_trigger']) retrieved from /home/airflow-vm/data-engineer-batch-processing-financial-services/.venv/lib/python3.10/site-packages/airflow/example_dags/example_latest_only_with_trigger.py
[2024-09-03T11:27:27.699+0000] {logging_mixin.py:149} INFO - [2024-09-03T11:27:27.699+0000] {dag.py:2726} INFO - Sync 1 DAGs
[2024-09-03T11:27:27.719+0000] {logging_mixin.py:149} INFO - [2024-09-03T11:27:27.719+0000] {dag.py:3486} INFO - Setting next_dagrun for latest_only_with_trigger to 2024-09-03T07:27:27.719512+00:00, run_after=2024-09-03T11:27:27.719512+00:00
[2024-09-03T11:27:27.749+0000] {processor.py:179} INFO - Processing /home/airflow-vm/data-engineer-batch-processing-financial-services/.venv/lib/python3.10/site-packages/airflow/example_dags/example_latest_only_with_trigger.py took 0.081 seconds
[2024-09-03T11:31:10.398+0000] {processor.py:157} INFO - Started process (PID=18848) to work on /home/airflow-vm/data-engineer-batch-processing-financial-services/.venv/lib/python3.10/site-packages/airflow/example_dags/example_latest_only_with_trigger.py
[2024-09-03T11:31:10.399+0000] {processor.py:826} INFO - Processing file /home/airflow-vm/data-engineer-batch-processing-financial-services/.venv/lib/python3.10/site-packages/airflow/example_dags/example_latest_only_with_trigger.py for tasks to queue
[2024-09-03T11:31:10.400+0000] {logging_mixin.py:149} INFO - [2024-09-03T11:31:10.400+0000] {dagbag.py:541} INFO - Filling up the DagBag from /home/airflow-vm/data-engineer-batch-processing-financial-services/.venv/lib/python3.10/site-packages/airflow/example_dags/example_latest_only_with_trigger.py
[2024-09-03T11:31:10.406+0000] {processor.py:836} INFO - DAG(s) dict_keys(['latest_only_with_trigger']) retrieved from /home/airflow-vm/data-engineer-batch-processing-financial-services/.venv/lib/python3.10/site-packages/airflow/example_dags/example_latest_only_with_trigger.py
[2024-09-03T11:31:10.425+0000] {logging_mixin.py:149} INFO - [2024-09-03T11:31:10.424+0000] {dag.py:2726} INFO - Sync 1 DAGs
[2024-09-03T11:31:10.445+0000] {logging_mixin.py:149} INFO - [2024-09-03T11:31:10.445+0000] {dag.py:3486} INFO - Setting next_dagrun for latest_only_with_trigger to 2024-09-03T07:31:10.444930+00:00, run_after=2024-09-03T11:31:10.444930+00:00
[2024-09-03T11:31:10.475+0000] {processor.py:179} INFO - Processing /home/airflow-vm/data-engineer-batch-processing-financial-services/.venv/lib/python3.10/site-packages/airflow/example_dags/example_latest_only_with_trigger.py took 0.079 seconds
[2024-09-03T11:35:25.087+0000] {processor.py:157} INFO - Started process (PID=21351) to work on /home/airflow-vm/data-engineer-batch-processing-financial-services/.venv/lib/python3.10/site-packages/airflow/example_dags/example_latest_only_with_trigger.py
[2024-09-03T11:35:25.088+0000] {processor.py:826} INFO - Processing file /home/airflow-vm/data-engineer-batch-processing-financial-services/.venv/lib/python3.10/site-packages/airflow/example_dags/example_latest_only_with_trigger.py for tasks to queue
[2024-09-03T11:35:25.089+0000] {logging_mixin.py:149} INFO - [2024-09-03T11:35:25.089+0000] {dagbag.py:541} INFO - Filling up the DagBag from /home/airflow-vm/data-engineer-batch-processing-financial-services/.venv/lib/python3.10/site-packages/airflow/example_dags/example_latest_only_with_trigger.py
[2024-09-03T11:35:25.095+0000] {processor.py:836} INFO - DAG(s) dict_keys(['latest_only_with_trigger']) retrieved from /home/airflow-vm/data-engineer-batch-processing-financial-services/.venv/lib/python3.10/site-packages/airflow/example_dags/example_latest_only_with_trigger.py
[2024-09-03T11:35:25.114+0000] {logging_mixin.py:149} INFO - [2024-09-03T11:35:25.114+0000] {dag.py:2726} INFO - Sync 1 DAGs
[2024-09-03T11:35:25.135+0000] {logging_mixin.py:149} INFO - [2024-09-03T11:35:25.135+0000] {dag.py:3486} INFO - Setting next_dagrun for latest_only_with_trigger to 2024-09-03T07:35:25.134974+00:00, run_after=2024-09-03T11:35:25.134974+00:00
[2024-09-03T11:35:25.170+0000] {processor.py:179} INFO - Processing /home/airflow-vm/data-engineer-batch-processing-financial-services/.venv/lib/python3.10/site-packages/airflow/example_dags/example_latest_only_with_trigger.py took 0.085 seconds
[2024-09-03T11:37:27.272+0000] {processor.py:157} INFO - Started process (PID=22571) to work on /home/airflow-vm/data-engineer-batch-processing-financial-services/.venv/lib/python3.10/site-packages/airflow/example_dags/example_latest_only_with_trigger.py
[2024-09-03T11:37:27.273+0000] {processor.py:826} INFO - Processing file /home/airflow-vm/data-engineer-batch-processing-financial-services/.venv/lib/python3.10/site-packages/airflow/example_dags/example_latest_only_with_trigger.py for tasks to queue
[2024-09-03T11:37:27.274+0000] {logging_mixin.py:149} INFO - [2024-09-03T11:37:27.273+0000] {dagbag.py:541} INFO - Filling up the DagBag from /home/airflow-vm/data-engineer-batch-processing-financial-services/.venv/lib/python3.10/site-packages/airflow/example_dags/example_latest_only_with_trigger.py
[2024-09-03T11:37:27.280+0000] {processor.py:836} INFO - DAG(s) dict_keys(['latest_only_with_trigger']) retrieved from /home/airflow-vm/data-engineer-batch-processing-financial-services/.venv/lib/python3.10/site-packages/airflow/example_dags/example_latest_only_with_trigger.py
[2024-09-03T11:37:27.300+0000] {logging_mixin.py:149} INFO - [2024-09-03T11:37:27.300+0000] {dag.py:2726} INFO - Sync 1 DAGs
[2024-09-03T11:37:27.321+0000] {logging_mixin.py:149} INFO - [2024-09-03T11:37:27.321+0000] {dag.py:3486} INFO - Setting next_dagrun for latest_only_with_trigger to 2024-09-03T07:37:27.321006+00:00, run_after=2024-09-03T11:37:27.321006+00:00
[2024-09-03T11:37:27.352+0000] {processor.py:179} INFO - Processing /home/airflow-vm/data-engineer-batch-processing-financial-services/.venv/lib/python3.10/site-packages/airflow/example_dags/example_latest_only_with_trigger.py took 0.083 seconds
[2024-09-03T11:38:14.464+0000] {processor.py:157} INFO - Started process (PID=22855) to work on /home/airflow-vm/data-engineer-batch-processing-financial-services/.venv/lib/python3.10/site-packages/airflow/example_dags/example_latest_only_with_trigger.py
[2024-09-03T11:38:14.465+0000] {processor.py:826} INFO - Processing file /home/airflow-vm/data-engineer-batch-processing-financial-services/.venv/lib/python3.10/site-packages/airflow/example_dags/example_latest_only_with_trigger.py for tasks to queue
[2024-09-03T11:38:14.465+0000] {logging_mixin.py:149} INFO - [2024-09-03T11:38:14.465+0000] {dagbag.py:541} INFO - Filling up the DagBag from /home/airflow-vm/data-engineer-batch-processing-financial-services/.venv/lib/python3.10/site-packages/airflow/example_dags/example_latest_only_with_trigger.py
[2024-09-03T11:38:14.472+0000] {processor.py:836} INFO - DAG(s) dict_keys(['latest_only_with_trigger']) retrieved from /home/airflow-vm/data-engineer-batch-processing-financial-services/.venv/lib/python3.10/site-packages/airflow/example_dags/example_latest_only_with_trigger.py
[2024-09-03T11:38:14.492+0000] {logging_mixin.py:149} INFO - [2024-09-03T11:38:14.491+0000] {dag.py:2726} INFO - Sync 1 DAGs
[2024-09-03T11:38:14.513+0000] {logging_mixin.py:149} INFO - [2024-09-03T11:38:14.513+0000] {dag.py:3486} INFO - Setting next_dagrun for latest_only_with_trigger to 2024-09-03T07:38:14.513483+00:00, run_after=2024-09-03T11:38:14.513483+00:00
[2024-09-03T11:38:14.543+0000] {processor.py:179} INFO - Processing /home/airflow-vm/data-engineer-batch-processing-financial-services/.venv/lib/python3.10/site-packages/airflow/example_dags/example_latest_only_with_trigger.py took 0.082 seconds
[2024-09-03T11:39:05.035+0000] {processor.py:157} INFO - Started process (PID=23055) to work on /home/airflow-vm/data-engineer-batch-processing-financial-services/.venv/lib/python3.10/site-packages/airflow/example_dags/example_latest_only_with_trigger.py
[2024-09-03T11:39:05.035+0000] {processor.py:826} INFO - Processing file /home/airflow-vm/data-engineer-batch-processing-financial-services/.venv/lib/python3.10/site-packages/airflow/example_dags/example_latest_only_with_trigger.py for tasks to queue
[2024-09-03T11:39:05.036+0000] {logging_mixin.py:149} INFO - [2024-09-03T11:39:05.036+0000] {dagbag.py:541} INFO - Filling up the DagBag from /home/airflow-vm/data-engineer-batch-processing-financial-services/.venv/lib/python3.10/site-packages/airflow/example_dags/example_latest_only_with_trigger.py
[2024-09-03T11:39:05.042+0000] {processor.py:836} INFO - DAG(s) dict_keys(['latest_only_with_trigger']) retrieved from /home/airflow-vm/data-engineer-batch-processing-financial-services/.venv/lib/python3.10/site-packages/airflow/example_dags/example_latest_only_with_trigger.py
[2024-09-03T11:39:05.061+0000] {logging_mixin.py:149} INFO - [2024-09-03T11:39:05.061+0000] {dag.py:2726} INFO - Sync 1 DAGs
[2024-09-03T11:39:05.082+0000] {logging_mixin.py:149} INFO - [2024-09-03T11:39:05.082+0000] {dag.py:3486} INFO - Setting next_dagrun for latest_only_with_trigger to 2024-09-03T07:39:05.082456+00:00, run_after=2024-09-03T11:39:05.082456+00:00
[2024-09-03T11:39:05.115+0000] {processor.py:179} INFO - Processing /home/airflow-vm/data-engineer-batch-processing-financial-services/.venv/lib/python3.10/site-packages/airflow/example_dags/example_latest_only_with_trigger.py took 0.083 seconds
[2024-09-03T11:39:50.437+0000] {processor.py:157} INFO - Started process (PID=23246) to work on /home/airflow-vm/data-engineer-batch-processing-financial-services/.venv/lib/python3.10/site-packages/airflow/example_dags/example_latest_only_with_trigger.py
[2024-09-03T11:39:50.437+0000] {processor.py:826} INFO - Processing file /home/airflow-vm/data-engineer-batch-processing-financial-services/.venv/lib/python3.10/site-packages/airflow/example_dags/example_latest_only_with_trigger.py for tasks to queue
[2024-09-03T11:39:50.438+0000] {logging_mixin.py:149} INFO - [2024-09-03T11:39:50.438+0000] {dagbag.py:541} INFO - Filling up the DagBag from /home/airflow-vm/data-engineer-batch-processing-financial-services/.venv/lib/python3.10/site-packages/airflow/example_dags/example_latest_only_with_trigger.py
[2024-09-03T11:39:50.443+0000] {processor.py:836} INFO - DAG(s) dict_keys(['latest_only_with_trigger']) retrieved from /home/airflow-vm/data-engineer-batch-processing-financial-services/.venv/lib/python3.10/site-packages/airflow/example_dags/example_latest_only_with_trigger.py
[2024-09-03T11:39:50.463+0000] {logging_mixin.py:149} INFO - [2024-09-03T11:39:50.462+0000] {dag.py:2726} INFO - Sync 1 DAGs
[2024-09-03T11:39:50.484+0000] {logging_mixin.py:149} INFO - [2024-09-03T11:39:50.483+0000] {dag.py:3486} INFO - Setting next_dagrun for latest_only_with_trigger to 2024-09-03T07:39:50.483673+00:00, run_after=2024-09-03T11:39:50.483673+00:00
[2024-09-03T11:39:50.511+0000] {processor.py:179} INFO - Processing /home/airflow-vm/data-engineer-batch-processing-financial-services/.venv/lib/python3.10/site-packages/airflow/example_dags/example_latest_only_with_trigger.py took 0.077 seconds
[2024-09-03T11:44:51.671+0000] {processor.py:157} INFO - Started process (PID=26412) to work on /home/airflow-vm/data-engineer-batch-processing-financial-services/.venv/lib/python3.10/site-packages/airflow/example_dags/example_latest_only_with_trigger.py
[2024-09-03T11:44:51.672+0000] {processor.py:826} INFO - Processing file /home/airflow-vm/data-engineer-batch-processing-financial-services/.venv/lib/python3.10/site-packages/airflow/example_dags/example_latest_only_with_trigger.py for tasks to queue
[2024-09-03T11:44:51.673+0000] {logging_mixin.py:149} INFO - [2024-09-03T11:44:51.673+0000] {dagbag.py:541} INFO - Filling up the DagBag from /home/airflow-vm/data-engineer-batch-processing-financial-services/.venv/lib/python3.10/site-packages/airflow/example_dags/example_latest_only_with_trigger.py
[2024-09-03T11:44:51.679+0000] {processor.py:836} INFO - DAG(s) dict_keys(['latest_only_with_trigger']) retrieved from /home/airflow-vm/data-engineer-batch-processing-financial-services/.venv/lib/python3.10/site-packages/airflow/example_dags/example_latest_only_with_trigger.py
[2024-09-03T11:44:51.697+0000] {logging_mixin.py:149} INFO - [2024-09-03T11:44:51.697+0000] {dag.py:2726} INFO - Sync 1 DAGs
[2024-09-03T11:44:51.717+0000] {logging_mixin.py:149} INFO - [2024-09-03T11:44:51.717+0000] {dag.py:3486} INFO - Setting next_dagrun for latest_only_with_trigger to 2024-09-03T07:44:51.716847+00:00, run_after=2024-09-03T11:44:51.716847+00:00
[2024-09-03T11:44:51.745+0000] {processor.py:179} INFO - Processing /home/airflow-vm/data-engineer-batch-processing-financial-services/.venv/lib/python3.10/site-packages/airflow/example_dags/example_latest_only_with_trigger.py took 0.076 seconds
[2024-09-03T11:49:00.985+0000] {processor.py:157} INFO - Started process (PID=28693) to work on /home/airflow-vm/data-engineer-batch-processing-financial-services/.venv/lib/python3.10/site-packages/airflow/example_dags/example_latest_only_with_trigger.py
[2024-09-03T11:49:00.986+0000] {processor.py:826} INFO - Processing file /home/airflow-vm/data-engineer-batch-processing-financial-services/.venv/lib/python3.10/site-packages/airflow/example_dags/example_latest_only_with_trigger.py for tasks to queue
[2024-09-03T11:49:00.987+0000] {logging_mixin.py:149} INFO - [2024-09-03T11:49:00.986+0000] {dagbag.py:541} INFO - Filling up the DagBag from /home/airflow-vm/data-engineer-batch-processing-financial-services/.venv/lib/python3.10/site-packages/airflow/example_dags/example_latest_only_with_trigger.py
[2024-09-03T11:49:00.992+0000] {processor.py:836} INFO - DAG(s) dict_keys(['latest_only_with_trigger']) retrieved from /home/airflow-vm/data-engineer-batch-processing-financial-services/.venv/lib/python3.10/site-packages/airflow/example_dags/example_latest_only_with_trigger.py
[2024-09-03T11:49:01.009+0000] {logging_mixin.py:149} INFO - [2024-09-03T11:49:01.009+0000] {dag.py:2726} INFO - Sync 1 DAGs
[2024-09-03T11:49:01.028+0000] {logging_mixin.py:149} INFO - [2024-09-03T11:49:01.027+0000] {dag.py:3486} INFO - Setting next_dagrun for latest_only_with_trigger to 2024-09-03T07:49:01.027708+00:00, run_after=2024-09-03T11:49:01.027708+00:00
[2024-09-03T11:49:01.054+0000] {processor.py:179} INFO - Processing /home/airflow-vm/data-engineer-batch-processing-financial-services/.venv/lib/python3.10/site-packages/airflow/example_dags/example_latest_only_with_trigger.py took 0.071 seconds
[2024-09-03T11:50:32.135+0000] {processor.py:157} INFO - Started process (PID=29663) to work on /home/airflow-vm/data-engineer-batch-processing-financial-services/.venv/lib/python3.10/site-packages/airflow/example_dags/example_latest_only_with_trigger.py
[2024-09-03T11:50:32.136+0000] {processor.py:826} INFO - Processing file /home/airflow-vm/data-engineer-batch-processing-financial-services/.venv/lib/python3.10/site-packages/airflow/example_dags/example_latest_only_with_trigger.py for tasks to queue
[2024-09-03T11:50:32.137+0000] {logging_mixin.py:149} INFO - [2024-09-03T11:50:32.137+0000] {dagbag.py:541} INFO - Filling up the DagBag from /home/airflow-vm/data-engineer-batch-processing-financial-services/.venv/lib/python3.10/site-packages/airflow/example_dags/example_latest_only_with_trigger.py
[2024-09-03T11:50:32.142+0000] {processor.py:836} INFO - DAG(s) dict_keys(['latest_only_with_trigger']) retrieved from /home/airflow-vm/data-engineer-batch-processing-financial-services/.venv/lib/python3.10/site-packages/airflow/example_dags/example_latest_only_with_trigger.py
[2024-09-03T11:50:32.161+0000] {logging_mixin.py:149} INFO - [2024-09-03T11:50:32.160+0000] {dag.py:2726} INFO - Sync 1 DAGs
[2024-09-03T11:50:32.181+0000] {logging_mixin.py:149} INFO - [2024-09-03T11:50:32.181+0000] {dag.py:3486} INFO - Setting next_dagrun for latest_only_with_trigger to 2024-09-03T07:50:32.181426+00:00, run_after=2024-09-03T11:50:32.181426+00:00
[2024-09-03T11:50:32.209+0000] {processor.py:179} INFO - Processing /home/airflow-vm/data-engineer-batch-processing-financial-services/.venv/lib/python3.10/site-packages/airflow/example_dags/example_latest_only_with_trigger.py took 0.076 seconds
[2024-09-03T11:51:16.545+0000] {processor.py:157} INFO - Started process (PID=29711) to work on /home/airflow-vm/data-engineer-batch-processing-financial-services/.venv/lib/python3.10/site-packages/airflow/example_dags/example_latest_only_with_trigger.py
[2024-09-03T11:51:16.546+0000] {processor.py:826} INFO - Processing file /home/airflow-vm/data-engineer-batch-processing-financial-services/.venv/lib/python3.10/site-packages/airflow/example_dags/example_latest_only_with_trigger.py for tasks to queue
[2024-09-03T11:51:16.547+0000] {logging_mixin.py:149} INFO - [2024-09-03T11:51:16.547+0000] {dagbag.py:541} INFO - Filling up the DagBag from /home/airflow-vm/data-engineer-batch-processing-financial-services/.venv/lib/python3.10/site-packages/airflow/example_dags/example_latest_only_with_trigger.py
[2024-09-03T11:51:16.552+0000] {processor.py:836} INFO - DAG(s) dict_keys(['latest_only_with_trigger']) retrieved from /home/airflow-vm/data-engineer-batch-processing-financial-services/.venv/lib/python3.10/site-packages/airflow/example_dags/example_latest_only_with_trigger.py
[2024-09-03T11:51:16.571+0000] {logging_mixin.py:149} INFO - [2024-09-03T11:51:16.571+0000] {dag.py:2726} INFO - Sync 1 DAGs
[2024-09-03T11:51:16.591+0000] {logging_mixin.py:149} INFO - [2024-09-03T11:51:16.591+0000] {dag.py:3486} INFO - Setting next_dagrun for latest_only_with_trigger to 2024-09-03T07:51:16.590840+00:00, run_after=2024-09-03T11:51:16.590840+00:00
[2024-09-03T11:51:16.619+0000] {processor.py:179} INFO - Processing /home/airflow-vm/data-engineer-batch-processing-financial-services/.venv/lib/python3.10/site-packages/airflow/example_dags/example_latest_only_with_trigger.py took 0.076 seconds
[2024-09-03T11:52:00.275+0000] {processor.py:157} INFO - Started process (PID=29760) to work on /home/airflow-vm/data-engineer-batch-processing-financial-services/.venv/lib/python3.10/site-packages/airflow/example_dags/example_latest_only_with_trigger.py
[2024-09-03T11:52:00.275+0000] {processor.py:826} INFO - Processing file /home/airflow-vm/data-engineer-batch-processing-financial-services/.venv/lib/python3.10/site-packages/airflow/example_dags/example_latest_only_with_trigger.py for tasks to queue
[2024-09-03T11:52:00.276+0000] {logging_mixin.py:149} INFO - [2024-09-03T11:52:00.276+0000] {dagbag.py:541} INFO - Filling up the DagBag from /home/airflow-vm/data-engineer-batch-processing-financial-services/.venv/lib/python3.10/site-packages/airflow/example_dags/example_latest_only_with_trigger.py
[2024-09-03T11:52:00.282+0000] {processor.py:836} INFO - DAG(s) dict_keys(['latest_only_with_trigger']) retrieved from /home/airflow-vm/data-engineer-batch-processing-financial-services/.venv/lib/python3.10/site-packages/airflow/example_dags/example_latest_only_with_trigger.py
[2024-09-03T11:52:00.300+0000] {logging_mixin.py:149} INFO - [2024-09-03T11:52:00.300+0000] {dag.py:2726} INFO - Sync 1 DAGs
[2024-09-03T11:52:00.318+0000] {logging_mixin.py:149} INFO - [2024-09-03T11:52:00.318+0000] {dag.py:3486} INFO - Setting next_dagrun for latest_only_with_trigger to 2024-09-03T07:52:00.318589+00:00, run_after=2024-09-03T11:52:00.318589+00:00
[2024-09-03T11:52:00.346+0000] {processor.py:179} INFO - Processing /home/airflow-vm/data-engineer-batch-processing-financial-services/.venv/lib/python3.10/site-packages/airflow/example_dags/example_latest_only_with_trigger.py took 0.074 seconds
[2024-09-03T11:52:50.164+0000] {processor.py:157} INFO - Started process (PID=29810) to work on /home/airflow-vm/data-engineer-batch-processing-financial-services/.venv/lib/python3.10/site-packages/airflow/example_dags/example_latest_only_with_trigger.py
[2024-09-03T11:52:50.165+0000] {processor.py:826} INFO - Processing file /home/airflow-vm/data-engineer-batch-processing-financial-services/.venv/lib/python3.10/site-packages/airflow/example_dags/example_latest_only_with_trigger.py for tasks to queue
[2024-09-03T11:52:50.165+0000] {logging_mixin.py:149} INFO - [2024-09-03T11:52:50.165+0000] {dagbag.py:541} INFO - Filling up the DagBag from /home/airflow-vm/data-engineer-batch-processing-financial-services/.venv/lib/python3.10/site-packages/airflow/example_dags/example_latest_only_with_trigger.py
[2024-09-03T11:52:50.172+0000] {processor.py:836} INFO - DAG(s) dict_keys(['latest_only_with_trigger']) retrieved from /home/airflow-vm/data-engineer-batch-processing-financial-services/.venv/lib/python3.10/site-packages/airflow/example_dags/example_latest_only_with_trigger.py
[2024-09-03T11:52:50.191+0000] {logging_mixin.py:149} INFO - [2024-09-03T11:52:50.190+0000] {dag.py:2726} INFO - Sync 1 DAGs
[2024-09-03T11:52:50.211+0000] {logging_mixin.py:149} INFO - [2024-09-03T11:52:50.211+0000] {dag.py:3486} INFO - Setting next_dagrun for latest_only_with_trigger to 2024-09-03T07:52:50.211071+00:00, run_after=2024-09-03T11:52:50.211071+00:00
[2024-09-03T11:52:50.242+0000] {processor.py:179} INFO - Processing /home/airflow-vm/data-engineer-batch-processing-financial-services/.venv/lib/python3.10/site-packages/airflow/example_dags/example_latest_only_with_trigger.py took 0.081 seconds
[2024-09-03T11:53:36.523+0000] {processor.py:157} INFO - Started process (PID=29885) to work on /home/airflow-vm/data-engineer-batch-processing-financial-services/.venv/lib/python3.10/site-packages/airflow/example_dags/example_latest_only_with_trigger.py
[2024-09-03T11:53:36.524+0000] {processor.py:826} INFO - Processing file /home/airflow-vm/data-engineer-batch-processing-financial-services/.venv/lib/python3.10/site-packages/airflow/example_dags/example_latest_only_with_trigger.py for tasks to queue
[2024-09-03T11:53:36.525+0000] {logging_mixin.py:149} INFO - [2024-09-03T11:53:36.525+0000] {dagbag.py:541} INFO - Filling up the DagBag from /home/airflow-vm/data-engineer-batch-processing-financial-services/.venv/lib/python3.10/site-packages/airflow/example_dags/example_latest_only_with_trigger.py
[2024-09-03T11:53:36.531+0000] {processor.py:836} INFO - DAG(s) dict_keys(['latest_only_with_trigger']) retrieved from /home/airflow-vm/data-engineer-batch-processing-financial-services/.venv/lib/python3.10/site-packages/airflow/example_dags/example_latest_only_with_trigger.py
[2024-09-03T11:53:36.550+0000] {logging_mixin.py:149} INFO - [2024-09-03T11:53:36.550+0000] {dag.py:2726} INFO - Sync 1 DAGs
[2024-09-03T11:53:36.572+0000] {logging_mixin.py:149} INFO - [2024-09-03T11:53:36.572+0000] {dag.py:3486} INFO - Setting next_dagrun for latest_only_with_trigger to 2024-09-03T07:53:36.572084+00:00, run_after=2024-09-03T11:53:36.572084+00:00
[2024-09-03T11:53:36.602+0000] {processor.py:179} INFO - Processing /home/airflow-vm/data-engineer-batch-processing-financial-services/.venv/lib/python3.10/site-packages/airflow/example_dags/example_latest_only_with_trigger.py took 0.081 seconds
[2024-09-03T11:54:25.634+0000] {processor.py:157} INFO - Started process (PID=29936) to work on /home/airflow-vm/data-engineer-batch-processing-financial-services/.venv/lib/python3.10/site-packages/airflow/example_dags/example_latest_only_with_trigger.py
[2024-09-03T11:54:25.635+0000] {processor.py:826} INFO - Processing file /home/airflow-vm/data-engineer-batch-processing-financial-services/.venv/lib/python3.10/site-packages/airflow/example_dags/example_latest_only_with_trigger.py for tasks to queue
[2024-09-03T11:54:25.635+0000] {logging_mixin.py:149} INFO - [2024-09-03T11:54:25.635+0000] {dagbag.py:541} INFO - Filling up the DagBag from /home/airflow-vm/data-engineer-batch-processing-financial-services/.venv/lib/python3.10/site-packages/airflow/example_dags/example_latest_only_with_trigger.py
[2024-09-03T11:54:25.641+0000] {processor.py:836} INFO - DAG(s) dict_keys(['latest_only_with_trigger']) retrieved from /home/airflow-vm/data-engineer-batch-processing-financial-services/.venv/lib/python3.10/site-packages/airflow/example_dags/example_latest_only_with_trigger.py
[2024-09-03T11:54:25.660+0000] {logging_mixin.py:149} INFO - [2024-09-03T11:54:25.660+0000] {dag.py:2726} INFO - Sync 1 DAGs
[2024-09-03T11:54:25.681+0000] {logging_mixin.py:149} INFO - [2024-09-03T11:54:25.680+0000] {dag.py:3486} INFO - Setting next_dagrun for latest_only_with_trigger to 2024-09-03T07:54:25.680731+00:00, run_after=2024-09-03T11:54:25.680731+00:00
[2024-09-03T11:54:25.710+0000] {processor.py:179} INFO - Processing /home/airflow-vm/data-engineer-batch-processing-financial-services/.venv/lib/python3.10/site-packages/airflow/example_dags/example_latest_only_with_trigger.py took 0.079 seconds
[2024-09-03T11:55:14.150+0000] {processor.py:157} INFO - Started process (PID=29992) to work on /home/airflow-vm/data-engineer-batch-processing-financial-services/.venv/lib/python3.10/site-packages/airflow/example_dags/example_latest_only_with_trigger.py
[2024-09-03T11:55:14.151+0000] {processor.py:826} INFO - Processing file /home/airflow-vm/data-engineer-batch-processing-financial-services/.venv/lib/python3.10/site-packages/airflow/example_dags/example_latest_only_with_trigger.py for tasks to queue
[2024-09-03T11:55:14.151+0000] {logging_mixin.py:149} INFO - [2024-09-03T11:55:14.151+0000] {dagbag.py:541} INFO - Filling up the DagBag from /home/airflow-vm/data-engineer-batch-processing-financial-services/.venv/lib/python3.10/site-packages/airflow/example_dags/example_latest_only_with_trigger.py
[2024-09-03T11:55:14.157+0000] {processor.py:836} INFO - DAG(s) dict_keys(['latest_only_with_trigger']) retrieved from /home/airflow-vm/data-engineer-batch-processing-financial-services/.venv/lib/python3.10/site-packages/airflow/example_dags/example_latest_only_with_trigger.py
[2024-09-03T11:55:14.176+0000] {logging_mixin.py:149} INFO - [2024-09-03T11:55:14.176+0000] {dag.py:2726} INFO - Sync 1 DAGs
[2024-09-03T11:55:14.195+0000] {logging_mixin.py:149} INFO - [2024-09-03T11:55:14.195+0000] {dag.py:3486} INFO - Setting next_dagrun for latest_only_with_trigger to 2024-09-03T07:55:14.195506+00:00, run_after=2024-09-03T11:55:14.195506+00:00
[2024-09-03T11:55:14.228+0000] {processor.py:179} INFO - Processing /home/airflow-vm/data-engineer-batch-processing-financial-services/.venv/lib/python3.10/site-packages/airflow/example_dags/example_latest_only_with_trigger.py took 0.081 seconds
[2024-09-03T11:55:58.171+0000] {processor.py:157} INFO - Started process (PID=30039) to work on /home/airflow-vm/data-engineer-batch-processing-financial-services/.venv/lib/python3.10/site-packages/airflow/example_dags/example_latest_only_with_trigger.py
[2024-09-03T11:55:58.171+0000] {processor.py:826} INFO - Processing file /home/airflow-vm/data-engineer-batch-processing-financial-services/.venv/lib/python3.10/site-packages/airflow/example_dags/example_latest_only_with_trigger.py for tasks to queue
[2024-09-03T11:55:58.172+0000] {logging_mixin.py:149} INFO - [2024-09-03T11:55:58.172+0000] {dagbag.py:541} INFO - Filling up the DagBag from /home/airflow-vm/data-engineer-batch-processing-financial-services/.venv/lib/python3.10/site-packages/airflow/example_dags/example_latest_only_with_trigger.py
[2024-09-03T11:55:58.178+0000] {processor.py:836} INFO - DAG(s) dict_keys(['latest_only_with_trigger']) retrieved from /home/airflow-vm/data-engineer-batch-processing-financial-services/.venv/lib/python3.10/site-packages/airflow/example_dags/example_latest_only_with_trigger.py
[2024-09-03T11:55:58.196+0000] {logging_mixin.py:149} INFO - [2024-09-03T11:55:58.196+0000] {dag.py:2726} INFO - Sync 1 DAGs
[2024-09-03T11:55:58.215+0000] {logging_mixin.py:149} INFO - [2024-09-03T11:55:58.214+0000] {dag.py:3486} INFO - Setting next_dagrun for latest_only_with_trigger to 2024-09-03T07:55:58.214648+00:00, run_after=2024-09-03T11:55:58.214648+00:00
[2024-09-03T11:55:58.243+0000] {processor.py:179} INFO - Processing /home/airflow-vm/data-engineer-batch-processing-financial-services/.venv/lib/python3.10/site-packages/airflow/example_dags/example_latest_only_with_trigger.py took 0.075 seconds
[2024-09-03T11:56:43.377+0000] {processor.py:157} INFO - Started process (PID=30096) to work on /home/airflow-vm/data-engineer-batch-processing-financial-services/.venv/lib/python3.10/site-packages/airflow/example_dags/example_latest_only_with_trigger.py
[2024-09-03T11:56:43.378+0000] {processor.py:826} INFO - Processing file /home/airflow-vm/data-engineer-batch-processing-financial-services/.venv/lib/python3.10/site-packages/airflow/example_dags/example_latest_only_with_trigger.py for tasks to queue
[2024-09-03T11:56:43.379+0000] {logging_mixin.py:149} INFO - [2024-09-03T11:56:43.378+0000] {dagbag.py:541} INFO - Filling up the DagBag from /home/airflow-vm/data-engineer-batch-processing-financial-services/.venv/lib/python3.10/site-packages/airflow/example_dags/example_latest_only_with_trigger.py
[2024-09-03T11:56:43.384+0000] {processor.py:836} INFO - DAG(s) dict_keys(['latest_only_with_trigger']) retrieved from /home/airflow-vm/data-engineer-batch-processing-financial-services/.venv/lib/python3.10/site-packages/airflow/example_dags/example_latest_only_with_trigger.py
[2024-09-03T11:56:43.404+0000] {logging_mixin.py:149} INFO - [2024-09-03T11:56:43.404+0000] {dag.py:2726} INFO - Sync 1 DAGs
[2024-09-03T11:56:43.424+0000] {logging_mixin.py:149} INFO - [2024-09-03T11:56:43.424+0000] {dag.py:3486} INFO - Setting next_dagrun for latest_only_with_trigger to 2024-09-03T07:56:43.424463+00:00, run_after=2024-09-03T11:56:43.424463+00:00
[2024-09-03T11:56:43.467+0000] {processor.py:179} INFO - Processing /home/airflow-vm/data-engineer-batch-processing-financial-services/.venv/lib/python3.10/site-packages/airflow/example_dags/example_latest_only_with_trigger.py took 0.093 seconds
