[2024-09-03T10:58:38.998+0000] {processor.py:157} INFO - Started process (PID=3660) to work on /home/airflow-vm/data-engineer-batch-processing-financial-services/.venv/lib/python3.10/site-packages/airflow/example_dags/example_branch_operator.py
[2024-09-03T10:58:38.999+0000] {processor.py:826} INFO - Processing file /home/airflow-vm/data-engineer-batch-processing-financial-services/.venv/lib/python3.10/site-packages/airflow/example_dags/example_branch_operator.py for tasks to queue
[2024-09-03T10:58:38.999+0000] {logging_mixin.py:149} INFO - [2024-09-03T10:58:38.999+0000] {dagbag.py:541} INFO - Filling up the DagBag from /home/airflow-vm/data-engineer-batch-processing-financial-services/.venv/lib/python3.10/site-packages/airflow/example_dags/example_branch_operator.py
[2024-09-03T10:58:39.008+0000] {processor.py:836} INFO - DAG(s) dict_keys(['example_branch_operator']) retrieved from /home/airflow-vm/data-engineer-batch-processing-financial-services/.venv/lib/python3.10/site-packages/airflow/example_dags/example_branch_operator.py
[2024-09-03T10:58:39.027+0000] {logging_mixin.py:149} INFO - [2024-09-03T10:58:39.027+0000] {dag.py:2726} INFO - Sync 1 DAGs
[2024-09-03T10:58:39.097+0000] {logging_mixin.py:149} INFO - [2024-09-03T10:58:39.097+0000] {dag.py:3486} INFO - Setting next_dagrun for example_branch_operator to 2024-09-02T00:00:00+00:00, run_after=2024-09-03T00:00:00+00:00
[2024-09-03T10:58:39.128+0000] {processor.py:179} INFO - Processing /home/airflow-vm/data-engineer-batch-processing-financial-services/.venv/lib/python3.10/site-packages/airflow/example_dags/example_branch_operator.py took 0.132 seconds
[2024-09-03T10:59:28.898+0000] {processor.py:157} INFO - Started process (PID=3845) to work on /home/airflow-vm/data-engineer-batch-processing-financial-services/.venv/lib/python3.10/site-packages/airflow/example_dags/example_branch_operator.py
[2024-09-03T10:59:28.899+0000] {processor.py:826} INFO - Processing file /home/airflow-vm/data-engineer-batch-processing-financial-services/.venv/lib/python3.10/site-packages/airflow/example_dags/example_branch_operator.py for tasks to queue
[2024-09-03T10:59:28.899+0000] {logging_mixin.py:149} INFO - [2024-09-03T10:59:28.899+0000] {dagbag.py:541} INFO - Filling up the DagBag from /home/airflow-vm/data-engineer-batch-processing-financial-services/.venv/lib/python3.10/site-packages/airflow/example_dags/example_branch_operator.py
[2024-09-03T10:59:28.907+0000] {processor.py:836} INFO - DAG(s) dict_keys(['example_branch_operator']) retrieved from /home/airflow-vm/data-engineer-batch-processing-financial-services/.venv/lib/python3.10/site-packages/airflow/example_dags/example_branch_operator.py
[2024-09-03T10:59:28.927+0000] {logging_mixin.py:149} INFO - [2024-09-03T10:59:28.926+0000] {dag.py:2726} INFO - Sync 1 DAGs
[2024-09-03T10:59:28.947+0000] {logging_mixin.py:149} INFO - [2024-09-03T10:59:28.947+0000] {dag.py:3486} INFO - Setting next_dagrun for example_branch_operator to 2024-09-02T00:00:00+00:00, run_after=2024-09-03T00:00:00+00:00
[2024-09-03T10:59:28.976+0000] {processor.py:179} INFO - Processing /home/airflow-vm/data-engineer-batch-processing-financial-services/.venv/lib/python3.10/site-packages/airflow/example_dags/example_branch_operator.py took 0.081 seconds
[2024-09-03T11:00:26.207+0000] {processor.py:157} INFO - Started process (PID=4306) to work on /home/airflow-vm/data-engineer-batch-processing-financial-services/.venv/lib/python3.10/site-packages/airflow/example_dags/example_branch_operator.py
[2024-09-03T11:00:26.208+0000] {processor.py:826} INFO - Processing file /home/airflow-vm/data-engineer-batch-processing-financial-services/.venv/lib/python3.10/site-packages/airflow/example_dags/example_branch_operator.py for tasks to queue
[2024-09-03T11:00:26.208+0000] {logging_mixin.py:149} INFO - [2024-09-03T11:00:26.208+0000] {dagbag.py:541} INFO - Filling up the DagBag from /home/airflow-vm/data-engineer-batch-processing-financial-services/.venv/lib/python3.10/site-packages/airflow/example_dags/example_branch_operator.py
[2024-09-03T11:00:26.217+0000] {processor.py:836} INFO - DAG(s) dict_keys(['example_branch_operator']) retrieved from /home/airflow-vm/data-engineer-batch-processing-financial-services/.venv/lib/python3.10/site-packages/airflow/example_dags/example_branch_operator.py
[2024-09-03T11:00:26.238+0000] {logging_mixin.py:149} INFO - [2024-09-03T11:00:26.237+0000] {dag.py:2726} INFO - Sync 1 DAGs
[2024-09-03T11:00:26.260+0000] {logging_mixin.py:149} INFO - [2024-09-03T11:00:26.259+0000] {dag.py:3486} INFO - Setting next_dagrun for example_branch_operator to 2024-09-02T00:00:00+00:00, run_after=2024-09-03T00:00:00+00:00
[2024-09-03T11:00:26.289+0000] {processor.py:179} INFO - Processing /home/airflow-vm/data-engineer-batch-processing-financial-services/.venv/lib/python3.10/site-packages/airflow/example_dags/example_branch_operator.py took 0.085 seconds
[2024-09-03T11:01:12.805+0000] {processor.py:157} INFO - Started process (PID=4655) to work on /home/airflow-vm/data-engineer-batch-processing-financial-services/.venv/lib/python3.10/site-packages/airflow/example_dags/example_branch_operator.py
[2024-09-03T11:01:12.806+0000] {processor.py:826} INFO - Processing file /home/airflow-vm/data-engineer-batch-processing-financial-services/.venv/lib/python3.10/site-packages/airflow/example_dags/example_branch_operator.py for tasks to queue
[2024-09-03T11:01:12.807+0000] {logging_mixin.py:149} INFO - [2024-09-03T11:01:12.807+0000] {dagbag.py:541} INFO - Filling up the DagBag from /home/airflow-vm/data-engineer-batch-processing-financial-services/.venv/lib/python3.10/site-packages/airflow/example_dags/example_branch_operator.py
[2024-09-03T11:01:12.815+0000] {processor.py:836} INFO - DAG(s) dict_keys(['example_branch_operator']) retrieved from /home/airflow-vm/data-engineer-batch-processing-financial-services/.venv/lib/python3.10/site-packages/airflow/example_dags/example_branch_operator.py
[2024-09-03T11:01:12.835+0000] {logging_mixin.py:149} INFO - [2024-09-03T11:01:12.835+0000] {dag.py:2726} INFO - Sync 1 DAGs
[2024-09-03T11:01:12.857+0000] {logging_mixin.py:149} INFO - [2024-09-03T11:01:12.857+0000] {dag.py:3486} INFO - Setting next_dagrun for example_branch_operator to 2024-09-02T00:00:00+00:00, run_after=2024-09-03T00:00:00+00:00
[2024-09-03T11:01:12.885+0000] {processor.py:179} INFO - Processing /home/airflow-vm/data-engineer-batch-processing-financial-services/.venv/lib/python3.10/site-packages/airflow/example_dags/example_branch_operator.py took 0.082 seconds
[2024-09-03T11:02:01.705+0000] {processor.py:157} INFO - Started process (PID=4792) to work on /home/airflow-vm/data-engineer-batch-processing-financial-services/.venv/lib/python3.10/site-packages/airflow/example_dags/example_branch_operator.py
[2024-09-03T11:02:01.706+0000] {processor.py:826} INFO - Processing file /home/airflow-vm/data-engineer-batch-processing-financial-services/.venv/lib/python3.10/site-packages/airflow/example_dags/example_branch_operator.py for tasks to queue
[2024-09-03T11:02:01.706+0000] {logging_mixin.py:149} INFO - [2024-09-03T11:02:01.706+0000] {dagbag.py:541} INFO - Filling up the DagBag from /home/airflow-vm/data-engineer-batch-processing-financial-services/.venv/lib/python3.10/site-packages/airflow/example_dags/example_branch_operator.py
[2024-09-03T11:02:01.714+0000] {processor.py:836} INFO - DAG(s) dict_keys(['example_branch_operator']) retrieved from /home/airflow-vm/data-engineer-batch-processing-financial-services/.venv/lib/python3.10/site-packages/airflow/example_dags/example_branch_operator.py
[2024-09-03T11:02:01.734+0000] {logging_mixin.py:149} INFO - [2024-09-03T11:02:01.734+0000] {dag.py:2726} INFO - Sync 1 DAGs
[2024-09-03T11:02:01.754+0000] {logging_mixin.py:149} INFO - [2024-09-03T11:02:01.754+0000] {dag.py:3486} INFO - Setting next_dagrun for example_branch_operator to 2024-09-02T00:00:00+00:00, run_after=2024-09-03T00:00:00+00:00
[2024-09-03T11:02:01.783+0000] {processor.py:179} INFO - Processing /home/airflow-vm/data-engineer-batch-processing-financial-services/.venv/lib/python3.10/site-packages/airflow/example_dags/example_branch_operator.py took 0.080 seconds
[2024-09-03T11:02:48.345+0000] {processor.py:157} INFO - Started process (PID=4932) to work on /home/airflow-vm/data-engineer-batch-processing-financial-services/.venv/lib/python3.10/site-packages/airflow/example_dags/example_branch_operator.py
[2024-09-03T11:02:48.346+0000] {processor.py:826} INFO - Processing file /home/airflow-vm/data-engineer-batch-processing-financial-services/.venv/lib/python3.10/site-packages/airflow/example_dags/example_branch_operator.py for tasks to queue
[2024-09-03T11:02:48.347+0000] {logging_mixin.py:149} INFO - [2024-09-03T11:02:48.347+0000] {dagbag.py:541} INFO - Filling up the DagBag from /home/airflow-vm/data-engineer-batch-processing-financial-services/.venv/lib/python3.10/site-packages/airflow/example_dags/example_branch_operator.py
[2024-09-03T11:02:48.356+0000] {processor.py:836} INFO - DAG(s) dict_keys(['example_branch_operator']) retrieved from /home/airflow-vm/data-engineer-batch-processing-financial-services/.venv/lib/python3.10/site-packages/airflow/example_dags/example_branch_operator.py
[2024-09-03T11:02:48.378+0000] {logging_mixin.py:149} INFO - [2024-09-03T11:02:48.377+0000] {dag.py:2726} INFO - Sync 1 DAGs
[2024-09-03T11:02:48.399+0000] {logging_mixin.py:149} INFO - [2024-09-03T11:02:48.399+0000] {dag.py:3486} INFO - Setting next_dagrun for example_branch_operator to 2024-09-02T00:00:00+00:00, run_after=2024-09-03T00:00:00+00:00
[2024-09-03T11:02:48.429+0000] {processor.py:179} INFO - Processing /home/airflow-vm/data-engineer-batch-processing-financial-services/.venv/lib/python3.10/site-packages/airflow/example_dags/example_branch_operator.py took 0.086 seconds
[2024-09-03T11:04:12.476+0000] {processor.py:157} INFO - Started process (PID=5766) to work on /home/airflow-vm/data-engineer-batch-processing-financial-services/.venv/lib/python3.10/site-packages/airflow/example_dags/example_branch_operator.py
[2024-09-03T11:04:12.477+0000] {processor.py:826} INFO - Processing file /home/airflow-vm/data-engineer-batch-processing-financial-services/.venv/lib/python3.10/site-packages/airflow/example_dags/example_branch_operator.py for tasks to queue
[2024-09-03T11:04:12.477+0000] {logging_mixin.py:149} INFO - [2024-09-03T11:04:12.477+0000] {dagbag.py:541} INFO - Filling up the DagBag from /home/airflow-vm/data-engineer-batch-processing-financial-services/.venv/lib/python3.10/site-packages/airflow/example_dags/example_branch_operator.py
[2024-09-03T11:04:12.486+0000] {processor.py:836} INFO - DAG(s) dict_keys(['example_branch_operator']) retrieved from /home/airflow-vm/data-engineer-batch-processing-financial-services/.venv/lib/python3.10/site-packages/airflow/example_dags/example_branch_operator.py
[2024-09-03T11:04:12.506+0000] {logging_mixin.py:149} INFO - [2024-09-03T11:04:12.506+0000] {dag.py:2726} INFO - Sync 1 DAGs
[2024-09-03T11:04:12.526+0000] {logging_mixin.py:149} INFO - [2024-09-03T11:04:12.526+0000] {dag.py:3486} INFO - Setting next_dagrun for example_branch_operator to 2024-09-02T00:00:00+00:00, run_after=2024-09-03T00:00:00+00:00
[2024-09-03T11:04:12.557+0000] {processor.py:179} INFO - Processing /home/airflow-vm/data-engineer-batch-processing-financial-services/.venv/lib/python3.10/site-packages/airflow/example_dags/example_branch_operator.py took 0.084 seconds
[2024-09-03T11:08:18.052+0000] {processor.py:157} INFO - Started process (PID=7689) to work on /home/airflow-vm/data-engineer-batch-processing-financial-services/.venv/lib/python3.10/site-packages/airflow/example_dags/example_branch_operator.py
[2024-09-03T11:08:18.053+0000] {processor.py:826} INFO - Processing file /home/airflow-vm/data-engineer-batch-processing-financial-services/.venv/lib/python3.10/site-packages/airflow/example_dags/example_branch_operator.py for tasks to queue
[2024-09-03T11:08:18.053+0000] {logging_mixin.py:149} INFO - [2024-09-03T11:08:18.053+0000] {dagbag.py:541} INFO - Filling up the DagBag from /home/airflow-vm/data-engineer-batch-processing-financial-services/.venv/lib/python3.10/site-packages/airflow/example_dags/example_branch_operator.py
[2024-09-03T11:08:18.063+0000] {processor.py:836} INFO - DAG(s) dict_keys(['example_branch_operator']) retrieved from /home/airflow-vm/data-engineer-batch-processing-financial-services/.venv/lib/python3.10/site-packages/airflow/example_dags/example_branch_operator.py
[2024-09-03T11:08:18.084+0000] {logging_mixin.py:149} INFO - [2024-09-03T11:08:18.084+0000] {dag.py:2726} INFO - Sync 1 DAGs
[2024-09-03T11:08:18.106+0000] {logging_mixin.py:149} INFO - [2024-09-03T11:08:18.106+0000] {dag.py:3486} INFO - Setting next_dagrun for example_branch_operator to 2024-09-02T00:00:00+00:00, run_after=2024-09-03T00:00:00+00:00
[2024-09-03T11:08:18.135+0000] {processor.py:179} INFO - Processing /home/airflow-vm/data-engineer-batch-processing-financial-services/.venv/lib/python3.10/site-packages/airflow/example_dags/example_branch_operator.py took 0.086 seconds
[2024-09-03T11:12:29.385+0000] {processor.py:157} INFO - Started process (PID=9443) to work on /home/airflow-vm/data-engineer-batch-processing-financial-services/.venv/lib/python3.10/site-packages/airflow/example_dags/example_branch_operator.py
[2024-09-03T11:12:29.386+0000] {processor.py:826} INFO - Processing file /home/airflow-vm/data-engineer-batch-processing-financial-services/.venv/lib/python3.10/site-packages/airflow/example_dags/example_branch_operator.py for tasks to queue
[2024-09-03T11:12:29.386+0000] {logging_mixin.py:149} INFO - [2024-09-03T11:12:29.386+0000] {dagbag.py:541} INFO - Filling up the DagBag from /home/airflow-vm/data-engineer-batch-processing-financial-services/.venv/lib/python3.10/site-packages/airflow/example_dags/example_branch_operator.py
[2024-09-03T11:12:29.396+0000] {processor.py:836} INFO - DAG(s) dict_keys(['example_branch_operator']) retrieved from /home/airflow-vm/data-engineer-batch-processing-financial-services/.venv/lib/python3.10/site-packages/airflow/example_dags/example_branch_operator.py
[2024-09-03T11:12:29.418+0000] {logging_mixin.py:149} INFO - [2024-09-03T11:12:29.418+0000] {dag.py:2726} INFO - Sync 1 DAGs
[2024-09-03T11:12:29.439+0000] {logging_mixin.py:149} INFO - [2024-09-03T11:12:29.439+0000] {dag.py:3486} INFO - Setting next_dagrun for example_branch_operator to 2024-09-02T00:00:00+00:00, run_after=2024-09-03T00:00:00+00:00
[2024-09-03T11:12:29.471+0000] {processor.py:179} INFO - Processing /home/airflow-vm/data-engineer-batch-processing-financial-services/.venv/lib/python3.10/site-packages/airflow/example_dags/example_branch_operator.py took 0.089 seconds
[2024-09-03T11:16:39.563+0000] {processor.py:157} INFO - Started process (PID=11605) to work on /home/airflow-vm/data-engineer-batch-processing-financial-services/.venv/lib/python3.10/site-packages/airflow/example_dags/example_branch_operator.py
[2024-09-03T11:16:39.564+0000] {processor.py:826} INFO - Processing file /home/airflow-vm/data-engineer-batch-processing-financial-services/.venv/lib/python3.10/site-packages/airflow/example_dags/example_branch_operator.py for tasks to queue
[2024-09-03T11:16:39.565+0000] {logging_mixin.py:149} INFO - [2024-09-03T11:16:39.564+0000] {dagbag.py:541} INFO - Filling up the DagBag from /home/airflow-vm/data-engineer-batch-processing-financial-services/.venv/lib/python3.10/site-packages/airflow/example_dags/example_branch_operator.py
[2024-09-03T11:16:39.574+0000] {processor.py:836} INFO - DAG(s) dict_keys(['example_branch_operator']) retrieved from /home/airflow-vm/data-engineer-batch-processing-financial-services/.venv/lib/python3.10/site-packages/airflow/example_dags/example_branch_operator.py
[2024-09-03T11:16:39.595+0000] {logging_mixin.py:149} INFO - [2024-09-03T11:16:39.595+0000] {dag.py:2726} INFO - Sync 1 DAGs
[2024-09-03T11:16:39.616+0000] {logging_mixin.py:149} INFO - [2024-09-03T11:16:39.616+0000] {dag.py:3486} INFO - Setting next_dagrun for example_branch_operator to 2024-09-02T00:00:00+00:00, run_after=2024-09-03T00:00:00+00:00
[2024-09-03T11:16:39.644+0000] {processor.py:179} INFO - Processing /home/airflow-vm/data-engineer-batch-processing-financial-services/.venv/lib/python3.10/site-packages/airflow/example_dags/example_branch_operator.py took 0.084 seconds
[2024-09-03T11:22:16.992+0000] {processor.py:157} INFO - Started process (PID=14418) to work on /home/airflow-vm/data-engineer-batch-processing-financial-services/.venv/lib/python3.10/site-packages/airflow/example_dags/example_branch_operator.py
[2024-09-03T11:22:16.993+0000] {processor.py:826} INFO - Processing file /home/airflow-vm/data-engineer-batch-processing-financial-services/.venv/lib/python3.10/site-packages/airflow/example_dags/example_branch_operator.py for tasks to queue
[2024-09-03T11:22:16.993+0000] {logging_mixin.py:149} INFO - [2024-09-03T11:22:16.993+0000] {dagbag.py:541} INFO - Filling up the DagBag from /home/airflow-vm/data-engineer-batch-processing-financial-services/.venv/lib/python3.10/site-packages/airflow/example_dags/example_branch_operator.py
[2024-09-03T11:22:17.002+0000] {processor.py:836} INFO - DAG(s) dict_keys(['example_branch_operator']) retrieved from /home/airflow-vm/data-engineer-batch-processing-financial-services/.venv/lib/python3.10/site-packages/airflow/example_dags/example_branch_operator.py
[2024-09-03T11:22:17.021+0000] {logging_mixin.py:149} INFO - [2024-09-03T11:22:17.021+0000] {dag.py:2726} INFO - Sync 1 DAGs
[2024-09-03T11:22:17.041+0000] {logging_mixin.py:149} INFO - [2024-09-03T11:22:17.041+0000] {dag.py:3486} INFO - Setting next_dagrun for example_branch_operator to 2024-09-02T00:00:00+00:00, run_after=2024-09-03T00:00:00+00:00
[2024-09-03T11:22:17.075+0000] {processor.py:179} INFO - Processing /home/airflow-vm/data-engineer-batch-processing-financial-services/.venv/lib/python3.10/site-packages/airflow/example_dags/example_branch_operator.py took 0.086 seconds
[2024-09-03T11:27:55.056+0000] {processor.py:157} INFO - Started process (PID=16875) to work on /home/airflow-vm/data-engineer-batch-processing-financial-services/.venv/lib/python3.10/site-packages/airflow/example_dags/example_branch_operator.py
[2024-09-03T11:27:55.057+0000] {processor.py:826} INFO - Processing file /home/airflow-vm/data-engineer-batch-processing-financial-services/.venv/lib/python3.10/site-packages/airflow/example_dags/example_branch_operator.py for tasks to queue
[2024-09-03T11:27:55.058+0000] {logging_mixin.py:149} INFO - [2024-09-03T11:27:55.058+0000] {dagbag.py:541} INFO - Filling up the DagBag from /home/airflow-vm/data-engineer-batch-processing-financial-services/.venv/lib/python3.10/site-packages/airflow/example_dags/example_branch_operator.py
[2024-09-03T11:27:55.068+0000] {processor.py:836} INFO - DAG(s) dict_keys(['example_branch_operator']) retrieved from /home/airflow-vm/data-engineer-batch-processing-financial-services/.venv/lib/python3.10/site-packages/airflow/example_dags/example_branch_operator.py
[2024-09-03T11:27:55.092+0000] {logging_mixin.py:149} INFO - [2024-09-03T11:27:55.091+0000] {dag.py:2726} INFO - Sync 1 DAGs
[2024-09-03T11:27:55.115+0000] {logging_mixin.py:149} INFO - [2024-09-03T11:27:55.114+0000] {dag.py:3486} INFO - Setting next_dagrun for example_branch_operator to 2024-09-02T00:00:00+00:00, run_after=2024-09-03T00:00:00+00:00
[2024-09-03T11:27:55.146+0000] {processor.py:179} INFO - Processing /home/airflow-vm/data-engineer-batch-processing-financial-services/.venv/lib/python3.10/site-packages/airflow/example_dags/example_branch_operator.py took 0.093 seconds
[2024-09-03T11:36:38.922+0000] {processor.py:157} INFO - Started process (PID=22168) to work on /home/airflow-vm/data-engineer-batch-processing-financial-services/.venv/lib/python3.10/site-packages/airflow/example_dags/example_branch_operator.py
[2024-09-03T11:36:38.923+0000] {processor.py:826} INFO - Processing file /home/airflow-vm/data-engineer-batch-processing-financial-services/.venv/lib/python3.10/site-packages/airflow/example_dags/example_branch_operator.py for tasks to queue
[2024-09-03T11:36:38.923+0000] {logging_mixin.py:149} INFO - [2024-09-03T11:36:38.923+0000] {dagbag.py:541} INFO - Filling up the DagBag from /home/airflow-vm/data-engineer-batch-processing-financial-services/.venv/lib/python3.10/site-packages/airflow/example_dags/example_branch_operator.py
[2024-09-03T11:36:38.932+0000] {processor.py:836} INFO - DAG(s) dict_keys(['example_branch_operator']) retrieved from /home/airflow-vm/data-engineer-batch-processing-financial-services/.venv/lib/python3.10/site-packages/airflow/example_dags/example_branch_operator.py
[2024-09-03T11:36:38.954+0000] {logging_mixin.py:149} INFO - [2024-09-03T11:36:38.954+0000] {dag.py:2726} INFO - Sync 1 DAGs
[2024-09-03T11:36:38.980+0000] {logging_mixin.py:149} INFO - [2024-09-03T11:36:38.980+0000] {dag.py:3486} INFO - Setting next_dagrun for example_branch_operator to 2024-09-02T00:00:00+00:00, run_after=2024-09-03T00:00:00+00:00
[2024-09-03T11:36:39.020+0000] {processor.py:179} INFO - Processing /home/airflow-vm/data-engineer-batch-processing-financial-services/.venv/lib/python3.10/site-packages/airflow/example_dags/example_branch_operator.py took 0.101 seconds
[2024-09-03T11:37:58.171+0000] {processor.py:157} INFO - Started process (PID=22751) to work on /home/airflow-vm/data-engineer-batch-processing-financial-services/.venv/lib/python3.10/site-packages/airflow/example_dags/example_branch_operator.py
[2024-09-03T11:37:58.172+0000] {processor.py:826} INFO - Processing file /home/airflow-vm/data-engineer-batch-processing-financial-services/.venv/lib/python3.10/site-packages/airflow/example_dags/example_branch_operator.py for tasks to queue
[2024-09-03T11:37:58.172+0000] {logging_mixin.py:149} INFO - [2024-09-03T11:37:58.172+0000] {dagbag.py:541} INFO - Filling up the DagBag from /home/airflow-vm/data-engineer-batch-processing-financial-services/.venv/lib/python3.10/site-packages/airflow/example_dags/example_branch_operator.py
[2024-09-03T11:37:58.182+0000] {processor.py:836} INFO - DAG(s) dict_keys(['example_branch_operator']) retrieved from /home/airflow-vm/data-engineer-batch-processing-financial-services/.venv/lib/python3.10/site-packages/airflow/example_dags/example_branch_operator.py
[2024-09-03T11:37:58.203+0000] {logging_mixin.py:149} INFO - [2024-09-03T11:37:58.203+0000] {dag.py:2726} INFO - Sync 1 DAGs
[2024-09-03T11:37:58.225+0000] {logging_mixin.py:149} INFO - [2024-09-03T11:37:58.225+0000] {dag.py:3486} INFO - Setting next_dagrun for example_branch_operator to 2024-09-02T00:00:00+00:00, run_after=2024-09-03T00:00:00+00:00
[2024-09-03T11:37:58.258+0000] {processor.py:179} INFO - Processing /home/airflow-vm/data-engineer-batch-processing-financial-services/.venv/lib/python3.10/site-packages/airflow/example_dags/example_branch_operator.py took 0.090 seconds
[2024-09-03T11:38:47.797+0000] {processor.py:157} INFO - Started process (PID=22978) to work on /home/airflow-vm/data-engineer-batch-processing-financial-services/.venv/lib/python3.10/site-packages/airflow/example_dags/example_branch_operator.py
[2024-09-03T11:38:47.798+0000] {processor.py:826} INFO - Processing file /home/airflow-vm/data-engineer-batch-processing-financial-services/.venv/lib/python3.10/site-packages/airflow/example_dags/example_branch_operator.py for tasks to queue
[2024-09-03T11:38:47.798+0000] {logging_mixin.py:149} INFO - [2024-09-03T11:38:47.798+0000] {dagbag.py:541} INFO - Filling up the DagBag from /home/airflow-vm/data-engineer-batch-processing-financial-services/.venv/lib/python3.10/site-packages/airflow/example_dags/example_branch_operator.py
[2024-09-03T11:38:47.807+0000] {processor.py:836} INFO - DAG(s) dict_keys(['example_branch_operator']) retrieved from /home/airflow-vm/data-engineer-batch-processing-financial-services/.venv/lib/python3.10/site-packages/airflow/example_dags/example_branch_operator.py
[2024-09-03T11:38:47.829+0000] {logging_mixin.py:149} INFO - [2024-09-03T11:38:47.829+0000] {dag.py:2726} INFO - Sync 1 DAGs
[2024-09-03T11:38:47.850+0000] {logging_mixin.py:149} INFO - [2024-09-03T11:38:47.850+0000] {dag.py:3486} INFO - Setting next_dagrun for example_branch_operator to 2024-09-02T00:00:00+00:00, run_after=2024-09-03T00:00:00+00:00
[2024-09-03T11:38:47.881+0000] {processor.py:179} INFO - Processing /home/airflow-vm/data-engineer-batch-processing-financial-services/.venv/lib/python3.10/site-packages/airflow/example_dags/example_branch_operator.py took 0.086 seconds
[2024-09-03T11:39:36.088+0000] {processor.py:157} INFO - Started process (PID=23217) to work on /home/airflow-vm/data-engineer-batch-processing-financial-services/.venv/lib/python3.10/site-packages/airflow/example_dags/example_branch_operator.py
[2024-09-03T11:39:36.089+0000] {processor.py:826} INFO - Processing file /home/airflow-vm/data-engineer-batch-processing-financial-services/.venv/lib/python3.10/site-packages/airflow/example_dags/example_branch_operator.py for tasks to queue
[2024-09-03T11:39:36.089+0000] {logging_mixin.py:149} INFO - [2024-09-03T11:39:36.089+0000] {dagbag.py:541} INFO - Filling up the DagBag from /home/airflow-vm/data-engineer-batch-processing-financial-services/.venv/lib/python3.10/site-packages/airflow/example_dags/example_branch_operator.py
[2024-09-03T11:39:36.098+0000] {processor.py:836} INFO - DAG(s) dict_keys(['example_branch_operator']) retrieved from /home/airflow-vm/data-engineer-batch-processing-financial-services/.venv/lib/python3.10/site-packages/airflow/example_dags/example_branch_operator.py
[2024-09-03T11:39:36.118+0000] {logging_mixin.py:149} INFO - [2024-09-03T11:39:36.117+0000] {dag.py:2726} INFO - Sync 1 DAGs
[2024-09-03T11:39:36.139+0000] {logging_mixin.py:149} INFO - [2024-09-03T11:39:36.138+0000] {dag.py:3486} INFO - Setting next_dagrun for example_branch_operator to 2024-09-02T00:00:00+00:00, run_after=2024-09-03T00:00:00+00:00
[2024-09-03T11:39:36.168+0000] {processor.py:179} INFO - Processing /home/airflow-vm/data-engineer-batch-processing-financial-services/.venv/lib/python3.10/site-packages/airflow/example_dags/example_branch_operator.py took 0.082 seconds
[2024-09-03T11:41:18.084+0000] {processor.py:157} INFO - Started process (PID=24164) to work on /home/airflow-vm/data-engineer-batch-processing-financial-services/.venv/lib/python3.10/site-packages/airflow/example_dags/example_branch_operator.py
[2024-09-03T11:41:18.085+0000] {processor.py:826} INFO - Processing file /home/airflow-vm/data-engineer-batch-processing-financial-services/.venv/lib/python3.10/site-packages/airflow/example_dags/example_branch_operator.py for tasks to queue
[2024-09-03T11:41:18.086+0000] {logging_mixin.py:149} INFO - [2024-09-03T11:41:18.086+0000] {dagbag.py:541} INFO - Filling up the DagBag from /home/airflow-vm/data-engineer-batch-processing-financial-services/.venv/lib/python3.10/site-packages/airflow/example_dags/example_branch_operator.py
[2024-09-03T11:41:18.094+0000] {processor.py:836} INFO - DAG(s) dict_keys(['example_branch_operator']) retrieved from /home/airflow-vm/data-engineer-batch-processing-financial-services/.venv/lib/python3.10/site-packages/airflow/example_dags/example_branch_operator.py
[2024-09-03T11:41:18.115+0000] {logging_mixin.py:149} INFO - [2024-09-03T11:41:18.114+0000] {dag.py:2726} INFO - Sync 1 DAGs
[2024-09-03T11:41:18.135+0000] {logging_mixin.py:149} INFO - [2024-09-03T11:41:18.135+0000] {dag.py:3486} INFO - Setting next_dagrun for example_branch_operator to 2024-09-02T00:00:00+00:00, run_after=2024-09-03T00:00:00+00:00
[2024-09-03T11:41:18.166+0000] {processor.py:179} INFO - Processing /home/airflow-vm/data-engineer-batch-processing-financial-services/.venv/lib/python3.10/site-packages/airflow/example_dags/example_branch_operator.py took 0.084 seconds
[2024-09-03T11:49:48.411+0000] {processor.py:157} INFO - Started process (PID=29314) to work on /home/airflow-vm/data-engineer-batch-processing-financial-services/.venv/lib/python3.10/site-packages/airflow/example_dags/example_branch_operator.py
[2024-09-03T11:49:48.412+0000] {processor.py:826} INFO - Processing file /home/airflow-vm/data-engineer-batch-processing-financial-services/.venv/lib/python3.10/site-packages/airflow/example_dags/example_branch_operator.py for tasks to queue
[2024-09-03T11:49:48.413+0000] {logging_mixin.py:149} INFO - [2024-09-03T11:49:48.413+0000] {dagbag.py:541} INFO - Filling up the DagBag from /home/airflow-vm/data-engineer-batch-processing-financial-services/.venv/lib/python3.10/site-packages/airflow/example_dags/example_branch_operator.py
[2024-09-03T11:49:48.421+0000] {processor.py:836} INFO - DAG(s) dict_keys(['example_branch_operator']) retrieved from /home/airflow-vm/data-engineer-batch-processing-financial-services/.venv/lib/python3.10/site-packages/airflow/example_dags/example_branch_operator.py
[2024-09-03T11:49:48.441+0000] {logging_mixin.py:149} INFO - [2024-09-03T11:49:48.441+0000] {dag.py:2726} INFO - Sync 1 DAGs
[2024-09-03T11:49:48.462+0000] {logging_mixin.py:149} INFO - [2024-09-03T11:49:48.462+0000] {dag.py:3486} INFO - Setting next_dagrun for example_branch_operator to 2024-09-02T00:00:00+00:00, run_after=2024-09-03T00:00:00+00:00
[2024-09-03T11:49:48.490+0000] {processor.py:179} INFO - Processing /home/airflow-vm/data-engineer-batch-processing-financial-services/.venv/lib/python3.10/site-packages/airflow/example_dags/example_branch_operator.py took 0.082 seconds
[2024-09-03T11:50:56.163+0000] {processor.py:157} INFO - Started process (PID=29689) to work on /home/airflow-vm/data-engineer-batch-processing-financial-services/.venv/lib/python3.10/site-packages/airflow/example_dags/example_branch_operator.py
[2024-09-03T11:50:56.164+0000] {processor.py:826} INFO - Processing file /home/airflow-vm/data-engineer-batch-processing-financial-services/.venv/lib/python3.10/site-packages/airflow/example_dags/example_branch_operator.py for tasks to queue
[2024-09-03T11:50:56.165+0000] {logging_mixin.py:149} INFO - [2024-09-03T11:50:56.165+0000] {dagbag.py:541} INFO - Filling up the DagBag from /home/airflow-vm/data-engineer-batch-processing-financial-services/.venv/lib/python3.10/site-packages/airflow/example_dags/example_branch_operator.py
[2024-09-03T11:50:56.174+0000] {processor.py:836} INFO - DAG(s) dict_keys(['example_branch_operator']) retrieved from /home/airflow-vm/data-engineer-batch-processing-financial-services/.venv/lib/python3.10/site-packages/airflow/example_dags/example_branch_operator.py
[2024-09-03T11:50:56.195+0000] {logging_mixin.py:149} INFO - [2024-09-03T11:50:56.195+0000] {dag.py:2726} INFO - Sync 1 DAGs
[2024-09-03T11:50:56.215+0000] {logging_mixin.py:149} INFO - [2024-09-03T11:50:56.215+0000] {dag.py:3486} INFO - Setting next_dagrun for example_branch_operator to 2024-09-02T00:00:00+00:00, run_after=2024-09-03T00:00:00+00:00
[2024-09-03T11:50:56.243+0000] {processor.py:179} INFO - Processing /home/airflow-vm/data-engineer-batch-processing-financial-services/.venv/lib/python3.10/site-packages/airflow/example_dags/example_branch_operator.py took 0.083 seconds
[2024-09-03T11:51:39.627+0000] {processor.py:157} INFO - Started process (PID=29736) to work on /home/airflow-vm/data-engineer-batch-processing-financial-services/.venv/lib/python3.10/site-packages/airflow/example_dags/example_branch_operator.py
[2024-09-03T11:51:39.628+0000] {processor.py:826} INFO - Processing file /home/airflow-vm/data-engineer-batch-processing-financial-services/.venv/lib/python3.10/site-packages/airflow/example_dags/example_branch_operator.py for tasks to queue
[2024-09-03T11:51:39.629+0000] {logging_mixin.py:149} INFO - [2024-09-03T11:51:39.629+0000] {dagbag.py:541} INFO - Filling up the DagBag from /home/airflow-vm/data-engineer-batch-processing-financial-services/.venv/lib/python3.10/site-packages/airflow/example_dags/example_branch_operator.py
[2024-09-03T11:51:39.637+0000] {processor.py:836} INFO - DAG(s) dict_keys(['example_branch_operator']) retrieved from /home/airflow-vm/data-engineer-batch-processing-financial-services/.venv/lib/python3.10/site-packages/airflow/example_dags/example_branch_operator.py
[2024-09-03T11:51:39.657+0000] {logging_mixin.py:149} INFO - [2024-09-03T11:51:39.657+0000] {dag.py:2726} INFO - Sync 1 DAGs
[2024-09-03T11:51:39.680+0000] {logging_mixin.py:149} INFO - [2024-09-03T11:51:39.680+0000] {dag.py:3486} INFO - Setting next_dagrun for example_branch_operator to 2024-09-02T00:00:00+00:00, run_after=2024-09-03T00:00:00+00:00
[2024-09-03T11:51:39.707+0000] {processor.py:179} INFO - Processing /home/airflow-vm/data-engineer-batch-processing-financial-services/.venv/lib/python3.10/site-packages/airflow/example_dags/example_branch_operator.py took 0.082 seconds
[2024-09-03T11:52:41.465+0000] {processor.py:157} INFO - Started process (PID=29802) to work on /home/airflow-vm/data-engineer-batch-processing-financial-services/.venv/lib/python3.10/site-packages/airflow/example_dags/example_branch_operator.py
[2024-09-03T11:52:41.466+0000] {processor.py:826} INFO - Processing file /home/airflow-vm/data-engineer-batch-processing-financial-services/.venv/lib/python3.10/site-packages/airflow/example_dags/example_branch_operator.py for tasks to queue
[2024-09-03T11:52:41.467+0000] {logging_mixin.py:149} INFO - [2024-09-03T11:52:41.467+0000] {dagbag.py:541} INFO - Filling up the DagBag from /home/airflow-vm/data-engineer-batch-processing-financial-services/.venv/lib/python3.10/site-packages/airflow/example_dags/example_branch_operator.py
[2024-09-03T11:52:41.476+0000] {processor.py:836} INFO - DAG(s) dict_keys(['example_branch_operator']) retrieved from /home/airflow-vm/data-engineer-batch-processing-financial-services/.venv/lib/python3.10/site-packages/airflow/example_dags/example_branch_operator.py
[2024-09-03T11:52:41.497+0000] {logging_mixin.py:149} INFO - [2024-09-03T11:52:41.497+0000] {dag.py:2726} INFO - Sync 1 DAGs
[2024-09-03T11:52:41.518+0000] {logging_mixin.py:149} INFO - [2024-09-03T11:52:41.518+0000] {dag.py:3486} INFO - Setting next_dagrun for example_branch_operator to 2024-09-02T00:00:00+00:00, run_after=2024-09-03T00:00:00+00:00
[2024-09-03T11:52:41.549+0000] {processor.py:179} INFO - Processing /home/airflow-vm/data-engineer-batch-processing-financial-services/.venv/lib/python3.10/site-packages/airflow/example_dags/example_branch_operator.py took 0.087 seconds
[2024-09-03T11:53:28.805+0000] {processor.py:157} INFO - Started process (PID=29878) to work on /home/airflow-vm/data-engineer-batch-processing-financial-services/.venv/lib/python3.10/site-packages/airflow/example_dags/example_branch_operator.py
[2024-09-03T11:53:28.806+0000] {processor.py:826} INFO - Processing file /home/airflow-vm/data-engineer-batch-processing-financial-services/.venv/lib/python3.10/site-packages/airflow/example_dags/example_branch_operator.py for tasks to queue
[2024-09-03T11:53:28.806+0000] {logging_mixin.py:149} INFO - [2024-09-03T11:53:28.806+0000] {dagbag.py:541} INFO - Filling up the DagBag from /home/airflow-vm/data-engineer-batch-processing-financial-services/.venv/lib/python3.10/site-packages/airflow/example_dags/example_branch_operator.py
[2024-09-03T11:53:28.815+0000] {processor.py:836} INFO - DAG(s) dict_keys(['example_branch_operator']) retrieved from /home/airflow-vm/data-engineer-batch-processing-financial-services/.venv/lib/python3.10/site-packages/airflow/example_dags/example_branch_operator.py
[2024-09-03T11:53:28.836+0000] {logging_mixin.py:149} INFO - [2024-09-03T11:53:28.836+0000] {dag.py:2726} INFO - Sync 1 DAGs
[2024-09-03T11:53:28.859+0000] {logging_mixin.py:149} INFO - [2024-09-03T11:53:28.858+0000] {dag.py:3486} INFO - Setting next_dagrun for example_branch_operator to 2024-09-02T00:00:00+00:00, run_after=2024-09-03T00:00:00+00:00
[2024-09-03T11:53:28.888+0000] {processor.py:179} INFO - Processing /home/airflow-vm/data-engineer-batch-processing-financial-services/.venv/lib/python3.10/site-packages/airflow/example_dags/example_branch_operator.py took 0.086 seconds
[2024-09-03T11:54:17.598+0000] {processor.py:157} INFO - Started process (PID=29927) to work on /home/airflow-vm/data-engineer-batch-processing-financial-services/.venv/lib/python3.10/site-packages/airflow/example_dags/example_branch_operator.py
[2024-09-03T11:54:17.599+0000] {processor.py:826} INFO - Processing file /home/airflow-vm/data-engineer-batch-processing-financial-services/.venv/lib/python3.10/site-packages/airflow/example_dags/example_branch_operator.py for tasks to queue
[2024-09-03T11:54:17.600+0000] {logging_mixin.py:149} INFO - [2024-09-03T11:54:17.600+0000] {dagbag.py:541} INFO - Filling up the DagBag from /home/airflow-vm/data-engineer-batch-processing-financial-services/.venv/lib/python3.10/site-packages/airflow/example_dags/example_branch_operator.py
[2024-09-03T11:54:17.609+0000] {processor.py:836} INFO - DAG(s) dict_keys(['example_branch_operator']) retrieved from /home/airflow-vm/data-engineer-batch-processing-financial-services/.venv/lib/python3.10/site-packages/airflow/example_dags/example_branch_operator.py
[2024-09-03T11:54:17.630+0000] {logging_mixin.py:149} INFO - [2024-09-03T11:54:17.630+0000] {dag.py:2726} INFO - Sync 1 DAGs
[2024-09-03T11:54:17.654+0000] {logging_mixin.py:149} INFO - [2024-09-03T11:54:17.653+0000] {dag.py:3486} INFO - Setting next_dagrun for example_branch_operator to 2024-09-02T00:00:00+00:00, run_after=2024-09-03T00:00:00+00:00
[2024-09-03T11:54:17.687+0000] {processor.py:179} INFO - Processing /home/airflow-vm/data-engineer-batch-processing-financial-services/.venv/lib/python3.10/site-packages/airflow/example_dags/example_branch_operator.py took 0.092 seconds
[2024-09-03T11:55:06.617+0000] {processor.py:157} INFO - Started process (PID=29984) to work on /home/airflow-vm/data-engineer-batch-processing-financial-services/.venv/lib/python3.10/site-packages/airflow/example_dags/example_branch_operator.py
[2024-09-03T11:55:06.617+0000] {processor.py:826} INFO - Processing file /home/airflow-vm/data-engineer-batch-processing-financial-services/.venv/lib/python3.10/site-packages/airflow/example_dags/example_branch_operator.py for tasks to queue
[2024-09-03T11:55:06.618+0000] {logging_mixin.py:149} INFO - [2024-09-03T11:55:06.618+0000] {dagbag.py:541} INFO - Filling up the DagBag from /home/airflow-vm/data-engineer-batch-processing-financial-services/.venv/lib/python3.10/site-packages/airflow/example_dags/example_branch_operator.py
[2024-09-03T11:55:06.626+0000] {processor.py:836} INFO - DAG(s) dict_keys(['example_branch_operator']) retrieved from /home/airflow-vm/data-engineer-batch-processing-financial-services/.venv/lib/python3.10/site-packages/airflow/example_dags/example_branch_operator.py
[2024-09-03T11:55:06.646+0000] {logging_mixin.py:149} INFO - [2024-09-03T11:55:06.646+0000] {dag.py:2726} INFO - Sync 1 DAGs
[2024-09-03T11:55:06.669+0000] {logging_mixin.py:149} INFO - [2024-09-03T11:55:06.669+0000] {dag.py:3486} INFO - Setting next_dagrun for example_branch_operator to 2024-09-02T00:00:00+00:00, run_after=2024-09-03T00:00:00+00:00
[2024-09-03T11:55:06.698+0000] {processor.py:179} INFO - Processing /home/airflow-vm/data-engineer-batch-processing-financial-services/.venv/lib/python3.10/site-packages/airflow/example_dags/example_branch_operator.py took 0.084 seconds
[2024-09-03T11:56:05.607+0000] {processor.py:157} INFO - Started process (PID=30047) to work on /home/airflow-vm/data-engineer-batch-processing-financial-services/.venv/lib/python3.10/site-packages/airflow/example_dags/example_branch_operator.py
[2024-09-03T11:56:05.608+0000] {processor.py:826} INFO - Processing file /home/airflow-vm/data-engineer-batch-processing-financial-services/.venv/lib/python3.10/site-packages/airflow/example_dags/example_branch_operator.py for tasks to queue
[2024-09-03T11:56:05.609+0000] {logging_mixin.py:149} INFO - [2024-09-03T11:56:05.609+0000] {dagbag.py:541} INFO - Filling up the DagBag from /home/airflow-vm/data-engineer-batch-processing-financial-services/.venv/lib/python3.10/site-packages/airflow/example_dags/example_branch_operator.py
[2024-09-03T11:56:05.617+0000] {processor.py:836} INFO - DAG(s) dict_keys(['example_branch_operator']) retrieved from /home/airflow-vm/data-engineer-batch-processing-financial-services/.venv/lib/python3.10/site-packages/airflow/example_dags/example_branch_operator.py
[2024-09-03T11:56:05.636+0000] {logging_mixin.py:149} INFO - [2024-09-03T11:56:05.636+0000] {dag.py:2726} INFO - Sync 1 DAGs
[2024-09-03T11:56:05.657+0000] {logging_mixin.py:149} INFO - [2024-09-03T11:56:05.657+0000] {dag.py:3486} INFO - Setting next_dagrun for example_branch_operator to 2024-09-02T00:00:00+00:00, run_after=2024-09-03T00:00:00+00:00
[2024-09-03T11:56:05.688+0000] {processor.py:179} INFO - Processing /home/airflow-vm/data-engineer-batch-processing-financial-services/.venv/lib/python3.10/site-packages/airflow/example_dags/example_branch_operator.py took 0.083 seconds
