[2024-09-03T10:57:56.357+0000] {processor.py:157} INFO - Started process (PID=3227) to work on /home/airflow-vm/data-engineer-batch-processing-financial-services/.venv/lib/python3.10/site-packages/airflow/example_dags/example_task_group_decorator.py
[2024-09-03T10:57:56.357+0000] {processor.py:826} INFO - Processing file /home/airflow-vm/data-engineer-batch-processing-financial-services/.venv/lib/python3.10/site-packages/airflow/example_dags/example_task_group_decorator.py for tasks to queue
[2024-09-03T10:57:56.358+0000] {logging_mixin.py:149} INFO - [2024-09-03T10:57:56.358+0000] {dagbag.py:541} INFO - Filling up the DagBag from /home/airflow-vm/data-engineer-batch-processing-financial-services/.venv/lib/python3.10/site-packages/airflow/example_dags/example_task_group_decorator.py
[2024-09-03T10:57:56.374+0000] {processor.py:836} INFO - DAG(s) dict_keys(['example_task_group_decorator']) retrieved from /home/airflow-vm/data-engineer-batch-processing-financial-services/.venv/lib/python3.10/site-packages/airflow/example_dags/example_task_group_decorator.py
[2024-09-03T10:57:56.402+0000] {logging_mixin.py:149} INFO - [2024-09-03T10:57:56.402+0000] {dag.py:2726} INFO - Sync 1 DAGs
[2024-09-03T10:57:56.420+0000] {logging_mixin.py:149} INFO - [2024-09-03T10:57:56.420+0000] {dag.py:3486} INFO - Setting next_dagrun for example_task_group_decorator to 2024-09-02T10:57:56.420420+00:00, run_after=2024-09-03T10:57:56.420420+00:00
[2024-09-03T10:57:56.449+0000] {processor.py:179} INFO - Processing /home/airflow-vm/data-engineer-batch-processing-financial-services/.venv/lib/python3.10/site-packages/airflow/example_dags/example_task_group_decorator.py took 0.095 seconds
[2024-09-03T10:58:44.153+0000] {processor.py:157} INFO - Started process (PID=3695) to work on /home/airflow-vm/data-engineer-batch-processing-financial-services/.venv/lib/python3.10/site-packages/airflow/example_dags/example_task_group_decorator.py
[2024-09-03T10:58:44.154+0000] {processor.py:826} INFO - Processing file /home/airflow-vm/data-engineer-batch-processing-financial-services/.venv/lib/python3.10/site-packages/airflow/example_dags/example_task_group_decorator.py for tasks to queue
[2024-09-03T10:58:44.154+0000] {logging_mixin.py:149} INFO - [2024-09-03T10:58:44.154+0000] {dagbag.py:541} INFO - Filling up the DagBag from /home/airflow-vm/data-engineer-batch-processing-financial-services/.venv/lib/python3.10/site-packages/airflow/example_dags/example_task_group_decorator.py
[2024-09-03T10:58:44.167+0000] {processor.py:836} INFO - DAG(s) dict_keys(['example_task_group_decorator']) retrieved from /home/airflow-vm/data-engineer-batch-processing-financial-services/.venv/lib/python3.10/site-packages/airflow/example_dags/example_task_group_decorator.py
[2024-09-03T10:58:44.189+0000] {logging_mixin.py:149} INFO - [2024-09-03T10:58:44.189+0000] {dag.py:2726} INFO - Sync 1 DAGs
[2024-09-03T10:58:44.210+0000] {logging_mixin.py:149} INFO - [2024-09-03T10:58:44.209+0000] {dag.py:3486} INFO - Setting next_dagrun for example_task_group_decorator to 2024-09-02T10:58:44.209496+00:00, run_after=2024-09-03T10:58:44.209496+00:00
[2024-09-03T10:58:44.237+0000] {processor.py:179} INFO - Processing /home/airflow-vm/data-engineer-batch-processing-financial-services/.venv/lib/python3.10/site-packages/airflow/example_dags/example_task_group_decorator.py took 0.087 seconds
[2024-09-03T10:59:30.536+0000] {processor.py:157} INFO - Started process (PID=3847) to work on /home/airflow-vm/data-engineer-batch-processing-financial-services/.venv/lib/python3.10/site-packages/airflow/example_dags/example_task_group_decorator.py
[2024-09-03T10:59:30.537+0000] {processor.py:826} INFO - Processing file /home/airflow-vm/data-engineer-batch-processing-financial-services/.venv/lib/python3.10/site-packages/airflow/example_dags/example_task_group_decorator.py for tasks to queue
[2024-09-03T10:59:30.537+0000] {logging_mixin.py:149} INFO - [2024-09-03T10:59:30.537+0000] {dagbag.py:541} INFO - Filling up the DagBag from /home/airflow-vm/data-engineer-batch-processing-financial-services/.venv/lib/python3.10/site-packages/airflow/example_dags/example_task_group_decorator.py
[2024-09-03T10:59:30.550+0000] {processor.py:836} INFO - DAG(s) dict_keys(['example_task_group_decorator']) retrieved from /home/airflow-vm/data-engineer-batch-processing-financial-services/.venv/lib/python3.10/site-packages/airflow/example_dags/example_task_group_decorator.py
[2024-09-03T10:59:30.574+0000] {logging_mixin.py:149} INFO - [2024-09-03T10:59:30.574+0000] {dag.py:2726} INFO - Sync 1 DAGs
[2024-09-03T10:59:30.593+0000] {logging_mixin.py:149} INFO - [2024-09-03T10:59:30.593+0000] {dag.py:3486} INFO - Setting next_dagrun for example_task_group_decorator to 2024-09-02T10:59:30.593552+00:00, run_after=2024-09-03T10:59:30.593552+00:00
[2024-09-03T10:59:30.623+0000] {processor.py:179} INFO - Processing /home/airflow-vm/data-engineer-batch-processing-financial-services/.venv/lib/python3.10/site-packages/airflow/example_dags/example_task_group_decorator.py took 0.089 seconds
[2024-09-03T11:00:13.276+0000] {processor.py:157} INFO - Started process (PID=4066) to work on /home/airflow-vm/data-engineer-batch-processing-financial-services/.venv/lib/python3.10/site-packages/airflow/example_dags/example_task_group_decorator.py
[2024-09-03T11:00:13.277+0000] {processor.py:826} INFO - Processing file /home/airflow-vm/data-engineer-batch-processing-financial-services/.venv/lib/python3.10/site-packages/airflow/example_dags/example_task_group_decorator.py for tasks to queue
[2024-09-03T11:00:13.278+0000] {logging_mixin.py:149} INFO - [2024-09-03T11:00:13.278+0000] {dagbag.py:541} INFO - Filling up the DagBag from /home/airflow-vm/data-engineer-batch-processing-financial-services/.venv/lib/python3.10/site-packages/airflow/example_dags/example_task_group_decorator.py
[2024-09-03T11:00:13.291+0000] {processor.py:836} INFO - DAG(s) dict_keys(['example_task_group_decorator']) retrieved from /home/airflow-vm/data-engineer-batch-processing-financial-services/.venv/lib/python3.10/site-packages/airflow/example_dags/example_task_group_decorator.py
[2024-09-03T11:00:13.313+0000] {logging_mixin.py:149} INFO - [2024-09-03T11:00:13.312+0000] {dag.py:2726} INFO - Sync 1 DAGs
[2024-09-03T11:00:13.331+0000] {logging_mixin.py:149} INFO - [2024-09-03T11:00:13.331+0000] {dag.py:3486} INFO - Setting next_dagrun for example_task_group_decorator to 2024-09-02T11:00:13.331006+00:00, run_after=2024-09-03T11:00:13.331006+00:00
[2024-09-03T11:00:13.360+0000] {processor.py:179} INFO - Processing /home/airflow-vm/data-engineer-batch-processing-financial-services/.venv/lib/python3.10/site-packages/airflow/example_dags/example_task_group_decorator.py took 0.086 seconds
[2024-09-03T11:00:59.629+0000] {processor.py:157} INFO - Started process (PID=4582) to work on /home/airflow-vm/data-engineer-batch-processing-financial-services/.venv/lib/python3.10/site-packages/airflow/example_dags/example_task_group_decorator.py
[2024-09-03T11:00:59.630+0000] {processor.py:826} INFO - Processing file /home/airflow-vm/data-engineer-batch-processing-financial-services/.venv/lib/python3.10/site-packages/airflow/example_dags/example_task_group_decorator.py for tasks to queue
[2024-09-03T11:00:59.631+0000] {logging_mixin.py:149} INFO - [2024-09-03T11:00:59.631+0000] {dagbag.py:541} INFO - Filling up the DagBag from /home/airflow-vm/data-engineer-batch-processing-financial-services/.venv/lib/python3.10/site-packages/airflow/example_dags/example_task_group_decorator.py
[2024-09-03T11:00:59.643+0000] {processor.py:836} INFO - DAG(s) dict_keys(['example_task_group_decorator']) retrieved from /home/airflow-vm/data-engineer-batch-processing-financial-services/.venv/lib/python3.10/site-packages/airflow/example_dags/example_task_group_decorator.py
[2024-09-03T11:00:59.666+0000] {logging_mixin.py:149} INFO - [2024-09-03T11:00:59.666+0000] {dag.py:2726} INFO - Sync 1 DAGs
[2024-09-03T11:00:59.686+0000] {logging_mixin.py:149} INFO - [2024-09-03T11:00:59.686+0000] {dag.py:3486} INFO - Setting next_dagrun for example_task_group_decorator to 2024-09-02T11:00:59.686264+00:00, run_after=2024-09-03T11:00:59.686264+00:00
[2024-09-03T11:00:59.715+0000] {processor.py:179} INFO - Processing /home/airflow-vm/data-engineer-batch-processing-financial-services/.venv/lib/python3.10/site-packages/airflow/example_dags/example_task_group_decorator.py took 0.088 seconds
[2024-09-03T11:01:32.934+0000] {processor.py:157} INFO - Started process (PID=4751) to work on /home/airflow-vm/data-engineer-batch-processing-financial-services/.venv/lib/python3.10/site-packages/airflow/example_dags/example_task_group_decorator.py
[2024-09-03T11:01:32.935+0000] {processor.py:826} INFO - Processing file /home/airflow-vm/data-engineer-batch-processing-financial-services/.venv/lib/python3.10/site-packages/airflow/example_dags/example_task_group_decorator.py for tasks to queue
[2024-09-03T11:01:32.935+0000] {logging_mixin.py:149} INFO - [2024-09-03T11:01:32.935+0000] {dagbag.py:541} INFO - Filling up the DagBag from /home/airflow-vm/data-engineer-batch-processing-financial-services/.venv/lib/python3.10/site-packages/airflow/example_dags/example_task_group_decorator.py
[2024-09-03T11:01:32.947+0000] {processor.py:836} INFO - DAG(s) dict_keys(['example_task_group_decorator']) retrieved from /home/airflow-vm/data-engineer-batch-processing-financial-services/.venv/lib/python3.10/site-packages/airflow/example_dags/example_task_group_decorator.py
[2024-09-03T11:01:32.971+0000] {logging_mixin.py:149} INFO - [2024-09-03T11:01:32.971+0000] {dag.py:2726} INFO - Sync 1 DAGs
[2024-09-03T11:01:32.991+0000] {logging_mixin.py:149} INFO - [2024-09-03T11:01:32.990+0000] {dag.py:3486} INFO - Setting next_dagrun for example_task_group_decorator to 2024-09-02T11:01:32.990601+00:00, run_after=2024-09-03T11:01:32.990601+00:00
[2024-09-03T11:01:33.017+0000] {processor.py:179} INFO - Processing /home/airflow-vm/data-engineer-batch-processing-financial-services/.venv/lib/python3.10/site-packages/airflow/example_dags/example_task_group_decorator.py took 0.086 seconds
[2024-09-03T11:02:19.056+0000] {processor.py:157} INFO - Started process (PID=4809) to work on /home/airflow-vm/data-engineer-batch-processing-financial-services/.venv/lib/python3.10/site-packages/airflow/example_dags/example_task_group_decorator.py
[2024-09-03T11:02:19.057+0000] {processor.py:826} INFO - Processing file /home/airflow-vm/data-engineer-batch-processing-financial-services/.venv/lib/python3.10/site-packages/airflow/example_dags/example_task_group_decorator.py for tasks to queue
[2024-09-03T11:02:19.058+0000] {logging_mixin.py:149} INFO - [2024-09-03T11:02:19.058+0000] {dagbag.py:541} INFO - Filling up the DagBag from /home/airflow-vm/data-engineer-batch-processing-financial-services/.venv/lib/python3.10/site-packages/airflow/example_dags/example_task_group_decorator.py
[2024-09-03T11:02:19.071+0000] {processor.py:836} INFO - DAG(s) dict_keys(['example_task_group_decorator']) retrieved from /home/airflow-vm/data-engineer-batch-processing-financial-services/.venv/lib/python3.10/site-packages/airflow/example_dags/example_task_group_decorator.py
[2024-09-03T11:02:19.093+0000] {logging_mixin.py:149} INFO - [2024-09-03T11:02:19.093+0000] {dag.py:2726} INFO - Sync 1 DAGs
[2024-09-03T11:02:19.112+0000] {logging_mixin.py:149} INFO - [2024-09-03T11:02:19.112+0000] {dag.py:3486} INFO - Setting next_dagrun for example_task_group_decorator to 2024-09-02T11:02:19.112242+00:00, run_after=2024-09-03T11:02:19.112242+00:00
[2024-09-03T11:02:19.139+0000] {processor.py:179} INFO - Processing /home/airflow-vm/data-engineer-batch-processing-financial-services/.venv/lib/python3.10/site-packages/airflow/example_dags/example_task_group_decorator.py took 0.085 seconds
[2024-09-03T11:02:51.583+0000] {processor.py:157} INFO - Started process (PID=4940) to work on /home/airflow-vm/data-engineer-batch-processing-financial-services/.venv/lib/python3.10/site-packages/airflow/example_dags/example_task_group_decorator.py
[2024-09-03T11:02:51.584+0000] {processor.py:826} INFO - Processing file /home/airflow-vm/data-engineer-batch-processing-financial-services/.venv/lib/python3.10/site-packages/airflow/example_dags/example_task_group_decorator.py for tasks to queue
[2024-09-03T11:02:51.585+0000] {logging_mixin.py:149} INFO - [2024-09-03T11:02:51.585+0000] {dagbag.py:541} INFO - Filling up the DagBag from /home/airflow-vm/data-engineer-batch-processing-financial-services/.venv/lib/python3.10/site-packages/airflow/example_dags/example_task_group_decorator.py
[2024-09-03T11:02:51.598+0000] {processor.py:836} INFO - DAG(s) dict_keys(['example_task_group_decorator']) retrieved from /home/airflow-vm/data-engineer-batch-processing-financial-services/.venv/lib/python3.10/site-packages/airflow/example_dags/example_task_group_decorator.py
[2024-09-03T11:02:51.620+0000] {logging_mixin.py:149} INFO - [2024-09-03T11:02:51.620+0000] {dag.py:2726} INFO - Sync 1 DAGs
[2024-09-03T11:02:51.639+0000] {logging_mixin.py:149} INFO - [2024-09-03T11:02:51.638+0000] {dag.py:3486} INFO - Setting next_dagrun for example_task_group_decorator to 2024-09-02T11:02:51.638707+00:00, run_after=2024-09-03T11:02:51.638707+00:00
[2024-09-03T11:02:51.667+0000] {processor.py:179} INFO - Processing /home/airflow-vm/data-engineer-batch-processing-financial-services/.venv/lib/python3.10/site-packages/airflow/example_dags/example_task_group_decorator.py took 0.086 seconds
[2024-09-03T11:04:32.258+0000] {processor.py:157} INFO - Started process (PID=5994) to work on /home/airflow-vm/data-engineer-batch-processing-financial-services/.venv/lib/python3.10/site-packages/airflow/example_dags/example_task_group_decorator.py
[2024-09-03T11:04:32.259+0000] {processor.py:826} INFO - Processing file /home/airflow-vm/data-engineer-batch-processing-financial-services/.venv/lib/python3.10/site-packages/airflow/example_dags/example_task_group_decorator.py for tasks to queue
[2024-09-03T11:04:32.260+0000] {logging_mixin.py:149} INFO - [2024-09-03T11:04:32.259+0000] {dagbag.py:541} INFO - Filling up the DagBag from /home/airflow-vm/data-engineer-batch-processing-financial-services/.venv/lib/python3.10/site-packages/airflow/example_dags/example_task_group_decorator.py
[2024-09-03T11:04:32.273+0000] {processor.py:836} INFO - DAG(s) dict_keys(['example_task_group_decorator']) retrieved from /home/airflow-vm/data-engineer-batch-processing-financial-services/.venv/lib/python3.10/site-packages/airflow/example_dags/example_task_group_decorator.py
[2024-09-03T11:04:32.296+0000] {logging_mixin.py:149} INFO - [2024-09-03T11:04:32.296+0000] {dag.py:2726} INFO - Sync 1 DAGs
[2024-09-03T11:04:32.316+0000] {logging_mixin.py:149} INFO - [2024-09-03T11:04:32.316+0000] {dag.py:3486} INFO - Setting next_dagrun for example_task_group_decorator to 2024-09-02T11:04:32.315993+00:00, run_after=2024-09-03T11:04:32.315993+00:00
[2024-09-03T11:04:32.343+0000] {processor.py:179} INFO - Processing /home/airflow-vm/data-engineer-batch-processing-financial-services/.venv/lib/python3.10/site-packages/airflow/example_dags/example_task_group_decorator.py took 0.088 seconds
[2024-09-03T11:06:35.349+0000] {processor.py:157} INFO - Started process (PID=6972) to work on /home/airflow-vm/data-engineer-batch-processing-financial-services/.venv/lib/python3.10/site-packages/airflow/example_dags/example_task_group_decorator.py
[2024-09-03T11:06:35.350+0000] {processor.py:826} INFO - Processing file /home/airflow-vm/data-engineer-batch-processing-financial-services/.venv/lib/python3.10/site-packages/airflow/example_dags/example_task_group_decorator.py for tasks to queue
[2024-09-03T11:06:35.350+0000] {logging_mixin.py:149} INFO - [2024-09-03T11:06:35.350+0000] {dagbag.py:541} INFO - Filling up the DagBag from /home/airflow-vm/data-engineer-batch-processing-financial-services/.venv/lib/python3.10/site-packages/airflow/example_dags/example_task_group_decorator.py
[2024-09-03T11:06:35.364+0000] {processor.py:836} INFO - DAG(s) dict_keys(['example_task_group_decorator']) retrieved from /home/airflow-vm/data-engineer-batch-processing-financial-services/.venv/lib/python3.10/site-packages/airflow/example_dags/example_task_group_decorator.py
[2024-09-03T11:06:35.386+0000] {logging_mixin.py:149} INFO - [2024-09-03T11:06:35.386+0000] {dag.py:2726} INFO - Sync 1 DAGs
[2024-09-03T11:06:35.405+0000] {logging_mixin.py:149} INFO - [2024-09-03T11:06:35.405+0000] {dag.py:3486} INFO - Setting next_dagrun for example_task_group_decorator to 2024-09-02T11:06:35.405287+00:00, run_after=2024-09-03T11:06:35.405287+00:00
[2024-09-03T11:06:35.432+0000] {processor.py:179} INFO - Processing /home/airflow-vm/data-engineer-batch-processing-financial-services/.venv/lib/python3.10/site-packages/airflow/example_dags/example_task_group_decorator.py took 0.086 seconds
[2024-09-03T11:08:37.065+0000] {processor.py:157} INFO - Started process (PID=7809) to work on /home/airflow-vm/data-engineer-batch-processing-financial-services/.venv/lib/python3.10/site-packages/airflow/example_dags/example_task_group_decorator.py
[2024-09-03T11:08:37.065+0000] {processor.py:826} INFO - Processing file /home/airflow-vm/data-engineer-batch-processing-financial-services/.venv/lib/python3.10/site-packages/airflow/example_dags/example_task_group_decorator.py for tasks to queue
[2024-09-03T11:08:37.066+0000] {logging_mixin.py:149} INFO - [2024-09-03T11:08:37.066+0000] {dagbag.py:541} INFO - Filling up the DagBag from /home/airflow-vm/data-engineer-batch-processing-financial-services/.venv/lib/python3.10/site-packages/airflow/example_dags/example_task_group_decorator.py
[2024-09-03T11:08:37.079+0000] {processor.py:836} INFO - DAG(s) dict_keys(['example_task_group_decorator']) retrieved from /home/airflow-vm/data-engineer-batch-processing-financial-services/.venv/lib/python3.10/site-packages/airflow/example_dags/example_task_group_decorator.py
[2024-09-03T11:08:37.100+0000] {logging_mixin.py:149} INFO - [2024-09-03T11:08:37.100+0000] {dag.py:2726} INFO - Sync 1 DAGs
[2024-09-03T11:08:37.120+0000] {logging_mixin.py:149} INFO - [2024-09-03T11:08:37.119+0000] {dag.py:3486} INFO - Setting next_dagrun for example_task_group_decorator to 2024-09-02T11:08:37.119637+00:00, run_after=2024-09-03T11:08:37.119637+00:00
[2024-09-03T11:08:37.146+0000] {processor.py:179} INFO - Processing /home/airflow-vm/data-engineer-batch-processing-financial-services/.venv/lib/python3.10/site-packages/airflow/example_dags/example_task_group_decorator.py took 0.085 seconds
[2024-09-03T11:10:41.061+0000] {processor.py:157} INFO - Started process (PID=8661) to work on /home/airflow-vm/data-engineer-batch-processing-financial-services/.venv/lib/python3.10/site-packages/airflow/example_dags/example_task_group_decorator.py
[2024-09-03T11:10:41.062+0000] {processor.py:826} INFO - Processing file /home/airflow-vm/data-engineer-batch-processing-financial-services/.venv/lib/python3.10/site-packages/airflow/example_dags/example_task_group_decorator.py for tasks to queue
[2024-09-03T11:10:41.062+0000] {logging_mixin.py:149} INFO - [2024-09-03T11:10:41.062+0000] {dagbag.py:541} INFO - Filling up the DagBag from /home/airflow-vm/data-engineer-batch-processing-financial-services/.venv/lib/python3.10/site-packages/airflow/example_dags/example_task_group_decorator.py
[2024-09-03T11:10:41.076+0000] {processor.py:836} INFO - DAG(s) dict_keys(['example_task_group_decorator']) retrieved from /home/airflow-vm/data-engineer-batch-processing-financial-services/.venv/lib/python3.10/site-packages/airflow/example_dags/example_task_group_decorator.py
[2024-09-03T11:10:41.100+0000] {logging_mixin.py:149} INFO - [2024-09-03T11:10:41.099+0000] {dag.py:2726} INFO - Sync 1 DAGs
[2024-09-03T11:10:41.120+0000] {logging_mixin.py:149} INFO - [2024-09-03T11:10:41.120+0000] {dag.py:3486} INFO - Setting next_dagrun for example_task_group_decorator to 2024-09-02T11:10:41.119965+00:00, run_after=2024-09-03T11:10:41.119965+00:00
[2024-09-03T11:10:41.150+0000] {processor.py:179} INFO - Processing /home/airflow-vm/data-engineer-batch-processing-financial-services/.venv/lib/python3.10/site-packages/airflow/example_dags/example_task_group_decorator.py took 0.092 seconds
[2024-09-03T11:12:50.789+0000] {processor.py:157} INFO - Started process (PID=9582) to work on /home/airflow-vm/data-engineer-batch-processing-financial-services/.venv/lib/python3.10/site-packages/airflow/example_dags/example_task_group_decorator.py
[2024-09-03T11:12:50.790+0000] {processor.py:826} INFO - Processing file /home/airflow-vm/data-engineer-batch-processing-financial-services/.venv/lib/python3.10/site-packages/airflow/example_dags/example_task_group_decorator.py for tasks to queue
[2024-09-03T11:12:50.790+0000] {logging_mixin.py:149} INFO - [2024-09-03T11:12:50.790+0000] {dagbag.py:541} INFO - Filling up the DagBag from /home/airflow-vm/data-engineer-batch-processing-financial-services/.venv/lib/python3.10/site-packages/airflow/example_dags/example_task_group_decorator.py
[2024-09-03T11:12:50.803+0000] {processor.py:836} INFO - DAG(s) dict_keys(['example_task_group_decorator']) retrieved from /home/airflow-vm/data-engineer-batch-processing-financial-services/.venv/lib/python3.10/site-packages/airflow/example_dags/example_task_group_decorator.py
[2024-09-03T11:12:50.825+0000] {logging_mixin.py:149} INFO - [2024-09-03T11:12:50.825+0000] {dag.py:2726} INFO - Sync 1 DAGs
[2024-09-03T11:12:50.846+0000] {logging_mixin.py:149} INFO - [2024-09-03T11:12:50.845+0000] {dag.py:3486} INFO - Setting next_dagrun for example_task_group_decorator to 2024-09-02T11:12:50.845640+00:00, run_after=2024-09-03T11:12:50.845640+00:00
[2024-09-03T11:12:50.875+0000] {processor.py:179} INFO - Processing /home/airflow-vm/data-engineer-batch-processing-financial-services/.venv/lib/python3.10/site-packages/airflow/example_dags/example_task_group_decorator.py took 0.089 seconds
[2024-09-03T11:15:02.727+0000] {processor.py:157} INFO - Started process (PID=10515) to work on /home/airflow-vm/data-engineer-batch-processing-financial-services/.venv/lib/python3.10/site-packages/airflow/example_dags/example_task_group_decorator.py
[2024-09-03T11:15:02.728+0000] {processor.py:826} INFO - Processing file /home/airflow-vm/data-engineer-batch-processing-financial-services/.venv/lib/python3.10/site-packages/airflow/example_dags/example_task_group_decorator.py for tasks to queue
[2024-09-03T11:15:02.729+0000] {logging_mixin.py:149} INFO - [2024-09-03T11:15:02.728+0000] {dagbag.py:541} INFO - Filling up the DagBag from /home/airflow-vm/data-engineer-batch-processing-financial-services/.venv/lib/python3.10/site-packages/airflow/example_dags/example_task_group_decorator.py
[2024-09-03T11:15:02.741+0000] {processor.py:836} INFO - DAG(s) dict_keys(['example_task_group_decorator']) retrieved from /home/airflow-vm/data-engineer-batch-processing-financial-services/.venv/lib/python3.10/site-packages/airflow/example_dags/example_task_group_decorator.py
[2024-09-03T11:15:02.764+0000] {logging_mixin.py:149} INFO - [2024-09-03T11:15:02.764+0000] {dag.py:2726} INFO - Sync 1 DAGs
[2024-09-03T11:15:02.784+0000] {logging_mixin.py:149} INFO - [2024-09-03T11:15:02.784+0000] {dag.py:3486} INFO - Setting next_dagrun for example_task_group_decorator to 2024-09-02T11:15:02.783999+00:00, run_after=2024-09-03T11:15:02.783999+00:00
[2024-09-03T11:15:02.809+0000] {processor.py:179} INFO - Processing /home/airflow-vm/data-engineer-batch-processing-financial-services/.venv/lib/python3.10/site-packages/airflow/example_dags/example_task_group_decorator.py took 0.085 seconds
[2024-09-03T11:17:01.827+0000] {processor.py:157} INFO - Started process (PID=11750) to work on /home/airflow-vm/data-engineer-batch-processing-financial-services/.venv/lib/python3.10/site-packages/airflow/example_dags/example_task_group_decorator.py
[2024-09-03T11:17:01.828+0000] {processor.py:826} INFO - Processing file /home/airflow-vm/data-engineer-batch-processing-financial-services/.venv/lib/python3.10/site-packages/airflow/example_dags/example_task_group_decorator.py for tasks to queue
[2024-09-03T11:17:01.829+0000] {logging_mixin.py:149} INFO - [2024-09-03T11:17:01.829+0000] {dagbag.py:541} INFO - Filling up the DagBag from /home/airflow-vm/data-engineer-batch-processing-financial-services/.venv/lib/python3.10/site-packages/airflow/example_dags/example_task_group_decorator.py
[2024-09-03T11:17:01.842+0000] {processor.py:836} INFO - DAG(s) dict_keys(['example_task_group_decorator']) retrieved from /home/airflow-vm/data-engineer-batch-processing-financial-services/.venv/lib/python3.10/site-packages/airflow/example_dags/example_task_group_decorator.py
[2024-09-03T11:17:01.863+0000] {logging_mixin.py:149} INFO - [2024-09-03T11:17:01.863+0000] {dag.py:2726} INFO - Sync 1 DAGs
[2024-09-03T11:17:01.882+0000] {logging_mixin.py:149} INFO - [2024-09-03T11:17:01.882+0000] {dag.py:3486} INFO - Setting next_dagrun for example_task_group_decorator to 2024-09-02T11:17:01.882393+00:00, run_after=2024-09-03T11:17:01.882393+00:00
[2024-09-03T11:17:01.911+0000] {processor.py:179} INFO - Processing /home/airflow-vm/data-engineer-batch-processing-financial-services/.venv/lib/python3.10/site-packages/airflow/example_dags/example_task_group_decorator.py took 0.086 seconds
[2024-09-03T11:19:39.367+0000] {processor.py:157} INFO - Started process (PID=13092) to work on /home/airflow-vm/data-engineer-batch-processing-financial-services/.venv/lib/python3.10/site-packages/airflow/example_dags/example_task_group_decorator.py
[2024-09-03T11:19:39.368+0000] {processor.py:826} INFO - Processing file /home/airflow-vm/data-engineer-batch-processing-financial-services/.venv/lib/python3.10/site-packages/airflow/example_dags/example_task_group_decorator.py for tasks to queue
[2024-09-03T11:19:39.369+0000] {logging_mixin.py:149} INFO - [2024-09-03T11:19:39.369+0000] {dagbag.py:541} INFO - Filling up the DagBag from /home/airflow-vm/data-engineer-batch-processing-financial-services/.venv/lib/python3.10/site-packages/airflow/example_dags/example_task_group_decorator.py
[2024-09-03T11:19:39.382+0000] {processor.py:836} INFO - DAG(s) dict_keys(['example_task_group_decorator']) retrieved from /home/airflow-vm/data-engineer-batch-processing-financial-services/.venv/lib/python3.10/site-packages/airflow/example_dags/example_task_group_decorator.py
[2024-09-03T11:19:39.405+0000] {logging_mixin.py:149} INFO - [2024-09-03T11:19:39.405+0000] {dag.py:2726} INFO - Sync 1 DAGs
[2024-09-03T11:19:39.424+0000] {logging_mixin.py:149} INFO - [2024-09-03T11:19:39.424+0000] {dag.py:3486} INFO - Setting next_dagrun for example_task_group_decorator to 2024-09-02T11:19:39.423912+00:00, run_after=2024-09-03T11:19:39.423912+00:00
[2024-09-03T11:19:39.452+0000] {processor.py:179} INFO - Processing /home/airflow-vm/data-engineer-batch-processing-financial-services/.venv/lib/python3.10/site-packages/airflow/example_dags/example_task_group_decorator.py took 0.087 seconds
[2024-09-03T11:22:39.781+0000] {processor.py:157} INFO - Started process (PID=14584) to work on /home/airflow-vm/data-engineer-batch-processing-financial-services/.venv/lib/python3.10/site-packages/airflow/example_dags/example_task_group_decorator.py
[2024-09-03T11:22:39.782+0000] {processor.py:826} INFO - Processing file /home/airflow-vm/data-engineer-batch-processing-financial-services/.venv/lib/python3.10/site-packages/airflow/example_dags/example_task_group_decorator.py for tasks to queue
[2024-09-03T11:22:39.783+0000] {logging_mixin.py:149} INFO - [2024-09-03T11:22:39.783+0000] {dagbag.py:541} INFO - Filling up the DagBag from /home/airflow-vm/data-engineer-batch-processing-financial-services/.venv/lib/python3.10/site-packages/airflow/example_dags/example_task_group_decorator.py
[2024-09-03T11:22:39.796+0000] {processor.py:836} INFO - DAG(s) dict_keys(['example_task_group_decorator']) retrieved from /home/airflow-vm/data-engineer-batch-processing-financial-services/.venv/lib/python3.10/site-packages/airflow/example_dags/example_task_group_decorator.py
[2024-09-03T11:22:39.818+0000] {logging_mixin.py:149} INFO - [2024-09-03T11:22:39.817+0000] {dag.py:2726} INFO - Sync 1 DAGs
[2024-09-03T11:22:39.837+0000] {logging_mixin.py:149} INFO - [2024-09-03T11:22:39.836+0000] {dag.py:3486} INFO - Setting next_dagrun for example_task_group_decorator to 2024-09-02T11:22:39.836589+00:00, run_after=2024-09-03T11:22:39.836589+00:00
[2024-09-03T11:22:39.867+0000] {processor.py:179} INFO - Processing /home/airflow-vm/data-engineer-batch-processing-financial-services/.venv/lib/python3.10/site-packages/airflow/example_dags/example_task_group_decorator.py took 0.088 seconds
[2024-09-03T11:25:37.424+0000] {processor.py:157} INFO - Started process (PID=15897) to work on /home/airflow-vm/data-engineer-batch-processing-financial-services/.venv/lib/python3.10/site-packages/airflow/example_dags/example_task_group_decorator.py
[2024-09-03T11:25:37.425+0000] {processor.py:826} INFO - Processing file /home/airflow-vm/data-engineer-batch-processing-financial-services/.venv/lib/python3.10/site-packages/airflow/example_dags/example_task_group_decorator.py for tasks to queue
[2024-09-03T11:25:37.426+0000] {logging_mixin.py:149} INFO - [2024-09-03T11:25:37.426+0000] {dagbag.py:541} INFO - Filling up the DagBag from /home/airflow-vm/data-engineer-batch-processing-financial-services/.venv/lib/python3.10/site-packages/airflow/example_dags/example_task_group_decorator.py
[2024-09-03T11:25:37.439+0000] {processor.py:836} INFO - DAG(s) dict_keys(['example_task_group_decorator']) retrieved from /home/airflow-vm/data-engineer-batch-processing-financial-services/.venv/lib/python3.10/site-packages/airflow/example_dags/example_task_group_decorator.py
[2024-09-03T11:25:37.463+0000] {logging_mixin.py:149} INFO - [2024-09-03T11:25:37.463+0000] {dag.py:2726} INFO - Sync 1 DAGs
[2024-09-03T11:25:37.485+0000] {logging_mixin.py:149} INFO - [2024-09-03T11:25:37.485+0000] {dag.py:3486} INFO - Setting next_dagrun for example_task_group_decorator to 2024-09-02T11:25:37.485533+00:00, run_after=2024-09-03T11:25:37.485533+00:00
[2024-09-03T11:25:37.515+0000] {processor.py:179} INFO - Processing /home/airflow-vm/data-engineer-batch-processing-financial-services/.venv/lib/python3.10/site-packages/airflow/example_dags/example_task_group_decorator.py took 0.093 seconds
[2024-09-03T11:28:20.919+0000] {processor.py:157} INFO - Started process (PID=17174) to work on /home/airflow-vm/data-engineer-batch-processing-financial-services/.venv/lib/python3.10/site-packages/airflow/example_dags/example_task_group_decorator.py
[2024-09-03T11:28:20.920+0000] {processor.py:826} INFO - Processing file /home/airflow-vm/data-engineer-batch-processing-financial-services/.venv/lib/python3.10/site-packages/airflow/example_dags/example_task_group_decorator.py for tasks to queue
[2024-09-03T11:28:20.921+0000] {logging_mixin.py:149} INFO - [2024-09-03T11:28:20.920+0000] {dagbag.py:541} INFO - Filling up the DagBag from /home/airflow-vm/data-engineer-batch-processing-financial-services/.venv/lib/python3.10/site-packages/airflow/example_dags/example_task_group_decorator.py
[2024-09-03T11:28:20.933+0000] {processor.py:836} INFO - DAG(s) dict_keys(['example_task_group_decorator']) retrieved from /home/airflow-vm/data-engineer-batch-processing-financial-services/.venv/lib/python3.10/site-packages/airflow/example_dags/example_task_group_decorator.py
[2024-09-03T11:28:20.954+0000] {logging_mixin.py:149} INFO - [2024-09-03T11:28:20.954+0000] {dag.py:2726} INFO - Sync 1 DAGs
[2024-09-03T11:28:20.976+0000] {logging_mixin.py:149} INFO - [2024-09-03T11:28:20.976+0000] {dag.py:3486} INFO - Setting next_dagrun for example_task_group_decorator to 2024-09-02T11:28:20.976230+00:00, run_after=2024-09-03T11:28:20.976230+00:00
[2024-09-03T11:28:21.005+0000] {processor.py:179} INFO - Processing /home/airflow-vm/data-engineer-batch-processing-financial-services/.venv/lib/python3.10/site-packages/airflow/example_dags/example_task_group_decorator.py took 0.088 seconds
[2024-09-03T11:32:14.329+0000] {processor.py:157} INFO - Started process (PID=19394) to work on /home/airflow-vm/data-engineer-batch-processing-financial-services/.venv/lib/python3.10/site-packages/airflow/example_dags/example_task_group_decorator.py
[2024-09-03T11:32:14.330+0000] {processor.py:826} INFO - Processing file /home/airflow-vm/data-engineer-batch-processing-financial-services/.venv/lib/python3.10/site-packages/airflow/example_dags/example_task_group_decorator.py for tasks to queue
[2024-09-03T11:32:14.331+0000] {logging_mixin.py:149} INFO - [2024-09-03T11:32:14.331+0000] {dagbag.py:541} INFO - Filling up the DagBag from /home/airflow-vm/data-engineer-batch-processing-financial-services/.venv/lib/python3.10/site-packages/airflow/example_dags/example_task_group_decorator.py
[2024-09-03T11:32:14.344+0000] {processor.py:836} INFO - DAG(s) dict_keys(['example_task_group_decorator']) retrieved from /home/airflow-vm/data-engineer-batch-processing-financial-services/.venv/lib/python3.10/site-packages/airflow/example_dags/example_task_group_decorator.py
[2024-09-03T11:32:14.368+0000] {logging_mixin.py:149} INFO - [2024-09-03T11:32:14.367+0000] {dag.py:2726} INFO - Sync 1 DAGs
[2024-09-03T11:32:14.389+0000] {logging_mixin.py:149} INFO - [2024-09-03T11:32:14.388+0000] {dag.py:3486} INFO - Setting next_dagrun for example_task_group_decorator to 2024-09-02T11:32:14.388684+00:00, run_after=2024-09-03T11:32:14.388684+00:00
[2024-09-03T11:32:14.416+0000] {processor.py:179} INFO - Processing /home/airflow-vm/data-engineer-batch-processing-financial-services/.venv/lib/python3.10/site-packages/airflow/example_dags/example_task_group_decorator.py took 0.089 seconds
[2024-09-03T11:36:59.528+0000] {processor.py:157} INFO - Started process (PID=22423) to work on /home/airflow-vm/data-engineer-batch-processing-financial-services/.venv/lib/python3.10/site-packages/airflow/example_dags/example_task_group_decorator.py
[2024-09-03T11:36:59.529+0000] {processor.py:826} INFO - Processing file /home/airflow-vm/data-engineer-batch-processing-financial-services/.venv/lib/python3.10/site-packages/airflow/example_dags/example_task_group_decorator.py for tasks to queue
[2024-09-03T11:36:59.530+0000] {logging_mixin.py:149} INFO - [2024-09-03T11:36:59.530+0000] {dagbag.py:541} INFO - Filling up the DagBag from /home/airflow-vm/data-engineer-batch-processing-financial-services/.venv/lib/python3.10/site-packages/airflow/example_dags/example_task_group_decorator.py
[2024-09-03T11:36:59.544+0000] {processor.py:836} INFO - DAG(s) dict_keys(['example_task_group_decorator']) retrieved from /home/airflow-vm/data-engineer-batch-processing-financial-services/.venv/lib/python3.10/site-packages/airflow/example_dags/example_task_group_decorator.py
[2024-09-03T11:36:59.568+0000] {logging_mixin.py:149} INFO - [2024-09-03T11:36:59.568+0000] {dag.py:2726} INFO - Sync 1 DAGs
[2024-09-03T11:36:59.591+0000] {logging_mixin.py:149} INFO - [2024-09-03T11:36:59.591+0000] {dag.py:3486} INFO - Setting next_dagrun for example_task_group_decorator to 2024-09-02T11:36:59.590766+00:00, run_after=2024-09-03T11:36:59.590766+00:00
[2024-09-03T11:36:59.621+0000] {processor.py:179} INFO - Processing /home/airflow-vm/data-engineer-batch-processing-financial-services/.venv/lib/python3.10/site-packages/airflow/example_dags/example_task_group_decorator.py took 0.096 seconds
[2024-09-03T11:37:45.206+0000] {processor.py:157} INFO - Started process (PID=22722) to work on /home/airflow-vm/data-engineer-batch-processing-financial-services/.venv/lib/python3.10/site-packages/airflow/example_dags/example_task_group_decorator.py
[2024-09-03T11:37:45.207+0000] {processor.py:826} INFO - Processing file /home/airflow-vm/data-engineer-batch-processing-financial-services/.venv/lib/python3.10/site-packages/airflow/example_dags/example_task_group_decorator.py for tasks to queue
[2024-09-03T11:37:45.208+0000] {logging_mixin.py:149} INFO - [2024-09-03T11:37:45.208+0000] {dagbag.py:541} INFO - Filling up the DagBag from /home/airflow-vm/data-engineer-batch-processing-financial-services/.venv/lib/python3.10/site-packages/airflow/example_dags/example_task_group_decorator.py
[2024-09-03T11:37:45.221+0000] {processor.py:836} INFO - DAG(s) dict_keys(['example_task_group_decorator']) retrieved from /home/airflow-vm/data-engineer-batch-processing-financial-services/.venv/lib/python3.10/site-packages/airflow/example_dags/example_task_group_decorator.py
[2024-09-03T11:37:45.243+0000] {logging_mixin.py:149} INFO - [2024-09-03T11:37:45.242+0000] {dag.py:2726} INFO - Sync 1 DAGs
[2024-09-03T11:37:45.264+0000] {logging_mixin.py:149} INFO - [2024-09-03T11:37:45.264+0000] {dag.py:3486} INFO - Setting next_dagrun for example_task_group_decorator to 2024-09-02T11:37:45.263871+00:00, run_after=2024-09-03T11:37:45.263871+00:00
[2024-09-03T11:37:45.295+0000] {processor.py:179} INFO - Processing /home/airflow-vm/data-engineer-batch-processing-financial-services/.venv/lib/python3.10/site-packages/airflow/example_dags/example_task_group_decorator.py took 0.091 seconds
[2024-09-03T11:38:19.718+0000] {processor.py:157} INFO - Started process (PID=22890) to work on /home/airflow-vm/data-engineer-batch-processing-financial-services/.venv/lib/python3.10/site-packages/airflow/example_dags/example_task_group_decorator.py
[2024-09-03T11:38:19.719+0000] {processor.py:826} INFO - Processing file /home/airflow-vm/data-engineer-batch-processing-financial-services/.venv/lib/python3.10/site-packages/airflow/example_dags/example_task_group_decorator.py for tasks to queue
[2024-09-03T11:38:19.719+0000] {logging_mixin.py:149} INFO - [2024-09-03T11:38:19.719+0000] {dagbag.py:541} INFO - Filling up the DagBag from /home/airflow-vm/data-engineer-batch-processing-financial-services/.venv/lib/python3.10/site-packages/airflow/example_dags/example_task_group_decorator.py
[2024-09-03T11:38:19.733+0000] {processor.py:836} INFO - DAG(s) dict_keys(['example_task_group_decorator']) retrieved from /home/airflow-vm/data-engineer-batch-processing-financial-services/.venv/lib/python3.10/site-packages/airflow/example_dags/example_task_group_decorator.py
[2024-09-03T11:38:19.755+0000] {logging_mixin.py:149} INFO - [2024-09-03T11:38:19.755+0000] {dag.py:2726} INFO - Sync 1 DAGs
[2024-09-03T11:38:19.778+0000] {logging_mixin.py:149} INFO - [2024-09-03T11:38:19.778+0000] {dag.py:3486} INFO - Setting next_dagrun for example_task_group_decorator to 2024-09-02T11:38:19.778125+00:00, run_after=2024-09-03T11:38:19.778125+00:00
[2024-09-03T11:38:19.810+0000] {processor.py:179} INFO - Processing /home/airflow-vm/data-engineer-batch-processing-financial-services/.venv/lib/python3.10/site-packages/airflow/example_dags/example_task_group_decorator.py took 0.095 seconds
[2024-09-03T11:39:07.318+0000] {processor.py:157} INFO - Started process (PID=23057) to work on /home/airflow-vm/data-engineer-batch-processing-financial-services/.venv/lib/python3.10/site-packages/airflow/example_dags/example_task_group_decorator.py
[2024-09-03T11:39:07.319+0000] {processor.py:826} INFO - Processing file /home/airflow-vm/data-engineer-batch-processing-financial-services/.venv/lib/python3.10/site-packages/airflow/example_dags/example_task_group_decorator.py for tasks to queue
[2024-09-03T11:39:07.320+0000] {logging_mixin.py:149} INFO - [2024-09-03T11:39:07.319+0000] {dagbag.py:541} INFO - Filling up the DagBag from /home/airflow-vm/data-engineer-batch-processing-financial-services/.venv/lib/python3.10/site-packages/airflow/example_dags/example_task_group_decorator.py
[2024-09-03T11:39:07.333+0000] {processor.py:836} INFO - DAG(s) dict_keys(['example_task_group_decorator']) retrieved from /home/airflow-vm/data-engineer-batch-processing-financial-services/.venv/lib/python3.10/site-packages/airflow/example_dags/example_task_group_decorator.py
[2024-09-03T11:39:07.356+0000] {logging_mixin.py:149} INFO - [2024-09-03T11:39:07.356+0000] {dag.py:2726} INFO - Sync 1 DAGs
[2024-09-03T11:39:07.378+0000] {logging_mixin.py:149} INFO - [2024-09-03T11:39:07.377+0000] {dag.py:3486} INFO - Setting next_dagrun for example_task_group_decorator to 2024-09-02T11:39:07.377601+00:00, run_after=2024-09-03T11:39:07.377601+00:00
[2024-09-03T11:39:07.427+0000] {processor.py:179} INFO - Processing /home/airflow-vm/data-engineer-batch-processing-financial-services/.venv/lib/python3.10/site-packages/airflow/example_dags/example_task_group_decorator.py took 0.112 seconds
[2024-09-03T11:39:52.601+0000] {processor.py:157} INFO - Started process (PID=23248) to work on /home/airflow-vm/data-engineer-batch-processing-financial-services/.venv/lib/python3.10/site-packages/airflow/example_dags/example_task_group_decorator.py
[2024-09-03T11:39:52.602+0000] {processor.py:826} INFO - Processing file /home/airflow-vm/data-engineer-batch-processing-financial-services/.venv/lib/python3.10/site-packages/airflow/example_dags/example_task_group_decorator.py for tasks to queue
[2024-09-03T11:39:52.603+0000] {logging_mixin.py:149} INFO - [2024-09-03T11:39:52.603+0000] {dagbag.py:541} INFO - Filling up the DagBag from /home/airflow-vm/data-engineer-batch-processing-financial-services/.venv/lib/python3.10/site-packages/airflow/example_dags/example_task_group_decorator.py
[2024-09-03T11:39:52.616+0000] {processor.py:836} INFO - DAG(s) dict_keys(['example_task_group_decorator']) retrieved from /home/airflow-vm/data-engineer-batch-processing-financial-services/.venv/lib/python3.10/site-packages/airflow/example_dags/example_task_group_decorator.py
[2024-09-03T11:39:52.638+0000] {logging_mixin.py:149} INFO - [2024-09-03T11:39:52.637+0000] {dag.py:2726} INFO - Sync 1 DAGs
[2024-09-03T11:39:52.659+0000] {logging_mixin.py:149} INFO - [2024-09-03T11:39:52.658+0000] {dag.py:3486} INFO - Setting next_dagrun for example_task_group_decorator to 2024-09-02T11:39:52.658739+00:00, run_after=2024-09-03T11:39:52.658739+00:00
[2024-09-03T11:39:52.693+0000] {processor.py:179} INFO - Processing /home/airflow-vm/data-engineer-batch-processing-financial-services/.venv/lib/python3.10/site-packages/airflow/example_dags/example_task_group_decorator.py took 0.094 seconds
[2024-09-03T11:41:48.870+0000] {processor.py:157} INFO - Started process (PID=24477) to work on /home/airflow-vm/data-engineer-batch-processing-financial-services/.venv/lib/python3.10/site-packages/airflow/example_dags/example_task_group_decorator.py
[2024-09-03T11:41:48.870+0000] {processor.py:826} INFO - Processing file /home/airflow-vm/data-engineer-batch-processing-financial-services/.venv/lib/python3.10/site-packages/airflow/example_dags/example_task_group_decorator.py for tasks to queue
[2024-09-03T11:41:48.871+0000] {logging_mixin.py:149} INFO - [2024-09-03T11:41:48.871+0000] {dagbag.py:541} INFO - Filling up the DagBag from /home/airflow-vm/data-engineer-batch-processing-financial-services/.venv/lib/python3.10/site-packages/airflow/example_dags/example_task_group_decorator.py
[2024-09-03T11:41:48.884+0000] {processor.py:836} INFO - DAG(s) dict_keys(['example_task_group_decorator']) retrieved from /home/airflow-vm/data-engineer-batch-processing-financial-services/.venv/lib/python3.10/site-packages/airflow/example_dags/example_task_group_decorator.py
[2024-09-03T11:41:48.906+0000] {logging_mixin.py:149} INFO - [2024-09-03T11:41:48.906+0000] {dag.py:2726} INFO - Sync 1 DAGs
[2024-09-03T11:41:48.926+0000] {logging_mixin.py:149} INFO - [2024-09-03T11:41:48.925+0000] {dag.py:3486} INFO - Setting next_dagrun for example_task_group_decorator to 2024-09-02T11:41:48.925749+00:00, run_after=2024-09-03T11:41:48.925749+00:00
[2024-09-03T11:41:48.953+0000] {processor.py:179} INFO - Processing /home/airflow-vm/data-engineer-batch-processing-financial-services/.venv/lib/python3.10/site-packages/airflow/example_dags/example_task_group_decorator.py took 0.087 seconds
[2024-09-03T11:46:17.976+0000] {processor.py:157} INFO - Started process (PID=27106) to work on /home/airflow-vm/data-engineer-batch-processing-financial-services/.venv/lib/python3.10/site-packages/airflow/example_dags/example_task_group_decorator.py
[2024-09-03T11:46:17.977+0000] {processor.py:826} INFO - Processing file /home/airflow-vm/data-engineer-batch-processing-financial-services/.venv/lib/python3.10/site-packages/airflow/example_dags/example_task_group_decorator.py for tasks to queue
[2024-09-03T11:46:17.977+0000] {logging_mixin.py:149} INFO - [2024-09-03T11:46:17.977+0000] {dagbag.py:541} INFO - Filling up the DagBag from /home/airflow-vm/data-engineer-batch-processing-financial-services/.venv/lib/python3.10/site-packages/airflow/example_dags/example_task_group_decorator.py
[2024-09-03T11:46:17.990+0000] {processor.py:836} INFO - DAG(s) dict_keys(['example_task_group_decorator']) retrieved from /home/airflow-vm/data-engineer-batch-processing-financial-services/.venv/lib/python3.10/site-packages/airflow/example_dags/example_task_group_decorator.py
[2024-09-03T11:46:18.011+0000] {logging_mixin.py:149} INFO - [2024-09-03T11:46:18.011+0000] {dag.py:2726} INFO - Sync 1 DAGs
[2024-09-03T11:46:18.031+0000] {logging_mixin.py:149} INFO - [2024-09-03T11:46:18.031+0000] {dag.py:3486} INFO - Setting next_dagrun for example_task_group_decorator to 2024-09-02T11:46:18.031126+00:00, run_after=2024-09-03T11:46:18.031126+00:00
[2024-09-03T11:46:18.061+0000] {processor.py:179} INFO - Processing /home/airflow-vm/data-engineer-batch-processing-financial-services/.venv/lib/python3.10/site-packages/airflow/example_dags/example_task_group_decorator.py took 0.088 seconds
[2024-09-03T11:49:55.705+0000] {processor.py:157} INFO - Started process (PID=29396) to work on /home/airflow-vm/data-engineer-batch-processing-financial-services/.venv/lib/python3.10/site-packages/airflow/example_dags/example_task_group_decorator.py
[2024-09-03T11:49:55.706+0000] {processor.py:826} INFO - Processing file /home/airflow-vm/data-engineer-batch-processing-financial-services/.venv/lib/python3.10/site-packages/airflow/example_dags/example_task_group_decorator.py for tasks to queue
[2024-09-03T11:49:55.707+0000] {logging_mixin.py:149} INFO - [2024-09-03T11:49:55.707+0000] {dagbag.py:541} INFO - Filling up the DagBag from /home/airflow-vm/data-engineer-batch-processing-financial-services/.venv/lib/python3.10/site-packages/airflow/example_dags/example_task_group_decorator.py
[2024-09-03T11:49:55.719+0000] {processor.py:836} INFO - DAG(s) dict_keys(['example_task_group_decorator']) retrieved from /home/airflow-vm/data-engineer-batch-processing-financial-services/.venv/lib/python3.10/site-packages/airflow/example_dags/example_task_group_decorator.py
[2024-09-03T11:49:55.741+0000] {logging_mixin.py:149} INFO - [2024-09-03T11:49:55.741+0000] {dag.py:2726} INFO - Sync 1 DAGs
[2024-09-03T11:49:55.760+0000] {logging_mixin.py:149} INFO - [2024-09-03T11:49:55.760+0000] {dag.py:3486} INFO - Setting next_dagrun for example_task_group_decorator to 2024-09-02T11:49:55.759967+00:00, run_after=2024-09-03T11:49:55.759967+00:00
[2024-09-03T11:49:55.793+0000] {processor.py:179} INFO - Processing /home/airflow-vm/data-engineer-batch-processing-financial-services/.venv/lib/python3.10/site-packages/airflow/example_dags/example_task_group_decorator.py took 0.090 seconds
[2024-09-03T11:50:45.333+0000] {processor.py:157} INFO - Started process (PID=29677) to work on /home/airflow-vm/data-engineer-batch-processing-financial-services/.venv/lib/python3.10/site-packages/airflow/example_dags/example_task_group_decorator.py
[2024-09-03T11:50:45.334+0000] {processor.py:826} INFO - Processing file /home/airflow-vm/data-engineer-batch-processing-financial-services/.venv/lib/python3.10/site-packages/airflow/example_dags/example_task_group_decorator.py for tasks to queue
[2024-09-03T11:50:45.335+0000] {logging_mixin.py:149} INFO - [2024-09-03T11:50:45.334+0000] {dagbag.py:541} INFO - Filling up the DagBag from /home/airflow-vm/data-engineer-batch-processing-financial-services/.venv/lib/python3.10/site-packages/airflow/example_dags/example_task_group_decorator.py
[2024-09-03T11:50:45.347+0000] {processor.py:836} INFO - DAG(s) dict_keys(['example_task_group_decorator']) retrieved from /home/airflow-vm/data-engineer-batch-processing-financial-services/.venv/lib/python3.10/site-packages/airflow/example_dags/example_task_group_decorator.py
[2024-09-03T11:50:45.372+0000] {logging_mixin.py:149} INFO - [2024-09-03T11:50:45.372+0000] {dag.py:2726} INFO - Sync 1 DAGs
[2024-09-03T11:50:45.393+0000] {logging_mixin.py:149} INFO - [2024-09-03T11:50:45.393+0000] {dag.py:3486} INFO - Setting next_dagrun for example_task_group_decorator to 2024-09-02T11:50:45.393221+00:00, run_after=2024-09-03T11:50:45.393221+00:00
[2024-09-03T11:50:45.420+0000] {processor.py:179} INFO - Processing /home/airflow-vm/data-engineer-batch-processing-financial-services/.venv/lib/python3.10/site-packages/airflow/example_dags/example_task_group_decorator.py took 0.090 seconds
[2024-09-03T11:51:28.969+0000] {processor.py:157} INFO - Started process (PID=29724) to work on /home/airflow-vm/data-engineer-batch-processing-financial-services/.venv/lib/python3.10/site-packages/airflow/example_dags/example_task_group_decorator.py
[2024-09-03T11:51:28.970+0000] {processor.py:826} INFO - Processing file /home/airflow-vm/data-engineer-batch-processing-financial-services/.venv/lib/python3.10/site-packages/airflow/example_dags/example_task_group_decorator.py for tasks to queue
[2024-09-03T11:51:28.970+0000] {logging_mixin.py:149} INFO - [2024-09-03T11:51:28.970+0000] {dagbag.py:541} INFO - Filling up the DagBag from /home/airflow-vm/data-engineer-batch-processing-financial-services/.venv/lib/python3.10/site-packages/airflow/example_dags/example_task_group_decorator.py
[2024-09-03T11:51:28.983+0000] {processor.py:836} INFO - DAG(s) dict_keys(['example_task_group_decorator']) retrieved from /home/airflow-vm/data-engineer-batch-processing-financial-services/.venv/lib/python3.10/site-packages/airflow/example_dags/example_task_group_decorator.py
[2024-09-03T11:51:29.005+0000] {logging_mixin.py:149} INFO - [2024-09-03T11:51:29.005+0000] {dag.py:2726} INFO - Sync 1 DAGs
[2024-09-03T11:51:29.024+0000] {logging_mixin.py:149} INFO - [2024-09-03T11:51:29.023+0000] {dag.py:3486} INFO - Setting next_dagrun for example_task_group_decorator to 2024-09-02T11:51:29.023610+00:00, run_after=2024-09-03T11:51:29.023610+00:00
[2024-09-03T11:51:29.053+0000] {processor.py:179} INFO - Processing /home/airflow-vm/data-engineer-batch-processing-financial-services/.venv/lib/python3.10/site-packages/airflow/example_dags/example_task_group_decorator.py took 0.087 seconds
[2024-09-03T11:52:12.881+0000] {processor.py:157} INFO - Started process (PID=29772) to work on /home/airflow-vm/data-engineer-batch-processing-financial-services/.venv/lib/python3.10/site-packages/airflow/example_dags/example_task_group_decorator.py
[2024-09-03T11:52:12.882+0000] {processor.py:826} INFO - Processing file /home/airflow-vm/data-engineer-batch-processing-financial-services/.venv/lib/python3.10/site-packages/airflow/example_dags/example_task_group_decorator.py for tasks to queue
[2024-09-03T11:52:12.883+0000] {logging_mixin.py:149} INFO - [2024-09-03T11:52:12.883+0000] {dagbag.py:541} INFO - Filling up the DagBag from /home/airflow-vm/data-engineer-batch-processing-financial-services/.venv/lib/python3.10/site-packages/airflow/example_dags/example_task_group_decorator.py
[2024-09-03T11:52:12.895+0000] {processor.py:836} INFO - DAG(s) dict_keys(['example_task_group_decorator']) retrieved from /home/airflow-vm/data-engineer-batch-processing-financial-services/.venv/lib/python3.10/site-packages/airflow/example_dags/example_task_group_decorator.py
[2024-09-03T11:52:12.916+0000] {logging_mixin.py:149} INFO - [2024-09-03T11:52:12.916+0000] {dag.py:2726} INFO - Sync 1 DAGs
[2024-09-03T11:52:12.935+0000] {logging_mixin.py:149} INFO - [2024-09-03T11:52:12.935+0000] {dag.py:3486} INFO - Setting next_dagrun for example_task_group_decorator to 2024-09-02T11:52:12.935031+00:00, run_after=2024-09-03T11:52:12.935031+00:00
[2024-09-03T11:52:12.963+0000] {processor.py:179} INFO - Processing /home/airflow-vm/data-engineer-batch-processing-financial-services/.venv/lib/python3.10/site-packages/airflow/example_dags/example_task_group_decorator.py took 0.084 seconds
[2024-09-03T11:53:00.306+0000] {processor.py:157} INFO - Started process (PID=29820) to work on /home/airflow-vm/data-engineer-batch-processing-financial-services/.venv/lib/python3.10/site-packages/airflow/example_dags/example_task_group_decorator.py
[2024-09-03T11:53:00.307+0000] {processor.py:826} INFO - Processing file /home/airflow-vm/data-engineer-batch-processing-financial-services/.venv/lib/python3.10/site-packages/airflow/example_dags/example_task_group_decorator.py for tasks to queue
[2024-09-03T11:53:00.307+0000] {logging_mixin.py:149} INFO - [2024-09-03T11:53:00.307+0000] {dagbag.py:541} INFO - Filling up the DagBag from /home/airflow-vm/data-engineer-batch-processing-financial-services/.venv/lib/python3.10/site-packages/airflow/example_dags/example_task_group_decorator.py
[2024-09-03T11:53:00.320+0000] {processor.py:836} INFO - DAG(s) dict_keys(['example_task_group_decorator']) retrieved from /home/airflow-vm/data-engineer-batch-processing-financial-services/.venv/lib/python3.10/site-packages/airflow/example_dags/example_task_group_decorator.py
[2024-09-03T11:53:00.342+0000] {logging_mixin.py:149} INFO - [2024-09-03T11:53:00.341+0000] {dag.py:2726} INFO - Sync 1 DAGs
[2024-09-03T11:53:00.363+0000] {logging_mixin.py:149} INFO - [2024-09-03T11:53:00.362+0000] {dag.py:3486} INFO - Setting next_dagrun for example_task_group_decorator to 2024-09-02T11:53:00.362733+00:00, run_after=2024-09-03T11:53:00.362733+00:00
[2024-09-03T11:53:00.392+0000] {processor.py:179} INFO - Processing /home/airflow-vm/data-engineer-batch-processing-financial-services/.venv/lib/python3.10/site-packages/airflow/example_dags/example_task_group_decorator.py took 0.088 seconds
[2024-09-03T11:53:46.844+0000] {processor.py:157} INFO - Started process (PID=29895) to work on /home/airflow-vm/data-engineer-batch-processing-financial-services/.venv/lib/python3.10/site-packages/airflow/example_dags/example_task_group_decorator.py
[2024-09-03T11:53:46.845+0000] {processor.py:826} INFO - Processing file /home/airflow-vm/data-engineer-batch-processing-financial-services/.venv/lib/python3.10/site-packages/airflow/example_dags/example_task_group_decorator.py for tasks to queue
[2024-09-03T11:53:46.846+0000] {logging_mixin.py:149} INFO - [2024-09-03T11:53:46.845+0000] {dagbag.py:541} INFO - Filling up the DagBag from /home/airflow-vm/data-engineer-batch-processing-financial-services/.venv/lib/python3.10/site-packages/airflow/example_dags/example_task_group_decorator.py
[2024-09-03T11:53:46.859+0000] {processor.py:836} INFO - DAG(s) dict_keys(['example_task_group_decorator']) retrieved from /home/airflow-vm/data-engineer-batch-processing-financial-services/.venv/lib/python3.10/site-packages/airflow/example_dags/example_task_group_decorator.py
[2024-09-03T11:53:46.883+0000] {logging_mixin.py:149} INFO - [2024-09-03T11:53:46.883+0000] {dag.py:2726} INFO - Sync 1 DAGs
[2024-09-03T11:53:46.904+0000] {logging_mixin.py:149} INFO - [2024-09-03T11:53:46.903+0000] {dag.py:3486} INFO - Setting next_dagrun for example_task_group_decorator to 2024-09-02T11:53:46.903762+00:00, run_after=2024-09-03T11:53:46.903762+00:00
[2024-09-03T11:53:46.936+0000] {processor.py:179} INFO - Processing /home/airflow-vm/data-engineer-batch-processing-financial-services/.venv/lib/python3.10/site-packages/airflow/example_dags/example_task_group_decorator.py took 0.095 seconds
[2024-09-03T11:54:19.313+0000] {processor.py:157} INFO - Started process (PID=29929) to work on /home/airflow-vm/data-engineer-batch-processing-financial-services/.venv/lib/python3.10/site-packages/airflow/example_dags/example_task_group_decorator.py
[2024-09-03T11:54:19.314+0000] {processor.py:826} INFO - Processing file /home/airflow-vm/data-engineer-batch-processing-financial-services/.venv/lib/python3.10/site-packages/airflow/example_dags/example_task_group_decorator.py for tasks to queue
[2024-09-03T11:54:19.314+0000] {logging_mixin.py:149} INFO - [2024-09-03T11:54:19.314+0000] {dagbag.py:541} INFO - Filling up the DagBag from /home/airflow-vm/data-engineer-batch-processing-financial-services/.venv/lib/python3.10/site-packages/airflow/example_dags/example_task_group_decorator.py
[2024-09-03T11:54:19.327+0000] {processor.py:836} INFO - DAG(s) dict_keys(['example_task_group_decorator']) retrieved from /home/airflow-vm/data-engineer-batch-processing-financial-services/.venv/lib/python3.10/site-packages/airflow/example_dags/example_task_group_decorator.py
[2024-09-03T11:54:19.350+0000] {logging_mixin.py:149} INFO - [2024-09-03T11:54:19.350+0000] {dag.py:2726} INFO - Sync 1 DAGs
[2024-09-03T11:54:19.372+0000] {logging_mixin.py:149} INFO - [2024-09-03T11:54:19.372+0000] {dag.py:3486} INFO - Setting next_dagrun for example_task_group_decorator to 2024-09-02T11:54:19.371996+00:00, run_after=2024-09-03T11:54:19.371996+00:00
[2024-09-03T11:54:19.405+0000] {processor.py:179} INFO - Processing /home/airflow-vm/data-engineer-batch-processing-financial-services/.venv/lib/python3.10/site-packages/airflow/example_dags/example_task_group_decorator.py took 0.095 seconds
[2024-09-03T11:54:52.343+0000] {processor.py:157} INFO - Started process (PID=29969) to work on /home/airflow-vm/data-engineer-batch-processing-financial-services/.venv/lib/python3.10/site-packages/airflow/example_dags/example_task_group_decorator.py
[2024-09-03T11:54:52.344+0000] {processor.py:826} INFO - Processing file /home/airflow-vm/data-engineer-batch-processing-financial-services/.venv/lib/python3.10/site-packages/airflow/example_dags/example_task_group_decorator.py for tasks to queue
[2024-09-03T11:54:52.345+0000] {logging_mixin.py:149} INFO - [2024-09-03T11:54:52.345+0000] {dagbag.py:541} INFO - Filling up the DagBag from /home/airflow-vm/data-engineer-batch-processing-financial-services/.venv/lib/python3.10/site-packages/airflow/example_dags/example_task_group_decorator.py
[2024-09-03T11:54:52.358+0000] {processor.py:836} INFO - DAG(s) dict_keys(['example_task_group_decorator']) retrieved from /home/airflow-vm/data-engineer-batch-processing-financial-services/.venv/lib/python3.10/site-packages/airflow/example_dags/example_task_group_decorator.py
[2024-09-03T11:54:52.381+0000] {logging_mixin.py:149} INFO - [2024-09-03T11:54:52.381+0000] {dag.py:2726} INFO - Sync 1 DAGs
[2024-09-03T11:54:52.400+0000] {logging_mixin.py:149} INFO - [2024-09-03T11:54:52.400+0000] {dag.py:3486} INFO - Setting next_dagrun for example_task_group_decorator to 2024-09-02T11:54:52.400513+00:00, run_after=2024-09-03T11:54:52.400513+00:00
[2024-09-03T11:54:52.428+0000] {processor.py:179} INFO - Processing /home/airflow-vm/data-engineer-batch-processing-financial-services/.venv/lib/python3.10/site-packages/airflow/example_dags/example_task_group_decorator.py took 0.087 seconds
[2024-09-03T11:55:35.913+0000] {processor.py:157} INFO - Started process (PID=30017) to work on /home/airflow-vm/data-engineer-batch-processing-financial-services/.venv/lib/python3.10/site-packages/airflow/example_dags/example_task_group_decorator.py
[2024-09-03T11:55:35.913+0000] {processor.py:826} INFO - Processing file /home/airflow-vm/data-engineer-batch-processing-financial-services/.venv/lib/python3.10/site-packages/airflow/example_dags/example_task_group_decorator.py for tasks to queue
[2024-09-03T11:55:35.914+0000] {logging_mixin.py:149} INFO - [2024-09-03T11:55:35.914+0000] {dagbag.py:541} INFO - Filling up the DagBag from /home/airflow-vm/data-engineer-batch-processing-financial-services/.venv/lib/python3.10/site-packages/airflow/example_dags/example_task_group_decorator.py
[2024-09-03T11:55:35.926+0000] {processor.py:836} INFO - DAG(s) dict_keys(['example_task_group_decorator']) retrieved from /home/airflow-vm/data-engineer-batch-processing-financial-services/.venv/lib/python3.10/site-packages/airflow/example_dags/example_task_group_decorator.py
[2024-09-03T11:55:35.947+0000] {logging_mixin.py:149} INFO - [2024-09-03T11:55:35.947+0000] {dag.py:2726} INFO - Sync 1 DAGs
[2024-09-03T11:55:35.969+0000] {logging_mixin.py:149} INFO - [2024-09-03T11:55:35.969+0000] {dag.py:3486} INFO - Setting next_dagrun for example_task_group_decorator to 2024-09-02T11:55:35.969070+00:00, run_after=2024-09-03T11:55:35.969070+00:00
[2024-09-03T11:55:35.998+0000] {processor.py:179} INFO - Processing /home/airflow-vm/data-engineer-batch-processing-financial-services/.venv/lib/python3.10/site-packages/airflow/example_dags/example_task_group_decorator.py took 0.088 seconds
[2024-09-03T11:56:07.324+0000] {processor.py:157} INFO - Started process (PID=30049) to work on /home/airflow-vm/data-engineer-batch-processing-financial-services/.venv/lib/python3.10/site-packages/airflow/example_dags/example_task_group_decorator.py
[2024-09-03T11:56:07.325+0000] {processor.py:826} INFO - Processing file /home/airflow-vm/data-engineer-batch-processing-financial-services/.venv/lib/python3.10/site-packages/airflow/example_dags/example_task_group_decorator.py for tasks to queue
[2024-09-03T11:56:07.326+0000] {logging_mixin.py:149} INFO - [2024-09-03T11:56:07.325+0000] {dagbag.py:541} INFO - Filling up the DagBag from /home/airflow-vm/data-engineer-batch-processing-financial-services/.venv/lib/python3.10/site-packages/airflow/example_dags/example_task_group_decorator.py
[2024-09-03T11:56:07.338+0000] {processor.py:836} INFO - DAG(s) dict_keys(['example_task_group_decorator']) retrieved from /home/airflow-vm/data-engineer-batch-processing-financial-services/.venv/lib/python3.10/site-packages/airflow/example_dags/example_task_group_decorator.py
[2024-09-03T11:56:07.360+0000] {logging_mixin.py:149} INFO - [2024-09-03T11:56:07.360+0000] {dag.py:2726} INFO - Sync 1 DAGs
[2024-09-03T11:56:07.379+0000] {logging_mixin.py:149} INFO - [2024-09-03T11:56:07.378+0000] {dag.py:3486} INFO - Setting next_dagrun for example_task_group_decorator to 2024-09-02T11:56:07.378711+00:00, run_after=2024-09-03T11:56:07.378711+00:00
[2024-09-03T11:56:07.407+0000] {processor.py:179} INFO - Processing /home/airflow-vm/data-engineer-batch-processing-financial-services/.venv/lib/python3.10/site-packages/airflow/example_dags/example_task_group_decorator.py took 0.085 seconds
[2024-09-03T11:56:39.250+0000] {processor.py:157} INFO - Started process (PID=30087) to work on /home/airflow-vm/data-engineer-batch-processing-financial-services/.venv/lib/python3.10/site-packages/airflow/example_dags/example_task_group_decorator.py
[2024-09-03T11:56:39.251+0000] {processor.py:826} INFO - Processing file /home/airflow-vm/data-engineer-batch-processing-financial-services/.venv/lib/python3.10/site-packages/airflow/example_dags/example_task_group_decorator.py for tasks to queue
[2024-09-03T11:56:39.252+0000] {logging_mixin.py:149} INFO - [2024-09-03T11:56:39.252+0000] {dagbag.py:541} INFO - Filling up the DagBag from /home/airflow-vm/data-engineer-batch-processing-financial-services/.venv/lib/python3.10/site-packages/airflow/example_dags/example_task_group_decorator.py
[2024-09-03T11:56:39.266+0000] {processor.py:836} INFO - DAG(s) dict_keys(['example_task_group_decorator']) retrieved from /home/airflow-vm/data-engineer-batch-processing-financial-services/.venv/lib/python3.10/site-packages/airflow/example_dags/example_task_group_decorator.py
[2024-09-03T11:56:39.289+0000] {logging_mixin.py:149} INFO - [2024-09-03T11:56:39.289+0000] {dag.py:2726} INFO - Sync 1 DAGs
[2024-09-03T11:56:39.309+0000] {logging_mixin.py:149} INFO - [2024-09-03T11:56:39.309+0000] {dag.py:3486} INFO - Setting next_dagrun for example_task_group_decorator to 2024-09-02T11:56:39.309211+00:00, run_after=2024-09-03T11:56:39.309211+00:00
[2024-09-03T11:56:39.339+0000] {processor.py:179} INFO - Processing /home/airflow-vm/data-engineer-batch-processing-financial-services/.venv/lib/python3.10/site-packages/airflow/example_dags/example_task_group_decorator.py took 0.092 seconds
