[2024-09-03T10:58:29.615+0000] {processor.py:157} INFO - Started process (PID=3590) to work on /home/airflow-vm/data-engineer-batch-processing-financial-services/.venv/lib/python3.10/site-packages/airflow/example_dags/example_subdag_operator.py
[2024-09-03T10:58:29.616+0000] {processor.py:826} INFO - Processing file /home/airflow-vm/data-engineer-batch-processing-financial-services/.venv/lib/python3.10/site-packages/airflow/example_dags/example_subdag_operator.py for tasks to queue
[2024-09-03T10:58:29.616+0000] {logging_mixin.py:149} INFO - [2024-09-03T10:58:29.616+0000] {dagbag.py:541} INFO - Filling up the DagBag from /home/airflow-vm/data-engineer-batch-processing-financial-services/.venv/lib/python3.10/site-packages/airflow/example_dags/example_subdag_operator.py
[2024-09-03T10:58:29.634+0000] {processor.py:836} INFO - DAG(s) dict_keys(['example_subdag_operator.section-1', 'example_subdag_operator.section-2', 'example_subdag_operator']) retrieved from /home/airflow-vm/data-engineer-batch-processing-financial-services/.venv/lib/python3.10/site-packages/airflow/example_dags/example_subdag_operator.py
[2024-09-03T10:58:29.680+0000] {logging_mixin.py:149} INFO - [2024-09-03T10:58:29.679+0000] {dag.py:2726} INFO - Sync 3 DAGs
[2024-09-03T10:58:29.697+0000] {logging_mixin.py:149} INFO - [2024-09-03T10:58:29.697+0000] {dag.py:3486} INFO - Setting next_dagrun for example_subdag_operator to 2021-12-31T17:00:00+00:00, run_after=2021-12-31T17:00:00+00:00
[2024-09-03T10:58:29.700+0000] {logging_mixin.py:149} INFO - [2024-09-03T10:58:29.699+0000] {dag.py:3486} INFO - Setting next_dagrun for example_subdag_operator.section-1 to None, run_after=None
[2024-09-03T10:58:29.700+0000] {logging_mixin.py:149} INFO - [2024-09-03T10:58:29.700+0000] {dag.py:3486} INFO - Setting next_dagrun for example_subdag_operator.section-2 to None, run_after=None
[2024-09-03T10:58:29.707+0000] {logging_mixin.py:149} INFO - [2024-09-03T10:58:29.707+0000] {dag.py:2726} INFO - Sync 2 DAGs
[2024-09-03T10:58:29.711+0000] {logging_mixin.py:149} INFO - [2024-09-03T10:58:29.711+0000] {dag.py:3486} INFO - Setting next_dagrun for example_subdag_operator.section-1 to None, run_after=None
[2024-09-03T10:58:29.711+0000] {logging_mixin.py:149} INFO - [2024-09-03T10:58:29.711+0000] {dag.py:3486} INFO - Setting next_dagrun for example_subdag_operator.section-2 to None, run_after=None
[2024-09-03T10:58:29.734+0000] {processor.py:179} INFO - Processing /home/airflow-vm/data-engineer-batch-processing-financial-services/.venv/lib/python3.10/site-packages/airflow/example_dags/example_subdag_operator.py took 0.122 seconds
[2024-09-03T10:59:19.089+0000] {processor.py:157} INFO - Started process (PID=3836) to work on /home/airflow-vm/data-engineer-batch-processing-financial-services/.venv/lib/python3.10/site-packages/airflow/example_dags/example_subdag_operator.py
[2024-09-03T10:59:19.090+0000] {processor.py:826} INFO - Processing file /home/airflow-vm/data-engineer-batch-processing-financial-services/.venv/lib/python3.10/site-packages/airflow/example_dags/example_subdag_operator.py for tasks to queue
[2024-09-03T10:59:19.091+0000] {logging_mixin.py:149} INFO - [2024-09-03T10:59:19.090+0000] {dagbag.py:541} INFO - Filling up the DagBag from /home/airflow-vm/data-engineer-batch-processing-financial-services/.venv/lib/python3.10/site-packages/airflow/example_dags/example_subdag_operator.py
[2024-09-03T10:59:19.109+0000] {processor.py:836} INFO - DAG(s) dict_keys(['example_subdag_operator.section-1', 'example_subdag_operator.section-2', 'example_subdag_operator']) retrieved from /home/airflow-vm/data-engineer-batch-processing-financial-services/.venv/lib/python3.10/site-packages/airflow/example_dags/example_subdag_operator.py
[2024-09-03T10:59:19.127+0000] {logging_mixin.py:149} INFO - [2024-09-03T10:59:19.127+0000] {dag.py:2726} INFO - Sync 3 DAGs
[2024-09-03T10:59:19.145+0000] {logging_mixin.py:149} INFO - [2024-09-03T10:59:19.145+0000] {dag.py:3486} INFO - Setting next_dagrun for example_subdag_operator to 2021-12-31T17:00:00+00:00, run_after=2021-12-31T17:00:00+00:00
[2024-09-03T10:59:19.148+0000] {logging_mixin.py:149} INFO - [2024-09-03T10:59:19.147+0000] {dag.py:3486} INFO - Setting next_dagrun for example_subdag_operator.section-1 to None, run_after=None
[2024-09-03T10:59:19.148+0000] {logging_mixin.py:149} INFO - [2024-09-03T10:59:19.148+0000] {dag.py:3486} INFO - Setting next_dagrun for example_subdag_operator.section-2 to None, run_after=None
[2024-09-03T10:59:19.154+0000] {logging_mixin.py:149} INFO - [2024-09-03T10:59:19.154+0000] {dag.py:2726} INFO - Sync 2 DAGs
[2024-09-03T10:59:19.159+0000] {logging_mixin.py:149} INFO - [2024-09-03T10:59:19.159+0000] {dag.py:3486} INFO - Setting next_dagrun for example_subdag_operator.section-1 to None, run_after=None
[2024-09-03T10:59:19.159+0000] {logging_mixin.py:149} INFO - [2024-09-03T10:59:19.159+0000] {dag.py:3486} INFO - Setting next_dagrun for example_subdag_operator.section-2 to None, run_after=None
[2024-09-03T10:59:19.183+0000] {processor.py:179} INFO - Processing /home/airflow-vm/data-engineer-batch-processing-financial-services/.venv/lib/python3.10/site-packages/airflow/example_dags/example_subdag_operator.py took 0.096 seconds
[2024-09-03T11:00:02.819+0000] {processor.py:157} INFO - Started process (PID=3992) to work on /home/airflow-vm/data-engineer-batch-processing-financial-services/.venv/lib/python3.10/site-packages/airflow/example_dags/example_subdag_operator.py
[2024-09-03T11:00:02.819+0000] {processor.py:826} INFO - Processing file /home/airflow-vm/data-engineer-batch-processing-financial-services/.venv/lib/python3.10/site-packages/airflow/example_dags/example_subdag_operator.py for tasks to queue
[2024-09-03T11:00:02.820+0000] {logging_mixin.py:149} INFO - [2024-09-03T11:00:02.820+0000] {dagbag.py:541} INFO - Filling up the DagBag from /home/airflow-vm/data-engineer-batch-processing-financial-services/.venv/lib/python3.10/site-packages/airflow/example_dags/example_subdag_operator.py
[2024-09-03T11:00:02.838+0000] {processor.py:836} INFO - DAG(s) dict_keys(['example_subdag_operator.section-1', 'example_subdag_operator.section-2', 'example_subdag_operator']) retrieved from /home/airflow-vm/data-engineer-batch-processing-financial-services/.venv/lib/python3.10/site-packages/airflow/example_dags/example_subdag_operator.py
[2024-09-03T11:00:02.857+0000] {logging_mixin.py:149} INFO - [2024-09-03T11:00:02.857+0000] {dag.py:2726} INFO - Sync 3 DAGs
[2024-09-03T11:00:02.877+0000] {logging_mixin.py:149} INFO - [2024-09-03T11:00:02.877+0000] {dag.py:3486} INFO - Setting next_dagrun for example_subdag_operator to 2021-12-31T17:00:00+00:00, run_after=2021-12-31T17:00:00+00:00
[2024-09-03T11:00:02.880+0000] {logging_mixin.py:149} INFO - [2024-09-03T11:00:02.880+0000] {dag.py:3486} INFO - Setting next_dagrun for example_subdag_operator.section-1 to None, run_after=None
[2024-09-03T11:00:02.881+0000] {logging_mixin.py:149} INFO - [2024-09-03T11:00:02.881+0000] {dag.py:3486} INFO - Setting next_dagrun for example_subdag_operator.section-2 to None, run_after=None
[2024-09-03T11:00:02.886+0000] {logging_mixin.py:149} INFO - [2024-09-03T11:00:02.886+0000] {dag.py:2726} INFO - Sync 2 DAGs
[2024-09-03T11:00:02.890+0000] {logging_mixin.py:149} INFO - [2024-09-03T11:00:02.890+0000] {dag.py:3486} INFO - Setting next_dagrun for example_subdag_operator.section-1 to None, run_after=None
[2024-09-03T11:00:02.890+0000] {logging_mixin.py:149} INFO - [2024-09-03T11:00:02.890+0000] {dag.py:3486} INFO - Setting next_dagrun for example_subdag_operator.section-2 to None, run_after=None
[2024-09-03T11:00:02.918+0000] {processor.py:179} INFO - Processing /home/airflow-vm/data-engineer-batch-processing-financial-services/.venv/lib/python3.10/site-packages/airflow/example_dags/example_subdag_operator.py took 0.102 seconds
[2024-09-03T11:00:48.191+0000] {processor.py:157} INFO - Started process (PID=4447) to work on /home/airflow-vm/data-engineer-batch-processing-financial-services/.venv/lib/python3.10/site-packages/airflow/example_dags/example_subdag_operator.py
[2024-09-03T11:00:48.192+0000] {processor.py:826} INFO - Processing file /home/airflow-vm/data-engineer-batch-processing-financial-services/.venv/lib/python3.10/site-packages/airflow/example_dags/example_subdag_operator.py for tasks to queue
[2024-09-03T11:00:48.193+0000] {logging_mixin.py:149} INFO - [2024-09-03T11:00:48.193+0000] {dagbag.py:541} INFO - Filling up the DagBag from /home/airflow-vm/data-engineer-batch-processing-financial-services/.venv/lib/python3.10/site-packages/airflow/example_dags/example_subdag_operator.py
[2024-09-03T11:00:48.212+0000] {processor.py:836} INFO - DAG(s) dict_keys(['example_subdag_operator.section-1', 'example_subdag_operator.section-2', 'example_subdag_operator']) retrieved from /home/airflow-vm/data-engineer-batch-processing-financial-services/.venv/lib/python3.10/site-packages/airflow/example_dags/example_subdag_operator.py
[2024-09-03T11:00:48.231+0000] {logging_mixin.py:149} INFO - [2024-09-03T11:00:48.231+0000] {dag.py:2726} INFO - Sync 3 DAGs
[2024-09-03T11:00:48.256+0000] {logging_mixin.py:149} INFO - [2024-09-03T11:00:48.256+0000] {dag.py:3486} INFO - Setting next_dagrun for example_subdag_operator to 2021-12-31T17:00:00+00:00, run_after=2021-12-31T17:00:00+00:00
[2024-09-03T11:00:48.261+0000] {logging_mixin.py:149} INFO - [2024-09-03T11:00:48.261+0000] {dag.py:3486} INFO - Setting next_dagrun for example_subdag_operator.section-1 to None, run_after=None
[2024-09-03T11:00:48.262+0000] {logging_mixin.py:149} INFO - [2024-09-03T11:00:48.262+0000] {dag.py:3486} INFO - Setting next_dagrun for example_subdag_operator.section-2 to None, run_after=None
[2024-09-03T11:00:48.269+0000] {logging_mixin.py:149} INFO - [2024-09-03T11:00:48.268+0000] {dag.py:2726} INFO - Sync 2 DAGs
[2024-09-03T11:00:48.273+0000] {logging_mixin.py:149} INFO - [2024-09-03T11:00:48.273+0000] {dag.py:3486} INFO - Setting next_dagrun for example_subdag_operator.section-1 to None, run_after=None
[2024-09-03T11:00:48.273+0000] {logging_mixin.py:149} INFO - [2024-09-03T11:00:48.273+0000] {dag.py:3486} INFO - Setting next_dagrun for example_subdag_operator.section-2 to None, run_after=None
[2024-09-03T11:00:48.297+0000] {processor.py:179} INFO - Processing /home/airflow-vm/data-engineer-batch-processing-financial-services/.venv/lib/python3.10/site-packages/airflow/example_dags/example_subdag_operator.py took 0.108 seconds
[2024-09-03T11:01:38.194+0000] {processor.py:157} INFO - Started process (PID=4760) to work on /home/airflow-vm/data-engineer-batch-processing-financial-services/.venv/lib/python3.10/site-packages/airflow/example_dags/example_subdag_operator.py
[2024-09-03T11:01:38.194+0000] {processor.py:826} INFO - Processing file /home/airflow-vm/data-engineer-batch-processing-financial-services/.venv/lib/python3.10/site-packages/airflow/example_dags/example_subdag_operator.py for tasks to queue
[2024-09-03T11:01:38.195+0000] {logging_mixin.py:149} INFO - [2024-09-03T11:01:38.195+0000] {dagbag.py:541} INFO - Filling up the DagBag from /home/airflow-vm/data-engineer-batch-processing-financial-services/.venv/lib/python3.10/site-packages/airflow/example_dags/example_subdag_operator.py
[2024-09-03T11:01:38.213+0000] {processor.py:836} INFO - DAG(s) dict_keys(['example_subdag_operator.section-1', 'example_subdag_operator.section-2', 'example_subdag_operator']) retrieved from /home/airflow-vm/data-engineer-batch-processing-financial-services/.venv/lib/python3.10/site-packages/airflow/example_dags/example_subdag_operator.py
[2024-09-03T11:01:38.231+0000] {logging_mixin.py:149} INFO - [2024-09-03T11:01:38.231+0000] {dag.py:2726} INFO - Sync 3 DAGs
[2024-09-03T11:01:38.249+0000] {logging_mixin.py:149} INFO - [2024-09-03T11:01:38.249+0000] {dag.py:3486} INFO - Setting next_dagrun for example_subdag_operator to 2021-12-31T17:00:00+00:00, run_after=2021-12-31T17:00:00+00:00
[2024-09-03T11:01:38.252+0000] {logging_mixin.py:149} INFO - [2024-09-03T11:01:38.252+0000] {dag.py:3486} INFO - Setting next_dagrun for example_subdag_operator.section-1 to None, run_after=None
[2024-09-03T11:01:38.253+0000] {logging_mixin.py:149} INFO - [2024-09-03T11:01:38.253+0000] {dag.py:3486} INFO - Setting next_dagrun for example_subdag_operator.section-2 to None, run_after=None
[2024-09-03T11:01:38.259+0000] {logging_mixin.py:149} INFO - [2024-09-03T11:01:38.259+0000] {dag.py:2726} INFO - Sync 2 DAGs
[2024-09-03T11:01:38.264+0000] {logging_mixin.py:149} INFO - [2024-09-03T11:01:38.264+0000] {dag.py:3486} INFO - Setting next_dagrun for example_subdag_operator.section-1 to None, run_after=None
[2024-09-03T11:01:38.264+0000] {logging_mixin.py:149} INFO - [2024-09-03T11:01:38.264+0000] {dag.py:3486} INFO - Setting next_dagrun for example_subdag_operator.section-2 to None, run_after=None
[2024-09-03T11:01:38.287+0000] {processor.py:179} INFO - Processing /home/airflow-vm/data-engineer-batch-processing-financial-services/.venv/lib/python3.10/site-packages/airflow/example_dags/example_subdag_operator.py took 0.096 seconds
[2024-09-03T11:02:24.156+0000] {processor.py:157} INFO - Started process (PID=4814) to work on /home/airflow-vm/data-engineer-batch-processing-financial-services/.venv/lib/python3.10/site-packages/airflow/example_dags/example_subdag_operator.py
[2024-09-03T11:02:24.157+0000] {processor.py:826} INFO - Processing file /home/airflow-vm/data-engineer-batch-processing-financial-services/.venv/lib/python3.10/site-packages/airflow/example_dags/example_subdag_operator.py for tasks to queue
[2024-09-03T11:02:24.158+0000] {logging_mixin.py:149} INFO - [2024-09-03T11:02:24.158+0000] {dagbag.py:541} INFO - Filling up the DagBag from /home/airflow-vm/data-engineer-batch-processing-financial-services/.venv/lib/python3.10/site-packages/airflow/example_dags/example_subdag_operator.py
[2024-09-03T11:02:24.177+0000] {processor.py:836} INFO - DAG(s) dict_keys(['example_subdag_operator.section-1', 'example_subdag_operator.section-2', 'example_subdag_operator']) retrieved from /home/airflow-vm/data-engineer-batch-processing-financial-services/.venv/lib/python3.10/site-packages/airflow/example_dags/example_subdag_operator.py
[2024-09-03T11:02:24.194+0000] {logging_mixin.py:149} INFO - [2024-09-03T11:02:24.194+0000] {dag.py:2726} INFO - Sync 3 DAGs
[2024-09-03T11:02:24.215+0000] {logging_mixin.py:149} INFO - [2024-09-03T11:02:24.214+0000] {dag.py:3486} INFO - Setting next_dagrun for example_subdag_operator to 2021-12-31T17:00:00+00:00, run_after=2021-12-31T17:00:00+00:00
[2024-09-03T11:02:24.217+0000] {logging_mixin.py:149} INFO - [2024-09-03T11:02:24.217+0000] {dag.py:3486} INFO - Setting next_dagrun for example_subdag_operator.section-1 to None, run_after=None
[2024-09-03T11:02:24.218+0000] {logging_mixin.py:149} INFO - [2024-09-03T11:02:24.218+0000] {dag.py:3486} INFO - Setting next_dagrun for example_subdag_operator.section-2 to None, run_after=None
[2024-09-03T11:02:24.224+0000] {logging_mixin.py:149} INFO - [2024-09-03T11:02:24.224+0000] {dag.py:2726} INFO - Sync 2 DAGs
[2024-09-03T11:02:24.228+0000] {logging_mixin.py:149} INFO - [2024-09-03T11:02:24.228+0000] {dag.py:3486} INFO - Setting next_dagrun for example_subdag_operator.section-1 to None, run_after=None
[2024-09-03T11:02:24.228+0000] {logging_mixin.py:149} INFO - [2024-09-03T11:02:24.228+0000] {dag.py:3486} INFO - Setting next_dagrun for example_subdag_operator.section-2 to None, run_after=None
[2024-09-03T11:02:24.262+0000] {processor.py:179} INFO - Processing /home/airflow-vm/data-engineer-batch-processing-financial-services/.venv/lib/python3.10/site-packages/airflow/example_dags/example_subdag_operator.py took 0.108 seconds
[2024-09-03T11:03:12.716+0000] {processor.py:157} INFO - Started process (PID=5115) to work on /home/airflow-vm/data-engineer-batch-processing-financial-services/.venv/lib/python3.10/site-packages/airflow/example_dags/example_subdag_operator.py
[2024-09-03T11:03:12.717+0000] {processor.py:826} INFO - Processing file /home/airflow-vm/data-engineer-batch-processing-financial-services/.venv/lib/python3.10/site-packages/airflow/example_dags/example_subdag_operator.py for tasks to queue
[2024-09-03T11:03:12.718+0000] {logging_mixin.py:149} INFO - [2024-09-03T11:03:12.717+0000] {dagbag.py:541} INFO - Filling up the DagBag from /home/airflow-vm/data-engineer-batch-processing-financial-services/.venv/lib/python3.10/site-packages/airflow/example_dags/example_subdag_operator.py
[2024-09-03T11:03:12.736+0000] {processor.py:836} INFO - DAG(s) dict_keys(['example_subdag_operator.section-1', 'example_subdag_operator.section-2', 'example_subdag_operator']) retrieved from /home/airflow-vm/data-engineer-batch-processing-financial-services/.venv/lib/python3.10/site-packages/airflow/example_dags/example_subdag_operator.py
[2024-09-03T11:03:12.754+0000] {logging_mixin.py:149} INFO - [2024-09-03T11:03:12.754+0000] {dag.py:2726} INFO - Sync 3 DAGs
[2024-09-03T11:03:12.774+0000] {logging_mixin.py:149} INFO - [2024-09-03T11:03:12.774+0000] {dag.py:3486} INFO - Setting next_dagrun for example_subdag_operator to 2021-12-31T17:00:00+00:00, run_after=2021-12-31T17:00:00+00:00
[2024-09-03T11:03:12.777+0000] {logging_mixin.py:149} INFO - [2024-09-03T11:03:12.777+0000] {dag.py:3486} INFO - Setting next_dagrun for example_subdag_operator.section-1 to None, run_after=None
[2024-09-03T11:03:12.778+0000] {logging_mixin.py:149} INFO - [2024-09-03T11:03:12.778+0000] {dag.py:3486} INFO - Setting next_dagrun for example_subdag_operator.section-2 to None, run_after=None
[2024-09-03T11:03:12.784+0000] {logging_mixin.py:149} INFO - [2024-09-03T11:03:12.784+0000] {dag.py:2726} INFO - Sync 2 DAGs
[2024-09-03T11:03:12.788+0000] {logging_mixin.py:149} INFO - [2024-09-03T11:03:12.788+0000] {dag.py:3486} INFO - Setting next_dagrun for example_subdag_operator.section-1 to None, run_after=None
[2024-09-03T11:03:12.788+0000] {logging_mixin.py:149} INFO - [2024-09-03T11:03:12.788+0000] {dag.py:3486} INFO - Setting next_dagrun for example_subdag_operator.section-2 to None, run_after=None
[2024-09-03T11:03:12.811+0000] {processor.py:179} INFO - Processing /home/airflow-vm/data-engineer-batch-processing-financial-services/.venv/lib/python3.10/site-packages/airflow/example_dags/example_subdag_operator.py took 0.097 seconds
[2024-09-03T11:05:50.098+0000] {processor.py:157} INFO - Started process (PID=6653) to work on /home/airflow-vm/data-engineer-batch-processing-financial-services/.venv/lib/python3.10/site-packages/airflow/example_dags/example_subdag_operator.py
[2024-09-03T11:05:50.099+0000] {processor.py:826} INFO - Processing file /home/airflow-vm/data-engineer-batch-processing-financial-services/.venv/lib/python3.10/site-packages/airflow/example_dags/example_subdag_operator.py for tasks to queue
[2024-09-03T11:05:50.100+0000] {logging_mixin.py:149} INFO - [2024-09-03T11:05:50.099+0000] {dagbag.py:541} INFO - Filling up the DagBag from /home/airflow-vm/data-engineer-batch-processing-financial-services/.venv/lib/python3.10/site-packages/airflow/example_dags/example_subdag_operator.py
[2024-09-03T11:05:50.117+0000] {processor.py:836} INFO - DAG(s) dict_keys(['example_subdag_operator.section-1', 'example_subdag_operator.section-2', 'example_subdag_operator']) retrieved from /home/airflow-vm/data-engineer-batch-processing-financial-services/.venv/lib/python3.10/site-packages/airflow/example_dags/example_subdag_operator.py
[2024-09-03T11:05:50.135+0000] {logging_mixin.py:149} INFO - [2024-09-03T11:05:50.135+0000] {dag.py:2726} INFO - Sync 3 DAGs
[2024-09-03T11:05:50.153+0000] {logging_mixin.py:149} INFO - [2024-09-03T11:05:50.153+0000] {dag.py:3486} INFO - Setting next_dagrun for example_subdag_operator to 2021-12-31T17:00:00+00:00, run_after=2021-12-31T17:00:00+00:00
[2024-09-03T11:05:50.156+0000] {logging_mixin.py:149} INFO - [2024-09-03T11:05:50.156+0000] {dag.py:3486} INFO - Setting next_dagrun for example_subdag_operator.section-1 to None, run_after=None
[2024-09-03T11:05:50.157+0000] {logging_mixin.py:149} INFO - [2024-09-03T11:05:50.157+0000] {dag.py:3486} INFO - Setting next_dagrun for example_subdag_operator.section-2 to None, run_after=None
[2024-09-03T11:05:50.162+0000] {logging_mixin.py:149} INFO - [2024-09-03T11:05:50.162+0000] {dag.py:2726} INFO - Sync 2 DAGs
[2024-09-03T11:05:50.166+0000] {logging_mixin.py:149} INFO - [2024-09-03T11:05:50.166+0000] {dag.py:3486} INFO - Setting next_dagrun for example_subdag_operator.section-1 to None, run_after=None
[2024-09-03T11:05:50.167+0000] {logging_mixin.py:149} INFO - [2024-09-03T11:05:50.167+0000] {dag.py:3486} INFO - Setting next_dagrun for example_subdag_operator.section-2 to None, run_after=None
[2024-09-03T11:05:50.189+0000] {processor.py:179} INFO - Processing /home/airflow-vm/data-engineer-batch-processing-financial-services/.venv/lib/python3.10/site-packages/airflow/example_dags/example_subdag_operator.py took 0.093 seconds
[2024-09-03T11:08:14.074+0000] {processor.py:157} INFO - Started process (PID=7670) to work on /home/airflow-vm/data-engineer-batch-processing-financial-services/.venv/lib/python3.10/site-packages/airflow/example_dags/example_subdag_operator.py
[2024-09-03T11:08:14.075+0000] {processor.py:826} INFO - Processing file /home/airflow-vm/data-engineer-batch-processing-financial-services/.venv/lib/python3.10/site-packages/airflow/example_dags/example_subdag_operator.py for tasks to queue
[2024-09-03T11:08:14.076+0000] {logging_mixin.py:149} INFO - [2024-09-03T11:08:14.076+0000] {dagbag.py:541} INFO - Filling up the DagBag from /home/airflow-vm/data-engineer-batch-processing-financial-services/.venv/lib/python3.10/site-packages/airflow/example_dags/example_subdag_operator.py
[2024-09-03T11:08:14.094+0000] {processor.py:836} INFO - DAG(s) dict_keys(['example_subdag_operator.section-1', 'example_subdag_operator.section-2', 'example_subdag_operator']) retrieved from /home/airflow-vm/data-engineer-batch-processing-financial-services/.venv/lib/python3.10/site-packages/airflow/example_dags/example_subdag_operator.py
[2024-09-03T11:08:14.112+0000] {logging_mixin.py:149} INFO - [2024-09-03T11:08:14.111+0000] {dag.py:2726} INFO - Sync 3 DAGs
[2024-09-03T11:08:14.131+0000] {logging_mixin.py:149} INFO - [2024-09-03T11:08:14.130+0000] {dag.py:3486} INFO - Setting next_dagrun for example_subdag_operator to 2021-12-31T17:00:00+00:00, run_after=2021-12-31T17:00:00+00:00
[2024-09-03T11:08:14.133+0000] {logging_mixin.py:149} INFO - [2024-09-03T11:08:14.133+0000] {dag.py:3486} INFO - Setting next_dagrun for example_subdag_operator.section-1 to None, run_after=None
[2024-09-03T11:08:14.134+0000] {logging_mixin.py:149} INFO - [2024-09-03T11:08:14.134+0000] {dag.py:3486} INFO - Setting next_dagrun for example_subdag_operator.section-2 to None, run_after=None
[2024-09-03T11:08:14.139+0000] {logging_mixin.py:149} INFO - [2024-09-03T11:08:14.139+0000] {dag.py:2726} INFO - Sync 2 DAGs
[2024-09-03T11:08:14.143+0000] {logging_mixin.py:149} INFO - [2024-09-03T11:08:14.143+0000] {dag.py:3486} INFO - Setting next_dagrun for example_subdag_operator.section-1 to None, run_after=None
[2024-09-03T11:08:14.143+0000] {logging_mixin.py:149} INFO - [2024-09-03T11:08:14.143+0000] {dag.py:3486} INFO - Setting next_dagrun for example_subdag_operator.section-2 to None, run_after=None
[2024-09-03T11:08:14.170+0000] {processor.py:179} INFO - Processing /home/airflow-vm/data-engineer-batch-processing-financial-services/.venv/lib/python3.10/site-packages/airflow/example_dags/example_subdag_operator.py took 0.098 seconds
[2024-09-03T11:12:23.801+0000] {processor.py:157} INFO - Started process (PID=9393) to work on /home/airflow-vm/data-engineer-batch-processing-financial-services/.venv/lib/python3.10/site-packages/airflow/example_dags/example_subdag_operator.py
[2024-09-03T11:12:23.802+0000] {processor.py:826} INFO - Processing file /home/airflow-vm/data-engineer-batch-processing-financial-services/.venv/lib/python3.10/site-packages/airflow/example_dags/example_subdag_operator.py for tasks to queue
[2024-09-03T11:12:23.802+0000] {logging_mixin.py:149} INFO - [2024-09-03T11:12:23.802+0000] {dagbag.py:541} INFO - Filling up the DagBag from /home/airflow-vm/data-engineer-batch-processing-financial-services/.venv/lib/python3.10/site-packages/airflow/example_dags/example_subdag_operator.py
[2024-09-03T11:12:23.822+0000] {processor.py:836} INFO - DAG(s) dict_keys(['example_subdag_operator.section-1', 'example_subdag_operator.section-2', 'example_subdag_operator']) retrieved from /home/airflow-vm/data-engineer-batch-processing-financial-services/.venv/lib/python3.10/site-packages/airflow/example_dags/example_subdag_operator.py
[2024-09-03T11:12:23.840+0000] {logging_mixin.py:149} INFO - [2024-09-03T11:12:23.840+0000] {dag.py:2726} INFO - Sync 3 DAGs
[2024-09-03T11:12:23.861+0000] {logging_mixin.py:149} INFO - [2024-09-03T11:12:23.861+0000] {dag.py:3486} INFO - Setting next_dagrun for example_subdag_operator to 2021-12-31T17:00:00+00:00, run_after=2021-12-31T17:00:00+00:00
[2024-09-03T11:12:23.865+0000] {logging_mixin.py:149} INFO - [2024-09-03T11:12:23.865+0000] {dag.py:3486} INFO - Setting next_dagrun for example_subdag_operator.section-1 to None, run_after=None
[2024-09-03T11:12:23.866+0000] {logging_mixin.py:149} INFO - [2024-09-03T11:12:23.866+0000] {dag.py:3486} INFO - Setting next_dagrun for example_subdag_operator.section-2 to None, run_after=None
[2024-09-03T11:12:23.874+0000] {logging_mixin.py:149} INFO - [2024-09-03T11:12:23.874+0000] {dag.py:2726} INFO - Sync 2 DAGs
[2024-09-03T11:12:23.879+0000] {logging_mixin.py:149} INFO - [2024-09-03T11:12:23.879+0000] {dag.py:3486} INFO - Setting next_dagrun for example_subdag_operator.section-1 to None, run_after=None
[2024-09-03T11:12:23.879+0000] {logging_mixin.py:149} INFO - [2024-09-03T11:12:23.879+0000] {dag.py:3486} INFO - Setting next_dagrun for example_subdag_operator.section-2 to None, run_after=None
[2024-09-03T11:12:23.909+0000] {processor.py:179} INFO - Processing /home/airflow-vm/data-engineer-batch-processing-financial-services/.venv/lib/python3.10/site-packages/airflow/example_dags/example_subdag_operator.py took 0.111 seconds
[2024-09-03T11:16:35.392+0000] {processor.py:157} INFO - Started process (PID=11565) to work on /home/airflow-vm/data-engineer-batch-processing-financial-services/.venv/lib/python3.10/site-packages/airflow/example_dags/example_subdag_operator.py
[2024-09-03T11:16:35.393+0000] {processor.py:826} INFO - Processing file /home/airflow-vm/data-engineer-batch-processing-financial-services/.venv/lib/python3.10/site-packages/airflow/example_dags/example_subdag_operator.py for tasks to queue
[2024-09-03T11:16:35.394+0000] {logging_mixin.py:149} INFO - [2024-09-03T11:16:35.394+0000] {dagbag.py:541} INFO - Filling up the DagBag from /home/airflow-vm/data-engineer-batch-processing-financial-services/.venv/lib/python3.10/site-packages/airflow/example_dags/example_subdag_operator.py
[2024-09-03T11:16:35.413+0000] {processor.py:836} INFO - DAG(s) dict_keys(['example_subdag_operator.section-1', 'example_subdag_operator.section-2', 'example_subdag_operator']) retrieved from /home/airflow-vm/data-engineer-batch-processing-financial-services/.venv/lib/python3.10/site-packages/airflow/example_dags/example_subdag_operator.py
[2024-09-03T11:16:35.431+0000] {logging_mixin.py:149} INFO - [2024-09-03T11:16:35.431+0000] {dag.py:2726} INFO - Sync 3 DAGs
[2024-09-03T11:16:35.449+0000] {logging_mixin.py:149} INFO - [2024-09-03T11:16:35.449+0000] {dag.py:3486} INFO - Setting next_dagrun for example_subdag_operator to 2021-12-31T17:00:00+00:00, run_after=2021-12-31T17:00:00+00:00
[2024-09-03T11:16:35.452+0000] {logging_mixin.py:149} INFO - [2024-09-03T11:16:35.452+0000] {dag.py:3486} INFO - Setting next_dagrun for example_subdag_operator.section-1 to None, run_after=None
[2024-09-03T11:16:35.453+0000] {logging_mixin.py:149} INFO - [2024-09-03T11:16:35.453+0000] {dag.py:3486} INFO - Setting next_dagrun for example_subdag_operator.section-2 to None, run_after=None
[2024-09-03T11:16:35.459+0000] {logging_mixin.py:149} INFO - [2024-09-03T11:16:35.458+0000] {dag.py:2726} INFO - Sync 2 DAGs
[2024-09-03T11:16:35.463+0000] {logging_mixin.py:149} INFO - [2024-09-03T11:16:35.463+0000] {dag.py:3486} INFO - Setting next_dagrun for example_subdag_operator.section-1 to None, run_after=None
[2024-09-03T11:16:35.464+0000] {logging_mixin.py:149} INFO - [2024-09-03T11:16:35.464+0000] {dag.py:3486} INFO - Setting next_dagrun for example_subdag_operator.section-2 to None, run_after=None
[2024-09-03T11:16:35.487+0000] {processor.py:179} INFO - Processing /home/airflow-vm/data-engineer-batch-processing-financial-services/.venv/lib/python3.10/site-packages/airflow/example_dags/example_subdag_operator.py took 0.097 seconds
[2024-09-03T11:22:06.869+0000] {processor.py:157} INFO - Started process (PID=14290) to work on /home/airflow-vm/data-engineer-batch-processing-financial-services/.venv/lib/python3.10/site-packages/airflow/example_dags/example_subdag_operator.py
[2024-09-03T11:22:06.870+0000] {processor.py:826} INFO - Processing file /home/airflow-vm/data-engineer-batch-processing-financial-services/.venv/lib/python3.10/site-packages/airflow/example_dags/example_subdag_operator.py for tasks to queue
[2024-09-03T11:22:06.871+0000] {logging_mixin.py:149} INFO - [2024-09-03T11:22:06.871+0000] {dagbag.py:541} INFO - Filling up the DagBag from /home/airflow-vm/data-engineer-batch-processing-financial-services/.venv/lib/python3.10/site-packages/airflow/example_dags/example_subdag_operator.py
[2024-09-03T11:22:06.892+0000] {processor.py:836} INFO - DAG(s) dict_keys(['example_subdag_operator.section-1', 'example_subdag_operator.section-2', 'example_subdag_operator']) retrieved from /home/airflow-vm/data-engineer-batch-processing-financial-services/.venv/lib/python3.10/site-packages/airflow/example_dags/example_subdag_operator.py
[2024-09-03T11:22:06.910+0000] {logging_mixin.py:149} INFO - [2024-09-03T11:22:06.910+0000] {dag.py:2726} INFO - Sync 3 DAGs
[2024-09-03T11:22:06.929+0000] {logging_mixin.py:149} INFO - [2024-09-03T11:22:06.929+0000] {dag.py:3486} INFO - Setting next_dagrun for example_subdag_operator to 2021-12-31T17:00:00+00:00, run_after=2021-12-31T17:00:00+00:00
[2024-09-03T11:22:06.932+0000] {logging_mixin.py:149} INFO - [2024-09-03T11:22:06.931+0000] {dag.py:3486} INFO - Setting next_dagrun for example_subdag_operator.section-1 to None, run_after=None
[2024-09-03T11:22:06.932+0000] {logging_mixin.py:149} INFO - [2024-09-03T11:22:06.932+0000] {dag.py:3486} INFO - Setting next_dagrun for example_subdag_operator.section-2 to None, run_after=None
[2024-09-03T11:22:06.938+0000] {logging_mixin.py:149} INFO - [2024-09-03T11:22:06.937+0000] {dag.py:2726} INFO - Sync 2 DAGs
[2024-09-03T11:22:06.941+0000] {logging_mixin.py:149} INFO - [2024-09-03T11:22:06.941+0000] {dag.py:3486} INFO - Setting next_dagrun for example_subdag_operator.section-1 to None, run_after=None
[2024-09-03T11:22:06.942+0000] {logging_mixin.py:149} INFO - [2024-09-03T11:22:06.942+0000] {dag.py:3486} INFO - Setting next_dagrun for example_subdag_operator.section-2 to None, run_after=None
[2024-09-03T11:22:06.965+0000] {processor.py:179} INFO - Processing /home/airflow-vm/data-engineer-batch-processing-financial-services/.venv/lib/python3.10/site-packages/airflow/example_dags/example_subdag_operator.py took 0.099 seconds
[2024-09-03T11:27:42.847+0000] {processor.py:157} INFO - Started process (PID=16765) to work on /home/airflow-vm/data-engineer-batch-processing-financial-services/.venv/lib/python3.10/site-packages/airflow/example_dags/example_subdag_operator.py
[2024-09-03T11:27:42.848+0000] {processor.py:826} INFO - Processing file /home/airflow-vm/data-engineer-batch-processing-financial-services/.venv/lib/python3.10/site-packages/airflow/example_dags/example_subdag_operator.py for tasks to queue
[2024-09-03T11:27:42.849+0000] {logging_mixin.py:149} INFO - [2024-09-03T11:27:42.848+0000] {dagbag.py:541} INFO - Filling up the DagBag from /home/airflow-vm/data-engineer-batch-processing-financial-services/.venv/lib/python3.10/site-packages/airflow/example_dags/example_subdag_operator.py
[2024-09-03T11:27:42.871+0000] {processor.py:836} INFO - DAG(s) dict_keys(['example_subdag_operator.section-1', 'example_subdag_operator.section-2', 'example_subdag_operator']) retrieved from /home/airflow-vm/data-engineer-batch-processing-financial-services/.venv/lib/python3.10/site-packages/airflow/example_dags/example_subdag_operator.py
[2024-09-03T11:27:42.890+0000] {logging_mixin.py:149} INFO - [2024-09-03T11:27:42.890+0000] {dag.py:2726} INFO - Sync 3 DAGs
[2024-09-03T11:27:42.909+0000] {logging_mixin.py:149} INFO - [2024-09-03T11:27:42.909+0000] {dag.py:3486} INFO - Setting next_dagrun for example_subdag_operator to 2021-12-31T17:00:00+00:00, run_after=2021-12-31T17:00:00+00:00
[2024-09-03T11:27:42.912+0000] {logging_mixin.py:149} INFO - [2024-09-03T11:27:42.912+0000] {dag.py:3486} INFO - Setting next_dagrun for example_subdag_operator.section-1 to None, run_after=None
[2024-09-03T11:27:42.913+0000] {logging_mixin.py:149} INFO - [2024-09-03T11:27:42.913+0000] {dag.py:3486} INFO - Setting next_dagrun for example_subdag_operator.section-2 to None, run_after=None
[2024-09-03T11:27:42.920+0000] {logging_mixin.py:149} INFO - [2024-09-03T11:27:42.919+0000] {dag.py:2726} INFO - Sync 2 DAGs
[2024-09-03T11:27:42.923+0000] {logging_mixin.py:149} INFO - [2024-09-03T11:27:42.923+0000] {dag.py:3486} INFO - Setting next_dagrun for example_subdag_operator.section-1 to None, run_after=None
[2024-09-03T11:27:42.924+0000] {logging_mixin.py:149} INFO - [2024-09-03T11:27:42.924+0000] {dag.py:3486} INFO - Setting next_dagrun for example_subdag_operator.section-2 to None, run_after=None
[2024-09-03T11:27:42.945+0000] {processor.py:179} INFO - Processing /home/airflow-vm/data-engineer-batch-processing-financial-services/.venv/lib/python3.10/site-packages/airflow/example_dags/example_subdag_operator.py took 0.101 seconds
[2024-09-03T11:35:59.480+0000] {processor.py:157} INFO - Started process (PID=21805) to work on /home/airflow-vm/data-engineer-batch-processing-financial-services/.venv/lib/python3.10/site-packages/airflow/example_dags/example_subdag_operator.py
[2024-09-03T11:35:59.481+0000] {processor.py:826} INFO - Processing file /home/airflow-vm/data-engineer-batch-processing-financial-services/.venv/lib/python3.10/site-packages/airflow/example_dags/example_subdag_operator.py for tasks to queue
[2024-09-03T11:35:59.482+0000] {logging_mixin.py:149} INFO - [2024-09-03T11:35:59.482+0000] {dagbag.py:541} INFO - Filling up the DagBag from /home/airflow-vm/data-engineer-batch-processing-financial-services/.venv/lib/python3.10/site-packages/airflow/example_dags/example_subdag_operator.py
[2024-09-03T11:35:59.503+0000] {processor.py:836} INFO - DAG(s) dict_keys(['example_subdag_operator.section-1', 'example_subdag_operator.section-2', 'example_subdag_operator']) retrieved from /home/airflow-vm/data-engineer-batch-processing-financial-services/.venv/lib/python3.10/site-packages/airflow/example_dags/example_subdag_operator.py
[2024-09-03T11:35:59.522+0000] {logging_mixin.py:149} INFO - [2024-09-03T11:35:59.522+0000] {dag.py:2726} INFO - Sync 3 DAGs
[2024-09-03T11:35:59.544+0000] {logging_mixin.py:149} INFO - [2024-09-03T11:35:59.544+0000] {dag.py:3486} INFO - Setting next_dagrun for example_subdag_operator to 2021-12-31T17:00:00+00:00, run_after=2021-12-31T17:00:00+00:00
[2024-09-03T11:35:59.547+0000] {logging_mixin.py:149} INFO - [2024-09-03T11:35:59.547+0000] {dag.py:3486} INFO - Setting next_dagrun for example_subdag_operator.section-1 to None, run_after=None
[2024-09-03T11:35:59.548+0000] {logging_mixin.py:149} INFO - [2024-09-03T11:35:59.548+0000] {dag.py:3486} INFO - Setting next_dagrun for example_subdag_operator.section-2 to None, run_after=None
[2024-09-03T11:35:59.555+0000] {logging_mixin.py:149} INFO - [2024-09-03T11:35:59.554+0000] {dag.py:2726} INFO - Sync 2 DAGs
[2024-09-03T11:35:59.560+0000] {logging_mixin.py:149} INFO - [2024-09-03T11:35:59.560+0000] {dag.py:3486} INFO - Setting next_dagrun for example_subdag_operator.section-1 to None, run_after=None
[2024-09-03T11:35:59.560+0000] {logging_mixin.py:149} INFO - [2024-09-03T11:35:59.560+0000] {dag.py:3486} INFO - Setting next_dagrun for example_subdag_operator.section-2 to None, run_after=None
[2024-09-03T11:35:59.584+0000] {processor.py:179} INFO - Processing /home/airflow-vm/data-engineer-batch-processing-financial-services/.venv/lib/python3.10/site-packages/airflow/example_dags/example_subdag_operator.py took 0.107 seconds
[2024-09-03T11:37:34.272+0000] {processor.py:157} INFO - Started process (PID=22652) to work on /home/airflow-vm/data-engineer-batch-processing-financial-services/.venv/lib/python3.10/site-packages/airflow/example_dags/example_subdag_operator.py
[2024-09-03T11:37:34.273+0000] {processor.py:826} INFO - Processing file /home/airflow-vm/data-engineer-batch-processing-financial-services/.venv/lib/python3.10/site-packages/airflow/example_dags/example_subdag_operator.py for tasks to queue
[2024-09-03T11:37:34.274+0000] {logging_mixin.py:149} INFO - [2024-09-03T11:37:34.274+0000] {dagbag.py:541} INFO - Filling up the DagBag from /home/airflow-vm/data-engineer-batch-processing-financial-services/.venv/lib/python3.10/site-packages/airflow/example_dags/example_subdag_operator.py
[2024-09-03T11:37:34.294+0000] {processor.py:836} INFO - DAG(s) dict_keys(['example_subdag_operator.section-1', 'example_subdag_operator.section-2', 'example_subdag_operator']) retrieved from /home/airflow-vm/data-engineer-batch-processing-financial-services/.venv/lib/python3.10/site-packages/airflow/example_dags/example_subdag_operator.py
[2024-09-03T11:37:34.313+0000] {logging_mixin.py:149} INFO - [2024-09-03T11:37:34.313+0000] {dag.py:2726} INFO - Sync 3 DAGs
[2024-09-03T11:37:34.333+0000] {logging_mixin.py:149} INFO - [2024-09-03T11:37:34.333+0000] {dag.py:3486} INFO - Setting next_dagrun for example_subdag_operator to 2021-12-31T17:00:00+00:00, run_after=2021-12-31T17:00:00+00:00
[2024-09-03T11:37:34.336+0000] {logging_mixin.py:149} INFO - [2024-09-03T11:37:34.336+0000] {dag.py:3486} INFO - Setting next_dagrun for example_subdag_operator.section-1 to None, run_after=None
[2024-09-03T11:37:34.337+0000] {logging_mixin.py:149} INFO - [2024-09-03T11:37:34.337+0000] {dag.py:3486} INFO - Setting next_dagrun for example_subdag_operator.section-2 to None, run_after=None
[2024-09-03T11:37:34.343+0000] {logging_mixin.py:149} INFO - [2024-09-03T11:37:34.343+0000] {dag.py:2726} INFO - Sync 2 DAGs
[2024-09-03T11:37:34.347+0000] {logging_mixin.py:149} INFO - [2024-09-03T11:37:34.347+0000] {dag.py:3486} INFO - Setting next_dagrun for example_subdag_operator.section-1 to None, run_after=None
[2024-09-03T11:37:34.348+0000] {logging_mixin.py:149} INFO - [2024-09-03T11:37:34.348+0000] {dag.py:3486} INFO - Setting next_dagrun for example_subdag_operator.section-2 to None, run_after=None
[2024-09-03T11:37:34.372+0000] {processor.py:179} INFO - Processing /home/airflow-vm/data-engineer-batch-processing-financial-services/.venv/lib/python3.10/site-packages/airflow/example_dags/example_subdag_operator.py took 0.103 seconds
[2024-09-03T11:38:23.640+0000] {processor.py:157} INFO - Started process (PID=22894) to work on /home/airflow-vm/data-engineer-batch-processing-financial-services/.venv/lib/python3.10/site-packages/airflow/example_dags/example_subdag_operator.py
[2024-09-03T11:38:23.641+0000] {processor.py:826} INFO - Processing file /home/airflow-vm/data-engineer-batch-processing-financial-services/.venv/lib/python3.10/site-packages/airflow/example_dags/example_subdag_operator.py for tasks to queue
[2024-09-03T11:38:23.641+0000] {logging_mixin.py:149} INFO - [2024-09-03T11:38:23.641+0000] {dagbag.py:541} INFO - Filling up the DagBag from /home/airflow-vm/data-engineer-batch-processing-financial-services/.venv/lib/python3.10/site-packages/airflow/example_dags/example_subdag_operator.py
[2024-09-03T11:38:23.664+0000] {processor.py:836} INFO - DAG(s) dict_keys(['example_subdag_operator.section-1', 'example_subdag_operator.section-2', 'example_subdag_operator']) retrieved from /home/airflow-vm/data-engineer-batch-processing-financial-services/.venv/lib/python3.10/site-packages/airflow/example_dags/example_subdag_operator.py
[2024-09-03T11:38:23.684+0000] {logging_mixin.py:149} INFO - [2024-09-03T11:38:23.684+0000] {dag.py:2726} INFO - Sync 3 DAGs
[2024-09-03T11:38:23.705+0000] {logging_mixin.py:149} INFO - [2024-09-03T11:38:23.705+0000] {dag.py:3486} INFO - Setting next_dagrun for example_subdag_operator to 2021-12-31T17:00:00+00:00, run_after=2021-12-31T17:00:00+00:00
[2024-09-03T11:38:23.709+0000] {logging_mixin.py:149} INFO - [2024-09-03T11:38:23.708+0000] {dag.py:3486} INFO - Setting next_dagrun for example_subdag_operator.section-1 to None, run_after=None
[2024-09-03T11:38:23.710+0000] {logging_mixin.py:149} INFO - [2024-09-03T11:38:23.709+0000] {dag.py:3486} INFO - Setting next_dagrun for example_subdag_operator.section-2 to None, run_after=None
[2024-09-03T11:38:23.715+0000] {logging_mixin.py:149} INFO - [2024-09-03T11:38:23.715+0000] {dag.py:2726} INFO - Sync 2 DAGs
[2024-09-03T11:38:23.720+0000] {logging_mixin.py:149} INFO - [2024-09-03T11:38:23.720+0000] {dag.py:3486} INFO - Setting next_dagrun for example_subdag_operator.section-1 to None, run_after=None
[2024-09-03T11:38:23.720+0000] {logging_mixin.py:149} INFO - [2024-09-03T11:38:23.720+0000] {dag.py:3486} INFO - Setting next_dagrun for example_subdag_operator.section-2 to None, run_after=None
[2024-09-03T11:38:23.743+0000] {processor.py:179} INFO - Processing /home/airflow-vm/data-engineer-batch-processing-financial-services/.venv/lib/python3.10/site-packages/airflow/example_dags/example_subdag_operator.py took 0.106 seconds
[2024-09-03T11:39:14.191+0000] {processor.py:157} INFO - Started process (PID=23137) to work on /home/airflow-vm/data-engineer-batch-processing-financial-services/.venv/lib/python3.10/site-packages/airflow/example_dags/example_subdag_operator.py
[2024-09-03T11:39:14.192+0000] {processor.py:826} INFO - Processing file /home/airflow-vm/data-engineer-batch-processing-financial-services/.venv/lib/python3.10/site-packages/airflow/example_dags/example_subdag_operator.py for tasks to queue
[2024-09-03T11:39:14.193+0000] {logging_mixin.py:149} INFO - [2024-09-03T11:39:14.193+0000] {dagbag.py:541} INFO - Filling up the DagBag from /home/airflow-vm/data-engineer-batch-processing-financial-services/.venv/lib/python3.10/site-packages/airflow/example_dags/example_subdag_operator.py
[2024-09-03T11:39:14.213+0000] {processor.py:836} INFO - DAG(s) dict_keys(['example_subdag_operator.section-1', 'example_subdag_operator.section-2', 'example_subdag_operator']) retrieved from /home/airflow-vm/data-engineer-batch-processing-financial-services/.venv/lib/python3.10/site-packages/airflow/example_dags/example_subdag_operator.py
[2024-09-03T11:39:14.233+0000] {logging_mixin.py:149} INFO - [2024-09-03T11:39:14.232+0000] {dag.py:2726} INFO - Sync 3 DAGs
[2024-09-03T11:39:14.253+0000] {logging_mixin.py:149} INFO - [2024-09-03T11:39:14.253+0000] {dag.py:3486} INFO - Setting next_dagrun for example_subdag_operator to 2021-12-31T17:00:00+00:00, run_after=2021-12-31T17:00:00+00:00
[2024-09-03T11:39:14.257+0000] {logging_mixin.py:149} INFO - [2024-09-03T11:39:14.257+0000] {dag.py:3486} INFO - Setting next_dagrun for example_subdag_operator.section-1 to None, run_after=None
[2024-09-03T11:39:14.258+0000] {logging_mixin.py:149} INFO - [2024-09-03T11:39:14.258+0000] {dag.py:3486} INFO - Setting next_dagrun for example_subdag_operator.section-2 to None, run_after=None
[2024-09-03T11:39:14.264+0000] {logging_mixin.py:149} INFO - [2024-09-03T11:39:14.264+0000] {dag.py:2726} INFO - Sync 2 DAGs
[2024-09-03T11:39:14.269+0000] {logging_mixin.py:149} INFO - [2024-09-03T11:39:14.269+0000] {dag.py:3486} INFO - Setting next_dagrun for example_subdag_operator.section-1 to None, run_after=None
[2024-09-03T11:39:14.269+0000] {logging_mixin.py:149} INFO - [2024-09-03T11:39:14.269+0000] {dag.py:3486} INFO - Setting next_dagrun for example_subdag_operator.section-2 to None, run_after=None
[2024-09-03T11:39:14.292+0000] {processor.py:179} INFO - Processing /home/airflow-vm/data-engineer-batch-processing-financial-services/.venv/lib/python3.10/site-packages/airflow/example_dags/example_subdag_operator.py took 0.104 seconds
[2024-09-03T11:40:00.413+0000] {processor.py:157} INFO - Started process (PID=23314) to work on /home/airflow-vm/data-engineer-batch-processing-financial-services/.venv/lib/python3.10/site-packages/airflow/example_dags/example_subdag_operator.py
[2024-09-03T11:40:00.414+0000] {processor.py:826} INFO - Processing file /home/airflow-vm/data-engineer-batch-processing-financial-services/.venv/lib/python3.10/site-packages/airflow/example_dags/example_subdag_operator.py for tasks to queue
[2024-09-03T11:40:00.415+0000] {logging_mixin.py:149} INFO - [2024-09-03T11:40:00.414+0000] {dagbag.py:541} INFO - Filling up the DagBag from /home/airflow-vm/data-engineer-batch-processing-financial-services/.venv/lib/python3.10/site-packages/airflow/example_dags/example_subdag_operator.py
[2024-09-03T11:40:00.433+0000] {processor.py:836} INFO - DAG(s) dict_keys(['example_subdag_operator.section-1', 'example_subdag_operator.section-2', 'example_subdag_operator']) retrieved from /home/airflow-vm/data-engineer-batch-processing-financial-services/.venv/lib/python3.10/site-packages/airflow/example_dags/example_subdag_operator.py
[2024-09-03T11:40:00.451+0000] {logging_mixin.py:149} INFO - [2024-09-03T11:40:00.451+0000] {dag.py:2726} INFO - Sync 3 DAGs
[2024-09-03T11:40:00.470+0000] {logging_mixin.py:149} INFO - [2024-09-03T11:40:00.470+0000] {dag.py:3486} INFO - Setting next_dagrun for example_subdag_operator to 2021-12-31T17:00:00+00:00, run_after=2021-12-31T17:00:00+00:00
[2024-09-03T11:40:00.473+0000] {logging_mixin.py:149} INFO - [2024-09-03T11:40:00.473+0000] {dag.py:3486} INFO - Setting next_dagrun for example_subdag_operator.section-1 to None, run_after=None
[2024-09-03T11:40:00.474+0000] {logging_mixin.py:149} INFO - [2024-09-03T11:40:00.474+0000] {dag.py:3486} INFO - Setting next_dagrun for example_subdag_operator.section-2 to None, run_after=None
[2024-09-03T11:40:00.480+0000] {logging_mixin.py:149} INFO - [2024-09-03T11:40:00.479+0000] {dag.py:2726} INFO - Sync 2 DAGs
[2024-09-03T11:40:00.484+0000] {logging_mixin.py:149} INFO - [2024-09-03T11:40:00.483+0000] {dag.py:3486} INFO - Setting next_dagrun for example_subdag_operator.section-1 to None, run_after=None
[2024-09-03T11:40:00.484+0000] {logging_mixin.py:149} INFO - [2024-09-03T11:40:00.484+0000] {dag.py:3486} INFO - Setting next_dagrun for example_subdag_operator.section-2 to None, run_after=None
[2024-09-03T11:40:00.505+0000] {processor.py:179} INFO - Processing /home/airflow-vm/data-engineer-batch-processing-financial-services/.venv/lib/python3.10/site-packages/airflow/example_dags/example_subdag_operator.py took 0.094 seconds
[2024-09-03T11:45:12.553+0000] {processor.py:157} INFO - Started process (PID=26668) to work on /home/airflow-vm/data-engineer-batch-processing-financial-services/.venv/lib/python3.10/site-packages/airflow/example_dags/example_subdag_operator.py
[2024-09-03T11:45:12.554+0000] {processor.py:826} INFO - Processing file /home/airflow-vm/data-engineer-batch-processing-financial-services/.venv/lib/python3.10/site-packages/airflow/example_dags/example_subdag_operator.py for tasks to queue
[2024-09-03T11:45:12.554+0000] {logging_mixin.py:149} INFO - [2024-09-03T11:45:12.554+0000] {dagbag.py:541} INFO - Filling up the DagBag from /home/airflow-vm/data-engineer-batch-processing-financial-services/.venv/lib/python3.10/site-packages/airflow/example_dags/example_subdag_operator.py
[2024-09-03T11:45:12.574+0000] {processor.py:836} INFO - DAG(s) dict_keys(['example_subdag_operator.section-1', 'example_subdag_operator.section-2', 'example_subdag_operator']) retrieved from /home/airflow-vm/data-engineer-batch-processing-financial-services/.venv/lib/python3.10/site-packages/airflow/example_dags/example_subdag_operator.py
[2024-09-03T11:45:12.592+0000] {logging_mixin.py:149} INFO - [2024-09-03T11:45:12.592+0000] {dag.py:2726} INFO - Sync 3 DAGs
[2024-09-03T11:45:12.613+0000] {logging_mixin.py:149} INFO - [2024-09-03T11:45:12.613+0000] {dag.py:3486} INFO - Setting next_dagrun for example_subdag_operator to 2021-12-31T17:00:00+00:00, run_after=2021-12-31T17:00:00+00:00
[2024-09-03T11:45:12.616+0000] {logging_mixin.py:149} INFO - [2024-09-03T11:45:12.616+0000] {dag.py:3486} INFO - Setting next_dagrun for example_subdag_operator.section-1 to None, run_after=None
[2024-09-03T11:45:12.617+0000] {logging_mixin.py:149} INFO - [2024-09-03T11:45:12.617+0000] {dag.py:3486} INFO - Setting next_dagrun for example_subdag_operator.section-2 to None, run_after=None
[2024-09-03T11:45:12.622+0000] {logging_mixin.py:149} INFO - [2024-09-03T11:45:12.622+0000] {dag.py:2726} INFO - Sync 2 DAGs
[2024-09-03T11:45:12.626+0000] {logging_mixin.py:149} INFO - [2024-09-03T11:45:12.626+0000] {dag.py:3486} INFO - Setting next_dagrun for example_subdag_operator.section-1 to None, run_after=None
[2024-09-03T11:45:12.626+0000] {logging_mixin.py:149} INFO - [2024-09-03T11:45:12.626+0000] {dag.py:3486} INFO - Setting next_dagrun for example_subdag_operator.section-2 to None, run_after=None
[2024-09-03T11:45:12.647+0000] {processor.py:179} INFO - Processing /home/airflow-vm/data-engineer-batch-processing-financial-services/.venv/lib/python3.10/site-packages/airflow/example_dags/example_subdag_operator.py took 0.097 seconds
[2024-09-03T11:49:16.023+0000] {processor.py:157} INFO - Started process (PID=28883) to work on /home/airflow-vm/data-engineer-batch-processing-financial-services/.venv/lib/python3.10/site-packages/airflow/example_dags/example_subdag_operator.py
[2024-09-03T11:49:16.024+0000] {processor.py:826} INFO - Processing file /home/airflow-vm/data-engineer-batch-processing-financial-services/.venv/lib/python3.10/site-packages/airflow/example_dags/example_subdag_operator.py for tasks to queue
[2024-09-03T11:49:16.024+0000] {logging_mixin.py:149} INFO - [2024-09-03T11:49:16.024+0000] {dagbag.py:541} INFO - Filling up the DagBag from /home/airflow-vm/data-engineer-batch-processing-financial-services/.venv/lib/python3.10/site-packages/airflow/example_dags/example_subdag_operator.py
[2024-09-03T11:49:16.042+0000] {processor.py:836} INFO - DAG(s) dict_keys(['example_subdag_operator.section-1', 'example_subdag_operator.section-2', 'example_subdag_operator']) retrieved from /home/airflow-vm/data-engineer-batch-processing-financial-services/.venv/lib/python3.10/site-packages/airflow/example_dags/example_subdag_operator.py
[2024-09-03T11:49:16.059+0000] {logging_mixin.py:149} INFO - [2024-09-03T11:49:16.059+0000] {dag.py:2726} INFO - Sync 3 DAGs
[2024-09-03T11:49:16.078+0000] {logging_mixin.py:149} INFO - [2024-09-03T11:49:16.078+0000] {dag.py:3486} INFO - Setting next_dagrun for example_subdag_operator to 2021-12-31T17:00:00+00:00, run_after=2021-12-31T17:00:00+00:00
[2024-09-03T11:49:16.081+0000] {logging_mixin.py:149} INFO - [2024-09-03T11:49:16.081+0000] {dag.py:3486} INFO - Setting next_dagrun for example_subdag_operator.section-1 to None, run_after=None
[2024-09-03T11:49:16.082+0000] {logging_mixin.py:149} INFO - [2024-09-03T11:49:16.081+0000] {dag.py:3486} INFO - Setting next_dagrun for example_subdag_operator.section-2 to None, run_after=None
[2024-09-03T11:49:16.087+0000] {logging_mixin.py:149} INFO - [2024-09-03T11:49:16.087+0000] {dag.py:2726} INFO - Sync 2 DAGs
[2024-09-03T11:49:16.090+0000] {logging_mixin.py:149} INFO - [2024-09-03T11:49:16.090+0000] {dag.py:3486} INFO - Setting next_dagrun for example_subdag_operator.section-1 to None, run_after=None
[2024-09-03T11:49:16.091+0000] {logging_mixin.py:149} INFO - [2024-09-03T11:49:16.091+0000] {dag.py:3486} INFO - Setting next_dagrun for example_subdag_operator.section-2 to None, run_after=None
[2024-09-03T11:49:16.112+0000] {processor.py:179} INFO - Processing /home/airflow-vm/data-engineer-batch-processing-financial-services/.venv/lib/python3.10/site-packages/airflow/example_dags/example_subdag_operator.py took 0.091 seconds
[2024-09-03T11:50:35.727+0000] {processor.py:157} INFO - Started process (PID=29667) to work on /home/airflow-vm/data-engineer-batch-processing-financial-services/.venv/lib/python3.10/site-packages/airflow/example_dags/example_subdag_operator.py
[2024-09-03T11:50:35.728+0000] {processor.py:826} INFO - Processing file /home/airflow-vm/data-engineer-batch-processing-financial-services/.venv/lib/python3.10/site-packages/airflow/example_dags/example_subdag_operator.py for tasks to queue
[2024-09-03T11:50:35.728+0000] {logging_mixin.py:149} INFO - [2024-09-03T11:50:35.728+0000] {dagbag.py:541} INFO - Filling up the DagBag from /home/airflow-vm/data-engineer-batch-processing-financial-services/.venv/lib/python3.10/site-packages/airflow/example_dags/example_subdag_operator.py
[2024-09-03T11:50:35.746+0000] {processor.py:836} INFO - DAG(s) dict_keys(['example_subdag_operator.section-1', 'example_subdag_operator.section-2', 'example_subdag_operator']) retrieved from /home/airflow-vm/data-engineer-batch-processing-financial-services/.venv/lib/python3.10/site-packages/airflow/example_dags/example_subdag_operator.py
[2024-09-03T11:50:35.765+0000] {logging_mixin.py:149} INFO - [2024-09-03T11:50:35.765+0000] {dag.py:2726} INFO - Sync 3 DAGs
[2024-09-03T11:50:35.785+0000] {logging_mixin.py:149} INFO - [2024-09-03T11:50:35.785+0000] {dag.py:3486} INFO - Setting next_dagrun for example_subdag_operator to 2021-12-31T17:00:00+00:00, run_after=2021-12-31T17:00:00+00:00
[2024-09-03T11:50:35.788+0000] {logging_mixin.py:149} INFO - [2024-09-03T11:50:35.788+0000] {dag.py:3486} INFO - Setting next_dagrun for example_subdag_operator.section-1 to None, run_after=None
[2024-09-03T11:50:35.789+0000] {logging_mixin.py:149} INFO - [2024-09-03T11:50:35.789+0000] {dag.py:3486} INFO - Setting next_dagrun for example_subdag_operator.section-2 to None, run_after=None
[2024-09-03T11:50:35.794+0000] {logging_mixin.py:149} INFO - [2024-09-03T11:50:35.794+0000] {dag.py:2726} INFO - Sync 2 DAGs
[2024-09-03T11:50:35.798+0000] {logging_mixin.py:149} INFO - [2024-09-03T11:50:35.798+0000] {dag.py:3486} INFO - Setting next_dagrun for example_subdag_operator.section-1 to None, run_after=None
[2024-09-03T11:50:35.798+0000] {logging_mixin.py:149} INFO - [2024-09-03T11:50:35.798+0000] {dag.py:3486} INFO - Setting next_dagrun for example_subdag_operator.section-2 to None, run_after=None
[2024-09-03T11:50:35.820+0000] {processor.py:179} INFO - Processing /home/airflow-vm/data-engineer-batch-processing-financial-services/.venv/lib/python3.10/site-packages/airflow/example_dags/example_subdag_operator.py took 0.096 seconds
[2024-09-03T11:51:20.158+0000] {processor.py:157} INFO - Started process (PID=29715) to work on /home/airflow-vm/data-engineer-batch-processing-financial-services/.venv/lib/python3.10/site-packages/airflow/example_dags/example_subdag_operator.py
[2024-09-03T11:51:20.159+0000] {processor.py:826} INFO - Processing file /home/airflow-vm/data-engineer-batch-processing-financial-services/.venv/lib/python3.10/site-packages/airflow/example_dags/example_subdag_operator.py for tasks to queue
[2024-09-03T11:51:20.159+0000] {logging_mixin.py:149} INFO - [2024-09-03T11:51:20.159+0000] {dagbag.py:541} INFO - Filling up the DagBag from /home/airflow-vm/data-engineer-batch-processing-financial-services/.venv/lib/python3.10/site-packages/airflow/example_dags/example_subdag_operator.py
[2024-09-03T11:51:20.178+0000] {processor.py:836} INFO - DAG(s) dict_keys(['example_subdag_operator.section-1', 'example_subdag_operator.section-2', 'example_subdag_operator']) retrieved from /home/airflow-vm/data-engineer-batch-processing-financial-services/.venv/lib/python3.10/site-packages/airflow/example_dags/example_subdag_operator.py
[2024-09-03T11:51:20.195+0000] {logging_mixin.py:149} INFO - [2024-09-03T11:51:20.195+0000] {dag.py:2726} INFO - Sync 3 DAGs
[2024-09-03T11:51:20.214+0000] {logging_mixin.py:149} INFO - [2024-09-03T11:51:20.214+0000] {dag.py:3486} INFO - Setting next_dagrun for example_subdag_operator to 2021-12-31T17:00:00+00:00, run_after=2021-12-31T17:00:00+00:00
[2024-09-03T11:51:20.217+0000] {logging_mixin.py:149} INFO - [2024-09-03T11:51:20.217+0000] {dag.py:3486} INFO - Setting next_dagrun for example_subdag_operator.section-1 to None, run_after=None
[2024-09-03T11:51:20.218+0000] {logging_mixin.py:149} INFO - [2024-09-03T11:51:20.218+0000] {dag.py:3486} INFO - Setting next_dagrun for example_subdag_operator.section-2 to None, run_after=None
[2024-09-03T11:51:20.223+0000] {logging_mixin.py:149} INFO - [2024-09-03T11:51:20.223+0000] {dag.py:2726} INFO - Sync 2 DAGs
[2024-09-03T11:51:20.227+0000] {logging_mixin.py:149} INFO - [2024-09-03T11:51:20.227+0000] {dag.py:3486} INFO - Setting next_dagrun for example_subdag_operator.section-1 to None, run_after=None
[2024-09-03T11:51:20.227+0000] {logging_mixin.py:149} INFO - [2024-09-03T11:51:20.227+0000] {dag.py:3486} INFO - Setting next_dagrun for example_subdag_operator.section-2 to None, run_after=None
[2024-09-03T11:51:20.250+0000] {processor.py:179} INFO - Processing /home/airflow-vm/data-engineer-batch-processing-financial-services/.venv/lib/python3.10/site-packages/airflow/example_dags/example_subdag_operator.py took 0.095 seconds
[2024-09-03T11:52:04.544+0000] {processor.py:157} INFO - Started process (PID=29764) to work on /home/airflow-vm/data-engineer-batch-processing-financial-services/.venv/lib/python3.10/site-packages/airflow/example_dags/example_subdag_operator.py
[2024-09-03T11:52:04.545+0000] {processor.py:826} INFO - Processing file /home/airflow-vm/data-engineer-batch-processing-financial-services/.venv/lib/python3.10/site-packages/airflow/example_dags/example_subdag_operator.py for tasks to queue
[2024-09-03T11:52:04.545+0000] {logging_mixin.py:149} INFO - [2024-09-03T11:52:04.545+0000] {dagbag.py:541} INFO - Filling up the DagBag from /home/airflow-vm/data-engineer-batch-processing-financial-services/.venv/lib/python3.10/site-packages/airflow/example_dags/example_subdag_operator.py
[2024-09-03T11:52:04.564+0000] {processor.py:836} INFO - DAG(s) dict_keys(['example_subdag_operator.section-1', 'example_subdag_operator.section-2', 'example_subdag_operator']) retrieved from /home/airflow-vm/data-engineer-batch-processing-financial-services/.venv/lib/python3.10/site-packages/airflow/example_dags/example_subdag_operator.py
[2024-09-03T11:52:04.583+0000] {logging_mixin.py:149} INFO - [2024-09-03T11:52:04.582+0000] {dag.py:2726} INFO - Sync 3 DAGs
[2024-09-03T11:52:04.601+0000] {logging_mixin.py:149} INFO - [2024-09-03T11:52:04.601+0000] {dag.py:3486} INFO - Setting next_dagrun for example_subdag_operator to 2021-12-31T17:00:00+00:00, run_after=2021-12-31T17:00:00+00:00
[2024-09-03T11:52:04.604+0000] {logging_mixin.py:149} INFO - [2024-09-03T11:52:04.604+0000] {dag.py:3486} INFO - Setting next_dagrun for example_subdag_operator.section-1 to None, run_after=None
[2024-09-03T11:52:04.605+0000] {logging_mixin.py:149} INFO - [2024-09-03T11:52:04.605+0000] {dag.py:3486} INFO - Setting next_dagrun for example_subdag_operator.section-2 to None, run_after=None
[2024-09-03T11:52:04.610+0000] {logging_mixin.py:149} INFO - [2024-09-03T11:52:04.610+0000] {dag.py:2726} INFO - Sync 2 DAGs
[2024-09-03T11:52:04.614+0000] {logging_mixin.py:149} INFO - [2024-09-03T11:52:04.613+0000] {dag.py:3486} INFO - Setting next_dagrun for example_subdag_operator.section-1 to None, run_after=None
[2024-09-03T11:52:04.614+0000] {logging_mixin.py:149} INFO - [2024-09-03T11:52:04.614+0000] {dag.py:3486} INFO - Setting next_dagrun for example_subdag_operator.section-2 to None, run_after=None
[2024-09-03T11:52:04.635+0000] {processor.py:179} INFO - Processing /home/airflow-vm/data-engineer-batch-processing-financial-services/.venv/lib/python3.10/site-packages/airflow/example_dags/example_subdag_operator.py took 0.094 seconds
[2024-09-03T11:52:53.244+0000] {processor.py:157} INFO - Started process (PID=29814) to work on /home/airflow-vm/data-engineer-batch-processing-financial-services/.venv/lib/python3.10/site-packages/airflow/example_dags/example_subdag_operator.py
[2024-09-03T11:52:53.244+0000] {processor.py:826} INFO - Processing file /home/airflow-vm/data-engineer-batch-processing-financial-services/.venv/lib/python3.10/site-packages/airflow/example_dags/example_subdag_operator.py for tasks to queue
[2024-09-03T11:52:53.245+0000] {logging_mixin.py:149} INFO - [2024-09-03T11:52:53.245+0000] {dagbag.py:541} INFO - Filling up the DagBag from /home/airflow-vm/data-engineer-batch-processing-financial-services/.venv/lib/python3.10/site-packages/airflow/example_dags/example_subdag_operator.py
[2024-09-03T11:52:53.266+0000] {processor.py:836} INFO - DAG(s) dict_keys(['example_subdag_operator.section-1', 'example_subdag_operator.section-2', 'example_subdag_operator']) retrieved from /home/airflow-vm/data-engineer-batch-processing-financial-services/.venv/lib/python3.10/site-packages/airflow/example_dags/example_subdag_operator.py
[2024-09-03T11:52:53.285+0000] {logging_mixin.py:149} INFO - [2024-09-03T11:52:53.285+0000] {dag.py:2726} INFO - Sync 3 DAGs
[2024-09-03T11:52:53.305+0000] {logging_mixin.py:149} INFO - [2024-09-03T11:52:53.305+0000] {dag.py:3486} INFO - Setting next_dagrun for example_subdag_operator to 2021-12-31T17:00:00+00:00, run_after=2021-12-31T17:00:00+00:00
[2024-09-03T11:52:53.307+0000] {logging_mixin.py:149} INFO - [2024-09-03T11:52:53.307+0000] {dag.py:3486} INFO - Setting next_dagrun for example_subdag_operator.section-1 to None, run_after=None
[2024-09-03T11:52:53.308+0000] {logging_mixin.py:149} INFO - [2024-09-03T11:52:53.308+0000] {dag.py:3486} INFO - Setting next_dagrun for example_subdag_operator.section-2 to None, run_after=None
[2024-09-03T11:52:53.314+0000] {logging_mixin.py:149} INFO - [2024-09-03T11:52:53.313+0000] {dag.py:2726} INFO - Sync 2 DAGs
[2024-09-03T11:52:53.318+0000] {logging_mixin.py:149} INFO - [2024-09-03T11:52:53.317+0000] {dag.py:3486} INFO - Setting next_dagrun for example_subdag_operator.section-1 to None, run_after=None
[2024-09-03T11:52:53.318+0000] {logging_mixin.py:149} INFO - [2024-09-03T11:52:53.318+0000] {dag.py:3486} INFO - Setting next_dagrun for example_subdag_operator.section-2 to None, run_after=None
[2024-09-03T11:52:53.340+0000] {processor.py:179} INFO - Processing /home/airflow-vm/data-engineer-batch-processing-financial-services/.venv/lib/python3.10/site-packages/airflow/example_dags/example_subdag_operator.py took 0.099 seconds
[2024-09-03T11:53:40.101+0000] {processor.py:157} INFO - Started process (PID=29889) to work on /home/airflow-vm/data-engineer-batch-processing-financial-services/.venv/lib/python3.10/site-packages/airflow/example_dags/example_subdag_operator.py
[2024-09-03T11:53:40.102+0000] {processor.py:826} INFO - Processing file /home/airflow-vm/data-engineer-batch-processing-financial-services/.venv/lib/python3.10/site-packages/airflow/example_dags/example_subdag_operator.py for tasks to queue
[2024-09-03T11:53:40.102+0000] {logging_mixin.py:149} INFO - [2024-09-03T11:53:40.102+0000] {dagbag.py:541} INFO - Filling up the DagBag from /home/airflow-vm/data-engineer-batch-processing-financial-services/.venv/lib/python3.10/site-packages/airflow/example_dags/example_subdag_operator.py
[2024-09-03T11:53:40.122+0000] {processor.py:836} INFO - DAG(s) dict_keys(['example_subdag_operator.section-1', 'example_subdag_operator.section-2', 'example_subdag_operator']) retrieved from /home/airflow-vm/data-engineer-batch-processing-financial-services/.venv/lib/python3.10/site-packages/airflow/example_dags/example_subdag_operator.py
[2024-09-03T11:53:40.142+0000] {logging_mixin.py:149} INFO - [2024-09-03T11:53:40.142+0000] {dag.py:2726} INFO - Sync 3 DAGs
[2024-09-03T11:53:40.163+0000] {logging_mixin.py:149} INFO - [2024-09-03T11:53:40.163+0000] {dag.py:3486} INFO - Setting next_dagrun for example_subdag_operator to 2021-12-31T17:00:00+00:00, run_after=2021-12-31T17:00:00+00:00
[2024-09-03T11:53:40.166+0000] {logging_mixin.py:149} INFO - [2024-09-03T11:53:40.166+0000] {dag.py:3486} INFO - Setting next_dagrun for example_subdag_operator.section-1 to None, run_after=None
[2024-09-03T11:53:40.167+0000] {logging_mixin.py:149} INFO - [2024-09-03T11:53:40.167+0000] {dag.py:3486} INFO - Setting next_dagrun for example_subdag_operator.section-2 to None, run_after=None
[2024-09-03T11:53:40.174+0000] {logging_mixin.py:149} INFO - [2024-09-03T11:53:40.173+0000] {dag.py:2726} INFO - Sync 2 DAGs
[2024-09-03T11:53:40.178+0000] {logging_mixin.py:149} INFO - [2024-09-03T11:53:40.178+0000] {dag.py:3486} INFO - Setting next_dagrun for example_subdag_operator.section-1 to None, run_after=None
[2024-09-03T11:53:40.179+0000] {logging_mixin.py:149} INFO - [2024-09-03T11:53:40.178+0000] {dag.py:3486} INFO - Setting next_dagrun for example_subdag_operator.section-2 to None, run_after=None
[2024-09-03T11:53:40.202+0000] {processor.py:179} INFO - Processing /home/airflow-vm/data-engineer-batch-processing-financial-services/.venv/lib/python3.10/site-packages/airflow/example_dags/example_subdag_operator.py took 0.104 seconds
[2024-09-03T11:54:29.631+0000] {processor.py:157} INFO - Started process (PID=29940) to work on /home/airflow-vm/data-engineer-batch-processing-financial-services/.venv/lib/python3.10/site-packages/airflow/example_dags/example_subdag_operator.py
[2024-09-03T11:54:29.632+0000] {processor.py:826} INFO - Processing file /home/airflow-vm/data-engineer-batch-processing-financial-services/.venv/lib/python3.10/site-packages/airflow/example_dags/example_subdag_operator.py for tasks to queue
[2024-09-03T11:54:29.632+0000] {logging_mixin.py:149} INFO - [2024-09-03T11:54:29.632+0000] {dagbag.py:541} INFO - Filling up the DagBag from /home/airflow-vm/data-engineer-batch-processing-financial-services/.venv/lib/python3.10/site-packages/airflow/example_dags/example_subdag_operator.py
[2024-09-03T11:54:29.650+0000] {processor.py:836} INFO - DAG(s) dict_keys(['example_subdag_operator.section-1', 'example_subdag_operator.section-2', 'example_subdag_operator']) retrieved from /home/airflow-vm/data-engineer-batch-processing-financial-services/.venv/lib/python3.10/site-packages/airflow/example_dags/example_subdag_operator.py
[2024-09-03T11:54:29.669+0000] {logging_mixin.py:149} INFO - [2024-09-03T11:54:29.669+0000] {dag.py:2726} INFO - Sync 3 DAGs
[2024-09-03T11:54:29.689+0000] {logging_mixin.py:149} INFO - [2024-09-03T11:54:29.689+0000] {dag.py:3486} INFO - Setting next_dagrun for example_subdag_operator to 2021-12-31T17:00:00+00:00, run_after=2021-12-31T17:00:00+00:00
[2024-09-03T11:54:29.692+0000] {logging_mixin.py:149} INFO - [2024-09-03T11:54:29.692+0000] {dag.py:3486} INFO - Setting next_dagrun for example_subdag_operator.section-1 to None, run_after=None
[2024-09-03T11:54:29.693+0000] {logging_mixin.py:149} INFO - [2024-09-03T11:54:29.693+0000] {dag.py:3486} INFO - Setting next_dagrun for example_subdag_operator.section-2 to None, run_after=None
[2024-09-03T11:54:29.698+0000] {logging_mixin.py:149} INFO - [2024-09-03T11:54:29.698+0000] {dag.py:2726} INFO - Sync 2 DAGs
[2024-09-03T11:54:29.702+0000] {logging_mixin.py:149} INFO - [2024-09-03T11:54:29.702+0000] {dag.py:3486} INFO - Setting next_dagrun for example_subdag_operator.section-1 to None, run_after=None
[2024-09-03T11:54:29.702+0000] {logging_mixin.py:149} INFO - [2024-09-03T11:54:29.702+0000] {dag.py:3486} INFO - Setting next_dagrun for example_subdag_operator.section-2 to None, run_after=None
[2024-09-03T11:54:29.724+0000] {processor.py:179} INFO - Processing /home/airflow-vm/data-engineer-batch-processing-financial-services/.venv/lib/python3.10/site-packages/airflow/example_dags/example_subdag_operator.py took 0.095 seconds
[2024-09-03T11:55:18.066+0000] {processor.py:157} INFO - Started process (PID=29996) to work on /home/airflow-vm/data-engineer-batch-processing-financial-services/.venv/lib/python3.10/site-packages/airflow/example_dags/example_subdag_operator.py
[2024-09-03T11:55:18.067+0000] {processor.py:826} INFO - Processing file /home/airflow-vm/data-engineer-batch-processing-financial-services/.venv/lib/python3.10/site-packages/airflow/example_dags/example_subdag_operator.py for tasks to queue
[2024-09-03T11:55:18.068+0000] {logging_mixin.py:149} INFO - [2024-09-03T11:55:18.068+0000] {dagbag.py:541} INFO - Filling up the DagBag from /home/airflow-vm/data-engineer-batch-processing-financial-services/.venv/lib/python3.10/site-packages/airflow/example_dags/example_subdag_operator.py
[2024-09-03T11:55:18.087+0000] {processor.py:836} INFO - DAG(s) dict_keys(['example_subdag_operator.section-1', 'example_subdag_operator.section-2', 'example_subdag_operator']) retrieved from /home/airflow-vm/data-engineer-batch-processing-financial-services/.venv/lib/python3.10/site-packages/airflow/example_dags/example_subdag_operator.py
[2024-09-03T11:55:18.105+0000] {logging_mixin.py:149} INFO - [2024-09-03T11:55:18.105+0000] {dag.py:2726} INFO - Sync 3 DAGs
[2024-09-03T11:55:18.123+0000] {logging_mixin.py:149} INFO - [2024-09-03T11:55:18.123+0000] {dag.py:3486} INFO - Setting next_dagrun for example_subdag_operator to 2021-12-31T17:00:00+00:00, run_after=2021-12-31T17:00:00+00:00
[2024-09-03T11:55:18.126+0000] {logging_mixin.py:149} INFO - [2024-09-03T11:55:18.126+0000] {dag.py:3486} INFO - Setting next_dagrun for example_subdag_operator.section-1 to None, run_after=None
[2024-09-03T11:55:18.127+0000] {logging_mixin.py:149} INFO - [2024-09-03T11:55:18.127+0000] {dag.py:3486} INFO - Setting next_dagrun for example_subdag_operator.section-2 to None, run_after=None
[2024-09-03T11:55:18.133+0000] {logging_mixin.py:149} INFO - [2024-09-03T11:55:18.133+0000] {dag.py:2726} INFO - Sync 2 DAGs
[2024-09-03T11:55:18.137+0000] {logging_mixin.py:149} INFO - [2024-09-03T11:55:18.137+0000] {dag.py:3486} INFO - Setting next_dagrun for example_subdag_operator.section-1 to None, run_after=None
[2024-09-03T11:55:18.137+0000] {logging_mixin.py:149} INFO - [2024-09-03T11:55:18.137+0000] {dag.py:3486} INFO - Setting next_dagrun for example_subdag_operator.section-2 to None, run_after=None
[2024-09-03T11:55:18.164+0000] {processor.py:179} INFO - Processing /home/airflow-vm/data-engineer-batch-processing-financial-services/.venv/lib/python3.10/site-packages/airflow/example_dags/example_subdag_operator.py took 0.100 seconds
[2024-09-03T11:56:01.792+0000] {processor.py:157} INFO - Started process (PID=30043) to work on /home/airflow-vm/data-engineer-batch-processing-financial-services/.venv/lib/python3.10/site-packages/airflow/example_dags/example_subdag_operator.py
[2024-09-03T11:56:01.793+0000] {processor.py:826} INFO - Processing file /home/airflow-vm/data-engineer-batch-processing-financial-services/.venv/lib/python3.10/site-packages/airflow/example_dags/example_subdag_operator.py for tasks to queue
[2024-09-03T11:56:01.793+0000] {logging_mixin.py:149} INFO - [2024-09-03T11:56:01.793+0000] {dagbag.py:541} INFO - Filling up the DagBag from /home/airflow-vm/data-engineer-batch-processing-financial-services/.venv/lib/python3.10/site-packages/airflow/example_dags/example_subdag_operator.py
[2024-09-03T11:56:01.812+0000] {processor.py:836} INFO - DAG(s) dict_keys(['example_subdag_operator.section-1', 'example_subdag_operator.section-2', 'example_subdag_operator']) retrieved from /home/airflow-vm/data-engineer-batch-processing-financial-services/.venv/lib/python3.10/site-packages/airflow/example_dags/example_subdag_operator.py
[2024-09-03T11:56:01.830+0000] {logging_mixin.py:149} INFO - [2024-09-03T11:56:01.830+0000] {dag.py:2726} INFO - Sync 3 DAGs
[2024-09-03T11:56:01.848+0000] {logging_mixin.py:149} INFO - [2024-09-03T11:56:01.848+0000] {dag.py:3486} INFO - Setting next_dagrun for example_subdag_operator to 2021-12-31T17:00:00+00:00, run_after=2021-12-31T17:00:00+00:00
[2024-09-03T11:56:01.850+0000] {logging_mixin.py:149} INFO - [2024-09-03T11:56:01.850+0000] {dag.py:3486} INFO - Setting next_dagrun for example_subdag_operator.section-1 to None, run_after=None
[2024-09-03T11:56:01.851+0000] {logging_mixin.py:149} INFO - [2024-09-03T11:56:01.851+0000] {dag.py:3486} INFO - Setting next_dagrun for example_subdag_operator.section-2 to None, run_after=None
[2024-09-03T11:56:01.857+0000] {logging_mixin.py:149} INFO - [2024-09-03T11:56:01.857+0000] {dag.py:2726} INFO - Sync 2 DAGs
[2024-09-03T11:56:01.861+0000] {logging_mixin.py:149} INFO - [2024-09-03T11:56:01.861+0000] {dag.py:3486} INFO - Setting next_dagrun for example_subdag_operator.section-1 to None, run_after=None
[2024-09-03T11:56:01.861+0000] {logging_mixin.py:149} INFO - [2024-09-03T11:56:01.861+0000] {dag.py:3486} INFO - Setting next_dagrun for example_subdag_operator.section-2 to None, run_after=None
[2024-09-03T11:56:01.884+0000] {processor.py:179} INFO - Processing /home/airflow-vm/data-engineer-batch-processing-financial-services/.venv/lib/python3.10/site-packages/airflow/example_dags/example_subdag_operator.py took 0.094 seconds
[2024-09-03T11:56:48.060+0000] {processor.py:157} INFO - Started process (PID=30129) to work on /home/airflow-vm/data-engineer-batch-processing-financial-services/.venv/lib/python3.10/site-packages/airflow/example_dags/example_subdag_operator.py
[2024-09-03T11:56:48.061+0000] {processor.py:826} INFO - Processing file /home/airflow-vm/data-engineer-batch-processing-financial-services/.venv/lib/python3.10/site-packages/airflow/example_dags/example_subdag_operator.py for tasks to queue
[2024-09-03T11:56:48.061+0000] {logging_mixin.py:149} INFO - [2024-09-03T11:56:48.061+0000] {dagbag.py:541} INFO - Filling up the DagBag from /home/airflow-vm/data-engineer-batch-processing-financial-services/.venv/lib/python3.10/site-packages/airflow/example_dags/example_subdag_operator.py
[2024-09-03T11:56:48.082+0000] {processor.py:836} INFO - DAG(s) dict_keys(['example_subdag_operator.section-1', 'example_subdag_operator.section-2', 'example_subdag_operator']) retrieved from /home/airflow-vm/data-engineer-batch-processing-financial-services/.venv/lib/python3.10/site-packages/airflow/example_dags/example_subdag_operator.py
[2024-09-03T11:56:48.100+0000] {logging_mixin.py:149} INFO - [2024-09-03T11:56:48.100+0000] {dag.py:2726} INFO - Sync 3 DAGs
[2024-09-03T11:56:48.119+0000] {logging_mixin.py:149} INFO - [2024-09-03T11:56:48.118+0000] {dag.py:3486} INFO - Setting next_dagrun for example_subdag_operator to 2021-12-31T17:00:00+00:00, run_after=2021-12-31T17:00:00+00:00
[2024-09-03T11:56:48.121+0000] {logging_mixin.py:149} INFO - [2024-09-03T11:56:48.121+0000] {dag.py:3486} INFO - Setting next_dagrun for example_subdag_operator.section-1 to None, run_after=None
[2024-09-03T11:56:48.122+0000] {logging_mixin.py:149} INFO - [2024-09-03T11:56:48.122+0000] {dag.py:3486} INFO - Setting next_dagrun for example_subdag_operator.section-2 to None, run_after=None
[2024-09-03T11:56:48.129+0000] {logging_mixin.py:149} INFO - [2024-09-03T11:56:48.129+0000] {dag.py:2726} INFO - Sync 2 DAGs
[2024-09-03T11:56:48.133+0000] {logging_mixin.py:149} INFO - [2024-09-03T11:56:48.133+0000] {dag.py:3486} INFO - Setting next_dagrun for example_subdag_operator.section-1 to None, run_after=None
[2024-09-03T11:56:48.133+0000] {logging_mixin.py:149} INFO - [2024-09-03T11:56:48.133+0000] {dag.py:3486} INFO - Setting next_dagrun for example_subdag_operator.section-2 to None, run_after=None
[2024-09-03T11:56:48.229+0000] {processor.py:179} INFO - Processing /home/airflow-vm/data-engineer-batch-processing-financial-services/.venv/lib/python3.10/site-packages/airflow/example_dags/example_subdag_operator.py took 0.172 seconds
