[2024-09-03T10:58:37.633+0000] {processor.py:157} INFO - Started process (PID=3659) to work on /home/airflow-vm/data-engineer-batch-processing-financial-services/.venv/lib/python3.10/site-packages/airflow/example_dags/example_dag_decorator.py
[2024-09-03T10:58:37.634+0000] {processor.py:826} INFO - Processing file /home/airflow-vm/data-engineer-batch-processing-financial-services/.venv/lib/python3.10/site-packages/airflow/example_dags/example_dag_decorator.py for tasks to queue
[2024-09-03T10:58:37.634+0000] {logging_mixin.py:149} INFO - [2024-09-03T10:58:37.634+0000] {dagbag.py:541} INFO - Filling up the DagBag from /home/airflow-vm/data-engineer-batch-processing-financial-services/.venv/lib/python3.10/site-packages/airflow/example_dags/example_dag_decorator.py
[2024-09-03T10:58:37.640+0000] {logging_mixin.py:149} INFO - [2024-09-03T10:58:37.640+0000] {taskmixin.py:211} WARNING - Dependency <Task(_PythonDecoratedOperator): prepare_email>, send_email already registered for DAG: example_dag_decorator
[2024-09-03T10:58:37.640+0000] {logging_mixin.py:149} INFO - [2024-09-03T10:58:37.640+0000] {taskmixin.py:211} WARNING - Dependency <Task(EmailOperator): send_email>, prepare_email already registered for DAG: example_dag_decorator
[2024-09-03T10:58:37.647+0000] {processor.py:836} INFO - DAG(s) dict_keys(['example_dag_decorator']) retrieved from /home/airflow-vm/data-engineer-batch-processing-financial-services/.venv/lib/python3.10/site-packages/airflow/example_dags/example_dag_decorator.py
[2024-09-03T10:58:37.721+0000] {logging_mixin.py:149} INFO - [2024-09-03T10:58:37.721+0000] {dag.py:2726} INFO - Sync 1 DAGs
[2024-09-03T10:58:37.815+0000] {logging_mixin.py:149} INFO - [2024-09-03T10:58:37.815+0000] {dag.py:3486} INFO - Setting next_dagrun for example_dag_decorator to None, run_after=None
[2024-09-03T10:58:37.843+0000] {processor.py:179} INFO - Processing /home/airflow-vm/data-engineer-batch-processing-financial-services/.venv/lib/python3.10/site-packages/airflow/example_dags/example_dag_decorator.py took 0.213 seconds
[2024-09-03T10:59:27.659+0000] {processor.py:157} INFO - Started process (PID=3844) to work on /home/airflow-vm/data-engineer-batch-processing-financial-services/.venv/lib/python3.10/site-packages/airflow/example_dags/example_dag_decorator.py
[2024-09-03T10:59:27.660+0000] {processor.py:826} INFO - Processing file /home/airflow-vm/data-engineer-batch-processing-financial-services/.venv/lib/python3.10/site-packages/airflow/example_dags/example_dag_decorator.py for tasks to queue
[2024-09-03T10:59:27.661+0000] {logging_mixin.py:149} INFO - [2024-09-03T10:59:27.661+0000] {dagbag.py:541} INFO - Filling up the DagBag from /home/airflow-vm/data-engineer-batch-processing-financial-services/.venv/lib/python3.10/site-packages/airflow/example_dags/example_dag_decorator.py
[2024-09-03T10:59:27.668+0000] {logging_mixin.py:149} INFO - [2024-09-03T10:59:27.667+0000] {taskmixin.py:211} WARNING - Dependency <Task(_PythonDecoratedOperator): prepare_email>, send_email already registered for DAG: example_dag_decorator
[2024-09-03T10:59:27.668+0000] {logging_mixin.py:149} INFO - [2024-09-03T10:59:27.668+0000] {taskmixin.py:211} WARNING - Dependency <Task(EmailOperator): send_email>, prepare_email already registered for DAG: example_dag_decorator
[2024-09-03T10:59:27.676+0000] {processor.py:836} INFO - DAG(s) dict_keys(['example_dag_decorator']) retrieved from /home/airflow-vm/data-engineer-batch-processing-financial-services/.venv/lib/python3.10/site-packages/airflow/example_dags/example_dag_decorator.py
[2024-09-03T10:59:27.724+0000] {logging_mixin.py:149} INFO - [2024-09-03T10:59:27.724+0000] {dag.py:2726} INFO - Sync 1 DAGs
[2024-09-03T10:59:27.742+0000] {logging_mixin.py:149} INFO - [2024-09-03T10:59:27.741+0000] {dag.py:3486} INFO - Setting next_dagrun for example_dag_decorator to None, run_after=None
[2024-09-03T10:59:27.774+0000] {processor.py:179} INFO - Processing /home/airflow-vm/data-engineer-batch-processing-financial-services/.venv/lib/python3.10/site-packages/airflow/example_dags/example_dag_decorator.py took 0.118 seconds
[2024-09-03T11:00:10.879+0000] {processor.py:157} INFO - Started process (PID=4064) to work on /home/airflow-vm/data-engineer-batch-processing-financial-services/.venv/lib/python3.10/site-packages/airflow/example_dags/example_dag_decorator.py
[2024-09-03T11:00:10.880+0000] {processor.py:826} INFO - Processing file /home/airflow-vm/data-engineer-batch-processing-financial-services/.venv/lib/python3.10/site-packages/airflow/example_dags/example_dag_decorator.py for tasks to queue
[2024-09-03T11:00:10.881+0000] {logging_mixin.py:149} INFO - [2024-09-03T11:00:10.881+0000] {dagbag.py:541} INFO - Filling up the DagBag from /home/airflow-vm/data-engineer-batch-processing-financial-services/.venv/lib/python3.10/site-packages/airflow/example_dags/example_dag_decorator.py
[2024-09-03T11:00:10.887+0000] {logging_mixin.py:149} INFO - [2024-09-03T11:00:10.886+0000] {taskmixin.py:211} WARNING - Dependency <Task(_PythonDecoratedOperator): prepare_email>, send_email already registered for DAG: example_dag_decorator
[2024-09-03T11:00:10.887+0000] {logging_mixin.py:149} INFO - [2024-09-03T11:00:10.887+0000] {taskmixin.py:211} WARNING - Dependency <Task(EmailOperator): send_email>, prepare_email already registered for DAG: example_dag_decorator
[2024-09-03T11:00:10.894+0000] {processor.py:836} INFO - DAG(s) dict_keys(['example_dag_decorator']) retrieved from /home/airflow-vm/data-engineer-batch-processing-financial-services/.venv/lib/python3.10/site-packages/airflow/example_dags/example_dag_decorator.py
[2024-09-03T11:00:10.941+0000] {logging_mixin.py:149} INFO - [2024-09-03T11:00:10.941+0000] {dag.py:2726} INFO - Sync 1 DAGs
[2024-09-03T11:00:10.960+0000] {logging_mixin.py:149} INFO - [2024-09-03T11:00:10.960+0000] {dag.py:3486} INFO - Setting next_dagrun for example_dag_decorator to None, run_after=None
[2024-09-03T11:00:10.989+0000] {processor.py:179} INFO - Processing /home/airflow-vm/data-engineer-batch-processing-financial-services/.venv/lib/python3.10/site-packages/airflow/example_dags/example_dag_decorator.py took 0.112 seconds
[2024-09-03T11:00:56.515+0000] {processor.py:157} INFO - Started process (PID=4539) to work on /home/airflow-vm/data-engineer-batch-processing-financial-services/.venv/lib/python3.10/site-packages/airflow/example_dags/example_dag_decorator.py
[2024-09-03T11:00:56.516+0000] {processor.py:826} INFO - Processing file /home/airflow-vm/data-engineer-batch-processing-financial-services/.venv/lib/python3.10/site-packages/airflow/example_dags/example_dag_decorator.py for tasks to queue
[2024-09-03T11:00:56.517+0000] {logging_mixin.py:149} INFO - [2024-09-03T11:00:56.517+0000] {dagbag.py:541} INFO - Filling up the DagBag from /home/airflow-vm/data-engineer-batch-processing-financial-services/.venv/lib/python3.10/site-packages/airflow/example_dags/example_dag_decorator.py
[2024-09-03T11:00:56.522+0000] {logging_mixin.py:149} INFO - [2024-09-03T11:00:56.522+0000] {taskmixin.py:211} WARNING - Dependency <Task(_PythonDecoratedOperator): prepare_email>, send_email already registered for DAG: example_dag_decorator
[2024-09-03T11:00:56.522+0000] {logging_mixin.py:149} INFO - [2024-09-03T11:00:56.522+0000] {taskmixin.py:211} WARNING - Dependency <Task(EmailOperator): send_email>, prepare_email already registered for DAG: example_dag_decorator
[2024-09-03T11:00:56.529+0000] {processor.py:836} INFO - DAG(s) dict_keys(['example_dag_decorator']) retrieved from /home/airflow-vm/data-engineer-batch-processing-financial-services/.venv/lib/python3.10/site-packages/airflow/example_dags/example_dag_decorator.py
[2024-09-03T11:00:56.578+0000] {logging_mixin.py:149} INFO - [2024-09-03T11:00:56.578+0000] {dag.py:2726} INFO - Sync 1 DAGs
[2024-09-03T11:00:56.596+0000] {logging_mixin.py:149} INFO - [2024-09-03T11:00:56.596+0000] {dag.py:3486} INFO - Setting next_dagrun for example_dag_decorator to None, run_after=None
[2024-09-03T11:00:56.625+0000] {processor.py:179} INFO - Processing /home/airflow-vm/data-engineer-batch-processing-financial-services/.venv/lib/python3.10/site-packages/airflow/example_dags/example_dag_decorator.py took 0.112 seconds
[2024-09-03T11:01:46.055+0000] {processor.py:157} INFO - Started process (PID=4772) to work on /home/airflow-vm/data-engineer-batch-processing-financial-services/.venv/lib/python3.10/site-packages/airflow/example_dags/example_dag_decorator.py
[2024-09-03T11:01:46.055+0000] {processor.py:826} INFO - Processing file /home/airflow-vm/data-engineer-batch-processing-financial-services/.venv/lib/python3.10/site-packages/airflow/example_dags/example_dag_decorator.py for tasks to queue
[2024-09-03T11:01:46.056+0000] {logging_mixin.py:149} INFO - [2024-09-03T11:01:46.056+0000] {dagbag.py:541} INFO - Filling up the DagBag from /home/airflow-vm/data-engineer-batch-processing-financial-services/.venv/lib/python3.10/site-packages/airflow/example_dags/example_dag_decorator.py
[2024-09-03T11:01:46.062+0000] {logging_mixin.py:149} INFO - [2024-09-03T11:01:46.062+0000] {taskmixin.py:211} WARNING - Dependency <Task(_PythonDecoratedOperator): prepare_email>, send_email already registered for DAG: example_dag_decorator
[2024-09-03T11:01:46.063+0000] {logging_mixin.py:149} INFO - [2024-09-03T11:01:46.063+0000] {taskmixin.py:211} WARNING - Dependency <Task(EmailOperator): send_email>, prepare_email already registered for DAG: example_dag_decorator
[2024-09-03T11:01:46.071+0000] {processor.py:836} INFO - DAG(s) dict_keys(['example_dag_decorator']) retrieved from /home/airflow-vm/data-engineer-batch-processing-financial-services/.venv/lib/python3.10/site-packages/airflow/example_dags/example_dag_decorator.py
[2024-09-03T11:01:46.119+0000] {logging_mixin.py:149} INFO - [2024-09-03T11:01:46.119+0000] {dag.py:2726} INFO - Sync 1 DAGs
[2024-09-03T11:01:46.137+0000] {logging_mixin.py:149} INFO - [2024-09-03T11:01:46.137+0000] {dag.py:3486} INFO - Setting next_dagrun for example_dag_decorator to None, run_after=None
[2024-09-03T11:01:46.168+0000] {processor.py:179} INFO - Processing /home/airflow-vm/data-engineer-batch-processing-financial-services/.venv/lib/python3.10/site-packages/airflow/example_dags/example_dag_decorator.py took 0.116 seconds
[2024-09-03T11:02:32.646+0000] {processor.py:157} INFO - Started process (PID=4830) to work on /home/airflow-vm/data-engineer-batch-processing-financial-services/.venv/lib/python3.10/site-packages/airflow/example_dags/example_dag_decorator.py
[2024-09-03T11:02:32.647+0000] {processor.py:826} INFO - Processing file /home/airflow-vm/data-engineer-batch-processing-financial-services/.venv/lib/python3.10/site-packages/airflow/example_dags/example_dag_decorator.py for tasks to queue
[2024-09-03T11:02:32.648+0000] {logging_mixin.py:149} INFO - [2024-09-03T11:02:32.648+0000] {dagbag.py:541} INFO - Filling up the DagBag from /home/airflow-vm/data-engineer-batch-processing-financial-services/.venv/lib/python3.10/site-packages/airflow/example_dags/example_dag_decorator.py
[2024-09-03T11:02:32.654+0000] {logging_mixin.py:149} INFO - [2024-09-03T11:02:32.654+0000] {taskmixin.py:211} WARNING - Dependency <Task(_PythonDecoratedOperator): prepare_email>, send_email already registered for DAG: example_dag_decorator
[2024-09-03T11:02:32.654+0000] {logging_mixin.py:149} INFO - [2024-09-03T11:02:32.654+0000] {taskmixin.py:211} WARNING - Dependency <Task(EmailOperator): send_email>, prepare_email already registered for DAG: example_dag_decorator
[2024-09-03T11:02:32.663+0000] {processor.py:836} INFO - DAG(s) dict_keys(['example_dag_decorator']) retrieved from /home/airflow-vm/data-engineer-batch-processing-financial-services/.venv/lib/python3.10/site-packages/airflow/example_dags/example_dag_decorator.py
[2024-09-03T11:02:32.712+0000] {logging_mixin.py:149} INFO - [2024-09-03T11:02:32.712+0000] {dag.py:2726} INFO - Sync 1 DAGs
[2024-09-03T11:02:32.729+0000] {logging_mixin.py:149} INFO - [2024-09-03T11:02:32.729+0000] {dag.py:3486} INFO - Setting next_dagrun for example_dag_decorator to None, run_after=None
[2024-09-03T11:02:32.758+0000] {processor.py:179} INFO - Processing /home/airflow-vm/data-engineer-batch-processing-financial-services/.venv/lib/python3.10/site-packages/airflow/example_dags/example_dag_decorator.py took 0.114 seconds
[2024-09-03T11:03:20.151+0000] {processor.py:157} INFO - Started process (PID=5143) to work on /home/airflow-vm/data-engineer-batch-processing-financial-services/.venv/lib/python3.10/site-packages/airflow/example_dags/example_dag_decorator.py
[2024-09-03T11:03:20.152+0000] {processor.py:826} INFO - Processing file /home/airflow-vm/data-engineer-batch-processing-financial-services/.venv/lib/python3.10/site-packages/airflow/example_dags/example_dag_decorator.py for tasks to queue
[2024-09-03T11:03:20.152+0000] {logging_mixin.py:149} INFO - [2024-09-03T11:03:20.152+0000] {dagbag.py:541} INFO - Filling up the DagBag from /home/airflow-vm/data-engineer-batch-processing-financial-services/.venv/lib/python3.10/site-packages/airflow/example_dags/example_dag_decorator.py
[2024-09-03T11:03:20.158+0000] {logging_mixin.py:149} INFO - [2024-09-03T11:03:20.158+0000] {taskmixin.py:211} WARNING - Dependency <Task(_PythonDecoratedOperator): prepare_email>, send_email already registered for DAG: example_dag_decorator
[2024-09-03T11:03:20.159+0000] {logging_mixin.py:149} INFO - [2024-09-03T11:03:20.159+0000] {taskmixin.py:211} WARNING - Dependency <Task(EmailOperator): send_email>, prepare_email already registered for DAG: example_dag_decorator
[2024-09-03T11:03:20.167+0000] {processor.py:836} INFO - DAG(s) dict_keys(['example_dag_decorator']) retrieved from /home/airflow-vm/data-engineer-batch-processing-financial-services/.venv/lib/python3.10/site-packages/airflow/example_dags/example_dag_decorator.py
[2024-09-03T11:03:20.216+0000] {logging_mixin.py:149} INFO - [2024-09-03T11:03:20.216+0000] {dag.py:2726} INFO - Sync 1 DAGs
[2024-09-03T11:03:20.233+0000] {logging_mixin.py:149} INFO - [2024-09-03T11:03:20.233+0000] {dag.py:3486} INFO - Setting next_dagrun for example_dag_decorator to None, run_after=None
[2024-09-03T11:03:20.264+0000] {processor.py:179} INFO - Processing /home/airflow-vm/data-engineer-batch-processing-financial-services/.venv/lib/python3.10/site-packages/airflow/example_dags/example_dag_decorator.py took 0.116 seconds
[2024-09-03T11:06:19.095+0000] {processor.py:157} INFO - Started process (PID=6868) to work on /home/airflow-vm/data-engineer-batch-processing-financial-services/.venv/lib/python3.10/site-packages/airflow/example_dags/example_dag_decorator.py
[2024-09-03T11:06:19.096+0000] {processor.py:826} INFO - Processing file /home/airflow-vm/data-engineer-batch-processing-financial-services/.venv/lib/python3.10/site-packages/airflow/example_dags/example_dag_decorator.py for tasks to queue
[2024-09-03T11:06:19.097+0000] {logging_mixin.py:149} INFO - [2024-09-03T11:06:19.097+0000] {dagbag.py:541} INFO - Filling up the DagBag from /home/airflow-vm/data-engineer-batch-processing-financial-services/.venv/lib/python3.10/site-packages/airflow/example_dags/example_dag_decorator.py
[2024-09-03T11:06:19.103+0000] {logging_mixin.py:149} INFO - [2024-09-03T11:06:19.102+0000] {taskmixin.py:211} WARNING - Dependency <Task(_PythonDecoratedOperator): prepare_email>, send_email already registered for DAG: example_dag_decorator
[2024-09-03T11:06:19.103+0000] {logging_mixin.py:149} INFO - [2024-09-03T11:06:19.103+0000] {taskmixin.py:211} WARNING - Dependency <Task(EmailOperator): send_email>, prepare_email already registered for DAG: example_dag_decorator
[2024-09-03T11:06:19.110+0000] {processor.py:836} INFO - DAG(s) dict_keys(['example_dag_decorator']) retrieved from /home/airflow-vm/data-engineer-batch-processing-financial-services/.venv/lib/python3.10/site-packages/airflow/example_dags/example_dag_decorator.py
[2024-09-03T11:06:19.157+0000] {logging_mixin.py:149} INFO - [2024-09-03T11:06:19.157+0000] {dag.py:2726} INFO - Sync 1 DAGs
[2024-09-03T11:06:19.175+0000] {logging_mixin.py:149} INFO - [2024-09-03T11:06:19.175+0000] {dag.py:3486} INFO - Setting next_dagrun for example_dag_decorator to None, run_after=None
[2024-09-03T11:06:19.206+0000] {processor.py:179} INFO - Processing /home/airflow-vm/data-engineer-batch-processing-financial-services/.venv/lib/python3.10/site-packages/airflow/example_dags/example_dag_decorator.py took 0.114 seconds
[2024-09-03T11:10:22.360+0000] {processor.py:157} INFO - Started process (PID=8524) to work on /home/airflow-vm/data-engineer-batch-processing-financial-services/.venv/lib/python3.10/site-packages/airflow/example_dags/example_dag_decorator.py
[2024-09-03T11:10:22.361+0000] {processor.py:826} INFO - Processing file /home/airflow-vm/data-engineer-batch-processing-financial-services/.venv/lib/python3.10/site-packages/airflow/example_dags/example_dag_decorator.py for tasks to queue
[2024-09-03T11:10:22.362+0000] {logging_mixin.py:149} INFO - [2024-09-03T11:10:22.361+0000] {dagbag.py:541} INFO - Filling up the DagBag from /home/airflow-vm/data-engineer-batch-processing-financial-services/.venv/lib/python3.10/site-packages/airflow/example_dags/example_dag_decorator.py
[2024-09-03T11:10:22.368+0000] {logging_mixin.py:149} INFO - [2024-09-03T11:10:22.368+0000] {taskmixin.py:211} WARNING - Dependency <Task(_PythonDecoratedOperator): prepare_email>, send_email already registered for DAG: example_dag_decorator
[2024-09-03T11:10:22.368+0000] {logging_mixin.py:149} INFO - [2024-09-03T11:10:22.368+0000] {taskmixin.py:211} WARNING - Dependency <Task(EmailOperator): send_email>, prepare_email already registered for DAG: example_dag_decorator
[2024-09-03T11:10:22.377+0000] {processor.py:836} INFO - DAG(s) dict_keys(['example_dag_decorator']) retrieved from /home/airflow-vm/data-engineer-batch-processing-financial-services/.venv/lib/python3.10/site-packages/airflow/example_dags/example_dag_decorator.py
[2024-09-03T11:10:22.426+0000] {logging_mixin.py:149} INFO - [2024-09-03T11:10:22.426+0000] {dag.py:2726} INFO - Sync 1 DAGs
[2024-09-03T11:10:22.444+0000] {logging_mixin.py:149} INFO - [2024-09-03T11:10:22.443+0000] {dag.py:3486} INFO - Setting next_dagrun for example_dag_decorator to None, run_after=None
[2024-09-03T11:10:22.478+0000] {processor.py:179} INFO - Processing /home/airflow-vm/data-engineer-batch-processing-financial-services/.venv/lib/python3.10/site-packages/airflow/example_dags/example_dag_decorator.py took 0.121 seconds
[2024-09-03T11:14:43.200+0000] {processor.py:157} INFO - Started process (PID=10388) to work on /home/airflow-vm/data-engineer-batch-processing-financial-services/.venv/lib/python3.10/site-packages/airflow/example_dags/example_dag_decorator.py
[2024-09-03T11:14:43.201+0000] {processor.py:826} INFO - Processing file /home/airflow-vm/data-engineer-batch-processing-financial-services/.venv/lib/python3.10/site-packages/airflow/example_dags/example_dag_decorator.py for tasks to queue
[2024-09-03T11:14:43.201+0000] {logging_mixin.py:149} INFO - [2024-09-03T11:14:43.201+0000] {dagbag.py:541} INFO - Filling up the DagBag from /home/airflow-vm/data-engineer-batch-processing-financial-services/.venv/lib/python3.10/site-packages/airflow/example_dags/example_dag_decorator.py
[2024-09-03T11:14:43.207+0000] {logging_mixin.py:149} INFO - [2024-09-03T11:14:43.207+0000] {taskmixin.py:211} WARNING - Dependency <Task(_PythonDecoratedOperator): prepare_email>, send_email already registered for DAG: example_dag_decorator
[2024-09-03T11:14:43.207+0000] {logging_mixin.py:149} INFO - [2024-09-03T11:14:43.207+0000] {taskmixin.py:211} WARNING - Dependency <Task(EmailOperator): send_email>, prepare_email already registered for DAG: example_dag_decorator
[2024-09-03T11:14:43.215+0000] {processor.py:836} INFO - DAG(s) dict_keys(['example_dag_decorator']) retrieved from /home/airflow-vm/data-engineer-batch-processing-financial-services/.venv/lib/python3.10/site-packages/airflow/example_dags/example_dag_decorator.py
[2024-09-03T11:14:43.263+0000] {logging_mixin.py:149} INFO - [2024-09-03T11:14:43.263+0000] {dag.py:2726} INFO - Sync 1 DAGs
[2024-09-03T11:14:43.284+0000] {logging_mixin.py:149} INFO - [2024-09-03T11:14:43.283+0000] {dag.py:3486} INFO - Setting next_dagrun for example_dag_decorator to None, run_after=None
[2024-09-03T11:14:43.313+0000] {processor.py:179} INFO - Processing /home/airflow-vm/data-engineer-batch-processing-financial-services/.venv/lib/python3.10/site-packages/airflow/example_dags/example_dag_decorator.py took 0.116 seconds
[2024-09-03T11:19:17.378+0000] {processor.py:157} INFO - Started process (PID=12927) to work on /home/airflow-vm/data-engineer-batch-processing-financial-services/.venv/lib/python3.10/site-packages/airflow/example_dags/example_dag_decorator.py
[2024-09-03T11:19:17.379+0000] {processor.py:826} INFO - Processing file /home/airflow-vm/data-engineer-batch-processing-financial-services/.venv/lib/python3.10/site-packages/airflow/example_dags/example_dag_decorator.py for tasks to queue
[2024-09-03T11:19:17.379+0000] {logging_mixin.py:149} INFO - [2024-09-03T11:19:17.379+0000] {dagbag.py:541} INFO - Filling up the DagBag from /home/airflow-vm/data-engineer-batch-processing-financial-services/.venv/lib/python3.10/site-packages/airflow/example_dags/example_dag_decorator.py
[2024-09-03T11:19:17.385+0000] {logging_mixin.py:149} INFO - [2024-09-03T11:19:17.385+0000] {taskmixin.py:211} WARNING - Dependency <Task(_PythonDecoratedOperator): prepare_email>, send_email already registered for DAG: example_dag_decorator
[2024-09-03T11:19:17.385+0000] {logging_mixin.py:149} INFO - [2024-09-03T11:19:17.385+0000] {taskmixin.py:211} WARNING - Dependency <Task(EmailOperator): send_email>, prepare_email already registered for DAG: example_dag_decorator
[2024-09-03T11:19:17.393+0000] {processor.py:836} INFO - DAG(s) dict_keys(['example_dag_decorator']) retrieved from /home/airflow-vm/data-engineer-batch-processing-financial-services/.venv/lib/python3.10/site-packages/airflow/example_dags/example_dag_decorator.py
[2024-09-03T11:19:17.440+0000] {logging_mixin.py:149} INFO - [2024-09-03T11:19:17.440+0000] {dag.py:2726} INFO - Sync 1 DAGs
[2024-09-03T11:19:17.458+0000] {logging_mixin.py:149} INFO - [2024-09-03T11:19:17.458+0000] {dag.py:3486} INFO - Setting next_dagrun for example_dag_decorator to None, run_after=None
[2024-09-03T11:19:17.488+0000] {processor.py:179} INFO - Processing /home/airflow-vm/data-engineer-batch-processing-financial-services/.venv/lib/python3.10/site-packages/airflow/example_dags/example_dag_decorator.py took 0.113 seconds
[2024-09-03T11:25:19.051+0000] {processor.py:157} INFO - Started process (PID=15782) to work on /home/airflow-vm/data-engineer-batch-processing-financial-services/.venv/lib/python3.10/site-packages/airflow/example_dags/example_dag_decorator.py
[2024-09-03T11:25:19.052+0000] {processor.py:826} INFO - Processing file /home/airflow-vm/data-engineer-batch-processing-financial-services/.venv/lib/python3.10/site-packages/airflow/example_dags/example_dag_decorator.py for tasks to queue
[2024-09-03T11:25:19.052+0000] {logging_mixin.py:149} INFO - [2024-09-03T11:25:19.052+0000] {dagbag.py:541} INFO - Filling up the DagBag from /home/airflow-vm/data-engineer-batch-processing-financial-services/.venv/lib/python3.10/site-packages/airflow/example_dags/example_dag_decorator.py
[2024-09-03T11:25:19.058+0000] {logging_mixin.py:149} INFO - [2024-09-03T11:25:19.058+0000] {taskmixin.py:211} WARNING - Dependency <Task(_PythonDecoratedOperator): prepare_email>, send_email already registered for DAG: example_dag_decorator
[2024-09-03T11:25:19.059+0000] {logging_mixin.py:149} INFO - [2024-09-03T11:25:19.058+0000] {taskmixin.py:211} WARNING - Dependency <Task(EmailOperator): send_email>, prepare_email already registered for DAG: example_dag_decorator
[2024-09-03T11:25:19.067+0000] {processor.py:836} INFO - DAG(s) dict_keys(['example_dag_decorator']) retrieved from /home/airflow-vm/data-engineer-batch-processing-financial-services/.venv/lib/python3.10/site-packages/airflow/example_dags/example_dag_decorator.py
[2024-09-03T11:25:19.117+0000] {logging_mixin.py:149} INFO - [2024-09-03T11:25:19.116+0000] {dag.py:2726} INFO - Sync 1 DAGs
[2024-09-03T11:25:19.134+0000] {logging_mixin.py:149} INFO - [2024-09-03T11:25:19.134+0000] {dag.py:3486} INFO - Setting next_dagrun for example_dag_decorator to None, run_after=None
[2024-09-03T11:25:19.167+0000] {processor.py:179} INFO - Processing /home/airflow-vm/data-engineer-batch-processing-financial-services/.venv/lib/python3.10/site-packages/airflow/example_dags/example_dag_decorator.py took 0.119 seconds
[2024-09-03T11:31:43.134+0000] {processor.py:157} INFO - Started process (PID=19175) to work on /home/airflow-vm/data-engineer-batch-processing-financial-services/.venv/lib/python3.10/site-packages/airflow/example_dags/example_dag_decorator.py
[2024-09-03T11:31:43.135+0000] {processor.py:826} INFO - Processing file /home/airflow-vm/data-engineer-batch-processing-financial-services/.venv/lib/python3.10/site-packages/airflow/example_dags/example_dag_decorator.py for tasks to queue
[2024-09-03T11:31:43.136+0000] {logging_mixin.py:149} INFO - [2024-09-03T11:31:43.136+0000] {dagbag.py:541} INFO - Filling up the DagBag from /home/airflow-vm/data-engineer-batch-processing-financial-services/.venv/lib/python3.10/site-packages/airflow/example_dags/example_dag_decorator.py
[2024-09-03T11:31:43.143+0000] {logging_mixin.py:149} INFO - [2024-09-03T11:31:43.142+0000] {taskmixin.py:211} WARNING - Dependency <Task(_PythonDecoratedOperator): prepare_email>, send_email already registered for DAG: example_dag_decorator
[2024-09-03T11:31:43.143+0000] {logging_mixin.py:149} INFO - [2024-09-03T11:31:43.143+0000] {taskmixin.py:211} WARNING - Dependency <Task(EmailOperator): send_email>, prepare_email already registered for DAG: example_dag_decorator
[2024-09-03T11:31:43.152+0000] {processor.py:836} INFO - DAG(s) dict_keys(['example_dag_decorator']) retrieved from /home/airflow-vm/data-engineer-batch-processing-financial-services/.venv/lib/python3.10/site-packages/airflow/example_dags/example_dag_decorator.py
[2024-09-03T11:31:43.207+0000] {logging_mixin.py:149} INFO - [2024-09-03T11:31:43.206+0000] {dag.py:2726} INFO - Sync 1 DAGs
[2024-09-03T11:31:43.225+0000] {logging_mixin.py:149} INFO - [2024-09-03T11:31:43.224+0000] {dag.py:3486} INFO - Setting next_dagrun for example_dag_decorator to None, run_after=None
[2024-09-03T11:31:43.257+0000] {processor.py:179} INFO - Processing /home/airflow-vm/data-engineer-batch-processing-financial-services/.venv/lib/python3.10/site-packages/airflow/example_dags/example_dag_decorator.py took 0.125 seconds
[2024-09-03T11:37:40.819+0000] {processor.py:157} INFO - Started process (PID=22702) to work on /home/airflow-vm/data-engineer-batch-processing-financial-services/.venv/lib/python3.10/site-packages/airflow/example_dags/example_dag_decorator.py
[2024-09-03T11:37:40.820+0000] {processor.py:826} INFO - Processing file /home/airflow-vm/data-engineer-batch-processing-financial-services/.venv/lib/python3.10/site-packages/airflow/example_dags/example_dag_decorator.py for tasks to queue
[2024-09-03T11:37:40.821+0000] {logging_mixin.py:149} INFO - [2024-09-03T11:37:40.821+0000] {dagbag.py:541} INFO - Filling up the DagBag from /home/airflow-vm/data-engineer-batch-processing-financial-services/.venv/lib/python3.10/site-packages/airflow/example_dags/example_dag_decorator.py
[2024-09-03T11:37:40.827+0000] {logging_mixin.py:149} INFO - [2024-09-03T11:37:40.827+0000] {taskmixin.py:211} WARNING - Dependency <Task(_PythonDecoratedOperator): prepare_email>, send_email already registered for DAG: example_dag_decorator
[2024-09-03T11:37:40.827+0000] {logging_mixin.py:149} INFO - [2024-09-03T11:37:40.827+0000] {taskmixin.py:211} WARNING - Dependency <Task(EmailOperator): send_email>, prepare_email already registered for DAG: example_dag_decorator
[2024-09-03T11:37:40.835+0000] {processor.py:836} INFO - DAG(s) dict_keys(['example_dag_decorator']) retrieved from /home/airflow-vm/data-engineer-batch-processing-financial-services/.venv/lib/python3.10/site-packages/airflow/example_dags/example_dag_decorator.py
[2024-09-03T11:37:40.886+0000] {logging_mixin.py:149} INFO - [2024-09-03T11:37:40.886+0000] {dag.py:2726} INFO - Sync 1 DAGs
[2024-09-03T11:37:40.904+0000] {logging_mixin.py:149} INFO - [2024-09-03T11:37:40.904+0000] {dag.py:3486} INFO - Setting next_dagrun for example_dag_decorator to None, run_after=None
[2024-09-03T11:37:40.934+0000] {processor.py:179} INFO - Processing /home/airflow-vm/data-engineer-batch-processing-financial-services/.venv/lib/python3.10/site-packages/airflow/example_dags/example_dag_decorator.py took 0.118 seconds
[2024-09-03T11:38:31.183+0000] {processor.py:157} INFO - Started process (PID=22916) to work on /home/airflow-vm/data-engineer-batch-processing-financial-services/.venv/lib/python3.10/site-packages/airflow/example_dags/example_dag_decorator.py
[2024-09-03T11:38:31.184+0000] {processor.py:826} INFO - Processing file /home/airflow-vm/data-engineer-batch-processing-financial-services/.venv/lib/python3.10/site-packages/airflow/example_dags/example_dag_decorator.py for tasks to queue
[2024-09-03T11:38:31.184+0000] {logging_mixin.py:149} INFO - [2024-09-03T11:38:31.184+0000] {dagbag.py:541} INFO - Filling up the DagBag from /home/airflow-vm/data-engineer-batch-processing-financial-services/.venv/lib/python3.10/site-packages/airflow/example_dags/example_dag_decorator.py
[2024-09-03T11:38:31.191+0000] {logging_mixin.py:149} INFO - [2024-09-03T11:38:31.190+0000] {taskmixin.py:211} WARNING - Dependency <Task(_PythonDecoratedOperator): prepare_email>, send_email already registered for DAG: example_dag_decorator
[2024-09-03T11:38:31.191+0000] {logging_mixin.py:149} INFO - [2024-09-03T11:38:31.191+0000] {taskmixin.py:211} WARNING - Dependency <Task(EmailOperator): send_email>, prepare_email already registered for DAG: example_dag_decorator
[2024-09-03T11:38:31.200+0000] {processor.py:836} INFO - DAG(s) dict_keys(['example_dag_decorator']) retrieved from /home/airflow-vm/data-engineer-batch-processing-financial-services/.venv/lib/python3.10/site-packages/airflow/example_dags/example_dag_decorator.py
[2024-09-03T11:38:31.252+0000] {logging_mixin.py:149} INFO - [2024-09-03T11:38:31.252+0000] {dag.py:2726} INFO - Sync 1 DAGs
[2024-09-03T11:38:31.273+0000] {logging_mixin.py:149} INFO - [2024-09-03T11:38:31.273+0000] {dag.py:3486} INFO - Setting next_dagrun for example_dag_decorator to None, run_after=None
[2024-09-03T11:38:31.308+0000] {processor.py:179} INFO - Processing /home/airflow-vm/data-engineer-batch-processing-financial-services/.venv/lib/python3.10/site-packages/airflow/example_dags/example_dag_decorator.py took 0.128 seconds
[2024-09-03T11:39:21.749+0000] {processor.py:157} INFO - Started process (PID=23190) to work on /home/airflow-vm/data-engineer-batch-processing-financial-services/.venv/lib/python3.10/site-packages/airflow/example_dags/example_dag_decorator.py
[2024-09-03T11:39:21.750+0000] {processor.py:826} INFO - Processing file /home/airflow-vm/data-engineer-batch-processing-financial-services/.venv/lib/python3.10/site-packages/airflow/example_dags/example_dag_decorator.py for tasks to queue
[2024-09-03T11:39:21.751+0000] {logging_mixin.py:149} INFO - [2024-09-03T11:39:21.750+0000] {dagbag.py:541} INFO - Filling up the DagBag from /home/airflow-vm/data-engineer-batch-processing-financial-services/.venv/lib/python3.10/site-packages/airflow/example_dags/example_dag_decorator.py
[2024-09-03T11:39:21.758+0000] {logging_mixin.py:149} INFO - [2024-09-03T11:39:21.757+0000] {taskmixin.py:211} WARNING - Dependency <Task(_PythonDecoratedOperator): prepare_email>, send_email already registered for DAG: example_dag_decorator
[2024-09-03T11:39:21.758+0000] {logging_mixin.py:149} INFO - [2024-09-03T11:39:21.758+0000] {taskmixin.py:211} WARNING - Dependency <Task(EmailOperator): send_email>, prepare_email already registered for DAG: example_dag_decorator
[2024-09-03T11:39:21.767+0000] {processor.py:836} INFO - DAG(s) dict_keys(['example_dag_decorator']) retrieved from /home/airflow-vm/data-engineer-batch-processing-financial-services/.venv/lib/python3.10/site-packages/airflow/example_dags/example_dag_decorator.py
[2024-09-03T11:39:21.821+0000] {logging_mixin.py:149} INFO - [2024-09-03T11:39:21.821+0000] {dag.py:2726} INFO - Sync 1 DAGs
[2024-09-03T11:39:21.841+0000] {logging_mixin.py:149} INFO - [2024-09-03T11:39:21.841+0000] {dag.py:3486} INFO - Setting next_dagrun for example_dag_decorator to None, run_after=None
[2024-09-03T11:39:21.873+0000] {processor.py:179} INFO - Processing /home/airflow-vm/data-engineer-batch-processing-financial-services/.venv/lib/python3.10/site-packages/airflow/example_dags/example_dag_decorator.py took 0.127 seconds
[2024-09-03T11:41:08.035+0000] {processor.py:157} INFO - Started process (PID=24039) to work on /home/airflow-vm/data-engineer-batch-processing-financial-services/.venv/lib/python3.10/site-packages/airflow/example_dags/example_dag_decorator.py
[2024-09-03T11:41:08.036+0000] {processor.py:826} INFO - Processing file /home/airflow-vm/data-engineer-batch-processing-financial-services/.venv/lib/python3.10/site-packages/airflow/example_dags/example_dag_decorator.py for tasks to queue
[2024-09-03T11:41:08.036+0000] {logging_mixin.py:149} INFO - [2024-09-03T11:41:08.036+0000] {dagbag.py:541} INFO - Filling up the DagBag from /home/airflow-vm/data-engineer-batch-processing-financial-services/.venv/lib/python3.10/site-packages/airflow/example_dags/example_dag_decorator.py
[2024-09-03T11:41:08.042+0000] {logging_mixin.py:149} INFO - [2024-09-03T11:41:08.041+0000] {taskmixin.py:211} WARNING - Dependency <Task(_PythonDecoratedOperator): prepare_email>, send_email already registered for DAG: example_dag_decorator
[2024-09-03T11:41:08.042+0000] {logging_mixin.py:149} INFO - [2024-09-03T11:41:08.042+0000] {taskmixin.py:211} WARNING - Dependency <Task(EmailOperator): send_email>, prepare_email already registered for DAG: example_dag_decorator
[2024-09-03T11:41:08.049+0000] {processor.py:836} INFO - DAG(s) dict_keys(['example_dag_decorator']) retrieved from /home/airflow-vm/data-engineer-batch-processing-financial-services/.venv/lib/python3.10/site-packages/airflow/example_dags/example_dag_decorator.py
[2024-09-03T11:41:08.097+0000] {logging_mixin.py:149} INFO - [2024-09-03T11:41:08.097+0000] {dag.py:2726} INFO - Sync 1 DAGs
[2024-09-03T11:41:08.115+0000] {logging_mixin.py:149} INFO - [2024-09-03T11:41:08.115+0000] {dag.py:3486} INFO - Setting next_dagrun for example_dag_decorator to None, run_after=None
[2024-09-03T11:41:08.142+0000] {processor.py:179} INFO - Processing /home/airflow-vm/data-engineer-batch-processing-financial-services/.venv/lib/python3.10/site-packages/airflow/example_dags/example_dag_decorator.py took 0.110 seconds
[2024-09-03T11:49:41.889+0000] {processor.py:157} INFO - Started process (PID=29216) to work on /home/airflow-vm/data-engineer-batch-processing-financial-services/.venv/lib/python3.10/site-packages/airflow/example_dags/example_dag_decorator.py
[2024-09-03T11:49:41.890+0000] {processor.py:826} INFO - Processing file /home/airflow-vm/data-engineer-batch-processing-financial-services/.venv/lib/python3.10/site-packages/airflow/example_dags/example_dag_decorator.py for tasks to queue
[2024-09-03T11:49:41.891+0000] {logging_mixin.py:149} INFO - [2024-09-03T11:49:41.891+0000] {dagbag.py:541} INFO - Filling up the DagBag from /home/airflow-vm/data-engineer-batch-processing-financial-services/.venv/lib/python3.10/site-packages/airflow/example_dags/example_dag_decorator.py
[2024-09-03T11:49:41.896+0000] {logging_mixin.py:149} INFO - [2024-09-03T11:49:41.896+0000] {taskmixin.py:211} WARNING - Dependency <Task(_PythonDecoratedOperator): prepare_email>, send_email already registered for DAG: example_dag_decorator
[2024-09-03T11:49:41.897+0000] {logging_mixin.py:149} INFO - [2024-09-03T11:49:41.897+0000] {taskmixin.py:211} WARNING - Dependency <Task(EmailOperator): send_email>, prepare_email already registered for DAG: example_dag_decorator
[2024-09-03T11:49:41.904+0000] {processor.py:836} INFO - DAG(s) dict_keys(['example_dag_decorator']) retrieved from /home/airflow-vm/data-engineer-batch-processing-financial-services/.venv/lib/python3.10/site-packages/airflow/example_dags/example_dag_decorator.py
[2024-09-03T11:49:41.950+0000] {logging_mixin.py:149} INFO - [2024-09-03T11:49:41.949+0000] {dag.py:2726} INFO - Sync 1 DAGs
[2024-09-03T11:49:41.971+0000] {logging_mixin.py:149} INFO - [2024-09-03T11:49:41.970+0000] {dag.py:3486} INFO - Setting next_dagrun for example_dag_decorator to None, run_after=None
[2024-09-03T11:49:42.001+0000] {processor.py:179} INFO - Processing /home/airflow-vm/data-engineer-batch-processing-financial-services/.venv/lib/python3.10/site-packages/airflow/example_dags/example_dag_decorator.py took 0.114 seconds
[2024-09-03T11:50:55.646+0000] {processor.py:157} INFO - Started process (PID=29688) to work on /home/airflow-vm/data-engineer-batch-processing-financial-services/.venv/lib/python3.10/site-packages/airflow/example_dags/example_dag_decorator.py
[2024-09-03T11:50:55.647+0000] {processor.py:826} INFO - Processing file /home/airflow-vm/data-engineer-batch-processing-financial-services/.venv/lib/python3.10/site-packages/airflow/example_dags/example_dag_decorator.py for tasks to queue
[2024-09-03T11:50:55.647+0000] {logging_mixin.py:149} INFO - [2024-09-03T11:50:55.647+0000] {dagbag.py:541} INFO - Filling up the DagBag from /home/airflow-vm/data-engineer-batch-processing-financial-services/.venv/lib/python3.10/site-packages/airflow/example_dags/example_dag_decorator.py
[2024-09-03T11:50:55.654+0000] {logging_mixin.py:149} INFO - [2024-09-03T11:50:55.653+0000] {taskmixin.py:211} WARNING - Dependency <Task(_PythonDecoratedOperator): prepare_email>, send_email already registered for DAG: example_dag_decorator
[2024-09-03T11:50:55.654+0000] {logging_mixin.py:149} INFO - [2024-09-03T11:50:55.654+0000] {taskmixin.py:211} WARNING - Dependency <Task(EmailOperator): send_email>, prepare_email already registered for DAG: example_dag_decorator
[2024-09-03T11:50:55.662+0000] {processor.py:836} INFO - DAG(s) dict_keys(['example_dag_decorator']) retrieved from /home/airflow-vm/data-engineer-batch-processing-financial-services/.venv/lib/python3.10/site-packages/airflow/example_dags/example_dag_decorator.py
[2024-09-03T11:50:55.710+0000] {logging_mixin.py:149} INFO - [2024-09-03T11:50:55.710+0000] {dag.py:2726} INFO - Sync 1 DAGs
[2024-09-03T11:50:55.727+0000] {logging_mixin.py:149} INFO - [2024-09-03T11:50:55.726+0000] {dag.py:3486} INFO - Setting next_dagrun for example_dag_decorator to None, run_after=None
[2024-09-03T11:50:55.760+0000] {processor.py:179} INFO - Processing /home/airflow-vm/data-engineer-batch-processing-financial-services/.venv/lib/python3.10/site-packages/airflow/example_dags/example_dag_decorator.py took 0.116 seconds
[2024-09-03T11:51:39.111+0000] {processor.py:157} INFO - Started process (PID=29735) to work on /home/airflow-vm/data-engineer-batch-processing-financial-services/.venv/lib/python3.10/site-packages/airflow/example_dags/example_dag_decorator.py
[2024-09-03T11:51:39.112+0000] {processor.py:826} INFO - Processing file /home/airflow-vm/data-engineer-batch-processing-financial-services/.venv/lib/python3.10/site-packages/airflow/example_dags/example_dag_decorator.py for tasks to queue
[2024-09-03T11:51:39.112+0000] {logging_mixin.py:149} INFO - [2024-09-03T11:51:39.112+0000] {dagbag.py:541} INFO - Filling up the DagBag from /home/airflow-vm/data-engineer-batch-processing-financial-services/.venv/lib/python3.10/site-packages/airflow/example_dags/example_dag_decorator.py
[2024-09-03T11:51:39.118+0000] {logging_mixin.py:149} INFO - [2024-09-03T11:51:39.118+0000] {taskmixin.py:211} WARNING - Dependency <Task(_PythonDecoratedOperator): prepare_email>, send_email already registered for DAG: example_dag_decorator
[2024-09-03T11:51:39.118+0000] {logging_mixin.py:149} INFO - [2024-09-03T11:51:39.118+0000] {taskmixin.py:211} WARNING - Dependency <Task(EmailOperator): send_email>, prepare_email already registered for DAG: example_dag_decorator
[2024-09-03T11:51:39.126+0000] {processor.py:836} INFO - DAG(s) dict_keys(['example_dag_decorator']) retrieved from /home/airflow-vm/data-engineer-batch-processing-financial-services/.venv/lib/python3.10/site-packages/airflow/example_dags/example_dag_decorator.py
[2024-09-03T11:51:39.176+0000] {logging_mixin.py:149} INFO - [2024-09-03T11:51:39.176+0000] {dag.py:2726} INFO - Sync 1 DAGs
[2024-09-03T11:51:39.194+0000] {logging_mixin.py:149} INFO - [2024-09-03T11:51:39.194+0000] {dag.py:3486} INFO - Setting next_dagrun for example_dag_decorator to None, run_after=None
[2024-09-03T11:51:39.222+0000] {processor.py:179} INFO - Processing /home/airflow-vm/data-engineer-batch-processing-financial-services/.venv/lib/python3.10/site-packages/airflow/example_dags/example_dag_decorator.py took 0.113 seconds
[2024-09-03T11:52:25.141+0000] {processor.py:157} INFO - Started process (PID=29784) to work on /home/airflow-vm/data-engineer-batch-processing-financial-services/.venv/lib/python3.10/site-packages/airflow/example_dags/example_dag_decorator.py
[2024-09-03T11:52:25.141+0000] {processor.py:826} INFO - Processing file /home/airflow-vm/data-engineer-batch-processing-financial-services/.venv/lib/python3.10/site-packages/airflow/example_dags/example_dag_decorator.py for tasks to queue
[2024-09-03T11:52:25.142+0000] {logging_mixin.py:149} INFO - [2024-09-03T11:52:25.142+0000] {dagbag.py:541} INFO - Filling up the DagBag from /home/airflow-vm/data-engineer-batch-processing-financial-services/.venv/lib/python3.10/site-packages/airflow/example_dags/example_dag_decorator.py
[2024-09-03T11:52:25.147+0000] {logging_mixin.py:149} INFO - [2024-09-03T11:52:25.147+0000] {taskmixin.py:211} WARNING - Dependency <Task(_PythonDecoratedOperator): prepare_email>, send_email already registered for DAG: example_dag_decorator
[2024-09-03T11:52:25.148+0000] {logging_mixin.py:149} INFO - [2024-09-03T11:52:25.148+0000] {taskmixin.py:211} WARNING - Dependency <Task(EmailOperator): send_email>, prepare_email already registered for DAG: example_dag_decorator
[2024-09-03T11:52:25.156+0000] {processor.py:836} INFO - DAG(s) dict_keys(['example_dag_decorator']) retrieved from /home/airflow-vm/data-engineer-batch-processing-financial-services/.venv/lib/python3.10/site-packages/airflow/example_dags/example_dag_decorator.py
[2024-09-03T11:52:25.206+0000] {logging_mixin.py:149} INFO - [2024-09-03T11:52:25.205+0000] {dag.py:2726} INFO - Sync 1 DAGs
[2024-09-03T11:52:25.224+0000] {logging_mixin.py:149} INFO - [2024-09-03T11:52:25.224+0000] {dag.py:3486} INFO - Setting next_dagrun for example_dag_decorator to None, run_after=None
[2024-09-03T11:52:25.256+0000] {processor.py:179} INFO - Processing /home/airflow-vm/data-engineer-batch-processing-financial-services/.venv/lib/python3.10/site-packages/airflow/example_dags/example_dag_decorator.py took 0.118 seconds
[2024-09-03T11:53:13.501+0000] {processor.py:157} INFO - Started process (PID=29835) to work on /home/airflow-vm/data-engineer-batch-processing-financial-services/.venv/lib/python3.10/site-packages/airflow/example_dags/example_dag_decorator.py
[2024-09-03T11:53:13.502+0000] {processor.py:826} INFO - Processing file /home/airflow-vm/data-engineer-batch-processing-financial-services/.venv/lib/python3.10/site-packages/airflow/example_dags/example_dag_decorator.py for tasks to queue
[2024-09-03T11:53:13.503+0000] {logging_mixin.py:149} INFO - [2024-09-03T11:53:13.503+0000] {dagbag.py:541} INFO - Filling up the DagBag from /home/airflow-vm/data-engineer-batch-processing-financial-services/.venv/lib/python3.10/site-packages/airflow/example_dags/example_dag_decorator.py
[2024-09-03T11:53:13.508+0000] {logging_mixin.py:149} INFO - [2024-09-03T11:53:13.508+0000] {taskmixin.py:211} WARNING - Dependency <Task(_PythonDecoratedOperator): prepare_email>, send_email already registered for DAG: example_dag_decorator
[2024-09-03T11:53:13.508+0000] {logging_mixin.py:149} INFO - [2024-09-03T11:53:13.508+0000] {taskmixin.py:211} WARNING - Dependency <Task(EmailOperator): send_email>, prepare_email already registered for DAG: example_dag_decorator
[2024-09-03T11:53:13.516+0000] {processor.py:836} INFO - DAG(s) dict_keys(['example_dag_decorator']) retrieved from /home/airflow-vm/data-engineer-batch-processing-financial-services/.venv/lib/python3.10/site-packages/airflow/example_dags/example_dag_decorator.py
[2024-09-03T11:53:13.563+0000] {logging_mixin.py:149} INFO - [2024-09-03T11:53:13.563+0000] {dag.py:2726} INFO - Sync 1 DAGs
[2024-09-03T11:53:13.581+0000] {logging_mixin.py:149} INFO - [2024-09-03T11:53:13.581+0000] {dag.py:3486} INFO - Setting next_dagrun for example_dag_decorator to None, run_after=None
[2024-09-03T11:53:13.613+0000] {processor.py:179} INFO - Processing /home/airflow-vm/data-engineer-batch-processing-financial-services/.venv/lib/python3.10/site-packages/airflow/example_dags/example_dag_decorator.py took 0.114 seconds
[2024-09-03T11:54:00.382+0000] {processor.py:157} INFO - Started process (PID=29910) to work on /home/airflow-vm/data-engineer-batch-processing-financial-services/.venv/lib/python3.10/site-packages/airflow/example_dags/example_dag_decorator.py
[2024-09-03T11:54:00.383+0000] {processor.py:826} INFO - Processing file /home/airflow-vm/data-engineer-batch-processing-financial-services/.venv/lib/python3.10/site-packages/airflow/example_dags/example_dag_decorator.py for tasks to queue
[2024-09-03T11:54:00.384+0000] {logging_mixin.py:149} INFO - [2024-09-03T11:54:00.384+0000] {dagbag.py:541} INFO - Filling up the DagBag from /home/airflow-vm/data-engineer-batch-processing-financial-services/.venv/lib/python3.10/site-packages/airflow/example_dags/example_dag_decorator.py
[2024-09-03T11:54:00.390+0000] {logging_mixin.py:149} INFO - [2024-09-03T11:54:00.390+0000] {taskmixin.py:211} WARNING - Dependency <Task(_PythonDecoratedOperator): prepare_email>, send_email already registered for DAG: example_dag_decorator
[2024-09-03T11:54:00.390+0000] {logging_mixin.py:149} INFO - [2024-09-03T11:54:00.390+0000] {taskmixin.py:211} WARNING - Dependency <Task(EmailOperator): send_email>, prepare_email already registered for DAG: example_dag_decorator
[2024-09-03T11:54:00.398+0000] {processor.py:836} INFO - DAG(s) dict_keys(['example_dag_decorator']) retrieved from /home/airflow-vm/data-engineer-batch-processing-financial-services/.venv/lib/python3.10/site-packages/airflow/example_dags/example_dag_decorator.py
[2024-09-03T11:54:00.455+0000] {logging_mixin.py:149} INFO - [2024-09-03T11:54:00.455+0000] {dag.py:2726} INFO - Sync 1 DAGs
[2024-09-03T11:54:00.475+0000] {logging_mixin.py:149} INFO - [2024-09-03T11:54:00.475+0000] {dag.py:3486} INFO - Setting next_dagrun for example_dag_decorator to None, run_after=None
[2024-09-03T11:54:00.507+0000] {processor.py:179} INFO - Processing /home/airflow-vm/data-engineer-batch-processing-financial-services/.venv/lib/python3.10/site-packages/airflow/example_dags/example_dag_decorator.py took 0.128 seconds
[2024-09-03T11:54:49.945+0000] {processor.py:157} INFO - Started process (PID=29967) to work on /home/airflow-vm/data-engineer-batch-processing-financial-services/.venv/lib/python3.10/site-packages/airflow/example_dags/example_dag_decorator.py
[2024-09-03T11:54:49.946+0000] {processor.py:826} INFO - Processing file /home/airflow-vm/data-engineer-batch-processing-financial-services/.venv/lib/python3.10/site-packages/airflow/example_dags/example_dag_decorator.py for tasks to queue
[2024-09-03T11:54:49.946+0000] {logging_mixin.py:149} INFO - [2024-09-03T11:54:49.946+0000] {dagbag.py:541} INFO - Filling up the DagBag from /home/airflow-vm/data-engineer-batch-processing-financial-services/.venv/lib/python3.10/site-packages/airflow/example_dags/example_dag_decorator.py
[2024-09-03T11:54:49.952+0000] {logging_mixin.py:149} INFO - [2024-09-03T11:54:49.952+0000] {taskmixin.py:211} WARNING - Dependency <Task(_PythonDecoratedOperator): prepare_email>, send_email already registered for DAG: example_dag_decorator
[2024-09-03T11:54:49.953+0000] {logging_mixin.py:149} INFO - [2024-09-03T11:54:49.952+0000] {taskmixin.py:211} WARNING - Dependency <Task(EmailOperator): send_email>, prepare_email already registered for DAG: example_dag_decorator
[2024-09-03T11:54:49.961+0000] {processor.py:836} INFO - DAG(s) dict_keys(['example_dag_decorator']) retrieved from /home/airflow-vm/data-engineer-batch-processing-financial-services/.venv/lib/python3.10/site-packages/airflow/example_dags/example_dag_decorator.py
[2024-09-03T11:54:50.008+0000] {logging_mixin.py:149} INFO - [2024-09-03T11:54:50.008+0000] {dag.py:2726} INFO - Sync 1 DAGs
[2024-09-03T11:54:50.026+0000] {logging_mixin.py:149} INFO - [2024-09-03T11:54:50.026+0000] {dag.py:3486} INFO - Setting next_dagrun for example_dag_decorator to None, run_after=None
[2024-09-03T11:54:50.057+0000] {processor.py:179} INFO - Processing /home/airflow-vm/data-engineer-batch-processing-financial-services/.venv/lib/python3.10/site-packages/airflow/example_dags/example_dag_decorator.py took 0.114 seconds
[2024-09-03T11:55:34.674+0000] {processor.py:157} INFO - Started process (PID=30016) to work on /home/airflow-vm/data-engineer-batch-processing-financial-services/.venv/lib/python3.10/site-packages/airflow/example_dags/example_dag_decorator.py
[2024-09-03T11:55:34.675+0000] {processor.py:826} INFO - Processing file /home/airflow-vm/data-engineer-batch-processing-financial-services/.venv/lib/python3.10/site-packages/airflow/example_dags/example_dag_decorator.py for tasks to queue
[2024-09-03T11:55:34.675+0000] {logging_mixin.py:149} INFO - [2024-09-03T11:55:34.675+0000] {dagbag.py:541} INFO - Filling up the DagBag from /home/airflow-vm/data-engineer-batch-processing-financial-services/.venv/lib/python3.10/site-packages/airflow/example_dags/example_dag_decorator.py
[2024-09-03T11:55:34.681+0000] {logging_mixin.py:149} INFO - [2024-09-03T11:55:34.681+0000] {taskmixin.py:211} WARNING - Dependency <Task(_PythonDecoratedOperator): prepare_email>, send_email already registered for DAG: example_dag_decorator
[2024-09-03T11:55:34.682+0000] {logging_mixin.py:149} INFO - [2024-09-03T11:55:34.682+0000] {taskmixin.py:211} WARNING - Dependency <Task(EmailOperator): send_email>, prepare_email already registered for DAG: example_dag_decorator
[2024-09-03T11:55:34.689+0000] {processor.py:836} INFO - DAG(s) dict_keys(['example_dag_decorator']) retrieved from /home/airflow-vm/data-engineer-batch-processing-financial-services/.venv/lib/python3.10/site-packages/airflow/example_dags/example_dag_decorator.py
[2024-09-03T11:55:34.737+0000] {logging_mixin.py:149} INFO - [2024-09-03T11:55:34.737+0000] {dag.py:2726} INFO - Sync 1 DAGs
[2024-09-03T11:55:34.755+0000] {logging_mixin.py:149} INFO - [2024-09-03T11:55:34.755+0000] {dag.py:3486} INFO - Setting next_dagrun for example_dag_decorator to None, run_after=None
[2024-09-03T11:55:34.786+0000] {processor.py:179} INFO - Processing /home/airflow-vm/data-engineer-batch-processing-financial-services/.venv/lib/python3.10/site-packages/airflow/example_dags/example_dag_decorator.py took 0.115 seconds
[2024-09-03T11:56:22.534+0000] {processor.py:157} INFO - Started process (PID=30065) to work on /home/airflow-vm/data-engineer-batch-processing-financial-services/.venv/lib/python3.10/site-packages/airflow/example_dags/example_dag_decorator.py
[2024-09-03T11:56:22.535+0000] {processor.py:826} INFO - Processing file /home/airflow-vm/data-engineer-batch-processing-financial-services/.venv/lib/python3.10/site-packages/airflow/example_dags/example_dag_decorator.py for tasks to queue
[2024-09-03T11:56:22.536+0000] {logging_mixin.py:149} INFO - [2024-09-03T11:56:22.536+0000] {dagbag.py:541} INFO - Filling up the DagBag from /home/airflow-vm/data-engineer-batch-processing-financial-services/.venv/lib/python3.10/site-packages/airflow/example_dags/example_dag_decorator.py
[2024-09-03T11:56:22.542+0000] {logging_mixin.py:149} INFO - [2024-09-03T11:56:22.542+0000] {taskmixin.py:211} WARNING - Dependency <Task(_PythonDecoratedOperator): prepare_email>, send_email already registered for DAG: example_dag_decorator
[2024-09-03T11:56:22.542+0000] {logging_mixin.py:149} INFO - [2024-09-03T11:56:22.542+0000] {taskmixin.py:211} WARNING - Dependency <Task(EmailOperator): send_email>, prepare_email already registered for DAG: example_dag_decorator
[2024-09-03T11:56:22.550+0000] {processor.py:836} INFO - DAG(s) dict_keys(['example_dag_decorator']) retrieved from /home/airflow-vm/data-engineer-batch-processing-financial-services/.venv/lib/python3.10/site-packages/airflow/example_dags/example_dag_decorator.py
[2024-09-03T11:56:22.601+0000] {logging_mixin.py:149} INFO - [2024-09-03T11:56:22.601+0000] {dag.py:2726} INFO - Sync 1 DAGs
[2024-09-03T11:56:22.621+0000] {logging_mixin.py:149} INFO - [2024-09-03T11:56:22.621+0000] {dag.py:3486} INFO - Setting next_dagrun for example_dag_decorator to None, run_after=None
[2024-09-03T11:56:22.659+0000] {processor.py:179} INFO - Processing /home/airflow-vm/data-engineer-batch-processing-financial-services/.venv/lib/python3.10/site-packages/airflow/example_dags/example_dag_decorator.py took 0.127 seconds
