[2024-09-03T10:58:16.393+0000] {processor.py:157} INFO - Started process (PID=3502) to work on /home/airflow-vm/data-engineer-batch-processing-financial-services/.venv/lib/python3.10/site-packages/airflow/example_dags/example_short_circuit_decorator.py
[2024-09-03T10:58:16.393+0000] {processor.py:826} INFO - Processing file /home/airflow-vm/data-engineer-batch-processing-financial-services/.venv/lib/python3.10/site-packages/airflow/example_dags/example_short_circuit_decorator.py for tasks to queue
[2024-09-03T10:58:16.394+0000] {logging_mixin.py:149} INFO - [2024-09-03T10:58:16.394+0000] {dagbag.py:541} INFO - Filling up the DagBag from /home/airflow-vm/data-engineer-batch-processing-financial-services/.venv/lib/python3.10/site-packages/airflow/example_dags/example_short_circuit_decorator.py
[2024-09-03T10:58:16.409+0000] {processor.py:836} INFO - DAG(s) dict_keys(['example_short_circuit_decorator']) retrieved from /home/airflow-vm/data-engineer-batch-processing-financial-services/.venv/lib/python3.10/site-packages/airflow/example_dags/example_short_circuit_decorator.py
[2024-09-03T10:58:16.431+0000] {logging_mixin.py:149} INFO - [2024-09-03T10:58:16.431+0000] {dag.py:2726} INFO - Sync 1 DAGs
[2024-09-03T10:58:16.449+0000] {logging_mixin.py:149} INFO - [2024-09-03T10:58:16.449+0000] {dag.py:3486} INFO - Setting next_dagrun for example_short_circuit_decorator to 2024-09-02T10:58:16.449270+00:00, run_after=2024-09-03T10:58:16.449270+00:00
[2024-09-03T10:58:16.479+0000] {processor.py:179} INFO - Processing /home/airflow-vm/data-engineer-batch-processing-financial-services/.venv/lib/python3.10/site-packages/airflow/example_dags/example_short_circuit_decorator.py took 0.088 seconds
[2024-09-03T10:59:01.999+0000] {processor.py:157} INFO - Started process (PID=3814) to work on /home/airflow-vm/data-engineer-batch-processing-financial-services/.venv/lib/python3.10/site-packages/airflow/example_dags/example_short_circuit_decorator.py
[2024-09-03T10:59:02.000+0000] {processor.py:826} INFO - Processing file /home/airflow-vm/data-engineer-batch-processing-financial-services/.venv/lib/python3.10/site-packages/airflow/example_dags/example_short_circuit_decorator.py for tasks to queue
[2024-09-03T10:59:02.000+0000] {logging_mixin.py:149} INFO - [2024-09-03T10:59:02.000+0000] {dagbag.py:541} INFO - Filling up the DagBag from /home/airflow-vm/data-engineer-batch-processing-financial-services/.venv/lib/python3.10/site-packages/airflow/example_dags/example_short_circuit_decorator.py
[2024-09-03T10:59:02.009+0000] {processor.py:836} INFO - DAG(s) dict_keys(['example_short_circuit_decorator']) retrieved from /home/airflow-vm/data-engineer-batch-processing-financial-services/.venv/lib/python3.10/site-packages/airflow/example_dags/example_short_circuit_decorator.py
[2024-09-03T10:59:02.029+0000] {logging_mixin.py:149} INFO - [2024-09-03T10:59:02.029+0000] {dag.py:2726} INFO - Sync 1 DAGs
[2024-09-03T10:59:02.047+0000] {logging_mixin.py:149} INFO - [2024-09-03T10:59:02.047+0000] {dag.py:3486} INFO - Setting next_dagrun for example_short_circuit_decorator to 2024-09-02T10:59:02.047040+00:00, run_after=2024-09-03T10:59:02.047040+00:00
[2024-09-03T10:59:02.075+0000] {processor.py:179} INFO - Processing /home/airflow-vm/data-engineer-batch-processing-financial-services/.venv/lib/python3.10/site-packages/airflow/example_dags/example_short_circuit_decorator.py took 0.078 seconds
[2024-09-03T10:59:49.643+0000] {processor.py:157} INFO - Started process (PID=3917) to work on /home/airflow-vm/data-engineer-batch-processing-financial-services/.venv/lib/python3.10/site-packages/airflow/example_dags/example_short_circuit_decorator.py
[2024-09-03T10:59:49.643+0000] {processor.py:826} INFO - Processing file /home/airflow-vm/data-engineer-batch-processing-financial-services/.venv/lib/python3.10/site-packages/airflow/example_dags/example_short_circuit_decorator.py for tasks to queue
[2024-09-03T10:59:49.644+0000] {logging_mixin.py:149} INFO - [2024-09-03T10:59:49.644+0000] {dagbag.py:541} INFO - Filling up the DagBag from /home/airflow-vm/data-engineer-batch-processing-financial-services/.venv/lib/python3.10/site-packages/airflow/example_dags/example_short_circuit_decorator.py
[2024-09-03T10:59:49.652+0000] {processor.py:836} INFO - DAG(s) dict_keys(['example_short_circuit_decorator']) retrieved from /home/airflow-vm/data-engineer-batch-processing-financial-services/.venv/lib/python3.10/site-packages/airflow/example_dags/example_short_circuit_decorator.py
[2024-09-03T10:59:49.675+0000] {logging_mixin.py:149} INFO - [2024-09-03T10:59:49.675+0000] {dag.py:2726} INFO - Sync 1 DAGs
[2024-09-03T10:59:49.695+0000] {logging_mixin.py:149} INFO - [2024-09-03T10:59:49.694+0000] {dag.py:3486} INFO - Setting next_dagrun for example_short_circuit_decorator to 2024-09-02T10:59:49.694650+00:00, run_after=2024-09-03T10:59:49.694650+00:00
[2024-09-03T10:59:49.723+0000] {processor.py:179} INFO - Processing /home/airflow-vm/data-engineer-batch-processing-financial-services/.venv/lib/python3.10/site-packages/airflow/example_dags/example_short_circuit_decorator.py took 0.083 seconds
[2024-09-03T11:00:33.946+0000] {processor.py:157} INFO - Started process (PID=4352) to work on /home/airflow-vm/data-engineer-batch-processing-financial-services/.venv/lib/python3.10/site-packages/airflow/example_dags/example_short_circuit_decorator.py
[2024-09-03T11:00:33.947+0000] {processor.py:826} INFO - Processing file /home/airflow-vm/data-engineer-batch-processing-financial-services/.venv/lib/python3.10/site-packages/airflow/example_dags/example_short_circuit_decorator.py for tasks to queue
[2024-09-03T11:00:33.947+0000] {logging_mixin.py:149} INFO - [2024-09-03T11:00:33.947+0000] {dagbag.py:541} INFO - Filling up the DagBag from /home/airflow-vm/data-engineer-batch-processing-financial-services/.venv/lib/python3.10/site-packages/airflow/example_dags/example_short_circuit_decorator.py
[2024-09-03T11:00:33.956+0000] {processor.py:836} INFO - DAG(s) dict_keys(['example_short_circuit_decorator']) retrieved from /home/airflow-vm/data-engineer-batch-processing-financial-services/.venv/lib/python3.10/site-packages/airflow/example_dags/example_short_circuit_decorator.py
[2024-09-03T11:00:33.977+0000] {logging_mixin.py:149} INFO - [2024-09-03T11:00:33.976+0000] {dag.py:2726} INFO - Sync 1 DAGs
[2024-09-03T11:00:33.996+0000] {logging_mixin.py:149} INFO - [2024-09-03T11:00:33.996+0000] {dag.py:3486} INFO - Setting next_dagrun for example_short_circuit_decorator to 2024-09-02T11:00:33.995966+00:00, run_after=2024-09-03T11:00:33.995966+00:00
[2024-09-03T11:00:34.026+0000] {processor.py:179} INFO - Processing /home/airflow-vm/data-engineer-batch-processing-financial-services/.venv/lib/python3.10/site-packages/airflow/example_dags/example_short_circuit_decorator.py took 0.083 seconds
[2024-09-03T11:01:21.472+0000] {processor.py:157} INFO - Started process (PID=4683) to work on /home/airflow-vm/data-engineer-batch-processing-financial-services/.venv/lib/python3.10/site-packages/airflow/example_dags/example_short_circuit_decorator.py
[2024-09-03T11:01:21.473+0000] {processor.py:826} INFO - Processing file /home/airflow-vm/data-engineer-batch-processing-financial-services/.venv/lib/python3.10/site-packages/airflow/example_dags/example_short_circuit_decorator.py for tasks to queue
[2024-09-03T11:01:21.474+0000] {logging_mixin.py:149} INFO - [2024-09-03T11:01:21.474+0000] {dagbag.py:541} INFO - Filling up the DagBag from /home/airflow-vm/data-engineer-batch-processing-financial-services/.venv/lib/python3.10/site-packages/airflow/example_dags/example_short_circuit_decorator.py
[2024-09-03T11:01:21.483+0000] {processor.py:836} INFO - DAG(s) dict_keys(['example_short_circuit_decorator']) retrieved from /home/airflow-vm/data-engineer-batch-processing-financial-services/.venv/lib/python3.10/site-packages/airflow/example_dags/example_short_circuit_decorator.py
[2024-09-03T11:01:21.503+0000] {logging_mixin.py:149} INFO - [2024-09-03T11:01:21.503+0000] {dag.py:2726} INFO - Sync 1 DAGs
[2024-09-03T11:01:21.522+0000] {logging_mixin.py:149} INFO - [2024-09-03T11:01:21.522+0000] {dag.py:3486} INFO - Setting next_dagrun for example_short_circuit_decorator to 2024-09-02T11:01:21.522357+00:00, run_after=2024-09-03T11:01:21.522357+00:00
[2024-09-03T11:01:21.551+0000] {processor.py:179} INFO - Processing /home/airflow-vm/data-engineer-batch-processing-financial-services/.venv/lib/python3.10/site-packages/airflow/example_dags/example_short_circuit_decorator.py took 0.082 seconds
[2024-09-03T11:02:07.777+0000] {processor.py:157} INFO - Started process (PID=4798) to work on /home/airflow-vm/data-engineer-batch-processing-financial-services/.venv/lib/python3.10/site-packages/airflow/example_dags/example_short_circuit_decorator.py
[2024-09-03T11:02:07.778+0000] {processor.py:826} INFO - Processing file /home/airflow-vm/data-engineer-batch-processing-financial-services/.venv/lib/python3.10/site-packages/airflow/example_dags/example_short_circuit_decorator.py for tasks to queue
[2024-09-03T11:02:07.779+0000] {logging_mixin.py:149} INFO - [2024-09-03T11:02:07.779+0000] {dagbag.py:541} INFO - Filling up the DagBag from /home/airflow-vm/data-engineer-batch-processing-financial-services/.venv/lib/python3.10/site-packages/airflow/example_dags/example_short_circuit_decorator.py
[2024-09-03T11:02:07.788+0000] {processor.py:836} INFO - DAG(s) dict_keys(['example_short_circuit_decorator']) retrieved from /home/airflow-vm/data-engineer-batch-processing-financial-services/.venv/lib/python3.10/site-packages/airflow/example_dags/example_short_circuit_decorator.py
[2024-09-03T11:02:07.808+0000] {logging_mixin.py:149} INFO - [2024-09-03T11:02:07.808+0000] {dag.py:2726} INFO - Sync 1 DAGs
[2024-09-03T11:02:07.827+0000] {logging_mixin.py:149} INFO - [2024-09-03T11:02:07.827+0000] {dag.py:3486} INFO - Setting next_dagrun for example_short_circuit_decorator to 2024-09-02T11:02:07.826778+00:00, run_after=2024-09-03T11:02:07.826778+00:00
[2024-09-03T11:02:07.857+0000] {processor.py:179} INFO - Processing /home/airflow-vm/data-engineer-batch-processing-financial-services/.venv/lib/python3.10/site-packages/airflow/example_dags/example_short_circuit_decorator.py took 0.082 seconds
[2024-09-03T11:02:55.625+0000] {processor.py:157} INFO - Started process (PID=4977) to work on /home/airflow-vm/data-engineer-batch-processing-financial-services/.venv/lib/python3.10/site-packages/airflow/example_dags/example_short_circuit_decorator.py
[2024-09-03T11:02:55.626+0000] {processor.py:826} INFO - Processing file /home/airflow-vm/data-engineer-batch-processing-financial-services/.venv/lib/python3.10/site-packages/airflow/example_dags/example_short_circuit_decorator.py for tasks to queue
[2024-09-03T11:02:55.627+0000] {logging_mixin.py:149} INFO - [2024-09-03T11:02:55.627+0000] {dagbag.py:541} INFO - Filling up the DagBag from /home/airflow-vm/data-engineer-batch-processing-financial-services/.venv/lib/python3.10/site-packages/airflow/example_dags/example_short_circuit_decorator.py
[2024-09-03T11:02:55.635+0000] {processor.py:836} INFO - DAG(s) dict_keys(['example_short_circuit_decorator']) retrieved from /home/airflow-vm/data-engineer-batch-processing-financial-services/.venv/lib/python3.10/site-packages/airflow/example_dags/example_short_circuit_decorator.py
[2024-09-03T11:02:55.655+0000] {logging_mixin.py:149} INFO - [2024-09-03T11:02:55.655+0000] {dag.py:2726} INFO - Sync 1 DAGs
[2024-09-03T11:02:55.678+0000] {logging_mixin.py:149} INFO - [2024-09-03T11:02:55.678+0000] {dag.py:3486} INFO - Setting next_dagrun for example_short_circuit_decorator to 2024-09-02T11:02:55.677927+00:00, run_after=2024-09-03T11:02:55.677927+00:00
[2024-09-03T11:02:55.712+0000] {processor.py:179} INFO - Processing /home/airflow-vm/data-engineer-batch-processing-financial-services/.venv/lib/python3.10/site-packages/airflow/example_dags/example_short_circuit_decorator.py took 0.089 seconds
[2024-09-03T11:05:07.234+0000] {processor.py:157} INFO - Started process (PID=6328) to work on /home/airflow-vm/data-engineer-batch-processing-financial-services/.venv/lib/python3.10/site-packages/airflow/example_dags/example_short_circuit_decorator.py
[2024-09-03T11:05:07.235+0000] {processor.py:826} INFO - Processing file /home/airflow-vm/data-engineer-batch-processing-financial-services/.venv/lib/python3.10/site-packages/airflow/example_dags/example_short_circuit_decorator.py for tasks to queue
[2024-09-03T11:05:07.235+0000] {logging_mixin.py:149} INFO - [2024-09-03T11:05:07.235+0000] {dagbag.py:541} INFO - Filling up the DagBag from /home/airflow-vm/data-engineer-batch-processing-financial-services/.venv/lib/python3.10/site-packages/airflow/example_dags/example_short_circuit_decorator.py
[2024-09-03T11:05:07.244+0000] {processor.py:836} INFO - DAG(s) dict_keys(['example_short_circuit_decorator']) retrieved from /home/airflow-vm/data-engineer-batch-processing-financial-services/.venv/lib/python3.10/site-packages/airflow/example_dags/example_short_circuit_decorator.py
[2024-09-03T11:05:07.264+0000] {logging_mixin.py:149} INFO - [2024-09-03T11:05:07.264+0000] {dag.py:2726} INFO - Sync 1 DAGs
[2024-09-03T11:05:07.284+0000] {logging_mixin.py:149} INFO - [2024-09-03T11:05:07.284+0000] {dag.py:3486} INFO - Setting next_dagrun for example_short_circuit_decorator to 2024-09-02T11:05:07.284559+00:00, run_after=2024-09-03T11:05:07.284559+00:00
[2024-09-03T11:05:07.313+0000] {processor.py:179} INFO - Processing /home/airflow-vm/data-engineer-batch-processing-financial-services/.venv/lib/python3.10/site-packages/airflow/example_dags/example_short_circuit_decorator.py took 0.081 seconds
[2024-09-03T11:07:31.350+0000] {processor.py:157} INFO - Started process (PID=7356) to work on /home/airflow-vm/data-engineer-batch-processing-financial-services/.venv/lib/python3.10/site-packages/airflow/example_dags/example_short_circuit_decorator.py
[2024-09-03T11:07:31.351+0000] {processor.py:826} INFO - Processing file /home/airflow-vm/data-engineer-batch-processing-financial-services/.venv/lib/python3.10/site-packages/airflow/example_dags/example_short_circuit_decorator.py for tasks to queue
[2024-09-03T11:07:31.352+0000] {logging_mixin.py:149} INFO - [2024-09-03T11:07:31.352+0000] {dagbag.py:541} INFO - Filling up the DagBag from /home/airflow-vm/data-engineer-batch-processing-financial-services/.venv/lib/python3.10/site-packages/airflow/example_dags/example_short_circuit_decorator.py
[2024-09-03T11:07:31.361+0000] {processor.py:836} INFO - DAG(s) dict_keys(['example_short_circuit_decorator']) retrieved from /home/airflow-vm/data-engineer-batch-processing-financial-services/.venv/lib/python3.10/site-packages/airflow/example_dags/example_short_circuit_decorator.py
[2024-09-03T11:07:31.382+0000] {logging_mixin.py:149} INFO - [2024-09-03T11:07:31.382+0000] {dag.py:2726} INFO - Sync 1 DAGs
[2024-09-03T11:07:31.402+0000] {logging_mixin.py:149} INFO - [2024-09-03T11:07:31.402+0000] {dag.py:3486} INFO - Setting next_dagrun for example_short_circuit_decorator to 2024-09-02T11:07:31.402134+00:00, run_after=2024-09-03T11:07:31.402134+00:00
[2024-09-03T11:07:31.432+0000] {processor.py:179} INFO - Processing /home/airflow-vm/data-engineer-batch-processing-financial-services/.venv/lib/python3.10/site-packages/airflow/example_dags/example_short_circuit_decorator.py took 0.084 seconds
[2024-09-03T11:09:37.226+0000] {processor.py:157} INFO - Started process (PID=8221) to work on /home/airflow-vm/data-engineer-batch-processing-financial-services/.venv/lib/python3.10/site-packages/airflow/example_dags/example_short_circuit_decorator.py
[2024-09-03T11:09:37.227+0000] {processor.py:826} INFO - Processing file /home/airflow-vm/data-engineer-batch-processing-financial-services/.venv/lib/python3.10/site-packages/airflow/example_dags/example_short_circuit_decorator.py for tasks to queue
[2024-09-03T11:09:37.227+0000] {logging_mixin.py:149} INFO - [2024-09-03T11:09:37.227+0000] {dagbag.py:541} INFO - Filling up the DagBag from /home/airflow-vm/data-engineer-batch-processing-financial-services/.venv/lib/python3.10/site-packages/airflow/example_dags/example_short_circuit_decorator.py
[2024-09-03T11:09:37.237+0000] {processor.py:836} INFO - DAG(s) dict_keys(['example_short_circuit_decorator']) retrieved from /home/airflow-vm/data-engineer-batch-processing-financial-services/.venv/lib/python3.10/site-packages/airflow/example_dags/example_short_circuit_decorator.py
[2024-09-03T11:09:37.260+0000] {logging_mixin.py:149} INFO - [2024-09-03T11:09:37.260+0000] {dag.py:2726} INFO - Sync 1 DAGs
[2024-09-03T11:09:37.284+0000] {logging_mixin.py:149} INFO - [2024-09-03T11:09:37.284+0000] {dag.py:3486} INFO - Setting next_dagrun for example_short_circuit_decorator to 2024-09-02T11:09:37.284307+00:00, run_after=2024-09-03T11:09:37.284307+00:00
[2024-09-03T11:09:37.317+0000] {processor.py:179} INFO - Processing /home/airflow-vm/data-engineer-batch-processing-financial-services/.venv/lib/python3.10/site-packages/airflow/example_dags/example_short_circuit_decorator.py took 0.094 seconds
[2024-09-03T11:11:43.918+0000] {processor.py:157} INFO - Started process (PID=9094) to work on /home/airflow-vm/data-engineer-batch-processing-financial-services/.venv/lib/python3.10/site-packages/airflow/example_dags/example_short_circuit_decorator.py
[2024-09-03T11:11:43.918+0000] {processor.py:826} INFO - Processing file /home/airflow-vm/data-engineer-batch-processing-financial-services/.venv/lib/python3.10/site-packages/airflow/example_dags/example_short_circuit_decorator.py for tasks to queue
[2024-09-03T11:11:43.919+0000] {logging_mixin.py:149} INFO - [2024-09-03T11:11:43.919+0000] {dagbag.py:541} INFO - Filling up the DagBag from /home/airflow-vm/data-engineer-batch-processing-financial-services/.venv/lib/python3.10/site-packages/airflow/example_dags/example_short_circuit_decorator.py
[2024-09-03T11:11:43.927+0000] {processor.py:836} INFO - DAG(s) dict_keys(['example_short_circuit_decorator']) retrieved from /home/airflow-vm/data-engineer-batch-processing-financial-services/.venv/lib/python3.10/site-packages/airflow/example_dags/example_short_circuit_decorator.py
[2024-09-03T11:11:43.948+0000] {logging_mixin.py:149} INFO - [2024-09-03T11:11:43.947+0000] {dag.py:2726} INFO - Sync 1 DAGs
[2024-09-03T11:11:43.968+0000] {logging_mixin.py:149} INFO - [2024-09-03T11:11:43.968+0000] {dag.py:3486} INFO - Setting next_dagrun for example_short_circuit_decorator to 2024-09-02T11:11:43.968472+00:00, run_after=2024-09-03T11:11:43.968472+00:00
[2024-09-03T11:11:43.997+0000] {processor.py:179} INFO - Processing /home/airflow-vm/data-engineer-batch-processing-financial-services/.venv/lib/python3.10/site-packages/airflow/example_dags/example_short_circuit_decorator.py took 0.082 seconds
[2024-09-03T11:13:51.674+0000] {processor.py:157} INFO - Started process (PID=10001) to work on /home/airflow-vm/data-engineer-batch-processing-financial-services/.venv/lib/python3.10/site-packages/airflow/example_dags/example_short_circuit_decorator.py
[2024-09-03T11:13:51.675+0000] {processor.py:826} INFO - Processing file /home/airflow-vm/data-engineer-batch-processing-financial-services/.venv/lib/python3.10/site-packages/airflow/example_dags/example_short_circuit_decorator.py for tasks to queue
[2024-09-03T11:13:51.675+0000] {logging_mixin.py:149} INFO - [2024-09-03T11:13:51.675+0000] {dagbag.py:541} INFO - Filling up the DagBag from /home/airflow-vm/data-engineer-batch-processing-financial-services/.venv/lib/python3.10/site-packages/airflow/example_dags/example_short_circuit_decorator.py
[2024-09-03T11:13:51.684+0000] {processor.py:836} INFO - DAG(s) dict_keys(['example_short_circuit_decorator']) retrieved from /home/airflow-vm/data-engineer-batch-processing-financial-services/.venv/lib/python3.10/site-packages/airflow/example_dags/example_short_circuit_decorator.py
[2024-09-03T11:13:51.705+0000] {logging_mixin.py:149} INFO - [2024-09-03T11:13:51.705+0000] {dag.py:2726} INFO - Sync 1 DAGs
[2024-09-03T11:13:51.725+0000] {logging_mixin.py:149} INFO - [2024-09-03T11:13:51.724+0000] {dag.py:3486} INFO - Setting next_dagrun for example_short_circuit_decorator to 2024-09-02T11:13:51.724739+00:00, run_after=2024-09-03T11:13:51.724739+00:00
[2024-09-03T11:13:51.752+0000] {processor.py:179} INFO - Processing /home/airflow-vm/data-engineer-batch-processing-financial-services/.venv/lib/python3.10/site-packages/airflow/example_dags/example_short_circuit_decorator.py took 0.081 seconds
[2024-09-03T11:15:55.461+0000] {processor.py:157} INFO - Started process (PID=11139) to work on /home/airflow-vm/data-engineer-batch-processing-financial-services/.venv/lib/python3.10/site-packages/airflow/example_dags/example_short_circuit_decorator.py
[2024-09-03T11:15:55.462+0000] {processor.py:826} INFO - Processing file /home/airflow-vm/data-engineer-batch-processing-financial-services/.venv/lib/python3.10/site-packages/airflow/example_dags/example_short_circuit_decorator.py for tasks to queue
[2024-09-03T11:15:55.462+0000] {logging_mixin.py:149} INFO - [2024-09-03T11:15:55.462+0000] {dagbag.py:541} INFO - Filling up the DagBag from /home/airflow-vm/data-engineer-batch-processing-financial-services/.venv/lib/python3.10/site-packages/airflow/example_dags/example_short_circuit_decorator.py
[2024-09-03T11:15:55.472+0000] {processor.py:836} INFO - DAG(s) dict_keys(['example_short_circuit_decorator']) retrieved from /home/airflow-vm/data-engineer-batch-processing-financial-services/.venv/lib/python3.10/site-packages/airflow/example_dags/example_short_circuit_decorator.py
[2024-09-03T11:15:55.493+0000] {logging_mixin.py:149} INFO - [2024-09-03T11:15:55.493+0000] {dag.py:2726} INFO - Sync 1 DAGs
[2024-09-03T11:15:55.512+0000] {logging_mixin.py:149} INFO - [2024-09-03T11:15:55.512+0000] {dag.py:3486} INFO - Setting next_dagrun for example_short_circuit_decorator to 2024-09-02T11:15:55.512069+00:00, run_after=2024-09-03T11:15:55.512069+00:00
[2024-09-03T11:15:55.541+0000] {processor.py:179} INFO - Processing /home/airflow-vm/data-engineer-batch-processing-financial-services/.venv/lib/python3.10/site-packages/airflow/example_dags/example_short_circuit_decorator.py took 0.084 seconds
[2024-09-03T11:18:21.296+0000] {processor.py:157} INFO - Started process (PID=12427) to work on /home/airflow-vm/data-engineer-batch-processing-financial-services/.venv/lib/python3.10/site-packages/airflow/example_dags/example_short_circuit_decorator.py
[2024-09-03T11:18:21.297+0000] {processor.py:826} INFO - Processing file /home/airflow-vm/data-engineer-batch-processing-financial-services/.venv/lib/python3.10/site-packages/airflow/example_dags/example_short_circuit_decorator.py for tasks to queue
[2024-09-03T11:18:21.297+0000] {logging_mixin.py:149} INFO - [2024-09-03T11:18:21.297+0000] {dagbag.py:541} INFO - Filling up the DagBag from /home/airflow-vm/data-engineer-batch-processing-financial-services/.venv/lib/python3.10/site-packages/airflow/example_dags/example_short_circuit_decorator.py
[2024-09-03T11:18:21.306+0000] {processor.py:836} INFO - DAG(s) dict_keys(['example_short_circuit_decorator']) retrieved from /home/airflow-vm/data-engineer-batch-processing-financial-services/.venv/lib/python3.10/site-packages/airflow/example_dags/example_short_circuit_decorator.py
[2024-09-03T11:18:21.325+0000] {logging_mixin.py:149} INFO - [2024-09-03T11:18:21.325+0000] {dag.py:2726} INFO - Sync 1 DAGs
[2024-09-03T11:18:21.344+0000] {logging_mixin.py:149} INFO - [2024-09-03T11:18:21.344+0000] {dag.py:3486} INFO - Setting next_dagrun for example_short_circuit_decorator to 2024-09-02T11:18:21.344079+00:00, run_after=2024-09-03T11:18:21.344079+00:00
[2024-09-03T11:18:21.373+0000] {processor.py:179} INFO - Processing /home/airflow-vm/data-engineer-batch-processing-financial-services/.venv/lib/python3.10/site-packages/airflow/example_dags/example_short_circuit_decorator.py took 0.080 seconds
[2024-09-03T11:21:04.557+0000] {processor.py:157} INFO - Started process (PID=13832) to work on /home/airflow-vm/data-engineer-batch-processing-financial-services/.venv/lib/python3.10/site-packages/airflow/example_dags/example_short_circuit_decorator.py
[2024-09-03T11:21:04.558+0000] {processor.py:826} INFO - Processing file /home/airflow-vm/data-engineer-batch-processing-financial-services/.venv/lib/python3.10/site-packages/airflow/example_dags/example_short_circuit_decorator.py for tasks to queue
[2024-09-03T11:21:04.558+0000] {logging_mixin.py:149} INFO - [2024-09-03T11:21:04.558+0000] {dagbag.py:541} INFO - Filling up the DagBag from /home/airflow-vm/data-engineer-batch-processing-financial-services/.venv/lib/python3.10/site-packages/airflow/example_dags/example_short_circuit_decorator.py
[2024-09-03T11:21:04.568+0000] {processor.py:836} INFO - DAG(s) dict_keys(['example_short_circuit_decorator']) retrieved from /home/airflow-vm/data-engineer-batch-processing-financial-services/.venv/lib/python3.10/site-packages/airflow/example_dags/example_short_circuit_decorator.py
[2024-09-03T11:21:04.589+0000] {logging_mixin.py:149} INFO - [2024-09-03T11:21:04.589+0000] {dag.py:2726} INFO - Sync 1 DAGs
[2024-09-03T11:21:04.608+0000] {logging_mixin.py:149} INFO - [2024-09-03T11:21:04.607+0000] {dag.py:3486} INFO - Setting next_dagrun for example_short_circuit_decorator to 2024-09-02T11:21:04.607761+00:00, run_after=2024-09-03T11:21:04.607761+00:00
[2024-09-03T11:21:04.639+0000] {processor.py:179} INFO - Processing /home/airflow-vm/data-engineer-batch-processing-financial-services/.venv/lib/python3.10/site-packages/airflow/example_dags/example_short_circuit_decorator.py took 0.085 seconds
[2024-09-03T11:24:01.639+0000] {processor.py:157} INFO - Started process (PID=15238) to work on /home/airflow-vm/data-engineer-batch-processing-financial-services/.venv/lib/python3.10/site-packages/airflow/example_dags/example_short_circuit_decorator.py
[2024-09-03T11:24:01.640+0000] {processor.py:826} INFO - Processing file /home/airflow-vm/data-engineer-batch-processing-financial-services/.venv/lib/python3.10/site-packages/airflow/example_dags/example_short_circuit_decorator.py for tasks to queue
[2024-09-03T11:24:01.641+0000] {logging_mixin.py:149} INFO - [2024-09-03T11:24:01.641+0000] {dagbag.py:541} INFO - Filling up the DagBag from /home/airflow-vm/data-engineer-batch-processing-financial-services/.venv/lib/python3.10/site-packages/airflow/example_dags/example_short_circuit_decorator.py
[2024-09-03T11:24:01.650+0000] {processor.py:836} INFO - DAG(s) dict_keys(['example_short_circuit_decorator']) retrieved from /home/airflow-vm/data-engineer-batch-processing-financial-services/.venv/lib/python3.10/site-packages/airflow/example_dags/example_short_circuit_decorator.py
[2024-09-03T11:24:01.676+0000] {logging_mixin.py:149} INFO - [2024-09-03T11:24:01.676+0000] {dag.py:2726} INFO - Sync 1 DAGs
[2024-09-03T11:24:01.699+0000] {logging_mixin.py:149} INFO - [2024-09-03T11:24:01.699+0000] {dag.py:3486} INFO - Setting next_dagrun for example_short_circuit_decorator to 2024-09-02T11:24:01.698851+00:00, run_after=2024-09-03T11:24:01.698851+00:00
[2024-09-03T11:24:01.732+0000] {processor.py:179} INFO - Processing /home/airflow-vm/data-engineer-batch-processing-financial-services/.venv/lib/python3.10/site-packages/airflow/example_dags/example_short_circuit_decorator.py took 0.096 seconds
[2024-09-03T11:26:44.623+0000] {processor.py:157} INFO - Started process (PID=16378) to work on /home/airflow-vm/data-engineer-batch-processing-financial-services/.venv/lib/python3.10/site-packages/airflow/example_dags/example_short_circuit_decorator.py
[2024-09-03T11:26:44.624+0000] {processor.py:826} INFO - Processing file /home/airflow-vm/data-engineer-batch-processing-financial-services/.venv/lib/python3.10/site-packages/airflow/example_dags/example_short_circuit_decorator.py for tasks to queue
[2024-09-03T11:26:44.624+0000] {logging_mixin.py:149} INFO - [2024-09-03T11:26:44.624+0000] {dagbag.py:541} INFO - Filling up the DagBag from /home/airflow-vm/data-engineer-batch-processing-financial-services/.venv/lib/python3.10/site-packages/airflow/example_dags/example_short_circuit_decorator.py
[2024-09-03T11:26:44.633+0000] {processor.py:836} INFO - DAG(s) dict_keys(['example_short_circuit_decorator']) retrieved from /home/airflow-vm/data-engineer-batch-processing-financial-services/.venv/lib/python3.10/site-packages/airflow/example_dags/example_short_circuit_decorator.py
[2024-09-03T11:26:44.654+0000] {logging_mixin.py:149} INFO - [2024-09-03T11:26:44.654+0000] {dag.py:2726} INFO - Sync 1 DAGs
[2024-09-03T11:26:44.677+0000] {logging_mixin.py:149} INFO - [2024-09-03T11:26:44.677+0000] {dag.py:3486} INFO - Setting next_dagrun for example_short_circuit_decorator to 2024-09-02T11:26:44.676832+00:00, run_after=2024-09-03T11:26:44.676832+00:00
[2024-09-03T11:26:44.713+0000] {processor.py:179} INFO - Processing /home/airflow-vm/data-engineer-batch-processing-financial-services/.venv/lib/python3.10/site-packages/airflow/example_dags/example_short_circuit_decorator.py took 0.093 seconds
[2024-09-03T11:29:59.736+0000] {processor.py:157} INFO - Started process (PID=18029) to work on /home/airflow-vm/data-engineer-batch-processing-financial-services/.venv/lib/python3.10/site-packages/airflow/example_dags/example_short_circuit_decorator.py
[2024-09-03T11:29:59.737+0000] {processor.py:826} INFO - Processing file /home/airflow-vm/data-engineer-batch-processing-financial-services/.venv/lib/python3.10/site-packages/airflow/example_dags/example_short_circuit_decorator.py for tasks to queue
[2024-09-03T11:29:59.738+0000] {logging_mixin.py:149} INFO - [2024-09-03T11:29:59.738+0000] {dagbag.py:541} INFO - Filling up the DagBag from /home/airflow-vm/data-engineer-batch-processing-financial-services/.venv/lib/python3.10/site-packages/airflow/example_dags/example_short_circuit_decorator.py
[2024-09-03T11:29:59.747+0000] {processor.py:836} INFO - DAG(s) dict_keys(['example_short_circuit_decorator']) retrieved from /home/airflow-vm/data-engineer-batch-processing-financial-services/.venv/lib/python3.10/site-packages/airflow/example_dags/example_short_circuit_decorator.py
[2024-09-03T11:29:59.781+0000] {logging_mixin.py:149} INFO - [2024-09-03T11:29:59.781+0000] {dag.py:2726} INFO - Sync 1 DAGs
[2024-09-03T11:29:59.813+0000] {logging_mixin.py:149} INFO - [2024-09-03T11:29:59.813+0000] {dag.py:3486} INFO - Setting next_dagrun for example_short_circuit_decorator to 2024-09-02T11:29:59.813150+00:00, run_after=2024-09-03T11:29:59.813150+00:00
[2024-09-03T11:29:59.866+0000] {processor.py:179} INFO - Processing /home/airflow-vm/data-engineer-batch-processing-financial-services/.venv/lib/python3.10/site-packages/airflow/example_dags/example_short_circuit_decorator.py took 0.134 seconds
[2024-09-03T11:34:20.182+0000] {processor.py:157} INFO - Started process (PID=20522) to work on /home/airflow-vm/data-engineer-batch-processing-financial-services/.venv/lib/python3.10/site-packages/airflow/example_dags/example_short_circuit_decorator.py
[2024-09-03T11:34:20.183+0000] {processor.py:826} INFO - Processing file /home/airflow-vm/data-engineer-batch-processing-financial-services/.venv/lib/python3.10/site-packages/airflow/example_dags/example_short_circuit_decorator.py for tasks to queue
[2024-09-03T11:34:20.184+0000] {logging_mixin.py:149} INFO - [2024-09-03T11:34:20.183+0000] {dagbag.py:541} INFO - Filling up the DagBag from /home/airflow-vm/data-engineer-batch-processing-financial-services/.venv/lib/python3.10/site-packages/airflow/example_dags/example_short_circuit_decorator.py
[2024-09-03T11:34:20.193+0000] {processor.py:836} INFO - DAG(s) dict_keys(['example_short_circuit_decorator']) retrieved from /home/airflow-vm/data-engineer-batch-processing-financial-services/.venv/lib/python3.10/site-packages/airflow/example_dags/example_short_circuit_decorator.py
[2024-09-03T11:34:20.216+0000] {logging_mixin.py:149} INFO - [2024-09-03T11:34:20.216+0000] {dag.py:2726} INFO - Sync 1 DAGs
[2024-09-03T11:34:20.238+0000] {logging_mixin.py:149} INFO - [2024-09-03T11:34:20.237+0000] {dag.py:3486} INFO - Setting next_dagrun for example_short_circuit_decorator to 2024-09-02T11:34:20.237608+00:00, run_after=2024-09-03T11:34:20.237608+00:00
[2024-09-03T11:34:20.269+0000] {processor.py:179} INFO - Processing /home/airflow-vm/data-engineer-batch-processing-financial-services/.venv/lib/python3.10/site-packages/airflow/example_dags/example_short_circuit_decorator.py took 0.091 seconds
[2024-09-03T11:37:16.849+0000] {processor.py:157} INFO - Started process (PID=22561) to work on /home/airflow-vm/data-engineer-batch-processing-financial-services/.venv/lib/python3.10/site-packages/airflow/example_dags/example_short_circuit_decorator.py
[2024-09-03T11:37:16.851+0000] {processor.py:826} INFO - Processing file /home/airflow-vm/data-engineer-batch-processing-financial-services/.venv/lib/python3.10/site-packages/airflow/example_dags/example_short_circuit_decorator.py for tasks to queue
[2024-09-03T11:37:16.851+0000] {logging_mixin.py:149} INFO - [2024-09-03T11:37:16.851+0000] {dagbag.py:541} INFO - Filling up the DagBag from /home/airflow-vm/data-engineer-batch-processing-financial-services/.venv/lib/python3.10/site-packages/airflow/example_dags/example_short_circuit_decorator.py
[2024-09-03T11:37:16.861+0000] {processor.py:836} INFO - DAG(s) dict_keys(['example_short_circuit_decorator']) retrieved from /home/airflow-vm/data-engineer-batch-processing-financial-services/.venv/lib/python3.10/site-packages/airflow/example_dags/example_short_circuit_decorator.py
[2024-09-03T11:37:16.883+0000] {logging_mixin.py:149} INFO - [2024-09-03T11:37:16.882+0000] {dag.py:2726} INFO - Sync 1 DAGs
[2024-09-03T11:37:16.904+0000] {logging_mixin.py:149} INFO - [2024-09-03T11:37:16.903+0000] {dag.py:3486} INFO - Setting next_dagrun for example_short_circuit_decorator to 2024-09-02T11:37:16.903679+00:00, run_after=2024-09-03T11:37:16.903679+00:00
[2024-09-03T11:37:16.933+0000] {processor.py:179} INFO - Processing /home/airflow-vm/data-engineer-batch-processing-financial-services/.venv/lib/python3.10/site-packages/airflow/example_dags/example_short_circuit_decorator.py took 0.086 seconds
[2024-09-03T11:38:05.286+0000] {processor.py:157} INFO - Started process (PID=22758) to work on /home/airflow-vm/data-engineer-batch-processing-financial-services/.venv/lib/python3.10/site-packages/airflow/example_dags/example_short_circuit_decorator.py
[2024-09-03T11:38:05.287+0000] {processor.py:826} INFO - Processing file /home/airflow-vm/data-engineer-batch-processing-financial-services/.venv/lib/python3.10/site-packages/airflow/example_dags/example_short_circuit_decorator.py for tasks to queue
[2024-09-03T11:38:05.287+0000] {logging_mixin.py:149} INFO - [2024-09-03T11:38:05.287+0000] {dagbag.py:541} INFO - Filling up the DagBag from /home/airflow-vm/data-engineer-batch-processing-financial-services/.venv/lib/python3.10/site-packages/airflow/example_dags/example_short_circuit_decorator.py
[2024-09-03T11:38:05.297+0000] {processor.py:836} INFO - DAG(s) dict_keys(['example_short_circuit_decorator']) retrieved from /home/airflow-vm/data-engineer-batch-processing-financial-services/.venv/lib/python3.10/site-packages/airflow/example_dags/example_short_circuit_decorator.py
[2024-09-03T11:38:05.318+0000] {logging_mixin.py:149} INFO - [2024-09-03T11:38:05.318+0000] {dag.py:2726} INFO - Sync 1 DAGs
[2024-09-03T11:38:05.339+0000] {logging_mixin.py:149} INFO - [2024-09-03T11:38:05.339+0000] {dag.py:3486} INFO - Setting next_dagrun for example_short_circuit_decorator to 2024-09-02T11:38:05.338900+00:00, run_after=2024-09-03T11:38:05.338900+00:00
[2024-09-03T11:38:05.372+0000] {processor.py:179} INFO - Processing /home/airflow-vm/data-engineer-batch-processing-financial-services/.venv/lib/python3.10/site-packages/airflow/example_dags/example_short_circuit_decorator.py took 0.089 seconds
[2024-09-03T11:38:54.697+0000] {processor.py:157} INFO - Started process (PID=22985) to work on /home/airflow-vm/data-engineer-batch-processing-financial-services/.venv/lib/python3.10/site-packages/airflow/example_dags/example_short_circuit_decorator.py
[2024-09-03T11:38:54.698+0000] {processor.py:826} INFO - Processing file /home/airflow-vm/data-engineer-batch-processing-financial-services/.venv/lib/python3.10/site-packages/airflow/example_dags/example_short_circuit_decorator.py for tasks to queue
[2024-09-03T11:38:54.699+0000] {logging_mixin.py:149} INFO - [2024-09-03T11:38:54.698+0000] {dagbag.py:541} INFO - Filling up the DagBag from /home/airflow-vm/data-engineer-batch-processing-financial-services/.venv/lib/python3.10/site-packages/airflow/example_dags/example_short_circuit_decorator.py
[2024-09-03T11:38:54.708+0000] {processor.py:836} INFO - DAG(s) dict_keys(['example_short_circuit_decorator']) retrieved from /home/airflow-vm/data-engineer-batch-processing-financial-services/.venv/lib/python3.10/site-packages/airflow/example_dags/example_short_circuit_decorator.py
[2024-09-03T11:38:54.730+0000] {logging_mixin.py:149} INFO - [2024-09-03T11:38:54.730+0000] {dag.py:2726} INFO - Sync 1 DAGs
[2024-09-03T11:38:54.751+0000] {logging_mixin.py:149} INFO - [2024-09-03T11:38:54.751+0000] {dag.py:3486} INFO - Setting next_dagrun for example_short_circuit_decorator to 2024-09-02T11:38:54.751251+00:00, run_after=2024-09-03T11:38:54.751251+00:00
[2024-09-03T11:38:54.785+0000] {processor.py:179} INFO - Processing /home/airflow-vm/data-engineer-batch-processing-financial-services/.venv/lib/python3.10/site-packages/airflow/example_dags/example_short_circuit_decorator.py took 0.092 seconds
[2024-09-03T11:39:40.092+0000] {processor.py:157} INFO - Started process (PID=23222) to work on /home/airflow-vm/data-engineer-batch-processing-financial-services/.venv/lib/python3.10/site-packages/airflow/example_dags/example_short_circuit_decorator.py
[2024-09-03T11:39:40.093+0000] {processor.py:826} INFO - Processing file /home/airflow-vm/data-engineer-batch-processing-financial-services/.venv/lib/python3.10/site-packages/airflow/example_dags/example_short_circuit_decorator.py for tasks to queue
[2024-09-03T11:39:40.094+0000] {logging_mixin.py:149} INFO - [2024-09-03T11:39:40.093+0000] {dagbag.py:541} INFO - Filling up the DagBag from /home/airflow-vm/data-engineer-batch-processing-financial-services/.venv/lib/python3.10/site-packages/airflow/example_dags/example_short_circuit_decorator.py
[2024-09-03T11:39:40.107+0000] {processor.py:836} INFO - DAG(s) dict_keys(['example_short_circuit_decorator']) retrieved from /home/airflow-vm/data-engineer-batch-processing-financial-services/.venv/lib/python3.10/site-packages/airflow/example_dags/example_short_circuit_decorator.py
[2024-09-03T11:39:40.140+0000] {logging_mixin.py:149} INFO - [2024-09-03T11:39:40.139+0000] {dag.py:2726} INFO - Sync 1 DAGs
[2024-09-03T11:39:40.171+0000] {logging_mixin.py:149} INFO - [2024-09-03T11:39:40.171+0000] {dag.py:3486} INFO - Setting next_dagrun for example_short_circuit_decorator to 2024-09-02T11:39:40.170784+00:00, run_after=2024-09-03T11:39:40.170784+00:00
[2024-09-03T11:39:40.204+0000] {processor.py:179} INFO - Processing /home/airflow-vm/data-engineer-batch-processing-financial-services/.venv/lib/python3.10/site-packages/airflow/example_dags/example_short_circuit_decorator.py took 0.116 seconds
[2024-09-03T11:43:51.086+0000] {processor.py:157} INFO - Started process (PID=25861) to work on /home/airflow-vm/data-engineer-batch-processing-financial-services/.venv/lib/python3.10/site-packages/airflow/example_dags/example_short_circuit_decorator.py
[2024-09-03T11:43:51.086+0000] {processor.py:826} INFO - Processing file /home/airflow-vm/data-engineer-batch-processing-financial-services/.venv/lib/python3.10/site-packages/airflow/example_dags/example_short_circuit_decorator.py for tasks to queue
[2024-09-03T11:43:51.087+0000] {logging_mixin.py:149} INFO - [2024-09-03T11:43:51.087+0000] {dagbag.py:541} INFO - Filling up the DagBag from /home/airflow-vm/data-engineer-batch-processing-financial-services/.venv/lib/python3.10/site-packages/airflow/example_dags/example_short_circuit_decorator.py
[2024-09-03T11:43:51.096+0000] {processor.py:836} INFO - DAG(s) dict_keys(['example_short_circuit_decorator']) retrieved from /home/airflow-vm/data-engineer-batch-processing-financial-services/.venv/lib/python3.10/site-packages/airflow/example_dags/example_short_circuit_decorator.py
[2024-09-03T11:43:51.116+0000] {logging_mixin.py:149} INFO - [2024-09-03T11:43:51.116+0000] {dag.py:2726} INFO - Sync 1 DAGs
[2024-09-03T11:43:51.135+0000] {logging_mixin.py:149} INFO - [2024-09-03T11:43:51.135+0000] {dag.py:3486} INFO - Setting next_dagrun for example_short_circuit_decorator to 2024-09-02T11:43:51.134804+00:00, run_after=2024-09-03T11:43:51.134804+00:00
[2024-09-03T11:43:51.164+0000] {processor.py:179} INFO - Processing /home/airflow-vm/data-engineer-batch-processing-financial-services/.venv/lib/python3.10/site-packages/airflow/example_dags/example_short_circuit_decorator.py took 0.081 seconds
[2024-09-03T11:47:52.252+0000] {processor.py:157} INFO - Started process (PID=27862) to work on /home/airflow-vm/data-engineer-batch-processing-financial-services/.venv/lib/python3.10/site-packages/airflow/example_dags/example_short_circuit_decorator.py
[2024-09-03T11:47:52.252+0000] {processor.py:826} INFO - Processing file /home/airflow-vm/data-engineer-batch-processing-financial-services/.venv/lib/python3.10/site-packages/airflow/example_dags/example_short_circuit_decorator.py for tasks to queue
[2024-09-03T11:47:52.253+0000] {logging_mixin.py:149} INFO - [2024-09-03T11:47:52.253+0000] {dagbag.py:541} INFO - Filling up the DagBag from /home/airflow-vm/data-engineer-batch-processing-financial-services/.venv/lib/python3.10/site-packages/airflow/example_dags/example_short_circuit_decorator.py
[2024-09-03T11:47:52.262+0000] {processor.py:836} INFO - DAG(s) dict_keys(['example_short_circuit_decorator']) retrieved from /home/airflow-vm/data-engineer-batch-processing-financial-services/.venv/lib/python3.10/site-packages/airflow/example_dags/example_short_circuit_decorator.py
[2024-09-03T11:47:52.284+0000] {logging_mixin.py:149} INFO - [2024-09-03T11:47:52.284+0000] {dag.py:2726} INFO - Sync 1 DAGs
[2024-09-03T11:47:52.304+0000] {logging_mixin.py:149} INFO - [2024-09-03T11:47:52.303+0000] {dag.py:3486} INFO - Setting next_dagrun for example_short_circuit_decorator to 2024-09-02T11:47:52.303631+00:00, run_after=2024-09-03T11:47:52.303631+00:00
[2024-09-03T11:47:52.331+0000] {processor.py:179} INFO - Processing /home/airflow-vm/data-engineer-batch-processing-financial-services/.venv/lib/python3.10/site-packages/airflow/example_dags/example_short_circuit_decorator.py took 0.082 seconds
[2024-09-03T11:50:21.727+0000] {processor.py:157} INFO - Started process (PID=29653) to work on /home/airflow-vm/data-engineer-batch-processing-financial-services/.venv/lib/python3.10/site-packages/airflow/example_dags/example_short_circuit_decorator.py
[2024-09-03T11:50:21.728+0000] {processor.py:826} INFO - Processing file /home/airflow-vm/data-engineer-batch-processing-financial-services/.venv/lib/python3.10/site-packages/airflow/example_dags/example_short_circuit_decorator.py for tasks to queue
[2024-09-03T11:50:21.728+0000] {logging_mixin.py:149} INFO - [2024-09-03T11:50:21.728+0000] {dagbag.py:541} INFO - Filling up the DagBag from /home/airflow-vm/data-engineer-batch-processing-financial-services/.venv/lib/python3.10/site-packages/airflow/example_dags/example_short_circuit_decorator.py
[2024-09-03T11:50:21.737+0000] {processor.py:836} INFO - DAG(s) dict_keys(['example_short_circuit_decorator']) retrieved from /home/airflow-vm/data-engineer-batch-processing-financial-services/.venv/lib/python3.10/site-packages/airflow/example_dags/example_short_circuit_decorator.py
[2024-09-03T11:50:21.756+0000] {logging_mixin.py:149} INFO - [2024-09-03T11:50:21.756+0000] {dag.py:2726} INFO - Sync 1 DAGs
[2024-09-03T11:50:21.776+0000] {logging_mixin.py:149} INFO - [2024-09-03T11:50:21.776+0000] {dag.py:3486} INFO - Setting next_dagrun for example_short_circuit_decorator to 2024-09-02T11:50:21.776499+00:00, run_after=2024-09-03T11:50:21.776499+00:00
[2024-09-03T11:50:21.812+0000] {processor.py:179} INFO - Processing /home/airflow-vm/data-engineer-batch-processing-financial-services/.venv/lib/python3.10/site-packages/airflow/example_dags/example_short_circuit_decorator.py took 0.088 seconds
[2024-09-03T11:51:06.011+0000] {processor.py:157} INFO - Started process (PID=29700) to work on /home/airflow-vm/data-engineer-batch-processing-financial-services/.venv/lib/python3.10/site-packages/airflow/example_dags/example_short_circuit_decorator.py
[2024-09-03T11:51:06.012+0000] {processor.py:826} INFO - Processing file /home/airflow-vm/data-engineer-batch-processing-financial-services/.venv/lib/python3.10/site-packages/airflow/example_dags/example_short_circuit_decorator.py for tasks to queue
[2024-09-03T11:51:06.013+0000] {logging_mixin.py:149} INFO - [2024-09-03T11:51:06.013+0000] {dagbag.py:541} INFO - Filling up the DagBag from /home/airflow-vm/data-engineer-batch-processing-financial-services/.venv/lib/python3.10/site-packages/airflow/example_dags/example_short_circuit_decorator.py
[2024-09-03T11:51:06.021+0000] {processor.py:836} INFO - DAG(s) dict_keys(['example_short_circuit_decorator']) retrieved from /home/airflow-vm/data-engineer-batch-processing-financial-services/.venv/lib/python3.10/site-packages/airflow/example_dags/example_short_circuit_decorator.py
[2024-09-03T11:51:06.041+0000] {logging_mixin.py:149} INFO - [2024-09-03T11:51:06.041+0000] {dag.py:2726} INFO - Sync 1 DAGs
[2024-09-03T11:51:06.060+0000] {logging_mixin.py:149} INFO - [2024-09-03T11:51:06.060+0000] {dag.py:3486} INFO - Setting next_dagrun for example_short_circuit_decorator to 2024-09-02T11:51:06.060279+00:00, run_after=2024-09-03T11:51:06.060279+00:00
[2024-09-03T11:51:06.088+0000] {processor.py:179} INFO - Processing /home/airflow-vm/data-engineer-batch-processing-financial-services/.venv/lib/python3.10/site-packages/airflow/example_dags/example_short_circuit_decorator.py took 0.080 seconds
[2024-09-03T11:51:49.937+0000] {processor.py:157} INFO - Started process (PID=29749) to work on /home/airflow-vm/data-engineer-batch-processing-financial-services/.venv/lib/python3.10/site-packages/airflow/example_dags/example_short_circuit_decorator.py
[2024-09-03T11:51:49.938+0000] {processor.py:826} INFO - Processing file /home/airflow-vm/data-engineer-batch-processing-financial-services/.venv/lib/python3.10/site-packages/airflow/example_dags/example_short_circuit_decorator.py for tasks to queue
[2024-09-03T11:51:49.938+0000] {logging_mixin.py:149} INFO - [2024-09-03T11:51:49.938+0000] {dagbag.py:541} INFO - Filling up the DagBag from /home/airflow-vm/data-engineer-batch-processing-financial-services/.venv/lib/python3.10/site-packages/airflow/example_dags/example_short_circuit_decorator.py
[2024-09-03T11:51:49.946+0000] {processor.py:836} INFO - DAG(s) dict_keys(['example_short_circuit_decorator']) retrieved from /home/airflow-vm/data-engineer-batch-processing-financial-services/.venv/lib/python3.10/site-packages/airflow/example_dags/example_short_circuit_decorator.py
[2024-09-03T11:51:49.967+0000] {logging_mixin.py:149} INFO - [2024-09-03T11:51:49.967+0000] {dag.py:2726} INFO - Sync 1 DAGs
[2024-09-03T11:51:49.987+0000] {logging_mixin.py:149} INFO - [2024-09-03T11:51:49.987+0000] {dag.py:3486} INFO - Setting next_dagrun for example_short_circuit_decorator to 2024-09-02T11:51:49.987258+00:00, run_after=2024-09-03T11:51:49.987258+00:00
[2024-09-03T11:51:50.016+0000] {processor.py:179} INFO - Processing /home/airflow-vm/data-engineer-batch-processing-financial-services/.venv/lib/python3.10/site-packages/airflow/example_dags/example_short_circuit_decorator.py took 0.082 seconds
[2024-09-03T11:52:36.304+0000] {processor.py:157} INFO - Started process (PID=29796) to work on /home/airflow-vm/data-engineer-batch-processing-financial-services/.venv/lib/python3.10/site-packages/airflow/example_dags/example_short_circuit_decorator.py
[2024-09-03T11:52:36.305+0000] {processor.py:826} INFO - Processing file /home/airflow-vm/data-engineer-batch-processing-financial-services/.venv/lib/python3.10/site-packages/airflow/example_dags/example_short_circuit_decorator.py for tasks to queue
[2024-09-03T11:52:36.305+0000] {logging_mixin.py:149} INFO - [2024-09-03T11:52:36.305+0000] {dagbag.py:541} INFO - Filling up the DagBag from /home/airflow-vm/data-engineer-batch-processing-financial-services/.venv/lib/python3.10/site-packages/airflow/example_dags/example_short_circuit_decorator.py
[2024-09-03T11:52:36.314+0000] {processor.py:836} INFO - DAG(s) dict_keys(['example_short_circuit_decorator']) retrieved from /home/airflow-vm/data-engineer-batch-processing-financial-services/.venv/lib/python3.10/site-packages/airflow/example_dags/example_short_circuit_decorator.py
[2024-09-03T11:52:36.335+0000] {logging_mixin.py:149} INFO - [2024-09-03T11:52:36.335+0000] {dag.py:2726} INFO - Sync 1 DAGs
[2024-09-03T11:52:36.357+0000] {logging_mixin.py:149} INFO - [2024-09-03T11:52:36.357+0000] {dag.py:3486} INFO - Setting next_dagrun for example_short_circuit_decorator to 2024-09-02T11:52:36.357319+00:00, run_after=2024-09-03T11:52:36.357319+00:00
[2024-09-03T11:52:36.391+0000] {processor.py:179} INFO - Processing /home/airflow-vm/data-engineer-batch-processing-financial-services/.venv/lib/python3.10/site-packages/airflow/example_dags/example_short_circuit_decorator.py took 0.089 seconds
[2024-09-03T11:53:22.660+0000] {processor.py:157} INFO - Started process (PID=29872) to work on /home/airflow-vm/data-engineer-batch-processing-financial-services/.venv/lib/python3.10/site-packages/airflow/example_dags/example_short_circuit_decorator.py
[2024-09-03T11:53:22.661+0000] {processor.py:826} INFO - Processing file /home/airflow-vm/data-engineer-batch-processing-financial-services/.venv/lib/python3.10/site-packages/airflow/example_dags/example_short_circuit_decorator.py for tasks to queue
[2024-09-03T11:53:22.662+0000] {logging_mixin.py:149} INFO - [2024-09-03T11:53:22.662+0000] {dagbag.py:541} INFO - Filling up the DagBag from /home/airflow-vm/data-engineer-batch-processing-financial-services/.venv/lib/python3.10/site-packages/airflow/example_dags/example_short_circuit_decorator.py
[2024-09-03T11:53:22.671+0000] {processor.py:836} INFO - DAG(s) dict_keys(['example_short_circuit_decorator']) retrieved from /home/airflow-vm/data-engineer-batch-processing-financial-services/.venv/lib/python3.10/site-packages/airflow/example_dags/example_short_circuit_decorator.py
[2024-09-03T11:53:22.693+0000] {logging_mixin.py:149} INFO - [2024-09-03T11:53:22.693+0000] {dag.py:2726} INFO - Sync 1 DAGs
[2024-09-03T11:53:22.714+0000] {logging_mixin.py:149} INFO - [2024-09-03T11:53:22.714+0000] {dag.py:3486} INFO - Setting next_dagrun for example_short_circuit_decorator to 2024-09-02T11:53:22.714147+00:00, run_after=2024-09-03T11:53:22.714147+00:00
[2024-09-03T11:53:22.744+0000] {processor.py:179} INFO - Processing /home/airflow-vm/data-engineer-batch-processing-financial-services/.venv/lib/python3.10/site-packages/airflow/example_dags/example_short_circuit_decorator.py took 0.087 seconds
[2024-09-03T11:54:10.625+0000] {processor.py:157} INFO - Started process (PID=29921) to work on /home/airflow-vm/data-engineer-batch-processing-financial-services/.venv/lib/python3.10/site-packages/airflow/example_dags/example_short_circuit_decorator.py
[2024-09-03T11:54:10.626+0000] {processor.py:826} INFO - Processing file /home/airflow-vm/data-engineer-batch-processing-financial-services/.venv/lib/python3.10/site-packages/airflow/example_dags/example_short_circuit_decorator.py for tasks to queue
[2024-09-03T11:54:10.627+0000] {logging_mixin.py:149} INFO - [2024-09-03T11:54:10.627+0000] {dagbag.py:541} INFO - Filling up the DagBag from /home/airflow-vm/data-engineer-batch-processing-financial-services/.venv/lib/python3.10/site-packages/airflow/example_dags/example_short_circuit_decorator.py
[2024-09-03T11:54:10.636+0000] {processor.py:836} INFO - DAG(s) dict_keys(['example_short_circuit_decorator']) retrieved from /home/airflow-vm/data-engineer-batch-processing-financial-services/.venv/lib/python3.10/site-packages/airflow/example_dags/example_short_circuit_decorator.py
[2024-09-03T11:54:10.658+0000] {logging_mixin.py:149} INFO - [2024-09-03T11:54:10.657+0000] {dag.py:2726} INFO - Sync 1 DAGs
[2024-09-03T11:54:10.681+0000] {logging_mixin.py:149} INFO - [2024-09-03T11:54:10.680+0000] {dag.py:3486} INFO - Setting next_dagrun for example_short_circuit_decorator to 2024-09-02T11:54:10.680671+00:00, run_after=2024-09-03T11:54:10.680671+00:00
[2024-09-03T11:54:10.710+0000] {processor.py:179} INFO - Processing /home/airflow-vm/data-engineer-batch-processing-financial-services/.venv/lib/python3.10/site-packages/airflow/example_dags/example_short_circuit_decorator.py took 0.088 seconds
[2024-09-03T11:55:01.260+0000] {processor.py:157} INFO - Started process (PID=29978) to work on /home/airflow-vm/data-engineer-batch-processing-financial-services/.venv/lib/python3.10/site-packages/airflow/example_dags/example_short_circuit_decorator.py
[2024-09-03T11:55:01.261+0000] {processor.py:826} INFO - Processing file /home/airflow-vm/data-engineer-batch-processing-financial-services/.venv/lib/python3.10/site-packages/airflow/example_dags/example_short_circuit_decorator.py for tasks to queue
[2024-09-03T11:55:01.261+0000] {logging_mixin.py:149} INFO - [2024-09-03T11:55:01.261+0000] {dagbag.py:541} INFO - Filling up the DagBag from /home/airflow-vm/data-engineer-batch-processing-financial-services/.venv/lib/python3.10/site-packages/airflow/example_dags/example_short_circuit_decorator.py
[2024-09-03T11:55:01.270+0000] {processor.py:836} INFO - DAG(s) dict_keys(['example_short_circuit_decorator']) retrieved from /home/airflow-vm/data-engineer-batch-processing-financial-services/.venv/lib/python3.10/site-packages/airflow/example_dags/example_short_circuit_decorator.py
[2024-09-03T11:55:01.289+0000] {logging_mixin.py:149} INFO - [2024-09-03T11:55:01.289+0000] {dag.py:2726} INFO - Sync 1 DAGs
[2024-09-03T11:55:01.307+0000] {logging_mixin.py:149} INFO - [2024-09-03T11:55:01.307+0000] {dag.py:3486} INFO - Setting next_dagrun for example_short_circuit_decorator to 2024-09-02T11:55:01.307518+00:00, run_after=2024-09-03T11:55:01.307518+00:00
[2024-09-03T11:55:01.334+0000] {processor.py:179} INFO - Processing /home/airflow-vm/data-engineer-batch-processing-financial-services/.venv/lib/python3.10/site-packages/airflow/example_dags/example_short_circuit_decorator.py took 0.077 seconds
[2024-09-03T11:55:45.083+0000] {processor.py:157} INFO - Started process (PID=30026) to work on /home/airflow-vm/data-engineer-batch-processing-financial-services/.venv/lib/python3.10/site-packages/airflow/example_dags/example_short_circuit_decorator.py
[2024-09-03T11:55:45.084+0000] {processor.py:826} INFO - Processing file /home/airflow-vm/data-engineer-batch-processing-financial-services/.venv/lib/python3.10/site-packages/airflow/example_dags/example_short_circuit_decorator.py for tasks to queue
[2024-09-03T11:55:45.085+0000] {logging_mixin.py:149} INFO - [2024-09-03T11:55:45.085+0000] {dagbag.py:541} INFO - Filling up the DagBag from /home/airflow-vm/data-engineer-batch-processing-financial-services/.venv/lib/python3.10/site-packages/airflow/example_dags/example_short_circuit_decorator.py
[2024-09-03T11:55:45.093+0000] {processor.py:836} INFO - DAG(s) dict_keys(['example_short_circuit_decorator']) retrieved from /home/airflow-vm/data-engineer-batch-processing-financial-services/.venv/lib/python3.10/site-packages/airflow/example_dags/example_short_circuit_decorator.py
[2024-09-03T11:55:45.113+0000] {logging_mixin.py:149} INFO - [2024-09-03T11:55:45.113+0000] {dag.py:2726} INFO - Sync 1 DAGs
[2024-09-03T11:55:45.132+0000] {logging_mixin.py:149} INFO - [2024-09-03T11:55:45.132+0000] {dag.py:3486} INFO - Setting next_dagrun for example_short_circuit_decorator to 2024-09-02T11:55:45.131785+00:00, run_after=2024-09-03T11:55:45.131785+00:00
[2024-09-03T11:55:45.163+0000] {processor.py:179} INFO - Processing /home/airflow-vm/data-engineer-batch-processing-financial-services/.venv/lib/python3.10/site-packages/airflow/example_dags/example_short_circuit_decorator.py took 0.083 seconds
[2024-09-03T11:56:32.779+0000] {processor.py:157} INFO - Started process (PID=30076) to work on /home/airflow-vm/data-engineer-batch-processing-financial-services/.venv/lib/python3.10/site-packages/airflow/example_dags/example_short_circuit_decorator.py
[2024-09-03T11:56:32.780+0000] {processor.py:826} INFO - Processing file /home/airflow-vm/data-engineer-batch-processing-financial-services/.venv/lib/python3.10/site-packages/airflow/example_dags/example_short_circuit_decorator.py for tasks to queue
[2024-09-03T11:56:32.780+0000] {logging_mixin.py:149} INFO - [2024-09-03T11:56:32.780+0000] {dagbag.py:541} INFO - Filling up the DagBag from /home/airflow-vm/data-engineer-batch-processing-financial-services/.venv/lib/python3.10/site-packages/airflow/example_dags/example_short_circuit_decorator.py
[2024-09-03T11:56:32.789+0000] {processor.py:836} INFO - DAG(s) dict_keys(['example_short_circuit_decorator']) retrieved from /home/airflow-vm/data-engineer-batch-processing-financial-services/.venv/lib/python3.10/site-packages/airflow/example_dags/example_short_circuit_decorator.py
[2024-09-03T11:56:32.811+0000] {logging_mixin.py:149} INFO - [2024-09-03T11:56:32.811+0000] {dag.py:2726} INFO - Sync 1 DAGs
[2024-09-03T11:56:32.831+0000] {logging_mixin.py:149} INFO - [2024-09-03T11:56:32.831+0000] {dag.py:3486} INFO - Setting next_dagrun for example_short_circuit_decorator to 2024-09-02T11:56:32.831043+00:00, run_after=2024-09-03T11:56:32.831043+00:00
[2024-09-03T11:56:32.864+0000] {processor.py:179} INFO - Processing /home/airflow-vm/data-engineer-batch-processing-financial-services/.venv/lib/python3.10/site-packages/airflow/example_dags/example_short_circuit_decorator.py took 0.088 seconds
