[2024-09-03T10:57:55.216+0000] {processor.py:157} INFO - Started process (PID=3217) to work on /home/airflow-vm/data-engineer-batch-processing-financial-services/.venv/lib/python3.10/site-packages/airflow/example_dags/example_xcomargs.py
[2024-09-03T10:57:55.217+0000] {processor.py:826} INFO - Processing file /home/airflow-vm/data-engineer-batch-processing-financial-services/.venv/lib/python3.10/site-packages/airflow/example_dags/example_xcomargs.py for tasks to queue
[2024-09-03T10:57:55.218+0000] {logging_mixin.py:149} INFO - [2024-09-03T10:57:55.217+0000] {dagbag.py:541} INFO - Filling up the DagBag from /home/airflow-vm/data-engineer-batch-processing-financial-services/.venv/lib/python3.10/site-packages/airflow/example_dags/example_xcomargs.py
[2024-09-03T10:57:55.227+0000] {processor.py:836} INFO - DAG(s) dict_keys(['example_xcom_args', 'example_xcom_args_with_operators']) retrieved from /home/airflow-vm/data-engineer-batch-processing-financial-services/.venv/lib/python3.10/site-packages/airflow/example_dags/example_xcomargs.py
[2024-09-03T10:57:55.254+0000] {logging_mixin.py:149} INFO - [2024-09-03T10:57:55.254+0000] {dag.py:2726} INFO - Sync 2 DAGs
[2024-09-03T10:57:55.275+0000] {logging_mixin.py:149} INFO - [2024-09-03T10:57:55.274+0000] {dag.py:3486} INFO - Setting next_dagrun for example_xcom_args to None, run_after=None
[2024-09-03T10:57:55.278+0000] {logging_mixin.py:149} INFO - [2024-09-03T10:57:55.277+0000] {dag.py:3486} INFO - Setting next_dagrun for example_xcom_args_with_operators to None, run_after=None
[2024-09-03T10:57:55.303+0000] {processor.py:179} INFO - Processing /home/airflow-vm/data-engineer-batch-processing-financial-services/.venv/lib/python3.10/site-packages/airflow/example_dags/example_xcomargs.py took 0.090 seconds
[2024-09-03T10:58:42.998+0000] {processor.py:157} INFO - Started process (PID=3694) to work on /home/airflow-vm/data-engineer-batch-processing-financial-services/.venv/lib/python3.10/site-packages/airflow/example_dags/example_xcomargs.py
[2024-09-03T10:58:42.998+0000] {processor.py:826} INFO - Processing file /home/airflow-vm/data-engineer-batch-processing-financial-services/.venv/lib/python3.10/site-packages/airflow/example_dags/example_xcomargs.py for tasks to queue
[2024-09-03T10:58:42.999+0000] {logging_mixin.py:149} INFO - [2024-09-03T10:58:42.999+0000] {dagbag.py:541} INFO - Filling up the DagBag from /home/airflow-vm/data-engineer-batch-processing-financial-services/.venv/lib/python3.10/site-packages/airflow/example_dags/example_xcomargs.py
[2024-09-03T10:58:43.006+0000] {processor.py:836} INFO - DAG(s) dict_keys(['example_xcom_args', 'example_xcom_args_with_operators']) retrieved from /home/airflow-vm/data-engineer-batch-processing-financial-services/.venv/lib/python3.10/site-packages/airflow/example_dags/example_xcomargs.py
[2024-09-03T10:58:43.025+0000] {logging_mixin.py:149} INFO - [2024-09-03T10:58:43.025+0000] {dag.py:2726} INFO - Sync 2 DAGs
[2024-09-03T10:58:43.044+0000] {logging_mixin.py:149} INFO - [2024-09-03T10:58:43.044+0000] {dag.py:3486} INFO - Setting next_dagrun for example_xcom_args to None, run_after=None
[2024-09-03T10:58:43.047+0000] {logging_mixin.py:149} INFO - [2024-09-03T10:58:43.047+0000] {dag.py:3486} INFO - Setting next_dagrun for example_xcom_args_with_operators to None, run_after=None
[2024-09-03T10:58:43.073+0000] {processor.py:179} INFO - Processing /home/airflow-vm/data-engineer-batch-processing-financial-services/.venv/lib/python3.10/site-packages/airflow/example_dags/example_xcomargs.py took 0.078 seconds
[2024-09-03T10:59:29.381+0000] {processor.py:157} INFO - Started process (PID=3846) to work on /home/airflow-vm/data-engineer-batch-processing-financial-services/.venv/lib/python3.10/site-packages/airflow/example_dags/example_xcomargs.py
[2024-09-03T10:59:29.382+0000] {processor.py:826} INFO - Processing file /home/airflow-vm/data-engineer-batch-processing-financial-services/.venv/lib/python3.10/site-packages/airflow/example_dags/example_xcomargs.py for tasks to queue
[2024-09-03T10:59:29.383+0000] {logging_mixin.py:149} INFO - [2024-09-03T10:59:29.383+0000] {dagbag.py:541} INFO - Filling up the DagBag from /home/airflow-vm/data-engineer-batch-processing-financial-services/.venv/lib/python3.10/site-packages/airflow/example_dags/example_xcomargs.py
[2024-09-03T10:59:29.390+0000] {processor.py:836} INFO - DAG(s) dict_keys(['example_xcom_args_with_operators', 'example_xcom_args']) retrieved from /home/airflow-vm/data-engineer-batch-processing-financial-services/.venv/lib/python3.10/site-packages/airflow/example_dags/example_xcomargs.py
[2024-09-03T10:59:29.411+0000] {logging_mixin.py:149} INFO - [2024-09-03T10:59:29.410+0000] {dag.py:2726} INFO - Sync 2 DAGs
[2024-09-03T10:59:29.429+0000] {logging_mixin.py:149} INFO - [2024-09-03T10:59:29.429+0000] {dag.py:3486} INFO - Setting next_dagrun for example_xcom_args to None, run_after=None
[2024-09-03T10:59:29.432+0000] {logging_mixin.py:149} INFO - [2024-09-03T10:59:29.431+0000] {dag.py:3486} INFO - Setting next_dagrun for example_xcom_args_with_operators to None, run_after=None
[2024-09-03T10:59:29.459+0000] {processor.py:179} INFO - Processing /home/airflow-vm/data-engineer-batch-processing-financial-services/.venv/lib/python3.10/site-packages/airflow/example_dags/example_xcomargs.py took 0.081 seconds
[2024-09-03T11:00:12.136+0000] {processor.py:157} INFO - Started process (PID=4065) to work on /home/airflow-vm/data-engineer-batch-processing-financial-services/.venv/lib/python3.10/site-packages/airflow/example_dags/example_xcomargs.py
[2024-09-03T11:00:12.137+0000] {processor.py:826} INFO - Processing file /home/airflow-vm/data-engineer-batch-processing-financial-services/.venv/lib/python3.10/site-packages/airflow/example_dags/example_xcomargs.py for tasks to queue
[2024-09-03T11:00:12.137+0000] {logging_mixin.py:149} INFO - [2024-09-03T11:00:12.137+0000] {dagbag.py:541} INFO - Filling up the DagBag from /home/airflow-vm/data-engineer-batch-processing-financial-services/.venv/lib/python3.10/site-packages/airflow/example_dags/example_xcomargs.py
[2024-09-03T11:00:12.144+0000] {processor.py:836} INFO - DAG(s) dict_keys(['example_xcom_args', 'example_xcom_args_with_operators']) retrieved from /home/airflow-vm/data-engineer-batch-processing-financial-services/.venv/lib/python3.10/site-packages/airflow/example_dags/example_xcomargs.py
[2024-09-03T11:00:12.166+0000] {logging_mixin.py:149} INFO - [2024-09-03T11:00:12.166+0000] {dag.py:2726} INFO - Sync 2 DAGs
[2024-09-03T11:00:12.186+0000] {logging_mixin.py:149} INFO - [2024-09-03T11:00:12.186+0000] {dag.py:3486} INFO - Setting next_dagrun for example_xcom_args to None, run_after=None
[2024-09-03T11:00:12.189+0000] {logging_mixin.py:149} INFO - [2024-09-03T11:00:12.189+0000] {dag.py:3486} INFO - Setting next_dagrun for example_xcom_args_with_operators to None, run_after=None
[2024-09-03T11:00:12.217+0000] {processor.py:179} INFO - Processing /home/airflow-vm/data-engineer-batch-processing-financial-services/.venv/lib/python3.10/site-packages/airflow/example_dags/example_xcomargs.py took 0.084 seconds
[2024-09-03T11:00:58.491+0000] {processor.py:157} INFO - Started process (PID=4578) to work on /home/airflow-vm/data-engineer-batch-processing-financial-services/.venv/lib/python3.10/site-packages/airflow/example_dags/example_xcomargs.py
[2024-09-03T11:00:58.492+0000] {processor.py:826} INFO - Processing file /home/airflow-vm/data-engineer-batch-processing-financial-services/.venv/lib/python3.10/site-packages/airflow/example_dags/example_xcomargs.py for tasks to queue
[2024-09-03T11:00:58.493+0000] {logging_mixin.py:149} INFO - [2024-09-03T11:00:58.493+0000] {dagbag.py:541} INFO - Filling up the DagBag from /home/airflow-vm/data-engineer-batch-processing-financial-services/.venv/lib/python3.10/site-packages/airflow/example_dags/example_xcomargs.py
[2024-09-03T11:00:58.500+0000] {processor.py:836} INFO - DAG(s) dict_keys(['example_xcom_args_with_operators', 'example_xcom_args']) retrieved from /home/airflow-vm/data-engineer-batch-processing-financial-services/.venv/lib/python3.10/site-packages/airflow/example_dags/example_xcomargs.py
[2024-09-03T11:00:58.520+0000] {logging_mixin.py:149} INFO - [2024-09-03T11:00:58.520+0000] {dag.py:2726} INFO - Sync 2 DAGs
[2024-09-03T11:00:58.540+0000] {logging_mixin.py:149} INFO - [2024-09-03T11:00:58.540+0000] {dag.py:3486} INFO - Setting next_dagrun for example_xcom_args to None, run_after=None
[2024-09-03T11:00:58.543+0000] {logging_mixin.py:149} INFO - [2024-09-03T11:00:58.542+0000] {dag.py:3486} INFO - Setting next_dagrun for example_xcom_args_with_operators to None, run_after=None
[2024-09-03T11:00:58.569+0000] {processor.py:179} INFO - Processing /home/airflow-vm/data-engineer-batch-processing-financial-services/.venv/lib/python3.10/site-packages/airflow/example_dags/example_xcomargs.py took 0.080 seconds
[2024-09-03T11:01:31.796+0000] {processor.py:157} INFO - Started process (PID=4750) to work on /home/airflow-vm/data-engineer-batch-processing-financial-services/.venv/lib/python3.10/site-packages/airflow/example_dags/example_xcomargs.py
[2024-09-03T11:01:31.797+0000] {processor.py:826} INFO - Processing file /home/airflow-vm/data-engineer-batch-processing-financial-services/.venv/lib/python3.10/site-packages/airflow/example_dags/example_xcomargs.py for tasks to queue
[2024-09-03T11:01:31.798+0000] {logging_mixin.py:149} INFO - [2024-09-03T11:01:31.798+0000] {dagbag.py:541} INFO - Filling up the DagBag from /home/airflow-vm/data-engineer-batch-processing-financial-services/.venv/lib/python3.10/site-packages/airflow/example_dags/example_xcomargs.py
[2024-09-03T11:01:31.805+0000] {processor.py:836} INFO - DAG(s) dict_keys(['example_xcom_args_with_operators', 'example_xcom_args']) retrieved from /home/airflow-vm/data-engineer-batch-processing-financial-services/.venv/lib/python3.10/site-packages/airflow/example_dags/example_xcomargs.py
[2024-09-03T11:01:31.826+0000] {logging_mixin.py:149} INFO - [2024-09-03T11:01:31.826+0000] {dag.py:2726} INFO - Sync 2 DAGs
[2024-09-03T11:01:31.844+0000] {logging_mixin.py:149} INFO - [2024-09-03T11:01:31.844+0000] {dag.py:3486} INFO - Setting next_dagrun for example_xcom_args to None, run_after=None
[2024-09-03T11:01:31.847+0000] {logging_mixin.py:149} INFO - [2024-09-03T11:01:31.847+0000] {dag.py:3486} INFO - Setting next_dagrun for example_xcom_args_with_operators to None, run_after=None
[2024-09-03T11:01:31.873+0000] {processor.py:179} INFO - Processing /home/airflow-vm/data-engineer-batch-processing-financial-services/.venv/lib/python3.10/site-packages/airflow/example_dags/example_xcomargs.py took 0.079 seconds
[2024-09-03T11:02:03.983+0000] {processor.py:157} INFO - Started process (PID=4794) to work on /home/airflow-vm/data-engineer-batch-processing-financial-services/.venv/lib/python3.10/site-packages/airflow/example_dags/example_xcomargs.py
[2024-09-03T11:02:03.983+0000] {processor.py:826} INFO - Processing file /home/airflow-vm/data-engineer-batch-processing-financial-services/.venv/lib/python3.10/site-packages/airflow/example_dags/example_xcomargs.py for tasks to queue
[2024-09-03T11:02:03.984+0000] {logging_mixin.py:149} INFO - [2024-09-03T11:02:03.984+0000] {dagbag.py:541} INFO - Filling up the DagBag from /home/airflow-vm/data-engineer-batch-processing-financial-services/.venv/lib/python3.10/site-packages/airflow/example_dags/example_xcomargs.py
[2024-09-03T11:02:03.991+0000] {processor.py:836} INFO - DAG(s) dict_keys(['example_xcom_args_with_operators', 'example_xcom_args']) retrieved from /home/airflow-vm/data-engineer-batch-processing-financial-services/.venv/lib/python3.10/site-packages/airflow/example_dags/example_xcomargs.py
[2024-09-03T11:02:04.010+0000] {logging_mixin.py:149} INFO - [2024-09-03T11:02:04.010+0000] {dag.py:2726} INFO - Sync 2 DAGs
[2024-09-03T11:02:04.028+0000] {logging_mixin.py:149} INFO - [2024-09-03T11:02:04.028+0000] {dag.py:3486} INFO - Setting next_dagrun for example_xcom_args to None, run_after=None
[2024-09-03T11:02:04.031+0000] {logging_mixin.py:149} INFO - [2024-09-03T11:02:04.031+0000] {dag.py:3486} INFO - Setting next_dagrun for example_xcom_args_with_operators to None, run_after=None
[2024-09-03T11:02:04.060+0000] {processor.py:179} INFO - Processing /home/airflow-vm/data-engineer-batch-processing-financial-services/.venv/lib/python3.10/site-packages/airflow/example_dags/example_xcomargs.py took 0.080 seconds
[2024-09-03T11:02:50.983+0000] {processor.py:157} INFO - Started process (PID=4939) to work on /home/airflow-vm/data-engineer-batch-processing-financial-services/.venv/lib/python3.10/site-packages/airflow/example_dags/example_xcomargs.py
[2024-09-03T11:02:50.984+0000] {processor.py:826} INFO - Processing file /home/airflow-vm/data-engineer-batch-processing-financial-services/.venv/lib/python3.10/site-packages/airflow/example_dags/example_xcomargs.py for tasks to queue
[2024-09-03T11:02:50.984+0000] {logging_mixin.py:149} INFO - [2024-09-03T11:02:50.984+0000] {dagbag.py:541} INFO - Filling up the DagBag from /home/airflow-vm/data-engineer-batch-processing-financial-services/.venv/lib/python3.10/site-packages/airflow/example_dags/example_xcomargs.py
[2024-09-03T11:02:50.992+0000] {processor.py:836} INFO - DAG(s) dict_keys(['example_xcom_args_with_operators', 'example_xcom_args']) retrieved from /home/airflow-vm/data-engineer-batch-processing-financial-services/.venv/lib/python3.10/site-packages/airflow/example_dags/example_xcomargs.py
[2024-09-03T11:02:51.012+0000] {logging_mixin.py:149} INFO - [2024-09-03T11:02:51.012+0000] {dag.py:2726} INFO - Sync 2 DAGs
[2024-09-03T11:02:51.031+0000] {logging_mixin.py:149} INFO - [2024-09-03T11:02:51.031+0000] {dag.py:3486} INFO - Setting next_dagrun for example_xcom_args to None, run_after=None
[2024-09-03T11:02:51.034+0000] {logging_mixin.py:149} INFO - [2024-09-03T11:02:51.034+0000] {dag.py:3486} INFO - Setting next_dagrun for example_xcom_args_with_operators to None, run_after=None
[2024-09-03T11:02:51.061+0000] {processor.py:179} INFO - Processing /home/airflow-vm/data-engineer-batch-processing-financial-services/.venv/lib/python3.10/site-packages/airflow/example_dags/example_xcomargs.py took 0.081 seconds
[2024-09-03T11:03:30.242+0000] {processor.py:157} INFO - Started process (PID=5261) to work on /home/airflow-vm/data-engineer-batch-processing-financial-services/.venv/lib/python3.10/site-packages/airflow/example_dags/example_xcomargs.py
[2024-09-03T11:03:30.243+0000] {processor.py:826} INFO - Processing file /home/airflow-vm/data-engineer-batch-processing-financial-services/.venv/lib/python3.10/site-packages/airflow/example_dags/example_xcomargs.py for tasks to queue
[2024-09-03T11:03:30.244+0000] {logging_mixin.py:149} INFO - [2024-09-03T11:03:30.244+0000] {dagbag.py:541} INFO - Filling up the DagBag from /home/airflow-vm/data-engineer-batch-processing-financial-services/.venv/lib/python3.10/site-packages/airflow/example_dags/example_xcomargs.py
[2024-09-03T11:03:30.251+0000] {processor.py:836} INFO - DAG(s) dict_keys(['example_xcom_args_with_operators', 'example_xcom_args']) retrieved from /home/airflow-vm/data-engineer-batch-processing-financial-services/.venv/lib/python3.10/site-packages/airflow/example_dags/example_xcomargs.py
[2024-09-03T11:03:30.275+0000] {logging_mixin.py:149} INFO - [2024-09-03T11:03:30.275+0000] {dag.py:2726} INFO - Sync 2 DAGs
[2024-09-03T11:03:30.296+0000] {logging_mixin.py:149} INFO - [2024-09-03T11:03:30.296+0000] {dag.py:3486} INFO - Setting next_dagrun for example_xcom_args to None, run_after=None
[2024-09-03T11:03:30.299+0000] {logging_mixin.py:149} INFO - [2024-09-03T11:03:30.299+0000] {dag.py:3486} INFO - Setting next_dagrun for example_xcom_args_with_operators to None, run_after=None
[2024-09-03T11:03:30.329+0000] {processor.py:179} INFO - Processing /home/airflow-vm/data-engineer-batch-processing-financial-services/.venv/lib/python3.10/site-packages/airflow/example_dags/example_xcomargs.py took 0.089 seconds
[2024-09-03T11:04:27.699+0000] {processor.py:157} INFO - Started process (PID=5933) to work on /home/airflow-vm/data-engineer-batch-processing-financial-services/.venv/lib/python3.10/site-packages/airflow/example_dags/example_xcomargs.py
[2024-09-03T11:04:27.699+0000] {processor.py:826} INFO - Processing file /home/airflow-vm/data-engineer-batch-processing-financial-services/.venv/lib/python3.10/site-packages/airflow/example_dags/example_xcomargs.py for tasks to queue
[2024-09-03T11:04:27.700+0000] {logging_mixin.py:149} INFO - [2024-09-03T11:04:27.700+0000] {dagbag.py:541} INFO - Filling up the DagBag from /home/airflow-vm/data-engineer-batch-processing-financial-services/.venv/lib/python3.10/site-packages/airflow/example_dags/example_xcomargs.py
[2024-09-03T11:04:27.707+0000] {processor.py:836} INFO - DAG(s) dict_keys(['example_xcom_args', 'example_xcom_args_with_operators']) retrieved from /home/airflow-vm/data-engineer-batch-processing-financial-services/.venv/lib/python3.10/site-packages/airflow/example_dags/example_xcomargs.py
[2024-09-03T11:04:27.727+0000] {logging_mixin.py:149} INFO - [2024-09-03T11:04:27.727+0000] {dag.py:2726} INFO - Sync 2 DAGs
[2024-09-03T11:04:27.747+0000] {logging_mixin.py:149} INFO - [2024-09-03T11:04:27.747+0000] {dag.py:3486} INFO - Setting next_dagrun for example_xcom_args to None, run_after=None
[2024-09-03T11:04:27.750+0000] {logging_mixin.py:149} INFO - [2024-09-03T11:04:27.750+0000] {dag.py:3486} INFO - Setting next_dagrun for example_xcom_args_with_operators to None, run_after=None
[2024-09-03T11:04:27.833+0000] {processor.py:179} INFO - Processing /home/airflow-vm/data-engineer-batch-processing-financial-services/.venv/lib/python3.10/site-packages/airflow/example_dags/example_xcomargs.py took 0.137 seconds
[2024-09-03T11:06:31.473+0000] {processor.py:157} INFO - Started process (PID=6938) to work on /home/airflow-vm/data-engineer-batch-processing-financial-services/.venv/lib/python3.10/site-packages/airflow/example_dags/example_xcomargs.py
[2024-09-03T11:06:31.474+0000] {processor.py:826} INFO - Processing file /home/airflow-vm/data-engineer-batch-processing-financial-services/.venv/lib/python3.10/site-packages/airflow/example_dags/example_xcomargs.py for tasks to queue
[2024-09-03T11:06:31.475+0000] {logging_mixin.py:149} INFO - [2024-09-03T11:06:31.475+0000] {dagbag.py:541} INFO - Filling up the DagBag from /home/airflow-vm/data-engineer-batch-processing-financial-services/.venv/lib/python3.10/site-packages/airflow/example_dags/example_xcomargs.py
[2024-09-03T11:06:31.482+0000] {processor.py:836} INFO - DAG(s) dict_keys(['example_xcom_args_with_operators', 'example_xcom_args']) retrieved from /home/airflow-vm/data-engineer-batch-processing-financial-services/.venv/lib/python3.10/site-packages/airflow/example_dags/example_xcomargs.py
[2024-09-03T11:06:31.503+0000] {logging_mixin.py:149} INFO - [2024-09-03T11:06:31.503+0000] {dag.py:2726} INFO - Sync 2 DAGs
[2024-09-03T11:06:31.522+0000] {logging_mixin.py:149} INFO - [2024-09-03T11:06:31.522+0000] {dag.py:3486} INFO - Setting next_dagrun for example_xcom_args to None, run_after=None
[2024-09-03T11:06:31.525+0000] {logging_mixin.py:149} INFO - [2024-09-03T11:06:31.524+0000] {dag.py:3486} INFO - Setting next_dagrun for example_xcom_args_with_operators to None, run_after=None
[2024-09-03T11:06:31.550+0000] {processor.py:179} INFO - Processing /home/airflow-vm/data-engineer-batch-processing-financial-services/.venv/lib/python3.10/site-packages/airflow/example_dags/example_xcomargs.py took 0.079 seconds
[2024-09-03T11:08:32.549+0000] {processor.py:157} INFO - Started process (PID=7775) to work on /home/airflow-vm/data-engineer-batch-processing-financial-services/.venv/lib/python3.10/site-packages/airflow/example_dags/example_xcomargs.py
[2024-09-03T11:08:32.550+0000] {processor.py:826} INFO - Processing file /home/airflow-vm/data-engineer-batch-processing-financial-services/.venv/lib/python3.10/site-packages/airflow/example_dags/example_xcomargs.py for tasks to queue
[2024-09-03T11:08:32.551+0000] {logging_mixin.py:149} INFO - [2024-09-03T11:08:32.551+0000] {dagbag.py:541} INFO - Filling up the DagBag from /home/airflow-vm/data-engineer-batch-processing-financial-services/.venv/lib/python3.10/site-packages/airflow/example_dags/example_xcomargs.py
[2024-09-03T11:08:32.559+0000] {processor.py:836} INFO - DAG(s) dict_keys(['example_xcom_args_with_operators', 'example_xcom_args']) retrieved from /home/airflow-vm/data-engineer-batch-processing-financial-services/.venv/lib/python3.10/site-packages/airflow/example_dags/example_xcomargs.py
[2024-09-03T11:08:32.582+0000] {logging_mixin.py:149} INFO - [2024-09-03T11:08:32.581+0000] {dag.py:2726} INFO - Sync 2 DAGs
[2024-09-03T11:08:32.602+0000] {logging_mixin.py:149} INFO - [2024-09-03T11:08:32.602+0000] {dag.py:3486} INFO - Setting next_dagrun for example_xcom_args to None, run_after=None
[2024-09-03T11:08:32.605+0000] {logging_mixin.py:149} INFO - [2024-09-03T11:08:32.605+0000] {dag.py:3486} INFO - Setting next_dagrun for example_xcom_args_with_operators to None, run_after=None
[2024-09-03T11:08:32.661+0000] {processor.py:179} INFO - Processing /home/airflow-vm/data-engineer-batch-processing-financial-services/.venv/lib/python3.10/site-packages/airflow/example_dags/example_xcomargs.py took 0.114 seconds
[2024-09-03T11:10:36.917+0000] {processor.py:157} INFO - Started process (PID=8627) to work on /home/airflow-vm/data-engineer-batch-processing-financial-services/.venv/lib/python3.10/site-packages/airflow/example_dags/example_xcomargs.py
[2024-09-03T11:10:36.918+0000] {processor.py:826} INFO - Processing file /home/airflow-vm/data-engineer-batch-processing-financial-services/.venv/lib/python3.10/site-packages/airflow/example_dags/example_xcomargs.py for tasks to queue
[2024-09-03T11:10:36.919+0000] {logging_mixin.py:149} INFO - [2024-09-03T11:10:36.919+0000] {dagbag.py:541} INFO - Filling up the DagBag from /home/airflow-vm/data-engineer-batch-processing-financial-services/.venv/lib/python3.10/site-packages/airflow/example_dags/example_xcomargs.py
[2024-09-03T11:10:36.927+0000] {processor.py:836} INFO - DAG(s) dict_keys(['example_xcom_args_with_operators', 'example_xcom_args']) retrieved from /home/airflow-vm/data-engineer-batch-processing-financial-services/.venv/lib/python3.10/site-packages/airflow/example_dags/example_xcomargs.py
[2024-09-03T11:10:36.948+0000] {logging_mixin.py:149} INFO - [2024-09-03T11:10:36.948+0000] {dag.py:2726} INFO - Sync 2 DAGs
[2024-09-03T11:10:36.969+0000] {logging_mixin.py:149} INFO - [2024-09-03T11:10:36.968+0000] {dag.py:3486} INFO - Setting next_dagrun for example_xcom_args to None, run_after=None
[2024-09-03T11:10:36.972+0000] {logging_mixin.py:149} INFO - [2024-09-03T11:10:36.972+0000] {dag.py:3486} INFO - Setting next_dagrun for example_xcom_args_with_operators to None, run_after=None
[2024-09-03T11:10:37.003+0000] {processor.py:179} INFO - Processing /home/airflow-vm/data-engineer-batch-processing-financial-services/.venv/lib/python3.10/site-packages/airflow/example_dags/example_xcomargs.py took 0.088 seconds
[2024-09-03T11:12:46.885+0000] {processor.py:157} INFO - Started process (PID=9547) to work on /home/airflow-vm/data-engineer-batch-processing-financial-services/.venv/lib/python3.10/site-packages/airflow/example_dags/example_xcomargs.py
[2024-09-03T11:12:46.885+0000] {processor.py:826} INFO - Processing file /home/airflow-vm/data-engineer-batch-processing-financial-services/.venv/lib/python3.10/site-packages/airflow/example_dags/example_xcomargs.py for tasks to queue
[2024-09-03T11:12:46.886+0000] {logging_mixin.py:149} INFO - [2024-09-03T11:12:46.886+0000] {dagbag.py:541} INFO - Filling up the DagBag from /home/airflow-vm/data-engineer-batch-processing-financial-services/.venv/lib/python3.10/site-packages/airflow/example_dags/example_xcomargs.py
[2024-09-03T11:12:46.893+0000] {processor.py:836} INFO - DAG(s) dict_keys(['example_xcom_args_with_operators', 'example_xcom_args']) retrieved from /home/airflow-vm/data-engineer-batch-processing-financial-services/.venv/lib/python3.10/site-packages/airflow/example_dags/example_xcomargs.py
[2024-09-03T11:12:46.913+0000] {logging_mixin.py:149} INFO - [2024-09-03T11:12:46.913+0000] {dag.py:2726} INFO - Sync 2 DAGs
[2024-09-03T11:12:46.932+0000] {logging_mixin.py:149} INFO - [2024-09-03T11:12:46.932+0000] {dag.py:3486} INFO - Setting next_dagrun for example_xcom_args to None, run_after=None
[2024-09-03T11:12:46.935+0000] {logging_mixin.py:149} INFO - [2024-09-03T11:12:46.935+0000] {dag.py:3486} INFO - Setting next_dagrun for example_xcom_args_with_operators to None, run_after=None
[2024-09-03T11:12:46.965+0000] {processor.py:179} INFO - Processing /home/airflow-vm/data-engineer-batch-processing-financial-services/.venv/lib/python3.10/site-packages/airflow/example_dags/example_xcomargs.py took 0.084 seconds
[2024-09-03T11:14:57.788+0000] {processor.py:157} INFO - Started process (PID=10484) to work on /home/airflow-vm/data-engineer-batch-processing-financial-services/.venv/lib/python3.10/site-packages/airflow/example_dags/example_xcomargs.py
[2024-09-03T11:14:57.789+0000] {processor.py:826} INFO - Processing file /home/airflow-vm/data-engineer-batch-processing-financial-services/.venv/lib/python3.10/site-packages/airflow/example_dags/example_xcomargs.py for tasks to queue
[2024-09-03T11:14:57.789+0000] {logging_mixin.py:149} INFO - [2024-09-03T11:14:57.789+0000] {dagbag.py:541} INFO - Filling up the DagBag from /home/airflow-vm/data-engineer-batch-processing-financial-services/.venv/lib/python3.10/site-packages/airflow/example_dags/example_xcomargs.py
[2024-09-03T11:14:57.797+0000] {processor.py:836} INFO - DAG(s) dict_keys(['example_xcom_args_with_operators', 'example_xcom_args']) retrieved from /home/airflow-vm/data-engineer-batch-processing-financial-services/.venv/lib/python3.10/site-packages/airflow/example_dags/example_xcomargs.py
[2024-09-03T11:14:57.818+0000] {logging_mixin.py:149} INFO - [2024-09-03T11:14:57.818+0000] {dag.py:2726} INFO - Sync 2 DAGs
[2024-09-03T11:14:57.838+0000] {logging_mixin.py:149} INFO - [2024-09-03T11:14:57.838+0000] {dag.py:3486} INFO - Setting next_dagrun for example_xcom_args to None, run_after=None
[2024-09-03T11:14:57.841+0000] {logging_mixin.py:149} INFO - [2024-09-03T11:14:57.841+0000] {dag.py:3486} INFO - Setting next_dagrun for example_xcom_args_with_operators to None, run_after=None
[2024-09-03T11:14:57.867+0000] {processor.py:179} INFO - Processing /home/airflow-vm/data-engineer-batch-processing-financial-services/.venv/lib/python3.10/site-packages/airflow/example_dags/example_xcomargs.py took 0.081 seconds
[2024-09-03T11:16:58.606+0000] {processor.py:157} INFO - Started process (PID=11728) to work on /home/airflow-vm/data-engineer-batch-processing-financial-services/.venv/lib/python3.10/site-packages/airflow/example_dags/example_xcomargs.py
[2024-09-03T11:16:58.607+0000] {processor.py:826} INFO - Processing file /home/airflow-vm/data-engineer-batch-processing-financial-services/.venv/lib/python3.10/site-packages/airflow/example_dags/example_xcomargs.py for tasks to queue
[2024-09-03T11:16:58.607+0000] {logging_mixin.py:149} INFO - [2024-09-03T11:16:58.607+0000] {dagbag.py:541} INFO - Filling up the DagBag from /home/airflow-vm/data-engineer-batch-processing-financial-services/.venv/lib/python3.10/site-packages/airflow/example_dags/example_xcomargs.py
[2024-09-03T11:16:58.615+0000] {processor.py:836} INFO - DAG(s) dict_keys(['example_xcom_args_with_operators', 'example_xcom_args']) retrieved from /home/airflow-vm/data-engineer-batch-processing-financial-services/.venv/lib/python3.10/site-packages/airflow/example_dags/example_xcomargs.py
[2024-09-03T11:16:58.635+0000] {logging_mixin.py:149} INFO - [2024-09-03T11:16:58.634+0000] {dag.py:2726} INFO - Sync 2 DAGs
[2024-09-03T11:16:58.654+0000] {logging_mixin.py:149} INFO - [2024-09-03T11:16:58.654+0000] {dag.py:3486} INFO - Setting next_dagrun for example_xcom_args to None, run_after=None
[2024-09-03T11:16:58.657+0000] {logging_mixin.py:149} INFO - [2024-09-03T11:16:58.657+0000] {dag.py:3486} INFO - Setting next_dagrun for example_xcom_args_with_operators to None, run_after=None
[2024-09-03T11:16:58.683+0000] {processor.py:179} INFO - Processing /home/airflow-vm/data-engineer-batch-processing-financial-services/.venv/lib/python3.10/site-packages/airflow/example_dags/example_xcomargs.py took 0.079 seconds
[2024-09-03T11:19:38.177+0000] {processor.py:157} INFO - Started process (PID=13077) to work on /home/airflow-vm/data-engineer-batch-processing-financial-services/.venv/lib/python3.10/site-packages/airflow/example_dags/example_xcomargs.py
[2024-09-03T11:19:38.178+0000] {processor.py:826} INFO - Processing file /home/airflow-vm/data-engineer-batch-processing-financial-services/.venv/lib/python3.10/site-packages/airflow/example_dags/example_xcomargs.py for tasks to queue
[2024-09-03T11:19:38.178+0000] {logging_mixin.py:149} INFO - [2024-09-03T11:19:38.178+0000] {dagbag.py:541} INFO - Filling up the DagBag from /home/airflow-vm/data-engineer-batch-processing-financial-services/.venv/lib/python3.10/site-packages/airflow/example_dags/example_xcomargs.py
[2024-09-03T11:19:38.186+0000] {processor.py:836} INFO - DAG(s) dict_keys(['example_xcom_args', 'example_xcom_args_with_operators']) retrieved from /home/airflow-vm/data-engineer-batch-processing-financial-services/.venv/lib/python3.10/site-packages/airflow/example_dags/example_xcomargs.py
[2024-09-03T11:19:38.208+0000] {logging_mixin.py:149} INFO - [2024-09-03T11:19:38.208+0000] {dag.py:2726} INFO - Sync 2 DAGs
[2024-09-03T11:19:38.227+0000] {logging_mixin.py:149} INFO - [2024-09-03T11:19:38.227+0000] {dag.py:3486} INFO - Setting next_dagrun for example_xcom_args to None, run_after=None
[2024-09-03T11:19:38.230+0000] {logging_mixin.py:149} INFO - [2024-09-03T11:19:38.230+0000] {dag.py:3486} INFO - Setting next_dagrun for example_xcom_args_with_operators to None, run_after=None
[2024-09-03T11:19:38.255+0000] {processor.py:179} INFO - Processing /home/airflow-vm/data-engineer-batch-processing-financial-services/.venv/lib/python3.10/site-packages/airflow/example_dags/example_xcomargs.py took 0.081 seconds
[2024-09-03T11:22:36.490+0000] {processor.py:157} INFO - Started process (PID=14553) to work on /home/airflow-vm/data-engineer-batch-processing-financial-services/.venv/lib/python3.10/site-packages/airflow/example_dags/example_xcomargs.py
[2024-09-03T11:22:36.491+0000] {processor.py:826} INFO - Processing file /home/airflow-vm/data-engineer-batch-processing-financial-services/.venv/lib/python3.10/site-packages/airflow/example_dags/example_xcomargs.py for tasks to queue
[2024-09-03T11:22:36.492+0000] {logging_mixin.py:149} INFO - [2024-09-03T11:22:36.492+0000] {dagbag.py:541} INFO - Filling up the DagBag from /home/airflow-vm/data-engineer-batch-processing-financial-services/.venv/lib/python3.10/site-packages/airflow/example_dags/example_xcomargs.py
[2024-09-03T11:22:36.499+0000] {processor.py:836} INFO - DAG(s) dict_keys(['example_xcom_args', 'example_xcom_args_with_operators']) retrieved from /home/airflow-vm/data-engineer-batch-processing-financial-services/.venv/lib/python3.10/site-packages/airflow/example_dags/example_xcomargs.py
[2024-09-03T11:22:36.520+0000] {logging_mixin.py:149} INFO - [2024-09-03T11:22:36.520+0000] {dag.py:2726} INFO - Sync 2 DAGs
[2024-09-03T11:22:36.539+0000] {logging_mixin.py:149} INFO - [2024-09-03T11:22:36.539+0000] {dag.py:3486} INFO - Setting next_dagrun for example_xcom_args to None, run_after=None
[2024-09-03T11:22:36.542+0000] {logging_mixin.py:149} INFO - [2024-09-03T11:22:36.542+0000] {dag.py:3486} INFO - Setting next_dagrun for example_xcom_args_with_operators to None, run_after=None
[2024-09-03T11:22:36.569+0000] {processor.py:179} INFO - Processing /home/airflow-vm/data-engineer-batch-processing-financial-services/.venv/lib/python3.10/site-packages/airflow/example_dags/example_xcomargs.py took 0.081 seconds
[2024-09-03T11:25:34.009+0000] {processor.py:157} INFO - Started process (PID=15893) to work on /home/airflow-vm/data-engineer-batch-processing-financial-services/.venv/lib/python3.10/site-packages/airflow/example_dags/example_xcomargs.py
[2024-09-03T11:25:34.010+0000] {processor.py:826} INFO - Processing file /home/airflow-vm/data-engineer-batch-processing-financial-services/.venv/lib/python3.10/site-packages/airflow/example_dags/example_xcomargs.py for tasks to queue
[2024-09-03T11:25:34.010+0000] {logging_mixin.py:149} INFO - [2024-09-03T11:25:34.010+0000] {dagbag.py:541} INFO - Filling up the DagBag from /home/airflow-vm/data-engineer-batch-processing-financial-services/.venv/lib/python3.10/site-packages/airflow/example_dags/example_xcomargs.py
[2024-09-03T11:25:34.018+0000] {processor.py:836} INFO - DAG(s) dict_keys(['example_xcom_args_with_operators', 'example_xcom_args']) retrieved from /home/airflow-vm/data-engineer-batch-processing-financial-services/.venv/lib/python3.10/site-packages/airflow/example_dags/example_xcomargs.py
[2024-09-03T11:25:34.040+0000] {logging_mixin.py:149} INFO - [2024-09-03T11:25:34.040+0000] {dag.py:2726} INFO - Sync 2 DAGs
[2024-09-03T11:25:34.061+0000] {logging_mixin.py:149} INFO - [2024-09-03T11:25:34.061+0000] {dag.py:3486} INFO - Setting next_dagrun for example_xcom_args to None, run_after=None
[2024-09-03T11:25:34.065+0000] {logging_mixin.py:149} INFO - [2024-09-03T11:25:34.064+0000] {dag.py:3486} INFO - Setting next_dagrun for example_xcom_args_with_operators to None, run_after=None
[2024-09-03T11:25:34.092+0000] {processor.py:179} INFO - Processing /home/airflow-vm/data-engineer-batch-processing-financial-services/.venv/lib/python3.10/site-packages/airflow/example_dags/example_xcomargs.py took 0.086 seconds
[2024-09-03T11:28:14.286+0000] {processor.py:157} INFO - Started process (PID=17137) to work on /home/airflow-vm/data-engineer-batch-processing-financial-services/.venv/lib/python3.10/site-packages/airflow/example_dags/example_xcomargs.py
[2024-09-03T11:28:14.287+0000] {processor.py:826} INFO - Processing file /home/airflow-vm/data-engineer-batch-processing-financial-services/.venv/lib/python3.10/site-packages/airflow/example_dags/example_xcomargs.py for tasks to queue
[2024-09-03T11:28:14.287+0000] {logging_mixin.py:149} INFO - [2024-09-03T11:28:14.287+0000] {dagbag.py:541} INFO - Filling up the DagBag from /home/airflow-vm/data-engineer-batch-processing-financial-services/.venv/lib/python3.10/site-packages/airflow/example_dags/example_xcomargs.py
[2024-09-03T11:28:14.295+0000] {processor.py:836} INFO - DAG(s) dict_keys(['example_xcom_args', 'example_xcom_args_with_operators']) retrieved from /home/airflow-vm/data-engineer-batch-processing-financial-services/.venv/lib/python3.10/site-packages/airflow/example_dags/example_xcomargs.py
[2024-09-03T11:28:14.316+0000] {logging_mixin.py:149} INFO - [2024-09-03T11:28:14.316+0000] {dag.py:2726} INFO - Sync 2 DAGs
[2024-09-03T11:28:14.336+0000] {logging_mixin.py:149} INFO - [2024-09-03T11:28:14.336+0000] {dag.py:3486} INFO - Setting next_dagrun for example_xcom_args to None, run_after=None
[2024-09-03T11:28:14.340+0000] {logging_mixin.py:149} INFO - [2024-09-03T11:28:14.340+0000] {dag.py:3486} INFO - Setting next_dagrun for example_xcom_args_with_operators to None, run_after=None
[2024-09-03T11:28:14.369+0000] {processor.py:179} INFO - Processing /home/airflow-vm/data-engineer-batch-processing-financial-services/.venv/lib/python3.10/site-packages/airflow/example_dags/example_xcomargs.py took 0.086 seconds
[2024-09-03T11:32:14.100+0000] {processor.py:157} INFO - Started process (PID=19393) to work on /home/airflow-vm/data-engineer-batch-processing-financial-services/.venv/lib/python3.10/site-packages/airflow/example_dags/example_xcomargs.py
[2024-09-03T11:32:14.101+0000] {processor.py:826} INFO - Processing file /home/airflow-vm/data-engineer-batch-processing-financial-services/.venv/lib/python3.10/site-packages/airflow/example_dags/example_xcomargs.py for tasks to queue
[2024-09-03T11:32:14.101+0000] {logging_mixin.py:149} INFO - [2024-09-03T11:32:14.101+0000] {dagbag.py:541} INFO - Filling up the DagBag from /home/airflow-vm/data-engineer-batch-processing-financial-services/.venv/lib/python3.10/site-packages/airflow/example_dags/example_xcomargs.py
[2024-09-03T11:32:14.109+0000] {processor.py:836} INFO - DAG(s) dict_keys(['example_xcom_args_with_operators', 'example_xcom_args']) retrieved from /home/airflow-vm/data-engineer-batch-processing-financial-services/.venv/lib/python3.10/site-packages/airflow/example_dags/example_xcomargs.py
[2024-09-03T11:32:14.130+0000] {logging_mixin.py:149} INFO - [2024-09-03T11:32:14.130+0000] {dag.py:2726} INFO - Sync 2 DAGs
[2024-09-03T11:32:14.149+0000] {logging_mixin.py:149} INFO - [2024-09-03T11:32:14.149+0000] {dag.py:3486} INFO - Setting next_dagrun for example_xcom_args to None, run_after=None
[2024-09-03T11:32:14.153+0000] {logging_mixin.py:149} INFO - [2024-09-03T11:32:14.152+0000] {dag.py:3486} INFO - Setting next_dagrun for example_xcom_args_with_operators to None, run_after=None
[2024-09-03T11:32:14.179+0000] {processor.py:179} INFO - Processing /home/airflow-vm/data-engineer-batch-processing-financial-services/.venv/lib/python3.10/site-packages/airflow/example_dags/example_xcomargs.py took 0.082 seconds
[2024-09-03T11:36:58.647+0000] {processor.py:157} INFO - Started process (PID=22422) to work on /home/airflow-vm/data-engineer-batch-processing-financial-services/.venv/lib/python3.10/site-packages/airflow/example_dags/example_xcomargs.py
[2024-09-03T11:36:58.648+0000] {processor.py:826} INFO - Processing file /home/airflow-vm/data-engineer-batch-processing-financial-services/.venv/lib/python3.10/site-packages/airflow/example_dags/example_xcomargs.py for tasks to queue
[2024-09-03T11:36:58.649+0000] {logging_mixin.py:149} INFO - [2024-09-03T11:36:58.649+0000] {dagbag.py:541} INFO - Filling up the DagBag from /home/airflow-vm/data-engineer-batch-processing-financial-services/.venv/lib/python3.10/site-packages/airflow/example_dags/example_xcomargs.py
[2024-09-03T11:36:58.658+0000] {processor.py:836} INFO - DAG(s) dict_keys(['example_xcom_args_with_operators', 'example_xcom_args']) retrieved from /home/airflow-vm/data-engineer-batch-processing-financial-services/.venv/lib/python3.10/site-packages/airflow/example_dags/example_xcomargs.py
[2024-09-03T11:36:58.681+0000] {logging_mixin.py:149} INFO - [2024-09-03T11:36:58.681+0000] {dag.py:2726} INFO - Sync 2 DAGs
[2024-09-03T11:36:58.702+0000] {logging_mixin.py:149} INFO - [2024-09-03T11:36:58.702+0000] {dag.py:3486} INFO - Setting next_dagrun for example_xcom_args to None, run_after=None
[2024-09-03T11:36:58.705+0000] {logging_mixin.py:149} INFO - [2024-09-03T11:36:58.705+0000] {dag.py:3486} INFO - Setting next_dagrun for example_xcom_args_with_operators to None, run_after=None
[2024-09-03T11:36:58.735+0000] {processor.py:179} INFO - Processing /home/airflow-vm/data-engineer-batch-processing-financial-services/.venv/lib/python3.10/site-packages/airflow/example_dags/example_xcomargs.py took 0.091 seconds
[2024-09-03T11:37:44.065+0000] {processor.py:157} INFO - Started process (PID=22706) to work on /home/airflow-vm/data-engineer-batch-processing-financial-services/.venv/lib/python3.10/site-packages/airflow/example_dags/example_xcomargs.py
[2024-09-03T11:37:44.066+0000] {processor.py:826} INFO - Processing file /home/airflow-vm/data-engineer-batch-processing-financial-services/.venv/lib/python3.10/site-packages/airflow/example_dags/example_xcomargs.py for tasks to queue
[2024-09-03T11:37:44.067+0000] {logging_mixin.py:149} INFO - [2024-09-03T11:37:44.067+0000] {dagbag.py:541} INFO - Filling up the DagBag from /home/airflow-vm/data-engineer-batch-processing-financial-services/.venv/lib/python3.10/site-packages/airflow/example_dags/example_xcomargs.py
[2024-09-03T11:37:44.075+0000] {processor.py:836} INFO - DAG(s) dict_keys(['example_xcom_args_with_operators', 'example_xcom_args']) retrieved from /home/airflow-vm/data-engineer-batch-processing-financial-services/.venv/lib/python3.10/site-packages/airflow/example_dags/example_xcomargs.py
[2024-09-03T11:37:44.097+0000] {logging_mixin.py:149} INFO - [2024-09-03T11:37:44.097+0000] {dag.py:2726} INFO - Sync 2 DAGs
[2024-09-03T11:37:44.117+0000] {logging_mixin.py:149} INFO - [2024-09-03T11:37:44.117+0000] {dag.py:3486} INFO - Setting next_dagrun for example_xcom_args to None, run_after=None
[2024-09-03T11:37:44.121+0000] {logging_mixin.py:149} INFO - [2024-09-03T11:37:44.120+0000] {dag.py:3486} INFO - Setting next_dagrun for example_xcom_args_with_operators to None, run_after=None
[2024-09-03T11:37:44.147+0000] {processor.py:179} INFO - Processing /home/airflow-vm/data-engineer-batch-processing-financial-services/.venv/lib/python3.10/site-packages/airflow/example_dags/example_xcomargs.py took 0.084 seconds
[2024-09-03T11:38:18.477+0000] {processor.py:157} INFO - Started process (PID=22889) to work on /home/airflow-vm/data-engineer-batch-processing-financial-services/.venv/lib/python3.10/site-packages/airflow/example_dags/example_xcomargs.py
[2024-09-03T11:38:18.478+0000] {processor.py:826} INFO - Processing file /home/airflow-vm/data-engineer-batch-processing-financial-services/.venv/lib/python3.10/site-packages/airflow/example_dags/example_xcomargs.py for tasks to queue
[2024-09-03T11:38:18.479+0000] {logging_mixin.py:149} INFO - [2024-09-03T11:38:18.479+0000] {dagbag.py:541} INFO - Filling up the DagBag from /home/airflow-vm/data-engineer-batch-processing-financial-services/.venv/lib/python3.10/site-packages/airflow/example_dags/example_xcomargs.py
[2024-09-03T11:38:18.487+0000] {processor.py:836} INFO - DAG(s) dict_keys(['example_xcom_args_with_operators', 'example_xcom_args']) retrieved from /home/airflow-vm/data-engineer-batch-processing-financial-services/.venv/lib/python3.10/site-packages/airflow/example_dags/example_xcomargs.py
[2024-09-03T11:38:18.509+0000] {logging_mixin.py:149} INFO - [2024-09-03T11:38:18.509+0000] {dag.py:2726} INFO - Sync 2 DAGs
[2024-09-03T11:38:18.530+0000] {logging_mixin.py:149} INFO - [2024-09-03T11:38:18.529+0000] {dag.py:3486} INFO - Setting next_dagrun for example_xcom_args to None, run_after=None
[2024-09-03T11:38:18.533+0000] {logging_mixin.py:149} INFO - [2024-09-03T11:38:18.533+0000] {dag.py:3486} INFO - Setting next_dagrun for example_xcom_args_with_operators to None, run_after=None
[2024-09-03T11:38:18.576+0000] {processor.py:179} INFO - Processing /home/airflow-vm/data-engineer-batch-processing-financial-services/.venv/lib/python3.10/site-packages/airflow/example_dags/example_xcomargs.py took 0.101 seconds
[2024-09-03T11:39:06.177+0000] {processor.py:157} INFO - Started process (PID=23056) to work on /home/airflow-vm/data-engineer-batch-processing-financial-services/.venv/lib/python3.10/site-packages/airflow/example_dags/example_xcomargs.py
[2024-09-03T11:39:06.178+0000] {processor.py:826} INFO - Processing file /home/airflow-vm/data-engineer-batch-processing-financial-services/.venv/lib/python3.10/site-packages/airflow/example_dags/example_xcomargs.py for tasks to queue
[2024-09-03T11:39:06.179+0000] {logging_mixin.py:149} INFO - [2024-09-03T11:39:06.178+0000] {dagbag.py:541} INFO - Filling up the DagBag from /home/airflow-vm/data-engineer-batch-processing-financial-services/.venv/lib/python3.10/site-packages/airflow/example_dags/example_xcomargs.py
[2024-09-03T11:39:06.187+0000] {processor.py:836} INFO - DAG(s) dict_keys(['example_xcom_args_with_operators', 'example_xcom_args']) retrieved from /home/airflow-vm/data-engineer-batch-processing-financial-services/.venv/lib/python3.10/site-packages/airflow/example_dags/example_xcomargs.py
[2024-09-03T11:39:06.209+0000] {logging_mixin.py:149} INFO - [2024-09-03T11:39:06.209+0000] {dag.py:2726} INFO - Sync 2 DAGs
[2024-09-03T11:39:06.230+0000] {logging_mixin.py:149} INFO - [2024-09-03T11:39:06.230+0000] {dag.py:3486} INFO - Setting next_dagrun for example_xcom_args to None, run_after=None
[2024-09-03T11:39:06.233+0000] {logging_mixin.py:149} INFO - [2024-09-03T11:39:06.233+0000] {dag.py:3486} INFO - Setting next_dagrun for example_xcom_args_with_operators to None, run_after=None
[2024-09-03T11:39:06.261+0000] {processor.py:179} INFO - Processing /home/airflow-vm/data-engineer-batch-processing-financial-services/.venv/lib/python3.10/site-packages/airflow/example_dags/example_xcomargs.py took 0.087 seconds
[2024-09-03T11:39:37.228+0000] {processor.py:157} INFO - Started process (PID=23218) to work on /home/airflow-vm/data-engineer-batch-processing-financial-services/.venv/lib/python3.10/site-packages/airflow/example_dags/example_xcomargs.py
[2024-09-03T11:39:37.229+0000] {processor.py:826} INFO - Processing file /home/airflow-vm/data-engineer-batch-processing-financial-services/.venv/lib/python3.10/site-packages/airflow/example_dags/example_xcomargs.py for tasks to queue
[2024-09-03T11:39:37.230+0000] {logging_mixin.py:149} INFO - [2024-09-03T11:39:37.230+0000] {dagbag.py:541} INFO - Filling up the DagBag from /home/airflow-vm/data-engineer-batch-processing-financial-services/.venv/lib/python3.10/site-packages/airflow/example_dags/example_xcomargs.py
[2024-09-03T11:39:37.237+0000] {processor.py:836} INFO - DAG(s) dict_keys(['example_xcom_args', 'example_xcom_args_with_operators']) retrieved from /home/airflow-vm/data-engineer-batch-processing-financial-services/.venv/lib/python3.10/site-packages/airflow/example_dags/example_xcomargs.py
[2024-09-03T11:39:37.260+0000] {logging_mixin.py:149} INFO - [2024-09-03T11:39:37.260+0000] {dag.py:2726} INFO - Sync 2 DAGs
[2024-09-03T11:39:37.286+0000] {logging_mixin.py:149} INFO - [2024-09-03T11:39:37.286+0000] {dag.py:3486} INFO - Setting next_dagrun for example_xcom_args to None, run_after=None
[2024-09-03T11:39:37.289+0000] {logging_mixin.py:149} INFO - [2024-09-03T11:39:37.289+0000] {dag.py:3486} INFO - Setting next_dagrun for example_xcom_args_with_operators to None, run_after=None
[2024-09-03T11:39:37.315+0000] {processor.py:179} INFO - Processing /home/airflow-vm/data-engineer-batch-processing-financial-services/.venv/lib/python3.10/site-packages/airflow/example_dags/example_xcomargs.py took 0.089 seconds
[2024-09-03T11:41:48.574+0000] {processor.py:157} INFO - Started process (PID=24476) to work on /home/airflow-vm/data-engineer-batch-processing-financial-services/.venv/lib/python3.10/site-packages/airflow/example_dags/example_xcomargs.py
[2024-09-03T11:41:48.574+0000] {processor.py:826} INFO - Processing file /home/airflow-vm/data-engineer-batch-processing-financial-services/.venv/lib/python3.10/site-packages/airflow/example_dags/example_xcomargs.py for tasks to queue
[2024-09-03T11:41:48.575+0000] {logging_mixin.py:149} INFO - [2024-09-03T11:41:48.575+0000] {dagbag.py:541} INFO - Filling up the DagBag from /home/airflow-vm/data-engineer-batch-processing-financial-services/.venv/lib/python3.10/site-packages/airflow/example_dags/example_xcomargs.py
[2024-09-03T11:41:48.583+0000] {processor.py:836} INFO - DAG(s) dict_keys(['example_xcom_args_with_operators', 'example_xcom_args']) retrieved from /home/airflow-vm/data-engineer-batch-processing-financial-services/.venv/lib/python3.10/site-packages/airflow/example_dags/example_xcomargs.py
[2024-09-03T11:41:48.604+0000] {logging_mixin.py:149} INFO - [2024-09-03T11:41:48.604+0000] {dag.py:2726} INFO - Sync 2 DAGs
[2024-09-03T11:41:48.625+0000] {logging_mixin.py:149} INFO - [2024-09-03T11:41:48.625+0000] {dag.py:3486} INFO - Setting next_dagrun for example_xcom_args to None, run_after=None
[2024-09-03T11:41:48.629+0000] {logging_mixin.py:149} INFO - [2024-09-03T11:41:48.629+0000] {dag.py:3486} INFO - Setting next_dagrun for example_xcom_args_with_operators to None, run_after=None
[2024-09-03T11:41:48.657+0000] {processor.py:179} INFO - Processing /home/airflow-vm/data-engineer-batch-processing-financial-services/.venv/lib/python3.10/site-packages/airflow/example_dags/example_xcomargs.py took 0.086 seconds
[2024-09-03T11:46:14.350+0000] {processor.py:157} INFO - Started process (PID=27089) to work on /home/airflow-vm/data-engineer-batch-processing-financial-services/.venv/lib/python3.10/site-packages/airflow/example_dags/example_xcomargs.py
[2024-09-03T11:46:14.351+0000] {processor.py:826} INFO - Processing file /home/airflow-vm/data-engineer-batch-processing-financial-services/.venv/lib/python3.10/site-packages/airflow/example_dags/example_xcomargs.py for tasks to queue
[2024-09-03T11:46:14.351+0000] {logging_mixin.py:149} INFO - [2024-09-03T11:46:14.351+0000] {dagbag.py:541} INFO - Filling up the DagBag from /home/airflow-vm/data-engineer-batch-processing-financial-services/.venv/lib/python3.10/site-packages/airflow/example_dags/example_xcomargs.py
[2024-09-03T11:46:14.359+0000] {processor.py:836} INFO - DAG(s) dict_keys(['example_xcom_args', 'example_xcom_args_with_operators']) retrieved from /home/airflow-vm/data-engineer-batch-processing-financial-services/.venv/lib/python3.10/site-packages/airflow/example_dags/example_xcomargs.py
[2024-09-03T11:46:14.382+0000] {logging_mixin.py:149} INFO - [2024-09-03T11:46:14.382+0000] {dag.py:2726} INFO - Sync 2 DAGs
[2024-09-03T11:46:14.402+0000] {logging_mixin.py:149} INFO - [2024-09-03T11:46:14.402+0000] {dag.py:3486} INFO - Setting next_dagrun for example_xcom_args to None, run_after=None
[2024-09-03T11:46:14.405+0000] {logging_mixin.py:149} INFO - [2024-09-03T11:46:14.405+0000] {dag.py:3486} INFO - Setting next_dagrun for example_xcom_args_with_operators to None, run_after=None
[2024-09-03T11:46:14.430+0000] {processor.py:179} INFO - Processing /home/airflow-vm/data-engineer-batch-processing-financial-services/.venv/lib/python3.10/site-packages/airflow/example_dags/example_xcomargs.py took 0.083 seconds
[2024-09-03T11:49:54.565+0000] {processor.py:157} INFO - Started process (PID=29395) to work on /home/airflow-vm/data-engineer-batch-processing-financial-services/.venv/lib/python3.10/site-packages/airflow/example_dags/example_xcomargs.py
[2024-09-03T11:49:54.566+0000] {processor.py:826} INFO - Processing file /home/airflow-vm/data-engineer-batch-processing-financial-services/.venv/lib/python3.10/site-packages/airflow/example_dags/example_xcomargs.py for tasks to queue
[2024-09-03T11:49:54.567+0000] {logging_mixin.py:149} INFO - [2024-09-03T11:49:54.566+0000] {dagbag.py:541} INFO - Filling up the DagBag from /home/airflow-vm/data-engineer-batch-processing-financial-services/.venv/lib/python3.10/site-packages/airflow/example_dags/example_xcomargs.py
[2024-09-03T11:49:54.574+0000] {processor.py:836} INFO - DAG(s) dict_keys(['example_xcom_args', 'example_xcom_args_with_operators']) retrieved from /home/airflow-vm/data-engineer-batch-processing-financial-services/.venv/lib/python3.10/site-packages/airflow/example_dags/example_xcomargs.py
[2024-09-03T11:49:54.595+0000] {logging_mixin.py:149} INFO - [2024-09-03T11:49:54.595+0000] {dag.py:2726} INFO - Sync 2 DAGs
[2024-09-03T11:49:54.613+0000] {logging_mixin.py:149} INFO - [2024-09-03T11:49:54.613+0000] {dag.py:3486} INFO - Setting next_dagrun for example_xcom_args to None, run_after=None
[2024-09-03T11:49:54.616+0000] {logging_mixin.py:149} INFO - [2024-09-03T11:49:54.616+0000] {dag.py:3486} INFO - Setting next_dagrun for example_xcom_args_with_operators to None, run_after=None
[2024-09-03T11:49:54.640+0000] {processor.py:179} INFO - Processing /home/airflow-vm/data-engineer-batch-processing-financial-services/.venv/lib/python3.10/site-packages/airflow/example_dags/example_xcomargs.py took 0.078 seconds
[2024-09-03T11:50:44.195+0000] {processor.py:157} INFO - Started process (PID=29676) to work on /home/airflow-vm/data-engineer-batch-processing-financial-services/.venv/lib/python3.10/site-packages/airflow/example_dags/example_xcomargs.py
[2024-09-03T11:50:44.196+0000] {processor.py:826} INFO - Processing file /home/airflow-vm/data-engineer-batch-processing-financial-services/.venv/lib/python3.10/site-packages/airflow/example_dags/example_xcomargs.py for tasks to queue
[2024-09-03T11:50:44.197+0000] {logging_mixin.py:149} INFO - [2024-09-03T11:50:44.197+0000] {dagbag.py:541} INFO - Filling up the DagBag from /home/airflow-vm/data-engineer-batch-processing-financial-services/.venv/lib/python3.10/site-packages/airflow/example_dags/example_xcomargs.py
[2024-09-03T11:50:44.204+0000] {processor.py:836} INFO - DAG(s) dict_keys(['example_xcom_args', 'example_xcom_args_with_operators']) retrieved from /home/airflow-vm/data-engineer-batch-processing-financial-services/.venv/lib/python3.10/site-packages/airflow/example_dags/example_xcomargs.py
[2024-09-03T11:50:44.224+0000] {logging_mixin.py:149} INFO - [2024-09-03T11:50:44.224+0000] {dag.py:2726} INFO - Sync 2 DAGs
[2024-09-03T11:50:44.243+0000] {logging_mixin.py:149} INFO - [2024-09-03T11:50:44.243+0000] {dag.py:3486} INFO - Setting next_dagrun for example_xcom_args to None, run_after=None
[2024-09-03T11:50:44.246+0000] {logging_mixin.py:149} INFO - [2024-09-03T11:50:44.246+0000] {dag.py:3486} INFO - Setting next_dagrun for example_xcom_args_with_operators to None, run_after=None
[2024-09-03T11:50:44.276+0000] {processor.py:179} INFO - Processing /home/airflow-vm/data-engineer-batch-processing-financial-services/.venv/lib/python3.10/site-packages/airflow/example_dags/example_xcomargs.py took 0.083 seconds
[2024-09-03T11:51:27.829+0000] {processor.py:157} INFO - Started process (PID=29723) to work on /home/airflow-vm/data-engineer-batch-processing-financial-services/.venv/lib/python3.10/site-packages/airflow/example_dags/example_xcomargs.py
[2024-09-03T11:51:27.830+0000] {processor.py:826} INFO - Processing file /home/airflow-vm/data-engineer-batch-processing-financial-services/.venv/lib/python3.10/site-packages/airflow/example_dags/example_xcomargs.py for tasks to queue
[2024-09-03T11:51:27.830+0000] {logging_mixin.py:149} INFO - [2024-09-03T11:51:27.830+0000] {dagbag.py:541} INFO - Filling up the DagBag from /home/airflow-vm/data-engineer-batch-processing-financial-services/.venv/lib/python3.10/site-packages/airflow/example_dags/example_xcomargs.py
[2024-09-03T11:51:27.837+0000] {processor.py:836} INFO - DAG(s) dict_keys(['example_xcom_args', 'example_xcom_args_with_operators']) retrieved from /home/airflow-vm/data-engineer-batch-processing-financial-services/.venv/lib/python3.10/site-packages/airflow/example_dags/example_xcomargs.py
[2024-09-03T11:51:27.858+0000] {logging_mixin.py:149} INFO - [2024-09-03T11:51:27.858+0000] {dag.py:2726} INFO - Sync 2 DAGs
[2024-09-03T11:51:27.879+0000] {logging_mixin.py:149} INFO - [2024-09-03T11:51:27.879+0000] {dag.py:3486} INFO - Setting next_dagrun for example_xcom_args to None, run_after=None
[2024-09-03T11:51:27.882+0000] {logging_mixin.py:149} INFO - [2024-09-03T11:51:27.882+0000] {dag.py:3486} INFO - Setting next_dagrun for example_xcom_args_with_operators to None, run_after=None
[2024-09-03T11:51:27.910+0000] {processor.py:179} INFO - Processing /home/airflow-vm/data-engineer-batch-processing-financial-services/.venv/lib/python3.10/site-packages/airflow/example_dags/example_xcomargs.py took 0.084 seconds
[2024-09-03T11:52:11.742+0000] {processor.py:157} INFO - Started process (PID=29771) to work on /home/airflow-vm/data-engineer-batch-processing-financial-services/.venv/lib/python3.10/site-packages/airflow/example_dags/example_xcomargs.py
[2024-09-03T11:52:11.743+0000] {processor.py:826} INFO - Processing file /home/airflow-vm/data-engineer-batch-processing-financial-services/.venv/lib/python3.10/site-packages/airflow/example_dags/example_xcomargs.py for tasks to queue
[2024-09-03T11:52:11.744+0000] {logging_mixin.py:149} INFO - [2024-09-03T11:52:11.744+0000] {dagbag.py:541} INFO - Filling up the DagBag from /home/airflow-vm/data-engineer-batch-processing-financial-services/.venv/lib/python3.10/site-packages/airflow/example_dags/example_xcomargs.py
[2024-09-03T11:52:11.751+0000] {processor.py:836} INFO - DAG(s) dict_keys(['example_xcom_args_with_operators', 'example_xcom_args']) retrieved from /home/airflow-vm/data-engineer-batch-processing-financial-services/.venv/lib/python3.10/site-packages/airflow/example_dags/example_xcomargs.py
[2024-09-03T11:52:11.773+0000] {logging_mixin.py:149} INFO - [2024-09-03T11:52:11.773+0000] {dag.py:2726} INFO - Sync 2 DAGs
[2024-09-03T11:52:11.792+0000] {logging_mixin.py:149} INFO - [2024-09-03T11:52:11.792+0000] {dag.py:3486} INFO - Setting next_dagrun for example_xcom_args to None, run_after=None
[2024-09-03T11:52:11.795+0000] {logging_mixin.py:149} INFO - [2024-09-03T11:52:11.795+0000] {dag.py:3486} INFO - Setting next_dagrun for example_xcom_args_with_operators to None, run_after=None
[2024-09-03T11:52:11.823+0000] {processor.py:179} INFO - Processing /home/airflow-vm/data-engineer-batch-processing-financial-services/.venv/lib/python3.10/site-packages/airflow/example_dags/example_xcomargs.py took 0.083 seconds
[2024-09-03T11:52:44.905+0000] {processor.py:157} INFO - Started process (PID=29805) to work on /home/airflow-vm/data-engineer-batch-processing-financial-services/.venv/lib/python3.10/site-packages/airflow/example_dags/example_xcomargs.py
[2024-09-03T11:52:44.906+0000] {processor.py:826} INFO - Processing file /home/airflow-vm/data-engineer-batch-processing-financial-services/.venv/lib/python3.10/site-packages/airflow/example_dags/example_xcomargs.py for tasks to queue
[2024-09-03T11:52:44.906+0000] {logging_mixin.py:149} INFO - [2024-09-03T11:52:44.906+0000] {dagbag.py:541} INFO - Filling up the DagBag from /home/airflow-vm/data-engineer-batch-processing-financial-services/.venv/lib/python3.10/site-packages/airflow/example_dags/example_xcomargs.py
[2024-09-03T11:52:44.914+0000] {processor.py:836} INFO - DAG(s) dict_keys(['example_xcom_args', 'example_xcom_args_with_operators']) retrieved from /home/airflow-vm/data-engineer-batch-processing-financial-services/.venv/lib/python3.10/site-packages/airflow/example_dags/example_xcomargs.py
[2024-09-03T11:52:44.935+0000] {logging_mixin.py:149} INFO - [2024-09-03T11:52:44.935+0000] {dag.py:2726} INFO - Sync 2 DAGs
[2024-09-03T11:52:44.954+0000] {logging_mixin.py:149} INFO - [2024-09-03T11:52:44.954+0000] {dag.py:3486} INFO - Setting next_dagrun for example_xcom_args to None, run_after=None
[2024-09-03T11:52:44.959+0000] {logging_mixin.py:149} INFO - [2024-09-03T11:52:44.959+0000] {dag.py:3486} INFO - Setting next_dagrun for example_xcom_args_with_operators to None, run_after=None
[2024-09-03T11:52:44.988+0000] {processor.py:179} INFO - Processing /home/airflow-vm/data-engineer-batch-processing-financial-services/.venv/lib/python3.10/site-packages/airflow/example_dags/example_xcomargs.py took 0.086 seconds
[2024-09-03T11:53:31.091+0000] {processor.py:157} INFO - Started process (PID=29880) to work on /home/airflow-vm/data-engineer-batch-processing-financial-services/.venv/lib/python3.10/site-packages/airflow/example_dags/example_xcomargs.py
[2024-09-03T11:53:31.092+0000] {processor.py:826} INFO - Processing file /home/airflow-vm/data-engineer-batch-processing-financial-services/.venv/lib/python3.10/site-packages/airflow/example_dags/example_xcomargs.py for tasks to queue
[2024-09-03T11:53:31.092+0000] {logging_mixin.py:149} INFO - [2024-09-03T11:53:31.092+0000] {dagbag.py:541} INFO - Filling up the DagBag from /home/airflow-vm/data-engineer-batch-processing-financial-services/.venv/lib/python3.10/site-packages/airflow/example_dags/example_xcomargs.py
[2024-09-03T11:53:31.100+0000] {processor.py:836} INFO - DAG(s) dict_keys(['example_xcom_args_with_operators', 'example_xcom_args']) retrieved from /home/airflow-vm/data-engineer-batch-processing-financial-services/.venv/lib/python3.10/site-packages/airflow/example_dags/example_xcomargs.py
[2024-09-03T11:53:31.121+0000] {logging_mixin.py:149} INFO - [2024-09-03T11:53:31.121+0000] {dag.py:2726} INFO - Sync 2 DAGs
[2024-09-03T11:53:31.141+0000] {logging_mixin.py:149} INFO - [2024-09-03T11:53:31.141+0000] {dag.py:3486} INFO - Setting next_dagrun for example_xcom_args to None, run_after=None
[2024-09-03T11:53:31.144+0000] {logging_mixin.py:149} INFO - [2024-09-03T11:53:31.144+0000] {dag.py:3486} INFO - Setting next_dagrun for example_xcom_args_with_operators to None, run_after=None
[2024-09-03T11:53:31.175+0000] {processor.py:179} INFO - Processing /home/airflow-vm/data-engineer-batch-processing-financial-services/.venv/lib/python3.10/site-packages/airflow/example_dags/example_xcomargs.py took 0.087 seconds
[2024-09-03T11:54:03.698+0000] {processor.py:157} INFO - Started process (PID=29913) to work on /home/airflow-vm/data-engineer-batch-processing-financial-services/.venv/lib/python3.10/site-packages/airflow/example_dags/example_xcomargs.py
[2024-09-03T11:54:03.699+0000] {processor.py:826} INFO - Processing file /home/airflow-vm/data-engineer-batch-processing-financial-services/.venv/lib/python3.10/site-packages/airflow/example_dags/example_xcomargs.py for tasks to queue
[2024-09-03T11:54:03.699+0000] {logging_mixin.py:149} INFO - [2024-09-03T11:54:03.699+0000] {dagbag.py:541} INFO - Filling up the DagBag from /home/airflow-vm/data-engineer-batch-processing-financial-services/.venv/lib/python3.10/site-packages/airflow/example_dags/example_xcomargs.py
[2024-09-03T11:54:03.707+0000] {processor.py:836} INFO - DAG(s) dict_keys(['example_xcom_args_with_operators', 'example_xcom_args']) retrieved from /home/airflow-vm/data-engineer-batch-processing-financial-services/.venv/lib/python3.10/site-packages/airflow/example_dags/example_xcomargs.py
[2024-09-03T11:54:03.729+0000] {logging_mixin.py:149} INFO - [2024-09-03T11:54:03.729+0000] {dag.py:2726} INFO - Sync 2 DAGs
[2024-09-03T11:54:03.750+0000] {logging_mixin.py:149} INFO - [2024-09-03T11:54:03.750+0000] {dag.py:3486} INFO - Setting next_dagrun for example_xcom_args to None, run_after=None
[2024-09-03T11:54:03.755+0000] {logging_mixin.py:149} INFO - [2024-09-03T11:54:03.755+0000] {dag.py:3486} INFO - Setting next_dagrun for example_xcom_args_with_operators to None, run_after=None
[2024-09-03T11:54:03.783+0000] {processor.py:179} INFO - Processing /home/airflow-vm/data-engineer-batch-processing-financial-services/.venv/lib/python3.10/site-packages/airflow/example_dags/example_xcomargs.py took 0.088 seconds
[2024-09-03T11:54:37.084+0000] {processor.py:157} INFO - Started process (PID=29947) to work on /home/airflow-vm/data-engineer-batch-processing-financial-services/.venv/lib/python3.10/site-packages/airflow/example_dags/example_xcomargs.py
[2024-09-03T11:54:37.085+0000] {processor.py:826} INFO - Processing file /home/airflow-vm/data-engineer-batch-processing-financial-services/.venv/lib/python3.10/site-packages/airflow/example_dags/example_xcomargs.py for tasks to queue
[2024-09-03T11:54:37.085+0000] {logging_mixin.py:149} INFO - [2024-09-03T11:54:37.085+0000] {dagbag.py:541} INFO - Filling up the DagBag from /home/airflow-vm/data-engineer-batch-processing-financial-services/.venv/lib/python3.10/site-packages/airflow/example_dags/example_xcomargs.py
[2024-09-03T11:54:37.092+0000] {processor.py:836} INFO - DAG(s) dict_keys(['example_xcom_args_with_operators', 'example_xcom_args']) retrieved from /home/airflow-vm/data-engineer-batch-processing-financial-services/.venv/lib/python3.10/site-packages/airflow/example_dags/example_xcomargs.py
[2024-09-03T11:54:37.113+0000] {logging_mixin.py:149} INFO - [2024-09-03T11:54:37.113+0000] {dag.py:2726} INFO - Sync 2 DAGs
[2024-09-03T11:54:37.131+0000] {logging_mixin.py:149} INFO - [2024-09-03T11:54:37.131+0000] {dag.py:3486} INFO - Setting next_dagrun for example_xcom_args to None, run_after=None
[2024-09-03T11:54:37.134+0000] {logging_mixin.py:149} INFO - [2024-09-03T11:54:37.134+0000] {dag.py:3486} INFO - Setting next_dagrun for example_xcom_args_with_operators to None, run_after=None
[2024-09-03T11:54:37.161+0000] {processor.py:179} INFO - Processing /home/airflow-vm/data-engineer-batch-processing-financial-services/.venv/lib/python3.10/site-packages/airflow/example_dags/example_xcomargs.py took 0.079 seconds
[2024-09-03T11:55:09.593+0000] {processor.py:157} INFO - Started process (PID=29987) to work on /home/airflow-vm/data-engineer-batch-processing-financial-services/.venv/lib/python3.10/site-packages/airflow/example_dags/example_xcomargs.py
[2024-09-03T11:55:09.593+0000] {processor.py:826} INFO - Processing file /home/airflow-vm/data-engineer-batch-processing-financial-services/.venv/lib/python3.10/site-packages/airflow/example_dags/example_xcomargs.py for tasks to queue
[2024-09-03T11:55:09.594+0000] {logging_mixin.py:149} INFO - [2024-09-03T11:55:09.594+0000] {dagbag.py:541} INFO - Filling up the DagBag from /home/airflow-vm/data-engineer-batch-processing-financial-services/.venv/lib/python3.10/site-packages/airflow/example_dags/example_xcomargs.py
[2024-09-03T11:55:09.601+0000] {processor.py:836} INFO - DAG(s) dict_keys(['example_xcom_args', 'example_xcom_args_with_operators']) retrieved from /home/airflow-vm/data-engineer-batch-processing-financial-services/.venv/lib/python3.10/site-packages/airflow/example_dags/example_xcomargs.py
[2024-09-03T11:55:09.620+0000] {logging_mixin.py:149} INFO - [2024-09-03T11:55:09.620+0000] {dag.py:2726} INFO - Sync 2 DAGs
[2024-09-03T11:55:09.638+0000] {logging_mixin.py:149} INFO - [2024-09-03T11:55:09.638+0000] {dag.py:3486} INFO - Setting next_dagrun for example_xcom_args to None, run_after=None
[2024-09-03T11:55:09.641+0000] {logging_mixin.py:149} INFO - [2024-09-03T11:55:09.641+0000] {dag.py:3486} INFO - Setting next_dagrun for example_xcom_args_with_operators to None, run_after=None
[2024-09-03T11:55:09.669+0000] {processor.py:179} INFO - Processing /home/airflow-vm/data-engineer-batch-processing-financial-services/.venv/lib/python3.10/site-packages/airflow/example_dags/example_xcomargs.py took 0.078 seconds
[2024-09-03T11:55:53.014+0000] {processor.py:157} INFO - Started process (PID=30034) to work on /home/airflow-vm/data-engineer-batch-processing-financial-services/.venv/lib/python3.10/site-packages/airflow/example_dags/example_xcomargs.py
[2024-09-03T11:55:53.015+0000] {processor.py:826} INFO - Processing file /home/airflow-vm/data-engineer-batch-processing-financial-services/.venv/lib/python3.10/site-packages/airflow/example_dags/example_xcomargs.py for tasks to queue
[2024-09-03T11:55:53.016+0000] {logging_mixin.py:149} INFO - [2024-09-03T11:55:53.016+0000] {dagbag.py:541} INFO - Filling up the DagBag from /home/airflow-vm/data-engineer-batch-processing-financial-services/.venv/lib/python3.10/site-packages/airflow/example_dags/example_xcomargs.py
[2024-09-03T11:55:53.023+0000] {processor.py:836} INFO - DAG(s) dict_keys(['example_xcom_args', 'example_xcom_args_with_operators']) retrieved from /home/airflow-vm/data-engineer-batch-processing-financial-services/.venv/lib/python3.10/site-packages/airflow/example_dags/example_xcomargs.py
[2024-09-03T11:55:53.042+0000] {logging_mixin.py:149} INFO - [2024-09-03T11:55:53.042+0000] {dag.py:2726} INFO - Sync 2 DAGs
[2024-09-03T11:55:53.062+0000] {logging_mixin.py:149} INFO - [2024-09-03T11:55:53.062+0000] {dag.py:3486} INFO - Setting next_dagrun for example_xcom_args to None, run_after=None
[2024-09-03T11:55:53.065+0000] {logging_mixin.py:149} INFO - [2024-09-03T11:55:53.065+0000] {dag.py:3486} INFO - Setting next_dagrun for example_xcom_args_with_operators to None, run_after=None
[2024-09-03T11:55:53.091+0000] {processor.py:179} INFO - Processing /home/airflow-vm/data-engineer-batch-processing-financial-services/.venv/lib/python3.10/site-packages/airflow/example_dags/example_xcomargs.py took 0.079 seconds
[2024-09-03T11:56:25.249+0000] {processor.py:157} INFO - Started process (PID=30068) to work on /home/airflow-vm/data-engineer-batch-processing-financial-services/.venv/lib/python3.10/site-packages/airflow/example_dags/example_xcomargs.py
[2024-09-03T11:56:25.250+0000] {processor.py:826} INFO - Processing file /home/airflow-vm/data-engineer-batch-processing-financial-services/.venv/lib/python3.10/site-packages/airflow/example_dags/example_xcomargs.py for tasks to queue
[2024-09-03T11:56:25.251+0000] {logging_mixin.py:149} INFO - [2024-09-03T11:56:25.250+0000] {dagbag.py:541} INFO - Filling up the DagBag from /home/airflow-vm/data-engineer-batch-processing-financial-services/.venv/lib/python3.10/site-packages/airflow/example_dags/example_xcomargs.py
[2024-09-03T11:56:25.258+0000] {processor.py:836} INFO - DAG(s) dict_keys(['example_xcom_args_with_operators', 'example_xcom_args']) retrieved from /home/airflow-vm/data-engineer-batch-processing-financial-services/.venv/lib/python3.10/site-packages/airflow/example_dags/example_xcomargs.py
[2024-09-03T11:56:25.280+0000] {logging_mixin.py:149} INFO - [2024-09-03T11:56:25.280+0000] {dag.py:2726} INFO - Sync 2 DAGs
[2024-09-03T11:56:25.299+0000] {logging_mixin.py:149} INFO - [2024-09-03T11:56:25.299+0000] {dag.py:3486} INFO - Setting next_dagrun for example_xcom_args to None, run_after=None
[2024-09-03T11:56:25.302+0000] {logging_mixin.py:149} INFO - [2024-09-03T11:56:25.302+0000] {dag.py:3486} INFO - Setting next_dagrun for example_xcom_args_with_operators to None, run_after=None
[2024-09-03T11:56:25.332+0000] {processor.py:179} INFO - Processing /home/airflow-vm/data-engineer-batch-processing-financial-services/.venv/lib/python3.10/site-packages/airflow/example_dags/example_xcomargs.py took 0.085 seconds
