[2024-09-03T10:58:21.868+0000] {processor.py:157} INFO - Started process (PID=3551) to work on /home/airflow-vm/data-engineer-batch-processing-financial-services/.venv/lib/python3.10/site-packages/airflow/example_dags/example_dynamic_task_mapping.py
[2024-09-03T10:58:21.869+0000] {processor.py:826} INFO - Processing file /home/airflow-vm/data-engineer-batch-processing-financial-services/.venv/lib/python3.10/site-packages/airflow/example_dags/example_dynamic_task_mapping.py for tasks to queue
[2024-09-03T10:58:21.870+0000] {logging_mixin.py:149} INFO - [2024-09-03T10:58:21.870+0000] {dagbag.py:541} INFO - Filling up the DagBag from /home/airflow-vm/data-engineer-batch-processing-financial-services/.venv/lib/python3.10/site-packages/airflow/example_dags/example_dynamic_task_mapping.py
[2024-09-03T10:58:21.879+0000] {processor.py:836} INFO - DAG(s) dict_keys(['example_dynamic_task_mapping']) retrieved from /home/airflow-vm/data-engineer-batch-processing-financial-services/.venv/lib/python3.10/site-packages/airflow/example_dags/example_dynamic_task_mapping.py
[2024-09-03T10:58:21.922+0000] {logging_mixin.py:149} INFO - [2024-09-03T10:58:21.922+0000] {dag.py:2726} INFO - Sync 1 DAGs
[2024-09-03T10:58:21.940+0000] {logging_mixin.py:149} INFO - [2024-09-03T10:58:21.939+0000] {dag.py:3486} INFO - Setting next_dagrun for example_dynamic_task_mapping to 2022-03-03T17:00:00+00:00, run_after=2022-03-04T17:00:00+00:00
[2024-09-03T10:58:21.970+0000] {processor.py:179} INFO - Processing /home/airflow-vm/data-engineer-batch-processing-financial-services/.venv/lib/python3.10/site-packages/airflow/example_dags/example_dynamic_task_mapping.py took 0.104 seconds
[2024-09-03T10:59:08.200+0000] {processor.py:157} INFO - Started process (PID=3821) to work on /home/airflow-vm/data-engineer-batch-processing-financial-services/.venv/lib/python3.10/site-packages/airflow/example_dags/example_dynamic_task_mapping.py
[2024-09-03T10:59:08.201+0000] {processor.py:826} INFO - Processing file /home/airflow-vm/data-engineer-batch-processing-financial-services/.venv/lib/python3.10/site-packages/airflow/example_dags/example_dynamic_task_mapping.py for tasks to queue
[2024-09-03T10:59:08.201+0000] {logging_mixin.py:149} INFO - [2024-09-03T10:59:08.201+0000] {dagbag.py:541} INFO - Filling up the DagBag from /home/airflow-vm/data-engineer-batch-processing-financial-services/.venv/lib/python3.10/site-packages/airflow/example_dags/example_dynamic_task_mapping.py
[2024-09-03T10:59:08.208+0000] {processor.py:836} INFO - DAG(s) dict_keys(['example_dynamic_task_mapping']) retrieved from /home/airflow-vm/data-engineer-batch-processing-financial-services/.venv/lib/python3.10/site-packages/airflow/example_dags/example_dynamic_task_mapping.py
[2024-09-03T10:59:08.224+0000] {logging_mixin.py:149} INFO - [2024-09-03T10:59:08.224+0000] {dag.py:2726} INFO - Sync 1 DAGs
[2024-09-03T10:59:08.242+0000] {logging_mixin.py:149} INFO - [2024-09-03T10:59:08.242+0000] {dag.py:3486} INFO - Setting next_dagrun for example_dynamic_task_mapping to 2022-03-03T17:00:00+00:00, run_after=2022-03-04T17:00:00+00:00
[2024-09-03T10:59:08.269+0000] {processor.py:179} INFO - Processing /home/airflow-vm/data-engineer-batch-processing-financial-services/.venv/lib/python3.10/site-packages/airflow/example_dags/example_dynamic_task_mapping.py took 0.072 seconds
[2024-09-03T10:59:53.501+0000] {processor.py:157} INFO - Started process (PID=3953) to work on /home/airflow-vm/data-engineer-batch-processing-financial-services/.venv/lib/python3.10/site-packages/airflow/example_dags/example_dynamic_task_mapping.py
[2024-09-03T10:59:53.502+0000] {processor.py:826} INFO - Processing file /home/airflow-vm/data-engineer-batch-processing-financial-services/.venv/lib/python3.10/site-packages/airflow/example_dags/example_dynamic_task_mapping.py for tasks to queue
[2024-09-03T10:59:53.503+0000] {logging_mixin.py:149} INFO - [2024-09-03T10:59:53.503+0000] {dagbag.py:541} INFO - Filling up the DagBag from /home/airflow-vm/data-engineer-batch-processing-financial-services/.venv/lib/python3.10/site-packages/airflow/example_dags/example_dynamic_task_mapping.py
[2024-09-03T10:59:53.510+0000] {processor.py:836} INFO - DAG(s) dict_keys(['example_dynamic_task_mapping']) retrieved from /home/airflow-vm/data-engineer-batch-processing-financial-services/.venv/lib/python3.10/site-packages/airflow/example_dags/example_dynamic_task_mapping.py
[2024-09-03T10:59:53.525+0000] {logging_mixin.py:149} INFO - [2024-09-03T10:59:53.525+0000] {dag.py:2726} INFO - Sync 1 DAGs
[2024-09-03T10:59:53.544+0000] {logging_mixin.py:149} INFO - [2024-09-03T10:59:53.544+0000] {dag.py:3486} INFO - Setting next_dagrun for example_dynamic_task_mapping to 2022-03-03T17:00:00+00:00, run_after=2022-03-04T17:00:00+00:00
[2024-09-03T10:59:53.570+0000] {processor.py:179} INFO - Processing /home/airflow-vm/data-engineer-batch-processing-financial-services/.venv/lib/python3.10/site-packages/airflow/example_dags/example_dynamic_task_mapping.py took 0.071 seconds
[2024-09-03T11:00:39.170+0000] {processor.py:157} INFO - Started process (PID=4429) to work on /home/airflow-vm/data-engineer-batch-processing-financial-services/.venv/lib/python3.10/site-packages/airflow/example_dags/example_dynamic_task_mapping.py
[2024-09-03T11:00:39.171+0000] {processor.py:826} INFO - Processing file /home/airflow-vm/data-engineer-batch-processing-financial-services/.venv/lib/python3.10/site-packages/airflow/example_dags/example_dynamic_task_mapping.py for tasks to queue
[2024-09-03T11:00:39.172+0000] {logging_mixin.py:149} INFO - [2024-09-03T11:00:39.171+0000] {dagbag.py:541} INFO - Filling up the DagBag from /home/airflow-vm/data-engineer-batch-processing-financial-services/.venv/lib/python3.10/site-packages/airflow/example_dags/example_dynamic_task_mapping.py
[2024-09-03T11:00:39.178+0000] {processor.py:836} INFO - DAG(s) dict_keys(['example_dynamic_task_mapping']) retrieved from /home/airflow-vm/data-engineer-batch-processing-financial-services/.venv/lib/python3.10/site-packages/airflow/example_dags/example_dynamic_task_mapping.py
[2024-09-03T11:00:39.195+0000] {logging_mixin.py:149} INFO - [2024-09-03T11:00:39.195+0000] {dag.py:2726} INFO - Sync 1 DAGs
[2024-09-03T11:00:39.215+0000] {logging_mixin.py:149} INFO - [2024-09-03T11:00:39.215+0000] {dag.py:3486} INFO - Setting next_dagrun for example_dynamic_task_mapping to 2022-03-03T17:00:00+00:00, run_after=2022-03-04T17:00:00+00:00
[2024-09-03T11:00:39.243+0000] {processor.py:179} INFO - Processing /home/airflow-vm/data-engineer-batch-processing-financial-services/.venv/lib/python3.10/site-packages/airflow/example_dags/example_dynamic_task_mapping.py took 0.076 seconds
[2024-09-03T11:01:26.937+0000] {processor.py:157} INFO - Started process (PID=4729) to work on /home/airflow-vm/data-engineer-batch-processing-financial-services/.venv/lib/python3.10/site-packages/airflow/example_dags/example_dynamic_task_mapping.py
[2024-09-03T11:01:26.938+0000] {processor.py:826} INFO - Processing file /home/airflow-vm/data-engineer-batch-processing-financial-services/.venv/lib/python3.10/site-packages/airflow/example_dags/example_dynamic_task_mapping.py for tasks to queue
[2024-09-03T11:01:26.939+0000] {logging_mixin.py:149} INFO - [2024-09-03T11:01:26.938+0000] {dagbag.py:541} INFO - Filling up the DagBag from /home/airflow-vm/data-engineer-batch-processing-financial-services/.venv/lib/python3.10/site-packages/airflow/example_dags/example_dynamic_task_mapping.py
[2024-09-03T11:01:26.945+0000] {processor.py:836} INFO - DAG(s) dict_keys(['example_dynamic_task_mapping']) retrieved from /home/airflow-vm/data-engineer-batch-processing-financial-services/.venv/lib/python3.10/site-packages/airflow/example_dags/example_dynamic_task_mapping.py
[2024-09-03T11:01:26.961+0000] {logging_mixin.py:149} INFO - [2024-09-03T11:01:26.961+0000] {dag.py:2726} INFO - Sync 1 DAGs
[2024-09-03T11:01:26.981+0000] {logging_mixin.py:149} INFO - [2024-09-03T11:01:26.981+0000] {dag.py:3486} INFO - Setting next_dagrun for example_dynamic_task_mapping to 2022-03-03T17:00:00+00:00, run_after=2022-03-04T17:00:00+00:00
[2024-09-03T11:01:27.008+0000] {processor.py:179} INFO - Processing /home/airflow-vm/data-engineer-batch-processing-financial-services/.venv/lib/python3.10/site-packages/airflow/example_dags/example_dynamic_task_mapping.py took 0.073 seconds
[2024-09-03T11:02:14.299+0000] {processor.py:157} INFO - Started process (PID=4804) to work on /home/airflow-vm/data-engineer-batch-processing-financial-services/.venv/lib/python3.10/site-packages/airflow/example_dags/example_dynamic_task_mapping.py
[2024-09-03T11:02:14.299+0000] {processor.py:826} INFO - Processing file /home/airflow-vm/data-engineer-batch-processing-financial-services/.venv/lib/python3.10/site-packages/airflow/example_dags/example_dynamic_task_mapping.py for tasks to queue
[2024-09-03T11:02:14.300+0000] {logging_mixin.py:149} INFO - [2024-09-03T11:02:14.300+0000] {dagbag.py:541} INFO - Filling up the DagBag from /home/airflow-vm/data-engineer-batch-processing-financial-services/.venv/lib/python3.10/site-packages/airflow/example_dags/example_dynamic_task_mapping.py
[2024-09-03T11:02:14.306+0000] {processor.py:836} INFO - DAG(s) dict_keys(['example_dynamic_task_mapping']) retrieved from /home/airflow-vm/data-engineer-batch-processing-financial-services/.venv/lib/python3.10/site-packages/airflow/example_dags/example_dynamic_task_mapping.py
[2024-09-03T11:02:14.322+0000] {logging_mixin.py:149} INFO - [2024-09-03T11:02:14.322+0000] {dag.py:2726} INFO - Sync 1 DAGs
[2024-09-03T11:02:14.341+0000] {logging_mixin.py:149} INFO - [2024-09-03T11:02:14.341+0000] {dag.py:3486} INFO - Setting next_dagrun for example_dynamic_task_mapping to 2022-03-03T17:00:00+00:00, run_after=2022-03-04T17:00:00+00:00
[2024-09-03T11:02:14.368+0000] {processor.py:179} INFO - Processing /home/airflow-vm/data-engineer-batch-processing-financial-services/.venv/lib/python3.10/site-packages/airflow/example_dags/example_dynamic_task_mapping.py took 0.072 seconds
[2024-09-03T11:03:01.397+0000] {processor.py:157} INFO - Started process (PID=5030) to work on /home/airflow-vm/data-engineer-batch-processing-financial-services/.venv/lib/python3.10/site-packages/airflow/example_dags/example_dynamic_task_mapping.py
[2024-09-03T11:03:01.397+0000] {processor.py:826} INFO - Processing file /home/airflow-vm/data-engineer-batch-processing-financial-services/.venv/lib/python3.10/site-packages/airflow/example_dags/example_dynamic_task_mapping.py for tasks to queue
[2024-09-03T11:03:01.398+0000] {logging_mixin.py:149} INFO - [2024-09-03T11:03:01.398+0000] {dagbag.py:541} INFO - Filling up the DagBag from /home/airflow-vm/data-engineer-batch-processing-financial-services/.venv/lib/python3.10/site-packages/airflow/example_dags/example_dynamic_task_mapping.py
[2024-09-03T11:03:01.404+0000] {processor.py:836} INFO - DAG(s) dict_keys(['example_dynamic_task_mapping']) retrieved from /home/airflow-vm/data-engineer-batch-processing-financial-services/.venv/lib/python3.10/site-packages/airflow/example_dags/example_dynamic_task_mapping.py
[2024-09-03T11:03:01.420+0000] {logging_mixin.py:149} INFO - [2024-09-03T11:03:01.420+0000] {dag.py:2726} INFO - Sync 1 DAGs
[2024-09-03T11:03:01.438+0000] {logging_mixin.py:149} INFO - [2024-09-03T11:03:01.438+0000] {dag.py:3486} INFO - Setting next_dagrun for example_dynamic_task_mapping to 2022-03-03T17:00:00+00:00, run_after=2022-03-04T17:00:00+00:00
[2024-09-03T11:03:01.465+0000] {processor.py:179} INFO - Processing /home/airflow-vm/data-engineer-batch-processing-financial-services/.venv/lib/python3.10/site-packages/airflow/example_dags/example_dynamic_task_mapping.py took 0.071 seconds
[2024-09-03T11:05:26.049+0000] {processor.py:157} INFO - Started process (PID=6466) to work on /home/airflow-vm/data-engineer-batch-processing-financial-services/.venv/lib/python3.10/site-packages/airflow/example_dags/example_dynamic_task_mapping.py
[2024-09-03T11:05:26.050+0000] {processor.py:826} INFO - Processing file /home/airflow-vm/data-engineer-batch-processing-financial-services/.venv/lib/python3.10/site-packages/airflow/example_dags/example_dynamic_task_mapping.py for tasks to queue
[2024-09-03T11:05:26.051+0000] {logging_mixin.py:149} INFO - [2024-09-03T11:05:26.051+0000] {dagbag.py:541} INFO - Filling up the DagBag from /home/airflow-vm/data-engineer-batch-processing-financial-services/.venv/lib/python3.10/site-packages/airflow/example_dags/example_dynamic_task_mapping.py
[2024-09-03T11:05:26.058+0000] {processor.py:836} INFO - DAG(s) dict_keys(['example_dynamic_task_mapping']) retrieved from /home/airflow-vm/data-engineer-batch-processing-financial-services/.venv/lib/python3.10/site-packages/airflow/example_dags/example_dynamic_task_mapping.py
[2024-09-03T11:05:26.076+0000] {logging_mixin.py:149} INFO - [2024-09-03T11:05:26.076+0000] {dag.py:2726} INFO - Sync 1 DAGs
[2024-09-03T11:05:26.096+0000] {logging_mixin.py:149} INFO - [2024-09-03T11:05:26.096+0000] {dag.py:3486} INFO - Setting next_dagrun for example_dynamic_task_mapping to 2022-03-03T17:00:00+00:00, run_after=2022-03-04T17:00:00+00:00
[2024-09-03T11:05:26.136+0000] {processor.py:179} INFO - Processing /home/airflow-vm/data-engineer-batch-processing-financial-services/.venv/lib/python3.10/site-packages/airflow/example_dags/example_dynamic_task_mapping.py took 0.090 seconds
[2024-09-03T11:07:50.877+0000] {processor.py:157} INFO - Started process (PID=7494) to work on /home/airflow-vm/data-engineer-batch-processing-financial-services/.venv/lib/python3.10/site-packages/airflow/example_dags/example_dynamic_task_mapping.py
[2024-09-03T11:07:50.878+0000] {processor.py:826} INFO - Processing file /home/airflow-vm/data-engineer-batch-processing-financial-services/.venv/lib/python3.10/site-packages/airflow/example_dags/example_dynamic_task_mapping.py for tasks to queue
[2024-09-03T11:07:50.878+0000] {logging_mixin.py:149} INFO - [2024-09-03T11:07:50.878+0000] {dagbag.py:541} INFO - Filling up the DagBag from /home/airflow-vm/data-engineer-batch-processing-financial-services/.venv/lib/python3.10/site-packages/airflow/example_dags/example_dynamic_task_mapping.py
[2024-09-03T11:07:50.885+0000] {processor.py:836} INFO - DAG(s) dict_keys(['example_dynamic_task_mapping']) retrieved from /home/airflow-vm/data-engineer-batch-processing-financial-services/.venv/lib/python3.10/site-packages/airflow/example_dags/example_dynamic_task_mapping.py
[2024-09-03T11:07:50.901+0000] {logging_mixin.py:149} INFO - [2024-09-03T11:07:50.901+0000] {dag.py:2726} INFO - Sync 1 DAGs
[2024-09-03T11:07:50.921+0000] {logging_mixin.py:149} INFO - [2024-09-03T11:07:50.921+0000] {dag.py:3486} INFO - Setting next_dagrun for example_dynamic_task_mapping to 2022-03-03T17:00:00+00:00, run_after=2022-03-04T17:00:00+00:00
[2024-09-03T11:07:50.947+0000] {processor.py:179} INFO - Processing /home/airflow-vm/data-engineer-batch-processing-financial-services/.venv/lib/python3.10/site-packages/airflow/example_dags/example_dynamic_task_mapping.py took 0.073 seconds
[2024-09-03T11:09:57.306+0000] {processor.py:157} INFO - Started process (PID=8360) to work on /home/airflow-vm/data-engineer-batch-processing-financial-services/.venv/lib/python3.10/site-packages/airflow/example_dags/example_dynamic_task_mapping.py
[2024-09-03T11:09:57.307+0000] {processor.py:826} INFO - Processing file /home/airflow-vm/data-engineer-batch-processing-financial-services/.venv/lib/python3.10/site-packages/airflow/example_dags/example_dynamic_task_mapping.py for tasks to queue
[2024-09-03T11:09:57.307+0000] {logging_mixin.py:149} INFO - [2024-09-03T11:09:57.307+0000] {dagbag.py:541} INFO - Filling up the DagBag from /home/airflow-vm/data-engineer-batch-processing-financial-services/.venv/lib/python3.10/site-packages/airflow/example_dags/example_dynamic_task_mapping.py
[2024-09-03T11:09:57.314+0000] {processor.py:836} INFO - DAG(s) dict_keys(['example_dynamic_task_mapping']) retrieved from /home/airflow-vm/data-engineer-batch-processing-financial-services/.venv/lib/python3.10/site-packages/airflow/example_dags/example_dynamic_task_mapping.py
[2024-09-03T11:09:57.332+0000] {logging_mixin.py:149} INFO - [2024-09-03T11:09:57.332+0000] {dag.py:2726} INFO - Sync 1 DAGs
[2024-09-03T11:09:57.352+0000] {logging_mixin.py:149} INFO - [2024-09-03T11:09:57.351+0000] {dag.py:3486} INFO - Setting next_dagrun for example_dynamic_task_mapping to 2022-03-03T17:00:00+00:00, run_after=2022-03-04T17:00:00+00:00
[2024-09-03T11:09:57.381+0000] {processor.py:179} INFO - Processing /home/airflow-vm/data-engineer-batch-processing-financial-services/.venv/lib/python3.10/site-packages/airflow/example_dags/example_dynamic_task_mapping.py took 0.077 seconds
[2024-09-03T11:14:13.081+0000] {processor.py:157} INFO - Started process (PID=10159) to work on /home/airflow-vm/data-engineer-batch-processing-financial-services/.venv/lib/python3.10/site-packages/airflow/example_dags/example_dynamic_task_mapping.py
[2024-09-03T11:14:13.082+0000] {processor.py:826} INFO - Processing file /home/airflow-vm/data-engineer-batch-processing-financial-services/.venv/lib/python3.10/site-packages/airflow/example_dags/example_dynamic_task_mapping.py for tasks to queue
[2024-09-03T11:14:13.082+0000] {logging_mixin.py:149} INFO - [2024-09-03T11:14:13.082+0000] {dagbag.py:541} INFO - Filling up the DagBag from /home/airflow-vm/data-engineer-batch-processing-financial-services/.venv/lib/python3.10/site-packages/airflow/example_dags/example_dynamic_task_mapping.py
[2024-09-03T11:14:13.089+0000] {processor.py:836} INFO - DAG(s) dict_keys(['example_dynamic_task_mapping']) retrieved from /home/airflow-vm/data-engineer-batch-processing-financial-services/.venv/lib/python3.10/site-packages/airflow/example_dags/example_dynamic_task_mapping.py
[2024-09-03T11:14:13.107+0000] {logging_mixin.py:149} INFO - [2024-09-03T11:14:13.107+0000] {dag.py:2726} INFO - Sync 1 DAGs
[2024-09-03T11:14:13.128+0000] {logging_mixin.py:149} INFO - [2024-09-03T11:14:13.128+0000] {dag.py:3486} INFO - Setting next_dagrun for example_dynamic_task_mapping to 2022-03-03T17:00:00+00:00, run_after=2022-03-04T17:00:00+00:00
[2024-09-03T11:14:13.159+0000] {processor.py:179} INFO - Processing /home/airflow-vm/data-engineer-batch-processing-financial-services/.venv/lib/python3.10/site-packages/airflow/example_dags/example_dynamic_task_mapping.py took 0.081 seconds
[2024-09-03T11:16:13.973+0000] {processor.py:157} INFO - Started process (PID=11326) to work on /home/airflow-vm/data-engineer-batch-processing-financial-services/.venv/lib/python3.10/site-packages/airflow/example_dags/example_dynamic_task_mapping.py
[2024-09-03T11:16:13.974+0000] {processor.py:826} INFO - Processing file /home/airflow-vm/data-engineer-batch-processing-financial-services/.venv/lib/python3.10/site-packages/airflow/example_dags/example_dynamic_task_mapping.py for tasks to queue
[2024-09-03T11:16:13.975+0000] {logging_mixin.py:149} INFO - [2024-09-03T11:16:13.975+0000] {dagbag.py:541} INFO - Filling up the DagBag from /home/airflow-vm/data-engineer-batch-processing-financial-services/.venv/lib/python3.10/site-packages/airflow/example_dags/example_dynamic_task_mapping.py
[2024-09-03T11:16:13.982+0000] {processor.py:836} INFO - DAG(s) dict_keys(['example_dynamic_task_mapping']) retrieved from /home/airflow-vm/data-engineer-batch-processing-financial-services/.venv/lib/python3.10/site-packages/airflow/example_dags/example_dynamic_task_mapping.py
[2024-09-03T11:16:14.000+0000] {logging_mixin.py:149} INFO - [2024-09-03T11:16:13.999+0000] {dag.py:2726} INFO - Sync 1 DAGs
[2024-09-03T11:16:14.031+0000] {logging_mixin.py:149} INFO - [2024-09-03T11:16:14.031+0000] {dag.py:3486} INFO - Setting next_dagrun for example_dynamic_task_mapping to 2022-03-03T17:00:00+00:00, run_after=2022-03-04T17:00:00+00:00
[2024-09-03T11:16:14.091+0000] {processor.py:179} INFO - Processing /home/airflow-vm/data-engineer-batch-processing-financial-services/.venv/lib/python3.10/site-packages/airflow/example_dags/example_dynamic_task_mapping.py took 0.121 seconds
[2024-09-03T11:21:30.365+0000] {processor.py:157} INFO - Started process (PID=14020) to work on /home/airflow-vm/data-engineer-batch-processing-financial-services/.venv/lib/python3.10/site-packages/airflow/example_dags/example_dynamic_task_mapping.py
[2024-09-03T11:21:30.366+0000] {processor.py:826} INFO - Processing file /home/airflow-vm/data-engineer-batch-processing-financial-services/.venv/lib/python3.10/site-packages/airflow/example_dags/example_dynamic_task_mapping.py for tasks to queue
[2024-09-03T11:21:30.367+0000] {logging_mixin.py:149} INFO - [2024-09-03T11:21:30.367+0000] {dagbag.py:541} INFO - Filling up the DagBag from /home/airflow-vm/data-engineer-batch-processing-financial-services/.venv/lib/python3.10/site-packages/airflow/example_dags/example_dynamic_task_mapping.py
[2024-09-03T11:21:30.374+0000] {processor.py:836} INFO - DAG(s) dict_keys(['example_dynamic_task_mapping']) retrieved from /home/airflow-vm/data-engineer-batch-processing-financial-services/.venv/lib/python3.10/site-packages/airflow/example_dags/example_dynamic_task_mapping.py
[2024-09-03T11:21:30.393+0000] {logging_mixin.py:149} INFO - [2024-09-03T11:21:30.393+0000] {dag.py:2726} INFO - Sync 1 DAGs
[2024-09-03T11:21:30.414+0000] {logging_mixin.py:149} INFO - [2024-09-03T11:21:30.414+0000] {dag.py:3486} INFO - Setting next_dagrun for example_dynamic_task_mapping to 2022-03-03T17:00:00+00:00, run_after=2022-03-04T17:00:00+00:00
[2024-09-03T11:21:30.443+0000] {processor.py:179} INFO - Processing /home/airflow-vm/data-engineer-batch-processing-financial-services/.venv/lib/python3.10/site-packages/airflow/example_dags/example_dynamic_task_mapping.py took 0.081 seconds
[2024-09-03T11:24:34.897+0000] {processor.py:157} INFO - Started process (PID=15469) to work on /home/airflow-vm/data-engineer-batch-processing-financial-services/.venv/lib/python3.10/site-packages/airflow/example_dags/example_dynamic_task_mapping.py
[2024-09-03T11:24:34.898+0000] {processor.py:826} INFO - Processing file /home/airflow-vm/data-engineer-batch-processing-financial-services/.venv/lib/python3.10/site-packages/airflow/example_dags/example_dynamic_task_mapping.py for tasks to queue
[2024-09-03T11:24:34.898+0000] {logging_mixin.py:149} INFO - [2024-09-03T11:24:34.898+0000] {dagbag.py:541} INFO - Filling up the DagBag from /home/airflow-vm/data-engineer-batch-processing-financial-services/.venv/lib/python3.10/site-packages/airflow/example_dags/example_dynamic_task_mapping.py
[2024-09-03T11:24:34.904+0000] {processor.py:836} INFO - DAG(s) dict_keys(['example_dynamic_task_mapping']) retrieved from /home/airflow-vm/data-engineer-batch-processing-financial-services/.venv/lib/python3.10/site-packages/airflow/example_dags/example_dynamic_task_mapping.py
[2024-09-03T11:24:34.920+0000] {logging_mixin.py:149} INFO - [2024-09-03T11:24:34.920+0000] {dag.py:2726} INFO - Sync 1 DAGs
[2024-09-03T11:24:34.939+0000] {logging_mixin.py:149} INFO - [2024-09-03T11:24:34.939+0000] {dag.py:3486} INFO - Setting next_dagrun for example_dynamic_task_mapping to 2022-03-03T17:00:00+00:00, run_after=2022-03-04T17:00:00+00:00
[2024-09-03T11:24:34.967+0000] {processor.py:179} INFO - Processing /home/airflow-vm/data-engineer-batch-processing-financial-services/.venv/lib/python3.10/site-packages/airflow/example_dags/example_dynamic_task_mapping.py took 0.072 seconds
[2024-09-03T11:27:08.959+0000] {processor.py:157} INFO - Started process (PID=16535) to work on /home/airflow-vm/data-engineer-batch-processing-financial-services/.venv/lib/python3.10/site-packages/airflow/example_dags/example_dynamic_task_mapping.py
[2024-09-03T11:27:08.960+0000] {processor.py:826} INFO - Processing file /home/airflow-vm/data-engineer-batch-processing-financial-services/.venv/lib/python3.10/site-packages/airflow/example_dags/example_dynamic_task_mapping.py for tasks to queue
[2024-09-03T11:27:08.960+0000] {logging_mixin.py:149} INFO - [2024-09-03T11:27:08.960+0000] {dagbag.py:541} INFO - Filling up the DagBag from /home/airflow-vm/data-engineer-batch-processing-financial-services/.venv/lib/python3.10/site-packages/airflow/example_dags/example_dynamic_task_mapping.py
[2024-09-03T11:27:08.967+0000] {processor.py:836} INFO - DAG(s) dict_keys(['example_dynamic_task_mapping']) retrieved from /home/airflow-vm/data-engineer-batch-processing-financial-services/.venv/lib/python3.10/site-packages/airflow/example_dags/example_dynamic_task_mapping.py
[2024-09-03T11:27:08.985+0000] {logging_mixin.py:149} INFO - [2024-09-03T11:27:08.985+0000] {dag.py:2726} INFO - Sync 1 DAGs
[2024-09-03T11:27:09.005+0000] {logging_mixin.py:149} INFO - [2024-09-03T11:27:09.005+0000] {dag.py:3486} INFO - Setting next_dagrun for example_dynamic_task_mapping to 2022-03-03T17:00:00+00:00, run_after=2022-03-04T17:00:00+00:00
[2024-09-03T11:27:09.036+0000] {processor.py:179} INFO - Processing /home/airflow-vm/data-engineer-batch-processing-financial-services/.venv/lib/python3.10/site-packages/airflow/example_dags/example_dynamic_task_mapping.py took 0.080 seconds
[2024-09-03T11:30:38.990+0000] {processor.py:157} INFO - Started process (PID=18532) to work on /home/airflow-vm/data-engineer-batch-processing-financial-services/.venv/lib/python3.10/site-packages/airflow/example_dags/example_dynamic_task_mapping.py
[2024-09-03T11:30:38.991+0000] {processor.py:826} INFO - Processing file /home/airflow-vm/data-engineer-batch-processing-financial-services/.venv/lib/python3.10/site-packages/airflow/example_dags/example_dynamic_task_mapping.py for tasks to queue
[2024-09-03T11:30:38.991+0000] {logging_mixin.py:149} INFO - [2024-09-03T11:30:38.991+0000] {dagbag.py:541} INFO - Filling up the DagBag from /home/airflow-vm/data-engineer-batch-processing-financial-services/.venv/lib/python3.10/site-packages/airflow/example_dags/example_dynamic_task_mapping.py
[2024-09-03T11:30:38.998+0000] {processor.py:836} INFO - DAG(s) dict_keys(['example_dynamic_task_mapping']) retrieved from /home/airflow-vm/data-engineer-batch-processing-financial-services/.venv/lib/python3.10/site-packages/airflow/example_dags/example_dynamic_task_mapping.py
[2024-09-03T11:30:39.016+0000] {logging_mixin.py:149} INFO - [2024-09-03T11:30:39.015+0000] {dag.py:2726} INFO - Sync 1 DAGs
[2024-09-03T11:30:39.038+0000] {logging_mixin.py:149} INFO - [2024-09-03T11:30:39.038+0000] {dag.py:3486} INFO - Setting next_dagrun for example_dynamic_task_mapping to 2022-03-03T17:00:00+00:00, run_after=2022-03-04T17:00:00+00:00
[2024-09-03T11:30:39.072+0000] {processor.py:179} INFO - Processing /home/airflow-vm/data-engineer-batch-processing-financial-services/.venv/lib/python3.10/site-packages/airflow/example_dags/example_dynamic_task_mapping.py took 0.085 seconds
[2024-09-03T11:35:03.128+0000] {processor.py:157} INFO - Started process (PID=21070) to work on /home/airflow-vm/data-engineer-batch-processing-financial-services/.venv/lib/python3.10/site-packages/airflow/example_dags/example_dynamic_task_mapping.py
[2024-09-03T11:35:03.129+0000] {processor.py:826} INFO - Processing file /home/airflow-vm/data-engineer-batch-processing-financial-services/.venv/lib/python3.10/site-packages/airflow/example_dags/example_dynamic_task_mapping.py for tasks to queue
[2024-09-03T11:35:03.130+0000] {logging_mixin.py:149} INFO - [2024-09-03T11:35:03.130+0000] {dagbag.py:541} INFO - Filling up the DagBag from /home/airflow-vm/data-engineer-batch-processing-financial-services/.venv/lib/python3.10/site-packages/airflow/example_dags/example_dynamic_task_mapping.py
[2024-09-03T11:35:03.137+0000] {processor.py:836} INFO - DAG(s) dict_keys(['example_dynamic_task_mapping']) retrieved from /home/airflow-vm/data-engineer-batch-processing-financial-services/.venv/lib/python3.10/site-packages/airflow/example_dags/example_dynamic_task_mapping.py
[2024-09-03T11:35:03.154+0000] {logging_mixin.py:149} INFO - [2024-09-03T11:35:03.154+0000] {dag.py:2726} INFO - Sync 1 DAGs
[2024-09-03T11:35:03.179+0000] {logging_mixin.py:149} INFO - [2024-09-03T11:35:03.179+0000] {dag.py:3486} INFO - Setting next_dagrun for example_dynamic_task_mapping to 2022-03-03T17:00:00+00:00, run_after=2022-03-04T17:00:00+00:00
[2024-09-03T11:35:03.215+0000] {processor.py:179} INFO - Processing /home/airflow-vm/data-engineer-batch-processing-financial-services/.venv/lib/python3.10/site-packages/airflow/example_dags/example_dynamic_task_mapping.py took 0.089 seconds
[2024-09-03T11:37:23.272+0000] {processor.py:157} INFO - Started process (PID=22567) to work on /home/airflow-vm/data-engineer-batch-processing-financial-services/.venv/lib/python3.10/site-packages/airflow/example_dags/example_dynamic_task_mapping.py
[2024-09-03T11:37:23.273+0000] {processor.py:826} INFO - Processing file /home/airflow-vm/data-engineer-batch-processing-financial-services/.venv/lib/python3.10/site-packages/airflow/example_dags/example_dynamic_task_mapping.py for tasks to queue
[2024-09-03T11:37:23.274+0000] {logging_mixin.py:149} INFO - [2024-09-03T11:37:23.274+0000] {dagbag.py:541} INFO - Filling up the DagBag from /home/airflow-vm/data-engineer-batch-processing-financial-services/.venv/lib/python3.10/site-packages/airflow/example_dags/example_dynamic_task_mapping.py
[2024-09-03T11:37:23.282+0000] {processor.py:836} INFO - DAG(s) dict_keys(['example_dynamic_task_mapping']) retrieved from /home/airflow-vm/data-engineer-batch-processing-financial-services/.venv/lib/python3.10/site-packages/airflow/example_dags/example_dynamic_task_mapping.py
[2024-09-03T11:37:23.301+0000] {logging_mixin.py:149} INFO - [2024-09-03T11:37:23.301+0000] {dag.py:2726} INFO - Sync 1 DAGs
[2024-09-03T11:37:23.322+0000] {logging_mixin.py:149} INFO - [2024-09-03T11:37:23.322+0000] {dag.py:3486} INFO - Setting next_dagrun for example_dynamic_task_mapping to 2022-03-03T17:00:00+00:00, run_after=2022-03-04T17:00:00+00:00
[2024-09-03T11:37:23.354+0000] {processor.py:179} INFO - Processing /home/airflow-vm/data-engineer-batch-processing-financial-services/.venv/lib/python3.10/site-packages/airflow/example_dags/example_dynamic_task_mapping.py took 0.085 seconds
[2024-09-03T11:38:10.626+0000] {processor.py:157} INFO - Started process (PID=22836) to work on /home/airflow-vm/data-engineer-batch-processing-financial-services/.venv/lib/python3.10/site-packages/airflow/example_dags/example_dynamic_task_mapping.py
[2024-09-03T11:38:10.627+0000] {processor.py:826} INFO - Processing file /home/airflow-vm/data-engineer-batch-processing-financial-services/.venv/lib/python3.10/site-packages/airflow/example_dags/example_dynamic_task_mapping.py for tasks to queue
[2024-09-03T11:38:10.628+0000] {logging_mixin.py:149} INFO - [2024-09-03T11:38:10.628+0000] {dagbag.py:541} INFO - Filling up the DagBag from /home/airflow-vm/data-engineer-batch-processing-financial-services/.venv/lib/python3.10/site-packages/airflow/example_dags/example_dynamic_task_mapping.py
[2024-09-03T11:38:10.635+0000] {processor.py:836} INFO - DAG(s) dict_keys(['example_dynamic_task_mapping']) retrieved from /home/airflow-vm/data-engineer-batch-processing-financial-services/.venv/lib/python3.10/site-packages/airflow/example_dags/example_dynamic_task_mapping.py
[2024-09-03T11:38:10.653+0000] {logging_mixin.py:149} INFO - [2024-09-03T11:38:10.653+0000] {dag.py:2726} INFO - Sync 1 DAGs
[2024-09-03T11:38:10.678+0000] {logging_mixin.py:149} INFO - [2024-09-03T11:38:10.678+0000] {dag.py:3486} INFO - Setting next_dagrun for example_dynamic_task_mapping to 2022-03-03T17:00:00+00:00, run_after=2022-03-04T17:00:00+00:00
[2024-09-03T11:38:10.710+0000] {processor.py:179} INFO - Processing /home/airflow-vm/data-engineer-batch-processing-financial-services/.venv/lib/python3.10/site-packages/airflow/example_dags/example_dynamic_task_mapping.py took 0.087 seconds
[2024-09-03T11:39:01.020+0000] {processor.py:157} INFO - Started process (PID=23036) to work on /home/airflow-vm/data-engineer-batch-processing-financial-services/.venv/lib/python3.10/site-packages/airflow/example_dags/example_dynamic_task_mapping.py
[2024-09-03T11:39:01.021+0000] {processor.py:826} INFO - Processing file /home/airflow-vm/data-engineer-batch-processing-financial-services/.venv/lib/python3.10/site-packages/airflow/example_dags/example_dynamic_task_mapping.py for tasks to queue
[2024-09-03T11:39:01.021+0000] {logging_mixin.py:149} INFO - [2024-09-03T11:39:01.021+0000] {dagbag.py:541} INFO - Filling up the DagBag from /home/airflow-vm/data-engineer-batch-processing-financial-services/.venv/lib/python3.10/site-packages/airflow/example_dags/example_dynamic_task_mapping.py
[2024-09-03T11:39:01.028+0000] {processor.py:836} INFO - DAG(s) dict_keys(['example_dynamic_task_mapping']) retrieved from /home/airflow-vm/data-engineer-batch-processing-financial-services/.venv/lib/python3.10/site-packages/airflow/example_dags/example_dynamic_task_mapping.py
[2024-09-03T11:39:01.046+0000] {logging_mixin.py:149} INFO - [2024-09-03T11:39:01.045+0000] {dag.py:2726} INFO - Sync 1 DAGs
[2024-09-03T11:39:01.067+0000] {logging_mixin.py:149} INFO - [2024-09-03T11:39:01.066+0000] {dag.py:3486} INFO - Setting next_dagrun for example_dynamic_task_mapping to 2022-03-03T17:00:00+00:00, run_after=2022-03-04T17:00:00+00:00
[2024-09-03T11:39:01.095+0000] {processor.py:179} INFO - Processing /home/airflow-vm/data-engineer-batch-processing-financial-services/.venv/lib/python3.10/site-packages/airflow/example_dags/example_dynamic_task_mapping.py took 0.078 seconds
[2024-09-03T11:39:46.437+0000] {processor.py:157} INFO - Started process (PID=23241) to work on /home/airflow-vm/data-engineer-batch-processing-financial-services/.venv/lib/python3.10/site-packages/airflow/example_dags/example_dynamic_task_mapping.py
[2024-09-03T11:39:46.438+0000] {processor.py:826} INFO - Processing file /home/airflow-vm/data-engineer-batch-processing-financial-services/.venv/lib/python3.10/site-packages/airflow/example_dags/example_dynamic_task_mapping.py for tasks to queue
[2024-09-03T11:39:46.438+0000] {logging_mixin.py:149} INFO - [2024-09-03T11:39:46.438+0000] {dagbag.py:541} INFO - Filling up the DagBag from /home/airflow-vm/data-engineer-batch-processing-financial-services/.venv/lib/python3.10/site-packages/airflow/example_dags/example_dynamic_task_mapping.py
[2024-09-03T11:39:46.444+0000] {processor.py:836} INFO - DAG(s) dict_keys(['example_dynamic_task_mapping']) retrieved from /home/airflow-vm/data-engineer-batch-processing-financial-services/.venv/lib/python3.10/site-packages/airflow/example_dags/example_dynamic_task_mapping.py
[2024-09-03T11:39:46.461+0000] {logging_mixin.py:149} INFO - [2024-09-03T11:39:46.461+0000] {dag.py:2726} INFO - Sync 1 DAGs
[2024-09-03T11:39:46.481+0000] {logging_mixin.py:149} INFO - [2024-09-03T11:39:46.481+0000] {dag.py:3486} INFO - Setting next_dagrun for example_dynamic_task_mapping to 2022-03-03T17:00:00+00:00, run_after=2022-03-04T17:00:00+00:00
[2024-09-03T11:39:46.508+0000] {processor.py:179} INFO - Processing /home/airflow-vm/data-engineer-batch-processing-financial-services/.venv/lib/python3.10/site-packages/airflow/example_dags/example_dynamic_task_mapping.py took 0.074 seconds
[2024-09-03T11:44:21.890+0000] {processor.py:157} INFO - Started process (PID=26061) to work on /home/airflow-vm/data-engineer-batch-processing-financial-services/.venv/lib/python3.10/site-packages/airflow/example_dags/example_dynamic_task_mapping.py
[2024-09-03T11:44:21.890+0000] {processor.py:826} INFO - Processing file /home/airflow-vm/data-engineer-batch-processing-financial-services/.venv/lib/python3.10/site-packages/airflow/example_dags/example_dynamic_task_mapping.py for tasks to queue
[2024-09-03T11:44:21.891+0000] {logging_mixin.py:149} INFO - [2024-09-03T11:44:21.891+0000] {dagbag.py:541} INFO - Filling up the DagBag from /home/airflow-vm/data-engineer-batch-processing-financial-services/.venv/lib/python3.10/site-packages/airflow/example_dags/example_dynamic_task_mapping.py
[2024-09-03T11:44:21.897+0000] {processor.py:836} INFO - DAG(s) dict_keys(['example_dynamic_task_mapping']) retrieved from /home/airflow-vm/data-engineer-batch-processing-financial-services/.venv/lib/python3.10/site-packages/airflow/example_dags/example_dynamic_task_mapping.py
[2024-09-03T11:44:21.913+0000] {logging_mixin.py:149} INFO - [2024-09-03T11:44:21.913+0000] {dag.py:2726} INFO - Sync 1 DAGs
[2024-09-03T11:44:21.933+0000] {logging_mixin.py:149} INFO - [2024-09-03T11:44:21.933+0000] {dag.py:3486} INFO - Setting next_dagrun for example_dynamic_task_mapping to 2022-03-03T17:00:00+00:00, run_after=2022-03-04T17:00:00+00:00
[2024-09-03T11:44:21.960+0000] {processor.py:179} INFO - Processing /home/airflow-vm/data-engineer-batch-processing-financial-services/.venv/lib/python3.10/site-packages/airflow/example_dags/example_dynamic_task_mapping.py took 0.073 seconds
[2024-09-03T11:48:29.427+0000] {processor.py:157} INFO - Started process (PID=28309) to work on /home/airflow-vm/data-engineer-batch-processing-financial-services/.venv/lib/python3.10/site-packages/airflow/example_dags/example_dynamic_task_mapping.py
[2024-09-03T11:48:29.428+0000] {processor.py:826} INFO - Processing file /home/airflow-vm/data-engineer-batch-processing-financial-services/.venv/lib/python3.10/site-packages/airflow/example_dags/example_dynamic_task_mapping.py for tasks to queue
[2024-09-03T11:48:29.429+0000] {logging_mixin.py:149} INFO - [2024-09-03T11:48:29.428+0000] {dagbag.py:541} INFO - Filling up the DagBag from /home/airflow-vm/data-engineer-batch-processing-financial-services/.venv/lib/python3.10/site-packages/airflow/example_dags/example_dynamic_task_mapping.py
[2024-09-03T11:48:29.435+0000] {processor.py:836} INFO - DAG(s) dict_keys(['example_dynamic_task_mapping']) retrieved from /home/airflow-vm/data-engineer-batch-processing-financial-services/.venv/lib/python3.10/site-packages/airflow/example_dags/example_dynamic_task_mapping.py
[2024-09-03T11:48:29.451+0000] {logging_mixin.py:149} INFO - [2024-09-03T11:48:29.451+0000] {dag.py:2726} INFO - Sync 1 DAGs
[2024-09-03T11:48:29.471+0000] {logging_mixin.py:149} INFO - [2024-09-03T11:48:29.471+0000] {dag.py:3486} INFO - Setting next_dagrun for example_dynamic_task_mapping to 2022-03-03T17:00:00+00:00, run_after=2022-03-04T17:00:00+00:00
[2024-09-03T11:48:29.498+0000] {processor.py:179} INFO - Processing /home/airflow-vm/data-engineer-batch-processing-financial-services/.venv/lib/python3.10/site-packages/airflow/example_dags/example_dynamic_task_mapping.py took 0.073 seconds
[2024-09-03T11:50:27.461+0000] {processor.py:157} INFO - Started process (PID=29659) to work on /home/airflow-vm/data-engineer-batch-processing-financial-services/.venv/lib/python3.10/site-packages/airflow/example_dags/example_dynamic_task_mapping.py
[2024-09-03T11:50:27.462+0000] {processor.py:826} INFO - Processing file /home/airflow-vm/data-engineer-batch-processing-financial-services/.venv/lib/python3.10/site-packages/airflow/example_dags/example_dynamic_task_mapping.py for tasks to queue
[2024-09-03T11:50:27.462+0000] {logging_mixin.py:149} INFO - [2024-09-03T11:50:27.462+0000] {dagbag.py:541} INFO - Filling up the DagBag from /home/airflow-vm/data-engineer-batch-processing-financial-services/.venv/lib/python3.10/site-packages/airflow/example_dags/example_dynamic_task_mapping.py
[2024-09-03T11:50:27.469+0000] {processor.py:836} INFO - DAG(s) dict_keys(['example_dynamic_task_mapping']) retrieved from /home/airflow-vm/data-engineer-batch-processing-financial-services/.venv/lib/python3.10/site-packages/airflow/example_dags/example_dynamic_task_mapping.py
[2024-09-03T11:50:27.485+0000] {logging_mixin.py:149} INFO - [2024-09-03T11:50:27.485+0000] {dag.py:2726} INFO - Sync 1 DAGs
[2024-09-03T11:50:27.504+0000] {logging_mixin.py:149} INFO - [2024-09-03T11:50:27.504+0000] {dag.py:3486} INFO - Setting next_dagrun for example_dynamic_task_mapping to 2022-03-03T17:00:00+00:00, run_after=2022-03-04T17:00:00+00:00
[2024-09-03T11:50:27.531+0000] {processor.py:179} INFO - Processing /home/airflow-vm/data-engineer-batch-processing-financial-services/.venv/lib/python3.10/site-packages/airflow/example_dags/example_dynamic_task_mapping.py took 0.072 seconds
[2024-09-03T11:51:13.266+0000] {processor.py:157} INFO - Started process (PID=29707) to work on /home/airflow-vm/data-engineer-batch-processing-financial-services/.venv/lib/python3.10/site-packages/airflow/example_dags/example_dynamic_task_mapping.py
[2024-09-03T11:51:13.267+0000] {processor.py:826} INFO - Processing file /home/airflow-vm/data-engineer-batch-processing-financial-services/.venv/lib/python3.10/site-packages/airflow/example_dags/example_dynamic_task_mapping.py for tasks to queue
[2024-09-03T11:51:13.267+0000] {logging_mixin.py:149} INFO - [2024-09-03T11:51:13.267+0000] {dagbag.py:541} INFO - Filling up the DagBag from /home/airflow-vm/data-engineer-batch-processing-financial-services/.venv/lib/python3.10/site-packages/airflow/example_dags/example_dynamic_task_mapping.py
[2024-09-03T11:51:13.275+0000] {processor.py:836} INFO - DAG(s) dict_keys(['example_dynamic_task_mapping']) retrieved from /home/airflow-vm/data-engineer-batch-processing-financial-services/.venv/lib/python3.10/site-packages/airflow/example_dags/example_dynamic_task_mapping.py
[2024-09-03T11:51:13.292+0000] {logging_mixin.py:149} INFO - [2024-09-03T11:51:13.292+0000] {dag.py:2726} INFO - Sync 1 DAGs
[2024-09-03T11:51:13.311+0000] {logging_mixin.py:149} INFO - [2024-09-03T11:51:13.311+0000] {dag.py:3486} INFO - Setting next_dagrun for example_dynamic_task_mapping to 2022-03-03T17:00:00+00:00, run_after=2022-03-04T17:00:00+00:00
[2024-09-03T11:51:13.340+0000] {processor.py:179} INFO - Processing /home/airflow-vm/data-engineer-batch-processing-financial-services/.venv/lib/python3.10/site-packages/airflow/example_dags/example_dynamic_task_mapping.py took 0.077 seconds
[2024-09-03T11:51:56.275+0000] {processor.py:157} INFO - Started process (PID=29756) to work on /home/airflow-vm/data-engineer-batch-processing-financial-services/.venv/lib/python3.10/site-packages/airflow/example_dags/example_dynamic_task_mapping.py
[2024-09-03T11:51:56.276+0000] {processor.py:826} INFO - Processing file /home/airflow-vm/data-engineer-batch-processing-financial-services/.venv/lib/python3.10/site-packages/airflow/example_dags/example_dynamic_task_mapping.py for tasks to queue
[2024-09-03T11:51:56.276+0000] {logging_mixin.py:149} INFO - [2024-09-03T11:51:56.276+0000] {dagbag.py:541} INFO - Filling up the DagBag from /home/airflow-vm/data-engineer-batch-processing-financial-services/.venv/lib/python3.10/site-packages/airflow/example_dags/example_dynamic_task_mapping.py
[2024-09-03T11:51:56.283+0000] {processor.py:836} INFO - DAG(s) dict_keys(['example_dynamic_task_mapping']) retrieved from /home/airflow-vm/data-engineer-batch-processing-financial-services/.venv/lib/python3.10/site-packages/airflow/example_dags/example_dynamic_task_mapping.py
[2024-09-03T11:51:56.300+0000] {logging_mixin.py:149} INFO - [2024-09-03T11:51:56.299+0000] {dag.py:2726} INFO - Sync 1 DAGs
[2024-09-03T11:51:56.319+0000] {logging_mixin.py:149} INFO - [2024-09-03T11:51:56.319+0000] {dag.py:3486} INFO - Setting next_dagrun for example_dynamic_task_mapping to 2022-03-03T17:00:00+00:00, run_after=2022-03-04T17:00:00+00:00
[2024-09-03T11:51:56.345+0000] {processor.py:179} INFO - Processing /home/airflow-vm/data-engineer-batch-processing-financial-services/.venv/lib/python3.10/site-packages/airflow/example_dags/example_dynamic_task_mapping.py took 0.073 seconds
[2024-09-03T11:52:46.051+0000] {processor.py:157} INFO - Started process (PID=29806) to work on /home/airflow-vm/data-engineer-batch-processing-financial-services/.venv/lib/python3.10/site-packages/airflow/example_dags/example_dynamic_task_mapping.py
[2024-09-03T11:52:46.052+0000] {processor.py:826} INFO - Processing file /home/airflow-vm/data-engineer-batch-processing-financial-services/.venv/lib/python3.10/site-packages/airflow/example_dags/example_dynamic_task_mapping.py for tasks to queue
[2024-09-03T11:52:46.053+0000] {logging_mixin.py:149} INFO - [2024-09-03T11:52:46.052+0000] {dagbag.py:541} INFO - Filling up the DagBag from /home/airflow-vm/data-engineer-batch-processing-financial-services/.venv/lib/python3.10/site-packages/airflow/example_dags/example_dynamic_task_mapping.py
[2024-09-03T11:52:46.061+0000] {processor.py:836} INFO - DAG(s) dict_keys(['example_dynamic_task_mapping']) retrieved from /home/airflow-vm/data-engineer-batch-processing-financial-services/.venv/lib/python3.10/site-packages/airflow/example_dags/example_dynamic_task_mapping.py
[2024-09-03T11:52:46.080+0000] {logging_mixin.py:149} INFO - [2024-09-03T11:52:46.080+0000] {dag.py:2726} INFO - Sync 1 DAGs
[2024-09-03T11:52:46.100+0000] {logging_mixin.py:149} INFO - [2024-09-03T11:52:46.100+0000] {dag.py:3486} INFO - Setting next_dagrun for example_dynamic_task_mapping to 2022-03-03T17:00:00+00:00, run_after=2022-03-04T17:00:00+00:00
[2024-09-03T11:52:46.128+0000] {processor.py:179} INFO - Processing /home/airflow-vm/data-engineer-batch-processing-financial-services/.venv/lib/python3.10/site-packages/airflow/example_dags/example_dynamic_task_mapping.py took 0.080 seconds
[2024-09-03T11:53:32.231+0000] {processor.py:157} INFO - Started process (PID=29881) to work on /home/airflow-vm/data-engineer-batch-processing-financial-services/.venv/lib/python3.10/site-packages/airflow/example_dags/example_dynamic_task_mapping.py
[2024-09-03T11:53:32.232+0000] {processor.py:826} INFO - Processing file /home/airflow-vm/data-engineer-batch-processing-financial-services/.venv/lib/python3.10/site-packages/airflow/example_dags/example_dynamic_task_mapping.py for tasks to queue
[2024-09-03T11:53:32.233+0000] {logging_mixin.py:149} INFO - [2024-09-03T11:53:32.233+0000] {dagbag.py:541} INFO - Filling up the DagBag from /home/airflow-vm/data-engineer-batch-processing-financial-services/.venv/lib/python3.10/site-packages/airflow/example_dags/example_dynamic_task_mapping.py
[2024-09-03T11:53:32.240+0000] {processor.py:836} INFO - DAG(s) dict_keys(['example_dynamic_task_mapping']) retrieved from /home/airflow-vm/data-engineer-batch-processing-financial-services/.venv/lib/python3.10/site-packages/airflow/example_dags/example_dynamic_task_mapping.py
[2024-09-03T11:53:32.259+0000] {logging_mixin.py:149} INFO - [2024-09-03T11:53:32.258+0000] {dag.py:2726} INFO - Sync 1 DAGs
[2024-09-03T11:53:32.281+0000] {logging_mixin.py:149} INFO - [2024-09-03T11:53:32.280+0000] {dag.py:3486} INFO - Setting next_dagrun for example_dynamic_task_mapping to 2022-03-03T17:00:00+00:00, run_after=2022-03-04T17:00:00+00:00
[2024-09-03T11:53:32.313+0000] {processor.py:179} INFO - Processing /home/airflow-vm/data-engineer-batch-processing-financial-services/.venv/lib/python3.10/site-packages/airflow/example_dags/example_dynamic_task_mapping.py took 0.084 seconds
[2024-09-03T11:54:21.910+0000] {processor.py:157} INFO - Started process (PID=29932) to work on /home/airflow-vm/data-engineer-batch-processing-financial-services/.venv/lib/python3.10/site-packages/airflow/example_dags/example_dynamic_task_mapping.py
[2024-09-03T11:54:21.911+0000] {processor.py:826} INFO - Processing file /home/airflow-vm/data-engineer-batch-processing-financial-services/.venv/lib/python3.10/site-packages/airflow/example_dags/example_dynamic_task_mapping.py for tasks to queue
[2024-09-03T11:54:21.911+0000] {logging_mixin.py:149} INFO - [2024-09-03T11:54:21.911+0000] {dagbag.py:541} INFO - Filling up the DagBag from /home/airflow-vm/data-engineer-batch-processing-financial-services/.venv/lib/python3.10/site-packages/airflow/example_dags/example_dynamic_task_mapping.py
[2024-09-03T11:54:21.918+0000] {processor.py:836} INFO - DAG(s) dict_keys(['example_dynamic_task_mapping']) retrieved from /home/airflow-vm/data-engineer-batch-processing-financial-services/.venv/lib/python3.10/site-packages/airflow/example_dags/example_dynamic_task_mapping.py
[2024-09-03T11:54:21.936+0000] {logging_mixin.py:149} INFO - [2024-09-03T11:54:21.936+0000] {dag.py:2726} INFO - Sync 1 DAGs
[2024-09-03T11:54:21.958+0000] {logging_mixin.py:149} INFO - [2024-09-03T11:54:21.957+0000] {dag.py:3486} INFO - Setting next_dagrun for example_dynamic_task_mapping to 2022-03-03T17:00:00+00:00, run_after=2022-03-04T17:00:00+00:00
[2024-09-03T11:54:21.991+0000] {processor.py:179} INFO - Processing /home/airflow-vm/data-engineer-batch-processing-financial-services/.venv/lib/python3.10/site-packages/airflow/example_dags/example_dynamic_task_mapping.py took 0.084 seconds
[2024-09-03T11:55:10.457+0000] {processor.py:157} INFO - Started process (PID=29988) to work on /home/airflow-vm/data-engineer-batch-processing-financial-services/.venv/lib/python3.10/site-packages/airflow/example_dags/example_dynamic_task_mapping.py
[2024-09-03T11:55:10.458+0000] {processor.py:826} INFO - Processing file /home/airflow-vm/data-engineer-batch-processing-financial-services/.venv/lib/python3.10/site-packages/airflow/example_dags/example_dynamic_task_mapping.py for tasks to queue
[2024-09-03T11:55:10.458+0000] {logging_mixin.py:149} INFO - [2024-09-03T11:55:10.458+0000] {dagbag.py:541} INFO - Filling up the DagBag from /home/airflow-vm/data-engineer-batch-processing-financial-services/.venv/lib/python3.10/site-packages/airflow/example_dags/example_dynamic_task_mapping.py
[2024-09-03T11:55:10.465+0000] {processor.py:836} INFO - DAG(s) dict_keys(['example_dynamic_task_mapping']) retrieved from /home/airflow-vm/data-engineer-batch-processing-financial-services/.venv/lib/python3.10/site-packages/airflow/example_dags/example_dynamic_task_mapping.py
[2024-09-03T11:55:10.482+0000] {logging_mixin.py:149} INFO - [2024-09-03T11:55:10.482+0000] {dag.py:2726} INFO - Sync 1 DAGs
[2024-09-03T11:55:10.502+0000] {logging_mixin.py:149} INFO - [2024-09-03T11:55:10.501+0000] {dag.py:3486} INFO - Setting next_dagrun for example_dynamic_task_mapping to 2022-03-03T17:00:00+00:00, run_after=2022-03-04T17:00:00+00:00
[2024-09-03T11:55:10.531+0000] {processor.py:179} INFO - Processing /home/airflow-vm/data-engineer-batch-processing-financial-services/.venv/lib/python3.10/site-packages/airflow/example_dags/example_dynamic_task_mapping.py took 0.077 seconds
[2024-09-03T11:55:53.828+0000] {processor.py:157} INFO - Started process (PID=30035) to work on /home/airflow-vm/data-engineer-batch-processing-financial-services/.venv/lib/python3.10/site-packages/airflow/example_dags/example_dynamic_task_mapping.py
[2024-09-03T11:55:53.828+0000] {processor.py:826} INFO - Processing file /home/airflow-vm/data-engineer-batch-processing-financial-services/.venv/lib/python3.10/site-packages/airflow/example_dags/example_dynamic_task_mapping.py for tasks to queue
[2024-09-03T11:55:53.829+0000] {logging_mixin.py:149} INFO - [2024-09-03T11:55:53.829+0000] {dagbag.py:541} INFO - Filling up the DagBag from /home/airflow-vm/data-engineer-batch-processing-financial-services/.venv/lib/python3.10/site-packages/airflow/example_dags/example_dynamic_task_mapping.py
[2024-09-03T11:55:53.835+0000] {processor.py:836} INFO - DAG(s) dict_keys(['example_dynamic_task_mapping']) retrieved from /home/airflow-vm/data-engineer-batch-processing-financial-services/.venv/lib/python3.10/site-packages/airflow/example_dags/example_dynamic_task_mapping.py
[2024-09-03T11:55:53.851+0000] {logging_mixin.py:149} INFO - [2024-09-03T11:55:53.851+0000] {dag.py:2726} INFO - Sync 1 DAGs
[2024-09-03T11:55:53.872+0000] {logging_mixin.py:149} INFO - [2024-09-03T11:55:53.871+0000] {dag.py:3486} INFO - Setting next_dagrun for example_dynamic_task_mapping to 2022-03-03T17:00:00+00:00, run_after=2022-03-04T17:00:00+00:00
[2024-09-03T11:55:53.898+0000] {processor.py:179} INFO - Processing /home/airflow-vm/data-engineer-batch-processing-financial-services/.venv/lib/python3.10/site-packages/airflow/example_dags/example_dynamic_task_mapping.py took 0.073 seconds
[2024-09-03T11:56:40.396+0000] {processor.py:157} INFO - Started process (PID=30088) to work on /home/airflow-vm/data-engineer-batch-processing-financial-services/.venv/lib/python3.10/site-packages/airflow/example_dags/example_dynamic_task_mapping.py
[2024-09-03T11:56:40.397+0000] {processor.py:826} INFO - Processing file /home/airflow-vm/data-engineer-batch-processing-financial-services/.venv/lib/python3.10/site-packages/airflow/example_dags/example_dynamic_task_mapping.py for tasks to queue
[2024-09-03T11:56:40.397+0000] {logging_mixin.py:149} INFO - [2024-09-03T11:56:40.397+0000] {dagbag.py:541} INFO - Filling up the DagBag from /home/airflow-vm/data-engineer-batch-processing-financial-services/.venv/lib/python3.10/site-packages/airflow/example_dags/example_dynamic_task_mapping.py
[2024-09-03T11:56:40.404+0000] {processor.py:836} INFO - DAG(s) dict_keys(['example_dynamic_task_mapping']) retrieved from /home/airflow-vm/data-engineer-batch-processing-financial-services/.venv/lib/python3.10/site-packages/airflow/example_dags/example_dynamic_task_mapping.py
[2024-09-03T11:56:40.421+0000] {logging_mixin.py:149} INFO - [2024-09-03T11:56:40.421+0000] {dag.py:2726} INFO - Sync 1 DAGs
[2024-09-03T11:56:40.440+0000] {logging_mixin.py:149} INFO - [2024-09-03T11:56:40.440+0000] {dag.py:3486} INFO - Setting next_dagrun for example_dynamic_task_mapping to 2022-03-03T17:00:00+00:00, run_after=2022-03-04T17:00:00+00:00
[2024-09-03T11:56:40.470+0000] {processor.py:179} INFO - Processing /home/airflow-vm/data-engineer-batch-processing-financial-services/.venv/lib/python3.10/site-packages/airflow/example_dags/example_dynamic_task_mapping.py took 0.077 seconds
