[2024-09-03T10:58:11.183+0000] {processor.py:157} INFO - Started process (PID=3481) to work on /home/airflow-vm/data-engineer-batch-processing-financial-services/.venv/lib/python3.10/site-packages/airflow/example_dags/example_external_task_marker_dag.py
[2024-09-03T10:58:11.184+0000] {processor.py:826} INFO - Processing file /home/airflow-vm/data-engineer-batch-processing-financial-services/.venv/lib/python3.10/site-packages/airflow/example_dags/example_external_task_marker_dag.py for tasks to queue
[2024-09-03T10:58:11.185+0000] {logging_mixin.py:149} INFO - [2024-09-03T10:58:11.184+0000] {dagbag.py:541} INFO - Filling up the DagBag from /home/airflow-vm/data-engineer-batch-processing-financial-services/.venv/lib/python3.10/site-packages/airflow/example_dags/example_external_task_marker_dag.py
[2024-09-03T10:58:11.191+0000] {processor.py:836} INFO - DAG(s) dict_keys(['example_external_task_marker_child', 'example_external_task_marker_parent']) retrieved from /home/airflow-vm/data-engineer-batch-processing-financial-services/.venv/lib/python3.10/site-packages/airflow/example_dags/example_external_task_marker_dag.py
[2024-09-03T10:58:11.240+0000] {logging_mixin.py:149} INFO - [2024-09-03T10:58:11.239+0000] {dag.py:2726} INFO - Sync 2 DAGs
[2024-09-03T10:58:11.258+0000] {logging_mixin.py:149} INFO - [2024-09-03T10:58:11.258+0000] {dag.py:3486} INFO - Setting next_dagrun for example_external_task_marker_child to None, run_after=None
[2024-09-03T10:58:11.262+0000] {logging_mixin.py:149} INFO - [2024-09-03T10:58:11.261+0000] {dag.py:3486} INFO - Setting next_dagrun for example_external_task_marker_parent to None, run_after=None
[2024-09-03T10:58:11.289+0000] {processor.py:179} INFO - Processing /home/airflow-vm/data-engineer-batch-processing-financial-services/.venv/lib/python3.10/site-packages/airflow/example_dags/example_external_task_marker_dag.py took 0.108 seconds
[2024-09-03T10:58:56.739+0000] {processor.py:157} INFO - Started process (PID=3776) to work on /home/airflow-vm/data-engineer-batch-processing-financial-services/.venv/lib/python3.10/site-packages/airflow/example_dags/example_external_task_marker_dag.py
[2024-09-03T10:58:56.740+0000] {processor.py:826} INFO - Processing file /home/airflow-vm/data-engineer-batch-processing-financial-services/.venv/lib/python3.10/site-packages/airflow/example_dags/example_external_task_marker_dag.py for tasks to queue
[2024-09-03T10:58:56.741+0000] {logging_mixin.py:149} INFO - [2024-09-03T10:58:56.741+0000] {dagbag.py:541} INFO - Filling up the DagBag from /home/airflow-vm/data-engineer-batch-processing-financial-services/.venv/lib/python3.10/site-packages/airflow/example_dags/example_external_task_marker_dag.py
[2024-09-03T10:58:56.746+0000] {processor.py:836} INFO - DAG(s) dict_keys(['example_external_task_marker_parent', 'example_external_task_marker_child']) retrieved from /home/airflow-vm/data-engineer-batch-processing-financial-services/.venv/lib/python3.10/site-packages/airflow/example_dags/example_external_task_marker_dag.py
[2024-09-03T10:58:56.768+0000] {logging_mixin.py:149} INFO - [2024-09-03T10:58:56.768+0000] {dag.py:2726} INFO - Sync 2 DAGs
[2024-09-03T10:58:56.787+0000] {logging_mixin.py:149} INFO - [2024-09-03T10:58:56.786+0000] {dag.py:3486} INFO - Setting next_dagrun for example_external_task_marker_child to None, run_after=None
[2024-09-03T10:58:56.789+0000] {logging_mixin.py:149} INFO - [2024-09-03T10:58:56.789+0000] {dag.py:3486} INFO - Setting next_dagrun for example_external_task_marker_parent to None, run_after=None
[2024-09-03T10:58:56.815+0000] {processor.py:179} INFO - Processing /home/airflow-vm/data-engineer-batch-processing-financial-services/.venv/lib/python3.10/site-packages/airflow/example_dags/example_external_task_marker_dag.py took 0.078 seconds
[2024-09-03T10:59:43.125+0000] {processor.py:157} INFO - Started process (PID=3873) to work on /home/airflow-vm/data-engineer-batch-processing-financial-services/.venv/lib/python3.10/site-packages/airflow/example_dags/example_external_task_marker_dag.py
[2024-09-03T10:59:43.126+0000] {processor.py:826} INFO - Processing file /home/airflow-vm/data-engineer-batch-processing-financial-services/.venv/lib/python3.10/site-packages/airflow/example_dags/example_external_task_marker_dag.py for tasks to queue
[2024-09-03T10:59:43.126+0000] {logging_mixin.py:149} INFO - [2024-09-03T10:59:43.126+0000] {dagbag.py:541} INFO - Filling up the DagBag from /home/airflow-vm/data-engineer-batch-processing-financial-services/.venv/lib/python3.10/site-packages/airflow/example_dags/example_external_task_marker_dag.py
[2024-09-03T10:59:43.131+0000] {processor.py:836} INFO - DAG(s) dict_keys(['example_external_task_marker_parent', 'example_external_task_marker_child']) retrieved from /home/airflow-vm/data-engineer-batch-processing-financial-services/.venv/lib/python3.10/site-packages/airflow/example_dags/example_external_task_marker_dag.py
[2024-09-03T10:59:43.151+0000] {logging_mixin.py:149} INFO - [2024-09-03T10:59:43.151+0000] {dag.py:2726} INFO - Sync 2 DAGs
[2024-09-03T10:59:43.170+0000] {logging_mixin.py:149} INFO - [2024-09-03T10:59:43.170+0000] {dag.py:3486} INFO - Setting next_dagrun for example_external_task_marker_child to None, run_after=None
[2024-09-03T10:59:43.174+0000] {logging_mixin.py:149} INFO - [2024-09-03T10:59:43.174+0000] {dag.py:3486} INFO - Setting next_dagrun for example_external_task_marker_parent to None, run_after=None
[2024-09-03T10:59:43.206+0000] {processor.py:179} INFO - Processing /home/airflow-vm/data-engineer-batch-processing-financial-services/.venv/lib/python3.10/site-packages/airflow/example_dags/example_external_task_marker_dag.py took 0.083 seconds
[2024-09-03T11:00:28.691+0000] {processor.py:157} INFO - Started process (PID=4328) to work on /home/airflow-vm/data-engineer-batch-processing-financial-services/.venv/lib/python3.10/site-packages/airflow/example_dags/example_external_task_marker_dag.py
[2024-09-03T11:00:28.692+0000] {processor.py:826} INFO - Processing file /home/airflow-vm/data-engineer-batch-processing-financial-services/.venv/lib/python3.10/site-packages/airflow/example_dags/example_external_task_marker_dag.py for tasks to queue
[2024-09-03T11:00:28.692+0000] {logging_mixin.py:149} INFO - [2024-09-03T11:00:28.692+0000] {dagbag.py:541} INFO - Filling up the DagBag from /home/airflow-vm/data-engineer-batch-processing-financial-services/.venv/lib/python3.10/site-packages/airflow/example_dags/example_external_task_marker_dag.py
[2024-09-03T11:00:28.698+0000] {processor.py:836} INFO - DAG(s) dict_keys(['example_external_task_marker_parent', 'example_external_task_marker_child']) retrieved from /home/airflow-vm/data-engineer-batch-processing-financial-services/.venv/lib/python3.10/site-packages/airflow/example_dags/example_external_task_marker_dag.py
[2024-09-03T11:00:28.718+0000] {logging_mixin.py:149} INFO - [2024-09-03T11:00:28.718+0000] {dag.py:2726} INFO - Sync 2 DAGs
[2024-09-03T11:00:28.736+0000] {logging_mixin.py:149} INFO - [2024-09-03T11:00:28.736+0000] {dag.py:3486} INFO - Setting next_dagrun for example_external_task_marker_child to None, run_after=None
[2024-09-03T11:00:28.739+0000] {logging_mixin.py:149} INFO - [2024-09-03T11:00:28.739+0000] {dag.py:3486} INFO - Setting next_dagrun for example_external_task_marker_parent to None, run_after=None
[2024-09-03T11:00:28.766+0000] {processor.py:179} INFO - Processing /home/airflow-vm/data-engineer-batch-processing-financial-services/.venv/lib/python3.10/site-packages/airflow/example_dags/example_external_task_marker_dag.py took 0.078 seconds
[2024-09-03T11:01:15.656+0000] {processor.py:157} INFO - Started process (PID=4671) to work on /home/airflow-vm/data-engineer-batch-processing-financial-services/.venv/lib/python3.10/site-packages/airflow/example_dags/example_external_task_marker_dag.py
[2024-09-03T11:01:15.657+0000] {processor.py:826} INFO - Processing file /home/airflow-vm/data-engineer-batch-processing-financial-services/.venv/lib/python3.10/site-packages/airflow/example_dags/example_external_task_marker_dag.py for tasks to queue
[2024-09-03T11:01:15.658+0000] {logging_mixin.py:149} INFO - [2024-09-03T11:01:15.658+0000] {dagbag.py:541} INFO - Filling up the DagBag from /home/airflow-vm/data-engineer-batch-processing-financial-services/.venv/lib/python3.10/site-packages/airflow/example_dags/example_external_task_marker_dag.py
[2024-09-03T11:01:15.664+0000] {processor.py:836} INFO - DAG(s) dict_keys(['example_external_task_marker_parent', 'example_external_task_marker_child']) retrieved from /home/airflow-vm/data-engineer-batch-processing-financial-services/.venv/lib/python3.10/site-packages/airflow/example_dags/example_external_task_marker_dag.py
[2024-09-03T11:01:15.686+0000] {logging_mixin.py:149} INFO - [2024-09-03T11:01:15.686+0000] {dag.py:2726} INFO - Sync 2 DAGs
[2024-09-03T11:01:15.705+0000] {logging_mixin.py:149} INFO - [2024-09-03T11:01:15.705+0000] {dag.py:3486} INFO - Setting next_dagrun for example_external_task_marker_child to None, run_after=None
[2024-09-03T11:01:15.708+0000] {logging_mixin.py:149} INFO - [2024-09-03T11:01:15.708+0000] {dag.py:3486} INFO - Setting next_dagrun for example_external_task_marker_parent to None, run_after=None
[2024-09-03T11:01:15.737+0000] {processor.py:179} INFO - Processing /home/airflow-vm/data-engineer-batch-processing-financial-services/.venv/lib/python3.10/site-packages/airflow/example_dags/example_external_task_marker_dag.py took 0.084 seconds
[2024-09-03T11:01:59.393+0000] {processor.py:157} INFO - Started process (PID=4790) to work on /home/airflow-vm/data-engineer-batch-processing-financial-services/.venv/lib/python3.10/site-packages/airflow/example_dags/example_external_task_marker_dag.py
[2024-09-03T11:01:59.394+0000] {processor.py:826} INFO - Processing file /home/airflow-vm/data-engineer-batch-processing-financial-services/.venv/lib/python3.10/site-packages/airflow/example_dags/example_external_task_marker_dag.py for tasks to queue
[2024-09-03T11:01:59.395+0000] {logging_mixin.py:149} INFO - [2024-09-03T11:01:59.395+0000] {dagbag.py:541} INFO - Filling up the DagBag from /home/airflow-vm/data-engineer-batch-processing-financial-services/.venv/lib/python3.10/site-packages/airflow/example_dags/example_external_task_marker_dag.py
[2024-09-03T11:01:59.400+0000] {processor.py:836} INFO - DAG(s) dict_keys(['example_external_task_marker_child', 'example_external_task_marker_parent']) retrieved from /home/airflow-vm/data-engineer-batch-processing-financial-services/.venv/lib/python3.10/site-packages/airflow/example_dags/example_external_task_marker_dag.py
[2024-09-03T11:01:59.420+0000] {logging_mixin.py:149} INFO - [2024-09-03T11:01:59.420+0000] {dag.py:2726} INFO - Sync 2 DAGs
[2024-09-03T11:01:59.438+0000] {logging_mixin.py:149} INFO - [2024-09-03T11:01:59.438+0000] {dag.py:3486} INFO - Setting next_dagrun for example_external_task_marker_child to None, run_after=None
[2024-09-03T11:01:59.441+0000] {logging_mixin.py:149} INFO - [2024-09-03T11:01:59.440+0000] {dag.py:3486} INFO - Setting next_dagrun for example_external_task_marker_parent to None, run_after=None
[2024-09-03T11:01:59.475+0000] {processor.py:179} INFO - Processing /home/airflow-vm/data-engineer-batch-processing-financial-services/.venv/lib/python3.10/site-packages/airflow/example_dags/example_external_task_marker_dag.py took 0.084 seconds
[2024-09-03T11:02:46.065+0000] {processor.py:157} INFO - Started process (PID=4930) to work on /home/airflow-vm/data-engineer-batch-processing-financial-services/.venv/lib/python3.10/site-packages/airflow/example_dags/example_external_task_marker_dag.py
[2024-09-03T11:02:46.066+0000] {processor.py:826} INFO - Processing file /home/airflow-vm/data-engineer-batch-processing-financial-services/.venv/lib/python3.10/site-packages/airflow/example_dags/example_external_task_marker_dag.py for tasks to queue
[2024-09-03T11:02:46.066+0000] {logging_mixin.py:149} INFO - [2024-09-03T11:02:46.066+0000] {dagbag.py:541} INFO - Filling up the DagBag from /home/airflow-vm/data-engineer-batch-processing-financial-services/.venv/lib/python3.10/site-packages/airflow/example_dags/example_external_task_marker_dag.py
[2024-09-03T11:02:46.072+0000] {processor.py:836} INFO - DAG(s) dict_keys(['example_external_task_marker_parent', 'example_external_task_marker_child']) retrieved from /home/airflow-vm/data-engineer-batch-processing-financial-services/.venv/lib/python3.10/site-packages/airflow/example_dags/example_external_task_marker_dag.py
[2024-09-03T11:02:46.095+0000] {logging_mixin.py:149} INFO - [2024-09-03T11:02:46.094+0000] {dag.py:2726} INFO - Sync 2 DAGs
[2024-09-03T11:02:46.114+0000] {logging_mixin.py:149} INFO - [2024-09-03T11:02:46.114+0000] {dag.py:3486} INFO - Setting next_dagrun for example_external_task_marker_child to None, run_after=None
[2024-09-03T11:02:46.117+0000] {logging_mixin.py:149} INFO - [2024-09-03T11:02:46.117+0000] {dag.py:3486} INFO - Setting next_dagrun for example_external_task_marker_parent to None, run_after=None
[2024-09-03T11:02:46.142+0000] {processor.py:179} INFO - Processing /home/airflow-vm/data-engineer-batch-processing-financial-services/.venv/lib/python3.10/site-packages/airflow/example_dags/example_external_task_marker_dag.py took 0.080 seconds
[2024-09-03T11:04:08.020+0000] {processor.py:157} INFO - Started process (PID=5711) to work on /home/airflow-vm/data-engineer-batch-processing-financial-services/.venv/lib/python3.10/site-packages/airflow/example_dags/example_external_task_marker_dag.py
[2024-09-03T11:04:08.021+0000] {processor.py:826} INFO - Processing file /home/airflow-vm/data-engineer-batch-processing-financial-services/.venv/lib/python3.10/site-packages/airflow/example_dags/example_external_task_marker_dag.py for tasks to queue
[2024-09-03T11:04:08.021+0000] {logging_mixin.py:149} INFO - [2024-09-03T11:04:08.021+0000] {dagbag.py:541} INFO - Filling up the DagBag from /home/airflow-vm/data-engineer-batch-processing-financial-services/.venv/lib/python3.10/site-packages/airflow/example_dags/example_external_task_marker_dag.py
[2024-09-03T11:04:08.026+0000] {processor.py:836} INFO - DAG(s) dict_keys(['example_external_task_marker_child', 'example_external_task_marker_parent']) retrieved from /home/airflow-vm/data-engineer-batch-processing-financial-services/.venv/lib/python3.10/site-packages/airflow/example_dags/example_external_task_marker_dag.py
[2024-09-03T11:04:08.047+0000] {logging_mixin.py:149} INFO - [2024-09-03T11:04:08.046+0000] {dag.py:2726} INFO - Sync 2 DAGs
[2024-09-03T11:04:08.067+0000] {logging_mixin.py:149} INFO - [2024-09-03T11:04:08.067+0000] {dag.py:3486} INFO - Setting next_dagrun for example_external_task_marker_child to None, run_after=None
[2024-09-03T11:04:08.072+0000] {logging_mixin.py:149} INFO - [2024-09-03T11:04:08.072+0000] {dag.py:3486} INFO - Setting next_dagrun for example_external_task_marker_parent to None, run_after=None
[2024-09-03T11:04:08.098+0000] {processor.py:179} INFO - Processing /home/airflow-vm/data-engineer-batch-processing-financial-services/.venv/lib/python3.10/site-packages/airflow/example_dags/example_external_task_marker_dag.py took 0.081 seconds
[2024-09-03T11:07:17.248+0000] {processor.py:157} INFO - Started process (PID=7252) to work on /home/airflow-vm/data-engineer-batch-processing-financial-services/.venv/lib/python3.10/site-packages/airflow/example_dags/example_external_task_marker_dag.py
[2024-09-03T11:07:17.248+0000] {processor.py:826} INFO - Processing file /home/airflow-vm/data-engineer-batch-processing-financial-services/.venv/lib/python3.10/site-packages/airflow/example_dags/example_external_task_marker_dag.py for tasks to queue
[2024-09-03T11:07:17.249+0000] {logging_mixin.py:149} INFO - [2024-09-03T11:07:17.249+0000] {dagbag.py:541} INFO - Filling up the DagBag from /home/airflow-vm/data-engineer-batch-processing-financial-services/.venv/lib/python3.10/site-packages/airflow/example_dags/example_external_task_marker_dag.py
[2024-09-03T11:07:17.255+0000] {processor.py:836} INFO - DAG(s) dict_keys(['example_external_task_marker_child', 'example_external_task_marker_parent']) retrieved from /home/airflow-vm/data-engineer-batch-processing-financial-services/.venv/lib/python3.10/site-packages/airflow/example_dags/example_external_task_marker_dag.py
[2024-09-03T11:07:17.278+0000] {logging_mixin.py:149} INFO - [2024-09-03T11:07:17.278+0000] {dag.py:2726} INFO - Sync 2 DAGs
[2024-09-03T11:07:17.297+0000] {logging_mixin.py:149} INFO - [2024-09-03T11:07:17.297+0000] {dag.py:3486} INFO - Setting next_dagrun for example_external_task_marker_child to None, run_after=None
[2024-09-03T11:07:17.300+0000] {logging_mixin.py:149} INFO - [2024-09-03T11:07:17.300+0000] {dag.py:3486} INFO - Setting next_dagrun for example_external_task_marker_parent to None, run_after=None
[2024-09-03T11:07:17.325+0000] {processor.py:179} INFO - Processing /home/airflow-vm/data-engineer-batch-processing-financial-services/.venv/lib/python3.10/site-packages/airflow/example_dags/example_external_task_marker_dag.py took 0.079 seconds
[2024-09-03T11:09:18.208+0000] {processor.py:157} INFO - Started process (PID=8101) to work on /home/airflow-vm/data-engineer-batch-processing-financial-services/.venv/lib/python3.10/site-packages/airflow/example_dags/example_external_task_marker_dag.py
[2024-09-03T11:09:18.209+0000] {processor.py:826} INFO - Processing file /home/airflow-vm/data-engineer-batch-processing-financial-services/.venv/lib/python3.10/site-packages/airflow/example_dags/example_external_task_marker_dag.py for tasks to queue
[2024-09-03T11:09:18.210+0000] {logging_mixin.py:149} INFO - [2024-09-03T11:09:18.209+0000] {dagbag.py:541} INFO - Filling up the DagBag from /home/airflow-vm/data-engineer-batch-processing-financial-services/.venv/lib/python3.10/site-packages/airflow/example_dags/example_external_task_marker_dag.py
[2024-09-03T11:09:18.215+0000] {processor.py:836} INFO - DAG(s) dict_keys(['example_external_task_marker_child', 'example_external_task_marker_parent']) retrieved from /home/airflow-vm/data-engineer-batch-processing-financial-services/.venv/lib/python3.10/site-packages/airflow/example_dags/example_external_task_marker_dag.py
[2024-09-03T11:09:18.239+0000] {logging_mixin.py:149} INFO - [2024-09-03T11:09:18.238+0000] {dag.py:2726} INFO - Sync 2 DAGs
[2024-09-03T11:09:18.262+0000] {logging_mixin.py:149} INFO - [2024-09-03T11:09:18.261+0000] {dag.py:3486} INFO - Setting next_dagrun for example_external_task_marker_child to None, run_after=None
[2024-09-03T11:09:18.265+0000] {logging_mixin.py:149} INFO - [2024-09-03T11:09:18.265+0000] {dag.py:3486} INFO - Setting next_dagrun for example_external_task_marker_parent to None, run_after=None
[2024-09-03T11:09:18.294+0000] {processor.py:179} INFO - Processing /home/airflow-vm/data-engineer-batch-processing-financial-services/.venv/lib/python3.10/site-packages/airflow/example_dags/example_external_task_marker_dag.py took 0.089 seconds
[2024-09-03T11:11:23.500+0000] {processor.py:157} INFO - Started process (PID=8953) to work on /home/airflow-vm/data-engineer-batch-processing-financial-services/.venv/lib/python3.10/site-packages/airflow/example_dags/example_external_task_marker_dag.py
[2024-09-03T11:11:23.501+0000] {processor.py:826} INFO - Processing file /home/airflow-vm/data-engineer-batch-processing-financial-services/.venv/lib/python3.10/site-packages/airflow/example_dags/example_external_task_marker_dag.py for tasks to queue
[2024-09-03T11:11:23.501+0000] {logging_mixin.py:149} INFO - [2024-09-03T11:11:23.501+0000] {dagbag.py:541} INFO - Filling up the DagBag from /home/airflow-vm/data-engineer-batch-processing-financial-services/.venv/lib/python3.10/site-packages/airflow/example_dags/example_external_task_marker_dag.py
[2024-09-03T11:11:23.507+0000] {processor.py:836} INFO - DAG(s) dict_keys(['example_external_task_marker_child', 'example_external_task_marker_parent']) retrieved from /home/airflow-vm/data-engineer-batch-processing-financial-services/.venv/lib/python3.10/site-packages/airflow/example_dags/example_external_task_marker_dag.py
[2024-09-03T11:11:23.527+0000] {logging_mixin.py:149} INFO - [2024-09-03T11:11:23.527+0000] {dag.py:2726} INFO - Sync 2 DAGs
[2024-09-03T11:11:23.546+0000] {logging_mixin.py:149} INFO - [2024-09-03T11:11:23.546+0000] {dag.py:3486} INFO - Setting next_dagrun for example_external_task_marker_child to None, run_after=None
[2024-09-03T11:11:23.549+0000] {logging_mixin.py:149} INFO - [2024-09-03T11:11:23.549+0000] {dag.py:3486} INFO - Setting next_dagrun for example_external_task_marker_parent to None, run_after=None
[2024-09-03T11:11:23.579+0000] {processor.py:179} INFO - Processing /home/airflow-vm/data-engineer-batch-processing-financial-services/.venv/lib/python3.10/site-packages/airflow/example_dags/example_external_task_marker_dag.py took 0.082 seconds
[2024-09-03T11:13:32.597+0000] {processor.py:157} INFO - Started process (PID=9864) to work on /home/airflow-vm/data-engineer-batch-processing-financial-services/.venv/lib/python3.10/site-packages/airflow/example_dags/example_external_task_marker_dag.py
[2024-09-03T11:13:32.598+0000] {processor.py:826} INFO - Processing file /home/airflow-vm/data-engineer-batch-processing-financial-services/.venv/lib/python3.10/site-packages/airflow/example_dags/example_external_task_marker_dag.py for tasks to queue
[2024-09-03T11:13:32.599+0000] {logging_mixin.py:149} INFO - [2024-09-03T11:13:32.599+0000] {dagbag.py:541} INFO - Filling up the DagBag from /home/airflow-vm/data-engineer-batch-processing-financial-services/.venv/lib/python3.10/site-packages/airflow/example_dags/example_external_task_marker_dag.py
[2024-09-03T11:13:32.604+0000] {processor.py:836} INFO - DAG(s) dict_keys(['example_external_task_marker_parent', 'example_external_task_marker_child']) retrieved from /home/airflow-vm/data-engineer-batch-processing-financial-services/.venv/lib/python3.10/site-packages/airflow/example_dags/example_external_task_marker_dag.py
[2024-09-03T11:13:32.624+0000] {logging_mixin.py:149} INFO - [2024-09-03T11:13:32.624+0000] {dag.py:2726} INFO - Sync 2 DAGs
[2024-09-03T11:13:32.643+0000] {logging_mixin.py:149} INFO - [2024-09-03T11:13:32.643+0000] {dag.py:3486} INFO - Setting next_dagrun for example_external_task_marker_child to None, run_after=None
[2024-09-03T11:13:32.646+0000] {logging_mixin.py:149} INFO - [2024-09-03T11:13:32.646+0000] {dag.py:3486} INFO - Setting next_dagrun for example_external_task_marker_parent to None, run_after=None
[2024-09-03T11:13:32.673+0000] {processor.py:179} INFO - Processing /home/airflow-vm/data-engineer-batch-processing-financial-services/.venv/lib/python3.10/site-packages/airflow/example_dags/example_external_task_marker_dag.py took 0.078 seconds
[2024-09-03T11:15:41.446+0000] {processor.py:157} INFO - Started process (PID=10964) to work on /home/airflow-vm/data-engineer-batch-processing-financial-services/.venv/lib/python3.10/site-packages/airflow/example_dags/example_external_task_marker_dag.py
[2024-09-03T11:15:41.447+0000] {processor.py:826} INFO - Processing file /home/airflow-vm/data-engineer-batch-processing-financial-services/.venv/lib/python3.10/site-packages/airflow/example_dags/example_external_task_marker_dag.py for tasks to queue
[2024-09-03T11:15:41.448+0000] {logging_mixin.py:149} INFO - [2024-09-03T11:15:41.448+0000] {dagbag.py:541} INFO - Filling up the DagBag from /home/airflow-vm/data-engineer-batch-processing-financial-services/.venv/lib/python3.10/site-packages/airflow/example_dags/example_external_task_marker_dag.py
[2024-09-03T11:15:41.454+0000] {processor.py:836} INFO - DAG(s) dict_keys(['example_external_task_marker_parent', 'example_external_task_marker_child']) retrieved from /home/airflow-vm/data-engineer-batch-processing-financial-services/.venv/lib/python3.10/site-packages/airflow/example_dags/example_external_task_marker_dag.py
[2024-09-03T11:15:41.477+0000] {logging_mixin.py:149} INFO - [2024-09-03T11:15:41.476+0000] {dag.py:2726} INFO - Sync 2 DAGs
[2024-09-03T11:15:41.499+0000] {logging_mixin.py:149} INFO - [2024-09-03T11:15:41.499+0000] {dag.py:3486} INFO - Setting next_dagrun for example_external_task_marker_child to None, run_after=None
[2024-09-03T11:15:41.502+0000] {logging_mixin.py:149} INFO - [2024-09-03T11:15:41.502+0000] {dag.py:3486} INFO - Setting next_dagrun for example_external_task_marker_parent to None, run_after=None
[2024-09-03T11:15:41.548+0000] {processor.py:179} INFO - Processing /home/airflow-vm/data-engineer-batch-processing-financial-services/.venv/lib/python3.10/site-packages/airflow/example_dags/example_external_task_marker_dag.py took 0.104 seconds
[2024-09-03T11:17:58.547+0000] {processor.py:157} INFO - Started process (PID=12136) to work on /home/airflow-vm/data-engineer-batch-processing-financial-services/.venv/lib/python3.10/site-packages/airflow/example_dags/example_external_task_marker_dag.py
[2024-09-03T11:17:58.548+0000] {processor.py:826} INFO - Processing file /home/airflow-vm/data-engineer-batch-processing-financial-services/.venv/lib/python3.10/site-packages/airflow/example_dags/example_external_task_marker_dag.py for tasks to queue
[2024-09-03T11:17:58.549+0000] {logging_mixin.py:149} INFO - [2024-09-03T11:17:58.548+0000] {dagbag.py:541} INFO - Filling up the DagBag from /home/airflow-vm/data-engineer-batch-processing-financial-services/.venv/lib/python3.10/site-packages/airflow/example_dags/example_external_task_marker_dag.py
[2024-09-03T11:17:58.554+0000] {processor.py:836} INFO - DAG(s) dict_keys(['example_external_task_marker_child', 'example_external_task_marker_parent']) retrieved from /home/airflow-vm/data-engineer-batch-processing-financial-services/.venv/lib/python3.10/site-packages/airflow/example_dags/example_external_task_marker_dag.py
[2024-09-03T11:17:58.576+0000] {logging_mixin.py:149} INFO - [2024-09-03T11:17:58.576+0000] {dag.py:2726} INFO - Sync 2 DAGs
[2024-09-03T11:17:58.596+0000] {logging_mixin.py:149} INFO - [2024-09-03T11:17:58.596+0000] {dag.py:3486} INFO - Setting next_dagrun for example_external_task_marker_child to None, run_after=None
[2024-09-03T11:17:58.599+0000] {logging_mixin.py:149} INFO - [2024-09-03T11:17:58.599+0000] {dag.py:3486} INFO - Setting next_dagrun for example_external_task_marker_parent to None, run_after=None
[2024-09-03T11:17:58.624+0000] {processor.py:179} INFO - Processing /home/airflow-vm/data-engineer-batch-processing-financial-services/.venv/lib/python3.10/site-packages/airflow/example_dags/example_external_task_marker_dag.py took 0.080 seconds
[2024-09-03T11:20:41.454+0000] {processor.py:157} INFO - Started process (PID=13640) to work on /home/airflow-vm/data-engineer-batch-processing-financial-services/.venv/lib/python3.10/site-packages/airflow/example_dags/example_external_task_marker_dag.py
[2024-09-03T11:20:41.455+0000] {processor.py:826} INFO - Processing file /home/airflow-vm/data-engineer-batch-processing-financial-services/.venv/lib/python3.10/site-packages/airflow/example_dags/example_external_task_marker_dag.py for tasks to queue
[2024-09-03T11:20:41.456+0000] {logging_mixin.py:149} INFO - [2024-09-03T11:20:41.456+0000] {dagbag.py:541} INFO - Filling up the DagBag from /home/airflow-vm/data-engineer-batch-processing-financial-services/.venv/lib/python3.10/site-packages/airflow/example_dags/example_external_task_marker_dag.py
[2024-09-03T11:20:41.461+0000] {processor.py:836} INFO - DAG(s) dict_keys(['example_external_task_marker_child', 'example_external_task_marker_parent']) retrieved from /home/airflow-vm/data-engineer-batch-processing-financial-services/.venv/lib/python3.10/site-packages/airflow/example_dags/example_external_task_marker_dag.py
[2024-09-03T11:20:41.485+0000] {logging_mixin.py:149} INFO - [2024-09-03T11:20:41.484+0000] {dag.py:2726} INFO - Sync 2 DAGs
[2024-09-03T11:20:41.504+0000] {logging_mixin.py:149} INFO - [2024-09-03T11:20:41.504+0000] {dag.py:3486} INFO - Setting next_dagrun for example_external_task_marker_child to None, run_after=None
[2024-09-03T11:20:41.507+0000] {logging_mixin.py:149} INFO - [2024-09-03T11:20:41.507+0000] {dag.py:3486} INFO - Setting next_dagrun for example_external_task_marker_parent to None, run_after=None
[2024-09-03T11:20:41.532+0000] {processor.py:179} INFO - Processing /home/airflow-vm/data-engineer-batch-processing-financial-services/.venv/lib/python3.10/site-packages/airflow/example_dags/example_external_task_marker_dag.py took 0.081 seconds
[2024-09-03T11:23:37.697+0000] {processor.py:157} INFO - Started process (PID=15059) to work on /home/airflow-vm/data-engineer-batch-processing-financial-services/.venv/lib/python3.10/site-packages/airflow/example_dags/example_external_task_marker_dag.py
[2024-09-03T11:23:37.698+0000] {processor.py:826} INFO - Processing file /home/airflow-vm/data-engineer-batch-processing-financial-services/.venv/lib/python3.10/site-packages/airflow/example_dags/example_external_task_marker_dag.py for tasks to queue
[2024-09-03T11:23:37.698+0000] {logging_mixin.py:149} INFO - [2024-09-03T11:23:37.698+0000] {dagbag.py:541} INFO - Filling up the DagBag from /home/airflow-vm/data-engineer-batch-processing-financial-services/.venv/lib/python3.10/site-packages/airflow/example_dags/example_external_task_marker_dag.py
[2024-09-03T11:23:37.704+0000] {processor.py:836} INFO - DAG(s) dict_keys(['example_external_task_marker_child', 'example_external_task_marker_parent']) retrieved from /home/airflow-vm/data-engineer-batch-processing-financial-services/.venv/lib/python3.10/site-packages/airflow/example_dags/example_external_task_marker_dag.py
[2024-09-03T11:23:37.727+0000] {logging_mixin.py:149} INFO - [2024-09-03T11:23:37.726+0000] {dag.py:2726} INFO - Sync 2 DAGs
[2024-09-03T11:23:37.748+0000] {logging_mixin.py:149} INFO - [2024-09-03T11:23:37.748+0000] {dag.py:3486} INFO - Setting next_dagrun for example_external_task_marker_child to None, run_after=None
[2024-09-03T11:23:37.752+0000] {logging_mixin.py:149} INFO - [2024-09-03T11:23:37.752+0000] {dag.py:3486} INFO - Setting next_dagrun for example_external_task_marker_parent to None, run_after=None
[2024-09-03T11:23:37.781+0000] {processor.py:179} INFO - Processing /home/airflow-vm/data-engineer-batch-processing-financial-services/.venv/lib/python3.10/site-packages/airflow/example_dags/example_external_task_marker_dag.py took 0.086 seconds
[2024-09-03T11:26:26.018+0000] {processor.py:157} INFO - Started process (PID=16239) to work on /home/airflow-vm/data-engineer-batch-processing-financial-services/.venv/lib/python3.10/site-packages/airflow/example_dags/example_external_task_marker_dag.py
[2024-09-03T11:26:26.019+0000] {processor.py:826} INFO - Processing file /home/airflow-vm/data-engineer-batch-processing-financial-services/.venv/lib/python3.10/site-packages/airflow/example_dags/example_external_task_marker_dag.py for tasks to queue
[2024-09-03T11:26:26.020+0000] {logging_mixin.py:149} INFO - [2024-09-03T11:26:26.020+0000] {dagbag.py:541} INFO - Filling up the DagBag from /home/airflow-vm/data-engineer-batch-processing-financial-services/.venv/lib/python3.10/site-packages/airflow/example_dags/example_external_task_marker_dag.py
[2024-09-03T11:26:26.025+0000] {processor.py:836} INFO - DAG(s) dict_keys(['example_external_task_marker_child', 'example_external_task_marker_parent']) retrieved from /home/airflow-vm/data-engineer-batch-processing-financial-services/.venv/lib/python3.10/site-packages/airflow/example_dags/example_external_task_marker_dag.py
[2024-09-03T11:26:26.047+0000] {logging_mixin.py:149} INFO - [2024-09-03T11:26:26.047+0000] {dag.py:2726} INFO - Sync 2 DAGs
[2024-09-03T11:26:26.072+0000] {logging_mixin.py:149} INFO - [2024-09-03T11:26:26.072+0000] {dag.py:3486} INFO - Setting next_dagrun for example_external_task_marker_child to None, run_after=None
[2024-09-03T11:26:26.076+0000] {logging_mixin.py:149} INFO - [2024-09-03T11:26:26.076+0000] {dag.py:3486} INFO - Setting next_dagrun for example_external_task_marker_parent to None, run_after=None
[2024-09-03T11:26:26.109+0000] {processor.py:179} INFO - Processing /home/airflow-vm/data-engineer-batch-processing-financial-services/.venv/lib/python3.10/site-packages/airflow/example_dags/example_external_task_marker_dag.py took 0.093 seconds
[2024-09-03T11:29:34.562+0000] {processor.py:157} INFO - Started process (PID=17754) to work on /home/airflow-vm/data-engineer-batch-processing-financial-services/.venv/lib/python3.10/site-packages/airflow/example_dags/example_external_task_marker_dag.py
[2024-09-03T11:29:34.563+0000] {processor.py:826} INFO - Processing file /home/airflow-vm/data-engineer-batch-processing-financial-services/.venv/lib/python3.10/site-packages/airflow/example_dags/example_external_task_marker_dag.py for tasks to queue
[2024-09-03T11:29:34.564+0000] {logging_mixin.py:149} INFO - [2024-09-03T11:29:34.564+0000] {dagbag.py:541} INFO - Filling up the DagBag from /home/airflow-vm/data-engineer-batch-processing-financial-services/.venv/lib/python3.10/site-packages/airflow/example_dags/example_external_task_marker_dag.py
[2024-09-03T11:29:34.569+0000] {processor.py:836} INFO - DAG(s) dict_keys(['example_external_task_marker_parent', 'example_external_task_marker_child']) retrieved from /home/airflow-vm/data-engineer-batch-processing-financial-services/.venv/lib/python3.10/site-packages/airflow/example_dags/example_external_task_marker_dag.py
[2024-09-03T11:29:34.591+0000] {logging_mixin.py:149} INFO - [2024-09-03T11:29:34.591+0000] {dag.py:2726} INFO - Sync 2 DAGs
[2024-09-03T11:29:34.612+0000] {logging_mixin.py:149} INFO - [2024-09-03T11:29:34.611+0000] {dag.py:3486} INFO - Setting next_dagrun for example_external_task_marker_child to None, run_after=None
[2024-09-03T11:29:34.614+0000] {logging_mixin.py:149} INFO - [2024-09-03T11:29:34.614+0000] {dag.py:3486} INFO - Setting next_dagrun for example_external_task_marker_parent to None, run_after=None
[2024-09-03T11:29:34.639+0000] {processor.py:179} INFO - Processing /home/airflow-vm/data-engineer-batch-processing-financial-services/.venv/lib/python3.10/site-packages/airflow/example_dags/example_external_task_marker_dag.py took 0.080 seconds
[2024-09-03T11:33:40.711+0000] {processor.py:157} INFO - Started process (PID=20146) to work on /home/airflow-vm/data-engineer-batch-processing-financial-services/.venv/lib/python3.10/site-packages/airflow/example_dags/example_external_task_marker_dag.py
[2024-09-03T11:33:40.712+0000] {processor.py:826} INFO - Processing file /home/airflow-vm/data-engineer-batch-processing-financial-services/.venv/lib/python3.10/site-packages/airflow/example_dags/example_external_task_marker_dag.py for tasks to queue
[2024-09-03T11:33:40.712+0000] {logging_mixin.py:149} INFO - [2024-09-03T11:33:40.712+0000] {dagbag.py:541} INFO - Filling up the DagBag from /home/airflow-vm/data-engineer-batch-processing-financial-services/.venv/lib/python3.10/site-packages/airflow/example_dags/example_external_task_marker_dag.py
[2024-09-03T11:33:40.718+0000] {processor.py:836} INFO - DAG(s) dict_keys(['example_external_task_marker_parent', 'example_external_task_marker_child']) retrieved from /home/airflow-vm/data-engineer-batch-processing-financial-services/.venv/lib/python3.10/site-packages/airflow/example_dags/example_external_task_marker_dag.py
[2024-09-03T11:33:40.739+0000] {logging_mixin.py:149} INFO - [2024-09-03T11:33:40.739+0000] {dag.py:2726} INFO - Sync 2 DAGs
[2024-09-03T11:33:40.760+0000] {logging_mixin.py:149} INFO - [2024-09-03T11:33:40.759+0000] {dag.py:3486} INFO - Setting next_dagrun for example_external_task_marker_child to None, run_after=None
[2024-09-03T11:33:40.763+0000] {logging_mixin.py:149} INFO - [2024-09-03T11:33:40.763+0000] {dag.py:3486} INFO - Setting next_dagrun for example_external_task_marker_parent to None, run_after=None
[2024-09-03T11:33:40.792+0000] {processor.py:179} INFO - Processing /home/airflow-vm/data-engineer-batch-processing-financial-services/.venv/lib/python3.10/site-packages/airflow/example_dags/example_external_task_marker_dag.py took 0.084 seconds
[2024-09-03T11:37:11.689+0000] {processor.py:157} INFO - Started process (PID=22541) to work on /home/airflow-vm/data-engineer-batch-processing-financial-services/.venv/lib/python3.10/site-packages/airflow/example_dags/example_external_task_marker_dag.py
[2024-09-03T11:37:11.690+0000] {processor.py:826} INFO - Processing file /home/airflow-vm/data-engineer-batch-processing-financial-services/.venv/lib/python3.10/site-packages/airflow/example_dags/example_external_task_marker_dag.py for tasks to queue
[2024-09-03T11:37:11.691+0000] {logging_mixin.py:149} INFO - [2024-09-03T11:37:11.691+0000] {dagbag.py:541} INFO - Filling up the DagBag from /home/airflow-vm/data-engineer-batch-processing-financial-services/.venv/lib/python3.10/site-packages/airflow/example_dags/example_external_task_marker_dag.py
[2024-09-03T11:37:11.697+0000] {processor.py:836} INFO - DAG(s) dict_keys(['example_external_task_marker_parent', 'example_external_task_marker_child']) retrieved from /home/airflow-vm/data-engineer-batch-processing-financial-services/.venv/lib/python3.10/site-packages/airflow/example_dags/example_external_task_marker_dag.py
[2024-09-03T11:37:11.720+0000] {logging_mixin.py:149} INFO - [2024-09-03T11:37:11.720+0000] {dag.py:2726} INFO - Sync 2 DAGs
[2024-09-03T11:37:11.742+0000] {logging_mixin.py:149} INFO - [2024-09-03T11:37:11.741+0000] {dag.py:3486} INFO - Setting next_dagrun for example_external_task_marker_child to None, run_after=None
[2024-09-03T11:37:11.745+0000] {logging_mixin.py:149} INFO - [2024-09-03T11:37:11.745+0000] {dag.py:3486} INFO - Setting next_dagrun for example_external_task_marker_parent to None, run_after=None
[2024-09-03T11:37:11.775+0000] {processor.py:179} INFO - Processing /home/airflow-vm/data-engineer-batch-processing-financial-services/.venv/lib/python3.10/site-packages/airflow/example_dags/example_external_task_marker_dag.py took 0.088 seconds
[2024-09-03T11:38:00.454+0000] {processor.py:157} INFO - Started process (PID=22753) to work on /home/airflow-vm/data-engineer-batch-processing-financial-services/.venv/lib/python3.10/site-packages/airflow/example_dags/example_external_task_marker_dag.py
[2024-09-03T11:38:00.455+0000] {processor.py:826} INFO - Processing file /home/airflow-vm/data-engineer-batch-processing-financial-services/.venv/lib/python3.10/site-packages/airflow/example_dags/example_external_task_marker_dag.py for tasks to queue
[2024-09-03T11:38:00.456+0000] {logging_mixin.py:149} INFO - [2024-09-03T11:38:00.455+0000] {dagbag.py:541} INFO - Filling up the DagBag from /home/airflow-vm/data-engineer-batch-processing-financial-services/.venv/lib/python3.10/site-packages/airflow/example_dags/example_external_task_marker_dag.py
[2024-09-03T11:38:00.461+0000] {processor.py:836} INFO - DAG(s) dict_keys(['example_external_task_marker_parent', 'example_external_task_marker_child']) retrieved from /home/airflow-vm/data-engineer-batch-processing-financial-services/.venv/lib/python3.10/site-packages/airflow/example_dags/example_external_task_marker_dag.py
[2024-09-03T11:38:00.485+0000] {logging_mixin.py:149} INFO - [2024-09-03T11:38:00.485+0000] {dag.py:2726} INFO - Sync 2 DAGs
[2024-09-03T11:38:00.505+0000] {logging_mixin.py:149} INFO - [2024-09-03T11:38:00.505+0000] {dag.py:3486} INFO - Setting next_dagrun for example_external_task_marker_child to None, run_after=None
[2024-09-03T11:38:00.509+0000] {logging_mixin.py:149} INFO - [2024-09-03T11:38:00.508+0000] {dag.py:3486} INFO - Setting next_dagrun for example_external_task_marker_parent to None, run_after=None
[2024-09-03T11:38:00.538+0000] {processor.py:179} INFO - Processing /home/airflow-vm/data-engineer-batch-processing-financial-services/.venv/lib/python3.10/site-packages/airflow/example_dags/example_external_task_marker_dag.py took 0.087 seconds
[2024-09-03T11:38:44.269+0000] {processor.py:157} INFO - Started process (PID=22975) to work on /home/airflow-vm/data-engineer-batch-processing-financial-services/.venv/lib/python3.10/site-packages/airflow/example_dags/example_external_task_marker_dag.py
[2024-09-03T11:38:44.270+0000] {processor.py:826} INFO - Processing file /home/airflow-vm/data-engineer-batch-processing-financial-services/.venv/lib/python3.10/site-packages/airflow/example_dags/example_external_task_marker_dag.py for tasks to queue
[2024-09-03T11:38:44.271+0000] {logging_mixin.py:149} INFO - [2024-09-03T11:38:44.271+0000] {dagbag.py:541} INFO - Filling up the DagBag from /home/airflow-vm/data-engineer-batch-processing-financial-services/.venv/lib/python3.10/site-packages/airflow/example_dags/example_external_task_marker_dag.py
[2024-09-03T11:38:44.277+0000] {processor.py:836} INFO - DAG(s) dict_keys(['example_external_task_marker_parent', 'example_external_task_marker_child']) retrieved from /home/airflow-vm/data-engineer-batch-processing-financial-services/.venv/lib/python3.10/site-packages/airflow/example_dags/example_external_task_marker_dag.py
[2024-09-03T11:38:44.300+0000] {logging_mixin.py:149} INFO - [2024-09-03T11:38:44.300+0000] {dag.py:2726} INFO - Sync 2 DAGs
[2024-09-03T11:38:44.322+0000] {logging_mixin.py:149} INFO - [2024-09-03T11:38:44.321+0000] {dag.py:3486} INFO - Setting next_dagrun for example_external_task_marker_child to None, run_after=None
[2024-09-03T11:38:44.325+0000] {logging_mixin.py:149} INFO - [2024-09-03T11:38:44.325+0000] {dag.py:3486} INFO - Setting next_dagrun for example_external_task_marker_parent to None, run_after=None
[2024-09-03T11:38:44.353+0000] {processor.py:179} INFO - Processing /home/airflow-vm/data-engineer-batch-processing-financial-services/.venv/lib/python3.10/site-packages/airflow/example_dags/example_external_task_marker_dag.py took 0.087 seconds
[2024-09-03T11:39:32.308+0000] {processor.py:157} INFO - Started process (PID=23209) to work on /home/airflow-vm/data-engineer-batch-processing-financial-services/.venv/lib/python3.10/site-packages/airflow/example_dags/example_external_task_marker_dag.py
[2024-09-03T11:39:32.309+0000] {processor.py:826} INFO - Processing file /home/airflow-vm/data-engineer-batch-processing-financial-services/.venv/lib/python3.10/site-packages/airflow/example_dags/example_external_task_marker_dag.py for tasks to queue
[2024-09-03T11:39:32.310+0000] {logging_mixin.py:149} INFO - [2024-09-03T11:39:32.310+0000] {dagbag.py:541} INFO - Filling up the DagBag from /home/airflow-vm/data-engineer-batch-processing-financial-services/.venv/lib/python3.10/site-packages/airflow/example_dags/example_external_task_marker_dag.py
[2024-09-03T11:39:32.315+0000] {processor.py:836} INFO - DAG(s) dict_keys(['example_external_task_marker_parent', 'example_external_task_marker_child']) retrieved from /home/airflow-vm/data-engineer-batch-processing-financial-services/.venv/lib/python3.10/site-packages/airflow/example_dags/example_external_task_marker_dag.py
[2024-09-03T11:39:32.337+0000] {logging_mixin.py:149} INFO - [2024-09-03T11:39:32.337+0000] {dag.py:2726} INFO - Sync 2 DAGs
[2024-09-03T11:39:32.356+0000] {logging_mixin.py:149} INFO - [2024-09-03T11:39:32.356+0000] {dag.py:3486} INFO - Setting next_dagrun for example_external_task_marker_child to None, run_after=None
[2024-09-03T11:39:32.360+0000] {logging_mixin.py:149} INFO - [2024-09-03T11:39:32.360+0000] {dag.py:3486} INFO - Setting next_dagrun for example_external_task_marker_parent to None, run_after=None
[2024-09-03T11:39:32.391+0000] {processor.py:179} INFO - Processing /home/airflow-vm/data-engineer-batch-processing-financial-services/.venv/lib/python3.10/site-packages/airflow/example_dags/example_external_task_marker_dag.py took 0.086 seconds
[2024-09-03T11:40:51.859+0000] {processor.py:157} INFO - Started process (PID=23832) to work on /home/airflow-vm/data-engineer-batch-processing-financial-services/.venv/lib/python3.10/site-packages/airflow/example_dags/example_external_task_marker_dag.py
[2024-09-03T11:40:51.860+0000] {processor.py:826} INFO - Processing file /home/airflow-vm/data-engineer-batch-processing-financial-services/.venv/lib/python3.10/site-packages/airflow/example_dags/example_external_task_marker_dag.py for tasks to queue
[2024-09-03T11:40:51.861+0000] {logging_mixin.py:149} INFO - [2024-09-03T11:40:51.861+0000] {dagbag.py:541} INFO - Filling up the DagBag from /home/airflow-vm/data-engineer-batch-processing-financial-services/.venv/lib/python3.10/site-packages/airflow/example_dags/example_external_task_marker_dag.py
[2024-09-03T11:40:51.867+0000] {processor.py:836} INFO - DAG(s) dict_keys(['example_external_task_marker_child', 'example_external_task_marker_parent']) retrieved from /home/airflow-vm/data-engineer-batch-processing-financial-services/.venv/lib/python3.10/site-packages/airflow/example_dags/example_external_task_marker_dag.py
[2024-09-03T11:40:51.899+0000] {logging_mixin.py:149} INFO - [2024-09-03T11:40:51.898+0000] {dag.py:2726} INFO - Sync 2 DAGs
[2024-09-03T11:40:51.918+0000] {logging_mixin.py:149} INFO - [2024-09-03T11:40:51.917+0000] {dag.py:3486} INFO - Setting next_dagrun for example_external_task_marker_child to None, run_after=None
[2024-09-03T11:40:51.920+0000] {logging_mixin.py:149} INFO - [2024-09-03T11:40:51.920+0000] {dag.py:3486} INFO - Setting next_dagrun for example_external_task_marker_parent to None, run_after=None
[2024-09-03T11:40:51.946+0000] {processor.py:179} INFO - Processing /home/airflow-vm/data-engineer-batch-processing-financial-services/.venv/lib/python3.10/site-packages/airflow/example_dags/example_external_task_marker_dag.py took 0.090 seconds
[2024-09-03T11:43:26.469+0000] {processor.py:157} INFO - Started process (PID=25685) to work on /home/airflow-vm/data-engineer-batch-processing-financial-services/.venv/lib/python3.10/site-packages/airflow/example_dags/example_external_task_marker_dag.py
[2024-09-03T11:43:26.470+0000] {processor.py:826} INFO - Processing file /home/airflow-vm/data-engineer-batch-processing-financial-services/.venv/lib/python3.10/site-packages/airflow/example_dags/example_external_task_marker_dag.py for tasks to queue
[2024-09-03T11:43:26.471+0000] {logging_mixin.py:149} INFO - [2024-09-03T11:43:26.471+0000] {dagbag.py:541} INFO - Filling up the DagBag from /home/airflow-vm/data-engineer-batch-processing-financial-services/.venv/lib/python3.10/site-packages/airflow/example_dags/example_external_task_marker_dag.py
[2024-09-03T11:43:26.476+0000] {processor.py:836} INFO - DAG(s) dict_keys(['example_external_task_marker_child', 'example_external_task_marker_parent']) retrieved from /home/airflow-vm/data-engineer-batch-processing-financial-services/.venv/lib/python3.10/site-packages/airflow/example_dags/example_external_task_marker_dag.py
[2024-09-03T11:43:26.498+0000] {logging_mixin.py:149} INFO - [2024-09-03T11:43:26.497+0000] {dag.py:2726} INFO - Sync 2 DAGs
[2024-09-03T11:43:26.517+0000] {logging_mixin.py:149} INFO - [2024-09-03T11:43:26.517+0000] {dag.py:3486} INFO - Setting next_dagrun for example_external_task_marker_child to None, run_after=None
[2024-09-03T11:43:26.520+0000] {logging_mixin.py:149} INFO - [2024-09-03T11:43:26.520+0000] {dag.py:3486} INFO - Setting next_dagrun for example_external_task_marker_parent to None, run_after=None
[2024-09-03T11:43:26.547+0000] {processor.py:179} INFO - Processing /home/airflow-vm/data-engineer-batch-processing-financial-services/.venv/lib/python3.10/site-packages/airflow/example_dags/example_external_task_marker_dag.py took 0.080 seconds
[2024-09-03T11:47:28.089+0000] {processor.py:157} INFO - Started process (PID=27636) to work on /home/airflow-vm/data-engineer-batch-processing-financial-services/.venv/lib/python3.10/site-packages/airflow/example_dags/example_external_task_marker_dag.py
[2024-09-03T11:47:28.089+0000] {processor.py:826} INFO - Processing file /home/airflow-vm/data-engineer-batch-processing-financial-services/.venv/lib/python3.10/site-packages/airflow/example_dags/example_external_task_marker_dag.py for tasks to queue
[2024-09-03T11:47:28.090+0000] {logging_mixin.py:149} INFO - [2024-09-03T11:47:28.090+0000] {dagbag.py:541} INFO - Filling up the DagBag from /home/airflow-vm/data-engineer-batch-processing-financial-services/.venv/lib/python3.10/site-packages/airflow/example_dags/example_external_task_marker_dag.py
[2024-09-03T11:47:28.095+0000] {processor.py:836} INFO - DAG(s) dict_keys(['example_external_task_marker_parent', 'example_external_task_marker_child']) retrieved from /home/airflow-vm/data-engineer-batch-processing-financial-services/.venv/lib/python3.10/site-packages/airflow/example_dags/example_external_task_marker_dag.py
[2024-09-03T11:47:28.115+0000] {logging_mixin.py:149} INFO - [2024-09-03T11:47:28.115+0000] {dag.py:2726} INFO - Sync 2 DAGs
[2024-09-03T11:47:28.134+0000] {logging_mixin.py:149} INFO - [2024-09-03T11:47:28.134+0000] {dag.py:3486} INFO - Setting next_dagrun for example_external_task_marker_child to None, run_after=None
[2024-09-03T11:47:28.137+0000] {logging_mixin.py:149} INFO - [2024-09-03T11:47:28.137+0000] {dag.py:3486} INFO - Setting next_dagrun for example_external_task_marker_parent to None, run_after=None
[2024-09-03T11:47:28.164+0000] {processor.py:179} INFO - Processing /home/airflow-vm/data-engineer-batch-processing-financial-services/.venv/lib/python3.10/site-packages/airflow/example_dags/example_external_task_marker_dag.py took 0.078 seconds
[2024-09-03T11:50:16.786+0000] {processor.py:157} INFO - Started process (PID=29591) to work on /home/airflow-vm/data-engineer-batch-processing-financial-services/.venv/lib/python3.10/site-packages/airflow/example_dags/example_external_task_marker_dag.py
[2024-09-03T11:50:16.786+0000] {processor.py:826} INFO - Processing file /home/airflow-vm/data-engineer-batch-processing-financial-services/.venv/lib/python3.10/site-packages/airflow/example_dags/example_external_task_marker_dag.py for tasks to queue
[2024-09-03T11:50:16.787+0000] {logging_mixin.py:149} INFO - [2024-09-03T11:50:16.787+0000] {dagbag.py:541} INFO - Filling up the DagBag from /home/airflow-vm/data-engineer-batch-processing-financial-services/.venv/lib/python3.10/site-packages/airflow/example_dags/example_external_task_marker_dag.py
[2024-09-03T11:50:16.792+0000] {processor.py:836} INFO - DAG(s) dict_keys(['example_external_task_marker_parent', 'example_external_task_marker_child']) retrieved from /home/airflow-vm/data-engineer-batch-processing-financial-services/.venv/lib/python3.10/site-packages/airflow/example_dags/example_external_task_marker_dag.py
[2024-09-03T11:50:16.833+0000] {logging_mixin.py:149} INFO - [2024-09-03T11:50:16.833+0000] {dag.py:2726} INFO - Sync 2 DAGs
[2024-09-03T11:50:16.853+0000] {logging_mixin.py:149} INFO - [2024-09-03T11:50:16.853+0000] {dag.py:3486} INFO - Setting next_dagrun for example_external_task_marker_child to None, run_after=None
[2024-09-03T11:50:16.857+0000] {logging_mixin.py:149} INFO - [2024-09-03T11:50:16.856+0000] {dag.py:3486} INFO - Setting next_dagrun for example_external_task_marker_parent to None, run_after=None
[2024-09-03T11:50:16.885+0000] {processor.py:179} INFO - Processing /home/airflow-vm/data-engineer-batch-processing-financial-services/.venv/lib/python3.10/site-packages/airflow/example_dags/example_external_task_marker_dag.py took 0.102 seconds
[2024-09-03T11:51:00.978+0000] {processor.py:157} INFO - Started process (PID=29695) to work on /home/airflow-vm/data-engineer-batch-processing-financial-services/.venv/lib/python3.10/site-packages/airflow/example_dags/example_external_task_marker_dag.py
[2024-09-03T11:51:00.979+0000] {processor.py:826} INFO - Processing file /home/airflow-vm/data-engineer-batch-processing-financial-services/.venv/lib/python3.10/site-packages/airflow/example_dags/example_external_task_marker_dag.py for tasks to queue
[2024-09-03T11:51:00.980+0000] {logging_mixin.py:149} INFO - [2024-09-03T11:51:00.979+0000] {dagbag.py:541} INFO - Filling up the DagBag from /home/airflow-vm/data-engineer-batch-processing-financial-services/.venv/lib/python3.10/site-packages/airflow/example_dags/example_external_task_marker_dag.py
[2024-09-03T11:51:00.985+0000] {processor.py:836} INFO - DAG(s) dict_keys(['example_external_task_marker_parent', 'example_external_task_marker_child']) retrieved from /home/airflow-vm/data-engineer-batch-processing-financial-services/.venv/lib/python3.10/site-packages/airflow/example_dags/example_external_task_marker_dag.py
[2024-09-03T11:51:01.006+0000] {logging_mixin.py:149} INFO - [2024-09-03T11:51:01.006+0000] {dag.py:2726} INFO - Sync 2 DAGs
[2024-09-03T11:51:01.025+0000] {logging_mixin.py:149} INFO - [2024-09-03T11:51:01.024+0000] {dag.py:3486} INFO - Setting next_dagrun for example_external_task_marker_child to None, run_after=None
[2024-09-03T11:51:01.027+0000] {logging_mixin.py:149} INFO - [2024-09-03T11:51:01.027+0000] {dag.py:3486} INFO - Setting next_dagrun for example_external_task_marker_parent to None, run_after=None
[2024-09-03T11:51:01.055+0000] {processor.py:179} INFO - Processing /home/airflow-vm/data-engineer-batch-processing-financial-services/.venv/lib/python3.10/site-packages/airflow/example_dags/example_external_task_marker_dag.py took 0.080 seconds
[2024-09-03T11:51:44.783+0000] {processor.py:157} INFO - Started process (PID=29743) to work on /home/airflow-vm/data-engineer-batch-processing-financial-services/.venv/lib/python3.10/site-packages/airflow/example_dags/example_external_task_marker_dag.py
[2024-09-03T11:51:44.784+0000] {processor.py:826} INFO - Processing file /home/airflow-vm/data-engineer-batch-processing-financial-services/.venv/lib/python3.10/site-packages/airflow/example_dags/example_external_task_marker_dag.py for tasks to queue
[2024-09-03T11:51:44.785+0000] {logging_mixin.py:149} INFO - [2024-09-03T11:51:44.784+0000] {dagbag.py:541} INFO - Filling up the DagBag from /home/airflow-vm/data-engineer-batch-processing-financial-services/.venv/lib/python3.10/site-packages/airflow/example_dags/example_external_task_marker_dag.py
[2024-09-03T11:51:44.790+0000] {processor.py:836} INFO - DAG(s) dict_keys(['example_external_task_marker_child', 'example_external_task_marker_parent']) retrieved from /home/airflow-vm/data-engineer-batch-processing-financial-services/.venv/lib/python3.10/site-packages/airflow/example_dags/example_external_task_marker_dag.py
[2024-09-03T11:51:44.810+0000] {logging_mixin.py:149} INFO - [2024-09-03T11:51:44.810+0000] {dag.py:2726} INFO - Sync 2 DAGs
[2024-09-03T11:51:44.829+0000] {logging_mixin.py:149} INFO - [2024-09-03T11:51:44.829+0000] {dag.py:3486} INFO - Setting next_dagrun for example_external_task_marker_child to None, run_after=None
[2024-09-03T11:51:44.832+0000] {logging_mixin.py:149} INFO - [2024-09-03T11:51:44.832+0000] {dag.py:3486} INFO - Setting next_dagrun for example_external_task_marker_parent to None, run_after=None
[2024-09-03T11:51:44.859+0000] {processor.py:179} INFO - Processing /home/airflow-vm/data-engineer-batch-processing-financial-services/.venv/lib/python3.10/site-packages/airflow/example_dags/example_external_task_marker_dag.py took 0.079 seconds
[2024-09-03T11:52:31.143+0000] {processor.py:157} INFO - Started process (PID=29791) to work on /home/airflow-vm/data-engineer-batch-processing-financial-services/.venv/lib/python3.10/site-packages/airflow/example_dags/example_external_task_marker_dag.py
[2024-09-03T11:52:31.144+0000] {processor.py:826} INFO - Processing file /home/airflow-vm/data-engineer-batch-processing-financial-services/.venv/lib/python3.10/site-packages/airflow/example_dags/example_external_task_marker_dag.py for tasks to queue
[2024-09-03T11:52:31.145+0000] {logging_mixin.py:149} INFO - [2024-09-03T11:52:31.144+0000] {dagbag.py:541} INFO - Filling up the DagBag from /home/airflow-vm/data-engineer-batch-processing-financial-services/.venv/lib/python3.10/site-packages/airflow/example_dags/example_external_task_marker_dag.py
[2024-09-03T11:52:31.150+0000] {processor.py:836} INFO - DAG(s) dict_keys(['example_external_task_marker_child', 'example_external_task_marker_parent']) retrieved from /home/airflow-vm/data-engineer-batch-processing-financial-services/.venv/lib/python3.10/site-packages/airflow/example_dags/example_external_task_marker_dag.py
[2024-09-03T11:52:31.173+0000] {logging_mixin.py:149} INFO - [2024-09-03T11:52:31.173+0000] {dag.py:2726} INFO - Sync 2 DAGs
[2024-09-03T11:52:31.193+0000] {logging_mixin.py:149} INFO - [2024-09-03T11:52:31.193+0000] {dag.py:3486} INFO - Setting next_dagrun for example_external_task_marker_child to None, run_after=None
[2024-09-03T11:52:31.198+0000] {logging_mixin.py:149} INFO - [2024-09-03T11:52:31.197+0000] {dag.py:3486} INFO - Setting next_dagrun for example_external_task_marker_parent to None, run_after=None
[2024-09-03T11:52:31.225+0000] {processor.py:179} INFO - Processing /home/airflow-vm/data-engineer-batch-processing-financial-services/.venv/lib/python3.10/site-packages/airflow/example_dags/example_external_task_marker_dag.py took 0.084 seconds
[2024-09-03T11:53:18.661+0000] {processor.py:157} INFO - Started process (PID=29840) to work on /home/airflow-vm/data-engineer-batch-processing-financial-services/.venv/lib/python3.10/site-packages/airflow/example_dags/example_external_task_marker_dag.py
[2024-09-03T11:53:18.662+0000] {processor.py:826} INFO - Processing file /home/airflow-vm/data-engineer-batch-processing-financial-services/.venv/lib/python3.10/site-packages/airflow/example_dags/example_external_task_marker_dag.py for tasks to queue
[2024-09-03T11:53:18.662+0000] {logging_mixin.py:149} INFO - [2024-09-03T11:53:18.662+0000] {dagbag.py:541} INFO - Filling up the DagBag from /home/airflow-vm/data-engineer-batch-processing-financial-services/.venv/lib/python3.10/site-packages/airflow/example_dags/example_external_task_marker_dag.py
[2024-09-03T11:53:18.668+0000] {processor.py:836} INFO - DAG(s) dict_keys(['example_external_task_marker_child', 'example_external_task_marker_parent']) retrieved from /home/airflow-vm/data-engineer-batch-processing-financial-services/.venv/lib/python3.10/site-packages/airflow/example_dags/example_external_task_marker_dag.py
[2024-09-03T11:53:18.690+0000] {logging_mixin.py:149} INFO - [2024-09-03T11:53:18.690+0000] {dag.py:2726} INFO - Sync 2 DAGs
[2024-09-03T11:53:18.710+0000] {logging_mixin.py:149} INFO - [2024-09-03T11:53:18.710+0000] {dag.py:3486} INFO - Setting next_dagrun for example_external_task_marker_child to None, run_after=None
[2024-09-03T11:53:18.713+0000] {logging_mixin.py:149} INFO - [2024-09-03T11:53:18.713+0000] {dag.py:3486} INFO - Setting next_dagrun for example_external_task_marker_parent to None, run_after=None
[2024-09-03T11:53:18.740+0000] {processor.py:179} INFO - Processing /home/airflow-vm/data-engineer-batch-processing-financial-services/.venv/lib/python3.10/site-packages/airflow/example_dags/example_external_task_marker_dag.py took 0.082 seconds
[2024-09-03T11:54:06.267+0000] {processor.py:157} INFO - Started process (PID=29916) to work on /home/airflow-vm/data-engineer-batch-processing-financial-services/.venv/lib/python3.10/site-packages/airflow/example_dags/example_external_task_marker_dag.py
[2024-09-03T11:54:06.268+0000] {processor.py:826} INFO - Processing file /home/airflow-vm/data-engineer-batch-processing-financial-services/.venv/lib/python3.10/site-packages/airflow/example_dags/example_external_task_marker_dag.py for tasks to queue
[2024-09-03T11:54:06.269+0000] {logging_mixin.py:149} INFO - [2024-09-03T11:54:06.268+0000] {dagbag.py:541} INFO - Filling up the DagBag from /home/airflow-vm/data-engineer-batch-processing-financial-services/.venv/lib/python3.10/site-packages/airflow/example_dags/example_external_task_marker_dag.py
[2024-09-03T11:54:06.274+0000] {processor.py:836} INFO - DAG(s) dict_keys(['example_external_task_marker_child', 'example_external_task_marker_parent']) retrieved from /home/airflow-vm/data-engineer-batch-processing-financial-services/.venv/lib/python3.10/site-packages/airflow/example_dags/example_external_task_marker_dag.py
[2024-09-03T11:54:06.297+0000] {logging_mixin.py:149} INFO - [2024-09-03T11:54:06.297+0000] {dag.py:2726} INFO - Sync 2 DAGs
[2024-09-03T11:54:06.318+0000] {logging_mixin.py:149} INFO - [2024-09-03T11:54:06.318+0000] {dag.py:3486} INFO - Setting next_dagrun for example_external_task_marker_child to None, run_after=None
[2024-09-03T11:54:06.322+0000] {logging_mixin.py:149} INFO - [2024-09-03T11:54:06.322+0000] {dag.py:3486} INFO - Setting next_dagrun for example_external_task_marker_parent to None, run_after=None
[2024-09-03T11:54:06.352+0000] {processor.py:179} INFO - Processing /home/airflow-vm/data-engineer-batch-processing-financial-services/.venv/lib/python3.10/site-packages/airflow/example_dags/example_external_task_marker_dag.py took 0.087 seconds
[2024-09-03T11:54:56.361+0000] {processor.py:157} INFO - Started process (PID=29973) to work on /home/airflow-vm/data-engineer-batch-processing-financial-services/.venv/lib/python3.10/site-packages/airflow/example_dags/example_external_task_marker_dag.py
[2024-09-03T11:54:56.362+0000] {processor.py:826} INFO - Processing file /home/airflow-vm/data-engineer-batch-processing-financial-services/.venv/lib/python3.10/site-packages/airflow/example_dags/example_external_task_marker_dag.py for tasks to queue
[2024-09-03T11:54:56.363+0000] {logging_mixin.py:149} INFO - [2024-09-03T11:54:56.363+0000] {dagbag.py:541} INFO - Filling up the DagBag from /home/airflow-vm/data-engineer-batch-processing-financial-services/.venv/lib/python3.10/site-packages/airflow/example_dags/example_external_task_marker_dag.py
[2024-09-03T11:54:56.368+0000] {processor.py:836} INFO - DAG(s) dict_keys(['example_external_task_marker_child', 'example_external_task_marker_parent']) retrieved from /home/airflow-vm/data-engineer-batch-processing-financial-services/.venv/lib/python3.10/site-packages/airflow/example_dags/example_external_task_marker_dag.py
[2024-09-03T11:54:56.390+0000] {logging_mixin.py:149} INFO - [2024-09-03T11:54:56.390+0000] {dag.py:2726} INFO - Sync 2 DAGs
[2024-09-03T11:54:56.409+0000] {logging_mixin.py:149} INFO - [2024-09-03T11:54:56.409+0000] {dag.py:3486} INFO - Setting next_dagrun for example_external_task_marker_child to None, run_after=None
[2024-09-03T11:54:56.412+0000] {logging_mixin.py:149} INFO - [2024-09-03T11:54:56.412+0000] {dag.py:3486} INFO - Setting next_dagrun for example_external_task_marker_parent to None, run_after=None
[2024-09-03T11:54:56.439+0000] {processor.py:179} INFO - Processing /home/airflow-vm/data-engineer-batch-processing-financial-services/.venv/lib/python3.10/site-packages/airflow/example_dags/example_external_task_marker_dag.py took 0.081 seconds
[2024-09-03T11:55:39.828+0000] {processor.py:157} INFO - Started process (PID=30021) to work on /home/airflow-vm/data-engineer-batch-processing-financial-services/.venv/lib/python3.10/site-packages/airflow/example_dags/example_external_task_marker_dag.py
[2024-09-03T11:55:39.829+0000] {processor.py:826} INFO - Processing file /home/airflow-vm/data-engineer-batch-processing-financial-services/.venv/lib/python3.10/site-packages/airflow/example_dags/example_external_task_marker_dag.py for tasks to queue
[2024-09-03T11:55:39.830+0000] {logging_mixin.py:149} INFO - [2024-09-03T11:55:39.830+0000] {dagbag.py:541} INFO - Filling up the DagBag from /home/airflow-vm/data-engineer-batch-processing-financial-services/.venv/lib/python3.10/site-packages/airflow/example_dags/example_external_task_marker_dag.py
[2024-09-03T11:55:39.835+0000] {processor.py:836} INFO - DAG(s) dict_keys(['example_external_task_marker_child', 'example_external_task_marker_parent']) retrieved from /home/airflow-vm/data-engineer-batch-processing-financial-services/.venv/lib/python3.10/site-packages/airflow/example_dags/example_external_task_marker_dag.py
[2024-09-03T11:55:39.856+0000] {logging_mixin.py:149} INFO - [2024-09-03T11:55:39.855+0000] {dag.py:2726} INFO - Sync 2 DAGs
[2024-09-03T11:55:39.878+0000] {logging_mixin.py:149} INFO - [2024-09-03T11:55:39.878+0000] {dag.py:3486} INFO - Setting next_dagrun for example_external_task_marker_child to None, run_after=None
[2024-09-03T11:55:39.881+0000] {logging_mixin.py:149} INFO - [2024-09-03T11:55:39.881+0000] {dag.py:3486} INFO - Setting next_dagrun for example_external_task_marker_parent to None, run_after=None
[2024-09-03T11:55:39.910+0000] {processor.py:179} INFO - Processing /home/airflow-vm/data-engineer-batch-processing-financial-services/.venv/lib/python3.10/site-packages/airflow/example_dags/example_external_task_marker_dag.py took 0.084 seconds
[2024-09-03T11:56:27.792+0000] {processor.py:157} INFO - Started process (PID=30071) to work on /home/airflow-vm/data-engineer-batch-processing-financial-services/.venv/lib/python3.10/site-packages/airflow/example_dags/example_external_task_marker_dag.py
[2024-09-03T11:56:27.793+0000] {processor.py:826} INFO - Processing file /home/airflow-vm/data-engineer-batch-processing-financial-services/.venv/lib/python3.10/site-packages/airflow/example_dags/example_external_task_marker_dag.py for tasks to queue
[2024-09-03T11:56:27.794+0000] {logging_mixin.py:149} INFO - [2024-09-03T11:56:27.794+0000] {dagbag.py:541} INFO - Filling up the DagBag from /home/airflow-vm/data-engineer-batch-processing-financial-services/.venv/lib/python3.10/site-packages/airflow/example_dags/example_external_task_marker_dag.py
[2024-09-03T11:56:27.800+0000] {processor.py:836} INFO - DAG(s) dict_keys(['example_external_task_marker_child', 'example_external_task_marker_parent']) retrieved from /home/airflow-vm/data-engineer-batch-processing-financial-services/.venv/lib/python3.10/site-packages/airflow/example_dags/example_external_task_marker_dag.py
[2024-09-03T11:56:27.822+0000] {logging_mixin.py:149} INFO - [2024-09-03T11:56:27.822+0000] {dag.py:2726} INFO - Sync 2 DAGs
[2024-09-03T11:56:27.842+0000] {logging_mixin.py:149} INFO - [2024-09-03T11:56:27.842+0000] {dag.py:3486} INFO - Setting next_dagrun for example_external_task_marker_child to None, run_after=None
[2024-09-03T11:56:27.845+0000] {logging_mixin.py:149} INFO - [2024-09-03T11:56:27.845+0000] {dag.py:3486} INFO - Setting next_dagrun for example_external_task_marker_parent to None, run_after=None
[2024-09-03T11:56:27.874+0000] {processor.py:179} INFO - Processing /home/airflow-vm/data-engineer-batch-processing-financial-services/.venv/lib/python3.10/site-packages/airflow/example_dags/example_external_task_marker_dag.py took 0.084 seconds
