[2024-09-03T10:58:34.871+0000] {processor.py:157} INFO - Started process (PID=3625) to work on /home/airflow-vm/data-engineer-batch-processing-financial-services/.venv/lib/python3.10/site-packages/airflow/example_dags/example_complex.py
[2024-09-03T10:58:34.872+0000] {processor.py:826} INFO - Processing file /home/airflow-vm/data-engineer-batch-processing-financial-services/.venv/lib/python3.10/site-packages/airflow/example_dags/example_complex.py for tasks to queue
[2024-09-03T10:58:34.872+0000] {logging_mixin.py:149} INFO - [2024-09-03T10:58:34.872+0000] {dagbag.py:541} INFO - Filling up the DagBag from /home/airflow-vm/data-engineer-batch-processing-financial-services/.venv/lib/python3.10/site-packages/airflow/example_dags/example_complex.py
[2024-09-03T10:58:34.882+0000] {logging_mixin.py:149} INFO - [2024-09-03T10:58:34.882+0000] {taskmixin.py:211} WARNING - Dependency <Task(BashOperator): create_entry_group>, delete_entry_group already registered for DAG: example_complex
[2024-09-03T10:58:34.882+0000] {logging_mixin.py:149} INFO - [2024-09-03T10:58:34.882+0000] {taskmixin.py:211} WARNING - Dependency <Task(BashOperator): delete_entry_group>, create_entry_group already registered for DAG: example_complex
[2024-09-03T10:58:34.882+0000] {logging_mixin.py:149} INFO - [2024-09-03T10:58:34.882+0000] {taskmixin.py:211} WARNING - Dependency <Task(BashOperator): create_entry_gcs>, delete_entry already registered for DAG: example_complex
[2024-09-03T10:58:34.882+0000] {logging_mixin.py:149} INFO - [2024-09-03T10:58:34.882+0000] {taskmixin.py:211} WARNING - Dependency <Task(BashOperator): delete_entry>, create_entry_gcs already registered for DAG: example_complex
[2024-09-03T10:58:34.883+0000] {logging_mixin.py:149} INFO - [2024-09-03T10:58:34.883+0000] {taskmixin.py:211} WARNING - Dependency <Task(BashOperator): create_tag>, delete_tag already registered for DAG: example_complex
[2024-09-03T10:58:34.883+0000] {logging_mixin.py:149} INFO - [2024-09-03T10:58:34.883+0000] {taskmixin.py:211} WARNING - Dependency <Task(BashOperator): delete_tag>, create_tag already registered for DAG: example_complex
[2024-09-03T10:58:34.884+0000] {processor.py:836} INFO - DAG(s) dict_keys(['example_complex']) retrieved from /home/airflow-vm/data-engineer-batch-processing-financial-services/.venv/lib/python3.10/site-packages/airflow/example_dags/example_complex.py
[2024-09-03T10:58:34.913+0000] {logging_mixin.py:149} INFO - [2024-09-03T10:58:34.913+0000] {dag.py:2726} INFO - Sync 1 DAGs
[2024-09-03T10:58:34.933+0000] {logging_mixin.py:149} INFO - [2024-09-03T10:58:34.933+0000] {dag.py:3486} INFO - Setting next_dagrun for example_complex to None, run_after=None
[2024-09-03T10:58:34.962+0000] {processor.py:179} INFO - Processing /home/airflow-vm/data-engineer-batch-processing-financial-services/.venv/lib/python3.10/site-packages/airflow/example_dags/example_complex.py took 0.094 seconds
[2024-09-03T10:59:24.223+0000] {processor.py:157} INFO - Started process (PID=3841) to work on /home/airflow-vm/data-engineer-batch-processing-financial-services/.venv/lib/python3.10/site-packages/airflow/example_dags/example_complex.py
[2024-09-03T10:59:24.224+0000] {processor.py:826} INFO - Processing file /home/airflow-vm/data-engineer-batch-processing-financial-services/.venv/lib/python3.10/site-packages/airflow/example_dags/example_complex.py for tasks to queue
[2024-09-03T10:59:24.224+0000] {logging_mixin.py:149} INFO - [2024-09-03T10:59:24.224+0000] {dagbag.py:541} INFO - Filling up the DagBag from /home/airflow-vm/data-engineer-batch-processing-financial-services/.venv/lib/python3.10/site-packages/airflow/example_dags/example_complex.py
[2024-09-03T10:59:24.233+0000] {logging_mixin.py:149} INFO - [2024-09-03T10:59:24.233+0000] {taskmixin.py:211} WARNING - Dependency <Task(BashOperator): create_entry_group>, delete_entry_group already registered for DAG: example_complex
[2024-09-03T10:59:24.233+0000] {logging_mixin.py:149} INFO - [2024-09-03T10:59:24.233+0000] {taskmixin.py:211} WARNING - Dependency <Task(BashOperator): delete_entry_group>, create_entry_group already registered for DAG: example_complex
[2024-09-03T10:59:24.234+0000] {logging_mixin.py:149} INFO - [2024-09-03T10:59:24.234+0000] {taskmixin.py:211} WARNING - Dependency <Task(BashOperator): create_entry_gcs>, delete_entry already registered for DAG: example_complex
[2024-09-03T10:59:24.234+0000] {logging_mixin.py:149} INFO - [2024-09-03T10:59:24.234+0000] {taskmixin.py:211} WARNING - Dependency <Task(BashOperator): delete_entry>, create_entry_gcs already registered for DAG: example_complex
[2024-09-03T10:59:24.234+0000] {logging_mixin.py:149} INFO - [2024-09-03T10:59:24.234+0000] {taskmixin.py:211} WARNING - Dependency <Task(BashOperator): create_tag>, delete_tag already registered for DAG: example_complex
[2024-09-03T10:59:24.234+0000] {logging_mixin.py:149} INFO - [2024-09-03T10:59:24.234+0000] {taskmixin.py:211} WARNING - Dependency <Task(BashOperator): delete_tag>, create_tag already registered for DAG: example_complex
[2024-09-03T10:59:24.236+0000] {processor.py:836} INFO - DAG(s) dict_keys(['example_complex']) retrieved from /home/airflow-vm/data-engineer-batch-processing-financial-services/.venv/lib/python3.10/site-packages/airflow/example_dags/example_complex.py
[2024-09-03T10:59:24.266+0000] {logging_mixin.py:149} INFO - [2024-09-03T10:59:24.266+0000] {dag.py:2726} INFO - Sync 1 DAGs
[2024-09-03T10:59:24.288+0000] {logging_mixin.py:149} INFO - [2024-09-03T10:59:24.287+0000] {dag.py:3486} INFO - Setting next_dagrun for example_complex to None, run_after=None
[2024-09-03T10:59:24.316+0000] {processor.py:179} INFO - Processing /home/airflow-vm/data-engineer-batch-processing-financial-services/.venv/lib/python3.10/site-packages/airflow/example_dags/example_complex.py took 0.095 seconds
[2024-09-03T11:00:07.644+0000] {processor.py:157} INFO - Started process (PID=4027) to work on /home/airflow-vm/data-engineer-batch-processing-financial-services/.venv/lib/python3.10/site-packages/airflow/example_dags/example_complex.py
[2024-09-03T11:00:07.645+0000] {processor.py:826} INFO - Processing file /home/airflow-vm/data-engineer-batch-processing-financial-services/.venv/lib/python3.10/site-packages/airflow/example_dags/example_complex.py for tasks to queue
[2024-09-03T11:00:07.646+0000] {logging_mixin.py:149} INFO - [2024-09-03T11:00:07.646+0000] {dagbag.py:541} INFO - Filling up the DagBag from /home/airflow-vm/data-engineer-batch-processing-financial-services/.venv/lib/python3.10/site-packages/airflow/example_dags/example_complex.py
[2024-09-03T11:00:07.655+0000] {logging_mixin.py:149} INFO - [2024-09-03T11:00:07.655+0000] {taskmixin.py:211} WARNING - Dependency <Task(BashOperator): create_entry_group>, delete_entry_group already registered for DAG: example_complex
[2024-09-03T11:00:07.656+0000] {logging_mixin.py:149} INFO - [2024-09-03T11:00:07.655+0000] {taskmixin.py:211} WARNING - Dependency <Task(BashOperator): delete_entry_group>, create_entry_group already registered for DAG: example_complex
[2024-09-03T11:00:07.656+0000] {logging_mixin.py:149} INFO - [2024-09-03T11:00:07.656+0000] {taskmixin.py:211} WARNING - Dependency <Task(BashOperator): create_entry_gcs>, delete_entry already registered for DAG: example_complex
[2024-09-03T11:00:07.656+0000] {logging_mixin.py:149} INFO - [2024-09-03T11:00:07.656+0000] {taskmixin.py:211} WARNING - Dependency <Task(BashOperator): delete_entry>, create_entry_gcs already registered for DAG: example_complex
[2024-09-03T11:00:07.656+0000] {logging_mixin.py:149} INFO - [2024-09-03T11:00:07.656+0000] {taskmixin.py:211} WARNING - Dependency <Task(BashOperator): create_tag>, delete_tag already registered for DAG: example_complex
[2024-09-03T11:00:07.657+0000] {logging_mixin.py:149} INFO - [2024-09-03T11:00:07.656+0000] {taskmixin.py:211} WARNING - Dependency <Task(BashOperator): delete_tag>, create_tag already registered for DAG: example_complex
[2024-09-03T11:00:07.658+0000] {processor.py:836} INFO - DAG(s) dict_keys(['example_complex']) retrieved from /home/airflow-vm/data-engineer-batch-processing-financial-services/.venv/lib/python3.10/site-packages/airflow/example_dags/example_complex.py
[2024-09-03T11:00:07.691+0000] {logging_mixin.py:149} INFO - [2024-09-03T11:00:07.690+0000] {dag.py:2726} INFO - Sync 1 DAGs
[2024-09-03T11:00:07.725+0000] {logging_mixin.py:149} INFO - [2024-09-03T11:00:07.725+0000] {dag.py:3486} INFO - Setting next_dagrun for example_complex to None, run_after=None
[2024-09-03T11:00:07.778+0000] {processor.py:179} INFO - Processing /home/airflow-vm/data-engineer-batch-processing-financial-services/.venv/lib/python3.10/site-packages/airflow/example_dags/example_complex.py took 0.136 seconds
[2024-09-03T11:00:53.173+0000] {processor.py:157} INFO - Started process (PID=4536) to work on /home/airflow-vm/data-engineer-batch-processing-financial-services/.venv/lib/python3.10/site-packages/airflow/example_dags/example_complex.py
[2024-09-03T11:00:53.174+0000] {processor.py:826} INFO - Processing file /home/airflow-vm/data-engineer-batch-processing-financial-services/.venv/lib/python3.10/site-packages/airflow/example_dags/example_complex.py for tasks to queue
[2024-09-03T11:00:53.174+0000] {logging_mixin.py:149} INFO - [2024-09-03T11:00:53.174+0000] {dagbag.py:541} INFO - Filling up the DagBag from /home/airflow-vm/data-engineer-batch-processing-financial-services/.venv/lib/python3.10/site-packages/airflow/example_dags/example_complex.py
[2024-09-03T11:00:53.183+0000] {logging_mixin.py:149} INFO - [2024-09-03T11:00:53.183+0000] {taskmixin.py:211} WARNING - Dependency <Task(BashOperator): create_entry_group>, delete_entry_group already registered for DAG: example_complex
[2024-09-03T11:00:53.184+0000] {logging_mixin.py:149} INFO - [2024-09-03T11:00:53.184+0000] {taskmixin.py:211} WARNING - Dependency <Task(BashOperator): delete_entry_group>, create_entry_group already registered for DAG: example_complex
[2024-09-03T11:00:53.184+0000] {logging_mixin.py:149} INFO - [2024-09-03T11:00:53.184+0000] {taskmixin.py:211} WARNING - Dependency <Task(BashOperator): create_entry_gcs>, delete_entry already registered for DAG: example_complex
[2024-09-03T11:00:53.184+0000] {logging_mixin.py:149} INFO - [2024-09-03T11:00:53.184+0000] {taskmixin.py:211} WARNING - Dependency <Task(BashOperator): delete_entry>, create_entry_gcs already registered for DAG: example_complex
[2024-09-03T11:00:53.184+0000] {logging_mixin.py:149} INFO - [2024-09-03T11:00:53.184+0000] {taskmixin.py:211} WARNING - Dependency <Task(BashOperator): create_tag>, delete_tag already registered for DAG: example_complex
[2024-09-03T11:00:53.184+0000] {logging_mixin.py:149} INFO - [2024-09-03T11:00:53.184+0000] {taskmixin.py:211} WARNING - Dependency <Task(BashOperator): delete_tag>, create_tag already registered for DAG: example_complex
[2024-09-03T11:00:53.186+0000] {processor.py:836} INFO - DAG(s) dict_keys(['example_complex']) retrieved from /home/airflow-vm/data-engineer-batch-processing-financial-services/.venv/lib/python3.10/site-packages/airflow/example_dags/example_complex.py
[2024-09-03T11:00:53.225+0000] {logging_mixin.py:149} INFO - [2024-09-03T11:00:53.225+0000] {dag.py:2726} INFO - Sync 1 DAGs
[2024-09-03T11:00:53.247+0000] {logging_mixin.py:149} INFO - [2024-09-03T11:00:53.246+0000] {dag.py:3486} INFO - Setting next_dagrun for example_complex to None, run_after=None
[2024-09-03T11:00:53.276+0000] {processor.py:179} INFO - Processing /home/airflow-vm/data-engineer-batch-processing-financial-services/.venv/lib/python3.10/site-packages/airflow/example_dags/example_complex.py took 0.106 seconds
[2024-09-03T11:01:43.354+0000] {processor.py:157} INFO - Started process (PID=4769) to work on /home/airflow-vm/data-engineer-batch-processing-financial-services/.venv/lib/python3.10/site-packages/airflow/example_dags/example_complex.py
[2024-09-03T11:01:43.355+0000] {processor.py:826} INFO - Processing file /home/airflow-vm/data-engineer-batch-processing-financial-services/.venv/lib/python3.10/site-packages/airflow/example_dags/example_complex.py for tasks to queue
[2024-09-03T11:01:43.355+0000] {logging_mixin.py:149} INFO - [2024-09-03T11:01:43.355+0000] {dagbag.py:541} INFO - Filling up the DagBag from /home/airflow-vm/data-engineer-batch-processing-financial-services/.venv/lib/python3.10/site-packages/airflow/example_dags/example_complex.py
[2024-09-03T11:01:43.365+0000] {logging_mixin.py:149} INFO - [2024-09-03T11:01:43.365+0000] {taskmixin.py:211} WARNING - Dependency <Task(BashOperator): create_entry_group>, delete_entry_group already registered for DAG: example_complex
[2024-09-03T11:01:43.365+0000] {logging_mixin.py:149} INFO - [2024-09-03T11:01:43.365+0000] {taskmixin.py:211} WARNING - Dependency <Task(BashOperator): delete_entry_group>, create_entry_group already registered for DAG: example_complex
[2024-09-03T11:01:43.365+0000] {logging_mixin.py:149} INFO - [2024-09-03T11:01:43.365+0000] {taskmixin.py:211} WARNING - Dependency <Task(BashOperator): create_entry_gcs>, delete_entry already registered for DAG: example_complex
[2024-09-03T11:01:43.366+0000] {logging_mixin.py:149} INFO - [2024-09-03T11:01:43.366+0000] {taskmixin.py:211} WARNING - Dependency <Task(BashOperator): delete_entry>, create_entry_gcs already registered for DAG: example_complex
[2024-09-03T11:01:43.366+0000] {logging_mixin.py:149} INFO - [2024-09-03T11:01:43.366+0000] {taskmixin.py:211} WARNING - Dependency <Task(BashOperator): create_tag>, delete_tag already registered for DAG: example_complex
[2024-09-03T11:01:43.366+0000] {logging_mixin.py:149} INFO - [2024-09-03T11:01:43.366+0000] {taskmixin.py:211} WARNING - Dependency <Task(BashOperator): delete_tag>, create_tag already registered for DAG: example_complex
[2024-09-03T11:01:43.368+0000] {processor.py:836} INFO - DAG(s) dict_keys(['example_complex']) retrieved from /home/airflow-vm/data-engineer-batch-processing-financial-services/.venv/lib/python3.10/site-packages/airflow/example_dags/example_complex.py
[2024-09-03T11:01:43.397+0000] {logging_mixin.py:149} INFO - [2024-09-03T11:01:43.396+0000] {dag.py:2726} INFO - Sync 1 DAGs
[2024-09-03T11:01:43.415+0000] {logging_mixin.py:149} INFO - [2024-09-03T11:01:43.415+0000] {dag.py:3486} INFO - Setting next_dagrun for example_complex to None, run_after=None
[2024-09-03T11:01:43.444+0000] {processor.py:179} INFO - Processing /home/airflow-vm/data-engineer-batch-processing-financial-services/.venv/lib/python3.10/site-packages/airflow/example_dags/example_complex.py took 0.092 seconds
[2024-09-03T11:02:29.300+0000] {processor.py:157} INFO - Started process (PID=4827) to work on /home/airflow-vm/data-engineer-batch-processing-financial-services/.venv/lib/python3.10/site-packages/airflow/example_dags/example_complex.py
[2024-09-03T11:02:29.301+0000] {processor.py:826} INFO - Processing file /home/airflow-vm/data-engineer-batch-processing-financial-services/.venv/lib/python3.10/site-packages/airflow/example_dags/example_complex.py for tasks to queue
[2024-09-03T11:02:29.301+0000] {logging_mixin.py:149} INFO - [2024-09-03T11:02:29.301+0000] {dagbag.py:541} INFO - Filling up the DagBag from /home/airflow-vm/data-engineer-batch-processing-financial-services/.venv/lib/python3.10/site-packages/airflow/example_dags/example_complex.py
[2024-09-03T11:02:29.311+0000] {logging_mixin.py:149} INFO - [2024-09-03T11:02:29.311+0000] {taskmixin.py:211} WARNING - Dependency <Task(BashOperator): create_entry_group>, delete_entry_group already registered for DAG: example_complex
[2024-09-03T11:02:29.311+0000] {logging_mixin.py:149} INFO - [2024-09-03T11:02:29.311+0000] {taskmixin.py:211} WARNING - Dependency <Task(BashOperator): delete_entry_group>, create_entry_group already registered for DAG: example_complex
[2024-09-03T11:02:29.312+0000] {logging_mixin.py:149} INFO - [2024-09-03T11:02:29.312+0000] {taskmixin.py:211} WARNING - Dependency <Task(BashOperator): create_entry_gcs>, delete_entry already registered for DAG: example_complex
[2024-09-03T11:02:29.312+0000] {logging_mixin.py:149} INFO - [2024-09-03T11:02:29.312+0000] {taskmixin.py:211} WARNING - Dependency <Task(BashOperator): delete_entry>, create_entry_gcs already registered for DAG: example_complex
[2024-09-03T11:02:29.312+0000] {logging_mixin.py:149} INFO - [2024-09-03T11:02:29.312+0000] {taskmixin.py:211} WARNING - Dependency <Task(BashOperator): create_tag>, delete_tag already registered for DAG: example_complex
[2024-09-03T11:02:29.312+0000] {logging_mixin.py:149} INFO - [2024-09-03T11:02:29.312+0000] {taskmixin.py:211} WARNING - Dependency <Task(BashOperator): delete_tag>, create_tag already registered for DAG: example_complex
[2024-09-03T11:02:29.314+0000] {processor.py:836} INFO - DAG(s) dict_keys(['example_complex']) retrieved from /home/airflow-vm/data-engineer-batch-processing-financial-services/.venv/lib/python3.10/site-packages/airflow/example_dags/example_complex.py
[2024-09-03T11:02:29.343+0000] {logging_mixin.py:149} INFO - [2024-09-03T11:02:29.343+0000] {dag.py:2726} INFO - Sync 1 DAGs
[2024-09-03T11:02:29.364+0000] {logging_mixin.py:149} INFO - [2024-09-03T11:02:29.364+0000] {dag.py:3486} INFO - Setting next_dagrun for example_complex to None, run_after=None
[2024-09-03T11:02:29.395+0000] {processor.py:179} INFO - Processing /home/airflow-vm/data-engineer-batch-processing-financial-services/.venv/lib/python3.10/site-packages/airflow/example_dags/example_complex.py took 0.097 seconds
[2024-09-03T11:03:16.716+0000] {processor.py:157} INFO - Started process (PID=5124) to work on /home/airflow-vm/data-engineer-batch-processing-financial-services/.venv/lib/python3.10/site-packages/airflow/example_dags/example_complex.py
[2024-09-03T11:03:16.717+0000] {processor.py:826} INFO - Processing file /home/airflow-vm/data-engineer-batch-processing-financial-services/.venv/lib/python3.10/site-packages/airflow/example_dags/example_complex.py for tasks to queue
[2024-09-03T11:03:16.717+0000] {logging_mixin.py:149} INFO - [2024-09-03T11:03:16.717+0000] {dagbag.py:541} INFO - Filling up the DagBag from /home/airflow-vm/data-engineer-batch-processing-financial-services/.venv/lib/python3.10/site-packages/airflow/example_dags/example_complex.py
[2024-09-03T11:03:16.726+0000] {logging_mixin.py:149} INFO - [2024-09-03T11:03:16.726+0000] {taskmixin.py:211} WARNING - Dependency <Task(BashOperator): create_entry_group>, delete_entry_group already registered for DAG: example_complex
[2024-09-03T11:03:16.726+0000] {logging_mixin.py:149} INFO - [2024-09-03T11:03:16.726+0000] {taskmixin.py:211} WARNING - Dependency <Task(BashOperator): delete_entry_group>, create_entry_group already registered for DAG: example_complex
[2024-09-03T11:03:16.727+0000] {logging_mixin.py:149} INFO - [2024-09-03T11:03:16.727+0000] {taskmixin.py:211} WARNING - Dependency <Task(BashOperator): create_entry_gcs>, delete_entry already registered for DAG: example_complex
[2024-09-03T11:03:16.727+0000] {logging_mixin.py:149} INFO - [2024-09-03T11:03:16.727+0000] {taskmixin.py:211} WARNING - Dependency <Task(BashOperator): delete_entry>, create_entry_gcs already registered for DAG: example_complex
[2024-09-03T11:03:16.727+0000] {logging_mixin.py:149} INFO - [2024-09-03T11:03:16.727+0000] {taskmixin.py:211} WARNING - Dependency <Task(BashOperator): create_tag>, delete_tag already registered for DAG: example_complex
[2024-09-03T11:03:16.728+0000] {logging_mixin.py:149} INFO - [2024-09-03T11:03:16.727+0000] {taskmixin.py:211} WARNING - Dependency <Task(BashOperator): delete_tag>, create_tag already registered for DAG: example_complex
[2024-09-03T11:03:16.729+0000] {processor.py:836} INFO - DAG(s) dict_keys(['example_complex']) retrieved from /home/airflow-vm/data-engineer-batch-processing-financial-services/.venv/lib/python3.10/site-packages/airflow/example_dags/example_complex.py
[2024-09-03T11:03:16.758+0000] {logging_mixin.py:149} INFO - [2024-09-03T11:03:16.758+0000] {dag.py:2726} INFO - Sync 1 DAGs
[2024-09-03T11:03:16.778+0000] {logging_mixin.py:149} INFO - [2024-09-03T11:03:16.777+0000] {dag.py:3486} INFO - Setting next_dagrun for example_complex to None, run_after=None
[2024-09-03T11:03:16.808+0000] {processor.py:179} INFO - Processing /home/airflow-vm/data-engineer-batch-processing-financial-services/.venv/lib/python3.10/site-packages/airflow/example_dags/example_complex.py took 0.094 seconds
[2024-09-03T11:06:09.335+0000] {processor.py:157} INFO - Started process (PID=6797) to work on /home/airflow-vm/data-engineer-batch-processing-financial-services/.venv/lib/python3.10/site-packages/airflow/example_dags/example_complex.py
[2024-09-03T11:06:09.336+0000] {processor.py:826} INFO - Processing file /home/airflow-vm/data-engineer-batch-processing-financial-services/.venv/lib/python3.10/site-packages/airflow/example_dags/example_complex.py for tasks to queue
[2024-09-03T11:06:09.337+0000] {logging_mixin.py:149} INFO - [2024-09-03T11:06:09.336+0000] {dagbag.py:541} INFO - Filling up the DagBag from /home/airflow-vm/data-engineer-batch-processing-financial-services/.venv/lib/python3.10/site-packages/airflow/example_dags/example_complex.py
[2024-09-03T11:06:09.346+0000] {logging_mixin.py:149} INFO - [2024-09-03T11:06:09.346+0000] {taskmixin.py:211} WARNING - Dependency <Task(BashOperator): create_entry_group>, delete_entry_group already registered for DAG: example_complex
[2024-09-03T11:06:09.346+0000] {logging_mixin.py:149} INFO - [2024-09-03T11:06:09.346+0000] {taskmixin.py:211} WARNING - Dependency <Task(BashOperator): delete_entry_group>, create_entry_group already registered for DAG: example_complex
[2024-09-03T11:06:09.346+0000] {logging_mixin.py:149} INFO - [2024-09-03T11:06:09.346+0000] {taskmixin.py:211} WARNING - Dependency <Task(BashOperator): create_entry_gcs>, delete_entry already registered for DAG: example_complex
[2024-09-03T11:06:09.346+0000] {logging_mixin.py:149} INFO - [2024-09-03T11:06:09.346+0000] {taskmixin.py:211} WARNING - Dependency <Task(BashOperator): delete_entry>, create_entry_gcs already registered for DAG: example_complex
[2024-09-03T11:06:09.347+0000] {logging_mixin.py:149} INFO - [2024-09-03T11:06:09.347+0000] {taskmixin.py:211} WARNING - Dependency <Task(BashOperator): create_tag>, delete_tag already registered for DAG: example_complex
[2024-09-03T11:06:09.347+0000] {logging_mixin.py:149} INFO - [2024-09-03T11:06:09.347+0000] {taskmixin.py:211} WARNING - Dependency <Task(BashOperator): delete_tag>, create_tag already registered for DAG: example_complex
[2024-09-03T11:06:09.348+0000] {processor.py:836} INFO - DAG(s) dict_keys(['example_complex']) retrieved from /home/airflow-vm/data-engineer-batch-processing-financial-services/.venv/lib/python3.10/site-packages/airflow/example_dags/example_complex.py
[2024-09-03T11:06:09.379+0000] {logging_mixin.py:149} INFO - [2024-09-03T11:06:09.379+0000] {dag.py:2726} INFO - Sync 1 DAGs
[2024-09-03T11:06:09.398+0000] {logging_mixin.py:149} INFO - [2024-09-03T11:06:09.398+0000] {dag.py:3486} INFO - Setting next_dagrun for example_complex to None, run_after=None
[2024-09-03T11:06:09.425+0000] {processor.py:179} INFO - Processing /home/airflow-vm/data-engineer-batch-processing-financial-services/.venv/lib/python3.10/site-packages/airflow/example_dags/example_complex.py took 0.092 seconds
[2024-09-03T11:10:13.291+0000] {processor.py:157} INFO - Started process (PID=8473) to work on /home/airflow-vm/data-engineer-batch-processing-financial-services/.venv/lib/python3.10/site-packages/airflow/example_dags/example_complex.py
[2024-09-03T11:10:13.292+0000] {processor.py:826} INFO - Processing file /home/airflow-vm/data-engineer-batch-processing-financial-services/.venv/lib/python3.10/site-packages/airflow/example_dags/example_complex.py for tasks to queue
[2024-09-03T11:10:13.293+0000] {logging_mixin.py:149} INFO - [2024-09-03T11:10:13.292+0000] {dagbag.py:541} INFO - Filling up the DagBag from /home/airflow-vm/data-engineer-batch-processing-financial-services/.venv/lib/python3.10/site-packages/airflow/example_dags/example_complex.py
[2024-09-03T11:10:13.302+0000] {logging_mixin.py:149} INFO - [2024-09-03T11:10:13.301+0000] {taskmixin.py:211} WARNING - Dependency <Task(BashOperator): create_entry_group>, delete_entry_group already registered for DAG: example_complex
[2024-09-03T11:10:13.302+0000] {logging_mixin.py:149} INFO - [2024-09-03T11:10:13.302+0000] {taskmixin.py:211} WARNING - Dependency <Task(BashOperator): delete_entry_group>, create_entry_group already registered for DAG: example_complex
[2024-09-03T11:10:13.302+0000] {logging_mixin.py:149} INFO - [2024-09-03T11:10:13.302+0000] {taskmixin.py:211} WARNING - Dependency <Task(BashOperator): create_entry_gcs>, delete_entry already registered for DAG: example_complex
[2024-09-03T11:10:13.302+0000] {logging_mixin.py:149} INFO - [2024-09-03T11:10:13.302+0000] {taskmixin.py:211} WARNING - Dependency <Task(BashOperator): delete_entry>, create_entry_gcs already registered for DAG: example_complex
[2024-09-03T11:10:13.303+0000] {logging_mixin.py:149} INFO - [2024-09-03T11:10:13.303+0000] {taskmixin.py:211} WARNING - Dependency <Task(BashOperator): create_tag>, delete_tag already registered for DAG: example_complex
[2024-09-03T11:10:13.303+0000] {logging_mixin.py:149} INFO - [2024-09-03T11:10:13.303+0000] {taskmixin.py:211} WARNING - Dependency <Task(BashOperator): delete_tag>, create_tag already registered for DAG: example_complex
[2024-09-03T11:10:13.304+0000] {processor.py:836} INFO - DAG(s) dict_keys(['example_complex']) retrieved from /home/airflow-vm/data-engineer-batch-processing-financial-services/.venv/lib/python3.10/site-packages/airflow/example_dags/example_complex.py
[2024-09-03T11:10:13.333+0000] {logging_mixin.py:149} INFO - [2024-09-03T11:10:13.333+0000] {dag.py:2726} INFO - Sync 1 DAGs
[2024-09-03T11:10:13.351+0000] {logging_mixin.py:149} INFO - [2024-09-03T11:10:13.351+0000] {dag.py:3486} INFO - Setting next_dagrun for example_complex to None, run_after=None
[2024-09-03T11:10:13.380+0000] {processor.py:179} INFO - Processing /home/airflow-vm/data-engineer-batch-processing-financial-services/.venv/lib/python3.10/site-packages/airflow/example_dags/example_complex.py took 0.091 seconds
[2024-09-03T11:14:33.592+0000] {processor.py:157} INFO - Started process (PID=10314) to work on /home/airflow-vm/data-engineer-batch-processing-financial-services/.venv/lib/python3.10/site-packages/airflow/example_dags/example_complex.py
[2024-09-03T11:14:33.593+0000] {processor.py:826} INFO - Processing file /home/airflow-vm/data-engineer-batch-processing-financial-services/.venv/lib/python3.10/site-packages/airflow/example_dags/example_complex.py for tasks to queue
[2024-09-03T11:14:33.593+0000] {logging_mixin.py:149} INFO - [2024-09-03T11:14:33.593+0000] {dagbag.py:541} INFO - Filling up the DagBag from /home/airflow-vm/data-engineer-batch-processing-financial-services/.venv/lib/python3.10/site-packages/airflow/example_dags/example_complex.py
[2024-09-03T11:14:33.603+0000] {logging_mixin.py:149} INFO - [2024-09-03T11:14:33.602+0000] {taskmixin.py:211} WARNING - Dependency <Task(BashOperator): create_entry_group>, delete_entry_group already registered for DAG: example_complex
[2024-09-03T11:14:33.603+0000] {logging_mixin.py:149} INFO - [2024-09-03T11:14:33.603+0000] {taskmixin.py:211} WARNING - Dependency <Task(BashOperator): delete_entry_group>, create_entry_group already registered for DAG: example_complex
[2024-09-03T11:14:33.603+0000] {logging_mixin.py:149} INFO - [2024-09-03T11:14:33.603+0000] {taskmixin.py:211} WARNING - Dependency <Task(BashOperator): create_entry_gcs>, delete_entry already registered for DAG: example_complex
[2024-09-03T11:14:33.603+0000] {logging_mixin.py:149} INFO - [2024-09-03T11:14:33.603+0000] {taskmixin.py:211} WARNING - Dependency <Task(BashOperator): delete_entry>, create_entry_gcs already registered for DAG: example_complex
[2024-09-03T11:14:33.604+0000] {logging_mixin.py:149} INFO - [2024-09-03T11:14:33.604+0000] {taskmixin.py:211} WARNING - Dependency <Task(BashOperator): create_tag>, delete_tag already registered for DAG: example_complex
[2024-09-03T11:14:33.604+0000] {logging_mixin.py:149} INFO - [2024-09-03T11:14:33.604+0000] {taskmixin.py:211} WARNING - Dependency <Task(BashOperator): delete_tag>, create_tag already registered for DAG: example_complex
[2024-09-03T11:14:33.605+0000] {processor.py:836} INFO - DAG(s) dict_keys(['example_complex']) retrieved from /home/airflow-vm/data-engineer-batch-processing-financial-services/.venv/lib/python3.10/site-packages/airflow/example_dags/example_complex.py
[2024-09-03T11:14:33.634+0000] {logging_mixin.py:149} INFO - [2024-09-03T11:14:33.634+0000] {dag.py:2726} INFO - Sync 1 DAGs
[2024-09-03T11:14:33.653+0000] {logging_mixin.py:149} INFO - [2024-09-03T11:14:33.653+0000] {dag.py:3486} INFO - Setting next_dagrun for example_complex to None, run_after=None
[2024-09-03T11:14:33.684+0000] {processor.py:179} INFO - Processing /home/airflow-vm/data-engineer-batch-processing-financial-services/.venv/lib/python3.10/site-packages/airflow/example_dags/example_complex.py took 0.095 seconds
[2024-09-03T11:19:05.781+0000] {processor.py:157} INFO - Started process (PID=12858) to work on /home/airflow-vm/data-engineer-batch-processing-financial-services/.venv/lib/python3.10/site-packages/airflow/example_dags/example_complex.py
[2024-09-03T11:19:05.782+0000] {processor.py:826} INFO - Processing file /home/airflow-vm/data-engineer-batch-processing-financial-services/.venv/lib/python3.10/site-packages/airflow/example_dags/example_complex.py for tasks to queue
[2024-09-03T11:19:05.782+0000] {logging_mixin.py:149} INFO - [2024-09-03T11:19:05.782+0000] {dagbag.py:541} INFO - Filling up the DagBag from /home/airflow-vm/data-engineer-batch-processing-financial-services/.venv/lib/python3.10/site-packages/airflow/example_dags/example_complex.py
[2024-09-03T11:19:05.791+0000] {logging_mixin.py:149} INFO - [2024-09-03T11:19:05.791+0000] {taskmixin.py:211} WARNING - Dependency <Task(BashOperator): create_entry_group>, delete_entry_group already registered for DAG: example_complex
[2024-09-03T11:19:05.792+0000] {logging_mixin.py:149} INFO - [2024-09-03T11:19:05.791+0000] {taskmixin.py:211} WARNING - Dependency <Task(BashOperator): delete_entry_group>, create_entry_group already registered for DAG: example_complex
[2024-09-03T11:19:05.792+0000] {logging_mixin.py:149} INFO - [2024-09-03T11:19:05.792+0000] {taskmixin.py:211} WARNING - Dependency <Task(BashOperator): create_entry_gcs>, delete_entry already registered for DAG: example_complex
[2024-09-03T11:19:05.792+0000] {logging_mixin.py:149} INFO - [2024-09-03T11:19:05.792+0000] {taskmixin.py:211} WARNING - Dependency <Task(BashOperator): delete_entry>, create_entry_gcs already registered for DAG: example_complex
[2024-09-03T11:19:05.792+0000] {logging_mixin.py:149} INFO - [2024-09-03T11:19:05.792+0000] {taskmixin.py:211} WARNING - Dependency <Task(BashOperator): create_tag>, delete_tag already registered for DAG: example_complex
[2024-09-03T11:19:05.792+0000] {logging_mixin.py:149} INFO - [2024-09-03T11:19:05.792+0000] {taskmixin.py:211} WARNING - Dependency <Task(BashOperator): delete_tag>, create_tag already registered for DAG: example_complex
[2024-09-03T11:19:05.794+0000] {processor.py:836} INFO - DAG(s) dict_keys(['example_complex']) retrieved from /home/airflow-vm/data-engineer-batch-processing-financial-services/.venv/lib/python3.10/site-packages/airflow/example_dags/example_complex.py
[2024-09-03T11:19:05.823+0000] {logging_mixin.py:149} INFO - [2024-09-03T11:19:05.823+0000] {dag.py:2726} INFO - Sync 1 DAGs
[2024-09-03T11:19:05.842+0000] {logging_mixin.py:149} INFO - [2024-09-03T11:19:05.842+0000] {dag.py:3486} INFO - Setting next_dagrun for example_complex to None, run_after=None
[2024-09-03T11:19:05.873+0000] {processor.py:179} INFO - Processing /home/airflow-vm/data-engineer-batch-processing-financial-services/.venv/lib/python3.10/site-packages/airflow/example_dags/example_complex.py took 0.095 seconds
[2024-09-03T11:25:01.051+0000] {processor.py:157} INFO - Started process (PID=15650) to work on /home/airflow-vm/data-engineer-batch-processing-financial-services/.venv/lib/python3.10/site-packages/airflow/example_dags/example_complex.py
[2024-09-03T11:25:01.052+0000] {processor.py:826} INFO - Processing file /home/airflow-vm/data-engineer-batch-processing-financial-services/.venv/lib/python3.10/site-packages/airflow/example_dags/example_complex.py for tasks to queue
[2024-09-03T11:25:01.052+0000] {logging_mixin.py:149} INFO - [2024-09-03T11:25:01.052+0000] {dagbag.py:541} INFO - Filling up the DagBag from /home/airflow-vm/data-engineer-batch-processing-financial-services/.venv/lib/python3.10/site-packages/airflow/example_dags/example_complex.py
[2024-09-03T11:25:01.062+0000] {logging_mixin.py:149} INFO - [2024-09-03T11:25:01.062+0000] {taskmixin.py:211} WARNING - Dependency <Task(BashOperator): create_entry_group>, delete_entry_group already registered for DAG: example_complex
[2024-09-03T11:25:01.062+0000] {logging_mixin.py:149} INFO - [2024-09-03T11:25:01.062+0000] {taskmixin.py:211} WARNING - Dependency <Task(BashOperator): delete_entry_group>, create_entry_group already registered for DAG: example_complex
[2024-09-03T11:25:01.062+0000] {logging_mixin.py:149} INFO - [2024-09-03T11:25:01.062+0000] {taskmixin.py:211} WARNING - Dependency <Task(BashOperator): create_entry_gcs>, delete_entry already registered for DAG: example_complex
[2024-09-03T11:25:01.062+0000] {logging_mixin.py:149} INFO - [2024-09-03T11:25:01.062+0000] {taskmixin.py:211} WARNING - Dependency <Task(BashOperator): delete_entry>, create_entry_gcs already registered for DAG: example_complex
[2024-09-03T11:25:01.063+0000] {logging_mixin.py:149} INFO - [2024-09-03T11:25:01.063+0000] {taskmixin.py:211} WARNING - Dependency <Task(BashOperator): create_tag>, delete_tag already registered for DAG: example_complex
[2024-09-03T11:25:01.063+0000] {logging_mixin.py:149} INFO - [2024-09-03T11:25:01.063+0000] {taskmixin.py:211} WARNING - Dependency <Task(BashOperator): delete_tag>, create_tag already registered for DAG: example_complex
[2024-09-03T11:25:01.065+0000] {processor.py:836} INFO - DAG(s) dict_keys(['example_complex']) retrieved from /home/airflow-vm/data-engineer-batch-processing-financial-services/.venv/lib/python3.10/site-packages/airflow/example_dags/example_complex.py
[2024-09-03T11:25:01.098+0000] {logging_mixin.py:149} INFO - [2024-09-03T11:25:01.098+0000] {dag.py:2726} INFO - Sync 1 DAGs
[2024-09-03T11:25:01.116+0000] {logging_mixin.py:149} INFO - [2024-09-03T11:25:01.116+0000] {dag.py:3486} INFO - Setting next_dagrun for example_complex to None, run_after=None
[2024-09-03T11:25:01.143+0000] {processor.py:179} INFO - Processing /home/airflow-vm/data-engineer-batch-processing-financial-services/.venv/lib/python3.10/site-packages/airflow/example_dags/example_complex.py took 0.095 seconds
[2024-09-03T11:31:21.616+0000] {processor.py:157} INFO - Started process (PID=19000) to work on /home/airflow-vm/data-engineer-batch-processing-financial-services/.venv/lib/python3.10/site-packages/airflow/example_dags/example_complex.py
[2024-09-03T11:31:21.617+0000] {processor.py:826} INFO - Processing file /home/airflow-vm/data-engineer-batch-processing-financial-services/.venv/lib/python3.10/site-packages/airflow/example_dags/example_complex.py for tasks to queue
[2024-09-03T11:31:21.618+0000] {logging_mixin.py:149} INFO - [2024-09-03T11:31:21.617+0000] {dagbag.py:541} INFO - Filling up the DagBag from /home/airflow-vm/data-engineer-batch-processing-financial-services/.venv/lib/python3.10/site-packages/airflow/example_dags/example_complex.py
[2024-09-03T11:31:21.627+0000] {logging_mixin.py:149} INFO - [2024-09-03T11:31:21.627+0000] {taskmixin.py:211} WARNING - Dependency <Task(BashOperator): create_entry_group>, delete_entry_group already registered for DAG: example_complex
[2024-09-03T11:31:21.627+0000] {logging_mixin.py:149} INFO - [2024-09-03T11:31:21.627+0000] {taskmixin.py:211} WARNING - Dependency <Task(BashOperator): delete_entry_group>, create_entry_group already registered for DAG: example_complex
[2024-09-03T11:31:21.627+0000] {logging_mixin.py:149} INFO - [2024-09-03T11:31:21.627+0000] {taskmixin.py:211} WARNING - Dependency <Task(BashOperator): create_entry_gcs>, delete_entry already registered for DAG: example_complex
[2024-09-03T11:31:21.628+0000] {logging_mixin.py:149} INFO - [2024-09-03T11:31:21.628+0000] {taskmixin.py:211} WARNING - Dependency <Task(BashOperator): delete_entry>, create_entry_gcs already registered for DAG: example_complex
[2024-09-03T11:31:21.628+0000] {logging_mixin.py:149} INFO - [2024-09-03T11:31:21.628+0000] {taskmixin.py:211} WARNING - Dependency <Task(BashOperator): create_tag>, delete_tag already registered for DAG: example_complex
[2024-09-03T11:31:21.628+0000] {logging_mixin.py:149} INFO - [2024-09-03T11:31:21.628+0000] {taskmixin.py:211} WARNING - Dependency <Task(BashOperator): delete_tag>, create_tag already registered for DAG: example_complex
[2024-09-03T11:31:21.630+0000] {processor.py:836} INFO - DAG(s) dict_keys(['example_complex']) retrieved from /home/airflow-vm/data-engineer-batch-processing-financial-services/.venv/lib/python3.10/site-packages/airflow/example_dags/example_complex.py
[2024-09-03T11:31:21.661+0000] {logging_mixin.py:149} INFO - [2024-09-03T11:31:21.661+0000] {dag.py:2726} INFO - Sync 1 DAGs
[2024-09-03T11:31:21.683+0000] {logging_mixin.py:149} INFO - [2024-09-03T11:31:21.683+0000] {dag.py:3486} INFO - Setting next_dagrun for example_complex to None, run_after=None
[2024-09-03T11:31:21.713+0000] {processor.py:179} INFO - Processing /home/airflow-vm/data-engineer-batch-processing-financial-services/.venv/lib/python3.10/site-packages/airflow/example_dags/example_complex.py took 0.099 seconds
[2024-09-03T11:36:22.934+0000] {processor.py:157} INFO - Started process (PID=22001) to work on /home/airflow-vm/data-engineer-batch-processing-financial-services/.venv/lib/python3.10/site-packages/airflow/example_dags/example_complex.py
[2024-09-03T11:36:22.935+0000] {processor.py:826} INFO - Processing file /home/airflow-vm/data-engineer-batch-processing-financial-services/.venv/lib/python3.10/site-packages/airflow/example_dags/example_complex.py for tasks to queue
[2024-09-03T11:36:22.935+0000] {logging_mixin.py:149} INFO - [2024-09-03T11:36:22.935+0000] {dagbag.py:541} INFO - Filling up the DagBag from /home/airflow-vm/data-engineer-batch-processing-financial-services/.venv/lib/python3.10/site-packages/airflow/example_dags/example_complex.py
[2024-09-03T11:36:22.945+0000] {logging_mixin.py:149} INFO - [2024-09-03T11:36:22.944+0000] {taskmixin.py:211} WARNING - Dependency <Task(BashOperator): create_entry_group>, delete_entry_group already registered for DAG: example_complex
[2024-09-03T11:36:22.945+0000] {logging_mixin.py:149} INFO - [2024-09-03T11:36:22.945+0000] {taskmixin.py:211} WARNING - Dependency <Task(BashOperator): delete_entry_group>, create_entry_group already registered for DAG: example_complex
[2024-09-03T11:36:22.945+0000] {logging_mixin.py:149} INFO - [2024-09-03T11:36:22.945+0000] {taskmixin.py:211} WARNING - Dependency <Task(BashOperator): create_entry_gcs>, delete_entry already registered for DAG: example_complex
[2024-09-03T11:36:22.945+0000] {logging_mixin.py:149} INFO - [2024-09-03T11:36:22.945+0000] {taskmixin.py:211} WARNING - Dependency <Task(BashOperator): delete_entry>, create_entry_gcs already registered for DAG: example_complex
[2024-09-03T11:36:22.946+0000] {logging_mixin.py:149} INFO - [2024-09-03T11:36:22.946+0000] {taskmixin.py:211} WARNING - Dependency <Task(BashOperator): create_tag>, delete_tag already registered for DAG: example_complex
[2024-09-03T11:36:22.946+0000] {logging_mixin.py:149} INFO - [2024-09-03T11:36:22.946+0000] {taskmixin.py:211} WARNING - Dependency <Task(BashOperator): delete_tag>, create_tag already registered for DAG: example_complex
[2024-09-03T11:36:22.947+0000] {processor.py:836} INFO - DAG(s) dict_keys(['example_complex']) retrieved from /home/airflow-vm/data-engineer-batch-processing-financial-services/.venv/lib/python3.10/site-packages/airflow/example_dags/example_complex.py
[2024-09-03T11:36:22.978+0000] {logging_mixin.py:149} INFO - [2024-09-03T11:36:22.977+0000] {dag.py:2726} INFO - Sync 1 DAGs
[2024-09-03T11:36:22.999+0000] {logging_mixin.py:149} INFO - [2024-09-03T11:36:22.999+0000] {dag.py:3486} INFO - Setting next_dagrun for example_complex to None, run_after=None
[2024-09-03T11:36:23.028+0000] {processor.py:179} INFO - Processing /home/airflow-vm/data-engineer-batch-processing-financial-services/.venv/lib/python3.10/site-packages/airflow/example_dags/example_complex.py took 0.097 seconds
[2024-09-03T11:37:56.924+0000] {processor.py:157} INFO - Started process (PID=22750) to work on /home/airflow-vm/data-engineer-batch-processing-financial-services/.venv/lib/python3.10/site-packages/airflow/example_dags/example_complex.py
[2024-09-03T11:37:56.925+0000] {processor.py:826} INFO - Processing file /home/airflow-vm/data-engineer-batch-processing-financial-services/.venv/lib/python3.10/site-packages/airflow/example_dags/example_complex.py for tasks to queue
[2024-09-03T11:37:56.926+0000] {logging_mixin.py:149} INFO - [2024-09-03T11:37:56.926+0000] {dagbag.py:541} INFO - Filling up the DagBag from /home/airflow-vm/data-engineer-batch-processing-financial-services/.venv/lib/python3.10/site-packages/airflow/example_dags/example_complex.py
[2024-09-03T11:37:56.935+0000] {logging_mixin.py:149} INFO - [2024-09-03T11:37:56.935+0000] {taskmixin.py:211} WARNING - Dependency <Task(BashOperator): create_entry_group>, delete_entry_group already registered for DAG: example_complex
[2024-09-03T11:37:56.935+0000] {logging_mixin.py:149} INFO - [2024-09-03T11:37:56.935+0000] {taskmixin.py:211} WARNING - Dependency <Task(BashOperator): delete_entry_group>, create_entry_group already registered for DAG: example_complex
[2024-09-03T11:37:56.936+0000] {logging_mixin.py:149} INFO - [2024-09-03T11:37:56.936+0000] {taskmixin.py:211} WARNING - Dependency <Task(BashOperator): create_entry_gcs>, delete_entry already registered for DAG: example_complex
[2024-09-03T11:37:56.936+0000] {logging_mixin.py:149} INFO - [2024-09-03T11:37:56.936+0000] {taskmixin.py:211} WARNING - Dependency <Task(BashOperator): delete_entry>, create_entry_gcs already registered for DAG: example_complex
[2024-09-03T11:37:56.936+0000] {logging_mixin.py:149} INFO - [2024-09-03T11:37:56.936+0000] {taskmixin.py:211} WARNING - Dependency <Task(BashOperator): create_tag>, delete_tag already registered for DAG: example_complex
[2024-09-03T11:37:56.936+0000] {logging_mixin.py:149} INFO - [2024-09-03T11:37:56.936+0000] {taskmixin.py:211} WARNING - Dependency <Task(BashOperator): delete_tag>, create_tag already registered for DAG: example_complex
[2024-09-03T11:37:56.938+0000] {processor.py:836} INFO - DAG(s) dict_keys(['example_complex']) retrieved from /home/airflow-vm/data-engineer-batch-processing-financial-services/.venv/lib/python3.10/site-packages/airflow/example_dags/example_complex.py
[2024-09-03T11:37:56.968+0000] {logging_mixin.py:149} INFO - [2024-09-03T11:37:56.968+0000] {dag.py:2726} INFO - Sync 1 DAGs
[2024-09-03T11:37:56.990+0000] {logging_mixin.py:149} INFO - [2024-09-03T11:37:56.990+0000] {dag.py:3486} INFO - Setting next_dagrun for example_complex to None, run_after=None
[2024-09-03T11:37:57.020+0000] {processor.py:179} INFO - Processing /home/airflow-vm/data-engineer-batch-processing-financial-services/.venv/lib/python3.10/site-packages/airflow/example_dags/example_complex.py took 0.099 seconds
[2024-09-03T11:38:46.555+0000] {processor.py:157} INFO - Started process (PID=22977) to work on /home/airflow-vm/data-engineer-batch-processing-financial-services/.venv/lib/python3.10/site-packages/airflow/example_dags/example_complex.py
[2024-09-03T11:38:46.556+0000] {processor.py:826} INFO - Processing file /home/airflow-vm/data-engineer-batch-processing-financial-services/.venv/lib/python3.10/site-packages/airflow/example_dags/example_complex.py for tasks to queue
[2024-09-03T11:38:46.557+0000] {logging_mixin.py:149} INFO - [2024-09-03T11:38:46.556+0000] {dagbag.py:541} INFO - Filling up the DagBag from /home/airflow-vm/data-engineer-batch-processing-financial-services/.venv/lib/python3.10/site-packages/airflow/example_dags/example_complex.py
[2024-09-03T11:38:46.566+0000] {logging_mixin.py:149} INFO - [2024-09-03T11:38:46.566+0000] {taskmixin.py:211} WARNING - Dependency <Task(BashOperator): create_entry_group>, delete_entry_group already registered for DAG: example_complex
[2024-09-03T11:38:46.567+0000] {logging_mixin.py:149} INFO - [2024-09-03T11:38:46.567+0000] {taskmixin.py:211} WARNING - Dependency <Task(BashOperator): delete_entry_group>, create_entry_group already registered for DAG: example_complex
[2024-09-03T11:38:46.567+0000] {logging_mixin.py:149} INFO - [2024-09-03T11:38:46.567+0000] {taskmixin.py:211} WARNING - Dependency <Task(BashOperator): create_entry_gcs>, delete_entry already registered for DAG: example_complex
[2024-09-03T11:38:46.567+0000] {logging_mixin.py:149} INFO - [2024-09-03T11:38:46.567+0000] {taskmixin.py:211} WARNING - Dependency <Task(BashOperator): delete_entry>, create_entry_gcs already registered for DAG: example_complex
[2024-09-03T11:38:46.568+0000] {logging_mixin.py:149} INFO - [2024-09-03T11:38:46.567+0000] {taskmixin.py:211} WARNING - Dependency <Task(BashOperator): create_tag>, delete_tag already registered for DAG: example_complex
[2024-09-03T11:38:46.568+0000] {logging_mixin.py:149} INFO - [2024-09-03T11:38:46.568+0000] {taskmixin.py:211} WARNING - Dependency <Task(BashOperator): delete_tag>, create_tag already registered for DAG: example_complex
[2024-09-03T11:38:46.569+0000] {processor.py:836} INFO - DAG(s) dict_keys(['example_complex']) retrieved from /home/airflow-vm/data-engineer-batch-processing-financial-services/.venv/lib/python3.10/site-packages/airflow/example_dags/example_complex.py
[2024-09-03T11:38:46.602+0000] {logging_mixin.py:149} INFO - [2024-09-03T11:38:46.602+0000] {dag.py:2726} INFO - Sync 1 DAGs
[2024-09-03T11:38:46.624+0000] {logging_mixin.py:149} INFO - [2024-09-03T11:38:46.624+0000] {dag.py:3486} INFO - Setting next_dagrun for example_complex to None, run_after=None
[2024-09-03T11:38:46.657+0000] {processor.py:179} INFO - Processing /home/airflow-vm/data-engineer-batch-processing-financial-services/.venv/lib/python3.10/site-packages/airflow/example_dags/example_complex.py took 0.105 seconds
[2024-09-03T11:39:34.927+0000] {processor.py:157} INFO - Started process (PID=23212) to work on /home/airflow-vm/data-engineer-batch-processing-financial-services/.venv/lib/python3.10/site-packages/airflow/example_dags/example_complex.py
[2024-09-03T11:39:34.928+0000] {processor.py:826} INFO - Processing file /home/airflow-vm/data-engineer-batch-processing-financial-services/.venv/lib/python3.10/site-packages/airflow/example_dags/example_complex.py for tasks to queue
[2024-09-03T11:39:34.929+0000] {logging_mixin.py:149} INFO - [2024-09-03T11:39:34.929+0000] {dagbag.py:541} INFO - Filling up the DagBag from /home/airflow-vm/data-engineer-batch-processing-financial-services/.venv/lib/python3.10/site-packages/airflow/example_dags/example_complex.py
[2024-09-03T11:39:34.938+0000] {logging_mixin.py:149} INFO - [2024-09-03T11:39:34.938+0000] {taskmixin.py:211} WARNING - Dependency <Task(BashOperator): create_entry_group>, delete_entry_group already registered for DAG: example_complex
[2024-09-03T11:39:34.938+0000] {logging_mixin.py:149} INFO - [2024-09-03T11:39:34.938+0000] {taskmixin.py:211} WARNING - Dependency <Task(BashOperator): delete_entry_group>, create_entry_group already registered for DAG: example_complex
[2024-09-03T11:39:34.938+0000] {logging_mixin.py:149} INFO - [2024-09-03T11:39:34.938+0000] {taskmixin.py:211} WARNING - Dependency <Task(BashOperator): create_entry_gcs>, delete_entry already registered for DAG: example_complex
[2024-09-03T11:39:34.938+0000] {logging_mixin.py:149} INFO - [2024-09-03T11:39:34.938+0000] {taskmixin.py:211} WARNING - Dependency <Task(BashOperator): delete_entry>, create_entry_gcs already registered for DAG: example_complex
[2024-09-03T11:39:34.939+0000] {logging_mixin.py:149} INFO - [2024-09-03T11:39:34.939+0000] {taskmixin.py:211} WARNING - Dependency <Task(BashOperator): create_tag>, delete_tag already registered for DAG: example_complex
[2024-09-03T11:39:34.939+0000] {logging_mixin.py:149} INFO - [2024-09-03T11:39:34.939+0000] {taskmixin.py:211} WARNING - Dependency <Task(BashOperator): delete_tag>, create_tag already registered for DAG: example_complex
[2024-09-03T11:39:34.940+0000] {processor.py:836} INFO - DAG(s) dict_keys(['example_complex']) retrieved from /home/airflow-vm/data-engineer-batch-processing-financial-services/.venv/lib/python3.10/site-packages/airflow/example_dags/example_complex.py
[2024-09-03T11:39:34.969+0000] {logging_mixin.py:149} INFO - [2024-09-03T11:39:34.969+0000] {dag.py:2726} INFO - Sync 1 DAGs
[2024-09-03T11:39:34.989+0000] {logging_mixin.py:149} INFO - [2024-09-03T11:39:34.989+0000] {dag.py:3486} INFO - Setting next_dagrun for example_complex to None, run_after=None
[2024-09-03T11:39:35.018+0000] {processor.py:179} INFO - Processing /home/airflow-vm/data-engineer-batch-processing-financial-services/.venv/lib/python3.10/site-packages/airflow/example_dags/example_complex.py took 0.093 seconds
[2024-09-03T11:41:00.205+0000] {processor.py:157} INFO - Started process (PID=23955) to work on /home/airflow-vm/data-engineer-batch-processing-financial-services/.venv/lib/python3.10/site-packages/airflow/example_dags/example_complex.py
[2024-09-03T11:41:00.206+0000] {processor.py:826} INFO - Processing file /home/airflow-vm/data-engineer-batch-processing-financial-services/.venv/lib/python3.10/site-packages/airflow/example_dags/example_complex.py for tasks to queue
[2024-09-03T11:41:00.206+0000] {logging_mixin.py:149} INFO - [2024-09-03T11:41:00.206+0000] {dagbag.py:541} INFO - Filling up the DagBag from /home/airflow-vm/data-engineer-batch-processing-financial-services/.venv/lib/python3.10/site-packages/airflow/example_dags/example_complex.py
[2024-09-03T11:41:00.216+0000] {logging_mixin.py:149} INFO - [2024-09-03T11:41:00.215+0000] {taskmixin.py:211} WARNING - Dependency <Task(BashOperator): create_entry_group>, delete_entry_group already registered for DAG: example_complex
[2024-09-03T11:41:00.216+0000] {logging_mixin.py:149} INFO - [2024-09-03T11:41:00.216+0000] {taskmixin.py:211} WARNING - Dependency <Task(BashOperator): delete_entry_group>, create_entry_group already registered for DAG: example_complex
[2024-09-03T11:41:00.216+0000] {logging_mixin.py:149} INFO - [2024-09-03T11:41:00.216+0000] {taskmixin.py:211} WARNING - Dependency <Task(BashOperator): create_entry_gcs>, delete_entry already registered for DAG: example_complex
[2024-09-03T11:41:00.216+0000] {logging_mixin.py:149} INFO - [2024-09-03T11:41:00.216+0000] {taskmixin.py:211} WARNING - Dependency <Task(BashOperator): delete_entry>, create_entry_gcs already registered for DAG: example_complex
[2024-09-03T11:41:00.216+0000] {logging_mixin.py:149} INFO - [2024-09-03T11:41:00.216+0000] {taskmixin.py:211} WARNING - Dependency <Task(BashOperator): create_tag>, delete_tag already registered for DAG: example_complex
[2024-09-03T11:41:00.217+0000] {logging_mixin.py:149} INFO - [2024-09-03T11:41:00.217+0000] {taskmixin.py:211} WARNING - Dependency <Task(BashOperator): delete_tag>, create_tag already registered for DAG: example_complex
[2024-09-03T11:41:00.218+0000] {processor.py:836} INFO - DAG(s) dict_keys(['example_complex']) retrieved from /home/airflow-vm/data-engineer-batch-processing-financial-services/.venv/lib/python3.10/site-packages/airflow/example_dags/example_complex.py
[2024-09-03T11:41:00.247+0000] {logging_mixin.py:149} INFO - [2024-09-03T11:41:00.247+0000] {dag.py:2726} INFO - Sync 1 DAGs
[2024-09-03T11:41:00.267+0000] {logging_mixin.py:149} INFO - [2024-09-03T11:41:00.267+0000] {dag.py:3486} INFO - Setting next_dagrun for example_complex to None, run_after=None
[2024-09-03T11:41:00.295+0000] {processor.py:179} INFO - Processing /home/airflow-vm/data-engineer-batch-processing-financial-services/.venv/lib/python3.10/site-packages/airflow/example_dags/example_complex.py took 0.093 seconds
[2024-09-03T11:49:32.296+0000] {processor.py:157} INFO - Started process (PID=29089) to work on /home/airflow-vm/data-engineer-batch-processing-financial-services/.venv/lib/python3.10/site-packages/airflow/example_dags/example_complex.py
[2024-09-03T11:49:32.297+0000] {processor.py:826} INFO - Processing file /home/airflow-vm/data-engineer-batch-processing-financial-services/.venv/lib/python3.10/site-packages/airflow/example_dags/example_complex.py for tasks to queue
[2024-09-03T11:49:32.297+0000] {logging_mixin.py:149} INFO - [2024-09-03T11:49:32.297+0000] {dagbag.py:541} INFO - Filling up the DagBag from /home/airflow-vm/data-engineer-batch-processing-financial-services/.venv/lib/python3.10/site-packages/airflow/example_dags/example_complex.py
[2024-09-03T11:49:32.306+0000] {logging_mixin.py:149} INFO - [2024-09-03T11:49:32.306+0000] {taskmixin.py:211} WARNING - Dependency <Task(BashOperator): create_entry_group>, delete_entry_group already registered for DAG: example_complex
[2024-09-03T11:49:32.306+0000] {logging_mixin.py:149} INFO - [2024-09-03T11:49:32.306+0000] {taskmixin.py:211} WARNING - Dependency <Task(BashOperator): delete_entry_group>, create_entry_group already registered for DAG: example_complex
[2024-09-03T11:49:32.306+0000] {logging_mixin.py:149} INFO - [2024-09-03T11:49:32.306+0000] {taskmixin.py:211} WARNING - Dependency <Task(BashOperator): create_entry_gcs>, delete_entry already registered for DAG: example_complex
[2024-09-03T11:49:32.307+0000] {logging_mixin.py:149} INFO - [2024-09-03T11:49:32.307+0000] {taskmixin.py:211} WARNING - Dependency <Task(BashOperator): delete_entry>, create_entry_gcs already registered for DAG: example_complex
[2024-09-03T11:49:32.307+0000] {logging_mixin.py:149} INFO - [2024-09-03T11:49:32.307+0000] {taskmixin.py:211} WARNING - Dependency <Task(BashOperator): create_tag>, delete_tag already registered for DAG: example_complex
[2024-09-03T11:49:32.307+0000] {logging_mixin.py:149} INFO - [2024-09-03T11:49:32.307+0000] {taskmixin.py:211} WARNING - Dependency <Task(BashOperator): delete_tag>, create_tag already registered for DAG: example_complex
[2024-09-03T11:49:32.309+0000] {processor.py:836} INFO - DAG(s) dict_keys(['example_complex']) retrieved from /home/airflow-vm/data-engineer-batch-processing-financial-services/.venv/lib/python3.10/site-packages/airflow/example_dags/example_complex.py
[2024-09-03T11:49:32.337+0000] {logging_mixin.py:149} INFO - [2024-09-03T11:49:32.336+0000] {dag.py:2726} INFO - Sync 1 DAGs
[2024-09-03T11:49:32.356+0000] {logging_mixin.py:149} INFO - [2024-09-03T11:49:32.356+0000] {dag.py:3486} INFO - Setting next_dagrun for example_complex to None, run_after=None
[2024-09-03T11:49:32.386+0000] {processor.py:179} INFO - Processing /home/airflow-vm/data-engineer-batch-processing-financial-services/.venv/lib/python3.10/site-packages/airflow/example_dags/example_complex.py took 0.093 seconds
[2024-09-03T11:50:54.507+0000] {processor.py:157} INFO - Started process (PID=29687) to work on /home/airflow-vm/data-engineer-batch-processing-financial-services/.venv/lib/python3.10/site-packages/airflow/example_dags/example_complex.py
[2024-09-03T11:50:54.508+0000] {processor.py:826} INFO - Processing file /home/airflow-vm/data-engineer-batch-processing-financial-services/.venv/lib/python3.10/site-packages/airflow/example_dags/example_complex.py for tasks to queue
[2024-09-03T11:50:54.508+0000] {logging_mixin.py:149} INFO - [2024-09-03T11:50:54.508+0000] {dagbag.py:541} INFO - Filling up the DagBag from /home/airflow-vm/data-engineer-batch-processing-financial-services/.venv/lib/python3.10/site-packages/airflow/example_dags/example_complex.py
[2024-09-03T11:50:54.518+0000] {logging_mixin.py:149} INFO - [2024-09-03T11:50:54.517+0000] {taskmixin.py:211} WARNING - Dependency <Task(BashOperator): create_entry_group>, delete_entry_group already registered for DAG: example_complex
[2024-09-03T11:50:54.518+0000] {logging_mixin.py:149} INFO - [2024-09-03T11:50:54.518+0000] {taskmixin.py:211} WARNING - Dependency <Task(BashOperator): delete_entry_group>, create_entry_group already registered for DAG: example_complex
[2024-09-03T11:50:54.518+0000] {logging_mixin.py:149} INFO - [2024-09-03T11:50:54.518+0000] {taskmixin.py:211} WARNING - Dependency <Task(BashOperator): create_entry_gcs>, delete_entry already registered for DAG: example_complex
[2024-09-03T11:50:54.518+0000] {logging_mixin.py:149} INFO - [2024-09-03T11:50:54.518+0000] {taskmixin.py:211} WARNING - Dependency <Task(BashOperator): delete_entry>, create_entry_gcs already registered for DAG: example_complex
[2024-09-03T11:50:54.518+0000] {logging_mixin.py:149} INFO - [2024-09-03T11:50:54.518+0000] {taskmixin.py:211} WARNING - Dependency <Task(BashOperator): create_tag>, delete_tag already registered for DAG: example_complex
[2024-09-03T11:50:54.519+0000] {logging_mixin.py:149} INFO - [2024-09-03T11:50:54.518+0000] {taskmixin.py:211} WARNING - Dependency <Task(BashOperator): delete_tag>, create_tag already registered for DAG: example_complex
[2024-09-03T11:50:54.520+0000] {processor.py:836} INFO - DAG(s) dict_keys(['example_complex']) retrieved from /home/airflow-vm/data-engineer-batch-processing-financial-services/.venv/lib/python3.10/site-packages/airflow/example_dags/example_complex.py
[2024-09-03T11:50:54.548+0000] {logging_mixin.py:149} INFO - [2024-09-03T11:50:54.548+0000] {dag.py:2726} INFO - Sync 1 DAGs
[2024-09-03T11:50:54.569+0000] {logging_mixin.py:149} INFO - [2024-09-03T11:50:54.569+0000] {dag.py:3486} INFO - Setting next_dagrun for example_complex to None, run_after=None
[2024-09-03T11:50:54.599+0000] {processor.py:179} INFO - Processing /home/airflow-vm/data-engineer-batch-processing-financial-services/.venv/lib/python3.10/site-packages/airflow/example_dags/example_complex.py took 0.094 seconds
[2024-09-03T11:51:37.972+0000] {processor.py:157} INFO - Started process (PID=29734) to work on /home/airflow-vm/data-engineer-batch-processing-financial-services/.venv/lib/python3.10/site-packages/airflow/example_dags/example_complex.py
[2024-09-03T11:51:37.973+0000] {processor.py:826} INFO - Processing file /home/airflow-vm/data-engineer-batch-processing-financial-services/.venv/lib/python3.10/site-packages/airflow/example_dags/example_complex.py for tasks to queue
[2024-09-03T11:51:37.973+0000] {logging_mixin.py:149} INFO - [2024-09-03T11:51:37.973+0000] {dagbag.py:541} INFO - Filling up the DagBag from /home/airflow-vm/data-engineer-batch-processing-financial-services/.venv/lib/python3.10/site-packages/airflow/example_dags/example_complex.py
[2024-09-03T11:51:37.982+0000] {logging_mixin.py:149} INFO - [2024-09-03T11:51:37.982+0000] {taskmixin.py:211} WARNING - Dependency <Task(BashOperator): create_entry_group>, delete_entry_group already registered for DAG: example_complex
[2024-09-03T11:51:37.982+0000] {logging_mixin.py:149} INFO - [2024-09-03T11:51:37.982+0000] {taskmixin.py:211} WARNING - Dependency <Task(BashOperator): delete_entry_group>, create_entry_group already registered for DAG: example_complex
[2024-09-03T11:51:37.983+0000] {logging_mixin.py:149} INFO - [2024-09-03T11:51:37.983+0000] {taskmixin.py:211} WARNING - Dependency <Task(BashOperator): create_entry_gcs>, delete_entry already registered for DAG: example_complex
[2024-09-03T11:51:37.983+0000] {logging_mixin.py:149} INFO - [2024-09-03T11:51:37.983+0000] {taskmixin.py:211} WARNING - Dependency <Task(BashOperator): delete_entry>, create_entry_gcs already registered for DAG: example_complex
[2024-09-03T11:51:37.983+0000] {logging_mixin.py:149} INFO - [2024-09-03T11:51:37.983+0000] {taskmixin.py:211} WARNING - Dependency <Task(BashOperator): create_tag>, delete_tag already registered for DAG: example_complex
[2024-09-03T11:51:37.983+0000] {logging_mixin.py:149} INFO - [2024-09-03T11:51:37.983+0000] {taskmixin.py:211} WARNING - Dependency <Task(BashOperator): delete_tag>, create_tag already registered for DAG: example_complex
[2024-09-03T11:51:37.985+0000] {processor.py:836} INFO - DAG(s) dict_keys(['example_complex']) retrieved from /home/airflow-vm/data-engineer-batch-processing-financial-services/.venv/lib/python3.10/site-packages/airflow/example_dags/example_complex.py
[2024-09-03T11:51:38.013+0000] {logging_mixin.py:149} INFO - [2024-09-03T11:51:38.013+0000] {dag.py:2726} INFO - Sync 1 DAGs
[2024-09-03T11:51:38.032+0000] {logging_mixin.py:149} INFO - [2024-09-03T11:51:38.032+0000] {dag.py:3486} INFO - Setting next_dagrun for example_complex to None, run_after=None
[2024-09-03T11:51:38.062+0000] {processor.py:179} INFO - Processing /home/airflow-vm/data-engineer-batch-processing-financial-services/.venv/lib/python3.10/site-packages/airflow/example_dags/example_complex.py took 0.093 seconds
[2024-09-03T11:52:22.860+0000] {processor.py:157} INFO - Started process (PID=29782) to work on /home/airflow-vm/data-engineer-batch-processing-financial-services/.venv/lib/python3.10/site-packages/airflow/example_dags/example_complex.py
[2024-09-03T11:52:22.861+0000] {processor.py:826} INFO - Processing file /home/airflow-vm/data-engineer-batch-processing-financial-services/.venv/lib/python3.10/site-packages/airflow/example_dags/example_complex.py for tasks to queue
[2024-09-03T11:52:22.861+0000] {logging_mixin.py:149} INFO - [2024-09-03T11:52:22.861+0000] {dagbag.py:541} INFO - Filling up the DagBag from /home/airflow-vm/data-engineer-batch-processing-financial-services/.venv/lib/python3.10/site-packages/airflow/example_dags/example_complex.py
[2024-09-03T11:52:22.871+0000] {logging_mixin.py:149} INFO - [2024-09-03T11:52:22.871+0000] {taskmixin.py:211} WARNING - Dependency <Task(BashOperator): create_entry_group>, delete_entry_group already registered for DAG: example_complex
[2024-09-03T11:52:22.871+0000] {logging_mixin.py:149} INFO - [2024-09-03T11:52:22.871+0000] {taskmixin.py:211} WARNING - Dependency <Task(BashOperator): delete_entry_group>, create_entry_group already registered for DAG: example_complex
[2024-09-03T11:52:22.871+0000] {logging_mixin.py:149} INFO - [2024-09-03T11:52:22.871+0000] {taskmixin.py:211} WARNING - Dependency <Task(BashOperator): create_entry_gcs>, delete_entry already registered for DAG: example_complex
[2024-09-03T11:52:22.872+0000] {logging_mixin.py:149} INFO - [2024-09-03T11:52:22.871+0000] {taskmixin.py:211} WARNING - Dependency <Task(BashOperator): delete_entry>, create_entry_gcs already registered for DAG: example_complex
[2024-09-03T11:52:22.872+0000] {logging_mixin.py:149} INFO - [2024-09-03T11:52:22.872+0000] {taskmixin.py:211} WARNING - Dependency <Task(BashOperator): create_tag>, delete_tag already registered for DAG: example_complex
[2024-09-03T11:52:22.872+0000] {logging_mixin.py:149} INFO - [2024-09-03T11:52:22.872+0000] {taskmixin.py:211} WARNING - Dependency <Task(BashOperator): delete_tag>, create_tag already registered for DAG: example_complex
[2024-09-03T11:52:22.874+0000] {processor.py:836} INFO - DAG(s) dict_keys(['example_complex']) retrieved from /home/airflow-vm/data-engineer-batch-processing-financial-services/.venv/lib/python3.10/site-packages/airflow/example_dags/example_complex.py
[2024-09-03T11:52:22.902+0000] {logging_mixin.py:149} INFO - [2024-09-03T11:52:22.902+0000] {dag.py:2726} INFO - Sync 1 DAGs
[2024-09-03T11:52:22.921+0000] {logging_mixin.py:149} INFO - [2024-09-03T11:52:22.921+0000] {dag.py:3486} INFO - Setting next_dagrun for example_complex to None, run_after=None
[2024-09-03T11:52:22.948+0000] {processor.py:179} INFO - Processing /home/airflow-vm/data-engineer-batch-processing-financial-services/.venv/lib/python3.10/site-packages/airflow/example_dags/example_complex.py took 0.091 seconds
[2024-09-03T11:53:11.986+0000] {processor.py:157} INFO - Started process (PID=29833) to work on /home/airflow-vm/data-engineer-batch-processing-financial-services/.venv/lib/python3.10/site-packages/airflow/example_dags/example_complex.py
[2024-09-03T11:53:11.987+0000] {processor.py:826} INFO - Processing file /home/airflow-vm/data-engineer-batch-processing-financial-services/.venv/lib/python3.10/site-packages/airflow/example_dags/example_complex.py for tasks to queue
[2024-09-03T11:53:11.988+0000] {logging_mixin.py:149} INFO - [2024-09-03T11:53:11.987+0000] {dagbag.py:541} INFO - Filling up the DagBag from /home/airflow-vm/data-engineer-batch-processing-financial-services/.venv/lib/python3.10/site-packages/airflow/example_dags/example_complex.py
[2024-09-03T11:53:11.997+0000] {logging_mixin.py:149} INFO - [2024-09-03T11:53:11.996+0000] {taskmixin.py:211} WARNING - Dependency <Task(BashOperator): create_entry_group>, delete_entry_group already registered for DAG: example_complex
[2024-09-03T11:53:11.997+0000] {logging_mixin.py:149} INFO - [2024-09-03T11:53:11.997+0000] {taskmixin.py:211} WARNING - Dependency <Task(BashOperator): delete_entry_group>, create_entry_group already registered for DAG: example_complex
[2024-09-03T11:53:11.997+0000] {logging_mixin.py:149} INFO - [2024-09-03T11:53:11.997+0000] {taskmixin.py:211} WARNING - Dependency <Task(BashOperator): create_entry_gcs>, delete_entry already registered for DAG: example_complex
[2024-09-03T11:53:11.997+0000] {logging_mixin.py:149} INFO - [2024-09-03T11:53:11.997+0000] {taskmixin.py:211} WARNING - Dependency <Task(BashOperator): delete_entry>, create_entry_gcs already registered for DAG: example_complex
[2024-09-03T11:53:11.997+0000] {logging_mixin.py:149} INFO - [2024-09-03T11:53:11.997+0000] {taskmixin.py:211} WARNING - Dependency <Task(BashOperator): create_tag>, delete_tag already registered for DAG: example_complex
[2024-09-03T11:53:11.998+0000] {logging_mixin.py:149} INFO - [2024-09-03T11:53:11.998+0000] {taskmixin.py:211} WARNING - Dependency <Task(BashOperator): delete_tag>, create_tag already registered for DAG: example_complex
[2024-09-03T11:53:11.999+0000] {processor.py:836} INFO - DAG(s) dict_keys(['example_complex']) retrieved from /home/airflow-vm/data-engineer-batch-processing-financial-services/.venv/lib/python3.10/site-packages/airflow/example_dags/example_complex.py
[2024-09-03T11:53:12.027+0000] {logging_mixin.py:149} INFO - [2024-09-03T11:53:12.027+0000] {dag.py:2726} INFO - Sync 1 DAGs
[2024-09-03T11:53:12.046+0000] {logging_mixin.py:149} INFO - [2024-09-03T11:53:12.046+0000] {dag.py:3486} INFO - Setting next_dagrun for example_complex to None, run_after=None
[2024-09-03T11:53:12.074+0000] {processor.py:179} INFO - Processing /home/airflow-vm/data-engineer-batch-processing-financial-services/.venv/lib/python3.10/site-packages/airflow/example_dags/example_complex.py took 0.091 seconds
[2024-09-03T11:53:58.709+0000] {processor.py:157} INFO - Started process (PID=29908) to work on /home/airflow-vm/data-engineer-batch-processing-financial-services/.venv/lib/python3.10/site-packages/airflow/example_dags/example_complex.py
[2024-09-03T11:53:58.710+0000] {processor.py:826} INFO - Processing file /home/airflow-vm/data-engineer-batch-processing-financial-services/.venv/lib/python3.10/site-packages/airflow/example_dags/example_complex.py for tasks to queue
[2024-09-03T11:53:58.711+0000] {logging_mixin.py:149} INFO - [2024-09-03T11:53:58.711+0000] {dagbag.py:541} INFO - Filling up the DagBag from /home/airflow-vm/data-engineer-batch-processing-financial-services/.venv/lib/python3.10/site-packages/airflow/example_dags/example_complex.py
[2024-09-03T11:53:58.720+0000] {logging_mixin.py:149} INFO - [2024-09-03T11:53:58.720+0000] {taskmixin.py:211} WARNING - Dependency <Task(BashOperator): create_entry_group>, delete_entry_group already registered for DAG: example_complex
[2024-09-03T11:53:58.721+0000] {logging_mixin.py:149} INFO - [2024-09-03T11:53:58.721+0000] {taskmixin.py:211} WARNING - Dependency <Task(BashOperator): delete_entry_group>, create_entry_group already registered for DAG: example_complex
[2024-09-03T11:53:58.721+0000] {logging_mixin.py:149} INFO - [2024-09-03T11:53:58.721+0000] {taskmixin.py:211} WARNING - Dependency <Task(BashOperator): create_entry_gcs>, delete_entry already registered for DAG: example_complex
[2024-09-03T11:53:58.721+0000] {logging_mixin.py:149} INFO - [2024-09-03T11:53:58.721+0000] {taskmixin.py:211} WARNING - Dependency <Task(BashOperator): delete_entry>, create_entry_gcs already registered for DAG: example_complex
[2024-09-03T11:53:58.721+0000] {logging_mixin.py:149} INFO - [2024-09-03T11:53:58.721+0000] {taskmixin.py:211} WARNING - Dependency <Task(BashOperator): create_tag>, delete_tag already registered for DAG: example_complex
[2024-09-03T11:53:58.721+0000] {logging_mixin.py:149} INFO - [2024-09-03T11:53:58.721+0000] {taskmixin.py:211} WARNING - Dependency <Task(BashOperator): delete_tag>, create_tag already registered for DAG: example_complex
[2024-09-03T11:53:58.723+0000] {processor.py:836} INFO - DAG(s) dict_keys(['example_complex']) retrieved from /home/airflow-vm/data-engineer-batch-processing-financial-services/.venv/lib/python3.10/site-packages/airflow/example_dags/example_complex.py
[2024-09-03T11:53:58.753+0000] {logging_mixin.py:149} INFO - [2024-09-03T11:53:58.753+0000] {dag.py:2726} INFO - Sync 1 DAGs
[2024-09-03T11:53:58.775+0000] {logging_mixin.py:149} INFO - [2024-09-03T11:53:58.774+0000] {dag.py:3486} INFO - Setting next_dagrun for example_complex to None, run_after=None
[2024-09-03T11:53:58.809+0000] {processor.py:179} INFO - Processing /home/airflow-vm/data-engineer-batch-processing-financial-services/.venv/lib/python3.10/site-packages/airflow/example_dags/example_complex.py took 0.102 seconds
[2024-09-03T11:54:48.384+0000] {processor.py:157} INFO - Started process (PID=29964) to work on /home/airflow-vm/data-engineer-batch-processing-financial-services/.venv/lib/python3.10/site-packages/airflow/example_dags/example_complex.py
[2024-09-03T11:54:48.385+0000] {processor.py:826} INFO - Processing file /home/airflow-vm/data-engineer-batch-processing-financial-services/.venv/lib/python3.10/site-packages/airflow/example_dags/example_complex.py for tasks to queue
[2024-09-03T11:54:48.386+0000] {logging_mixin.py:149} INFO - [2024-09-03T11:54:48.386+0000] {dagbag.py:541} INFO - Filling up the DagBag from /home/airflow-vm/data-engineer-batch-processing-financial-services/.venv/lib/python3.10/site-packages/airflow/example_dags/example_complex.py
[2024-09-03T11:54:48.395+0000] {logging_mixin.py:149} INFO - [2024-09-03T11:54:48.395+0000] {taskmixin.py:211} WARNING - Dependency <Task(BashOperator): create_entry_group>, delete_entry_group already registered for DAG: example_complex
[2024-09-03T11:54:48.395+0000] {logging_mixin.py:149} INFO - [2024-09-03T11:54:48.395+0000] {taskmixin.py:211} WARNING - Dependency <Task(BashOperator): delete_entry_group>, create_entry_group already registered for DAG: example_complex
[2024-09-03T11:54:48.396+0000] {logging_mixin.py:149} INFO - [2024-09-03T11:54:48.396+0000] {taskmixin.py:211} WARNING - Dependency <Task(BashOperator): create_entry_gcs>, delete_entry already registered for DAG: example_complex
[2024-09-03T11:54:48.396+0000] {logging_mixin.py:149} INFO - [2024-09-03T11:54:48.396+0000] {taskmixin.py:211} WARNING - Dependency <Task(BashOperator): delete_entry>, create_entry_gcs already registered for DAG: example_complex
[2024-09-03T11:54:48.396+0000] {logging_mixin.py:149} INFO - [2024-09-03T11:54:48.396+0000] {taskmixin.py:211} WARNING - Dependency <Task(BashOperator): create_tag>, delete_tag already registered for DAG: example_complex
[2024-09-03T11:54:48.396+0000] {logging_mixin.py:149} INFO - [2024-09-03T11:54:48.396+0000] {taskmixin.py:211} WARNING - Dependency <Task(BashOperator): delete_tag>, create_tag already registered for DAG: example_complex
[2024-09-03T11:54:48.398+0000] {processor.py:836} INFO - DAG(s) dict_keys(['example_complex']) retrieved from /home/airflow-vm/data-engineer-batch-processing-financial-services/.venv/lib/python3.10/site-packages/airflow/example_dags/example_complex.py
[2024-09-03T11:54:48.426+0000] {logging_mixin.py:149} INFO - [2024-09-03T11:54:48.426+0000] {dag.py:2726} INFO - Sync 1 DAGs
[2024-09-03T11:54:48.444+0000] {logging_mixin.py:149} INFO - [2024-09-03T11:54:48.444+0000] {dag.py:3486} INFO - Setting next_dagrun for example_complex to None, run_after=None
[2024-09-03T11:54:48.473+0000] {processor.py:179} INFO - Processing /home/airflow-vm/data-engineer-batch-processing-financial-services/.venv/lib/python3.10/site-packages/airflow/example_dags/example_complex.py took 0.091 seconds
[2024-09-03T11:55:32.393+0000] {processor.py:157} INFO - Started process (PID=30014) to work on /home/airflow-vm/data-engineer-batch-processing-financial-services/.venv/lib/python3.10/site-packages/airflow/example_dags/example_complex.py
[2024-09-03T11:55:32.394+0000] {processor.py:826} INFO - Processing file /home/airflow-vm/data-engineer-batch-processing-financial-services/.venv/lib/python3.10/site-packages/airflow/example_dags/example_complex.py for tasks to queue
[2024-09-03T11:55:32.394+0000] {logging_mixin.py:149} INFO - [2024-09-03T11:55:32.394+0000] {dagbag.py:541} INFO - Filling up the DagBag from /home/airflow-vm/data-engineer-batch-processing-financial-services/.venv/lib/python3.10/site-packages/airflow/example_dags/example_complex.py
[2024-09-03T11:55:32.403+0000] {logging_mixin.py:149} INFO - [2024-09-03T11:55:32.403+0000] {taskmixin.py:211} WARNING - Dependency <Task(BashOperator): create_entry_group>, delete_entry_group already registered for DAG: example_complex
[2024-09-03T11:55:32.403+0000] {logging_mixin.py:149} INFO - [2024-09-03T11:55:32.403+0000] {taskmixin.py:211} WARNING - Dependency <Task(BashOperator): delete_entry_group>, create_entry_group already registered for DAG: example_complex
[2024-09-03T11:55:32.404+0000] {logging_mixin.py:149} INFO - [2024-09-03T11:55:32.404+0000] {taskmixin.py:211} WARNING - Dependency <Task(BashOperator): create_entry_gcs>, delete_entry already registered for DAG: example_complex
[2024-09-03T11:55:32.404+0000] {logging_mixin.py:149} INFO - [2024-09-03T11:55:32.404+0000] {taskmixin.py:211} WARNING - Dependency <Task(BashOperator): delete_entry>, create_entry_gcs already registered for DAG: example_complex
[2024-09-03T11:55:32.404+0000] {logging_mixin.py:149} INFO - [2024-09-03T11:55:32.404+0000] {taskmixin.py:211} WARNING - Dependency <Task(BashOperator): create_tag>, delete_tag already registered for DAG: example_complex
[2024-09-03T11:55:32.404+0000] {logging_mixin.py:149} INFO - [2024-09-03T11:55:32.404+0000] {taskmixin.py:211} WARNING - Dependency <Task(BashOperator): delete_tag>, create_tag already registered for DAG: example_complex
[2024-09-03T11:55:32.406+0000] {processor.py:836} INFO - DAG(s) dict_keys(['example_complex']) retrieved from /home/airflow-vm/data-engineer-batch-processing-financial-services/.venv/lib/python3.10/site-packages/airflow/example_dags/example_complex.py
[2024-09-03T11:55:32.434+0000] {logging_mixin.py:149} INFO - [2024-09-03T11:55:32.434+0000] {dag.py:2726} INFO - Sync 1 DAGs
[2024-09-03T11:55:32.454+0000] {logging_mixin.py:149} INFO - [2024-09-03T11:55:32.454+0000] {dag.py:3486} INFO - Setting next_dagrun for example_complex to None, run_after=None
[2024-09-03T11:55:32.485+0000] {processor.py:179} INFO - Processing /home/airflow-vm/data-engineer-batch-processing-financial-services/.venv/lib/python3.10/site-packages/airflow/example_dags/example_complex.py took 0.095 seconds
[2024-09-03T11:56:19.841+0000] {processor.py:157} INFO - Started process (PID=30062) to work on /home/airflow-vm/data-engineer-batch-processing-financial-services/.venv/lib/python3.10/site-packages/airflow/example_dags/example_complex.py
[2024-09-03T11:56:19.841+0000] {processor.py:826} INFO - Processing file /home/airflow-vm/data-engineer-batch-processing-financial-services/.venv/lib/python3.10/site-packages/airflow/example_dags/example_complex.py for tasks to queue
[2024-09-03T11:56:19.842+0000] {logging_mixin.py:149} INFO - [2024-09-03T11:56:19.842+0000] {dagbag.py:541} INFO - Filling up the DagBag from /home/airflow-vm/data-engineer-batch-processing-financial-services/.venv/lib/python3.10/site-packages/airflow/example_dags/example_complex.py
[2024-09-03T11:56:19.851+0000] {logging_mixin.py:149} INFO - [2024-09-03T11:56:19.851+0000] {taskmixin.py:211} WARNING - Dependency <Task(BashOperator): create_entry_group>, delete_entry_group already registered for DAG: example_complex
[2024-09-03T11:56:19.851+0000] {logging_mixin.py:149} INFO - [2024-09-03T11:56:19.851+0000] {taskmixin.py:211} WARNING - Dependency <Task(BashOperator): delete_entry_group>, create_entry_group already registered for DAG: example_complex
[2024-09-03T11:56:19.851+0000] {logging_mixin.py:149} INFO - [2024-09-03T11:56:19.851+0000] {taskmixin.py:211} WARNING - Dependency <Task(BashOperator): create_entry_gcs>, delete_entry already registered for DAG: example_complex
[2024-09-03T11:56:19.852+0000] {logging_mixin.py:149} INFO - [2024-09-03T11:56:19.851+0000] {taskmixin.py:211} WARNING - Dependency <Task(BashOperator): delete_entry>, create_entry_gcs already registered for DAG: example_complex
[2024-09-03T11:56:19.852+0000] {logging_mixin.py:149} INFO - [2024-09-03T11:56:19.852+0000] {taskmixin.py:211} WARNING - Dependency <Task(BashOperator): create_tag>, delete_tag already registered for DAG: example_complex
[2024-09-03T11:56:19.852+0000] {logging_mixin.py:149} INFO - [2024-09-03T11:56:19.852+0000] {taskmixin.py:211} WARNING - Dependency <Task(BashOperator): delete_tag>, create_tag already registered for DAG: example_complex
[2024-09-03T11:56:19.854+0000] {processor.py:836} INFO - DAG(s) dict_keys(['example_complex']) retrieved from /home/airflow-vm/data-engineer-batch-processing-financial-services/.venv/lib/python3.10/site-packages/airflow/example_dags/example_complex.py
[2024-09-03T11:56:19.884+0000] {logging_mixin.py:149} INFO - [2024-09-03T11:56:19.884+0000] {dag.py:2726} INFO - Sync 1 DAGs
[2024-09-03T11:56:19.903+0000] {logging_mixin.py:149} INFO - [2024-09-03T11:56:19.903+0000] {dag.py:3486} INFO - Setting next_dagrun for example_complex to None, run_after=None
[2024-09-03T11:56:19.931+0000] {processor.py:179} INFO - Processing /home/airflow-vm/data-engineer-batch-processing-financial-services/.venv/lib/python3.10/site-packages/airflow/example_dags/example_complex.py took 0.092 seconds
