[2024-09-03T10:57:52.807+0000] {processor.py:157} INFO - Started process (PID=3081) to work on /home/airflow-vm/data-engineer-batch-processing-financial-services/.venv/lib/python3.10/site-packages/airflow/example_dags/example_time_delta_sensor_async.py
[2024-09-03T10:57:52.808+0000] {processor.py:826} INFO - Processing file /home/airflow-vm/data-engineer-batch-processing-financial-services/.venv/lib/python3.10/site-packages/airflow/example_dags/example_time_delta_sensor_async.py for tasks to queue
[2024-09-03T10:57:52.809+0000] {logging_mixin.py:149} INFO - [2024-09-03T10:57:52.808+0000] {dagbag.py:541} INFO - Filling up the DagBag from /home/airflow-vm/data-engineer-batch-processing-financial-services/.venv/lib/python3.10/site-packages/airflow/example_dags/example_time_delta_sensor_async.py
[2024-09-03T10:57:52.821+0000] {processor.py:836} INFO - DAG(s) dict_keys(['example_time_delta_sensor_async']) retrieved from /home/airflow-vm/data-engineer-batch-processing-financial-services/.venv/lib/python3.10/site-packages/airflow/example_dags/example_time_delta_sensor_async.py
[2024-09-03T10:57:52.863+0000] {logging_mixin.py:149} INFO - [2024-09-03T10:57:52.863+0000] {dag.py:2726} INFO - Sync 1 DAGs
[2024-09-03T10:57:52.885+0000] {logging_mixin.py:149} INFO - [2024-09-03T10:57:52.885+0000] {dag.py:3486} INFO - Setting next_dagrun for example_time_delta_sensor_async to None, run_after=None
[2024-09-03T10:57:52.914+0000] {processor.py:179} INFO - Processing /home/airflow-vm/data-engineer-batch-processing-financial-services/.venv/lib/python3.10/site-packages/airflow/example_dags/example_time_delta_sensor_async.py took 0.110 seconds
[2024-09-03T10:58:41.398+0000] {processor.py:157} INFO - Started process (PID=3677) to work on /home/airflow-vm/data-engineer-batch-processing-financial-services/.venv/lib/python3.10/site-packages/airflow/example_dags/example_time_delta_sensor_async.py
[2024-09-03T10:58:41.399+0000] {processor.py:826} INFO - Processing file /home/airflow-vm/data-engineer-batch-processing-financial-services/.venv/lib/python3.10/site-packages/airflow/example_dags/example_time_delta_sensor_async.py for tasks to queue
[2024-09-03T10:58:41.399+0000] {logging_mixin.py:149} INFO - [2024-09-03T10:58:41.399+0000] {dagbag.py:541} INFO - Filling up the DagBag from /home/airflow-vm/data-engineer-batch-processing-financial-services/.venv/lib/python3.10/site-packages/airflow/example_dags/example_time_delta_sensor_async.py
[2024-09-03T10:58:41.403+0000] {processor.py:836} INFO - DAG(s) dict_keys(['example_time_delta_sensor_async']) retrieved from /home/airflow-vm/data-engineer-batch-processing-financial-services/.venv/lib/python3.10/site-packages/airflow/example_dags/example_time_delta_sensor_async.py
[2024-09-03T10:58:41.421+0000] {logging_mixin.py:149} INFO - [2024-09-03T10:58:41.421+0000] {dag.py:2726} INFO - Sync 1 DAGs
[2024-09-03T10:58:41.440+0000] {logging_mixin.py:149} INFO - [2024-09-03T10:58:41.439+0000] {dag.py:3486} INFO - Setting next_dagrun for example_time_delta_sensor_async to None, run_after=None
[2024-09-03T10:58:41.467+0000] {processor.py:179} INFO - Processing /home/airflow-vm/data-engineer-batch-processing-financial-services/.venv/lib/python3.10/site-packages/airflow/example_dags/example_time_delta_sensor_async.py took 0.072 seconds
[2024-09-03T10:59:13.933+0000] {processor.py:157} INFO - Started process (PID=3831) to work on /home/airflow-vm/data-engineer-batch-processing-financial-services/.venv/lib/python3.10/site-packages/airflow/example_dags/example_time_delta_sensor_async.py
[2024-09-03T10:59:13.934+0000] {processor.py:826} INFO - Processing file /home/airflow-vm/data-engineer-batch-processing-financial-services/.venv/lib/python3.10/site-packages/airflow/example_dags/example_time_delta_sensor_async.py for tasks to queue
[2024-09-03T10:59:13.934+0000] {logging_mixin.py:149} INFO - [2024-09-03T10:59:13.934+0000] {dagbag.py:541} INFO - Filling up the DagBag from /home/airflow-vm/data-engineer-batch-processing-financial-services/.venv/lib/python3.10/site-packages/airflow/example_dags/example_time_delta_sensor_async.py
[2024-09-03T10:59:13.938+0000] {processor.py:836} INFO - DAG(s) dict_keys(['example_time_delta_sensor_async']) retrieved from /home/airflow-vm/data-engineer-batch-processing-financial-services/.venv/lib/python3.10/site-packages/airflow/example_dags/example_time_delta_sensor_async.py
[2024-09-03T10:59:13.956+0000] {logging_mixin.py:149} INFO - [2024-09-03T10:59:13.956+0000] {dag.py:2726} INFO - Sync 1 DAGs
[2024-09-03T10:59:13.977+0000] {logging_mixin.py:149} INFO - [2024-09-03T10:59:13.977+0000] {dag.py:3486} INFO - Setting next_dagrun for example_time_delta_sensor_async to None, run_after=None
[2024-09-03T10:59:14.006+0000] {processor.py:179} INFO - Processing /home/airflow-vm/data-engineer-batch-processing-financial-services/.venv/lib/python3.10/site-packages/airflow/example_dags/example_time_delta_sensor_async.py took 0.075 seconds
[2024-09-03T10:59:46.004+0000] {processor.py:157} INFO - Started process (PID=3899) to work on /home/airflow-vm/data-engineer-batch-processing-financial-services/.venv/lib/python3.10/site-packages/airflow/example_dags/example_time_delta_sensor_async.py
[2024-09-03T10:59:46.005+0000] {processor.py:826} INFO - Processing file /home/airflow-vm/data-engineer-batch-processing-financial-services/.venv/lib/python3.10/site-packages/airflow/example_dags/example_time_delta_sensor_async.py for tasks to queue
[2024-09-03T10:59:46.005+0000] {logging_mixin.py:149} INFO - [2024-09-03T10:59:46.005+0000] {dagbag.py:541} INFO - Filling up the DagBag from /home/airflow-vm/data-engineer-batch-processing-financial-services/.venv/lib/python3.10/site-packages/airflow/example_dags/example_time_delta_sensor_async.py
[2024-09-03T10:59:46.009+0000] {processor.py:836} INFO - DAG(s) dict_keys(['example_time_delta_sensor_async']) retrieved from /home/airflow-vm/data-engineer-batch-processing-financial-services/.venv/lib/python3.10/site-packages/airflow/example_dags/example_time_delta_sensor_async.py
[2024-09-03T10:59:46.027+0000] {logging_mixin.py:149} INFO - [2024-09-03T10:59:46.027+0000] {dag.py:2726} INFO - Sync 1 DAGs
[2024-09-03T10:59:46.046+0000] {logging_mixin.py:149} INFO - [2024-09-03T10:59:46.046+0000] {dag.py:3486} INFO - Setting next_dagrun for example_time_delta_sensor_async to None, run_after=None
[2024-09-03T10:59:46.075+0000] {processor.py:179} INFO - Processing /home/airflow-vm/data-engineer-batch-processing-financial-services/.venv/lib/python3.10/site-packages/airflow/example_dags/example_time_delta_sensor_async.py took 0.074 seconds
[2024-09-03T11:00:27.550+0000] {processor.py:157} INFO - Started process (PID=4308) to work on /home/airflow-vm/data-engineer-batch-processing-financial-services/.venv/lib/python3.10/site-packages/airflow/example_dags/example_time_delta_sensor_async.py
[2024-09-03T11:00:27.550+0000] {processor.py:826} INFO - Processing file /home/airflow-vm/data-engineer-batch-processing-financial-services/.venv/lib/python3.10/site-packages/airflow/example_dags/example_time_delta_sensor_async.py for tasks to queue
[2024-09-03T11:00:27.551+0000] {logging_mixin.py:149} INFO - [2024-09-03T11:00:27.551+0000] {dagbag.py:541} INFO - Filling up the DagBag from /home/airflow-vm/data-engineer-batch-processing-financial-services/.venv/lib/python3.10/site-packages/airflow/example_dags/example_time_delta_sensor_async.py
[2024-09-03T11:00:27.555+0000] {processor.py:836} INFO - DAG(s) dict_keys(['example_time_delta_sensor_async']) retrieved from /home/airflow-vm/data-engineer-batch-processing-financial-services/.venv/lib/python3.10/site-packages/airflow/example_dags/example_time_delta_sensor_async.py
[2024-09-03T11:00:27.575+0000] {logging_mixin.py:149} INFO - [2024-09-03T11:00:27.574+0000] {dag.py:2726} INFO - Sync 1 DAGs
[2024-09-03T11:00:27.594+0000] {logging_mixin.py:149} INFO - [2024-09-03T11:00:27.594+0000] {dag.py:3486} INFO - Setting next_dagrun for example_time_delta_sensor_async to None, run_after=None
[2024-09-03T11:00:27.622+0000] {processor.py:179} INFO - Processing /home/airflow-vm/data-engineer-batch-processing-financial-services/.venv/lib/python3.10/site-packages/airflow/example_dags/example_time_delta_sensor_async.py took 0.075 seconds
[2024-09-03T11:01:13.961+0000] {processor.py:157} INFO - Started process (PID=4660) to work on /home/airflow-vm/data-engineer-batch-processing-financial-services/.venv/lib/python3.10/site-packages/airflow/example_dags/example_time_delta_sensor_async.py
[2024-09-03T11:01:13.962+0000] {processor.py:826} INFO - Processing file /home/airflow-vm/data-engineer-batch-processing-financial-services/.venv/lib/python3.10/site-packages/airflow/example_dags/example_time_delta_sensor_async.py for tasks to queue
[2024-09-03T11:01:13.963+0000] {logging_mixin.py:149} INFO - [2024-09-03T11:01:13.963+0000] {dagbag.py:541} INFO - Filling up the DagBag from /home/airflow-vm/data-engineer-batch-processing-financial-services/.venv/lib/python3.10/site-packages/airflow/example_dags/example_time_delta_sensor_async.py
[2024-09-03T11:01:13.967+0000] {processor.py:836} INFO - DAG(s) dict_keys(['example_time_delta_sensor_async']) retrieved from /home/airflow-vm/data-engineer-batch-processing-financial-services/.venv/lib/python3.10/site-packages/airflow/example_dags/example_time_delta_sensor_async.py
[2024-09-03T11:01:13.985+0000] {logging_mixin.py:149} INFO - [2024-09-03T11:01:13.985+0000] {dag.py:2726} INFO - Sync 1 DAGs
[2024-09-03T11:01:14.004+0000] {logging_mixin.py:149} INFO - [2024-09-03T11:01:14.004+0000] {dag.py:3486} INFO - Setting next_dagrun for example_time_delta_sensor_async to None, run_after=None
[2024-09-03T11:01:14.034+0000] {processor.py:179} INFO - Processing /home/airflow-vm/data-engineer-batch-processing-financial-services/.venv/lib/python3.10/site-packages/airflow/example_dags/example_time_delta_sensor_async.py took 0.076 seconds
[2024-09-03T11:01:47.296+0000] {processor.py:157} INFO - Started process (PID=4773) to work on /home/airflow-vm/data-engineer-batch-processing-financial-services/.venv/lib/python3.10/site-packages/airflow/example_dags/example_time_delta_sensor_async.py
[2024-09-03T11:01:47.297+0000] {processor.py:826} INFO - Processing file /home/airflow-vm/data-engineer-batch-processing-financial-services/.venv/lib/python3.10/site-packages/airflow/example_dags/example_time_delta_sensor_async.py for tasks to queue
[2024-09-03T11:01:47.297+0000] {logging_mixin.py:149} INFO - [2024-09-03T11:01:47.297+0000] {dagbag.py:541} INFO - Filling up the DagBag from /home/airflow-vm/data-engineer-batch-processing-financial-services/.venv/lib/python3.10/site-packages/airflow/example_dags/example_time_delta_sensor_async.py
[2024-09-03T11:01:47.301+0000] {processor.py:836} INFO - DAG(s) dict_keys(['example_time_delta_sensor_async']) retrieved from /home/airflow-vm/data-engineer-batch-processing-financial-services/.venv/lib/python3.10/site-packages/airflow/example_dags/example_time_delta_sensor_async.py
[2024-09-03T11:01:47.318+0000] {logging_mixin.py:149} INFO - [2024-09-03T11:01:47.318+0000] {dag.py:2726} INFO - Sync 1 DAGs
[2024-09-03T11:01:47.336+0000] {logging_mixin.py:149} INFO - [2024-09-03T11:01:47.336+0000] {dag.py:3486} INFO - Setting next_dagrun for example_time_delta_sensor_async to None, run_after=None
[2024-09-03T11:01:47.366+0000] {processor.py:179} INFO - Processing /home/airflow-vm/data-engineer-batch-processing-financial-services/.venv/lib/python3.10/site-packages/airflow/example_dags/example_time_delta_sensor_async.py took 0.072 seconds
[2024-09-03T11:02:17.918+0000] {processor.py:157} INFO - Started process (PID=4808) to work on /home/airflow-vm/data-engineer-batch-processing-financial-services/.venv/lib/python3.10/site-packages/airflow/example_dags/example_time_delta_sensor_async.py
[2024-09-03T11:02:17.918+0000] {processor.py:826} INFO - Processing file /home/airflow-vm/data-engineer-batch-processing-financial-services/.venv/lib/python3.10/site-packages/airflow/example_dags/example_time_delta_sensor_async.py for tasks to queue
[2024-09-03T11:02:17.919+0000] {logging_mixin.py:149} INFO - [2024-09-03T11:02:17.919+0000] {dagbag.py:541} INFO - Filling up the DagBag from /home/airflow-vm/data-engineer-batch-processing-financial-services/.venv/lib/python3.10/site-packages/airflow/example_dags/example_time_delta_sensor_async.py
[2024-09-03T11:02:17.922+0000] {processor.py:836} INFO - DAG(s) dict_keys(['example_time_delta_sensor_async']) retrieved from /home/airflow-vm/data-engineer-batch-processing-financial-services/.venv/lib/python3.10/site-packages/airflow/example_dags/example_time_delta_sensor_async.py
[2024-09-03T11:02:17.939+0000] {logging_mixin.py:149} INFO - [2024-09-03T11:02:17.939+0000] {dag.py:2726} INFO - Sync 1 DAGs
[2024-09-03T11:02:17.959+0000] {logging_mixin.py:149} INFO - [2024-09-03T11:02:17.958+0000] {dag.py:3486} INFO - Setting next_dagrun for example_time_delta_sensor_async to None, run_after=None
[2024-09-03T11:02:17.986+0000] {processor.py:179} INFO - Processing /home/airflow-vm/data-engineer-batch-processing-financial-services/.venv/lib/python3.10/site-packages/airflow/example_dags/example_time_delta_sensor_async.py took 0.071 seconds
[2024-09-03T11:02:50.624+0000] {processor.py:157} INFO - Started process (PID=4938) to work on /home/airflow-vm/data-engineer-batch-processing-financial-services/.venv/lib/python3.10/site-packages/airflow/example_dags/example_time_delta_sensor_async.py
[2024-09-03T11:02:50.625+0000] {processor.py:826} INFO - Processing file /home/airflow-vm/data-engineer-batch-processing-financial-services/.venv/lib/python3.10/site-packages/airflow/example_dags/example_time_delta_sensor_async.py for tasks to queue
[2024-09-03T11:02:50.625+0000] {logging_mixin.py:149} INFO - [2024-09-03T11:02:50.625+0000] {dagbag.py:541} INFO - Filling up the DagBag from /home/airflow-vm/data-engineer-batch-processing-financial-services/.venv/lib/python3.10/site-packages/airflow/example_dags/example_time_delta_sensor_async.py
[2024-09-03T11:02:50.629+0000] {processor.py:836} INFO - DAG(s) dict_keys(['example_time_delta_sensor_async']) retrieved from /home/airflow-vm/data-engineer-batch-processing-financial-services/.venv/lib/python3.10/site-packages/airflow/example_dags/example_time_delta_sensor_async.py
[2024-09-03T11:02:50.646+0000] {logging_mixin.py:149} INFO - [2024-09-03T11:02:50.645+0000] {dag.py:2726} INFO - Sync 1 DAGs
[2024-09-03T11:02:50.668+0000] {logging_mixin.py:149} INFO - [2024-09-03T11:02:50.668+0000] {dag.py:3486} INFO - Setting next_dagrun for example_time_delta_sensor_async to None, run_after=None
[2024-09-03T11:02:50.698+0000] {processor.py:179} INFO - Processing /home/airflow-vm/data-engineer-batch-processing-financial-services/.venv/lib/python3.10/site-packages/airflow/example_dags/example_time_delta_sensor_async.py took 0.076 seconds
[2024-09-03T11:03:25.704+0000] {processor.py:157} INFO - Started process (PID=5221) to work on /home/airflow-vm/data-engineer-batch-processing-financial-services/.venv/lib/python3.10/site-packages/airflow/example_dags/example_time_delta_sensor_async.py
[2024-09-03T11:03:25.705+0000] {processor.py:826} INFO - Processing file /home/airflow-vm/data-engineer-batch-processing-financial-services/.venv/lib/python3.10/site-packages/airflow/example_dags/example_time_delta_sensor_async.py for tasks to queue
[2024-09-03T11:03:25.706+0000] {logging_mixin.py:149} INFO - [2024-09-03T11:03:25.706+0000] {dagbag.py:541} INFO - Filling up the DagBag from /home/airflow-vm/data-engineer-batch-processing-financial-services/.venv/lib/python3.10/site-packages/airflow/example_dags/example_time_delta_sensor_async.py
[2024-09-03T11:03:25.709+0000] {processor.py:836} INFO - DAG(s) dict_keys(['example_time_delta_sensor_async']) retrieved from /home/airflow-vm/data-engineer-batch-processing-financial-services/.venv/lib/python3.10/site-packages/airflow/example_dags/example_time_delta_sensor_async.py
[2024-09-03T11:03:25.726+0000] {logging_mixin.py:149} INFO - [2024-09-03T11:03:25.726+0000] {dag.py:2726} INFO - Sync 1 DAGs
[2024-09-03T11:03:25.746+0000] {logging_mixin.py:149} INFO - [2024-09-03T11:03:25.746+0000] {dag.py:3486} INFO - Setting next_dagrun for example_time_delta_sensor_async to None, run_after=None
[2024-09-03T11:03:25.775+0000] {processor.py:179} INFO - Processing /home/airflow-vm/data-engineer-batch-processing-financial-services/.venv/lib/python3.10/site-packages/airflow/example_dags/example_time_delta_sensor_async.py took 0.073 seconds
[2024-09-03T11:04:22.679+0000] {processor.py:157} INFO - Started process (PID=5871) to work on /home/airflow-vm/data-engineer-batch-processing-financial-services/.venv/lib/python3.10/site-packages/airflow/example_dags/example_time_delta_sensor_async.py
[2024-09-03T11:04:22.680+0000] {processor.py:826} INFO - Processing file /home/airflow-vm/data-engineer-batch-processing-financial-services/.venv/lib/python3.10/site-packages/airflow/example_dags/example_time_delta_sensor_async.py for tasks to queue
[2024-09-03T11:04:22.681+0000] {logging_mixin.py:149} INFO - [2024-09-03T11:04:22.681+0000] {dagbag.py:541} INFO - Filling up the DagBag from /home/airflow-vm/data-engineer-batch-processing-financial-services/.venv/lib/python3.10/site-packages/airflow/example_dags/example_time_delta_sensor_async.py
[2024-09-03T11:04:22.685+0000] {processor.py:836} INFO - DAG(s) dict_keys(['example_time_delta_sensor_async']) retrieved from /home/airflow-vm/data-engineer-batch-processing-financial-services/.venv/lib/python3.10/site-packages/airflow/example_dags/example_time_delta_sensor_async.py
[2024-09-03T11:04:22.702+0000] {logging_mixin.py:149} INFO - [2024-09-03T11:04:22.702+0000] {dag.py:2726} INFO - Sync 1 DAGs
[2024-09-03T11:04:22.721+0000] {logging_mixin.py:149} INFO - [2024-09-03T11:04:22.721+0000] {dag.py:3486} INFO - Setting next_dagrun for example_time_delta_sensor_async to None, run_after=None
[2024-09-03T11:04:22.749+0000] {processor.py:179} INFO - Processing /home/airflow-vm/data-engineer-batch-processing-financial-services/.venv/lib/python3.10/site-packages/airflow/example_dags/example_time_delta_sensor_async.py took 0.073 seconds
[2024-09-03T11:06:25.185+0000] {processor.py:157} INFO - Started process (PID=6903) to work on /home/airflow-vm/data-engineer-batch-processing-financial-services/.venv/lib/python3.10/site-packages/airflow/example_dags/example_time_delta_sensor_async.py
[2024-09-03T11:06:25.186+0000] {processor.py:826} INFO - Processing file /home/airflow-vm/data-engineer-batch-processing-financial-services/.venv/lib/python3.10/site-packages/airflow/example_dags/example_time_delta_sensor_async.py for tasks to queue
[2024-09-03T11:06:25.186+0000] {logging_mixin.py:149} INFO - [2024-09-03T11:06:25.186+0000] {dagbag.py:541} INFO - Filling up the DagBag from /home/airflow-vm/data-engineer-batch-processing-financial-services/.venv/lib/python3.10/site-packages/airflow/example_dags/example_time_delta_sensor_async.py
[2024-09-03T11:06:25.190+0000] {processor.py:836} INFO - DAG(s) dict_keys(['example_time_delta_sensor_async']) retrieved from /home/airflow-vm/data-engineer-batch-processing-financial-services/.venv/lib/python3.10/site-packages/airflow/example_dags/example_time_delta_sensor_async.py
[2024-09-03T11:06:25.209+0000] {logging_mixin.py:149} INFO - [2024-09-03T11:06:25.209+0000] {dag.py:2726} INFO - Sync 1 DAGs
[2024-09-03T11:06:25.228+0000] {logging_mixin.py:149} INFO - [2024-09-03T11:06:25.228+0000] {dag.py:3486} INFO - Setting next_dagrun for example_time_delta_sensor_async to None, run_after=None
[2024-09-03T11:06:25.260+0000] {processor.py:179} INFO - Processing /home/airflow-vm/data-engineer-batch-processing-financial-services/.venv/lib/python3.10/site-packages/airflow/example_dags/example_time_delta_sensor_async.py took 0.078 seconds
[2024-09-03T11:08:27.501+0000] {processor.py:157} INFO - Started process (PID=7743) to work on /home/airflow-vm/data-engineer-batch-processing-financial-services/.venv/lib/python3.10/site-packages/airflow/example_dags/example_time_delta_sensor_async.py
[2024-09-03T11:08:27.502+0000] {processor.py:826} INFO - Processing file /home/airflow-vm/data-engineer-batch-processing-financial-services/.venv/lib/python3.10/site-packages/airflow/example_dags/example_time_delta_sensor_async.py for tasks to queue
[2024-09-03T11:08:27.502+0000] {logging_mixin.py:149} INFO - [2024-09-03T11:08:27.502+0000] {dagbag.py:541} INFO - Filling up the DagBag from /home/airflow-vm/data-engineer-batch-processing-financial-services/.venv/lib/python3.10/site-packages/airflow/example_dags/example_time_delta_sensor_async.py
[2024-09-03T11:08:27.506+0000] {processor.py:836} INFO - DAG(s) dict_keys(['example_time_delta_sensor_async']) retrieved from /home/airflow-vm/data-engineer-batch-processing-financial-services/.venv/lib/python3.10/site-packages/airflow/example_dags/example_time_delta_sensor_async.py
[2024-09-03T11:08:27.524+0000] {logging_mixin.py:149} INFO - [2024-09-03T11:08:27.524+0000] {dag.py:2726} INFO - Sync 1 DAGs
[2024-09-03T11:08:27.543+0000] {logging_mixin.py:149} INFO - [2024-09-03T11:08:27.542+0000] {dag.py:3486} INFO - Setting next_dagrun for example_time_delta_sensor_async to None, run_after=None
[2024-09-03T11:08:27.572+0000] {processor.py:179} INFO - Processing /home/airflow-vm/data-engineer-batch-processing-financial-services/.venv/lib/python3.10/site-packages/airflow/example_dags/example_time_delta_sensor_async.py took 0.073 seconds
[2024-09-03T11:10:31.007+0000] {processor.py:157} INFO - Started process (PID=8592) to work on /home/airflow-vm/data-engineer-batch-processing-financial-services/.venv/lib/python3.10/site-packages/airflow/example_dags/example_time_delta_sensor_async.py
[2024-09-03T11:10:31.007+0000] {processor.py:826} INFO - Processing file /home/airflow-vm/data-engineer-batch-processing-financial-services/.venv/lib/python3.10/site-packages/airflow/example_dags/example_time_delta_sensor_async.py for tasks to queue
[2024-09-03T11:10:31.008+0000] {logging_mixin.py:149} INFO - [2024-09-03T11:10:31.008+0000] {dagbag.py:541} INFO - Filling up the DagBag from /home/airflow-vm/data-engineer-batch-processing-financial-services/.venv/lib/python3.10/site-packages/airflow/example_dags/example_time_delta_sensor_async.py
[2024-09-03T11:10:31.011+0000] {processor.py:836} INFO - DAG(s) dict_keys(['example_time_delta_sensor_async']) retrieved from /home/airflow-vm/data-engineer-batch-processing-financial-services/.venv/lib/python3.10/site-packages/airflow/example_dags/example_time_delta_sensor_async.py
[2024-09-03T11:10:31.028+0000] {logging_mixin.py:149} INFO - [2024-09-03T11:10:31.028+0000] {dag.py:2726} INFO - Sync 1 DAGs
[2024-09-03T11:10:31.047+0000] {logging_mixin.py:149} INFO - [2024-09-03T11:10:31.047+0000] {dag.py:3486} INFO - Setting next_dagrun for example_time_delta_sensor_async to None, run_after=None
[2024-09-03T11:10:31.077+0000] {processor.py:179} INFO - Processing /home/airflow-vm/data-engineer-batch-processing-financial-services/.venv/lib/python3.10/site-packages/airflow/example_dags/example_time_delta_sensor_async.py took 0.073 seconds
[2024-09-03T11:12:40.701+0000] {processor.py:157} INFO - Started process (PID=9512) to work on /home/airflow-vm/data-engineer-batch-processing-financial-services/.venv/lib/python3.10/site-packages/airflow/example_dags/example_time_delta_sensor_async.py
[2024-09-03T11:12:40.702+0000] {processor.py:826} INFO - Processing file /home/airflow-vm/data-engineer-batch-processing-financial-services/.venv/lib/python3.10/site-packages/airflow/example_dags/example_time_delta_sensor_async.py for tasks to queue
[2024-09-03T11:12:40.703+0000] {logging_mixin.py:149} INFO - [2024-09-03T11:12:40.703+0000] {dagbag.py:541} INFO - Filling up the DagBag from /home/airflow-vm/data-engineer-batch-processing-financial-services/.venv/lib/python3.10/site-packages/airflow/example_dags/example_time_delta_sensor_async.py
[2024-09-03T11:12:40.706+0000] {processor.py:836} INFO - DAG(s) dict_keys(['example_time_delta_sensor_async']) retrieved from /home/airflow-vm/data-engineer-batch-processing-financial-services/.venv/lib/python3.10/site-packages/airflow/example_dags/example_time_delta_sensor_async.py
[2024-09-03T11:12:40.725+0000] {logging_mixin.py:149} INFO - [2024-09-03T11:12:40.724+0000] {dag.py:2726} INFO - Sync 1 DAGs
[2024-09-03T11:12:40.745+0000] {logging_mixin.py:149} INFO - [2024-09-03T11:12:40.744+0000] {dag.py:3486} INFO - Setting next_dagrun for example_time_delta_sensor_async to None, run_after=None
[2024-09-03T11:12:40.778+0000] {processor.py:179} INFO - Processing /home/airflow-vm/data-engineer-batch-processing-financial-services/.venv/lib/python3.10/site-packages/airflow/example_dags/example_time_delta_sensor_async.py took 0.080 seconds
[2024-09-03T11:14:52.359+0000] {processor.py:157} INFO - Started process (PID=10444) to work on /home/airflow-vm/data-engineer-batch-processing-financial-services/.venv/lib/python3.10/site-packages/airflow/example_dags/example_time_delta_sensor_async.py
[2024-09-03T11:14:52.360+0000] {processor.py:826} INFO - Processing file /home/airflow-vm/data-engineer-batch-processing-financial-services/.venv/lib/python3.10/site-packages/airflow/example_dags/example_time_delta_sensor_async.py for tasks to queue
[2024-09-03T11:14:52.361+0000] {logging_mixin.py:149} INFO - [2024-09-03T11:14:52.361+0000] {dagbag.py:541} INFO - Filling up the DagBag from /home/airflow-vm/data-engineer-batch-processing-financial-services/.venv/lib/python3.10/site-packages/airflow/example_dags/example_time_delta_sensor_async.py
[2024-09-03T11:14:52.365+0000] {processor.py:836} INFO - DAG(s) dict_keys(['example_time_delta_sensor_async']) retrieved from /home/airflow-vm/data-engineer-batch-processing-financial-services/.venv/lib/python3.10/site-packages/airflow/example_dags/example_time_delta_sensor_async.py
[2024-09-03T11:14:52.385+0000] {logging_mixin.py:149} INFO - [2024-09-03T11:14:52.384+0000] {dag.py:2726} INFO - Sync 1 DAGs
[2024-09-03T11:14:52.405+0000] {logging_mixin.py:149} INFO - [2024-09-03T11:14:52.404+0000] {dag.py:3486} INFO - Setting next_dagrun for example_time_delta_sensor_async to None, run_after=None
[2024-09-03T11:14:52.466+0000] {processor.py:179} INFO - Processing /home/airflow-vm/data-engineer-batch-processing-financial-services/.venv/lib/python3.10/site-packages/airflow/example_dags/example_time_delta_sensor_async.py took 0.110 seconds
[2024-09-03T11:16:45.154+0000] {processor.py:157} INFO - Started process (PID=11637) to work on /home/airflow-vm/data-engineer-batch-processing-financial-services/.venv/lib/python3.10/site-packages/airflow/example_dags/example_time_delta_sensor_async.py
[2024-09-03T11:16:45.155+0000] {processor.py:826} INFO - Processing file /home/airflow-vm/data-engineer-batch-processing-financial-services/.venv/lib/python3.10/site-packages/airflow/example_dags/example_time_delta_sensor_async.py for tasks to queue
[2024-09-03T11:16:45.156+0000] {logging_mixin.py:149} INFO - [2024-09-03T11:16:45.156+0000] {dagbag.py:541} INFO - Filling up the DagBag from /home/airflow-vm/data-engineer-batch-processing-financial-services/.venv/lib/python3.10/site-packages/airflow/example_dags/example_time_delta_sensor_async.py
[2024-09-03T11:16:45.161+0000] {processor.py:836} INFO - DAG(s) dict_keys(['example_time_delta_sensor_async']) retrieved from /home/airflow-vm/data-engineer-batch-processing-financial-services/.venv/lib/python3.10/site-packages/airflow/example_dags/example_time_delta_sensor_async.py
[2024-09-03T11:16:45.179+0000] {logging_mixin.py:149} INFO - [2024-09-03T11:16:45.179+0000] {dag.py:2726} INFO - Sync 1 DAGs
[2024-09-03T11:16:45.199+0000] {logging_mixin.py:149} INFO - [2024-09-03T11:16:45.199+0000] {dag.py:3486} INFO - Setting next_dagrun for example_time_delta_sensor_async to None, run_after=None
[2024-09-03T11:16:45.227+0000] {processor.py:179} INFO - Processing /home/airflow-vm/data-engineer-batch-processing-financial-services/.venv/lib/python3.10/site-packages/airflow/example_dags/example_time_delta_sensor_async.py took 0.075 seconds
[2024-09-03T11:19:28.199+0000] {processor.py:157} INFO - Started process (PID=13010) to work on /home/airflow-vm/data-engineer-batch-processing-financial-services/.venv/lib/python3.10/site-packages/airflow/example_dags/example_time_delta_sensor_async.py
[2024-09-03T11:19:28.200+0000] {processor.py:826} INFO - Processing file /home/airflow-vm/data-engineer-batch-processing-financial-services/.venv/lib/python3.10/site-packages/airflow/example_dags/example_time_delta_sensor_async.py for tasks to queue
[2024-09-03T11:19:28.200+0000] {logging_mixin.py:149} INFO - [2024-09-03T11:19:28.200+0000] {dagbag.py:541} INFO - Filling up the DagBag from /home/airflow-vm/data-engineer-batch-processing-financial-services/.venv/lib/python3.10/site-packages/airflow/example_dags/example_time_delta_sensor_async.py
[2024-09-03T11:19:28.204+0000] {processor.py:836} INFO - DAG(s) dict_keys(['example_time_delta_sensor_async']) retrieved from /home/airflow-vm/data-engineer-batch-processing-financial-services/.venv/lib/python3.10/site-packages/airflow/example_dags/example_time_delta_sensor_async.py
[2024-09-03T11:19:28.221+0000] {logging_mixin.py:149} INFO - [2024-09-03T11:19:28.221+0000] {dag.py:2726} INFO - Sync 1 DAGs
[2024-09-03T11:19:28.240+0000] {logging_mixin.py:149} INFO - [2024-09-03T11:19:28.240+0000] {dag.py:3486} INFO - Setting next_dagrun for example_time_delta_sensor_async to None, run_after=None
[2024-09-03T11:19:28.268+0000] {processor.py:179} INFO - Processing /home/airflow-vm/data-engineer-batch-processing-financial-services/.venv/lib/python3.10/site-packages/airflow/example_dags/example_time_delta_sensor_async.py took 0.072 seconds
[2024-09-03T11:22:22.736+0000] {processor.py:157} INFO - Started process (PID=14450) to work on /home/airflow-vm/data-engineer-batch-processing-financial-services/.venv/lib/python3.10/site-packages/airflow/example_dags/example_time_delta_sensor_async.py
[2024-09-03T11:22:22.737+0000] {processor.py:826} INFO - Processing file /home/airflow-vm/data-engineer-batch-processing-financial-services/.venv/lib/python3.10/site-packages/airflow/example_dags/example_time_delta_sensor_async.py for tasks to queue
[2024-09-03T11:22:22.738+0000] {logging_mixin.py:149} INFO - [2024-09-03T11:22:22.738+0000] {dagbag.py:541} INFO - Filling up the DagBag from /home/airflow-vm/data-engineer-batch-processing-financial-services/.venv/lib/python3.10/site-packages/airflow/example_dags/example_time_delta_sensor_async.py
[2024-09-03T11:22:22.741+0000] {processor.py:836} INFO - DAG(s) dict_keys(['example_time_delta_sensor_async']) retrieved from /home/airflow-vm/data-engineer-batch-processing-financial-services/.venv/lib/python3.10/site-packages/airflow/example_dags/example_time_delta_sensor_async.py
[2024-09-03T11:22:22.760+0000] {logging_mixin.py:149} INFO - [2024-09-03T11:22:22.760+0000] {dag.py:2726} INFO - Sync 1 DAGs
[2024-09-03T11:22:22.780+0000] {logging_mixin.py:149} INFO - [2024-09-03T11:22:22.780+0000] {dag.py:3486} INFO - Setting next_dagrun for example_time_delta_sensor_async to None, run_after=None
[2024-09-03T11:22:22.808+0000] {processor.py:179} INFO - Processing /home/airflow-vm/data-engineer-batch-processing-financial-services/.venv/lib/python3.10/site-packages/airflow/example_dags/example_time_delta_sensor_async.py took 0.074 seconds
[2024-09-03T11:25:26.421+0000] {processor.py:157} INFO - Started process (PID=15824) to work on /home/airflow-vm/data-engineer-batch-processing-financial-services/.venv/lib/python3.10/site-packages/airflow/example_dags/example_time_delta_sensor_async.py
[2024-09-03T11:25:26.422+0000] {processor.py:826} INFO - Processing file /home/airflow-vm/data-engineer-batch-processing-financial-services/.venv/lib/python3.10/site-packages/airflow/example_dags/example_time_delta_sensor_async.py for tasks to queue
[2024-09-03T11:25:26.422+0000] {logging_mixin.py:149} INFO - [2024-09-03T11:25:26.422+0000] {dagbag.py:541} INFO - Filling up the DagBag from /home/airflow-vm/data-engineer-batch-processing-financial-services/.venv/lib/python3.10/site-packages/airflow/example_dags/example_time_delta_sensor_async.py
[2024-09-03T11:25:26.426+0000] {processor.py:836} INFO - DAG(s) dict_keys(['example_time_delta_sensor_async']) retrieved from /home/airflow-vm/data-engineer-batch-processing-financial-services/.venv/lib/python3.10/site-packages/airflow/example_dags/example_time_delta_sensor_async.py
[2024-09-03T11:25:26.446+0000] {logging_mixin.py:149} INFO - [2024-09-03T11:25:26.446+0000] {dag.py:2726} INFO - Sync 1 DAGs
[2024-09-03T11:25:26.467+0000] {logging_mixin.py:149} INFO - [2024-09-03T11:25:26.467+0000] {dag.py:3486} INFO - Setting next_dagrun for example_time_delta_sensor_async to None, run_after=None
[2024-09-03T11:25:26.496+0000] {processor.py:179} INFO - Processing /home/airflow-vm/data-engineer-batch-processing-financial-services/.venv/lib/python3.10/site-packages/airflow/example_dags/example_time_delta_sensor_async.py took 0.078 seconds
[2024-09-03T11:28:03.725+0000] {processor.py:157} INFO - Started process (PID=16980) to work on /home/airflow-vm/data-engineer-batch-processing-financial-services/.venv/lib/python3.10/site-packages/airflow/example_dags/example_time_delta_sensor_async.py
[2024-09-03T11:28:03.726+0000] {processor.py:826} INFO - Processing file /home/airflow-vm/data-engineer-batch-processing-financial-services/.venv/lib/python3.10/site-packages/airflow/example_dags/example_time_delta_sensor_async.py for tasks to queue
[2024-09-03T11:28:03.727+0000] {logging_mixin.py:149} INFO - [2024-09-03T11:28:03.727+0000] {dagbag.py:541} INFO - Filling up the DagBag from /home/airflow-vm/data-engineer-batch-processing-financial-services/.venv/lib/python3.10/site-packages/airflow/example_dags/example_time_delta_sensor_async.py
[2024-09-03T11:28:03.730+0000] {processor.py:836} INFO - DAG(s) dict_keys(['example_time_delta_sensor_async']) retrieved from /home/airflow-vm/data-engineer-batch-processing-financial-services/.venv/lib/python3.10/site-packages/airflow/example_dags/example_time_delta_sensor_async.py
[2024-09-03T11:28:03.749+0000] {logging_mixin.py:149} INFO - [2024-09-03T11:28:03.749+0000] {dag.py:2726} INFO - Sync 1 DAGs
[2024-09-03T11:28:03.769+0000] {logging_mixin.py:149} INFO - [2024-09-03T11:28:03.769+0000] {dag.py:3486} INFO - Setting next_dagrun for example_time_delta_sensor_async to None, run_after=None
[2024-09-03T11:28:03.799+0000] {processor.py:179} INFO - Processing /home/airflow-vm/data-engineer-batch-processing-financial-services/.venv/lib/python3.10/site-packages/airflow/example_dags/example_time_delta_sensor_async.py took 0.076 seconds
[2024-09-03T11:32:04.329+0000] {processor.py:157} INFO - Started process (PID=19325) to work on /home/airflow-vm/data-engineer-batch-processing-financial-services/.venv/lib/python3.10/site-packages/airflow/example_dags/example_time_delta_sensor_async.py
[2024-09-03T11:32:04.330+0000] {processor.py:826} INFO - Processing file /home/airflow-vm/data-engineer-batch-processing-financial-services/.venv/lib/python3.10/site-packages/airflow/example_dags/example_time_delta_sensor_async.py for tasks to queue
[2024-09-03T11:32:04.330+0000] {logging_mixin.py:149} INFO - [2024-09-03T11:32:04.330+0000] {dagbag.py:541} INFO - Filling up the DagBag from /home/airflow-vm/data-engineer-batch-processing-financial-services/.venv/lib/python3.10/site-packages/airflow/example_dags/example_time_delta_sensor_async.py
[2024-09-03T11:32:04.334+0000] {processor.py:836} INFO - DAG(s) dict_keys(['example_time_delta_sensor_async']) retrieved from /home/airflow-vm/data-engineer-batch-processing-financial-services/.venv/lib/python3.10/site-packages/airflow/example_dags/example_time_delta_sensor_async.py
[2024-09-03T11:32:04.353+0000] {logging_mixin.py:149} INFO - [2024-09-03T11:32:04.353+0000] {dag.py:2726} INFO - Sync 1 DAGs
[2024-09-03T11:32:04.376+0000] {logging_mixin.py:149} INFO - [2024-09-03T11:32:04.375+0000] {dag.py:3486} INFO - Setting next_dagrun for example_time_delta_sensor_async to None, run_after=None
[2024-09-03T11:32:04.406+0000] {processor.py:179} INFO - Processing /home/airflow-vm/data-engineer-batch-processing-financial-services/.venv/lib/python3.10/site-packages/airflow/example_dags/example_time_delta_sensor_async.py took 0.080 seconds
[2024-09-03T11:36:56.361+0000] {processor.py:157} INFO - Started process (PID=22390) to work on /home/airflow-vm/data-engineer-batch-processing-financial-services/.venv/lib/python3.10/site-packages/airflow/example_dags/example_time_delta_sensor_async.py
[2024-09-03T11:36:56.362+0000] {processor.py:826} INFO - Processing file /home/airflow-vm/data-engineer-batch-processing-financial-services/.venv/lib/python3.10/site-packages/airflow/example_dags/example_time_delta_sensor_async.py for tasks to queue
[2024-09-03T11:36:56.363+0000] {logging_mixin.py:149} INFO - [2024-09-03T11:36:56.363+0000] {dagbag.py:541} INFO - Filling up the DagBag from /home/airflow-vm/data-engineer-batch-processing-financial-services/.venv/lib/python3.10/site-packages/airflow/example_dags/example_time_delta_sensor_async.py
[2024-09-03T11:36:56.367+0000] {processor.py:836} INFO - DAG(s) dict_keys(['example_time_delta_sensor_async']) retrieved from /home/airflow-vm/data-engineer-batch-processing-financial-services/.venv/lib/python3.10/site-packages/airflow/example_dags/example_time_delta_sensor_async.py
[2024-09-03T11:36:56.387+0000] {logging_mixin.py:149} INFO - [2024-09-03T11:36:56.387+0000] {dag.py:2726} INFO - Sync 1 DAGs
[2024-09-03T11:36:56.408+0000] {logging_mixin.py:149} INFO - [2024-09-03T11:36:56.408+0000] {dag.py:3486} INFO - Setting next_dagrun for example_time_delta_sensor_async to None, run_after=None
[2024-09-03T11:36:56.438+0000] {processor.py:179} INFO - Processing /home/airflow-vm/data-engineer-batch-processing-financial-services/.venv/lib/python3.10/site-packages/airflow/example_dags/example_time_delta_sensor_async.py took 0.080 seconds
[2024-09-03T11:37:41.648+0000] {processor.py:157} INFO - Started process (PID=22704) to work on /home/airflow-vm/data-engineer-batch-processing-financial-services/.venv/lib/python3.10/site-packages/airflow/example_dags/example_time_delta_sensor_async.py
[2024-09-03T11:37:41.649+0000] {processor.py:826} INFO - Processing file /home/airflow-vm/data-engineer-batch-processing-financial-services/.venv/lib/python3.10/site-packages/airflow/example_dags/example_time_delta_sensor_async.py for tasks to queue
[2024-09-03T11:37:41.650+0000] {logging_mixin.py:149} INFO - [2024-09-03T11:37:41.650+0000] {dagbag.py:541} INFO - Filling up the DagBag from /home/airflow-vm/data-engineer-batch-processing-financial-services/.venv/lib/python3.10/site-packages/airflow/example_dags/example_time_delta_sensor_async.py
[2024-09-03T11:37:41.655+0000] {processor.py:836} INFO - DAG(s) dict_keys(['example_time_delta_sensor_async']) retrieved from /home/airflow-vm/data-engineer-batch-processing-financial-services/.venv/lib/python3.10/site-packages/airflow/example_dags/example_time_delta_sensor_async.py
[2024-09-03T11:37:41.681+0000] {logging_mixin.py:149} INFO - [2024-09-03T11:37:41.681+0000] {dag.py:2726} INFO - Sync 1 DAGs
[2024-09-03T11:37:41.720+0000] {logging_mixin.py:149} INFO - [2024-09-03T11:37:41.720+0000] {dag.py:3486} INFO - Setting next_dagrun for example_time_delta_sensor_async to None, run_after=None
[2024-09-03T11:37:41.755+0000] {processor.py:179} INFO - Processing /home/airflow-vm/data-engineer-batch-processing-financial-services/.venv/lib/python3.10/site-packages/airflow/example_dags/example_time_delta_sensor_async.py took 0.109 seconds
[2024-09-03T11:38:16.751+0000] {processor.py:157} INFO - Started process (PID=22887) to work on /home/airflow-vm/data-engineer-batch-processing-financial-services/.venv/lib/python3.10/site-packages/airflow/example_dags/example_time_delta_sensor_async.py
[2024-09-03T11:38:16.753+0000] {processor.py:826} INFO - Processing file /home/airflow-vm/data-engineer-batch-processing-financial-services/.venv/lib/python3.10/site-packages/airflow/example_dags/example_time_delta_sensor_async.py for tasks to queue
[2024-09-03T11:38:16.754+0000] {logging_mixin.py:149} INFO - [2024-09-03T11:38:16.753+0000] {dagbag.py:541} INFO - Filling up the DagBag from /home/airflow-vm/data-engineer-batch-processing-financial-services/.venv/lib/python3.10/site-packages/airflow/example_dags/example_time_delta_sensor_async.py
[2024-09-03T11:38:16.760+0000] {processor.py:836} INFO - DAG(s) dict_keys(['example_time_delta_sensor_async']) retrieved from /home/airflow-vm/data-engineer-batch-processing-financial-services/.venv/lib/python3.10/site-packages/airflow/example_dags/example_time_delta_sensor_async.py
[2024-09-03T11:38:16.784+0000] {logging_mixin.py:149} INFO - [2024-09-03T11:38:16.784+0000] {dag.py:2726} INFO - Sync 1 DAGs
[2024-09-03T11:38:16.807+0000] {logging_mixin.py:149} INFO - [2024-09-03T11:38:16.807+0000] {dag.py:3486} INFO - Setting next_dagrun for example_time_delta_sensor_async to None, run_after=None
[2024-09-03T11:38:16.844+0000] {processor.py:179} INFO - Processing /home/airflow-vm/data-engineer-batch-processing-financial-services/.venv/lib/python3.10/site-packages/airflow/example_dags/example_time_delta_sensor_async.py took 0.096 seconds
[2024-09-03T11:38:49.434+0000] {processor.py:157} INFO - Started process (PID=22980) to work on /home/airflow-vm/data-engineer-batch-processing-financial-services/.venv/lib/python3.10/site-packages/airflow/example_dags/example_time_delta_sensor_async.py
[2024-09-03T11:38:49.435+0000] {processor.py:826} INFO - Processing file /home/airflow-vm/data-engineer-batch-processing-financial-services/.venv/lib/python3.10/site-packages/airflow/example_dags/example_time_delta_sensor_async.py for tasks to queue
[2024-09-03T11:38:49.435+0000] {logging_mixin.py:149} INFO - [2024-09-03T11:38:49.435+0000] {dagbag.py:541} INFO - Filling up the DagBag from /home/airflow-vm/data-engineer-batch-processing-financial-services/.venv/lib/python3.10/site-packages/airflow/example_dags/example_time_delta_sensor_async.py
[2024-09-03T11:38:49.439+0000] {processor.py:836} INFO - DAG(s) dict_keys(['example_time_delta_sensor_async']) retrieved from /home/airflow-vm/data-engineer-batch-processing-financial-services/.venv/lib/python3.10/site-packages/airflow/example_dags/example_time_delta_sensor_async.py
[2024-09-03T11:38:49.459+0000] {logging_mixin.py:149} INFO - [2024-09-03T11:38:49.459+0000] {dag.py:2726} INFO - Sync 1 DAGs
[2024-09-03T11:38:49.481+0000] {logging_mixin.py:149} INFO - [2024-09-03T11:38:49.481+0000] {dag.py:3486} INFO - Setting next_dagrun for example_time_delta_sensor_async to None, run_after=None
[2024-09-03T11:38:49.512+0000] {processor.py:179} INFO - Processing /home/airflow-vm/data-engineer-batch-processing-financial-services/.venv/lib/python3.10/site-packages/airflow/example_dags/example_time_delta_sensor_async.py took 0.081 seconds
[2024-09-03T11:39:23.309+0000] {processor.py:157} INFO - Started process (PID=23192) to work on /home/airflow-vm/data-engineer-batch-processing-financial-services/.venv/lib/python3.10/site-packages/airflow/example_dags/example_time_delta_sensor_async.py
[2024-09-03T11:39:23.310+0000] {processor.py:826} INFO - Processing file /home/airflow-vm/data-engineer-batch-processing-financial-services/.venv/lib/python3.10/site-packages/airflow/example_dags/example_time_delta_sensor_async.py for tasks to queue
[2024-09-03T11:39:23.310+0000] {logging_mixin.py:149} INFO - [2024-09-03T11:39:23.310+0000] {dagbag.py:541} INFO - Filling up the DagBag from /home/airflow-vm/data-engineer-batch-processing-financial-services/.venv/lib/python3.10/site-packages/airflow/example_dags/example_time_delta_sensor_async.py
[2024-09-03T11:39:23.314+0000] {processor.py:836} INFO - DAG(s) dict_keys(['example_time_delta_sensor_async']) retrieved from /home/airflow-vm/data-engineer-batch-processing-financial-services/.venv/lib/python3.10/site-packages/airflow/example_dags/example_time_delta_sensor_async.py
[2024-09-03T11:39:23.332+0000] {logging_mixin.py:149} INFO - [2024-09-03T11:39:23.332+0000] {dag.py:2726} INFO - Sync 1 DAGs
[2024-09-03T11:39:23.352+0000] {logging_mixin.py:149} INFO - [2024-09-03T11:39:23.352+0000] {dag.py:3486} INFO - Setting next_dagrun for example_time_delta_sensor_async to None, run_after=None
[2024-09-03T11:39:23.384+0000] {processor.py:179} INFO - Processing /home/airflow-vm/data-engineer-batch-processing-financial-services/.venv/lib/python3.10/site-packages/airflow/example_dags/example_time_delta_sensor_async.py took 0.078 seconds
[2024-09-03T11:40:07.083+0000] {processor.py:157} INFO - Started process (PID=23351) to work on /home/airflow-vm/data-engineer-batch-processing-financial-services/.venv/lib/python3.10/site-packages/airflow/example_dags/example_time_delta_sensor_async.py
[2024-09-03T11:40:07.084+0000] {processor.py:826} INFO - Processing file /home/airflow-vm/data-engineer-batch-processing-financial-services/.venv/lib/python3.10/site-packages/airflow/example_dags/example_time_delta_sensor_async.py for tasks to queue
[2024-09-03T11:40:07.084+0000] {logging_mixin.py:149} INFO - [2024-09-03T11:40:07.084+0000] {dagbag.py:541} INFO - Filling up the DagBag from /home/airflow-vm/data-engineer-batch-processing-financial-services/.venv/lib/python3.10/site-packages/airflow/example_dags/example_time_delta_sensor_async.py
[2024-09-03T11:40:07.088+0000] {processor.py:836} INFO - DAG(s) dict_keys(['example_time_delta_sensor_async']) retrieved from /home/airflow-vm/data-engineer-batch-processing-financial-services/.venv/lib/python3.10/site-packages/airflow/example_dags/example_time_delta_sensor_async.py
[2024-09-03T11:40:07.120+0000] {logging_mixin.py:149} INFO - [2024-09-03T11:40:07.120+0000] {dag.py:2726} INFO - Sync 1 DAGs
[2024-09-03T11:40:07.140+0000] {logging_mixin.py:149} INFO - [2024-09-03T11:40:07.140+0000] {dag.py:3486} INFO - Setting next_dagrun for example_time_delta_sensor_async to None, run_after=None
[2024-09-03T11:40:07.169+0000] {processor.py:179} INFO - Processing /home/airflow-vm/data-engineer-batch-processing-financial-services/.venv/lib/python3.10/site-packages/airflow/example_dags/example_time_delta_sensor_async.py took 0.089 seconds
[2024-09-03T11:41:38.868+0000] {processor.py:157} INFO - Started process (PID=24376) to work on /home/airflow-vm/data-engineer-batch-processing-financial-services/.venv/lib/python3.10/site-packages/airflow/example_dags/example_time_delta_sensor_async.py
[2024-09-03T11:41:38.869+0000] {processor.py:826} INFO - Processing file /home/airflow-vm/data-engineer-batch-processing-financial-services/.venv/lib/python3.10/site-packages/airflow/example_dags/example_time_delta_sensor_async.py for tasks to queue
[2024-09-03T11:41:38.870+0000] {logging_mixin.py:149} INFO - [2024-09-03T11:41:38.870+0000] {dagbag.py:541} INFO - Filling up the DagBag from /home/airflow-vm/data-engineer-batch-processing-financial-services/.venv/lib/python3.10/site-packages/airflow/example_dags/example_time_delta_sensor_async.py
[2024-09-03T11:41:38.874+0000] {processor.py:836} INFO - DAG(s) dict_keys(['example_time_delta_sensor_async']) retrieved from /home/airflow-vm/data-engineer-batch-processing-financial-services/.venv/lib/python3.10/site-packages/airflow/example_dags/example_time_delta_sensor_async.py
[2024-09-03T11:41:38.892+0000] {logging_mixin.py:149} INFO - [2024-09-03T11:41:38.892+0000] {dag.py:2726} INFO - Sync 1 DAGs
[2024-09-03T11:41:38.910+0000] {logging_mixin.py:149} INFO - [2024-09-03T11:41:38.910+0000] {dag.py:3486} INFO - Setting next_dagrun for example_time_delta_sensor_async to None, run_after=None
[2024-09-03T11:41:38.938+0000] {processor.py:179} INFO - Processing /home/airflow-vm/data-engineer-batch-processing-financial-services/.venv/lib/python3.10/site-packages/airflow/example_dags/example_time_delta_sensor_async.py took 0.072 seconds
[2024-09-03T11:46:04.822+0000] {processor.py:157} INFO - Started process (PID=27033) to work on /home/airflow-vm/data-engineer-batch-processing-financial-services/.venv/lib/python3.10/site-packages/airflow/example_dags/example_time_delta_sensor_async.py
[2024-09-03T11:46:04.823+0000] {processor.py:826} INFO - Processing file /home/airflow-vm/data-engineer-batch-processing-financial-services/.venv/lib/python3.10/site-packages/airflow/example_dags/example_time_delta_sensor_async.py for tasks to queue
[2024-09-03T11:46:04.823+0000] {logging_mixin.py:149} INFO - [2024-09-03T11:46:04.823+0000] {dagbag.py:541} INFO - Filling up the DagBag from /home/airflow-vm/data-engineer-batch-processing-financial-services/.venv/lib/python3.10/site-packages/airflow/example_dags/example_time_delta_sensor_async.py
[2024-09-03T11:46:04.827+0000] {processor.py:836} INFO - DAG(s) dict_keys(['example_time_delta_sensor_async']) retrieved from /home/airflow-vm/data-engineer-batch-processing-financial-services/.venv/lib/python3.10/site-packages/airflow/example_dags/example_time_delta_sensor_async.py
[2024-09-03T11:46:04.844+0000] {logging_mixin.py:149} INFO - [2024-09-03T11:46:04.844+0000] {dag.py:2726} INFO - Sync 1 DAGs
[2024-09-03T11:46:04.865+0000] {logging_mixin.py:149} INFO - [2024-09-03T11:46:04.865+0000] {dag.py:3486} INFO - Setting next_dagrun for example_time_delta_sensor_async to None, run_after=None
[2024-09-03T11:46:04.910+0000] {processor.py:179} INFO - Processing /home/airflow-vm/data-engineer-batch-processing-financial-services/.venv/lib/python3.10/site-packages/airflow/example_dags/example_time_delta_sensor_async.py took 0.091 seconds
[2024-09-03T11:49:52.954+0000] {processor.py:157} INFO - Started process (PID=29366) to work on /home/airflow-vm/data-engineer-batch-processing-financial-services/.venv/lib/python3.10/site-packages/airflow/example_dags/example_time_delta_sensor_async.py
[2024-09-03T11:49:52.955+0000] {processor.py:826} INFO - Processing file /home/airflow-vm/data-engineer-batch-processing-financial-services/.venv/lib/python3.10/site-packages/airflow/example_dags/example_time_delta_sensor_async.py for tasks to queue
[2024-09-03T11:49:52.956+0000] {logging_mixin.py:149} INFO - [2024-09-03T11:49:52.956+0000] {dagbag.py:541} INFO - Filling up the DagBag from /home/airflow-vm/data-engineer-batch-processing-financial-services/.venv/lib/python3.10/site-packages/airflow/example_dags/example_time_delta_sensor_async.py
[2024-09-03T11:49:52.960+0000] {processor.py:836} INFO - DAG(s) dict_keys(['example_time_delta_sensor_async']) retrieved from /home/airflow-vm/data-engineer-batch-processing-financial-services/.venv/lib/python3.10/site-packages/airflow/example_dags/example_time_delta_sensor_async.py
[2024-09-03T11:49:52.979+0000] {logging_mixin.py:149} INFO - [2024-09-03T11:49:52.979+0000] {dag.py:2726} INFO - Sync 1 DAGs
[2024-09-03T11:49:52.998+0000] {logging_mixin.py:149} INFO - [2024-09-03T11:49:52.998+0000] {dag.py:3486} INFO - Setting next_dagrun for example_time_delta_sensor_async to None, run_after=None
[2024-09-03T11:49:53.028+0000] {processor.py:179} INFO - Processing /home/airflow-vm/data-engineer-batch-processing-financial-services/.venv/lib/python3.10/site-packages/airflow/example_dags/example_time_delta_sensor_async.py took 0.077 seconds
[2024-09-03T11:50:42.451+0000] {processor.py:157} INFO - Started process (PID=29674) to work on /home/airflow-vm/data-engineer-batch-processing-financial-services/.venv/lib/python3.10/site-packages/airflow/example_dags/example_time_delta_sensor_async.py
[2024-09-03T11:50:42.451+0000] {processor.py:826} INFO - Processing file /home/airflow-vm/data-engineer-batch-processing-financial-services/.venv/lib/python3.10/site-packages/airflow/example_dags/example_time_delta_sensor_async.py for tasks to queue
[2024-09-03T11:50:42.452+0000] {logging_mixin.py:149} INFO - [2024-09-03T11:50:42.452+0000] {dagbag.py:541} INFO - Filling up the DagBag from /home/airflow-vm/data-engineer-batch-processing-financial-services/.venv/lib/python3.10/site-packages/airflow/example_dags/example_time_delta_sensor_async.py
[2024-09-03T11:50:42.456+0000] {processor.py:836} INFO - DAG(s) dict_keys(['example_time_delta_sensor_async']) retrieved from /home/airflow-vm/data-engineer-batch-processing-financial-services/.venv/lib/python3.10/site-packages/airflow/example_dags/example_time_delta_sensor_async.py
[2024-09-03T11:50:42.475+0000] {logging_mixin.py:149} INFO - [2024-09-03T11:50:42.475+0000] {dag.py:2726} INFO - Sync 1 DAGs
[2024-09-03T11:50:42.494+0000] {logging_mixin.py:149} INFO - [2024-09-03T11:50:42.494+0000] {dag.py:3486} INFO - Setting next_dagrun for example_time_delta_sensor_async to None, run_after=None
[2024-09-03T11:50:42.521+0000] {processor.py:179} INFO - Processing /home/airflow-vm/data-engineer-batch-processing-financial-services/.venv/lib/python3.10/site-packages/airflow/example_dags/example_time_delta_sensor_async.py took 0.073 seconds
[2024-09-03T11:51:26.457+0000] {processor.py:157} INFO - Started process (PID=29721) to work on /home/airflow-vm/data-engineer-batch-processing-financial-services/.venv/lib/python3.10/site-packages/airflow/example_dags/example_time_delta_sensor_async.py
[2024-09-03T11:51:26.458+0000] {processor.py:826} INFO - Processing file /home/airflow-vm/data-engineer-batch-processing-financial-services/.venv/lib/python3.10/site-packages/airflow/example_dags/example_time_delta_sensor_async.py for tasks to queue
[2024-09-03T11:51:26.459+0000] {logging_mixin.py:149} INFO - [2024-09-03T11:51:26.459+0000] {dagbag.py:541} INFO - Filling up the DagBag from /home/airflow-vm/data-engineer-batch-processing-financial-services/.venv/lib/python3.10/site-packages/airflow/example_dags/example_time_delta_sensor_async.py
[2024-09-03T11:51:26.463+0000] {processor.py:836} INFO - DAG(s) dict_keys(['example_time_delta_sensor_async']) retrieved from /home/airflow-vm/data-engineer-batch-processing-financial-services/.venv/lib/python3.10/site-packages/airflow/example_dags/example_time_delta_sensor_async.py
[2024-09-03T11:51:26.482+0000] {logging_mixin.py:149} INFO - [2024-09-03T11:51:26.482+0000] {dag.py:2726} INFO - Sync 1 DAGs
[2024-09-03T11:51:26.501+0000] {logging_mixin.py:149} INFO - [2024-09-03T11:51:26.501+0000] {dag.py:3486} INFO - Setting next_dagrun for example_time_delta_sensor_async to None, run_after=None
[2024-09-03T11:51:26.535+0000] {processor.py:179} INFO - Processing /home/airflow-vm/data-engineer-batch-processing-financial-services/.venv/lib/python3.10/site-packages/airflow/example_dags/example_time_delta_sensor_async.py took 0.080 seconds
[2024-09-03T11:52:09.544+0000] {processor.py:157} INFO - Started process (PID=29769) to work on /home/airflow-vm/data-engineer-batch-processing-financial-services/.venv/lib/python3.10/site-packages/airflow/example_dags/example_time_delta_sensor_async.py
[2024-09-03T11:52:09.545+0000] {processor.py:826} INFO - Processing file /home/airflow-vm/data-engineer-batch-processing-financial-services/.venv/lib/python3.10/site-packages/airflow/example_dags/example_time_delta_sensor_async.py for tasks to queue
[2024-09-03T11:52:09.545+0000] {logging_mixin.py:149} INFO - [2024-09-03T11:52:09.545+0000] {dagbag.py:541} INFO - Filling up the DagBag from /home/airflow-vm/data-engineer-batch-processing-financial-services/.venv/lib/python3.10/site-packages/airflow/example_dags/example_time_delta_sensor_async.py
[2024-09-03T11:52:09.549+0000] {processor.py:836} INFO - DAG(s) dict_keys(['example_time_delta_sensor_async']) retrieved from /home/airflow-vm/data-engineer-batch-processing-financial-services/.venv/lib/python3.10/site-packages/airflow/example_dags/example_time_delta_sensor_async.py
[2024-09-03T11:52:09.569+0000] {logging_mixin.py:149} INFO - [2024-09-03T11:52:09.569+0000] {dag.py:2726} INFO - Sync 1 DAGs
[2024-09-03T11:52:09.589+0000] {logging_mixin.py:149} INFO - [2024-09-03T11:52:09.589+0000] {dag.py:3486} INFO - Setting next_dagrun for example_time_delta_sensor_async to None, run_after=None
[2024-09-03T11:52:09.616+0000] {processor.py:179} INFO - Processing /home/airflow-vm/data-engineer-batch-processing-financial-services/.venv/lib/python3.10/site-packages/airflow/example_dags/example_time_delta_sensor_async.py took 0.074 seconds
[2024-09-03T11:52:42.624+0000] {processor.py:157} INFO - Started process (PID=29803) to work on /home/airflow-vm/data-engineer-batch-processing-financial-services/.venv/lib/python3.10/site-packages/airflow/example_dags/example_time_delta_sensor_async.py
[2024-09-03T11:52:42.625+0000] {processor.py:826} INFO - Processing file /home/airflow-vm/data-engineer-batch-processing-financial-services/.venv/lib/python3.10/site-packages/airflow/example_dags/example_time_delta_sensor_async.py for tasks to queue
[2024-09-03T11:52:42.625+0000] {logging_mixin.py:149} INFO - [2024-09-03T11:52:42.625+0000] {dagbag.py:541} INFO - Filling up the DagBag from /home/airflow-vm/data-engineer-batch-processing-financial-services/.venv/lib/python3.10/site-packages/airflow/example_dags/example_time_delta_sensor_async.py
[2024-09-03T11:52:42.629+0000] {processor.py:836} INFO - DAG(s) dict_keys(['example_time_delta_sensor_async']) retrieved from /home/airflow-vm/data-engineer-batch-processing-financial-services/.venv/lib/python3.10/site-packages/airflow/example_dags/example_time_delta_sensor_async.py
[2024-09-03T11:52:42.647+0000] {logging_mixin.py:149} INFO - [2024-09-03T11:52:42.646+0000] {dag.py:2726} INFO - Sync 1 DAGs
[2024-09-03T11:52:42.669+0000] {logging_mixin.py:149} INFO - [2024-09-03T11:52:42.668+0000] {dag.py:3486} INFO - Setting next_dagrun for example_time_delta_sensor_async to None, run_after=None
[2024-09-03T11:52:42.700+0000] {processor.py:179} INFO - Processing /home/airflow-vm/data-engineer-batch-processing-financial-services/.venv/lib/python3.10/site-packages/airflow/example_dags/example_time_delta_sensor_async.py took 0.078 seconds
[2024-09-03T11:53:14.745+0000] {processor.py:157} INFO - Started process (PID=29836) to work on /home/airflow-vm/data-engineer-batch-processing-financial-services/.venv/lib/python3.10/site-packages/airflow/example_dags/example_time_delta_sensor_async.py
[2024-09-03T11:53:14.746+0000] {processor.py:826} INFO - Processing file /home/airflow-vm/data-engineer-batch-processing-financial-services/.venv/lib/python3.10/site-packages/airflow/example_dags/example_time_delta_sensor_async.py for tasks to queue
[2024-09-03T11:53:14.746+0000] {logging_mixin.py:149} INFO - [2024-09-03T11:53:14.746+0000] {dagbag.py:541} INFO - Filling up the DagBag from /home/airflow-vm/data-engineer-batch-processing-financial-services/.venv/lib/python3.10/site-packages/airflow/example_dags/example_time_delta_sensor_async.py
[2024-09-03T11:53:14.750+0000] {processor.py:836} INFO - DAG(s) dict_keys(['example_time_delta_sensor_async']) retrieved from /home/airflow-vm/data-engineer-batch-processing-financial-services/.venv/lib/python3.10/site-packages/airflow/example_dags/example_time_delta_sensor_async.py
[2024-09-03T11:53:14.770+0000] {logging_mixin.py:149} INFO - [2024-09-03T11:53:14.769+0000] {dag.py:2726} INFO - Sync 1 DAGs
[2024-09-03T11:53:14.791+0000] {logging_mixin.py:149} INFO - [2024-09-03T11:53:14.791+0000] {dag.py:3486} INFO - Setting next_dagrun for example_time_delta_sensor_async to None, run_after=None
[2024-09-03T11:53:14.821+0000] {processor.py:179} INFO - Processing /home/airflow-vm/data-engineer-batch-processing-financial-services/.venv/lib/python3.10/site-packages/airflow/example_dags/example_time_delta_sensor_async.py took 0.079 seconds
[2024-09-03T11:53:45.704+0000] {processor.py:157} INFO - Started process (PID=29894) to work on /home/airflow-vm/data-engineer-batch-processing-financial-services/.venv/lib/python3.10/site-packages/airflow/example_dags/example_time_delta_sensor_async.py
[2024-09-03T11:53:45.705+0000] {processor.py:826} INFO - Processing file /home/airflow-vm/data-engineer-batch-processing-financial-services/.venv/lib/python3.10/site-packages/airflow/example_dags/example_time_delta_sensor_async.py for tasks to queue
[2024-09-03T11:53:45.705+0000] {logging_mixin.py:149} INFO - [2024-09-03T11:53:45.705+0000] {dagbag.py:541} INFO - Filling up the DagBag from /home/airflow-vm/data-engineer-batch-processing-financial-services/.venv/lib/python3.10/site-packages/airflow/example_dags/example_time_delta_sensor_async.py
[2024-09-03T11:53:45.710+0000] {processor.py:836} INFO - DAG(s) dict_keys(['example_time_delta_sensor_async']) retrieved from /home/airflow-vm/data-engineer-batch-processing-financial-services/.venv/lib/python3.10/site-packages/airflow/example_dags/example_time_delta_sensor_async.py
[2024-09-03T11:53:45.729+0000] {logging_mixin.py:149} INFO - [2024-09-03T11:53:45.729+0000] {dag.py:2726} INFO - Sync 1 DAGs
[2024-09-03T11:53:45.750+0000] {logging_mixin.py:149} INFO - [2024-09-03T11:53:45.749+0000] {dag.py:3486} INFO - Setting next_dagrun for example_time_delta_sensor_async to None, run_after=None
[2024-09-03T11:53:45.784+0000] {processor.py:179} INFO - Processing /home/airflow-vm/data-engineer-batch-processing-financial-services/.venv/lib/python3.10/site-packages/airflow/example_dags/example_time_delta_sensor_async.py took 0.083 seconds
[2024-09-03T11:54:18.747+0000] {processor.py:157} INFO - Started process (PID=29928) to work on /home/airflow-vm/data-engineer-batch-processing-financial-services/.venv/lib/python3.10/site-packages/airflow/example_dags/example_time_delta_sensor_async.py
[2024-09-03T11:54:18.748+0000] {processor.py:826} INFO - Processing file /home/airflow-vm/data-engineer-batch-processing-financial-services/.venv/lib/python3.10/site-packages/airflow/example_dags/example_time_delta_sensor_async.py for tasks to queue
[2024-09-03T11:54:18.749+0000] {logging_mixin.py:149} INFO - [2024-09-03T11:54:18.748+0000] {dagbag.py:541} INFO - Filling up the DagBag from /home/airflow-vm/data-engineer-batch-processing-financial-services/.venv/lib/python3.10/site-packages/airflow/example_dags/example_time_delta_sensor_async.py
[2024-09-03T11:54:18.753+0000] {processor.py:836} INFO - DAG(s) dict_keys(['example_time_delta_sensor_async']) retrieved from /home/airflow-vm/data-engineer-batch-processing-financial-services/.venv/lib/python3.10/site-packages/airflow/example_dags/example_time_delta_sensor_async.py
[2024-09-03T11:54:18.773+0000] {logging_mixin.py:149} INFO - [2024-09-03T11:54:18.773+0000] {dag.py:2726} INFO - Sync 1 DAGs
[2024-09-03T11:54:18.794+0000] {logging_mixin.py:149} INFO - [2024-09-03T11:54:18.794+0000] {dag.py:3486} INFO - Setting next_dagrun for example_time_delta_sensor_async to None, run_after=None
[2024-09-03T11:54:18.824+0000] {processor.py:179} INFO - Processing /home/airflow-vm/data-engineer-batch-processing-financial-services/.venv/lib/python3.10/site-packages/airflow/example_dags/example_time_delta_sensor_async.py took 0.080 seconds
[2024-09-03T11:54:51.205+0000] {processor.py:157} INFO - Started process (PID=29968) to work on /home/airflow-vm/data-engineer-batch-processing-financial-services/.venv/lib/python3.10/site-packages/airflow/example_dags/example_time_delta_sensor_async.py
[2024-09-03T11:54:51.206+0000] {processor.py:826} INFO - Processing file /home/airflow-vm/data-engineer-batch-processing-financial-services/.venv/lib/python3.10/site-packages/airflow/example_dags/example_time_delta_sensor_async.py for tasks to queue
[2024-09-03T11:54:51.206+0000] {logging_mixin.py:149} INFO - [2024-09-03T11:54:51.206+0000] {dagbag.py:541} INFO - Filling up the DagBag from /home/airflow-vm/data-engineer-batch-processing-financial-services/.venv/lib/python3.10/site-packages/airflow/example_dags/example_time_delta_sensor_async.py
[2024-09-03T11:54:51.210+0000] {processor.py:836} INFO - DAG(s) dict_keys(['example_time_delta_sensor_async']) retrieved from /home/airflow-vm/data-engineer-batch-processing-financial-services/.venv/lib/python3.10/site-packages/airflow/example_dags/example_time_delta_sensor_async.py
[2024-09-03T11:54:51.228+0000] {logging_mixin.py:149} INFO - [2024-09-03T11:54:51.228+0000] {dag.py:2726} INFO - Sync 1 DAGs
[2024-09-03T11:54:51.246+0000] {logging_mixin.py:149} INFO - [2024-09-03T11:54:51.246+0000] {dag.py:3486} INFO - Setting next_dagrun for example_time_delta_sensor_async to None, run_after=None
[2024-09-03T11:54:51.274+0000] {processor.py:179} INFO - Processing /home/airflow-vm/data-engineer-batch-processing-financial-services/.venv/lib/python3.10/site-packages/airflow/example_dags/example_time_delta_sensor_async.py took 0.072 seconds
[2024-09-03T11:55:22.081+0000] {processor.py:157} INFO - Started process (PID=30001) to work on /home/airflow-vm/data-engineer-batch-processing-financial-services/.venv/lib/python3.10/site-packages/airflow/example_dags/example_time_delta_sensor_async.py
[2024-09-03T11:55:22.082+0000] {processor.py:826} INFO - Processing file /home/airflow-vm/data-engineer-batch-processing-financial-services/.venv/lib/python3.10/site-packages/airflow/example_dags/example_time_delta_sensor_async.py for tasks to queue
[2024-09-03T11:55:22.082+0000] {logging_mixin.py:149} INFO - [2024-09-03T11:55:22.082+0000] {dagbag.py:541} INFO - Filling up the DagBag from /home/airflow-vm/data-engineer-batch-processing-financial-services/.venv/lib/python3.10/site-packages/airflow/example_dags/example_time_delta_sensor_async.py
[2024-09-03T11:55:22.086+0000] {processor.py:836} INFO - DAG(s) dict_keys(['example_time_delta_sensor_async']) retrieved from /home/airflow-vm/data-engineer-batch-processing-financial-services/.venv/lib/python3.10/site-packages/airflow/example_dags/example_time_delta_sensor_async.py
[2024-09-03T11:55:22.104+0000] {logging_mixin.py:149} INFO - [2024-09-03T11:55:22.104+0000] {dag.py:2726} INFO - Sync 1 DAGs
[2024-09-03T11:55:22.123+0000] {logging_mixin.py:149} INFO - [2024-09-03T11:55:22.123+0000] {dag.py:3486} INFO - Setting next_dagrun for example_time_delta_sensor_async to None, run_after=None
[2024-09-03T11:55:22.152+0000] {processor.py:179} INFO - Processing /home/airflow-vm/data-engineer-batch-processing-financial-services/.venv/lib/python3.10/site-packages/airflow/example_dags/example_time_delta_sensor_async.py took 0.073 seconds
[2024-09-03T11:56:06.747+0000] {processor.py:157} INFO - Started process (PID=30048) to work on /home/airflow-vm/data-engineer-batch-processing-financial-services/.venv/lib/python3.10/site-packages/airflow/example_dags/example_time_delta_sensor_async.py
[2024-09-03T11:56:06.748+0000] {processor.py:826} INFO - Processing file /home/airflow-vm/data-engineer-batch-processing-financial-services/.venv/lib/python3.10/site-packages/airflow/example_dags/example_time_delta_sensor_async.py for tasks to queue
[2024-09-03T11:56:06.748+0000] {logging_mixin.py:149} INFO - [2024-09-03T11:56:06.748+0000] {dagbag.py:541} INFO - Filling up the DagBag from /home/airflow-vm/data-engineer-batch-processing-financial-services/.venv/lib/python3.10/site-packages/airflow/example_dags/example_time_delta_sensor_async.py
[2024-09-03T11:56:06.753+0000] {processor.py:836} INFO - DAG(s) dict_keys(['example_time_delta_sensor_async']) retrieved from /home/airflow-vm/data-engineer-batch-processing-financial-services/.venv/lib/python3.10/site-packages/airflow/example_dags/example_time_delta_sensor_async.py
[2024-09-03T11:56:06.771+0000] {logging_mixin.py:149} INFO - [2024-09-03T11:56:06.771+0000] {dag.py:2726} INFO - Sync 1 DAGs
[2024-09-03T11:56:06.789+0000] {logging_mixin.py:149} INFO - [2024-09-03T11:56:06.789+0000] {dag.py:3486} INFO - Setting next_dagrun for example_time_delta_sensor_async to None, run_after=None
[2024-09-03T11:56:06.818+0000] {processor.py:179} INFO - Processing /home/airflow-vm/data-engineer-batch-processing-financial-services/.venv/lib/python3.10/site-packages/airflow/example_dags/example_time_delta_sensor_async.py took 0.074 seconds
[2024-09-03T11:56:38.211+0000] {processor.py:157} INFO - Started process (PID=30086) to work on /home/airflow-vm/data-engineer-batch-processing-financial-services/.venv/lib/python3.10/site-packages/airflow/example_dags/example_time_delta_sensor_async.py
[2024-09-03T11:56:38.212+0000] {processor.py:826} INFO - Processing file /home/airflow-vm/data-engineer-batch-processing-financial-services/.venv/lib/python3.10/site-packages/airflow/example_dags/example_time_delta_sensor_async.py for tasks to queue
[2024-09-03T11:56:38.213+0000] {logging_mixin.py:149} INFO - [2024-09-03T11:56:38.213+0000] {dagbag.py:541} INFO - Filling up the DagBag from /home/airflow-vm/data-engineer-batch-processing-financial-services/.venv/lib/python3.10/site-packages/airflow/example_dags/example_time_delta_sensor_async.py
[2024-09-03T11:56:38.217+0000] {processor.py:836} INFO - DAG(s) dict_keys(['example_time_delta_sensor_async']) retrieved from /home/airflow-vm/data-engineer-batch-processing-financial-services/.venv/lib/python3.10/site-packages/airflow/example_dags/example_time_delta_sensor_async.py
[2024-09-03T11:56:38.235+0000] {logging_mixin.py:149} INFO - [2024-09-03T11:56:38.235+0000] {dag.py:2726} INFO - Sync 1 DAGs
[2024-09-03T11:56:38.257+0000] {logging_mixin.py:149} INFO - [2024-09-03T11:56:38.256+0000] {dag.py:3486} INFO - Setting next_dagrun for example_time_delta_sensor_async to None, run_after=None
[2024-09-03T11:56:38.293+0000] {processor.py:179} INFO - Processing /home/airflow-vm/data-engineer-batch-processing-financial-services/.venv/lib/python3.10/site-packages/airflow/example_dags/example_time_delta_sensor_async.py took 0.084 seconds
