[2024-09-03T10:57:54.050+0000] {processor.py:157} INFO - Started process (PID=3100) to work on /home/airflow-vm/data-engineer-batch-processing-financial-services/.venv/lib/python3.10/site-packages/airflow/example_dags/tutorial_dag.py
[2024-09-03T10:57:54.050+0000] {processor.py:826} INFO - Processing file /home/airflow-vm/data-engineer-batch-processing-financial-services/.venv/lib/python3.10/site-packages/airflow/example_dags/tutorial_dag.py for tasks to queue
[2024-09-03T10:57:54.051+0000] {logging_mixin.py:149} INFO - [2024-09-03T10:57:54.051+0000] {dagbag.py:541} INFO - Filling up the DagBag from /home/airflow-vm/data-engineer-batch-processing-financial-services/.venv/lib/python3.10/site-packages/airflow/example_dags/tutorial_dag.py
[2024-09-03T10:57:54.058+0000] {processor.py:836} INFO - DAG(s) dict_keys(['tutorial_dag']) retrieved from /home/airflow-vm/data-engineer-batch-processing-financial-services/.venv/lib/python3.10/site-packages/airflow/example_dags/tutorial_dag.py
[2024-09-03T10:57:54.083+0000] {logging_mixin.py:149} INFO - [2024-09-03T10:57:54.083+0000] {dag.py:2726} INFO - Sync 1 DAGs
[2024-09-03T10:57:54.104+0000] {logging_mixin.py:149} INFO - [2024-09-03T10:57:54.103+0000] {dag.py:3486} INFO - Setting next_dagrun for tutorial_dag to None, run_after=None
[2024-09-03T10:57:54.132+0000] {processor.py:179} INFO - Processing /home/airflow-vm/data-engineer-batch-processing-financial-services/.venv/lib/python3.10/site-packages/airflow/example_dags/tutorial_dag.py took 0.084 seconds
[2024-09-03T10:58:42.211+0000] {processor.py:157} INFO - Started process (PID=3693) to work on /home/airflow-vm/data-engineer-batch-processing-financial-services/.venv/lib/python3.10/site-packages/airflow/example_dags/tutorial_dag.py
[2024-09-03T10:58:42.212+0000] {processor.py:826} INFO - Processing file /home/airflow-vm/data-engineer-batch-processing-financial-services/.venv/lib/python3.10/site-packages/airflow/example_dags/tutorial_dag.py for tasks to queue
[2024-09-03T10:58:42.213+0000] {logging_mixin.py:149} INFO - [2024-09-03T10:58:42.213+0000] {dagbag.py:541} INFO - Filling up the DagBag from /home/airflow-vm/data-engineer-batch-processing-financial-services/.venv/lib/python3.10/site-packages/airflow/example_dags/tutorial_dag.py
[2024-09-03T10:58:42.218+0000] {processor.py:836} INFO - DAG(s) dict_keys(['tutorial_dag']) retrieved from /home/airflow-vm/data-engineer-batch-processing-financial-services/.venv/lib/python3.10/site-packages/airflow/example_dags/tutorial_dag.py
[2024-09-03T10:58:42.235+0000] {logging_mixin.py:149} INFO - [2024-09-03T10:58:42.235+0000] {dag.py:2726} INFO - Sync 1 DAGs
[2024-09-03T10:58:42.254+0000] {logging_mixin.py:149} INFO - [2024-09-03T10:58:42.254+0000] {dag.py:3486} INFO - Setting next_dagrun for tutorial_dag to None, run_after=None
[2024-09-03T10:58:42.284+0000] {processor.py:179} INFO - Processing /home/airflow-vm/data-engineer-batch-processing-financial-services/.venv/lib/python3.10/site-packages/airflow/example_dags/tutorial_dag.py took 0.075 seconds
[2024-09-03T10:59:15.088+0000] {processor.py:157} INFO - Started process (PID=3832) to work on /home/airflow-vm/data-engineer-batch-processing-financial-services/.venv/lib/python3.10/site-packages/airflow/example_dags/tutorial_dag.py
[2024-09-03T10:59:15.089+0000] {processor.py:826} INFO - Processing file /home/airflow-vm/data-engineer-batch-processing-financial-services/.venv/lib/python3.10/site-packages/airflow/example_dags/tutorial_dag.py for tasks to queue
[2024-09-03T10:59:15.090+0000] {logging_mixin.py:149} INFO - [2024-09-03T10:59:15.090+0000] {dagbag.py:541} INFO - Filling up the DagBag from /home/airflow-vm/data-engineer-batch-processing-financial-services/.venv/lib/python3.10/site-packages/airflow/example_dags/tutorial_dag.py
[2024-09-03T10:59:15.094+0000] {processor.py:836} INFO - DAG(s) dict_keys(['tutorial_dag']) retrieved from /home/airflow-vm/data-engineer-batch-processing-financial-services/.venv/lib/python3.10/site-packages/airflow/example_dags/tutorial_dag.py
[2024-09-03T10:59:15.111+0000] {logging_mixin.py:149} INFO - [2024-09-03T10:59:15.111+0000] {dag.py:2726} INFO - Sync 1 DAGs
[2024-09-03T10:59:15.130+0000] {logging_mixin.py:149} INFO - [2024-09-03T10:59:15.129+0000] {dag.py:3486} INFO - Setting next_dagrun for tutorial_dag to None, run_after=None
[2024-09-03T10:59:15.162+0000] {processor.py:179} INFO - Processing /home/airflow-vm/data-engineer-batch-processing-financial-services/.venv/lib/python3.10/site-packages/airflow/example_dags/tutorial_dag.py took 0.076 seconds
[2024-09-03T10:59:58.801+0000] {processor.py:157} INFO - Started process (PID=3988) to work on /home/airflow-vm/data-engineer-batch-processing-financial-services/.venv/lib/python3.10/site-packages/airflow/example_dags/tutorial_dag.py
[2024-09-03T10:59:58.802+0000] {processor.py:826} INFO - Processing file /home/airflow-vm/data-engineer-batch-processing-financial-services/.venv/lib/python3.10/site-packages/airflow/example_dags/tutorial_dag.py for tasks to queue
[2024-09-03T10:59:58.802+0000] {logging_mixin.py:149} INFO - [2024-09-03T10:59:58.802+0000] {dagbag.py:541} INFO - Filling up the DagBag from /home/airflow-vm/data-engineer-batch-processing-financial-services/.venv/lib/python3.10/site-packages/airflow/example_dags/tutorial_dag.py
[2024-09-03T10:59:58.807+0000] {processor.py:836} INFO - DAG(s) dict_keys(['tutorial_dag']) retrieved from /home/airflow-vm/data-engineer-batch-processing-financial-services/.venv/lib/python3.10/site-packages/airflow/example_dags/tutorial_dag.py
[2024-09-03T10:59:58.825+0000] {logging_mixin.py:149} INFO - [2024-09-03T10:59:58.825+0000] {dag.py:2726} INFO - Sync 1 DAGs
[2024-09-03T10:59:58.844+0000] {logging_mixin.py:149} INFO - [2024-09-03T10:59:58.844+0000] {dag.py:3486} INFO - Setting next_dagrun for tutorial_dag to None, run_after=None
[2024-09-03T10:59:58.871+0000] {processor.py:179} INFO - Processing /home/airflow-vm/data-engineer-batch-processing-financial-services/.venv/lib/python3.10/site-packages/airflow/example_dags/tutorial_dag.py took 0.073 seconds
[2024-09-03T11:00:41.861+0000] {processor.py:157} INFO - Started process (PID=4433) to work on /home/airflow-vm/data-engineer-batch-processing-financial-services/.venv/lib/python3.10/site-packages/airflow/example_dags/tutorial_dag.py
[2024-09-03T11:00:41.862+0000] {processor.py:826} INFO - Processing file /home/airflow-vm/data-engineer-batch-processing-financial-services/.venv/lib/python3.10/site-packages/airflow/example_dags/tutorial_dag.py for tasks to queue
[2024-09-03T11:00:41.863+0000] {logging_mixin.py:149} INFO - [2024-09-03T11:00:41.863+0000] {dagbag.py:541} INFO - Filling up the DagBag from /home/airflow-vm/data-engineer-batch-processing-financial-services/.venv/lib/python3.10/site-packages/airflow/example_dags/tutorial_dag.py
[2024-09-03T11:00:41.867+0000] {processor.py:836} INFO - DAG(s) dict_keys(['tutorial_dag']) retrieved from /home/airflow-vm/data-engineer-batch-processing-financial-services/.venv/lib/python3.10/site-packages/airflow/example_dags/tutorial_dag.py
[2024-09-03T11:00:41.886+0000] {logging_mixin.py:149} INFO - [2024-09-03T11:00:41.886+0000] {dag.py:2726} INFO - Sync 1 DAGs
[2024-09-03T11:00:41.905+0000] {logging_mixin.py:149} INFO - [2024-09-03T11:00:41.905+0000] {dag.py:3486} INFO - Setting next_dagrun for tutorial_dag to None, run_after=None
[2024-09-03T11:00:41.933+0000] {processor.py:179} INFO - Processing /home/airflow-vm/data-engineer-batch-processing-financial-services/.venv/lib/python3.10/site-packages/airflow/example_dags/tutorial_dag.py took 0.075 seconds
[2024-09-03T11:01:14.515+0000] {processor.py:157} INFO - Started process (PID=4661) to work on /home/airflow-vm/data-engineer-batch-processing-financial-services/.venv/lib/python3.10/site-packages/airflow/example_dags/tutorial_dag.py
[2024-09-03T11:01:14.516+0000] {processor.py:826} INFO - Processing file /home/airflow-vm/data-engineer-batch-processing-financial-services/.venv/lib/python3.10/site-packages/airflow/example_dags/tutorial_dag.py for tasks to queue
[2024-09-03T11:01:14.516+0000] {logging_mixin.py:149} INFO - [2024-09-03T11:01:14.516+0000] {dagbag.py:541} INFO - Filling up the DagBag from /home/airflow-vm/data-engineer-batch-processing-financial-services/.venv/lib/python3.10/site-packages/airflow/example_dags/tutorial_dag.py
[2024-09-03T11:01:14.521+0000] {processor.py:836} INFO - DAG(s) dict_keys(['tutorial_dag']) retrieved from /home/airflow-vm/data-engineer-batch-processing-financial-services/.venv/lib/python3.10/site-packages/airflow/example_dags/tutorial_dag.py
[2024-09-03T11:01:14.537+0000] {logging_mixin.py:149} INFO - [2024-09-03T11:01:14.537+0000] {dag.py:2726} INFO - Sync 1 DAGs
[2024-09-03T11:01:14.557+0000] {logging_mixin.py:149} INFO - [2024-09-03T11:01:14.557+0000] {dag.py:3486} INFO - Setting next_dagrun for tutorial_dag to None, run_after=None
[2024-09-03T11:01:14.585+0000] {processor.py:179} INFO - Processing /home/airflow-vm/data-engineer-batch-processing-financial-services/.venv/lib/python3.10/site-packages/airflow/example_dags/tutorial_dag.py took 0.072 seconds
[2024-09-03T11:01:48.434+0000] {processor.py:157} INFO - Started process (PID=4774) to work on /home/airflow-vm/data-engineer-batch-processing-financial-services/.venv/lib/python3.10/site-packages/airflow/example_dags/tutorial_dag.py
[2024-09-03T11:01:48.435+0000] {processor.py:826} INFO - Processing file /home/airflow-vm/data-engineer-batch-processing-financial-services/.venv/lib/python3.10/site-packages/airflow/example_dags/tutorial_dag.py for tasks to queue
[2024-09-03T11:01:48.436+0000] {logging_mixin.py:149} INFO - [2024-09-03T11:01:48.435+0000] {dagbag.py:541} INFO - Filling up the DagBag from /home/airflow-vm/data-engineer-batch-processing-financial-services/.venv/lib/python3.10/site-packages/airflow/example_dags/tutorial_dag.py
[2024-09-03T11:01:48.440+0000] {processor.py:836} INFO - DAG(s) dict_keys(['tutorial_dag']) retrieved from /home/airflow-vm/data-engineer-batch-processing-financial-services/.venv/lib/python3.10/site-packages/airflow/example_dags/tutorial_dag.py
[2024-09-03T11:01:48.458+0000] {logging_mixin.py:149} INFO - [2024-09-03T11:01:48.458+0000] {dag.py:2726} INFO - Sync 1 DAGs
[2024-09-03T11:01:48.479+0000] {logging_mixin.py:149} INFO - [2024-09-03T11:01:48.479+0000] {dag.py:3486} INFO - Setting next_dagrun for tutorial_dag to None, run_after=None
[2024-09-03T11:01:48.506+0000] {processor.py:179} INFO - Processing /home/airflow-vm/data-engineer-batch-processing-financial-services/.venv/lib/python3.10/site-packages/airflow/example_dags/tutorial_dag.py took 0.074 seconds
[2024-09-03T11:02:35.026+0000] {processor.py:157} INFO - Started process (PID=4859) to work on /home/airflow-vm/data-engineer-batch-processing-financial-services/.venv/lib/python3.10/site-packages/airflow/example_dags/tutorial_dag.py
[2024-09-03T11:02:35.027+0000] {processor.py:826} INFO - Processing file /home/airflow-vm/data-engineer-batch-processing-financial-services/.venv/lib/python3.10/site-packages/airflow/example_dags/tutorial_dag.py for tasks to queue
[2024-09-03T11:02:35.027+0000] {logging_mixin.py:149} INFO - [2024-09-03T11:02:35.027+0000] {dagbag.py:541} INFO - Filling up the DagBag from /home/airflow-vm/data-engineer-batch-processing-financial-services/.venv/lib/python3.10/site-packages/airflow/example_dags/tutorial_dag.py
[2024-09-03T11:02:35.032+0000] {processor.py:836} INFO - DAG(s) dict_keys(['tutorial_dag']) retrieved from /home/airflow-vm/data-engineer-batch-processing-financial-services/.venv/lib/python3.10/site-packages/airflow/example_dags/tutorial_dag.py
[2024-09-03T11:02:35.048+0000] {logging_mixin.py:149} INFO - [2024-09-03T11:02:35.048+0000] {dag.py:2726} INFO - Sync 1 DAGs
[2024-09-03T11:02:35.070+0000] {logging_mixin.py:149} INFO - [2024-09-03T11:02:35.070+0000] {dag.py:3486} INFO - Setting next_dagrun for tutorial_dag to None, run_after=None
[2024-09-03T11:02:35.098+0000] {processor.py:179} INFO - Processing /home/airflow-vm/data-engineer-batch-processing-financial-services/.venv/lib/python3.10/site-packages/airflow/example_dags/tutorial_dag.py took 0.075 seconds
[2024-09-03T11:03:06.076+0000] {processor.py:157} INFO - Started process (PID=5065) to work on /home/airflow-vm/data-engineer-batch-processing-financial-services/.venv/lib/python3.10/site-packages/airflow/example_dags/tutorial_dag.py
[2024-09-03T11:03:06.077+0000] {processor.py:826} INFO - Processing file /home/airflow-vm/data-engineer-batch-processing-financial-services/.venv/lib/python3.10/site-packages/airflow/example_dags/tutorial_dag.py for tasks to queue
[2024-09-03T11:03:06.078+0000] {logging_mixin.py:149} INFO - [2024-09-03T11:03:06.078+0000] {dagbag.py:541} INFO - Filling up the DagBag from /home/airflow-vm/data-engineer-batch-processing-financial-services/.venv/lib/python3.10/site-packages/airflow/example_dags/tutorial_dag.py
[2024-09-03T11:03:06.082+0000] {processor.py:836} INFO - DAG(s) dict_keys(['tutorial_dag']) retrieved from /home/airflow-vm/data-engineer-batch-processing-financial-services/.venv/lib/python3.10/site-packages/airflow/example_dags/tutorial_dag.py
[2024-09-03T11:03:06.099+0000] {logging_mixin.py:149} INFO - [2024-09-03T11:03:06.099+0000] {dag.py:2726} INFO - Sync 1 DAGs
[2024-09-03T11:03:06.117+0000] {logging_mixin.py:149} INFO - [2024-09-03T11:03:06.117+0000] {dag.py:3486} INFO - Setting next_dagrun for tutorial_dag to None, run_after=None
[2024-09-03T11:03:06.165+0000] {processor.py:179} INFO - Processing /home/airflow-vm/data-engineer-batch-processing-financial-services/.venv/lib/python3.10/site-packages/airflow/example_dags/tutorial_dag.py took 0.091 seconds
[2024-09-03T11:04:23.855+0000] {processor.py:157} INFO - Started process (PID=5886) to work on /home/airflow-vm/data-engineer-batch-processing-financial-services/.venv/lib/python3.10/site-packages/airflow/example_dags/tutorial_dag.py
[2024-09-03T11:04:23.856+0000] {processor.py:826} INFO - Processing file /home/airflow-vm/data-engineer-batch-processing-financial-services/.venv/lib/python3.10/site-packages/airflow/example_dags/tutorial_dag.py for tasks to queue
[2024-09-03T11:04:23.856+0000] {logging_mixin.py:149} INFO - [2024-09-03T11:04:23.856+0000] {dagbag.py:541} INFO - Filling up the DagBag from /home/airflow-vm/data-engineer-batch-processing-financial-services/.venv/lib/python3.10/site-packages/airflow/example_dags/tutorial_dag.py
[2024-09-03T11:04:23.861+0000] {processor.py:836} INFO - DAG(s) dict_keys(['tutorial_dag']) retrieved from /home/airflow-vm/data-engineer-batch-processing-financial-services/.venv/lib/python3.10/site-packages/airflow/example_dags/tutorial_dag.py
[2024-09-03T11:04:23.880+0000] {logging_mixin.py:149} INFO - [2024-09-03T11:04:23.879+0000] {dag.py:2726} INFO - Sync 1 DAGs
[2024-09-03T11:04:23.898+0000] {logging_mixin.py:149} INFO - [2024-09-03T11:04:23.898+0000] {dag.py:3486} INFO - Setting next_dagrun for tutorial_dag to None, run_after=None
[2024-09-03T11:04:23.926+0000] {processor.py:179} INFO - Processing /home/airflow-vm/data-engineer-batch-processing-financial-services/.venv/lib/python3.10/site-packages/airflow/example_dags/tutorial_dag.py took 0.074 seconds
[2024-09-03T11:06:30.292+0000] {processor.py:157} INFO - Started process (PID=6937) to work on /home/airflow-vm/data-engineer-batch-processing-financial-services/.venv/lib/python3.10/site-packages/airflow/example_dags/tutorial_dag.py
[2024-09-03T11:06:30.293+0000] {processor.py:826} INFO - Processing file /home/airflow-vm/data-engineer-batch-processing-financial-services/.venv/lib/python3.10/site-packages/airflow/example_dags/tutorial_dag.py for tasks to queue
[2024-09-03T11:06:30.293+0000] {logging_mixin.py:149} INFO - [2024-09-03T11:06:30.293+0000] {dagbag.py:541} INFO - Filling up the DagBag from /home/airflow-vm/data-engineer-batch-processing-financial-services/.venv/lib/python3.10/site-packages/airflow/example_dags/tutorial_dag.py
[2024-09-03T11:06:30.298+0000] {processor.py:836} INFO - DAG(s) dict_keys(['tutorial_dag']) retrieved from /home/airflow-vm/data-engineer-batch-processing-financial-services/.venv/lib/python3.10/site-packages/airflow/example_dags/tutorial_dag.py
[2024-09-03T11:06:30.316+0000] {logging_mixin.py:149} INFO - [2024-09-03T11:06:30.316+0000] {dag.py:2726} INFO - Sync 1 DAGs
[2024-09-03T11:06:30.335+0000] {logging_mixin.py:149} INFO - [2024-09-03T11:06:30.335+0000] {dag.py:3486} INFO - Setting next_dagrun for tutorial_dag to None, run_after=None
[2024-09-03T11:06:30.378+0000] {processor.py:179} INFO - Processing /home/airflow-vm/data-engineer-batch-processing-financial-services/.venv/lib/python3.10/site-packages/airflow/example_dags/tutorial_dag.py took 0.088 seconds
[2024-09-03T11:08:28.052+0000] {processor.py:157} INFO - Started process (PID=7758) to work on /home/airflow-vm/data-engineer-batch-processing-financial-services/.venv/lib/python3.10/site-packages/airflow/example_dags/tutorial_dag.py
[2024-09-03T11:08:28.053+0000] {processor.py:826} INFO - Processing file /home/airflow-vm/data-engineer-batch-processing-financial-services/.venv/lib/python3.10/site-packages/airflow/example_dags/tutorial_dag.py for tasks to queue
[2024-09-03T11:08:28.054+0000] {logging_mixin.py:149} INFO - [2024-09-03T11:08:28.053+0000] {dagbag.py:541} INFO - Filling up the DagBag from /home/airflow-vm/data-engineer-batch-processing-financial-services/.venv/lib/python3.10/site-packages/airflow/example_dags/tutorial_dag.py
[2024-09-03T11:08:28.059+0000] {processor.py:836} INFO - DAG(s) dict_keys(['tutorial_dag']) retrieved from /home/airflow-vm/data-engineer-batch-processing-financial-services/.venv/lib/python3.10/site-packages/airflow/example_dags/tutorial_dag.py
[2024-09-03T11:08:28.078+0000] {logging_mixin.py:149} INFO - [2024-09-03T11:08:28.078+0000] {dag.py:2726} INFO - Sync 1 DAGs
[2024-09-03T11:08:28.097+0000] {logging_mixin.py:149} INFO - [2024-09-03T11:08:28.097+0000] {dag.py:3486} INFO - Setting next_dagrun for tutorial_dag to None, run_after=None
[2024-09-03T11:08:28.128+0000] {processor.py:179} INFO - Processing /home/airflow-vm/data-engineer-batch-processing-financial-services/.venv/lib/python3.10/site-packages/airflow/example_dags/tutorial_dag.py took 0.079 seconds
[2024-09-03T11:10:32.193+0000] {processor.py:157} INFO - Started process (PID=8593) to work on /home/airflow-vm/data-engineer-batch-processing-financial-services/.venv/lib/python3.10/site-packages/airflow/example_dags/tutorial_dag.py
[2024-09-03T11:10:32.193+0000] {processor.py:826} INFO - Processing file /home/airflow-vm/data-engineer-batch-processing-financial-services/.venv/lib/python3.10/site-packages/airflow/example_dags/tutorial_dag.py for tasks to queue
[2024-09-03T11:10:32.194+0000] {logging_mixin.py:149} INFO - [2024-09-03T11:10:32.194+0000] {dagbag.py:541} INFO - Filling up the DagBag from /home/airflow-vm/data-engineer-batch-processing-financial-services/.venv/lib/python3.10/site-packages/airflow/example_dags/tutorial_dag.py
[2024-09-03T11:10:32.199+0000] {processor.py:836} INFO - DAG(s) dict_keys(['tutorial_dag']) retrieved from /home/airflow-vm/data-engineer-batch-processing-financial-services/.venv/lib/python3.10/site-packages/airflow/example_dags/tutorial_dag.py
[2024-09-03T11:10:32.216+0000] {logging_mixin.py:149} INFO - [2024-09-03T11:10:32.216+0000] {dag.py:2726} INFO - Sync 1 DAGs
[2024-09-03T11:10:32.235+0000] {logging_mixin.py:149} INFO - [2024-09-03T11:10:32.235+0000] {dag.py:3486} INFO - Setting next_dagrun for tutorial_dag to None, run_after=None
[2024-09-03T11:10:32.263+0000] {processor.py:179} INFO - Processing /home/airflow-vm/data-engineer-batch-processing-financial-services/.venv/lib/python3.10/site-packages/airflow/example_dags/tutorial_dag.py took 0.073 seconds
[2024-09-03T11:12:41.888+0000] {processor.py:157} INFO - Started process (PID=9513) to work on /home/airflow-vm/data-engineer-batch-processing-financial-services/.venv/lib/python3.10/site-packages/airflow/example_dags/tutorial_dag.py
[2024-09-03T11:12:41.889+0000] {processor.py:826} INFO - Processing file /home/airflow-vm/data-engineer-batch-processing-financial-services/.venv/lib/python3.10/site-packages/airflow/example_dags/tutorial_dag.py for tasks to queue
[2024-09-03T11:12:41.889+0000] {logging_mixin.py:149} INFO - [2024-09-03T11:12:41.889+0000] {dagbag.py:541} INFO - Filling up the DagBag from /home/airflow-vm/data-engineer-batch-processing-financial-services/.venv/lib/python3.10/site-packages/airflow/example_dags/tutorial_dag.py
[2024-09-03T11:12:41.894+0000] {processor.py:836} INFO - DAG(s) dict_keys(['tutorial_dag']) retrieved from /home/airflow-vm/data-engineer-batch-processing-financial-services/.venv/lib/python3.10/site-packages/airflow/example_dags/tutorial_dag.py
[2024-09-03T11:12:41.911+0000] {logging_mixin.py:149} INFO - [2024-09-03T11:12:41.911+0000] {dag.py:2726} INFO - Sync 1 DAGs
[2024-09-03T11:12:41.930+0000] {logging_mixin.py:149} INFO - [2024-09-03T11:12:41.930+0000] {dag.py:3486} INFO - Setting next_dagrun for tutorial_dag to None, run_after=None
[2024-09-03T11:12:41.964+0000] {processor.py:179} INFO - Processing /home/airflow-vm/data-engineer-batch-processing-financial-services/.venv/lib/python3.10/site-packages/airflow/example_dags/tutorial_dag.py took 0.079 seconds
[2024-09-03T11:14:53.391+0000] {processor.py:157} INFO - Started process (PID=10463) to work on /home/airflow-vm/data-engineer-batch-processing-financial-services/.venv/lib/python3.10/site-packages/airflow/example_dags/tutorial_dag.py
[2024-09-03T11:14:53.392+0000] {processor.py:826} INFO - Processing file /home/airflow-vm/data-engineer-batch-processing-financial-services/.venv/lib/python3.10/site-packages/airflow/example_dags/tutorial_dag.py for tasks to queue
[2024-09-03T11:14:53.392+0000] {logging_mixin.py:149} INFO - [2024-09-03T11:14:53.392+0000] {dagbag.py:541} INFO - Filling up the DagBag from /home/airflow-vm/data-engineer-batch-processing-financial-services/.venv/lib/python3.10/site-packages/airflow/example_dags/tutorial_dag.py
[2024-09-03T11:14:53.397+0000] {processor.py:836} INFO - DAG(s) dict_keys(['tutorial_dag']) retrieved from /home/airflow-vm/data-engineer-batch-processing-financial-services/.venv/lib/python3.10/site-packages/airflow/example_dags/tutorial_dag.py
[2024-09-03T11:14:53.415+0000] {logging_mixin.py:149} INFO - [2024-09-03T11:14:53.415+0000] {dag.py:2726} INFO - Sync 1 DAGs
[2024-09-03T11:14:53.434+0000] {logging_mixin.py:149} INFO - [2024-09-03T11:14:53.433+0000] {dag.py:3486} INFO - Setting next_dagrun for tutorial_dag to None, run_after=None
[2024-09-03T11:14:53.461+0000] {processor.py:179} INFO - Processing /home/airflow-vm/data-engineer-batch-processing-financial-services/.venv/lib/python3.10/site-packages/airflow/example_dags/tutorial_dag.py took 0.073 seconds
[2024-09-03T11:16:51.975+0000] {processor.py:157} INFO - Started process (PID=11675) to work on /home/airflow-vm/data-engineer-batch-processing-financial-services/.venv/lib/python3.10/site-packages/airflow/example_dags/tutorial_dag.py
[2024-09-03T11:16:51.976+0000] {processor.py:826} INFO - Processing file /home/airflow-vm/data-engineer-batch-processing-financial-services/.venv/lib/python3.10/site-packages/airflow/example_dags/tutorial_dag.py for tasks to queue
[2024-09-03T11:16:51.976+0000] {logging_mixin.py:149} INFO - [2024-09-03T11:16:51.976+0000] {dagbag.py:541} INFO - Filling up the DagBag from /home/airflow-vm/data-engineer-batch-processing-financial-services/.venv/lib/python3.10/site-packages/airflow/example_dags/tutorial_dag.py
[2024-09-03T11:16:51.981+0000] {processor.py:836} INFO - DAG(s) dict_keys(['tutorial_dag']) retrieved from /home/airflow-vm/data-engineer-batch-processing-financial-services/.venv/lib/python3.10/site-packages/airflow/example_dags/tutorial_dag.py
[2024-09-03T11:16:51.998+0000] {logging_mixin.py:149} INFO - [2024-09-03T11:16:51.998+0000] {dag.py:2726} INFO - Sync 1 DAGs
[2024-09-03T11:16:52.016+0000] {logging_mixin.py:149} INFO - [2024-09-03T11:16:52.016+0000] {dag.py:3486} INFO - Setting next_dagrun for tutorial_dag to None, run_after=None
[2024-09-03T11:16:52.043+0000] {processor.py:179} INFO - Processing /home/airflow-vm/data-engineer-batch-processing-financial-services/.venv/lib/python3.10/site-packages/airflow/example_dags/tutorial_dag.py took 0.070 seconds
[2024-09-03T11:19:34.975+0000] {processor.py:157} INFO - Started process (PID=13058) to work on /home/airflow-vm/data-engineer-batch-processing-financial-services/.venv/lib/python3.10/site-packages/airflow/example_dags/tutorial_dag.py
[2024-09-03T11:19:34.976+0000] {processor.py:826} INFO - Processing file /home/airflow-vm/data-engineer-batch-processing-financial-services/.venv/lib/python3.10/site-packages/airflow/example_dags/tutorial_dag.py for tasks to queue
[2024-09-03T11:19:34.976+0000] {logging_mixin.py:149} INFO - [2024-09-03T11:19:34.976+0000] {dagbag.py:541} INFO - Filling up the DagBag from /home/airflow-vm/data-engineer-batch-processing-financial-services/.venv/lib/python3.10/site-packages/airflow/example_dags/tutorial_dag.py
[2024-09-03T11:19:34.981+0000] {processor.py:836} INFO - DAG(s) dict_keys(['tutorial_dag']) retrieved from /home/airflow-vm/data-engineer-batch-processing-financial-services/.venv/lib/python3.10/site-packages/airflow/example_dags/tutorial_dag.py
[2024-09-03T11:19:34.999+0000] {logging_mixin.py:149} INFO - [2024-09-03T11:19:34.998+0000] {dag.py:2726} INFO - Sync 1 DAGs
[2024-09-03T11:19:35.018+0000] {logging_mixin.py:149} INFO - [2024-09-03T11:19:35.018+0000] {dag.py:3486} INFO - Setting next_dagrun for tutorial_dag to None, run_after=None
[2024-09-03T11:19:35.046+0000] {processor.py:179} INFO - Processing /home/airflow-vm/data-engineer-batch-processing-financial-services/.venv/lib/python3.10/site-packages/airflow/example_dags/tutorial_dag.py took 0.073 seconds
[2024-09-03T11:22:29.393+0000] {processor.py:157} INFO - Started process (PID=14517) to work on /home/airflow-vm/data-engineer-batch-processing-financial-services/.venv/lib/python3.10/site-packages/airflow/example_dags/tutorial_dag.py
[2024-09-03T11:22:29.394+0000] {processor.py:826} INFO - Processing file /home/airflow-vm/data-engineer-batch-processing-financial-services/.venv/lib/python3.10/site-packages/airflow/example_dags/tutorial_dag.py for tasks to queue
[2024-09-03T11:22:29.395+0000] {logging_mixin.py:149} INFO - [2024-09-03T11:22:29.395+0000] {dagbag.py:541} INFO - Filling up the DagBag from /home/airflow-vm/data-engineer-batch-processing-financial-services/.venv/lib/python3.10/site-packages/airflow/example_dags/tutorial_dag.py
[2024-09-03T11:22:29.400+0000] {processor.py:836} INFO - DAG(s) dict_keys(['tutorial_dag']) retrieved from /home/airflow-vm/data-engineer-batch-processing-financial-services/.venv/lib/python3.10/site-packages/airflow/example_dags/tutorial_dag.py
[2024-09-03T11:22:29.420+0000] {logging_mixin.py:149} INFO - [2024-09-03T11:22:29.420+0000] {dag.py:2726} INFO - Sync 1 DAGs
[2024-09-03T11:22:29.442+0000] {logging_mixin.py:149} INFO - [2024-09-03T11:22:29.442+0000] {dag.py:3486} INFO - Setting next_dagrun for tutorial_dag to None, run_after=None
[2024-09-03T11:22:29.471+0000] {processor.py:179} INFO - Processing /home/airflow-vm/data-engineer-batch-processing-financial-services/.venv/lib/python3.10/site-packages/airflow/example_dags/tutorial_dag.py took 0.080 seconds
[2024-09-03T11:25:29.841+0000] {processor.py:157} INFO - Started process (PID=15858) to work on /home/airflow-vm/data-engineer-batch-processing-financial-services/.venv/lib/python3.10/site-packages/airflow/example_dags/tutorial_dag.py
[2024-09-03T11:25:29.842+0000] {processor.py:826} INFO - Processing file /home/airflow-vm/data-engineer-batch-processing-financial-services/.venv/lib/python3.10/site-packages/airflow/example_dags/tutorial_dag.py for tasks to queue
[2024-09-03T11:25:29.843+0000] {logging_mixin.py:149} INFO - [2024-09-03T11:25:29.843+0000] {dagbag.py:541} INFO - Filling up the DagBag from /home/airflow-vm/data-engineer-batch-processing-financial-services/.venv/lib/python3.10/site-packages/airflow/example_dags/tutorial_dag.py
[2024-09-03T11:25:29.848+0000] {processor.py:836} INFO - DAG(s) dict_keys(['tutorial_dag']) retrieved from /home/airflow-vm/data-engineer-batch-processing-financial-services/.venv/lib/python3.10/site-packages/airflow/example_dags/tutorial_dag.py
[2024-09-03T11:25:29.868+0000] {logging_mixin.py:149} INFO - [2024-09-03T11:25:29.868+0000] {dag.py:2726} INFO - Sync 1 DAGs
[2024-09-03T11:25:29.890+0000] {logging_mixin.py:149} INFO - [2024-09-03T11:25:29.890+0000] {dag.py:3486} INFO - Setting next_dagrun for tutorial_dag to None, run_after=None
[2024-09-03T11:25:29.918+0000] {processor.py:179} INFO - Processing /home/airflow-vm/data-engineer-batch-processing-financial-services/.venv/lib/python3.10/site-packages/airflow/example_dags/tutorial_dag.py took 0.080 seconds
[2024-09-03T11:28:06.935+0000] {processor.py:157} INFO - Started process (PID=17002) to work on /home/airflow-vm/data-engineer-batch-processing-financial-services/.venv/lib/python3.10/site-packages/airflow/example_dags/tutorial_dag.py
[2024-09-03T11:28:06.936+0000] {processor.py:826} INFO - Processing file /home/airflow-vm/data-engineer-batch-processing-financial-services/.venv/lib/python3.10/site-packages/airflow/example_dags/tutorial_dag.py for tasks to queue
[2024-09-03T11:28:06.936+0000] {logging_mixin.py:149} INFO - [2024-09-03T11:28:06.936+0000] {dagbag.py:541} INFO - Filling up the DagBag from /home/airflow-vm/data-engineer-batch-processing-financial-services/.venv/lib/python3.10/site-packages/airflow/example_dags/tutorial_dag.py
[2024-09-03T11:28:06.940+0000] {processor.py:836} INFO - DAG(s) dict_keys(['tutorial_dag']) retrieved from /home/airflow-vm/data-engineer-batch-processing-financial-services/.venv/lib/python3.10/site-packages/airflow/example_dags/tutorial_dag.py
[2024-09-03T11:28:06.958+0000] {logging_mixin.py:149} INFO - [2024-09-03T11:28:06.958+0000] {dag.py:2726} INFO - Sync 1 DAGs
[2024-09-03T11:28:06.978+0000] {logging_mixin.py:149} INFO - [2024-09-03T11:28:06.978+0000] {dag.py:3486} INFO - Setting next_dagrun for tutorial_dag to None, run_after=None
[2024-09-03T11:28:07.005+0000] {processor.py:179} INFO - Processing /home/airflow-vm/data-engineer-batch-processing-financial-services/.venv/lib/python3.10/site-packages/airflow/example_dags/tutorial_dag.py took 0.073 seconds
[2024-09-03T11:32:10.802+0000] {processor.py:157} INFO - Started process (PID=19362) to work on /home/airflow-vm/data-engineer-batch-processing-financial-services/.venv/lib/python3.10/site-packages/airflow/example_dags/tutorial_dag.py
[2024-09-03T11:32:10.803+0000] {processor.py:826} INFO - Processing file /home/airflow-vm/data-engineer-batch-processing-financial-services/.venv/lib/python3.10/site-packages/airflow/example_dags/tutorial_dag.py for tasks to queue
[2024-09-03T11:32:10.804+0000] {logging_mixin.py:149} INFO - [2024-09-03T11:32:10.804+0000] {dagbag.py:541} INFO - Filling up the DagBag from /home/airflow-vm/data-engineer-batch-processing-financial-services/.venv/lib/python3.10/site-packages/airflow/example_dags/tutorial_dag.py
[2024-09-03T11:32:10.809+0000] {processor.py:836} INFO - DAG(s) dict_keys(['tutorial_dag']) retrieved from /home/airflow-vm/data-engineer-batch-processing-financial-services/.venv/lib/python3.10/site-packages/airflow/example_dags/tutorial_dag.py
[2024-09-03T11:32:10.830+0000] {logging_mixin.py:149} INFO - [2024-09-03T11:32:10.829+0000] {dag.py:2726} INFO - Sync 1 DAGs
[2024-09-03T11:32:10.851+0000] {logging_mixin.py:149} INFO - [2024-09-03T11:32:10.851+0000] {dag.py:3486} INFO - Setting next_dagrun for tutorial_dag to None, run_after=None
[2024-09-03T11:32:10.882+0000] {processor.py:179} INFO - Processing /home/airflow-vm/data-engineer-batch-processing-financial-services/.venv/lib/python3.10/site-packages/airflow/example_dags/tutorial_dag.py took 0.082 seconds
[2024-09-03T11:36:57.505+0000] {processor.py:157} INFO - Started process (PID=22406) to work on /home/airflow-vm/data-engineer-batch-processing-financial-services/.venv/lib/python3.10/site-packages/airflow/example_dags/tutorial_dag.py
[2024-09-03T11:36:57.505+0000] {processor.py:826} INFO - Processing file /home/airflow-vm/data-engineer-batch-processing-financial-services/.venv/lib/python3.10/site-packages/airflow/example_dags/tutorial_dag.py for tasks to queue
[2024-09-03T11:36:57.506+0000] {logging_mixin.py:149} INFO - [2024-09-03T11:36:57.506+0000] {dagbag.py:541} INFO - Filling up the DagBag from /home/airflow-vm/data-engineer-batch-processing-financial-services/.venv/lib/python3.10/site-packages/airflow/example_dags/tutorial_dag.py
[2024-09-03T11:36:57.511+0000] {processor.py:836} INFO - DAG(s) dict_keys(['tutorial_dag']) retrieved from /home/airflow-vm/data-engineer-batch-processing-financial-services/.venv/lib/python3.10/site-packages/airflow/example_dags/tutorial_dag.py
[2024-09-03T11:36:57.529+0000] {logging_mixin.py:149} INFO - [2024-09-03T11:36:57.529+0000] {dag.py:2726} INFO - Sync 1 DAGs
[2024-09-03T11:36:57.551+0000] {logging_mixin.py:149} INFO - [2024-09-03T11:36:57.551+0000] {dag.py:3486} INFO - Setting next_dagrun for tutorial_dag to None, run_after=None
[2024-09-03T11:36:57.582+0000] {processor.py:179} INFO - Processing /home/airflow-vm/data-engineer-batch-processing-financial-services/.venv/lib/python3.10/site-packages/airflow/example_dags/tutorial_dag.py took 0.080 seconds
[2024-09-03T11:37:42.923+0000] {processor.py:157} INFO - Started process (PID=22705) to work on /home/airflow-vm/data-engineer-batch-processing-financial-services/.venv/lib/python3.10/site-packages/airflow/example_dags/tutorial_dag.py
[2024-09-03T11:37:42.924+0000] {processor.py:826} INFO - Processing file /home/airflow-vm/data-engineer-batch-processing-financial-services/.venv/lib/python3.10/site-packages/airflow/example_dags/tutorial_dag.py for tasks to queue
[2024-09-03T11:37:42.925+0000] {logging_mixin.py:149} INFO - [2024-09-03T11:37:42.925+0000] {dagbag.py:541} INFO - Filling up the DagBag from /home/airflow-vm/data-engineer-batch-processing-financial-services/.venv/lib/python3.10/site-packages/airflow/example_dags/tutorial_dag.py
[2024-09-03T11:37:42.929+0000] {processor.py:836} INFO - DAG(s) dict_keys(['tutorial_dag']) retrieved from /home/airflow-vm/data-engineer-batch-processing-financial-services/.venv/lib/python3.10/site-packages/airflow/example_dags/tutorial_dag.py
[2024-09-03T11:37:42.948+0000] {logging_mixin.py:149} INFO - [2024-09-03T11:37:42.948+0000] {dag.py:2726} INFO - Sync 1 DAGs
[2024-09-03T11:37:42.969+0000] {logging_mixin.py:149} INFO - [2024-09-03T11:37:42.969+0000] {dag.py:3486} INFO - Setting next_dagrun for tutorial_dag to None, run_after=None
[2024-09-03T11:37:42.998+0000] {processor.py:179} INFO - Processing /home/airflow-vm/data-engineer-batch-processing-financial-services/.venv/lib/python3.10/site-packages/airflow/example_dags/tutorial_dag.py took 0.077 seconds
[2024-09-03T11:38:17.318+0000] {processor.py:157} INFO - Started process (PID=22888) to work on /home/airflow-vm/data-engineer-batch-processing-financial-services/.venv/lib/python3.10/site-packages/airflow/example_dags/tutorial_dag.py
[2024-09-03T11:38:17.319+0000] {processor.py:826} INFO - Processing file /home/airflow-vm/data-engineer-batch-processing-financial-services/.venv/lib/python3.10/site-packages/airflow/example_dags/tutorial_dag.py for tasks to queue
[2024-09-03T11:38:17.319+0000] {logging_mixin.py:149} INFO - [2024-09-03T11:38:17.319+0000] {dagbag.py:541} INFO - Filling up the DagBag from /home/airflow-vm/data-engineer-batch-processing-financial-services/.venv/lib/python3.10/site-packages/airflow/example_dags/tutorial_dag.py
[2024-09-03T11:38:17.324+0000] {processor.py:836} INFO - DAG(s) dict_keys(['tutorial_dag']) retrieved from /home/airflow-vm/data-engineer-batch-processing-financial-services/.venv/lib/python3.10/site-packages/airflow/example_dags/tutorial_dag.py
[2024-09-03T11:38:17.343+0000] {logging_mixin.py:149} INFO - [2024-09-03T11:38:17.343+0000] {dag.py:2726} INFO - Sync 1 DAGs
[2024-09-03T11:38:17.366+0000] {logging_mixin.py:149} INFO - [2024-09-03T11:38:17.366+0000] {dag.py:3486} INFO - Setting next_dagrun for tutorial_dag to None, run_after=None
[2024-09-03T11:38:17.399+0000] {processor.py:179} INFO - Processing /home/airflow-vm/data-engineer-batch-processing-financial-services/.venv/lib/python3.10/site-packages/airflow/example_dags/tutorial_dag.py took 0.084 seconds
[2024-09-03T11:38:50.579+0000] {processor.py:157} INFO - Started process (PID=22981) to work on /home/airflow-vm/data-engineer-batch-processing-financial-services/.venv/lib/python3.10/site-packages/airflow/example_dags/tutorial_dag.py
[2024-09-03T11:38:50.580+0000] {processor.py:826} INFO - Processing file /home/airflow-vm/data-engineer-batch-processing-financial-services/.venv/lib/python3.10/site-packages/airflow/example_dags/tutorial_dag.py for tasks to queue
[2024-09-03T11:38:50.580+0000] {logging_mixin.py:149} INFO - [2024-09-03T11:38:50.580+0000] {dagbag.py:541} INFO - Filling up the DagBag from /home/airflow-vm/data-engineer-batch-processing-financial-services/.venv/lib/python3.10/site-packages/airflow/example_dags/tutorial_dag.py
[2024-09-03T11:38:50.585+0000] {processor.py:836} INFO - DAG(s) dict_keys(['tutorial_dag']) retrieved from /home/airflow-vm/data-engineer-batch-processing-financial-services/.venv/lib/python3.10/site-packages/airflow/example_dags/tutorial_dag.py
[2024-09-03T11:38:50.604+0000] {logging_mixin.py:149} INFO - [2024-09-03T11:38:50.604+0000] {dag.py:2726} INFO - Sync 1 DAGs
[2024-09-03T11:38:50.625+0000] {logging_mixin.py:149} INFO - [2024-09-03T11:38:50.625+0000] {dag.py:3486} INFO - Setting next_dagrun for tutorial_dag to None, run_after=None
[2024-09-03T11:38:50.654+0000] {processor.py:179} INFO - Processing /home/airflow-vm/data-engineer-batch-processing-financial-services/.venv/lib/python3.10/site-packages/airflow/example_dags/tutorial_dag.py took 0.078 seconds
[2024-09-03T11:39:24.449+0000] {processor.py:157} INFO - Started process (PID=23193) to work on /home/airflow-vm/data-engineer-batch-processing-financial-services/.venv/lib/python3.10/site-packages/airflow/example_dags/tutorial_dag.py
[2024-09-03T11:39:24.450+0000] {processor.py:826} INFO - Processing file /home/airflow-vm/data-engineer-batch-processing-financial-services/.venv/lib/python3.10/site-packages/airflow/example_dags/tutorial_dag.py for tasks to queue
[2024-09-03T11:39:24.451+0000] {logging_mixin.py:149} INFO - [2024-09-03T11:39:24.451+0000] {dagbag.py:541} INFO - Filling up the DagBag from /home/airflow-vm/data-engineer-batch-processing-financial-services/.venv/lib/python3.10/site-packages/airflow/example_dags/tutorial_dag.py
[2024-09-03T11:39:24.456+0000] {processor.py:836} INFO - DAG(s) dict_keys(['tutorial_dag']) retrieved from /home/airflow-vm/data-engineer-batch-processing-financial-services/.venv/lib/python3.10/site-packages/airflow/example_dags/tutorial_dag.py
[2024-09-03T11:39:24.476+0000] {logging_mixin.py:149} INFO - [2024-09-03T11:39:24.476+0000] {dag.py:2726} INFO - Sync 1 DAGs
[2024-09-03T11:39:24.496+0000] {logging_mixin.py:149} INFO - [2024-09-03T11:39:24.496+0000] {dag.py:3486} INFO - Setting next_dagrun for tutorial_dag to None, run_after=None
[2024-09-03T11:39:24.526+0000] {processor.py:179} INFO - Processing /home/airflow-vm/data-engineer-batch-processing-financial-services/.venv/lib/python3.10/site-packages/airflow/example_dags/tutorial_dag.py took 0.079 seconds
[2024-09-03T11:40:08.223+0000] {processor.py:157} INFO - Started process (PID=23352) to work on /home/airflow-vm/data-engineer-batch-processing-financial-services/.venv/lib/python3.10/site-packages/airflow/example_dags/tutorial_dag.py
[2024-09-03T11:40:08.224+0000] {processor.py:826} INFO - Processing file /home/airflow-vm/data-engineer-batch-processing-financial-services/.venv/lib/python3.10/site-packages/airflow/example_dags/tutorial_dag.py for tasks to queue
[2024-09-03T11:40:08.225+0000] {logging_mixin.py:149} INFO - [2024-09-03T11:40:08.224+0000] {dagbag.py:541} INFO - Filling up the DagBag from /home/airflow-vm/data-engineer-batch-processing-financial-services/.venv/lib/python3.10/site-packages/airflow/example_dags/tutorial_dag.py
[2024-09-03T11:40:08.229+0000] {processor.py:836} INFO - DAG(s) dict_keys(['tutorial_dag']) retrieved from /home/airflow-vm/data-engineer-batch-processing-financial-services/.venv/lib/python3.10/site-packages/airflow/example_dags/tutorial_dag.py
[2024-09-03T11:40:08.246+0000] {logging_mixin.py:149} INFO - [2024-09-03T11:40:08.246+0000] {dag.py:2726} INFO - Sync 1 DAGs
[2024-09-03T11:40:08.267+0000] {logging_mixin.py:149} INFO - [2024-09-03T11:40:08.267+0000] {dag.py:3486} INFO - Setting next_dagrun for tutorial_dag to None, run_after=None
[2024-09-03T11:40:08.295+0000] {processor.py:179} INFO - Processing /home/airflow-vm/data-engineer-batch-processing-financial-services/.venv/lib/python3.10/site-packages/airflow/example_dags/tutorial_dag.py took 0.074 seconds
[2024-09-03T11:41:45.298+0000] {processor.py:157} INFO - Started process (PID=24427) to work on /home/airflow-vm/data-engineer-batch-processing-financial-services/.venv/lib/python3.10/site-packages/airflow/example_dags/tutorial_dag.py
[2024-09-03T11:41:45.299+0000] {processor.py:826} INFO - Processing file /home/airflow-vm/data-engineer-batch-processing-financial-services/.venv/lib/python3.10/site-packages/airflow/example_dags/tutorial_dag.py for tasks to queue
[2024-09-03T11:41:45.300+0000] {logging_mixin.py:149} INFO - [2024-09-03T11:41:45.299+0000] {dagbag.py:541} INFO - Filling up the DagBag from /home/airflow-vm/data-engineer-batch-processing-financial-services/.venv/lib/python3.10/site-packages/airflow/example_dags/tutorial_dag.py
[2024-09-03T11:41:45.304+0000] {processor.py:836} INFO - DAG(s) dict_keys(['tutorial_dag']) retrieved from /home/airflow-vm/data-engineer-batch-processing-financial-services/.venv/lib/python3.10/site-packages/airflow/example_dags/tutorial_dag.py
[2024-09-03T11:41:45.321+0000] {logging_mixin.py:149} INFO - [2024-09-03T11:41:45.321+0000] {dag.py:2726} INFO - Sync 1 DAGs
[2024-09-03T11:41:45.340+0000] {logging_mixin.py:149} INFO - [2024-09-03T11:41:45.340+0000] {dag.py:3486} INFO - Setting next_dagrun for tutorial_dag to None, run_after=None
[2024-09-03T11:41:45.370+0000] {processor.py:179} INFO - Processing /home/airflow-vm/data-engineer-batch-processing-financial-services/.venv/lib/python3.10/site-packages/airflow/example_dags/tutorial_dag.py took 0.074 seconds
[2024-09-03T11:46:11.108+0000] {processor.py:157} INFO - Started process (PID=27071) to work on /home/airflow-vm/data-engineer-batch-processing-financial-services/.venv/lib/python3.10/site-packages/airflow/example_dags/tutorial_dag.py
[2024-09-03T11:46:11.109+0000] {processor.py:826} INFO - Processing file /home/airflow-vm/data-engineer-batch-processing-financial-services/.venv/lib/python3.10/site-packages/airflow/example_dags/tutorial_dag.py for tasks to queue
[2024-09-03T11:46:11.109+0000] {logging_mixin.py:149} INFO - [2024-09-03T11:46:11.109+0000] {dagbag.py:541} INFO - Filling up the DagBag from /home/airflow-vm/data-engineer-batch-processing-financial-services/.venv/lib/python3.10/site-packages/airflow/example_dags/tutorial_dag.py
[2024-09-03T11:46:11.114+0000] {processor.py:836} INFO - DAG(s) dict_keys(['tutorial_dag']) retrieved from /home/airflow-vm/data-engineer-batch-processing-financial-services/.venv/lib/python3.10/site-packages/airflow/example_dags/tutorial_dag.py
[2024-09-03T11:46:11.131+0000] {logging_mixin.py:149} INFO - [2024-09-03T11:46:11.131+0000] {dag.py:2726} INFO - Sync 1 DAGs
[2024-09-03T11:46:11.151+0000] {logging_mixin.py:149} INFO - [2024-09-03T11:46:11.151+0000] {dag.py:3486} INFO - Setting next_dagrun for tutorial_dag to None, run_after=None
[2024-09-03T11:46:11.180+0000] {processor.py:179} INFO - Processing /home/airflow-vm/data-engineer-batch-processing-financial-services/.venv/lib/python3.10/site-packages/airflow/example_dags/tutorial_dag.py took 0.075 seconds
[2024-09-03T11:49:53.410+0000] {processor.py:157} INFO - Started process (PID=29381) to work on /home/airflow-vm/data-engineer-batch-processing-financial-services/.venv/lib/python3.10/site-packages/airflow/example_dags/tutorial_dag.py
[2024-09-03T11:49:53.411+0000] {processor.py:826} INFO - Processing file /home/airflow-vm/data-engineer-batch-processing-financial-services/.venv/lib/python3.10/site-packages/airflow/example_dags/tutorial_dag.py for tasks to queue
[2024-09-03T11:49:53.411+0000] {logging_mixin.py:149} INFO - [2024-09-03T11:49:53.411+0000] {dagbag.py:541} INFO - Filling up the DagBag from /home/airflow-vm/data-engineer-batch-processing-financial-services/.venv/lib/python3.10/site-packages/airflow/example_dags/tutorial_dag.py
[2024-09-03T11:49:53.415+0000] {processor.py:836} INFO - DAG(s) dict_keys(['tutorial_dag']) retrieved from /home/airflow-vm/data-engineer-batch-processing-financial-services/.venv/lib/python3.10/site-packages/airflow/example_dags/tutorial_dag.py
[2024-09-03T11:49:53.433+0000] {logging_mixin.py:149} INFO - [2024-09-03T11:49:53.432+0000] {dag.py:2726} INFO - Sync 1 DAGs
[2024-09-03T11:49:53.451+0000] {logging_mixin.py:149} INFO - [2024-09-03T11:49:53.451+0000] {dag.py:3486} INFO - Setting next_dagrun for tutorial_dag to None, run_after=None
[2024-09-03T11:49:53.478+0000] {processor.py:179} INFO - Processing /home/airflow-vm/data-engineer-batch-processing-financial-services/.venv/lib/python3.10/site-packages/airflow/example_dags/tutorial_dag.py took 0.071 seconds
[2024-09-03T11:50:43.030+0000] {processor.py:157} INFO - Started process (PID=29675) to work on /home/airflow-vm/data-engineer-batch-processing-financial-services/.venv/lib/python3.10/site-packages/airflow/example_dags/tutorial_dag.py
[2024-09-03T11:50:43.031+0000] {processor.py:826} INFO - Processing file /home/airflow-vm/data-engineer-batch-processing-financial-services/.venv/lib/python3.10/site-packages/airflow/example_dags/tutorial_dag.py for tasks to queue
[2024-09-03T11:50:43.032+0000] {logging_mixin.py:149} INFO - [2024-09-03T11:50:43.032+0000] {dagbag.py:541} INFO - Filling up the DagBag from /home/airflow-vm/data-engineer-batch-processing-financial-services/.venv/lib/python3.10/site-packages/airflow/example_dags/tutorial_dag.py
[2024-09-03T11:50:43.036+0000] {processor.py:836} INFO - DAG(s) dict_keys(['tutorial_dag']) retrieved from /home/airflow-vm/data-engineer-batch-processing-financial-services/.venv/lib/python3.10/site-packages/airflow/example_dags/tutorial_dag.py
[2024-09-03T11:50:43.054+0000] {logging_mixin.py:149} INFO - [2024-09-03T11:50:43.054+0000] {dag.py:2726} INFO - Sync 1 DAGs
[2024-09-03T11:50:43.074+0000] {logging_mixin.py:149} INFO - [2024-09-03T11:50:43.074+0000] {dag.py:3486} INFO - Setting next_dagrun for tutorial_dag to None, run_after=None
[2024-09-03T11:50:43.109+0000] {processor.py:179} INFO - Processing /home/airflow-vm/data-engineer-batch-processing-financial-services/.venv/lib/python3.10/site-packages/airflow/example_dags/tutorial_dag.py took 0.081 seconds
[2024-09-03T11:51:26.688+0000] {processor.py:157} INFO - Started process (PID=29722) to work on /home/airflow-vm/data-engineer-batch-processing-financial-services/.venv/lib/python3.10/site-packages/airflow/example_dags/tutorial_dag.py
[2024-09-03T11:51:26.689+0000] {processor.py:826} INFO - Processing file /home/airflow-vm/data-engineer-batch-processing-financial-services/.venv/lib/python3.10/site-packages/airflow/example_dags/tutorial_dag.py for tasks to queue
[2024-09-03T11:51:26.689+0000] {logging_mixin.py:149} INFO - [2024-09-03T11:51:26.689+0000] {dagbag.py:541} INFO - Filling up the DagBag from /home/airflow-vm/data-engineer-batch-processing-financial-services/.venv/lib/python3.10/site-packages/airflow/example_dags/tutorial_dag.py
[2024-09-03T11:51:26.694+0000] {processor.py:836} INFO - DAG(s) dict_keys(['tutorial_dag']) retrieved from /home/airflow-vm/data-engineer-batch-processing-financial-services/.venv/lib/python3.10/site-packages/airflow/example_dags/tutorial_dag.py
[2024-09-03T11:51:26.711+0000] {logging_mixin.py:149} INFO - [2024-09-03T11:51:26.711+0000] {dag.py:2726} INFO - Sync 1 DAGs
[2024-09-03T11:51:26.729+0000] {logging_mixin.py:149} INFO - [2024-09-03T11:51:26.729+0000] {dag.py:3486} INFO - Setting next_dagrun for tutorial_dag to None, run_after=None
[2024-09-03T11:51:26.757+0000] {processor.py:179} INFO - Processing /home/airflow-vm/data-engineer-batch-processing-financial-services/.venv/lib/python3.10/site-packages/airflow/example_dags/tutorial_dag.py took 0.072 seconds
[2024-09-03T11:52:10.587+0000] {processor.py:157} INFO - Started process (PID=29770) to work on /home/airflow-vm/data-engineer-batch-processing-financial-services/.venv/lib/python3.10/site-packages/airflow/example_dags/tutorial_dag.py
[2024-09-03T11:52:10.588+0000] {processor.py:826} INFO - Processing file /home/airflow-vm/data-engineer-batch-processing-financial-services/.venv/lib/python3.10/site-packages/airflow/example_dags/tutorial_dag.py for tasks to queue
[2024-09-03T11:52:10.589+0000] {logging_mixin.py:149} INFO - [2024-09-03T11:52:10.588+0000] {dagbag.py:541} INFO - Filling up the DagBag from /home/airflow-vm/data-engineer-batch-processing-financial-services/.venv/lib/python3.10/site-packages/airflow/example_dags/tutorial_dag.py
[2024-09-03T11:52:10.593+0000] {processor.py:836} INFO - DAG(s) dict_keys(['tutorial_dag']) retrieved from /home/airflow-vm/data-engineer-batch-processing-financial-services/.venv/lib/python3.10/site-packages/airflow/example_dags/tutorial_dag.py
[2024-09-03T11:52:10.610+0000] {logging_mixin.py:149} INFO - [2024-09-03T11:52:10.610+0000] {dag.py:2726} INFO - Sync 1 DAGs
[2024-09-03T11:52:10.629+0000] {logging_mixin.py:149} INFO - [2024-09-03T11:52:10.628+0000] {dag.py:3486} INFO - Setting next_dagrun for tutorial_dag to None, run_after=None
[2024-09-03T11:52:10.657+0000] {processor.py:179} INFO - Processing /home/airflow-vm/data-engineer-batch-processing-financial-services/.venv/lib/python3.10/site-packages/airflow/example_dags/tutorial_dag.py took 0.072 seconds
[2024-09-03T11:52:43.765+0000] {processor.py:157} INFO - Started process (PID=29804) to work on /home/airflow-vm/data-engineer-batch-processing-financial-services/.venv/lib/python3.10/site-packages/airflow/example_dags/tutorial_dag.py
[2024-09-03T11:52:43.766+0000] {processor.py:826} INFO - Processing file /home/airflow-vm/data-engineer-batch-processing-financial-services/.venv/lib/python3.10/site-packages/airflow/example_dags/tutorial_dag.py for tasks to queue
[2024-09-03T11:52:43.766+0000] {logging_mixin.py:149} INFO - [2024-09-03T11:52:43.766+0000] {dagbag.py:541} INFO - Filling up the DagBag from /home/airflow-vm/data-engineer-batch-processing-financial-services/.venv/lib/python3.10/site-packages/airflow/example_dags/tutorial_dag.py
[2024-09-03T11:52:43.771+0000] {processor.py:836} INFO - DAG(s) dict_keys(['tutorial_dag']) retrieved from /home/airflow-vm/data-engineer-batch-processing-financial-services/.venv/lib/python3.10/site-packages/airflow/example_dags/tutorial_dag.py
[2024-09-03T11:52:43.790+0000] {logging_mixin.py:149} INFO - [2024-09-03T11:52:43.789+0000] {dag.py:2726} INFO - Sync 1 DAGs
[2024-09-03T11:52:43.809+0000] {logging_mixin.py:149} INFO - [2024-09-03T11:52:43.809+0000] {dag.py:3486} INFO - Setting next_dagrun for tutorial_dag to None, run_after=None
[2024-09-03T11:52:43.841+0000] {processor.py:179} INFO - Processing /home/airflow-vm/data-engineer-batch-processing-financial-services/.venv/lib/python3.10/site-packages/airflow/example_dags/tutorial_dag.py took 0.079 seconds
[2024-09-03T11:53:15.886+0000] {processor.py:157} INFO - Started process (PID=29837) to work on /home/airflow-vm/data-engineer-batch-processing-financial-services/.venv/lib/python3.10/site-packages/airflow/example_dags/tutorial_dag.py
[2024-09-03T11:53:15.887+0000] {processor.py:826} INFO - Processing file /home/airflow-vm/data-engineer-batch-processing-financial-services/.venv/lib/python3.10/site-packages/airflow/example_dags/tutorial_dag.py for tasks to queue
[2024-09-03T11:53:15.887+0000] {logging_mixin.py:149} INFO - [2024-09-03T11:53:15.887+0000] {dagbag.py:541} INFO - Filling up the DagBag from /home/airflow-vm/data-engineer-batch-processing-financial-services/.venv/lib/python3.10/site-packages/airflow/example_dags/tutorial_dag.py
[2024-09-03T11:53:15.892+0000] {processor.py:836} INFO - DAG(s) dict_keys(['tutorial_dag']) retrieved from /home/airflow-vm/data-engineer-batch-processing-financial-services/.venv/lib/python3.10/site-packages/airflow/example_dags/tutorial_dag.py
[2024-09-03T11:53:15.910+0000] {logging_mixin.py:149} INFO - [2024-09-03T11:53:15.910+0000] {dag.py:2726} INFO - Sync 1 DAGs
[2024-09-03T11:53:15.930+0000] {logging_mixin.py:149} INFO - [2024-09-03T11:53:15.930+0000] {dag.py:3486} INFO - Setting next_dagrun for tutorial_dag to None, run_after=None
[2024-09-03T11:53:15.959+0000] {processor.py:179} INFO - Processing /home/airflow-vm/data-engineer-batch-processing-financial-services/.venv/lib/python3.10/site-packages/airflow/example_dags/tutorial_dag.py took 0.076 seconds
[2024-09-03T11:54:02.553+0000] {processor.py:157} INFO - Started process (PID=29912) to work on /home/airflow-vm/data-engineer-batch-processing-financial-services/.venv/lib/python3.10/site-packages/airflow/example_dags/tutorial_dag.py
[2024-09-03T11:54:02.554+0000] {processor.py:826} INFO - Processing file /home/airflow-vm/data-engineer-batch-processing-financial-services/.venv/lib/python3.10/site-packages/airflow/example_dags/tutorial_dag.py for tasks to queue
[2024-09-03T11:54:02.554+0000] {logging_mixin.py:149} INFO - [2024-09-03T11:54:02.554+0000] {dagbag.py:541} INFO - Filling up the DagBag from /home/airflow-vm/data-engineer-batch-processing-financial-services/.venv/lib/python3.10/site-packages/airflow/example_dags/tutorial_dag.py
[2024-09-03T11:54:02.559+0000] {processor.py:836} INFO - DAG(s) dict_keys(['tutorial_dag']) retrieved from /home/airflow-vm/data-engineer-batch-processing-financial-services/.venv/lib/python3.10/site-packages/airflow/example_dags/tutorial_dag.py
[2024-09-03T11:54:02.579+0000] {logging_mixin.py:149} INFO - [2024-09-03T11:54:02.579+0000] {dag.py:2726} INFO - Sync 1 DAGs
[2024-09-03T11:54:02.600+0000] {logging_mixin.py:149} INFO - [2024-09-03T11:54:02.600+0000] {dag.py:3486} INFO - Setting next_dagrun for tutorial_dag to None, run_after=None
[2024-09-03T11:54:02.639+0000] {processor.py:179} INFO - Processing /home/airflow-vm/data-engineer-batch-processing-financial-services/.venv/lib/python3.10/site-packages/airflow/example_dags/tutorial_dag.py took 0.089 seconds
[2024-09-03T11:54:35.944+0000] {processor.py:157} INFO - Started process (PID=29946) to work on /home/airflow-vm/data-engineer-batch-processing-financial-services/.venv/lib/python3.10/site-packages/airflow/example_dags/tutorial_dag.py
[2024-09-03T11:54:35.945+0000] {processor.py:826} INFO - Processing file /home/airflow-vm/data-engineer-batch-processing-financial-services/.venv/lib/python3.10/site-packages/airflow/example_dags/tutorial_dag.py for tasks to queue
[2024-09-03T11:54:35.946+0000] {logging_mixin.py:149} INFO - [2024-09-03T11:54:35.945+0000] {dagbag.py:541} INFO - Filling up the DagBag from /home/airflow-vm/data-engineer-batch-processing-financial-services/.venv/lib/python3.10/site-packages/airflow/example_dags/tutorial_dag.py
[2024-09-03T11:54:35.950+0000] {processor.py:836} INFO - DAG(s) dict_keys(['tutorial_dag']) retrieved from /home/airflow-vm/data-engineer-batch-processing-financial-services/.venv/lib/python3.10/site-packages/airflow/example_dags/tutorial_dag.py
[2024-09-03T11:54:35.969+0000] {logging_mixin.py:149} INFO - [2024-09-03T11:54:35.969+0000] {dag.py:2726} INFO - Sync 1 DAGs
[2024-09-03T11:54:35.988+0000] {logging_mixin.py:149} INFO - [2024-09-03T11:54:35.988+0000] {dag.py:3486} INFO - Setting next_dagrun for tutorial_dag to None, run_after=None
[2024-09-03T11:54:36.015+0000] {processor.py:179} INFO - Processing /home/airflow-vm/data-engineer-batch-processing-financial-services/.venv/lib/python3.10/site-packages/airflow/example_dags/tutorial_dag.py took 0.074 seconds
[2024-09-03T11:55:08.451+0000] {processor.py:157} INFO - Started process (PID=29986) to work on /home/airflow-vm/data-engineer-batch-processing-financial-services/.venv/lib/python3.10/site-packages/airflow/example_dags/tutorial_dag.py
[2024-09-03T11:55:08.452+0000] {processor.py:826} INFO - Processing file /home/airflow-vm/data-engineer-batch-processing-financial-services/.venv/lib/python3.10/site-packages/airflow/example_dags/tutorial_dag.py for tasks to queue
[2024-09-03T11:55:08.452+0000] {logging_mixin.py:149} INFO - [2024-09-03T11:55:08.452+0000] {dagbag.py:541} INFO - Filling up the DagBag from /home/airflow-vm/data-engineer-batch-processing-financial-services/.venv/lib/python3.10/site-packages/airflow/example_dags/tutorial_dag.py
[2024-09-03T11:55:08.457+0000] {processor.py:836} INFO - DAG(s) dict_keys(['tutorial_dag']) retrieved from /home/airflow-vm/data-engineer-batch-processing-financial-services/.venv/lib/python3.10/site-packages/airflow/example_dags/tutorial_dag.py
[2024-09-03T11:55:08.475+0000] {logging_mixin.py:149} INFO - [2024-09-03T11:55:08.475+0000] {dag.py:2726} INFO - Sync 1 DAGs
[2024-09-03T11:55:08.494+0000] {logging_mixin.py:149} INFO - [2024-09-03T11:55:08.494+0000] {dag.py:3486} INFO - Setting next_dagrun for tutorial_dag to None, run_after=None
[2024-09-03T11:55:08.521+0000] {processor.py:179} INFO - Processing /home/airflow-vm/data-engineer-batch-processing-financial-services/.venv/lib/python3.10/site-packages/airflow/example_dags/tutorial_dag.py took 0.073 seconds
[2024-09-03T11:55:51.858+0000] {processor.py:157} INFO - Started process (PID=30033) to work on /home/airflow-vm/data-engineer-batch-processing-financial-services/.venv/lib/python3.10/site-packages/airflow/example_dags/tutorial_dag.py
[2024-09-03T11:55:51.859+0000] {processor.py:826} INFO - Processing file /home/airflow-vm/data-engineer-batch-processing-financial-services/.venv/lib/python3.10/site-packages/airflow/example_dags/tutorial_dag.py for tasks to queue
[2024-09-03T11:55:51.860+0000] {logging_mixin.py:149} INFO - [2024-09-03T11:55:51.860+0000] {dagbag.py:541} INFO - Filling up the DagBag from /home/airflow-vm/data-engineer-batch-processing-financial-services/.venv/lib/python3.10/site-packages/airflow/example_dags/tutorial_dag.py
[2024-09-03T11:55:51.865+0000] {processor.py:836} INFO - DAG(s) dict_keys(['tutorial_dag']) retrieved from /home/airflow-vm/data-engineer-batch-processing-financial-services/.venv/lib/python3.10/site-packages/airflow/example_dags/tutorial_dag.py
[2024-09-03T11:55:51.883+0000] {logging_mixin.py:149} INFO - [2024-09-03T11:55:51.883+0000] {dag.py:2726} INFO - Sync 1 DAGs
[2024-09-03T11:55:51.902+0000] {logging_mixin.py:149} INFO - [2024-09-03T11:55:51.902+0000] {dag.py:3486} INFO - Setting next_dagrun for tutorial_dag to None, run_after=None
[2024-09-03T11:55:51.928+0000] {processor.py:179} INFO - Processing /home/airflow-vm/data-engineer-batch-processing-financial-services/.venv/lib/python3.10/site-packages/airflow/example_dags/tutorial_dag.py took 0.073 seconds
[2024-09-03T11:56:24.109+0000] {processor.py:157} INFO - Started process (PID=30067) to work on /home/airflow-vm/data-engineer-batch-processing-financial-services/.venv/lib/python3.10/site-packages/airflow/example_dags/tutorial_dag.py
[2024-09-03T11:56:24.109+0000] {processor.py:826} INFO - Processing file /home/airflow-vm/data-engineer-batch-processing-financial-services/.venv/lib/python3.10/site-packages/airflow/example_dags/tutorial_dag.py for tasks to queue
[2024-09-03T11:56:24.110+0000] {logging_mixin.py:149} INFO - [2024-09-03T11:56:24.110+0000] {dagbag.py:541} INFO - Filling up the DagBag from /home/airflow-vm/data-engineer-batch-processing-financial-services/.venv/lib/python3.10/site-packages/airflow/example_dags/tutorial_dag.py
[2024-09-03T11:56:24.114+0000] {processor.py:836} INFO - DAG(s) dict_keys(['tutorial_dag']) retrieved from /home/airflow-vm/data-engineer-batch-processing-financial-services/.venv/lib/python3.10/site-packages/airflow/example_dags/tutorial_dag.py
[2024-09-03T11:56:24.131+0000] {logging_mixin.py:149} INFO - [2024-09-03T11:56:24.131+0000] {dag.py:2726} INFO - Sync 1 DAGs
[2024-09-03T11:56:24.149+0000] {logging_mixin.py:149} INFO - [2024-09-03T11:56:24.149+0000] {dag.py:3486} INFO - Setting next_dagrun for tutorial_dag to None, run_after=None
[2024-09-03T11:56:24.178+0000] {processor.py:179} INFO - Processing /home/airflow-vm/data-engineer-batch-processing-financial-services/.venv/lib/python3.10/site-packages/airflow/example_dags/tutorial_dag.py took 0.072 seconds
