[2024-09-03T10:58:01.116+0000] {processor.py:157} INFO - Started process (PID=3345) to work on /home/airflow-vm/data-engineer-batch-processing-financial-services/.venv/lib/python3.10/site-packages/airflow/example_dags/tutorial.py
[2024-09-03T10:58:01.117+0000] {processor.py:826} INFO - Processing file /home/airflow-vm/data-engineer-batch-processing-financial-services/.venv/lib/python3.10/site-packages/airflow/example_dags/tutorial.py for tasks to queue
[2024-09-03T10:58:01.118+0000] {logging_mixin.py:149} INFO - [2024-09-03T10:58:01.118+0000] {dagbag.py:541} INFO - Filling up the DagBag from /home/airflow-vm/data-engineer-batch-processing-financial-services/.venv/lib/python3.10/site-packages/airflow/example_dags/tutorial.py
[2024-09-03T10:58:01.125+0000] {processor.py:836} INFO - DAG(s) dict_keys(['tutorial']) retrieved from /home/airflow-vm/data-engineer-batch-processing-financial-services/.venv/lib/python3.10/site-packages/airflow/example_dags/tutorial.py
[2024-09-03T10:58:01.171+0000] {logging_mixin.py:149} INFO - [2024-09-03T10:58:01.171+0000] {dag.py:2726} INFO - Sync 1 DAGs
[2024-09-03T10:58:01.191+0000] {logging_mixin.py:149} INFO - [2024-09-03T10:58:01.191+0000] {dag.py:3486} INFO - Setting next_dagrun for tutorial to 2024-09-02T10:58:01.191552+00:00, run_after=2024-09-03T10:58:01.191552+00:00
[2024-09-03T10:58:01.222+0000] {processor.py:179} INFO - Processing /home/airflow-vm/data-engineer-batch-processing-financial-services/.venv/lib/python3.10/site-packages/airflow/example_dags/tutorial.py took 0.108 seconds
[2024-09-03T10:58:49.308+0000] {processor.py:157} INFO - Started process (PID=3730) to work on /home/airflow-vm/data-engineer-batch-processing-financial-services/.venv/lib/python3.10/site-packages/airflow/example_dags/tutorial.py
[2024-09-03T10:58:49.309+0000] {processor.py:826} INFO - Processing file /home/airflow-vm/data-engineer-batch-processing-financial-services/.venv/lib/python3.10/site-packages/airflow/example_dags/tutorial.py for tasks to queue
[2024-09-03T10:58:49.309+0000] {logging_mixin.py:149} INFO - [2024-09-03T10:58:49.309+0000] {dagbag.py:541} INFO - Filling up the DagBag from /home/airflow-vm/data-engineer-batch-processing-financial-services/.venv/lib/python3.10/site-packages/airflow/example_dags/tutorial.py
[2024-09-03T10:58:49.315+0000] {processor.py:836} INFO - DAG(s) dict_keys(['tutorial']) retrieved from /home/airflow-vm/data-engineer-batch-processing-financial-services/.venv/lib/python3.10/site-packages/airflow/example_dags/tutorial.py
[2024-09-03T10:58:49.332+0000] {logging_mixin.py:149} INFO - [2024-09-03T10:58:49.332+0000] {dag.py:2726} INFO - Sync 1 DAGs
[2024-09-03T10:58:49.351+0000] {logging_mixin.py:149} INFO - [2024-09-03T10:58:49.350+0000] {dag.py:3486} INFO - Setting next_dagrun for tutorial to 2024-09-02T10:58:49.350698+00:00, run_after=2024-09-03T10:58:49.350698+00:00
[2024-09-03T10:58:49.378+0000] {processor.py:179} INFO - Processing /home/airflow-vm/data-engineer-batch-processing-financial-services/.venv/lib/python3.10/site-packages/airflow/example_dags/tutorial.py took 0.073 seconds
[2024-09-03T10:59:34.535+0000] {processor.py:157} INFO - Started process (PID=3856) to work on /home/airflow-vm/data-engineer-batch-processing-financial-services/.venv/lib/python3.10/site-packages/airflow/example_dags/tutorial.py
[2024-09-03T10:59:34.535+0000] {processor.py:826} INFO - Processing file /home/airflow-vm/data-engineer-batch-processing-financial-services/.venv/lib/python3.10/site-packages/airflow/example_dags/tutorial.py for tasks to queue
[2024-09-03T10:59:34.536+0000] {logging_mixin.py:149} INFO - [2024-09-03T10:59:34.536+0000] {dagbag.py:541} INFO - Filling up the DagBag from /home/airflow-vm/data-engineer-batch-processing-financial-services/.venv/lib/python3.10/site-packages/airflow/example_dags/tutorial.py
[2024-09-03T10:59:34.542+0000] {processor.py:836} INFO - DAG(s) dict_keys(['tutorial']) retrieved from /home/airflow-vm/data-engineer-batch-processing-financial-services/.venv/lib/python3.10/site-packages/airflow/example_dags/tutorial.py
[2024-09-03T10:59:34.558+0000] {logging_mixin.py:149} INFO - [2024-09-03T10:59:34.558+0000] {dag.py:2726} INFO - Sync 1 DAGs
[2024-09-03T10:59:34.578+0000] {logging_mixin.py:149} INFO - [2024-09-03T10:59:34.578+0000] {dag.py:3486} INFO - Setting next_dagrun for tutorial to 2024-09-02T10:59:34.578111+00:00, run_after=2024-09-03T10:59:34.578111+00:00
[2024-09-03T10:59:34.607+0000] {processor.py:179} INFO - Processing /home/airflow-vm/data-engineer-batch-processing-financial-services/.venv/lib/python3.10/site-packages/airflow/example_dags/tutorial.py took 0.075 seconds
[2024-09-03T11:00:18.368+0000] {processor.py:157} INFO - Started process (PID=4220) to work on /home/airflow-vm/data-engineer-batch-processing-financial-services/.venv/lib/python3.10/site-packages/airflow/example_dags/tutorial.py
[2024-09-03T11:00:18.368+0000] {processor.py:826} INFO - Processing file /home/airflow-vm/data-engineer-batch-processing-financial-services/.venv/lib/python3.10/site-packages/airflow/example_dags/tutorial.py for tasks to queue
[2024-09-03T11:00:18.369+0000] {logging_mixin.py:149} INFO - [2024-09-03T11:00:18.369+0000] {dagbag.py:541} INFO - Filling up the DagBag from /home/airflow-vm/data-engineer-batch-processing-financial-services/.venv/lib/python3.10/site-packages/airflow/example_dags/tutorial.py
[2024-09-03T11:00:18.375+0000] {processor.py:836} INFO - DAG(s) dict_keys(['tutorial']) retrieved from /home/airflow-vm/data-engineer-batch-processing-financial-services/.venv/lib/python3.10/site-packages/airflow/example_dags/tutorial.py
[2024-09-03T11:00:18.392+0000] {logging_mixin.py:149} INFO - [2024-09-03T11:00:18.392+0000] {dag.py:2726} INFO - Sync 1 DAGs
[2024-09-03T11:00:18.411+0000] {logging_mixin.py:149} INFO - [2024-09-03T11:00:18.411+0000] {dag.py:3486} INFO - Setting next_dagrun for tutorial to 2024-09-02T11:00:18.411159+00:00, run_after=2024-09-03T11:00:18.411159+00:00
[2024-09-03T11:00:18.441+0000] {processor.py:179} INFO - Processing /home/airflow-vm/data-engineer-batch-processing-financial-services/.venv/lib/python3.10/site-packages/airflow/example_dags/tutorial.py took 0.076 seconds
[2024-09-03T11:01:04.374+0000] {processor.py:157} INFO - Started process (PID=4603) to work on /home/airflow-vm/data-engineer-batch-processing-financial-services/.venv/lib/python3.10/site-packages/airflow/example_dags/tutorial.py
[2024-09-03T11:01:04.375+0000] {processor.py:826} INFO - Processing file /home/airflow-vm/data-engineer-batch-processing-financial-services/.venv/lib/python3.10/site-packages/airflow/example_dags/tutorial.py for tasks to queue
[2024-09-03T11:01:04.376+0000] {logging_mixin.py:149} INFO - [2024-09-03T11:01:04.375+0000] {dagbag.py:541} INFO - Filling up the DagBag from /home/airflow-vm/data-engineer-batch-processing-financial-services/.venv/lib/python3.10/site-packages/airflow/example_dags/tutorial.py
[2024-09-03T11:01:04.382+0000] {processor.py:836} INFO - DAG(s) dict_keys(['tutorial']) retrieved from /home/airflow-vm/data-engineer-batch-processing-financial-services/.venv/lib/python3.10/site-packages/airflow/example_dags/tutorial.py
[2024-09-03T11:01:04.400+0000] {logging_mixin.py:149} INFO - [2024-09-03T11:01:04.399+0000] {dag.py:2726} INFO - Sync 1 DAGs
[2024-09-03T11:01:04.419+0000] {logging_mixin.py:149} INFO - [2024-09-03T11:01:04.419+0000] {dag.py:3486} INFO - Setting next_dagrun for tutorial to 2024-09-02T11:01:04.419302+00:00, run_after=2024-09-03T11:01:04.419302+00:00
[2024-09-03T11:01:04.451+0000] {processor.py:179} INFO - Processing /home/airflow-vm/data-engineer-batch-processing-financial-services/.venv/lib/python3.10/site-packages/airflow/example_dags/tutorial.py took 0.080 seconds
[2024-09-03T11:01:51.948+0000] {processor.py:157} INFO - Started process (PID=4781) to work on /home/airflow-vm/data-engineer-batch-processing-financial-services/.venv/lib/python3.10/site-packages/airflow/example_dags/tutorial.py
[2024-09-03T11:01:51.949+0000] {processor.py:826} INFO - Processing file /home/airflow-vm/data-engineer-batch-processing-financial-services/.venv/lib/python3.10/site-packages/airflow/example_dags/tutorial.py for tasks to queue
[2024-09-03T11:01:51.950+0000] {logging_mixin.py:149} INFO - [2024-09-03T11:01:51.949+0000] {dagbag.py:541} INFO - Filling up the DagBag from /home/airflow-vm/data-engineer-batch-processing-financial-services/.venv/lib/python3.10/site-packages/airflow/example_dags/tutorial.py
[2024-09-03T11:01:51.955+0000] {processor.py:836} INFO - DAG(s) dict_keys(['tutorial']) retrieved from /home/airflow-vm/data-engineer-batch-processing-financial-services/.venv/lib/python3.10/site-packages/airflow/example_dags/tutorial.py
[2024-09-03T11:01:51.972+0000] {logging_mixin.py:149} INFO - [2024-09-03T11:01:51.972+0000] {dag.py:2726} INFO - Sync 1 DAGs
[2024-09-03T11:01:51.990+0000] {logging_mixin.py:149} INFO - [2024-09-03T11:01:51.990+0000] {dag.py:3486} INFO - Setting next_dagrun for tutorial to 2024-09-02T11:01:51.990504+00:00, run_after=2024-09-03T11:01:51.990504+00:00
[2024-09-03T11:01:52.019+0000] {processor.py:179} INFO - Processing /home/airflow-vm/data-engineer-batch-processing-financial-services/.venv/lib/python3.10/site-packages/airflow/example_dags/tutorial.py took 0.073 seconds
[2024-09-03T11:02:39.343+0000] {processor.py:157} INFO - Started process (PID=4901) to work on /home/airflow-vm/data-engineer-batch-processing-financial-services/.venv/lib/python3.10/site-packages/airflow/example_dags/tutorial.py
[2024-09-03T11:02:39.344+0000] {processor.py:826} INFO - Processing file /home/airflow-vm/data-engineer-batch-processing-financial-services/.venv/lib/python3.10/site-packages/airflow/example_dags/tutorial.py for tasks to queue
[2024-09-03T11:02:39.345+0000] {logging_mixin.py:149} INFO - [2024-09-03T11:02:39.345+0000] {dagbag.py:541} INFO - Filling up the DagBag from /home/airflow-vm/data-engineer-batch-processing-financial-services/.venv/lib/python3.10/site-packages/airflow/example_dags/tutorial.py
[2024-09-03T11:02:39.351+0000] {processor.py:836} INFO - DAG(s) dict_keys(['tutorial']) retrieved from /home/airflow-vm/data-engineer-batch-processing-financial-services/.venv/lib/python3.10/site-packages/airflow/example_dags/tutorial.py
[2024-09-03T11:02:39.370+0000] {logging_mixin.py:149} INFO - [2024-09-03T11:02:39.370+0000] {dag.py:2726} INFO - Sync 1 DAGs
[2024-09-03T11:02:39.390+0000] {logging_mixin.py:149} INFO - [2024-09-03T11:02:39.390+0000] {dag.py:3486} INFO - Setting next_dagrun for tutorial to 2024-09-02T11:02:39.390559+00:00, run_after=2024-09-03T11:02:39.390559+00:00
[2024-09-03T11:02:39.425+0000] {processor.py:179} INFO - Processing /home/airflow-vm/data-engineer-batch-processing-financial-services/.venv/lib/python3.10/site-packages/airflow/example_dags/tutorial.py took 0.084 seconds
[2024-09-03T11:03:39.841+0000] {processor.py:157} INFO - Started process (PID=5360) to work on /home/airflow-vm/data-engineer-batch-processing-financial-services/.venv/lib/python3.10/site-packages/airflow/example_dags/tutorial.py
[2024-09-03T11:03:39.842+0000] {processor.py:826} INFO - Processing file /home/airflow-vm/data-engineer-batch-processing-financial-services/.venv/lib/python3.10/site-packages/airflow/example_dags/tutorial.py for tasks to queue
[2024-09-03T11:03:39.842+0000] {logging_mixin.py:149} INFO - [2024-09-03T11:03:39.842+0000] {dagbag.py:541} INFO - Filling up the DagBag from /home/airflow-vm/data-engineer-batch-processing-financial-services/.venv/lib/python3.10/site-packages/airflow/example_dags/tutorial.py
[2024-09-03T11:03:39.848+0000] {processor.py:836} INFO - DAG(s) dict_keys(['tutorial']) retrieved from /home/airflow-vm/data-engineer-batch-processing-financial-services/.venv/lib/python3.10/site-packages/airflow/example_dags/tutorial.py
[2024-09-03T11:03:39.868+0000] {logging_mixin.py:149} INFO - [2024-09-03T11:03:39.868+0000] {dag.py:2726} INFO - Sync 1 DAGs
[2024-09-03T11:03:39.889+0000] {logging_mixin.py:149} INFO - [2024-09-03T11:03:39.889+0000] {dag.py:3486} INFO - Setting next_dagrun for tutorial to 2024-09-02T11:03:39.889278+00:00, run_after=2024-09-03T11:03:39.889278+00:00
[2024-09-03T11:03:39.920+0000] {processor.py:179} INFO - Processing /home/airflow-vm/data-engineer-batch-processing-financial-services/.venv/lib/python3.10/site-packages/airflow/example_dags/tutorial.py took 0.082 seconds
[2024-09-03T11:04:47.543+0000] {processor.py:157} INFO - Started process (PID=6189) to work on /home/airflow-vm/data-engineer-batch-processing-financial-services/.venv/lib/python3.10/site-packages/airflow/example_dags/tutorial.py
[2024-09-03T11:04:47.544+0000] {processor.py:826} INFO - Processing file /home/airflow-vm/data-engineer-batch-processing-financial-services/.venv/lib/python3.10/site-packages/airflow/example_dags/tutorial.py for tasks to queue
[2024-09-03T11:04:47.545+0000] {logging_mixin.py:149} INFO - [2024-09-03T11:04:47.545+0000] {dagbag.py:541} INFO - Filling up the DagBag from /home/airflow-vm/data-engineer-batch-processing-financial-services/.venv/lib/python3.10/site-packages/airflow/example_dags/tutorial.py
[2024-09-03T11:04:47.551+0000] {processor.py:836} INFO - DAG(s) dict_keys(['tutorial']) retrieved from /home/airflow-vm/data-engineer-batch-processing-financial-services/.venv/lib/python3.10/site-packages/airflow/example_dags/tutorial.py
[2024-09-03T11:04:47.570+0000] {logging_mixin.py:149} INFO - [2024-09-03T11:04:47.570+0000] {dag.py:2726} INFO - Sync 1 DAGs
[2024-09-03T11:04:47.592+0000] {logging_mixin.py:149} INFO - [2024-09-03T11:04:47.592+0000] {dag.py:3486} INFO - Setting next_dagrun for tutorial to 2024-09-02T11:04:47.592058+00:00, run_after=2024-09-03T11:04:47.592058+00:00
[2024-09-03T11:04:47.620+0000] {processor.py:179} INFO - Processing /home/airflow-vm/data-engineer-batch-processing-financial-services/.venv/lib/python3.10/site-packages/airflow/example_dags/tutorial.py took 0.079 seconds
[2024-09-03T11:06:50.334+0000] {processor.py:157} INFO - Started process (PID=7078) to work on /home/airflow-vm/data-engineer-batch-processing-financial-services/.venv/lib/python3.10/site-packages/airflow/example_dags/tutorial.py
[2024-09-03T11:06:50.335+0000] {processor.py:826} INFO - Processing file /home/airflow-vm/data-engineer-batch-processing-financial-services/.venv/lib/python3.10/site-packages/airflow/example_dags/tutorial.py for tasks to queue
[2024-09-03T11:06:50.335+0000] {logging_mixin.py:149} INFO - [2024-09-03T11:06:50.335+0000] {dagbag.py:541} INFO - Filling up the DagBag from /home/airflow-vm/data-engineer-batch-processing-financial-services/.venv/lib/python3.10/site-packages/airflow/example_dags/tutorial.py
[2024-09-03T11:06:50.341+0000] {processor.py:836} INFO - DAG(s) dict_keys(['tutorial']) retrieved from /home/airflow-vm/data-engineer-batch-processing-financial-services/.venv/lib/python3.10/site-packages/airflow/example_dags/tutorial.py
[2024-09-03T11:06:50.360+0000] {logging_mixin.py:149} INFO - [2024-09-03T11:06:50.359+0000] {dag.py:2726} INFO - Sync 1 DAGs
[2024-09-03T11:06:50.379+0000] {logging_mixin.py:149} INFO - [2024-09-03T11:06:50.379+0000] {dag.py:3486} INFO - Setting next_dagrun for tutorial to 2024-09-02T11:06:50.379552+00:00, run_after=2024-09-03T11:06:50.379552+00:00
[2024-09-03T11:06:50.408+0000] {processor.py:179} INFO - Processing /home/airflow-vm/data-engineer-batch-processing-financial-services/.venv/lib/python3.10/site-packages/airflow/example_dags/tutorial.py took 0.076 seconds
[2024-09-03T11:08:51.271+0000] {processor.py:157} INFO - Started process (PID=7913) to work on /home/airflow-vm/data-engineer-batch-processing-financial-services/.venv/lib/python3.10/site-packages/airflow/example_dags/tutorial.py
[2024-09-03T11:08:51.272+0000] {processor.py:826} INFO - Processing file /home/airflow-vm/data-engineer-batch-processing-financial-services/.venv/lib/python3.10/site-packages/airflow/example_dags/tutorial.py for tasks to queue
[2024-09-03T11:08:51.273+0000] {logging_mixin.py:149} INFO - [2024-09-03T11:08:51.273+0000] {dagbag.py:541} INFO - Filling up the DagBag from /home/airflow-vm/data-engineer-batch-processing-financial-services/.venv/lib/python3.10/site-packages/airflow/example_dags/tutorial.py
[2024-09-03T11:08:51.280+0000] {processor.py:836} INFO - DAG(s) dict_keys(['tutorial']) retrieved from /home/airflow-vm/data-engineer-batch-processing-financial-services/.venv/lib/python3.10/site-packages/airflow/example_dags/tutorial.py
[2024-09-03T11:08:51.299+0000] {logging_mixin.py:149} INFO - [2024-09-03T11:08:51.298+0000] {dag.py:2726} INFO - Sync 1 DAGs
[2024-09-03T11:08:51.320+0000] {logging_mixin.py:149} INFO - [2024-09-03T11:08:51.320+0000] {dag.py:3486} INFO - Setting next_dagrun for tutorial to 2024-09-02T11:08:51.320427+00:00, run_after=2024-09-03T11:08:51.320427+00:00
[2024-09-03T11:08:51.349+0000] {processor.py:179} INFO - Processing /home/airflow-vm/data-engineer-batch-processing-financial-services/.venv/lib/python3.10/site-packages/airflow/example_dags/tutorial.py took 0.080 seconds
[2024-09-03T11:10:57.971+0000] {processor.py:157} INFO - Started process (PID=8776) to work on /home/airflow-vm/data-engineer-batch-processing-financial-services/.venv/lib/python3.10/site-packages/airflow/example_dags/tutorial.py
[2024-09-03T11:10:57.971+0000] {processor.py:826} INFO - Processing file /home/airflow-vm/data-engineer-batch-processing-financial-services/.venv/lib/python3.10/site-packages/airflow/example_dags/tutorial.py for tasks to queue
[2024-09-03T11:10:57.972+0000] {logging_mixin.py:149} INFO - [2024-09-03T11:10:57.972+0000] {dagbag.py:541} INFO - Filling up the DagBag from /home/airflow-vm/data-engineer-batch-processing-financial-services/.venv/lib/python3.10/site-packages/airflow/example_dags/tutorial.py
[2024-09-03T11:10:57.978+0000] {processor.py:836} INFO - DAG(s) dict_keys(['tutorial']) retrieved from /home/airflow-vm/data-engineer-batch-processing-financial-services/.venv/lib/python3.10/site-packages/airflow/example_dags/tutorial.py
[2024-09-03T11:10:57.996+0000] {logging_mixin.py:149} INFO - [2024-09-03T11:10:57.996+0000] {dag.py:2726} INFO - Sync 1 DAGs
[2024-09-03T11:10:58.016+0000] {logging_mixin.py:149} INFO - [2024-09-03T11:10:58.016+0000] {dag.py:3486} INFO - Setting next_dagrun for tutorial to 2024-09-02T11:10:58.016080+00:00, run_after=2024-09-03T11:10:58.016080+00:00
[2024-09-03T11:10:58.044+0000] {processor.py:179} INFO - Processing /home/airflow-vm/data-engineer-batch-processing-financial-services/.venv/lib/python3.10/site-packages/airflow/example_dags/tutorial.py took 0.076 seconds
[2024-09-03T11:13:05.607+0000] {processor.py:157} INFO - Started process (PID=9686) to work on /home/airflow-vm/data-engineer-batch-processing-financial-services/.venv/lib/python3.10/site-packages/airflow/example_dags/tutorial.py
[2024-09-03T11:13:05.608+0000] {processor.py:826} INFO - Processing file /home/airflow-vm/data-engineer-batch-processing-financial-services/.venv/lib/python3.10/site-packages/airflow/example_dags/tutorial.py for tasks to queue
[2024-09-03T11:13:05.609+0000] {logging_mixin.py:149} INFO - [2024-09-03T11:13:05.609+0000] {dagbag.py:541} INFO - Filling up the DagBag from /home/airflow-vm/data-engineer-batch-processing-financial-services/.venv/lib/python3.10/site-packages/airflow/example_dags/tutorial.py
[2024-09-03T11:13:05.615+0000] {processor.py:836} INFO - DAG(s) dict_keys(['tutorial']) retrieved from /home/airflow-vm/data-engineer-batch-processing-financial-services/.venv/lib/python3.10/site-packages/airflow/example_dags/tutorial.py
[2024-09-03T11:13:05.632+0000] {logging_mixin.py:149} INFO - [2024-09-03T11:13:05.632+0000] {dag.py:2726} INFO - Sync 1 DAGs
[2024-09-03T11:13:05.652+0000] {logging_mixin.py:149} INFO - [2024-09-03T11:13:05.652+0000] {dag.py:3486} INFO - Setting next_dagrun for tutorial to 2024-09-02T11:13:05.652487+00:00, run_after=2024-09-03T11:13:05.652487+00:00
[2024-09-03T11:13:05.687+0000] {processor.py:179} INFO - Processing /home/airflow-vm/data-engineer-batch-processing-financial-services/.venv/lib/python3.10/site-packages/airflow/example_dags/tutorial.py took 0.082 seconds
[2024-09-03T11:15:16.967+0000] {processor.py:157} INFO - Started process (PID=10676) to work on /home/airflow-vm/data-engineer-batch-processing-financial-services/.venv/lib/python3.10/site-packages/airflow/example_dags/tutorial.py
[2024-09-03T11:15:16.968+0000] {processor.py:826} INFO - Processing file /home/airflow-vm/data-engineer-batch-processing-financial-services/.venv/lib/python3.10/site-packages/airflow/example_dags/tutorial.py for tasks to queue
[2024-09-03T11:15:16.969+0000] {logging_mixin.py:149} INFO - [2024-09-03T11:15:16.969+0000] {dagbag.py:541} INFO - Filling up the DagBag from /home/airflow-vm/data-engineer-batch-processing-financial-services/.venv/lib/python3.10/site-packages/airflow/example_dags/tutorial.py
[2024-09-03T11:15:16.975+0000] {processor.py:836} INFO - DAG(s) dict_keys(['tutorial']) retrieved from /home/airflow-vm/data-engineer-batch-processing-financial-services/.venv/lib/python3.10/site-packages/airflow/example_dags/tutorial.py
[2024-09-03T11:15:16.993+0000] {logging_mixin.py:149} INFO - [2024-09-03T11:15:16.993+0000] {dag.py:2726} INFO - Sync 1 DAGs
[2024-09-03T11:15:17.013+0000] {logging_mixin.py:149} INFO - [2024-09-03T11:15:17.013+0000] {dag.py:3486} INFO - Setting next_dagrun for tutorial to 2024-09-02T11:15:17.012962+00:00, run_after=2024-09-03T11:15:17.012962+00:00
[2024-09-03T11:15:17.041+0000] {processor.py:179} INFO - Processing /home/airflow-vm/data-engineer-batch-processing-financial-services/.venv/lib/python3.10/site-packages/airflow/example_dags/tutorial.py took 0.076 seconds
[2024-09-03T11:17:24.535+0000] {processor.py:157} INFO - Started process (PID=11913) to work on /home/airflow-vm/data-engineer-batch-processing-financial-services/.venv/lib/python3.10/site-packages/airflow/example_dags/tutorial.py
[2024-09-03T11:17:24.535+0000] {processor.py:826} INFO - Processing file /home/airflow-vm/data-engineer-batch-processing-financial-services/.venv/lib/python3.10/site-packages/airflow/example_dags/tutorial.py for tasks to queue
[2024-09-03T11:17:24.536+0000] {logging_mixin.py:149} INFO - [2024-09-03T11:17:24.536+0000] {dagbag.py:541} INFO - Filling up the DagBag from /home/airflow-vm/data-engineer-batch-processing-financial-services/.venv/lib/python3.10/site-packages/airflow/example_dags/tutorial.py
[2024-09-03T11:17:24.542+0000] {processor.py:836} INFO - DAG(s) dict_keys(['tutorial']) retrieved from /home/airflow-vm/data-engineer-batch-processing-financial-services/.venv/lib/python3.10/site-packages/airflow/example_dags/tutorial.py
[2024-09-03T11:17:24.559+0000] {logging_mixin.py:149} INFO - [2024-09-03T11:17:24.559+0000] {dag.py:2726} INFO - Sync 1 DAGs
[2024-09-03T11:17:24.579+0000] {logging_mixin.py:149} INFO - [2024-09-03T11:17:24.579+0000] {dag.py:3486} INFO - Setting next_dagrun for tutorial to 2024-09-02T11:17:24.579544+00:00, run_after=2024-09-03T11:17:24.579544+00:00
[2024-09-03T11:17:24.612+0000] {processor.py:179} INFO - Processing /home/airflow-vm/data-engineer-batch-processing-financial-services/.venv/lib/python3.10/site-packages/airflow/example_dags/tutorial.py took 0.080 seconds
[2024-09-03T11:20:00.294+0000] {processor.py:157} INFO - Started process (PID=13240) to work on /home/airflow-vm/data-engineer-batch-processing-financial-services/.venv/lib/python3.10/site-packages/airflow/example_dags/tutorial.py
[2024-09-03T11:20:00.295+0000] {processor.py:826} INFO - Processing file /home/airflow-vm/data-engineer-batch-processing-financial-services/.venv/lib/python3.10/site-packages/airflow/example_dags/tutorial.py for tasks to queue
[2024-09-03T11:20:00.296+0000] {logging_mixin.py:149} INFO - [2024-09-03T11:20:00.295+0000] {dagbag.py:541} INFO - Filling up the DagBag from /home/airflow-vm/data-engineer-batch-processing-financial-services/.venv/lib/python3.10/site-packages/airflow/example_dags/tutorial.py
[2024-09-03T11:20:00.302+0000] {processor.py:836} INFO - DAG(s) dict_keys(['tutorial']) retrieved from /home/airflow-vm/data-engineer-batch-processing-financial-services/.venv/lib/python3.10/site-packages/airflow/example_dags/tutorial.py
[2024-09-03T11:20:00.319+0000] {logging_mixin.py:149} INFO - [2024-09-03T11:20:00.319+0000] {dag.py:2726} INFO - Sync 1 DAGs
[2024-09-03T11:20:00.337+0000] {logging_mixin.py:149} INFO - [2024-09-03T11:20:00.337+0000] {dag.py:3486} INFO - Setting next_dagrun for tutorial to 2024-09-02T11:20:00.337593+00:00, run_after=2024-09-03T11:20:00.337593+00:00
[2024-09-03T11:20:00.365+0000] {processor.py:179} INFO - Processing /home/airflow-vm/data-engineer-batch-processing-financial-services/.venv/lib/python3.10/site-packages/airflow/example_dags/tutorial.py took 0.074 seconds
[2024-09-03T11:23:02.754+0000] {processor.py:157} INFO - Started process (PID=14758) to work on /home/airflow-vm/data-engineer-batch-processing-financial-services/.venv/lib/python3.10/site-packages/airflow/example_dags/tutorial.py
[2024-09-03T11:23:02.755+0000] {processor.py:826} INFO - Processing file /home/airflow-vm/data-engineer-batch-processing-financial-services/.venv/lib/python3.10/site-packages/airflow/example_dags/tutorial.py for tasks to queue
[2024-09-03T11:23:02.755+0000] {logging_mixin.py:149} INFO - [2024-09-03T11:23:02.755+0000] {dagbag.py:541} INFO - Filling up the DagBag from /home/airflow-vm/data-engineer-batch-processing-financial-services/.venv/lib/python3.10/site-packages/airflow/example_dags/tutorial.py
[2024-09-03T11:23:02.762+0000] {processor.py:836} INFO - DAG(s) dict_keys(['tutorial']) retrieved from /home/airflow-vm/data-engineer-batch-processing-financial-services/.venv/lib/python3.10/site-packages/airflow/example_dags/tutorial.py
[2024-09-03T11:23:02.781+0000] {logging_mixin.py:149} INFO - [2024-09-03T11:23:02.781+0000] {dag.py:2726} INFO - Sync 1 DAGs
[2024-09-03T11:23:02.801+0000] {logging_mixin.py:149} INFO - [2024-09-03T11:23:02.801+0000] {dag.py:3486} INFO - Setting next_dagrun for tutorial to 2024-09-02T11:23:02.801410+00:00, run_after=2024-09-03T11:23:02.801410+00:00
[2024-09-03T11:23:02.831+0000] {processor.py:179} INFO - Processing /home/airflow-vm/data-engineer-batch-processing-financial-services/.venv/lib/python3.10/site-packages/airflow/example_dags/tutorial.py took 0.081 seconds
[2024-09-03T11:25:55.888+0000] {processor.py:157} INFO - Started process (PID=16036) to work on /home/airflow-vm/data-engineer-batch-processing-financial-services/.venv/lib/python3.10/site-packages/airflow/example_dags/tutorial.py
[2024-09-03T11:25:55.889+0000] {processor.py:826} INFO - Processing file /home/airflow-vm/data-engineer-batch-processing-financial-services/.venv/lib/python3.10/site-packages/airflow/example_dags/tutorial.py for tasks to queue
[2024-09-03T11:25:55.889+0000] {logging_mixin.py:149} INFO - [2024-09-03T11:25:55.889+0000] {dagbag.py:541} INFO - Filling up the DagBag from /home/airflow-vm/data-engineer-batch-processing-financial-services/.venv/lib/python3.10/site-packages/airflow/example_dags/tutorial.py
[2024-09-03T11:25:55.896+0000] {processor.py:836} INFO - DAG(s) dict_keys(['tutorial']) retrieved from /home/airflow-vm/data-engineer-batch-processing-financial-services/.venv/lib/python3.10/site-packages/airflow/example_dags/tutorial.py
[2024-09-03T11:25:55.915+0000] {logging_mixin.py:149} INFO - [2024-09-03T11:25:55.914+0000] {dag.py:2726} INFO - Sync 1 DAGs
[2024-09-03T11:25:55.935+0000] {logging_mixin.py:149} INFO - [2024-09-03T11:25:55.935+0000] {dag.py:3486} INFO - Setting next_dagrun for tutorial to 2024-09-02T11:25:55.935425+00:00, run_after=2024-09-03T11:25:55.935425+00:00
[2024-09-03T11:25:55.965+0000] {processor.py:179} INFO - Processing /home/airflow-vm/data-engineer-batch-processing-financial-services/.venv/lib/python3.10/site-packages/airflow/example_dags/tutorial.py took 0.080 seconds
[2024-09-03T11:28:42.305+0000] {processor.py:157} INFO - Started process (PID=17311) to work on /home/airflow-vm/data-engineer-batch-processing-financial-services/.venv/lib/python3.10/site-packages/airflow/example_dags/tutorial.py
[2024-09-03T11:28:42.305+0000] {processor.py:826} INFO - Processing file /home/airflow-vm/data-engineer-batch-processing-financial-services/.venv/lib/python3.10/site-packages/airflow/example_dags/tutorial.py for tasks to queue
[2024-09-03T11:28:42.306+0000] {logging_mixin.py:149} INFO - [2024-09-03T11:28:42.306+0000] {dagbag.py:541} INFO - Filling up the DagBag from /home/airflow-vm/data-engineer-batch-processing-financial-services/.venv/lib/python3.10/site-packages/airflow/example_dags/tutorial.py
[2024-09-03T11:28:42.312+0000] {processor.py:836} INFO - DAG(s) dict_keys(['tutorial']) retrieved from /home/airflow-vm/data-engineer-batch-processing-financial-services/.venv/lib/python3.10/site-packages/airflow/example_dags/tutorial.py
[2024-09-03T11:28:42.327+0000] {logging_mixin.py:149} INFO - [2024-09-03T11:28:42.327+0000] {dag.py:2726} INFO - Sync 1 DAGs
[2024-09-03T11:28:42.347+0000] {logging_mixin.py:149} INFO - [2024-09-03T11:28:42.347+0000] {dag.py:3486} INFO - Setting next_dagrun for tutorial to 2024-09-02T11:28:42.346861+00:00, run_after=2024-09-03T11:28:42.346861+00:00
[2024-09-03T11:28:42.375+0000] {processor.py:179} INFO - Processing /home/airflow-vm/data-engineer-batch-processing-financial-services/.venv/lib/python3.10/site-packages/airflow/example_dags/tutorial.py took 0.072 seconds
[2024-09-03T11:32:53.113+0000] {processor.py:157} INFO - Started process (PID=19744) to work on /home/airflow-vm/data-engineer-batch-processing-financial-services/.venv/lib/python3.10/site-packages/airflow/example_dags/tutorial.py
[2024-09-03T11:32:53.114+0000] {processor.py:826} INFO - Processing file /home/airflow-vm/data-engineer-batch-processing-financial-services/.venv/lib/python3.10/site-packages/airflow/example_dags/tutorial.py for tasks to queue
[2024-09-03T11:32:53.114+0000] {logging_mixin.py:149} INFO - [2024-09-03T11:32:53.114+0000] {dagbag.py:541} INFO - Filling up the DagBag from /home/airflow-vm/data-engineer-batch-processing-financial-services/.venv/lib/python3.10/site-packages/airflow/example_dags/tutorial.py
[2024-09-03T11:32:53.121+0000] {processor.py:836} INFO - DAG(s) dict_keys(['tutorial']) retrieved from /home/airflow-vm/data-engineer-batch-processing-financial-services/.venv/lib/python3.10/site-packages/airflow/example_dags/tutorial.py
[2024-09-03T11:32:53.139+0000] {logging_mixin.py:149} INFO - [2024-09-03T11:32:53.139+0000] {dag.py:2726} INFO - Sync 1 DAGs
[2024-09-03T11:32:53.160+0000] {logging_mixin.py:149} INFO - [2024-09-03T11:32:53.160+0000] {dag.py:3486} INFO - Setting next_dagrun for tutorial to 2024-09-02T11:32:53.160479+00:00, run_after=2024-09-03T11:32:53.160479+00:00
[2024-09-03T11:32:53.190+0000] {processor.py:179} INFO - Processing /home/airflow-vm/data-engineer-batch-processing-financial-services/.venv/lib/python3.10/site-packages/airflow/example_dags/tutorial.py took 0.080 seconds
[2024-09-03T11:37:04.828+0000] {processor.py:157} INFO - Started process (PID=22487) to work on /home/airflow-vm/data-engineer-batch-processing-financial-services/.venv/lib/python3.10/site-packages/airflow/example_dags/tutorial.py
[2024-09-03T11:37:04.829+0000] {processor.py:826} INFO - Processing file /home/airflow-vm/data-engineer-batch-processing-financial-services/.venv/lib/python3.10/site-packages/airflow/example_dags/tutorial.py for tasks to queue
[2024-09-03T11:37:04.830+0000] {logging_mixin.py:149} INFO - [2024-09-03T11:37:04.829+0000] {dagbag.py:541} INFO - Filling up the DagBag from /home/airflow-vm/data-engineer-batch-processing-financial-services/.venv/lib/python3.10/site-packages/airflow/example_dags/tutorial.py
[2024-09-03T11:37:04.837+0000] {processor.py:836} INFO - DAG(s) dict_keys(['tutorial']) retrieved from /home/airflow-vm/data-engineer-batch-processing-financial-services/.venv/lib/python3.10/site-packages/airflow/example_dags/tutorial.py
[2024-09-03T11:37:04.885+0000] {logging_mixin.py:149} INFO - [2024-09-03T11:37:04.885+0000] {dag.py:2726} INFO - Sync 1 DAGs
[2024-09-03T11:37:04.907+0000] {logging_mixin.py:149} INFO - [2024-09-03T11:37:04.907+0000] {dag.py:3486} INFO - Setting next_dagrun for tutorial to 2024-09-02T11:37:04.907379+00:00, run_after=2024-09-03T11:37:04.907379+00:00
[2024-09-03T11:37:04.939+0000] {processor.py:179} INFO - Processing /home/airflow-vm/data-engineer-batch-processing-financial-services/.venv/lib/python3.10/site-packages/airflow/example_dags/tutorial.py took 0.114 seconds
[2024-09-03T11:37:50.922+0000] {processor.py:157} INFO - Started process (PID=22742) to work on /home/airflow-vm/data-engineer-batch-processing-financial-services/.venv/lib/python3.10/site-packages/airflow/example_dags/tutorial.py
[2024-09-03T11:37:50.923+0000] {processor.py:826} INFO - Processing file /home/airflow-vm/data-engineer-batch-processing-financial-services/.venv/lib/python3.10/site-packages/airflow/example_dags/tutorial.py for tasks to queue
[2024-09-03T11:37:50.924+0000] {logging_mixin.py:149} INFO - [2024-09-03T11:37:50.923+0000] {dagbag.py:541} INFO - Filling up the DagBag from /home/airflow-vm/data-engineer-batch-processing-financial-services/.venv/lib/python3.10/site-packages/airflow/example_dags/tutorial.py
[2024-09-03T11:37:50.929+0000] {processor.py:836} INFO - DAG(s) dict_keys(['tutorial']) retrieved from /home/airflow-vm/data-engineer-batch-processing-financial-services/.venv/lib/python3.10/site-packages/airflow/example_dags/tutorial.py
[2024-09-03T11:37:50.947+0000] {logging_mixin.py:149} INFO - [2024-09-03T11:37:50.947+0000] {dag.py:2726} INFO - Sync 1 DAGs
[2024-09-03T11:37:50.968+0000] {logging_mixin.py:149} INFO - [2024-09-03T11:37:50.967+0000] {dag.py:3486} INFO - Setting next_dagrun for tutorial to 2024-09-02T11:37:50.967623+00:00, run_after=2024-09-03T11:37:50.967623+00:00
[2024-09-03T11:37:50.997+0000] {processor.py:179} INFO - Processing /home/airflow-vm/data-engineer-batch-processing-financial-services/.venv/lib/python3.10/site-packages/airflow/example_dags/tutorial.py took 0.077 seconds
[2024-09-03T11:38:36.232+0000] {processor.py:157} INFO - Started process (PID=22951) to work on /home/airflow-vm/data-engineer-batch-processing-financial-services/.venv/lib/python3.10/site-packages/airflow/example_dags/tutorial.py
[2024-09-03T11:38:36.233+0000] {processor.py:826} INFO - Processing file /home/airflow-vm/data-engineer-batch-processing-financial-services/.venv/lib/python3.10/site-packages/airflow/example_dags/tutorial.py for tasks to queue
[2024-09-03T11:38:36.233+0000] {logging_mixin.py:149} INFO - [2024-09-03T11:38:36.233+0000] {dagbag.py:541} INFO - Filling up the DagBag from /home/airflow-vm/data-engineer-batch-processing-financial-services/.venv/lib/python3.10/site-packages/airflow/example_dags/tutorial.py
[2024-09-03T11:38:36.240+0000] {processor.py:836} INFO - DAG(s) dict_keys(['tutorial']) retrieved from /home/airflow-vm/data-engineer-batch-processing-financial-services/.venv/lib/python3.10/site-packages/airflow/example_dags/tutorial.py
[2024-09-03T11:38:36.260+0000] {logging_mixin.py:149} INFO - [2024-09-03T11:38:36.260+0000] {dag.py:2726} INFO - Sync 1 DAGs
[2024-09-03T11:38:36.284+0000] {logging_mixin.py:149} INFO - [2024-09-03T11:38:36.284+0000] {dag.py:3486} INFO - Setting next_dagrun for tutorial to 2024-09-02T11:38:36.284230+00:00, run_after=2024-09-03T11:38:36.284230+00:00
[2024-09-03T11:38:36.324+0000] {processor.py:179} INFO - Processing /home/airflow-vm/data-engineer-batch-processing-financial-services/.venv/lib/python3.10/site-packages/airflow/example_dags/tutorial.py took 0.095 seconds
[2024-09-03T11:39:24.606+0000] {processor.py:157} INFO - Started process (PID=23194) to work on /home/airflow-vm/data-engineer-batch-processing-financial-services/.venv/lib/python3.10/site-packages/airflow/example_dags/tutorial.py
[2024-09-03T11:39:24.607+0000] {processor.py:826} INFO - Processing file /home/airflow-vm/data-engineer-batch-processing-financial-services/.venv/lib/python3.10/site-packages/airflow/example_dags/tutorial.py for tasks to queue
[2024-09-03T11:39:24.608+0000] {logging_mixin.py:149} INFO - [2024-09-03T11:39:24.607+0000] {dagbag.py:541} INFO - Filling up the DagBag from /home/airflow-vm/data-engineer-batch-processing-financial-services/.venv/lib/python3.10/site-packages/airflow/example_dags/tutorial.py
[2024-09-03T11:39:24.614+0000] {processor.py:836} INFO - DAG(s) dict_keys(['tutorial']) retrieved from /home/airflow-vm/data-engineer-batch-processing-financial-services/.venv/lib/python3.10/site-packages/airflow/example_dags/tutorial.py
[2024-09-03T11:39:24.632+0000] {logging_mixin.py:149} INFO - [2024-09-03T11:39:24.632+0000] {dag.py:2726} INFO - Sync 1 DAGs
[2024-09-03T11:39:24.654+0000] {logging_mixin.py:149} INFO - [2024-09-03T11:39:24.653+0000] {dag.py:3486} INFO - Setting next_dagrun for tutorial to 2024-09-02T11:39:24.653271+00:00, run_after=2024-09-03T11:39:24.653271+00:00
[2024-09-03T11:39:24.684+0000] {processor.py:179} INFO - Processing /home/airflow-vm/data-engineer-batch-processing-financial-services/.venv/lib/python3.10/site-packages/airflow/example_dags/tutorial.py took 0.081 seconds
[2024-09-03T11:40:09.363+0000] {processor.py:157} INFO - Started process (PID=23368) to work on /home/airflow-vm/data-engineer-batch-processing-financial-services/.venv/lib/python3.10/site-packages/airflow/example_dags/tutorial.py
[2024-09-03T11:40:09.364+0000] {processor.py:826} INFO - Processing file /home/airflow-vm/data-engineer-batch-processing-financial-services/.venv/lib/python3.10/site-packages/airflow/example_dags/tutorial.py for tasks to queue
[2024-09-03T11:40:09.364+0000] {logging_mixin.py:149} INFO - [2024-09-03T11:40:09.364+0000] {dagbag.py:541} INFO - Filling up the DagBag from /home/airflow-vm/data-engineer-batch-processing-financial-services/.venv/lib/python3.10/site-packages/airflow/example_dags/tutorial.py
[2024-09-03T11:40:09.371+0000] {processor.py:836} INFO - DAG(s) dict_keys(['tutorial']) retrieved from /home/airflow-vm/data-engineer-batch-processing-financial-services/.venv/lib/python3.10/site-packages/airflow/example_dags/tutorial.py
[2024-09-03T11:40:09.389+0000] {logging_mixin.py:149} INFO - [2024-09-03T11:40:09.389+0000] {dag.py:2726} INFO - Sync 1 DAGs
[2024-09-03T11:40:09.408+0000] {logging_mixin.py:149} INFO - [2024-09-03T11:40:09.408+0000] {dag.py:3486} INFO - Setting next_dagrun for tutorial to 2024-09-02T11:40:09.408254+00:00, run_after=2024-09-03T11:40:09.408254+00:00
[2024-09-03T11:40:09.438+0000] {processor.py:179} INFO - Processing /home/airflow-vm/data-engineer-batch-processing-financial-services/.venv/lib/python3.10/site-packages/airflow/example_dags/tutorial.py took 0.078 seconds
[2024-09-03T11:42:29.811+0000] {processor.py:157} INFO - Started process (PID=25000) to work on /home/airflow-vm/data-engineer-batch-processing-financial-services/.venv/lib/python3.10/site-packages/airflow/example_dags/tutorial.py
[2024-09-03T11:42:29.812+0000] {processor.py:826} INFO - Processing file /home/airflow-vm/data-engineer-batch-processing-financial-services/.venv/lib/python3.10/site-packages/airflow/example_dags/tutorial.py for tasks to queue
[2024-09-03T11:42:29.812+0000] {logging_mixin.py:149} INFO - [2024-09-03T11:42:29.812+0000] {dagbag.py:541} INFO - Filling up the DagBag from /home/airflow-vm/data-engineer-batch-processing-financial-services/.venv/lib/python3.10/site-packages/airflow/example_dags/tutorial.py
[2024-09-03T11:42:29.818+0000] {processor.py:836} INFO - DAG(s) dict_keys(['tutorial']) retrieved from /home/airflow-vm/data-engineer-batch-processing-financial-services/.venv/lib/python3.10/site-packages/airflow/example_dags/tutorial.py
[2024-09-03T11:42:29.835+0000] {logging_mixin.py:149} INFO - [2024-09-03T11:42:29.835+0000] {dag.py:2726} INFO - Sync 1 DAGs
[2024-09-03T11:42:29.854+0000] {logging_mixin.py:149} INFO - [2024-09-03T11:42:29.854+0000] {dag.py:3486} INFO - Setting next_dagrun for tutorial to 2024-09-02T11:42:29.854104+00:00, run_after=2024-09-03T11:42:29.854104+00:00
[2024-09-03T11:42:29.883+0000] {processor.py:179} INFO - Processing /home/airflow-vm/data-engineer-batch-processing-financial-services/.venv/lib/python3.10/site-packages/airflow/example_dags/tutorial.py took 0.075 seconds
[2024-09-03T11:46:35.999+0000] {processor.py:157} INFO - Started process (PID=27254) to work on /home/airflow-vm/data-engineer-batch-processing-financial-services/.venv/lib/python3.10/site-packages/airflow/example_dags/tutorial.py
[2024-09-03T11:46:36.000+0000] {processor.py:826} INFO - Processing file /home/airflow-vm/data-engineer-batch-processing-financial-services/.venv/lib/python3.10/site-packages/airflow/example_dags/tutorial.py for tasks to queue
[2024-09-03T11:46:36.001+0000] {logging_mixin.py:149} INFO - [2024-09-03T11:46:36.001+0000] {dagbag.py:541} INFO - Filling up the DagBag from /home/airflow-vm/data-engineer-batch-processing-financial-services/.venv/lib/python3.10/site-packages/airflow/example_dags/tutorial.py
[2024-09-03T11:46:36.007+0000] {processor.py:836} INFO - DAG(s) dict_keys(['tutorial']) retrieved from /home/airflow-vm/data-engineer-batch-processing-financial-services/.venv/lib/python3.10/site-packages/airflow/example_dags/tutorial.py
[2024-09-03T11:46:36.024+0000] {logging_mixin.py:149} INFO - [2024-09-03T11:46:36.024+0000] {dag.py:2726} INFO - Sync 1 DAGs
[2024-09-03T11:46:36.046+0000] {logging_mixin.py:149} INFO - [2024-09-03T11:46:36.046+0000] {dag.py:3486} INFO - Setting next_dagrun for tutorial to 2024-09-02T11:46:36.046528+00:00, run_after=2024-09-03T11:46:36.046528+00:00
[2024-09-03T11:46:36.078+0000] {processor.py:179} INFO - Processing /home/airflow-vm/data-engineer-batch-processing-financial-services/.venv/lib/python3.10/site-packages/airflow/example_dags/tutorial.py took 0.081 seconds
[2024-09-03T11:50:00.860+0000] {processor.py:157} INFO - Started process (PID=29458) to work on /home/airflow-vm/data-engineer-batch-processing-financial-services/.venv/lib/python3.10/site-packages/airflow/example_dags/tutorial.py
[2024-09-03T11:50:00.861+0000] {processor.py:826} INFO - Processing file /home/airflow-vm/data-engineer-batch-processing-financial-services/.venv/lib/python3.10/site-packages/airflow/example_dags/tutorial.py for tasks to queue
[2024-09-03T11:50:00.861+0000] {logging_mixin.py:149} INFO - [2024-09-03T11:50:00.861+0000] {dagbag.py:541} INFO - Filling up the DagBag from /home/airflow-vm/data-engineer-batch-processing-financial-services/.venv/lib/python3.10/site-packages/airflow/example_dags/tutorial.py
[2024-09-03T11:50:00.867+0000] {processor.py:836} INFO - DAG(s) dict_keys(['tutorial']) retrieved from /home/airflow-vm/data-engineer-batch-processing-financial-services/.venv/lib/python3.10/site-packages/airflow/example_dags/tutorial.py
[2024-09-03T11:50:00.884+0000] {logging_mixin.py:149} INFO - [2024-09-03T11:50:00.884+0000] {dag.py:2726} INFO - Sync 1 DAGs
[2024-09-03T11:50:00.903+0000] {logging_mixin.py:149} INFO - [2024-09-03T11:50:00.903+0000] {dag.py:3486} INFO - Setting next_dagrun for tutorial to 2024-09-02T11:50:00.902803+00:00, run_after=2024-09-03T11:50:00.902803+00:00
[2024-09-03T11:50:00.936+0000] {processor.py:179} INFO - Processing /home/airflow-vm/data-engineer-batch-processing-financial-services/.venv/lib/python3.10/site-packages/airflow/example_dags/tutorial.py took 0.079 seconds
[2024-09-03T11:50:50.491+0000] {processor.py:157} INFO - Started process (PID=29682) to work on /home/airflow-vm/data-engineer-batch-processing-financial-services/.venv/lib/python3.10/site-packages/airflow/example_dags/tutorial.py
[2024-09-03T11:50:50.492+0000] {processor.py:826} INFO - Processing file /home/airflow-vm/data-engineer-batch-processing-financial-services/.venv/lib/python3.10/site-packages/airflow/example_dags/tutorial.py for tasks to queue
[2024-09-03T11:50:50.493+0000] {logging_mixin.py:149} INFO - [2024-09-03T11:50:50.493+0000] {dagbag.py:541} INFO - Filling up the DagBag from /home/airflow-vm/data-engineer-batch-processing-financial-services/.venv/lib/python3.10/site-packages/airflow/example_dags/tutorial.py
[2024-09-03T11:50:50.499+0000] {processor.py:836} INFO - DAG(s) dict_keys(['tutorial']) retrieved from /home/airflow-vm/data-engineer-batch-processing-financial-services/.venv/lib/python3.10/site-packages/airflow/example_dags/tutorial.py
[2024-09-03T11:50:50.516+0000] {logging_mixin.py:149} INFO - [2024-09-03T11:50:50.516+0000] {dag.py:2726} INFO - Sync 1 DAGs
[2024-09-03T11:50:50.534+0000] {logging_mixin.py:149} INFO - [2024-09-03T11:50:50.534+0000] {dag.py:3486} INFO - Setting next_dagrun for tutorial to 2024-09-02T11:50:50.534418+00:00, run_after=2024-09-03T11:50:50.534418+00:00
[2024-09-03T11:50:50.565+0000] {processor.py:179} INFO - Processing /home/airflow-vm/data-engineer-batch-processing-financial-services/.venv/lib/python3.10/site-packages/airflow/example_dags/tutorial.py took 0.077 seconds
[2024-09-03T11:51:33.891+0000] {processor.py:157} INFO - Started process (PID=29729) to work on /home/airflow-vm/data-engineer-batch-processing-financial-services/.venv/lib/python3.10/site-packages/airflow/example_dags/tutorial.py
[2024-09-03T11:51:33.892+0000] {processor.py:826} INFO - Processing file /home/airflow-vm/data-engineer-batch-processing-financial-services/.venv/lib/python3.10/site-packages/airflow/example_dags/tutorial.py for tasks to queue
[2024-09-03T11:51:33.893+0000] {logging_mixin.py:149} INFO - [2024-09-03T11:51:33.893+0000] {dagbag.py:541} INFO - Filling up the DagBag from /home/airflow-vm/data-engineer-batch-processing-financial-services/.venv/lib/python3.10/site-packages/airflow/example_dags/tutorial.py
[2024-09-03T11:51:33.898+0000] {processor.py:836} INFO - DAG(s) dict_keys(['tutorial']) retrieved from /home/airflow-vm/data-engineer-batch-processing-financial-services/.venv/lib/python3.10/site-packages/airflow/example_dags/tutorial.py
[2024-09-03T11:51:33.914+0000] {logging_mixin.py:149} INFO - [2024-09-03T11:51:33.914+0000] {dag.py:2726} INFO - Sync 1 DAGs
[2024-09-03T11:51:33.932+0000] {logging_mixin.py:149} INFO - [2024-09-03T11:51:33.932+0000] {dag.py:3486} INFO - Setting next_dagrun for tutorial to 2024-09-02T11:51:33.932591+00:00, run_after=2024-09-03T11:51:33.932591+00:00
[2024-09-03T11:51:33.962+0000] {processor.py:179} INFO - Processing /home/airflow-vm/data-engineer-batch-processing-financial-services/.venv/lib/python3.10/site-packages/airflow/example_dags/tutorial.py took 0.073 seconds
[2024-09-03T11:52:17.405+0000] {processor.py:157} INFO - Started process (PID=29777) to work on /home/airflow-vm/data-engineer-batch-processing-financial-services/.venv/lib/python3.10/site-packages/airflow/example_dags/tutorial.py
[2024-09-03T11:52:17.406+0000] {processor.py:826} INFO - Processing file /home/airflow-vm/data-engineer-batch-processing-financial-services/.venv/lib/python3.10/site-packages/airflow/example_dags/tutorial.py for tasks to queue
[2024-09-03T11:52:17.407+0000] {logging_mixin.py:149} INFO - [2024-09-03T11:52:17.407+0000] {dagbag.py:541} INFO - Filling up the DagBag from /home/airflow-vm/data-engineer-batch-processing-financial-services/.venv/lib/python3.10/site-packages/airflow/example_dags/tutorial.py
[2024-09-03T11:52:17.413+0000] {processor.py:836} INFO - DAG(s) dict_keys(['tutorial']) retrieved from /home/airflow-vm/data-engineer-batch-processing-financial-services/.venv/lib/python3.10/site-packages/airflow/example_dags/tutorial.py
[2024-09-03T11:52:17.432+0000] {logging_mixin.py:149} INFO - [2024-09-03T11:52:17.431+0000] {dag.py:2726} INFO - Sync 1 DAGs
[2024-09-03T11:52:17.451+0000] {logging_mixin.py:149} INFO - [2024-09-03T11:52:17.451+0000] {dag.py:3486} INFO - Setting next_dagrun for tutorial to 2024-09-02T11:52:17.451324+00:00, run_after=2024-09-03T11:52:17.451324+00:00
[2024-09-03T11:52:17.488+0000] {processor.py:179} INFO - Processing /home/airflow-vm/data-engineer-batch-processing-financial-services/.venv/lib/python3.10/site-packages/airflow/example_dags/tutorial.py took 0.085 seconds
[2024-09-03T11:53:04.332+0000] {processor.py:157} INFO - Started process (PID=29825) to work on /home/airflow-vm/data-engineer-batch-processing-financial-services/.venv/lib/python3.10/site-packages/airflow/example_dags/tutorial.py
[2024-09-03T11:53:04.332+0000] {processor.py:826} INFO - Processing file /home/airflow-vm/data-engineer-batch-processing-financial-services/.venv/lib/python3.10/site-packages/airflow/example_dags/tutorial.py for tasks to queue
[2024-09-03T11:53:04.333+0000] {logging_mixin.py:149} INFO - [2024-09-03T11:53:04.333+0000] {dagbag.py:541} INFO - Filling up the DagBag from /home/airflow-vm/data-engineer-batch-processing-financial-services/.venv/lib/python3.10/site-packages/airflow/example_dags/tutorial.py
[2024-09-03T11:53:04.339+0000] {processor.py:836} INFO - DAG(s) dict_keys(['tutorial']) retrieved from /home/airflow-vm/data-engineer-batch-processing-financial-services/.venv/lib/python3.10/site-packages/airflow/example_dags/tutorial.py
[2024-09-03T11:53:04.355+0000] {logging_mixin.py:149} INFO - [2024-09-03T11:53:04.355+0000] {dag.py:2726} INFO - Sync 1 DAGs
[2024-09-03T11:53:04.376+0000] {logging_mixin.py:149} INFO - [2024-09-03T11:53:04.376+0000] {dag.py:3486} INFO - Setting next_dagrun for tutorial to 2024-09-02T11:53:04.376072+00:00, run_after=2024-09-03T11:53:04.376072+00:00
[2024-09-03T11:53:04.404+0000] {processor.py:179} INFO - Processing /home/airflow-vm/data-engineer-batch-processing-financial-services/.venv/lib/python3.10/site-packages/airflow/example_dags/tutorial.py took 0.075 seconds
[2024-09-03T11:53:51.382+0000] {processor.py:157} INFO - Started process (PID=29900) to work on /home/airflow-vm/data-engineer-batch-processing-financial-services/.venv/lib/python3.10/site-packages/airflow/example_dags/tutorial.py
[2024-09-03T11:53:51.383+0000] {processor.py:826} INFO - Processing file /home/airflow-vm/data-engineer-batch-processing-financial-services/.venv/lib/python3.10/site-packages/airflow/example_dags/tutorial.py for tasks to queue
[2024-09-03T11:53:51.383+0000] {logging_mixin.py:149} INFO - [2024-09-03T11:53:51.383+0000] {dagbag.py:541} INFO - Filling up the DagBag from /home/airflow-vm/data-engineer-batch-processing-financial-services/.venv/lib/python3.10/site-packages/airflow/example_dags/tutorial.py
[2024-09-03T11:53:51.390+0000] {processor.py:836} INFO - DAG(s) dict_keys(['tutorial']) retrieved from /home/airflow-vm/data-engineer-batch-processing-financial-services/.venv/lib/python3.10/site-packages/airflow/example_dags/tutorial.py
[2024-09-03T11:53:51.409+0000] {logging_mixin.py:149} INFO - [2024-09-03T11:53:51.408+0000] {dag.py:2726} INFO - Sync 1 DAGs
[2024-09-03T11:53:51.430+0000] {logging_mixin.py:149} INFO - [2024-09-03T11:53:51.430+0000] {dag.py:3486} INFO - Setting next_dagrun for tutorial to 2024-09-02T11:53:51.429940+00:00, run_after=2024-09-03T11:53:51.429940+00:00
[2024-09-03T11:53:51.465+0000] {processor.py:179} INFO - Processing /home/airflow-vm/data-engineer-batch-processing-financial-services/.venv/lib/python3.10/site-packages/airflow/example_dags/tutorial.py took 0.086 seconds
[2024-09-03T11:54:39.791+0000] {processor.py:157} INFO - Started process (PID=29950) to work on /home/airflow-vm/data-engineer-batch-processing-financial-services/.venv/lib/python3.10/site-packages/airflow/example_dags/tutorial.py
[2024-09-03T11:54:39.792+0000] {processor.py:826} INFO - Processing file /home/airflow-vm/data-engineer-batch-processing-financial-services/.venv/lib/python3.10/site-packages/airflow/example_dags/tutorial.py for tasks to queue
[2024-09-03T11:54:39.792+0000] {logging_mixin.py:149} INFO - [2024-09-03T11:54:39.792+0000] {dagbag.py:541} INFO - Filling up the DagBag from /home/airflow-vm/data-engineer-batch-processing-financial-services/.venv/lib/python3.10/site-packages/airflow/example_dags/tutorial.py
[2024-09-03T11:54:39.798+0000] {processor.py:836} INFO - DAG(s) dict_keys(['tutorial']) retrieved from /home/airflow-vm/data-engineer-batch-processing-financial-services/.venv/lib/python3.10/site-packages/airflow/example_dags/tutorial.py
[2024-09-03T11:54:39.816+0000] {logging_mixin.py:149} INFO - [2024-09-03T11:54:39.815+0000] {dag.py:2726} INFO - Sync 1 DAGs
[2024-09-03T11:54:39.834+0000] {logging_mixin.py:149} INFO - [2024-09-03T11:54:39.834+0000] {dag.py:3486} INFO - Setting next_dagrun for tutorial to 2024-09-02T11:54:39.834240+00:00, run_after=2024-09-03T11:54:39.834240+00:00
[2024-09-03T11:54:39.869+0000] {processor.py:179} INFO - Processing /home/airflow-vm/data-engineer-batch-processing-financial-services/.venv/lib/python3.10/site-packages/airflow/example_dags/tutorial.py took 0.081 seconds
[2024-09-03T11:55:24.733+0000] {processor.py:157} INFO - Started process (PID=30004) to work on /home/airflow-vm/data-engineer-batch-processing-financial-services/.venv/lib/python3.10/site-packages/airflow/example_dags/tutorial.py
[2024-09-03T11:55:24.734+0000] {processor.py:826} INFO - Processing file /home/airflow-vm/data-engineer-batch-processing-financial-services/.venv/lib/python3.10/site-packages/airflow/example_dags/tutorial.py for tasks to queue
[2024-09-03T11:55:24.735+0000] {logging_mixin.py:149} INFO - [2024-09-03T11:55:24.735+0000] {dagbag.py:541} INFO - Filling up the DagBag from /home/airflow-vm/data-engineer-batch-processing-financial-services/.venv/lib/python3.10/site-packages/airflow/example_dags/tutorial.py
[2024-09-03T11:55:24.741+0000] {processor.py:836} INFO - DAG(s) dict_keys(['tutorial']) retrieved from /home/airflow-vm/data-engineer-batch-processing-financial-services/.venv/lib/python3.10/site-packages/airflow/example_dags/tutorial.py
[2024-09-03T11:55:24.759+0000] {logging_mixin.py:149} INFO - [2024-09-03T11:55:24.759+0000] {dag.py:2726} INFO - Sync 1 DAGs
[2024-09-03T11:55:24.780+0000] {logging_mixin.py:149} INFO - [2024-09-03T11:55:24.780+0000] {dag.py:3486} INFO - Setting next_dagrun for tutorial to 2024-09-02T11:55:24.779903+00:00, run_after=2024-09-03T11:55:24.779903+00:00
[2024-09-03T11:55:24.809+0000] {processor.py:179} INFO - Processing /home/airflow-vm/data-engineer-batch-processing-financial-services/.venv/lib/python3.10/site-packages/airflow/example_dags/tutorial.py took 0.079 seconds
[2024-09-03T11:56:11.248+0000] {processor.py:157} INFO - Started process (PID=30053) to work on /home/airflow-vm/data-engineer-batch-processing-financial-services/.venv/lib/python3.10/site-packages/airflow/example_dags/tutorial.py
[2024-09-03T11:56:11.249+0000] {processor.py:826} INFO - Processing file /home/airflow-vm/data-engineer-batch-processing-financial-services/.venv/lib/python3.10/site-packages/airflow/example_dags/tutorial.py for tasks to queue
[2024-09-03T11:56:11.249+0000] {logging_mixin.py:149} INFO - [2024-09-03T11:56:11.249+0000] {dagbag.py:541} INFO - Filling up the DagBag from /home/airflow-vm/data-engineer-batch-processing-financial-services/.venv/lib/python3.10/site-packages/airflow/example_dags/tutorial.py
[2024-09-03T11:56:11.256+0000] {processor.py:836} INFO - DAG(s) dict_keys(['tutorial']) retrieved from /home/airflow-vm/data-engineer-batch-processing-financial-services/.venv/lib/python3.10/site-packages/airflow/example_dags/tutorial.py
[2024-09-03T11:56:11.274+0000] {logging_mixin.py:149} INFO - [2024-09-03T11:56:11.274+0000] {dag.py:2726} INFO - Sync 1 DAGs
[2024-09-03T11:56:11.294+0000] {logging_mixin.py:149} INFO - [2024-09-03T11:56:11.293+0000] {dag.py:3486} INFO - Setting next_dagrun for tutorial to 2024-09-02T11:56:11.293631+00:00, run_after=2024-09-03T11:56:11.293631+00:00
[2024-09-03T11:56:11.321+0000] {processor.py:179} INFO - Processing /home/airflow-vm/data-engineer-batch-processing-financial-services/.venv/lib/python3.10/site-packages/airflow/example_dags/tutorial.py took 0.076 seconds
