[2024-09-03T10:57:58.839+0000] {processor.py:157} INFO - Started process (PID=3260) to work on /home/airflow-vm/data-engineer-batch-processing-financial-services/.venv/lib/python3.10/site-packages/airflow/example_dags/tutorial_taskflow_api.py
[2024-09-03T10:57:58.839+0000] {processor.py:826} INFO - Processing file /home/airflow-vm/data-engineer-batch-processing-financial-services/.venv/lib/python3.10/site-packages/airflow/example_dags/tutorial_taskflow_api.py for tasks to queue
[2024-09-03T10:57:58.840+0000] {logging_mixin.py:149} INFO - [2024-09-03T10:57:58.840+0000] {dagbag.py:541} INFO - Filling up the DagBag from /home/airflow-vm/data-engineer-batch-processing-financial-services/.venv/lib/python3.10/site-packages/airflow/example_dags/tutorial_taskflow_api.py
[2024-09-03T10:57:58.847+0000] {processor.py:836} INFO - DAG(s) dict_keys(['tutorial_taskflow_api']) retrieved from /home/airflow-vm/data-engineer-batch-processing-financial-services/.venv/lib/python3.10/site-packages/airflow/example_dags/tutorial_taskflow_api.py
[2024-09-03T10:57:58.870+0000] {logging_mixin.py:149} INFO - [2024-09-03T10:57:58.870+0000] {dag.py:2726} INFO - Sync 1 DAGs
[2024-09-03T10:57:58.890+0000] {logging_mixin.py:149} INFO - [2024-09-03T10:57:58.890+0000] {dag.py:3486} INFO - Setting next_dagrun for tutorial_taskflow_api to None, run_after=None
[2024-09-03T10:57:58.918+0000] {processor.py:179} INFO - Processing /home/airflow-vm/data-engineer-batch-processing-financial-services/.venv/lib/python3.10/site-packages/airflow/example_dags/tutorial_taskflow_api.py took 0.082 seconds
[2024-09-03T10:58:47.572+0000] {processor.py:157} INFO - Started process (PID=3728) to work on /home/airflow-vm/data-engineer-batch-processing-financial-services/.venv/lib/python3.10/site-packages/airflow/example_dags/tutorial_taskflow_api.py
[2024-09-03T10:58:47.572+0000] {processor.py:826} INFO - Processing file /home/airflow-vm/data-engineer-batch-processing-financial-services/.venv/lib/python3.10/site-packages/airflow/example_dags/tutorial_taskflow_api.py for tasks to queue
[2024-09-03T10:58:47.573+0000] {logging_mixin.py:149} INFO - [2024-09-03T10:58:47.573+0000] {dagbag.py:541} INFO - Filling up the DagBag from /home/airflow-vm/data-engineer-batch-processing-financial-services/.venv/lib/python3.10/site-packages/airflow/example_dags/tutorial_taskflow_api.py
[2024-09-03T10:58:47.579+0000] {processor.py:836} INFO - DAG(s) dict_keys(['tutorial_taskflow_api']) retrieved from /home/airflow-vm/data-engineer-batch-processing-financial-services/.venv/lib/python3.10/site-packages/airflow/example_dags/tutorial_taskflow_api.py
[2024-09-03T10:58:47.596+0000] {logging_mixin.py:149} INFO - [2024-09-03T10:58:47.596+0000] {dag.py:2726} INFO - Sync 1 DAGs
[2024-09-03T10:58:47.615+0000] {logging_mixin.py:149} INFO - [2024-09-03T10:58:47.615+0000] {dag.py:3486} INFO - Setting next_dagrun for tutorial_taskflow_api to None, run_after=None
[2024-09-03T10:58:47.644+0000] {processor.py:179} INFO - Processing /home/airflow-vm/data-engineer-batch-processing-financial-services/.venv/lib/python3.10/site-packages/airflow/example_dags/tutorial_taskflow_api.py took 0.075 seconds
[2024-09-03T10:59:33.221+0000] {processor.py:157} INFO - Started process (PID=3854) to work on /home/airflow-vm/data-engineer-batch-processing-financial-services/.venv/lib/python3.10/site-packages/airflow/example_dags/tutorial_taskflow_api.py
[2024-09-03T10:59:33.222+0000] {processor.py:826} INFO - Processing file /home/airflow-vm/data-engineer-batch-processing-financial-services/.venv/lib/python3.10/site-packages/airflow/example_dags/tutorial_taskflow_api.py for tasks to queue
[2024-09-03T10:59:33.222+0000] {logging_mixin.py:149} INFO - [2024-09-03T10:59:33.222+0000] {dagbag.py:541} INFO - Filling up the DagBag from /home/airflow-vm/data-engineer-batch-processing-financial-services/.venv/lib/python3.10/site-packages/airflow/example_dags/tutorial_taskflow_api.py
[2024-09-03T10:59:33.228+0000] {processor.py:836} INFO - DAG(s) dict_keys(['tutorial_taskflow_api']) retrieved from /home/airflow-vm/data-engineer-batch-processing-financial-services/.venv/lib/python3.10/site-packages/airflow/example_dags/tutorial_taskflow_api.py
[2024-09-03T10:59:33.248+0000] {logging_mixin.py:149} INFO - [2024-09-03T10:59:33.248+0000] {dag.py:2726} INFO - Sync 1 DAGs
[2024-09-03T10:59:33.269+0000] {logging_mixin.py:149} INFO - [2024-09-03T10:59:33.269+0000] {dag.py:3486} INFO - Setting next_dagrun for tutorial_taskflow_api to None, run_after=None
[2024-09-03T10:59:33.301+0000] {processor.py:179} INFO - Processing /home/airflow-vm/data-engineer-batch-processing-financial-services/.venv/lib/python3.10/site-packages/airflow/example_dags/tutorial_taskflow_api.py took 0.083 seconds
[2024-09-03T11:00:16.065+0000] {processor.py:157} INFO - Started process (PID=4206) to work on /home/airflow-vm/data-engineer-batch-processing-financial-services/.venv/lib/python3.10/site-packages/airflow/example_dags/tutorial_taskflow_api.py
[2024-09-03T11:00:16.066+0000] {processor.py:826} INFO - Processing file /home/airflow-vm/data-engineer-batch-processing-financial-services/.venv/lib/python3.10/site-packages/airflow/example_dags/tutorial_taskflow_api.py for tasks to queue
[2024-09-03T11:00:16.066+0000] {logging_mixin.py:149} INFO - [2024-09-03T11:00:16.066+0000] {dagbag.py:541} INFO - Filling up the DagBag from /home/airflow-vm/data-engineer-batch-processing-financial-services/.venv/lib/python3.10/site-packages/airflow/example_dags/tutorial_taskflow_api.py
[2024-09-03T11:00:16.072+0000] {processor.py:836} INFO - DAG(s) dict_keys(['tutorial_taskflow_api']) retrieved from /home/airflow-vm/data-engineer-batch-processing-financial-services/.venv/lib/python3.10/site-packages/airflow/example_dags/tutorial_taskflow_api.py
[2024-09-03T11:00:16.090+0000] {logging_mixin.py:149} INFO - [2024-09-03T11:00:16.090+0000] {dag.py:2726} INFO - Sync 1 DAGs
[2024-09-03T11:00:16.108+0000] {logging_mixin.py:149} INFO - [2024-09-03T11:00:16.108+0000] {dag.py:3486} INFO - Setting next_dagrun for tutorial_taskflow_api to None, run_after=None
[2024-09-03T11:00:16.137+0000] {processor.py:179} INFO - Processing /home/airflow-vm/data-engineer-batch-processing-financial-services/.venv/lib/python3.10/site-packages/airflow/example_dags/tutorial_taskflow_api.py took 0.075 seconds
[2024-09-03T11:01:02.490+0000] {processor.py:157} INFO - Started process (PID=4585) to work on /home/airflow-vm/data-engineer-batch-processing-financial-services/.venv/lib/python3.10/site-packages/airflow/example_dags/tutorial_taskflow_api.py
[2024-09-03T11:01:02.491+0000] {processor.py:826} INFO - Processing file /home/airflow-vm/data-engineer-batch-processing-financial-services/.venv/lib/python3.10/site-packages/airflow/example_dags/tutorial_taskflow_api.py for tasks to queue
[2024-09-03T11:01:02.492+0000] {logging_mixin.py:149} INFO - [2024-09-03T11:01:02.492+0000] {dagbag.py:541} INFO - Filling up the DagBag from /home/airflow-vm/data-engineer-batch-processing-financial-services/.venv/lib/python3.10/site-packages/airflow/example_dags/tutorial_taskflow_api.py
[2024-09-03T11:01:02.497+0000] {processor.py:836} INFO - DAG(s) dict_keys(['tutorial_taskflow_api']) retrieved from /home/airflow-vm/data-engineer-batch-processing-financial-services/.venv/lib/python3.10/site-packages/airflow/example_dags/tutorial_taskflow_api.py
[2024-09-03T11:01:02.515+0000] {logging_mixin.py:149} INFO - [2024-09-03T11:01:02.515+0000] {dag.py:2726} INFO - Sync 1 DAGs
[2024-09-03T11:01:02.534+0000] {logging_mixin.py:149} INFO - [2024-09-03T11:01:02.534+0000] {dag.py:3486} INFO - Setting next_dagrun for tutorial_taskflow_api to None, run_after=None
[2024-09-03T11:01:02.561+0000] {processor.py:179} INFO - Processing /home/airflow-vm/data-engineer-batch-processing-financial-services/.venv/lib/python3.10/site-packages/airflow/example_dags/tutorial_taskflow_api.py took 0.074 seconds
[2024-09-03T11:01:51.377+0000] {processor.py:157} INFO - Started process (PID=4779) to work on /home/airflow-vm/data-engineer-batch-processing-financial-services/.venv/lib/python3.10/site-packages/airflow/example_dags/tutorial_taskflow_api.py
[2024-09-03T11:01:51.378+0000] {processor.py:826} INFO - Processing file /home/airflow-vm/data-engineer-batch-processing-financial-services/.venv/lib/python3.10/site-packages/airflow/example_dags/tutorial_taskflow_api.py for tasks to queue
[2024-09-03T11:01:51.378+0000] {logging_mixin.py:149} INFO - [2024-09-03T11:01:51.378+0000] {dagbag.py:541} INFO - Filling up the DagBag from /home/airflow-vm/data-engineer-batch-processing-financial-services/.venv/lib/python3.10/site-packages/airflow/example_dags/tutorial_taskflow_api.py
[2024-09-03T11:01:51.384+0000] {processor.py:836} INFO - DAG(s) dict_keys(['tutorial_taskflow_api']) retrieved from /home/airflow-vm/data-engineer-batch-processing-financial-services/.venv/lib/python3.10/site-packages/airflow/example_dags/tutorial_taskflow_api.py
[2024-09-03T11:01:51.401+0000] {logging_mixin.py:149} INFO - [2024-09-03T11:01:51.400+0000] {dag.py:2726} INFO - Sync 1 DAGs
[2024-09-03T11:01:51.419+0000] {logging_mixin.py:149} INFO - [2024-09-03T11:01:51.418+0000] {dag.py:3486} INFO - Setting next_dagrun for tutorial_taskflow_api to None, run_after=None
[2024-09-03T11:01:51.447+0000] {processor.py:179} INFO - Processing /home/airflow-vm/data-engineer-batch-processing-financial-services/.venv/lib/python3.10/site-packages/airflow/example_dags/tutorial_taskflow_api.py took 0.073 seconds
[2024-09-03T11:02:37.065+0000] {processor.py:157} INFO - Started process (PID=4887) to work on /home/airflow-vm/data-engineer-batch-processing-financial-services/.venv/lib/python3.10/site-packages/airflow/example_dags/tutorial_taskflow_api.py
[2024-09-03T11:02:37.066+0000] {processor.py:826} INFO - Processing file /home/airflow-vm/data-engineer-batch-processing-financial-services/.venv/lib/python3.10/site-packages/airflow/example_dags/tutorial_taskflow_api.py for tasks to queue
[2024-09-03T11:02:37.067+0000] {logging_mixin.py:149} INFO - [2024-09-03T11:02:37.067+0000] {dagbag.py:541} INFO - Filling up the DagBag from /home/airflow-vm/data-engineer-batch-processing-financial-services/.venv/lib/python3.10/site-packages/airflow/example_dags/tutorial_taskflow_api.py
[2024-09-03T11:02:37.073+0000] {processor.py:836} INFO - DAG(s) dict_keys(['tutorial_taskflow_api']) retrieved from /home/airflow-vm/data-engineer-batch-processing-financial-services/.venv/lib/python3.10/site-packages/airflow/example_dags/tutorial_taskflow_api.py
[2024-09-03T11:02:37.091+0000] {logging_mixin.py:149} INFO - [2024-09-03T11:02:37.091+0000] {dag.py:2726} INFO - Sync 1 DAGs
[2024-09-03T11:02:37.110+0000] {logging_mixin.py:149} INFO - [2024-09-03T11:02:37.109+0000] {dag.py:3486} INFO - Setting next_dagrun for tutorial_taskflow_api to None, run_after=None
[2024-09-03T11:02:37.135+0000] {processor.py:179} INFO - Processing /home/airflow-vm/data-engineer-batch-processing-financial-services/.venv/lib/python3.10/site-packages/airflow/example_dags/tutorial_taskflow_api.py took 0.073 seconds
[2024-09-03T11:03:30.703+0000] {processor.py:157} INFO - Started process (PID=5262) to work on /home/airflow-vm/data-engineer-batch-processing-financial-services/.venv/lib/python3.10/site-packages/airflow/example_dags/tutorial_taskflow_api.py
[2024-09-03T11:03:30.703+0000] {processor.py:826} INFO - Processing file /home/airflow-vm/data-engineer-batch-processing-financial-services/.venv/lib/python3.10/site-packages/airflow/example_dags/tutorial_taskflow_api.py for tasks to queue
[2024-09-03T11:03:30.704+0000] {logging_mixin.py:149} INFO - [2024-09-03T11:03:30.704+0000] {dagbag.py:541} INFO - Filling up the DagBag from /home/airflow-vm/data-engineer-batch-processing-financial-services/.venv/lib/python3.10/site-packages/airflow/example_dags/tutorial_taskflow_api.py
[2024-09-03T11:03:30.710+0000] {processor.py:836} INFO - DAG(s) dict_keys(['tutorial_taskflow_api']) retrieved from /home/airflow-vm/data-engineer-batch-processing-financial-services/.venv/lib/python3.10/site-packages/airflow/example_dags/tutorial_taskflow_api.py
[2024-09-03T11:03:30.726+0000] {logging_mixin.py:149} INFO - [2024-09-03T11:03:30.726+0000] {dag.py:2726} INFO - Sync 1 DAGs
[2024-09-03T11:03:30.745+0000] {logging_mixin.py:149} INFO - [2024-09-03T11:03:30.745+0000] {dag.py:3486} INFO - Setting next_dagrun for tutorial_taskflow_api to None, run_after=None
[2024-09-03T11:03:30.775+0000] {processor.py:179} INFO - Processing /home/airflow-vm/data-engineer-batch-processing-financial-services/.venv/lib/python3.10/site-packages/airflow/example_dags/tutorial_taskflow_api.py took 0.075 seconds
[2024-09-03T11:04:42.415+0000] {processor.py:157} INFO - Started process (PID=6123) to work on /home/airflow-vm/data-engineer-batch-processing-financial-services/.venv/lib/python3.10/site-packages/airflow/example_dags/tutorial_taskflow_api.py
[2024-09-03T11:04:42.416+0000] {processor.py:826} INFO - Processing file /home/airflow-vm/data-engineer-batch-processing-financial-services/.venv/lib/python3.10/site-packages/airflow/example_dags/tutorial_taskflow_api.py for tasks to queue
[2024-09-03T11:04:42.416+0000] {logging_mixin.py:149} INFO - [2024-09-03T11:04:42.416+0000] {dagbag.py:541} INFO - Filling up the DagBag from /home/airflow-vm/data-engineer-batch-processing-financial-services/.venv/lib/python3.10/site-packages/airflow/example_dags/tutorial_taskflow_api.py
[2024-09-03T11:04:42.421+0000] {processor.py:836} INFO - DAG(s) dict_keys(['tutorial_taskflow_api']) retrieved from /home/airflow-vm/data-engineer-batch-processing-financial-services/.venv/lib/python3.10/site-packages/airflow/example_dags/tutorial_taskflow_api.py
[2024-09-03T11:04:42.438+0000] {logging_mixin.py:149} INFO - [2024-09-03T11:04:42.438+0000] {dag.py:2726} INFO - Sync 1 DAGs
[2024-09-03T11:04:42.458+0000] {logging_mixin.py:149} INFO - [2024-09-03T11:04:42.458+0000] {dag.py:3486} INFO - Setting next_dagrun for tutorial_taskflow_api to None, run_after=None
[2024-09-03T11:04:42.486+0000] {processor.py:179} INFO - Processing /home/airflow-vm/data-engineer-batch-processing-financial-services/.venv/lib/python3.10/site-packages/airflow/example_dags/tutorial_taskflow_api.py took 0.074 seconds
[2024-09-03T11:06:44.665+0000] {processor.py:157} INFO - Started process (PID=7042) to work on /home/airflow-vm/data-engineer-batch-processing-financial-services/.venv/lib/python3.10/site-packages/airflow/example_dags/tutorial_taskflow_api.py
[2024-09-03T11:06:44.666+0000] {processor.py:826} INFO - Processing file /home/airflow-vm/data-engineer-batch-processing-financial-services/.venv/lib/python3.10/site-packages/airflow/example_dags/tutorial_taskflow_api.py for tasks to queue
[2024-09-03T11:06:44.667+0000] {logging_mixin.py:149} INFO - [2024-09-03T11:06:44.667+0000] {dagbag.py:541} INFO - Filling up the DagBag from /home/airflow-vm/data-engineer-batch-processing-financial-services/.venv/lib/python3.10/site-packages/airflow/example_dags/tutorial_taskflow_api.py
[2024-09-03T11:06:44.673+0000] {processor.py:836} INFO - DAG(s) dict_keys(['tutorial_taskflow_api']) retrieved from /home/airflow-vm/data-engineer-batch-processing-financial-services/.venv/lib/python3.10/site-packages/airflow/example_dags/tutorial_taskflow_api.py
[2024-09-03T11:06:44.690+0000] {logging_mixin.py:149} INFO - [2024-09-03T11:06:44.690+0000] {dag.py:2726} INFO - Sync 1 DAGs
[2024-09-03T11:06:44.709+0000] {logging_mixin.py:149} INFO - [2024-09-03T11:06:44.709+0000] {dag.py:3486} INFO - Setting next_dagrun for tutorial_taskflow_api to None, run_after=None
[2024-09-03T11:06:44.736+0000] {processor.py:179} INFO - Processing /home/airflow-vm/data-engineer-batch-processing-financial-services/.venv/lib/python3.10/site-packages/airflow/example_dags/tutorial_taskflow_api.py took 0.074 seconds
[2024-09-03T11:08:45.649+0000] {processor.py:157} INFO - Started process (PID=7878) to work on /home/airflow-vm/data-engineer-batch-processing-financial-services/.venv/lib/python3.10/site-packages/airflow/example_dags/tutorial_taskflow_api.py
[2024-09-03T11:08:45.650+0000] {processor.py:826} INFO - Processing file /home/airflow-vm/data-engineer-batch-processing-financial-services/.venv/lib/python3.10/site-packages/airflow/example_dags/tutorial_taskflow_api.py for tasks to queue
[2024-09-03T11:08:45.651+0000] {logging_mixin.py:149} INFO - [2024-09-03T11:08:45.650+0000] {dagbag.py:541} INFO - Filling up the DagBag from /home/airflow-vm/data-engineer-batch-processing-financial-services/.venv/lib/python3.10/site-packages/airflow/example_dags/tutorial_taskflow_api.py
[2024-09-03T11:08:45.657+0000] {processor.py:836} INFO - DAG(s) dict_keys(['tutorial_taskflow_api']) retrieved from /home/airflow-vm/data-engineer-batch-processing-financial-services/.venv/lib/python3.10/site-packages/airflow/example_dags/tutorial_taskflow_api.py
[2024-09-03T11:08:45.676+0000] {logging_mixin.py:149} INFO - [2024-09-03T11:08:45.676+0000] {dag.py:2726} INFO - Sync 1 DAGs
[2024-09-03T11:08:45.698+0000] {logging_mixin.py:149} INFO - [2024-09-03T11:08:45.697+0000] {dag.py:3486} INFO - Setting next_dagrun for tutorial_taskflow_api to None, run_after=None
[2024-09-03T11:08:45.727+0000] {processor.py:179} INFO - Processing /home/airflow-vm/data-engineer-batch-processing-financial-services/.venv/lib/python3.10/site-packages/airflow/example_dags/tutorial_taskflow_api.py took 0.080 seconds
[2024-09-03T11:10:51.793+0000] {processor.py:157} INFO - Started process (PID=8730) to work on /home/airflow-vm/data-engineer-batch-processing-financial-services/.venv/lib/python3.10/site-packages/airflow/example_dags/tutorial_taskflow_api.py
[2024-09-03T11:10:51.794+0000] {processor.py:826} INFO - Processing file /home/airflow-vm/data-engineer-batch-processing-financial-services/.venv/lib/python3.10/site-packages/airflow/example_dags/tutorial_taskflow_api.py for tasks to queue
[2024-09-03T11:10:51.794+0000] {logging_mixin.py:149} INFO - [2024-09-03T11:10:51.794+0000] {dagbag.py:541} INFO - Filling up the DagBag from /home/airflow-vm/data-engineer-batch-processing-financial-services/.venv/lib/python3.10/site-packages/airflow/example_dags/tutorial_taskflow_api.py
[2024-09-03T11:10:51.800+0000] {processor.py:836} INFO - DAG(s) dict_keys(['tutorial_taskflow_api']) retrieved from /home/airflow-vm/data-engineer-batch-processing-financial-services/.venv/lib/python3.10/site-packages/airflow/example_dags/tutorial_taskflow_api.py
[2024-09-03T11:10:51.819+0000] {logging_mixin.py:149} INFO - [2024-09-03T11:10:51.819+0000] {dag.py:2726} INFO - Sync 1 DAGs
[2024-09-03T11:10:51.838+0000] {logging_mixin.py:149} INFO - [2024-09-03T11:10:51.838+0000] {dag.py:3486} INFO - Setting next_dagrun for tutorial_taskflow_api to None, run_after=None
[2024-09-03T11:10:51.866+0000] {processor.py:179} INFO - Processing /home/airflow-vm/data-engineer-batch-processing-financial-services/.venv/lib/python3.10/site-packages/airflow/example_dags/tutorial_taskflow_api.py took 0.075 seconds
[2024-09-03T11:13:00.775+0000] {processor.py:157} INFO - Started process (PID=9651) to work on /home/airflow-vm/data-engineer-batch-processing-financial-services/.venv/lib/python3.10/site-packages/airflow/example_dags/tutorial_taskflow_api.py
[2024-09-03T11:13:00.776+0000] {processor.py:826} INFO - Processing file /home/airflow-vm/data-engineer-batch-processing-financial-services/.venv/lib/python3.10/site-packages/airflow/example_dags/tutorial_taskflow_api.py for tasks to queue
[2024-09-03T11:13:00.777+0000] {logging_mixin.py:149} INFO - [2024-09-03T11:13:00.777+0000] {dagbag.py:541} INFO - Filling up the DagBag from /home/airflow-vm/data-engineer-batch-processing-financial-services/.venv/lib/python3.10/site-packages/airflow/example_dags/tutorial_taskflow_api.py
[2024-09-03T11:13:00.783+0000] {processor.py:836} INFO - DAG(s) dict_keys(['tutorial_taskflow_api']) retrieved from /home/airflow-vm/data-engineer-batch-processing-financial-services/.venv/lib/python3.10/site-packages/airflow/example_dags/tutorial_taskflow_api.py
[2024-09-03T11:13:00.800+0000] {logging_mixin.py:149} INFO - [2024-09-03T11:13:00.800+0000] {dag.py:2726} INFO - Sync 1 DAGs
[2024-09-03T11:13:00.820+0000] {logging_mixin.py:149} INFO - [2024-09-03T11:13:00.820+0000] {dag.py:3486} INFO - Setting next_dagrun for tutorial_taskflow_api to None, run_after=None
[2024-09-03T11:13:00.853+0000] {processor.py:179} INFO - Processing /home/airflow-vm/data-engineer-batch-processing-financial-services/.venv/lib/python3.10/site-packages/airflow/example_dags/tutorial_taskflow_api.py took 0.080 seconds
[2024-09-03T11:15:11.322+0000] {processor.py:157} INFO - Started process (PID=10604) to work on /home/airflow-vm/data-engineer-batch-processing-financial-services/.venv/lib/python3.10/site-packages/airflow/example_dags/tutorial_taskflow_api.py
[2024-09-03T11:15:11.322+0000] {processor.py:826} INFO - Processing file /home/airflow-vm/data-engineer-batch-processing-financial-services/.venv/lib/python3.10/site-packages/airflow/example_dags/tutorial_taskflow_api.py for tasks to queue
[2024-09-03T11:15:11.323+0000] {logging_mixin.py:149} INFO - [2024-09-03T11:15:11.323+0000] {dagbag.py:541} INFO - Filling up the DagBag from /home/airflow-vm/data-engineer-batch-processing-financial-services/.venv/lib/python3.10/site-packages/airflow/example_dags/tutorial_taskflow_api.py
[2024-09-03T11:15:11.329+0000] {processor.py:836} INFO - DAG(s) dict_keys(['tutorial_taskflow_api']) retrieved from /home/airflow-vm/data-engineer-batch-processing-financial-services/.venv/lib/python3.10/site-packages/airflow/example_dags/tutorial_taskflow_api.py
[2024-09-03T11:15:11.348+0000] {logging_mixin.py:149} INFO - [2024-09-03T11:15:11.348+0000] {dag.py:2726} INFO - Sync 1 DAGs
[2024-09-03T11:15:11.370+0000] {logging_mixin.py:149} INFO - [2024-09-03T11:15:11.370+0000] {dag.py:3486} INFO - Setting next_dagrun for tutorial_taskflow_api to None, run_after=None
[2024-09-03T11:15:11.404+0000] {processor.py:179} INFO - Processing /home/airflow-vm/data-engineer-batch-processing-financial-services/.venv/lib/python3.10/site-packages/airflow/example_dags/tutorial_taskflow_api.py took 0.085 seconds
[2024-09-03T11:17:13.989+0000] {processor.py:157} INFO - Started process (PID=11843) to work on /home/airflow-vm/data-engineer-batch-processing-financial-services/.venv/lib/python3.10/site-packages/airflow/example_dags/tutorial_taskflow_api.py
[2024-09-03T11:17:13.990+0000] {processor.py:826} INFO - Processing file /home/airflow-vm/data-engineer-batch-processing-financial-services/.venv/lib/python3.10/site-packages/airflow/example_dags/tutorial_taskflow_api.py for tasks to queue
[2024-09-03T11:17:13.991+0000] {logging_mixin.py:149} INFO - [2024-09-03T11:17:13.991+0000] {dagbag.py:541} INFO - Filling up the DagBag from /home/airflow-vm/data-engineer-batch-processing-financial-services/.venv/lib/python3.10/site-packages/airflow/example_dags/tutorial_taskflow_api.py
[2024-09-03T11:17:13.996+0000] {processor.py:836} INFO - DAG(s) dict_keys(['tutorial_taskflow_api']) retrieved from /home/airflow-vm/data-engineer-batch-processing-financial-services/.venv/lib/python3.10/site-packages/airflow/example_dags/tutorial_taskflow_api.py
[2024-09-03T11:17:14.014+0000] {logging_mixin.py:149} INFO - [2024-09-03T11:17:14.013+0000] {dag.py:2726} INFO - Sync 1 DAGs
[2024-09-03T11:17:14.033+0000] {logging_mixin.py:149} INFO - [2024-09-03T11:17:14.033+0000] {dag.py:3486} INFO - Setting next_dagrun for tutorial_taskflow_api to None, run_after=None
[2024-09-03T11:17:14.063+0000] {processor.py:179} INFO - Processing /home/airflow-vm/data-engineer-batch-processing-financial-services/.venv/lib/python3.10/site-packages/airflow/example_dags/tutorial_taskflow_api.py took 0.076 seconds
[2024-09-03T11:19:56.869+0000] {processor.py:157} INFO - Started process (PID=13205) to work on /home/airflow-vm/data-engineer-batch-processing-financial-services/.venv/lib/python3.10/site-packages/airflow/example_dags/tutorial_taskflow_api.py
[2024-09-03T11:19:56.870+0000] {processor.py:826} INFO - Processing file /home/airflow-vm/data-engineer-batch-processing-financial-services/.venv/lib/python3.10/site-packages/airflow/example_dags/tutorial_taskflow_api.py for tasks to queue
[2024-09-03T11:19:56.871+0000] {logging_mixin.py:149} INFO - [2024-09-03T11:19:56.871+0000] {dagbag.py:541} INFO - Filling up the DagBag from /home/airflow-vm/data-engineer-batch-processing-financial-services/.venv/lib/python3.10/site-packages/airflow/example_dags/tutorial_taskflow_api.py
[2024-09-03T11:19:56.877+0000] {processor.py:836} INFO - DAG(s) dict_keys(['tutorial_taskflow_api']) retrieved from /home/airflow-vm/data-engineer-batch-processing-financial-services/.venv/lib/python3.10/site-packages/airflow/example_dags/tutorial_taskflow_api.py
[2024-09-03T11:19:56.894+0000] {logging_mixin.py:149} INFO - [2024-09-03T11:19:56.894+0000] {dag.py:2726} INFO - Sync 1 DAGs
[2024-09-03T11:19:56.913+0000] {logging_mixin.py:149} INFO - [2024-09-03T11:19:56.913+0000] {dag.py:3486} INFO - Setting next_dagrun for tutorial_taskflow_api to None, run_after=None
[2024-09-03T11:19:56.940+0000] {processor.py:179} INFO - Processing /home/airflow-vm/data-engineer-batch-processing-financial-services/.venv/lib/python3.10/site-packages/airflow/example_dags/tutorial_taskflow_api.py took 0.074 seconds
[2024-09-03T11:22:52.043+0000] {processor.py:157} INFO - Started process (PID=14657) to work on /home/airflow-vm/data-engineer-batch-processing-financial-services/.venv/lib/python3.10/site-packages/airflow/example_dags/tutorial_taskflow_api.py
[2024-09-03T11:22:52.043+0000] {processor.py:826} INFO - Processing file /home/airflow-vm/data-engineer-batch-processing-financial-services/.venv/lib/python3.10/site-packages/airflow/example_dags/tutorial_taskflow_api.py for tasks to queue
[2024-09-03T11:22:52.044+0000] {logging_mixin.py:149} INFO - [2024-09-03T11:22:52.044+0000] {dagbag.py:541} INFO - Filling up the DagBag from /home/airflow-vm/data-engineer-batch-processing-financial-services/.venv/lib/python3.10/site-packages/airflow/example_dags/tutorial_taskflow_api.py
[2024-09-03T11:22:52.049+0000] {processor.py:836} INFO - DAG(s) dict_keys(['tutorial_taskflow_api']) retrieved from /home/airflow-vm/data-engineer-batch-processing-financial-services/.venv/lib/python3.10/site-packages/airflow/example_dags/tutorial_taskflow_api.py
[2024-09-03T11:22:52.067+0000] {logging_mixin.py:149} INFO - [2024-09-03T11:22:52.067+0000] {dag.py:2726} INFO - Sync 1 DAGs
[2024-09-03T11:22:52.086+0000] {logging_mixin.py:149} INFO - [2024-09-03T11:22:52.086+0000] {dag.py:3486} INFO - Setting next_dagrun for tutorial_taskflow_api to None, run_after=None
[2024-09-03T11:22:52.114+0000] {processor.py:179} INFO - Processing /home/airflow-vm/data-engineer-batch-processing-financial-services/.venv/lib/python3.10/site-packages/airflow/example_dags/tutorial_taskflow_api.py took 0.074 seconds
[2024-09-03T11:25:48.576+0000] {processor.py:157} INFO - Started process (PID=15984) to work on /home/airflow-vm/data-engineer-batch-processing-financial-services/.venv/lib/python3.10/site-packages/airflow/example_dags/tutorial_taskflow_api.py
[2024-09-03T11:25:48.577+0000] {processor.py:826} INFO - Processing file /home/airflow-vm/data-engineer-batch-processing-financial-services/.venv/lib/python3.10/site-packages/airflow/example_dags/tutorial_taskflow_api.py for tasks to queue
[2024-09-03T11:25:48.577+0000] {logging_mixin.py:149} INFO - [2024-09-03T11:25:48.577+0000] {dagbag.py:541} INFO - Filling up the DagBag from /home/airflow-vm/data-engineer-batch-processing-financial-services/.venv/lib/python3.10/site-packages/airflow/example_dags/tutorial_taskflow_api.py
[2024-09-03T11:25:48.583+0000] {processor.py:836} INFO - DAG(s) dict_keys(['tutorial_taskflow_api']) retrieved from /home/airflow-vm/data-engineer-batch-processing-financial-services/.venv/lib/python3.10/site-packages/airflow/example_dags/tutorial_taskflow_api.py
[2024-09-03T11:25:48.602+0000] {logging_mixin.py:149} INFO - [2024-09-03T11:25:48.602+0000] {dag.py:2726} INFO - Sync 1 DAGs
[2024-09-03T11:25:48.622+0000] {logging_mixin.py:149} INFO - [2024-09-03T11:25:48.622+0000] {dag.py:3486} INFO - Setting next_dagrun for tutorial_taskflow_api to None, run_after=None
[2024-09-03T11:25:48.651+0000] {processor.py:179} INFO - Processing /home/airflow-vm/data-engineer-batch-processing-financial-services/.venv/lib/python3.10/site-packages/airflow/example_dags/tutorial_taskflow_api.py took 0.079 seconds
[2024-09-03T11:28:31.631+0000] {processor.py:157} INFO - Started process (PID=17246) to work on /home/airflow-vm/data-engineer-batch-processing-financial-services/.venv/lib/python3.10/site-packages/airflow/example_dags/tutorial_taskflow_api.py
[2024-09-03T11:28:31.632+0000] {processor.py:826} INFO - Processing file /home/airflow-vm/data-engineer-batch-processing-financial-services/.venv/lib/python3.10/site-packages/airflow/example_dags/tutorial_taskflow_api.py for tasks to queue
[2024-09-03T11:28:31.633+0000] {logging_mixin.py:149} INFO - [2024-09-03T11:28:31.632+0000] {dagbag.py:541} INFO - Filling up the DagBag from /home/airflow-vm/data-engineer-batch-processing-financial-services/.venv/lib/python3.10/site-packages/airflow/example_dags/tutorial_taskflow_api.py
[2024-09-03T11:28:31.638+0000] {processor.py:836} INFO - DAG(s) dict_keys(['tutorial_taskflow_api']) retrieved from /home/airflow-vm/data-engineer-batch-processing-financial-services/.venv/lib/python3.10/site-packages/airflow/example_dags/tutorial_taskflow_api.py
[2024-09-03T11:28:31.655+0000] {logging_mixin.py:149} INFO - [2024-09-03T11:28:31.655+0000] {dag.py:2726} INFO - Sync 1 DAGs
[2024-09-03T11:28:31.677+0000] {logging_mixin.py:149} INFO - [2024-09-03T11:28:31.676+0000] {dag.py:3486} INFO - Setting next_dagrun for tutorial_taskflow_api to None, run_after=None
[2024-09-03T11:28:31.706+0000] {processor.py:179} INFO - Processing /home/airflow-vm/data-engineer-batch-processing-financial-services/.venv/lib/python3.10/site-packages/airflow/example_dags/tutorial_taskflow_api.py took 0.077 seconds
[2024-09-03T11:32:35.912+0000] {processor.py:157} INFO - Started process (PID=19536) to work on /home/airflow-vm/data-engineer-batch-processing-financial-services/.venv/lib/python3.10/site-packages/airflow/example_dags/tutorial_taskflow_api.py
[2024-09-03T11:32:35.913+0000] {processor.py:826} INFO - Processing file /home/airflow-vm/data-engineer-batch-processing-financial-services/.venv/lib/python3.10/site-packages/airflow/example_dags/tutorial_taskflow_api.py for tasks to queue
[2024-09-03T11:32:35.914+0000] {logging_mixin.py:149} INFO - [2024-09-03T11:32:35.914+0000] {dagbag.py:541} INFO - Filling up the DagBag from /home/airflow-vm/data-engineer-batch-processing-financial-services/.venv/lib/python3.10/site-packages/airflow/example_dags/tutorial_taskflow_api.py
[2024-09-03T11:32:35.920+0000] {processor.py:836} INFO - DAG(s) dict_keys(['tutorial_taskflow_api']) retrieved from /home/airflow-vm/data-engineer-batch-processing-financial-services/.venv/lib/python3.10/site-packages/airflow/example_dags/tutorial_taskflow_api.py
[2024-09-03T11:32:35.938+0000] {logging_mixin.py:149} INFO - [2024-09-03T11:32:35.938+0000] {dag.py:2726} INFO - Sync 1 DAGs
[2024-09-03T11:32:35.960+0000] {logging_mixin.py:149} INFO - [2024-09-03T11:32:35.960+0000] {dag.py:3486} INFO - Setting next_dagrun for tutorial_taskflow_api to None, run_after=None
[2024-09-03T11:32:35.992+0000] {processor.py:179} INFO - Processing /home/airflow-vm/data-engineer-batch-processing-financial-services/.venv/lib/python3.10/site-packages/airflow/example_dags/tutorial_taskflow_api.py took 0.082 seconds
[2024-09-03T11:37:02.526+0000] {processor.py:157} INFO - Started process (PID=22470) to work on /home/airflow-vm/data-engineer-batch-processing-financial-services/.venv/lib/python3.10/site-packages/airflow/example_dags/tutorial_taskflow_api.py
[2024-09-03T11:37:02.527+0000] {processor.py:826} INFO - Processing file /home/airflow-vm/data-engineer-batch-processing-financial-services/.venv/lib/python3.10/site-packages/airflow/example_dags/tutorial_taskflow_api.py for tasks to queue
[2024-09-03T11:37:02.527+0000] {logging_mixin.py:149} INFO - [2024-09-03T11:37:02.527+0000] {dagbag.py:541} INFO - Filling up the DagBag from /home/airflow-vm/data-engineer-batch-processing-financial-services/.venv/lib/python3.10/site-packages/airflow/example_dags/tutorial_taskflow_api.py
[2024-09-03T11:37:02.533+0000] {processor.py:836} INFO - DAG(s) dict_keys(['tutorial_taskflow_api']) retrieved from /home/airflow-vm/data-engineer-batch-processing-financial-services/.venv/lib/python3.10/site-packages/airflow/example_dags/tutorial_taskflow_api.py
[2024-09-03T11:37:02.552+0000] {logging_mixin.py:149} INFO - [2024-09-03T11:37:02.552+0000] {dag.py:2726} INFO - Sync 1 DAGs
[2024-09-03T11:37:02.575+0000] {logging_mixin.py:149} INFO - [2024-09-03T11:37:02.575+0000] {dag.py:3486} INFO - Setting next_dagrun for tutorial_taskflow_api to None, run_after=None
[2024-09-03T11:37:02.605+0000] {processor.py:179} INFO - Processing /home/airflow-vm/data-engineer-batch-processing-financial-services/.venv/lib/python3.10/site-packages/airflow/example_dags/tutorial_taskflow_api.py took 0.081 seconds
[2024-09-03T11:37:48.641+0000] {processor.py:157} INFO - Started process (PID=22740) to work on /home/airflow-vm/data-engineer-batch-processing-financial-services/.venv/lib/python3.10/site-packages/airflow/example_dags/tutorial_taskflow_api.py
[2024-09-03T11:37:48.641+0000] {processor.py:826} INFO - Processing file /home/airflow-vm/data-engineer-batch-processing-financial-services/.venv/lib/python3.10/site-packages/airflow/example_dags/tutorial_taskflow_api.py for tasks to queue
[2024-09-03T11:37:48.642+0000] {logging_mixin.py:149} INFO - [2024-09-03T11:37:48.642+0000] {dagbag.py:541} INFO - Filling up the DagBag from /home/airflow-vm/data-engineer-batch-processing-financial-services/.venv/lib/python3.10/site-packages/airflow/example_dags/tutorial_taskflow_api.py
[2024-09-03T11:37:48.648+0000] {processor.py:836} INFO - DAG(s) dict_keys(['tutorial_taskflow_api']) retrieved from /home/airflow-vm/data-engineer-batch-processing-financial-services/.venv/lib/python3.10/site-packages/airflow/example_dags/tutorial_taskflow_api.py
[2024-09-03T11:37:48.668+0000] {logging_mixin.py:149} INFO - [2024-09-03T11:37:48.668+0000] {dag.py:2726} INFO - Sync 1 DAGs
[2024-09-03T11:37:48.689+0000] {logging_mixin.py:149} INFO - [2024-09-03T11:37:48.688+0000] {dag.py:3486} INFO - Setting next_dagrun for tutorial_taskflow_api to None, run_after=None
[2024-09-03T11:37:48.718+0000] {processor.py:179} INFO - Processing /home/airflow-vm/data-engineer-batch-processing-financial-services/.venv/lib/python3.10/site-packages/airflow/example_dags/tutorial_taskflow_api.py took 0.080 seconds
[2024-09-03T11:38:33.948+0000] {processor.py:157} INFO - Started process (PID=22934) to work on /home/airflow-vm/data-engineer-batch-processing-financial-services/.venv/lib/python3.10/site-packages/airflow/example_dags/tutorial_taskflow_api.py
[2024-09-03T11:38:33.949+0000] {processor.py:826} INFO - Processing file /home/airflow-vm/data-engineer-batch-processing-financial-services/.venv/lib/python3.10/site-packages/airflow/example_dags/tutorial_taskflow_api.py for tasks to queue
[2024-09-03T11:38:33.949+0000] {logging_mixin.py:149} INFO - [2024-09-03T11:38:33.949+0000] {dagbag.py:541} INFO - Filling up the DagBag from /home/airflow-vm/data-engineer-batch-processing-financial-services/.venv/lib/python3.10/site-packages/airflow/example_dags/tutorial_taskflow_api.py
[2024-09-03T11:38:33.956+0000] {processor.py:836} INFO - DAG(s) dict_keys(['tutorial_taskflow_api']) retrieved from /home/airflow-vm/data-engineer-batch-processing-financial-services/.venv/lib/python3.10/site-packages/airflow/example_dags/tutorial_taskflow_api.py
[2024-09-03T11:38:33.977+0000] {logging_mixin.py:149} INFO - [2024-09-03T11:38:33.977+0000] {dag.py:2726} INFO - Sync 1 DAGs
[2024-09-03T11:38:33.998+0000] {logging_mixin.py:149} INFO - [2024-09-03T11:38:33.998+0000] {dag.py:3486} INFO - Setting next_dagrun for tutorial_taskflow_api to None, run_after=None
[2024-09-03T11:38:34.028+0000] {processor.py:179} INFO - Processing /home/airflow-vm/data-engineer-batch-processing-financial-services/.venv/lib/python3.10/site-packages/airflow/example_dags/tutorial_taskflow_api.py took 0.083 seconds
[2024-09-03T11:39:10.193+0000] {processor.py:157} INFO - Started process (PID=23104) to work on /home/airflow-vm/data-engineer-batch-processing-financial-services/.venv/lib/python3.10/site-packages/airflow/example_dags/tutorial_taskflow_api.py
[2024-09-03T11:39:10.194+0000] {processor.py:826} INFO - Processing file /home/airflow-vm/data-engineer-batch-processing-financial-services/.venv/lib/python3.10/site-packages/airflow/example_dags/tutorial_taskflow_api.py for tasks to queue
[2024-09-03T11:39:10.194+0000] {logging_mixin.py:149} INFO - [2024-09-03T11:39:10.194+0000] {dagbag.py:541} INFO - Filling up the DagBag from /home/airflow-vm/data-engineer-batch-processing-financial-services/.venv/lib/python3.10/site-packages/airflow/example_dags/tutorial_taskflow_api.py
[2024-09-03T11:39:10.200+0000] {processor.py:836} INFO - DAG(s) dict_keys(['tutorial_taskflow_api']) retrieved from /home/airflow-vm/data-engineer-batch-processing-financial-services/.venv/lib/python3.10/site-packages/airflow/example_dags/tutorial_taskflow_api.py
[2024-09-03T11:39:10.219+0000] {logging_mixin.py:149} INFO - [2024-09-03T11:39:10.219+0000] {dag.py:2726} INFO - Sync 1 DAGs
[2024-09-03T11:39:10.240+0000] {logging_mixin.py:149} INFO - [2024-09-03T11:39:10.239+0000] {dag.py:3486} INFO - Setting next_dagrun for tutorial_taskflow_api to None, run_after=None
[2024-09-03T11:39:10.270+0000] {processor.py:179} INFO - Processing /home/airflow-vm/data-engineer-batch-processing-financial-services/.venv/lib/python3.10/site-packages/airflow/example_dags/tutorial_taskflow_api.py took 0.080 seconds
[2024-09-03T11:39:55.607+0000] {processor.py:157} INFO - Started process (PID=23308) to work on /home/airflow-vm/data-engineer-batch-processing-financial-services/.venv/lib/python3.10/site-packages/airflow/example_dags/tutorial_taskflow_api.py
[2024-09-03T11:39:55.607+0000] {processor.py:826} INFO - Processing file /home/airflow-vm/data-engineer-batch-processing-financial-services/.venv/lib/python3.10/site-packages/airflow/example_dags/tutorial_taskflow_api.py for tasks to queue
[2024-09-03T11:39:55.608+0000] {logging_mixin.py:149} INFO - [2024-09-03T11:39:55.608+0000] {dagbag.py:541} INFO - Filling up the DagBag from /home/airflow-vm/data-engineer-batch-processing-financial-services/.venv/lib/python3.10/site-packages/airflow/example_dags/tutorial_taskflow_api.py
[2024-09-03T11:39:55.614+0000] {processor.py:836} INFO - DAG(s) dict_keys(['tutorial_taskflow_api']) retrieved from /home/airflow-vm/data-engineer-batch-processing-financial-services/.venv/lib/python3.10/site-packages/airflow/example_dags/tutorial_taskflow_api.py
[2024-09-03T11:39:55.631+0000] {logging_mixin.py:149} INFO - [2024-09-03T11:39:55.631+0000] {dag.py:2726} INFO - Sync 1 DAGs
[2024-09-03T11:39:55.651+0000] {logging_mixin.py:149} INFO - [2024-09-03T11:39:55.651+0000] {dag.py:3486} INFO - Setting next_dagrun for tutorial_taskflow_api to None, run_after=None
[2024-09-03T11:39:55.681+0000] {processor.py:179} INFO - Processing /home/airflow-vm/data-engineer-batch-processing-financial-services/.venv/lib/python3.10/site-packages/airflow/example_dags/tutorial_taskflow_api.py took 0.077 seconds
[2024-09-03T11:42:10.190+0000] {processor.py:157} INFO - Started process (PID=24747) to work on /home/airflow-vm/data-engineer-batch-processing-financial-services/.venv/lib/python3.10/site-packages/airflow/example_dags/tutorial_taskflow_api.py
[2024-09-03T11:42:10.191+0000] {processor.py:826} INFO - Processing file /home/airflow-vm/data-engineer-batch-processing-financial-services/.venv/lib/python3.10/site-packages/airflow/example_dags/tutorial_taskflow_api.py for tasks to queue
[2024-09-03T11:42:10.192+0000] {logging_mixin.py:149} INFO - [2024-09-03T11:42:10.192+0000] {dagbag.py:541} INFO - Filling up the DagBag from /home/airflow-vm/data-engineer-batch-processing-financial-services/.venv/lib/python3.10/site-packages/airflow/example_dags/tutorial_taskflow_api.py
[2024-09-03T11:42:10.198+0000] {processor.py:836} INFO - DAG(s) dict_keys(['tutorial_taskflow_api']) retrieved from /home/airflow-vm/data-engineer-batch-processing-financial-services/.venv/lib/python3.10/site-packages/airflow/example_dags/tutorial_taskflow_api.py
[2024-09-03T11:42:10.215+0000] {logging_mixin.py:149} INFO - [2024-09-03T11:42:10.215+0000] {dag.py:2726} INFO - Sync 1 DAGs
[2024-09-03T11:42:10.234+0000] {logging_mixin.py:149} INFO - [2024-09-03T11:42:10.234+0000] {dag.py:3486} INFO - Setting next_dagrun for tutorial_taskflow_api to None, run_after=None
[2024-09-03T11:42:10.263+0000] {processor.py:179} INFO - Processing /home/airflow-vm/data-engineer-batch-processing-financial-services/.venv/lib/python3.10/site-packages/airflow/example_dags/tutorial_taskflow_api.py took 0.075 seconds
[2024-09-03T11:46:25.616+0000] {processor.py:157} INFO - Started process (PID=27176) to work on /home/airflow-vm/data-engineer-batch-processing-financial-services/.venv/lib/python3.10/site-packages/airflow/example_dags/tutorial_taskflow_api.py
[2024-09-03T11:46:25.617+0000] {processor.py:826} INFO - Processing file /home/airflow-vm/data-engineer-batch-processing-financial-services/.venv/lib/python3.10/site-packages/airflow/example_dags/tutorial_taskflow_api.py for tasks to queue
[2024-09-03T11:46:25.618+0000] {logging_mixin.py:149} INFO - [2024-09-03T11:46:25.617+0000] {dagbag.py:541} INFO - Filling up the DagBag from /home/airflow-vm/data-engineer-batch-processing-financial-services/.venv/lib/python3.10/site-packages/airflow/example_dags/tutorial_taskflow_api.py
[2024-09-03T11:46:25.623+0000] {processor.py:836} INFO - DAG(s) dict_keys(['tutorial_taskflow_api']) retrieved from /home/airflow-vm/data-engineer-batch-processing-financial-services/.venv/lib/python3.10/site-packages/airflow/example_dags/tutorial_taskflow_api.py
[2024-09-03T11:46:25.641+0000] {logging_mixin.py:149} INFO - [2024-09-03T11:46:25.640+0000] {dag.py:2726} INFO - Sync 1 DAGs
[2024-09-03T11:46:25.661+0000] {logging_mixin.py:149} INFO - [2024-09-03T11:46:25.661+0000] {dag.py:3486} INFO - Setting next_dagrun for tutorial_taskflow_api to None, run_after=None
[2024-09-03T11:46:25.689+0000] {processor.py:179} INFO - Processing /home/airflow-vm/data-engineer-batch-processing-financial-services/.venv/lib/python3.10/site-packages/airflow/example_dags/tutorial_taskflow_api.py took 0.076 seconds
[2024-09-03T11:49:58.565+0000] {processor.py:157} INFO - Started process (PID=29443) to work on /home/airflow-vm/data-engineer-batch-processing-financial-services/.venv/lib/python3.10/site-packages/airflow/example_dags/tutorial_taskflow_api.py
[2024-09-03T11:49:58.566+0000] {processor.py:826} INFO - Processing file /home/airflow-vm/data-engineer-batch-processing-financial-services/.venv/lib/python3.10/site-packages/airflow/example_dags/tutorial_taskflow_api.py for tasks to queue
[2024-09-03T11:49:58.566+0000] {logging_mixin.py:149} INFO - [2024-09-03T11:49:58.566+0000] {dagbag.py:541} INFO - Filling up the DagBag from /home/airflow-vm/data-engineer-batch-processing-financial-services/.venv/lib/python3.10/site-packages/airflow/example_dags/tutorial_taskflow_api.py
[2024-09-03T11:49:58.572+0000] {processor.py:836} INFO - DAG(s) dict_keys(['tutorial_taskflow_api']) retrieved from /home/airflow-vm/data-engineer-batch-processing-financial-services/.venv/lib/python3.10/site-packages/airflow/example_dags/tutorial_taskflow_api.py
[2024-09-03T11:49:58.590+0000] {logging_mixin.py:149} INFO - [2024-09-03T11:49:58.590+0000] {dag.py:2726} INFO - Sync 1 DAGs
[2024-09-03T11:49:58.608+0000] {logging_mixin.py:149} INFO - [2024-09-03T11:49:58.608+0000] {dag.py:3486} INFO - Setting next_dagrun for tutorial_taskflow_api to None, run_after=None
[2024-09-03T11:49:58.634+0000] {processor.py:179} INFO - Processing /home/airflow-vm/data-engineer-batch-processing-financial-services/.venv/lib/python3.10/site-packages/airflow/example_dags/tutorial_taskflow_api.py took 0.072 seconds
[2024-09-03T11:50:48.196+0000] {processor.py:157} INFO - Started process (PID=29680) to work on /home/airflow-vm/data-engineer-batch-processing-financial-services/.venv/lib/python3.10/site-packages/airflow/example_dags/tutorial_taskflow_api.py
[2024-09-03T11:50:48.197+0000] {processor.py:826} INFO - Processing file /home/airflow-vm/data-engineer-batch-processing-financial-services/.venv/lib/python3.10/site-packages/airflow/example_dags/tutorial_taskflow_api.py for tasks to queue
[2024-09-03T11:50:48.197+0000] {logging_mixin.py:149} INFO - [2024-09-03T11:50:48.197+0000] {dagbag.py:541} INFO - Filling up the DagBag from /home/airflow-vm/data-engineer-batch-processing-financial-services/.venv/lib/python3.10/site-packages/airflow/example_dags/tutorial_taskflow_api.py
[2024-09-03T11:50:48.203+0000] {processor.py:836} INFO - DAG(s) dict_keys(['tutorial_taskflow_api']) retrieved from /home/airflow-vm/data-engineer-batch-processing-financial-services/.venv/lib/python3.10/site-packages/airflow/example_dags/tutorial_taskflow_api.py
[2024-09-03T11:50:48.220+0000] {logging_mixin.py:149} INFO - [2024-09-03T11:50:48.219+0000] {dag.py:2726} INFO - Sync 1 DAGs
[2024-09-03T11:50:48.238+0000] {logging_mixin.py:149} INFO - [2024-09-03T11:50:48.238+0000] {dag.py:3486} INFO - Setting next_dagrun for tutorial_taskflow_api to None, run_after=None
[2024-09-03T11:50:48.267+0000] {processor.py:179} INFO - Processing /home/airflow-vm/data-engineer-batch-processing-financial-services/.venv/lib/python3.10/site-packages/airflow/example_dags/tutorial_taskflow_api.py took 0.073 seconds
[2024-09-03T11:51:31.613+0000] {processor.py:157} INFO - Started process (PID=29727) to work on /home/airflow-vm/data-engineer-batch-processing-financial-services/.venv/lib/python3.10/site-packages/airflow/example_dags/tutorial_taskflow_api.py
[2024-09-03T11:51:31.614+0000] {processor.py:826} INFO - Processing file /home/airflow-vm/data-engineer-batch-processing-financial-services/.venv/lib/python3.10/site-packages/airflow/example_dags/tutorial_taskflow_api.py for tasks to queue
[2024-09-03T11:51:31.614+0000] {logging_mixin.py:149} INFO - [2024-09-03T11:51:31.614+0000] {dagbag.py:541} INFO - Filling up the DagBag from /home/airflow-vm/data-engineer-batch-processing-financial-services/.venv/lib/python3.10/site-packages/airflow/example_dags/tutorial_taskflow_api.py
[2024-09-03T11:51:31.619+0000] {processor.py:836} INFO - DAG(s) dict_keys(['tutorial_taskflow_api']) retrieved from /home/airflow-vm/data-engineer-batch-processing-financial-services/.venv/lib/python3.10/site-packages/airflow/example_dags/tutorial_taskflow_api.py
[2024-09-03T11:51:31.636+0000] {logging_mixin.py:149} INFO - [2024-09-03T11:51:31.636+0000] {dag.py:2726} INFO - Sync 1 DAGs
[2024-09-03T11:51:31.655+0000] {logging_mixin.py:149} INFO - [2024-09-03T11:51:31.655+0000] {dag.py:3486} INFO - Setting next_dagrun for tutorial_taskflow_api to None, run_after=None
[2024-09-03T11:51:31.688+0000] {processor.py:179} INFO - Processing /home/airflow-vm/data-engineer-batch-processing-financial-services/.venv/lib/python3.10/site-packages/airflow/example_dags/tutorial_taskflow_api.py took 0.078 seconds
[2024-09-03T11:52:15.742+0000] {processor.py:157} INFO - Started process (PID=29775) to work on /home/airflow-vm/data-engineer-batch-processing-financial-services/.venv/lib/python3.10/site-packages/airflow/example_dags/tutorial_taskflow_api.py
[2024-09-03T11:52:15.743+0000] {processor.py:826} INFO - Processing file /home/airflow-vm/data-engineer-batch-processing-financial-services/.venv/lib/python3.10/site-packages/airflow/example_dags/tutorial_taskflow_api.py for tasks to queue
[2024-09-03T11:52:15.743+0000] {logging_mixin.py:149} INFO - [2024-09-03T11:52:15.743+0000] {dagbag.py:541} INFO - Filling up the DagBag from /home/airflow-vm/data-engineer-batch-processing-financial-services/.venv/lib/python3.10/site-packages/airflow/example_dags/tutorial_taskflow_api.py
[2024-09-03T11:52:15.749+0000] {processor.py:836} INFO - DAG(s) dict_keys(['tutorial_taskflow_api']) retrieved from /home/airflow-vm/data-engineer-batch-processing-financial-services/.venv/lib/python3.10/site-packages/airflow/example_dags/tutorial_taskflow_api.py
[2024-09-03T11:52:15.769+0000] {logging_mixin.py:149} INFO - [2024-09-03T11:52:15.768+0000] {dag.py:2726} INFO - Sync 1 DAGs
[2024-09-03T11:52:15.788+0000] {logging_mixin.py:149} INFO - [2024-09-03T11:52:15.788+0000] {dag.py:3486} INFO - Setting next_dagrun for tutorial_taskflow_api to None, run_after=None
[2024-09-03T11:52:15.816+0000] {processor.py:179} INFO - Processing /home/airflow-vm/data-engineer-batch-processing-financial-services/.venv/lib/python3.10/site-packages/airflow/example_dags/tutorial_taskflow_api.py took 0.077 seconds
[2024-09-03T11:53:02.034+0000] {processor.py:157} INFO - Started process (PID=29823) to work on /home/airflow-vm/data-engineer-batch-processing-financial-services/.venv/lib/python3.10/site-packages/airflow/example_dags/tutorial_taskflow_api.py
[2024-09-03T11:53:02.035+0000] {processor.py:826} INFO - Processing file /home/airflow-vm/data-engineer-batch-processing-financial-services/.venv/lib/python3.10/site-packages/airflow/example_dags/tutorial_taskflow_api.py for tasks to queue
[2024-09-03T11:53:02.036+0000] {logging_mixin.py:149} INFO - [2024-09-03T11:53:02.036+0000] {dagbag.py:541} INFO - Filling up the DagBag from /home/airflow-vm/data-engineer-batch-processing-financial-services/.venv/lib/python3.10/site-packages/airflow/example_dags/tutorial_taskflow_api.py
[2024-09-03T11:53:02.041+0000] {processor.py:836} INFO - DAG(s) dict_keys(['tutorial_taskflow_api']) retrieved from /home/airflow-vm/data-engineer-batch-processing-financial-services/.venv/lib/python3.10/site-packages/airflow/example_dags/tutorial_taskflow_api.py
[2024-09-03T11:53:02.058+0000] {logging_mixin.py:149} INFO - [2024-09-03T11:53:02.058+0000] {dag.py:2726} INFO - Sync 1 DAGs
[2024-09-03T11:53:02.079+0000] {logging_mixin.py:149} INFO - [2024-09-03T11:53:02.078+0000] {dag.py:3486} INFO - Setting next_dagrun for tutorial_taskflow_api to None, run_after=None
[2024-09-03T11:53:02.105+0000] {processor.py:179} INFO - Processing /home/airflow-vm/data-engineer-batch-processing-financial-services/.venv/lib/python3.10/site-packages/airflow/example_dags/tutorial_taskflow_api.py took 0.073 seconds
[2024-09-03T11:53:49.093+0000] {processor.py:157} INFO - Started process (PID=29898) to work on /home/airflow-vm/data-engineer-batch-processing-financial-services/.venv/lib/python3.10/site-packages/airflow/example_dags/tutorial_taskflow_api.py
[2024-09-03T11:53:49.094+0000] {processor.py:826} INFO - Processing file /home/airflow-vm/data-engineer-batch-processing-financial-services/.venv/lib/python3.10/site-packages/airflow/example_dags/tutorial_taskflow_api.py for tasks to queue
[2024-09-03T11:53:49.095+0000] {logging_mixin.py:149} INFO - [2024-09-03T11:53:49.095+0000] {dagbag.py:541} INFO - Filling up the DagBag from /home/airflow-vm/data-engineer-batch-processing-financial-services/.venv/lib/python3.10/site-packages/airflow/example_dags/tutorial_taskflow_api.py
[2024-09-03T11:53:49.100+0000] {processor.py:836} INFO - DAG(s) dict_keys(['tutorial_taskflow_api']) retrieved from /home/airflow-vm/data-engineer-batch-processing-financial-services/.venv/lib/python3.10/site-packages/airflow/example_dags/tutorial_taskflow_api.py
[2024-09-03T11:53:49.118+0000] {logging_mixin.py:149} INFO - [2024-09-03T11:53:49.118+0000] {dag.py:2726} INFO - Sync 1 DAGs
[2024-09-03T11:53:49.139+0000] {logging_mixin.py:149} INFO - [2024-09-03T11:53:49.139+0000] {dag.py:3486} INFO - Setting next_dagrun for tutorial_taskflow_api to None, run_after=None
[2024-09-03T11:53:49.172+0000] {processor.py:179} INFO - Processing /home/airflow-vm/data-engineer-batch-processing-financial-services/.venv/lib/python3.10/site-packages/airflow/example_dags/tutorial_taskflow_api.py took 0.081 seconds
[2024-09-03T11:54:38.168+0000] {processor.py:157} INFO - Started process (PID=29948) to work on /home/airflow-vm/data-engineer-batch-processing-financial-services/.venv/lib/python3.10/site-packages/airflow/example_dags/tutorial_taskflow_api.py
[2024-09-03T11:54:38.169+0000] {processor.py:826} INFO - Processing file /home/airflow-vm/data-engineer-batch-processing-financial-services/.venv/lib/python3.10/site-packages/airflow/example_dags/tutorial_taskflow_api.py for tasks to queue
[2024-09-03T11:54:38.170+0000] {logging_mixin.py:149} INFO - [2024-09-03T11:54:38.170+0000] {dagbag.py:541} INFO - Filling up the DagBag from /home/airflow-vm/data-engineer-batch-processing-financial-services/.venv/lib/python3.10/site-packages/airflow/example_dags/tutorial_taskflow_api.py
[2024-09-03T11:54:38.176+0000] {processor.py:836} INFO - DAG(s) dict_keys(['tutorial_taskflow_api']) retrieved from /home/airflow-vm/data-engineer-batch-processing-financial-services/.venv/lib/python3.10/site-packages/airflow/example_dags/tutorial_taskflow_api.py
[2024-09-03T11:54:38.194+0000] {logging_mixin.py:149} INFO - [2024-09-03T11:54:38.194+0000] {dag.py:2726} INFO - Sync 1 DAGs
[2024-09-03T11:54:38.214+0000] {logging_mixin.py:149} INFO - [2024-09-03T11:54:38.214+0000] {dag.py:3486} INFO - Setting next_dagrun for tutorial_taskflow_api to None, run_after=None
[2024-09-03T11:54:38.243+0000] {processor.py:179} INFO - Processing /home/airflow-vm/data-engineer-batch-processing-financial-services/.venv/lib/python3.10/site-packages/airflow/example_dags/tutorial_taskflow_api.py took 0.077 seconds
[2024-09-03T11:55:23.221+0000] {processor.py:157} INFO - Started process (PID=30002) to work on /home/airflow-vm/data-engineer-batch-processing-financial-services/.venv/lib/python3.10/site-packages/airflow/example_dags/tutorial_taskflow_api.py
[2024-09-03T11:55:23.222+0000] {processor.py:826} INFO - Processing file /home/airflow-vm/data-engineer-batch-processing-financial-services/.venv/lib/python3.10/site-packages/airflow/example_dags/tutorial_taskflow_api.py for tasks to queue
[2024-09-03T11:55:23.222+0000] {logging_mixin.py:149} INFO - [2024-09-03T11:55:23.222+0000] {dagbag.py:541} INFO - Filling up the DagBag from /home/airflow-vm/data-engineer-batch-processing-financial-services/.venv/lib/python3.10/site-packages/airflow/example_dags/tutorial_taskflow_api.py
[2024-09-03T11:55:23.228+0000] {processor.py:836} INFO - DAG(s) dict_keys(['tutorial_taskflow_api']) retrieved from /home/airflow-vm/data-engineer-batch-processing-financial-services/.venv/lib/python3.10/site-packages/airflow/example_dags/tutorial_taskflow_api.py
[2024-09-03T11:55:23.245+0000] {logging_mixin.py:149} INFO - [2024-09-03T11:55:23.245+0000] {dag.py:2726} INFO - Sync 1 DAGs
[2024-09-03T11:55:23.265+0000] {logging_mixin.py:149} INFO - [2024-09-03T11:55:23.265+0000] {dag.py:3486} INFO - Setting next_dagrun for tutorial_taskflow_api to None, run_after=None
[2024-09-03T11:55:23.295+0000] {processor.py:179} INFO - Processing /home/airflow-vm/data-engineer-batch-processing-financial-services/.venv/lib/python3.10/site-packages/airflow/example_dags/tutorial_taskflow_api.py took 0.077 seconds
[2024-09-03T11:56:08.968+0000] {processor.py:157} INFO - Started process (PID=30051) to work on /home/airflow-vm/data-engineer-batch-processing-financial-services/.venv/lib/python3.10/site-packages/airflow/example_dags/tutorial_taskflow_api.py
[2024-09-03T11:56:08.969+0000] {processor.py:826} INFO - Processing file /home/airflow-vm/data-engineer-batch-processing-financial-services/.venv/lib/python3.10/site-packages/airflow/example_dags/tutorial_taskflow_api.py for tasks to queue
[2024-09-03T11:56:08.969+0000] {logging_mixin.py:149} INFO - [2024-09-03T11:56:08.969+0000] {dagbag.py:541} INFO - Filling up the DagBag from /home/airflow-vm/data-engineer-batch-processing-financial-services/.venv/lib/python3.10/site-packages/airflow/example_dags/tutorial_taskflow_api.py
[2024-09-03T11:56:08.975+0000] {processor.py:836} INFO - DAG(s) dict_keys(['tutorial_taskflow_api']) retrieved from /home/airflow-vm/data-engineer-batch-processing-financial-services/.venv/lib/python3.10/site-packages/airflow/example_dags/tutorial_taskflow_api.py
[2024-09-03T11:56:08.992+0000] {logging_mixin.py:149} INFO - [2024-09-03T11:56:08.992+0000] {dag.py:2726} INFO - Sync 1 DAGs
[2024-09-03T11:56:09.010+0000] {logging_mixin.py:149} INFO - [2024-09-03T11:56:09.009+0000] {dag.py:3486} INFO - Setting next_dagrun for tutorial_taskflow_api to None, run_after=None
[2024-09-03T11:56:09.036+0000] {processor.py:179} INFO - Processing /home/airflow-vm/data-engineer-batch-processing-financial-services/.venv/lib/python3.10/site-packages/airflow/example_dags/tutorial_taskflow_api.py took 0.071 seconds
